エホアシュ	名詞,一般,*,*,*,*,*
は	助詞,係助詞,*,*,*,*,は,ハ,ワ
治め	動詞,自立,*,*,一段,連用形,治める,オサメ,オサメ
はじめ	動詞,非自立,*,*,一段,連用形,はじめる,ハジメ,ハジメ
た	助動詞,*,*,*,特殊・タ,基本形,た,タ,タ
とき	名詞,非自立,副詞可能,*,*,*,とき,トキ,トキ
，	記号,読点,*,*,*,*,，,，,，
七	名詞,数,*,*,*,*,七,ナナ,ナナ
歳	名詞,接尾,助数詞,*,*,*,歳,サイ,サイ
で	助動詞,*,*,*,特殊・ダ,連用形,だ,デ,デ
，	記号,読点,*,*,*,*,，,，,，
エルサレム	名詞,固有名詞,地域,一般,*,*,エルサレム,エルサレム,エルサレム
で	助詞,格助詞,一般,*,*,*,で,デ,デ
四	名詞,数,*,*,*,*,四,ヨン,ヨン
十	名詞,数,*,*,*,*,十,ジュウ,ジュー
年間	名詞,接尾,助数詞,*,*,*,年間,ネンカン,ネンカン
治め	動詞,自立,*,*,一段,連用形,治める,オサメ,オサメ
た	助動詞,*,*,*,特殊・タ,基本形,た,タ,タ
。	記号,句点,*,*,*,*,。,。,。
そして	接続詞,*,*,*,*,*,そして,ソシテ,ソシテ
彼	名詞,代名詞,一般,*,*,*,彼,カレ,カレ
の	助詞,連体化,*,*,*,*,の,ノ,ノ
母	名詞,一般,*,*,*,*,母,ハハ,ハハ
の	助詞,連体化,*,*,*,*,の,ノ,ノ
名	名詞,一般,*,*,*,*,名,ナ,ナ
は	助詞,係助詞,*,*,*,*,は,ハ,ワ
ツィブヤ	名詞,一般,*,*,*,*,*
と	助詞,格助詞,引用,*,*,*,と,ト,ト
いっ	動詞,自立,*,*,五段・ワ行促音便,連用タ接続,いう,イッ,イッ
て	助詞,接続助詞,*,*,*,*,て,テ,テ
，	記号,読点,*,*,*,*,，,，,，
ベエル	名詞,一般,*,*,*,*,*
･	名詞,サ変接続,*,*,*,*,*
シェバ	名詞,一般,*,*,*,*,*
の	助詞,連体化,*,*,*,*,の,ノ,ノ
出身	名詞,一般,*,*,*,*,出身,シュッシン,シュッシン
で	助動詞,*,*,*,特殊・ダ,連用形,だ,デ,デ
あっ	助動詞,*,*,*,五段・ラ行アル,連用タ接続,ある,アッ,アッ
た	助動詞,*,*,*,特殊・タ,基本形,た,タ,タ
。	記号,句点,*,*,*,*,。,。,。
そして	接続詞,*,*,*,*,*,そして,ソシテ,ソシテ
エホアシュ	名詞,一般,*,*,*,*,*
は	助詞,係助詞,*,*,*,*,は,ハ,ワ
祭司	名詞,一般,*,*,*,*,祭司,サイシ,サイシ
エホヤダ	名詞,一般,*,*,*,*,*
の	助詞,連体化,*,*,*,*,の,ノ,ノ
時代	名詞,一般,*,*,*,*,時代,ジダイ,ジダイ
中	名詞,接尾,副詞可能,*,*,*,中,チュウ,チュー
ずっと	副詞,一般,*,*,*,*,ずっと,ズット,ズット
，	記号,読点,*,*,*,*,，,，,，
エホバ	名詞,一般,*,*,*,*,エホバ,エホバ,エホバ
の	助詞,連体化,*,*,*,*,の,ノ,ノ
目	名詞,一般,*,*,*,*,目,メ,メ
に	助詞,格助詞,一般,*,*,*,に,ニ,ニ
正しい	形容詞,自立,*,*,形容詞・イ段,基本形,正しい,タダシイ,タダシイ
こと	名詞,非自立,一般,*,*,*,こと,コト,コト
を	助詞,格助詞,一般,*,*,*,を,ヲ,ヲ
行ない	動詞,自立,*,*,五段・ワ行促音便,連用形,行なう,オコナイ,オコナイ
続け	動詞,非自立,*,*,一段,連用形,続ける,ツヅケ,ツズケ
た	助動詞,*,*,*,特殊・タ,基本形,た,タ,タ
。	記号,句点,*,*,*,*,。,。,。
そして	接続詞,*,*,*,*,*,そして,ソシテ,ソシテ
エホヤダ	名詞,一般,*,*,*,*,*
は	助詞,係助詞,*,*,*,*,は,ハ,ワ
彼	名詞,代名詞,一般,*,*,*,彼,カレ,カレ
の	助詞,連体化,*,*,*,*,の,ノ,ノ
ため	名詞,非自立,副詞可能,*,*,*,ため,タメ,タメ
に	助詞,格助詞,一般,*,*,*,に,ニ,ニ
二	名詞,数,*,*,*,*,二,ニ,ニ
人	名詞,接尾,助数詞,*,*,*,人,ニン,ニン
の	助詞,連体化,*,*,*,*,の,ノ,ノ
妻	名詞,一般,*,*,*,*,妻,ツマ,ツマ
を	助詞,格助詞,一般,*,*,*,を,ヲ,ヲ
得	動詞,自立,*,*,一段,未然形,得る,エ,エ
させ	動詞,接尾,*,*,一段,連用形,させる,サセ,サセ
，	記号,読点,*,*,*,*,，,，,，
彼	名詞,代名詞,一般,*,*,*,彼,カレ,カレ
は	助詞,係助詞,*,*,*,*,は,ハ,ワ
息子	名詞,一般,*,*,*,*,息子,ムスコ,ムスコ
や	助詞,並立助詞,*,*,*,*,や,ヤ,ヤ
娘	名詞,一般,*,*,*,*,娘,ムスメ,ムスメ
たち	名詞,接尾,一般,*,*,*,たち,タチ,タチ
の	助詞,連体化,*,*,*,*,の,ノ,ノ
父	名詞,一般,*,*,*,*,父,チチ,チチ
と	助詞,格助詞,一般,*,*,*,と,ト,ト
なっ	動詞,自立,*,*,五段・ラ行,連用タ接続,なる,ナッ,ナッ
た	助動詞,*,*,*,特殊・タ,基本形,た,タ,タ
。	記号,句点,*,*,*,*,。,。,。
さて	接続詞,*,*,*,*,*,さて,サテ,サテ
，	記号,読点,*,*,*,*,，,，,，
その後	名詞,副詞可能,*,*,*,*,その後,ソノゴ,ソノゴ
，	記号,読点,*,*,*,*,，,，,，
エホバ	名詞,一般,*,*,*,*,エホバ,エホバ,エホバ
の	助詞,連体化,*,*,*,*,の,ノ,ノ
家	名詞,一般,*,*,*,*,家,イエ,イエ
を	助詞,格助詞,一般,*,*,*,を,ヲ,ヲ
修復	名詞,サ変接続,*,*,*,*,修復,シュウフク,シューフク
する	動詞,自立,*,*,サ変・スル,基本形,する,スル,スル
こと	名詞,非自立,一般,*,*,*,こと,コト,コト
が	助詞,格助詞,一般,*,*,*,が,ガ,ガ
エホアシュ	名詞,一般,*,*,*,*,*
の	助詞,連体化,*,*,*,*,の,ノ,ノ
心	名詞,一般,*,*,*,*,心,ココロ,ココロ
に	助詞,格助詞,一般,*,*,*,に,ニ,ニ
掛かっ	動詞,自立,*,*,五段・ラ行,連用タ接続,掛かる,カカッ,カカッ
た	助動詞,*,*,*,特殊・タ,基本形,た,タ,タ
の	名詞,非自立,一般,*,*,*,の,ノ,ノ
で	助動詞,*,*,*,特殊・ダ,連用形,だ,デ,デ
ある	助動詞,*,*,*,五段・ラ行アル,基本形,ある,アル,アル
。	記号,句点,*,*,*,*,。,。,。
それ	名詞,代名詞,一般,*,*,*,それ,ソレ,ソレ
ゆえ	名詞,接尾,一般,*,*,*,ゆえ,ユエ,ユエ
彼	名詞,代名詞,一般,*,*,*,彼,カレ,カレ
は	助詞,係助詞,*,*,*,*,は,ハ,ワ
祭司	名詞,一般,*,*,*,*,祭司,サイシ,サイシ
と	助詞,並立助詞,*,*,*,*,と,ト,ト
レビ	名詞,固有名詞,人名,姓,*,*,レビ,レビ,レビ
人	名詞,接尾,一般,*,*,*,人,ジン,ジン
を	助詞,格助詞,一般,*,*,*,を,ヲ,ヲ
集め	動詞,自立,*,*,一段,連用形,集める,アツメ,アツメ
て	助詞,接続助詞,*,*,*,*,て,テ,テ
，	記号,読点,*,*,*,*,，,，,，
彼ら	名詞,代名詞,一般,*,*,*,彼ら,カレラ,カレラ
に	助詞,格助詞,一般,*,*,*,に,ニ,ニ
言っ	動詞,自立,*,*,五段・ワ行促音便,連用タ接続,言う,イッ,イッ
た	助動詞,*,*,*,特殊・タ,基本形,た,タ,タ
，	記号,読点,*,*,*,*,，,，,，
「	記号,括弧開,*,*,*,*,「,「,「
ユダ	名詞,一般,*,*,*,*,*
の	助詞,連体化,*,*,*,*,の,ノ,ノ
諸	接頭詞,名詞接続,*,*,*,*,諸,ショ,ショ
都市	名詞,一般,*,*,*,*,都市,トシ,トシ
へ	助詞,格助詞,一般,*,*,*,へ,ヘ,エ
出	動詞,自立,*,*,一段,連用形,出る,デ,デ
て	助詞,接続助詞,*,*,*,*,て,テ,テ
行き	動詞,非自立,*,*,五段・カ行促音便,連用形,行く,イキ,イキ
，	名詞,数,*,*,*,*,，,，,，
年	名詞,接尾,助数詞,*,*,*,年,ネン,ネン
ごと	名詞,接尾,一般,*,*,*,ごと,ゴト,ゴト
に	助詞,格助詞,一般,*,*,*,に,ニ,ニ
あなた	名詞,代名詞,一般,*,*,*,あなた,アナタ,アナタ
方	名詞,接尾,一般,*,*,*,方,カタ,カタ
の	助詞,連体化,*,*,*,*,の,ノ,ノ
神	名詞,一般,*,*,*,*,神,カミ,カミ
の	助詞,連体化,*,*,*,*,の,ノ,ノ
家	名詞,一般,*,*,*,*,家,イエ,イエ
を	助詞,格助詞,一般,*,*,*,を,ヲ,ヲ
修理	名詞,サ変接続,*,*,*,*,修理,シュウリ,シューリ
する	動詞,自立,*,*,サ変・スル,基本形,する,スル,スル
ため	名詞,非自立,副詞可能,*,*,*,ため,タメ,タメ
全	接頭詞,名詞接続,*,*,*,*,全,ゼン,ゼン
イスラエル	名詞,固有名詞,地域,国,*,*,イスラエル,イスラエル,イスラエル
から	助詞,格助詞,一般,*,*,*,から,カラ,カラ
金	名詞,一般,*,*,*,*,金,キン,キン
を	助詞,格助詞,一般,*,*,*,を,ヲ,ヲ
集め	動詞,自立,*,*,一段,連用形,集める,アツメ,アツメ
なさい	動詞,非自立,*,*,五段・ラ行特殊,命令ｉ,なさる,ナサイ,ナサイ
。	記号,句点,*,*,*,*,。,。,。
あなた	名詞,代名詞,一般,*,*,*,あなた,アナタ,アナタ
方	名詞,接尾,一般,*,*,*,方,カタ,カタ
は	助詞,係助詞,*,*,*,*,は,ハ,ワ
，	記号,読点,*,*,*,*,，,，,，
この	連体詞,*,*,*,*,*,この,コノ,コノ
事	名詞,非自立,一般,*,*,*,事,コト,コト
で	助詞,格助詞,一般,*,*,*,で,デ,デ
急い	動詞,自立,*,*,五段・ガ行,連用タ接続,急ぐ,イソイ,イソイ
で	助詞,接続助詞,*,*,*,*,で,デ,デ
行なう	動詞,自立,*,*,五段・ワ行促音便,基本形,行なう,オコナウ,オコナウ
べき	助動詞,*,*,*,文語・ベシ,体言接続,べし,ベキ,ベキ
で	助動詞,*,*,*,特殊・ダ,連用形,だ,デ,デ
ある	助動詞,*,*,*,五段・ラ行アル,基本形,ある,アル,アル
」	記号,括弧閉,*,*,*,*,」,」,」
。	記号,句点,*,*,*,*,。,。,。
ところが	接続詞,*,*,*,*,*,ところが,トコロガ,トコロガ
，	記号,読点,*,*,*,*,，,，,，
レビ	名詞,固有名詞,人名,姓,*,*,レビ,レビ,レビ
人	名詞,接尾,一般,*,*,*,人,ジン,ジン
は	助詞,係助詞,*,*,*,*,は,ハ,ワ
急い	動詞,自立,*,*,五段・ガ行,連用タ接続,急ぐ,イソイ,イソイ
で	助詞,接続助詞,*,*,*,*,で,デ,デ
行なわ	動詞,自立,*,*,五段・ワ行促音便,未然形,行なう,オコナワ,オコナワ
なかっ	助動詞,*,*,*,特殊・ナイ,連用タ接続,ない,ナカッ,ナカッ
た	助動詞,*,*,*,特殊・タ,基本形,た,タ,タ
。	記号,句点,*,*,*,*,。,。,。
それで	接続詞,*,*,*,*,*,それで,ソレデ,ソレデ
王	名詞,一般,*,*,*,*,王,オウ,オー
は	助詞,係助詞,*,*,*,*,は,ハ,ワ
頭	名詞,一般,*,*,*,*,頭,アタマ,アタマ
エホヤダ	名詞,一般,*,*,*,*,*
を	助詞,格助詞,一般,*,*,*,を,ヲ,ヲ
呼ん	動詞,自立,*,*,五段・バ行,連用タ接続,呼ぶ,ヨン,ヨン
で	助詞,接続助詞,*,*,*,*,で,デ,デ
，	記号,読点,*,*,*,*,，,，,，
彼	名詞,代名詞,一般,*,*,*,彼,カレ,カレ
に	助詞,格助詞,一般,*,*,*,に,ニ,ニ
言っ	動詞,自立,*,*,五段・ワ行促音便,連用タ接続,言う,イッ,イッ
た	助動詞,*,*,*,特殊・タ,基本形,た,タ,タ
，	記号,読点,*,*,*,*,，,，,，
「	記号,括弧開,*,*,*,*,「,「,「
証	名詞,一般,*,*,*,*,証,アカシ,アカシ
の	助詞,連体化,*,*,*,*,の,ノ,ノ
天幕	名詞,一般,*,*,*,*,天幕,テンマク,テンマク
の	助詞,連体化,*,*,*,*,の,ノ,ノ
ため	名詞,非自立,副詞可能,*,*,*,ため,タメ,タメ
に	助詞,格助詞,一般,*,*,*,に,ニ,ニ
，	記号,読点,*,*,*,*,，,，,，
エホバ	名詞,一般,*,*,*,*,エホバ,エホバ,エホバ
の	助詞,連体化,*,*,*,*,の,ノ,ノ
僕	名詞,代名詞,一般,*,*,*,僕,ボク,ボク
モーセ	名詞,一般,*,*,*,*,*
により	助詞,格助詞,連語,*,*,*,により,ニヨリ,ニヨリ
命じ	動詞,自立,*,*,一段,未然形,命じる,メイジ,メイジ
られ	動詞,接尾,*,*,一段,連用形,られる,ラレ,ラレ
た	助動詞,*,*,*,特殊・タ,基本形,た,タ,タ
聖なる	連体詞,*,*,*,*,*,聖なる,セイナル,セイナル
税金	名詞,一般,*,*,*,*,税金,ゼイキン,ゼイキン
，	記号,読点,*,*,*,*,，,，,，
すなわち	接続詞,*,*,*,*,*,すなわち,スナワチ,スナワチ
イスラエル	名詞,固有名詞,地域,国,*,*,イスラエル,イスラエル,イスラエル
の	助詞,連体化,*,*,*,*,の,ノ,ノ
会衆	名詞,一般,*,*,*,*,会衆,カイシュウ,カイシュー
の	助詞,連体化,*,*,*,*,の,ノ,ノ
[	名詞,サ変接続,*,*,*,*,*
税金	名詞,一般,*,*,*,*,税金,ゼイキン,ゼイキン
]	名詞,サ変接続,*,*,*,*,*
を	助詞,格助詞,一般,*,*,*,を,ヲ,ヲ
ユダ	名詞,一般,*,*,*,*,*
と	助詞,並立助詞,*,*,*,*,と,ト,ト
エルサレム	名詞,固有名詞,地域,一般,*,*,エルサレム,エルサレム,エルサレム
から	助詞,格助詞,一般,*,*,*,から,カラ,カラ
持っ	動詞,自立,*,*,五段・タ行,連用タ接続,持つ,モッ,モッ
て	助詞,接続助詞,*,*,*,*,て,テ,テ
来る	動詞,非自立,*,*,カ変・来ル,基本形,来る,クル,クル
こと	名詞,非自立,一般,*,*,*,こと,コト,コト
で	助動詞,*,*,*,特殊・ダ,連用形,だ,デ,デ
，	記号,読点,*,*,*,*,，,，,，
あなた	名詞,代名詞,一般,*,*,*,あなた,アナタ,アナタ
が	助詞,格助詞,一般,*,*,*,が,ガ,ガ
レビ	名詞,固有名詞,人名,姓,*,*,レビ,レビ,レビ
人	名詞,接尾,一般,*,*,*,人,ジン,ジン
に	助詞,格助詞,一般,*,*,*,に,ニ,ニ
釈明	名詞,サ変接続,*,*,*,*,釈明,シャクメイ,シャクメイ
を	助詞,格助詞,一般,*,*,*,を,ヲ,ヲ
求め	動詞,自立,*,*,一段,未然形,求める,モトメ,モトメ
なかっ	助動詞,*,*,*,特殊・ナイ,連用タ接続,ない,ナカッ,ナカッ
た	助動詞,*,*,*,特殊・タ,基本形,た,タ,タ
の	名詞,非自立,一般,*,*,*,の,ノ,ノ
は	助詞,係助詞,*,*,*,*,は,ハ,ワ
，	記号,読点,*,*,*,*,，,，,，
どういう	連体詞,*,*,*,*,*,どういう,ドウイウ,ドーユウ
訳	名詞,非自立,一般,*,*,*,訳,ワケ,ワケ
です	助動詞,*,*,*,特殊・デス,基本形,です,デス,デス
か	助詞,副助詞／並立助詞／終助詞,*,*,*,*,か,カ,カ
。	記号,句点,*,*,*,*,。,。,。
という	助詞,格助詞,連語,*,*,*,という,トイウ,トユウ
の	名詞,非自立,一般,*,*,*,の,ノ,ノ
は	助詞,係助詞,*,*,*,*,は,ハ,ワ
，	記号,読点,*,*,*,*,，,，,，
かの	連体詞,*,*,*,*,*,かの,カノ,カノ
邪悪	名詞,形容動詞語幹,*,*,*,*,邪悪,ジャアク,ジャアク
な	助動詞,*,*,*,特殊・ダ,体言接続,だ,ナ,ナ
女	接頭詞,名詞接続,*,*,*,*,女,ジョ,ジョ
アタリヤ	名詞,一般,*,*,*,*,*
に関して	助詞,格助詞,連語,*,*,*,に関して,ニカンシテ,ニカンシテ
は	助詞,係助詞,*,*,*,*,は,ハ,ワ
，	記号,読点,*,*,*,*,，,，,，
その	連体詞,*,*,*,*,*,その,ソノ,ソノ
子	名詞,一般,*,*,*,*,子,コ,コ
ら	名詞,接尾,一般,*,*,*,ら,ラ,ラ
が	助詞,格助詞,一般,*,*,*,が,ガ,ガ
[	名詞,サ変接続,*,*,*,*,*
ま	フィラー,*,*,*,*,*,ま,マ,マ
こと	名詞,非自立,一般,*,*,*,こと,コト,コト
の	助詞,連体化,*,*,*,*,の,ノ,ノ
]	名詞,サ変接続,*,*,*,*,*
神	名詞,接尾,一般,*,*,*,神,シン,シン
の	助詞,連体化,*,*,*,*,の,ノ,ノ
家	名詞,一般,*,*,*,*,家,イエ,イエ
に	助詞,格助詞,一般,*,*,*,に,ニ,ニ
押し入り	動詞,自立,*,*,五段・ラ行,連用形,押し入る,オシイリ,オシイリ
，	記号,読点,*,*,*,*,，,，,，
エホバ	名詞,一般,*,*,*,*,エホバ,エホバ,エホバ
の	助詞,連体化,*,*,*,*,の,ノ,ノ
家	名詞,一般,*,*,*,*,家,イエ,イエ
の	助詞,連体化,*,*,*,*,の,ノ,ノ
聖なる	連体詞,*,*,*,*,*,聖なる,セイナル,セイナル
もの	名詞,非自立,一般,*,*,*,もの,モノ,モノ
を	助詞,格助詞,一般,*,*,*,を,ヲ,ヲ
もみ	名詞,一般,*,*,*,*,もみ,モミ,モミ
な	助動詞,*,*,*,特殊・ダ,体言接続,だ,ナ,ナ
バアル	名詞,一般,*,*,*,*,*
に	助詞,格助詞,一般,*,*,*,に,ニ,ニ
供え	動詞,自立,*,*,一段,連用形,供える,ソナエ,ソナエ
た	助動詞,*,*,*,特殊・タ,基本形,た,タ,タ
から	助詞,接続助詞,*,*,*,*,から,カラ,カラ
です	助動詞,*,*,*,特殊・デス,基本形,です,デス,デス
」	記号,括弧閉,*,*,*,*,」,」,」
。	記号,句点,*,*,*,*,。,。,。
そこで	接続詞,*,*,*,*,*,そこで,ソコデ,ソコデ
王	名詞,一般,*,*,*,*,王,オウ,オー
が	助詞,格助詞,一般,*,*,*,が,ガ,ガ
[	名詞,サ変接続,*,*,*,*,*
命令	名詞,サ変接続,*,*,*,*,命令,メイレイ,メイレイ
]	名詞,サ変接続,*,*,*,*,*
を	助詞,格助詞,一般,*,*,*,を,ヲ,ヲ
下す	動詞,自立,*,*,五段・サ行,基本形,下す,クダス,クダス
と	助詞,接続助詞,*,*,*,*,と,ト,ト
，	記号,読点,*,*,*,*,，,，,，
彼ら	名詞,代名詞,一般,*,*,*,彼ら,カレラ,カレラ
は	助詞,係助詞,*,*,*,*,は,ハ,ワ
ひとつ	名詞,副詞可能,*,*,*,*,ひとつ,ヒトツ,ヒトツ
の	助詞,連体化,*,*,*,*,の,ノ,ノ
大箱	名詞,固有名詞,人名,姓,*,*,大箱,オオバコ,オーバコ
を	助詞,格助詞,一般,*,*,*,を,ヲ,ヲ
造り	動詞,自立,*,*,五段・ラ行,連用形,造る,ツクリ,ツクリ
，	記号,読点,*,*,*,*,，,，,，
それ	名詞,代名詞,一般,*,*,*,それ,ソレ,ソレ
を	助詞,格助詞,一般,*,*,*,を,ヲ,ヲ
エホバ	名詞,一般,*,*,*,*,エホバ,エホバ,エホバ
の	助詞,連体化,*,*,*,*,の,ノ,ノ
家	名詞,一般,*,*,*,*,家,イエ,イエ
の	助詞,連体化,*,*,*,*,の,ノ,ノ
門	名詞,一般,*,*,*,*,門,モン,モン
の	助詞,連体化,*,*,*,*,の,ノ,ノ
外	名詞,一般,*,*,*,*,外,ソト,ソト
に	助詞,格助詞,一般,*,*,*,に,ニ,ニ
置い	動詞,自立,*,*,五段・カ行イ音便,連用タ接続,置く,オイ,オイ
た	助動詞,*,*,*,特殊・タ,基本形,た,タ,タ
。	記号,句点,*,*,*,*,。,。,。
その後	名詞,副詞可能,*,*,*,*,その後,ソノゴ,ソノゴ
，	記号,読点,*,*,*,*,，,，,，
[	名詞,サ変接続,*,*,*,*,*
ま	フィラー,*,*,*,*,*,ま,マ,マ
こと	名詞,非自立,一般,*,*,*,こと,コト,コト
の	助詞,連体化,*,*,*,*,の,ノ,ノ
]	名詞,サ変接続,*,*,*,*,*
神	名詞,接尾,一般,*,*,*,神,シン,シン
の	助詞,連体化,*,*,*,*,の,ノ,ノ
僕	名詞,代名詞,一般,*,*,*,僕,ボク,ボク
モーセ	名詞,一般,*,*,*,*,*
により	助詞,格助詞,連語,*,*,*,により,ニヨリ,ニヨリ
荒野	名詞,一般,*,*,*,*,荒野,アラノ,アラノ
で	助詞,格助詞,一般,*,*,*,で,デ,デ
イスラエル	名詞,固有名詞,地域,国,*,*,イスラエル,イスラエル,イスラエル
に	助詞,格助詞,一般,*,*,*,に,ニ,ニ
命じ	動詞,自立,*,*,一段,未然形,命じる,メイジ,メイジ
られ	動詞,接尾,*,*,一段,連用形,られる,ラレ,ラレ
た	助動詞,*,*,*,特殊・タ,基本形,た,タ,タ
聖なる	連体詞,*,*,*,*,*,聖なる,セイナル,セイナル
税金	名詞,一般,*,*,*,*,税金,ゼイキン,ゼイキン
を	助詞,格助詞,一般,*,*,*,を,ヲ,ヲ
エホバ	名詞,一般,*,*,*,*,エホバ,エホバ,エホバ
の	助詞,連体化,*,*,*,*,の,ノ,ノ
もと	名詞,非自立,一般,*,*,*,もと,モト,モト
に	助詞,格助詞,一般,*,*,*,に,ニ,ニ
持っ	動詞,自立,*,*,五段・タ行,連用タ接続,持つ,モッ,モッ
て	助詞,接続助詞,*,*,*,*,て,テ,テ
来る	動詞,非自立,*,*,カ変・来ル,基本形,来る,クル,クル
よう	名詞,非自立,助動詞語幹,*,*,*,よう,ヨウ,ヨー
に	助詞,副詞化,*,*,*,*,に,ニ,ニ
，	記号,読点,*,*,*,*,，,，,，
彼ら	名詞,代名詞,一般,*,*,*,彼ら,カレラ,カレラ
は	助詞,係助詞,*,*,*,*,は,ハ,ワ
ユダ	名詞,一般,*,*,*,*,*
と	助詞,並立助詞,*,*,*,*,と,ト,ト
エルサレム	名詞,固有名詞,地域,一般,*,*,エルサレム,エルサレム,エルサレム
の	助詞,連体化,*,*,*,*,の,ノ,ノ
至る	動詞,自立,*,*,五段・ラ行,基本形,至る,イタル,イタル
所	名詞,非自立,副詞可能,*,*,*,所,トコロ,トコロ
に	助詞,格助詞,一般,*,*,*,に,ニ,ニ
お触れ	名詞,一般,*,*,*,*,お触れ,オフレ,オフレ
を	助詞,格助詞,一般,*,*,*,を,ヲ,ヲ
出し	動詞,自立,*,*,五段・サ行,連用形,出す,ダシ,ダシ
た	助動詞,*,*,*,特殊・タ,基本形,た,タ,タ
。	記号,句点,*,*,*,*,。,。,。
する	動詞,自立,*,*,サ変・スル,基本形,する,スル,スル
と	助詞,接続助詞,*,*,*,*,と,ト,ト
，	記号,読点,*,*,*,*,，,，,，
すべて	名詞,副詞可能,*,*,*,*,すべて,スベテ,スベテ
の	助詞,連体化,*,*,*,*,の,ノ,ノ
君たち	名詞,代名詞,一般,*,*,*,君たち,キミタチ,キミタチ
，	記号,読点,*,*,*,*,，,，,，
および	接続詞,*,*,*,*,*,および,オヨビ,オヨビ
すべて	名詞,副詞可能,*,*,*,*,すべて,スベテ,スベテ
の	助詞,連体化,*,*,*,*,の,ノ,ノ
民	名詞,一般,*,*,*,*,民,ミン,ミン
は	助詞,係助詞,*,*,*,*,は,ハ,ワ
歓ぶ	動詞,自立,*,*,五段・バ行,基本形,歓ぶ,ヨロコブ,ヨロコブ
よう	名詞,非自立,助動詞語幹,*,*,*,よう,ヨウ,ヨー
に	助詞,格助詞,一般,*,*,*,に,ニ,ニ
なり	動詞,自立,*,*,五段・ラ行,連用形,なる,ナリ,ナリ
，	記号,読点,*,*,*,*,，,，,，
彼ら	名詞,代名詞,一般,*,*,*,彼ら,カレラ,カレラ
は	助詞,係助詞,*,*,*,*,は,ハ,ワ
それ	名詞,代名詞,一般,*,*,*,それ,ソレ,ソレ
を	助詞,格助詞,一般,*,*,*,を,ヲ,ヲ
持っ	動詞,自立,*,*,五段・タ行,連用タ接続,持つ,モッ,モッ
て	助詞,接続助詞,*,*,*,*,て,テ,テ
来	動詞,非自立,*,*,カ変・来ル,連用形,来る,キ,キ
て	助詞,接続助詞,*,*,*,*,て,テ,テ
は	助詞,係助詞,*,*,*,*,は,ハ,ワ
大箱	名詞,固有名詞,人名,姓,*,*,大箱,オオバコ,オーバコ
に	助詞,格助詞,一般,*,*,*,に,ニ,ニ
投げ入れ	動詞,自立,*,*,一段,連用形,投げ入れる,ナゲイレ,ナゲイレ
た	助動詞,*,*,*,特殊・タ,基本形,た,タ,タ
ので	助詞,接続助詞,*,*,*,*,ので,ノデ,ノデ
，	記号,読点,*,*,*,*,，,，,，
ついに	副詞,一般,*,*,*,*,ついに,ツイニ,ツイニ
彼ら	名詞,代名詞,一般,*,*,*,彼ら,カレラ,カレラ
は	助詞,係助詞,*,*,*,*,は,ハ,ワ
みな	名詞,代名詞,一般,*,*,*,みな,ミナ,ミナ
与え	動詞,自立,*,*,一段,連用形,与える,アタエ,アタエ
た	助動詞,*,*,*,特殊・タ,基本形,た,タ,タ
。	記号,句点,*,*,*,*,。,。,。
そして	接続詞,*,*,*,*,*,そして,ソシテ,ソシテ
，	記号,読点,*,*,*,*,，,，,，
しかるべき	連体詞,*,*,*,*,*,しかるべき,シカルベキ,シカルベキ
時	名詞,非自立,副詞可能,*,*,*,時,トキ,トキ
に	助詞,格助詞,一般,*,*,*,に,ニ,ニ
彼	名詞,代名詞,一般,*,*,*,彼,カレ,カレ
は	助詞,係助詞,*,*,*,*,は,ハ,ワ
その	連体詞,*,*,*,*,*,その,ソノ,ソノ
大箱	名詞,固有名詞,人名,姓,*,*,大箱,オオバコ,オーバコ
を	助詞,格助詞,一般,*,*,*,を,ヲ,ヲ
レビ	名詞,固有名詞,人名,姓,*,*,レビ,レビ,レビ
人	名詞,接尾,一般,*,*,*,人,ジン,ジン
の	助詞,連体化,*,*,*,*,の,ノ,ノ
手	名詞,一般,*,*,*,*,手,テ,テ
によって	助詞,格助詞,連語,*,*,*,によって,ニヨッテ,ニヨッテ
王	名詞,一般,*,*,*,*,王,オウ,オー
の	助詞,連体化,*,*,*,*,の,ノ,ノ
監督	名詞,サ変接続,*,*,*,*,監督,カントク,カントク
[	名詞,サ変接続,*,*,*,*,*
の	助詞,格助詞,一般,*,*,*,の,ノ,ノ
なさ	動詞,自立,*,*,五段・サ行,未然形,なす,ナサ,ナサ
れる	動詞,接尾,*,*,一段,基本形,れる,レル,レル
ところ	名詞,非自立,副詞可能,*,*,*,ところ,トコロ,トコロ
]	名詞,サ変接続,*,*,*,*,*
に	助詞,格助詞,一般,*,*,*,に,ニ,ニ
持っ	動詞,自立,*,*,五段・タ行,連用タ接続,持つ,モッ,モッ
て	助詞,接続助詞,*,*,*,*,て,テ,テ
来る	動詞,非自立,*,*,カ変・来ル,基本形,来る,クル,クル
の	名詞,非自立,一般,*,*,*,の,ノ,ノ
で	助動詞,*,*,*,特殊・ダ,連用形,だ,デ,デ
あっ	助動詞,*,*,*,五段・ラ行アル,連用タ接続,ある,アッ,アッ
た	助動詞,*,*,*,特殊・タ,基本形,た,タ,タ
が	助詞,接続助詞,*,*,*,*,が,ガ,ガ
，	記号,読点,*,*,*,*,，,，,，
彼ら	名詞,代名詞,一般,*,*,*,彼ら,カレラ,カレラ
が	助詞,格助詞,一般,*,*,*,が,ガ,ガ
たくさん	名詞,副詞可能,*,*,*,*,たくさん,タクサン,タクサン
の	助詞,連体化,*,*,*,*,の,ノ,ノ
金	名詞,一般,*,*,*,*,金,キン,キン
が	助詞,格助詞,一般,*,*,*,が,ガ,ガ
ある	動詞,自立,*,*,五段・ラ行,基本形,ある,アル,アル
の	名詞,非自立,一般,*,*,*,の,ノ,ノ
を	助詞,格助詞,一般,*,*,*,を,ヲ,ヲ
見る	動詞,自立,*,*,一段,基本形,見る,ミル,ミル
と	助詞,接続助詞,*,*,*,*,と,ト,ト
，	記号,読点,*,*,*,*,，,，,，
王	名詞,一般,*,*,*,*,王,オウ,オー
の	助詞,連体化,*,*,*,*,の,ノ,ノ
書記官	名詞,一般,*,*,*,*,書記官,ショキカン,ショキカン
と	助詞,並立助詞,*,*,*,*,と,ト,ト
祭司	名詞,一般,*,*,*,*,祭司,サイシ,サイシ
長	名詞,接尾,一般,*,*,*,長,チョウ,チョー
の	助詞,連体化,*,*,*,*,の,ノ,ノ
事務	名詞,一般,*,*,*,*,事務,ジム,ジム
官	名詞,接尾,一般,*,*,*,官,カン,カン
が	助詞,格助詞,一般,*,*,*,が,ガ,ガ
来	動詞,自立,*,*,カ変・来ル,連用形,来る,キ,キ
て	助詞,接続助詞,*,*,*,*,て,テ,テ
，	記号,読点,*,*,*,*,，,，,，
その	連体詞,*,*,*,*,*,その,ソノ,ソノ
大箱	名詞,固有名詞,人名,姓,*,*,大箱,オオバコ,オーバコ
を	助詞,格助詞,一般,*,*,*,を,ヲ,ヲ
空け	動詞,自立,*,*,一段,連用形,空ける,アケ,アケ
，	記号,読点,*,*,*,*,，,，,，
それ	名詞,代名詞,一般,*,*,*,それ,ソレ,ソレ
を	助詞,格助詞,一般,*,*,*,を,ヲ,ヲ
持ち上げ	動詞,自立,*,*,一段,連用形,持ち上げる,モチアゲ,モチアゲ
て	助詞,接続助詞,*,*,*,*,て,テ,テ
，	記号,読点,*,*,*,*,，,，,，
元	名詞,一般,*,*,*,*,元,モト,モト
の	助詞,連体化,*,*,*,*,の,ノ,ノ
場所	名詞,一般,*,*,*,*,場所,バショ,バショ
に	助詞,格助詞,一般,*,*,*,に,ニ,ニ
返し	動詞,自立,*,*,五段・サ行,連用形,返す,カエシ,カエシ
た	助動詞,*,*,*,特殊・タ,基本形,た,タ,タ
。	記号,句点,*,*,*,*,。,。,。
彼ら	名詞,代名詞,一般,*,*,*,彼ら,カレラ,カレラ
は	助詞,係助詞,*,*,*,*,は,ハ,ワ
日々	名詞,副詞可能,*,*,*,*,日々,ヒビ,ヒビ
この	連体詞,*,*,*,*,*,この,コノ,コノ
よう	名詞,非自立,助動詞語幹,*,*,*,よう,ヨウ,ヨー
に	助詞,格助詞,一般,*,*,*,に,ニ,ニ
し	動詞,自立,*,*,サ変・スル,連用形,する,シ,シ
た	助動詞,*,*,*,特殊・タ,基本形,た,タ,タ
ので	助詞,接続助詞,*,*,*,*,ので,ノデ,ノデ
，	記号,読点,*,*,*,*,，,，,，
金	名詞,一般,*,*,*,*,金,キン,キン
を	助詞,格助詞,一般,*,*,*,を,ヲ,ヲ
おびただしく	形容詞,自立,*,*,形容詞・イ段,連用テ接続,おびただしい,オビタダシク,オビタダシク
集め	動詞,自立,*,*,一段,連用形,集める,アツメ,アツメ
た	助動詞,*,*,*,特殊・タ,基本形,た,タ,タ
。	記号,句点,*,*,*,*,。,。,。
そこで	接続詞,*,*,*,*,*,そこで,ソコデ,ソコデ
，	記号,読点,*,*,*,*,，,，,，
王	名詞,一般,*,*,*,*,王,オウ,オー
と	助詞,並立助詞,*,*,*,*,と,ト,ト
エホヤダ	名詞,一般,*,*,*,*,*
は	助詞,係助詞,*,*,*,*,は,ハ,ワ
これ	名詞,代名詞,一般,*,*,*,これ,コレ,コレ
を	助詞,格助詞,一般,*,*,*,を,ヲ,ヲ
エホバ	名詞,一般,*,*,*,*,エホバ,エホバ,エホバ
の	助詞,連体化,*,*,*,*,の,ノ,ノ
家	名詞,一般,*,*,*,*,家,イエ,イエ
の	助詞,連体化,*,*,*,*,の,ノ,ノ
奉仕	名詞,サ変接続,*,*,*,*,奉仕,ホウシ,ホーシ
の	助詞,連体化,*,*,*,*,の,ノ,ノ
仕事	名詞,サ変接続,*,*,*,*,仕事,シゴト,シゴト
を	助詞,格助詞,一般,*,*,*,を,ヲ,ヲ
行なう	動詞,自立,*,*,五段・ワ行促音便,基本形,行なう,オコナウ,オコナウ
者	名詞,一般,*,*,*,*,者,モノ,モノ
たち	名詞,接尾,一般,*,*,*,たち,タチ,タチ
に	助詞,格助詞,一般,*,*,*,に,ニ,ニ
渡し	動詞,自立,*,*,五段・サ行,連用形,渡す,ワタシ,ワタシ
た	助動詞,*,*,*,特殊・タ,基本形,た,タ,タ
が	助詞,接続助詞,*,*,*,*,が,ガ,ガ
，	記号,読点,*,*,*,*,，,，,，
彼ら	名詞,代名詞,一般,*,*,*,彼ら,カレラ,カレラ
は	助詞,係助詞,*,*,*,*,は,ハ,ワ
エホバ	名詞,一般,*,*,*,*,エホバ,エホバ,エホバ
の	助詞,連体化,*,*,*,*,の,ノ,ノ
家	名詞,一般,*,*,*,*,家,イエ,イエ
を	助詞,格助詞,一般,*,*,*,を,ヲ,ヲ
修復	名詞,サ変接続,*,*,*,*,修復,シュウフク,シューフク
する	動詞,自立,*,*,サ変・スル,基本形,する,スル,スル
ため	名詞,非自立,副詞可能,*,*,*,ため,タメ,タメ
に	助詞,格助詞,一般,*,*,*,に,ニ,ニ
石	名詞,一般,*,*,*,*,石,イシ,イシ
切り	名詞,接尾,一般,*,*,*,切り,ギリ,ギリ
工	名詞,一般,*,*,*,*,工,コウ,コー
と	助詞,並立助詞,*,*,*,*,と,ト,ト
職人	名詞,一般,*,*,*,*,職人,ショクニン,ショクニン
を	助詞,格助詞,一般,*,*,*,を,ヲ,ヲ
，	記号,読点,*,*,*,*,，,，,，
また	接続詞,*,*,*,*,*,また,マタ,マタ
エホバ	名詞,一般,*,*,*,*,エホバ,エホバ,エホバ
の	助詞,連体化,*,*,*,*,の,ノ,ノ
家	名詞,一般,*,*,*,*,家,イエ,イエ
を	助詞,格助詞,一般,*,*,*,を,ヲ,ヲ
修理	名詞,サ変接続,*,*,*,*,修理,シュウリ,シューリ
する	動詞,自立,*,*,サ変・スル,基本形,する,スル,スル
ため	名詞,非自立,副詞可能,*,*,*,ため,タメ,タメ
に	助詞,格助詞,一般,*,*,*,に,ニ,ニ
鉄	名詞,一般,*,*,*,*,鉄,テツ,テツ
と	助詞,並立助詞,*,*,*,*,と,ト,ト
銅	名詞,一般,*,*,*,*,銅,ドウ,ドー
の	助詞,連体化,*,*,*,*,の,ノ,ノ
細工	名詞,一般,*,*,*,*,細工,ザイク,ザイク
師	名詞,接尾,一般,*,*,*,師,シ,シ
を	助詞,格助詞,一般,*,*,*,を,ヲ,ヲ
も	助詞,係助詞,*,*,*,*,も,モ,モ
雇う	動詞,自立,*,*,五段・ワ行促音便,基本形,雇う,ヤトウ,ヤトウ
者	名詞,非自立,一般,*,*,*,者,モノ,モノ
で	助動詞,*,*,*,特殊・ダ,連用形,だ,デ,デ
あっ	助動詞,*,*,*,五段・ラ行アル,連用タ接続,ある,アッ,アッ
た	助動詞,*,*,*,特殊・タ,基本形,た,タ,タ
。	記号,句点,*,*,*,*,。,。,。
こうして	接続詞,*,*,*,*,*,こうして,コウシテ,コーシテ
，	記号,読点,*,*,*,*,，,，,，
仕事	名詞,サ変接続,*,*,*,*,仕事,シゴト,シゴト
を	助詞,格助詞,一般,*,*,*,を,ヲ,ヲ
行なう	動詞,自立,*,*,五段・ワ行促音便,基本形,行なう,オコナウ,オコナウ
者	名詞,一般,*,*,*,*,者,モノ,モノ
たち	名詞,接尾,一般,*,*,*,たち,タチ,タチ
は	助詞,係助詞,*,*,*,*,は,ハ,ワ
工事	名詞,サ変接続,*,*,*,*,工事,コウジ,コージ
を	助詞,格助詞,一般,*,*,*,を,ヲ,ヲ
始め	動詞,自立,*,*,一段,連用形,始める,ハジメ,ハジメ
た	助動詞,*,*,*,特殊・タ,基本形,た,タ,タ
ので	助詞,接続助詞,*,*,*,*,ので,ノデ,ノデ
，	記号,読点,*,*,*,*,，,，,，
修理	名詞,サ変接続,*,*,*,*,修理,シュウリ,シューリ
の	助詞,連体化,*,*,*,*,の,ノ,ノ
仕事	名詞,サ変接続,*,*,*,*,仕事,シゴト,シゴト
は	助詞,係助詞,*,*,*,*,は,ハ,ワ
彼ら	名詞,代名詞,一般,*,*,*,彼ら,カレラ,カレラ
の	助詞,連体化,*,*,*,*,の,ノ,ノ
手	名詞,一般,*,*,*,*,手,テ,テ
によって	助詞,格助詞,連語,*,*,*,によって,ニヨッテ,ニヨッテ
進展	名詞,サ変接続,*,*,*,*,進展,シンテン,シンテン
し	動詞,自立,*,*,サ変・スル,連用形,する,シ,シ
て	助詞,接続助詞,*,*,*,*,て,テ,テ
ゆき	動詞,非自立,*,*,五段・カ行促音便ユク,連用形,ゆく,ユキ,ユキ
，	記号,読点,*,*,*,*,，,，,，
ついに	副詞,一般,*,*,*,*,ついに,ツイニ,ツイニ
彼ら	名詞,代名詞,一般,*,*,*,彼ら,カレラ,カレラ
は	助詞,係助詞,*,*,*,*,は,ハ,ワ
[	名詞,サ変接続,*,*,*,*,*
ま	フィラー,*,*,*,*,*,ま,マ,マ
こと	名詞,非自立,一般,*,*,*,こと,コト,コト
の	助詞,連体化,*,*,*,*,の,ノ,ノ
]	名詞,サ変接続,*,*,*,*,*
神	名詞,接尾,一般,*,*,*,神,シン,シン
の	助詞,連体化,*,*,*,*,の,ノ,ノ
家	名詞,一般,*,*,*,*,家,イエ,イエ
を	助詞,格助詞,一般,*,*,*,を,ヲ,ヲ
構造	名詞,一般,*,*,*,*,構造,コウゾウ,コーゾー
上	名詞,接尾,副詞可能,*,*,*,上,ジョウ,ジョー
その	連体詞,*,*,*,*,*,その,ソノ,ソノ
ある	動詞,自立,*,*,五段・ラ行,基本形,ある,アル,アル
べき	助動詞,*,*,*,文語・ベシ,体言接続,べし,ベキ,ベキ
様	名詞,非自立,助動詞語幹,*,*,*,様,ヨウ,ヨー
に	助詞,副詞化,*,*,*,*,に,ニ,ニ
立た	動詞,自立,*,*,五段・タ行,未然形,立つ,タタ,タタ
せ	動詞,接尾,*,*,一段,連用形,せる,セ,セ
，	記号,読点,*,*,*,*,，,，,，
これ	名詞,代名詞,一般,*,*,*,これ,コレ,コレ
を	助詞,格助詞,一般,*,*,*,を,ヲ,ヲ
堅固	名詞,形容動詞語幹,*,*,*,*,堅固,ケンゴ,ケンゴ
に	助詞,格助詞,一般,*,*,*,に,ニ,ニ
し	動詞,自立,*,*,サ変・スル,連用形,する,シ,シ
た	助動詞,*,*,*,特殊・タ,基本形,た,タ,タ
。	記号,句点,*,*,*,*,。,。,。
そして	接続詞,*,*,*,*,*,そして,ソシテ,ソシテ
，	記号,読点,*,*,*,*,，,，,，
彼ら	名詞,代名詞,一般,*,*,*,彼ら,カレラ,カレラ
は	助詞,係助詞,*,*,*,*,は,ハ,ワ
[	名詞,サ変接続,*,*,*,*,*
これ	名詞,代名詞,一般,*,*,*,これ,コレ,コレ
を	助詞,格助詞,一般,*,*,*,を,ヲ,ヲ
]	名詞,サ変接続,*,*,*,*,*
完成	名詞,サ変接続,*,*,*,*,完成,カンセイ,カンセイ
する	動詞,自立,*,*,サ変・スル,基本形,する,スル,スル
や	助詞,接続助詞,*,*,*,*,や,ヤ,ヤ
，	記号,読点,*,*,*,*,，,，,，
残り	名詞,一般,*,*,*,*,残り,ノコリ,ノコリ
の	助詞,連体化,*,*,*,*,の,ノ,ノ
金	名詞,一般,*,*,*,*,金,キン,キン
を	助詞,格助詞,一般,*,*,*,を,ヲ,ヲ
王	名詞,一般,*,*,*,*,王,オウ,オー
と	助詞,並立助詞,*,*,*,*,と,ト,ト
エホヤダ	名詞,一般,*,*,*,*,*
の	助詞,連体化,*,*,*,*,の,ノ,ノ
前	名詞,副詞可能,*,*,*,*,前,マエ,マエ
に	助詞,格助詞,一般,*,*,*,に,ニ,ニ
持っ	動詞,自立,*,*,五段・タ行,連用タ接続,持つ,モッ,モッ
て	助詞,接続助詞,*,*,*,*,て,テ,テ
来	動詞,非自立,*,*,カ変・来ル,連用形,来る,キ,キ
て	助詞,接続助詞,*,*,*,*,て,テ,テ
，	記号,読点,*,*,*,*,，,，,，
さらに	副詞,助詞類接続,*,*,*,*,さらに,サラニ,サラニ
エホバ	名詞,一般,*,*,*,*,エホバ,エホバ,エホバ
の	助詞,連体化,*,*,*,*,の,ノ,ノ
家	名詞,一般,*,*,*,*,家,イエ,イエ
の	助詞,連体化,*,*,*,*,の,ノ,ノ
ため	名詞,非自立,副詞可能,*,*,*,ため,タメ,タメ
に	助詞,格助詞,一般,*,*,*,に,ニ,ニ
器具	名詞,一般,*,*,*,*,器具,キグ,キグ
を	助詞,格助詞,一般,*,*,*,を,ヲ,ヲ
，	記号,読点,*,*,*,*,，,，,，
すなわち	接続詞,*,*,*,*,*,すなわち,スナワチ,スナワチ
奉仕	名詞,サ変接続,*,*,*,*,奉仕,ホウシ,ホーシ
の	助詞,連体化,*,*,*,*,の,ノ,ノ
ため	名詞,非自立,副詞可能,*,*,*,ため,タメ,タメ
，	記号,読点,*,*,*,*,，,，,，
また	接続詞,*,*,*,*,*,また,マタ,マタ
捧げ	動詞,自立,*,*,一段,連用形,捧げる,ササゲ,ササゲ
物	名詞,接尾,一般,*,*,*,物,ブツ,ブツ
を	助詞,格助詞,一般,*,*,*,を,ヲ,ヲ
供える	動詞,自立,*,*,一段,基本形,供える,ソナエル,ソナエル
ため	名詞,非自立,副詞可能,*,*,*,ため,タメ,タメ
の	助詞,連体化,*,*,*,*,の,ノ,ノ
器具	名詞,一般,*,*,*,*,器具,キグ,キグ
，	名詞,数,*,*,*,*,，,，,，
杯	名詞,接尾,助数詞,*,*,*,杯,ハイ,ハイ
，	記号,読点,*,*,*,*,，,，,，
金銀	名詞,一般,*,*,*,*,金銀,キンギン,キンギン
の	助詞,連体化,*,*,*,*,の,ノ,ノ
器	名詞,一般,*,*,*,*,器,ウツワ,ウツワ
を	助詞,格助詞,一般,*,*,*,を,ヲ,ヲ
造っ	動詞,自立,*,*,五段・ラ行,連用タ接続,造る,ツクッ,ツクッ
た	助動詞,*,*,*,特殊・タ,基本形,た,タ,タ
。	記号,句点,*,*,*,*,。,。,。
そして	接続詞,*,*,*,*,*,そして,ソシテ,ソシテ
彼ら	名詞,代名詞,一般,*,*,*,彼ら,カレラ,カレラ
は	助詞,係助詞,*,*,*,*,は,ハ,ワ
エホヤダ	名詞,一般,*,*,*,*,*
の	助詞,連体化,*,*,*,*,の,ノ,ノ
時代	名詞,一般,*,*,*,*,時代,ジダイ,ジダイ
中	名詞,接尾,副詞可能,*,*,*,中,チュウ,チュー
ずっと	副詞,一般,*,*,*,*,ずっと,ズット,ズット
，	記号,読点,*,*,*,*,，,，,，
エホバ	名詞,一般,*,*,*,*,エホバ,エホバ,エホバ
の	助詞,連体化,*,*,*,*,の,ノ,ノ
家	名詞,一般,*,*,*,*,家,イエ,イエ
で	助詞,格助詞,一般,*,*,*,で,デ,デ
焼	接頭詞,名詞接続,*,*,*,*,焼,ショウ,ショー
燔	名詞,一般,*,*,*,*,*
の	助詞,連体化,*,*,*,*,の,ノ,ノ
犠牲	名詞,一般,*,*,*,*,犠牲,ギセイ,ギセイ
を	助詞,格助詞,一般,*,*,*,を,ヲ,ヲ
絶えず	副詞,一般,*,*,*,*,絶えず,タエズ,タエズ
ささげる	動詞,自立,*,*,一段,基本形,ささげる,ササゲル,ササゲル
者	名詞,非自立,一般,*,*,*,者,モノ,モノ
で	助動詞,*,*,*,特殊・ダ,連用形,だ,デ,デ
あっ	助動詞,*,*,*,五段・ラ行アル,連用タ接続,ある,アッ,アッ
た	助動詞,*,*,*,特殊・タ,基本形,た,タ,タ
。	記号,句点,*,*,*,*,。,。,。
そして	接続詞,*,*,*,*,*,そして,ソシテ,ソシテ
，	記号,読点,*,*,*,*,，,，,，
エホヤダ	名詞,一般,*,*,*,*,*
は	助詞,係助詞,*,*,*,*,は,ハ,ワ
年老い	動詞,自立,*,*,一段,連用形,年老いる,トシオイ,トシオイ
，	記号,読点,*,*,*,*,，,，,，
よわい	名詞,一般,*,*,*,*,よわい,ヨワイ,ヨワイ
に	助詞,格助詞,一般,*,*,*,に,ニ,ニ
満ち足り	動詞,自立,*,*,一段,連用形,満ち足りる,ミチタリ,ミチタリ
て	助詞,接続助詞,*,*,*,*,て,テ,テ
，	記号,読点,*,*,*,*,，,，,，
やがて	副詞,一般,*,*,*,*,やがて,ヤガテ,ヤガテ
死ん	動詞,自立,*,*,五段・ナ行,連用タ接続,死ぬ,シン,シン
だ	助動詞,*,*,*,特殊・タ,基本形,だ,ダ,ダ
が	助詞,接続助詞,*,*,*,*,が,ガ,ガ
，	記号,読点,*,*,*,*,，,，,，
その	連体詞,*,*,*,*,*,その,ソノ,ソノ
死ん	動詞,自立,*,*,五段・ナ行,連用タ接続,死ぬ,シン,シン
だ	助動詞,*,*,*,特殊・タ,基本形,だ,ダ,ダ
とき	名詞,非自立,副詞可能,*,*,*,とき,トキ,トキ
は	助詞,係助詞,*,*,*,*,は,ハ,ワ
百	名詞,数,*,*,*,*,百,ヒャク,ヒャク
三	名詞,数,*,*,*,*,三,サン,サン
十	名詞,数,*,*,*,*,十,ジュウ,ジュー
歳	名詞,接尾,助数詞,*,*,*,歳,サイ,サイ
で	助動詞,*,*,*,特殊・ダ,連用形,だ,デ,デ
あっ	助動詞,*,*,*,五段・ラ行アル,連用タ接続,ある,アッ,アッ
た	助動詞,*,*,*,特殊・タ,基本形,た,タ,タ
。	記号,句点,*,*,*,*,。,。,。
そこで	接続詞,*,*,*,*,*,そこで,ソコデ,ソコデ
，	記号,読点,*,*,*,*,，,，,，
人々	名詞,一般,*,*,*,*,人々,ヒトビト,ヒトビト
は	助詞,係助詞,*,*,*,*,は,ハ,ワ
彼	名詞,代名詞,一般,*,*,*,彼,カレ,カレ
を	助詞,格助詞,一般,*,*,*,を,ヲ,ヲ
“	記号,括弧開,*,*,*,*,“,“,“
ダビデ	名詞,一般,*,*,*,*,*
の	助詞,連体化,*,*,*,*,の,ノ,ノ
都市	名詞,一般,*,*,*,*,都市,トシ,トシ
”	記号,括弧閉,*,*,*,*,”,”,”
に	助詞,格助詞,一般,*,*,*,に,ニ,ニ
王	名詞,一般,*,*,*,*,王,オウ,オー
たち	名詞,接尾,一般,*,*,*,たち,タチ,タチ
と	助詞,格助詞,一般,*,*,*,と,ト,ト
一緒	名詞,サ変接続,*,*,*,*,一緒,イッショ,イッショ
に	助詞,格助詞,一般,*,*,*,に,ニ,ニ
葬っ	動詞,自立,*,*,五段・ラ行,連用タ接続,葬る,ホウムッ,ホームッ
た	助動詞,*,*,*,特殊・タ,基本形,た,タ,タ
。	記号,句点,*,*,*,*,。,。,。
彼	名詞,代名詞,一般,*,*,*,彼,カレ,カレ
は	助詞,係助詞,*,*,*,*,は,ハ,ワ
イスラエル	名詞,固有名詞,地域,国,*,*,イスラエル,イスラエル,イスラエル
で	助詞,格助詞,一般,*,*,*,で,デ,デ
，	記号,読点,*,*,*,*,，,，,，
また	接続詞,*,*,*,*,*,また,マタ,マタ
[	名詞,サ変接続,*,*,*,*,*
ま	フィラー,*,*,*,*,*,ま,マ,マ
こと	名詞,非自立,一般,*,*,*,こと,コト,コト
の	助詞,連体化,*,*,*,*,の,ノ,ノ
]	名詞,サ変接続,*,*,*,*,*
神	名詞,接尾,一般,*,*,*,神,シン,シン
と	助詞,格助詞,一般,*,*,*,と,ト,ト
その	連体詞,*,*,*,*,*,その,ソノ,ソノ
家	名詞,一般,*,*,*,*,家,イエ,イエ
に関して	助詞,格助詞,連語,*,*,*,に関して,ニカンシテ,ニカンシテ
善い	形容詞,自立,*,*,形容詞・アウオ段,基本形,善い,ヨイ,ヨイ
こと	名詞,非自立,一般,*,*,*,こと,コト,コト
を	助詞,格助詞,一般,*,*,*,を,ヲ,ヲ
行なっ	動詞,自立,*,*,五段・ワ行促音便,連用タ接続,行なう,オコナッ,オコナッ
た	助動詞,*,*,*,特殊・タ,基本形,た,タ,タ
から	助詞,接続助詞,*,*,*,*,から,カラ,カラ
で	助動詞,*,*,*,特殊・ダ,連用形,だ,デ,デ
ある	助動詞,*,*,*,五段・ラ行アル,基本形,ある,アル,アル
。	記号,句点,*,*,*,*,。,。,。
そして	接続詞,*,*,*,*,*,そして,ソシテ,ソシテ
，	記号,読点,*,*,*,*,，,，,，
エホヤダ	名詞,一般,*,*,*,*,*
の	助詞,連体化,*,*,*,*,の,ノ,ノ
死後	名詞,副詞可能,*,*,*,*,死後,シゴ,シゴ
，	記号,読点,*,*,*,*,，,，,，
ユダ	名詞,一般,*,*,*,*,*
の	助詞,連体化,*,*,*,*,の,ノ,ノ
君たち	名詞,代名詞,一般,*,*,*,君たち,キミタチ,キミタチ
が	助詞,格助詞,一般,*,*,*,が,ガ,ガ
来	動詞,自立,*,*,カ変・来ル,連用形,来る,キ,キ
て	助詞,接続助詞,*,*,*,*,て,テ,テ
，	記号,読点,*,*,*,*,，,，,，
王	名詞,一般,*,*,*,*,王,オウ,オー
に	助詞,格助詞,一般,*,*,*,に,ニ,ニ
身	名詞,一般,*,*,*,*,身,ミ,ミ
を	助詞,格助詞,一般,*,*,*,を,ヲ,ヲ
かがめ	動詞,自立,*,*,一段,連用形,かがめる,カガメ,カガメ
た	助動詞,*,*,*,特殊・タ,基本形,た,タ,タ
。	記号,句点,*,*,*,*,。,。,。
その	連体詞,*,*,*,*,*,その,ソノ,ソノ
とき	名詞,非自立,副詞可能,*,*,*,とき,トキ,トキ
，	記号,読点,*,*,*,*,，,，,，
王	名詞,一般,*,*,*,*,王,オウ,オー
は	助詞,係助詞,*,*,*,*,は,ハ,ワ
彼ら	名詞,代名詞,一般,*,*,*,彼ら,カレラ,カレラ
[	名詞,サ変接続,*,*,*,*,*
の	助詞,格助詞,一般,*,*,*,の,ノ,ノ
言う	動詞,自立,*,*,五段・ワ行促音便,基本形,言う,イウ,イウ
こと	名詞,非自立,一般,*,*,*,こと,コト,コト
]	名詞,サ変接続,*,*,*,*,*
を	助詞,格助詞,一般,*,*,*,を,ヲ,ヲ
聴き	動詞,自立,*,*,五段・カ行イ音便,連用形,聴く,キキ,キキ
入れ	動詞,自立,*,*,一段,連用形,入れる,イレ,イレ
た	助動詞,*,*,*,特殊・タ,基本形,た,タ,タ
。	記号,句点,*,*,*,*,。,。,。
それで	接続詞,*,*,*,*,*,それで,ソレデ,ソレデ
，	記号,読点,*,*,*,*,，,，,，
彼ら	名詞,代名詞,一般,*,*,*,彼ら,カレラ,カレラ
は	助詞,係助詞,*,*,*,*,は,ハ,ワ
やがて	副詞,一般,*,*,*,*,やがて,ヤガテ,ヤガテ
その	連体詞,*,*,*,*,*,その,ソノ,ソノ
父祖	名詞,一般,*,*,*,*,父祖,フソ,フソ
たち	名詞,接尾,一般,*,*,*,たち,タチ,タチ
の	助詞,連体化,*,*,*,*,の,ノ,ノ
神	名詞,一般,*,*,*,*,神,カミ,カミ
エホバ	名詞,一般,*,*,*,*,エホバ,エホバ,エホバ
の	助詞,連体化,*,*,*,*,の,ノ,ノ
家	名詞,一般,*,*,*,*,家,イエ,イエ
を	助詞,格助詞,一般,*,*,*,を,ヲ,ヲ
捨て	動詞,自立,*,*,一段,連用形,捨てる,ステ,ステ
て	助詞,接続助詞,*,*,*,*,て,テ,テ
，	記号,読点,*,*,*,*,，,，,，
聖	名詞,固有名詞,人名,名,*,*,聖,キヨシ,キヨシ
木	名詞,一般,*,*,*,*,木,キ,キ
や	助詞,並立助詞,*,*,*,*,や,ヤ,ヤ
偶像	名詞,一般,*,*,*,*,偶像,グウゾウ,グーゾー
に	助詞,格助詞,一般,*,*,*,に,ニ,ニ
仕える	動詞,自立,*,*,一段,基本形,仕える,ツカエル,ツカエル
よう	名詞,非自立,助動詞語幹,*,*,*,よう,ヨウ,ヨー
に	助詞,格助詞,一般,*,*,*,に,ニ,ニ
なっ	動詞,自立,*,*,五段・ラ行,連用タ接続,なる,ナッ,ナッ
た	助動詞,*,*,*,特殊・タ,基本形,た,タ,タ
ので	助詞,接続助詞,*,*,*,*,ので,ノデ,ノデ
，	記号,読点,*,*,*,*,，,，,，
彼ら	名詞,代名詞,一般,*,*,*,彼ら,カレラ,カレラ
の	助詞,連体化,*,*,*,*,の,ノ,ノ
この	連体詞,*,*,*,*,*,この,コノ,コノ
罪科	名詞,一般,*,*,*,*,罪科,ツミトガ,ツミトガ
の	助詞,連体化,*,*,*,*,の,ノ,ノ
ゆえ	名詞,非自立,副詞可能,*,*,*,ゆえ,ユエ,ユエ
に	助詞,格助詞,一般,*,*,*,に,ニ,ニ
憤り	動詞,自立,*,*,五段・ラ行,連用形,憤る,イキドオリ,イキドーリ
が	助詞,格助詞,一般,*,*,*,が,ガ,ガ
ユダ	名詞,一般,*,*,*,*,*
と	助詞,並立助詞,*,*,*,*,と,ト,ト
エルサレム	名詞,固有名詞,地域,一般,*,*,エルサレム,エルサレム,エルサレム
に	助詞,格助詞,一般,*,*,*,に,ニ,ニ
臨ん	動詞,自立,*,*,五段・マ行,連用タ接続,臨む,ノゾン,ノゾン
だ	助動詞,*,*,*,特殊・タ,基本形,だ,ダ,ダ
。	記号,句点,*,*,*,*,。,。,。
そこで	接続詞,*,*,*,*,*,そこで,ソコデ,ソコデ
，	記号,読点,*,*,*,*,，,，,，
エホバ	名詞,一般,*,*,*,*,エホバ,エホバ,エホバ
は	助詞,係助詞,*,*,*,*,は,ハ,ワ
彼ら	名詞,代名詞,一般,*,*,*,彼ら,カレラ,カレラ
を	助詞,格助詞,一般,*,*,*,を,ヲ,ヲ
ご	接頭詞,名詞接続,*,*,*,*,ご,ゴ,ゴ
自分	名詞,一般,*,*,*,*,自分,ジブン,ジブン
の	助詞,連体化,*,*,*,*,の,ノ,ノ
もと	名詞,非自立,一般,*,*,*,もと,モト,モト
に	助詞,格助詞,一般,*,*,*,に,ニ,ニ
連れ戻そ	動詞,自立,*,*,五段・サ行,未然ウ接続,連れ戻す,ツレモドソ,ツレモドソ
う	助動詞,*,*,*,不変化型,基本形,う,ウ,ウ
として	助詞,格助詞,連語,*,*,*,として,トシテ,トシテ
預言	名詞,サ変接続,*,*,*,*,預言,ヨゲン,ヨゲン
者	名詞,接尾,一般,*,*,*,者,シャ,シャ
たち	名詞,接尾,一般,*,*,*,たち,タチ,タチ
を	助詞,格助詞,一般,*,*,*,を,ヲ,ヲ
彼ら	名詞,代名詞,一般,*,*,*,彼ら,カレラ,カレラ
の	助詞,連体化,*,*,*,*,の,ノ,ノ
中	名詞,非自立,副詞可能,*,*,*,中,ナカ,ナカ
に	助詞,格助詞,一般,*,*,*,に,ニ,ニ
遣わし	動詞,自立,*,*,五段・サ行,連用形,遣わす,ツカワシ,ツカワシ
続け	動詞,非自立,*,*,一段,未然形,続ける,ツヅケ,ツズケ
られ	動詞,接尾,*,*,一段,連用形,られる,ラレ,ラレ
た	助動詞,*,*,*,特殊・タ,基本形,た,タ,タ
。	記号,句点,*,*,*,*,。,。,。
[	名詞,サ変接続,*,*,*,*,*
預言	名詞,サ変接続,*,*,*,*,預言,ヨゲン,ヨゲン
者	名詞,接尾,一般,*,*,*,者,シャ,シャ
]	名詞,サ変接続,*,*,*,*,*
たち	名詞,接尾,一般,*,*,*,たち,タチ,タチ
は	助詞,係助詞,*,*,*,*,は,ハ,ワ
彼ら	名詞,代名詞,一般,*,*,*,彼ら,カレラ,カレラ
に対して	助詞,格助詞,連語,*,*,*,に対して,ニタイシテ,ニタイシテ
証し	動詞,自立,*,*,五段・サ行,連用形,証す,アカシ,アカシ
し	動詞,自立,*,*,サ変・スル,連用形,する,シ,シ
続け	動詞,非自立,*,*,一段,連用形,続ける,ツヅケ,ツズケ
た	助動詞,*,*,*,特殊・タ,基本形,た,タ,タ
が	助詞,接続助詞,*,*,*,*,が,ガ,ガ
，	記号,読点,*,*,*,*,，,，,，
彼ら	名詞,代名詞,一般,*,*,*,彼ら,カレラ,カレラ
は	助詞,係助詞,*,*,*,*,は,ハ,ワ
耳	名詞,一般,*,*,*,*,耳,ミミ,ミミ
を	助詞,格助詞,一般,*,*,*,を,ヲ,ヲ
向け	動詞,自立,*,*,一段,未然形,向ける,ムケ,ムケ
なかっ	助動詞,*,*,*,特殊・ナイ,連用タ接続,ない,ナカッ,ナカッ
た	助動詞,*,*,*,特殊・タ,基本形,た,タ,タ
。	記号,句点,*,*,*,*,。,。,。
とき	名詞,非自立,副詞可能,*,*,*,とき,トキ,トキ
に	助詞,格助詞,一般,*,*,*,に,ニ,ニ
，	記号,読点,*,*,*,*,，,，,，
神	名詞,一般,*,*,*,*,神,カミ,カミ
の	助詞,連体化,*,*,*,*,の,ノ,ノ
霊	名詞,一般,*,*,*,*,霊,レイ,レイ
が	助詞,格助詞,一般,*,*,*,が,ガ,ガ
祭司	名詞,一般,*,*,*,*,祭司,サイシ,サイシ
エホヤダ	名詞,一般,*,*,*,*,*
の	助詞,連体化,*,*,*,*,の,ノ,ノ
子	接頭詞,名詞接続,*,*,*,*,子,コ,コ
ゼカリヤ	名詞,一般,*,*,*,*,*
を	助詞,格助詞,一般,*,*,*,を,ヲ,ヲ
包ん	動詞,自立,*,*,五段・マ行,連用タ接続,包む,ツツン,ツツン
だ	助動詞,*,*,*,特殊・タ,基本形,だ,ダ,ダ
ので	助詞,接続助詞,*,*,*,*,ので,ノデ,ノデ
，	記号,読点,*,*,*,*,，,，,，
彼	名詞,代名詞,一般,*,*,*,彼,カレ,カレ
は	助詞,係助詞,*,*,*,*,は,ハ,ワ
民	名詞,一般,*,*,*,*,民,ミン,ミン
の	助詞,連体化,*,*,*,*,の,ノ,ノ
上	名詞,非自立,副詞可能,*,*,*,上,ウエ,ウエ
に	助詞,格助詞,一般,*,*,*,に,ニ,ニ
立ち上がっ	動詞,自立,*,*,五段・ラ行,連用タ接続,立ち上がる,タチアガッ,タチアガッ
て	助詞,接続助詞,*,*,*,*,て,テ,テ
，	記号,読点,*,*,*,*,，,，,，
彼ら	名詞,代名詞,一般,*,*,*,彼ら,カレラ,カレラ
に	助詞,格助詞,一般,*,*,*,に,ニ,ニ
言っ	動詞,自立,*,*,五段・ワ行促音便,連用タ接続,言う,イッ,イッ
た	助動詞,*,*,*,特殊・タ,基本形,た,タ,タ
，「[	名詞,サ変接続,*,*,*,*,*
ま	フィラー,*,*,*,*,*,ま,マ,マ
こと	名詞,非自立,一般,*,*,*,こと,コト,コト
の	助詞,連体化,*,*,*,*,の,ノ,ノ
]	名詞,サ変接続,*,*,*,*,*
神	名詞,接尾,一般,*,*,*,神,シン,シン
は	助詞,係助詞,*,*,*,*,は,ハ,ワ
この	連体詞,*,*,*,*,*,この,コノ,コノ
よう	名詞,非自立,助動詞語幹,*,*,*,よう,ヨウ,ヨー
に	助詞,副詞化,*,*,*,*,に,ニ,ニ
言わ	動詞,自立,*,*,五段・ワ行促音便,未然形,言う,イワ,イワ
れ	動詞,接尾,*,*,一段,連用形,れる,レ,レ
た	助動詞,*,*,*,特殊・タ,基本形,た,タ,タ
。	記号,句点,*,*,*,*,。,。,。
『	記号,括弧開,*,*,*,*,『,『,『
あなた	名詞,代名詞,一般,*,*,*,あなた,アナタ,アナタ
方	名詞,接尾,一般,*,*,*,方,カタ,カタ
は	助詞,係助詞,*,*,*,*,は,ハ,ワ
なぜ	副詞,助詞類接続,*,*,*,*,なぜ,ナゼ,ナゼ
エホバ	名詞,一般,*,*,*,*,エホバ,エホバ,エホバ
の	助詞,連体化,*,*,*,*,の,ノ,ノ
おき	動詞,自立,*,*,一段,連用形,おきる,オキ,オキ
て	助詞,接続助詞,*,*,*,*,て,テ,テ
を	助詞,格助詞,一般,*,*,*,を,ヲ,ヲ
踏み越え	動詞,自立,*,*,一段,連用形,踏み越える,フミコエ,フミコエ
て	助詞,接続助詞,*,*,*,*,て,テ,テ
，	記号,読点,*,*,*,*,，,，,，
成功	名詞,サ変接続,*,*,*,*,成功,セイコウ,セイコー
を	助詞,格助詞,一般,*,*,*,を,ヲ,ヲ
収める	動詞,自立,*,*,一段,基本形,収める,オサメル,オサメル
こと	名詞,非自立,一般,*,*,*,こと,コト,コト
が	助詞,格助詞,一般,*,*,*,が,ガ,ガ
でき	動詞,自立,*,*,一段,未然形,できる,デキ,デキ
ず	助動詞,*,*,*,特殊・ヌ,連用ニ接続,ぬ,ズ,ズ
に	助詞,格助詞,一般,*,*,*,に,ニ,ニ
いる	動詞,自立,*,*,一段,基本形,いる,イル,イル
の	名詞,非自立,一般,*,*,*,の,ノ,ノ
か	助詞,副助詞／並立助詞／終助詞,*,*,*,*,か,カ,カ
。	記号,句点,*,*,*,*,。,。,。
あなた	名詞,代名詞,一般,*,*,*,あなた,アナタ,アナタ
方	名詞,接尾,一般,*,*,*,方,カタ,カタ
が	助詞,格助詞,一般,*,*,*,が,ガ,ガ
エホバ	名詞,一般,*,*,*,*,エホバ,エホバ,エホバ
を	助詞,格助詞,一般,*,*,*,を,ヲ,ヲ
捨て	動詞,自立,*,*,一段,連用形,捨てる,ステ,ステ
た	助動詞,*,*,*,特殊・タ,基本形,た,タ,タ
ため	名詞,非自立,副詞可能,*,*,*,ため,タメ,タメ
に	助詞,格助詞,一般,*,*,*,に,ニ,ニ
，	記号,読点,*,*,*,*,，,，,，
[	名詞,サ変接続,*,*,*,*,*
神	名詞,接尾,一般,*,*,*,神,シン,シン
]	名詞,サ変接続,*,*,*,*,*
も	助詞,係助詞,*,*,*,*,も,モ,モ
また	接続詞,*,*,*,*,*,また,マタ,マタ
，	記号,読点,*,*,*,*,，,，,，
あなた	名詞,代名詞,一般,*,*,*,あなた,アナタ,アナタ
方	名詞,接尾,一般,*,*,*,方,カタ,カタ
を	助詞,格助詞,一般,*,*,*,を,ヲ,ヲ
捨て	動詞,自立,*,*,一段,未然形,捨てる,ステ,ステ
られる	動詞,接尾,*,*,一段,基本形,られる,ラレル,ラレル
で	助動詞,*,*,*,特殊・ダ,連用形,だ,デ,デ
あろ	助動詞,*,*,*,五段・ラ行アル,未然ウ接続,ある,アロ,アロ
う	助動詞,*,*,*,不変化型,基本形,う,ウ,ウ
』	記号,括弧閉,*,*,*,*,』,』,』
」	記号,括弧閉,*,*,*,*,」,」,」
。	記号,句点,*,*,*,*,。,。,。
ついに	副詞,一般,*,*,*,*,ついに,ツイニ,ツイニ
人々	名詞,一般,*,*,*,*,人々,ヒトビト,ヒトビト
は	助詞,係助詞,*,*,*,*,は,ハ,ワ
彼	名詞,代名詞,一般,*,*,*,彼,カレ,カレ
に対して	助詞,格助詞,連語,*,*,*,に対して,ニタイシテ,ニタイシテ
陰謀	名詞,一般,*,*,*,*,陰謀,インボウ,インボー
を	助詞,格助詞,一般,*,*,*,を,ヲ,ヲ
企て	動詞,自立,*,*,一段,連用形,企てる,クワダテ,クワダテ
，	記号,読点,*,*,*,*,，,，,，
エホバ	名詞,一般,*,*,*,*,エホバ,エホバ,エホバ
の	助詞,連体化,*,*,*,*,の,ノ,ノ
家	名詞,一般,*,*,*,*,家,イエ,イエ
の	助詞,連体化,*,*,*,*,の,ノ,ノ
中庭	名詞,一般,*,*,*,*,中庭,ナカニワ,ナカニワ
で	助詞,格助詞,一般,*,*,*,で,デ,デ
王	名詞,一般,*,*,*,*,王,オウ,オー
の	助詞,連体化,*,*,*,*,の,ノ,ノ
命令	名詞,サ変接続,*,*,*,*,命令,メイレイ,メイレイ
により	助詞,格助詞,連語,*,*,*,により,ニヨリ,ニヨリ
彼	名詞,代名詞,一般,*,*,*,彼,カレ,カレ
を	助詞,格助詞,一般,*,*,*,を,ヲ,ヲ
石	名詞,一般,*,*,*,*,石,イシ,イシ
撃ち	動詞,自立,*,*,五段・タ行,連用形,撃つ,ウチ,ウチ
に	助詞,格助詞,一般,*,*,*,に,ニ,ニ
し	動詞,自立,*,*,サ変・スル,連用形,する,シ,シ
た	助動詞,*,*,*,特殊・タ,基本形,た,タ,タ
。	記号,句点,*,*,*,*,。,。,。
こうして	接続詞,*,*,*,*,*,こうして,コウシテ,コーシテ
，	記号,読点,*,*,*,*,，,，,，
王	名詞,固有名詞,人名,姓,*,*,王,オウ,オー
エホアシュ	名詞,一般,*,*,*,*,*
は	助詞,係助詞,*,*,*,*,は,ハ,ワ
彼	名詞,代名詞,一般,*,*,*,彼,カレ,カレ
の	助詞,連体化,*,*,*,*,の,ノ,ノ
父	名詞,一般,*,*,*,*,父,チチ,チチ
エホヤダ	名詞,一般,*,*,*,*,*
が	助詞,格助詞,一般,*,*,*,が,ガ,ガ
自分	名詞,一般,*,*,*,*,自分,ジブン,ジブン
に	助詞,格助詞,一般,*,*,*,に,ニ,ニ
表わし	動詞,自立,*,*,五段・サ行,連用形,表わす,アラワシ,アラワシ
て	助詞,接続助詞,*,*,*,*,て,テ,テ
くれ	動詞,非自立,*,*,一段・クレル,連用形,くれる,クレ,クレ
た	助動詞,*,*,*,特殊・タ,基本形,た,タ,タ
愛	名詞,一般,*,*,*,*,愛,アイ,アイ
ある	動詞,自立,*,*,五段・ラ行,基本形,ある,アル,アル
親切	名詞,形容動詞語幹,*,*,*,*,親切,シンセツ,シンセツ
を	助詞,格助詞,一般,*,*,*,を,ヲ,ヲ
思い起こさ	動詞,自立,*,*,五段・サ行,未然形,思い起こす,オモイオコサ,オモイオコサ
なかっ	助動詞,*,*,*,特殊・ナイ,連用タ接続,ない,ナカッ,ナカッ
た	助動詞,*,*,*,特殊・タ,基本形,た,タ,タ
ので	助詞,接続助詞,*,*,*,*,ので,ノデ,ノデ
，	記号,読点,*,*,*,*,，,，,，
その	連体詞,*,*,*,*,*,その,ソノ,ソノ
子	名詞,一般,*,*,*,*,子,コ,コ
を	助詞,格助詞,一般,*,*,*,を,ヲ,ヲ
殺し	動詞,自立,*,*,五段・サ行,連用形,殺す,コロシ,コロシ
た	助動詞,*,*,*,特殊・タ,基本形,た,タ,タ
が	助詞,接続助詞,*,*,*,*,が,ガ,ガ
，	記号,読点,*,*,*,*,，,，,，
彼	名詞,代名詞,一般,*,*,*,彼,カレ,カレ
は	助詞,係助詞,*,*,*,*,は,ハ,ワ
まさに	副詞,一般,*,*,*,*,まさに,マサニ,マサニ
死の	動詞,自立,*,*,五段・ナ行,未然ウ接続,死ぬ,シノ,シノ
う	助動詞,*,*,*,不変化型,基本形,う,ウ,ウ
と	助詞,格助詞,引用,*,*,*,と,ト,ト
し	動詞,自立,*,*,サ変・スル,連用形,する,シ,シ
て	助詞,接続助詞,*,*,*,*,て,テ,テ
い	動詞,非自立,*,*,一段,連用形,いる,イ,イ
た	助動詞,*,*,*,特殊・タ,基本形,た,タ,タ
とき	名詞,非自立,副詞可能,*,*,*,とき,トキ,トキ
，	記号,読点,*,*,*,*,，,，,，
「	記号,括弧開,*,*,*,*,「,「,「
エホバ	名詞,一般,*,*,*,*,エホバ,エホバ,エホバ
が	助詞,格助詞,一般,*,*,*,が,ガ,ガ
これ	名詞,代名詞,一般,*,*,*,これ,コレ,コレ
を	助詞,格助詞,一般,*,*,*,を,ヲ,ヲ
ご覧	名詞,一般,*,*,*,*,ご覧,ゴラン,ゴラン
に	助詞,格助詞,一般,*,*,*,に,ニ,ニ
なり	動詞,自立,*,*,五段・ラ行,連用形,なる,ナリ,ナリ
，	記号,読点,*,*,*,*,，,，,，
代償	名詞,サ変接続,*,*,*,*,代償,ダイショウ,ダイショー
を	助詞,格助詞,一般,*,*,*,を,ヲ,ヲ
求め	動詞,自立,*,*,一段,未然形,求める,モトメ,モトメ
られる	動詞,接尾,*,*,一段,基本形,られる,ラレル,ラレル
よう	名詞,非自立,助動詞語幹,*,*,*,よう,ヨウ,ヨー
に	助詞,副詞化,*,*,*,*,に,ニ,ニ
」	記号,括弧閉,*,*,*,*,」,」,」
と	助詞,格助詞,引用,*,*,*,と,ト,ト
言っ	動詞,自立,*,*,五段・ワ行促音便,連用タ接続,言う,イッ,イッ
た	助動詞,*,*,*,特殊・タ,基本形,た,タ,タ
。	記号,句点,*,*,*,*,。,。,。
そして	接続詞,*,*,*,*,*,そして,ソシテ,ソシテ
，	記号,読点,*,*,*,*,，,，,，
その	連体詞,*,*,*,*,*,その,ソノ,ソノ
年	名詞,一般,*,*,*,*,年,トシ,トシ
の	助詞,連体化,*,*,*,*,の,ノ,ノ
変わり目	名詞,一般,*,*,*,*,変わり目,カワリメ,カワリメ
の	助詞,連体化,*,*,*,*,の,ノ,ノ
ころ	名詞,非自立,副詞可能,*,*,*,ころ,コロ,コロ
，	記号,読点,*,*,*,*,，,，,，
シリア	名詞,固有名詞,地域,国,*,*,シリア,シリア,シリア
の	助詞,連体化,*,*,*,*,の,ノ,ノ
軍勢	名詞,一般,*,*,*,*,軍勢,グンゼイ,グンゼイ
が	助詞,格助詞,一般,*,*,*,が,ガ,ガ
彼	名詞,代名詞,一般,*,*,*,彼,カレ,カレ
に	助詞,格助詞,一般,*,*,*,に,ニ,ニ
向かっ	動詞,自立,*,*,五段・ワ行促音便,連用タ接続,向かう,ムカッ,ムカッ
て	助詞,接続助詞,*,*,*,*,て,テ,テ
攻め上り	動詞,自立,*,*,五段・ラ行,連用形,攻め上る,セメノボリ,セメノボリ
，	記号,読点,*,*,*,*,，,，,，
ユダ	名詞,一般,*,*,*,*,*
と	助詞,並立助詞,*,*,*,*,と,ト,ト
エルサレム	名詞,固有名詞,地域,一般,*,*,エルサレム,エルサレム,エルサレム
に	助詞,格助詞,一般,*,*,*,に,ニ,ニ
侵入	名詞,サ変接続,*,*,*,*,侵入,シンニュウ,シンニュー
し	動詞,自立,*,*,サ変・スル,連用形,する,シ,シ
はじめ	動詞,非自立,*,*,一段,連用形,はじめる,ハジメ,ハジメ
た	助動詞,*,*,*,特殊・タ,基本形,た,タ,タ
の	名詞,非自立,一般,*,*,*,の,ノ,ノ
で	助動詞,*,*,*,特殊・ダ,連用形,だ,デ,デ
ある	助動詞,*,*,*,五段・ラ行アル,基本形,ある,アル,アル
。	記号,句点,*,*,*,*,。,。,。
そして	接続詞,*,*,*,*,*,そして,ソシテ,ソシテ
，	記号,読点,*,*,*,*,，,，,，
彼ら	名詞,代名詞,一般,*,*,*,彼ら,カレラ,カレラ
は	助詞,係助詞,*,*,*,*,は,ハ,ワ
民	名詞,一般,*,*,*,*,民,ミン,ミン
の	助詞,連体化,*,*,*,*,の,ノ,ノ
君たち	名詞,代名詞,一般,*,*,*,君たち,キミタチ,キミタチ
を	助詞,格助詞,一般,*,*,*,を,ヲ,ヲ
民	名詞,一般,*,*,*,*,民,ミン,ミン
の	助詞,連体化,*,*,*,*,の,ノ,ノ
中	名詞,非自立,副詞可能,*,*,*,中,ナカ,ナカ
から	助詞,格助詞,一般,*,*,*,から,カラ,カラ
ことごとく	副詞,一般,*,*,*,*,ことごとく,コトゴトク,コトゴトク
滅び	動詞,自立,*,*,一段,連用形,滅びる,ホロビ,ホロビ
に	助詞,格助詞,一般,*,*,*,に,ニ,ニ
陥れ	動詞,自立,*,*,一段,連用形,陥れる,オトシイレ,オトシイレ
，	記号,読点,*,*,*,*,，,，,，
その	連体詞,*,*,*,*,*,その,ソノ,ソノ
分捕り	動詞,自立,*,*,五段・ラ行,連用形,分捕る,ブンドリ,ブンドリ
物	名詞,接尾,一般,*,*,*,物,ブツ,ブツ
を	助詞,格助詞,一般,*,*,*,を,ヲ,ヲ
みな	名詞,副詞可能,*,*,*,*,みな,ミナ,ミナ
ダマスカス	名詞,固有名詞,地域,一般,*,*,ダマスカス,ダマスカス,ダマスカス
の	助詞,連体化,*,*,*,*,の,ノ,ノ
王	名詞,一般,*,*,*,*,王,オウ,オー
の	助詞,連体化,*,*,*,*,の,ノ,ノ
もと	名詞,非自立,一般,*,*,*,もと,モト,モト
に	助詞,格助詞,一般,*,*,*,に,ニ,ニ
送っ	動詞,自立,*,*,五段・ラ行,連用タ接続,送る,オクッ,オクッ
た	助動詞,*,*,*,特殊・タ,基本形,た,タ,タ
。	記号,句点,*,*,*,*,。,。,。
シリア	名詞,固有名詞,地域,国,*,*,シリア,シリア,シリア
人	名詞,接尾,一般,*,*,*,人,ジン,ジン
の	助詞,連体化,*,*,*,*,の,ノ,ノ
軍勢	名詞,一般,*,*,*,*,軍勢,グンゼイ,グンゼイ
は	助詞,係助詞,*,*,*,*,は,ハ,ワ
少	接頭詞,名詞接続,*,*,*,*,少,ショウ,ショー
人数	名詞,一般,*,*,*,*,人数,ニンズウ,ニンズー
で	助詞,格助詞,一般,*,*,*,で,デ,デ
侵入	名詞,サ変接続,*,*,*,*,侵入,シンニュウ,シンニュー
し	動詞,自立,*,*,サ変・スル,連用形,する,シ,シ
た	助動詞,*,*,*,特殊・タ,基本形,た,タ,タ
の	名詞,非自立,一般,*,*,*,の,ノ,ノ
で	助動詞,*,*,*,特殊・ダ,連用形,だ,デ,デ
あっ	助動詞,*,*,*,五段・ラ行アル,連用タ接続,ある,アッ,アッ
た	助動詞,*,*,*,特殊・タ,基本形,た,タ,タ
が	助詞,接続助詞,*,*,*,*,が,ガ,ガ
，	記号,読点,*,*,*,*,，,，,，
エホバ	名詞,一般,*,*,*,*,エホバ,エホバ,エホバ
が	助詞,格助詞,一般,*,*,*,が,ガ,ガ
非常	名詞,形容動詞語幹,*,*,*,*,非常,ヒジョウ,ヒジョー
に	助詞,副詞化,*,*,*,*,に,ニ,ニ
大勢	名詞,一般,*,*,*,*,大勢,タイセイ,タイセイ
の	助詞,連体化,*,*,*,*,の,ノ,ノ
軍勢	名詞,一般,*,*,*,*,軍勢,グンゼイ,グンゼイ
を	助詞,格助詞,一般,*,*,*,を,ヲ,ヲ
彼ら	名詞,代名詞,一般,*,*,*,彼ら,カレラ,カレラ
の	助詞,連体化,*,*,*,*,の,ノ,ノ
手	名詞,一般,*,*,*,*,手,テ,テ
に	助詞,格助詞,一般,*,*,*,に,ニ,ニ
渡さ	動詞,自立,*,*,五段・サ行,未然形,渡す,ワタサ,ワタサ
れ	動詞,接尾,*,*,一段,連用形,れる,レ,レ
た	助動詞,*,*,*,特殊・タ,基本形,た,タ,タ
の	名詞,非自立,一般,*,*,*,の,ノ,ノ
で	助動詞,*,*,*,特殊・ダ,連用形,だ,デ,デ
ある	助動詞,*,*,*,五段・ラ行アル,基本形,ある,アル,アル
。	記号,句点,*,*,*,*,。,。,。
これ	名詞,代名詞,一般,*,*,*,これ,コレ,コレ
は	助詞,係助詞,*,*,*,*,は,ハ,ワ
彼ら	名詞,代名詞,一般,*,*,*,彼ら,カレラ,カレラ
が	助詞,格助詞,一般,*,*,*,が,ガ,ガ
その	連体詞,*,*,*,*,*,その,ソノ,ソノ
父祖	名詞,一般,*,*,*,*,父祖,フソ,フソ
たち	名詞,接尾,一般,*,*,*,たち,タチ,タチ
の	助詞,連体化,*,*,*,*,の,ノ,ノ
神	名詞,一般,*,*,*,*,神,カミ,カミ
エホバ	名詞,一般,*,*,*,*,エホバ,エホバ,エホバ
を	助詞,格助詞,一般,*,*,*,を,ヲ,ヲ
捨て	動詞,自立,*,*,一段,連用形,捨てる,ステ,ステ
た	助動詞,*,*,*,特殊・タ,基本形,た,タ,タ
から	助詞,接続助詞,*,*,*,*,から,カラ,カラ
で	助動詞,*,*,*,特殊・ダ,連用形,だ,デ,デ
ある	助動詞,*,*,*,五段・ラ行アル,基本形,ある,アル,アル
。	記号,句点,*,*,*,*,。,。,。
こうして	接続詞,*,*,*,*,*,こうして,コウシテ,コーシテ
エホアシュ	名詞,一般,*,*,*,*,*
に	助詞,格助詞,一般,*,*,*,に,ニ,ニ
，	記号,読点,*,*,*,*,，,，,，
彼ら	名詞,代名詞,一般,*,*,*,彼ら,カレラ,カレラ
は	助詞,係助詞,*,*,*,*,は,ハ,ワ
裁き	名詞,一般,*,*,*,*,裁き,サバキ,サバキ
を	助詞,格助詞,一般,*,*,*,を,ヲ,ヲ
執行	名詞,サ変接続,*,*,*,*,執行,シッコウ,シッコー
し	動詞,自立,*,*,サ変・スル,連用形,する,シ,シ
た	助動詞,*,*,*,特殊・タ,基本形,た,タ,タ
。	記号,句点,*,*,*,*,。,。,。
そして	接続詞,*,*,*,*,*,そして,ソシテ,ソシテ
，	記号,読点,*,*,*,*,，,，,，
彼ら	名詞,代名詞,一般,*,*,*,彼ら,カレラ,カレラ
が	助詞,格助詞,一般,*,*,*,が,ガ,ガ
[	名詞,サ変接続,*,*,*,*,*
エホアシュ	名詞,一般,*,*,*,*,*
]	名詞,サ変接続,*,*,*,*,*
の	助詞,連体化,*,*,*,*,の,ノ,ノ
もと	名詞,一般,*,*,*,*,もと,モト,モト
から	助詞,格助詞,一般,*,*,*,から,カラ,カラ
去っ	動詞,自立,*,*,五段・ラ行,連用タ接続,去る,サッ,サッ
て	助詞,接続助詞,*,*,*,*,て,テ,テ
行っ	動詞,非自立,*,*,五段・カ行促音便,連用タ接続,行く,イッ,イッ
た	助動詞,*,*,*,特殊・タ,基本形,た,タ,タ
とき	名詞,非自立,副詞可能,*,*,*,とき,トキ,トキ
，	記号,読点,*,*,*,*,，,，,，
（	記号,括弧開,*,*,*,*,（,（,（
彼ら	名詞,代名詞,一般,*,*,*,彼ら,カレラ,カレラ
は	助詞,係助詞,*,*,*,*,は,ハ,ワ
多く	名詞,副詞可能,*,*,*,*,多く,オオク,オーク
の	助詞,連体化,*,*,*,*,の,ノ,ノ
疾患	名詞,一般,*,*,*,*,疾患,シッカン,シッカン
の	助詞,格助詞,一般,*,*,*,の,ノ,ノ
ある	動詞,自立,*,*,五段・ラ行,基本形,ある,アル,アル
彼	名詞,代名詞,一般,*,*,*,彼,カレ,カレ
を	助詞,格助詞,一般,*,*,*,を,ヲ,ヲ
捨て	動詞,自立,*,*,一段,連用形,捨てる,ステ,ステ
た	助動詞,*,*,*,特殊・タ,基本形,た,タ,タ
の	名詞,非自立,一般,*,*,*,の,ノ,ノ
で	助動詞,*,*,*,特殊・ダ,連用形,だ,デ,デ
ある	助動詞,*,*,*,五段・ラ行アル,基本形,ある,アル,アル
が	助詞,接続助詞,*,*,*,*,が,ガ,ガ
，	記号,読点,*,*,*,*,，,，,，
）	記号,括弧閉,*,*,*,*,）,）,）
彼	名詞,代名詞,一般,*,*,*,彼,カレ,カレ
の	助詞,連体化,*,*,*,*,の,ノ,ノ
僕	名詞,代名詞,一般,*,*,*,僕,ボク,ボク
たち	名詞,接尾,一般,*,*,*,たち,タチ,タチ
が	助詞,格助詞,一般,*,*,*,が,ガ,ガ
祭司	名詞,一般,*,*,*,*,祭司,サイシ,サイシ
エホヤダ	名詞,一般,*,*,*,*,*
の	助詞,連体化,*,*,*,*,の,ノ,ノ
子	名詞,一般,*,*,*,*,子,コ,コ
ら	名詞,接尾,一般,*,*,*,ら,ラ,ラ
の	助詞,連体化,*,*,*,*,の,ノ,ノ
血	名詞,一般,*,*,*,*,血,チ,チ
の	助詞,連体化,*,*,*,*,の,ノ,ノ
ため	名詞,非自立,副詞可能,*,*,*,ため,タメ,タメ
に	助詞,格助詞,一般,*,*,*,に,ニ,ニ
彼	名詞,代名詞,一般,*,*,*,彼,カレ,カレ
に対して	助詞,格助詞,連語,*,*,*,に対して,ニタイシテ,ニタイシテ
陰謀	名詞,一般,*,*,*,*,陰謀,インボウ,インボー
を	助詞,格助詞,一般,*,*,*,を,ヲ,ヲ
企て	動詞,自立,*,*,一段,連用形,企てる,クワダテ,クワダテ
て	助詞,接続助詞,*,*,*,*,て,テ,テ
，	記号,読点,*,*,*,*,，,，,，
彼	名詞,代名詞,一般,*,*,*,彼,カレ,カレ
を	助詞,格助詞,一般,*,*,*,を,ヲ,ヲ
その	連体詞,*,*,*,*,*,その,ソノ,ソノ
寝	動詞,自立,*,*,一段,連用形,寝る,ネ,ネ
いす	名詞,一般,*,*,*,*,いす,イス,イス
の	助詞,連体化,*,*,*,*,の,ノ,ノ
上	名詞,非自立,副詞可能,*,*,*,上,ウエ,ウエ
で	助詞,格助詞,一般,*,*,*,で,デ,デ
殺し	動詞,自立,*,*,五段・サ行,連用形,殺す,コロシ,コロシ
た	助動詞,*,*,*,特殊・タ,基本形,た,タ,タ
。	記号,句点,*,*,*,*,。,。,。
こうして	接続詞,*,*,*,*,*,こうして,コウシテ,コーシテ
彼	名詞,代名詞,一般,*,*,*,彼,カレ,カレ
は	助詞,係助詞,*,*,*,*,は,ハ,ワ
死ん	動詞,自立,*,*,五段・ナ行,連用タ接続,死ぬ,シン,シン
だ	助動詞,*,*,*,特殊・タ,基本形,だ,ダ,ダ
。	記号,句点,*,*,*,*,。,。,。
そこで	接続詞,*,*,*,*,*,そこで,ソコデ,ソコデ
人々	名詞,一般,*,*,*,*,人々,ヒトビト,ヒトビト
は	助詞,係助詞,*,*,*,*,は,ハ,ワ
彼	名詞,代名詞,一般,*,*,*,彼,カレ,カレ
を	助詞,格助詞,一般,*,*,*,を,ヲ,ヲ
“	記号,括弧開,*,*,*,*,“,“,“
ダビデ	名詞,一般,*,*,*,*,*
の	助詞,連体化,*,*,*,*,の,ノ,ノ
都市	名詞,一般,*,*,*,*,都市,トシ,トシ
”	記号,括弧閉,*,*,*,*,”,”,”
に	助詞,格助詞,一般,*,*,*,に,ニ,ニ
葬っ	動詞,自立,*,*,五段・ラ行,連用タ接続,葬る,ホウムッ,ホームッ
た	助動詞,*,*,*,特殊・タ,基本形,た,タ,タ
が	助詞,接続助詞,*,*,*,*,が,ガ,ガ
，	記号,読点,*,*,*,*,，,，,，
王	名詞,一般,*,*,*,*,王,オウ,オー
たち	名詞,接尾,一般,*,*,*,たち,タチ,タチ
の	助詞,連体化,*,*,*,*,の,ノ,ノ
埋葬	名詞,サ変接続,*,*,*,*,埋葬,マイソウ,マイソー
所	名詞,接尾,一般,*,*,*,所,ショ,ショ
に	助詞,格助詞,一般,*,*,*,に,ニ,ニ
は	助詞,係助詞,*,*,*,*,は,ハ,ワ
葬ら	動詞,自立,*,*,五段・ラ行,未然形,葬る,ホウムラ,ホームラ
なかっ	助動詞,*,*,*,特殊・ナイ,連用タ接続,ない,ナカッ,ナカッ
た	助動詞,*,*,*,特殊・タ,基本形,た,タ,タ
。	記号,句点,*,*,*,*,。,。,。
そして	接続詞,*,*,*,*,*,そして,ソシテ,ソシテ
，	記号,読点,*,*,*,*,，,，,，
これら	名詞,代名詞,一般,*,*,*,これら,コレラ,コレラ
は	助詞,係助詞,*,*,*,*,は,ハ,ワ
彼	名詞,代名詞,一般,*,*,*,彼,カレ,カレ
に対して	助詞,格助詞,連語,*,*,*,に対して,ニタイシテ,ニタイシテ
陰謀	名詞,一般,*,*,*,*,陰謀,インボウ,インボー
を	助詞,格助詞,一般,*,*,*,を,ヲ,ヲ
企て	動詞,自立,*,*,一段,連用形,企てる,クワダテ,クワダテ
た	助動詞,*,*,*,特殊・タ,基本形,た,タ,タ
者	名詞,一般,*,*,*,*,者,モノ,モノ
たち	名詞,接尾,一般,*,*,*,たち,タチ,タチ
で	助動詞,*,*,*,特殊・ダ,連用形,だ,デ,デ
あっ	助動詞,*,*,*,五段・ラ行アル,連用タ接続,ある,アッ,アッ
た	助動詞,*,*,*,特殊・タ,基本形,た,タ,タ
。	記号,句点,*,*,*,*,。,。,。
すなわち	接続詞,*,*,*,*,*,すなわち,スナワチ,スナワチ
，	記号,読点,*,*,*,*,，,，,，
アンモン	名詞,一般,*,*,*,*,*
人	名詞,接尾,一般,*,*,*,人,ジン,ジン
の	助詞,連体化,*,*,*,*,の,ノ,ノ
女	接頭詞,名詞接続,*,*,*,*,女,ジョ,ジョ
シムアト	名詞,一般,*,*,*,*,*
の	助詞,連体化,*,*,*,*,の,ノ,ノ
子	接頭詞,名詞接続,*,*,*,*,子,コ,コ
ザバド	名詞,一般,*,*,*,*,*
，	記号,読点,*,*,*,*,，,，,，
および	接続詞,*,*,*,*,*,および,オヨビ,オヨビ
モアブ	名詞,一般,*,*,*,*,*
人	名詞,接尾,一般,*,*,*,人,ジン,ジン
の	助詞,連体化,*,*,*,*,の,ノ,ノ
女	接頭詞,名詞接続,*,*,*,*,女,ジョ,ジョ
シムリト	名詞,一般,*,*,*,*,*
の	助詞,連体化,*,*,*,*,の,ノ,ノ
子	接頭詞,名詞接続,*,*,*,*,子,コ,コ
エホザバド	名詞,一般,*,*,*,*,*
で	助動詞,*,*,*,特殊・ダ,連用形,だ,デ,デ
ある	助動詞,*,*,*,五段・ラ行アル,基本形,ある,アル,アル
。	記号,句点,*,*,*,*,。,。,。
彼	名詞,代名詞,一般,*,*,*,彼,カレ,カレ
の	助詞,連体化,*,*,*,*,の,ノ,ノ
子	名詞,一般,*,*,*,*,子,コ,コ
ら	名詞,接尾,一般,*,*,*,ら,ラ,ラ
，	記号,読点,*,*,*,*,，,，,，
彼	名詞,代名詞,一般,*,*,*,彼,カレ,カレ
に対する	助詞,格助詞,連語,*,*,*,に対する,ニタイスル,ニタイスル
おびただしい	形容詞,自立,*,*,形容詞・イ段,基本形,おびただしい,オビタダシイ,オビタダシイ
宣告	名詞,サ変接続,*,*,*,*,宣告,センコク,センコク
および	接続詞,*,*,*,*,*,および,オヨビ,オヨビ
[	名詞,サ変接続,*,*,*,*,*
ま	フィラー,*,*,*,*,*,ま,マ,マ
こと	名詞,非自立,一般,*,*,*,こと,コト,コト
の	助詞,連体化,*,*,*,*,の,ノ,ノ
]	名詞,サ変接続,*,*,*,*,*
神	名詞,接尾,一般,*,*,*,神,シン,シン
の	助詞,連体化,*,*,*,*,の,ノ,ノ
家	名詞,一般,*,*,*,*,家,イエ,イエ
の	助詞,連体化,*,*,*,*,の,ノ,ノ
土台	名詞,一般,*,*,*,*,土台,ドダイ,ドダイ
を	助詞,格助詞,一般,*,*,*,を,ヲ,ヲ
置く	動詞,自立,*,*,五段・カ行イ音便,基本形,置く,オク,オク
こと	名詞,非自立,一般,*,*,*,こと,コト,コト
について	助詞,格助詞,連語,*,*,*,について,ニツイテ,ニツイテ
は	助詞,係助詞,*,*,*,*,は,ハ,ワ
，	記号,読点,*,*,*,*,，,，,，
まさしく	副詞,一般,*,*,*,*,まさしく,マサシク,マサシク
“	記号,括弧開,*,*,*,*,“,“,“
王	名詞,一般,*,*,*,*,王,オウ,オー
たち	名詞,接尾,一般,*,*,*,たち,タチ,タチ
の	助詞,連体化,*,*,*,*,の,ノ,ノ
書	名詞,一般,*,*,*,*,書,ショ,ショ
”	記号,括弧閉,*,*,*,*,”,”,”
の	助詞,連体化,*,*,*,*,の,ノ,ノ
注釈	名詞,サ変接続,*,*,*,*,注釈,チュウシャク,チューシャク
に	助詞,格助詞,一般,*,*,*,に,ニ,ニ
記さ	動詞,自立,*,*,五段・サ行,未然形,記す,シルサ,シルサ
れ	動詞,接尾,*,*,一段,連用形,れる,レ,レ
て	助詞,接続助詞,*,*,*,*,て,テ,テ
いる	動詞,非自立,*,*,一段,基本形,いる,イル,イル
。	記号,句点,*,*,*,*,。,。,。
こうして	接続詞,*,*,*,*,*,こうして,コウシテ,コーシテ
，	記号,読点,*,*,*,*,，,，,，
その	連体詞,*,*,*,*,*,その,ソノ,ソノ
子	名詞,一般,*,*,*,*,子,コ,コ
アマジヤ	名詞,一般,*,*,*,*,*
が	助詞,格助詞,一般,*,*,*,が,ガ,ガ
彼	名詞,代名詞,一般,*,*,*,彼,カレ,カレ
に	助詞,格助詞,一般,*,*,*,に,ニ,ニ
代わっ	動詞,自立,*,*,五段・ラ行,連用タ接続,代わる,カワッ,カワッ
て	助詞,接続助詞,*,*,*,*,て,テ,テ
治め	動詞,自立,*,*,一段,連用形,治める,オサメ,オサメ
はじめ	動詞,非自立,*,*,一段,連用形,はじめる,ハジメ,ハジメ
た	助動詞,*,*,*,特殊・タ,基本形,た,タ,タ
。	記号,句点,*,*,*,*,。,。,。
EOS
