ヤラベアム	名詞,一般,*,*,*,*,*
王	名詞,接尾,一般,*,*,*,王,オウ,オー
の	助詞,連体化,*,*,*,*,の,ノ,ノ
第	接頭詞,数接続,*,*,*,*,第,ダイ,ダイ
十	名詞,数,*,*,*,*,十,ジュウ,ジュー
八	名詞,数,*,*,*,*,八,ハチ,ハチ
年	名詞,接尾,助数詞,*,*,*,年,ネン,ネン
の	助詞,連体化,*,*,*,*,の,ノ,ノ
こと	名詞,非自立,一般,*,*,*,こと,コト,コト
，	記号,読点,*,*,*,*,，,，,，
アビヤ	名詞,一般,*,*,*,*,*
は	助詞,係助詞,*,*,*,*,は,ハ,ワ
ユダ	名詞,一般,*,*,*,*,*
を	助詞,格助詞,一般,*,*,*,を,ヲ,ヲ
治め	動詞,自立,*,*,一段,連用形,治める,オサメ,オサメ
はじめ	動詞,非自立,*,*,一段,連用形,はじめる,ハジメ,ハジメ
た	助動詞,*,*,*,特殊・タ,基本形,た,タ,タ
。	記号,句点,*,*,*,*,。,。,。
彼	名詞,代名詞,一般,*,*,*,彼,カレ,カレ
は	助詞,係助詞,*,*,*,*,は,ハ,ワ
エルサレム	名詞,固有名詞,地域,一般,*,*,エルサレム,エルサレム,エルサレム
で	助詞,格助詞,一般,*,*,*,で,デ,デ
三	名詞,数,*,*,*,*,三,サン,サン
年	名詞,接尾,助数詞,*,*,*,年,ネン,ネン
治め	動詞,自立,*,*,一段,連用形,治める,オサメ,オサメ
た	助動詞,*,*,*,特殊・タ,基本形,た,タ,タ
。	記号,句点,*,*,*,*,。,。,。
彼	名詞,代名詞,一般,*,*,*,彼,カレ,カレ
の	助詞,連体化,*,*,*,*,の,ノ,ノ
母	名詞,一般,*,*,*,*,母,ハハ,ハハ
の	助詞,連体化,*,*,*,*,の,ノ,ノ
名	名詞,一般,*,*,*,*,名,ナ,ナ
は	助詞,係助詞,*,*,*,*,は,ハ,ワ
ミ	名詞,一般,*,*,*,*,ミ,ミ,ミ
カヤ	名詞,一般,*,*,*,*,カヤ,カヤ,カヤ
と	助詞,格助詞,引用,*,*,*,と,ト,ト
いっ	動詞,自立,*,*,五段・ワ行促音便,連用タ接続,いう,イッ,イッ
て	助詞,接続助詞,*,*,*,*,て,テ,テ
，	記号,読点,*,*,*,*,，,，,，
ギベア	名詞,一般,*,*,*,*,*
の	助詞,連体化,*,*,*,*,の,ノ,ノ
ウリエル	名詞,一般,*,*,*,*,*
の	助詞,連体化,*,*,*,*,の,ノ,ノ
娘	名詞,一般,*,*,*,*,娘,ムスメ,ムスメ
で	助動詞,*,*,*,特殊・ダ,連用形,だ,デ,デ
あっ	助動詞,*,*,*,五段・ラ行アル,連用タ接続,ある,アッ,アッ
た	助動詞,*,*,*,特殊・タ,基本形,た,タ,タ
。	記号,句点,*,*,*,*,。,。,。
とき	名詞,非自立,副詞可能,*,*,*,とき,トキ,トキ
に	助詞,格助詞,一般,*,*,*,に,ニ,ニ
，	記号,読点,*,*,*,*,，,，,，
アビヤ	名詞,一般,*,*,*,*,*
と	助詞,並立助詞,*,*,*,*,と,ト,ト
ヤラベアム	名詞,一般,*,*,*,*,*
と	助詞,格助詞,一般,*,*,*,と,ト,ト
の	助詞,連体化,*,*,*,*,の,ノ,ノ
間	名詞,一般,*,*,*,*,間,マ,マ
に	助詞,格助詞,一般,*,*,*,に,ニ,ニ
戦争	名詞,サ変接続,*,*,*,*,戦争,センソウ,センソー
が	助詞,格助詞,一般,*,*,*,が,ガ,ガ
起き	動詞,自立,*,*,一段,連用形,起きる,オキ,オキ
た	助動詞,*,*,*,特殊・タ,基本形,た,タ,タ
。	記号,句点,*,*,*,*,。,。,。
そこで	接続詞,*,*,*,*,*,そこで,ソコデ,ソコデ
，	記号,読点,*,*,*,*,，,，,，
アビヤ	名詞,一般,*,*,*,*,*
は	助詞,係助詞,*,*,*,*,は,ハ,ワ
四	名詞,数,*,*,*,*,四,ヨン,ヨン
十	名詞,数,*,*,*,*,十,ジュウ,ジュー
万	名詞,数,*,*,*,*,万,マン,マン
の	助詞,連体化,*,*,*,*,の,ノ,ノ
力	名詞,一般,*,*,*,*,力,チカラ,チカラ
ある	動詞,自立,*,*,五段・ラ行,基本形,ある,アル,アル
戦	名詞,一般,*,*,*,*,戦,セン,セン
人	名詞,接尾,一般,*,*,*,人,ジン,ジン
，	記号,読点,*,*,*,*,，,，,，
選ば	動詞,自立,*,*,五段・バ行,未然形,選ぶ,エラバ,エラバ
れ	動詞,接尾,*,*,一段,連用形,れる,レ,レ
た	助動詞,*,*,*,特殊・タ,基本形,た,タ,タ
者	名詞,一般,*,*,*,*,者,モノ,モノ
たち	名詞,接尾,一般,*,*,*,たち,タチ,タチ
の	助詞,連体化,*,*,*,*,の,ノ,ノ
軍勢	名詞,一般,*,*,*,*,軍勢,グンゼイ,グンゼイ
を	助詞,格助詞,一般,*,*,*,を,ヲ,ヲ
率い	動詞,自立,*,*,一段,連用形,率いる,ヒキイ,ヒキイ
て	助詞,接続助詞,*,*,*,*,て,テ,テ
戦い	名詞,一般,*,*,*,*,戦い,タタカイ,タタカイ
を	助詞,格助詞,一般,*,*,*,を,ヲ,ヲ
交え	動詞,自立,*,*,一段,連用形,交える,マジエ,マジエ
た	助動詞,*,*,*,特殊・タ,基本形,た,タ,タ
。	記号,句点,*,*,*,*,。,。,。
そして	接続詞,*,*,*,*,*,そして,ソシテ,ソシテ
，	記号,読点,*,*,*,*,，,，,，
ヤラベアム	名詞,一般,*,*,*,*,*
も	助詞,係助詞,*,*,*,*,も,モ,モ
，	記号,読点,*,*,*,*,，,，,，
八	名詞,数,*,*,*,*,八,ハチ,ハチ
十	名詞,数,*,*,*,*,十,ジュウ,ジュー
万	名詞,数,*,*,*,*,万,マン,マン
の	助詞,連体化,*,*,*,*,の,ノ,ノ
選ば	動詞,自立,*,*,五段・バ行,未然形,選ぶ,エラバ,エラバ
れ	動詞,接尾,*,*,一段,連用形,れる,レ,レ
た	助動詞,*,*,*,特殊・タ,基本形,た,タ,タ
者	名詞,一般,*,*,*,*,者,モノ,モノ
たち	名詞,接尾,一般,*,*,*,たち,タチ,タチ
，	記号,読点,*,*,*,*,，,，,，
勇敢	名詞,形容動詞語幹,*,*,*,*,勇敢,ユウカン,ユーカン
で	助動詞,*,*,*,特殊・ダ,連用形,だ,デ,デ
力	名詞,一般,*,*,*,*,力,チカラ,チカラ
の	助詞,格助詞,一般,*,*,*,の,ノ,ノ
ある	動詞,自立,*,*,五段・ラ行,基本形,ある,アル,アル
者	名詞,一般,*,*,*,*,者,モノ,モノ
たち	名詞,接尾,一般,*,*,*,たち,タチ,タチ
を	助詞,格助詞,一般,*,*,*,を,ヲ,ヲ
率い	動詞,自立,*,*,一段,連用形,率いる,ヒキイ,ヒキイ
て	助詞,接続助詞,*,*,*,*,て,テ,テ
戦闘	名詞,サ変接続,*,*,*,*,戦闘,セントウ,セントー
隊形	名詞,一般,*,*,*,*,隊形,タイケイ,タイケイ
を	助詞,格助詞,一般,*,*,*,を,ヲ,ヲ
整え	動詞,自立,*,*,一段,連用形,整える,トトノエ,トトノエ
た	助動詞,*,*,*,特殊・タ,基本形,た,タ,タ
。	記号,句点,*,*,*,*,。,。,。
さて	接続詞,*,*,*,*,*,さて,サテ,サテ
，	記号,読点,*,*,*,*,，,，,，
アビヤ	名詞,一般,*,*,*,*,*
は	助詞,係助詞,*,*,*,*,は,ハ,ワ
エフライム	名詞,一般,*,*,*,*,*
の	助詞,連体化,*,*,*,*,の,ノ,ノ
山地	名詞,一般,*,*,*,*,山地,サンチ,サンチ
に	助詞,格助詞,一般,*,*,*,に,ニ,ニ
ある	動詞,自立,*,*,五段・ラ行,基本形,ある,アル,アル
ツェマライム	名詞,一般,*,*,*,*,*
山の上	名詞,固有名詞,地域,一般,*,*,山の上,ヤマノウエ,ヤマノウエ
に	助詞,格助詞,一般,*,*,*,に,ニ,ニ
立ち上がっ	動詞,自立,*,*,五段・ラ行,連用タ接続,立ち上がる,タチアガッ,タチアガッ
て	助詞,接続助詞,*,*,*,*,て,テ,テ
，	記号,読点,*,*,*,*,，,，,，
言っ	動詞,自立,*,*,五段・ワ行促音便,連用タ接続,言う,イッ,イッ
た	助動詞,*,*,*,特殊・タ,基本形,た,タ,タ
，	記号,読点,*,*,*,*,，,，,，
「	記号,括弧開,*,*,*,*,「,「,「
ヤラベアム	名詞,一般,*,*,*,*,*
および	接続詞,*,*,*,*,*,および,オヨビ,オヨビ
全	接頭詞,名詞接続,*,*,*,*,全,ゼン,ゼン
イスラエル	名詞,固有名詞,地域,国,*,*,イスラエル,イスラエル,イスラエル
よ	助詞,終助詞,*,*,*,*,よ,ヨ,ヨ
，	記号,読点,*,*,*,*,，,，,，
わたし	名詞,代名詞,一般,*,*,*,わたし,ワタシ,ワタシ
[	名詞,サ変接続,*,*,*,*,*
の	助詞,格助詞,一般,*,*,*,の,ノ,ノ
言う	動詞,自立,*,*,五段・ワ行促音便,基本形,言う,イウ,イウ
こと	名詞,非自立,一般,*,*,*,こと,コト,コト
]	名詞,サ変接続,*,*,*,*,*
を	助詞,格助詞,一般,*,*,*,を,ヲ,ヲ
聞け	動詞,自立,*,*,五段・カ行イ音便,命令ｅ,聞く,キケ,キケ
。	記号,句点,*,*,*,*,。,。,。
イスラエル	名詞,固有名詞,地域,国,*,*,イスラエル,イスラエル,イスラエル
の	助詞,連体化,*,*,*,*,の,ノ,ノ
神	名詞,一般,*,*,*,*,神,カミ,カミ
エホバ	名詞,一般,*,*,*,*,エホバ,エホバ,エホバ
が	助詞,格助詞,一般,*,*,*,が,ガ,ガ
，	記号,読点,*,*,*,*,，,，,，
イスラエル	名詞,固有名詞,地域,国,*,*,イスラエル,イスラエル,イスラエル
の	助詞,連体化,*,*,*,*,の,ノ,ノ
王国	名詞,一般,*,*,*,*,王国,オウコク,オーコク
を	助詞,格助詞,一般,*,*,*,を,ヲ,ヲ
定め	名詞,一般,*,*,*,*,定め,サダメ,サダメ
の	助詞,格助詞,一般,*,*,*,の,ノ,ノ
ない	形容詞,自立,*,*,形容詞・アウオ段,基本形,ない,ナイ,ナイ
時	名詞,非自立,副詞可能,*,*,*,時,トキ,トキ
まで	助詞,副助詞,*,*,*,*,まで,マデ,マデ
も	助詞,係助詞,*,*,*,*,も,モ,モ
ダビデ	名詞,一般,*,*,*,*,*
に	助詞,格助詞,一般,*,*,*,に,ニ,ニ
，	記号,読点,*,*,*,*,，,，,，
すなわち	接続詞,*,*,*,*,*,すなわち,スナワチ,スナワチ
塩	名詞,一般,*,*,*,*,塩,シオ,シオ
の	助詞,連体化,*,*,*,*,の,ノ,ノ
契約	名詞,サ変接続,*,*,*,*,契約,ケイヤク,ケイヤク
によって	助詞,格助詞,連語,*,*,*,によって,ニヨッテ,ニヨッテ
彼	名詞,代名詞,一般,*,*,*,彼,カレ,カレ
と	助詞,格助詞,一般,*,*,*,と,ト,ト
その	連体詞,*,*,*,*,*,その,ソノ,ソノ
子	名詞,一般,*,*,*,*,子,コ,コ
ら	名詞,接尾,一般,*,*,*,ら,ラ,ラ
と	助詞,並立助詞,*,*,*,*,と,ト,ト
に	助詞,格助詞,一般,*,*,*,に,ニ,ニ
与え	動詞,自立,*,*,一段,未然形,与える,アタエ,アタエ
られ	動詞,接尾,*,*,一段,連用形,られる,ラレ,ラレ
た	助動詞,*,*,*,特殊・タ,基本形,た,タ,タ
こと	名詞,非自立,一般,*,*,*,こと,コト,コト
を	助詞,格助詞,一般,*,*,*,を,ヲ,ヲ
，	記号,読点,*,*,*,*,，,，,，
あなた	名詞,代名詞,一般,*,*,*,あなた,アナタ,アナタ
方	名詞,接尾,一般,*,*,*,方,カタ,カタ
は	助詞,係助詞,*,*,*,*,は,ハ,ワ
知っ	動詞,自立,*,*,五段・ラ行,連用タ接続,知る,シッ,シッ
て	助詞,接続助詞,*,*,*,*,て,テ,テ
いる	動詞,非自立,*,*,一段,基本形,いる,イル,イル
べき	助動詞,*,*,*,文語・ベシ,体言接続,べし,ベキ,ベキ
で	助動詞,*,*,*,特殊・ダ,連用形,だ,デ,デ
は	助詞,係助詞,*,*,*,*,は,ハ,ワ
ない	助動詞,*,*,*,特殊・ナイ,基本形,ない,ナイ,ナイ
か	助詞,副助詞／並立助詞／終助詞,*,*,*,*,か,カ,カ
。	記号,句点,*,*,*,*,。,。,。
ところが	接続詞,*,*,*,*,*,ところが,トコロガ,トコロガ
，	記号,読点,*,*,*,*,，,，,，
ダビデ	名詞,一般,*,*,*,*,*
の	助詞,連体化,*,*,*,*,の,ノ,ノ
子	接頭詞,名詞接続,*,*,*,*,子,コ,コ
ソロモン	名詞,固有名詞,地域,国,*,*,ソロモン,ソロモン,ソロモン
の	助詞,連体化,*,*,*,*,の,ノ,ノ
僕	名詞,代名詞,一般,*,*,*,僕,ボク,ボク
で	助動詞,*,*,*,特殊・ダ,連用形,だ,デ,デ
ある	助動詞,*,*,*,五段・ラ行アル,基本形,ある,アル,アル
，	記号,読点,*,*,*,*,，,，,，
ネバト	名詞,一般,*,*,*,*,*
の	助詞,連体化,*,*,*,*,の,ノ,ノ
子	接頭詞,名詞接続,*,*,*,*,子,コ,コ
ヤラベアム	名詞,一般,*,*,*,*,*
が	助詞,格助詞,一般,*,*,*,が,ガ,ガ
立ち上がっ	動詞,自立,*,*,五段・ラ行,連用タ接続,立ち上がる,タチアガッ,タチアガッ
て	助詞,接続助詞,*,*,*,*,て,テ,テ
，	記号,読点,*,*,*,*,，,，,，
その	連体詞,*,*,*,*,*,その,ソノ,ソノ
主	名詞,形容動詞語幹,*,*,*,*,主,オモ,オモ
に	助詞,副詞化,*,*,*,*,に,ニ,ニ
背い	動詞,自立,*,*,五段・カ行イ音便,連用タ接続,背く,ソムイ,ソムイ
た	助動詞,*,*,*,特殊・タ,基本形,た,タ,タ
。	記号,句点,*,*,*,*,。,。,。
そして	接続詞,*,*,*,*,*,そして,ソシテ,ソシテ
，	記号,読点,*,*,*,*,，,，,，
その	連体詞,*,*,*,*,*,その,ソノ,ソノ
そば	名詞,一般,*,*,*,*,そば,ソバ,ソバ
に	助詞,格助詞,一般,*,*,*,に,ニ,ニ
は	助詞,係助詞,*,*,*,*,は,ハ,ワ
，	記号,読点,*,*,*,*,，,，,，
怠け者	名詞,一般,*,*,*,*,怠け者,ナマケモノ,ナマケモノ
，	記号,読点,*,*,*,*,，,，,，
どう	副詞,助詞類接続,*,*,*,*,どう,ドウ,ドー
しよう	名詞,一般,*,*,*,*,しよう,シヨウ,シヨー
も	助詞,係助詞,*,*,*,*,も,モ,モ
ない	形容詞,自立,*,*,形容詞・アウオ段,基本形,ない,ナイ,ナイ
者	名詞,一般,*,*,*,*,者,モノ,モノ
たち	名詞,接尾,一般,*,*,*,たち,タチ,タチ
が	助詞,格助詞,一般,*,*,*,が,ガ,ガ
集合	名詞,サ変接続,*,*,*,*,集合,シュウゴウ,シューゴー
し	動詞,自立,*,*,サ変・スル,連用形,する,シ,シ
続け	動詞,非自立,*,*,一段,連用形,続ける,ツヅケ,ツズケ
た	助動詞,*,*,*,特殊・タ,基本形,た,タ,タ
。	記号,句点,*,*,*,*,。,。,。
ついに	副詞,一般,*,*,*,*,ついに,ツイニ,ツイニ
彼ら	名詞,代名詞,一般,*,*,*,彼ら,カレラ,カレラ
は	助詞,係助詞,*,*,*,*,は,ハ,ワ
ソロモン	名詞,固有名詞,地域,国,*,*,ソロモン,ソロモン,ソロモン
の	助詞,連体化,*,*,*,*,の,ノ,ノ
子	接頭詞,名詞接続,*,*,*,*,子,コ,コ
レハベアム	名詞,一般,*,*,*,*,*
より	助詞,格助詞,一般,*,*,*,より,ヨリ,ヨリ
優勢	名詞,形容動詞語幹,*,*,*,*,優勢,ユウセイ,ユーセイ
に	助詞,格助詞,一般,*,*,*,に,ニ,ニ
なっ	動詞,自立,*,*,五段・ラ行,連用タ接続,なる,ナッ,ナッ
た	助動詞,*,*,*,特殊・タ,基本形,た,タ,タ
が	助詞,接続助詞,*,*,*,*,が,ガ,ガ
，	記号,読点,*,*,*,*,，,，,，
レハベアム	名詞,一般,*,*,*,*,*
は	助詞,係助詞,*,*,*,*,は,ハ,ワ
若く	形容詞,自立,*,*,形容詞・アウオ段,連用テ接続,若い,ワカク,ワカク
て	助詞,接続助詞,*,*,*,*,て,テ,テ
，	記号,読点,*,*,*,*,，,，,，
気弱	名詞,形容動詞語幹,*,*,*,*,気弱,キヨワ,キヨワ
だっ	助動詞,*,*,*,特殊・ダ,連用タ接続,だ,ダッ,ダッ
た	助動詞,*,*,*,特殊・タ,基本形,た,タ,タ
ので	助詞,接続助詞,*,*,*,*,ので,ノデ,ノデ
，	記号,読点,*,*,*,*,，,，,，
彼ら	名詞,代名詞,一般,*,*,*,彼ら,カレラ,カレラ
に	助詞,格助詞,一般,*,*,*,に,ニ,ニ
対抗	名詞,サ変接続,*,*,*,*,対抗,タイコウ,タイコー
し	動詞,自立,*,*,サ変・スル,連用形,する,シ,シ
て	助詞,接続助詞,*,*,*,*,て,テ,テ
持ちこたえ	動詞,自立,*,*,一段,未然形,持ちこたえる,モチコタエ,モチコタエ
られ	動詞,接尾,*,*,一段,未然形,られる,ラレ,ラレ
なかっ	助動詞,*,*,*,特殊・ナイ,連用タ接続,ない,ナカッ,ナカッ
た	助動詞,*,*,*,特殊・タ,基本形,た,タ,タ
。	記号,句点,*,*,*,*,。,。,。
「	記号,括弧開,*,*,*,*,「,「,「
そこで	接続詞,*,*,*,*,*,そこで,ソコデ,ソコデ
今	名詞,副詞可能,*,*,*,*,今,イマ,イマ
，	記号,読点,*,*,*,*,，,，,，
あなた	名詞,代名詞,一般,*,*,*,あなた,アナタ,アナタ
方	名詞,接尾,一般,*,*,*,方,カタ,カタ
は	助詞,係助詞,*,*,*,*,は,ハ,ワ
ダビデ	名詞,一般,*,*,*,*,*
の	助詞,連体化,*,*,*,*,の,ノ,ノ
子	名詞,一般,*,*,*,*,子,コ,コ
ら	名詞,接尾,一般,*,*,*,ら,ラ,ラ
の	助詞,連体化,*,*,*,*,の,ノ,ノ
手	名詞,一般,*,*,*,*,手,テ,テ
に	助詞,格助詞,一般,*,*,*,に,ニ,ニ
ある	動詞,自立,*,*,五段・ラ行,基本形,ある,アル,アル
エホバ	名詞,一般,*,*,*,*,エホバ,エホバ,エホバ
の	助詞,連体化,*,*,*,*,の,ノ,ノ
王国	名詞,一般,*,*,*,*,王国,オウコク,オーコク
に	助詞,格助詞,一般,*,*,*,に,ニ,ニ
対抗	名詞,サ変接続,*,*,*,*,対抗,タイコウ,タイコー
し	動詞,自立,*,*,サ変・スル,連用形,する,シ,シ
て	助詞,接続助詞,*,*,*,*,て,テ,テ
持ちこたえ	動詞,自立,*,*,一段,未然形,持ちこたえる,モチコタエ,モチコタエ
られる	動詞,接尾,*,*,一段,基本形,られる,ラレル,ラレル
と	助詞,格助詞,引用,*,*,*,と,ト,ト
考え	動詞,自立,*,*,一段,連用形,考える,カンガエ,カンガエ
て	助詞,接続助詞,*,*,*,*,て,テ,テ
おり	動詞,非自立,*,*,五段・ラ行,連用形,おる,オリ,オリ
，	記号,読点,*,*,*,*,，,，,，
それに	接続詞,*,*,*,*,*,それに,ソレニ,ソレニ
あなた	名詞,代名詞,一般,*,*,*,あなた,アナタ,アナタ
方	名詞,接尾,一般,*,*,*,方,カタ,カタ
は	助詞,係助詞,*,*,*,*,は,ハ,ワ
大群	名詞,一般,*,*,*,*,大群,タイグン,タイグン
で	助動詞,*,*,*,特殊・ダ,連用形,だ,デ,デ
あり	助動詞,*,*,*,五段・ラ行アル,連用形,ある,アリ,アリ
，	記号,読点,*,*,*,*,，,，,，
ヤラベアム	名詞,一般,*,*,*,*,*
が	助詞,格助詞,一般,*,*,*,が,ガ,ガ
あなた	名詞,代名詞,一般,*,*,*,あなた,アナタ,アナタ
方	名詞,接尾,一般,*,*,*,方,カタ,カタ
の	助詞,連体化,*,*,*,*,の,ノ,ノ
ため	名詞,非自立,副詞可能,*,*,*,ため,タメ,タメ
に	助詞,格助詞,一般,*,*,*,に,ニ,ニ
神	名詞,一般,*,*,*,*,神,カミ,カミ
々	記号,一般,*,*,*,*,々,々,々
として	助詞,格助詞,連語,*,*,*,として,トシテ,トシテ
造っ	動詞,自立,*,*,五段・ラ行,連用タ接続,造る,ツクッ,ツクッ
た	助動詞,*,*,*,特殊・タ,基本形,た,タ,タ
金	名詞,一般,*,*,*,*,金,キン,キン
の	助詞,連体化,*,*,*,*,の,ノ,ノ
子	接頭詞,名詞接続,*,*,*,*,子,コ,コ
牛	名詞,一般,*,*,*,*,牛,ウシ,ウシ
も	助詞,係助詞,*,*,*,*,も,モ,モ
あなた	名詞,代名詞,一般,*,*,*,あなた,アナタ,アナタ
方	名詞,接尾,一般,*,*,*,方,カタ,カタ
と共に	助詞,格助詞,連語,*,*,*,と共に,トトモニ,トトモニ
ある	動詞,自立,*,*,五段・ラ行,基本形,ある,アル,アル
。	記号,句点,*,*,*,*,。,。,。
あなた	名詞,代名詞,一般,*,*,*,あなた,アナタ,アナタ
方	名詞,接尾,一般,*,*,*,方,カタ,カタ
は	助詞,係助詞,*,*,*,*,は,ハ,ワ
アロン	名詞,一般,*,*,*,*,アロン,アロン,アロン
の	助詞,連体化,*,*,*,*,の,ノ,ノ
子	名詞,一般,*,*,*,*,子,コ,コ
ら	名詞,接尾,一般,*,*,*,ら,ラ,ラ
で	助動詞,*,*,*,特殊・ダ,連用形,だ,デ,デ
ある	助動詞,*,*,*,五段・ラ行アル,基本形,ある,アル,アル
エホバ	名詞,一般,*,*,*,*,エホバ,エホバ,エホバ
の	助詞,連体化,*,*,*,*,の,ノ,ノ
祭司	名詞,一般,*,*,*,*,祭司,サイシ,サイシ
たち	名詞,接尾,一般,*,*,*,たち,タチ,タチ
と	助詞,並立助詞,*,*,*,*,と,ト,ト
レビ	名詞,固有名詞,人名,姓,*,*,レビ,レビ,レビ
人	名詞,接尾,一般,*,*,*,人,ジン,ジン
を	助詞,格助詞,一般,*,*,*,を,ヲ,ヲ
追い出し	動詞,自立,*,*,五段・サ行,連用形,追い出す,オイダシ,オイダシ
た	助動詞,*,*,*,特殊・タ,基本形,た,タ,タ
で	助動詞,*,*,*,特殊・ダ,連用形,だ,デ,デ
は	助詞,係助詞,*,*,*,*,は,ハ,ワ
ない	助動詞,*,*,*,特殊・ナイ,基本形,ない,ナイ,ナイ
か	助詞,副助詞／並立助詞／終助詞,*,*,*,*,か,カ,カ
。	記号,句点,*,*,*,*,。,。,。
地	名詞,一般,*,*,*,*,地,チ,チ
の	助詞,連体化,*,*,*,*,の,ノ,ノ
もろもろ	名詞,一般,*,*,*,*,もろもろ,モロモロ,モロモロ
の	助詞,連体化,*,*,*,*,の,ノ,ノ
民	名詞,一般,*,*,*,*,民,ミン,ミン
と	助詞,並立助詞,*,*,*,*,と,ト,ト
同様	名詞,形容動詞語幹,*,*,*,*,同様,ドウヨウ,ドーヨー
，	記号,読点,*,*,*,*,，,，,，
自分	名詞,一般,*,*,*,*,自分,ジブン,ジブン
たち	名詞,接尾,一般,*,*,*,たち,タチ,タチ
の	助詞,連体化,*,*,*,*,の,ノ,ノ
ため	名詞,非自立,副詞可能,*,*,*,ため,タメ,タメ
に	助詞,格助詞,一般,*,*,*,に,ニ,ニ
祭司	名詞,一般,*,*,*,*,祭司,サイシ,サイシ
を	助詞,格助詞,一般,*,*,*,を,ヲ,ヲ
任じ	動詞,自立,*,*,一段,連用形,任じる,ニンジ,ニンジ
て	助詞,接続助詞,*,*,*,*,て,テ,テ
いる	動詞,非自立,*,*,一段,基本形,いる,イル,イル
で	助動詞,*,*,*,特殊・ダ,連用形,だ,デ,デ
は	助詞,係助詞,*,*,*,*,は,ハ,ワ
ない	助動詞,*,*,*,特殊・ナイ,基本形,ない,ナイ,ナイ
か	助詞,副助詞／並立助詞／終助詞,*,*,*,*,か,カ,カ
。	記号,句点,*,*,*,*,。,。,。
だれ	名詞,代名詞,一般,*,*,*,だれ,ダレ,ダレ
でも	助詞,副助詞,*,*,*,*,でも,デモ,デモ
来	動詞,自立,*,*,カ変・来ル,連用形,来る,キ,キ
て	助詞,接続助詞,*,*,*,*,て,テ,テ
，	記号,読点,*,*,*,*,，,，,，
若い	形容詞,自立,*,*,形容詞・アウオ段,基本形,若い,ワカイ,ワカイ
雄	接頭詞,名詞接続,*,*,*,*,雄,オ,オ
牛	名詞,一般,*,*,*,*,牛,ウシ,ウシ
一	名詞,数,*,*,*,*,一,イチ,イチ
頭	名詞,接尾,助数詞,*,*,*,頭,トウ,トー
と	助詞,並立助詞,*,*,*,*,と,ト,ト
雄	名詞,一般,*,*,*,*,雄,ユウ,ユー
羊	名詞,一般,*,*,*,*,羊,ヒツジ,ヒツジ
七	名詞,数,*,*,*,*,七,ナナ,ナナ
頭	名詞,接尾,助数詞,*,*,*,頭,トウ,トー
によって	助詞,格助詞,連語,*,*,*,によって,ニヨッテ,ニヨッテ
その	連体詞,*,*,*,*,*,その,ソノ,ソノ
手	名詞,一般,*,*,*,*,手,テ,テ
に	助詞,格助詞,一般,*,*,*,に,ニ,ニ
権能	名詞,一般,*,*,*,*,権能,ケンノウ,ケンノー
を	助詞,格助詞,一般,*,*,*,を,ヲ,ヲ
満たし	動詞,自立,*,*,五段・サ行,連用形,満たす,ミタシ,ミタシ
た	助動詞,*,*,*,特殊・タ,基本形,た,タ,タ
者	名詞,非自立,一般,*,*,*,者,モノ,モノ
は	助詞,係助詞,*,*,*,*,は,ハ,ワ
，	記号,読点,*,*,*,*,，,，,，
神	名詞,一般,*,*,*,*,神,カミ,カミ
で	助詞,格助詞,一般,*,*,*,で,デ,デ
は	助詞,係助詞,*,*,*,*,は,ハ,ワ
ない	形容詞,自立,*,*,形容詞・アウオ段,基本形,ない,ナイ,ナイ
もの	名詞,非自立,一般,*,*,*,もの,モノ,モノ
の	助詞,連体化,*,*,*,*,の,ノ,ノ
祭司	名詞,一般,*,*,*,*,祭司,サイシ,サイシ
と	助詞,格助詞,一般,*,*,*,と,ト,ト
なっ	動詞,自立,*,*,五段・ラ行,連用タ接続,なる,ナッ,ナッ
た	助動詞,*,*,*,特殊・タ,基本形,た,タ,タ
の	名詞,非自立,一般,*,*,*,の,ノ,ノ
で	助動詞,*,*,*,特殊・ダ,連用形,だ,デ,デ
ある	助動詞,*,*,*,五段・ラ行アル,基本形,ある,アル,アル
。	記号,句点,*,*,*,*,。,。,。
わたし	名詞,代名詞,一般,*,*,*,わたし,ワタシ,ワタシ
たち	名詞,接尾,一般,*,*,*,たち,タチ,タチ
について	助詞,格助詞,連語,*,*,*,について,ニツイテ,ニツイテ
いえ	動詞,自立,*,*,五段・ワ行促音便,仮定形,いう,イエ,イエ
ば	助詞,接続助詞,*,*,*,*,ば,バ,バ
，	記号,読点,*,*,*,*,，,，,，
エホバ	名詞,一般,*,*,*,*,エホバ,エホバ,エホバ
が	助詞,格助詞,一般,*,*,*,が,ガ,ガ
わたし	名詞,代名詞,一般,*,*,*,わたし,ワタシ,ワタシ
たち	名詞,接尾,一般,*,*,*,たち,タチ,タチ
の	助詞,連体化,*,*,*,*,の,ノ,ノ
神	名詞,一般,*,*,*,*,神,カミ,カミ
で	助動詞,*,*,*,特殊・ダ,連用形,だ,デ,デ
あり	助動詞,*,*,*,五段・ラ行アル,連用形,ある,アリ,アリ
，	記号,読点,*,*,*,*,，,，,，
わたし	名詞,代名詞,一般,*,*,*,わたし,ワタシ,ワタシ
たち	名詞,接尾,一般,*,*,*,たち,タチ,タチ
は	助詞,係助詞,*,*,*,*,は,ハ,ワ
この	連体詞,*,*,*,*,*,この,コノ,コノ
方	名詞,非自立,一般,*,*,*,方,ホウ,ホー
を	助詞,格助詞,一般,*,*,*,を,ヲ,ヲ
捨て	動詞,自立,*,*,一段,未然形,捨てる,ステ,ステ
なかっ	助動詞,*,*,*,特殊・ナイ,連用タ接続,ない,ナカッ,ナカッ
た	助動詞,*,*,*,特殊・タ,基本形,た,タ,タ
。	記号,句点,*,*,*,*,。,。,。
それ	名詞,代名詞,一般,*,*,*,それ,ソレ,ソレ
に	助詞,格助詞,一般,*,*,*,に,ニ,ニ
祭司	名詞,一般,*,*,*,*,祭司,サイシ,サイシ
たち	名詞,接尾,一般,*,*,*,たち,タチ,タチ
は	助詞,係助詞,*,*,*,*,は,ハ,ワ
エホバ	名詞,一般,*,*,*,*,エホバ,エホバ,エホバ
に	助詞,格助詞,一般,*,*,*,に,ニ,ニ
奉仕	名詞,サ変接続,*,*,*,*,奉仕,ホウシ,ホーシ
し	動詞,自立,*,*,サ変・スル,連用形,する,シ,シ
て	助詞,接続助詞,*,*,*,*,て,テ,テ
おり	動詞,非自立,*,*,五段・ラ行,連用形,おる,オリ,オリ
，	記号,読点,*,*,*,*,，,，,，
アロン	名詞,一般,*,*,*,*,アロン,アロン,アロン
の	助詞,連体化,*,*,*,*,の,ノ,ノ
子	名詞,一般,*,*,*,*,子,コ,コ
ら	名詞,接尾,一般,*,*,*,ら,ラ,ラ
で	助動詞,*,*,*,特殊・ダ,連用形,だ,デ,デ
あっ	助動詞,*,*,*,五段・ラ行アル,連用タ接続,ある,アッ,アッ
て	助詞,接続助詞,*,*,*,*,て,テ,テ
，	記号,読点,*,*,*,*,，,，,，
レビ	名詞,固有名詞,人名,姓,*,*,レビ,レビ,レビ
人	名詞,接尾,一般,*,*,*,人,ジン,ジン
も	助詞,係助詞,*,*,*,*,も,モ,モ
また	接続詞,*,*,*,*,*,また,マタ,マタ
仕事	名詞,サ変接続,*,*,*,*,仕事,シゴト,シゴト
に	助詞,格助詞,一般,*,*,*,に,ニ,ニ
就い	動詞,自立,*,*,五段・カ行イ音便,連用タ接続,就く,ツイ,ツイ
て	助詞,接続助詞,*,*,*,*,て,テ,テ
いる	動詞,非自立,*,*,一段,基本形,いる,イル,イル
。	記号,句点,*,*,*,*,。,。,。
そして	接続詞,*,*,*,*,*,そして,ソシテ,ソシテ
，	記号,読点,*,*,*,*,，,，,，
彼ら	名詞,代名詞,一般,*,*,*,彼ら,カレラ,カレラ
は	助詞,係助詞,*,*,*,*,は,ハ,ワ
朝	名詞,副詞可能,*,*,*,*,朝,アサ,アサ
ごと	名詞,接尾,一般,*,*,*,ごと,ゴト,ゴト
に	助詞,格助詞,一般,*,*,*,に,ニ,ニ
，	記号,読点,*,*,*,*,，,，,，
また	接続詞,*,*,*,*,*,また,マタ,マタ
夕	名詞,副詞可能,*,*,*,*,夕,ユウ,ユー
ごと	名詞,接尾,一般,*,*,*,ごと,ゴト,ゴト
に	助詞,格助詞,一般,*,*,*,に,ニ,ニ
焼	接頭詞,名詞接続,*,*,*,*,焼,ショウ,ショー
燔	名詞,一般,*,*,*,*,*
の	助詞,連体化,*,*,*,*,の,ノ,ノ
捧げ	動詞,自立,*,*,一段,連用形,捧げる,ササゲ,ササゲ
物	名詞,接尾,一般,*,*,*,物,ブツ,ブツ
を	助詞,格助詞,一般,*,*,*,を,ヲ,ヲ
エホバ	名詞,一般,*,*,*,*,エホバ,エホバ,エホバ
に	助詞,格助詞,一般,*,*,*,に,ニ,ニ
ささげ	動詞,自立,*,*,一段,連用形,ささげる,ササゲ,ササゲ
て	助詞,接続助詞,*,*,*,*,て,テ,テ
煙	名詞,一般,*,*,*,*,煙,ケムリ,ケムリ
を	助詞,格助詞,一般,*,*,*,を,ヲ,ヲ
立ち上ら	動詞,自立,*,*,五段・ラ行,未然形,立ち上る,タチノボラ,タチノボラ
せ	動詞,接尾,*,*,一段,連用形,せる,セ,セ
て	助詞,接続助詞,*,*,*,*,て,テ,テ
おり	動詞,非自立,*,*,五段・ラ行,連用形,おる,オリ,オリ
，	記号,読点,*,*,*,*,，,，,，
また	接続詞,*,*,*,*,*,また,マタ,マタ
薫香	名詞,一般,*,*,*,*,薫香,クンコウ,クンコー
[	名詞,サ変接続,*,*,*,*,*
を	助詞,格助詞,一般,*,*,*,を,ヲ,ヲ
ささげ	動詞,自立,*,*,一段,連用形,ささげる,ササゲ,ササゲ
て	助詞,接続助詞,*,*,*,*,て,テ,テ
いる	動詞,非自立,*,*,一段,基本形,いる,イル,イル
]。	名詞,サ変接続,*,*,*,*,*
そして	接続詞,*,*,*,*,*,そして,ソシテ,ソシテ
，	名詞,数,*,*,*,*,，,，,，
重ね	名詞,接尾,助数詞,*,*,*,重ね,カサネ,カサネ
供え	動詞,自立,*,*,一段,連用形,供える,ソナエ,ソナエ
た	助動詞,*,*,*,特殊・タ,基本形,た,タ,タ
パン	名詞,一般,*,*,*,*,パン,パン,パン
は	助詞,係助詞,*,*,*,*,は,ハ,ワ
純	接頭詞,名詞接続,*,*,*,*,純,ジュン,ジュン
[	名詞,サ変接続,*,*,*,*,*
金	名詞,接尾,一般,*,*,*,金,キン,キン
]	名詞,サ変接続,*,*,*,*,*
の	助詞,連体化,*,*,*,*,の,ノ,ノ
食卓	名詞,一般,*,*,*,*,食卓,ショクタク,ショクタク
の	助詞,連体化,*,*,*,*,の,ノ,ノ
上	名詞,非自立,副詞可能,*,*,*,上,ウエ,ウエ
に	助詞,格助詞,一般,*,*,*,に,ニ,ニ
あり	動詞,自立,*,*,五段・ラ行,連用形,ある,アリ,アリ
，	記号,読点,*,*,*,*,，,，,，
金	名詞,一般,*,*,*,*,金,キン,キン
の	助詞,連体化,*,*,*,*,の,ノ,ノ
燭台	名詞,一般,*,*,*,*,燭台,ショクダイ,ショクダイ
と	助詞,格助詞,一般,*,*,*,と,ト,ト
その	連体詞,*,*,*,*,*,その,ソノ,ソノ
ともし	動詞,自立,*,*,五段・サ行,連用形,ともす,トモシ,トモシ
び	名詞,一般,*,*,*,*,*
皿	名詞,一般,*,*,*,*,皿,サラ,サラ
が	助詞,格助詞,一般,*,*,*,が,ガ,ガ
あっ	動詞,自立,*,*,五段・ラ行,連用タ接続,ある,アッ,アッ
て	助詞,接続助詞,*,*,*,*,て,テ,テ
，	記号,読点,*,*,*,*,，,，,，
夕	名詞,副詞可能,*,*,*,*,夕,ユウ,ユー
ごと	名詞,接尾,一般,*,*,*,ごと,ゴト,ゴト
に	助詞,格助詞,一般,*,*,*,に,ニ,ニ
照らし	動詞,自立,*,*,五段・サ行,連用形,照らす,テラシ,テラシ
て	助詞,接続助詞,*,*,*,*,て,テ,テ
いる	動詞,非自立,*,*,一段,基本形,いる,イル,イル
の	名詞,非自立,一般,*,*,*,の,ノ,ノ
で	助動詞,*,*,*,特殊・ダ,連用形,だ,デ,デ
ある	助動詞,*,*,*,五段・ラ行アル,基本形,ある,アル,アル
。	記号,句点,*,*,*,*,。,。,。
これ	名詞,代名詞,一般,*,*,*,これ,コレ,コレ
は	助詞,係助詞,*,*,*,*,は,ハ,ワ
，	記号,読点,*,*,*,*,，,，,，
わたし	名詞,代名詞,一般,*,*,*,わたし,ワタシ,ワタシ
たち	名詞,接尾,一般,*,*,*,たち,タチ,タチ
が	助詞,格助詞,一般,*,*,*,が,ガ,ガ
わたし	名詞,代名詞,一般,*,*,*,わたし,ワタシ,ワタシ
たち	名詞,接尾,一般,*,*,*,たち,タチ,タチ
の	助詞,連体化,*,*,*,*,の,ノ,ノ
神	名詞,一般,*,*,*,*,神,カミ,カミ
エホバ	名詞,一般,*,*,*,*,エホバ,エホバ,エホバ
の	助詞,連体化,*,*,*,*,の,ノ,ノ
務め	名詞,一般,*,*,*,*,務め,ツトメ,ツトメ
を	助詞,格助詞,一般,*,*,*,を,ヲ,ヲ
守っ	動詞,自立,*,*,五段・ラ行,連用タ接続,守る,マモッ,マモッ
て	助詞,接続助詞,*,*,*,*,て,テ,テ
いる	動詞,非自立,*,*,一段,基本形,いる,イル,イル
から	助詞,接続助詞,*,*,*,*,から,カラ,カラ
で	助動詞,*,*,*,特殊・ダ,連用形,だ,デ,デ
ある	助動詞,*,*,*,五段・ラ行アル,基本形,ある,アル,アル
が	助詞,接続助詞,*,*,*,*,が,ガ,ガ
，	記号,読点,*,*,*,*,，,，,，
あなた	名詞,代名詞,一般,*,*,*,あなた,アナタ,アナタ
方	名詞,接尾,一般,*,*,*,方,カタ,カタ
は	助詞,係助詞,*,*,*,*,は,ハ,ワ
この	連体詞,*,*,*,*,*,この,コノ,コノ
方	名詞,非自立,一般,*,*,*,方,ホウ,ホー
を	助詞,格助詞,一般,*,*,*,を,ヲ,ヲ
捨て	動詞,自立,*,*,一段,連用形,捨てる,ステ,ステ
た	助動詞,*,*,*,特殊・タ,基本形,た,タ,タ
の	名詞,非自立,一般,*,*,*,の,ノ,ノ
で	助動詞,*,*,*,特殊・ダ,連用形,だ,デ,デ
ある	助動詞,*,*,*,五段・ラ行アル,基本形,ある,アル,アル
。	記号,句点,*,*,*,*,。,。,。
それで	接続詞,*,*,*,*,*,それで,ソレデ,ソレデ
，	記号,読点,*,*,*,*,，,，,，
見よ	形容詞,自立,*,*,形容詞・アウオ段,ガル接続,見よい,ミヨ,ミヨ
，[	名詞,サ変接続,*,*,*,*,*
ま	フィラー,*,*,*,*,*,ま,マ,マ
こと	名詞,非自立,一般,*,*,*,こと,コト,コト
の	助詞,連体化,*,*,*,*,の,ノ,ノ
]	名詞,サ変接続,*,*,*,*,*
神	名詞,接尾,一般,*,*,*,神,シン,シン
は	助詞,係助詞,*,*,*,*,は,ハ,ワ
その	連体詞,*,*,*,*,*,その,ソノ,ソノ
祭司	名詞,一般,*,*,*,*,祭司,サイシ,サイシ
たち	名詞,接尾,一般,*,*,*,たち,タチ,タチ
と	助詞,並立助詞,*,*,*,*,と,ト,ト
，	記号,読点,*,*,*,*,，,，,，
あなた	名詞,代名詞,一般,*,*,*,あなた,アナタ,アナタ
方	名詞,接尾,一般,*,*,*,方,カタ,カタ
に対して	助詞,格助詞,連語,*,*,*,に対して,ニタイシテ,ニタイシテ
戦い	名詞,一般,*,*,*,*,戦い,タタカイ,タタカイ
の	助詞,連体化,*,*,*,*,の,ノ,ノ
警報	名詞,サ変接続,*,*,*,*,警報,ケイホウ,ケイホー
を	助詞,格助詞,一般,*,*,*,を,ヲ,ヲ
吹き鳴らす	動詞,自立,*,*,五段・サ行,基本形,吹き鳴らす,フキナラス,フキナラス
ため	名詞,非自立,副詞可能,*,*,*,ため,タメ,タメ
の	助詞,連体化,*,*,*,*,の,ノ,ノ
合図	名詞,サ変接続,*,*,*,*,合図,アイズ,アイズ
の	助詞,連体化,*,*,*,*,の,ノ,ノ
ラッパ	名詞,一般,*,*,*,*,ラッパ,ラッパ,ラッパ
と	助詞,並立助詞,*,*,*,*,と,ト,ト
を	助詞,格助詞,一般,*,*,*,を,ヲ,ヲ
伴っ	動詞,自立,*,*,五段・ワ行促音便,連用タ接続,伴う,トモナッ,トモナッ
て	助詞,接続助詞,*,*,*,*,て,テ,テ
，	記号,読点,*,*,*,*,，,，,，
わたし	名詞,代名詞,一般,*,*,*,わたし,ワタシ,ワタシ
たち	名詞,接尾,一般,*,*,*,たち,タチ,タチ
と共に	助詞,格助詞,連語,*,*,*,と共に,トトモニ,トトモニ
先頭	名詞,一般,*,*,*,*,先頭,セントウ,セントー
に	助詞,格助詞,一般,*,*,*,に,ニ,ニ
おら	動詞,自立,*,*,五段・ラ行,未然形,おる,オラ,オラ
れる	動詞,接尾,*,*,一段,基本形,れる,レル,レル
の	名詞,非自立,一般,*,*,*,の,ノ,ノ
で	助動詞,*,*,*,特殊・ダ,連用形,だ,デ,デ
ある	助動詞,*,*,*,五段・ラ行アル,基本形,ある,アル,アル
。	記号,句点,*,*,*,*,。,。,。
イスラエル	名詞,固有名詞,地域,国,*,*,イスラエル,イスラエル,イスラエル
の	助詞,連体化,*,*,*,*,の,ノ,ノ
子	名詞,一般,*,*,*,*,子,コ,コ
ら	名詞,接尾,一般,*,*,*,ら,ラ,ラ
よ	助詞,終助詞,*,*,*,*,よ,ヨ,ヨ
，	記号,読点,*,*,*,*,，,，,，
あなた	名詞,代名詞,一般,*,*,*,あなた,アナタ,アナタ
方	名詞,接尾,一般,*,*,*,方,カタ,カタ
の	助詞,連体化,*,*,*,*,の,ノ,ノ
父祖	名詞,一般,*,*,*,*,父祖,フソ,フソ
たち	名詞,接尾,一般,*,*,*,たち,タチ,タチ
の	助詞,連体化,*,*,*,*,の,ノ,ノ
神	名詞,一般,*,*,*,*,神,カミ,カミ
エホバ	名詞,一般,*,*,*,*,エホバ,エホバ,エホバ
と	助詞,格助詞,一般,*,*,*,と,ト,ト
戦っ	動詞,自立,*,*,五段・ワ行促音便,連用タ接続,戦う,タタカッ,タタカッ
て	助詞,接続助詞,*,*,*,*,て,テ,テ
は	助詞,係助詞,*,*,*,*,は,ハ,ワ
なら	動詞,非自立,*,*,五段・ラ行,未然形,なる,ナラ,ナラ
ない	助動詞,*,*,*,特殊・ナイ,基本形,ない,ナイ,ナイ
。	記号,句点,*,*,*,*,。,。,。
あなた	名詞,代名詞,一般,*,*,*,あなた,アナタ,アナタ
方	名詞,接尾,一般,*,*,*,方,カタ,カタ
が	助詞,格助詞,一般,*,*,*,が,ガ,ガ
成功	名詞,サ変接続,*,*,*,*,成功,セイコウ,セイコー
を	助詞,格助詞,一般,*,*,*,を,ヲ,ヲ
収める	動詞,自立,*,*,一段,基本形,収める,オサメル,オサメル
こと	名詞,非自立,一般,*,*,*,こと,コト,コト
は	助詞,係助詞,*,*,*,*,は,ハ,ワ
ない	形容詞,自立,*,*,形容詞・アウオ段,基本形,ない,ナイ,ナイ
から	助詞,接続助詞,*,*,*,*,から,カラ,カラ
で	助動詞,*,*,*,特殊・ダ,連用形,だ,デ,デ
ある	助動詞,*,*,*,五段・ラ行アル,基本形,ある,アル,アル
」	記号,括弧閉,*,*,*,*,」,」,」
。	記号,句点,*,*,*,*,。,。,。
それでも	接続詞,*,*,*,*,*,それでも,ソレデモ,ソレデモ
，	記号,読点,*,*,*,*,，,，,，
ヤラベアム	名詞,一般,*,*,*,*,*
は	助詞,係助詞,*,*,*,*,は,ハ,ワ
，	記号,読点,*,*,*,*,，,，,，
急きょ	副詞,助詞類接続,*,*,*,*,急きょ,キュウキョ,キューキョ
伏兵	名詞,一般,*,*,*,*,伏兵,フクヘイ,フクヘイ
を	助詞,格助詞,一般,*,*,*,を,ヲ,ヲ
回し	動詞,自立,*,*,五段・サ行,連用形,回す,マワシ,マワシ
て	助詞,接続助詞,*,*,*,*,て,テ,テ
この	連体詞,*,*,*,*,*,この,コノ,コノ
人々	名詞,一般,*,*,*,*,人々,ヒトビト,ヒトビト
の	助詞,連体化,*,*,*,*,の,ノ,ノ
後ろ	名詞,一般,*,*,*,*,後ろ,ウシロ,ウシロ
に	助詞,格助詞,一般,*,*,*,に,ニ,ニ
行か	動詞,自立,*,*,五段・カ行促音便,未然形,行く,イカ,イカ
せ	動詞,接尾,*,*,一段,連用形,せる,セ,セ
た	助動詞,*,*,*,特殊・タ,基本形,た,タ,タ
ので	助詞,接続助詞,*,*,*,*,ので,ノデ,ノデ
，	記号,読点,*,*,*,*,，,，,，
彼ら	名詞,代名詞,一般,*,*,*,彼ら,カレラ,カレラ
は	助詞,係助詞,*,*,*,*,は,ハ,ワ
ユダ	名詞,一般,*,*,*,*,*
の	助詞,連体化,*,*,*,*,の,ノ,ノ
前	名詞,副詞可能,*,*,*,*,前,マエ,マエ
に	助詞,格助詞,一般,*,*,*,に,ニ,ニ
おり	動詞,自立,*,*,五段・ラ行,連用形,おる,オリ,オリ
，	記号,読点,*,*,*,*,，,，,，
伏兵	名詞,一般,*,*,*,*,伏兵,フクヘイ,フクヘイ
は	助詞,係助詞,*,*,*,*,は,ハ,ワ
彼ら	名詞,代名詞,一般,*,*,*,彼ら,カレラ,カレラ
の	助詞,連体化,*,*,*,*,の,ノ,ノ
後ろ	名詞,一般,*,*,*,*,後ろ,ウシロ,ウシロ
に	助詞,格助詞,一般,*,*,*,に,ニ,ニ
[	名詞,サ変接続,*,*,*,*,*
い	動詞,非自立,*,*,一段,連用形,いる,イ,イ
た	助動詞,*,*,*,特殊・タ,基本形,た,タ,タ
]。	名詞,サ変接続,*,*,*,*,*
ユダ	名詞,一般,*,*,*,*,*
の	助詞,連体化,*,*,*,*,の,ノ,ノ
者	名詞,一般,*,*,*,*,者,モノ,モノ
たち	名詞,接尾,一般,*,*,*,たち,タチ,タチ
が	助詞,格助詞,一般,*,*,*,が,ガ,ガ
振り向く	動詞,自立,*,*,五段・カ行イ音便,基本形,振り向く,フリムク,フリムク
と	助詞,接続助詞,*,*,*,*,と,ト,ト
，	記号,読点,*,*,*,*,，,，,，
何と	副詞,一般,*,*,*,*,何と,ナント,ナント
，	記号,読点,*,*,*,*,，,，,，
戦い	名詞,一般,*,*,*,*,戦い,タタカイ,タタカイ
は	助詞,係助詞,*,*,*,*,は,ハ,ワ
前後	名詞,副詞可能,*,*,*,*,前後,ゼンゴ,ゼンゴ
から	助詞,格助詞,一般,*,*,*,から,カラ,カラ
迫っ	動詞,自立,*,*,五段・ラ行,連用タ接続,迫る,セマッ,セマッ
て	助詞,接続助詞,*,*,*,*,て,テ,テ
い	動詞,非自立,*,*,一段,連用形,いる,イ,イ
た	助動詞,*,*,*,特殊・タ,基本形,た,タ,タ
。	記号,句点,*,*,*,*,。,。,。
それで	接続詞,*,*,*,*,*,それで,ソレデ,ソレデ
彼ら	名詞,代名詞,一般,*,*,*,彼ら,カレラ,カレラ
は	助詞,係助詞,*,*,*,*,は,ハ,ワ
エホバ	名詞,一般,*,*,*,*,エホバ,エホバ,エホバ
に	助詞,格助詞,一般,*,*,*,に,ニ,ニ
叫び	名詞,一般,*,*,*,*,叫び,サケビ,サケビ
求め	動詞,自立,*,*,一段,連用形,求める,モトメ,モトメ
はじめ	動詞,非自立,*,*,一段,連用形,はじめる,ハジメ,ハジメ
，	記号,読点,*,*,*,*,，,，,，
一方	接続詞,*,*,*,*,*,一方,イッポウ,イッポー
で	助詞,格助詞,一般,*,*,*,で,デ,デ
は	助詞,係助詞,*,*,*,*,は,ハ,ワ
祭司	名詞,一般,*,*,*,*,祭司,サイシ,サイシ
たち	名詞,接尾,一般,*,*,*,たち,タチ,タチ
が	助詞,格助詞,一般,*,*,*,が,ガ,ガ
ラッパ	名詞,一般,*,*,*,*,ラッパ,ラッパ,ラッパ
を	助詞,格助詞,一般,*,*,*,を,ヲ,ヲ
高らか	名詞,形容動詞語幹,*,*,*,*,高らか,タカラカ,タカラカ
に	助詞,副詞化,*,*,*,*,に,ニ,ニ
吹き鳴らし	動詞,自立,*,*,五段・サ行,連用形,吹き鳴らす,フキナラシ,フキナラシ
て	助詞,接続助詞,*,*,*,*,て,テ,テ
い	動詞,非自立,*,*,一段,連用形,いる,イ,イ
た	助動詞,*,*,*,特殊・タ,基本形,た,タ,タ
。	記号,句点,*,*,*,*,。,。,。
そして	接続詞,*,*,*,*,*,そして,ソシテ,ソシテ
，	記号,読点,*,*,*,*,，,，,，
ユダ	名詞,一般,*,*,*,*,*
の	助詞,連体化,*,*,*,*,の,ノ,ノ
人々	名詞,一般,*,*,*,*,人々,ヒトビト,ヒトビト
は	助詞,係助詞,*,*,*,*,は,ハ,ワ
どっと	副詞,一般,*,*,*,*,どっと,ドット,ドット
ときの声	名詞,一般,*,*,*,*,ときの声,トキノコエ,トキノコエ
を	助詞,格助詞,一般,*,*,*,を,ヲ,ヲ
上げ	動詞,自立,*,*,一段,連用形,上げる,アゲ,アゲ
た	助動詞,*,*,*,特殊・タ,基本形,た,タ,タ
。	記号,句点,*,*,*,*,。,。,。
こうして	接続詞,*,*,*,*,*,こうして,コウシテ,コーシテ
，	記号,読点,*,*,*,*,，,，,，
ユダ	名詞,一般,*,*,*,*,*
の	助詞,連体化,*,*,*,*,の,ノ,ノ
人々	名詞,一般,*,*,*,*,人々,ヒトビト,ヒトビト
が	助詞,格助詞,一般,*,*,*,が,ガ,ガ
ときの声	名詞,一般,*,*,*,*,ときの声,トキノコエ,トキノコエ
を	助詞,格助詞,一般,*,*,*,を,ヲ,ヲ
上げ	動詞,自立,*,*,一段,連用形,上げる,アゲ,アゲ
た	助動詞,*,*,*,特殊・タ,基本形,た,タ,タ
とき	名詞,非自立,副詞可能,*,*,*,とき,トキ,トキ
，	記号,読点,*,*,*,*,，,，,，
[	名詞,サ変接続,*,*,*,*,*
ま	フィラー,*,*,*,*,*,ま,マ,マ
こと	名詞,非自立,一般,*,*,*,こと,コト,コト
の	助詞,連体化,*,*,*,*,の,ノ,ノ
]	名詞,サ変接続,*,*,*,*,*
神	名詞,接尾,一般,*,*,*,神,シン,シン
が	助詞,格助詞,一般,*,*,*,が,ガ,ガ
ヤラベアム	名詞,一般,*,*,*,*,*
と	助詞,並立助詞,*,*,*,*,と,ト,ト
全	接頭詞,名詞接続,*,*,*,*,全,ゼン,ゼン
イスラエル	名詞,固有名詞,地域,国,*,*,イスラエル,イスラエル,イスラエル
を	助詞,格助詞,一般,*,*,*,を,ヲ,ヲ
アビヤ	名詞,一般,*,*,*,*,*
と	助詞,並立助詞,*,*,*,*,と,ト,ト
ユダ	名詞,一般,*,*,*,*,*
の	助詞,連体化,*,*,*,*,の,ノ,ノ
前	名詞,副詞可能,*,*,*,*,前,マエ,マエ
で	助詞,格助詞,一般,*,*,*,で,デ,デ
撃ち破ら	動詞,自立,*,*,五段・ラ行,未然形,撃ち破る,ウチヤブラ,ウチヤブラ
れ	動詞,接尾,*,*,一段,連用形,れる,レ,レ
た	助動詞,*,*,*,特殊・タ,基本形,た,タ,タ
の	名詞,非自立,一般,*,*,*,の,ノ,ノ
で	助動詞,*,*,*,特殊・ダ,連用形,だ,デ,デ
ある	助動詞,*,*,*,五段・ラ行アル,基本形,ある,アル,アル
。	記号,句点,*,*,*,*,。,。,。
そして	接続詞,*,*,*,*,*,そして,ソシテ,ソシテ
，	記号,読点,*,*,*,*,，,，,，
イスラエル	名詞,固有名詞,地域,国,*,*,イスラエル,イスラエル,イスラエル
の	助詞,連体化,*,*,*,*,の,ノ,ノ
子	名詞,一般,*,*,*,*,子,コ,コ
ら	名詞,接尾,一般,*,*,*,ら,ラ,ラ
は	助詞,係助詞,*,*,*,*,は,ハ,ワ
ユダ	名詞,一般,*,*,*,*,*
の	助詞,連体化,*,*,*,*,の,ノ,ノ
前	名詞,副詞可能,*,*,*,*,前,マエ,マエ
から	助詞,格助詞,一般,*,*,*,から,カラ,カラ
逃げ	動詞,自立,*,*,一段,連用形,逃げる,ニゲ,ニゲ
去り	動詞,自立,*,*,五段・ラ行,連用形,去る,サリ,サリ
，	記号,読点,*,*,*,*,，,，,，
神	名詞,一般,*,*,*,*,神,カミ,カミ
は	助詞,係助詞,*,*,*,*,は,ハ,ワ
それら	名詞,代名詞,一般,*,*,*,それら,ソレラ,ソレラ
の	助詞,連体化,*,*,*,*,の,ノ,ノ
人々	名詞,一般,*,*,*,*,人々,ヒトビト,ヒトビト
を	助詞,格助詞,一般,*,*,*,を,ヲ,ヲ
彼ら	名詞,代名詞,一般,*,*,*,彼ら,カレラ,カレラ
の	助詞,連体化,*,*,*,*,の,ノ,ノ
手	名詞,一般,*,*,*,*,手,テ,テ
に	助詞,格助詞,一般,*,*,*,に,ニ,ニ
渡さ	動詞,自立,*,*,五段・サ行,未然形,渡す,ワタサ,ワタサ
れ	動詞,接尾,*,*,一段,連用形,れる,レ,レ
た	助動詞,*,*,*,特殊・タ,基本形,た,タ,タ
。	記号,句点,*,*,*,*,。,。,。
そこで	接続詞,*,*,*,*,*,そこで,ソコデ,ソコデ
，	記号,読点,*,*,*,*,，,，,，
アビヤ	名詞,一般,*,*,*,*,*
と	助詞,格助詞,一般,*,*,*,と,ト,ト
その	連体詞,*,*,*,*,*,その,ソノ,ソノ
民	名詞,一般,*,*,*,*,民,ミン,ミン
は	助詞,係助詞,*,*,*,*,は,ハ,ワ
彼ら	名詞,代名詞,一般,*,*,*,彼ら,カレラ,カレラ
を	助詞,格助詞,一般,*,*,*,を,ヲ,ヲ
討ち	動詞,自立,*,*,五段・タ行,連用形,討つ,ウチ,ウチ
倒し	動詞,自立,*,*,五段・サ行,連用形,倒す,タオシ,タオシ
て	助詞,接続助詞,*,*,*,*,て,テ,テ
おびただしく	形容詞,自立,*,*,形容詞・イ段,連用テ接続,おびただしい,オビタダシク,オビタダシク
殺し	動詞,自立,*,*,五段・サ行,連用形,殺す,コロシ,コロシ
た	助動詞,*,*,*,特殊・タ,基本形,た,タ,タ
。	記号,句点,*,*,*,*,。,。,。
そして	接続詞,*,*,*,*,*,そして,ソシテ,ソシテ
，	記号,読点,*,*,*,*,，,，,，
イスラエル	名詞,固有名詞,地域,国,*,*,イスラエル,イスラエル,イスラエル
の	助詞,格助詞,一般,*,*,*,の,ノ,ノ
打ち殺さ	動詞,自立,*,*,五段・サ行,未然形,打ち殺す,ウチコロサ,ウチコロサ
れ	動詞,接尾,*,*,一段,連用形,れる,レ,レ
た	助動詞,*,*,*,特殊・タ,基本形,た,タ,タ
者	名詞,一般,*,*,*,*,者,モノ,モノ
たち	名詞,接尾,一般,*,*,*,たち,タチ,タチ
は	助詞,係助詞,*,*,*,*,は,ハ,ワ
次々	副詞,助詞類接続,*,*,*,*,次々,ツギツギ,ツギツギ
に	助詞,副詞化,*,*,*,*,に,ニ,ニ
倒れ	動詞,自立,*,*,一段,連用形,倒れる,タオレ,タオレ
た	助動詞,*,*,*,特殊・タ,基本形,た,タ,タ
。	記号,句点,*,*,*,*,。,。,。
五	名詞,数,*,*,*,*,五,ゴ,ゴ
十	名詞,数,*,*,*,*,十,ジュウ,ジュー
万	名詞,数,*,*,*,*,万,マン,マン
の	助詞,連体化,*,*,*,*,の,ノ,ノ
選ば	動詞,自立,*,*,五段・バ行,未然形,選ぶ,エラバ,エラバ
れ	動詞,接尾,*,*,一段,連用形,れる,レ,レ
た	助動詞,*,*,*,特殊・タ,基本形,た,タ,タ
者	名詞,一般,*,*,*,*,者,モノ,モノ
たち	名詞,接尾,一般,*,*,*,たち,タチ,タチ
で	助動詞,*,*,*,特殊・ダ,連用形,だ,デ,デ
あっ	助動詞,*,*,*,五段・ラ行アル,連用タ接続,ある,アッ,アッ
た	助動詞,*,*,*,特殊・タ,基本形,た,タ,タ
。	記号,句点,*,*,*,*,。,。,。
こうして	接続詞,*,*,*,*,*,こうして,コウシテ,コーシテ
，	記号,読点,*,*,*,*,，,，,，
イスラエル	名詞,固有名詞,地域,国,*,*,イスラエル,イスラエル,イスラエル
の	助詞,連体化,*,*,*,*,の,ノ,ノ
子	名詞,一般,*,*,*,*,子,コ,コ
ら	名詞,接尾,一般,*,*,*,ら,ラ,ラ
は	助詞,係助詞,*,*,*,*,は,ハ,ワ
この	連体詞,*,*,*,*,*,この,コノ,コノ
時	名詞,非自立,副詞可能,*,*,*,時,トキ,トキ
，	記号,読点,*,*,*,*,，,，,，
低く	形容詞,自立,*,*,形容詞・アウオ段,連用テ接続,低い,ヒクク,ヒクク
さ	動詞,自立,*,*,サ変・スル,未然レル接続,する,サ,サ
れ	動詞,接尾,*,*,一段,連用形,れる,レ,レ
た	助動詞,*,*,*,特殊・タ,基本形,た,タ,タ
が	助詞,接続助詞,*,*,*,*,が,ガ,ガ
，	記号,読点,*,*,*,*,，,，,，
ユダ	名詞,一般,*,*,*,*,*
の	助詞,連体化,*,*,*,*,の,ノ,ノ
子	名詞,一般,*,*,*,*,子,コ,コ
ら	名詞,接尾,一般,*,*,*,ら,ラ,ラ
は	助詞,係助詞,*,*,*,*,は,ハ,ワ
勝ち	名詞,一般,*,*,*,*,勝ち,カチ,カチ
を	助詞,格助詞,一般,*,*,*,を,ヲ,ヲ
得	動詞,自立,*,*,一段,連用形,得る,エ,エ
た	助動詞,*,*,*,特殊・タ,基本形,た,タ,タ
。	記号,句点,*,*,*,*,。,。,。
彼ら	名詞,代名詞,一般,*,*,*,彼ら,カレラ,カレラ
は	助詞,係助詞,*,*,*,*,は,ハ,ワ
その	連体詞,*,*,*,*,*,その,ソノ,ソノ
父祖	名詞,一般,*,*,*,*,父祖,フソ,フソ
たち	名詞,接尾,一般,*,*,*,たち,タチ,タチ
の	助詞,連体化,*,*,*,*,の,ノ,ノ
神	名詞,一般,*,*,*,*,神,カミ,カミ
エホバ	名詞,一般,*,*,*,*,エホバ,エホバ,エホバ
に	助詞,格助詞,一般,*,*,*,に,ニ,ニ
頼っ	動詞,自立,*,*,五段・ラ行,連用タ接続,頼る,タヨッ,タヨッ
た	助動詞,*,*,*,特殊・タ,基本形,た,タ,タ
から	助詞,接続助詞,*,*,*,*,から,カラ,カラ
で	助動詞,*,*,*,特殊・ダ,連用形,だ,デ,デ
ある	助動詞,*,*,*,五段・ラ行アル,基本形,ある,アル,アル
。	記号,句点,*,*,*,*,。,。,。
そして	接続詞,*,*,*,*,*,そして,ソシテ,ソシテ
，	記号,読点,*,*,*,*,，,，,，
アビヤ	名詞,一般,*,*,*,*,*
は	助詞,係助詞,*,*,*,*,は,ハ,ワ
ヤラベアム	名詞,一般,*,*,*,*,*
の	助詞,連体化,*,*,*,*,の,ノ,ノ
跡	名詞,一般,*,*,*,*,跡,アト,アト
を	助詞,格助詞,一般,*,*,*,を,ヲ,ヲ
追って	接続詞,*,*,*,*,*,追って,オッテ,オッテ
ゆき	動詞,自立,*,*,五段・カ行イ音便,連用形,ゆく,ユキ,ユキ
，	記号,読点,*,*,*,*,，,，,，
ベテル	名詞,一般,*,*,*,*,*
と	助詞,並立助詞,*,*,*,*,と,ト,ト
それ	名詞,代名詞,一般,*,*,*,それ,ソレ,ソレ
に	助詞,格助詞,一般,*,*,*,に,ニ,ニ
依存	名詞,サ変接続,*,*,*,*,依存,イゾン,イゾン
する	動詞,自立,*,*,サ変・スル,基本形,する,スル,スル
町	名詞,一般,*,*,*,*,町,マチ,マチ
々	記号,一般,*,*,*,*,々,々,々
，	記号,読点,*,*,*,*,，,，,，
エシャナ	名詞,一般,*,*,*,*,*
と	助詞,並立助詞,*,*,*,*,と,ト,ト
それ	名詞,代名詞,一般,*,*,*,それ,ソレ,ソレ
に	助詞,格助詞,一般,*,*,*,に,ニ,ニ
依存	名詞,サ変接続,*,*,*,*,依存,イゾン,イゾン
する	動詞,自立,*,*,サ変・スル,基本形,する,スル,スル
町	名詞,一般,*,*,*,*,町,マチ,マチ
々	記号,一般,*,*,*,*,々,々,々
，	記号,読点,*,*,*,*,，,，,，
エフライン	名詞,一般,*,*,*,*,*
と	助詞,並立助詞,*,*,*,*,と,ト,ト
それ	名詞,代名詞,一般,*,*,*,それ,ソレ,ソレ
に	助詞,格助詞,一般,*,*,*,に,ニ,ニ
依存	名詞,サ変接続,*,*,*,*,依存,イゾン,イゾン
する	動詞,自立,*,*,サ変・スル,基本形,する,スル,スル
町	名詞,一般,*,*,*,*,町,マチ,マチ
々	記号,一般,*,*,*,*,々,々,々
など	助詞,副助詞,*,*,*,*,など,ナド,ナド
，	記号,読点,*,*,*,*,，,，,，
幾つ	名詞,一般,*,*,*,*,幾つ,イクツ,イクツ
か	助詞,副助詞／並立助詞／終助詞,*,*,*,*,か,カ,カ
の	助詞,連体化,*,*,*,*,の,ノ,ノ
都市	名詞,一般,*,*,*,*,都市,トシ,トシ
を	助詞,格助詞,一般,*,*,*,を,ヲ,ヲ
彼	名詞,代名詞,一般,*,*,*,彼,カレ,カレ
から	助詞,格助詞,一般,*,*,*,から,カラ,カラ
奪い取っ	動詞,自立,*,*,五段・ラ行,連用タ接続,奪い取る,ウバイトッ,ウバイトッ
た	助動詞,*,*,*,特殊・タ,基本形,た,タ,タ
。	記号,句点,*,*,*,*,。,。,。
こうして	接続詞,*,*,*,*,*,こうして,コウシテ,コーシテ
，	記号,読点,*,*,*,*,，,，,，
ヤラベアム	名詞,一般,*,*,*,*,*
は	助詞,係助詞,*,*,*,*,は,ハ,ワ
アビヤ	名詞,一般,*,*,*,*,*
の	助詞,連体化,*,*,*,*,の,ノ,ノ
時代	名詞,一般,*,*,*,*,時代,ジダイ,ジダイ
に	助詞,格助詞,一般,*,*,*,に,ニ,ニ
は	助詞,係助詞,*,*,*,*,は,ハ,ワ
もはや	副詞,助詞類接続,*,*,*,*,もはや,モハヤ,モハヤ
力	名詞,一般,*,*,*,*,力,チカラ,チカラ
を	助詞,格助詞,一般,*,*,*,を,ヲ,ヲ
保た	動詞,自立,*,*,五段・タ行,未然形,保つ,タモタ,タモタ
なかっ	助動詞,*,*,*,特殊・ナイ,連用タ接続,ない,ナカッ,ナカッ
た	助動詞,*,*,*,特殊・タ,基本形,た,タ,タ
。	記号,句点,*,*,*,*,。,。,。
それ	名詞,代名詞,一般,*,*,*,それ,ソレ,ソレ
に	助詞,格助詞,一般,*,*,*,に,ニ,ニ
，	記号,読点,*,*,*,*,，,，,，
エホバ	名詞,一般,*,*,*,*,エホバ,エホバ,エホバ
が	助詞,格助詞,一般,*,*,*,が,ガ,ガ
彼	名詞,代名詞,一般,*,*,*,彼,カレ,カレ
を	助詞,格助詞,一般,*,*,*,を,ヲ,ヲ
打た	動詞,自立,*,*,五段・タ行,未然形,打つ,ウタ,ウタ
れ	動詞,接尾,*,*,一段,連用形,れる,レ,レ
た	助動詞,*,*,*,特殊・タ,基本形,た,タ,タ
ので	助詞,接続助詞,*,*,*,*,ので,ノデ,ノデ
，	記号,読点,*,*,*,*,，,，,，
彼	名詞,代名詞,一般,*,*,*,彼,カレ,カレ
は	助詞,係助詞,*,*,*,*,は,ハ,ワ
死ん	動詞,自立,*,*,五段・ナ行,連用タ接続,死ぬ,シン,シン
だ	助動詞,*,*,*,特殊・タ,基本形,だ,ダ,ダ
。	記号,句点,*,*,*,*,。,。,。
そして	接続詞,*,*,*,*,*,そして,ソシテ,ソシテ
，	記号,読点,*,*,*,*,，,，,，
アビヤ	名詞,一般,*,*,*,*,*
は	助詞,係助詞,*,*,*,*,は,ハ,ワ
引き続き	副詞,一般,*,*,*,*,引き続き,ヒキツヅキ,ヒキツズキ
自ら	名詞,副詞可能,*,*,*,*,自ら,ミズカラ,ミズカラ
を	助詞,格助詞,一般,*,*,*,を,ヲ,ヲ
強く	形容詞,自立,*,*,形容詞・アウオ段,連用テ接続,強い,ツヨク,ツヨク
し	動詞,自立,*,*,サ変・スル,連用形,する,シ,シ
た	助動詞,*,*,*,特殊・タ,基本形,た,タ,タ
。	記号,句点,*,*,*,*,。,。,。
やがて	副詞,一般,*,*,*,*,やがて,ヤガテ,ヤガテ
彼	名詞,代名詞,一般,*,*,*,彼,カレ,カレ
は	助詞,係助詞,*,*,*,*,は,ハ,ワ
自分	名詞,一般,*,*,*,*,自分,ジブン,ジブン
の	助詞,連体化,*,*,*,*,の,ノ,ノ
ため	名詞,非自立,副詞可能,*,*,*,ため,タメ,タメ
に	助詞,格助詞,一般,*,*,*,に,ニ,ニ
十	名詞,数,*,*,*,*,十,ジュウ,ジュー
四	名詞,数,*,*,*,*,四,ヨン,ヨン
人	名詞,接尾,助数詞,*,*,*,人,ニン,ニン
の	助詞,連体化,*,*,*,*,の,ノ,ノ
妻	名詞,一般,*,*,*,*,妻,ツマ,ツマ
を	助詞,格助詞,一般,*,*,*,を,ヲ,ヲ
得	動詞,自立,*,*,一段,連用形,得る,エ,エ
，	記号,読点,*,*,*,*,，,，,，
二	名詞,数,*,*,*,*,二,ニ,ニ
十	名詞,数,*,*,*,*,十,ジュウ,ジュー
二	名詞,数,*,*,*,*,二,ニ,ニ
人	名詞,接尾,助数詞,*,*,*,人,ニン,ニン
の	助詞,連体化,*,*,*,*,の,ノ,ノ
息子	名詞,一般,*,*,*,*,息子,ムスコ,ムスコ
と	助詞,並立助詞,*,*,*,*,と,ト,ト
十	名詞,数,*,*,*,*,十,ジュウ,ジュー
六	名詞,数,*,*,*,*,六,ロク,ロク
人	名詞,接尾,助数詞,*,*,*,人,ニン,ニン
の	助詞,連体化,*,*,*,*,の,ノ,ノ
娘	名詞,一般,*,*,*,*,娘,ムスメ,ムスメ
の	助詞,連体化,*,*,*,*,の,ノ,ノ
父	名詞,一般,*,*,*,*,父,チチ,チチ
と	助詞,格助詞,一般,*,*,*,と,ト,ト
なっ	動詞,自立,*,*,五段・ラ行,連用タ接続,なる,ナッ,ナッ
た	助動詞,*,*,*,特殊・タ,基本形,た,タ,タ
。	記号,句点,*,*,*,*,。,。,。
また	接続詞,*,*,*,*,*,また,マタ,マタ
，	記号,読点,*,*,*,*,，,，,，
アビヤ	名詞,一般,*,*,*,*,*
の	助詞,連体化,*,*,*,*,の,ノ,ノ
その他	名詞,代名詞,一般,*,*,*,その他,ソノタ,ソノタ
の	助詞,連体化,*,*,*,*,の,ノ,ノ
事績	名詞,一般,*,*,*,*,事績,ジセキ,ジセキ
，	記号,読点,*,*,*,*,，,，,，
すなわち	接続詞,*,*,*,*,*,すなわち,スナワチ,スナワチ
彼	名詞,代名詞,一般,*,*,*,彼,カレ,カレ
の	助詞,連体化,*,*,*,*,の,ノ,ノ
行ない	動詞,自立,*,*,五段・ワ行促音便,連用形,行なう,オコナイ,オコナイ
と	助詞,並立助詞,*,*,*,*,と,ト,ト
言葉	名詞,一般,*,*,*,*,言葉,コトバ,コトバ
は	助詞,係助詞,*,*,*,*,は,ハ,ワ
，	記号,読点,*,*,*,*,，,，,，
預言	名詞,サ変接続,*,*,*,*,預言,ヨゲン,ヨゲン
者	名詞,接尾,一般,*,*,*,者,シャ,シャ
イド	名詞,一般,*,*,*,*,*
の	助詞,連体化,*,*,*,*,の,ノ,ノ
注釈	名詞,サ変接続,*,*,*,*,注釈,チュウシャク,チューシャク
に	助詞,格助詞,一般,*,*,*,に,ニ,ニ
記さ	動詞,自立,*,*,五段・サ行,未然形,記す,シルサ,シルサ
れ	動詞,接尾,*,*,一段,連用形,れる,レ,レ
て	助詞,接続助詞,*,*,*,*,て,テ,テ
いる	動詞,非自立,*,*,一段,基本形,いる,イル,イル
。	記号,句点,*,*,*,*,。,。,。
EOS
