さて	接続詞,*,*,*,*,*,さて,サテ,サテ
，	記号,読点,*,*,*,*,，,，,，
アブラハム	名詞,一般,*,*,*,*,*
は	助詞,係助詞,*,*,*,*,は,ハ,ワ
そこ	名詞,代名詞,一般,*,*,*,そこ,ソコ,ソコ
から	助詞,格助詞,一般,*,*,*,から,カラ,カラ
ネゲブ	名詞,一般,*,*,*,*,*
の	助詞,連体化,*,*,*,*,の,ノ,ノ
地	名詞,一般,*,*,*,*,地,チ,チ
に	助詞,格助詞,一般,*,*,*,に,ニ,ニ
宿営	名詞,サ変接続,*,*,*,*,宿営,シュクエイ,シュクエイ
を	助詞,格助詞,一般,*,*,*,を,ヲ,ヲ
移し	動詞,自立,*,*,五段・サ行,連用形,移す,ウツシ,ウツシ
，	記号,読点,*,*,*,*,，,，,，
カデシュ	名詞,一般,*,*,*,*,*
と	助詞,並立助詞,*,*,*,*,と,ト,ト
シュル	名詞,一般,*,*,*,*,*
の	助詞,連体化,*,*,*,*,の,ノ,ノ
間	名詞,一般,*,*,*,*,間,マ,マ
に	助詞,格助詞,一般,*,*,*,に,ニ,ニ
住まい	名詞,一般,*,*,*,*,住まい,スマイ,スマイ
を	助詞,格助詞,一般,*,*,*,を,ヲ,ヲ
設け	動詞,自立,*,*,一段,連用形,設ける,モウケ,モーケ
，	記号,読点,*,*,*,*,，,，,，
ゲラル	名詞,一般,*,*,*,*,*
に	助詞,格助詞,一般,*,*,*,に,ニ,ニ
外国	名詞,一般,*,*,*,*,外国,ガイコク,ガイコク
人	名詞,接尾,一般,*,*,*,人,ジン,ジン
として	助詞,格助詞,連語,*,*,*,として,トシテ,トシテ
住む	動詞,自立,*,*,五段・マ行,基本形,住む,スム,スム
よう	名詞,非自立,助動詞語幹,*,*,*,よう,ヨウ,ヨー
に	助詞,格助詞,一般,*,*,*,に,ニ,ニ
なっ	動詞,自立,*,*,五段・ラ行,連用タ接続,なる,ナッ,ナッ
た	助動詞,*,*,*,特殊・タ,基本形,た,タ,タ
。	記号,句点,*,*,*,*,。,。,。
そして	接続詞,*,*,*,*,*,そして,ソシテ,ソシテ
アブラハム	名詞,一般,*,*,*,*,*
は	助詞,係助詞,*,*,*,*,は,ハ,ワ
自分	名詞,一般,*,*,*,*,自分,ジブン,ジブン
の	助詞,連体化,*,*,*,*,の,ノ,ノ
妻	名詞,一般,*,*,*,*,妻,ツマ,ツマ
サラ	名詞,一般,*,*,*,*,サラ,サラ,サラ
について	助詞,格助詞,連語,*,*,*,について,ニツイテ,ニツイテ
，	記号,読点,*,*,*,*,，,，,，
「	記号,括弧開,*,*,*,*,「,「,「
これ	名詞,代名詞,一般,*,*,*,これ,コレ,コレ
は	助詞,係助詞,*,*,*,*,は,ハ,ワ
わたし	名詞,代名詞,一般,*,*,*,わたし,ワタシ,ワタシ
の	助詞,連体化,*,*,*,*,の,ノ,ノ
妹	名詞,一般,*,*,*,*,妹,イモウト,イモート
です	助動詞,*,*,*,特殊・デス,基本形,です,デス,デス
」	記号,括弧閉,*,*,*,*,」,」,」
と	助詞,格助詞,引用,*,*,*,と,ト,ト
繰り返し	動詞,自立,*,*,五段・サ行,連用形,繰り返す,クリカエシ,クリカエシ
言っ	動詞,自立,*,*,五段・ワ行促音便,連用タ接続,言う,イッ,イッ
た	助動詞,*,*,*,特殊・タ,基本形,た,タ,タ
。	記号,句点,*,*,*,*,。,。,。
そこで	接続詞,*,*,*,*,*,そこで,ソコデ,ソコデ
ゲラル	名詞,一般,*,*,*,*,*
の	助詞,連体化,*,*,*,*,の,ノ,ノ
王	名詞,一般,*,*,*,*,王,オウ,オー
アビメレク	名詞,一般,*,*,*,*,*
は	助詞,係助詞,*,*,*,*,は,ハ,ワ
人	名詞,一般,*,*,*,*,人,ヒト,ヒト
を	助詞,格助詞,一般,*,*,*,を,ヲ,ヲ
遣わし	動詞,自立,*,*,五段・サ行,連用形,遣わす,ツカワシ,ツカワシ
て	助詞,接続助詞,*,*,*,*,て,テ,テ
サラ	名詞,一般,*,*,*,*,サラ,サラ,サラ
を	助詞,格助詞,一般,*,*,*,を,ヲ,ヲ
召し	動詞,自立,*,*,五段・サ行,連用形,召す,メシ,メシ
入れ	動詞,自立,*,*,一段,連用形,入れる,イレ,イレ
た	助動詞,*,*,*,特殊・タ,基本形,た,タ,タ
。	記号,句点,*,*,*,*,。,。,。
その	連体詞,*,*,*,*,*,その,ソノ,ソノ
のち	名詞,非自立,副詞可能,*,*,*,のち,ノチ,ノチ
神	名詞,一般,*,*,*,*,神,カミ,カミ
は	助詞,係助詞,*,*,*,*,は,ハ,ワ
夜	名詞,副詞可能,*,*,*,*,夜,ヨル,ヨル
の	助詞,連体化,*,*,*,*,の,ノ,ノ
夢	名詞,一般,*,*,*,*,夢,ユメ,ユメ
の	助詞,連体化,*,*,*,*,の,ノ,ノ
中	名詞,非自立,副詞可能,*,*,*,中,ナカ,ナカ
で	助詞,格助詞,一般,*,*,*,で,デ,デ
アビメレク	名詞,一般,*,*,*,*,*
の	助詞,連体化,*,*,*,*,の,ノ,ノ
ところ	名詞,非自立,副詞可能,*,*,*,ところ,トコロ,トコロ
に	助詞,格助詞,一般,*,*,*,に,ニ,ニ
来	動詞,自立,*,*,カ変・来ル,連用形,来る,キ,キ
て	助詞,接続助詞,*,*,*,*,て,テ,テ
，	記号,読点,*,*,*,*,，,，,，
こう	副詞,助詞類接続,*,*,*,*,こう,コウ,コー
言わ	動詞,自立,*,*,五段・ワ行促音便,未然形,言う,イワ,イワ
れ	動詞,接尾,*,*,一段,連用形,れる,レ,レ
た	助動詞,*,*,*,特殊・タ,基本形,た,タ,タ
。	記号,句点,*,*,*,*,。,。,。
「	記号,括弧開,*,*,*,*,「,「,「
見よ	動詞,自立,*,*,一段,命令ｙｏ,見る,ミヨ,ミヨ
，	記号,読点,*,*,*,*,，,，,，
あなた	名詞,代名詞,一般,*,*,*,あなた,アナタ,アナタ
は	助詞,係助詞,*,*,*,*,は,ハ,ワ
自分	名詞,一般,*,*,*,*,自分,ジブン,ジブン
の	助詞,連体化,*,*,*,*,の,ノ,ノ
召し	動詞,自立,*,*,五段・サ行,連用形,召す,メシ,メシ
入れ	動詞,自立,*,*,一段,連用形,入れる,イレ,イレ
た	助動詞,*,*,*,特殊・タ,基本形,た,タ,タ
女	名詞,一般,*,*,*,*,女,オンナ,オンナ
の	助詞,連体化,*,*,*,*,の,ノ,ノ
ゆえ	名詞,非自立,副詞可能,*,*,*,ゆえ,ユエ,ユエ
に	助詞,格助詞,一般,*,*,*,に,ニ,ニ
すでに	副詞,一般,*,*,*,*,すでに,スデニ,スデニ
死ん	動詞,自立,*,*,五段・ナ行,連用タ接続,死ぬ,シン,シン
だ	助動詞,*,*,*,特殊・タ,基本形,だ,ダ,ダ
も	助詞,係助詞,*,*,*,*,も,モ,モ
同然	名詞,形容動詞語幹,*,*,*,*,同然,ドウゼン,ドーゼン
で	助動詞,*,*,*,特殊・ダ,連用形,だ,デ,デ
ある	助動詞,*,*,*,五段・ラ行アル,基本形,ある,アル,アル
。	記号,句点,*,*,*,*,。,。,。
彼女	名詞,代名詞,一般,*,*,*,彼女,カノジョ,カノジョ
は	助詞,係助詞,*,*,*,*,は,ハ,ワ
別	名詞,一般,*,*,*,*,別,ベツ,ベツ
の	助詞,連体化,*,*,*,*,の,ノ,ノ
所有	名詞,サ変接続,*,*,*,*,所有,ショユウ,ショユー
者	名詞,接尾,一般,*,*,*,者,シャ,シャ
に	助詞,格助詞,一般,*,*,*,に,ニ,ニ
その	連体詞,*,*,*,*,*,その,ソノ,ソノ
妻	名詞,一般,*,*,*,*,妻,ツマ,ツマ
として	助詞,格助詞,連語,*,*,*,として,トシテ,トシテ
所有	名詞,サ変接続,*,*,*,*,所有,ショユウ,ショユー
さ	動詞,自立,*,*,サ変・スル,未然レル接続,する,サ,サ
れ	動詞,接尾,*,*,一段,連用形,れる,レ,レ
て	助詞,接続助詞,*,*,*,*,て,テ,テ
いる	動詞,非自立,*,*,一段,基本形,いる,イル,イル
から	助詞,接続助詞,*,*,*,*,から,カラ,カラ
で	助動詞,*,*,*,特殊・ダ,連用形,だ,デ,デ
ある	助動詞,*,*,*,五段・ラ行アル,基本形,ある,アル,アル
」	記号,括弧閉,*,*,*,*,」,」,」
。	記号,句点,*,*,*,*,。,。,。
ところで	接続詞,*,*,*,*,*,ところで,トコロデ,トコロデ
アビメレク	名詞,一般,*,*,*,*,*
は	助詞,係助詞,*,*,*,*,は,ハ,ワ
まだ	副詞,助詞類接続,*,*,*,*,まだ,マダ,マダ
彼女	名詞,代名詞,一般,*,*,*,彼女,カノジョ,カノジョ
に	助詞,格助詞,一般,*,*,*,に,ニ,ニ
近づい	動詞,自立,*,*,五段・カ行イ音便,連用タ接続,近づく,チカヅイ,チカズイ
て	助詞,接続助詞,*,*,*,*,て,テ,テ
は	助詞,係助詞,*,*,*,*,は,ハ,ワ
い	動詞,非自立,*,*,一段,未然形,いる,イ,イ
なかっ	助動詞,*,*,*,特殊・ナイ,連用タ接続,ない,ナカッ,ナカッ
た	助動詞,*,*,*,特殊・タ,基本形,た,タ,タ
。	記号,句点,*,*,*,*,。,。,。
その	連体詞,*,*,*,*,*,その,ソノ,ソノ
ため	名詞,非自立,副詞可能,*,*,*,ため,タメ,タメ
彼	名詞,代名詞,一般,*,*,*,彼,カレ,カレ
は	助詞,係助詞,*,*,*,*,は,ハ,ワ
言っ	動詞,自立,*,*,五段・ワ行促音便,連用タ接続,言う,イッ,イッ
た	助動詞,*,*,*,特殊・タ,基本形,た,タ,タ
，	記号,読点,*,*,*,*,，,，,，
「	記号,括弧開,*,*,*,*,「,「,「
エホバ	名詞,一般,*,*,*,*,エホバ,エホバ,エホバ
よ	助詞,終助詞,*,*,*,*,よ,ヨ,ヨ
，	記号,読点,*,*,*,*,，,，,，
あなた	名詞,代名詞,一般,*,*,*,あなた,アナタ,アナタ
は	助詞,係助詞,*,*,*,*,は,ハ,ワ
全く	副詞,助詞類接続,*,*,*,*,全く,マッタク,マッタク
義	名詞,形容動詞語幹,*,*,*,*,義,ギ,ギ
に	助詞,副詞化,*,*,*,*,に,ニ,ニ
かなっ	動詞,自立,*,*,五段・ワ行促音便,連用タ接続,かなう,カナッ,カナッ
た	助動詞,*,*,*,特殊・タ,基本形,た,タ,タ
国民	名詞,一般,*,*,*,*,国民,コクミン,コクミン
を	助詞,格助詞,一般,*,*,*,を,ヲ,ヲ
も	助詞,係助詞,*,*,*,*,も,モ,モ
殺さ	動詞,自立,*,*,五段・サ行,未然形,殺す,コロサ,コロサ
れる	動詞,接尾,*,*,一段,基本形,れる,レル,レル
の	名詞,非自立,一般,*,*,*,の,ノ,ノ
です	助動詞,*,*,*,特殊・デス,基本形,です,デス,デス
か	助詞,副助詞／並立助詞／終助詞,*,*,*,*,か,カ,カ
。	記号,句点,*,*,*,*,。,。,。
あの	連体詞,*,*,*,*,*,あの,アノ,アノ
人	名詞,一般,*,*,*,*,人,ヒト,ヒト
は	助詞,係助詞,*,*,*,*,は,ハ,ワ
わたし	名詞,代名詞,一般,*,*,*,わたし,ワタシ,ワタシ
に	助詞,格助詞,一般,*,*,*,に,ニ,ニ
，	記号,読点,*,*,*,*,，,，,，
『	記号,括弧開,*,*,*,*,『,『,『
これ	名詞,代名詞,一般,*,*,*,これ,コレ,コレ
は	助詞,係助詞,*,*,*,*,は,ハ,ワ
わたし	名詞,代名詞,一般,*,*,*,わたし,ワタシ,ワタシ
の	助詞,連体化,*,*,*,*,の,ノ,ノ
妹	名詞,一般,*,*,*,*,妹,イモウト,イモート
です	助動詞,*,*,*,特殊・デス,基本形,です,デス,デス
』	記号,括弧閉,*,*,*,*,』,』,』
と	助詞,格助詞,引用,*,*,*,と,ト,ト
言っ	動詞,自立,*,*,五段・ワ行促音便,連用タ接続,言う,イッ,イッ
た	助動詞,*,*,*,特殊・タ,基本形,た,タ,タ
で	助動詞,*,*,*,特殊・ダ,連用形,だ,デ,デ
は	助詞,係助詞,*,*,*,*,は,ハ,ワ
あり	動詞,自立,*,*,五段・ラ行,連用形,ある,アリ,アリ
ませ	助動詞,*,*,*,特殊・マス,未然形,ます,マセ,マセ
ん	助動詞,*,*,*,不変化型,基本形,ん,ン,ン
か	助詞,副助詞／並立助詞／終助詞,*,*,*,*,か,カ,カ
。	記号,句点,*,*,*,*,。,。,。
そして	接続詞,*,*,*,*,*,そして,ソシテ,ソシテ
彼女	名詞,代名詞,一般,*,*,*,彼女,カノジョ,カノジョ
の	助詞,連体化,*,*,*,*,の,ノ,ノ
ほう	名詞,非自立,一般,*,*,*,ほう,ホウ,ホー
も	助詞,係助詞,*,*,*,*,も,モ,モ
また	接続詞,*,*,*,*,*,また,マタ,マタ
，	記号,読点,*,*,*,*,，,，,，
『	記号,括弧開,*,*,*,*,『,『,『
これ	名詞,代名詞,一般,*,*,*,これ,コレ,コレ
は	助詞,係助詞,*,*,*,*,は,ハ,ワ
わたし	名詞,代名詞,一般,*,*,*,わたし,ワタシ,ワタシ
の	助詞,連体化,*,*,*,*,の,ノ,ノ
兄	名詞,一般,*,*,*,*,兄,アニ,アニ
です	助動詞,*,*,*,特殊・デス,基本形,です,デス,デス
』	記号,括弧閉,*,*,*,*,』,』,』
と	助詞,格助詞,引用,*,*,*,と,ト,ト
言い	動詞,自立,*,*,五段・ワ行促音便,連用形,言う,イイ,イイ
ませ	助動詞,*,*,*,特殊・マス,未然形,ます,マセ,マセ
ん	助動詞,*,*,*,不変化型,基本形,ん,ン,ン
でし	助動詞,*,*,*,特殊・デス,連用形,です,デシ,デシ
た	助動詞,*,*,*,特殊・タ,基本形,た,タ,タ
か	助詞,副助詞／並立助詞／終助詞,*,*,*,*,か,カ,カ
。	記号,句点,*,*,*,*,。,。,。
わたし	名詞,代名詞,一般,*,*,*,わたし,ワタシ,ワタシ
は	助詞,係助詞,*,*,*,*,は,ハ,ワ
正直	名詞,形容動詞語幹,*,*,*,*,正直,ショウジキ,ショージキ
な	助動詞,*,*,*,特殊・ダ,体言接続,だ,ナ,ナ
心	名詞,一般,*,*,*,*,心,ココロ,ココロ
，	記号,読点,*,*,*,*,，,，,，
潔白	名詞,形容動詞語幹,*,*,*,*,潔白,ケッパク,ケッパク
な	助動詞,*,*,*,特殊・ダ,体言接続,だ,ナ,ナ
手	名詞,一般,*,*,*,*,手,テ,テ
で	助詞,格助詞,一般,*,*,*,で,デ,デ
これ	名詞,代名詞,一般,*,*,*,これ,コレ,コレ
を	助詞,格助詞,一般,*,*,*,を,ヲ,ヲ
行なっ	動詞,自立,*,*,五段・ワ行促音便,連用タ接続,行なう,オコナッ,オコナッ
た	助動詞,*,*,*,特殊・タ,基本形,た,タ,タ
の	名詞,非自立,一般,*,*,*,の,ノ,ノ
です	助動詞,*,*,*,特殊・デス,基本形,です,デス,デス
」	記号,括弧閉,*,*,*,*,」,」,」
。	記号,句点,*,*,*,*,。,。,。
すると	接続詞,*,*,*,*,*,すると,スルト,スルト
[	名詞,サ変接続,*,*,*,*,*
ま	フィラー,*,*,*,*,*,ま,マ,マ
こと	名詞,非自立,一般,*,*,*,こと,コト,コト
の	助詞,連体化,*,*,*,*,の,ノ,ノ
]	名詞,サ変接続,*,*,*,*,*
神	名詞,接尾,一般,*,*,*,神,シン,シン
は	助詞,係助詞,*,*,*,*,は,ハ,ワ
夢	名詞,一般,*,*,*,*,夢,ユメ,ユメ
の	助詞,連体化,*,*,*,*,の,ノ,ノ
中	名詞,非自立,副詞可能,*,*,*,中,ナカ,ナカ
で	助詞,格助詞,一般,*,*,*,で,デ,デ
彼	名詞,代名詞,一般,*,*,*,彼,カレ,カレ
に	助詞,格助詞,一般,*,*,*,に,ニ,ニ
言わ	動詞,自立,*,*,五段・ワ行促音便,未然形,言う,イワ,イワ
れ	動詞,接尾,*,*,一段,連用形,れる,レ,レ
た	助動詞,*,*,*,特殊・タ,基本形,た,タ,タ
，	記号,読点,*,*,*,*,，,，,，
「	記号,括弧開,*,*,*,*,「,「,「
わたし	名詞,代名詞,一般,*,*,*,わたし,ワタシ,ワタシ
と	助詞,格助詞,一般,*,*,*,と,ト,ト
し	動詞,自立,*,*,サ変・スル,連用形,する,シ,シ
て	助詞,接続助詞,*,*,*,*,て,テ,テ
も	助詞,係助詞,*,*,*,*,も,モ,モ
，	記号,読点,*,*,*,*,，,，,，
あなた	名詞,代名詞,一般,*,*,*,あなた,アナタ,アナタ
が	助詞,格助詞,一般,*,*,*,が,ガ,ガ
正直	名詞,形容動詞語幹,*,*,*,*,正直,ショウジキ,ショージキ
な	助動詞,*,*,*,特殊・ダ,体言接続,だ,ナ,ナ
心	名詞,一般,*,*,*,*,心,ココロ,ココロ
で	助詞,格助詞,一般,*,*,*,で,デ,デ
これ	名詞,代名詞,一般,*,*,*,これ,コレ,コレ
を	助詞,格助詞,一般,*,*,*,を,ヲ,ヲ
行なっ	動詞,自立,*,*,五段・ワ行促音便,連用タ接続,行なう,オコナッ,オコナッ
た	助動詞,*,*,*,特殊・タ,基本形,た,タ,タ
こと	名詞,非自立,一般,*,*,*,こと,コト,コト
を	助詞,格助詞,一般,*,*,*,を,ヲ,ヲ
知っ	動詞,自立,*,*,五段・ラ行,連用タ接続,知る,シッ,シッ
て	助詞,接続助詞,*,*,*,*,て,テ,テ
い	動詞,非自立,*,*,一段,連用形,いる,イ,イ
た	助動詞,*,*,*,特殊・タ,基本形,た,タ,タ
。	記号,句点,*,*,*,*,。,。,。
だから	接続詞,*,*,*,*,*,だから,ダカラ,ダカラ
この	連体詞,*,*,*,*,*,この,コノ,コノ
わたし	名詞,代名詞,一般,*,*,*,わたし,ワタシ,ワタシ
も	助詞,係助詞,*,*,*,*,も,モ,モ
，	記号,読点,*,*,*,*,，,，,，
あなた	名詞,代名詞,一般,*,*,*,あなた,アナタ,アナタ
を	助詞,格助詞,一般,*,*,*,を,ヲ,ヲ
とどめ	動詞,自立,*,*,一段,連用形,とどめる,トドメ,トドメ
て	助詞,接続助詞,*,*,*,*,て,テ,テ
わたし	名詞,代名詞,一般,*,*,*,わたし,ワタシ,ワタシ
に対し	助詞,格助詞,連語,*,*,*,に対し,ニタイシ,ニタイシ
罪	名詞,一般,*,*,*,*,罪,ツミ,ツミ
を	助詞,格助詞,一般,*,*,*,を,ヲ,ヲ
おかさ	動詞,自立,*,*,五段・サ行,未然形,おかす,オカサ,オカサ
せ	動詞,接尾,*,*,一段,未然形,せる,セ,セ
ない	助動詞,*,*,*,特殊・ナイ,基本形,ない,ナイ,ナイ
よう	名詞,非自立,助動詞語幹,*,*,*,よう,ヨウ,ヨー
に	助詞,格助詞,一般,*,*,*,に,ニ,ニ
し	動詞,自立,*,*,サ変・スル,連用形,する,シ,シ
て	助詞,接続助詞,*,*,*,*,て,テ,テ
い	動詞,非自立,*,*,一段,連用形,いる,イ,イ
た	助動詞,*,*,*,特殊・タ,基本形,た,タ,タ
。	記号,句点,*,*,*,*,。,。,。
その	連体詞,*,*,*,*,*,その,ソノ,ソノ
ため	名詞,非自立,副詞可能,*,*,*,ため,タメ,タメ
あなた	名詞,代名詞,一般,*,*,*,あなた,アナタ,アナタ
が	助詞,格助詞,一般,*,*,*,が,ガ,ガ
彼女	名詞,代名詞,一般,*,*,*,彼女,カノジョ,カノジョ
に	助詞,格助詞,一般,*,*,*,に,ニ,ニ
触れる	動詞,自立,*,*,一段,基本形,触れる,フレル,フレル
こと	名詞,非自立,一般,*,*,*,こと,コト,コト
を	助詞,格助詞,一般,*,*,*,を,ヲ,ヲ
許さ	動詞,自立,*,*,五段・サ行,未然形,許す,ユルサ,ユルサ
なかっ	助動詞,*,*,*,特殊・ナイ,連用タ接続,ない,ナカッ,ナカッ
た	助動詞,*,*,*,特殊・タ,基本形,た,タ,タ
の	名詞,非自立,一般,*,*,*,の,ノ,ノ
で	助動詞,*,*,*,特殊・ダ,連用形,だ,デ,デ
ある	助動詞,*,*,*,五段・ラ行アル,基本形,ある,アル,アル
。	記号,句点,*,*,*,*,。,。,。
だ	助動詞,*,*,*,特殊・ダ,基本形,だ,ダ,ダ
が	助詞,接続助詞,*,*,*,*,が,ガ,ガ
今	名詞,副詞可能,*,*,*,*,今,イマ,イマ
，	記号,読点,*,*,*,*,，,，,，
その	連体詞,*,*,*,*,*,その,ソノ,ソノ
人	名詞,一般,*,*,*,*,人,ヒト,ヒト
の	助詞,連体化,*,*,*,*,の,ノ,ノ
妻	名詞,一般,*,*,*,*,妻,ツマ,ツマ
を	助詞,格助詞,一般,*,*,*,を,ヲ,ヲ
返し	動詞,自立,*,*,五段・サ行,連用形,返す,カエシ,カエシ
なさい	動詞,非自立,*,*,五段・ラ行特殊,命令ｉ,なさる,ナサイ,ナサイ
。	記号,句点,*,*,*,*,。,。,。
彼	名詞,代名詞,一般,*,*,*,彼,カレ,カレ
は	助詞,係助詞,*,*,*,*,は,ハ,ワ
預言	名詞,サ変接続,*,*,*,*,預言,ヨゲン,ヨゲン
者	名詞,接尾,一般,*,*,*,者,シャ,シャ
で	助動詞,*,*,*,特殊・ダ,連用形,だ,デ,デ
あり	助動詞,*,*,*,五段・ラ行アル,連用形,ある,アリ,アリ
，	記号,読点,*,*,*,*,，,，,，
あなた	名詞,代名詞,一般,*,*,*,あなた,アナタ,アナタ
の	助詞,連体化,*,*,*,*,の,ノ,ノ
ため	名詞,非自立,副詞可能,*,*,*,ため,タメ,タメ
に	助詞,格助詞,一般,*,*,*,に,ニ,ニ
祈願	名詞,サ変接続,*,*,*,*,祈願,キガン,キガン
を	助詞,格助詞,一般,*,*,*,を,ヲ,ヲ
し	動詞,自立,*,*,サ変・スル,連用形,する,シ,シ
て	助詞,接続助詞,*,*,*,*,て,テ,テ
くれる	動詞,非自立,*,*,一段・クレル,基本形,くれる,クレル,クレル
で	助動詞,*,*,*,特殊・ダ,連用形,だ,デ,デ
あろ	助動詞,*,*,*,五段・ラ行アル,未然ウ接続,ある,アロ,アロ
う	助動詞,*,*,*,不変化型,基本形,う,ウ,ウ
。	記号,句点,*,*,*,*,。,。,。
その	連体詞,*,*,*,*,*,その,ソノ,ソノ
よう	名詞,非自立,助動詞語幹,*,*,*,よう,ヨウ,ヨー
に	助詞,格助詞,一般,*,*,*,に,ニ,ニ
し	動詞,自立,*,*,サ変・スル,連用形,する,シ,シ
て	助詞,接続助詞,*,*,*,*,て,テ,テ
生き	動詞,自立,*,*,一段,連用形,生きる,イキ,イキ
続け	動詞,非自立,*,*,一段,連用形,続ける,ツヅケ,ツズケ
なさい	動詞,非自立,*,*,五段・ラ行特殊,命令ｉ,なさる,ナサイ,ナサイ
。	記号,句点,*,*,*,*,。,。,。
しかし	接続詞,*,*,*,*,*,しかし,シカシ,シカシ
，	記号,読点,*,*,*,*,，,，,，
もし	副詞,一般,*,*,*,*,もし,モシ,モシ
彼女	名詞,代名詞,一般,*,*,*,彼女,カノジョ,カノジョ
を	助詞,格助詞,一般,*,*,*,を,ヲ,ヲ
返さ	動詞,自立,*,*,五段・サ行,未然形,返す,カエサ,カエサ
ない	助動詞,*,*,*,特殊・ナイ,基本形,ない,ナイ,ナイ
なら	助動詞,*,*,*,特殊・ダ,仮定形,だ,ナラ,ナラ
，	記号,読点,*,*,*,*,，,，,，
あなた	名詞,代名詞,一般,*,*,*,あなた,アナタ,アナタ
は	助詞,係助詞,*,*,*,*,は,ハ,ワ
，	記号,読点,*,*,*,*,，,，,，
すなわち	接続詞,*,*,*,*,*,すなわち,スナワチ,スナワチ
あなた	名詞,代名詞,一般,*,*,*,あなた,アナタ,アナタ
も	助詞,係助詞,*,*,*,*,も,モ,モ
あなた	名詞,代名詞,一般,*,*,*,あなた,アナタ,アナタ
に	助詞,格助詞,一般,*,*,*,に,ニ,ニ
属する	動詞,自立,*,*,サ変・−スル,基本形,属する,ゾクスル,ゾクスル
すべて	名詞,副詞可能,*,*,*,*,すべて,スベテ,スベテ
の	助詞,連体化,*,*,*,*,の,ノ,ノ
者	名詞,非自立,一般,*,*,*,者,モノ,モノ
も	助詞,係助詞,*,*,*,*,も,モ,モ
必ず	副詞,助詞類接続,*,*,*,*,必ず,カナラズ,カナラズ
死に	動詞,自立,*,*,五段・ナ行,連用形,死ぬ,シニ,シニ
至る	動詞,自立,*,*,五段・ラ行,基本形,至る,イタル,イタル
という	助詞,格助詞,連語,*,*,*,という,トイウ,トユウ
こと	名詞,非自立,一般,*,*,*,こと,コト,コト
を	助詞,格助詞,一般,*,*,*,を,ヲ,ヲ
知り	動詞,自立,*,*,五段・ラ行,連用形,知る,シリ,シリ
なさい	動詞,非自立,*,*,五段・ラ行特殊,命令ｉ,なさる,ナサイ,ナサイ
」	記号,括弧閉,*,*,*,*,」,」,」
。	記号,句点,*,*,*,*,。,。,。
それで	接続詞,*,*,*,*,*,それで,ソレデ,ソレデ
アビメレク	名詞,一般,*,*,*,*,*
は	助詞,係助詞,*,*,*,*,は,ハ,ワ
朝	名詞,副詞可能,*,*,*,*,朝,アサ,アサ
早く	形容詞,自立,*,*,形容詞・アウオ段,連用テ接続,早い,ハヤク,ハヤク
起き	動詞,自立,*,*,一段,連用形,起きる,オキ,オキ
，	記号,読点,*,*,*,*,，,，,，
自分	名詞,一般,*,*,*,*,自分,ジブン,ジブン
の	助詞,連体化,*,*,*,*,の,ノ,ノ
すべて	名詞,副詞可能,*,*,*,*,すべて,スベテ,スベテ
の	助詞,連体化,*,*,*,*,の,ノ,ノ
僕	名詞,代名詞,一般,*,*,*,僕,ボク,ボク
たち	名詞,接尾,一般,*,*,*,たち,タチ,タチ
を	助詞,格助詞,一般,*,*,*,を,ヲ,ヲ
呼ん	動詞,自立,*,*,五段・バ行,連用タ接続,呼ぶ,ヨン,ヨン
で	助詞,接続助詞,*,*,*,*,で,デ,デ
，	記号,読点,*,*,*,*,，,，,，
これら	名詞,代名詞,一般,*,*,*,これら,コレラ,コレラ
の	助詞,連体化,*,*,*,*,の,ノ,ノ
こと	名詞,非自立,一般,*,*,*,こと,コト,コト
につき	助詞,格助詞,連語,*,*,*,につき,ニツキ,ニツキ
残ら	動詞,自立,*,*,五段・ラ行,未然形,残る,ノコラ,ノコラ
ず	助動詞,*,*,*,特殊・ヌ,連用ニ接続,ぬ,ズ,ズ
その	連体詞,*,*,*,*,*,その,ソノ,ソノ
耳	名詞,一般,*,*,*,*,耳,ミミ,ミミ
に	助詞,格助詞,一般,*,*,*,に,ニ,ニ
話し	動詞,自立,*,*,五段・サ行,連用形,話す,ハナシ,ハナシ
た	助動詞,*,*,*,特殊・タ,基本形,た,タ,タ
。	記号,句点,*,*,*,*,。,。,。
すると	接続詞,*,*,*,*,*,すると,スルト,スルト
人々	名詞,一般,*,*,*,*,人々,ヒトビト,ヒトビト
は	助詞,係助詞,*,*,*,*,は,ハ,ワ
非常	名詞,形容動詞語幹,*,*,*,*,非常,ヒジョウ,ヒジョー
に	助詞,副詞化,*,*,*,*,に,ニ,ニ
恐れる	動詞,自立,*,*,一段,基本形,恐れる,オソレル,オソレル
の	名詞,非自立,一般,*,*,*,の,ノ,ノ
で	助動詞,*,*,*,特殊・ダ,連用形,だ,デ,デ
あっ	助動詞,*,*,*,五段・ラ行アル,連用タ接続,ある,アッ,アッ
た	助動詞,*,*,*,特殊・タ,基本形,た,タ,タ
。	記号,句点,*,*,*,*,。,。,。
それから	接続詞,*,*,*,*,*,それから,ソレカラ,ソレカラ
アビメレク	名詞,一般,*,*,*,*,*
は	助詞,係助詞,*,*,*,*,は,ハ,ワ
アブラハム	名詞,一般,*,*,*,*,*
を	助詞,格助詞,一般,*,*,*,を,ヲ,ヲ
呼ん	動詞,自立,*,*,五段・バ行,連用タ接続,呼ぶ,ヨン,ヨン
で	助詞,接続助詞,*,*,*,*,で,デ,デ
こう	副詞,助詞類接続,*,*,*,*,こう,コウ,コー
言っ	動詞,自立,*,*,五段・ワ行促音便,連用タ接続,言う,イッ,イッ
た	助動詞,*,*,*,特殊・タ,基本形,た,タ,タ
。	記号,句点,*,*,*,*,。,。,。
「	記号,括弧開,*,*,*,*,「,「,「
あなた	名詞,代名詞,一般,*,*,*,あなた,アナタ,アナタ
は	助詞,係助詞,*,*,*,*,は,ハ,ワ
わたし	名詞,代名詞,一般,*,*,*,わたし,ワタシ,ワタシ
たち	名詞,接尾,一般,*,*,*,たち,タチ,タチ
に	助詞,格助詞,一般,*,*,*,に,ニ,ニ
何	名詞,代名詞,一般,*,*,*,何,ナニ,ナニ
という	助詞,格助詞,連語,*,*,*,という,トイウ,トユウ
こと	名詞,非自立,一般,*,*,*,こと,コト,コト
を	助詞,格助詞,一般,*,*,*,を,ヲ,ヲ
し	動詞,自立,*,*,サ変・スル,連用形,する,シ,シ
た	助動詞,*,*,*,特殊・タ,基本形,た,タ,タ
の	名詞,非自立,一般,*,*,*,の,ノ,ノ
か	助詞,副助詞／並立助詞／終助詞,*,*,*,*,か,カ,カ
。	記号,句点,*,*,*,*,。,。,。
わたし	名詞,代名詞,一般,*,*,*,わたし,ワタシ,ワタシ
が	助詞,格助詞,一般,*,*,*,が,ガ,ガ
あなた	名詞,代名詞,一般,*,*,*,あなた,アナタ,アナタ
に	助詞,格助詞,一般,*,*,*,に,ニ,ニ
どんな	連体詞,*,*,*,*,*,どんな,ドンナ,ドンナ
罪	名詞,一般,*,*,*,*,罪,ツミ,ツミ
を	助詞,格助詞,一般,*,*,*,を,ヲ,ヲ
犯し	動詞,自立,*,*,五段・サ行,連用形,犯す,オカシ,オカシ
た	助動詞,*,*,*,特殊・タ,基本形,た,タ,タ
と	助詞,格助詞,引用,*,*,*,と,ト,ト
いう	動詞,自立,*,*,五段・ワ行促音便,基本形,いう,イウ,イウ
ので	助詞,接続助詞,*,*,*,*,ので,ノデ,ノデ
，	記号,読点,*,*,*,*,，,，,，
わたし	名詞,代名詞,一般,*,*,*,わたし,ワタシ,ワタシ
と	助詞,格助詞,一般,*,*,*,と,ト,ト
わたし	名詞,代名詞,一般,*,*,*,わたし,ワタシ,ワタシ
の	助詞,連体化,*,*,*,*,の,ノ,ノ
王国	名詞,一般,*,*,*,*,王国,オウコク,オーコク
と	助詞,並立助詞,*,*,*,*,と,ト,ト
に	助詞,格助詞,一般,*,*,*,に,ニ,ニ
この	連体詞,*,*,*,*,*,この,コノ,コノ
よう	名詞,非自立,助動詞語幹,*,*,*,よう,ヨウ,ヨー
に	助詞,副詞化,*,*,*,*,に,ニ,ニ
大きな	連体詞,*,*,*,*,*,大きな,オオキナ,オーキナ
罪	名詞,一般,*,*,*,*,罪,ツミ,ツミ
を	助詞,格助詞,一般,*,*,*,を,ヲ,ヲ
もたらし	動詞,自立,*,*,五段・サ行,連用形,もたらす,モタラシ,モタラシ
た	助動詞,*,*,*,特殊・タ,基本形,た,タ,タ
の	名詞,非自立,一般,*,*,*,の,ノ,ノ
か	助詞,副助詞／並立助詞／終助詞,*,*,*,*,か,カ,カ
。	記号,句点,*,*,*,*,。,。,。
し	動詞,自立,*,*,サ変・スル,連用形,する,シ,シ
て	助詞,接続助詞,*,*,*,*,て,テ,テ
は	助詞,係助詞,*,*,*,*,は,ハ,ワ
なら	動詞,非自立,*,*,五段・ラ行,未然形,なる,ナラ,ナラ
ない	助動詞,*,*,*,特殊・ナイ,基本形,ない,ナイ,ナイ
行為	名詞,サ変接続,*,*,*,*,行為,コウイ,コーイ
を	助詞,格助詞,一般,*,*,*,を,ヲ,ヲ
，	記号,読点,*,*,*,*,，,，,，
あなた	名詞,代名詞,一般,*,*,*,あなた,アナタ,アナタ
は	助詞,係助詞,*,*,*,*,は,ハ,ワ
わたし	名詞,代名詞,一般,*,*,*,わたし,ワタシ,ワタシ
に対して	助詞,格助詞,連語,*,*,*,に対して,ニタイシテ,ニタイシテ
行なっ	動詞,自立,*,*,五段・ワ行促音便,連用タ接続,行なう,オコナッ,オコナッ
た	助動詞,*,*,*,特殊・タ,基本形,た,タ,タ
の	名詞,非自立,一般,*,*,*,の,ノ,ノ
だ	助動詞,*,*,*,特殊・ダ,基本形,だ,ダ,ダ
」	記号,括弧閉,*,*,*,*,」,」,」
。	記号,句点,*,*,*,*,。,。,。
アビメレク	名詞,一般,*,*,*,*,*
は	助詞,係助詞,*,*,*,*,は,ハ,ワ
なおも	副詞,一般,*,*,*,*,なおも,ナオモ,ナオモ
アブラハム	名詞,一般,*,*,*,*,*
に	助詞,格助詞,一般,*,*,*,に,ニ,ニ
言っ	動詞,自立,*,*,五段・ワ行促音便,連用タ接続,言う,イッ,イッ
た	助動詞,*,*,*,特殊・タ,基本形,た,タ,タ
，	記号,読点,*,*,*,*,，,，,，
「	記号,括弧開,*,*,*,*,「,「,「
あなた	名詞,代名詞,一般,*,*,*,あなた,アナタ,アナタ
は	助詞,係助詞,*,*,*,*,は,ハ,ワ
何	名詞,代名詞,一般,*,*,*,何,ナニ,ナニ
を	助詞,格助詞,一般,*,*,*,を,ヲ,ヲ
もくろん	動詞,自立,*,*,五段・マ行,連用タ接続,もくろむ,モクロン,モクロン
で	助詞,接続助詞,*,*,*,*,で,デ,デ
この	連体詞,*,*,*,*,*,この,コノ,コノ
よう	名詞,非自立,助動詞語幹,*,*,*,よう,ヨウ,ヨー
な	助動詞,*,*,*,特殊・ダ,体言接続,だ,ナ,ナ
こと	名詞,非自立,一般,*,*,*,こと,コト,コト
を	助詞,格助詞,一般,*,*,*,を,ヲ,ヲ
し	動詞,自立,*,*,サ変・スル,連用形,する,シ,シ
た	助動詞,*,*,*,特殊・タ,基本形,た,タ,タ
の	名詞,非自立,一般,*,*,*,の,ノ,ノ
か	助詞,副助詞／並立助詞／終助詞,*,*,*,*,か,カ,カ
」	記号,括弧閉,*,*,*,*,」,」,」
。	記号,句点,*,*,*,*,。,。,。
これ	名詞,代名詞,一般,*,*,*,これ,コレ,コレ
に対して	助詞,格助詞,連語,*,*,*,に対して,ニタイシテ,ニタイシテ
アブラハム	名詞,一般,*,*,*,*,*
は	助詞,係助詞,*,*,*,*,は,ハ,ワ
言っ	動詞,自立,*,*,五段・ワ行促音便,連用タ接続,言う,イッ,イッ
た	助動詞,*,*,*,特殊・タ,基本形,た,タ,タ
，	記号,読点,*,*,*,*,，,，,，
「	記号,括弧開,*,*,*,*,「,「,「
わたし	名詞,代名詞,一般,*,*,*,わたし,ワタシ,ワタシ
は	助詞,係助詞,*,*,*,*,は,ハ,ワ
自分	名詞,一般,*,*,*,*,自分,ジブン,ジブン
に	助詞,格助詞,一般,*,*,*,に,ニ,ニ
こう	副詞,助詞類接続,*,*,*,*,こう,コウ,コー
言っ	動詞,自立,*,*,五段・ワ行促音便,連用タ接続,言う,イッ,イッ
た	助動詞,*,*,*,特殊・タ,基本形,た,タ,タ
の	名詞,非自立,一般,*,*,*,の,ノ,ノ
です	助動詞,*,*,*,特殊・デス,基本形,です,デス,デス
。	記号,句点,*,*,*,*,。,。,。
『	記号,括弧開,*,*,*,*,『,『,『
この	連体詞,*,*,*,*,*,この,コノ,コノ
場所	名詞,一般,*,*,*,*,場所,バショ,バショ
に	助詞,格助詞,一般,*,*,*,に,ニ,ニ
は	助詞,係助詞,*,*,*,*,は,ハ,ワ
神	名詞,一般,*,*,*,*,神,カミ,カミ
へ	助詞,格助詞,一般,*,*,*,へ,ヘ,エ
の	助詞,連体化,*,*,*,*,の,ノ,ノ
恐れ	名詞,一般,*,*,*,*,恐れ,オソレ,オソレ
など	助詞,副助詞,*,*,*,*,など,ナド,ナド
ない	形容詞,自立,*,*,形容詞・アウオ段,基本形,ない,ナイ,ナイ
に	助詞,格助詞,一般,*,*,*,に,ニ,ニ
違い	名詞,ナイ形容詞語幹,*,*,*,*,違い,チガイ,チガイ
ない	助動詞,*,*,*,特殊・ナイ,基本形,ない,ナイ,ナイ
。	記号,句点,*,*,*,*,。,。,。
彼ら	名詞,代名詞,一般,*,*,*,彼ら,カレラ,カレラ
は	助詞,係助詞,*,*,*,*,は,ハ,ワ
わたし	名詞,代名詞,一般,*,*,*,わたし,ワタシ,ワタシ
の	助詞,連体化,*,*,*,*,の,ノ,ノ
妻	名詞,一般,*,*,*,*,妻,ツマ,ツマ
の	助詞,連体化,*,*,*,*,の,ノ,ノ
ゆえ	名詞,非自立,副詞可能,*,*,*,ゆえ,ユエ,ユエ
に	助詞,格助詞,一般,*,*,*,に,ニ,ニ
きっと	副詞,一般,*,*,*,*,きっと,キット,キット
わたし	名詞,代名詞,一般,*,*,*,わたし,ワタシ,ワタシ
を	助詞,格助詞,一般,*,*,*,を,ヲ,ヲ
殺す	動詞,自立,*,*,五段・サ行,基本形,殺す,コロス,コロス
だろ	助動詞,*,*,*,特殊・ダ,未然形,だ,ダロ,ダロ
う	助動詞,*,*,*,不変化型,基本形,う,ウ,ウ
』	記号,括弧閉,*,*,*,*,』,』,』
と	助詞,格助詞,引用,*,*,*,と,ト,ト
。	記号,句点,*,*,*,*,。,。,。
しかも	接続詞,*,*,*,*,*,しかも,シカモ,シカモ
彼女	名詞,代名詞,一般,*,*,*,彼女,カノジョ,カノジョ
は	助詞,係助詞,*,*,*,*,は,ハ,ワ
ほんとう	名詞,一般,*,*,*,*,ほんとう,ホントウ,ホントー
に	助詞,格助詞,一般,*,*,*,に,ニ,ニ
わたし	名詞,代名詞,一般,*,*,*,わたし,ワタシ,ワタシ
の	助詞,連体化,*,*,*,*,の,ノ,ノ
妹	名詞,一般,*,*,*,*,妹,イモウト,イモート
で	助詞,格助詞,一般,*,*,*,で,デ,デ
，	記号,読点,*,*,*,*,，,，,，
わたし	名詞,代名詞,一般,*,*,*,わたし,ワタシ,ワタシ
の	助詞,連体化,*,*,*,*,の,ノ,ノ
父	名詞,一般,*,*,*,*,父,チチ,チチ
の	助詞,連体化,*,*,*,*,の,ノ,ノ
娘	名詞,一般,*,*,*,*,娘,ムスメ,ムスメ
で	助動詞,*,*,*,特殊・ダ,連用形,だ,デ,デ
あり	助動詞,*,*,*,五段・ラ行アル,連用形,ある,アリ,アリ
，	記号,読点,*,*,*,*,，,，,，
ただ	接続詞,*,*,*,*,*,ただ,タダ,タダ
わたし	名詞,代名詞,一般,*,*,*,わたし,ワタシ,ワタシ
の	助詞,連体化,*,*,*,*,の,ノ,ノ
母	名詞,一般,*,*,*,*,母,ハハ,ハハ
の	助詞,連体化,*,*,*,*,の,ノ,ノ
娘	名詞,一般,*,*,*,*,娘,ムスメ,ムスメ
で	助詞,格助詞,一般,*,*,*,で,デ,デ
は	助詞,係助詞,*,*,*,*,は,ハ,ワ
ない	形容詞,自立,*,*,形容詞・アウオ段,基本形,ない,ナイ,ナイ
だけ	助詞,副助詞,*,*,*,*,だけ,ダケ,ダケ
です	助動詞,*,*,*,特殊・デス,基本形,です,デス,デス
。	記号,句点,*,*,*,*,。,。,。
それ	名詞,代名詞,一般,*,*,*,それ,ソレ,ソレ
が	助詞,格助詞,一般,*,*,*,が,ガ,ガ
わたし	名詞,代名詞,一般,*,*,*,わたし,ワタシ,ワタシ
の	助詞,連体化,*,*,*,*,の,ノ,ノ
妻	名詞,一般,*,*,*,*,妻,ツマ,ツマ
と	助詞,格助詞,一般,*,*,*,と,ト,ト
なっ	動詞,自立,*,*,五段・ラ行,連用タ接続,なる,ナッ,ナッ
た	助動詞,*,*,*,特殊・タ,基本形,た,タ,タ
の	名詞,非自立,一般,*,*,*,の,ノ,ノ
です	助動詞,*,*,*,特殊・デス,基本形,です,デス,デス
。	記号,句点,*,*,*,*,。,。,。
そして	接続詞,*,*,*,*,*,そして,ソシテ,ソシテ
，	記号,読点,*,*,*,*,，,，,，
神	名詞,一般,*,*,*,*,神,カミ,カミ
が	助詞,格助詞,一般,*,*,*,が,ガ,ガ
わたし	名詞,代名詞,一般,*,*,*,わたし,ワタシ,ワタシ
を	助詞,格助詞,一般,*,*,*,を,ヲ,ヲ
父	名詞,一般,*,*,*,*,父,チチ,チチ
の	助詞,連体化,*,*,*,*,の,ノ,ノ
家	名詞,一般,*,*,*,*,家,イエ,イエ
から	助詞,格助詞,一般,*,*,*,から,カラ,カラ
さすらい	名詞,一般,*,*,*,*,さすらい,サスライ,サスライ
の	助詞,連体化,*,*,*,*,の,ノ,ノ
身	名詞,一般,*,*,*,*,身,ミ,ミ
と	助詞,格助詞,一般,*,*,*,と,ト,ト
なら	動詞,自立,*,*,五段・ラ行,未然形,なる,ナラ,ナラ
せ	動詞,接尾,*,*,一段,連用形,せる,セ,セ
た	助動詞,*,*,*,特殊・タ,基本形,た,タ,タ
とき	名詞,非自立,副詞可能,*,*,*,とき,トキ,トキ
の	助詞,連体化,*,*,*,*,の,ノ,ノ
こと	名詞,非自立,一般,*,*,*,こと,コト,コト
です	助動詞,*,*,*,特殊・デス,基本形,です,デス,デス
が	助詞,接続助詞,*,*,*,*,が,ガ,ガ
，	記号,読点,*,*,*,*,，,，,，
わたし	名詞,代名詞,一般,*,*,*,わたし,ワタシ,ワタシ
は	助詞,係助詞,*,*,*,*,は,ハ,ワ
その	連体詞,*,*,*,*,*,その,ソノ,ソノ
とき	名詞,非自立,副詞可能,*,*,*,とき,トキ,トキ
彼女	名詞,代名詞,一般,*,*,*,彼女,カノジョ,カノジョ
に	助詞,格助詞,一般,*,*,*,に,ニ,ニ
こう	副詞,助詞類接続,*,*,*,*,こう,コウ,コー
言っ	動詞,自立,*,*,五段・ワ行促音便,連用タ接続,言う,イッ,イッ
た	助動詞,*,*,*,特殊・タ,基本形,た,タ,タ
の	名詞,非自立,一般,*,*,*,の,ノ,ノ
です	助動詞,*,*,*,特殊・デス,基本形,です,デス,デス
。	記号,句点,*,*,*,*,。,。,。
『	記号,括弧開,*,*,*,*,『,『,『
これ	名詞,代名詞,一般,*,*,*,これ,コレ,コレ
は	助詞,係助詞,*,*,*,*,は,ハ,ワ
あなた	名詞,代名詞,一般,*,*,*,あなた,アナタ,アナタ
の	助詞,連体化,*,*,*,*,の,ノ,ノ
愛	名詞,一般,*,*,*,*,愛,アイ,アイ
ある	動詞,自立,*,*,五段・ラ行,基本形,ある,アル,アル
親切	名詞,形容動詞語幹,*,*,*,*,親切,シンセツ,シンセツ
として	助詞,格助詞,連語,*,*,*,として,トシテ,トシテ
し	動詞,自立,*,*,サ変・スル,連用形,する,シ,シ
て	助詞,接続助詞,*,*,*,*,て,テ,テ
もらう	動詞,非自立,*,*,五段・ワ行促音便,基本形,もらう,モラウ,モラウ
こと	名詞,非自立,一般,*,*,*,こと,コト,コト
な	助動詞,*,*,*,特殊・ダ,体言接続,だ,ナ,ナ
の	名詞,非自立,一般,*,*,*,の,ノ,ノ
だ	助動詞,*,*,*,特殊・ダ,基本形,だ,ダ,ダ
が	助詞,接続助詞,*,*,*,*,が,ガ,ガ
，	記号,読点,*,*,*,*,，,，,，
どこ	名詞,代名詞,一般,*,*,*,どこ,ドコ,ドコ
でも	助詞,副助詞,*,*,*,*,でも,デモ,デモ
わたし	名詞,代名詞,一般,*,*,*,わたし,ワタシ,ワタシ
たち	名詞,接尾,一般,*,*,*,たち,タチ,タチ
の	助詞,格助詞,一般,*,*,*,の,ノ,ノ
行く	動詞,自立,*,*,五段・カ行促音便,基本形,行く,イク,イク
所	名詞,非自立,副詞可能,*,*,*,所,トコロ,トコロ
で	助詞,格助詞,一般,*,*,*,で,デ,デ
は	助詞,係助詞,*,*,*,*,は,ハ,ワ
，	記号,読点,*,*,*,*,，,，,，
わたし	名詞,代名詞,一般,*,*,*,わたし,ワタシ,ワタシ
の	助詞,連体化,*,*,*,*,の,ノ,ノ
こと	名詞,非自立,一般,*,*,*,こと,コト,コト
を	助詞,格助詞,一般,*,*,*,を,ヲ,ヲ
，	記号,読点,*,*,*,*,，,，,，
「	記号,括弧開,*,*,*,*,「,「,「
これ	名詞,代名詞,一般,*,*,*,これ,コレ,コレ
は	助詞,係助詞,*,*,*,*,は,ハ,ワ
わたし	名詞,代名詞,一般,*,*,*,わたし,ワタシ,ワタシ
の	助詞,連体化,*,*,*,*,の,ノ,ノ
兄	名詞,一般,*,*,*,*,兄,アニ,アニ
です	助動詞,*,*,*,特殊・デス,基本形,です,デス,デス
」	記号,括弧閉,*,*,*,*,」,」,」
と	助詞,格助詞,引用,*,*,*,と,ト,ト
言っ	動詞,自立,*,*,五段・ワ行促音便,連用タ接続,言う,イッ,イッ
て	助詞,接続助詞,*,*,*,*,て,テ,テ
おくれ	動詞,自立,*,*,五段・ラ行,命令ｅ,おくる,オクレ,オクレ
』	記号,括弧閉,*,*,*,*,』,』,』
」	記号,括弧閉,*,*,*,*,」,」,」
。	記号,句点,*,*,*,*,。,。,。
その後	名詞,副詞可能,*,*,*,*,その後,ソノゴ,ソノゴ
アビメレク	名詞,一般,*,*,*,*,*
は	助詞,係助詞,*,*,*,*,は,ハ,ワ
羊	名詞,一般,*,*,*,*,羊,ヒツジ,ヒツジ
･	名詞,サ変接続,*,*,*,*,*
牛	名詞,一般,*,*,*,*,牛,ウシ,ウシ
･	名詞,サ変接続,*,*,*,*,*
下男	名詞,一般,*,*,*,*,下男,ゲナン,ゲナン
･	名詞,サ変接続,*,*,*,*,*
は	助詞,係助詞,*,*,*,*,は,ハ,ワ
し	動詞,自立,*,*,サ変・スル,連用形,する,シ,シ
ため	名詞,非自立,副詞可能,*,*,*,ため,タメ,タメ
を	助詞,格助詞,一般,*,*,*,を,ヲ,ヲ
連れ	動詞,自立,*,*,一段,連用形,連れる,ツレ,ツレ
て	助詞,接続助詞,*,*,*,*,て,テ,テ
来	動詞,非自立,*,*,カ変・来ル,連用形,来る,キ,キ
て	助詞,接続助詞,*,*,*,*,て,テ,テ
アブラハム	名詞,一般,*,*,*,*,*
に	助詞,格助詞,一般,*,*,*,に,ニ,ニ
与え	動詞,自立,*,*,一段,連用形,与える,アタエ,アタエ
，	記号,読点,*,*,*,*,，,，,，
その	連体詞,*,*,*,*,*,その,ソノ,ソノ
妻	名詞,一般,*,*,*,*,妻,ツマ,ツマ
サラ	名詞,一般,*,*,*,*,サラ,サラ,サラ
を	助詞,格助詞,一般,*,*,*,を,ヲ,ヲ
彼	名詞,代名詞,一般,*,*,*,彼,カレ,カレ
に	助詞,格助詞,一般,*,*,*,に,ニ,ニ
返し	動詞,自立,*,*,五段・サ行,連用形,返す,カエシ,カエシ
た	助動詞,*,*,*,特殊・タ,基本形,た,タ,タ
。	記号,句点,*,*,*,*,。,。,。
さらに	副詞,助詞類接続,*,*,*,*,さらに,サラニ,サラニ
アビメレク	名詞,一般,*,*,*,*,*
は	助詞,係助詞,*,*,*,*,は,ハ,ワ
言っ	動詞,自立,*,*,五段・ワ行促音便,連用タ接続,言う,イッ,イッ
た	助動詞,*,*,*,特殊・タ,基本形,た,タ,タ
，	記号,読点,*,*,*,*,，,，,，
「	記号,括弧開,*,*,*,*,「,「,「
さあ	感動詞,*,*,*,*,*,さあ,サア,サー
，	記号,読点,*,*,*,*,，,，,，
わたし	名詞,代名詞,一般,*,*,*,わたし,ワタシ,ワタシ
の	助詞,連体化,*,*,*,*,の,ノ,ノ
土地	名詞,一般,*,*,*,*,土地,トチ,トチ
は	助詞,係助詞,*,*,*,*,は,ハ,ワ
あなた	名詞,代名詞,一般,*,*,*,あなた,アナタ,アナタ
が	助詞,格助詞,一般,*,*,*,が,ガ,ガ
用い	動詞,自立,*,*,一段,連用形,用いる,モチイ,モチイ
て	助詞,接続助詞,*,*,*,*,て,テ,テ
よい	形容詞,非自立,*,*,形容詞・アウオ段,基本形,よい,ヨイ,ヨイ
。	記号,句点,*,*,*,*,。,。,。
あなた	名詞,代名詞,一般,*,*,*,あなた,アナタ,アナタ
の	助詞,連体化,*,*,*,*,の,ノ,ノ
目	名詞,一般,*,*,*,*,目,メ,メ
に	助詞,格助詞,一般,*,*,*,に,ニ,ニ
良い	形容詞,自立,*,*,形容詞・アウオ段,基本形,良い,ヨイ,ヨイ
と	助詞,格助詞,引用,*,*,*,と,ト,ト
思える	動詞,自立,*,*,一段,基本形,思える,オモエル,オモエル
所	名詞,非自立,副詞可能,*,*,*,所,トコロ,トコロ
に	助詞,格助詞,一般,*,*,*,に,ニ,ニ
住み	動詞,自立,*,*,五段・マ行,連用形,住む,スミ,スミ
なさい	動詞,非自立,*,*,五段・ラ行特殊,命令ｉ,なさる,ナサイ,ナサイ
」	記号,括弧閉,*,*,*,*,」,」,」
。	記号,句点,*,*,*,*,。,。,。
そして	接続詞,*,*,*,*,*,そして,ソシテ,ソシテ
サラ	名詞,一般,*,*,*,*,サラ,サラ,サラ
に	助詞,格助詞,一般,*,*,*,に,ニ,ニ
向かっ	動詞,自立,*,*,五段・ワ行促音便,連用タ接続,向かう,ムカッ,ムカッ
て	助詞,接続助詞,*,*,*,*,て,テ,テ
こう	副詞,助詞類接続,*,*,*,*,こう,コウ,コー
言っ	動詞,自立,*,*,五段・ワ行促音便,連用タ接続,言う,イッ,イッ
た	助動詞,*,*,*,特殊・タ,基本形,た,タ,タ
。	記号,句点,*,*,*,*,。,。,。
「	記号,括弧開,*,*,*,*,「,「,「
さあ	感動詞,*,*,*,*,*,さあ,サア,サー
，	記号,読点,*,*,*,*,，,，,，
わたし	名詞,代名詞,一般,*,*,*,わたし,ワタシ,ワタシ
は	助詞,係助詞,*,*,*,*,は,ハ,ワ
銀子	名詞,一般,*,*,*,*,銀子,ギンス,ギンス
千	名詞,数,*,*,*,*,千,セン,セン
枚	名詞,接尾,助数詞,*,*,*,枚,マイ,マイ
を	助詞,格助詞,一般,*,*,*,を,ヲ,ヲ
あなた	名詞,代名詞,一般,*,*,*,あなた,アナタ,アナタ
の	助詞,連体化,*,*,*,*,の,ノ,ノ
兄	名詞,一般,*,*,*,*,兄,アニ,アニ
上	名詞,接尾,副詞可能,*,*,*,上,ジョウ,ジョー
に	助詞,格助詞,一般,*,*,*,に,ニ,ニ
確か	名詞,形容動詞語幹,*,*,*,*,確か,タシカ,タシカ
に	助詞,副詞化,*,*,*,*,に,ニ,ニ
差し上げ	動詞,自立,*,*,一段,連用形,差し上げる,サシアゲ,サシアゲ
ます	助動詞,*,*,*,特殊・マス,基本形,ます,マス,マス
。	記号,句点,*,*,*,*,。,。,。
ご覧	名詞,一般,*,*,*,*,ご覧,ゴラン,ゴラン
なさい	動詞,自立,*,*,五段・ラ行特殊,連用形,なさる,ナサイ,ナサイ
，	記号,読点,*,*,*,*,，,，,，
これ	名詞,代名詞,一般,*,*,*,これ,コレ,コレ
は	助詞,係助詞,*,*,*,*,は,ハ,ワ
共に	副詞,一般,*,*,*,*,共に,トモニ,トモニ
いる	動詞,自立,*,*,一段,基本形,いる,イル,イル
すべて	名詞,副詞可能,*,*,*,*,すべて,スベテ,スベテ
の	助詞,連体化,*,*,*,*,の,ノ,ノ
人	名詞,一般,*,*,*,*,人,ヒト,ヒト
に対し	助詞,格助詞,連語,*,*,*,に対し,ニタイシ,ニタイシ
，	記号,読点,*,*,*,*,，,，,，
また	接続詞,*,*,*,*,*,また,マタ,マタ
あらゆる	連体詞,*,*,*,*,*,あらゆる,アラユル,アラユル
人	名詞,一般,*,*,*,*,人,ヒト,ヒト
の	助詞,連体化,*,*,*,*,の,ノ,ノ
前	名詞,副詞可能,*,*,*,*,前,マエ,マエ
で	助詞,格助詞,一般,*,*,*,で,デ,デ
，	記号,読点,*,*,*,*,，,，,，
あなた	名詞,代名詞,一般,*,*,*,あなた,アナタ,アナタ
の	助詞,連体化,*,*,*,*,の,ノ,ノ
ため	名詞,非自立,副詞可能,*,*,*,ため,タメ,タメ
に	助詞,格助詞,一般,*,*,*,に,ニ,ニ
その	連体詞,*,*,*,*,*,その,ソノ,ソノ
目	名詞,一般,*,*,*,*,目,メ,メ
を	助詞,格助詞,一般,*,*,*,を,ヲ,ヲ
覆う	動詞,自立,*,*,五段・ワ行促音便,基本形,覆う,オオウ,オオウ
もの	名詞,非自立,一般,*,*,*,もの,モノ,モノ
で	助動詞,*,*,*,特殊・ダ,連用形,だ,デ,デ
あり	助動詞,*,*,*,五段・ラ行アル,連用形,ある,アリ,アリ
，	記号,読点,*,*,*,*,，,，,，
あなた	名詞,代名詞,一般,*,*,*,あなた,アナタ,アナタ
は	助詞,係助詞,*,*,*,*,は,ハ,ワ
非難	名詞,サ変接続,*,*,*,*,非難,ヒナン,ヒナン
を	助詞,格助詞,一般,*,*,*,を,ヲ,ヲ
すすが	動詞,自立,*,*,五段・ガ行,未然形,すすぐ,ススガ,ススガ
れ	動詞,接尾,*,*,一段,連用形,れる,レ,レ
て	助詞,接続助詞,*,*,*,*,て,テ,テ
いる	動詞,非自立,*,*,一段,基本形,いる,イル,イル
の	名詞,非自立,一般,*,*,*,の,ノ,ノ
です	助動詞,*,*,*,特殊・デス,基本形,です,デス,デス
」	記号,括弧閉,*,*,*,*,」,」,」
。	記号,句点,*,*,*,*,。,。,。
それで	接続詞,*,*,*,*,*,それで,ソレデ,ソレデ
アブラハム	名詞,一般,*,*,*,*,*
は	助詞,係助詞,*,*,*,*,は,ハ,ワ
[	名詞,サ変接続,*,*,*,*,*
ま	フィラー,*,*,*,*,*,ま,マ,マ
こと	名詞,非自立,一般,*,*,*,こと,コト,コト
の	助詞,連体化,*,*,*,*,の,ノ,ノ
]	名詞,サ変接続,*,*,*,*,*
神	名詞,接尾,一般,*,*,*,神,シン,シン
に	助詞,格助詞,一般,*,*,*,に,ニ,ニ
祈願	名詞,サ変接続,*,*,*,*,祈願,キガン,キガン
を	助詞,格助詞,一般,*,*,*,を,ヲ,ヲ
ささげ	動詞,自立,*,*,一段,連用形,ささげる,ササゲ,ササゲ
はじめ	動詞,非自立,*,*,一段,連用形,はじめる,ハジメ,ハジメ
た	助動詞,*,*,*,特殊・タ,基本形,た,タ,タ
。	記号,句点,*,*,*,*,。,。,。
次いで	接続詞,*,*,*,*,*,次いで,ツイデ,ツイデ
神	名詞,一般,*,*,*,*,神,カミ,カミ
は	助詞,係助詞,*,*,*,*,は,ハ,ワ
アビメレク	名詞,一般,*,*,*,*,*
と	助詞,格助詞,一般,*,*,*,と,ト,ト
その	連体詞,*,*,*,*,*,その,ソノ,ソノ
妻	名詞,一般,*,*,*,*,妻,ツマ,ツマ
と	助詞,並立助詞,*,*,*,*,と,ト,ト
奴隷	名詞,一般,*,*,*,*,奴隷,ドレイ,ドレイ
女	名詞,一般,*,*,*,*,女,オンナ,オンナ
たち	名詞,接尾,一般,*,*,*,たち,タチ,タチ
を	助詞,格助詞,一般,*,*,*,を,ヲ,ヲ
いやし	動詞,自立,*,*,五段・サ行,連用形,いやす,イヤシ,イヤシ
，	記号,読点,*,*,*,*,，,，,，
その	連体詞,*,*,*,*,*,その,ソノ,ソノ
女	名詞,一般,*,*,*,*,女,オンナ,オンナ
たち	名詞,接尾,一般,*,*,*,たち,タチ,タチ
は	助詞,係助詞,*,*,*,*,は,ハ,ワ
子	名詞,一般,*,*,*,*,子,コ,コ
を	助詞,格助詞,一般,*,*,*,を,ヲ,ヲ
産む	動詞,自立,*,*,五段・マ行,基本形,産む,ウム,ウム
よう	名詞,非自立,助動詞語幹,*,*,*,よう,ヨウ,ヨー
に	助詞,格助詞,一般,*,*,*,に,ニ,ニ
なっ	動詞,自立,*,*,五段・ラ行,連用タ接続,なる,ナッ,ナッ
た	助動詞,*,*,*,特殊・タ,基本形,た,タ,タ
。	記号,句点,*,*,*,*,。,。,。
エホバ	名詞,一般,*,*,*,*,エホバ,エホバ,エホバ
は	助詞,係助詞,*,*,*,*,は,ハ,ワ
アブラハム	名詞,一般,*,*,*,*,*
の	助詞,連体化,*,*,*,*,の,ノ,ノ
妻	名詞,一般,*,*,*,*,妻,ツマ,ツマ
サラ	名詞,一般,*,*,*,*,サラ,サラ,サラ
の	助詞,連体化,*,*,*,*,の,ノ,ノ
こと	名詞,非自立,一般,*,*,*,こと,コト,コト
で	助詞,格助詞,一般,*,*,*,で,デ,デ
アビメレク	名詞,一般,*,*,*,*,*
の	助詞,連体化,*,*,*,*,の,ノ,ノ
家	名詞,一般,*,*,*,*,家,イエ,イエ
の	助詞,連体化,*,*,*,*,の,ノ,ノ
すべて	名詞,副詞可能,*,*,*,*,すべて,スベテ,スベテ
の	助詞,連体化,*,*,*,*,の,ノ,ノ
胎	名詞,一般,*,*,*,*,*
を	助詞,格助詞,一般,*,*,*,を,ヲ,ヲ
固く	形容詞,自立,*,*,形容詞・アウオ段,連用テ接続,固い,カタク,カタク
閉ざし	動詞,自立,*,*,五段・サ行,連用形,閉ざす,トザシ,トザシ
て	助詞,接続助詞,*,*,*,*,て,テ,テ
おら	動詞,自立,*,*,五段・ラ行,未然形,おる,オラ,オラ
れ	動詞,接尾,*,*,一段,連用形,れる,レ,レ
た	助動詞,*,*,*,特殊・タ,基本形,た,タ,タ
の	名詞,非自立,一般,*,*,*,の,ノ,ノ
で	助動詞,*,*,*,特殊・ダ,連用形,だ,デ,デ
ある	助動詞,*,*,*,五段・ラ行アル,基本形,ある,アル,アル
。	記号,句点,*,*,*,*,。,。,。
EOS
