一方	接続詞,*,*,*,*,*,一方,イッポウ,イッポー
ヨセフ	名詞,一般,*,*,*,*,*
は	助詞,係助詞,*,*,*,*,は,ハ,ワ
エジプト	名詞,固有名詞,地域,国,*,*,エジプト,エジプト,エジプト
に	助詞,格助詞,一般,*,*,*,に,ニ,ニ
連れ	動詞,自立,*,*,一段,連用形,連れる,ツレ,ツレ
て	助詞,接続助詞,*,*,*,*,て,テ,テ
来ら	動詞,自立,*,*,五段・ラ行,未然形,来る,キタラ,キタラ
れ	動詞,接尾,*,*,一段,連用形,れる,レ,レ
た	助動詞,*,*,*,特殊・タ,基本形,た,タ,タ
。	記号,句点,*,*,*,*,。,。,。
そして	接続詞,*,*,*,*,*,そして,ソシテ,ソシテ
，	記号,読点,*,*,*,*,，,，,，
ファ	名詞,一般,*,*,*,*,ファ,ファ,ファ
ラオ	名詞,一般,*,*,*,*,ラオ,ラオ,ラオ
の	助詞,連体化,*,*,*,*,の,ノ,ノ
廷臣	名詞,一般,*,*,*,*,廷臣,テイシン,テイシン
で	助詞,格助詞,一般,*,*,*,で,デ,デ
護衛	名詞,サ変接続,*,*,*,*,護衛,ゴエイ,ゴエイ
の	助詞,連体化,*,*,*,*,の,ノ,ノ
長	名詞,一般,*,*,*,*,長,チョウ,チョー
で	助動詞,*,*,*,特殊・ダ,連用形,だ,デ,デ
ある	助動詞,*,*,*,五段・ラ行アル,基本形,ある,アル,アル
エジプト	名詞,固有名詞,地域,国,*,*,エジプト,エジプト,エジプト
人	名詞,接尾,一般,*,*,*,人,ジン,ジン
の	助詞,連体化,*,*,*,*,の,ノ,ノ
ポテパル	名詞,一般,*,*,*,*,*
が	助詞,格助詞,一般,*,*,*,が,ガ,ガ
，	記号,読点,*,*,*,*,，,，,，
これ	名詞,代名詞,一般,*,*,*,これ,コレ,コレ
を	助詞,格助詞,一般,*,*,*,を,ヲ,ヲ
そこ	名詞,代名詞,一般,*,*,*,そこ,ソコ,ソコ
に	助詞,格助詞,一般,*,*,*,に,ニ,ニ
連れ	動詞,自立,*,*,一段,連用形,連れる,ツレ,ツレ
下っ	動詞,自立,*,*,五段・ラ行,連用タ接続,下る,クダッ,クダッ
た	助動詞,*,*,*,特殊・タ,基本形,た,タ,タ
イシュマエル	名詞,一般,*,*,*,*,*
人	名詞,接尾,一般,*,*,*,人,ジン,ジン
の	助詞,連体化,*,*,*,*,の,ノ,ノ
手	名詞,一般,*,*,*,*,手,テ,テ
から	助詞,格助詞,一般,*,*,*,から,カラ,カラ
買い取る	動詞,自立,*,*,五段・ラ行,基本形,買い取る,カイトル,カイトル
こと	名詞,非自立,一般,*,*,*,こと,コト,コト
に	助詞,格助詞,一般,*,*,*,に,ニ,ニ
なっ	動詞,自立,*,*,五段・ラ行,連用タ接続,なる,ナッ,ナッ
た	助動詞,*,*,*,特殊・タ,基本形,た,タ,タ
。	記号,句点,*,*,*,*,。,。,。
しかし	接続詞,*,*,*,*,*,しかし,シカシ,シカシ
エホバ	名詞,一般,*,*,*,*,エホバ,エホバ,エホバ
は	助詞,係助詞,*,*,*,*,は,ハ,ワ
ヨセフ	名詞,固有名詞,組織,*,*,*,*
と共に	助詞,格助詞,連語,*,*,*,と共に,トトモニ,トトモニ
おら	動詞,自立,*,*,五段・ラ行,未然形,おる,オラ,オラ
れ	動詞,接尾,*,*,一段,連用形,れる,レ,レ
た	助動詞,*,*,*,特殊・タ,基本形,た,タ,タ
。	記号,句点,*,*,*,*,。,。,。
その	連体詞,*,*,*,*,*,その,ソノ,ソノ
ため	名詞,非自立,副詞可能,*,*,*,ため,タメ,タメ
彼	名詞,代名詞,一般,*,*,*,彼,カレ,カレ
は	助詞,係助詞,*,*,*,*,は,ハ,ワ
成功	名詞,サ変接続,*,*,*,*,成功,セイコウ,セイコー
し	動詞,自立,*,*,サ変・スル,連用形,する,シ,シ
た	助動詞,*,*,*,特殊・タ,基本形,た,タ,タ
人となり	名詞,一般,*,*,*,*,人となり,ヒトトナリ,ヒトトナリ
，	記号,読点,*,*,*,*,，,，,，
エジプト	名詞,固有名詞,地域,国,*,*,エジプト,エジプト,エジプト
人	名詞,接尾,一般,*,*,*,人,ジン,ジン
で	助動詞,*,*,*,特殊・ダ,連用形,だ,デ,デ
ある	助動詞,*,*,*,五段・ラ行アル,基本形,ある,アル,アル
自分	名詞,一般,*,*,*,*,自分,ジブン,ジブン
の	助詞,連体化,*,*,*,*,の,ノ,ノ
主人	名詞,一般,*,*,*,*,主人,シュジン,シュジン
の	助詞,連体化,*,*,*,*,の,ノ,ノ
家	名詞,一般,*,*,*,*,家,イエ,イエ
を	助詞,格助詞,一般,*,*,*,を,ヲ,ヲ
つかさどる	動詞,自立,*,*,五段・ラ行,基本形,つかさどる,ツカサドル,ツカサドル
者	名詞,非自立,一般,*,*,*,者,モノ,モノ
と	助詞,格助詞,一般,*,*,*,と,ト,ト
なっ	動詞,自立,*,*,五段・ラ行,連用タ接続,なる,ナッ,ナッ
た	助動詞,*,*,*,特殊・タ,基本形,た,タ,タ
。	記号,句点,*,*,*,*,。,。,。
そして	接続詞,*,*,*,*,*,そして,ソシテ,ソシテ
主人	名詞,一般,*,*,*,*,主人,シュジン,シュジン
も	助詞,係助詞,*,*,*,*,も,モ,モ
，	記号,読点,*,*,*,*,，,，,，
エホバ	名詞,一般,*,*,*,*,エホバ,エホバ,エホバ
が	助詞,格助詞,一般,*,*,*,が,ガ,ガ
彼	名詞,代名詞,一般,*,*,*,彼,カレ,カレ
と共に	助詞,格助詞,連語,*,*,*,と共に,トトモニ,トトモニ
おら	動詞,自立,*,*,五段・ラ行,未然形,おる,オラ,オラ
れ	動詞,接尾,*,*,一段,連用形,れる,レ,レ
，	記号,読点,*,*,*,*,，,，,，
彼	名詞,代名詞,一般,*,*,*,彼,カレ,カレ
の	助詞,格助詞,一般,*,*,*,の,ノ,ノ
行なう	動詞,自立,*,*,五段・ワ行促音便,基本形,行なう,オコナウ,オコナウ
すべて	名詞,副詞可能,*,*,*,*,すべて,スベテ,スベテ
の	助詞,連体化,*,*,*,*,の,ノ,ノ
事	名詞,非自立,一般,*,*,*,事,コト,コト
を	助詞,格助詞,一般,*,*,*,を,ヲ,ヲ
エホバ	名詞,一般,*,*,*,*,エホバ,エホバ,エホバ
が	助詞,格助詞,一般,*,*,*,が,ガ,ガ
その	連体詞,*,*,*,*,*,その,ソノ,ソノ
手のうち	名詞,一般,*,*,*,*,手のうち,テノウチ,テノウチ
に	助詞,格助詞,一般,*,*,*,に,ニ,ニ
成功	名詞,サ変接続,*,*,*,*,成功,セイコウ,セイコー
さ	動詞,自立,*,*,サ変・スル,未然レル接続,する,サ,サ
せ	動詞,接尾,*,*,一段,連用形,せる,セ,セ
て	助詞,接続助詞,*,*,*,*,て,テ,テ
おら	動詞,自立,*,*,五段・ラ行,未然形,おる,オラ,オラ
れる	動詞,接尾,*,*,一段,基本形,れる,レル,レル
の	名詞,非自立,一般,*,*,*,の,ノ,ノ
を	助詞,格助詞,一般,*,*,*,を,ヲ,ヲ
知る	動詞,自立,*,*,五段・ラ行,基本形,知る,シル,シル
よう	名詞,非自立,助動詞語幹,*,*,*,よう,ヨウ,ヨー
に	助詞,格助詞,一般,*,*,*,に,ニ,ニ
なっ	動詞,自立,*,*,五段・ラ行,連用タ接続,なる,ナッ,ナッ
た	助動詞,*,*,*,特殊・タ,基本形,た,タ,タ
。	記号,句点,*,*,*,*,。,。,。
それで	接続詞,*,*,*,*,*,それで,ソレデ,ソレデ
ヨセフ	名詞,一般,*,*,*,*,*
は	助詞,係助詞,*,*,*,*,は,ハ,ワ
終始	副詞,一般,*,*,*,*,終始,シュウシ,シューシ
彼	名詞,代名詞,一般,*,*,*,彼,カレ,カレ
の	助詞,連体化,*,*,*,*,の,ノ,ノ
目	名詞,一般,*,*,*,*,目,メ,メ
に	助詞,格助詞,一般,*,*,*,に,ニ,ニ
恵み	名詞,一般,*,*,*,*,恵み,メグミ,メグミ
を	助詞,格助詞,一般,*,*,*,を,ヲ,ヲ
得	動詞,自立,*,*,一段,連用形,得る,エ,エ
，	記号,読点,*,*,*,*,，,，,，
絶えず	副詞,一般,*,*,*,*,絶えず,タエズ,タエズ
その	連体詞,*,*,*,*,*,その,ソノ,ソノ
もと	名詞,非自立,一般,*,*,*,もと,モト,モト
に	助詞,格助詞,一般,*,*,*,に,ニ,ニ
仕え	動詞,自立,*,*,一段,連用形,仕える,ツカエ,ツカエ
た	助動詞,*,*,*,特殊・タ,基本形,た,タ,タ
。	記号,句点,*,*,*,*,。,。,。
その	連体詞,*,*,*,*,*,その,ソノ,ソノ
ため	名詞,非自立,副詞可能,*,*,*,ため,タメ,タメ
彼	名詞,代名詞,一般,*,*,*,彼,カレ,カレ
は	助詞,係助詞,*,*,*,*,は,ハ,ワ
[	名詞,サ変接続,*,*,*,*,*
ヨセフ	名詞,一般,*,*,*,*,*
]	名詞,サ変接続,*,*,*,*,*
を	助詞,格助詞,一般,*,*,*,を,ヲ,ヲ
任命	名詞,サ変接続,*,*,*,*,任命,ニンメイ,ニンメイ
し	動詞,自立,*,*,サ変・スル,連用形,する,シ,シ
て	助詞,接続助詞,*,*,*,*,て,テ,テ
自分	名詞,一般,*,*,*,*,自分,ジブン,ジブン
の	助詞,連体化,*,*,*,*,の,ノ,ノ
家	名詞,一般,*,*,*,*,家,イエ,イエ
を	助詞,格助詞,一般,*,*,*,を,ヲ,ヲ
つかさどら	動詞,自立,*,*,五段・ラ行,未然形,つかさどる,ツカサドラ,ツカサドラ
せ	動詞,接尾,*,*,一段,連用形,せる,セ,セ
，	記号,読点,*,*,*,*,，,，,，
自分	名詞,一般,*,*,*,*,自分,ジブン,ジブン
の	助詞,連体化,*,*,*,*,の,ノ,ノ
すべて	名詞,副詞可能,*,*,*,*,すべて,スベテ,スベテ
の	助詞,連体化,*,*,*,*,の,ノ,ノ
もの	名詞,非自立,一般,*,*,*,もの,モノ,モノ
を	助詞,格助詞,一般,*,*,*,を,ヲ,ヲ
その	連体詞,*,*,*,*,*,その,ソノ,ソノ
手	名詞,一般,*,*,*,*,手,テ,テ
に	助詞,格助詞,一般,*,*,*,に,ニ,ニ
ゆだね	動詞,自立,*,*,一段,連用形,ゆだねる,ユダネ,ユダネ
た	助動詞,*,*,*,特殊・タ,基本形,た,タ,タ
。	記号,句点,*,*,*,*,。,。,。
そして	接続詞,*,*,*,*,*,そして,ソシテ,ソシテ
，	記号,読点,*,*,*,*,，,，,，
彼	名詞,代名詞,一般,*,*,*,彼,カレ,カレ
を	助詞,格助詞,一般,*,*,*,を,ヲ,ヲ
任命	名詞,サ変接続,*,*,*,*,任命,ニンメイ,ニンメイ
し	動詞,自立,*,*,サ変・スル,連用形,する,シ,シ
て	助詞,接続助詞,*,*,*,*,て,テ,テ
その	連体詞,*,*,*,*,*,その,ソノ,ソノ
家	名詞,一般,*,*,*,*,家,イエ,イエ
を	助詞,格助詞,一般,*,*,*,を,ヲ,ヲ
つかさどら	動詞,自立,*,*,五段・ラ行,未然形,つかさどる,ツカサドラ,ツカサドラ
せ	動詞,接尾,*,*,一段,連用形,せる,セ,セ
，	記号,読点,*,*,*,*,，,，,，
その	連体詞,*,*,*,*,*,その,ソノ,ソノ
すべて	名詞,副詞可能,*,*,*,*,すべて,スベテ,スベテ
の	助詞,連体化,*,*,*,*,の,ノ,ノ
もの	名詞,非自立,一般,*,*,*,もの,モノ,モノ
を	助詞,格助詞,一般,*,*,*,を,ヲ,ヲ
管理	名詞,サ変接続,*,*,*,*,管理,カンリ,カンリ
さ	動詞,自立,*,*,サ変・スル,未然レル接続,する,サ,サ
せ	動詞,接尾,*,*,一段,連用形,せる,セ,セ
て	助詞,接続助詞,*,*,*,*,て,テ,テ
から	助詞,格助詞,一般,*,*,*,から,カラ,カラ
という	助詞,格助詞,連語,*,*,*,という,トイウ,トユウ
もの	名詞,非自立,一般,*,*,*,もの,モノ,モノ
，	記号,読点,*,*,*,*,，,，,，
エホバ	名詞,一般,*,*,*,*,エホバ,エホバ,エホバ
は	助詞,係助詞,*,*,*,*,は,ハ,ワ
ヨセフ	名詞,一般,*,*,*,*,*
の	助詞,連体化,*,*,*,*,の,ノ,ノ
ゆえ	名詞,非自立,副詞可能,*,*,*,ゆえ,ユエ,ユエ
に	助詞,格助詞,一般,*,*,*,に,ニ,ニ
この	連体詞,*,*,*,*,*,この,コノ,コノ
エジプト	名詞,固有名詞,地域,国,*,*,エジプト,エジプト,エジプト
人	名詞,接尾,一般,*,*,*,人,ジン,ジン
の	助詞,連体化,*,*,*,*,の,ノ,ノ
家	名詞,一般,*,*,*,*,家,イエ,イエ
を	助詞,格助詞,一般,*,*,*,を,ヲ,ヲ
祝福	名詞,サ変接続,*,*,*,*,祝福,シュクフク,シュクフク
し	動詞,自立,*,*,サ変・スル,連用形,する,シ,シ
て	助詞,接続助詞,*,*,*,*,て,テ,テ
ゆか	動詞,非自立,*,*,五段・カ行促音便ユク,未然形,ゆく,ユカ,ユカ
れ	動詞,接尾,*,*,一段,連用形,れる,レ,レ
，	記号,読点,*,*,*,*,，,，,，
エホバ	名詞,一般,*,*,*,*,エホバ,エホバ,エホバ
の	助詞,連体化,*,*,*,*,の,ノ,ノ
祝福	名詞,サ変接続,*,*,*,*,祝福,シュクフク,シュクフク
が	助詞,格助詞,一般,*,*,*,が,ガ,ガ
家	名詞,一般,*,*,*,*,家,イエ,イエ
で	助詞,格助詞,一般,*,*,*,で,デ,デ
も	助詞,係助詞,*,*,*,*,も,モ,モ
野	名詞,一般,*,*,*,*,野,ノ,ノ
で	助詞,格助詞,一般,*,*,*,で,デ,デ
も	助詞,係助詞,*,*,*,*,も,モ,モ
彼	名詞,代名詞,一般,*,*,*,彼,カレ,カレ
の	助詞,格助詞,一般,*,*,*,の,ノ,ノ
持つ	動詞,自立,*,*,五段・タ行,基本形,持つ,モツ,モツ
すべて	名詞,副詞可能,*,*,*,*,すべて,スベテ,スベテ
の	助詞,連体化,*,*,*,*,の,ノ,ノ
もの	名詞,非自立,一般,*,*,*,もの,モノ,モノ
に	助詞,格助詞,一般,*,*,*,に,ニ,ニ
臨む	動詞,自立,*,*,五段・マ行,基本形,臨む,ノゾム,ノゾム
の	名詞,非自立,一般,*,*,*,の,ノ,ノ
で	助動詞,*,*,*,特殊・ダ,連用形,だ,デ,デ
あっ	助動詞,*,*,*,五段・ラ行アル,連用タ接続,ある,アッ,アッ
た	助動詞,*,*,*,特殊・タ,基本形,た,タ,タ
。	記号,句点,*,*,*,*,。,。,。
ついに	副詞,一般,*,*,*,*,ついに,ツイニ,ツイニ
彼	名詞,代名詞,一般,*,*,*,彼,カレ,カレ
は	助詞,係助詞,*,*,*,*,は,ハ,ワ
自分	名詞,一般,*,*,*,*,自分,ジブン,ジブン
の	助詞,連体化,*,*,*,*,の,ノ,ノ
いっさい	名詞,副詞可能,*,*,*,*,いっさい,イッサイ,イッサイ
の	助詞,連体化,*,*,*,*,の,ノ,ノ
もの	名詞,非自立,一般,*,*,*,もの,モノ,モノ
を	助詞,格助詞,一般,*,*,*,を,ヲ,ヲ
ヨセフ	名詞,一般,*,*,*,*,*
の	助詞,連体化,*,*,*,*,の,ノ,ノ
手	名詞,一般,*,*,*,*,手,テ,テ
に	助詞,格助詞,一般,*,*,*,に,ニ,ニ
任せ	動詞,自立,*,*,一段,連用形,任せる,マカセ,マカセ
た	助動詞,*,*,*,特殊・タ,基本形,た,タ,タ
。	記号,句点,*,*,*,*,。,。,。
その	連体詞,*,*,*,*,*,その,ソノ,ソノ
ため	名詞,非自立,副詞可能,*,*,*,ため,タメ,タメ
彼	名詞,代名詞,一般,*,*,*,彼,カレ,カレ
は	助詞,係助詞,*,*,*,*,は,ハ,ワ
，	記号,読点,*,*,*,*,，,，,，
自分	名詞,一般,*,*,*,*,自分,ジブン,ジブン
が	助詞,格助詞,一般,*,*,*,が,ガ,ガ
食べ	動詞,自立,*,*,一段,連用形,食べる,タベ,タベ
て	助詞,接続助詞,*,*,*,*,て,テ,テ
いる	動詞,非自立,*,*,一段,基本形,いる,イル,イル
パン	名詞,一般,*,*,*,*,パン,パン,パン
を	助詞,格助詞,一般,*,*,*,を,ヲ,ヲ
別	名詞,一般,*,*,*,*,別,ベツ,ベツ
に	助詞,格助詞,一般,*,*,*,に,ニ,ニ
すれ	動詞,自立,*,*,サ変・スル,仮定形,する,スレ,スレ
ば	助詞,接続助詞,*,*,*,*,ば,バ,バ
，	記号,読点,*,*,*,*,，,，,，
自分	名詞,一般,*,*,*,*,自分,ジブン,ジブン
の	助詞,連体化,*,*,*,*,の,ノ,ノ
もと	名詞,非自立,一般,*,*,*,もと,モト,モト
に	助詞,格助詞,一般,*,*,*,に,ニ,ニ
何	名詞,代名詞,一般,*,*,*,何,ナニ,ナニ
が	助詞,格助詞,一般,*,*,*,が,ガ,ガ
ある	動詞,自立,*,*,五段・ラ行,基本形,ある,アル,アル
か	助詞,副助詞／並立助詞／終助詞,*,*,*,*,か,カ,カ
を	助詞,格助詞,一般,*,*,*,を,ヲ,ヲ
全く	副詞,助詞類接続,*,*,*,*,全く,マッタク,マッタク
知ら	動詞,自立,*,*,五段・ラ行,未然形,知る,シラ,シラ
ない	助動詞,*,*,*,特殊・ナイ,基本形,ない,ナイ,ナイ
の	名詞,非自立,一般,*,*,*,の,ノ,ノ
で	助動詞,*,*,*,特殊・ダ,連用形,だ,デ,デ
あっ	助動詞,*,*,*,五段・ラ行アル,連用タ接続,ある,アッ,アッ
た	助動詞,*,*,*,特殊・タ,基本形,た,タ,タ
。	記号,句点,*,*,*,*,。,。,。
その	連体詞,*,*,*,*,*,その,ソノ,ソノ
上	名詞,非自立,副詞可能,*,*,*,上,ウエ,ウエ
，	記号,読点,*,*,*,*,，,，,，
ヨセフ	名詞,一般,*,*,*,*,*
は	助詞,係助詞,*,*,*,*,は,ハ,ワ
姿	名詞,一般,*,*,*,*,姿,スガタ,スガタ
が	助詞,格助詞,一般,*,*,*,が,ガ,ガ
美しく	形容詞,自立,*,*,形容詞・イ段,連用テ接続,美しい,ウツクシク,ウツクシク
，	記号,読点,*,*,*,*,，,，,，
容ぼう	名詞,一般,*,*,*,*,容ぼう,ヨウボウ,ヨーボー
の	助詞,連体化,*,*,*,*,の,ノ,ノ
美しい	形容詞,自立,*,*,形容詞・イ段,基本形,美しい,ウツクシイ,ウツクシイ
人	名詞,一般,*,*,*,*,人,ヒト,ヒト
と	助詞,格助詞,一般,*,*,*,と,ト,ト
なっ	動詞,自立,*,*,五段・ラ行,連用タ接続,なる,ナッ,ナッ
て	助詞,接続助詞,*,*,*,*,て,テ,テ
い	動詞,非自立,*,*,一段,連用形,いる,イ,イ
た	助動詞,*,*,*,特殊・タ,基本形,た,タ,タ
。	記号,句点,*,*,*,*,。,。,。
さて	接続詞,*,*,*,*,*,さて,サテ,サテ
，	記号,読点,*,*,*,*,，,，,，
こうした	連体詞,*,*,*,*,*,こうした,コウシタ,コーシタ
事	名詞,非自立,一般,*,*,*,事,コト,コト
の	助詞,連体化,*,*,*,*,の,ノ,ノ
後	名詞,非自立,副詞可能,*,*,*,後,ノチ,ノチ
，	記号,読点,*,*,*,*,，,，,，
主人	名詞,一般,*,*,*,*,主人,シュジン,シュジン
の	助詞,連体化,*,*,*,*,の,ノ,ノ
妻	名詞,一般,*,*,*,*,妻,ツマ,ツマ
は	助詞,係助詞,*,*,*,*,は,ハ,ワ
ヨセフ	名詞,一般,*,*,*,*,*
に	助詞,格助詞,一般,*,*,*,に,ニ,ニ
目	名詞,一般,*,*,*,*,目,メ,メ
を	助詞,格助詞,一般,*,*,*,を,ヲ,ヲ
つけ	動詞,自立,*,*,一段,連用形,つける,ツケ,ツケ
，	記号,読点,*,*,*,*,，,，,，
「	記号,括弧開,*,*,*,*,「,「,「
わたし	名詞,代名詞,一般,*,*,*,わたし,ワタシ,ワタシ
と	助詞,格助詞,一般,*,*,*,と,ト,ト
寝	動詞,自立,*,*,一段,連用形,寝る,ネ,ネ
なさい	動詞,非自立,*,*,五段・ラ行特殊,命令ｉ,なさる,ナサイ,ナサイ
」	記号,括弧閉,*,*,*,*,」,」,」
と	助詞,格助詞,引用,*,*,*,と,ト,ト
言う	動詞,自立,*,*,五段・ワ行促音便,基本形,言う,イウ,イウ
よう	名詞,非自立,助動詞語幹,*,*,*,よう,ヨウ,ヨー
に	助詞,格助詞,一般,*,*,*,に,ニ,ニ
なっ	動詞,自立,*,*,五段・ラ行,連用タ接続,なる,ナッ,ナッ
た	助動詞,*,*,*,特殊・タ,基本形,た,タ,タ
。	記号,句点,*,*,*,*,。,。,。
しかし	接続詞,*,*,*,*,*,しかし,シカシ,シカシ
彼	名詞,代名詞,一般,*,*,*,彼,カレ,カレ
は	助詞,係助詞,*,*,*,*,は,ハ,ワ
それ	名詞,代名詞,一般,*,*,*,それ,ソレ,ソレ
を	助詞,格助詞,一般,*,*,*,を,ヲ,ヲ
拒ん	動詞,自立,*,*,五段・マ行,連用タ接続,拒む,コバン,コバン
で	助詞,接続助詞,*,*,*,*,で,デ,デ
は	助詞,係助詞,*,*,*,*,は,ハ,ワ
，	記号,読点,*,*,*,*,，,，,，
主人	名詞,一般,*,*,*,*,主人,シュジン,シュジン
の	助詞,連体化,*,*,*,*,の,ノ,ノ
妻	名詞,一般,*,*,*,*,妻,ツマ,ツマ
に	助詞,格助詞,一般,*,*,*,に,ニ,ニ
こう	副詞,助詞類接続,*,*,*,*,こう,コウ,コー
言う	動詞,自立,*,*,五段・ワ行促音便,基本形,言う,イウ,イウ
の	名詞,非自立,一般,*,*,*,の,ノ,ノ
で	助動詞,*,*,*,特殊・ダ,連用形,だ,デ,デ
あっ	助動詞,*,*,*,五段・ラ行アル,連用タ接続,ある,アッ,アッ
た	助動詞,*,*,*,特殊・タ,基本形,た,タ,タ
。	記号,句点,*,*,*,*,。,。,。
「	記号,括弧開,*,*,*,*,「,「,「
ご覧	名詞,一般,*,*,*,*,ご覧,ゴラン,ゴラン
ください	動詞,自立,*,*,五段・ラ行特殊,連用形,くださる,クダサイ,クダサイ
，	記号,読点,*,*,*,*,，,，,，
ご	接頭詞,名詞接続,*,*,*,*,ご,ゴ,ゴ
主人	名詞,一般,*,*,*,*,主人,シュジン,シュジン
様	名詞,接尾,人名,*,*,*,様,サマ,サマ
は	助詞,係助詞,*,*,*,*,は,ハ,ワ
，	記号,読点,*,*,*,*,，,，,，
この	連体詞,*,*,*,*,*,この,コノ,コノ
家	名詞,一般,*,*,*,*,家,イエ,イエ
の	助詞,連体化,*,*,*,*,の,ノ,ノ
中	名詞,非自立,副詞可能,*,*,*,中,ナカ,ナカ
で	助詞,格助詞,一般,*,*,*,で,デ,デ
私	名詞,代名詞,一般,*,*,*,私,ワタシ,ワタシ
の	助詞,連体化,*,*,*,*,の,ノ,ノ
もと	名詞,非自立,一般,*,*,*,もと,モト,モト
に	助詞,格助詞,一般,*,*,*,に,ニ,ニ
何	名詞,代名詞,一般,*,*,*,何,ナニ,ナニ
が	助詞,格助詞,一般,*,*,*,が,ガ,ガ
ある	動詞,自立,*,*,五段・ラ行,基本形,ある,アル,アル
かも	助詞,副助詞,*,*,*,*,かも,カモ,カモ
ご存じ	名詞,一般,*,*,*,*,ご存じ,ゴゾンジ,ゴゾンジ
で	助動詞,*,*,*,特殊・ダ,連用形,だ,デ,デ
あり	助動詞,*,*,*,五段・ラ行アル,連用形,ある,アリ,アリ
ませ	助動詞,*,*,*,特殊・マス,未然形,ます,マセ,マセ
ん	助動詞,*,*,*,不変化型,基本形,ん,ン,ン
。	記号,句点,*,*,*,*,。,。,。
その	連体詞,*,*,*,*,*,その,ソノ,ソノ
持た	動詞,自立,*,*,五段・タ行,未然形,持つ,モタ,モタ
れる	動詞,接尾,*,*,一段,基本形,れる,レル,レル
すべて	名詞,副詞可能,*,*,*,*,すべて,スベテ,スベテ
の	助詞,連体化,*,*,*,*,の,ノ,ノ
もの	名詞,非自立,一般,*,*,*,もの,モノ,モノ
を	助詞,格助詞,一般,*,*,*,を,ヲ,ヲ
私	名詞,代名詞,一般,*,*,*,私,ワタシ,ワタシ
の	助詞,連体化,*,*,*,*,の,ノ,ノ
手	名詞,一般,*,*,*,*,手,テ,テ
に	助詞,格助詞,一般,*,*,*,に,ニ,ニ
ゆだね	動詞,自立,*,*,一段,連用形,ゆだねる,ユダネ,ユダネ
て	助詞,接続助詞,*,*,*,*,て,テ,テ
おら	動詞,自立,*,*,五段・ラ行,未然形,おる,オラ,オラ
れる	動詞,接尾,*,*,一段,基本形,れる,レル,レル
の	名詞,非自立,一般,*,*,*,の,ノ,ノ
です	助動詞,*,*,*,特殊・デス,基本形,です,デス,デス
。	記号,句点,*,*,*,*,。,。,。
この	連体詞,*,*,*,*,*,この,コノ,コノ
家	名詞,一般,*,*,*,*,家,イエ,イエ
に	助詞,格助詞,一般,*,*,*,に,ニ,ニ
私	名詞,代名詞,一般,*,*,*,私,ワタシ,ワタシ
より	助詞,格助詞,一般,*,*,*,より,ヨリ,ヨリ
大いなる	連体詞,*,*,*,*,*,大いなる,オオイナル,オーイナル
者	名詞,非自立,一般,*,*,*,者,モノ,モノ
は	助詞,係助詞,*,*,*,*,は,ハ,ワ
おり	動詞,自立,*,*,一段,連用形,おりる,オリ,オリ
ませ	助動詞,*,*,*,特殊・マス,未然形,ます,マセ,マセ
ん	助動詞,*,*,*,不変化型,基本形,ん,ン,ン
。	記号,句点,*,*,*,*,。,。,。
私	名詞,代名詞,一般,*,*,*,私,ワタシ,ワタシ
に対し	助詞,格助詞,連語,*,*,*,に対し,ニタイシ,ニタイシ
どんな	連体詞,*,*,*,*,*,どんな,ドンナ,ドンナ
もの	名詞,非自立,一般,*,*,*,もの,モノ,モノ
も	助詞,係助詞,*,*,*,*,も,モ,モ
差し控え	動詞,自立,*,*,一段,連用形,差し控える,サシヒカエ,サシヒカエ
て	助詞,接続助詞,*,*,*,*,て,テ,テ
はおら	動詞,自立,*,*,五段・ラ行,未然形,はおる,ハオラ,ハオラ
れ	動詞,接尾,*,*,一段,連用形,れる,レ,レ
ませ	助動詞,*,*,*,特殊・マス,未然形,ます,マセ,マセ
ん	助動詞,*,*,*,不変化型,基本形,ん,ン,ン
。	記号,句点,*,*,*,*,。,。,。
ただし	接続詞,*,*,*,*,*,ただし,タダシ,タダシ
あなた	名詞,代名詞,一般,*,*,*,あなた,アナタ,アナタ
だけ	助詞,副助詞,*,*,*,*,だけ,ダケ,ダケ
は	助詞,係助詞,*,*,*,*,は,ハ,ワ
別	名詞,一般,*,*,*,*,別,ベツ,ベツ
です	助動詞,*,*,*,特殊・デス,基本形,です,デス,デス
。	記号,句点,*,*,*,*,。,。,。
あなた	名詞,代名詞,一般,*,*,*,あなた,アナタ,アナタ
は	助詞,係助詞,*,*,*,*,は,ハ,ワ
奥様	名詞,一般,*,*,*,*,奥様,オクサマ,オクサマ
だ	助動詞,*,*,*,特殊・ダ,基本形,だ,ダ,ダ
から	助詞,接続助詞,*,*,*,*,から,カラ,カラ
です	助動詞,*,*,*,特殊・デス,基本形,です,デス,デス
。	記号,句点,*,*,*,*,。,。,。
です	助動詞,*,*,*,特殊・デス,基本形,です,デス,デス
から	助詞,接続助詞,*,*,*,*,から,カラ,カラ
，	記号,読点,*,*,*,*,，,，,，
どうして	副詞,一般,*,*,*,*,どうして,ドウシテ,ドーシテ
わたし	名詞,代名詞,一般,*,*,*,わたし,ワタシ,ワタシ
は	助詞,係助詞,*,*,*,*,は,ハ,ワ
この	連体詞,*,*,*,*,*,この,コノ,コノ
大きな	連体詞,*,*,*,*,*,大きな,オオキナ,オーキナ
悪行	名詞,一般,*,*,*,*,悪行,アクギョウ,アクギョー
を	助詞,格助詞,一般,*,*,*,を,ヲ,ヲ
犯し	動詞,自立,*,*,五段・サ行,連用形,犯す,オカシ,オカシ
て	助詞,接続助詞,*,*,*,*,て,テ,テ
，	記号,読点,*,*,*,*,，,，,，
まさに	副詞,一般,*,*,*,*,まさに,マサニ,マサニ
神	名詞,一般,*,*,*,*,神,カミ,カミ
に対して	助詞,格助詞,連語,*,*,*,に対して,ニタイシテ,ニタイシテ
罪	名詞,一般,*,*,*,*,罪,ツミ,ツミ
を	助詞,格助詞,一般,*,*,*,を,ヲ,ヲ
おかす	動詞,自立,*,*,五段・サ行,基本形,おかす,オカス,オカス
こと	名詞,非自立,一般,*,*,*,こと,コト,コト
など	助詞,副助詞,*,*,*,*,など,ナド,ナド
できる	動詞,自立,*,*,一段,基本形,できる,デキル,デキル
でしょ	助動詞,*,*,*,特殊・デス,未然形,です,デショ,デショ
う	助動詞,*,*,*,不変化型,基本形,う,ウ,ウ
か	助詞,副助詞／並立助詞／終助詞,*,*,*,*,か,カ,カ
」	記号,括弧閉,*,*,*,*,」,」,」
。	記号,句点,*,*,*,*,。,。,。
こうして	接続詞,*,*,*,*,*,こうして,コウシテ,コーシテ
，	記号,読点,*,*,*,*,，,，,，
彼女	名詞,代名詞,一般,*,*,*,彼女,カノジョ,カノジョ
が	助詞,格助詞,一般,*,*,*,が,ガ,ガ
日	名詞,固有名詞,地域,国,*,*,日,ニチ,ニチ
ごと	名詞,接尾,一般,*,*,*,ごと,ゴト,ゴト
に	助詞,格助詞,一般,*,*,*,に,ニ,ニ
言い寄っ	動詞,自立,*,*,五段・ラ行,連用タ接続,言い寄る,イイヨッ,イーヨッ
て	助詞,接続助詞,*,*,*,*,て,テ,テ
も	助詞,係助詞,*,*,*,*,も,モ,モ
，	記号,読点,*,*,*,*,，,，,，
ヨセフ	名詞,一般,*,*,*,*,*
は	助詞,係助詞,*,*,*,*,は,ハ,ワ
決して	副詞,一般,*,*,*,*,決して,ケッシテ,ケッシテ
それ	名詞,代名詞,一般,*,*,*,それ,ソレ,ソレ
を	助詞,格助詞,一般,*,*,*,を,ヲ,ヲ
聴き	動詞,自立,*,*,五段・カ行イ音便,連用形,聴く,キキ,キキ
入れ	動詞,自立,*,*,一段,連用形,入れる,イレ,イレ
て	助詞,接続助詞,*,*,*,*,て,テ,テ
かたわら	名詞,副詞可能,*,*,*,*,かたわら,カタワラ,カタワラ
に	助詞,格助詞,一般,*,*,*,に,ニ,ニ
横	名詞,一般,*,*,*,*,横,ヨコ,ヨコ
に	助詞,格助詞,一般,*,*,*,に,ニ,ニ
なっ	動詞,自立,*,*,五段・ラ行,連用タ接続,なる,ナッ,ナッ
たり	助詞,並立助詞,*,*,*,*,たり,タリ,タリ
その	連体詞,*,*,*,*,*,その,ソノ,ソノ
もと	名詞,非自立,一般,*,*,*,もと,モト,モト
に	助詞,格助詞,一般,*,*,*,に,ニ,ニ
とどまっ	動詞,自立,*,*,五段・ラ行,連用タ接続,とどまる,トドマッ,トドマッ
たり	助詞,並立助詞,*,*,*,*,たり,タリ,タリ
は	助詞,係助詞,*,*,*,*,は,ハ,ワ
し	動詞,自立,*,*,サ変・スル,未然形,する,シ,シ
ない	助動詞,*,*,*,特殊・ナイ,基本形,ない,ナイ,ナイ
の	名詞,非自立,一般,*,*,*,の,ノ,ノ
で	助動詞,*,*,*,特殊・ダ,連用形,だ,デ,デ
あっ	助動詞,*,*,*,五段・ラ行アル,連用タ接続,ある,アッ,アッ
た	助動詞,*,*,*,特殊・タ,基本形,た,タ,タ
。	記号,句点,*,*,*,*,。,。,。
ところが	接続詞,*,*,*,*,*,ところが,トコロガ,トコロガ
その後	名詞,副詞可能,*,*,*,*,その後,ソノゴ,ソノゴ
の	助詞,連体化,*,*,*,*,の,ノ,ノ
こと	名詞,非自立,一般,*,*,*,こと,コト,コト
，	記号,読点,*,*,*,*,，,，,，
彼	名詞,代名詞,一般,*,*,*,彼,カレ,カレ
は	助詞,係助詞,*,*,*,*,は,ハ,ワ
その	連体詞,*,*,*,*,*,その,ソノ,ソノ
日	名詞,非自立,副詞可能,*,*,*,日,ヒ,ヒ
も	助詞,係助詞,*,*,*,*,も,モ,モ
いつも	副詞,一般,*,*,*,*,いつも,イツモ,イツモ
の	助詞,連体化,*,*,*,*,の,ノ,ノ
よう	名詞,非自立,助動詞語幹,*,*,*,よう,ヨウ,ヨー
に	助詞,副詞化,*,*,*,*,に,ニ,ニ
自分	名詞,一般,*,*,*,*,自分,ジブン,ジブン
の	助詞,連体化,*,*,*,*,の,ノ,ノ
用事	名詞,一般,*,*,*,*,用事,ヨウジ,ヨージ
を	助詞,格助詞,一般,*,*,*,を,ヲ,ヲ
果たす	動詞,自立,*,*,五段・サ行,基本形,果たす,ハタス,ハタス
ため	名詞,非自立,副詞可能,*,*,*,ため,タメ,タメ
家	名詞,一般,*,*,*,*,家,イエ,イエ
に	助詞,格助詞,一般,*,*,*,に,ニ,ニ
入っ	動詞,自立,*,*,五段・ラ行,連用タ接続,入る,ハイッ,ハイッ
た	助動詞,*,*,*,特殊・タ,基本形,た,タ,タ
が	助詞,接続助詞,*,*,*,*,が,ガ,ガ
，	記号,読点,*,*,*,*,，,，,，
家	名詞,一般,*,*,*,*,家,イエ,イエ
の	助詞,連体化,*,*,*,*,の,ノ,ノ
中	名詞,非自立,副詞可能,*,*,*,中,ナカ,ナカ
に	助詞,格助詞,一般,*,*,*,に,ニ,ニ
その	連体詞,*,*,*,*,*,その,ソノ,ソノ
家	名詞,一般,*,*,*,*,家,イエ,イエ
の	助詞,連体化,*,*,*,*,の,ノ,ノ
者	名詞,非自立,一般,*,*,*,者,モノ,モノ
は	助詞,係助詞,*,*,*,*,は,ハ,ワ
ひとり	名詞,一般,*,*,*,*,ひとり,ヒトリ,ヒトリ
も	助詞,係助詞,*,*,*,*,も,モ,モ
い	動詞,自立,*,*,一段,未然形,いる,イ,イ
なかっ	助動詞,*,*,*,特殊・ナイ,連用タ接続,ない,ナカッ,ナカッ
た	助動詞,*,*,*,特殊・タ,基本形,た,タ,タ
。	記号,句点,*,*,*,*,。,。,。
それで	接続詞,*,*,*,*,*,それで,ソレデ,ソレデ
彼女	名詞,代名詞,一般,*,*,*,彼女,カノジョ,カノジョ
は	助詞,係助詞,*,*,*,*,は,ハ,ワ
[	名詞,サ変接続,*,*,*,*,*
ヨセフ	名詞,一般,*,*,*,*,*
]	名詞,サ変接続,*,*,*,*,*
の	助詞,連体化,*,*,*,*,の,ノ,ノ
衣	名詞,一般,*,*,*,*,衣,コロモ,コロモ
を	助詞,格助詞,一般,*,*,*,を,ヲ,ヲ
つかん	動詞,自立,*,*,五段・マ行,連用タ接続,つかむ,ツカン,ツカン
で	助詞,接続助詞,*,*,*,*,で,デ,デ
，	記号,読点,*,*,*,*,，,，,，
「	記号,括弧開,*,*,*,*,「,「,「
わたし	名詞,代名詞,一般,*,*,*,わたし,ワタシ,ワタシ
と	助詞,格助詞,一般,*,*,*,と,ト,ト
寝	動詞,自立,*,*,一段,連用形,寝る,ネ,ネ
て	助詞,接続助詞,*,*,*,*,て,テ,テ
ちょうだい	名詞,動詞非自立的,*,*,*,*,ちょうだい,チョウダイ,チョーダイ
！	記号,一般,*,*,*,*,！,！,！
」	記号,括弧閉,*,*,*,*,」,」,」
と	助詞,格助詞,引用,*,*,*,と,ト,ト
言っ	動詞,自立,*,*,五段・ワ行促音便,連用タ接続,言う,イッ,イッ
た	助動詞,*,*,*,特殊・タ,基本形,た,タ,タ
。	記号,句点,*,*,*,*,。,。,。
しかし	接続詞,*,*,*,*,*,しかし,シカシ,シカシ
彼	名詞,代名詞,一般,*,*,*,彼,カレ,カレ
は	助詞,係助詞,*,*,*,*,は,ハ,ワ
自分	名詞,一般,*,*,*,*,自分,ジブン,ジブン
の	助詞,連体化,*,*,*,*,の,ノ,ノ
衣	名詞,一般,*,*,*,*,衣,コロモ,コロモ
を	助詞,格助詞,一般,*,*,*,を,ヲ,ヲ
彼女	名詞,代名詞,一般,*,*,*,彼女,カノジョ,カノジョ
の	助詞,連体化,*,*,*,*,の,ノ,ノ
手	名詞,一般,*,*,*,*,手,テ,テ
に	助詞,格助詞,一般,*,*,*,に,ニ,ニ
残し	動詞,自立,*,*,五段・サ行,連用形,残す,ノコシ,ノコシ
た	助動詞,*,*,*,特殊・タ,基本形,た,タ,タ
まま	名詞,非自立,副詞可能,*,*,*,まま,ママ,ママ
逃げ	動詞,自立,*,*,一段,連用形,逃げる,ニゲ,ニゲ
て	助詞,接続助詞,*,*,*,*,て,テ,テ
外	名詞,一般,*,*,*,*,外,ソト,ソト
に	助詞,格助詞,一般,*,*,*,に,ニ,ニ
出	動詞,自立,*,*,一段,連用形,出る,デ,デ
た	助動詞,*,*,*,特殊・タ,基本形,た,タ,タ
。	記号,句点,*,*,*,*,。,。,。
それで	接続詞,*,*,*,*,*,それで,ソレデ,ソレデ
，	記号,読点,*,*,*,*,，,，,，
外	名詞,一般,*,*,*,*,外,ソト,ソト
に	助詞,格助詞,一般,*,*,*,に,ニ,ニ
逃げ	動詞,自立,*,*,一段,連用形,逃げる,ニゲ,ニゲ
出よ	動詞,自立,*,*,一段,未然ウ接続,出る,デヨ,デヨ
う	助動詞,*,*,*,不変化型,基本形,う,ウ,ウ
として	助詞,格助詞,連語,*,*,*,として,トシテ,トシテ
衣	名詞,一般,*,*,*,*,衣,コロモ,コロモ
を	助詞,格助詞,一般,*,*,*,を,ヲ,ヲ
その	連体詞,*,*,*,*,*,その,ソノ,ソノ
手	名詞,一般,*,*,*,*,手,テ,テ
に	助詞,格助詞,一般,*,*,*,に,ニ,ニ
残し	動詞,自立,*,*,五段・サ行,連用形,残す,ノコシ,ノコシ
て	助詞,接続助詞,*,*,*,*,て,テ,テ
いっ	動詞,非自立,*,*,五段・カ行促音便,連用タ接続,いく,イッ,イッ
た	助動詞,*,*,*,特殊・タ,基本形,た,タ,タ
の	名詞,非自立,一般,*,*,*,の,ノ,ノ
を	助詞,格助詞,一般,*,*,*,を,ヲ,ヲ
見る	動詞,自立,*,*,一段,基本形,見る,ミル,ミル
と	助詞,接続助詞,*,*,*,*,と,ト,ト
，	記号,読点,*,*,*,*,，,，,，
彼女	名詞,代名詞,一般,*,*,*,彼女,カノジョ,カノジョ
は	助詞,係助詞,*,*,*,*,は,ハ,ワ
すぐ	副詞,助詞類接続,*,*,*,*,すぐ,スグ,スグ
に	助詞,副詞化,*,*,*,*,に,ニ,ニ
叫び	名詞,一般,*,*,*,*,叫び,サケビ,サケビ
だ	助動詞,*,*,*,特殊・ダ,基本形,だ,ダ,ダ
し	助詞,接続助詞,*,*,*,*,し,シ,シ
，	記号,読点,*,*,*,*,，,，,，
家	名詞,一般,*,*,*,*,家,イエ,イエ
の	助詞,連体化,*,*,*,*,の,ノ,ノ
者	名詞,一般,*,*,*,*,者,モノ,モノ
たち	名詞,接尾,一般,*,*,*,たち,タチ,タチ
に	助詞,格助詞,一般,*,*,*,に,ニ,ニ
こう	副詞,助詞類接続,*,*,*,*,こう,コウ,コー
言う	動詞,自立,*,*,五段・ワ行促音便,基本形,言う,イウ,イウ
の	名詞,非自立,一般,*,*,*,の,ノ,ノ
で	助動詞,*,*,*,特殊・ダ,連用形,だ,デ,デ
あっ	助動詞,*,*,*,五段・ラ行アル,連用タ接続,ある,アッ,アッ
た	助動詞,*,*,*,特殊・タ,基本形,た,タ,タ
。	記号,句点,*,*,*,*,。,。,。
「	記号,括弧開,*,*,*,*,「,「,「
見	動詞,自立,*,*,一段,連用形,見る,ミ,ミ
なさい	動詞,非自立,*,*,五段・ラ行特殊,命令ｉ,なさる,ナサイ,ナサイ
，	記号,読点,*,*,*,*,，,，,，
あの	連体詞,*,*,*,*,*,あの,アノ,アノ
人	名詞,一般,*,*,*,*,人,ヒト,ヒト
は	助詞,係助詞,*,*,*,*,は,ハ,ワ
ヘブライ	名詞,固有名詞,一般,*,*,*,ヘブライ,ヘブライ,ヘブライ
人	名詞,接尾,一般,*,*,*,人,ジン,ジン
の	助詞,連体化,*,*,*,*,の,ノ,ノ
男	名詞,一般,*,*,*,*,男,オトコ,オトコ
なんか	助詞,副助詞,*,*,*,*,なんか,ナンカ,ナンカ
を	助詞,格助詞,一般,*,*,*,を,ヲ,ヲ
連れ	動詞,自立,*,*,一段,連用形,連れる,ツレ,ツレ
て	助詞,接続助詞,*,*,*,*,て,テ,テ
来	動詞,非自立,*,*,カ変・来ル,連用形,来る,キ,キ
て	助詞,接続助詞,*,*,*,*,て,テ,テ
，	記号,読点,*,*,*,*,，,，,，
わたし	名詞,代名詞,一般,*,*,*,わたし,ワタシ,ワタシ
たち	名詞,接尾,一般,*,*,*,たち,タチ,タチ
を	助詞,格助詞,一般,*,*,*,を,ヲ,ヲ
笑いもの	名詞,一般,*,*,*,*,笑いもの,ワライモノ,ワライモノ
に	助詞,格助詞,一般,*,*,*,に,ニ,ニ
しよ	動詞,自立,*,*,サ変・スル,未然ウ接続,する,シヨ,シヨ
う	助動詞,*,*,*,不変化型,基本形,う,ウ,ウ
という	助詞,格助詞,連語,*,*,*,という,トイウ,トユウ
の	名詞,非自立,一般,*,*,*,の,ノ,ノ
だ	助動詞,*,*,*,特殊・ダ,基本形,だ,ダ,ダ
わ	助詞,終助詞,*,*,*,*,わ,ワ,ワ
。	記号,句点,*,*,*,*,。,。,。
あの	連体詞,*,*,*,*,*,あの,アノ,アノ
男	名詞,一般,*,*,*,*,男,オトコ,オトコ
は	助詞,係助詞,*,*,*,*,は,ハ,ワ
わたし	名詞,代名詞,一般,*,*,*,わたし,ワタシ,ワタシ
と	助詞,格助詞,一般,*,*,*,と,ト,ト
寝よ	動詞,自立,*,*,一段,未然ウ接続,寝る,ネヨ,ネヨ
う	助動詞,*,*,*,不変化型,基本形,う,ウ,ウ
として	助詞,格助詞,連語,*,*,*,として,トシテ,トシテ
やって来	動詞,自立,*,*,カ変・来ル,連用形,やって来る,ヤッテキ,ヤッテキ
た	助動詞,*,*,*,特殊・タ,基本形,た,タ,タ
の	助詞,終助詞,*,*,*,*,の,ノ,ノ
よ	助詞,終助詞,*,*,*,*,よ,ヨ,ヨ
。	記号,句点,*,*,*,*,。,。,。
でも	接続詞,*,*,*,*,*,でも,デモ,デモ
，	記号,読点,*,*,*,*,，,，,，
声	名詞,一般,*,*,*,*,声,コエ,コエ
かぎり	名詞,ナイ形容詞語幹,*,*,*,*,かぎり,カギリ,カギリ
に	助詞,格助詞,一般,*,*,*,に,ニ,ニ
叫ん	動詞,自立,*,*,五段・バ行,連用タ接続,叫ぶ,サケン,サケン
で	助詞,接続助詞,*,*,*,*,で,デ,デ
やっ	動詞,非自立,*,*,五段・ラ行,連用タ接続,やる,ヤッ,ヤッ
た	助動詞,*,*,*,特殊・タ,基本形,た,タ,タ
の	名詞,非自立,一般,*,*,*,の,ノ,ノ
さ	助詞,終助詞,*,*,*,*,さ,サ,サ
。	記号,句点,*,*,*,*,。,。,。
そうしたら	接続詞,*,*,*,*,*,そうしたら,ソウシタラ,ソーシタラ
，	記号,読点,*,*,*,*,，,，,，
わたし	名詞,代名詞,一般,*,*,*,わたし,ワタシ,ワタシ
が	助詞,格助詞,一般,*,*,*,が,ガ,ガ
声	名詞,一般,*,*,*,*,声,コエ,コエ
を	助詞,格助詞,一般,*,*,*,を,ヲ,ヲ
上げ	動詞,自立,*,*,一段,連用形,上げる,アゲ,アゲ
て	助詞,接続助詞,*,*,*,*,て,テ,テ
叫び	動詞,自立,*,*,五段・バ行,連用形,叫ぶ,サケビ,サケビ
だし	動詞,非自立,*,*,五段・サ行,連用形,だす,ダシ,ダシ
た	助動詞,*,*,*,特殊・タ,基本形,た,タ,タ
の	名詞,非自立,一般,*,*,*,の,ノ,ノ
を	助詞,格助詞,一般,*,*,*,を,ヲ,ヲ
聞い	動詞,自立,*,*,五段・カ行イ音便,連用タ接続,聞く,キイ,キイ
た	助動詞,*,*,*,特殊・タ,基本形,た,タ,タ
もの	名詞,非自立,一般,*,*,*,もの,モノ,モノ
だ	助動詞,*,*,*,特殊・ダ,基本形,だ,ダ,ダ
から	助詞,接続助詞,*,*,*,*,から,カラ,カラ
，	記号,読点,*,*,*,*,，,，,，
すぐ	副詞,助詞類接続,*,*,*,*,すぐ,スグ,スグ
に	助詞,副詞化,*,*,*,*,に,ニ,ニ
衣	名詞,一般,*,*,*,*,衣,コロモ,コロモ
を	助詞,格助詞,一般,*,*,*,を,ヲ,ヲ
わたし	名詞,代名詞,一般,*,*,*,わたし,ワタシ,ワタシ
の	助詞,連体化,*,*,*,*,の,ノ,ノ
そば	名詞,一般,*,*,*,*,そば,ソバ,ソバ
に	助詞,格助詞,一般,*,*,*,に,ニ,ニ
残し	動詞,自立,*,*,五段・サ行,連用形,残す,ノコシ,ノコシ
た	助動詞,*,*,*,特殊・タ,基本形,た,タ,タ
まま	名詞,非自立,副詞可能,*,*,*,まま,ママ,ママ
逃げ	動詞,自立,*,*,一段,連用形,逃げる,ニゲ,ニゲ
て	助詞,接続助詞,*,*,*,*,て,テ,テ
出	動詞,自立,*,*,一段,連用形,出る,デ,デ
て	助詞,接続助詞,*,*,*,*,て,テ,テ
行っ	動詞,非自立,*,*,五段・カ行促音便,連用タ接続,行く,イッ,イッ
た	助動詞,*,*,*,特殊・タ,基本形,た,タ,タ
の	助詞,終助詞,*,*,*,*,の,ノ,ノ
よ	助詞,終助詞,*,*,*,*,よ,ヨ,ヨ
」	記号,括弧閉,*,*,*,*,」,」,」
。	記号,句点,*,*,*,*,。,。,。
その	連体詞,*,*,*,*,*,その,ソノ,ソノ
のち	名詞,非自立,副詞可能,*,*,*,のち,ノチ,ノチ
彼女	名詞,代名詞,一般,*,*,*,彼女,カノジョ,カノジョ
は	助詞,係助詞,*,*,*,*,は,ハ,ワ
，	記号,読点,*,*,*,*,，,，,，
主人	名詞,一般,*,*,*,*,主人,シュジン,シュジン
が	助詞,格助詞,一般,*,*,*,が,ガ,ガ
家	名詞,一般,*,*,*,*,家,イエ,イエ
に	助詞,格助詞,一般,*,*,*,に,ニ,ニ
戻る	動詞,自立,*,*,五段・ラ行,基本形,戻る,モドル,モドル
まで	助詞,副助詞,*,*,*,*,まで,マデ,マデ
彼	名詞,代名詞,一般,*,*,*,彼,カレ,カレ
の	助詞,連体化,*,*,*,*,の,ノ,ノ
衣	名詞,一般,*,*,*,*,衣,コロモ,コロモ
を	助詞,格助詞,一般,*,*,*,を,ヲ,ヲ
自分	名詞,一般,*,*,*,*,自分,ジブン,ジブン
の	助詞,連体化,*,*,*,*,の,ノ,ノ
そば	名詞,一般,*,*,*,*,そば,ソバ,ソバ
に	助詞,格助詞,一般,*,*,*,に,ニ,ニ
置い	動詞,自立,*,*,五段・カ行イ音便,連用タ接続,置く,オイ,オイ
て	助詞,接続助詞,*,*,*,*,て,テ,テ
おい	動詞,非自立,*,*,五段・カ行イ音便,連用タ接続,おく,オイ,オイ
た	助動詞,*,*,*,特殊・タ,基本形,た,タ,タ
。	記号,句点,*,*,*,*,。,。,。
それから	接続詞,*,*,*,*,*,それから,ソレカラ,ソレカラ
彼女	名詞,代名詞,一般,*,*,*,彼女,カノジョ,カノジョ
は	助詞,係助詞,*,*,*,*,は,ハ,ワ
この	連体詞,*,*,*,*,*,この,コノ,コノ
よう	名詞,非自立,助動詞語幹,*,*,*,よう,ヨウ,ヨー
な	助動詞,*,*,*,特殊・ダ,体言接続,だ,ナ,ナ
言葉	名詞,一般,*,*,*,*,言葉,コトバ,コトバ
で	助詞,格助詞,一般,*,*,*,で,デ,デ
[	名詞,サ変接続,*,*,*,*,*
主人	名詞,一般,*,*,*,*,主人,シュジン,シュジン
]	名詞,サ変接続,*,*,*,*,*
に	助詞,格助詞,一般,*,*,*,に,ニ,ニ
話し	動詞,自立,*,*,五段・サ行,連用形,話す,ハナシ,ハナシ
て	助詞,接続助詞,*,*,*,*,て,テ,テ
言っ	動詞,自立,*,*,五段・ワ行促音便,連用タ接続,言う,イッ,イッ
た	助動詞,*,*,*,特殊・タ,基本形,た,タ,タ
。	記号,句点,*,*,*,*,。,。,。
「	記号,括弧開,*,*,*,*,「,「,「
あなた	名詞,代名詞,一般,*,*,*,あなた,アナタ,アナタ
の	助詞,格助詞,一般,*,*,*,の,ノ,ノ
連れ	動詞,自立,*,*,一段,連用形,連れる,ツレ,ツレ
て	助詞,接続助詞,*,*,*,*,て,テ,テ
来	動詞,非自立,*,*,カ変・来ル,連用形,来る,キ,キ
た	助動詞,*,*,*,特殊・タ,基本形,た,タ,タ
あの	連体詞,*,*,*,*,*,あの,アノ,アノ
ヘブライ	名詞,固有名詞,一般,*,*,*,ヘブライ,ヘブライ,ヘブライ
人	名詞,接尾,一般,*,*,*,人,ジン,ジン
の	助詞,連体化,*,*,*,*,の,ノ,ノ
僕	名詞,代名詞,一般,*,*,*,僕,ボク,ボク
が	助詞,格助詞,一般,*,*,*,が,ガ,ガ
，	記号,読点,*,*,*,*,，,，,，
わたし	名詞,代名詞,一般,*,*,*,わたし,ワタシ,ワタシ
の	助詞,連体化,*,*,*,*,の,ノ,ノ
ところ	名詞,非自立,副詞可能,*,*,*,ところ,トコロ,トコロ
に	助詞,格助詞,一般,*,*,*,に,ニ,ニ
やって来	動詞,自立,*,*,カ変・来ル,連用形,やって来る,ヤッテキ,ヤッテキ
て	助詞,接続助詞,*,*,*,*,て,テ,テ
わたし	名詞,代名詞,一般,*,*,*,わたし,ワタシ,ワタシ
を	助詞,格助詞,一般,*,*,*,を,ヲ,ヲ
笑いもの	名詞,一般,*,*,*,*,笑いもの,ワライモノ,ワライモノ
に	助詞,格助詞,一般,*,*,*,に,ニ,ニ
しよ	動詞,自立,*,*,サ変・スル,未然ウ接続,する,シヨ,シヨ
う	助動詞,*,*,*,不変化型,基本形,う,ウ,ウ
と	助詞,格助詞,引用,*,*,*,と,ト,ト
し	動詞,自立,*,*,サ変・スル,連用形,する,シ,シ
まし	助動詞,*,*,*,特殊・マス,連用形,ます,マシ,マシ
た	助動詞,*,*,*,特殊・タ,基本形,た,タ,タ
。	記号,句点,*,*,*,*,。,。,。
でも	接続詞,*,*,*,*,*,でも,デモ,デモ
，	記号,読点,*,*,*,*,，,，,，
わたし	名詞,代名詞,一般,*,*,*,わたし,ワタシ,ワタシ
が	助詞,格助詞,一般,*,*,*,が,ガ,ガ
声	名詞,一般,*,*,*,*,声,コエ,コエ
を	助詞,格助詞,一般,*,*,*,を,ヲ,ヲ
上げ	動詞,自立,*,*,一段,連用形,上げる,アゲ,アゲ
て	助詞,接続助詞,*,*,*,*,て,テ,テ
叫び	動詞,自立,*,*,五段・バ行,連用形,叫ぶ,サケビ,サケビ
だし	動詞,非自立,*,*,五段・サ行,連用形,だす,ダシ,ダシ
た	助動詞,*,*,*,特殊・タ,基本形,た,タ,タ
ので	助詞,接続助詞,*,*,*,*,ので,ノデ,ノデ
，	記号,読点,*,*,*,*,，,，,，
すぐ	副詞,助詞類接続,*,*,*,*,すぐ,スグ,スグ
に	助詞,副詞化,*,*,*,*,に,ニ,ニ
衣	名詞,一般,*,*,*,*,衣,コロモ,コロモ
を	助詞,格助詞,一般,*,*,*,を,ヲ,ヲ
わたし	名詞,代名詞,一般,*,*,*,わたし,ワタシ,ワタシ
の	助詞,連体化,*,*,*,*,の,ノ,ノ
そば	名詞,一般,*,*,*,*,そば,ソバ,ソバ
に	助詞,格助詞,一般,*,*,*,に,ニ,ニ
残し	動詞,自立,*,*,五段・サ行,連用形,残す,ノコシ,ノコシ
て	助詞,接続助詞,*,*,*,*,て,テ,テ
外	名詞,一般,*,*,*,*,外,ソト,ソト
へ	助詞,格助詞,一般,*,*,*,へ,ヘ,エ
逃げ	動詞,自立,*,*,一段,連用形,逃げる,ニゲ,ニゲ
て	助詞,接続助詞,*,*,*,*,て,テ,テ
行っ	動詞,非自立,*,*,五段・カ行促音便,連用タ接続,行く,イッ,イッ
た	助動詞,*,*,*,特殊・タ,基本形,た,タ,タ
の	名詞,非自立,一般,*,*,*,の,ノ,ノ
です	助動詞,*,*,*,特殊・デス,基本形,です,デス,デス
」	記号,括弧閉,*,*,*,*,」,」,」
。	記号,句点,*,*,*,*,。,。,。
それで	接続詞,*,*,*,*,*,それで,ソレデ,ソレデ
，	記号,読点,*,*,*,*,，,，,，
「	記号,括弧開,*,*,*,*,「,「,「
あなた	名詞,代名詞,一般,*,*,*,あなた,アナタ,アナタ
の	助詞,連体化,*,*,*,*,の,ノ,ノ
僕	名詞,代名詞,一般,*,*,*,僕,ボク,ボク
は	助詞,係助詞,*,*,*,*,は,ハ,ワ
わたし	名詞,代名詞,一般,*,*,*,わたし,ワタシ,ワタシ
に	助詞,格助詞,一般,*,*,*,に,ニ,ニ
こう	副詞,助詞類接続,*,*,*,*,こう,コウ,コー
こうした	連体詞,*,*,*,*,*,こうした,コウシタ,コーシタ
」	記号,括弧閉,*,*,*,*,」,」,」
と	助詞,格助詞,引用,*,*,*,と,ト,ト
話す	動詞,自立,*,*,五段・サ行,基本形,話す,ハナス,ハナス
妻	名詞,一般,*,*,*,*,妻,ツマ,ツマ
の	助詞,連体化,*,*,*,*,の,ノ,ノ
言葉	名詞,一般,*,*,*,*,言葉,コトバ,コトバ
を	助詞,格助詞,一般,*,*,*,を,ヲ,ヲ
聞い	動詞,自立,*,*,五段・カ行イ音便,連用タ接続,聞く,キイ,キイ
て	助詞,接続助詞,*,*,*,*,て,テ,テ
，	記号,読点,*,*,*,*,，,，,，
彼	名詞,代名詞,一般,*,*,*,彼,カレ,カレ
の	助詞,連体化,*,*,*,*,の,ノ,ノ
主人	名詞,一般,*,*,*,*,主人,シュジン,シュジン
の	助詞,連体化,*,*,*,*,の,ノ,ノ
怒り	名詞,一般,*,*,*,*,怒り,イカリ,イカリ
は	助詞,係助詞,*,*,*,*,は,ハ,ワ
燃え立つ	動詞,自立,*,*,五段・タ行,基本形,燃え立つ,モエタツ,モエタツ
の	名詞,非自立,一般,*,*,*,の,ノ,ノ
で	助動詞,*,*,*,特殊・ダ,連用形,だ,デ,デ
あっ	助動詞,*,*,*,五段・ラ行アル,連用タ接続,ある,アッ,アッ
た	助動詞,*,*,*,特殊・タ,基本形,た,タ,タ
。	記号,句点,*,*,*,*,。,。,。
その	連体詞,*,*,*,*,*,その,ソノ,ソノ
ため	名詞,非自立,副詞可能,*,*,*,ため,タメ,タメ
主人	名詞,一般,*,*,*,*,主人,シュジン,シュジン
は	助詞,係助詞,*,*,*,*,は,ハ,ワ
ヨセフ	名詞,一般,*,*,*,*,*
を	助詞,格助詞,一般,*,*,*,を,ヲ,ヲ
捕らえ	動詞,自立,*,*,一段,連用形,捕らえる,トラエ,トラエ
て	助詞,接続助詞,*,*,*,*,て,テ,テ
獄屋	名詞,一般,*,*,*,*,獄屋,ゴクヤ,ゴクヤ
に	助詞,格助詞,一般,*,*,*,に,ニ,ニ
引き渡し	動詞,自立,*,*,五段・サ行,連用形,引き渡す,ヒキワタシ,ヒキワタシ
た	助動詞,*,*,*,特殊・タ,基本形,た,タ,タ
。	記号,句点,*,*,*,*,。,。,。
そこ	名詞,代名詞,一般,*,*,*,そこ,ソコ,ソコ
は	助詞,係助詞,*,*,*,*,は,ハ,ワ
王	名詞,一般,*,*,*,*,王,オウ,オー
の	助詞,連体化,*,*,*,*,の,ノ,ノ
囚人	名詞,一般,*,*,*,*,囚人,シュウジン,シュージン
たち	名詞,接尾,一般,*,*,*,たち,タチ,タチ
が	助詞,格助詞,一般,*,*,*,が,ガ,ガ
拘置	名詞,サ変接続,*,*,*,*,拘置,コウチ,コーチ
さ	動詞,自立,*,*,サ変・スル,未然レル接続,する,サ,サ
れ	動詞,接尾,*,*,一段,連用形,れる,レ,レ
て	助詞,接続助詞,*,*,*,*,て,テ,テ
いる	動詞,非自立,*,*,一段,基本形,いる,イル,イル
所	名詞,非自立,副詞可能,*,*,*,所,トコロ,トコロ
で	助動詞,*,*,*,特殊・ダ,連用形,だ,デ,デ
あり	助動詞,*,*,*,五段・ラ行アル,連用形,ある,アリ,アリ
，	記号,読点,*,*,*,*,，,，,，
彼	名詞,代名詞,一般,*,*,*,彼,カレ,カレ
は	助詞,係助詞,*,*,*,*,は,ハ,ワ
その	連体詞,*,*,*,*,*,その,ソノ,ソノ
獄屋	名詞,一般,*,*,*,*,獄屋,ゴクヤ,ゴクヤ
の	助詞,連体化,*,*,*,*,の,ノ,ノ
中	名詞,非自立,副詞可能,*,*,*,中,ナカ,ナカ
に	助詞,格助詞,一般,*,*,*,に,ニ,ニ
ずっと	副詞,一般,*,*,*,*,ずっと,ズット,ズット
とどまっ	動詞,自立,*,*,五段・ラ行,連用タ接続,とどまる,トドマッ,トドマッ
た	助動詞,*,*,*,特殊・タ,基本形,た,タ,タ
。	記号,句点,*,*,*,*,。,。,。
しかし	接続詞,*,*,*,*,*,しかし,シカシ,シカシ
エホバ	名詞,一般,*,*,*,*,エホバ,エホバ,エホバ
は	助詞,係助詞,*,*,*,*,は,ハ,ワ
引き続き	副詞,一般,*,*,*,*,引き続き,ヒキツヅキ,ヒキツズキ
ヨセフ	名詞,一般,*,*,*,*,*
と共に	助詞,格助詞,連語,*,*,*,と共に,トトモニ,トトモニ
おら	動詞,自立,*,*,五段・ラ行,未然形,おる,オラ,オラ
れ	動詞,接尾,*,*,一段,連用形,れる,レ,レ
て	助詞,接続助詞,*,*,*,*,て,テ,テ
終始	副詞,一般,*,*,*,*,終始,シュウシ,シューシ
愛	名詞,一般,*,*,*,*,愛,アイ,アイ
ある	動詞,自立,*,*,五段・ラ行,基本形,ある,アル,アル
親切	名詞,形容動詞語幹,*,*,*,*,親切,シンセツ,シンセツ
を	助詞,格助詞,一般,*,*,*,を,ヲ,ヲ
差し伸べ	動詞,自立,*,*,一段,連用形,差し伸べる,サシノベ,サシノベ
，	記号,読点,*,*,*,*,，,，,，
また	接続詞,*,*,*,*,*,また,マタ,マタ
彼	名詞,代名詞,一般,*,*,*,彼,カレ,カレ
が	助詞,格助詞,一般,*,*,*,が,ガ,ガ
獄屋	名詞,一般,*,*,*,*,獄屋,ゴクヤ,ゴクヤ
の	助詞,連体化,*,*,*,*,の,ノ,ノ
長	名詞,一般,*,*,*,*,長,チョウ,チョー
の	助詞,連体化,*,*,*,*,の,ノ,ノ
目	名詞,一般,*,*,*,*,目,メ,メ
に	助詞,格助詞,一般,*,*,*,に,ニ,ニ
恵み	名詞,一般,*,*,*,*,恵み,メグミ,メグミ
を	助詞,格助詞,一般,*,*,*,を,ヲ,ヲ
得	動詞,自立,*,*,一段,未然形,得る,エ,エ
られる	動詞,接尾,*,*,一段,基本形,られる,ラレル,ラレル
よう	名詞,非自立,助動詞語幹,*,*,*,よう,ヨウ,ヨー
に	助詞,格助詞,一般,*,*,*,に,ニ,ニ
さ	動詞,自立,*,*,サ変・スル,未然レル接続,する,サ,サ
れる	動詞,接尾,*,*,一段,基本形,れる,レル,レル
の	名詞,非自立,一般,*,*,*,の,ノ,ノ
で	助動詞,*,*,*,特殊・ダ,連用形,だ,デ,デ
あっ	助動詞,*,*,*,五段・ラ行アル,連用タ接続,ある,アッ,アッ
た	助動詞,*,*,*,特殊・タ,基本形,た,タ,タ
。	記号,句点,*,*,*,*,。,。,。
それで	接続詞,*,*,*,*,*,それで,ソレデ,ソレデ
獄屋	名詞,一般,*,*,*,*,獄屋,ゴクヤ,ゴクヤ
の	助詞,連体化,*,*,*,*,の,ノ,ノ
長	名詞,一般,*,*,*,*,長,チョウ,チョー
は	助詞,係助詞,*,*,*,*,は,ハ,ワ
その	連体詞,*,*,*,*,*,その,ソノ,ソノ
獄屋	名詞,一般,*,*,*,*,獄屋,ゴクヤ,ゴクヤ
に	助詞,格助詞,一般,*,*,*,に,ニ,ニ
い	動詞,自立,*,*,一段,連用形,いる,イ,イ
た	助動詞,*,*,*,特殊・タ,基本形,た,タ,タ
すべて	名詞,副詞可能,*,*,*,*,すべて,スベテ,スベテ
の	助詞,連体化,*,*,*,*,の,ノ,ノ
囚人	名詞,一般,*,*,*,*,囚人,シュウジン,シュージン
を	助詞,格助詞,一般,*,*,*,を,ヲ,ヲ
ヨセフ	名詞,一般,*,*,*,*,*
の	助詞,連体化,*,*,*,*,の,ノ,ノ
手	名詞,一般,*,*,*,*,手,テ,テ
に	助詞,格助詞,一般,*,*,*,に,ニ,ニ
ゆだね	動詞,自立,*,*,一段,連用形,ゆだねる,ユダネ,ユダネ
た	助動詞,*,*,*,特殊・タ,基本形,た,タ,タ
。	記号,句点,*,*,*,*,。,。,。
彼ら	名詞,代名詞,一般,*,*,*,彼ら,カレラ,カレラ
が	助詞,格助詞,一般,*,*,*,が,ガ,ガ
そこ	名詞,代名詞,一般,*,*,*,そこ,ソコ,ソコ
で	助詞,格助詞,一般,*,*,*,で,デ,デ
行なう	動詞,自立,*,*,五段・ワ行促音便,基本形,行なう,オコナウ,オコナウ
すべて	名詞,副詞可能,*,*,*,*,すべて,スベテ,スベテ
の	助詞,連体化,*,*,*,*,の,ノ,ノ
事	名詞,非自立,一般,*,*,*,事,コト,コト
，	記号,読点,*,*,*,*,，,，,，
それ	名詞,代名詞,一般,*,*,*,それ,ソレ,ソレ
は	助詞,係助詞,*,*,*,*,は,ハ,ワ
[	名詞,サ変接続,*,*,*,*,*
ヨセフ	名詞,一般,*,*,*,*,*
]	名詞,サ変接続,*,*,*,*,*
が	助詞,格助詞,一般,*,*,*,が,ガ,ガ
行なわ	動詞,自立,*,*,五段・ワ行促音便,未然形,行なう,オコナワ,オコナワ
せ	動詞,接尾,*,*,一段,連用形,せる,セ,セ
て	助詞,接続助詞,*,*,*,*,て,テ,テ
いる	動詞,非自立,*,*,一段,基本形,いる,イル,イル
の	名詞,非自立,一般,*,*,*,の,ノ,ノ
で	助動詞,*,*,*,特殊・ダ,連用形,だ,デ,デ
あっ	助動詞,*,*,*,五段・ラ行アル,連用タ接続,ある,アッ,アッ
た	助動詞,*,*,*,特殊・タ,基本形,た,タ,タ
。	記号,句点,*,*,*,*,。,。,。
獄屋	名詞,一般,*,*,*,*,獄屋,ゴクヤ,ゴクヤ
の	助詞,連体化,*,*,*,*,の,ノ,ノ
長	名詞,一般,*,*,*,*,長,チョウ,チョー
は	助詞,係助詞,*,*,*,*,は,ハ,ワ
その	連体詞,*,*,*,*,*,その,ソノ,ソノ
手	名詞,一般,*,*,*,*,手,テ,テ
に	助詞,格助詞,一般,*,*,*,に,ニ,ニ
ある	動詞,自立,*,*,五段・ラ行,基本形,ある,アル,アル
物事	名詞,一般,*,*,*,*,物事,モノゴト,モノゴト
を	助詞,格助詞,一般,*,*,*,を,ヲ,ヲ
全く	副詞,助詞類接続,*,*,*,*,全く,マッタク,マッタク
何	名詞,代名詞,一般,*,*,*,何,ナニ,ナニ
も	助詞,係助詞,*,*,*,*,も,モ,モ
顧み	動詞,自立,*,*,一段,未然形,顧みる,カエリミ,カエリミ
なかっ	助動詞,*,*,*,特殊・ナイ,連用タ接続,ない,ナカッ,ナカッ
た	助動詞,*,*,*,特殊・タ,基本形,た,タ,タ
。	記号,句点,*,*,*,*,。,。,。
エホバ	名詞,一般,*,*,*,*,エホバ,エホバ,エホバ
が	助詞,格助詞,一般,*,*,*,が,ガ,ガ
[	名詞,サ変接続,*,*,*,*,*
ヨセフ	名詞,一般,*,*,*,*,*
]	名詞,サ変接続,*,*,*,*,*
と共に	助詞,格助詞,連語,*,*,*,と共に,トトモニ,トトモニ
おら	動詞,自立,*,*,五段・ラ行,未然形,おる,オラ,オラ
れ	動詞,接尾,*,*,一段,連用形,れる,レ,レ
，	記号,読点,*,*,*,*,，,，,，
その	連体詞,*,*,*,*,*,その,ソノ,ソノ
行なう	動詞,自立,*,*,五段・ワ行促音便,基本形,行なう,オコナウ,オコナウ
こと	名詞,非自立,一般,*,*,*,こと,コト,コト
を	助詞,格助詞,一般,*,*,*,を,ヲ,ヲ
エホバ	名詞,一般,*,*,*,*,エホバ,エホバ,エホバ
が	助詞,格助詞,一般,*,*,*,が,ガ,ガ
成功	名詞,サ変接続,*,*,*,*,成功,セイコウ,セイコー
さ	動詞,自立,*,*,サ変・スル,未然レル接続,する,サ,サ
せ	動詞,接尾,*,*,一段,連用形,せる,セ,セ
て	助詞,接続助詞,*,*,*,*,て,テ,テ
おら	動詞,自立,*,*,五段・ラ行,未然形,おる,オラ,オラ
れ	動詞,接尾,*,*,一段,連用形,れる,レ,レ
た	助動詞,*,*,*,特殊・タ,基本形,た,タ,タ
から	助詞,接続助詞,*,*,*,*,から,カラ,カラ
で	助動詞,*,*,*,特殊・ダ,連用形,だ,デ,デ
ある	助動詞,*,*,*,五段・ラ行アル,基本形,ある,アル,アル
。	記号,句点,*,*,*,*,。,。,。
EOS
