アブ	名詞,一般,*,*,*,*,アブ,アブ,アブ
ラム	名詞,一般,*,*,*,*,ラム,ラム,ラム
は	助詞,係助詞,*,*,*,*,は,ハ,ワ
九	名詞,数,*,*,*,*,九,キュウ,キュー
十	名詞,数,*,*,*,*,十,ジュウ,ジュー
九	名詞,数,*,*,*,*,九,キュウ,キュー
歳	名詞,接尾,助数詞,*,*,*,歳,サイ,サイ
に	助詞,格助詞,一般,*,*,*,に,ニ,ニ
なっ	動詞,自立,*,*,五段・ラ行,連用タ接続,なる,ナッ,ナッ
た	助動詞,*,*,*,特殊・タ,基本形,た,タ,タ
が	助詞,接続助詞,*,*,*,*,が,ガ,ガ
，	記号,読点,*,*,*,*,，,，,，
その	連体詞,*,*,*,*,*,その,ソノ,ソノ
とき	名詞,非自立,副詞可能,*,*,*,とき,トキ,トキ
エホバ	名詞,一般,*,*,*,*,エホバ,エホバ,エホバ
は	助詞,係助詞,*,*,*,*,は,ハ,ワ
アブ	名詞,一般,*,*,*,*,アブ,アブ,アブ
ラム	名詞,一般,*,*,*,*,ラム,ラム,ラム
に	助詞,格助詞,一般,*,*,*,に,ニ,ニ
現われ	動詞,自立,*,*,一段,連用形,現われる,アラワレ,アラワレ
て	助詞,接続助詞,*,*,*,*,て,テ,テ
，	記号,読点,*,*,*,*,，,，,，
こう	副詞,助詞類接続,*,*,*,*,こう,コウ,コー
言わ	動詞,自立,*,*,五段・ワ行促音便,未然形,言う,イワ,イワ
れ	動詞,接尾,*,*,一段,連用形,れる,レ,レ
た	助動詞,*,*,*,特殊・タ,基本形,た,タ,タ
。	記号,句点,*,*,*,*,。,。,。
「	記号,括弧開,*,*,*,*,「,「,「
わたし	名詞,代名詞,一般,*,*,*,わたし,ワタシ,ワタシ
は	助詞,係助詞,*,*,*,*,は,ハ,ワ
全能	名詞,一般,*,*,*,*,全能,ゼンノウ,ゼンノー
の	助詞,連体化,*,*,*,*,の,ノ,ノ
神	名詞,一般,*,*,*,*,神,カミ,カミ
で	助動詞,*,*,*,特殊・ダ,連用形,だ,デ,デ
ある	助動詞,*,*,*,五段・ラ行アル,基本形,ある,アル,アル
。	記号,句点,*,*,*,*,。,。,。
わたし	名詞,代名詞,一般,*,*,*,わたし,ワタシ,ワタシ
の	助詞,連体化,*,*,*,*,の,ノ,ノ
前	名詞,副詞可能,*,*,*,*,前,マエ,マエ
を	助詞,格助詞,一般,*,*,*,を,ヲ,ヲ
歩ん	動詞,自立,*,*,五段・マ行,連用タ接続,歩む,アユン,アユン
で	助詞,接続助詞,*,*,*,*,で,デ,デ
と	助詞,並立助詞,*,*,*,*,と,ト,ト
が	助詞,格助詞,一般,*,*,*,が,ガ,ガ
の	助詞,格助詞,一般,*,*,*,の,ノ,ノ
ない	形容詞,自立,*,*,形容詞・アウオ段,基本形,ない,ナイ,ナイ
者	名詞,非自立,一般,*,*,*,者,モノ,モノ
で	助動詞,*,*,*,特殊・ダ,連用形,だ,デ,デ
ある	助動詞,*,*,*,五段・ラ行アル,基本形,ある,アル,アル
こと	名詞,非自立,一般,*,*,*,こと,コト,コト
を	助詞,格助詞,一般,*,*,*,を,ヲ,ヲ
示し	動詞,自立,*,*,五段・サ行,連用形,示す,シメシ,シメシ
なさい	動詞,非自立,*,*,五段・ラ行特殊,命令ｉ,なさる,ナサイ,ナサイ
。	記号,句点,*,*,*,*,。,。,。
そして	接続詞,*,*,*,*,*,そして,ソシテ,ソシテ
わたし	名詞,代名詞,一般,*,*,*,わたし,ワタシ,ワタシ
は	助詞,係助詞,*,*,*,*,は,ハ,ワ
，	記号,読点,*,*,*,*,，,，,，
わたし	名詞,代名詞,一般,*,*,*,わたし,ワタシ,ワタシ
と	助詞,格助詞,一般,*,*,*,と,ト,ト
あなた	名詞,代名詞,一般,*,*,*,あなた,アナタ,アナタ
と	助詞,格助詞,一般,*,*,*,と,ト,ト
の	助詞,連体化,*,*,*,*,の,ノ,ノ
間	名詞,一般,*,*,*,*,間,マ,マ
に	助詞,格助詞,一般,*,*,*,に,ニ,ニ
自分	名詞,一般,*,*,*,*,自分,ジブン,ジブン
の	助詞,連体化,*,*,*,*,の,ノ,ノ
契約	名詞,サ変接続,*,*,*,*,契約,ケイヤク,ケイヤク
を	助詞,格助詞,一般,*,*,*,を,ヲ,ヲ
設け	動詞,自立,*,*,一段,連用形,設ける,モウケ,モーケ
て	助詞,接続助詞,*,*,*,*,て,テ,テ
，	記号,読点,*,*,*,*,，,，,，
あなた	名詞,代名詞,一般,*,*,*,あなた,アナタ,アナタ
を	助詞,格助詞,一般,*,*,*,を,ヲ,ヲ
非常	名詞,形容動詞語幹,*,*,*,*,非常,ヒジョウ,ヒジョー
に	助詞,副詞化,*,*,*,*,に,ニ,ニ
多く	形容詞,自立,*,*,形容詞・アウオ段,連用テ接続,多い,オオク,オーク
殖え	動詞,自立,*,*,一段,未然形,殖える,フエ,フエ
させる	動詞,接尾,*,*,一段,基本形,させる,サセル,サセル
」	記号,括弧閉,*,*,*,*,」,」,」
。	記号,句点,*,*,*,*,。,。,。
それ	名詞,代名詞,一般,*,*,*,それ,ソレ,ソレ
を	助詞,格助詞,一般,*,*,*,を,ヲ,ヲ
聞い	動詞,自立,*,*,五段・カ行イ音便,連用タ接続,聞く,キイ,キイ
て	助詞,接続助詞,*,*,*,*,て,テ,テ
アブ	名詞,一般,*,*,*,*,アブ,アブ,アブ
ラム	名詞,一般,*,*,*,*,ラム,ラム,ラム
は	助詞,係助詞,*,*,*,*,は,ハ,ワ
ひれ伏し	動詞,自立,*,*,五段・サ行,連用形,ひれ伏す,ヒレフシ,ヒレフシ
た	助動詞,*,*,*,特殊・タ,基本形,た,タ,タ
。	記号,句点,*,*,*,*,。,。,。
神	名詞,一般,*,*,*,*,神,カミ,カミ
は	助詞,係助詞,*,*,*,*,は,ハ,ワ
彼	名詞,代名詞,一般,*,*,*,彼,カレ,カレ
と	助詞,格助詞,一般,*,*,*,と,ト,ト
語り	動詞,自立,*,*,五段・ラ行,連用形,語る,カタリ,カタリ
つづけ	動詞,非自立,*,*,一段,連用形,つづける,ツヅケ,ツズケ
て	助詞,接続助詞,*,*,*,*,て,テ,テ
こう	副詞,助詞類接続,*,*,*,*,こう,コウ,コー
言わ	動詞,自立,*,*,五段・ワ行促音便,未然形,言う,イワ,イワ
れ	動詞,接尾,*,*,一段,連用形,れる,レ,レ
た	助動詞,*,*,*,特殊・タ,基本形,た,タ,タ
。	記号,句点,*,*,*,*,。,。,。
「	記号,括弧開,*,*,*,*,「,「,「
わたし	名詞,代名詞,一般,*,*,*,わたし,ワタシ,ワタシ
は	助詞,係助詞,*,*,*,*,は,ハ,ワ
，	記号,読点,*,*,*,*,，,，,，
見よ	動詞,自立,*,*,一段,命令ｙｏ,見る,ミヨ,ミヨ
，	記号,読点,*,*,*,*,，,，,，
わたし	名詞,代名詞,一般,*,*,*,わたし,ワタシ,ワタシ
の	助詞,連体化,*,*,*,*,の,ノ,ノ
契約	名詞,サ変接続,*,*,*,*,契約,ケイヤク,ケイヤク
は	助詞,係助詞,*,*,*,*,は,ハ,ワ
あなた	名詞,代名詞,一般,*,*,*,あなた,アナタ,アナタ
に対する	助詞,格助詞,連語,*,*,*,に対する,ニタイスル,ニタイスル
もの	名詞,非自立,一般,*,*,*,もの,モノ,モノ
で	助動詞,*,*,*,特殊・ダ,連用形,だ,デ,デ
あり	助動詞,*,*,*,五段・ラ行アル,連用形,ある,アリ,アリ
，	記号,読点,*,*,*,*,，,，,，
あなた	名詞,代名詞,一般,*,*,*,あなた,アナタ,アナタ
は	助詞,係助詞,*,*,*,*,は,ハ,ワ
必ず	副詞,助詞類接続,*,*,*,*,必ず,カナラズ,カナラズ
国々	名詞,一般,*,*,*,*,国々,クニグニ,クニグニ
の	助詞,連体化,*,*,*,*,の,ノ,ノ
民	名詞,一般,*,*,*,*,民,ミン,ミン
の	助詞,連体化,*,*,*,*,の,ノ,ノ
父	名詞,一般,*,*,*,*,父,チチ,チチ
と	助詞,格助詞,一般,*,*,*,と,ト,ト
なる	動詞,自立,*,*,五段・ラ行,基本形,なる,ナル,ナル
。	記号,句点,*,*,*,*,。,。,。
そして	接続詞,*,*,*,*,*,そして,ソシテ,ソシテ
，	記号,読点,*,*,*,*,，,，,，
あなた	名詞,代名詞,一般,*,*,*,あなた,アナタ,アナタ
の	助詞,連体化,*,*,*,*,の,ノ,ノ
名	名詞,一般,*,*,*,*,名,ナ,ナ
は	助詞,係助詞,*,*,*,*,は,ハ,ワ
もはや	副詞,助詞類接続,*,*,*,*,もはや,モハヤ,モハヤ
アブ	名詞,一般,*,*,*,*,アブ,アブ,アブ
ラム	名詞,一般,*,*,*,*,ラム,ラム,ラム
と	助詞,格助詞,一般,*,*,*,と,ト,ト
は	助詞,係助詞,*,*,*,*,は,ハ,ワ
呼ば	動詞,自立,*,*,五段・バ行,未然形,呼ぶ,ヨバ,ヨバ
れ	動詞,接尾,*,*,一段,未然形,れる,レ,レ
ない	助動詞,*,*,*,特殊・ナイ,基本形,ない,ナイ,ナイ
。	記号,句点,*,*,*,*,。,。,。
あなた	名詞,代名詞,一般,*,*,*,あなた,アナタ,アナタ
の	助詞,連体化,*,*,*,*,の,ノ,ノ
名	名詞,一般,*,*,*,*,名,ナ,ナ
は	助詞,係助詞,*,*,*,*,は,ハ,ワ
アブラハム	名詞,一般,*,*,*,*,*
と	助詞,格助詞,一般,*,*,*,と,ト,ト
し	動詞,自立,*,*,サ変・スル,未然形,する,シ,シ
なけれ	助動詞,*,*,*,特殊・ナイ,仮定形,ない,ナケレ,ナケレ
ば	助詞,接続助詞,*,*,*,*,ば,バ,バ
なら	動詞,非自立,*,*,五段・ラ行,未然形,なる,ナラ,ナラ
ない	助動詞,*,*,*,特殊・ナイ,基本形,ない,ナイ,ナイ
。	記号,句点,*,*,*,*,。,。,。
わたし	名詞,代名詞,一般,*,*,*,わたし,ワタシ,ワタシ
は	助詞,係助詞,*,*,*,*,は,ハ,ワ
あなた	名詞,代名詞,一般,*,*,*,あなた,アナタ,アナタ
を	助詞,格助詞,一般,*,*,*,を,ヲ,ヲ
国々	名詞,一般,*,*,*,*,国々,クニグニ,クニグニ
の	助詞,連体化,*,*,*,*,の,ノ,ノ
民	名詞,一般,*,*,*,*,民,ミン,ミン
の	助詞,連体化,*,*,*,*,の,ノ,ノ
父	名詞,一般,*,*,*,*,父,チチ,チチ
と	助詞,格助詞,一般,*,*,*,と,ト,ト
する	動詞,自立,*,*,サ変・スル,基本形,する,スル,スル
から	助詞,接続助詞,*,*,*,*,から,カラ,カラ
で	助動詞,*,*,*,特殊・ダ,連用形,だ,デ,デ
ある	助動詞,*,*,*,五段・ラ行アル,基本形,ある,アル,アル
。	記号,句点,*,*,*,*,。,。,。
そして	接続詞,*,*,*,*,*,そして,ソシテ,ソシテ
，	記号,読点,*,*,*,*,，,，,，
わたし	名詞,代名詞,一般,*,*,*,わたし,ワタシ,ワタシ
は	助詞,係助詞,*,*,*,*,は,ハ,ワ
あなた	名詞,代名詞,一般,*,*,*,あなた,アナタ,アナタ
が	助詞,格助詞,一般,*,*,*,が,ガ,ガ
非常	名詞,形容動詞語幹,*,*,*,*,非常,ヒジョウ,ヒジョー
に	助詞,副詞化,*,*,*,*,に,ニ,ニ
多く	形容詞,自立,*,*,形容詞・アウオ段,連用テ接続,多い,オオク,オーク
子	名詞,一般,*,*,*,*,子,コ,コ
を	助詞,格助詞,一般,*,*,*,を,ヲ,ヲ
生む	動詞,自立,*,*,五段・マ行,基本形,生む,ウム,ウム
よう	名詞,非自立,助動詞語幹,*,*,*,よう,ヨウ,ヨー
に	助詞,格助詞,一般,*,*,*,に,ニ,ニ
し	動詞,自立,*,*,サ変・スル,連用形,する,シ,シ
，	記号,読点,*,*,*,*,，,，,，
あなた	名詞,代名詞,一般,*,*,*,あなた,アナタ,アナタ
を	助詞,格助詞,一般,*,*,*,を,ヲ,ヲ
幾つ	名詞,一般,*,*,*,*,幾つ,イクツ,イクツ
も	助詞,係助詞,*,*,*,*,も,モ,モ
の	助詞,連体化,*,*,*,*,の,ノ,ノ
国民	名詞,一般,*,*,*,*,国民,コクミン,コクミン
と	助詞,格助詞,引用,*,*,*,と,ト,ト
ならせる	動詞,自立,*,*,一段,基本形,ならせる,ナラセル,ナラセル
。	記号,句点,*,*,*,*,。,。,。
王	名詞,一般,*,*,*,*,王,オウ,オー
たち	名詞,接尾,一般,*,*,*,たち,タチ,タチ
が	助詞,格助詞,一般,*,*,*,が,ガ,ガ
あなた	名詞,代名詞,一般,*,*,*,あなた,アナタ,アナタ
から	助詞,格助詞,一般,*,*,*,から,カラ,カラ
出る	動詞,自立,*,*,一段,基本形,出る,デル,デル
で	助動詞,*,*,*,特殊・ダ,連用形,だ,デ,デ
あろ	助動詞,*,*,*,五段・ラ行アル,未然ウ接続,ある,アロ,アロ
う	助動詞,*,*,*,不変化型,基本形,う,ウ,ウ
。	記号,句点,*,*,*,*,。,。,。
「	記号,括弧開,*,*,*,*,「,「,「
そして	接続詞,*,*,*,*,*,そして,ソシテ,ソシテ
わたし	名詞,代名詞,一般,*,*,*,わたし,ワタシ,ワタシ
は	助詞,係助詞,*,*,*,*,は,ハ,ワ
，	記号,読点,*,*,*,*,，,，,，
わたし	名詞,代名詞,一般,*,*,*,わたし,ワタシ,ワタシ
と	助詞,格助詞,一般,*,*,*,と,ト,ト
あなた	名詞,代名詞,一般,*,*,*,あなた,アナタ,アナタ
および	接続詞,*,*,*,*,*,および,オヨビ,オヨビ
あなた	名詞,代名詞,一般,*,*,*,あなた,アナタ,アナタ
の	助詞,連体化,*,*,*,*,の,ノ,ノ
後	名詞,非自立,副詞可能,*,*,*,後,ノチ,ノチ
の	助詞,連体化,*,*,*,*,の,ノ,ノ
代々	名詞,副詞可能,*,*,*,*,代々,ダイダイ,ダイダイ
にわたる	助詞,格助詞,連語,*,*,*,にわたる,ニワタル,ニワタル
あなた	名詞,代名詞,一般,*,*,*,あなた,アナタ,アナタ
の	助詞,連体化,*,*,*,*,の,ノ,ノ
胤	名詞,一般,*,*,*,*,胤,タネ,タネ
と	助詞,格助詞,一般,*,*,*,と,ト,ト
の	助詞,連体化,*,*,*,*,の,ノ,ノ
契約	名詞,サ変接続,*,*,*,*,契約,ケイヤク,ケイヤク
を	助詞,格助詞,一般,*,*,*,を,ヲ,ヲ
，	記号,読点,*,*,*,*,，,，,，
定め	名詞,一般,*,*,*,*,定め,サダメ,サダメ
の	助詞,格助詞,一般,*,*,*,の,ノ,ノ
ない	形容詞,自立,*,*,形容詞・アウオ段,基本形,ない,ナイ,ナイ
時	名詞,非自立,副詞可能,*,*,*,時,トキ,トキ
に	助詞,格助詞,一般,*,*,*,に,ニ,ニ
至る	動詞,自立,*,*,五段・ラ行,基本形,至る,イタル,イタル
契約	名詞,サ変接続,*,*,*,*,契約,ケイヤク,ケイヤク
として	助詞,格助詞,連語,*,*,*,として,トシテ,トシテ
履行	名詞,サ変接続,*,*,*,*,履行,リコウ,リコー
し	動詞,自立,*,*,サ変・スル,連用形,する,シ,シ
，	記号,読点,*,*,*,*,，,，,，
わたし	名詞,代名詞,一般,*,*,*,わたし,ワタシ,ワタシ
が	助詞,格助詞,一般,*,*,*,が,ガ,ガ
あなた	名詞,代名詞,一般,*,*,*,あなた,アナタ,アナタ
と	助詞,格助詞,一般,*,*,*,と,ト,ト
あなた	名詞,代名詞,一般,*,*,*,あなた,アナタ,アナタ
の	助詞,連体化,*,*,*,*,の,ノ,ノ
後	名詞,非自立,副詞可能,*,*,*,後,ノチ,ノチ
の	助詞,連体化,*,*,*,*,の,ノ,ノ
胤	名詞,一般,*,*,*,*,胤,タネ,タネ
に対して	助詞,格助詞,連語,*,*,*,に対して,ニタイシテ,ニタイシテ
神	名詞,一般,*,*,*,*,神,カミ,カミ
で	助動詞,*,*,*,特殊・ダ,連用形,だ,デ,デ
ある	助動詞,*,*,*,五段・ラ行アル,基本形,ある,アル,アル
こと	名詞,非自立,一般,*,*,*,こと,コト,コト
を	助詞,格助詞,一般,*,*,*,を,ヲ,ヲ
示す	動詞,自立,*,*,五段・サ行,基本形,示す,シメス,シメス
。	記号,句点,*,*,*,*,。,。,。
そして	接続詞,*,*,*,*,*,そして,ソシテ,ソシテ
わたし	名詞,代名詞,一般,*,*,*,わたし,ワタシ,ワタシ
は	助詞,係助詞,*,*,*,*,は,ハ,ワ
，	記号,読点,*,*,*,*,，,，,，
あなた	名詞,代名詞,一般,*,*,*,あなた,アナタ,アナタ
と	助詞,格助詞,一般,*,*,*,と,ト,ト
あなた	名詞,代名詞,一般,*,*,*,あなた,アナタ,アナタ
の	助詞,連体化,*,*,*,*,の,ノ,ノ
後	名詞,非自立,副詞可能,*,*,*,後,ノチ,ノチ
の	助詞,連体化,*,*,*,*,の,ノ,ノ
胤	名詞,一般,*,*,*,*,胤,タネ,タネ
に	助詞,格助詞,一般,*,*,*,に,ニ,ニ
，	記号,読点,*,*,*,*,，,，,，
あなた	名詞,代名詞,一般,*,*,*,あなた,アナタ,アナタ
が	助詞,格助詞,一般,*,*,*,が,ガ,ガ
外国	名詞,一般,*,*,*,*,外国,ガイコク,ガイコク
人	名詞,接尾,一般,*,*,*,人,ジン,ジン
として	助詞,格助詞,連語,*,*,*,として,トシテ,トシテ
住ん	動詞,自立,*,*,五段・マ行,連用タ接続,住む,スン,スン
で	助詞,接続助詞,*,*,*,*,で,デ,デ
いる	動詞,非自立,*,*,一段,基本形,いる,イル,イル
土地	名詞,一般,*,*,*,*,土地,トチ,トチ
を	助詞,格助詞,一般,*,*,*,を,ヲ,ヲ
，	記号,読点,*,*,*,*,，,，,，
すなわち	接続詞,*,*,*,*,*,すなわち,スナワチ,スナワチ
カナン	名詞,固有名詞,地域,一般,*,*,カナン,カナン,カナン
の	助詞,連体化,*,*,*,*,の,ノ,ノ
全土	名詞,一般,*,*,*,*,全土,ゼンド,ゼンド
を	助詞,格助詞,一般,*,*,*,を,ヲ,ヲ
定め	名詞,一般,*,*,*,*,定め,サダメ,サダメ
の	助詞,格助詞,一般,*,*,*,の,ノ,ノ
ない	形容詞,自立,*,*,形容詞・アウオ段,基本形,ない,ナイ,ナイ
時	名詞,非自立,副詞可能,*,*,*,時,トキ,トキ
に	助詞,格助詞,一般,*,*,*,に,ニ,ニ
至る	動詞,自立,*,*,五段・ラ行,基本形,至る,イタル,イタル
所有	名詞,サ変接続,*,*,*,*,所有,ショユウ,ショユー
として	助詞,格助詞,連語,*,*,*,として,トシテ,トシテ
与える	動詞,自立,*,*,一段,基本形,与える,アタエル,アタエル
。	記号,句点,*,*,*,*,。,。,。
わたし	名詞,代名詞,一般,*,*,*,わたし,ワタシ,ワタシ
が	助詞,格助詞,一般,*,*,*,が,ガ,ガ
彼ら	名詞,代名詞,一般,*,*,*,彼ら,カレラ,カレラ
に対して	助詞,格助詞,連語,*,*,*,に対して,ニタイシテ,ニタイシテ
神	名詞,一般,*,*,*,*,神,カミ,カミ
で	助動詞,*,*,*,特殊・ダ,連用形,だ,デ,デ
ある	助動詞,*,*,*,五段・ラ行アル,基本形,ある,アル,アル
こと	名詞,非自立,一般,*,*,*,こと,コト,コト
を	助詞,格助詞,一般,*,*,*,を,ヲ,ヲ
示す	動詞,自立,*,*,五段・サ行,基本形,示す,シメス,シメス
の	名詞,非自立,一般,*,*,*,の,ノ,ノ
で	助動詞,*,*,*,特殊・ダ,連用形,だ,デ,デ
ある	助動詞,*,*,*,五段・ラ行アル,基本形,ある,アル,アル
」	記号,括弧閉,*,*,*,*,」,」,」
。	記号,句点,*,*,*,*,。,。,。
そして	接続詞,*,*,*,*,*,そして,ソシテ,ソシテ
神	名詞,一般,*,*,*,*,神,カミ,カミ
は	助詞,係助詞,*,*,*,*,は,ハ,ワ
アブラハム	名詞,一般,*,*,*,*,*
に	助詞,格助詞,一般,*,*,*,に,ニ,ニ
さらに	副詞,助詞類接続,*,*,*,*,さらに,サラニ,サラニ
こう	副詞,助詞類接続,*,*,*,*,こう,コウ,コー
言わ	動詞,自立,*,*,五段・ワ行促音便,未然形,言う,イワ,イワ
れ	動詞,接尾,*,*,一段,連用形,れる,レ,レ
た	助動詞,*,*,*,特殊・タ,基本形,た,タ,タ
。	記号,句点,*,*,*,*,。,。,。
「	記号,括弧開,*,*,*,*,「,「,「
あなた	名詞,代名詞,一般,*,*,*,あなた,アナタ,アナタ
と	助詞,格助詞,一般,*,*,*,と,ト,ト
し	動詞,自立,*,*,サ変・スル,連用形,する,シ,シ
て	助詞,接続助詞,*,*,*,*,て,テ,テ
も	助詞,係助詞,*,*,*,*,も,モ,モ
わたし	名詞,代名詞,一般,*,*,*,わたし,ワタシ,ワタシ
の	助詞,連体化,*,*,*,*,の,ノ,ノ
契約	名詞,サ変接続,*,*,*,*,契約,ケイヤク,ケイヤク
を	助詞,格助詞,一般,*,*,*,を,ヲ,ヲ
守る	動詞,自立,*,*,五段・ラ行,基本形,守る,マモル,マモル
よう	名詞,非自立,助動詞語幹,*,*,*,よう,ヨウ,ヨー
に	助詞,格助詞,一般,*,*,*,に,ニ,ニ
。	記号,句点,*,*,*,*,。,。,。
あなた	名詞,代名詞,一般,*,*,*,あなた,アナタ,アナタ
も	助詞,係助詞,*,*,*,*,も,モ,モ
後	名詞,接尾,副詞可能,*,*,*,後,ゴ,ゴ
に	助詞,格助詞,一般,*,*,*,に,ニ,ニ
来る	動詞,自立,*,*,カ変・来ル,基本形,来る,クル,クル
代々	名詞,副詞可能,*,*,*,*,代々,ダイダイ,ダイダイ
にわたる	助詞,格助詞,連語,*,*,*,にわたる,ニワタル,ニワタル
あなた	名詞,代名詞,一般,*,*,*,あなた,アナタ,アナタ
の	助詞,連体化,*,*,*,*,の,ノ,ノ
胤	名詞,一般,*,*,*,*,胤,タネ,タネ
も	助詞,係助詞,*,*,*,*,も,モ,モ
。	記号,句点,*,*,*,*,。,。,。
これ	名詞,代名詞,一般,*,*,*,これ,コレ,コレ
は	助詞,係助詞,*,*,*,*,は,ハ,ワ
あなた	名詞,代名詞,一般,*,*,*,あなた,アナタ,アナタ
方	名詞,接尾,一般,*,*,*,方,カタ,カタ
の	助詞,格助詞,一般,*,*,*,の,ノ,ノ
守る	動詞,自立,*,*,五段・ラ行,基本形,守る,マモル,マモル
，	記号,読点,*,*,*,*,，,，,，
わたし	名詞,代名詞,一般,*,*,*,わたし,ワタシ,ワタシ
と	助詞,格助詞,一般,*,*,*,と,ト,ト
あなた	名詞,代名詞,一般,*,*,*,あなた,アナタ,アナタ
方	名詞,接尾,一般,*,*,*,方,カタ,カタ
，	記号,読点,*,*,*,*,，,，,，
さらに	副詞,助詞類接続,*,*,*,*,さらに,サラニ,サラニ
あなた	名詞,代名詞,一般,*,*,*,あなた,アナタ,アナタ
の	助詞,連体化,*,*,*,*,の,ノ,ノ
後	名詞,非自立,副詞可能,*,*,*,後,ノチ,ノチ
の	助詞,連体化,*,*,*,*,の,ノ,ノ
胤	名詞,一般,*,*,*,*,胤,タネ,タネ
と	助詞,格助詞,一般,*,*,*,と,ト,ト
の	助詞,連体化,*,*,*,*,の,ノ,ノ
間	名詞,一般,*,*,*,*,間,マ,マ
の	助詞,連体化,*,*,*,*,の,ノ,ノ
わたし	名詞,代名詞,一般,*,*,*,わたし,ワタシ,ワタシ
の	助詞,連体化,*,*,*,*,の,ノ,ノ
契約	名詞,サ変接続,*,*,*,*,契約,ケイヤク,ケイヤク
で	助動詞,*,*,*,特殊・ダ,連用形,だ,デ,デ
ある	助動詞,*,*,*,五段・ラ行アル,基本形,ある,アル,アル
。	記号,句点,*,*,*,*,。,。,。
すなわち	接続詞,*,*,*,*,*,すなわち,スナワチ,スナワチ
，	記号,読点,*,*,*,*,，,，,，
あなた	名詞,代名詞,一般,*,*,*,あなた,アナタ,アナタ
方	名詞,接尾,一般,*,*,*,方,カタ,カタ
の	助詞,連体化,*,*,*,*,の,ノ,ノ
うち	名詞,非自立,副詞可能,*,*,*,うち,ウチ,ウチ
の	助詞,連体化,*,*,*,*,の,ノ,ノ
男子	名詞,一般,*,*,*,*,男子,ダンシ,ダンシ
は	助詞,係助詞,*,*,*,*,は,ハ,ワ
みな	名詞,代名詞,一般,*,*,*,みな,ミナ,ミナ
割礼	名詞,一般,*,*,*,*,割礼,カツレイ,カツレイ
を	助詞,格助詞,一般,*,*,*,を,ヲ,ヲ
受け	動詞,自立,*,*,一段,未然形,受ける,ウケ,ウケ
なけれ	助動詞,*,*,*,特殊・ナイ,仮定形,ない,ナケレ,ナケレ
ば	助詞,接続助詞,*,*,*,*,ば,バ,バ
なら	動詞,非自立,*,*,五段・ラ行,未然形,なる,ナラ,ナラ
ない	助動詞,*,*,*,特殊・ナイ,基本形,ない,ナイ,ナイ
。	記号,句点,*,*,*,*,。,。,。
実に	副詞,一般,*,*,*,*,実に,ジツニ,ジツニ
，	記号,読点,*,*,*,*,，,，,，
あなた	名詞,代名詞,一般,*,*,*,あなた,アナタ,アナタ
方	名詞,接尾,一般,*,*,*,方,カタ,カタ
は	助詞,係助詞,*,*,*,*,は,ハ,ワ
自分	名詞,一般,*,*,*,*,自分,ジブン,ジブン
の	助詞,連体化,*,*,*,*,の,ノ,ノ
包皮	名詞,一般,*,*,*,*,包皮,ホウヒ,ホーヒ
の	助詞,連体化,*,*,*,*,の,ノ,ノ
肉	名詞,一般,*,*,*,*,肉,ニク,ニク
に	助詞,格助詞,一般,*,*,*,に,ニ,ニ
割礼	名詞,一般,*,*,*,*,割礼,カツレイ,カツレイ
を	助詞,格助詞,一般,*,*,*,を,ヲ,ヲ
受け	動詞,自立,*,*,一段,未然形,受ける,ウケ,ウケ
なけれ	助動詞,*,*,*,特殊・ナイ,仮定形,ない,ナケレ,ナケレ
ば	助詞,接続助詞,*,*,*,*,ば,バ,バ
なら	動詞,非自立,*,*,五段・ラ行,未然形,なる,ナラ,ナラ
ない	助動詞,*,*,*,特殊・ナイ,基本形,ない,ナイ,ナイ
。	記号,句点,*,*,*,*,。,。,。
それ	名詞,代名詞,一般,*,*,*,それ,ソレ,ソレ
が	助詞,格助詞,一般,*,*,*,が,ガ,ガ
わたし	名詞,代名詞,一般,*,*,*,わたし,ワタシ,ワタシ
と	助詞,格助詞,一般,*,*,*,と,ト,ト
あなた	名詞,代名詞,一般,*,*,*,あなた,アナタ,アナタ
方	名詞,接尾,一般,*,*,*,方,カタ,カタ
と	助詞,格助詞,一般,*,*,*,と,ト,ト
の	助詞,連体化,*,*,*,*,の,ノ,ノ
間	名詞,一般,*,*,*,*,間,マ,マ
の	助詞,連体化,*,*,*,*,の,ノ,ノ
契約	名詞,サ変接続,*,*,*,*,契約,ケイヤク,ケイヤク
の	助詞,連体化,*,*,*,*,の,ノ,ノ
しるし	名詞,一般,*,*,*,*,しるし,シルシ,シルシ
と	助詞,格助詞,一般,*,*,*,と,ト,ト
なる	動詞,自立,*,*,五段・ラ行,基本形,なる,ナル,ナル
の	名詞,非自立,一般,*,*,*,の,ノ,ノ
で	助動詞,*,*,*,特殊・ダ,連用形,だ,デ,デ
ある	助動詞,*,*,*,五段・ラ行アル,基本形,ある,アル,アル
。	記号,句点,*,*,*,*,。,。,。
そして	接続詞,*,*,*,*,*,そして,ソシテ,ソシテ
，	記号,読点,*,*,*,*,，,，,，
あなた	名詞,代名詞,一般,*,*,*,あなた,アナタ,アナタ
方	名詞,接尾,一般,*,*,*,方,カタ,カタ
の	助詞,連体化,*,*,*,*,の,ノ,ノ
うち	名詞,非自立,副詞可能,*,*,*,うち,ウチ,ウチ
の	助詞,連体化,*,*,*,*,の,ノ,ノ
男子	名詞,一般,*,*,*,*,男子,ダンシ,ダンシ
は	助詞,係助詞,*,*,*,*,は,ハ,ワ
みな	名詞,代名詞,一般,*,*,*,みな,ミナ,ミナ
生後	名詞,一般,*,*,*,*,生後,セイゴ,セイゴ
八	名詞,数,*,*,*,*,八,ハチ,ハチ
日	名詞,接尾,助数詞,*,*,*,日,ニチ,ニチ
目	名詞,接尾,一般,*,*,*,目,メ,メ
に	助詞,格助詞,一般,*,*,*,に,ニ,ニ
割礼	名詞,一般,*,*,*,*,割礼,カツレイ,カツレイ
を	助詞,格助詞,一般,*,*,*,を,ヲ,ヲ
受け	動詞,自立,*,*,一段,未然形,受ける,ウケ,ウケ
なけれ	助動詞,*,*,*,特殊・ナイ,仮定形,ない,ナケレ,ナケレ
ば	助詞,接続助詞,*,*,*,*,ば,バ,バ
なら	動詞,非自立,*,*,五段・ラ行,未然形,なる,ナラ,ナラ
ない	助動詞,*,*,*,特殊・ナイ,基本形,ない,ナイ,ナイ
。	記号,句点,*,*,*,*,。,。,。
代々	名詞,副詞可能,*,*,*,*,代々,ダイダイ,ダイダイ
にわたり	助詞,格助詞,連語,*,*,*,にわたり,ニワタリ,ニワタリ
，	記号,読点,*,*,*,*,，,，,，
家	名詞,一般,*,*,*,*,家,イエ,イエ
に	助詞,格助詞,一般,*,*,*,に,ニ,ニ
生まれ	動詞,自立,*,*,一段,連用形,生まれる,ウマレ,ウマレ
た	助動詞,*,*,*,特殊・タ,基本形,た,タ,タ
者	名詞,非自立,一般,*,*,*,者,モノ,モノ
も	助詞,係助詞,*,*,*,*,も,モ,モ
，	記号,読点,*,*,*,*,，,，,，
あなた	名詞,代名詞,一般,*,*,*,あなた,アナタ,アナタ
の	助詞,連体化,*,*,*,*,の,ノ,ノ
胤	名詞,一般,*,*,*,*,胤,タネ,タネ
の	助詞,連体化,*,*,*,*,の,ノ,ノ
もの	名詞,非自立,一般,*,*,*,もの,モノ,モノ
で	助動詞,*,*,*,特殊・ダ,連用形,だ,デ,デ
は	助詞,係助詞,*,*,*,*,は,ハ,ワ
ない	形容詞,自立,*,*,形容詞・アウオ段,基本形,ない,ナイ,ナイ
異国	名詞,一般,*,*,*,*,異国,イコク,イコク
人	名詞,接尾,一般,*,*,*,人,ジン,ジン
から	助詞,格助詞,一般,*,*,*,から,カラ,カラ
金	名詞,一般,*,*,*,*,金,キン,キン
で	助詞,格助詞,一般,*,*,*,で,デ,デ
買い取ら	動詞,自立,*,*,五段・ラ行,未然形,買い取る,カイトラ,カイトラ
れ	動詞,接尾,*,*,一段,連用形,れる,レ,レ
た	助動詞,*,*,*,特殊・タ,基本形,た,タ,タ
者	名詞,非自立,一般,*,*,*,者,モノ,モノ
も	助詞,係助詞,*,*,*,*,も,モ,モ
。	記号,句点,*,*,*,*,。,。,。
すべて	名詞,副詞可能,*,*,*,*,すべて,スベテ,スベテ
あなた	名詞,代名詞,一般,*,*,*,あなた,アナタ,アナタ
の	助詞,連体化,*,*,*,*,の,ノ,ノ
家	名詞,一般,*,*,*,*,家,イエ,イエ
に	助詞,格助詞,一般,*,*,*,に,ニ,ニ
生まれ	動詞,自立,*,*,一段,連用形,生まれる,ウマレ,ウマレ
た	助動詞,*,*,*,特殊・タ,基本形,た,タ,タ
者	名詞,非自立,一般,*,*,*,者,モノ,モノ
，	記号,読点,*,*,*,*,，,，,，
すべて	名詞,副詞可能,*,*,*,*,すべて,スベテ,スベテ
あなた	名詞,代名詞,一般,*,*,*,あなた,アナタ,アナタ
の	助詞,連体化,*,*,*,*,の,ノ,ノ
金	名詞,一般,*,*,*,*,金,キン,キン
で	助詞,格助詞,一般,*,*,*,で,デ,デ
買い取ら	動詞,自立,*,*,五段・ラ行,未然形,買い取る,カイトラ,カイトラ
れ	動詞,接尾,*,*,一段,連用形,れる,レ,レ
た	助動詞,*,*,*,特殊・タ,基本形,た,タ,タ
者	名詞,非自立,一般,*,*,*,者,モノ,モノ
は	助詞,係助詞,*,*,*,*,は,ハ,ワ
必ず	副詞,助詞類接続,*,*,*,*,必ず,カナラズ,カナラズ
割礼	名詞,一般,*,*,*,*,割礼,カツレイ,カツレイ
を	助詞,格助詞,一般,*,*,*,を,ヲ,ヲ
受け	動詞,自立,*,*,一段,未然形,受ける,ウケ,ウケ
なけれ	助動詞,*,*,*,特殊・ナイ,仮定形,ない,ナケレ,ナケレ
ば	助詞,接続助詞,*,*,*,*,ば,バ,バ
なら	動詞,非自立,*,*,五段・ラ行,未然形,なる,ナラ,ナラ
ない	助動詞,*,*,*,特殊・ナイ,基本形,ない,ナイ,ナイ
。	記号,句点,*,*,*,*,。,。,。
あなた	名詞,代名詞,一般,*,*,*,あなた,アナタ,アナタ
方	名詞,接尾,一般,*,*,*,方,カタ,カタ
の	助詞,連体化,*,*,*,*,の,ノ,ノ
肉	名詞,一般,*,*,*,*,肉,ニク,ニク
の	助詞,連体化,*,*,*,*,の,ノ,ノ
身	名詞,一般,*,*,*,*,身,ミ,ミ
における	助詞,格助詞,連語,*,*,*,における,ニオケル,ニオケル
わたし	名詞,代名詞,一般,*,*,*,わたし,ワタシ,ワタシ
の	助詞,連体化,*,*,*,*,の,ノ,ノ
[	名詞,サ変接続,*,*,*,*,*
この	連体詞,*,*,*,*,*,この,コノ,コノ
]	名詞,サ変接続,*,*,*,*,*
契約	名詞,サ変接続,*,*,*,*,契約,ケイヤク,ケイヤク
は	助詞,係助詞,*,*,*,*,は,ハ,ワ
，	記号,読点,*,*,*,*,，,，,，
定め	名詞,一般,*,*,*,*,定め,サダメ,サダメ
の	助詞,格助詞,一般,*,*,*,の,ノ,ノ
ない	形容詞,自立,*,*,形容詞・アウオ段,基本形,ない,ナイ,ナイ
時	名詞,非自立,副詞可能,*,*,*,時,トキ,トキ
に	助詞,格助詞,一般,*,*,*,に,ニ,ニ
至る	動詞,自立,*,*,五段・ラ行,基本形,至る,イタル,イタル
契約	名詞,サ変接続,*,*,*,*,契約,ケイヤク,ケイヤク
と	助詞,格助詞,一般,*,*,*,と,ト,ト
なる	動詞,自立,*,*,五段・ラ行,基本形,なる,ナル,ナル
の	名詞,非自立,一般,*,*,*,の,ノ,ノ
で	助動詞,*,*,*,特殊・ダ,連用形,だ,デ,デ
ある	助動詞,*,*,*,五段・ラ行アル,基本形,ある,アル,アル
。	記号,句点,*,*,*,*,。,。,。
そして	接続詞,*,*,*,*,*,そして,ソシテ,ソシテ
，	記号,読点,*,*,*,*,，,，,，
自分	名詞,一般,*,*,*,*,自分,ジブン,ジブン
の	助詞,連体化,*,*,*,*,の,ノ,ノ
包皮	名詞,一般,*,*,*,*,包皮,ホウヒ,ホーヒ
の	助詞,連体化,*,*,*,*,の,ノ,ノ
肉	名詞,一般,*,*,*,*,肉,ニク,ニク
に	助詞,格助詞,一般,*,*,*,に,ニ,ニ
割礼	名詞,一般,*,*,*,*,割礼,カツレイ,カツレイ
を	助詞,格助詞,一般,*,*,*,を,ヲ,ヲ
受け	動詞,自立,*,*,一段,未然形,受ける,ウケ,ウケ
ない	助動詞,*,*,*,特殊・ナイ,基本形,ない,ナイ,ナイ
無	接頭詞,名詞接続,*,*,*,*,無,ム,ム
割礼	名詞,一般,*,*,*,*,割礼,カツレイ,カツレイ
の	助詞,連体化,*,*,*,*,の,ノ,ノ
男子	名詞,一般,*,*,*,*,男子,ダンシ,ダンシ
，	記号,読点,*,*,*,*,，,，,，
その	連体詞,*,*,*,*,*,その,ソノ,ソノ
よう	名詞,非自立,助動詞語幹,*,*,*,よう,ヨウ,ヨー
な	助動詞,*,*,*,特殊・ダ,体言接続,だ,ナ,ナ
魂	名詞,一般,*,*,*,*,魂,タマシイ,タマシー
は	助詞,係助詞,*,*,*,*,は,ハ,ワ
民	名詞,一般,*,*,*,*,民,ミン,ミン
の	助詞,連体化,*,*,*,*,の,ノ,ノ
中	名詞,非自立,副詞可能,*,*,*,中,ナカ,ナカ
から	助詞,格助詞,一般,*,*,*,から,カラ,カラ
断た	動詞,自立,*,*,五段・タ行,未然形,断つ,タタ,タタ
れ	動詞,接尾,*,*,一段,未然形,れる,レ,レ
ね	助動詞,*,*,*,特殊・ヌ,仮定形,ぬ,ネ,ネ
ば	助詞,接続助詞,*,*,*,*,ば,バ,バ
なら	動詞,非自立,*,*,五段・ラ行,未然形,なる,ナラ,ナラ
ない	助動詞,*,*,*,特殊・ナイ,基本形,ない,ナイ,ナイ
。	記号,句点,*,*,*,*,。,。,。
その	連体詞,*,*,*,*,*,その,ソノ,ソノ
者	名詞,非自立,一般,*,*,*,者,モノ,モノ
は	助詞,係助詞,*,*,*,*,は,ハ,ワ
わたし	名詞,代名詞,一般,*,*,*,わたし,ワタシ,ワタシ
の	助詞,連体化,*,*,*,*,の,ノ,ノ
契約	名詞,サ変接続,*,*,*,*,契約,ケイヤク,ケイヤク
を	助詞,格助詞,一般,*,*,*,を,ヲ,ヲ
破っ	動詞,自立,*,*,五段・ラ行,連用タ接続,破る,ヤブッ,ヤブッ
た	助動詞,*,*,*,特殊・タ,基本形,た,タ,タ
の	名詞,非自立,一般,*,*,*,の,ノ,ノ
で	助動詞,*,*,*,特殊・ダ,連用形,だ,デ,デ
ある	助動詞,*,*,*,五段・ラ行アル,基本形,ある,アル,アル
」	記号,括弧閉,*,*,*,*,」,」,」
。	記号,句点,*,*,*,*,。,。,。
神	名詞,一般,*,*,*,*,神,カミ,カミ
は	助詞,係助詞,*,*,*,*,は,ハ,ワ
アブラハム	名詞,一般,*,*,*,*,*
に	助詞,格助詞,一般,*,*,*,に,ニ,ニ
なおも	副詞,一般,*,*,*,*,なおも,ナオモ,ナオモ
こう	副詞,助詞類接続,*,*,*,*,こう,コウ,コー
言わ	動詞,自立,*,*,五段・ワ行促音便,未然形,言う,イワ,イワ
れ	動詞,接尾,*,*,一段,連用形,れる,レ,レ
た	助動詞,*,*,*,特殊・タ,基本形,た,タ,タ
。	記号,句点,*,*,*,*,。,。,。
「	記号,括弧開,*,*,*,*,「,「,「
あなた	名詞,代名詞,一般,*,*,*,あなた,アナタ,アナタ
の	助詞,連体化,*,*,*,*,の,ノ,ノ
妻	名詞,一般,*,*,*,*,妻,ツマ,ツマ
サライ	名詞,一般,*,*,*,*,*
について	助詞,格助詞,連語,*,*,*,について,ニツイテ,ニツイテ
は	助詞,係助詞,*,*,*,*,は,ハ,ワ
，	記号,読点,*,*,*,*,，,，,，
あなた	名詞,代名詞,一般,*,*,*,あなた,アナタ,アナタ
は	助詞,係助詞,*,*,*,*,は,ハ,ワ
その	連体詞,*,*,*,*,*,その,ソノ,ソノ
名	名詞,一般,*,*,*,*,名,ナ,ナ
を	助詞,格助詞,一般,*,*,*,を,ヲ,ヲ
サライ	名詞,一般,*,*,*,*,*
と	助詞,格助詞,一般,*,*,*,と,ト,ト
呼ん	動詞,自立,*,*,五段・バ行,連用タ接続,呼ぶ,ヨン,ヨン
で	助詞,接続助詞,*,*,*,*,で,デ,デ
は	助詞,係助詞,*,*,*,*,は,ハ,ワ
なら	動詞,非自立,*,*,五段・ラ行,未然形,なる,ナラ,ナラ
ない	助動詞,*,*,*,特殊・ナイ,基本形,ない,ナイ,ナイ
。	記号,句点,*,*,*,*,。,。,。
サラ	名詞,一般,*,*,*,*,サラ,サラ,サラ
が	助詞,格助詞,一般,*,*,*,が,ガ,ガ
その	連体詞,*,*,*,*,*,その,ソノ,ソノ
名	名詞,一般,*,*,*,*,名,ナ,ナ
と	助詞,格助詞,一般,*,*,*,と,ト,ト
なる	動詞,自立,*,*,五段・ラ行,基本形,なる,ナル,ナル
の	名詞,非自立,一般,*,*,*,の,ノ,ノ
で	助動詞,*,*,*,特殊・ダ,連用形,だ,デ,デ
ある	助動詞,*,*,*,五段・ラ行アル,基本形,ある,アル,アル
。	記号,句点,*,*,*,*,。,。,。
そして	接続詞,*,*,*,*,*,そして,ソシテ,ソシテ
わたし	名詞,代名詞,一般,*,*,*,わたし,ワタシ,ワタシ
は	助詞,係助詞,*,*,*,*,は,ハ,ワ
彼女	名詞,代名詞,一般,*,*,*,彼女,カノジョ,カノジョ
を	助詞,格助詞,一般,*,*,*,を,ヲ,ヲ
祝福	名詞,サ変接続,*,*,*,*,祝福,シュクフク,シュクフク
し	動詞,自立,*,*,サ変・スル,連用形,する,シ,シ
，	記号,読点,*,*,*,*,，,，,，
また	接続詞,*,*,*,*,*,また,マタ,マタ
彼女	名詞,代名詞,一般,*,*,*,彼女,カノジョ,カノジョ
によって	助詞,格助詞,連語,*,*,*,によって,ニヨッテ,ニヨッテ
あなた	名詞,代名詞,一般,*,*,*,あなた,アナタ,アナタ
に	助詞,格助詞,一般,*,*,*,に,ニ,ニ
男の子	名詞,一般,*,*,*,*,男の子,オトコノコ,オトコノコ
を	助詞,格助詞,一般,*,*,*,を,ヲ,ヲ
与える	動詞,自立,*,*,一段,基本形,与える,アタエル,アタエル
。	記号,句点,*,*,*,*,。,。,。
わたし	名詞,代名詞,一般,*,*,*,わたし,ワタシ,ワタシ
は	助詞,係助詞,*,*,*,*,は,ハ,ワ
彼女	名詞,代名詞,一般,*,*,*,彼女,カノジョ,カノジョ
を	助詞,格助詞,一般,*,*,*,を,ヲ,ヲ
祝福	名詞,サ変接続,*,*,*,*,祝福,シュクフク,シュクフク
し	動詞,自立,*,*,サ変・スル,連用形,する,シ,シ
，	記号,読点,*,*,*,*,，,，,，
彼女	名詞,代名詞,一般,*,*,*,彼女,カノジョ,カノジョ
は	助詞,係助詞,*,*,*,*,は,ハ,ワ
幾つ	名詞,一般,*,*,*,*,幾つ,イクツ,イクツ
も	助詞,係助詞,*,*,*,*,も,モ,モ
の	助詞,連体化,*,*,*,*,の,ノ,ノ
国民	名詞,一般,*,*,*,*,国民,コクミン,コクミン
と	助詞,格助詞,一般,*,*,*,と,ト,ト
なる	動詞,自立,*,*,五段・ラ行,基本形,なる,ナル,ナル
。	記号,句点,*,*,*,*,。,。,。
もろもろ	名詞,一般,*,*,*,*,もろもろ,モロモロ,モロモロ
の	助詞,連体化,*,*,*,*,の,ノ,ノ
民	名詞,一般,*,*,*,*,民,ミン,ミン
の	助詞,連体化,*,*,*,*,の,ノ,ノ
王	名詞,一般,*,*,*,*,王,オウ,オー
たち	名詞,接尾,一般,*,*,*,たち,タチ,タチ
が	助詞,格助詞,一般,*,*,*,が,ガ,ガ
彼女	名詞,代名詞,一般,*,*,*,彼女,カノジョ,カノジョ
から	助詞,格助詞,一般,*,*,*,から,カラ,カラ
出る	動詞,自立,*,*,一段,基本形,出る,デル,デル
で	助動詞,*,*,*,特殊・ダ,連用形,だ,デ,デ
あろ	助動詞,*,*,*,五段・ラ行アル,未然ウ接続,ある,アロ,アロ
う	助動詞,*,*,*,不変化型,基本形,う,ウ,ウ
」	記号,括弧閉,*,*,*,*,」,」,」
。	記号,句点,*,*,*,*,。,。,。
これ	名詞,代名詞,一般,*,*,*,これ,コレ,コレ
を	助詞,格助詞,一般,*,*,*,を,ヲ,ヲ
聞い	動詞,自立,*,*,五段・カ行イ音便,連用タ接続,聞く,キイ,キイ
て	助詞,接続助詞,*,*,*,*,て,テ,テ
アブラハム	名詞,固有名詞,一般,*,*,*,*
は	助詞,係助詞,*,*,*,*,は,ハ,ワ
うつ伏し	動詞,自立,*,*,五段・サ行,連用形,うつ伏す,ウツブシ,ウツブシ
，	記号,読点,*,*,*,*,，,，,，
笑い	動詞,自立,*,*,五段・ワ行促音便,連用形,笑う,ワライ,ワライ
ながら	助詞,接続助詞,*,*,*,*,ながら,ナガラ,ナガラ
その	連体詞,*,*,*,*,*,その,ソノ,ソノ
心	名詞,一般,*,*,*,*,心,ココロ,ココロ
の	助詞,連体化,*,*,*,*,の,ノ,ノ
中	名詞,非自立,副詞可能,*,*,*,中,ナカ,ナカ
で	助詞,格助詞,一般,*,*,*,で,デ,デ
こう	副詞,助詞類接続,*,*,*,*,こう,コウ,コー
言っ	動詞,自立,*,*,五段・ワ行促音便,連用タ接続,言う,イッ,イッ
た	助動詞,*,*,*,特殊・タ,基本形,た,タ,タ
。	記号,句点,*,*,*,*,。,。,。
「	記号,括弧開,*,*,*,*,「,「,「
百	名詞,数,*,*,*,*,百,ヒャク,ヒャク
歳	名詞,接尾,助数詞,*,*,*,歳,サイ,サイ
の	助詞,連体化,*,*,*,*,の,ノ,ノ
人	名詞,一般,*,*,*,*,人,ヒト,ヒト
に	助詞,格助詞,一般,*,*,*,に,ニ,ニ
子供	名詞,一般,*,*,*,*,子供,コドモ,コドモ
が	助詞,格助詞,一般,*,*,*,が,ガ,ガ
生まれる	動詞,自立,*,*,一段,基本形,生まれる,ウマレル,ウマレル
だろ	助動詞,*,*,*,特殊・ダ,未然形,だ,ダロ,ダロ
う	助動詞,*,*,*,不変化型,基本形,う,ウ,ウ
か	助詞,副助詞／並立助詞／終助詞,*,*,*,*,か,カ,カ
。	記号,句点,*,*,*,*,。,。,。
それ	名詞,代名詞,一般,*,*,*,それ,ソレ,ソレ
に	助詞,格助詞,一般,*,*,*,に,ニ,ニ
サラ	名詞,一般,*,*,*,*,サラ,サラ,サラ
が	助詞,格助詞,一般,*,*,*,が,ガ,ガ
，	記号,読点,*,*,*,*,，,，,，
そう	副詞,助詞類接続,*,*,*,*,そう,ソウ,ソー
，	記号,読点,*,*,*,*,，,，,，
九	名詞,数,*,*,*,*,九,キュウ,キュー
十	名詞,数,*,*,*,*,十,ジュウ,ジュー
歳	名詞,接尾,助数詞,*,*,*,歳,サイ,サイ
に	助詞,格助詞,一般,*,*,*,に,ニ,ニ
も	助詞,係助詞,*,*,*,*,も,モ,モ
なる	動詞,自立,*,*,五段・ラ行,基本形,なる,ナル,ナル
女	名詞,一般,*,*,*,*,女,オンナ,オンナ
が	助詞,格助詞,一般,*,*,*,が,ガ,ガ
子	名詞,一般,*,*,*,*,子,コ,コ
を	助詞,格助詞,一般,*,*,*,を,ヲ,ヲ
産む	動詞,自立,*,*,五段・マ行,基本形,産む,ウム,ウム
だろ	助動詞,*,*,*,特殊・ダ,未然形,だ,ダロ,ダロ
う	助動詞,*,*,*,不変化型,基本形,う,ウ,ウ
か	助詞,副助詞／並立助詞／終助詞,*,*,*,*,か,カ,カ
」	記号,括弧閉,*,*,*,*,」,」,」
。	記号,句点,*,*,*,*,。,。,。
その後	名詞,副詞可能,*,*,*,*,その後,ソノゴ,ソノゴ
アブラハム	名詞,一般,*,*,*,*,*
は	助詞,係助詞,*,*,*,*,は,ハ,ワ
[	名詞,サ変接続,*,*,*,*,*
ま	フィラー,*,*,*,*,*,ま,マ,マ
こと	名詞,非自立,一般,*,*,*,こと,コト,コト
の	助詞,連体化,*,*,*,*,の,ノ,ノ
]	名詞,サ変接続,*,*,*,*,*
神	名詞,接尾,一般,*,*,*,神,シン,シン
に	助詞,格助詞,一般,*,*,*,に,ニ,ニ
言っ	動詞,自立,*,*,五段・ワ行促音便,連用タ接続,言う,イッ,イッ
た	助動詞,*,*,*,特殊・タ,基本形,た,タ,タ
，	記号,読点,*,*,*,*,，,，,，
「	記号,括弧開,*,*,*,*,「,「,「
ただ	接続詞,*,*,*,*,*,ただ,タダ,タダ
，	記号,読点,*,*,*,*,，,，,，
イシュマエル	名詞,一般,*,*,*,*,*
が	助詞,格助詞,一般,*,*,*,が,ガ,ガ
み	接頭詞,名詞接続,*,*,*,*,み,ミ,ミ
前	名詞,副詞可能,*,*,*,*,前,マエ,マエ
に	助詞,格助詞,一般,*,*,*,に,ニ,ニ
生き	動詞,自立,*,*,一段,連用形,生きる,イキ,イキ
長らえれ	動詞,自立,*,*,一段,仮定形,長らえる,ナガラエレ,ナガラエレ
ば	助詞,接続助詞,*,*,*,*,ば,バ,バ
よい	形容詞,非自立,*,*,形容詞・アウオ段,基本形,よい,ヨイ,ヨイ
の	名詞,非自立,一般,*,*,*,の,ノ,ノ
です	助動詞,*,*,*,特殊・デス,基本形,です,デス,デス
が	助詞,接続助詞,*,*,*,*,が,ガ,ガ
」	記号,括弧閉,*,*,*,*,」,」,」
。	記号,句点,*,*,*,*,。,。,。
これ	名詞,代名詞,一般,*,*,*,これ,コレ,コレ
に対して	助詞,格助詞,連語,*,*,*,に対して,ニタイシテ,ニタイシテ
神	名詞,一般,*,*,*,*,神,カミ,カミ
は	助詞,係助詞,*,*,*,*,は,ハ,ワ
言わ	動詞,自立,*,*,五段・ワ行促音便,未然形,言う,イワ,イワ
れ	動詞,接尾,*,*,一段,連用形,れる,レ,レ
た	助動詞,*,*,*,特殊・タ,基本形,た,タ,タ
，	記号,読点,*,*,*,*,，,，,，
「	記号,括弧開,*,*,*,*,「,「,「
あなた	名詞,代名詞,一般,*,*,*,あなた,アナタ,アナタ
の	助詞,連体化,*,*,*,*,の,ノ,ノ
妻	名詞,一般,*,*,*,*,妻,ツマ,ツマ
サラ	名詞,一般,*,*,*,*,サラ,サラ,サラ
は	助詞,係助詞,*,*,*,*,は,ハ,ワ
本当に	副詞,一般,*,*,*,*,本当に,ホントウニ,ホントーニ
あなた	名詞,代名詞,一般,*,*,*,あなた,アナタ,アナタ
に	助詞,格助詞,一般,*,*,*,に,ニ,ニ
男の子	名詞,一般,*,*,*,*,男の子,オトコノコ,オトコノコ
を	助詞,格助詞,一般,*,*,*,を,ヲ,ヲ
産む	動詞,自立,*,*,五段・マ行,基本形,産む,ウム,ウム
。	記号,句点,*,*,*,*,。,。,。
あなた	名詞,代名詞,一般,*,*,*,あなた,アナタ,アナタ
は	助詞,係助詞,*,*,*,*,は,ハ,ワ
その	連体詞,*,*,*,*,*,その,ソノ,ソノ
名	名詞,一般,*,*,*,*,名,ナ,ナ
を	助詞,格助詞,一般,*,*,*,を,ヲ,ヲ
イサク	名詞,一般,*,*,*,*,*
と	助詞,格助詞,引用,*,*,*,と,ト,ト
呼ば	動詞,自立,*,*,五段・バ行,未然形,呼ぶ,ヨバ,ヨバ
ね	助動詞,*,*,*,特殊・ヌ,仮定形,ぬ,ネ,ネ
ば	助詞,接続助詞,*,*,*,*,ば,バ,バ
なら	動詞,非自立,*,*,五段・ラ行,未然形,なる,ナラ,ナラ
ない	助動詞,*,*,*,特殊・ナイ,基本形,ない,ナイ,ナイ
。	記号,句点,*,*,*,*,。,。,。
そして	接続詞,*,*,*,*,*,そして,ソシテ,ソシテ
わたし	名詞,代名詞,一般,*,*,*,わたし,ワタシ,ワタシ
は	助詞,係助詞,*,*,*,*,は,ハ,ワ
彼	名詞,代名詞,一般,*,*,*,彼,カレ,カレ
に対して	助詞,格助詞,連語,*,*,*,に対して,ニタイシテ,ニタイシテ
わたし	名詞,代名詞,一般,*,*,*,わたし,ワタシ,ワタシ
の	助詞,連体化,*,*,*,*,の,ノ,ノ
契約	名詞,サ変接続,*,*,*,*,契約,ケイヤク,ケイヤク
を	助詞,格助詞,一般,*,*,*,を,ヲ,ヲ
立て	動詞,自立,*,*,一段,連用形,立てる,タテ,タテ
，	記号,読点,*,*,*,*,，,，,，
彼	名詞,代名詞,一般,*,*,*,彼,カレ,カレ
の	助詞,連体化,*,*,*,*,の,ノ,ノ
後	名詞,非自立,副詞可能,*,*,*,後,ノチ,ノチ
の	助詞,連体化,*,*,*,*,の,ノ,ノ
胤	名詞,一般,*,*,*,*,胤,タネ,タネ
の	助詞,連体化,*,*,*,*,の,ノ,ノ
ため	名詞,非自立,副詞可能,*,*,*,ため,タメ,タメ
に	助詞,格助詞,一般,*,*,*,に,ニ,ニ
定め	名詞,一般,*,*,*,*,定め,サダメ,サダメ
の	助詞,格助詞,一般,*,*,*,の,ノ,ノ
ない	形容詞,自立,*,*,形容詞・アウオ段,基本形,ない,ナイ,ナイ
時	名詞,非自立,副詞可能,*,*,*,時,トキ,トキ
に	助詞,格助詞,一般,*,*,*,に,ニ,ニ
至る	動詞,自立,*,*,五段・ラ行,基本形,至る,イタル,イタル
契約	名詞,サ変接続,*,*,*,*,契約,ケイヤク,ケイヤク
と	助詞,格助詞,一般,*,*,*,と,ト,ト
する	動詞,自立,*,*,サ変・スル,基本形,する,スル,スル
。	記号,句点,*,*,*,*,。,。,。
しかし	接続詞,*,*,*,*,*,しかし,シカシ,シカシ
イシュマエル	名詞,一般,*,*,*,*,*
に関して	助詞,格助詞,連語,*,*,*,に関して,ニカンシテ,ニカンシテ
も	助詞,係助詞,*,*,*,*,も,モ,モ
，	記号,読点,*,*,*,*,，,，,，
あなた	名詞,代名詞,一般,*,*,*,あなた,アナタ,アナタ
[	名詞,サ変接続,*,*,*,*,*
の	助詞,連体化,*,*,*,*,の,ノ,ノ
願い	名詞,一般,*,*,*,*,願い,ネガイ,ネガイ
]	名詞,サ変接続,*,*,*,*,*
を	助詞,格助詞,一般,*,*,*,を,ヲ,ヲ
聞き入れ	動詞,自立,*,*,一段,連用形,聞き入れる,キキイレ,キキイレ
た	助動詞,*,*,*,特殊・タ,基本形,た,タ,タ
。	記号,句点,*,*,*,*,。,。,。
見よ	動詞,自立,*,*,一段,命令ｙｏ,見る,ミヨ,ミヨ
，	記号,読点,*,*,*,*,，,，,，
わたし	名詞,代名詞,一般,*,*,*,わたし,ワタシ,ワタシ
は	助詞,係助詞,*,*,*,*,は,ハ,ワ
彼	名詞,代名詞,一般,*,*,*,彼,カレ,カレ
を	助詞,格助詞,一般,*,*,*,を,ヲ,ヲ
祝福	名詞,サ変接続,*,*,*,*,祝福,シュクフク,シュクフク
し	動詞,自立,*,*,サ変・スル,連用形,する,シ,シ
て	助詞,接続助詞,*,*,*,*,て,テ,テ
子	名詞,一般,*,*,*,*,子,コ,コ
を	助詞,格助詞,一般,*,*,*,を,ヲ,ヲ
多く	形容詞,自立,*,*,形容詞・アウオ段,連用テ接続,多い,オオク,オーク
生ま	動詞,自立,*,*,五段・マ行,未然形,生む,ウマ,ウマ
せ	動詞,接尾,*,*,一段,連用形,せる,セ,セ
，	記号,読点,*,*,*,*,，,，,，
非常	名詞,形容動詞語幹,*,*,*,*,非常,ヒジョウ,ヒジョー
に	助詞,副詞化,*,*,*,*,に,ニ,ニ
多く	形容詞,自立,*,*,形容詞・アウオ段,連用テ接続,多い,オオク,オーク
殖え	動詞,自立,*,*,一段,未然形,殖える,フエ,フエ
させる	動詞,接尾,*,*,一段,基本形,させる,サセル,サセル
。	記号,句点,*,*,*,*,。,。,。
彼	名詞,代名詞,一般,*,*,*,彼,カレ,カレ
は	助詞,係助詞,*,*,*,*,は,ハ,ワ
必ず	副詞,助詞類接続,*,*,*,*,必ず,カナラズ,カナラズ
十	名詞,数,*,*,*,*,十,ジュウ,ジュー
二	名詞,数,*,*,*,*,二,ニ,ニ
人	名詞,接尾,助数詞,*,*,*,人,ニン,ニン
の	助詞,連体化,*,*,*,*,の,ノ,ノ
長	名詞,一般,*,*,*,*,長,チョウ,チョー
を	助詞,格助詞,一般,*,*,*,を,ヲ,ヲ
生み出し	動詞,自立,*,*,五段・サ行,連用形,生み出す,ウミダシ,ウミダシ
，	記号,読点,*,*,*,*,，,，,，
わたし	名詞,代名詞,一般,*,*,*,わたし,ワタシ,ワタシ
は	助詞,係助詞,*,*,*,*,は,ハ,ワ
彼	名詞,代名詞,一般,*,*,*,彼,カレ,カレ
を	助詞,格助詞,一般,*,*,*,を,ヲ,ヲ
大いなる	連体詞,*,*,*,*,*,大いなる,オオイナル,オーイナル
国民	名詞,一般,*,*,*,*,国民,コクミン,コクミン
に	助詞,格助詞,一般,*,*,*,に,ニ,ニ
なら	動詞,自立,*,*,五段・ラ行,未然形,なる,ナラ,ナラ
せる	動詞,接尾,*,*,一段,基本形,せる,セル,セル
。	記号,句点,*,*,*,*,。,。,。
だが	接続詞,*,*,*,*,*,だが,ダガ,ダガ
，	記号,読点,*,*,*,*,，,，,，
わたし	名詞,代名詞,一般,*,*,*,わたし,ワタシ,ワタシ
の	助詞,連体化,*,*,*,*,の,ノ,ノ
契約	名詞,サ変接続,*,*,*,*,契約,ケイヤク,ケイヤク
は	助詞,係助詞,*,*,*,*,は,ハ,ワ
，	記号,読点,*,*,*,*,，,，,，
来年	名詞,副詞可能,*,*,*,*,来年,ライネン,ライネン
この	連体詞,*,*,*,*,*,この,コノ,コノ
定め	名詞,一般,*,*,*,*,定め,サダメ,サダメ
の	助詞,連体化,*,*,*,*,の,ノ,ノ
時期	名詞,副詞可能,*,*,*,*,時期,ジキ,ジキ
に	助詞,格助詞,一般,*,*,*,に,ニ,ニ
サラ	名詞,一般,*,*,*,*,サラ,サラ,サラ
が	助詞,格助詞,一般,*,*,*,が,ガ,ガ
あなた	名詞,代名詞,一般,*,*,*,あなた,アナタ,アナタ
に	助詞,格助詞,一般,*,*,*,に,ニ,ニ
産む	動詞,自立,*,*,五段・マ行,基本形,産む,ウム,ウム
イサク	名詞,固有名詞,組織,*,*,*,*
に対して	助詞,格助詞,連語,*,*,*,に対して,ニタイシテ,ニタイシテ
立てる	動詞,自立,*,*,一段,基本形,立てる,タテル,タテル
で	助動詞,*,*,*,特殊・ダ,連用形,だ,デ,デ
あろ	助動詞,*,*,*,五段・ラ行アル,未然ウ接続,ある,アロ,アロ
う	助動詞,*,*,*,不変化型,基本形,う,ウ,ウ
」	記号,括弧閉,*,*,*,*,」,」,」
。	記号,句点,*,*,*,*,。,。,。
ここ	名詞,代名詞,一般,*,*,*,ここ,ココ,ココ
で	助詞,格助詞,一般,*,*,*,で,デ,デ
神	名詞,一般,*,*,*,*,神,カミ,カミ
は	助詞,係助詞,*,*,*,*,は,ハ,ワ
彼	名詞,代名詞,一般,*,*,*,彼,カレ,カレ
と	助詞,格助詞,一般,*,*,*,と,ト,ト
話し	動詞,自立,*,*,五段・サ行,連用形,話す,ハナシ,ハナシ
終え	動詞,非自立,*,*,一段,連用形,終える,オエ,オエ
，	記号,読点,*,*,*,*,，,，,，
アブラハム	名詞,一般,*,*,*,*,*
の	助詞,連体化,*,*,*,*,の,ノ,ノ
もと	名詞,一般,*,*,*,*,もと,モト,モト
から	助詞,格助詞,一般,*,*,*,から,カラ,カラ
上っ	動詞,自立,*,*,五段・ラ行,連用タ接続,上る,ノボッ,ノボッ
て	助詞,接続助詞,*,*,*,*,て,テ,テ
行か	動詞,非自立,*,*,五段・カ行促音便,未然形,行く,イカ,イカ
れ	動詞,接尾,*,*,一段,連用形,れる,レ,レ
た	助動詞,*,*,*,特殊・タ,基本形,た,タ,タ
。	記号,句点,*,*,*,*,。,。,。
そこで	接続詞,*,*,*,*,*,そこで,ソコデ,ソコデ
アブラハム	名詞,一般,*,*,*,*,*
は	助詞,係助詞,*,*,*,*,は,ハ,ワ
，	記号,読点,*,*,*,*,，,，,，
その	連体詞,*,*,*,*,*,その,ソノ,ソノ
子	名詞,一般,*,*,*,*,子,コ,コ
イシュマエル	名詞,一般,*,*,*,*,*
，	記号,読点,*,*,*,*,，,，,，
その	連体詞,*,*,*,*,*,その,ソノ,ソノ
家	名詞,一般,*,*,*,*,家,イエ,イエ
に	助詞,格助詞,一般,*,*,*,に,ニ,ニ
生まれ	動詞,自立,*,*,一段,連用形,生まれる,ウマレ,ウマレ
た	助動詞,*,*,*,特殊・タ,基本形,た,タ,タ
すべて	名詞,副詞可能,*,*,*,*,すべて,スベテ,スベテ
の	助詞,連体化,*,*,*,*,の,ノ,ノ
者	名詞,非自立,一般,*,*,*,者,モノ,モノ
，	記号,読点,*,*,*,*,，,，,，
また	接続詞,*,*,*,*,*,また,マタ,マタ
自分	名詞,一般,*,*,*,*,自分,ジブン,ジブン
の	助詞,連体化,*,*,*,*,の,ノ,ノ
金	名詞,一般,*,*,*,*,金,キン,キン
で	助詞,格助詞,一般,*,*,*,で,デ,デ
買い取っ	動詞,自立,*,*,五段・ラ行,連用タ接続,買い取る,カイトッ,カイトッ
た	助動詞,*,*,*,特殊・タ,基本形,た,タ,タ
すべて	名詞,副詞可能,*,*,*,*,すべて,スベテ,スベテ
の	助詞,連体化,*,*,*,*,の,ノ,ノ
者	名詞,非自立,一般,*,*,*,者,モノ,モノ
，	記号,読点,*,*,*,*,，,，,，
すなわち	接続詞,*,*,*,*,*,すなわち,スナワチ,スナワチ
アブラハム	名詞,一般,*,*,*,*,*
の	助詞,連体化,*,*,*,*,の,ノ,ノ
家	名詞,一般,*,*,*,*,家,イエ,イエ
の	助詞,連体化,*,*,*,*,の,ノ,ノ
者	名詞,非自立,一般,*,*,*,者,モノ,モノ
の	助詞,連体化,*,*,*,*,の,ノ,ノ
うち	名詞,非自立,副詞可能,*,*,*,うち,ウチ,ウチ
その	連体詞,*,*,*,*,*,その,ソノ,ソノ
すべて	名詞,副詞可能,*,*,*,*,すべて,スベテ,スベテ
の	助詞,連体化,*,*,*,*,の,ノ,ノ
男子	名詞,一般,*,*,*,*,男子,ダンシ,ダンシ
を	助詞,格助詞,一般,*,*,*,を,ヲ,ヲ
集め	動詞,自立,*,*,一段,連用形,集める,アツメ,アツメ
，	記号,読点,*,*,*,*,，,，,，
まさに	副詞,一般,*,*,*,*,まさに,マサニ,マサニ
その	連体詞,*,*,*,*,*,その,ソノ,ソノ
日	名詞,非自立,副詞可能,*,*,*,日,ヒ,ヒ
，	記号,読点,*,*,*,*,，,，,，
神	名詞,一般,*,*,*,*,神,カミ,カミ
が	助詞,格助詞,一般,*,*,*,が,ガ,ガ
語ら	動詞,自立,*,*,五段・ラ行,未然形,語る,カタラ,カタラ
れ	動詞,接尾,*,*,一段,連用形,れる,レ,レ
た	助動詞,*,*,*,特殊・タ,基本形,た,タ,タ
とおり	名詞,非自立,副詞可能,*,*,*,とおり,トオリ,トーリ
彼ら	名詞,代名詞,一般,*,*,*,彼ら,カレラ,カレラ
の	助詞,連体化,*,*,*,*,の,ノ,ノ
包皮	名詞,一般,*,*,*,*,包皮,ホウヒ,ホーヒ
の	助詞,連体化,*,*,*,*,の,ノ,ノ
肉	名詞,一般,*,*,*,*,肉,ニク,ニク
に	助詞,格助詞,一般,*,*,*,に,ニ,ニ
割礼	名詞,一般,*,*,*,*,割礼,カツレイ,カツレイ
を	助詞,格助詞,一般,*,*,*,を,ヲ,ヲ
施し	動詞,自立,*,*,五段・サ行,連用形,施す,ホドコシ,ホドコシ
て	助詞,接続助詞,*,*,*,*,て,テ,テ
いっ	動詞,非自立,*,*,五段・カ行促音便,連用タ接続,いく,イッ,イッ
た	助動詞,*,*,*,特殊・タ,基本形,た,タ,タ
。	記号,句点,*,*,*,*,。,。,。
そして	接続詞,*,*,*,*,*,そして,ソシテ,ソシテ
，	記号,読点,*,*,*,*,，,，,，
その	連体詞,*,*,*,*,*,その,ソノ,ソノ
包皮	名詞,一般,*,*,*,*,包皮,ホウヒ,ホーヒ
の	助詞,連体化,*,*,*,*,の,ノ,ノ
肉	名詞,一般,*,*,*,*,肉,ニク,ニク
に	助詞,格助詞,一般,*,*,*,に,ニ,ニ
割礼	名詞,一般,*,*,*,*,割礼,カツレイ,カツレイ
を	助詞,格助詞,一般,*,*,*,を,ヲ,ヲ
受け	動詞,自立,*,*,一段,連用形,受ける,ウケ,ウケ
た	助動詞,*,*,*,特殊・タ,基本形,た,タ,タ
とき	名詞,非自立,副詞可能,*,*,*,とき,トキ,トキ
，	記号,読点,*,*,*,*,，,，,，
アブラハム	名詞,一般,*,*,*,*,*
は	助詞,係助詞,*,*,*,*,は,ハ,ワ
九	名詞,数,*,*,*,*,九,キュウ,キュー
十	名詞,数,*,*,*,*,十,ジュウ,ジュー
九	名詞,数,*,*,*,*,九,キュウ,キュー
歳	名詞,接尾,助数詞,*,*,*,歳,サイ,サイ
で	助動詞,*,*,*,特殊・ダ,連用形,だ,デ,デ
あっ	助動詞,*,*,*,五段・ラ行アル,連用タ接続,ある,アッ,アッ
た	助動詞,*,*,*,特殊・タ,基本形,た,タ,タ
。	記号,句点,*,*,*,*,。,。,。
また	接続詞,*,*,*,*,*,また,マタ,マタ
，	記号,読点,*,*,*,*,，,，,，
その	連体詞,*,*,*,*,*,その,ソノ,ソノ
子	名詞,一般,*,*,*,*,子,コ,コ
イシュマエル	名詞,一般,*,*,*,*,*
は	助詞,係助詞,*,*,*,*,は,ハ,ワ
，	記号,読点,*,*,*,*,，,，,，
その	連体詞,*,*,*,*,*,その,ソノ,ソノ
包皮	名詞,一般,*,*,*,*,包皮,ホウヒ,ホーヒ
の	助詞,連体化,*,*,*,*,の,ノ,ノ
肉	名詞,一般,*,*,*,*,肉,ニク,ニク
に	助詞,格助詞,一般,*,*,*,に,ニ,ニ
割礼	名詞,一般,*,*,*,*,割礼,カツレイ,カツレイ
を	助詞,格助詞,一般,*,*,*,を,ヲ,ヲ
受け	動詞,自立,*,*,一段,連用形,受ける,ウケ,ウケ
た	助動詞,*,*,*,特殊・タ,基本形,た,タ,タ
とき	名詞,非自立,副詞可能,*,*,*,とき,トキ,トキ
十	名詞,数,*,*,*,*,十,ジュウ,ジュー
三	名詞,数,*,*,*,*,三,サン,サン
歳	名詞,接尾,助数詞,*,*,*,歳,サイ,サイ
で	助動詞,*,*,*,特殊・ダ,連用形,だ,デ,デ
あっ	助動詞,*,*,*,五段・ラ行アル,連用タ接続,ある,アッ,アッ
た	助動詞,*,*,*,特殊・タ,基本形,た,タ,タ
。	記号,句点,*,*,*,*,。,。,。
まさに	副詞,一般,*,*,*,*,まさに,マサニ,マサニ
その	連体詞,*,*,*,*,*,その,ソノ,ソノ
日	名詞,非自立,副詞可能,*,*,*,日,ヒ,ヒ
，	記号,読点,*,*,*,*,，,，,，
アブラハム	名詞,一般,*,*,*,*,*
は	助詞,係助詞,*,*,*,*,は,ハ,ワ
割礼	名詞,一般,*,*,*,*,割礼,カツレイ,カツレイ
を	助詞,格助詞,一般,*,*,*,を,ヲ,ヲ
受け	動詞,自立,*,*,一段,連用形,受ける,ウケ,ウケ
た	助動詞,*,*,*,特殊・タ,基本形,た,タ,タ
。	記号,句点,*,*,*,*,。,。,。
その	連体詞,*,*,*,*,*,その,ソノ,ソノ
子	名詞,一般,*,*,*,*,子,コ,コ
イシュマエル	名詞,一般,*,*,*,*,*
も	助詞,係助詞,*,*,*,*,も,モ,モ
で	助動詞,*,*,*,特殊・ダ,連用形,だ,デ,デ
ある	助動詞,*,*,*,五段・ラ行アル,基本形,ある,アル,アル
。	記号,句点,*,*,*,*,。,。,。
また	接続詞,*,*,*,*,*,また,マタ,マタ
，	記号,読点,*,*,*,*,，,，,，
彼	名詞,代名詞,一般,*,*,*,彼,カレ,カレ
の	助詞,連体化,*,*,*,*,の,ノ,ノ
家	名詞,一般,*,*,*,*,家,イエ,イエ
の	助詞,連体化,*,*,*,*,の,ノ,ノ
すべて	名詞,副詞可能,*,*,*,*,すべて,スベテ,スベテ
の	助詞,連体化,*,*,*,*,の,ノ,ノ
男	名詞,一般,*,*,*,*,男,オトコ,オトコ
は	助詞,係助詞,*,*,*,*,は,ハ,ワ
，	記号,読点,*,*,*,*,，,，,，
その	連体詞,*,*,*,*,*,その,ソノ,ソノ
家	名詞,一般,*,*,*,*,家,イエ,イエ
に	助詞,格助詞,一般,*,*,*,に,ニ,ニ
生まれ	動詞,自立,*,*,一段,連用形,生まれる,ウマレ,ウマレ
た	助動詞,*,*,*,特殊・タ,基本形,た,タ,タ
者	名詞,非自立,一般,*,*,*,者,モノ,モノ
も	助詞,係助詞,*,*,*,*,も,モ,モ
異国	名詞,一般,*,*,*,*,異国,イコク,イコク
人	名詞,接尾,一般,*,*,*,人,ジン,ジン
から	助詞,格助詞,一般,*,*,*,から,カラ,カラ
金	名詞,一般,*,*,*,*,金,キン,キン
で	助詞,格助詞,一般,*,*,*,で,デ,デ
買い取ら	動詞,自立,*,*,五段・ラ行,未然形,買い取る,カイトラ,カイトラ
れ	動詞,接尾,*,*,一段,連用形,れる,レ,レ
た	助動詞,*,*,*,特殊・タ,基本形,た,タ,タ
者	名詞,非自立,一般,*,*,*,者,モノ,モノ
も	助詞,係助詞,*,*,*,*,も,モ,モ
，	記号,読点,*,*,*,*,，,，,，
彼	名詞,代名詞,一般,*,*,*,彼,カレ,カレ
と共に	助詞,格助詞,連語,*,*,*,と共に,トトモニ,トトモニ
割礼	名詞,一般,*,*,*,*,割礼,カツレイ,カツレイ
を	助詞,格助詞,一般,*,*,*,を,ヲ,ヲ
受け	動詞,自立,*,*,一段,連用形,受ける,ウケ,ウケ
た	助動詞,*,*,*,特殊・タ,基本形,た,タ,タ
。	記号,句点,*,*,*,*,。,。,。
EOS
