後に	副詞,一般,*,*,*,*,後に,ノチニ,ノチニ
彼	名詞,代名詞,一般,*,*,*,彼,カレ,カレ
は	助詞,係助詞,*,*,*,*,は,ハ,ワ
自分	名詞,一般,*,*,*,*,自分,ジブン,ジブン
の	助詞,連体化,*,*,*,*,の,ノ,ノ
家	名詞,一般,*,*,*,*,家,イエ,イエ
を	助詞,格助詞,一般,*,*,*,を,ヲ,ヲ
つかさどる	動詞,自立,*,*,五段・ラ行,基本形,つかさどる,ツカサドル,ツカサドル
者	名詞,非自立,一般,*,*,*,者,モノ,モノ
に	助詞,格助詞,一般,*,*,*,に,ニ,ニ
命じ	動詞,自立,*,*,一段,連用形,命じる,メイジ,メイジ
て	助詞,接続助詞,*,*,*,*,て,テ,テ
言っ	動詞,自立,*,*,五段・ワ行促音便,連用タ接続,言う,イッ,イッ
た	助動詞,*,*,*,特殊・タ,基本形,た,タ,タ
，	記号,読点,*,*,*,*,，,，,，
「	記号,括弧開,*,*,*,*,「,「,「
あの	連体詞,*,*,*,*,*,あの,アノ,アノ
人々	名詞,一般,*,*,*,*,人々,ヒトビト,ヒトビト
の	助詞,連体化,*,*,*,*,の,ノ,ノ
袋	名詞,一般,*,*,*,*,袋,フクロ,フクロ
に	助詞,格助詞,一般,*,*,*,に,ニ,ニ
その	連体詞,*,*,*,*,*,その,ソノ,ソノ
運べる	動詞,自立,*,*,一段,基本形,運べる,ハコベル,ハコベル
かぎり	名詞,非自立,副詞可能,*,*,*,かぎり,カギリ,カギリ
の	助詞,連体化,*,*,*,*,の,ノ,ノ
食物	名詞,一般,*,*,*,*,食物,ショクモツ,ショクモツ
を	助詞,格助詞,一般,*,*,*,を,ヲ,ヲ
満たし	動詞,自立,*,*,五段・サ行,連用形,満たす,ミタシ,ミタシ
，	記号,読点,*,*,*,*,，,，,，
各人	名詞,一般,*,*,*,*,各人,カクジン,カクジン
の	助詞,連体化,*,*,*,*,の,ノ,ノ
金子	名詞,固有名詞,組織,*,*,*,金子,カネコ,カネコ
を	助詞,格助詞,一般,*,*,*,を,ヲ,ヲ
その	連体詞,*,*,*,*,*,その,ソノ,ソノ
袋	名詞,一般,*,*,*,*,袋,フクロ,フクロ
の	助詞,連体化,*,*,*,*,の,ノ,ノ
口	名詞,一般,*,*,*,*,口,クチ,クチ
に	助詞,格助詞,一般,*,*,*,に,ニ,ニ
入れ	動詞,自立,*,*,一段,連用形,入れる,イレ,イレ
て	助詞,接続助詞,*,*,*,*,て,テ,テ
おき	動詞,非自立,*,*,五段・カ行イ音便,連用形,おく,オキ,オキ
なさい	動詞,非自立,*,*,五段・ラ行特殊,命令ｉ,なさる,ナサイ,ナサイ
。	記号,句点,*,*,*,*,。,。,。
だが	接続詞,*,*,*,*,*,だが,ダガ,ダガ
，	記号,読点,*,*,*,*,，,，,，
わたし	名詞,代名詞,一般,*,*,*,わたし,ワタシ,ワタシ
の	助詞,連体化,*,*,*,*,の,ノ,ノ
杯	名詞,一般,*,*,*,*,杯,ハイ,ハイ
，	記号,読点,*,*,*,*,，,，,，
銀	名詞,一般,*,*,*,*,銀,ギン,ギン
の	助詞,連体化,*,*,*,*,の,ノ,ノ
杯	名詞,一般,*,*,*,*,杯,ハイ,ハイ
を	助詞,格助詞,一般,*,*,*,を,ヲ,ヲ
，	記号,読点,*,*,*,*,，,，,，
末	名詞,副詞可能,*,*,*,*,末,スエ,スエ
の	助詞,連体化,*,*,*,*,の,ノ,ノ
者	名詞,非自立,一般,*,*,*,者,モノ,モノ
の	助詞,連体化,*,*,*,*,の,ノ,ノ
袋	名詞,一般,*,*,*,*,袋,フクロ,フクロ
の	助詞,連体化,*,*,*,*,の,ノ,ノ
口	名詞,一般,*,*,*,*,口,クチ,クチ
に	助詞,格助詞,一般,*,*,*,に,ニ,ニ
，	記号,読点,*,*,*,*,，,，,，
その	連体詞,*,*,*,*,*,その,ソノ,ソノ
者	名詞,非自立,一般,*,*,*,者,モノ,モノ
の	助詞,連体化,*,*,*,*,の,ノ,ノ
穀類	名詞,一般,*,*,*,*,穀類,コクルイ,コクルイ
の	助詞,連体化,*,*,*,*,の,ノ,ノ
代金	名詞,一般,*,*,*,*,代金,ダイキン,ダイキン
と	助詞,格助詞,一般,*,*,*,と,ト,ト
一緒	名詞,サ変接続,*,*,*,*,一緒,イッショ,イッショ
に	助詞,格助詞,一般,*,*,*,に,ニ,ニ
必ず	副詞,助詞類接続,*,*,*,*,必ず,カナラズ,カナラズ
入れ	動詞,自立,*,*,一段,連用形,入れる,イレ,イレ
て	助詞,接続助詞,*,*,*,*,て,テ,テ
おく	動詞,非自立,*,*,五段・カ行イ音便,基本形,おく,オク,オク
よう	名詞,非自立,助動詞語幹,*,*,*,よう,ヨウ,ヨー
に	助詞,副詞化,*,*,*,*,に,ニ,ニ
」	記号,括弧閉,*,*,*,*,」,」,」
。	記号,句点,*,*,*,*,。,。,。
それで	接続詞,*,*,*,*,*,それで,ソレデ,ソレデ
彼	名詞,代名詞,一般,*,*,*,彼,カレ,カレ
は	助詞,係助詞,*,*,*,*,は,ハ,ワ
ヨセフ	名詞,一般,*,*,*,*,*
の	助詞,格助詞,一般,*,*,*,の,ノ,ノ
語っ	動詞,自立,*,*,五段・ラ行,連用タ接続,語る,カタッ,カタッ
た	助動詞,*,*,*,特殊・タ,基本形,た,タ,タ
その	連体詞,*,*,*,*,*,その,ソノ,ソノ
言葉	名詞,一般,*,*,*,*,言葉,コトバ,コトバ
の	助詞,連体化,*,*,*,*,の,ノ,ノ
とおり	名詞,非自立,副詞可能,*,*,*,とおり,トオリ,トーリ
に	助詞,格助詞,一般,*,*,*,に,ニ,ニ
行なっ	動詞,自立,*,*,五段・ワ行促音便,連用タ接続,行なう,オコナッ,オコナッ
た	助動詞,*,*,*,特殊・タ,基本形,た,タ,タ
。	記号,句点,*,*,*,*,。,。,。
朝	名詞,副詞可能,*,*,*,*,朝,アサ,アサ
，	記号,読点,*,*,*,*,，,，,，
明るく	形容詞,自立,*,*,形容詞・アウオ段,連用テ接続,明るい,アカルク,アカルク
なっ	動詞,自立,*,*,五段・ラ行,連用タ接続,なる,ナッ,ナッ
て	助詞,接続助詞,*,*,*,*,て,テ,テ
から	助詞,格助詞,一般,*,*,*,から,カラ,カラ
，	記号,読点,*,*,*,*,，,，,，
人々	名詞,一般,*,*,*,*,人々,ヒトビト,ヒトビト
は	助詞,係助詞,*,*,*,*,は,ハ,ワ
その	連体詞,*,*,*,*,*,その,ソノ,ソノ
ろば	名詞,一般,*,*,*,*,ろば,ロバ,ロバ
と共に	助詞,格助詞,連語,*,*,*,と共に,トトモニ,トトモニ
送り出さ	動詞,自立,*,*,五段・サ行,未然形,送り出す,オクリダサ,オクリダサ
れ	動詞,接尾,*,*,一段,連用形,れる,レ,レ
た	助動詞,*,*,*,特殊・タ,基本形,た,タ,タ
。	記号,句点,*,*,*,*,。,。,。
一行	名詞,一般,*,*,*,*,一行,イッコウ,イッコー
は	助詞,係助詞,*,*,*,*,は,ハ,ワ
その	連体詞,*,*,*,*,*,その,ソノ,ソノ
都市	名詞,一般,*,*,*,*,都市,トシ,トシ
を	助詞,格助詞,一般,*,*,*,を,ヲ,ヲ
出	動詞,自立,*,*,一段,連用形,出る,デ,デ
た	助動詞,*,*,*,特殊・タ,基本形,た,タ,タ
。	記号,句点,*,*,*,*,。,。,。
彼ら	名詞,代名詞,一般,*,*,*,彼ら,カレラ,カレラ
が	助詞,格助詞,一般,*,*,*,が,ガ,ガ
まだ	副詞,助詞類接続,*,*,*,*,まだ,マダ,マダ
遠く	形容詞,自立,*,*,形容詞・アウオ段,連用テ接続,遠い,トオク,トーク
まで	助詞,副助詞,*,*,*,*,まで,マデ,マデ
行か	動詞,自立,*,*,五段・カ行促音便,未然形,行く,イカ,イカ
ない	助動詞,*,*,*,特殊・ナイ,基本形,ない,ナイ,ナイ
うち	名詞,非自立,副詞可能,*,*,*,うち,ウチ,ウチ
に	助詞,格助詞,一般,*,*,*,に,ニ,ニ
，	記号,読点,*,*,*,*,，,，,，
ヨセフ	名詞,一般,*,*,*,*,*
は	助詞,係助詞,*,*,*,*,は,ハ,ワ
自分	名詞,一般,*,*,*,*,自分,ジブン,ジブン
の	助詞,連体化,*,*,*,*,の,ノ,ノ
家	名詞,一般,*,*,*,*,家,イエ,イエ
を	助詞,格助詞,一般,*,*,*,を,ヲ,ヲ
つかさどる	動詞,自立,*,*,五段・ラ行,基本形,つかさどる,ツカサドル,ツカサドル
者	名詞,非自立,一般,*,*,*,者,モノ,モノ
に	助詞,格助詞,一般,*,*,*,に,ニ,ニ
言っ	動詞,自立,*,*,五段・ワ行促音便,連用タ接続,言う,イッ,イッ
た	助動詞,*,*,*,特殊・タ,基本形,た,タ,タ
，	記号,読点,*,*,*,*,，,，,，
「	記号,括弧開,*,*,*,*,「,「,「
立て	名詞,一般,*,*,*,*,立て,ダテ,ダテ
！	記号,一般,*,*,*,*,！,！,！
あの	連体詞,*,*,*,*,*,あの,アノ,アノ
人々	名詞,一般,*,*,*,*,人々,ヒトビト,ヒトビト
の	助詞,連体化,*,*,*,*,の,ノ,ノ
跡	名詞,一般,*,*,*,*,跡,アト,アト
を	助詞,格助詞,一般,*,*,*,を,ヲ,ヲ
追え	動詞,自立,*,*,五段・ワ行促音便,命令ｅ,追う,オエ,オエ
。	記号,句点,*,*,*,*,。,。,。
必ず	副詞,助詞類接続,*,*,*,*,必ず,カナラズ,カナラズ
追いつい	動詞,自立,*,*,五段・カ行イ音便,連用タ接続,追いつく,オイツイ,オイツイ
て	助詞,接続助詞,*,*,*,*,て,テ,テ
，	記号,読点,*,*,*,*,，,，,，
こう	副詞,助詞類接続,*,*,*,*,こう,コウ,コー
言う	動詞,自立,*,*,五段・ワ行促音便,基本形,言う,イウ,イウ
の	名詞,非自立,一般,*,*,*,の,ノ,ノ
だ	助動詞,*,*,*,特殊・ダ,基本形,だ,ダ,ダ
。	記号,句点,*,*,*,*,。,。,。
『	記号,括弧開,*,*,*,*,『,『,『
どうして	副詞,一般,*,*,*,*,どうして,ドウシテ,ドーシテ
お前	名詞,代名詞,一般,*,*,*,お前,オマエ,オマエ
たち	名詞,接尾,一般,*,*,*,たち,タチ,タチ
は	助詞,係助詞,*,*,*,*,は,ハ,ワ
善	名詞,一般,*,*,*,*,善,ゼン,ゼン
に対して	助詞,格助詞,連語,*,*,*,に対して,ニタイシテ,ニタイシテ
悪	名詞,一般,*,*,*,*,悪,アク,アク
で	助詞,格助詞,一般,*,*,*,で,デ,デ
報い	動詞,自立,*,*,一段,連用形,報いる,ムクイ,ムクイ
た	助動詞,*,*,*,特殊・タ,基本形,た,タ,タ
の	名詞,非自立,一般,*,*,*,の,ノ,ノ
か	助詞,副助詞／並立助詞／終助詞,*,*,*,*,か,カ,カ
。	記号,句点,*,*,*,*,。,。,。
それ	名詞,代名詞,一般,*,*,*,それ,ソレ,ソレ
は	助詞,係助詞,*,*,*,*,は,ハ,ワ
，	記号,読点,*,*,*,*,，,，,，
わたし	名詞,代名詞,一般,*,*,*,わたし,ワタシ,ワタシ
の	助詞,連体化,*,*,*,*,の,ノ,ノ
主人	名詞,一般,*,*,*,*,主人,シュジン,シュジン
が	助詞,格助詞,一般,*,*,*,が,ガ,ガ
飲む	動詞,自立,*,*,五段・マ行,基本形,飲む,ノム,ノム
の	名詞,非自立,一般,*,*,*,の,ノ,ノ
に	助詞,格助詞,一般,*,*,*,に,ニ,ニ
用い	動詞,自立,*,*,一段,連用形,用いる,モチイ,モチイ
，	記号,読点,*,*,*,*,，,，,，
それ	名詞,代名詞,一般,*,*,*,それ,ソレ,ソレ
によって	助詞,格助詞,連語,*,*,*,によって,ニヨッテ,ニヨッテ
巧み	名詞,形容動詞語幹,*,*,*,*,巧み,タクミ,タクミ
に	助詞,副詞化,*,*,*,*,に,ニ,ニ
兆し	名詞,一般,*,*,*,*,兆し,キザシ,キザシ
を	助詞,格助詞,一般,*,*,*,を,ヲ,ヲ
読む	動詞,自立,*,*,五段・マ行,基本形,読む,ヨム,ヨム
もの	名詞,非自立,一般,*,*,*,もの,モノ,モノ
で	助動詞,*,*,*,特殊・ダ,連用形,だ,デ,デ
は	助詞,係助詞,*,*,*,*,は,ハ,ワ
ない	助動詞,*,*,*,特殊・ナイ,基本形,ない,ナイ,ナイ
か	助詞,副助詞／並立助詞／終助詞,*,*,*,*,か,カ,カ
。	記号,句点,*,*,*,*,。,。,。
悪い	形容詞,自立,*,*,形容詞・アウオ段,基本形,悪い,ワルイ,ワルイ
こと	名詞,非自立,一般,*,*,*,こと,コト,コト
を	助詞,格助詞,一般,*,*,*,を,ヲ,ヲ
お前	名詞,代名詞,一般,*,*,*,お前,オマエ,オマエ
たち	名詞,接尾,一般,*,*,*,たち,タチ,タチ
は	助詞,係助詞,*,*,*,*,は,ハ,ワ
行なっ	動詞,自立,*,*,五段・ワ行促音便,連用タ接続,行なう,オコナッ,オコナッ
た	助動詞,*,*,*,特殊・タ,基本形,た,タ,タ
』	記号,括弧閉,*,*,*,*,』,』,』
」	記号,括弧閉,*,*,*,*,」,」,」
。	記号,句点,*,*,*,*,。,。,。
やがて	副詞,一般,*,*,*,*,やがて,ヤガテ,ヤガテ
彼	名詞,代名詞,一般,*,*,*,彼,カレ,カレ
は	助詞,係助詞,*,*,*,*,は,ハ,ワ
追いつい	動詞,自立,*,*,五段・カ行イ音便,連用タ接続,追いつく,オイツイ,オイツイ
て	助詞,接続助詞,*,*,*,*,て,テ,テ
，	記号,読点,*,*,*,*,，,，,，
この	連体詞,*,*,*,*,*,この,コノ,コノ
言葉	名詞,一般,*,*,*,*,言葉,コトバ,コトバ
を	助詞,格助詞,一般,*,*,*,を,ヲ,ヲ
彼ら	名詞,代名詞,一般,*,*,*,彼ら,カレラ,カレラ
に	助詞,格助詞,一般,*,*,*,に,ニ,ニ
告げ	動詞,自立,*,*,一段,連用形,告げる,ツゲ,ツゲ
た	助動詞,*,*,*,特殊・タ,基本形,た,タ,タ
。	記号,句点,*,*,*,*,。,。,。
しかし	接続詞,*,*,*,*,*,しかし,シカシ,シカシ
彼ら	名詞,代名詞,一般,*,*,*,彼ら,カレラ,カレラ
は	助詞,係助詞,*,*,*,*,は,ハ,ワ
言っ	動詞,自立,*,*,五段・ワ行促音便,連用タ接続,言う,イッ,イッ
た	助動詞,*,*,*,特殊・タ,基本形,た,タ,タ
，	記号,読点,*,*,*,*,，,，,，
「	記号,括弧開,*,*,*,*,「,「,「
どうして	副詞,一般,*,*,*,*,どうして,ドウシテ,ドーシテ
我が	連体詞,*,*,*,*,*,我が,ワガ,ワガ
主	名詞,形容動詞語幹,*,*,*,*,主,オモ,オモ
は	助詞,係助詞,*,*,*,*,は,ハ,ワ
その	連体詞,*,*,*,*,*,その,ソノ,ソノ
よう	名詞,非自立,助動詞語幹,*,*,*,よう,ヨウ,ヨー
な	助動詞,*,*,*,特殊・ダ,体言接続,だ,ナ,ナ
言葉	名詞,一般,*,*,*,*,言葉,コトバ,コトバ
で	助詞,格助詞,一般,*,*,*,で,デ,デ
お話し	名詞,サ変接続,*,*,*,*,お話し,オハナシ,オハナシ
に	助詞,格助詞,一般,*,*,*,に,ニ,ニ
なる	動詞,自立,*,*,五段・ラ行,基本形,なる,ナル,ナル
の	名詞,非自立,一般,*,*,*,の,ノ,ノ
でしょ	助動詞,*,*,*,特殊・デス,未然形,です,デショ,デショ
う	助動詞,*,*,*,不変化型,基本形,う,ウ,ウ
か	助詞,副助詞／並立助詞／終助詞,*,*,*,*,か,カ,カ
。	記号,句点,*,*,*,*,。,。,。
僕	名詞,代名詞,一般,*,*,*,僕,ボク,ボク
ども	名詞,接尾,一般,*,*,*,ども,ドモ,ドモ
が	助詞,格助詞,一般,*,*,*,が,ガ,ガ
その	連体詞,*,*,*,*,*,その,ソノ,ソノ
よう	名詞,非自立,助動詞語幹,*,*,*,よう,ヨウ,ヨー
な	助動詞,*,*,*,特殊・ダ,体言接続,だ,ナ,ナ
事	名詞,非自立,一般,*,*,*,事,コト,コト
を	助詞,格助詞,一般,*,*,*,を,ヲ,ヲ
行なう	動詞,自立,*,*,五段・ワ行促音便,基本形,行なう,オコナウ,オコナウ
など	助詞,副助詞,*,*,*,*,など,ナド,ナド
考え	名詞,一般,*,*,*,*,考え,カンガエ,カンガエ
も	助詞,係助詞,*,*,*,*,も,モ,モ
つか	動詞,自立,*,*,五段・カ行イ音便,未然形,つく,ツカ,ツカ
ない	助動詞,*,*,*,特殊・ナイ,基本形,ない,ナイ,ナイ
こと	名詞,非自立,一般,*,*,*,こと,コト,コト
です	助動詞,*,*,*,特殊・デス,基本形,です,デス,デス
。	記号,句点,*,*,*,*,。,。,。
袋	名詞,一般,*,*,*,*,袋,フクロ,フクロ
の	助詞,連体化,*,*,*,*,の,ノ,ノ
口	名詞,一般,*,*,*,*,口,クチ,クチ
に	助詞,格助詞,一般,*,*,*,に,ニ,ニ
見つけ	動詞,自立,*,*,一段,連用形,見つける,ミツケ,ミツケ
た	助動詞,*,*,*,特殊・タ,基本形,た,タ,タ
金子	名詞,固有名詞,組織,*,*,*,金子,カネコ,カネコ
は	助詞,係助詞,*,*,*,*,は,ハ,ワ
，	記号,読点,*,*,*,*,，,，,，
カナン	名詞,固有名詞,地域,一般,*,*,カナン,カナン,カナン
の	助詞,連体化,*,*,*,*,の,ノ,ノ
地	名詞,一般,*,*,*,*,地,チ,チ
から	助詞,格助詞,一般,*,*,*,から,カラ,カラ
持っ	動詞,自立,*,*,五段・タ行,連用タ接続,持つ,モッ,モッ
て	助詞,接続助詞,*,*,*,*,て,テ,テ
来	動詞,非自立,*,*,カ変・来ル,連用形,来る,キ,キ
て	助詞,接続助詞,*,*,*,*,て,テ,テ
あなた	名詞,代名詞,一般,*,*,*,あなた,アナタ,アナタ
に	助詞,格助詞,一般,*,*,*,に,ニ,ニ
お返し	名詞,サ変接続,*,*,*,*,お返し,オカエシ,オカエシ
し	動詞,自立,*,*,サ変・スル,連用形,する,シ,シ
た	助動詞,*,*,*,特殊・タ,基本形,た,タ,タ
で	助動詞,*,*,*,特殊・ダ,連用形,だ,デ,デ
は	助詞,係助詞,*,*,*,*,は,ハ,ワ
あり	動詞,自立,*,*,五段・ラ行,連用形,ある,アリ,アリ
ませ	助動詞,*,*,*,特殊・マス,未然形,ます,マセ,マセ
ん	助動詞,*,*,*,不変化型,基本形,ん,ン,ン
か	助詞,副助詞／並立助詞／終助詞,*,*,*,*,か,カ,カ
。	記号,句点,*,*,*,*,。,。,。
それなのに	接続詞,*,*,*,*,*,それなのに,ソレナノニ,ソレナノニ
どうして	副詞,一般,*,*,*,*,どうして,ドウシテ,ドーシテ
ご	接頭詞,名詞接続,*,*,*,*,ご,ゴ,ゴ
主人	名詞,一般,*,*,*,*,主人,シュジン,シュジン
の	助詞,連体化,*,*,*,*,の,ノ,ノ
家	名詞,一般,*,*,*,*,家,イエ,イエ
から	助詞,格助詞,一般,*,*,*,から,カラ,カラ
銀	名詞,一般,*,*,*,*,銀,ギン,ギン
や	助詞,並立助詞,*,*,*,*,や,ヤ,ヤ
金	名詞,一般,*,*,*,*,金,キン,キン
を	助詞,格助詞,一般,*,*,*,を,ヲ,ヲ
盗み出す	動詞,自立,*,*,五段・サ行,基本形,盗み出す,ヌスミダス,ヌスミダス
こと	名詞,非自立,一般,*,*,*,こと,コト,コト
など	助詞,副助詞,*,*,*,*,など,ナド,ナド
あり	動詞,自立,*,*,五段・ラ行,連用形,ある,アリ,アリ
ましょ	助動詞,*,*,*,特殊・マス,未然ウ接続,ます,マショ,マショ
う	助動詞,*,*,*,不変化型,基本形,う,ウ,ウ
。	記号,句点,*,*,*,*,。,。,。
この	連体詞,*,*,*,*,*,この,コノ,コノ
奴隷	名詞,一般,*,*,*,*,奴隷,ドレイ,ドレイ
ども	名詞,接尾,一般,*,*,*,ども,ドモ,ドモ
の	助詞,連体化,*,*,*,*,の,ノ,ノ
うち	名詞,非自立,副詞可能,*,*,*,うち,ウチ,ウチ
それ	名詞,代名詞,一般,*,*,*,それ,ソレ,ソレ
の	助詞,格助詞,一般,*,*,*,の,ノ,ノ
見いださ	動詞,自立,*,*,五段・サ行,未然形,見いだす,ミイダサ,ミイダサ
れる	動詞,接尾,*,*,一段,基本形,れる,レル,レル
者	名詞,非自立,一般,*,*,*,者,モノ,モノ
が	助詞,格助詞,一般,*,*,*,が,ガ,ガ
いれ	動詞,自立,*,*,一段,仮定形,いる,イレ,イレ
ば	助詞,接続助詞,*,*,*,*,ば,バ,バ
，	記号,読点,*,*,*,*,，,，,，
その	連体詞,*,*,*,*,*,その,ソノ,ソノ
者	名詞,非自立,一般,*,*,*,者,モノ,モノ
は	助詞,係助詞,*,*,*,*,は,ハ,ワ
死な	動詞,自立,*,*,五段・ナ行,未然形,死ぬ,シナ,シナ
せ	動詞,接尾,*,*,一段,連用形,せる,セ,セ
，	記号,読点,*,*,*,*,，,，,，
わたし	名詞,代名詞,一般,*,*,*,わたし,ワタシ,ワタシ
たち	名詞,接尾,一般,*,*,*,たち,タチ,タチ
自身	名詞,一般,*,*,*,*,自身,ジシン,ジシン
も	助詞,係助詞,*,*,*,*,も,モ,モ
ご	接頭詞,名詞接続,*,*,*,*,ご,ゴ,ゴ
主人	名詞,一般,*,*,*,*,主人,シュジン,シュジン
の	助詞,連体化,*,*,*,*,の,ノ,ノ
奴隷	名詞,一般,*,*,*,*,奴隷,ドレイ,ドレイ
と	助詞,格助詞,一般,*,*,*,と,ト,ト
なら	動詞,自立,*,*,五段・ラ行,未然形,なる,ナラ,ナラ
せ	動詞,接尾,*,*,一段,連用形,せる,セ,セ
て	助詞,接続助詞,*,*,*,*,て,テ,テ
ください	動詞,非自立,*,*,五段・ラ行特殊,命令ｉ,くださる,クダサイ,クダサイ
」	記号,括弧閉,*,*,*,*,」,」,」
。	記号,句点,*,*,*,*,。,。,。
すると	接続詞,*,*,*,*,*,すると,スルト,スルト
彼	名詞,代名詞,一般,*,*,*,彼,カレ,カレ
は	助詞,係助詞,*,*,*,*,は,ハ,ワ
言っ	動詞,自立,*,*,五段・ワ行促音便,連用タ接続,言う,イッ,イッ
た	助動詞,*,*,*,特殊・タ,基本形,た,タ,タ
，	記号,読点,*,*,*,*,，,，,，
「	記号,括弧開,*,*,*,*,「,「,「
では	接続詞,*,*,*,*,*,では,デハ,デワ
今	名詞,副詞可能,*,*,*,*,今,イマ,イマ
，	記号,読点,*,*,*,*,，,，,，
お前	名詞,代名詞,一般,*,*,*,お前,オマエ,オマエ
たち	名詞,接尾,一般,*,*,*,たち,タチ,タチ
の	助詞,連体化,*,*,*,*,の,ノ,ノ
その	連体詞,*,*,*,*,*,その,ソノ,ソノ
言葉	名詞,一般,*,*,*,*,言葉,コトバ,コトバ
どおり	名詞,接尾,一般,*,*,*,どおり,ドオリ,ドーリ
に	助詞,格助詞,一般,*,*,*,に,ニ,ニ
し	動詞,自立,*,*,サ変・スル,連用形,する,シ,シ
て	助詞,接続助詞,*,*,*,*,て,テ,テ
もらお	動詞,非自立,*,*,五段・ワ行促音便,未然ウ接続,もらう,モラオ,モラオ
う	助動詞,*,*,*,不変化型,基本形,う,ウ,ウ
。	記号,句点,*,*,*,*,。,。,。
それで	接続詞,*,*,*,*,*,それで,ソレデ,ソレデ
，	記号,読点,*,*,*,*,，,，,，
それ	名詞,代名詞,一般,*,*,*,それ,ソレ,ソレ
の	助詞,格助詞,一般,*,*,*,の,ノ,ノ
見いださ	動詞,自立,*,*,五段・サ行,未然形,見いだす,ミイダサ,ミイダサ
れる	動詞,接尾,*,*,一段,基本形,れる,レル,レル
者	名詞,非自立,一般,*,*,*,者,モノ,モノ
は	助詞,係助詞,*,*,*,*,は,ハ,ワ
わたし	名詞,代名詞,一般,*,*,*,わたし,ワタシ,ワタシ
の	助詞,連体化,*,*,*,*,の,ノ,ノ
奴隷	名詞,一般,*,*,*,*,奴隷,ドレイ,ドレイ
と	助詞,格助詞,一般,*,*,*,と,ト,ト
なる	動詞,自立,*,*,五段・ラ行,基本形,なる,ナル,ナル
。	記号,句点,*,*,*,*,。,。,。
だが	接続詞,*,*,*,*,*,だが,ダガ,ダガ
，	記号,読点,*,*,*,*,，,，,，
お前	名詞,代名詞,一般,*,*,*,お前,オマエ,オマエ
たち	名詞,接尾,一般,*,*,*,たち,タチ,タチ
自身	名詞,一般,*,*,*,*,自身,ジシン,ジシン
は	助詞,係助詞,*,*,*,*,は,ハ,ワ
潔白	名詞,形容動詞語幹,*,*,*,*,潔白,ケッパク,ケッパク
な	助動詞,*,*,*,特殊・ダ,体言接続,だ,ナ,ナ
者	名詞,非自立,一般,*,*,*,者,モノ,モノ
と	助詞,格助詞,引用,*,*,*,と,ト,ト
さ	動詞,自立,*,*,サ変・スル,未然レル接続,する,サ,サ
れよ	動詞,接尾,*,*,一段,未然ウ接続,れる,レヨ,レヨ
う	助動詞,*,*,*,不変化型,基本形,う,ウ,ウ
」	記号,括弧閉,*,*,*,*,」,」,」
。	記号,句点,*,*,*,*,。,。,。
そこで	接続詞,*,*,*,*,*,そこで,ソコデ,ソコデ
彼ら	名詞,代名詞,一般,*,*,*,彼ら,カレラ,カレラ
は	助詞,係助詞,*,*,*,*,は,ハ,ワ
急い	動詞,自立,*,*,五段・ガ行,連用タ接続,急ぐ,イソイ,イソイ
で	助詞,接続助詞,*,*,*,*,で,デ,デ
各自	名詞,副詞可能,*,*,*,*,各自,カクジ,カクジ
の	助詞,連体化,*,*,*,*,の,ノ,ノ
袋	名詞,一般,*,*,*,*,袋,フクロ,フクロ
を	助詞,格助詞,一般,*,*,*,を,ヲ,ヲ
地	名詞,一般,*,*,*,*,地,チ,チ
に	助詞,格助詞,一般,*,*,*,に,ニ,ニ
降ろし	動詞,自立,*,*,五段・サ行,連用形,降ろす,オロシ,オロシ
，	記号,読点,*,*,*,*,，,，,，
それぞれ	名詞,副詞可能,*,*,*,*,それぞれ,ソレゾレ,ソレゾレ
自分	名詞,一般,*,*,*,*,自分,ジブン,ジブン
の	助詞,連体化,*,*,*,*,の,ノ,ノ
袋	名詞,一般,*,*,*,*,袋,フクロ,フクロ
を	助詞,格助詞,一般,*,*,*,を,ヲ,ヲ
開け	動詞,自立,*,*,一段,連用形,開ける,アケ,アケ
た	助動詞,*,*,*,特殊・タ,基本形,た,タ,タ
。	記号,句点,*,*,*,*,。,。,。
それで	接続詞,*,*,*,*,*,それで,ソレデ,ソレデ
彼	名詞,代名詞,一般,*,*,*,彼,カレ,カレ
は	助詞,係助詞,*,*,*,*,は,ハ,ワ
注意深く	形容詞,自立,*,*,形容詞・アウオ段,連用テ接続,注意深い,チュウイブカク,チューイブカク
捜し	動詞,自立,*,*,五段・サ行,連用形,捜す,サガシ,サガシ
て	助詞,接続助詞,*,*,*,*,て,テ,テ
回っ	動詞,非自立,*,*,五段・ラ行,連用タ接続,回る,マワッ,マワッ
た	助動詞,*,*,*,特殊・タ,基本形,た,タ,タ
。	記号,句点,*,*,*,*,。,。,。
一番	名詞,副詞可能,*,*,*,*,一番,イチバン,イチバン
年上	名詞,一般,*,*,*,*,年上,トシウエ,トシウエ
の	助詞,連体化,*,*,*,*,の,ノ,ノ
者	名詞,非自立,一般,*,*,*,者,モノ,モノ
から	助詞,格助詞,一般,*,*,*,から,カラ,カラ
始め	動詞,自立,*,*,一段,連用形,始める,ハジメ,ハジメ
て	助詞,接続助詞,*,*,*,*,て,テ,テ
，	記号,読点,*,*,*,*,，,，,，
一番	名詞,副詞可能,*,*,*,*,一番,イチバン,イチバン
年下	名詞,一般,*,*,*,*,年下,トシシタ,トシシタ
の	助詞,連体化,*,*,*,*,の,ノ,ノ
者	名詞,非自立,一般,*,*,*,者,モノ,モノ
で	助詞,格助詞,一般,*,*,*,で,デ,デ
終わっ	動詞,自立,*,*,五段・ラ行,連用タ接続,終わる,オワッ,オワッ
た	助動詞,*,*,*,特殊・タ,基本形,た,タ,タ
。	記号,句点,*,*,*,*,。,。,。
そして	接続詞,*,*,*,*,*,そして,ソシテ,ソシテ
ついに	副詞,一般,*,*,*,*,ついに,ツイニ,ツイニ
，	名詞,数,*,*,*,*,，,，,，
杯	名詞,接尾,助数詞,*,*,*,杯,ハイ,ハイ
は	助詞,係助詞,*,*,*,*,は,ハ,ワ
ベニヤ	名詞,一般,*,*,*,*,ベニヤ,ベニヤ,ベニヤ
ミン	名詞,固有名詞,一般,*,*,*,ミン,ミン,ミン
の	助詞,連体化,*,*,*,*,の,ノ,ノ
袋	名詞,一般,*,*,*,*,袋,フクロ,フクロ
の	助詞,連体化,*,*,*,*,の,ノ,ノ
中	名詞,非自立,副詞可能,*,*,*,中,ナカ,ナカ
に	助詞,格助詞,一般,*,*,*,に,ニ,ニ
見つかっ	動詞,自立,*,*,五段・ラ行,連用タ接続,見つかる,ミツカッ,ミツカッ
た	助動詞,*,*,*,特殊・タ,基本形,た,タ,タ
。	記号,句点,*,*,*,*,。,。,。
それで	接続詞,*,*,*,*,*,それで,ソレデ,ソレデ
彼ら	名詞,代名詞,一般,*,*,*,彼ら,カレラ,カレラ
は	助詞,係助詞,*,*,*,*,は,ハ,ワ
自分	名詞,一般,*,*,*,*,自分,ジブン,ジブン
の	助詞,連体化,*,*,*,*,の,ノ,ノ
マント	名詞,一般,*,*,*,*,マント,マント,マント
を	助詞,格助詞,一般,*,*,*,を,ヲ,ヲ
引き裂き	動詞,自立,*,*,五段・カ行イ音便,連用形,引き裂く,ヒキサキ,ヒキサキ
，	記号,読点,*,*,*,*,，,，,，
それぞれ	名詞,副詞可能,*,*,*,*,それぞれ,ソレゾレ,ソレゾレ
自分	名詞,一般,*,*,*,*,自分,ジブン,ジブン
の	助詞,連体化,*,*,*,*,の,ノ,ノ
荷	名詞,一般,*,*,*,*,荷,ニ,ニ
を	助詞,格助詞,一般,*,*,*,を,ヲ,ヲ
また	接続詞,*,*,*,*,*,また,マタ,マタ
ろば	名詞,一般,*,*,*,*,ろば,ロバ,ロバ
に	助詞,格助詞,一般,*,*,*,に,ニ,ニ
載せ	動詞,自立,*,*,一段,連用形,載せる,ノセ,ノセ
，	記号,読点,*,*,*,*,，,，,，
その	連体詞,*,*,*,*,*,その,ソノ,ソノ
都市	名詞,一般,*,*,*,*,都市,トシ,トシ
に	助詞,格助詞,一般,*,*,*,に,ニ,ニ
戻っ	動詞,自立,*,*,五段・ラ行,連用タ接続,戻る,モドッ,モドッ
た	助動詞,*,*,*,特殊・タ,基本形,た,タ,タ
。	記号,句点,*,*,*,*,。,。,。
そして	接続詞,*,*,*,*,*,そして,ソシテ,ソシテ
，	記号,読点,*,*,*,*,，,，,，
ユダ	名詞,一般,*,*,*,*,*
と	助詞,格助詞,一般,*,*,*,と,ト,ト
その	連体詞,*,*,*,*,*,その,ソノ,ソノ
兄弟	名詞,一般,*,*,*,*,兄弟,キョウダイ,キョーダイ
たち	名詞,接尾,一般,*,*,*,たち,タチ,タチ
が	助詞,格助詞,一般,*,*,*,が,ガ,ガ
ヨセフ	名詞,一般,*,*,*,*,*
の	助詞,連体化,*,*,*,*,の,ノ,ノ
家	名詞,一般,*,*,*,*,家,イエ,イエ
に	助詞,格助詞,一般,*,*,*,に,ニ,ニ
入っ	動詞,自立,*,*,五段・ラ行,連用タ接続,入る,ハイッ,ハイッ
て	助詞,接続助詞,*,*,*,*,て,テ,テ
行く	動詞,非自立,*,*,五段・カ行促音便,基本形,行く,イク,イク
と	助詞,接続助詞,*,*,*,*,と,ト,ト
，	記号,読点,*,*,*,*,，,，,，
彼	名詞,代名詞,一般,*,*,*,彼,カレ,カレ
は	助詞,係助詞,*,*,*,*,は,ハ,ワ
まだ	副詞,助詞類接続,*,*,*,*,まだ,マダ,マダ
そこ	名詞,代名詞,一般,*,*,*,そこ,ソコ,ソコ
に	助詞,格助詞,一般,*,*,*,に,ニ,ニ
い	動詞,自立,*,*,一段,連用形,いる,イ,イ
た	助動詞,*,*,*,特殊・タ,基本形,た,タ,タ
。	記号,句点,*,*,*,*,。,。,。
それで	接続詞,*,*,*,*,*,それで,ソレデ,ソレデ
彼ら	名詞,代名詞,一般,*,*,*,彼ら,カレラ,カレラ
は	助詞,係助詞,*,*,*,*,は,ハ,ワ
その	連体詞,*,*,*,*,*,その,ソノ,ソノ
前	名詞,副詞可能,*,*,*,*,前,マエ,マエ
で	助詞,格助詞,一般,*,*,*,で,デ,デ
地	名詞,一般,*,*,*,*,地,チ,チ
に	助詞,格助詞,一般,*,*,*,に,ニ,ニ
ひれ伏し	動詞,自立,*,*,五段・サ行,連用形,ひれ伏す,ヒレフシ,ヒレフシ
た	助動詞,*,*,*,特殊・タ,基本形,た,タ,タ
。	記号,句点,*,*,*,*,。,。,。
すると	接続詞,*,*,*,*,*,すると,スルト,スルト
ヨセフ	名詞,一般,*,*,*,*,*
は	助詞,係助詞,*,*,*,*,は,ハ,ワ
彼ら	名詞,代名詞,一般,*,*,*,彼ら,カレラ,カレラ
に	助詞,格助詞,一般,*,*,*,に,ニ,ニ
言っ	動詞,自立,*,*,五段・ワ行促音便,連用タ接続,言う,イッ,イッ
た	助動詞,*,*,*,特殊・タ,基本形,た,タ,タ
，	記号,読点,*,*,*,*,，,，,，
「	記号,括弧開,*,*,*,*,「,「,「
お前	名詞,代名詞,一般,*,*,*,お前,オマエ,オマエ
たち	名詞,接尾,一般,*,*,*,たち,タチ,タチ
の	助詞,連体化,*,*,*,*,の,ノ,ノ
し	動詞,自立,*,*,サ変・スル,連用形,する,シ,シ
た	助動詞,*,*,*,特殊・タ,基本形,た,タ,タ
この	連体詞,*,*,*,*,*,この,コノ,コノ
行為	名詞,サ変接続,*,*,*,*,行為,コウイ,コーイ
は	助詞,係助詞,*,*,*,*,は,ハ,ワ
どういう	連体詞,*,*,*,*,*,どういう,ドウイウ,ドーユウ
こと	名詞,非自立,一般,*,*,*,こと,コト,コト
な	助動詞,*,*,*,特殊・ダ,体言接続,だ,ナ,ナ
の	名詞,非自立,一般,*,*,*,の,ノ,ノ
か	助詞,副助詞／並立助詞／終助詞,*,*,*,*,か,カ,カ
。	記号,句点,*,*,*,*,。,。,。
わたし	名詞,代名詞,一般,*,*,*,わたし,ワタシ,ワタシ
の	助詞,連体化,*,*,*,*,の,ノ,ノ
よう	名詞,非自立,助動詞語幹,*,*,*,よう,ヨウ,ヨー
な	助動詞,*,*,*,特殊・ダ,体言接続,だ,ナ,ナ
者	名詞,非自立,一般,*,*,*,者,モノ,モノ
は	助詞,係助詞,*,*,*,*,は,ハ,ワ
巧み	名詞,形容動詞語幹,*,*,*,*,巧み,タクミ,タクミ
に	助詞,副詞化,*,*,*,*,に,ニ,ニ
兆し	名詞,一般,*,*,*,*,兆し,キザシ,キザシ
を	助詞,格助詞,一般,*,*,*,を,ヲ,ヲ
読む	動詞,自立,*,*,五段・マ行,基本形,読む,ヨム,ヨム
という	助詞,格助詞,連語,*,*,*,という,トイウ,トユウ
こと	名詞,非自立,一般,*,*,*,こと,コト,コト
を	助詞,格助詞,一般,*,*,*,を,ヲ,ヲ
知ら	動詞,自立,*,*,五段・ラ行,未然形,知る,シラ,シラ
なかっ	助動詞,*,*,*,特殊・ナイ,連用タ接続,ない,ナカッ,ナカッ
た	助動詞,*,*,*,特殊・タ,基本形,た,タ,タ
の	名詞,非自立,一般,*,*,*,の,ノ,ノ
か	助詞,副助詞／並立助詞／終助詞,*,*,*,*,か,カ,カ
」	記号,括弧閉,*,*,*,*,」,」,」
。	記号,句点,*,*,*,*,。,。,。
これ	名詞,代名詞,一般,*,*,*,これ,コレ,コレ
に対し	助詞,格助詞,連語,*,*,*,に対し,ニタイシ,ニタイシ
ユダ	名詞,固有名詞,一般,*,*,*,*
は	助詞,係助詞,*,*,*,*,は,ハ,ワ
叫ぶ	動詞,自立,*,*,五段・バ行,基本形,叫ぶ,サケブ,サケブ
よう	名詞,非自立,助動詞語幹,*,*,*,よう,ヨウ,ヨー
に	助詞,格助詞,一般,*,*,*,に,ニ,ニ
し	動詞,自立,*,*,サ変・スル,連用形,する,シ,シ
て	助詞,接続助詞,*,*,*,*,て,テ,テ
言っ	動詞,自立,*,*,五段・ワ行促音便,連用タ接続,言う,イッ,イッ
た	助動詞,*,*,*,特殊・タ,基本形,た,タ,タ
，	記号,読点,*,*,*,*,，,，,，
「	記号,括弧開,*,*,*,*,「,「,「
ご	接頭詞,名詞接続,*,*,*,*,ご,ゴ,ゴ
主人	名詞,一般,*,*,*,*,主人,シュジン,シュジン
様	名詞,接尾,人名,*,*,*,様,サマ,サマ
に対し	助詞,格助詞,連語,*,*,*,に対し,ニタイシ,ニタイシ
私	名詞,代名詞,一般,*,*,*,私,ワタシ,ワタシ
ども	名詞,接尾,一般,*,*,*,ども,ドモ,ドモ
は	助詞,係助詞,*,*,*,*,は,ハ,ワ
何と	副詞,一般,*,*,*,*,何と,ナント,ナント
申し上げ	動詞,自立,*,*,一段,未然形,申し上げる,モウシアゲ,モーシアゲ
られ	動詞,接尾,*,*,一段,連用形,られる,ラレ,ラレ
ましょ	助動詞,*,*,*,特殊・マス,未然ウ接続,ます,マショ,マショ
う	助動詞,*,*,*,不変化型,基本形,う,ウ,ウ
。	記号,句点,*,*,*,*,。,。,。
何	名詞,代名詞,一般,*,*,*,何,ナニ,ナニ
を	助詞,格助詞,一般,*,*,*,を,ヲ,ヲ
お話し	名詞,サ変接続,*,*,*,*,お話し,オハナシ,オハナシ
でき	動詞,自立,*,*,一段,連用形,できる,デキ,デキ
ましょ	助動詞,*,*,*,特殊・マス,未然ウ接続,ます,マショ,マショ
う	助動詞,*,*,*,不変化型,基本形,う,ウ,ウ
。	記号,句点,*,*,*,*,。,。,。
また	接続詞,*,*,*,*,*,また,マタ,マタ
どの	連体詞,*,*,*,*,*,どの,ドノ,ドノ
よう	名詞,非自立,助動詞語幹,*,*,*,よう,ヨウ,ヨー
に	助詞,格助詞,一般,*,*,*,に,ニ,ニ
し	動詞,自立,*,*,サ変・スル,連用形,する,シ,シ
て	助詞,接続助詞,*,*,*,*,て,テ,テ
私	名詞,代名詞,一般,*,*,*,私,ワタシ,ワタシ
ども	名詞,接尾,一般,*,*,*,ども,ドモ,ドモ
の	助詞,連体化,*,*,*,*,の,ノ,ノ
義	名詞,一般,*,*,*,*,義,ギ,ギ
を	助詞,格助詞,一般,*,*,*,を,ヲ,ヲ
証明	名詞,サ変接続,*,*,*,*,証明,ショウメイ,ショーメイ
し	動詞,自立,*,*,サ変・スル,連用形,する,シ,シ
得	動詞,非自立,*,*,一段,連用形,得る,エ,エ
ましょ	助動詞,*,*,*,特殊・マス,未然ウ接続,ます,マショ,マショ
う	助動詞,*,*,*,不変化型,基本形,う,ウ,ウ
。	記号,句点,*,*,*,*,。,。,。
[	名詞,サ変接続,*,*,*,*,*
ま	フィラー,*,*,*,*,*,ま,マ,マ
こと	名詞,非自立,一般,*,*,*,こと,コト,コト
の	助詞,連体化,*,*,*,*,の,ノ,ノ
]	名詞,サ変接続,*,*,*,*,*
神	名詞,接尾,一般,*,*,*,神,シン,シン
は	助詞,係助詞,*,*,*,*,は,ハ,ワ
この	連体詞,*,*,*,*,*,この,コノ,コノ
奴隷	名詞,一般,*,*,*,*,奴隷,ドレイ,ドレイ
ども	名詞,接尾,一般,*,*,*,ども,ドモ,ドモ
の	名詞,非自立,一般,*,*,*,の,ノ,ノ
と	助詞,並立助詞,*,*,*,*,と,ト,ト
が	助詞,格助詞,一般,*,*,*,が,ガ,ガ
を	助詞,格助詞,一般,*,*,*,を,ヲ,ヲ
見いださ	動詞,自立,*,*,五段・サ行,未然形,見いだす,ミイダサ,ミイダサ
れ	動詞,接尾,*,*,一段,連用形,れる,レ,レ
まし	助動詞,*,*,*,特殊・マス,連用形,ます,マシ,マシ
た	助動詞,*,*,*,特殊・タ,基本形,た,タ,タ
。	記号,句点,*,*,*,*,。,。,。
さあ	感動詞,*,*,*,*,*,さあ,サア,サー
，	記号,読点,*,*,*,*,，,，,，
私	名詞,代名詞,一般,*,*,*,私,ワタシ,ワタシ
ども	名詞,接尾,一般,*,*,*,ども,ドモ,ドモ
は	助詞,係助詞,*,*,*,*,は,ハ,ワ
ご	接頭詞,名詞接続,*,*,*,*,ご,ゴ,ゴ
主人	名詞,一般,*,*,*,*,主人,シュジン,シュジン
様	名詞,接尾,人名,*,*,*,様,サマ,サマ
の	助詞,連体化,*,*,*,*,の,ノ,ノ
奴隷	名詞,一般,*,*,*,*,奴隷,ドレイ,ドレイ
で	助動詞,*,*,*,特殊・ダ,連用形,だ,デ,デ
ござい	助動詞,*,*,*,五段・ラ行特殊,連用形,ござる,ゴザイ,ゴザイ
ます	助動詞,*,*,*,特殊・マス,基本形,ます,マス,マス
。	記号,句点,*,*,*,*,。,。,。
私	名詞,代名詞,一般,*,*,*,私,ワタシ,ワタシ
ども	名詞,接尾,一般,*,*,*,ども,ドモ,ドモ
も	助詞,係助詞,*,*,*,*,も,モ,モ
その	連体詞,*,*,*,*,*,その,ソノ,ソノ
手	名詞,一般,*,*,*,*,手,テ,テ
に	助詞,格助詞,一般,*,*,*,に,ニ,ニ
杯	名詞,一般,*,*,*,*,杯,ハイ,ハイ
の	助詞,格助詞,一般,*,*,*,の,ノ,ノ
見いださ	動詞,自立,*,*,五段・サ行,未然形,見いだす,ミイダサ,ミイダサ
れ	動詞,接尾,*,*,一段,連用形,れる,レ,レ
た	助動詞,*,*,*,特殊・タ,基本形,た,タ,タ
者	名詞,非自立,一般,*,*,*,者,モノ,モノ
も	助詞,係助詞,*,*,*,*,も,モ,モ
共に	副詞,一般,*,*,*,*,共に,トモニ,トモニ
」	記号,括弧閉,*,*,*,*,」,」,」
。	記号,句点,*,*,*,*,。,。,。
しかし	接続詞,*,*,*,*,*,しかし,シカシ,シカシ
彼	名詞,代名詞,一般,*,*,*,彼,カレ,カレ
は	助詞,係助詞,*,*,*,*,は,ハ,ワ
言っ	動詞,自立,*,*,五段・ワ行促音便,連用タ接続,言う,イッ,イッ
た	助動詞,*,*,*,特殊・タ,基本形,た,タ,タ
，	記号,読点,*,*,*,*,，,，,，
「	記号,括弧開,*,*,*,*,「,「,「
その	連体詞,*,*,*,*,*,その,ソノ,ソノ
よう	名詞,非自立,助動詞語幹,*,*,*,よう,ヨウ,ヨー
に	助詞,格助詞,一般,*,*,*,に,ニ,ニ
する	動詞,自立,*,*,サ変・スル,基本形,する,スル,スル
の	名詞,非自立,一般,*,*,*,の,ノ,ノ
は	助詞,係助詞,*,*,*,*,は,ハ,ワ
わたし	名詞,代名詞,一般,*,*,*,わたし,ワタシ,ワタシ
に	助詞,格助詞,一般,*,*,*,に,ニ,ニ
は	助詞,係助詞,*,*,*,*,は,ハ,ワ
考え	動詞,自立,*,*,一段,未然形,考える,カンガエ,カンガエ
られ	動詞,接尾,*,*,一段,未然形,られる,ラレ,ラレ
ない	助動詞,*,*,*,特殊・ナイ,基本形,ない,ナイ,ナイ
こと	名詞,非自立,一般,*,*,*,こと,コト,コト
だ	助動詞,*,*,*,特殊・ダ,基本形,だ,ダ,ダ
。	記号,句点,*,*,*,*,。,。,。
その	連体詞,*,*,*,*,*,その,ソノ,ソノ
手	名詞,一般,*,*,*,*,手,テ,テ
に	助詞,格助詞,一般,*,*,*,に,ニ,ニ
杯	名詞,一般,*,*,*,*,杯,ハイ,ハイ
の	助詞,格助詞,一般,*,*,*,の,ノ,ノ
見いださ	動詞,自立,*,*,五段・サ行,未然形,見いだす,ミイダサ,ミイダサ
れ	動詞,接尾,*,*,一段,連用形,れる,レ,レ
た	助動詞,*,*,*,特殊・タ,基本形,た,タ,タ
者	名詞,非自立,一般,*,*,*,者,モノ,モノ
，	記号,読点,*,*,*,*,，,，,，
その	連体詞,*,*,*,*,*,その,ソノ,ソノ
者	名詞,非自立,一般,*,*,*,者,モノ,モノ
が	助詞,格助詞,一般,*,*,*,が,ガ,ガ
わたし	名詞,代名詞,一般,*,*,*,わたし,ワタシ,ワタシ
の	助詞,連体化,*,*,*,*,の,ノ,ノ
奴隷	名詞,一般,*,*,*,*,奴隷,ドレイ,ドレイ
と	助詞,格助詞,一般,*,*,*,と,ト,ト
なる	動詞,自立,*,*,五段・ラ行,基本形,なる,ナル,ナル
。	記号,句点,*,*,*,*,。,。,。
あと	名詞,一般,*,*,*,*,あと,アト,アト
の	助詞,連体化,*,*,*,*,の,ノ,ノ
者	名詞,非自立,一般,*,*,*,者,モノ,モノ
は	助詞,係助詞,*,*,*,*,は,ハ,ワ
，	記号,読点,*,*,*,*,，,，,，
平安	名詞,一般,*,*,*,*,平安,ヘイアン,ヘイアン
に	助詞,格助詞,一般,*,*,*,に,ニ,ニ
父	名詞,一般,*,*,*,*,父,チチ,チチ
の	助詞,連体化,*,*,*,*,の,ノ,ノ
もと	名詞,一般,*,*,*,*,もと,モト,モト
へ	助詞,格助詞,一般,*,*,*,へ,ヘ,エ
上っ	動詞,自立,*,*,五段・ラ行,連用タ接続,上る,ノボッ,ノボッ
て	助詞,接続助詞,*,*,*,*,て,テ,テ
行く	動詞,非自立,*,*,五段・カ行促音便,基本形,行く,イク,イク
が	助詞,接続助詞,*,*,*,*,が,ガ,ガ
よい	形容詞,非自立,*,*,形容詞・アウオ段,基本形,よい,ヨイ,ヨイ
」	記号,括弧閉,*,*,*,*,」,」,」
。	記号,句点,*,*,*,*,。,。,。
すると	接続詞,*,*,*,*,*,すると,スルト,スルト
ユダ	名詞,一般,*,*,*,*,*
は	助詞,係助詞,*,*,*,*,は,ハ,ワ
彼	名詞,代名詞,一般,*,*,*,彼,カレ,カレ
に	助詞,格助詞,一般,*,*,*,に,ニ,ニ
近づい	動詞,自立,*,*,五段・カ行イ音便,連用タ接続,近づく,チカヅイ,チカズイ
て	助詞,接続助詞,*,*,*,*,て,テ,テ
，	記号,読点,*,*,*,*,，,，,，
こう	副詞,助詞類接続,*,*,*,*,こう,コウ,コー
言っ	動詞,自立,*,*,五段・ワ行促音便,連用タ接続,言う,イッ,イッ
た	助動詞,*,*,*,特殊・タ,基本形,た,タ,タ
。	記号,句点,*,*,*,*,。,。,。
「	記号,括弧開,*,*,*,*,「,「,「
お願い	名詞,サ変接続,*,*,*,*,お願い,オネガイ,オネガイ
いたし	動詞,非自立,*,*,五段・サ行,連用形,いたす,イタシ,イタシ
ます	助動詞,*,*,*,特殊・マス,基本形,ます,マス,マス
。	記号,句点,*,*,*,*,。,。,。
ご	接頭詞,名詞接続,*,*,*,*,ご,ゴ,ゴ
主人	名詞,一般,*,*,*,*,主人,シュジン,シュジン
様	名詞,接尾,人名,*,*,*,様,サマ,サマ
，	記号,読点,*,*,*,*,，,，,，
どうか	副詞,一般,*,*,*,*,どうか,ドウカ,ドーカ
この	連体詞,*,*,*,*,*,この,コノ,コノ
奴隷	名詞,一般,*,*,*,*,奴隷,ドレイ,ドレイ
に	助詞,格助詞,一般,*,*,*,に,ニ,ニ
ご	接頭詞,名詞接続,*,*,*,*,ご,ゴ,ゴ
主人	名詞,一般,*,*,*,*,主人,シュジン,シュジン
様	名詞,接尾,人名,*,*,*,様,サマ,サマ
の	助詞,格助詞,一般,*,*,*,の,ノ,ノ
聞か	動詞,自立,*,*,五段・カ行イ音便,未然形,聞く,キカ,キカ
れる	動詞,接尾,*,*,一段,基本形,れる,レル,レル
ところ	名詞,非自立,副詞可能,*,*,*,ところ,トコロ,トコロ
で	助詞,格助詞,一般,*,*,*,で,デ,デ
一言	名詞,一般,*,*,*,*,一言,ヒトコト,ヒトコト
お話し	名詞,サ変接続,*,*,*,*,お話し,オハナシ,オハナシ
さ	動詞,自立,*,*,サ変・スル,未然レル接続,する,サ,サ
せ	動詞,接尾,*,*,一段,連用形,せる,セ,セ
て	助詞,接続助詞,*,*,*,*,て,テ,テ
ください	動詞,非自立,*,*,五段・ラ行特殊,連用形,くださる,クダサイ,クダサイ
ます	助動詞,*,*,*,特殊・マス,基本形,ます,マス,マス
よう	名詞,非自立,助動詞語幹,*,*,*,よう,ヨウ,ヨー
に	助詞,格助詞,一般,*,*,*,に,ニ,ニ
。	記号,句点,*,*,*,*,。,。,。
み	接頭詞,名詞接続,*,*,*,*,み,ミ,ミ
怒り	名詞,一般,*,*,*,*,怒り,イカリ,イカリ
が	助詞,格助詞,一般,*,*,*,が,ガ,ガ
この	連体詞,*,*,*,*,*,この,コノ,コノ
奴隷	名詞,一般,*,*,*,*,奴隷,ドレイ,ドレイ
に対して	助詞,格助詞,連語,*,*,*,に対して,ニタイシテ,ニタイシテ
燃える	動詞,自立,*,*,一段,基本形,燃える,モエル,モエル
こと	名詞,非自立,一般,*,*,*,こと,コト,コト
の	助詞,格助詞,一般,*,*,*,の,ノ,ノ
ない	形容詞,自立,*,*,形容詞・アウオ段,基本形,ない,ナイ,ナイ
よう	名詞,非自立,助動詞語幹,*,*,*,よう,ヨウ,ヨー
に	助詞,格助詞,一般,*,*,*,に,ニ,ニ
し	動詞,自立,*,*,サ変・スル,連用形,する,シ,シ
て	助詞,接続助詞,*,*,*,*,て,テ,テ
ください	動詞,非自立,*,*,五段・ラ行特殊,連用形,くださる,クダサイ,クダサイ
ます	助動詞,*,*,*,特殊・マス,基本形,ます,マス,マス
よう	名詞,非自立,助動詞語幹,*,*,*,よう,ヨウ,ヨー
に	助詞,格助詞,一般,*,*,*,に,ニ,ニ
。	記号,句点,*,*,*,*,。,。,。
あなた	名詞,代名詞,一般,*,*,*,あなた,アナタ,アナタ
は	助詞,係助詞,*,*,*,*,は,ハ,ワ
ファ	名詞,一般,*,*,*,*,ファ,ファ,ファ
ラオ	名詞,一般,*,*,*,*,ラオ,ラオ,ラオ
と	助詞,格助詞,一般,*,*,*,と,ト,ト
同じ	連体詞,*,*,*,*,*,同じ,オナジ,オナジ
よう	名詞,非自立,助動詞語幹,*,*,*,よう,ヨウ,ヨー
な	助動詞,*,*,*,特殊・ダ,体言接続,だ,ナ,ナ
方	名詞,非自立,一般,*,*,*,方,ホウ,ホー
な	助動詞,*,*,*,特殊・ダ,体言接続,だ,ナ,ナ
の	名詞,非自立,一般,*,*,*,の,ノ,ノ
です	助動詞,*,*,*,特殊・デス,基本形,です,デス,デス
から	助詞,接続助詞,*,*,*,*,から,カラ,カラ
。	記号,句点,*,*,*,*,。,。,。
ご	接頭詞,名詞接続,*,*,*,*,ご,ゴ,ゴ
主人	名詞,一般,*,*,*,*,主人,シュジン,シュジン
様	名詞,接尾,人名,*,*,*,様,サマ,サマ
は	助詞,係助詞,*,*,*,*,は,ハ,ワ
その	連体詞,*,*,*,*,*,その,ソノ,ソノ
奴隷	名詞,一般,*,*,*,*,奴隷,ドレイ,ドレイ
ども	名詞,接尾,一般,*,*,*,ども,ドモ,ドモ
に	助詞,格助詞,一般,*,*,*,に,ニ,ニ
お尋ね	名詞,サ変接続,*,*,*,*,お尋ね,オタズネ,オタズネ
に	助詞,格助詞,一般,*,*,*,に,ニ,ニ
なっ	動詞,自立,*,*,五段・ラ行,連用タ接続,なる,ナッ,ナッ
て	助詞,接続助詞,*,*,*,*,て,テ,テ
，	記号,読点,*,*,*,*,，,，,，
『	記号,括弧開,*,*,*,*,『,『,『
お前	名詞,代名詞,一般,*,*,*,お前,オマエ,オマエ
たち	名詞,接尾,一般,*,*,*,たち,タチ,タチ
に	助詞,格助詞,一般,*,*,*,に,ニ,ニ
は	助詞,係助詞,*,*,*,*,は,ハ,ワ
父	名詞,一般,*,*,*,*,父,チチ,チチ
や	助詞,並立助詞,*,*,*,*,や,ヤ,ヤ
弟	名詞,一般,*,*,*,*,弟,オトウト,オトート
が	助詞,格助詞,一般,*,*,*,が,ガ,ガ
いる	動詞,自立,*,*,一段,基本形,いる,イル,イル
か	助詞,副助詞／並立助詞／終助詞,*,*,*,*,か,カ,カ
』	記号,括弧閉,*,*,*,*,』,』,』
と	助詞,格助詞,引用,*,*,*,と,ト,ト
言わ	動詞,自立,*,*,五段・ワ行促音便,未然形,言う,イワ,イワ
れ	動詞,接尾,*,*,一段,連用形,れる,レ,レ
まし	助動詞,*,*,*,特殊・マス,連用形,ます,マシ,マシ
た	助動詞,*,*,*,特殊・タ,基本形,た,タ,タ
。	記号,句点,*,*,*,*,。,。,。
それで	接続詞,*,*,*,*,*,それで,ソレデ,ソレデ
私	名詞,代名詞,一般,*,*,*,私,ワタシ,ワタシ
ども	名詞,接尾,一般,*,*,*,ども,ドモ,ドモ
は	助詞,係助詞,*,*,*,*,は,ハ,ワ
，	記号,読点,*,*,*,*,，,，,，
『	記号,括弧開,*,*,*,*,『,『,『
はい	感動詞,*,*,*,*,*,はい,ハイ,ハイ
，	記号,読点,*,*,*,*,，,，,，
年老い	動詞,自立,*,*,一段,連用形,年老いる,トシオイ,トシオイ
た	助動詞,*,*,*,特殊・タ,基本形,た,タ,タ
父	名詞,一般,*,*,*,*,父,チチ,チチ
と	助詞,格助詞,一般,*,*,*,と,ト,ト
その	連体詞,*,*,*,*,*,その,ソノ,ソノ
老年	名詞,一般,*,*,*,*,老年,ロウネン,ローネン
の	助詞,連体化,*,*,*,*,の,ノ,ノ
子	名詞,一般,*,*,*,*,子,コ,コ
で	助動詞,*,*,*,特殊・ダ,連用形,だ,デ,デ
ある	助動詞,*,*,*,五段・ラ行アル,基本形,ある,アル,アル
末	名詞,非自立,副詞可能,*,*,*,末,スエ,スエ
の	助詞,連体化,*,*,*,*,の,ノ,ノ
者	名詞,非自立,一般,*,*,*,者,モノ,モノ
が	助詞,格助詞,一般,*,*,*,が,ガ,ガ
おり	動詞,自立,*,*,一段,連用形,おりる,オリ,オリ
ます	助動詞,*,*,*,特殊・マス,基本形,ます,マス,マス
。	記号,句点,*,*,*,*,。,。,。
しかし	接続詞,*,*,*,*,*,しかし,シカシ,シカシ
その	連体詞,*,*,*,*,*,その,ソノ,ソノ
兄	名詞,一般,*,*,*,*,兄,アニ,アニ
が	助詞,格助詞,一般,*,*,*,が,ガ,ガ
死に	動詞,自立,*,*,五段・ナ行,連用形,死ぬ,シニ,シニ
まし	助動詞,*,*,*,特殊・マス,連用形,ます,マシ,マシ
た	助動詞,*,*,*,特殊・タ,基本形,た,タ,タ
ため	名詞,非自立,副詞可能,*,*,*,ため,タメ,タメ
，	記号,読点,*,*,*,*,，,，,，
ただ	接続詞,*,*,*,*,*,ただ,タダ,タダ
彼	名詞,代名詞,一般,*,*,*,彼,カレ,カレ
だけ	助詞,副助詞,*,*,*,*,だけ,ダケ,ダケ
が	助詞,格助詞,一般,*,*,*,が,ガ,ガ
その	連体詞,*,*,*,*,*,その,ソノ,ソノ
母	名詞,一般,*,*,*,*,母,ハハ,ハハ
の	助詞,連体化,*,*,*,*,の,ノ,ノ
[	名詞,サ変接続,*,*,*,*,*
子	名詞,接尾,一般,*,*,*,子,コ,コ
]	名詞,サ変接続,*,*,*,*,*
として	助詞,格助詞,連語,*,*,*,として,トシテ,トシテ
残さ	動詞,自立,*,*,五段・サ行,未然形,残す,ノコサ,ノコサ
れ	動詞,接尾,*,*,一段,連用形,れる,レ,レ
て	助詞,接続助詞,*,*,*,*,て,テ,テ
おり	動詞,非自立,*,*,五段・ラ行,連用形,おる,オリ,オリ
，	記号,読点,*,*,*,*,，,，,，
父	名詞,一般,*,*,*,*,父,チチ,チチ
は	助詞,係助詞,*,*,*,*,は,ハ,ワ
これ	名詞,代名詞,一般,*,*,*,これ,コレ,コレ
を	助詞,格助詞,一般,*,*,*,を,ヲ,ヲ
大	接頭詞,名詞接続,*,*,*,*,大,ダイ,ダイ
そう	副詞,助詞類接続,*,*,*,*,そう,ソウ,ソー
愛し	動詞,自立,*,*,五段・サ行,連用形,愛す,アイシ,アイシ
て	助詞,接続助詞,*,*,*,*,て,テ,テ
おり	動詞,非自立,*,*,五段・ラ行,連用形,おる,オリ,オリ
ます	助動詞,*,*,*,特殊・マス,基本形,ます,マス,マス
』	記号,括弧閉,*,*,*,*,』,』,』
と	助詞,格助詞,引用,*,*,*,と,ト,ト
ご	接頭詞,名詞接続,*,*,*,*,ご,ゴ,ゴ
主人	名詞,一般,*,*,*,*,主人,シュジン,シュジン
様	名詞,接尾,人名,*,*,*,様,サマ,サマ
に	助詞,格助詞,一般,*,*,*,に,ニ,ニ
申し上げ	動詞,自立,*,*,一段,連用形,申し上げる,モウシアゲ,モーシアゲ
まし	助動詞,*,*,*,特殊・マス,連用形,ます,マシ,マシ
た	助動詞,*,*,*,特殊・タ,基本形,た,タ,タ
。	記号,句点,*,*,*,*,。,。,。
その後	名詞,副詞可能,*,*,*,*,その後,ソノゴ,ソノゴ
この	連体詞,*,*,*,*,*,この,コノ,コノ
奴隷	名詞,一般,*,*,*,*,奴隷,ドレイ,ドレイ
ども	名詞,接尾,一般,*,*,*,ども,ドモ,ドモ
に	助詞,格助詞,一般,*,*,*,に,ニ,ニ
，	記号,読点,*,*,*,*,，,，,，
『	記号,括弧開,*,*,*,*,『,『,『
その	連体詞,*,*,*,*,*,その,ソノ,ソノ
者	名詞,非自立,一般,*,*,*,者,モノ,モノ
を	助詞,格助詞,一般,*,*,*,を,ヲ,ヲ
連れ	動詞,自立,*,*,一段,連用形,連れる,ツレ,ツレ
て	助詞,接続助詞,*,*,*,*,て,テ,テ
来	動詞,非自立,*,*,カ変・来ル,連用形,来る,キ,キ
て	助詞,接続助詞,*,*,*,*,て,テ,テ
，	記号,読点,*,*,*,*,，,，,，
わたし	名詞,代名詞,一般,*,*,*,わたし,ワタシ,ワタシ
が	助詞,格助詞,一般,*,*,*,が,ガ,ガ
一目	名詞,サ変接続,*,*,*,*,一目,イチモク,イチモク
見る	動詞,自立,*,*,一段,基本形,見る,ミル,ミル
こと	名詞,非自立,一般,*,*,*,こと,コト,コト
が	助詞,格助詞,一般,*,*,*,が,ガ,ガ
できる	動詞,自立,*,*,一段,基本形,できる,デキル,デキル
よう	名詞,非自立,助動詞語幹,*,*,*,よう,ヨウ,ヨー
に	助詞,格助詞,一般,*,*,*,に,ニ,ニ
せよ	動詞,自立,*,*,サ変・スル,命令ｙｏ,する,セヨ,セヨ
』	記号,括弧閉,*,*,*,*,』,』,』
と	助詞,格助詞,引用,*,*,*,と,ト,ト
言わ	動詞,自立,*,*,五段・ワ行促音便,未然形,言う,イワ,イワ
れ	動詞,接尾,*,*,一段,連用形,れる,レ,レ
まし	助動詞,*,*,*,特殊・マス,連用形,ます,マシ,マシ
た	助動詞,*,*,*,特殊・タ,基本形,た,タ,タ
が	助詞,接続助詞,*,*,*,*,が,ガ,ガ
，	記号,読点,*,*,*,*,，,，,，
私	名詞,代名詞,一般,*,*,*,私,ワタシ,ワタシ
ども	名詞,接尾,一般,*,*,*,ども,ドモ,ドモ
は	助詞,係助詞,*,*,*,*,は,ハ,ワ
，	記号,読点,*,*,*,*,，,，,，
『	記号,括弧開,*,*,*,*,『,『,『
あの	連体詞,*,*,*,*,*,あの,アノ,アノ
子	名詞,一般,*,*,*,*,子,コ,コ
は	助詞,係助詞,*,*,*,*,は,ハ,ワ
父	名詞,一般,*,*,*,*,父,チチ,チチ
の	助詞,連体化,*,*,*,*,の,ノ,ノ
もと	名詞,非自立,一般,*,*,*,もと,モト,モト
を	助詞,格助詞,一般,*,*,*,を,ヲ,ヲ
離れる	動詞,自立,*,*,一段,基本形,離れる,ハナレル,ハナレル
こと	名詞,非自立,一般,*,*,*,こと,コト,コト
が	助詞,格助詞,一般,*,*,*,が,ガ,ガ
でき	動詞,自立,*,*,一段,連用形,できる,デキ,デキ
ませ	助動詞,*,*,*,特殊・マス,未然形,ます,マセ,マセ
ん	助動詞,*,*,*,不変化型,基本形,ん,ン,ン
。	記号,句点,*,*,*,*,。,。,。
もし	副詞,一般,*,*,*,*,もし,モシ,モシ
離れ	動詞,自立,*,*,一段,連用形,離れる,ハナレ,ハナレ
で	助詞,格助詞,一般,*,*,*,で,デ,デ
も	助詞,係助詞,*,*,*,*,も,モ,モ
すれ	動詞,自立,*,*,サ変・スル,仮定形,する,スレ,スレ
ば	助詞,接続助詞,*,*,*,*,ば,バ,バ
，	記号,読点,*,*,*,*,，,，,，
父	名詞,一般,*,*,*,*,父,チチ,チチ
は	助詞,係助詞,*,*,*,*,は,ハ,ワ
きっと	副詞,一般,*,*,*,*,きっと,キット,キット
死ん	動詞,自立,*,*,五段・ナ行,連用タ接続,死ぬ,シン,シン
で	助詞,接続助詞,*,*,*,*,で,デ,デ
しまう	動詞,非自立,*,*,五段・ワ行促音便,基本形,しまう,シマウ,シマウ
こと	名詞,非自立,一般,*,*,*,こと,コト,コト
で	助動詞,*,*,*,特殊・ダ,連用形,だ,デ,デ
ござい	助動詞,*,*,*,五段・ラ行特殊,連用形,ござる,ゴザイ,ゴザイ
ましょ	助動詞,*,*,*,特殊・マス,未然ウ接続,ます,マショ,マショ
う	助動詞,*,*,*,不変化型,基本形,う,ウ,ウ
』	記号,括弧閉,*,*,*,*,』,』,』
と	助詞,格助詞,引用,*,*,*,と,ト,ト
ご	接頭詞,名詞接続,*,*,*,*,ご,ゴ,ゴ
主人	名詞,一般,*,*,*,*,主人,シュジン,シュジン
様	名詞,接尾,人名,*,*,*,様,サマ,サマ
に	助詞,格助詞,一般,*,*,*,に,ニ,ニ
申し上げ	動詞,自立,*,*,一段,連用形,申し上げる,モウシアゲ,モーシアゲ
まし	助動詞,*,*,*,特殊・マス,連用形,ます,マシ,マシ
た	助動詞,*,*,*,特殊・タ,基本形,た,タ,タ
。	記号,句点,*,*,*,*,。,。,。
すると	接続詞,*,*,*,*,*,すると,スルト,スルト
この	連体詞,*,*,*,*,*,この,コノ,コノ
奴隷	名詞,一般,*,*,*,*,奴隷,ドレイ,ドレイ
ども	名詞,接尾,一般,*,*,*,ども,ドモ,ドモ
に	助詞,格助詞,一般,*,*,*,に,ニ,ニ
言わ	動詞,自立,*,*,五段・ワ行促音便,未然形,言う,イワ,イワ
れ	動詞,接尾,*,*,一段,連用形,れる,レ,レ
た	助動詞,*,*,*,特殊・タ,基本形,た,タ,タ
の	名詞,非自立,一般,*,*,*,の,ノ,ノ
です	助動詞,*,*,*,特殊・デス,基本形,です,デス,デス
，	記号,読点,*,*,*,*,，,，,，
『	記号,括弧開,*,*,*,*,『,『,『
末	名詞,接尾,副詞可能,*,*,*,末,マツ,マツ
の	助詞,連体化,*,*,*,*,の,ノ,ノ
弟	名詞,一般,*,*,*,*,弟,オトウト,オトート
が	助詞,格助詞,一般,*,*,*,が,ガ,ガ
一緒	名詞,サ変接続,*,*,*,*,一緒,イッショ,イッショ
に	助詞,格助詞,一般,*,*,*,に,ニ,ニ
下っ	動詞,自立,*,*,五段・ラ行,連用タ接続,下る,クダッ,クダッ
て	助詞,接続助詞,*,*,*,*,て,テ,テ
来る	動詞,非自立,*,*,カ変・来ル,基本形,来る,クル,クル
の	名詞,非自立,一般,*,*,*,の,ノ,ノ
で	助動詞,*,*,*,特殊・ダ,連用形,だ,デ,デ
ない	助動詞,*,*,*,特殊・ナイ,基本形,ない,ナイ,ナイ
かぎり	名詞,非自立,副詞可能,*,*,*,かぎり,カギリ,カギリ
，	記号,読点,*,*,*,*,，,，,，
お前	名詞,代名詞,一般,*,*,*,お前,オマエ,オマエ
たち	名詞,接尾,一般,*,*,*,たち,タチ,タチ
は	助詞,係助詞,*,*,*,*,は,ハ,ワ
もはや	副詞,助詞類接続,*,*,*,*,もはや,モハヤ,モハヤ
わたし	名詞,代名詞,一般,*,*,*,わたし,ワタシ,ワタシ
の	助詞,連体化,*,*,*,*,の,ノ,ノ
顔	名詞,一般,*,*,*,*,顔,カオ,カオ
を	助詞,格助詞,一般,*,*,*,を,ヲ,ヲ
見る	動詞,自立,*,*,一段,基本形,見る,ミル,ミル
こと	名詞,非自立,一般,*,*,*,こと,コト,コト
は	助詞,係助詞,*,*,*,*,は,ハ,ワ
ない	形容詞,自立,*,*,形容詞・アウオ段,基本形,ない,ナイ,ナイ
』	記号,括弧閉,*,*,*,*,』,』,』
と	助詞,格助詞,引用,*,*,*,と,ト,ト
。	記号,句点,*,*,*,*,。,。,。
「	記号,括弧開,*,*,*,*,「,「,「
それから	接続詞,*,*,*,*,*,それから,ソレカラ,ソレカラ
，	記号,読点,*,*,*,*,，,，,，
私	名詞,代名詞,一般,*,*,*,私,ワタシ,ワタシ
ども	名詞,接尾,一般,*,*,*,ども,ドモ,ドモ
は	助詞,係助詞,*,*,*,*,は,ハ,ワ
あなた	名詞,代名詞,一般,*,*,*,あなた,アナタ,アナタ
の	助詞,連体化,*,*,*,*,の,ノ,ノ
奴隷	名詞,一般,*,*,*,*,奴隷,ドレイ,ドレイ
で	助動詞,*,*,*,特殊・ダ,連用形,だ,デ,デ
ある	助動詞,*,*,*,五段・ラ行アル,基本形,ある,アル,アル
父	名詞,一般,*,*,*,*,父,チチ,チチ
の	助詞,連体化,*,*,*,*,の,ノ,ノ
もと	名詞,非自立,一般,*,*,*,もと,モト,モト
に	助詞,格助詞,一般,*,*,*,に,ニ,ニ
上っ	動詞,自立,*,*,五段・ラ行,連用タ接続,上る,ノボッ,ノボッ
て	助詞,接続助詞,*,*,*,*,て,テ,テ
行っ	動詞,非自立,*,*,五段・カ行促音便,連用タ接続,行く,イッ,イッ
て	助詞,接続助詞,*,*,*,*,て,テ,テ
，	記号,読点,*,*,*,*,，,，,，
ご	接頭詞,名詞接続,*,*,*,*,ご,ゴ,ゴ
主人	名詞,一般,*,*,*,*,主人,シュジン,シュジン
様	名詞,接尾,人名,*,*,*,様,サマ,サマ
の	助詞,連体化,*,*,*,*,の,ノ,ノ
言葉	名詞,一般,*,*,*,*,言葉,コトバ,コトバ
を	助詞,格助詞,一般,*,*,*,を,ヲ,ヲ
伝え	動詞,自立,*,*,一段,連用形,伝える,ツタエ,ツタエ
た	助動詞,*,*,*,特殊・タ,基本形,た,タ,タ
の	名詞,非自立,一般,*,*,*,の,ノ,ノ
です	助動詞,*,*,*,特殊・デス,基本形,です,デス,デス
。	記号,句点,*,*,*,*,。,。,。
後	名詞,接尾,副詞可能,*,*,*,後,ゴ,ゴ
に	助詞,格助詞,一般,*,*,*,に,ニ,ニ
父	名詞,一般,*,*,*,*,父,チチ,チチ
は	助詞,係助詞,*,*,*,*,は,ハ,ワ
，	記号,読点,*,*,*,*,，,，,，
『	記号,括弧開,*,*,*,*,『,『,『
また	副詞,助詞類接続,*,*,*,*,また,マタ,マタ
行っ	動詞,自立,*,*,五段・カ行促音便,連用タ接続,行く,イッ,イッ
て	助詞,接続助詞,*,*,*,*,て,テ,テ
，	記号,読点,*,*,*,*,，,，,，
少し	副詞,助詞類接続,*,*,*,*,少し,スコシ,スコシ
の	助詞,連体化,*,*,*,*,の,ノ,ノ
食物	名詞,一般,*,*,*,*,食物,ショクモツ,ショクモツ
を	助詞,格助詞,一般,*,*,*,を,ヲ,ヲ
わたし	名詞,代名詞,一般,*,*,*,わたし,ワタシ,ワタシ
たち	名詞,接尾,一般,*,*,*,たち,タチ,タチ
の	助詞,連体化,*,*,*,*,の,ノ,ノ
ため	名詞,非自立,副詞可能,*,*,*,ため,タメ,タメ
に	助詞,格助詞,一般,*,*,*,に,ニ,ニ
買っ	動詞,自立,*,*,五段・ワ行促音便,連用タ接続,買う,カッ,カッ
て	助詞,接続助詞,*,*,*,*,て,テ,テ
来る	動詞,非自立,*,*,カ変・来ル,基本形,来る,クル,クル
よう	名詞,非自立,助動詞語幹,*,*,*,よう,ヨウ,ヨー
に	助詞,副詞化,*,*,*,*,に,ニ,ニ
』	記号,括弧閉,*,*,*,*,』,』,』
と	助詞,格助詞,引用,*,*,*,と,ト,ト
申し	動詞,自立,*,*,五段・サ行,連用形,申す,モウシ,モーシ
まし	助動詞,*,*,*,特殊・マス,連用形,ます,マシ,マシ
た	助動詞,*,*,*,特殊・タ,基本形,た,タ,タ
。	記号,句点,*,*,*,*,。,。,。
しかし	接続詞,*,*,*,*,*,しかし,シカシ,シカシ
私	名詞,代名詞,一般,*,*,*,私,ワタシ,ワタシ
ども	名詞,接尾,一般,*,*,*,ども,ドモ,ドモ
は	助詞,係助詞,*,*,*,*,は,ハ,ワ
申し	動詞,自立,*,*,五段・サ行,連用形,申す,モウシ,モーシ
まし	助動詞,*,*,*,特殊・マス,連用形,ます,マシ,マシ
た	助動詞,*,*,*,特殊・タ,基本形,た,タ,タ
，	記号,読点,*,*,*,*,，,，,，
『	記号,括弧開,*,*,*,*,『,『,『
わたし	名詞,代名詞,一般,*,*,*,わたし,ワタシ,ワタシ
たち	名詞,接尾,一般,*,*,*,たち,タチ,タチ
は	助詞,係助詞,*,*,*,*,は,ハ,ワ
下っ	動詞,自立,*,*,五段・ラ行,連用タ接続,下る,クダッ,クダッ
て	助詞,接続助詞,*,*,*,*,て,テ,テ
行く	動詞,非自立,*,*,五段・カ行促音便,基本形,行く,イク,イク
こと	名詞,非自立,一般,*,*,*,こと,コト,コト
は	助詞,係助詞,*,*,*,*,は,ハ,ワ
でき	動詞,自立,*,*,一段,連用形,できる,デキ,デキ
ませ	助動詞,*,*,*,特殊・マス,未然形,ます,マセ,マセ
ん	助動詞,*,*,*,不変化型,基本形,ん,ン,ン
。	記号,句点,*,*,*,*,。,。,。
末	名詞,副詞可能,*,*,*,*,末,スエ,スエ
の	助詞,連体化,*,*,*,*,の,ノ,ノ
弟	名詞,一般,*,*,*,*,弟,オトウト,オトート
が	助詞,格助詞,一般,*,*,*,が,ガ,ガ
一緒	名詞,サ変接続,*,*,*,*,一緒,イッショ,イッショ
なら	助動詞,*,*,*,特殊・ダ,仮定形,だ,ナラ,ナラ
下っ	動詞,自立,*,*,五段・ラ行,連用タ接続,下る,クダッ,クダッ
て	助詞,接続助詞,*,*,*,*,て,テ,テ
まいり	動詞,非自立,*,*,五段・ラ行,連用形,まいる,マイリ,マイリ
ます	助動詞,*,*,*,特殊・マス,基本形,ます,マス,マス
。	記号,句点,*,*,*,*,。,。,。
末	名詞,副詞可能,*,*,*,*,末,スエ,スエ
の	助詞,連体化,*,*,*,*,の,ノ,ノ
弟	名詞,一般,*,*,*,*,弟,オトウト,オトート
が	助詞,格助詞,一般,*,*,*,が,ガ,ガ
一緒	名詞,サ変接続,*,*,*,*,一緒,イッショ,イッショ
で	助動詞,*,*,*,特殊・ダ,連用形,だ,デ,デ
なけれ	助動詞,*,*,*,特殊・ナイ,仮定形,ない,ナケレ,ナケレ
ば	助詞,接続助詞,*,*,*,*,ば,バ,バ
，	記号,読点,*,*,*,*,，,，,，
わたし	名詞,代名詞,一般,*,*,*,わたし,ワタシ,ワタシ
たち	名詞,接尾,一般,*,*,*,たち,タチ,タチ
は	助詞,係助詞,*,*,*,*,は,ハ,ワ
あの	連体詞,*,*,*,*,*,あの,アノ,アノ
方	名詞,非自立,一般,*,*,*,方,ホウ,ホー
の	助詞,連体化,*,*,*,*,の,ノ,ノ
顔	名詞,一般,*,*,*,*,顔,カオ,カオ
を	助詞,格助詞,一般,*,*,*,を,ヲ,ヲ
見る	動詞,自立,*,*,一段,基本形,見る,ミル,ミル
こと	名詞,非自立,一般,*,*,*,こと,コト,コト
が	助詞,格助詞,一般,*,*,*,が,ガ,ガ
でき	動詞,自立,*,*,一段,未然形,できる,デキ,デキ
ない	助動詞,*,*,*,特殊・ナイ,基本形,ない,ナイ,ナイ
から	助詞,接続助詞,*,*,*,*,から,カラ,カラ
です	助動詞,*,*,*,特殊・デス,基本形,です,デス,デス
』	記号,括弧閉,*,*,*,*,』,』,』
。	記号,句点,*,*,*,*,。,。,。
する	動詞,自立,*,*,サ変・スル,基本形,する,スル,スル
と	助詞,接続助詞,*,*,*,*,と,ト,ト
，	記号,読点,*,*,*,*,，,，,，
あなた	名詞,代名詞,一般,*,*,*,あなた,アナタ,アナタ
の	助詞,連体化,*,*,*,*,の,ノ,ノ
奴隷	名詞,一般,*,*,*,*,奴隷,ドレイ,ドレイ
で	助動詞,*,*,*,特殊・ダ,連用形,だ,デ,デ
ある	助動詞,*,*,*,五段・ラ行アル,基本形,ある,アル,アル
わたし	名詞,代名詞,一般,*,*,*,わたし,ワタシ,ワタシ
の	助詞,連体化,*,*,*,*,の,ノ,ノ
父	名詞,一般,*,*,*,*,父,チチ,チチ
は	助詞,係助詞,*,*,*,*,は,ハ,ワ
私	名詞,代名詞,一般,*,*,*,私,ワタシ,ワタシ
ども	名詞,接尾,一般,*,*,*,ども,ドモ,ドモ
に	助詞,格助詞,一般,*,*,*,に,ニ,ニ
申し	動詞,自立,*,*,五段・サ行,連用形,申す,モウシ,モーシ
まし	助動詞,*,*,*,特殊・マス,連用形,ます,マシ,マシ
た	助動詞,*,*,*,特殊・タ,基本形,た,タ,タ
，	記号,読点,*,*,*,*,，,，,，
『	記号,括弧開,*,*,*,*,『,『,『
あなた	名詞,代名詞,一般,*,*,*,あなた,アナタ,アナタ
方	名詞,接尾,一般,*,*,*,方,カタ,カタ
も	助詞,係助詞,*,*,*,*,も,モ,モ
よく	副詞,一般,*,*,*,*,よく,ヨク,ヨク
知る	動詞,自立,*,*,五段・ラ行,基本形,知る,シル,シル
とおり	名詞,非自立,副詞可能,*,*,*,とおり,トオリ,トーリ
，	記号,読点,*,*,*,*,，,，,，
わたし	名詞,代名詞,一般,*,*,*,わたし,ワタシ,ワタシ
の	助詞,連体化,*,*,*,*,の,ノ,ノ
妻	名詞,一般,*,*,*,*,妻,ツマ,ツマ
は	助詞,係助詞,*,*,*,*,は,ハ,ワ
ただ	接続詞,*,*,*,*,*,ただ,タダ,タダ
二	名詞,数,*,*,*,*,二,ニ,ニ
人	名詞,接尾,助数詞,*,*,*,人,ニン,ニン
の	助詞,連体化,*,*,*,*,の,ノ,ノ
子	名詞,一般,*,*,*,*,子,コ,コ
を	助詞,格助詞,一般,*,*,*,を,ヲ,ヲ
わたし	名詞,代名詞,一般,*,*,*,わたし,ワタシ,ワタシ
に	助詞,格助詞,一般,*,*,*,に,ニ,ニ
産ん	動詞,自立,*,*,五段・マ行,連用タ接続,産む,ウン,ウン
だ	助動詞,*,*,*,特殊・タ,基本形,だ,ダ,ダ
。	記号,句点,*,*,*,*,。,。,。
後	名詞,接尾,副詞可能,*,*,*,後,ゴ,ゴ
に	助詞,格助詞,一般,*,*,*,に,ニ,ニ
その	連体詞,*,*,*,*,*,その,ソノ,ソノ
一	名詞,数,*,*,*,*,一,イチ,イチ
人	名詞,接尾,助数詞,*,*,*,人,ニン,ニン
は	助詞,係助詞,*,*,*,*,は,ハ,ワ
わたし	名詞,代名詞,一般,*,*,*,わたし,ワタシ,ワタシ
の	助詞,連体化,*,*,*,*,の,ノ,ノ
もと	名詞,一般,*,*,*,*,もと,モト,モト
から	助詞,格助詞,一般,*,*,*,から,カラ,カラ
い	動詞,自立,*,*,一段,未然形,いる,イ,イ
なく	助動詞,*,*,*,特殊・ナイ,連用テ接続,ない,ナク,ナク
なり	動詞,自立,*,*,五段・ラ行,連用形,なる,ナリ,ナリ
，	記号,読点,*,*,*,*,，,，,，
わたし	名詞,代名詞,一般,*,*,*,わたし,ワタシ,ワタシ
は	助詞,係助詞,*,*,*,*,は,ハ,ワ
，	記号,読点,*,*,*,*,，,，,，
「	記号,括弧開,*,*,*,*,「,「,「
ああ	感動詞,*,*,*,*,*,ああ,アア,アー
，	記号,読点,*,*,*,*,，,，,，
あの	連体詞,*,*,*,*,*,あの,アノ,アノ
子	名詞,一般,*,*,*,*,子,コ,コ
は	助詞,係助詞,*,*,*,*,は,ハ,ワ
きっと	副詞,一般,*,*,*,*,きっと,キット,キット
かき	動詞,自立,*,*,五段・カ行イ音便,連用形,かく,カキ,カキ
裂か	動詞,自立,*,*,五段・カ行イ音便,未然形,裂く,サカ,サカ
れ	動詞,接尾,*,*,一段,連用形,れる,レ,レ
て	助詞,接続助詞,*,*,*,*,て,テ,テ
しまっ	動詞,非自立,*,*,五段・ワ行促音便,連用タ接続,しまう,シマッ,シマッ
た	助動詞,*,*,*,特殊・タ,基本形,た,タ,タ
の	名詞,非自立,一般,*,*,*,の,ノ,ノ
だ	助動詞,*,*,*,特殊・ダ,基本形,だ,ダ,ダ
」	記号,括弧閉,*,*,*,*,」,」,」
と	助詞,格助詞,引用,*,*,*,と,ト,ト
言っ	動詞,自立,*,*,五段・ワ行促音便,連用タ接続,言う,イッ,イッ
た	助動詞,*,*,*,特殊・タ,基本形,た,タ,タ
。	記号,句点,*,*,*,*,。,。,。
そして	接続詞,*,*,*,*,*,そして,ソシテ,ソシテ
今	名詞,副詞可能,*,*,*,*,今,イマ,イマ
に	助詞,格助詞,一般,*,*,*,に,ニ,ニ
なる	動詞,自立,*,*,五段・ラ行,基本形,なる,ナル,ナル
まで	助詞,副助詞,*,*,*,*,まで,マデ,マデ
わたし	名詞,代名詞,一般,*,*,*,わたし,ワタシ,ワタシ
は	助詞,係助詞,*,*,*,*,は,ハ,ワ
あの	連体詞,*,*,*,*,*,あの,アノ,アノ
子	名詞,一般,*,*,*,*,子,コ,コ
を	助詞,格助詞,一般,*,*,*,を,ヲ,ヲ
見	動詞,自立,*,*,一段,連用形,見る,ミ,ミ
て	助詞,接続助詞,*,*,*,*,て,テ,テ
い	動詞,非自立,*,*,一段,未然形,いる,イ,イ
ない	助動詞,*,*,*,特殊・ナイ,基本形,ない,ナイ,ナイ
。	記号,句点,*,*,*,*,。,。,。
この	連体詞,*,*,*,*,*,この,コノ,コノ
子	名詞,一般,*,*,*,*,子,コ,コ
まで	助詞,副助詞,*,*,*,*,まで,マデ,マデ
わたし	名詞,代名詞,一般,*,*,*,わたし,ワタシ,ワタシ
の	助詞,連体化,*,*,*,*,の,ノ,ノ
前	名詞,副詞可能,*,*,*,*,前,マエ,マエ
から	助詞,格助詞,一般,*,*,*,から,カラ,カラ
連れ	動詞,自立,*,*,一段,連用形,連れる,ツレ,ツレ
て	助詞,接続助詞,*,*,*,*,て,テ,テ
行っ	動詞,非自立,*,*,五段・カ行促音便,連用タ接続,行く,イッ,イッ
て	助詞,接続助詞,*,*,*,*,て,テ,テ
，	記号,読点,*,*,*,*,，,，,，
もしも	副詞,助詞類接続,*,*,*,*,もしも,モシモ,モシモ
の	助詞,連体化,*,*,*,*,の,ノ,ノ
事	名詞,非自立,一般,*,*,*,事,コト,コト
が	助詞,格助詞,一般,*,*,*,が,ガ,ガ
起きる	動詞,自立,*,*,一段,基本形,起きる,オキル,オキル
と	助詞,格助詞,引用,*,*,*,と,ト,ト
すれ	動詞,自立,*,*,サ変・スル,仮定形,する,スレ,スレ
ば	助詞,接続助詞,*,*,*,*,ば,バ,バ
，	記号,読点,*,*,*,*,，,，,，
あなた	名詞,代名詞,一般,*,*,*,あなた,アナタ,アナタ
方	名詞,接尾,一般,*,*,*,方,カタ,カタ
は	助詞,係助詞,*,*,*,*,は,ハ,ワ
，	記号,読点,*,*,*,*,，,，,，
白髪	名詞,一般,*,*,*,*,白髪,ハクハツ,ハクハツ
の	助詞,連体化,*,*,*,*,の,ノ,ノ
わたし	名詞,代名詞,一般,*,*,*,わたし,ワタシ,ワタシ
を	助詞,格助詞,一般,*,*,*,を,ヲ,ヲ
きっと	副詞,一般,*,*,*,*,きっと,キット,キット
災い	名詞,サ変接続,*,*,*,*,災い,ワザワイ,ワザワイ
の	助詞,連体化,*,*,*,*,の,ノ,ノ
うち	名詞,非自立,副詞可能,*,*,*,うち,ウチ,ウチ
に	助詞,格助詞,一般,*,*,*,に,ニ,ニ
シェオル	名詞,一般,*,*,*,*,*
に	助詞,格助詞,一般,*,*,*,に,ニ,ニ
下ら	動詞,自立,*,*,五段・ラ行,未然形,下る,クダラ,クダラ
せる	動詞,接尾,*,*,一段,基本形,せる,セル,セル
こと	名詞,非自立,一般,*,*,*,こと,コト,コト
に	助詞,格助詞,一般,*,*,*,に,ニ,ニ
なる	動詞,自立,*,*,五段・ラ行,基本形,なる,ナル,ナル
だろ	助動詞,*,*,*,特殊・ダ,未然形,だ,ダロ,ダロ
う	助動詞,*,*,*,不変化型,基本形,う,ウ,ウ
』	記号,括弧閉,*,*,*,*,』,』,』
。	記号,句点,*,*,*,*,。,。,。
「	記号,括弧開,*,*,*,*,「,「,「
それで	接続詞,*,*,*,*,*,それで,ソレデ,ソレデ
今	名詞,副詞可能,*,*,*,*,今,イマ,イマ
，	記号,読点,*,*,*,*,，,，,，
あなた	名詞,代名詞,一般,*,*,*,あなた,アナタ,アナタ
の	助詞,連体化,*,*,*,*,の,ノ,ノ
奴隷	名詞,一般,*,*,*,*,奴隷,ドレイ,ドレイ
で	助動詞,*,*,*,特殊・ダ,連用形,だ,デ,デ
ある	助動詞,*,*,*,五段・ラ行アル,基本形,ある,アル,アル
わたし	名詞,代名詞,一般,*,*,*,わたし,ワタシ,ワタシ
の	助詞,連体化,*,*,*,*,の,ノ,ノ
父	名詞,一般,*,*,*,*,父,チチ,チチ
の	助詞,連体化,*,*,*,*,の,ノ,ノ
ところ	名詞,非自立,副詞可能,*,*,*,ところ,トコロ,トコロ
へ	助詞,格助詞,一般,*,*,*,へ,ヘ,エ
この	連体詞,*,*,*,*,*,この,コノ,コノ
子	名詞,一般,*,*,*,*,子,コ,コ
を	助詞,格助詞,一般,*,*,*,を,ヲ,ヲ
連れ	動詞,自立,*,*,一段,未然形,連れる,ツレ,ツレ
ず	助動詞,*,*,*,特殊・ヌ,連用ニ接続,ぬ,ズ,ズ
に	助詞,格助詞,一般,*,*,*,に,ニ,ニ
戻る	動詞,自立,*,*,五段・ラ行,基本形,戻る,モドル,モドル
よう	名詞,非自立,助動詞語幹,*,*,*,よう,ヨウ,ヨー
な	助動詞,*,*,*,特殊・ダ,体言接続,だ,ナ,ナ
こと	名詞,非自立,一般,*,*,*,こと,コト,コト
に	助詞,格助詞,一般,*,*,*,に,ニ,ニ
なれ	動詞,自立,*,*,五段・ラ行,仮定形,なる,ナレ,ナレ
ば	助詞,接続助詞,*,*,*,*,ば,バ,バ
，	記号,読点,*,*,*,*,，,，,，
かの	連体詞,*,*,*,*,*,かの,カノ,カノ
者	名詞,非自立,一般,*,*,*,者,モノ,モノ
の	助詞,連体化,*,*,*,*,の,ノ,ノ
魂	名詞,一般,*,*,*,*,魂,タマシイ,タマシー
は	助詞,係助詞,*,*,*,*,は,ハ,ワ
この	連体詞,*,*,*,*,*,この,コノ,コノ
者	名詞,非自立,一般,*,*,*,者,モノ,モノ
の	助詞,連体化,*,*,*,*,の,ノ,ノ
魂	名詞,一般,*,*,*,*,魂,タマシイ,タマシー
と	助詞,格助詞,引用,*,*,*,と,ト,ト
結び	動詞,自立,*,*,五段・バ行,連用形,結ぶ,ムスビ,ムスビ
合っ	動詞,非自立,*,*,五段・ワ行促音便,連用タ接続,合う,アッ,アッ
て	助詞,接続助詞,*,*,*,*,て,テ,テ
おり	動詞,非自立,*,*,五段・ラ行,連用形,おる,オリ,オリ
ます	助動詞,*,*,*,特殊・マス,基本形,ます,マス,マス
ので	助詞,接続助詞,*,*,*,*,ので,ノデ,ノデ
，	記号,読点,*,*,*,*,，,，,，
必ずや	副詞,一般,*,*,*,*,必ずや,カナラズヤ,カナラズヤ
[	名詞,サ変接続,*,*,*,*,*
父	名詞,一般,*,*,*,*,父,チチ,チチ
]	名詞,サ変接続,*,*,*,*,*
は	助詞,係助詞,*,*,*,*,は,ハ,ワ
この	連体詞,*,*,*,*,*,この,コノ,コノ
子	名詞,一般,*,*,*,*,子,コ,コ
が	助詞,格助詞,一般,*,*,*,が,ガ,ガ
い	動詞,自立,*,*,一段,未然形,いる,イ,イ
ない	助動詞,*,*,*,特殊・ナイ,基本形,ない,ナイ,ナイ
の	名詞,非自立,一般,*,*,*,の,ノ,ノ
を	助詞,格助詞,一般,*,*,*,を,ヲ,ヲ
見	動詞,自立,*,*,一段,連用形,見る,ミ,ミ
た	助動詞,*,*,*,特殊・タ,基本形,た,タ,タ
だけ	助詞,副助詞,*,*,*,*,だけ,ダケ,ダケ
で	助詞,格助詞,一般,*,*,*,で,デ,デ
死ん	動詞,自立,*,*,五段・ナ行,連用タ接続,死ぬ,シン,シン
で	助詞,接続助詞,*,*,*,*,で,デ,デ
しまい	動詞,非自立,*,*,五段・ワ行促音便,連用形,しまう,シマイ,シマイ
，	記号,読点,*,*,*,*,，,，,，
この	連体詞,*,*,*,*,*,この,コノ,コノ
奴隷	名詞,一般,*,*,*,*,奴隷,ドレイ,ドレイ
ども	名詞,接尾,一般,*,*,*,ども,ドモ,ドモ
は	助詞,係助詞,*,*,*,*,は,ハ,ワ
あなた	名詞,代名詞,一般,*,*,*,あなた,アナタ,アナタ
の	助詞,連体化,*,*,*,*,の,ノ,ノ
奴隷	名詞,一般,*,*,*,*,奴隷,ドレイ,ドレイ
で	助動詞,*,*,*,特殊・ダ,連用形,だ,デ,デ
ある	助動詞,*,*,*,五段・ラ行アル,基本形,ある,アル,アル
わたし	名詞,代名詞,一般,*,*,*,わたし,ワタシ,ワタシ
ども	名詞,接尾,一般,*,*,*,ども,ドモ,ドモ
の	助詞,連体化,*,*,*,*,の,ノ,ノ
白髪	名詞,一般,*,*,*,*,白髪,ハクハツ,ハクハツ
の	助詞,連体化,*,*,*,*,の,ノ,ノ
父	名詞,一般,*,*,*,*,父,チチ,チチ
を	助詞,格助詞,一般,*,*,*,を,ヲ,ヲ
まさに	副詞,一般,*,*,*,*,まさに,マサニ,マサニ
悲嘆	名詞,サ変接続,*,*,*,*,悲嘆,ヒタン,ヒタン
の	助詞,連体化,*,*,*,*,の,ノ,ノ
うち	名詞,非自立,副詞可能,*,*,*,うち,ウチ,ウチ
に	助詞,格助詞,一般,*,*,*,に,ニ,ニ
シェオル	名詞,一般,*,*,*,*,*
に	助詞,格助詞,一般,*,*,*,に,ニ,ニ
下ら	動詞,自立,*,*,五段・ラ行,未然形,下る,クダラ,クダラ
せる	動詞,接尾,*,*,一段,基本形,せる,セル,セル
こと	名詞,非自立,一般,*,*,*,こと,コト,コト
に	助詞,格助詞,一般,*,*,*,に,ニ,ニ
なる	動詞,自立,*,*,五段・ラ行,基本形,なる,ナル,ナル
こと	名詞,非自立,一般,*,*,*,こと,コト,コト
で	助動詞,*,*,*,特殊・ダ,連用形,だ,デ,デ
ござい	助動詞,*,*,*,五段・ラ行特殊,連用形,ござる,ゴザイ,ゴザイ
ましょ	助動詞,*,*,*,特殊・マス,未然ウ接続,ます,マショ,マショ
う	助動詞,*,*,*,不変化型,基本形,う,ウ,ウ
。	記号,句点,*,*,*,*,。,。,。
実	名詞,一般,*,*,*,*,実,ミ,ミ
の	助詞,連体化,*,*,*,*,の,ノ,ノ
ところ	名詞,非自立,副詞可能,*,*,*,ところ,トコロ,トコロ
，	記号,読点,*,*,*,*,，,，,，
この	連体詞,*,*,*,*,*,この,コノ,コノ
奴隷	名詞,一般,*,*,*,*,奴隷,ドレイ,ドレイ
は	助詞,係助詞,*,*,*,*,は,ハ,ワ
この	連体詞,*,*,*,*,*,この,コノ,コノ
子	名詞,一般,*,*,*,*,子,コ,コ
が	助詞,格助詞,一般,*,*,*,が,ガ,ガ
父	名詞,一般,*,*,*,*,父,チチ,チチ
の	助詞,連体化,*,*,*,*,の,ノ,ノ
もと	名詞,一般,*,*,*,*,もと,モト,モト
から	助詞,格助詞,一般,*,*,*,から,カラ,カラ
離れ	動詞,自立,*,*,一段,連用形,離れる,ハナレ,ハナレ
て	助詞,接続助詞,*,*,*,*,て,テ,テ
おり	動詞,非自立,*,*,五段・ラ行,連用形,おる,オリ,オリ
ます	助動詞,*,*,*,特殊・マス,基本形,ます,マス,マス
間	名詞,一般,*,*,*,*,間,マ,マ
その	連体詞,*,*,*,*,*,その,ソノ,ソノ
保証	名詞,サ変接続,*,*,*,*,保証,ホショウ,ホショー
人	名詞,接尾,一般,*,*,*,人,ジン,ジン
と	助詞,格助詞,一般,*,*,*,と,ト,ト
なり	動詞,自立,*,*,五段・ラ行,連用形,なる,ナリ,ナリ
，	記号,読点,*,*,*,*,，,，,，
『	記号,括弧開,*,*,*,*,『,『,『
もし	副詞,一般,*,*,*,*,もし,モシ,モシ
彼	名詞,代名詞,一般,*,*,*,彼,カレ,カレ
を	助詞,格助詞,一般,*,*,*,を,ヲ,ヲ
あなた	名詞,代名詞,一般,*,*,*,あなた,アナタ,アナタ
の	助詞,連体化,*,*,*,*,の,ノ,ノ
もと	名詞,非自立,一般,*,*,*,もと,モト,モト
に	助詞,格助詞,一般,*,*,*,に,ニ,ニ
連れ帰ら	動詞,自立,*,*,五段・ラ行,未然形,連れ帰る,ツレカエラ,ツレカエラ
ない	助動詞,*,*,*,特殊・ナイ,基本形,ない,ナイ,ナイ
と	助詞,格助詞,引用,*,*,*,と,ト,ト
すれ	動詞,自立,*,*,サ変・スル,仮定形,する,スレ,スレ
ば	助詞,接続助詞,*,*,*,*,ば,バ,バ
，	記号,読点,*,*,*,*,，,，,，
わたし	名詞,代名詞,一般,*,*,*,わたし,ワタシ,ワタシ
は	助詞,係助詞,*,*,*,*,は,ハ,ワ
父	名詞,一般,*,*,*,*,父,チチ,チチ
に対し	助詞,格助詞,連語,*,*,*,に対し,ニタイシ,ニタイシ
永久	名詞,形容動詞語幹,*,*,*,*,永久,エイキュウ,エイキュー
に	助詞,副詞化,*,*,*,*,に,ニ,ニ
罪	名詞,一般,*,*,*,*,罪,ツミ,ツミ
を	助詞,格助詞,一般,*,*,*,を,ヲ,ヲ
犯し	動詞,自立,*,*,五段・サ行,連用形,犯す,オカシ,オカシ
た	助動詞,*,*,*,特殊・タ,基本形,た,タ,タ
こと	名詞,非自立,一般,*,*,*,こと,コト,コト
に	助詞,格助詞,一般,*,*,*,に,ニ,ニ
なり	動詞,自立,*,*,五段・ラ行,連用形,なる,ナリ,ナリ
ます	助動詞,*,*,*,特殊・マス,基本形,ます,マス,マス
』	記号,括弧閉,*,*,*,*,』,』,』
と	助詞,格助詞,引用,*,*,*,と,ト,ト
申し	動詞,自立,*,*,五段・サ行,連用形,申す,モウシ,モーシ
まし	助動詞,*,*,*,特殊・マス,連用形,ます,マシ,マシ
た	助動詞,*,*,*,特殊・タ,基本形,た,タ,タ
。	記号,句点,*,*,*,*,。,。,。
です	助動詞,*,*,*,特殊・デス,基本形,です,デス,デス
から	助詞,接続助詞,*,*,*,*,から,カラ,カラ
今	名詞,副詞可能,*,*,*,*,今,イマ,イマ
，	記号,読点,*,*,*,*,，,，,，
どうか	副詞,一般,*,*,*,*,どうか,ドウカ,ドーカ
この	連体詞,*,*,*,*,*,この,コノ,コノ
奴隷	名詞,一般,*,*,*,*,奴隷,ドレイ,ドレイ
を	助詞,格助詞,一般,*,*,*,を,ヲ,ヲ
ご	接頭詞,名詞接続,*,*,*,*,ご,ゴ,ゴ
主人	名詞,一般,*,*,*,*,主人,シュジン,シュジン
様	名詞,接尾,人名,*,*,*,様,サマ,サマ
の	助詞,連体化,*,*,*,*,の,ノ,ノ
奴隷	名詞,一般,*,*,*,*,奴隷,ドレイ,ドレイ
として	助詞,格助詞,連語,*,*,*,として,トシテ,トシテ
この	連体詞,*,*,*,*,*,この,コノ,コノ
子	名詞,一般,*,*,*,*,子,コ,コ
の	助詞,連体化,*,*,*,*,の,ノ,ノ
代わり	名詞,一般,*,*,*,*,代わり,カワリ,カワリ
に	助詞,格助詞,一般,*,*,*,に,ニ,ニ
とどまら	動詞,自立,*,*,五段・ラ行,未然形,とどまる,トドマラ,トドマラ
せ	動詞,接尾,*,*,一段,連用形,せる,セ,セ
，	記号,読点,*,*,*,*,，,，,，
この	連体詞,*,*,*,*,*,この,コノ,コノ
子	名詞,一般,*,*,*,*,子,コ,コ
は	助詞,係助詞,*,*,*,*,は,ハ,ワ
その	連体詞,*,*,*,*,*,その,ソノ,ソノ
兄弟	名詞,一般,*,*,*,*,兄弟,キョウダイ,キョーダイ
たち	名詞,接尾,一般,*,*,*,たち,タチ,タチ
と	助詞,格助詞,一般,*,*,*,と,ト,ト
一緒	名詞,サ変接続,*,*,*,*,一緒,イッショ,イッショ
に	助詞,格助詞,一般,*,*,*,に,ニ,ニ
上っ	動詞,自立,*,*,五段・ラ行,連用タ接続,上る,ノボッ,ノボッ
て	助詞,接続助詞,*,*,*,*,て,テ,テ
行か	動詞,非自立,*,*,五段・カ行促音便,未然形,行く,イカ,イカ
せ	動詞,接尾,*,*,一段,連用形,せる,セ,セ
て	助詞,接続助詞,*,*,*,*,て,テ,テ
ください	動詞,非自立,*,*,五段・ラ行特殊,連用形,くださる,クダサイ,クダサイ
ます	助動詞,*,*,*,特殊・マス,基本形,ます,マス,マス
よう	名詞,非自立,助動詞語幹,*,*,*,よう,ヨウ,ヨー
に	助詞,格助詞,一般,*,*,*,に,ニ,ニ
。	記号,句点,*,*,*,*,。,。,。
と	助詞,格助詞,引用,*,*,*,と,ト,ト
申し	動詞,自立,*,*,五段・サ行,連用形,申す,モウシ,モーシ
ます	助動詞,*,*,*,特殊・マス,基本形,ます,マス,マス
の	名詞,非自立,一般,*,*,*,の,ノ,ノ
は	助詞,係助詞,*,*,*,*,は,ハ,ワ
，	記号,読点,*,*,*,*,，,，,，
どうして	副詞,一般,*,*,*,*,どうして,ドウシテ,ドーシテ
私	名詞,代名詞,一般,*,*,*,私,ワタシ,ワタシ
は	助詞,係助詞,*,*,*,*,は,ハ,ワ
この	連体詞,*,*,*,*,*,この,コノ,コノ
子	名詞,一般,*,*,*,*,子,コ,コ
を	助詞,格助詞,一般,*,*,*,を,ヲ,ヲ
連れ	動詞,自立,*,*,一段,未然形,連れる,ツレ,ツレ
ず	助動詞,*,*,*,特殊・ヌ,連用ニ接続,ぬ,ズ,ズ
に	助詞,格助詞,一般,*,*,*,に,ニ,ニ
父	名詞,一般,*,*,*,*,父,チチ,チチ
の	助詞,連体化,*,*,*,*,の,ノ,ノ
もと	名詞,非自立,一般,*,*,*,もと,モト,モト
に	助詞,格助詞,一般,*,*,*,に,ニ,ニ
上っ	動詞,自立,*,*,五段・ラ行,連用タ接続,上る,ノボッ,ノボッ
て	助詞,接続助詞,*,*,*,*,て,テ,テ
行く	動詞,非自立,*,*,五段・カ行促音便,基本形,行く,イク,イク
こと	名詞,非自立,一般,*,*,*,こと,コト,コト
が	助詞,格助詞,一般,*,*,*,が,ガ,ガ
できる	動詞,自立,*,*,一段,基本形,できる,デキル,デキル
でしょ	助動詞,*,*,*,特殊・デス,未然形,です,デショ,デショ
う	助動詞,*,*,*,不変化型,基本形,う,ウ,ウ
か	助詞,副助詞／並立助詞／終助詞,*,*,*,*,か,カ,カ
。	記号,句点,*,*,*,*,。,。,。
私	名詞,代名詞,一般,*,*,*,私,ワタシ,ワタシ
は	助詞,係助詞,*,*,*,*,は,ハ,ワ
父	名詞,一般,*,*,*,*,父,チチ,チチ
に	助詞,格助詞,一般,*,*,*,に,ニ,ニ
臨む	動詞,自立,*,*,五段・マ行,基本形,臨む,ノゾム,ノゾム
災い	名詞,サ変接続,*,*,*,*,災い,ワザワイ,ワザワイ
を	助詞,格助詞,一般,*,*,*,を,ヲ,ヲ
見る	動詞,自立,*,*,一段,基本形,見る,ミル,ミル
こと	名詞,非自立,一般,*,*,*,こと,コト,コト
を	助詞,格助詞,一般,*,*,*,を,ヲ,ヲ
恐れる	動詞,自立,*,*,一段,基本形,恐れる,オソレル,オソレル
の	名詞,非自立,一般,*,*,*,の,ノ,ノ
です	助動詞,*,*,*,特殊・デス,基本形,です,デス,デス
」	記号,括弧閉,*,*,*,*,」,」,」
。	記号,句点,*,*,*,*,。,。,。
EOS
