アブラハム	名詞,一般,*,*,*,*,*
の	助詞,連体化,*,*,*,*,の,ノ,ノ
子	名詞,一般,*,*,*,*,子,コ,コ
，	記号,読点,*,*,*,*,，,，,，
ダビデ	名詞,一般,*,*,*,*,*
の	助詞,連体化,*,*,*,*,の,ノ,ノ
子	名詞,一般,*,*,*,*,子,コ,コ
，	記号,読点,*,*,*,*,，,，,，
イエス	名詞,一般,*,*,*,*,イエス,イエス,イエス
･	名詞,サ変接続,*,*,*,*,*
キリスト	名詞,固有名詞,一般,*,*,*,キリスト,キリスト,キリスト
について	助詞,格助詞,連語,*,*,*,について,ニツイテ,ニツイテ
の	助詞,連体化,*,*,*,*,の,ノ,ノ
歴史	名詞,一般,*,*,*,*,歴史,レキシ,レキシ
の	助詞,連体化,*,*,*,*,の,ノ,ノ
書	名詞,一般,*,*,*,*,書,ショ,ショ
:	名詞,サ変接続,*,*,*,*,*
 	記号,一般,*,*,*,*,*
アブラハム	名詞,一般,*,*,*,*,*
は	助詞,係助詞,*,*,*,*,は,ハ,ワ
イサク	名詞,一般,*,*,*,*,*
の	助詞,連体化,*,*,*,*,の,ノ,ノ
父	名詞,一般,*,*,*,*,父,チチ,チチ
と	助詞,格助詞,一般,*,*,*,と,ト,ト
なり	動詞,自立,*,*,五段・ラ行,連用形,なる,ナリ,ナリ
，	記号,読点,*,*,*,*,，,，,，
 	記号,一般,*,*,*,*,*
ユダ	名詞,一般,*,*,*,*,*
は	助詞,係助詞,*,*,*,*,は,ハ,ワ
タマル	名詞,固有名詞,組織,*,*,*,*
によって	助詞,格助詞,連語,*,*,*,によって,ニヨッテ,ニヨッテ
ペレツ	名詞,一般,*,*,*,*,*
と	助詞,並立助詞,*,*,*,*,と,ト,ト
ゼラハ	名詞,一般,*,*,*,*,*
の	助詞,連体化,*,*,*,*,の,ノ,ノ
父	名詞,一般,*,*,*,*,父,チチ,チチ
と	助詞,格助詞,一般,*,*,*,と,ト,ト
なり	動詞,自立,*,*,五段・ラ行,連用形,なる,ナリ,ナリ
，	記号,読点,*,*,*,*,，,，,，
 	記号,一般,*,*,*,*,*
ラム	名詞,一般,*,*,*,*,ラム,ラム,ラム
は	助詞,係助詞,*,*,*,*,は,ハ,ワ
アミナダブ	名詞,一般,*,*,*,*,*
の	助詞,連体化,*,*,*,*,の,ノ,ノ
父	名詞,一般,*,*,*,*,父,チチ,チチ
と	助詞,格助詞,一般,*,*,*,と,ト,ト
なり	動詞,自立,*,*,五段・ラ行,連用形,なる,ナリ,ナリ
，	記号,読点,*,*,*,*,，,，,，
 	記号,一般,*,*,*,*,*
サル	名詞,一般,*,*,*,*,サル,サル,サル
モン	名詞,固有名詞,一般,*,*,*,モン,モン,モン
は	助詞,係助詞,*,*,*,*,は,ハ,ワ
ラハブ	名詞,固有名詞,組織,*,*,*,*
によって	助詞,格助詞,連語,*,*,*,によって,ニヨッテ,ニヨッテ
ボアズ	名詞,固有名詞,人名,名,*,*,ボアズ,ボアズ,ボアズ
の	助詞,連体化,*,*,*,*,の,ノ,ノ
父	名詞,一般,*,*,*,*,父,チチ,チチ
と	助詞,格助詞,一般,*,*,*,と,ト,ト
なり	動詞,自立,*,*,五段・ラ行,連用形,なる,ナリ,ナリ
，	記号,読点,*,*,*,*,，,，,，
 	記号,一般,*,*,*,*,*
エッ	感動詞,*,*,*,*,*,エッ,エッ,エッ
サイ	名詞,一般,*,*,*,*,サイ,サイ,サイ
は	助詞,係助詞,*,*,*,*,は,ハ,ワ
王	名詞,固有名詞,人名,姓,*,*,王,オウ,オー
ダビデ	名詞,一般,*,*,*,*,*
の	助詞,連体化,*,*,*,*,の,ノ,ノ
父	名詞,一般,*,*,*,*,父,チチ,チチ
と	助詞,格助詞,一般,*,*,*,と,ト,ト
なっ	動詞,自立,*,*,五段・ラ行,連用タ接続,なる,ナッ,ナッ
た	助動詞,*,*,*,特殊・タ,基本形,た,タ,タ
。	記号,句点,*,*,*,*,。,。,。
 	記号,一般,*,*,*,*,*
ソロモン	名詞,固有名詞,地域,国,*,*,ソロモン,ソロモン,ソロモン
は	助詞,係助詞,*,*,*,*,は,ハ,ワ
レハベアム	名詞,一般,*,*,*,*,*
の	助詞,連体化,*,*,*,*,の,ノ,ノ
父	名詞,一般,*,*,*,*,父,チチ,チチ
と	助詞,格助詞,一般,*,*,*,と,ト,ト
なり	動詞,自立,*,*,五段・ラ行,連用形,なる,ナリ,ナリ
，	記号,読点,*,*,*,*,，,，,，
 	記号,一般,*,*,*,*,*
アサ	名詞,一般,*,*,*,*,アサ,アサ,アサ
は	助詞,係助詞,*,*,*,*,は,ハ,ワ
エホシャファト	名詞,一般,*,*,*,*,*
の	助詞,連体化,*,*,*,*,の,ノ,ノ
父	名詞,一般,*,*,*,*,父,チチ,チチ
と	助詞,格助詞,一般,*,*,*,と,ト,ト
なり	動詞,自立,*,*,五段・ラ行,連用形,なる,ナリ,ナリ
，	記号,読点,*,*,*,*,，,，,，
 	記号,一般,*,*,*,*,*
ウジヤ	名詞,一般,*,*,*,*,*
は	助詞,係助詞,*,*,*,*,は,ハ,ワ
ヨタム	名詞,一般,*,*,*,*,*
の	助詞,連体化,*,*,*,*,の,ノ,ノ
父	名詞,一般,*,*,*,*,父,チチ,チチ
と	助詞,格助詞,一般,*,*,*,と,ト,ト
なり	動詞,自立,*,*,五段・ラ行,連用形,なる,ナリ,ナリ
，	記号,読点,*,*,*,*,，,，,，
ヒゼキヤ	名詞,一般,*,*,*,*,*
は	助詞,係助詞,*,*,*,*,は,ハ,ワ
マナセ	名詞,一般,*,*,*,*,*
の	助詞,連体化,*,*,*,*,の,ノ,ノ
父	名詞,一般,*,*,*,*,父,チチ,チチ
と	助詞,格助詞,一般,*,*,*,と,ト,ト
なり	動詞,自立,*,*,五段・ラ行,連用形,なる,ナリ,ナリ
，	記号,読点,*,*,*,*,，,，,，
ヨシヤ	名詞,一般,*,*,*,*,*
は	助詞,係助詞,*,*,*,*,は,ハ,ワ
バビロン	名詞,一般,*,*,*,*,*
へ	助詞,格助詞,一般,*,*,*,へ,ヘ,エ
の	助詞,連体化,*,*,*,*,の,ノ,ノ
強制	名詞,サ変接続,*,*,*,*,強制,キョウセイ,キョーセイ
移住	名詞,サ変接続,*,*,*,*,移住,イジュウ,イジュー
の	助詞,連体化,*,*,*,*,の,ノ,ノ
時	名詞,非自立,副詞可能,*,*,*,時,トキ,トキ
に	助詞,格助詞,一般,*,*,*,に,ニ,ニ
エコニヤ	名詞,一般,*,*,*,*,*
と	助詞,格助詞,一般,*,*,*,と,ト,ト
その	連体詞,*,*,*,*,*,その,ソノ,ソノ
兄弟	名詞,一般,*,*,*,*,兄弟,キョウダイ,キョーダイ
たち	名詞,接尾,一般,*,*,*,たち,タチ,タチ
の	助詞,連体化,*,*,*,*,の,ノ,ノ
父	名詞,一般,*,*,*,*,父,チチ,チチ
と	助詞,格助詞,一般,*,*,*,と,ト,ト
なっ	動詞,自立,*,*,五段・ラ行,連用タ接続,なる,ナッ,ナッ
た	助動詞,*,*,*,特殊・タ,基本形,た,タ,タ
。	記号,句点,*,*,*,*,。,。,。
バビロン	名詞,一般,*,*,*,*,*
へ	助詞,格助詞,一般,*,*,*,へ,ヘ,エ
の	助詞,連体化,*,*,*,*,の,ノ,ノ
強制	名詞,サ変接続,*,*,*,*,強制,キョウセイ,キョーセイ
移住	名詞,サ変接続,*,*,*,*,移住,イジュウ,イジュー
の	助詞,連体化,*,*,*,*,の,ノ,ノ
後	名詞,非自立,副詞可能,*,*,*,後,ノチ,ノチ
エコニヤ	名詞,一般,*,*,*,*,*
は	助詞,係助詞,*,*,*,*,は,ハ,ワ
シャルテル	名詞,一般,*,*,*,*,*
の	助詞,連体化,*,*,*,*,の,ノ,ノ
父	名詞,一般,*,*,*,*,父,チチ,チチ
と	助詞,格助詞,一般,*,*,*,と,ト,ト
なり	動詞,自立,*,*,五段・ラ行,連用形,なる,ナリ,ナリ
，	記号,読点,*,*,*,*,，,，,，
ゼルバベル	名詞,一般,*,*,*,*,*
は	助詞,係助詞,*,*,*,*,は,ハ,ワ
アビウデ	名詞,一般,*,*,*,*,*
の	助詞,連体化,*,*,*,*,の,ノ,ノ
父	名詞,一般,*,*,*,*,父,チチ,チチ
と	助詞,格助詞,一般,*,*,*,と,ト,ト
なり	動詞,自立,*,*,五段・ラ行,連用形,なる,ナリ,ナリ
，	記号,読点,*,*,*,*,，,，,，
アゾル	名詞,一般,*,*,*,*,*
は	助詞,係助詞,*,*,*,*,は,ハ,ワ
ザドク	名詞,一般,*,*,*,*,*
の	助詞,連体化,*,*,*,*,の,ノ,ノ
父	名詞,一般,*,*,*,*,父,チチ,チチ
と	助詞,格助詞,一般,*,*,*,と,ト,ト
なり	動詞,自立,*,*,五段・ラ行,連用形,なる,ナリ,ナリ
，	記号,読点,*,*,*,*,，,，,，
エリウデ	名詞,一般,*,*,*,*,*
は	助詞,係助詞,*,*,*,*,は,ハ,ワ
エレアザル	名詞,一般,*,*,*,*,*
の	助詞,連体化,*,*,*,*,の,ノ,ノ
父	名詞,一般,*,*,*,*,父,チチ,チチ
と	助詞,格助詞,一般,*,*,*,と,ト,ト
なり	動詞,自立,*,*,五段・ラ行,連用形,なる,ナリ,ナリ
，	記号,読点,*,*,*,*,，,，,，
ヤコブ	名詞,一般,*,*,*,*,*
は	助詞,係助詞,*,*,*,*,は,ハ,ワ
マリア	名詞,固有名詞,一般,*,*,*,マリア,マリア,マリア
の	助詞,連体化,*,*,*,*,の,ノ,ノ
夫	名詞,一般,*,*,*,*,夫,オット,オット
ヨセフ	名詞,一般,*,*,*,*,*
の	助詞,連体化,*,*,*,*,の,ノ,ノ
父	名詞,一般,*,*,*,*,父,チチ,チチ
と	助詞,格助詞,一般,*,*,*,と,ト,ト
なり	動詞,自立,*,*,五段・ラ行,連用形,なる,ナリ,ナリ
，	記号,読点,*,*,*,*,，,，,，
この	連体詞,*,*,*,*,*,この,コノ,コノ
[	名詞,サ変接続,*,*,*,*,*
マリア	名詞,固有名詞,一般,*,*,*,マリア,マリア,マリア
]	名詞,サ変接続,*,*,*,*,*
から	助詞,格助詞,一般,*,*,*,から,カラ,カラ
，	記号,読点,*,*,*,*,，,，,，
キリスト	名詞,固有名詞,一般,*,*,*,キリスト,キリスト,キリスト
と	助詞,格助詞,引用,*,*,*,と,ト,ト
呼ば	動詞,自立,*,*,五段・バ行,未然形,呼ぶ,ヨバ,ヨバ
れる	動詞,接尾,*,*,一段,基本形,れる,レル,レル
イエス	名詞,一般,*,*,*,*,イエス,イエス,イエス
が	助詞,格助詞,一般,*,*,*,が,ガ,ガ
生まれ	動詞,自立,*,*,一段,連用形,生まれる,ウマレ,ウマレ
た	助動詞,*,*,*,特殊・タ,基本形,た,タ,タ
。	記号,句点,*,*,*,*,。,。,。
それで	接続詞,*,*,*,*,*,それで,ソレデ,ソレデ
，	記号,読点,*,*,*,*,，,，,，
アブラハム	名詞,一般,*,*,*,*,*
から	助詞,格助詞,一般,*,*,*,から,カラ,カラ
ダビデ	名詞,一般,*,*,*,*,*
まで	助詞,副助詞,*,*,*,*,まで,マデ,マデ
の	助詞,連体化,*,*,*,*,の,ノ,ノ
世代	名詞,一般,*,*,*,*,世代,セダイ,セダイ
は	助詞,係助詞,*,*,*,*,は,ハ,ワ
全部	名詞,副詞可能,*,*,*,*,全部,ゼンブ,ゼンブ
で	助詞,格助詞,一般,*,*,*,で,デ,デ
十	名詞,数,*,*,*,*,十,ジュウ,ジュー
四	名詞,数,*,*,*,*,四,ヨン,ヨン
代	名詞,接尾,助数詞,*,*,*,代,ダイ,ダイ
，	記号,読点,*,*,*,*,，,，,，
ダビデ	名詞,一般,*,*,*,*,*
から	助詞,格助詞,一般,*,*,*,から,カラ,カラ
バビロン	名詞,一般,*,*,*,*,*
へ	助詞,格助詞,一般,*,*,*,へ,ヘ,エ
の	助詞,連体化,*,*,*,*,の,ノ,ノ
強制	名詞,サ変接続,*,*,*,*,強制,キョウセイ,キョーセイ
移住	名詞,サ変接続,*,*,*,*,移住,イジュウ,イジュー
まで	助詞,副助詞,*,*,*,*,まで,マデ,マデ
は	助詞,係助詞,*,*,*,*,は,ハ,ワ
十	名詞,数,*,*,*,*,十,ジュウ,ジュー
四	名詞,数,*,*,*,*,四,ヨン,ヨン
代	名詞,接尾,助数詞,*,*,*,代,ダイ,ダイ
，	記号,読点,*,*,*,*,，,，,，
バビロン	名詞,一般,*,*,*,*,*
へ	助詞,格助詞,一般,*,*,*,へ,ヘ,エ
の	助詞,連体化,*,*,*,*,の,ノ,ノ
強制	名詞,サ変接続,*,*,*,*,強制,キョウセイ,キョーセイ
移住	名詞,サ変接続,*,*,*,*,移住,イジュウ,イジュー
から	助詞,格助詞,一般,*,*,*,から,カラ,カラ
キリスト	名詞,固有名詞,一般,*,*,*,キリスト,キリスト,キリスト
まで	助詞,副助詞,*,*,*,*,まで,マデ,マデ
は	助詞,係助詞,*,*,*,*,は,ハ,ワ
十	名詞,数,*,*,*,*,十,ジュウ,ジュー
四	名詞,数,*,*,*,*,四,ヨン,ヨン
代	名詞,接尾,助数詞,*,*,*,代,ダイ,ダイ
で	助動詞,*,*,*,特殊・ダ,連用形,だ,デ,デ
あっ	助動詞,*,*,*,五段・ラ行アル,連用タ接続,ある,アッ,アッ
た	助動詞,*,*,*,特殊・タ,基本形,た,タ,タ
。	記号,句点,*,*,*,*,。,。,。
ところで	接続詞,*,*,*,*,*,ところで,トコロデ,トコロデ
，	記号,読点,*,*,*,*,，,，,，
イエス	名詞,一般,*,*,*,*,イエス,イエス,イエス
･	名詞,サ変接続,*,*,*,*,*
キリスト	名詞,固有名詞,一般,*,*,*,キリスト,キリスト,キリスト
の	助詞,連体化,*,*,*,*,の,ノ,ノ
誕生	名詞,サ変接続,*,*,*,*,誕生,タンジョウ,タンジョー
は	助詞,係助詞,*,*,*,*,は,ハ,ワ
こう	副詞,助詞類接続,*,*,*,*,こう,コウ,コー
で	助動詞,*,*,*,特殊・ダ,連用形,だ,デ,デ
あっ	助動詞,*,*,*,五段・ラ行アル,連用タ接続,ある,アッ,アッ
た	助動詞,*,*,*,特殊・タ,基本形,た,タ,タ
。	記号,句点,*,*,*,*,。,。,。
その	連体詞,*,*,*,*,*,その,ソノ,ソノ
母	名詞,一般,*,*,*,*,母,ハハ,ハハ
マリア	名詞,固有名詞,一般,*,*,*,マリア,マリア,マリア
が	助詞,格助詞,一般,*,*,*,が,ガ,ガ
ヨセフ	名詞,一般,*,*,*,*,*
と	助詞,格助詞,一般,*,*,*,と,ト,ト
婚約	名詞,サ変接続,*,*,*,*,婚約,コンヤク,コンヤク
中	名詞,接尾,副詞可能,*,*,*,中,チュウ,チュー
で	助動詞,*,*,*,特殊・ダ,連用形,だ,デ,デ
あっ	助動詞,*,*,*,五段・ラ行アル,連用タ接続,ある,アッ,アッ
た	助動詞,*,*,*,特殊・タ,基本形,た,タ,タ
時	名詞,非自立,副詞可能,*,*,*,時,トキ,トキ
，	記号,読点,*,*,*,*,，,，,，
ふたり	名詞,一般,*,*,*,*,ふたり,フタリ,フタリ
が	助詞,格助詞,一般,*,*,*,が,ガ,ガ
結ば	動詞,自立,*,*,五段・バ行,未然形,結ぶ,ムスバ,ムスバ
れる	動詞,接尾,*,*,一段,基本形,れる,レル,レル
前	名詞,副詞可能,*,*,*,*,前,マエ,マエ
に	助詞,格助詞,一般,*,*,*,に,ニ,ニ
，	記号,読点,*,*,*,*,，,，,，
彼女	名詞,代名詞,一般,*,*,*,彼女,カノジョ,カノジョ
が	助詞,格助詞,一般,*,*,*,が,ガ,ガ
聖霊	名詞,一般,*,*,*,*,聖霊,セイレイ,セイレイ
によって	助詞,格助詞,連語,*,*,*,によって,ニヨッテ,ニヨッテ
妊娠	名詞,サ変接続,*,*,*,*,妊娠,ニンシン,ニンシン
し	動詞,自立,*,*,サ変・スル,連用形,する,シ,シ
て	助詞,接続助詞,*,*,*,*,て,テ,テ
いる	動詞,非自立,*,*,一段,基本形,いる,イル,イル
こと	名詞,非自立,一般,*,*,*,こと,コト,コト
が	助詞,格助詞,一般,*,*,*,が,ガ,ガ
分かっ	動詞,自立,*,*,五段・ラ行,連用タ接続,分かる,ワカッ,ワカッ
た	助動詞,*,*,*,特殊・タ,基本形,た,タ,タ
。	記号,句点,*,*,*,*,。,。,。
しかし	接続詞,*,*,*,*,*,しかし,シカシ,シカシ
，	記号,読点,*,*,*,*,，,，,，
その	連体詞,*,*,*,*,*,その,ソノ,ソノ
夫	名詞,一般,*,*,*,*,夫,オット,オット
ヨセフ	名詞,一般,*,*,*,*,*
は	助詞,係助詞,*,*,*,*,は,ハ,ワ
義	名詞,形容動詞語幹,*,*,*,*,義,ギ,ギ
に	助詞,副詞化,*,*,*,*,に,ニ,ニ
かなっ	動詞,自立,*,*,五段・ワ行促音便,連用タ接続,かなう,カナッ,カナッ
た	助動詞,*,*,*,特殊・タ,基本形,た,タ,タ
人	名詞,一般,*,*,*,*,人,ヒト,ヒト
で	助動詞,*,*,*,特殊・ダ,連用形,だ,デ,デ
あり	助動詞,*,*,*,五段・ラ行アル,連用形,ある,アリ,アリ
，	記号,読点,*,*,*,*,，,，,，
また	接続詞,*,*,*,*,*,また,マタ,マタ
彼女	名詞,代名詞,一般,*,*,*,彼女,カノジョ,カノジョ
を	助詞,格助詞,一般,*,*,*,を,ヲ,ヲ
さらし者	名詞,一般,*,*,*,*,さらし者,サラシモノ,サラシモノ
に	助詞,格助詞,一般,*,*,*,に,ニ,ニ
する	動詞,自立,*,*,サ変・スル,基本形,する,スル,スル
こと	名詞,非自立,一般,*,*,*,こと,コト,コト
を	助詞,格助詞,一般,*,*,*,を,ヲ,ヲ
望ま	動詞,自立,*,*,五段・マ行,未然形,望む,ノゾマ,ノゾマ
なかっ	助動詞,*,*,*,特殊・ナイ,連用タ接続,ない,ナカッ,ナカッ
た	助動詞,*,*,*,特殊・タ,基本形,た,タ,タ
ので	助詞,接続助詞,*,*,*,*,ので,ノデ,ノデ
，	記号,読点,*,*,*,*,，,，,，
ひそか	名詞,形容動詞語幹,*,*,*,*,ひそか,ヒソカ,ヒソカ
に	助詞,副詞化,*,*,*,*,に,ニ,ニ
離婚	名詞,サ変接続,*,*,*,*,離婚,リコン,リコン
しよ	動詞,自立,*,*,サ変・スル,未然ウ接続,する,シヨ,シヨ
う	助動詞,*,*,*,不変化型,基本形,う,ウ,ウ
と	助詞,格助詞,引用,*,*,*,と,ト,ト
思っ	動詞,自立,*,*,五段・ワ行促音便,連用タ接続,思う,オモッ,オモッ
た	助動詞,*,*,*,特殊・タ,基本形,た,タ,タ
。	記号,句点,*,*,*,*,。,。,。
しかし	接続詞,*,*,*,*,*,しかし,シカシ,シカシ
，	記号,読点,*,*,*,*,，,，,，
彼	名詞,代名詞,一般,*,*,*,彼,カレ,カレ
が	助詞,格助詞,一般,*,*,*,が,ガ,ガ
これら	名詞,代名詞,一般,*,*,*,これら,コレラ,コレラ
の	助詞,連体化,*,*,*,*,の,ノ,ノ
こと	名詞,非自立,一般,*,*,*,こと,コト,コト
を	助詞,格助詞,一般,*,*,*,を,ヲ,ヲ
よく	副詞,一般,*,*,*,*,よく,ヨク,ヨク
考え	動詞,自立,*,*,一段,連用形,考える,カンガエ,カンガエ
た	助動詞,*,*,*,特殊・タ,基本形,た,タ,タ
のち	名詞,非自立,副詞可能,*,*,*,のち,ノチ,ノチ
，	記号,読点,*,*,*,*,，,，,，
見よ	動詞,自立,*,*,一段,命令ｙｏ,見る,ミヨ,ミヨ
，	記号,読点,*,*,*,*,，,，,，
エホバ	名詞,一般,*,*,*,*,エホバ,エホバ,エホバ
のみ	助詞,副助詞,*,*,*,*,のみ,ノミ,ノミ
使い	名詞,一般,*,*,*,*,使い,ツカイ,ツカイ
が	助詞,格助詞,一般,*,*,*,が,ガ,ガ
夢	名詞,一般,*,*,*,*,夢,ユメ,ユメ
の	助詞,連体化,*,*,*,*,の,ノ,ノ
中	名詞,非自立,副詞可能,*,*,*,中,ナカ,ナカ
で	助詞,格助詞,一般,*,*,*,で,デ,デ
彼	名詞,代名詞,一般,*,*,*,彼,カレ,カレ
に	助詞,格助詞,一般,*,*,*,に,ニ,ニ
現われ	動詞,自立,*,*,一段,連用形,現われる,アラワレ,アラワレ
て	助詞,接続助詞,*,*,*,*,て,テ,テ
，	記号,読点,*,*,*,*,，,，,，
こう	副詞,助詞類接続,*,*,*,*,こう,コウ,コー
言っ	動詞,自立,*,*,五段・ワ行促音便,連用タ接続,言う,イッ,イッ
た	助動詞,*,*,*,特殊・タ,基本形,た,タ,タ
。	記号,句点,*,*,*,*,。,。,。
「	記号,括弧開,*,*,*,*,「,「,「
ダビデ	名詞,一般,*,*,*,*,*
の	助詞,連体化,*,*,*,*,の,ノ,ノ
子	接頭詞,名詞接続,*,*,*,*,子,コ,コ
ヨセフ	名詞,一般,*,*,*,*,*
よ	助詞,終助詞,*,*,*,*,よ,ヨ,ヨ
，	記号,読点,*,*,*,*,，,，,，
あなた	名詞,代名詞,一般,*,*,*,あなた,アナタ,アナタ
の	助詞,連体化,*,*,*,*,の,ノ,ノ
妻	名詞,一般,*,*,*,*,妻,ツマ,ツマ
マリア	名詞,固有名詞,一般,*,*,*,マリア,マリア,マリア
を	助詞,格助詞,一般,*,*,*,を,ヲ,ヲ
迎え入れる	動詞,自立,*,*,一段,基本形,迎え入れる,ムカエイレル,ムカエイレル
こと	名詞,非自立,一般,*,*,*,こと,コト,コト
を	助詞,格助詞,一般,*,*,*,を,ヲ,ヲ
恐れ	動詞,自立,*,*,一段,連用形,恐れる,オソレ,オソレ
て	助詞,接続助詞,*,*,*,*,て,テ,テ
は	助詞,係助詞,*,*,*,*,は,ハ,ワ
なら	動詞,非自立,*,*,五段・ラ行,未然形,なる,ナラ,ナラ
ない	助動詞,*,*,*,特殊・ナイ,基本形,ない,ナイ,ナイ
。	記号,句点,*,*,*,*,。,。,。
彼女	名詞,代名詞,一般,*,*,*,彼女,カノジョ,カノジョ
の	助詞,連体化,*,*,*,*,の,ノ,ノ
うち	名詞,非自立,副詞可能,*,*,*,うち,ウチ,ウチ
に	助詞,格助詞,一般,*,*,*,に,ニ,ニ
宿さ	動詞,自立,*,*,五段・サ行,未然形,宿す,ヤドサ,ヤドサ
れ	動詞,接尾,*,*,一段,連用形,れる,レ,レ
て	助詞,接続助詞,*,*,*,*,て,テ,テ
いる	動詞,非自立,*,*,一段,基本形,いる,イル,イル
もの	名詞,非自立,一般,*,*,*,もの,モノ,モノ
は	助詞,係助詞,*,*,*,*,は,ハ,ワ
聖霊	名詞,一般,*,*,*,*,聖霊,セイレイ,セイレイ
による	助詞,格助詞,連語,*,*,*,による,ニヨル,ニヨル
の	名詞,非自立,一般,*,*,*,の,ノ,ノ
で	助動詞,*,*,*,特殊・ダ,連用形,だ,デ,デ
ある	助動詞,*,*,*,五段・ラ行アル,基本形,ある,アル,アル
。	記号,句点,*,*,*,*,。,。,。
彼女	名詞,代名詞,一般,*,*,*,彼女,カノジョ,カノジョ
は	助詞,係助詞,*,*,*,*,は,ハ,ワ
男の子	名詞,一般,*,*,*,*,男の子,オトコノコ,オトコノコ
を	助詞,格助詞,一般,*,*,*,を,ヲ,ヲ
産む	動詞,自立,*,*,五段・マ行,基本形,産む,ウム,ウム
で	助動詞,*,*,*,特殊・ダ,連用形,だ,デ,デ
あろ	助動詞,*,*,*,五段・ラ行アル,未然ウ接続,ある,アロ,アロ
う	助動詞,*,*,*,不変化型,基本形,う,ウ,ウ
。	記号,句点,*,*,*,*,。,。,。
あなた	名詞,代名詞,一般,*,*,*,あなた,アナタ,アナタ
は	助詞,係助詞,*,*,*,*,は,ハ,ワ
その	連体詞,*,*,*,*,*,その,ソノ,ソノ
名	名詞,一般,*,*,*,*,名,ナ,ナ
を	助詞,格助詞,一般,*,*,*,を,ヲ,ヲ
イエス	名詞,一般,*,*,*,*,イエス,イエス,イエス
と	助詞,格助詞,引用,*,*,*,と,ト,ト
呼ば	動詞,自立,*,*,五段・バ行,未然形,呼ぶ,ヨバ,ヨバ
なけれ	助動詞,*,*,*,特殊・ナイ,仮定形,ない,ナケレ,ナケレ
ば	助詞,接続助詞,*,*,*,*,ば,バ,バ
なら	動詞,非自立,*,*,五段・ラ行,未然形,なる,ナラ,ナラ
ない	助動詞,*,*,*,特殊・ナイ,基本形,ない,ナイ,ナイ
。	記号,句点,*,*,*,*,。,。,。
彼	名詞,代名詞,一般,*,*,*,彼,カレ,カレ
は	助詞,係助詞,*,*,*,*,は,ハ,ワ
自分	名詞,一般,*,*,*,*,自分,ジブン,ジブン
の	助詞,連体化,*,*,*,*,の,ノ,ノ
民	名詞,一般,*,*,*,*,民,ミン,ミン
を	助詞,格助詞,一般,*,*,*,を,ヲ,ヲ
その	連体詞,*,*,*,*,*,その,ソノ,ソノ
罪	名詞,一般,*,*,*,*,罪,ツミ,ツミ
から	助詞,格助詞,一般,*,*,*,から,カラ,カラ
救う	動詞,自立,*,*,五段・ワ行促音便,基本形,救う,スクウ,スクウ
から	助詞,接続助詞,*,*,*,*,から,カラ,カラ
で	助動詞,*,*,*,特殊・ダ,連用形,だ,デ,デ
ある	助動詞,*,*,*,五段・ラ行アル,基本形,ある,アル,アル
」	記号,括弧閉,*,*,*,*,」,」,」
。	記号,句点,*,*,*,*,。,。,。
この	連体詞,*,*,*,*,*,この,コノ,コノ
すべて	名詞,副詞可能,*,*,*,*,すべて,スベテ,スベテ
は	助詞,係助詞,*,*,*,*,は,ハ,ワ
，	記号,読点,*,*,*,*,，,，,，
預言	名詞,サ変接続,*,*,*,*,預言,ヨゲン,ヨゲン
者	名詞,接尾,一般,*,*,*,者,シャ,シャ
を通して	助詞,格助詞,連語,*,*,*,を通して,ヲトオシテ,ヲトーシテ
エホバ	名詞,一般,*,*,*,*,エホバ,エホバ,エホバ
によって	助詞,格助詞,連語,*,*,*,によって,ニヨッテ,ニヨッテ
語ら	動詞,自立,*,*,五段・ラ行,未然形,語る,カタラ,カタラ
れ	動詞,接尾,*,*,一段,連用形,れる,レ,レ
た	助動詞,*,*,*,特殊・タ,基本形,た,タ,タ
こと	名詞,非自立,一般,*,*,*,こと,コト,コト
が	助詞,格助詞,一般,*,*,*,が,ガ,ガ
成就	名詞,サ変接続,*,*,*,*,成就,ジョウジュ,ジョージュ
する	動詞,自立,*,*,サ変・スル,基本形,する,スル,スル
ため	名詞,非自立,副詞可能,*,*,*,ため,タメ,タメ
に	助詞,格助詞,一般,*,*,*,に,ニ,ニ
実際	副詞,助詞類接続,*,*,*,*,実際,ジッサイ,ジッサイ
に	助詞,副詞化,*,*,*,*,に,ニ,ニ
起き	動詞,自立,*,*,一段,連用形,起きる,オキ,オキ
た	助動詞,*,*,*,特殊・タ,基本形,た,タ,タ
の	名詞,非自立,一般,*,*,*,の,ノ,ノ
で	助動詞,*,*,*,特殊・ダ,連用形,だ,デ,デ
ある	助動詞,*,*,*,五段・ラ行アル,基本形,ある,アル,アル
。	記号,句点,*,*,*,*,。,。,。
こう	副詞,助詞類接続,*,*,*,*,こう,コウ,コー
言わ	動詞,自立,*,*,五段・ワ行促音便,未然形,言う,イワ,イワ
れ	動詞,接尾,*,*,一段,連用形,れる,レ,レ
て	助詞,接続助詞,*,*,*,*,て,テ,テ
い	動詞,非自立,*,*,一段,連用形,いる,イ,イ
た	助動詞,*,*,*,特殊・タ,基本形,た,タ,タ
。	記号,句点,*,*,*,*,。,。,。
「	記号,括弧開,*,*,*,*,「,「,「
見よ	動詞,自立,*,*,一段,命令ｙｏ,見る,ミヨ,ミヨ
，	記号,読点,*,*,*,*,，,，,，
処女	名詞,一般,*,*,*,*,処女,ショジョ,ショジョ
が	助詞,格助詞,一般,*,*,*,が,ガ,ガ
妊娠	名詞,サ変接続,*,*,*,*,妊娠,ニンシン,ニンシン
し	動詞,自立,*,*,サ変・スル,連用形,する,シ,シ
て	助詞,接続助詞,*,*,*,*,て,テ,テ
男の子	名詞,一般,*,*,*,*,男の子,オトコノコ,オトコノコ
を	助詞,格助詞,一般,*,*,*,を,ヲ,ヲ
産み	動詞,自立,*,*,五段・マ行,連用形,産む,ウミ,ウミ
，	記号,読点,*,*,*,*,，,，,，
彼ら	名詞,代名詞,一般,*,*,*,彼ら,カレラ,カレラ
は	助詞,係助詞,*,*,*,*,は,ハ,ワ
その	連体詞,*,*,*,*,*,その,ソノ,ソノ
名	名詞,一般,*,*,*,*,名,ナ,ナ
を	助詞,格助詞,一般,*,*,*,を,ヲ,ヲ
インマヌエル	名詞,一般,*,*,*,*,*
と	助詞,格助詞,一般,*,*,*,と,ト,ト
呼ぶ	動詞,自立,*,*,五段・バ行,基本形,呼ぶ,ヨブ,ヨブ
で	助動詞,*,*,*,特殊・ダ,連用形,だ,デ,デ
あろ	助動詞,*,*,*,五段・ラ行アル,未然ウ接続,ある,アロ,アロ
う	助動詞,*,*,*,不変化型,基本形,う,ウ,ウ
」	記号,括弧閉,*,*,*,*,」,」,」
。	記号,句点,*,*,*,*,。,。,。
これ	名詞,代名詞,一般,*,*,*,これ,コレ,コレ
は	助詞,係助詞,*,*,*,*,は,ハ,ワ
，	記号,読点,*,*,*,*,，,，,，
訳せ	動詞,自立,*,*,五段・サ行,仮定形,訳す,ヤクセ,ヤクセ
ば	助詞,接続助詞,*,*,*,*,ば,バ,バ
，	記号,読点,*,*,*,*,，,，,，
「	記号,括弧開,*,*,*,*,「,「,「
わたし	名詞,代名詞,一般,*,*,*,わたし,ワタシ,ワタシ
たち	名詞,接尾,一般,*,*,*,たち,タチ,タチ
と共に	助詞,格助詞,連語,*,*,*,と共に,トトモニ,トトモニ
神	名詞,一般,*,*,*,*,神,カミ,カミ
は	助詞,係助詞,*,*,*,*,は,ハ,ワ
おら	動詞,自立,*,*,五段・ラ行,未然形,おる,オラ,オラ
れる	動詞,接尾,*,*,一段,基本形,れる,レル,レル
」	記号,括弧閉,*,*,*,*,」,」,」
という	助詞,格助詞,連語,*,*,*,という,トイウ,トユウ
意味	名詞,サ変接続,*,*,*,*,意味,イミ,イミ
で	助動詞,*,*,*,特殊・ダ,連用形,だ,デ,デ
ある	助動詞,*,*,*,五段・ラ行アル,基本形,ある,アル,アル
。	記号,句点,*,*,*,*,。,。,。
そこで	接続詞,*,*,*,*,*,そこで,ソコデ,ソコデ
ヨセフ	名詞,一般,*,*,*,*,*
は	助詞,係助詞,*,*,*,*,は,ハ,ワ
眠り	名詞,一般,*,*,*,*,眠り,ネムリ,ネムリ
から	助詞,格助詞,一般,*,*,*,から,カラ,カラ
覚め	動詞,自立,*,*,一段,連用形,覚める,サメ,サメ
，	記号,読点,*,*,*,*,，,，,，
エホバ	名詞,一般,*,*,*,*,エホバ,エホバ,エホバ
のみ	助詞,副助詞,*,*,*,*,のみ,ノミ,ノミ
使い	名詞,一般,*,*,*,*,使い,ツカイ,ツカイ
が	助詞,格助詞,一般,*,*,*,が,ガ,ガ
指示	名詞,サ変接続,*,*,*,*,指示,シジ,シジ
し	動詞,自立,*,*,サ変・スル,連用形,する,シ,シ
た	助動詞,*,*,*,特殊・タ,基本形,た,タ,タ
とおり	名詞,非自立,副詞可能,*,*,*,とおり,トオリ,トーリ
に	助詞,格助詞,一般,*,*,*,に,ニ,ニ
行ない	動詞,自立,*,*,五段・ワ行促音便,連用形,行なう,オコナイ,オコナイ
，	記号,読点,*,*,*,*,，,，,，
自分	名詞,一般,*,*,*,*,自分,ジブン,ジブン
の	助詞,連体化,*,*,*,*,の,ノ,ノ
妻	名詞,一般,*,*,*,*,妻,ツマ,ツマ
を	助詞,格助詞,一般,*,*,*,を,ヲ,ヲ
迎え入れ	動詞,自立,*,*,一段,連用形,迎え入れる,ムカエイレ,ムカエイレ
た	助動詞,*,*,*,特殊・タ,基本形,た,タ,タ
。	記号,句点,*,*,*,*,。,。,。
しかし	接続詞,*,*,*,*,*,しかし,シカシ,シカシ
，	記号,読点,*,*,*,*,，,，,，
彼女	名詞,代名詞,一般,*,*,*,彼女,カノジョ,カノジョ
が	助詞,格助詞,一般,*,*,*,が,ガ,ガ
子	名詞,一般,*,*,*,*,子,コ,コ
を	助詞,格助詞,一般,*,*,*,を,ヲ,ヲ
産む	動詞,自立,*,*,五段・マ行,基本形,産む,ウム,ウム
まで	助詞,副助詞,*,*,*,*,まで,マデ,マデ
は	助詞,係助詞,*,*,*,*,は,ハ,ワ
，	記号,読点,*,*,*,*,，,，,，
彼女	名詞,代名詞,一般,*,*,*,彼女,カノジョ,カノジョ
と	助詞,格助詞,一般,*,*,*,と,ト,ト
交わり	名詞,一般,*,*,*,*,交わり,マジワリ,マジワリ
を	助詞,格助詞,一般,*,*,*,を,ヲ,ヲ
持た	動詞,自立,*,*,五段・タ行,未然形,持つ,モタ,モタ
なかっ	助動詞,*,*,*,特殊・ナイ,連用タ接続,ない,ナカッ,ナカッ
た	助動詞,*,*,*,特殊・タ,基本形,た,タ,タ
。	記号,句点,*,*,*,*,。,。,。
そして	接続詞,*,*,*,*,*,そして,ソシテ,ソシテ
彼	名詞,代名詞,一般,*,*,*,彼,カレ,カレ
は	助詞,係助詞,*,*,*,*,は,ハ,ワ
その	連体詞,*,*,*,*,*,その,ソノ,ソノ
[	名詞,サ変接続,*,*,*,*,*
子	名詞,接尾,一般,*,*,*,子,コ,コ
]	名詞,サ変接続,*,*,*,*,*
の	助詞,連体化,*,*,*,*,の,ノ,ノ
名	名詞,一般,*,*,*,*,名,ナ,ナ
を	助詞,格助詞,一般,*,*,*,を,ヲ,ヲ
イエス	名詞,一般,*,*,*,*,イエス,イエス,イエス
と	助詞,格助詞,一般,*,*,*,と,ト,ト
呼ん	動詞,自立,*,*,五段・バ行,連用タ接続,呼ぶ,ヨン,ヨン
だ	助動詞,*,*,*,特殊・タ,基本形,だ,ダ,ダ
。	記号,句点,*,*,*,*,。,。,。
EOS
