朝	名詞,副詞可能,*,*,*,*,朝,アサ,アサ
に	助詞,格助詞,一般,*,*,*,に,ニ,ニ
なっ	動詞,自立,*,*,五段・ラ行,連用タ接続,なる,ナッ,ナッ
て	助詞,接続助詞,*,*,*,*,て,テ,テ
から	助詞,格助詞,一般,*,*,*,から,カラ,カラ
，	記号,読点,*,*,*,*,，,，,，
祭司	名詞,一般,*,*,*,*,祭司,サイシ,サイシ
長	名詞,接尾,一般,*,*,*,長,チョウ,チョー
と	助詞,並立助詞,*,*,*,*,と,ト,ト
民	名詞,一般,*,*,*,*,民,ミン,ミン
の	助詞,連体化,*,*,*,*,の,ノ,ノ
年長	名詞,一般,*,*,*,*,年長,ネンチョウ,ネンチョー
者	名詞,接尾,一般,*,*,*,者,シャ,シャ
たち	名詞,接尾,一般,*,*,*,たち,タチ,タチ
全員	名詞,一般,*,*,*,*,全員,ゼンイン,ゼンイン
は	助詞,係助詞,*,*,*,*,は,ハ,ワ
，	記号,読点,*,*,*,*,，,，,，
イエス	名詞,一般,*,*,*,*,イエス,イエス,イエス
を	助詞,格助詞,一般,*,*,*,を,ヲ,ヲ
死刑	名詞,一般,*,*,*,*,死刑,シケイ,シケイ
に	助詞,格助詞,一般,*,*,*,に,ニ,ニ
しよ	動詞,自立,*,*,サ変・スル,未然ウ接続,する,シヨ,シヨ
う	助動詞,*,*,*,不変化型,基本形,う,ウ,ウ
と	助詞,格助詞,引用,*,*,*,と,ト,ト
協議	名詞,サ変接続,*,*,*,*,協議,キョウギ,キョーギ
し	動詞,自立,*,*,サ変・スル,連用形,する,シ,シ
た	助動詞,*,*,*,特殊・タ,基本形,た,タ,タ
。	記号,句点,*,*,*,*,。,。,。
そして	接続詞,*,*,*,*,*,そして,ソシテ,ソシテ
，	記号,読点,*,*,*,*,，,，,，
彼	名詞,代名詞,一般,*,*,*,彼,カレ,カレ
を	助詞,格助詞,一般,*,*,*,を,ヲ,ヲ
縛っ	動詞,自立,*,*,五段・ラ行,連用タ接続,縛る,シバッ,シバッ
て	助詞,接続助詞,*,*,*,*,て,テ,テ
から	助詞,格助詞,一般,*,*,*,から,カラ,カラ
，	記号,読点,*,*,*,*,，,，,，
引い	動詞,自立,*,*,五段・カ行イ音便,連用タ接続,引く,ヒイ,ヒイ
て	助詞,接続助詞,*,*,*,*,て,テ,テ
行っ	動詞,非自立,*,*,五段・カ行促音便,連用タ接続,行く,イッ,イッ
て	助詞,接続助詞,*,*,*,*,て,テ,テ
，	記号,読点,*,*,*,*,，,，,，
総督	名詞,一般,*,*,*,*,総督,ソウトク,ソートク
ピラト	名詞,一般,*,*,*,*,*
に	助詞,格助詞,一般,*,*,*,に,ニ,ニ
引き渡し	動詞,自立,*,*,五段・サ行,連用形,引き渡す,ヒキワタシ,ヒキワタシ
た	助動詞,*,*,*,特殊・タ,基本形,た,タ,タ
。	記号,句点,*,*,*,*,。,。,。
その	連体詞,*,*,*,*,*,その,ソノ,ソノ
時	名詞,非自立,副詞可能,*,*,*,時,トキ,トキ
，	記号,読点,*,*,*,*,，,，,，
[	名詞,サ変接続,*,*,*,*,*
イエス	名詞,一般,*,*,*,*,イエス,イエス,イエス
]	名詞,サ変接続,*,*,*,*,*
を	助詞,格助詞,一般,*,*,*,を,ヲ,ヲ
裏切っ	動詞,自立,*,*,五段・ラ行,連用タ接続,裏切る,ウラギッ,ウラギッ
た	助動詞,*,*,*,特殊・タ,基本形,た,タ,タ
ユダ	名詞,一般,*,*,*,*,*
は	助詞,係助詞,*,*,*,*,は,ハ,ワ
，	記号,読点,*,*,*,*,，,，,，
彼	名詞,代名詞,一般,*,*,*,彼,カレ,カレ
が	助詞,格助詞,一般,*,*,*,が,ガ,ガ
罪	名詞,一般,*,*,*,*,罪,ツミ,ツミ
に	助詞,格助詞,一般,*,*,*,に,ニ,ニ
定め	動詞,自立,*,*,一段,未然形,定める,サダメ,サダメ
られ	動詞,接尾,*,*,一段,連用形,られる,ラレ,ラレ
た	助動詞,*,*,*,特殊・タ,基本形,た,タ,タ
の	名詞,非自立,一般,*,*,*,の,ノ,ノ
を	助詞,格助詞,一般,*,*,*,を,ヲ,ヲ
見	動詞,自立,*,*,一段,連用形,見る,ミ,ミ
て	助詞,接続助詞,*,*,*,*,て,テ,テ
悔恨	名詞,一般,*,*,*,*,悔恨,カイコン,カイコン
の	助詞,連体化,*,*,*,*,の,ノ,ノ
情	名詞,一般,*,*,*,*,情,ジョウ,ジョー
を	助詞,格助詞,一般,*,*,*,を,ヲ,ヲ
感じ	動詞,自立,*,*,一段,連用形,感じる,カンジ,カンジ
，	記号,読点,*,*,*,*,，,，,，
銀	名詞,一般,*,*,*,*,銀,ギン,ギン
三	名詞,数,*,*,*,*,三,サン,サン
十	名詞,数,*,*,*,*,十,ジュウ,ジュー
枚	名詞,接尾,助数詞,*,*,*,枚,マイ,マイ
を	助詞,格助詞,一般,*,*,*,を,ヲ,ヲ
祭司	名詞,一般,*,*,*,*,祭司,サイシ,サイシ
長	名詞,接尾,一般,*,*,*,長,チョウ,チョー
と	助詞,並立助詞,*,*,*,*,と,ト,ト
年長	名詞,一般,*,*,*,*,年長,ネンチョウ,ネンチョー
者	名詞,接尾,一般,*,*,*,者,シャ,シャ
たち	名詞,接尾,一般,*,*,*,たち,タチ,タチ
に	助詞,格助詞,一般,*,*,*,に,ニ,ニ
返し	動詞,自立,*,*,五段・サ行,連用形,返す,カエシ,カエシ
て	助詞,接続助詞,*,*,*,*,て,テ,テ
，	記号,読点,*,*,*,*,，,，,，
「	記号,括弧開,*,*,*,*,「,「,「
わたし	名詞,代名詞,一般,*,*,*,わたし,ワタシ,ワタシ
は	助詞,係助詞,*,*,*,*,は,ハ,ワ
義	名詞,一般,*,*,*,*,義,ギ,ギ
の	助詞,連体化,*,*,*,*,の,ノ,ノ
血	名詞,一般,*,*,*,*,血,チ,チ
を	助詞,格助詞,一般,*,*,*,を,ヲ,ヲ
売り渡し	動詞,自立,*,*,五段・サ行,連用形,売り渡す,ウリワタシ,ウリワタシ
て	助詞,接続助詞,*,*,*,*,て,テ,テ
罪	名詞,一般,*,*,*,*,罪,ツミ,ツミ
を	助詞,格助詞,一般,*,*,*,を,ヲ,ヲ
おかし	動詞,自立,*,*,五段・サ行,連用形,おかす,オカシ,オカシ
た	助動詞,*,*,*,特殊・タ,基本形,た,タ,タ
」	記号,括弧閉,*,*,*,*,」,」,」
と	助詞,格助詞,引用,*,*,*,と,ト,ト
言っ	動詞,自立,*,*,五段・ワ行促音便,連用タ接続,言う,イッ,イッ
た	助動詞,*,*,*,特殊・タ,基本形,た,タ,タ
。	記号,句点,*,*,*,*,。,。,。
彼ら	名詞,代名詞,一般,*,*,*,彼ら,カレラ,カレラ
は	助詞,係助詞,*,*,*,*,は,ハ,ワ
，	記号,読点,*,*,*,*,，,，,，
「	記号,括弧開,*,*,*,*,「,「,「
それ	名詞,代名詞,一般,*,*,*,それ,ソレ,ソレ
が	助詞,格助詞,一般,*,*,*,が,ガ,ガ
わたし	名詞,代名詞,一般,*,*,*,わたし,ワタシ,ワタシ
たち	名詞,接尾,一般,*,*,*,たち,タチ,タチ
に	助詞,格助詞,一般,*,*,*,に,ニ,ニ
どう	副詞,助詞類接続,*,*,*,*,どう,ドウ,ドー
し	動詞,自立,*,*,サ変・スル,連用形,する,シ,シ
た	助動詞,*,*,*,特殊・タ,基本形,た,タ,タ
という	助詞,格助詞,連語,*,*,*,という,トイウ,トユウ
の	名詞,非自立,一般,*,*,*,の,ノ,ノ
か	助詞,副助詞／並立助詞／終助詞,*,*,*,*,か,カ,カ
。	記号,句点,*,*,*,*,。,。,。
あなた	名詞,代名詞,一般,*,*,*,あなた,アナタ,アナタ
が	助詞,格助詞,一般,*,*,*,が,ガ,ガ
処置	名詞,サ変接続,*,*,*,*,処置,ショチ,ショチ
す	動詞,自立,*,*,サ変・スル,文語基本形,する,ス,ス
べき	助動詞,*,*,*,文語・ベシ,体言接続,べし,ベキ,ベキ
こと	名詞,非自立,一般,*,*,*,こと,コト,コト
だ	助動詞,*,*,*,特殊・ダ,基本形,だ,ダ,ダ
！	記号,一般,*,*,*,*,！,！,！
」	記号,括弧閉,*,*,*,*,」,」,」
と	助詞,格助詞,引用,*,*,*,と,ト,ト
言っ	動詞,自立,*,*,五段・ワ行促音便,連用タ接続,言う,イッ,イッ
た	助動詞,*,*,*,特殊・タ,基本形,た,タ,タ
。	記号,句点,*,*,*,*,。,。,。
それで	接続詞,*,*,*,*,*,それで,ソレデ,ソレデ
彼	名詞,代名詞,一般,*,*,*,彼,カレ,カレ
は	助詞,係助詞,*,*,*,*,は,ハ,ワ
その	連体詞,*,*,*,*,*,その,ソノ,ソノ
銀	名詞,一般,*,*,*,*,銀,ギン,ギン
を	助詞,格助詞,一般,*,*,*,を,ヲ,ヲ
神殿	名詞,一般,*,*,*,*,神殿,シンデン,シンデン
に	助詞,格助詞,一般,*,*,*,に,ニ,ニ
投げ込ん	動詞,自立,*,*,五段・マ行,連用タ接続,投げ込む,ナゲコン,ナゲコン
で	助詞,接続助詞,*,*,*,*,で,デ,デ
引き下がり	動詞,自立,*,*,五段・ラ行,連用形,引き下がる,ヒキサガリ,ヒキサガリ
，	記号,読点,*,*,*,*,，,，,，
去っ	動詞,自立,*,*,五段・ラ行,連用タ接続,去る,サッ,サッ
て	助詞,接続助詞,*,*,*,*,て,テ,テ
行っ	動詞,非自立,*,*,五段・カ行促音便,連用タ接続,行く,イッ,イッ
て	助詞,接続助詞,*,*,*,*,て,テ,テ
首	名詞,一般,*,*,*,*,首,クビ,クビ
を	助詞,格助詞,一般,*,*,*,を,ヲ,ヲ
つっ	動詞,自立,*,*,五段・ラ行,連用タ接続,つる,ツッ,ツッ
て	助詞,接続助詞,*,*,*,*,て,テ,テ
死ん	動詞,自立,*,*,五段・ナ行,連用タ接続,死ぬ,シン,シン
だ	助動詞,*,*,*,特殊・タ,基本形,だ,ダ,ダ
。	記号,句点,*,*,*,*,。,。,。
しかし	接続詞,*,*,*,*,*,しかし,シカシ,シカシ
祭司	名詞,一般,*,*,*,*,祭司,サイシ,サイシ
長	名詞,接尾,一般,*,*,*,長,チョウ,チョー
たち	名詞,接尾,一般,*,*,*,たち,タチ,タチ
は	助詞,係助詞,*,*,*,*,は,ハ,ワ
その	連体詞,*,*,*,*,*,その,ソノ,ソノ
銀	名詞,一般,*,*,*,*,銀,ギン,ギン
を	助詞,格助詞,一般,*,*,*,を,ヲ,ヲ
取り	動詞,自立,*,*,五段・ラ行,連用形,取る,トリ,トリ
，	記号,読点,*,*,*,*,，,，,，
「	記号,括弧開,*,*,*,*,「,「,「
これ	名詞,代名詞,一般,*,*,*,これ,コレ,コレ
を	助詞,格助詞,一般,*,*,*,を,ヲ,ヲ
聖なる	連体詞,*,*,*,*,*,聖なる,セイナル,セイナル
宝物	名詞,一般,*,*,*,*,宝物,ホウモツ,ホーモツ
庫	名詞,接尾,一般,*,*,*,庫,コ,コ
に	助詞,格助詞,一般,*,*,*,に,ニ,ニ
入れる	動詞,自立,*,*,一段,基本形,入れる,イレル,イレル
こと	名詞,非自立,一般,*,*,*,こと,コト,コト
は	助詞,係助詞,*,*,*,*,は,ハ,ワ
許さ	動詞,自立,*,*,五段・サ行,未然形,許す,ユルサ,ユルサ
れ	動詞,接尾,*,*,一段,未然形,れる,レ,レ
ない	助動詞,*,*,*,特殊・ナイ,基本形,ない,ナイ,ナイ
。	記号,句点,*,*,*,*,。,。,。
これ	名詞,代名詞,一般,*,*,*,これ,コレ,コレ
は	助詞,係助詞,*,*,*,*,は,ハ,ワ
血	名詞,一般,*,*,*,*,血,チ,チ
の	助詞,連体化,*,*,*,*,の,ノ,ノ
代価	名詞,一般,*,*,*,*,代価,ダイカ,ダイカ
だ	助動詞,*,*,*,特殊・ダ,基本形,だ,ダ,ダ
から	助詞,接続助詞,*,*,*,*,から,カラ,カラ
」	記号,括弧閉,*,*,*,*,」,」,」
と	助詞,格助詞,引用,*,*,*,と,ト,ト
言っ	動詞,自立,*,*,五段・ワ行促音便,連用タ接続,言う,イッ,イッ
た	助動詞,*,*,*,特殊・タ,基本形,た,タ,タ
。	記号,句点,*,*,*,*,。,。,。
相談	名詞,サ変接続,*,*,*,*,相談,ソウダン,ソーダン
し	動詞,自立,*,*,サ変・スル,連用形,する,シ,シ
た	助動詞,*,*,*,特殊・タ,基本形,た,タ,タ
のち	名詞,非自立,副詞可能,*,*,*,のち,ノチ,ノチ
，	記号,読点,*,*,*,*,，,，,，
彼ら	名詞,代名詞,一般,*,*,*,彼ら,カレラ,カレラ
は	助詞,係助詞,*,*,*,*,は,ハ,ワ
，	記号,読点,*,*,*,*,，,，,，
見知らぬ	連体詞,*,*,*,*,*,見知らぬ,ミシラヌ,ミシラヌ
人	名詞,一般,*,*,*,*,人,ヒト,ヒト
の	助詞,連体化,*,*,*,*,の,ノ,ノ
埋葬	名詞,サ変接続,*,*,*,*,埋葬,マイソウ,マイソー
の	助詞,連体化,*,*,*,*,の,ノ,ノ
ため	名詞,非自立,副詞可能,*,*,*,ため,タメ,タメ
に	助詞,格助詞,一般,*,*,*,に,ニ,ニ
それ	名詞,代名詞,一般,*,*,*,それ,ソレ,ソレ
で	助詞,格助詞,一般,*,*,*,で,デ,デ
陶器	名詞,一般,*,*,*,*,陶器,トウキ,トーキ
師	名詞,接尾,一般,*,*,*,師,シ,シ
の	助詞,連体化,*,*,*,*,の,ノ,ノ
畑	名詞,一般,*,*,*,*,畑,ハタケ,ハタケ
を	助詞,格助詞,一般,*,*,*,を,ヲ,ヲ
買っ	動詞,自立,*,*,五段・ワ行促音便,連用タ接続,買う,カッ,カッ
た	助動詞,*,*,*,特殊・タ,基本形,た,タ,タ
。	記号,句点,*,*,*,*,。,。,。
それ	名詞,代名詞,一般,*,*,*,それ,ソレ,ソレ
ゆえ	名詞,接尾,一般,*,*,*,ゆえ,ユエ,ユエ
，	記号,読点,*,*,*,*,，,，,，
その	連体詞,*,*,*,*,*,その,ソノ,ソノ
畑	名詞,一般,*,*,*,*,畑,ハタケ,ハタケ
は	助詞,係助詞,*,*,*,*,は,ハ,ワ
今日	名詞,副詞可能,*,*,*,*,今日,キョウ,キョー
この	連体詞,*,*,*,*,*,この,コノ,コノ
日	名詞,非自立,副詞可能,*,*,*,日,ヒ,ヒ
に	助詞,格助詞,一般,*,*,*,に,ニ,ニ
至る	動詞,自立,*,*,五段・ラ行,基本形,至る,イタル,イタル
まで	助詞,副助詞,*,*,*,*,まで,マデ,マデ
，	記号,読点,*,*,*,*,，,，,，
「	記号,括弧開,*,*,*,*,「,「,「
血	名詞,一般,*,*,*,*,血,チ,チ
の	助詞,連体化,*,*,*,*,の,ノ,ノ
畑	名詞,一般,*,*,*,*,畑,ハタケ,ハタケ
」	記号,括弧閉,*,*,*,*,」,」,」
と	助詞,格助詞,引用,*,*,*,と,ト,ト
呼ば	動詞,自立,*,*,五段・バ行,未然形,呼ぶ,ヨバ,ヨバ
れ	動詞,接尾,*,*,一段,連用形,れる,レ,レ
て	助詞,接続助詞,*,*,*,*,て,テ,テ
いる	動詞,非自立,*,*,一段,基本形,いる,イル,イル
。	記号,句点,*,*,*,*,。,。,。
この	連体詞,*,*,*,*,*,この,コノ,コノ
時	名詞,非自立,副詞可能,*,*,*,時,トキ,トキ
，	記号,読点,*,*,*,*,，,，,，
預言	名詞,サ変接続,*,*,*,*,預言,ヨゲン,ヨゲン
者	名詞,接尾,一般,*,*,*,者,シャ,シャ
エレミヤ	名詞,一般,*,*,*,*,*
を通して	助詞,格助詞,連語,*,*,*,を通して,ヲトオシテ,ヲトーシテ
語ら	動詞,自立,*,*,五段・ラ行,未然形,語る,カタラ,カタラ
れ	動詞,接尾,*,*,一段,連用形,れる,レ,レ
た	助動詞,*,*,*,特殊・タ,基本形,た,タ,タ
こと	名詞,非自立,一般,*,*,*,こと,コト,コト
が	助詞,格助詞,一般,*,*,*,が,ガ,ガ
成就	名詞,サ変接続,*,*,*,*,成就,ジョウジュ,ジョージュ
し	動詞,自立,*,*,サ変・スル,連用形,する,シ,シ
た	助動詞,*,*,*,特殊・タ,基本形,た,タ,タ
。	記号,句点,*,*,*,*,。,。,。
こう	副詞,助詞類接続,*,*,*,*,こう,コウ,コー
言わ	動詞,自立,*,*,五段・ワ行促音便,未然形,言う,イワ,イワ
れ	動詞,接尾,*,*,一段,連用形,れる,レ,レ
て	助詞,接続助詞,*,*,*,*,て,テ,テ
い	動詞,非自立,*,*,一段,連用形,いる,イ,イ
た	助動詞,*,*,*,特殊・タ,基本形,た,タ,タ
。	記号,句点,*,*,*,*,。,。,。
「	記号,括弧開,*,*,*,*,「,「,「
そして	接続詞,*,*,*,*,*,そして,ソシテ,ソシテ
彼ら	名詞,代名詞,一般,*,*,*,彼ら,カレラ,カレラ
は	助詞,係助詞,*,*,*,*,は,ハ,ワ
，	記号,読点,*,*,*,*,，,，,，
値	名詞,一般,*,*,*,*,値,ネ,ネ
を	助詞,格助詞,一般,*,*,*,を,ヲ,ヲ
つけ	動詞,自立,*,*,一段,未然形,つける,ツケ,ツケ
られ	動詞,接尾,*,*,一段,連用形,られる,ラレ,ラレ
た	助動詞,*,*,*,特殊・タ,基本形,た,タ,タ
人	名詞,一般,*,*,*,*,人,ヒト,ヒト
，	記号,読点,*,*,*,*,，,，,，
つまり	接続詞,*,*,*,*,*,つまり,ツマリ,ツマリ
イスラエル	名詞,固有名詞,地域,国,*,*,イスラエル,イスラエル,イスラエル
の	助詞,連体化,*,*,*,*,の,ノ,ノ
子	名詞,一般,*,*,*,*,子,コ,コ
ら	名詞,接尾,一般,*,*,*,ら,ラ,ラ
の	助詞,格助詞,一般,*,*,*,の,ノ,ノ
ある	動詞,自立,*,*,五段・ラ行,基本形,ある,アル,アル
者	名詞,一般,*,*,*,*,者,モノ,モノ
たち	名詞,接尾,一般,*,*,*,たち,タチ,タチ
が	助詞,格助詞,一般,*,*,*,が,ガ,ガ
値	名詞,一般,*,*,*,*,値,ネ,ネ
を	助詞,格助詞,一般,*,*,*,を,ヲ,ヲ
定め	動詞,自立,*,*,一段,連用形,定める,サダメ,サダメ
た	助動詞,*,*,*,特殊・タ,基本形,た,タ,タ
者	名詞,非自立,一般,*,*,*,者,モノ,モノ
の	助詞,連体化,*,*,*,*,の,ノ,ノ
代価	名詞,一般,*,*,*,*,代価,ダイカ,ダイカ
で	助動詞,*,*,*,特殊・ダ,連用形,だ,デ,デ
ある	助動詞,*,*,*,五段・ラ行アル,基本形,ある,アル,アル
銀	名詞,一般,*,*,*,*,銀,ギン,ギン
三	名詞,数,*,*,*,*,三,サン,サン
十	名詞,数,*,*,*,*,十,ジュウ,ジュー
枚	名詞,接尾,助数詞,*,*,*,枚,マイ,マイ
を	助詞,格助詞,一般,*,*,*,を,ヲ,ヲ
取り	動詞,自立,*,*,五段・ラ行,連用形,取る,トリ,トリ
，	記号,読点,*,*,*,*,，,，,，
エホバ	名詞,一般,*,*,*,*,エホバ,エホバ,エホバ
が	助詞,格助詞,一般,*,*,*,が,ガ,ガ
わたし	名詞,代名詞,一般,*,*,*,わたし,ワタシ,ワタシ
に	助詞,格助詞,一般,*,*,*,に,ニ,ニ
命令	名詞,サ変接続,*,*,*,*,命令,メイレイ,メイレイ
さ	動詞,自立,*,*,サ変・スル,未然レル接続,する,サ,サ
れ	動詞,接尾,*,*,一段,連用形,れる,レ,レ
た	助動詞,*,*,*,特殊・タ,基本形,た,タ,タ
ところ	名詞,非自立,副詞可能,*,*,*,ところ,トコロ,トコロ
に従い	助詞,格助詞,連語,*,*,*,に従い,ニシタガイ,ニシタガイ
，	記号,読点,*,*,*,*,，,，,，
陶器	名詞,一般,*,*,*,*,陶器,トウキ,トーキ
師	名詞,接尾,一般,*,*,*,師,シ,シ
の	助詞,連体化,*,*,*,*,の,ノ,ノ
畑	名詞,一般,*,*,*,*,畑,ハタケ,ハタケ
の	助詞,連体化,*,*,*,*,の,ノ,ノ
ため	名詞,非自立,副詞可能,*,*,*,ため,タメ,タメ
に	助詞,格助詞,一般,*,*,*,に,ニ,ニ
それ	名詞,代名詞,一般,*,*,*,それ,ソレ,ソレ
を	助詞,格助詞,一般,*,*,*,を,ヲ,ヲ
与え	動詞,自立,*,*,一段,連用形,与える,アタエ,アタエ
た	助動詞,*,*,*,特殊・タ,基本形,た,タ,タ
」	記号,括弧閉,*,*,*,*,」,」,」
。	記号,句点,*,*,*,*,。,。,。
さて	接続詞,*,*,*,*,*,さて,サテ,サテ
，	記号,読点,*,*,*,*,，,，,，
イエス	名詞,一般,*,*,*,*,イエス,イエス,イエス
は	助詞,係助詞,*,*,*,*,は,ハ,ワ
総督	名詞,一般,*,*,*,*,総督,ソウトク,ソートク
の	助詞,連体化,*,*,*,*,の,ノ,ノ
前	名詞,副詞可能,*,*,*,*,前,マエ,マエ
に	助詞,格助詞,一般,*,*,*,に,ニ,ニ
立っ	動詞,自立,*,*,五段・タ行,連用タ接続,立つ,タッ,タッ
た	助動詞,*,*,*,特殊・タ,基本形,た,タ,タ
。	記号,句点,*,*,*,*,。,。,。
すると	接続詞,*,*,*,*,*,すると,スルト,スルト
総督	名詞,一般,*,*,*,*,総督,ソウトク,ソートク
は	助詞,係助詞,*,*,*,*,は,ハ,ワ
彼	名詞,代名詞,一般,*,*,*,彼,カレ,カレ
に	助詞,格助詞,一般,*,*,*,に,ニ,ニ
こう	副詞,助詞類接続,*,*,*,*,こう,コウ,コー
質問	名詞,サ変接続,*,*,*,*,質問,シツモン,シツモン
し	動詞,自立,*,*,サ変・スル,連用形,する,シ,シ
た	助動詞,*,*,*,特殊・タ,基本形,た,タ,タ
。	記号,句点,*,*,*,*,。,。,。
「	記号,括弧開,*,*,*,*,「,「,「
あなた	名詞,代名詞,一般,*,*,*,あなた,アナタ,アナタ
は	助詞,係助詞,*,*,*,*,は,ハ,ワ
ユダヤ	名詞,固有名詞,地域,一般,*,*,ユダヤ,ユダヤ,ユダヤ
人	名詞,接尾,一般,*,*,*,人,ジン,ジン
の	助詞,連体化,*,*,*,*,の,ノ,ノ
王	名詞,一般,*,*,*,*,王,オウ,オー
な	助動詞,*,*,*,特殊・ダ,体言接続,だ,ナ,ナ
の	名詞,非自立,一般,*,*,*,の,ノ,ノ
か	助詞,副助詞／並立助詞／終助詞,*,*,*,*,か,カ,カ
」	記号,括弧閉,*,*,*,*,」,」,」
。	記号,句点,*,*,*,*,。,。,。
イエス	名詞,一般,*,*,*,*,イエス,イエス,イエス
は	助詞,係助詞,*,*,*,*,は,ハ,ワ
，	記号,読点,*,*,*,*,，,，,，
「	記号,括弧開,*,*,*,*,「,「,「
あなた	名詞,代名詞,一般,*,*,*,あなた,アナタ,アナタ
自身	名詞,一般,*,*,*,*,自身,ジシン,ジシン
が	助詞,格助詞,一般,*,*,*,が,ガ,ガ
[	名詞,サ変接続,*,*,*,*,*
そう	名詞,接尾,助動詞語幹,*,*,*,そう,ソウ,ソー
]	名詞,サ変接続,*,*,*,*,*
言っ	動詞,自立,*,*,五段・ワ行促音便,連用タ接続,言う,イッ,イッ
て	助詞,接続助詞,*,*,*,*,て,テ,テ
い	動詞,非自立,*,*,一段,連用形,いる,イ,イ
ます	助動詞,*,*,*,特殊・マス,基本形,ます,マス,マス
」	記号,括弧閉,*,*,*,*,」,」,」
と	助詞,格助詞,引用,*,*,*,と,ト,ト
お答え	名詞,サ変接続,*,*,*,*,お答え,オコタエ,オコタエ
に	助詞,格助詞,一般,*,*,*,に,ニ,ニ
なっ	動詞,自立,*,*,五段・ラ行,連用タ接続,なる,ナッ,ナッ
た	助動詞,*,*,*,特殊・タ,基本形,た,タ,タ
。	記号,句点,*,*,*,*,。,。,。
しかし	接続詞,*,*,*,*,*,しかし,シカシ,シカシ
，	記号,読点,*,*,*,*,，,，,，
祭司	名詞,一般,*,*,*,*,祭司,サイシ,サイシ
長	名詞,接尾,一般,*,*,*,長,チョウ,チョー
と	助詞,並立助詞,*,*,*,*,と,ト,ト
年長	名詞,一般,*,*,*,*,年長,ネンチョウ,ネンチョー
者	名詞,接尾,一般,*,*,*,者,シャ,シャ
たち	名詞,接尾,一般,*,*,*,たち,タチ,タチ
から	助詞,格助詞,一般,*,*,*,から,カラ,カラ
訴え	動詞,自立,*,*,一段,未然形,訴える,ウッタエ,ウッタエ
られ	動詞,接尾,*,*,一段,連用形,られる,ラレ,ラレ
て	助詞,接続助詞,*,*,*,*,て,テ,テ
いる	動詞,非自立,*,*,一段,基本形,いる,イル,イル
間	名詞,一般,*,*,*,*,間,マ,マ
，	記号,読点,*,*,*,*,，,，,，
何	名詞,代名詞,一般,*,*,*,何,ナニ,ナニ
の	助詞,連体化,*,*,*,*,の,ノ,ノ
答え	名詞,一般,*,*,*,*,答え,コタエ,コタエ
も	助詞,係助詞,*,*,*,*,も,モ,モ
さ	動詞,自立,*,*,サ変・スル,未然レル接続,する,サ,サ
れ	動詞,接尾,*,*,一段,未然形,れる,レ,レ
なかっ	助動詞,*,*,*,特殊・ナイ,連用タ接続,ない,ナカッ,ナカッ
た	助動詞,*,*,*,特殊・タ,基本形,た,タ,タ
。	記号,句点,*,*,*,*,。,。,。
そこで	接続詞,*,*,*,*,*,そこで,ソコデ,ソコデ
ピラト	名詞,一般,*,*,*,*,*
は	助詞,係助詞,*,*,*,*,は,ハ,ワ
言っ	動詞,自立,*,*,五段・ワ行促音便,連用タ接続,言う,イッ,イッ
た	助動詞,*,*,*,特殊・タ,基本形,た,タ,タ
，	記号,読点,*,*,*,*,，,，,，
「	記号,括弧開,*,*,*,*,「,「,「
彼ら	名詞,代名詞,一般,*,*,*,彼ら,カレラ,カレラ
が	助詞,格助詞,一般,*,*,*,が,ガ,ガ
あなた	名詞,代名詞,一般,*,*,*,あなた,アナタ,アナタ
に	助詞,格助詞,一般,*,*,*,に,ニ,ニ
不利	名詞,形容動詞語幹,*,*,*,*,不利,フリ,フリ
な	助動詞,*,*,*,特殊・ダ,体言接続,だ,ナ,ナ
証言	名詞,サ変接続,*,*,*,*,証言,ショウゲン,ショーゲン
を	助詞,格助詞,一般,*,*,*,を,ヲ,ヲ
いかに	副詞,一般,*,*,*,*,いかに,イカニ,イカニ
多く	形容詞,自立,*,*,形容詞・アウオ段,連用テ接続,多い,オオク,オーク
行なっ	動詞,自立,*,*,五段・ワ行促音便,連用タ接続,行なう,オコナッ,オコナッ
て	助詞,接続助詞,*,*,*,*,て,テ,テ
いる	動詞,非自立,*,*,一段,基本形,いる,イル,イル
か	助詞,副助詞／並立助詞／終助詞,*,*,*,*,か,カ,カ
，	記号,読点,*,*,*,*,，,，,，
あなた	名詞,代名詞,一般,*,*,*,あなた,アナタ,アナタ
に	助詞,格助詞,一般,*,*,*,に,ニ,ニ
は	助詞,係助詞,*,*,*,*,は,ハ,ワ
聞こえ	動詞,自立,*,*,一段,未然形,聞こえる,キコエ,キコエ
ない	助動詞,*,*,*,特殊・ナイ,基本形,ない,ナイ,ナイ
の	名詞,非自立,一般,*,*,*,の,ノ,ノ
か	助詞,副助詞／並立助詞／終助詞,*,*,*,*,か,カ,カ
」	記号,括弧閉,*,*,*,*,」,」,」
。	記号,句点,*,*,*,*,。,。,。
それでも	接続詞,*,*,*,*,*,それでも,ソレデモ,ソレデモ
彼	名詞,代名詞,一般,*,*,*,彼,カレ,カレ
に	助詞,格助詞,一般,*,*,*,に,ニ,ニ
答え	動詞,自立,*,*,一段,未然形,答える,コタエ,コタエ
ず	助動詞,*,*,*,特殊・ヌ,連用ニ接続,ぬ,ズ,ズ
，	記号,読点,*,*,*,*,，,，,，
一言	名詞,一般,*,*,*,*,一言,ヒトコト,ヒトコト
も	助詞,係助詞,*,*,*,*,も,モ,モ
[	名詞,サ変接続,*,*,*,*,*
お答え	名詞,サ変接続,*,*,*,*,お答え,オコタエ,オコタエ
に	助詞,格助詞,一般,*,*,*,に,ニ,ニ
なら	動詞,自立,*,*,五段・ラ行,未然形,なる,ナラ,ナラ
なかっ	助動詞,*,*,*,特殊・ナイ,連用タ接続,ない,ナカッ,ナカッ
た	助動詞,*,*,*,特殊・タ,基本形,た,タ,タ
]。	名詞,サ変接続,*,*,*,*,*
その	連体詞,*,*,*,*,*,その,ソノ,ソノ
ため	名詞,非自立,副詞可能,*,*,*,ため,タメ,タメ
総督	名詞,一般,*,*,*,*,総督,ソウトク,ソートク
は	助詞,係助詞,*,*,*,*,は,ハ,ワ
たいへん	副詞,助詞類接続,*,*,*,*,たいへん,タイヘン,タイヘン
不思議	名詞,形容動詞語幹,*,*,*,*,不思議,フシギ,フシギ
に	助詞,副詞化,*,*,*,*,に,ニ,ニ
思っ	動詞,自立,*,*,五段・ワ行促音便,連用タ接続,思う,オモッ,オモッ
た	助動詞,*,*,*,特殊・タ,基本形,た,タ,タ
。	記号,句点,*,*,*,*,。,。,。
さて	接続詞,*,*,*,*,*,さて,サテ,サテ
，	記号,読点,*,*,*,*,，,，,，
祭り	名詞,一般,*,*,*,*,祭り,マツリ,マツリ
の	助詞,連体化,*,*,*,*,の,ノ,ノ
度	名詞,非自立,副詞可能,*,*,*,度,タビ,タビ
に	助詞,格助詞,一般,*,*,*,に,ニ,ニ
，	記号,読点,*,*,*,*,，,，,，
群衆	名詞,一般,*,*,*,*,群衆,グンシュウ,グンシュー
の	助詞,格助詞,一般,*,*,*,の,ノ,ノ
望む	動詞,自立,*,*,五段・マ行,基本形,望む,ノゾム,ノゾム
囚人	名詞,一般,*,*,*,*,囚人,シュウジン,シュージン
ひとり	名詞,一般,*,*,*,*,ひとり,ヒトリ,ヒトリ
を	助詞,格助詞,一般,*,*,*,を,ヲ,ヲ
釈放	名詞,サ変接続,*,*,*,*,釈放,シャクホウ,シャクホー
する	動詞,自立,*,*,サ変・スル,基本形,する,スル,スル
の	名詞,非自立,一般,*,*,*,の,ノ,ノ
が	助詞,格助詞,一般,*,*,*,が,ガ,ガ
総督	名詞,一般,*,*,*,*,総督,ソウトク,ソートク
の	助詞,連体化,*,*,*,*,の,ノ,ノ
習慣	名詞,一般,*,*,*,*,習慣,シュウカン,シューカン
で	助動詞,*,*,*,特殊・ダ,連用形,だ,デ,デ
あっ	助動詞,*,*,*,五段・ラ行アル,連用タ接続,ある,アッ,アッ
た	助動詞,*,*,*,特殊・タ,基本形,た,タ,タ
。	記号,句点,*,*,*,*,。,。,。
ちょうど	副詞,一般,*,*,*,*,ちょうど,チョウド,チョード
その	連体詞,*,*,*,*,*,その,ソノ,ソノ
時	名詞,非自立,副詞可能,*,*,*,時,トキ,トキ
，	記号,読点,*,*,*,*,，,，,，
彼ら	名詞,代名詞,一般,*,*,*,彼ら,カレラ,カレラ
に	助詞,格助詞,一般,*,*,*,に,ニ,ニ
は	助詞,係助詞,*,*,*,*,は,ハ,ワ
バラバ	名詞,一般,*,*,*,*,*
と	助詞,格助詞,引用,*,*,*,と,ト,ト
呼ば	動詞,自立,*,*,五段・バ行,未然形,呼ぶ,ヨバ,ヨバ
れる	動詞,接尾,*,*,一段,基本形,れる,レル,レル
名うて	名詞,一般,*,*,*,*,名うて,ナウテ,ナウテ
の	助詞,連体化,*,*,*,*,の,ノ,ノ
囚人	名詞,一般,*,*,*,*,囚人,シュウジン,シュージン
が	助詞,格助詞,一般,*,*,*,が,ガ,ガ
い	動詞,自立,*,*,一段,連用形,いる,イ,イ
た	助動詞,*,*,*,特殊・タ,基本形,た,タ,タ
。	記号,句点,*,*,*,*,。,。,。
ゆえに	接続詞,*,*,*,*,*,ゆえに,ユエニ,ユエニ
，	記号,読点,*,*,*,*,，,，,，
彼ら	名詞,代名詞,一般,*,*,*,彼ら,カレラ,カレラ
が	助詞,格助詞,一般,*,*,*,が,ガ,ガ
集まっ	動詞,自立,*,*,五段・ラ行,連用タ接続,集まる,アツマッ,アツマッ
た	助動詞,*,*,*,特殊・タ,基本形,た,タ,タ
時	名詞,非自立,副詞可能,*,*,*,時,トキ,トキ
，	記号,読点,*,*,*,*,，,，,，
ピラト	名詞,一般,*,*,*,*,*
は	助詞,係助詞,*,*,*,*,は,ハ,ワ
こう	副詞,助詞類接続,*,*,*,*,こう,コウ,コー
言っ	動詞,自立,*,*,五段・ワ行促音便,連用タ接続,言う,イッ,イッ
た	助動詞,*,*,*,特殊・タ,基本形,た,タ,タ
。	記号,句点,*,*,*,*,。,。,。
「	記号,括弧開,*,*,*,*,「,「,「
あなた	名詞,代名詞,一般,*,*,*,あなた,アナタ,アナタ
方	名詞,接尾,一般,*,*,*,方,カタ,カタ
は	助詞,係助詞,*,*,*,*,は,ハ,ワ
どちら	名詞,代名詞,一般,*,*,*,どちら,ドチラ,ドチラ
の	助詞,連体化,*,*,*,*,の,ノ,ノ
者	名詞,非自立,一般,*,*,*,者,モノ,モノ
を	助詞,格助詞,一般,*,*,*,を,ヲ,ヲ
釈放	名詞,サ変接続,*,*,*,*,釈放,シャクホウ,シャクホー
し	動詞,自立,*,*,サ変・スル,連用形,する,シ,シ
て	助詞,接続助詞,*,*,*,*,て,テ,テ
欲しい	形容詞,非自立,*,*,形容詞・イ段,基本形,欲しい,ホシイ,ホシイ
の	名詞,非自立,一般,*,*,*,の,ノ,ノ
か	助詞,副助詞／並立助詞／終助詞,*,*,*,*,か,カ,カ
。	記号,句点,*,*,*,*,。,。,。
バラバ	名詞,一般,*,*,*,*,*
か	助詞,副助詞／並立助詞／終助詞,*,*,*,*,か,カ,カ
，	記号,読点,*,*,*,*,，,，,，
それとも	接続詞,*,*,*,*,*,それとも,ソレトモ,ソレトモ
キリスト	名詞,固有名詞,一般,*,*,*,キリスト,キリスト,キリスト
と	助詞,格助詞,引用,*,*,*,と,ト,ト
言わ	動詞,自立,*,*,五段・ワ行促音便,未然形,言う,イワ,イワ
れる	動詞,接尾,*,*,一段,基本形,れる,レル,レル
イエス	名詞,一般,*,*,*,*,イエス,イエス,イエス
か	助詞,副助詞／並立助詞／終助詞,*,*,*,*,か,カ,カ
」	記号,括弧閉,*,*,*,*,」,」,」
。	記号,句点,*,*,*,*,。,。,。
彼ら	名詞,代名詞,一般,*,*,*,彼ら,カレラ,カレラ
が	助詞,格助詞,一般,*,*,*,が,ガ,ガ
そねみ	動詞,自立,*,*,五段・マ行,連用形,そねむ,ソネミ,ソネミ
の	助詞,連体化,*,*,*,*,の,ノ,ノ
ため	名詞,非自立,副詞可能,*,*,*,ため,タメ,タメ
に	助詞,格助詞,一般,*,*,*,に,ニ,ニ
[	名詞,サ変接続,*,*,*,*,*
イエス	名詞,一般,*,*,*,*,イエス,イエス,イエス
]	名詞,サ変接続,*,*,*,*,*
を	助詞,格助詞,一般,*,*,*,を,ヲ,ヲ
引き渡し	動詞,自立,*,*,五段・サ行,連用形,引き渡す,ヒキワタシ,ヒキワタシ
た	助動詞,*,*,*,特殊・タ,基本形,た,タ,タ
こと	名詞,非自立,一般,*,*,*,こと,コト,コト
に	助詞,格助詞,一般,*,*,*,に,ニ,ニ
気づい	動詞,自立,*,*,五段・カ行イ音便,連用タ接続,気づく,キヅイ,キズイ
て	助詞,接続助詞,*,*,*,*,て,テ,テ
い	動詞,非自立,*,*,一段,連用形,いる,イ,イ
た	助動詞,*,*,*,特殊・タ,基本形,た,タ,タ
の	名詞,非自立,一般,*,*,*,の,ノ,ノ
で	助動詞,*,*,*,特殊・ダ,連用形,だ,デ,デ
ある	助動詞,*,*,*,五段・ラ行アル,基本形,ある,アル,アル
。	記号,句点,*,*,*,*,。,。,。
さらに	副詞,助詞類接続,*,*,*,*,さらに,サラニ,サラニ
，	記号,読点,*,*,*,*,，,，,，
彼	名詞,代名詞,一般,*,*,*,彼,カレ,カレ
が	助詞,格助詞,一般,*,*,*,が,ガ,ガ
裁き	名詞,一般,*,*,*,*,裁き,サバキ,サバキ
の	助詞,連体化,*,*,*,*,の,ノ,ノ
座	名詞,一般,*,*,*,*,座,ザ,ザ
に	助詞,格助詞,一般,*,*,*,に,ニ,ニ
座っ	動詞,自立,*,*,五段・ラ行,連用タ接続,座る,スワッ,スワッ
て	助詞,接続助詞,*,*,*,*,て,テ,テ
いる	動詞,非自立,*,*,一段,基本形,いる,イル,イル
間	名詞,一般,*,*,*,*,間,マ,マ
に	助詞,格助詞,一般,*,*,*,に,ニ,ニ
，	記号,読点,*,*,*,*,，,，,，
その	連体詞,*,*,*,*,*,その,ソノ,ソノ
妻	名詞,一般,*,*,*,*,妻,ツマ,ツマ
が	助詞,格助詞,一般,*,*,*,が,ガ,ガ
[	名詞,サ変接続,*,*,*,*,*
人	名詞,接尾,一般,*,*,*,人,ジン,ジン
を	助詞,格助詞,一般,*,*,*,を,ヲ,ヲ
]	名詞,サ変接続,*,*,*,*,*
遣わし	動詞,自立,*,*,五段・サ行,連用形,遣わす,ツカワシ,ツカワシ
て	助詞,接続助詞,*,*,*,*,て,テ,テ
，	記号,読点,*,*,*,*,，,，,，
こう	副詞,助詞類接続,*,*,*,*,こう,コウ,コー
言っ	動詞,自立,*,*,五段・ワ行促音便,連用タ接続,言う,イッ,イッ
た	助動詞,*,*,*,特殊・タ,基本形,た,タ,タ
。	記号,句点,*,*,*,*,。,。,。
「	記号,括弧開,*,*,*,*,「,「,「
その	連体詞,*,*,*,*,*,その,ソノ,ソノ
義人	名詞,一般,*,*,*,*,義人,ギジン,ギジン
に	助詞,格助詞,一般,*,*,*,に,ニ,ニ
かかわら	動詞,自立,*,*,五段・ラ行,未然形,かかわる,カカワラ,カカワラ
ない	助動詞,*,*,*,特殊・ナイ,連用デ接続,ない,ナイ,ナイ
で	助詞,接続助詞,*,*,*,*,で,デ,デ
ください	動詞,非自立,*,*,五段・ラ行特殊,命令ｉ,くださる,クダサイ,クダサイ
。	記号,句点,*,*,*,*,。,。,。
わたし	名詞,代名詞,一般,*,*,*,わたし,ワタシ,ワタシ
は	助詞,係助詞,*,*,*,*,は,ハ,ワ
今日	名詞,副詞可能,*,*,*,*,今日,キョウ,キョー
，	記号,読点,*,*,*,*,，,，,，
その	連体詞,*,*,*,*,*,その,ソノ,ソノ
人	名詞,一般,*,*,*,*,人,ヒト,ヒト
の	助詞,連体化,*,*,*,*,の,ノ,ノ
ため	名詞,非自立,副詞可能,*,*,*,ため,タメ,タメ
に	助詞,格助詞,一般,*,*,*,に,ニ,ニ
夢	名詞,一般,*,*,*,*,夢,ユメ,ユメ
の	助詞,連体化,*,*,*,*,の,ノ,ノ
中	名詞,非自立,副詞可能,*,*,*,中,ナカ,ナカ
で	助詞,格助詞,一般,*,*,*,で,デ,デ
とても	副詞,助詞類接続,*,*,*,*,とても,トテモ,トテモ
苦しん	動詞,自立,*,*,五段・マ行,連用タ接続,苦しむ,クルシン,クルシン
だ	助動詞,*,*,*,特殊・タ,基本形,だ,ダ,ダ
の	名詞,非自立,一般,*,*,*,の,ノ,ノ
です	助動詞,*,*,*,特殊・デス,基本形,です,デス,デス
」	記号,括弧閉,*,*,*,*,」,」,」
。	記号,句点,*,*,*,*,。,。,。
しかし	接続詞,*,*,*,*,*,しかし,シカシ,シカシ
，	記号,読点,*,*,*,*,，,，,，
祭司	名詞,一般,*,*,*,*,祭司,サイシ,サイシ
長	名詞,接尾,一般,*,*,*,長,チョウ,チョー
と	助詞,並立助詞,*,*,*,*,と,ト,ト
年長	名詞,一般,*,*,*,*,年長,ネンチョウ,ネンチョー
者	名詞,接尾,一般,*,*,*,者,シャ,シャ
たち	名詞,接尾,一般,*,*,*,たち,タチ,タチ
は	助詞,係助詞,*,*,*,*,は,ハ,ワ
，	記号,読点,*,*,*,*,，,，,，
群衆	名詞,一般,*,*,*,*,群衆,グンシュウ,グンシュー
が	助詞,格助詞,一般,*,*,*,が,ガ,ガ
バラバ	名詞,一般,*,*,*,*,*
を	助詞,格助詞,一般,*,*,*,を,ヲ,ヲ
求め	動詞,自立,*,*,一段,連用形,求める,モトメ,モトメ
，	記号,読点,*,*,*,*,，,，,，
イエス	名詞,一般,*,*,*,*,イエス,イエス,イエス
の	助詞,連体化,*,*,*,*,の,ノ,ノ
ほう	名詞,非自立,一般,*,*,*,ほう,ホウ,ホー
を	助詞,格助詞,一般,*,*,*,を,ヲ,ヲ
滅ぼさ	動詞,自立,*,*,五段・サ行,未然形,滅ぼす,ホロボサ,ホロボサ
せる	動詞,接尾,*,*,一段,基本形,せる,セル,セル
よう	名詞,非自立,助動詞語幹,*,*,*,よう,ヨウ,ヨー
に	助詞,副詞化,*,*,*,*,に,ニ,ニ
説きつけ	動詞,自立,*,*,一段,連用形,説きつける,トキツケ,トキツケ
た	助動詞,*,*,*,特殊・タ,基本形,た,タ,タ
。	記号,句点,*,*,*,*,。,。,。
さて	接続詞,*,*,*,*,*,さて,サテ,サテ
，	記号,読点,*,*,*,*,，,，,，
総督	名詞,一般,*,*,*,*,総督,ソウトク,ソートク
は	助詞,係助詞,*,*,*,*,は,ハ,ワ
彼ら	名詞,代名詞,一般,*,*,*,彼ら,カレラ,カレラ
に	助詞,格助詞,一般,*,*,*,に,ニ,ニ
こたえ	動詞,自立,*,*,一段,連用形,こたえる,コタエ,コタエ
て	助詞,接続助詞,*,*,*,*,て,テ,テ
言っ	動詞,自立,*,*,五段・ワ行促音便,連用タ接続,言う,イッ,イッ
た	助動詞,*,*,*,特殊・タ,基本形,た,タ,タ
，	記号,読点,*,*,*,*,，,，,，
「	記号,括弧開,*,*,*,*,「,「,「
あなた	名詞,代名詞,一般,*,*,*,あなた,アナタ,アナタ
方	名詞,接尾,一般,*,*,*,方,カタ,カタ
は	助詞,係助詞,*,*,*,*,は,ハ,ワ
，	記号,読点,*,*,*,*,，,，,，
二	名詞,数,*,*,*,*,二,ニ,ニ
人	名詞,接尾,助数詞,*,*,*,人,ニン,ニン
の	助詞,連体化,*,*,*,*,の,ノ,ノ
うち	名詞,非自立,副詞可能,*,*,*,うち,ウチ,ウチ
どちら	名詞,代名詞,一般,*,*,*,どちら,ドチラ,ドチラ
を	助詞,格助詞,一般,*,*,*,を,ヲ,ヲ
釈放	名詞,サ変接続,*,*,*,*,釈放,シャクホウ,シャクホー
し	動詞,自立,*,*,サ変・スル,連用形,する,シ,シ
て	助詞,接続助詞,*,*,*,*,て,テ,テ
欲しい	形容詞,非自立,*,*,形容詞・イ段,基本形,欲しい,ホシイ,ホシイ
の	名詞,非自立,一般,*,*,*,の,ノ,ノ
か	助詞,副助詞／並立助詞／終助詞,*,*,*,*,か,カ,カ
」	記号,括弧閉,*,*,*,*,」,」,」
。	記号,句点,*,*,*,*,。,。,。
彼ら	名詞,代名詞,一般,*,*,*,彼ら,カレラ,カレラ
は	助詞,係助詞,*,*,*,*,は,ハ,ワ
，	記号,読点,*,*,*,*,，,，,，
「	記号,括弧開,*,*,*,*,「,「,「
バラバ	名詞,一般,*,*,*,*,*
を	助詞,格助詞,一般,*,*,*,を,ヲ,ヲ
」	記号,括弧閉,*,*,*,*,」,」,」
と	助詞,格助詞,引用,*,*,*,と,ト,ト
言っ	動詞,自立,*,*,五段・ワ行促音便,連用タ接続,言う,イッ,イッ
た	助動詞,*,*,*,特殊・タ,基本形,た,タ,タ
。	記号,句点,*,*,*,*,。,。,。
ピラト	名詞,一般,*,*,*,*,*
は	助詞,係助詞,*,*,*,*,は,ハ,ワ
言っ	動詞,自立,*,*,五段・ワ行促音便,連用タ接続,言う,イッ,イッ
た	助動詞,*,*,*,特殊・タ,基本形,た,タ,タ
，	記号,読点,*,*,*,*,，,，,，
「	記号,括弧開,*,*,*,*,「,「,「
では	接続詞,*,*,*,*,*,では,デハ,デワ
，	記号,読点,*,*,*,*,，,，,，
キリスト	名詞,固有名詞,一般,*,*,*,キリスト,キリスト,キリスト
と	助詞,格助詞,引用,*,*,*,と,ト,ト
言わ	動詞,自立,*,*,五段・ワ行促音便,未然形,言う,イワ,イワ
れる	動詞,接尾,*,*,一段,基本形,れる,レル,レル
イエス	名詞,一般,*,*,*,*,イエス,イエス,イエス
は	助詞,係助詞,*,*,*,*,は,ハ,ワ
どう	副詞,助詞類接続,*,*,*,*,どう,ドウ,ドー
する	動詞,自立,*,*,サ変・スル,基本形,する,スル,スル
の	名詞,非自立,一般,*,*,*,の,ノ,ノ
か	助詞,副助詞／並立助詞／終助詞,*,*,*,*,か,カ,カ
」	記号,括弧閉,*,*,*,*,」,」,」
。	記号,句点,*,*,*,*,。,。,。
彼ら	名詞,代名詞,一般,*,*,*,彼ら,カレラ,カレラ
は	助詞,係助詞,*,*,*,*,は,ハ,ワ
皆	名詞,代名詞,一般,*,*,*,皆,ミナ,ミナ
，	記号,読点,*,*,*,*,，,，,，
「	記号,括弧開,*,*,*,*,「,「,「
杭	名詞,一般,*,*,*,*,杭,クイ,クイ
に	助詞,格助詞,一般,*,*,*,に,ニ,ニ
つけろ	動詞,自立,*,*,一段,命令ｒｏ,つける,ツケロ,ツケロ
！	記号,一般,*,*,*,*,！,！,！
」	記号,括弧閉,*,*,*,*,」,」,」
と	助詞,格助詞,引用,*,*,*,と,ト,ト
言っ	動詞,自立,*,*,五段・ワ行促音便,連用タ接続,言う,イッ,イッ
た	助動詞,*,*,*,特殊・タ,基本形,た,タ,タ
。	記号,句点,*,*,*,*,。,。,。
[	名詞,サ変接続,*,*,*,*,*
ピラト	名詞,一般,*,*,*,*,*
]	名詞,サ変接続,*,*,*,*,*
は	助詞,係助詞,*,*,*,*,は,ハ,ワ
言っ	動詞,自立,*,*,五段・ワ行促音便,連用タ接続,言う,イッ,イッ
た	助動詞,*,*,*,特殊・タ,基本形,た,タ,タ
，	記号,読点,*,*,*,*,，,，,，
「	記号,括弧開,*,*,*,*,「,「,「
彼	名詞,代名詞,一般,*,*,*,彼,カレ,カレ
が	助詞,格助詞,一般,*,*,*,が,ガ,ガ
どんな	連体詞,*,*,*,*,*,どんな,ドンナ,ドンナ
悪事	名詞,一般,*,*,*,*,悪事,アクジ,アクジ
を	助詞,格助詞,一般,*,*,*,を,ヲ,ヲ
し	動詞,自立,*,*,サ変・スル,連用形,する,シ,シ
た	助動詞,*,*,*,特殊・タ,基本形,た,タ,タ
という	助詞,格助詞,連語,*,*,*,という,トイウ,トユウ
の	名詞,非自立,一般,*,*,*,の,ノ,ノ
か	助詞,副助詞／並立助詞／終助詞,*,*,*,*,か,カ,カ
」	記号,括弧閉,*,*,*,*,」,」,」
。	記号,句点,*,*,*,*,。,。,。
それでも	接続詞,*,*,*,*,*,それでも,ソレデモ,ソレデモ
彼ら	名詞,代名詞,一般,*,*,*,彼ら,カレラ,カレラ
は	助詞,係助詞,*,*,*,*,は,ハ,ワ
，	記号,読点,*,*,*,*,，,，,，
「	記号,括弧開,*,*,*,*,「,「,「
杭	名詞,一般,*,*,*,*,杭,クイ,クイ
に	助詞,格助詞,一般,*,*,*,に,ニ,ニ
つけろ	動詞,自立,*,*,一段,命令ｒｏ,つける,ツケロ,ツケロ
！	記号,一般,*,*,*,*,！,！,！
」	記号,括弧閉,*,*,*,*,」,」,」
と	助詞,格助詞,引用,*,*,*,と,ト,ト
，	記号,読点,*,*,*,*,，,，,，
いよいよ	副詞,一般,*,*,*,*,いよいよ,イヨイヨ,イヨイヨ
叫び	動詞,自立,*,*,五段・バ行,連用形,叫ぶ,サケビ,サケビ
つづけ	動詞,非自立,*,*,一段,連用形,つづける,ツヅケ,ツズケ
た	助動詞,*,*,*,特殊・タ,基本形,た,タ,タ
。	記号,句点,*,*,*,*,。,。,。
それ	名詞,代名詞,一般,*,*,*,それ,ソレ,ソレ
が	助詞,格助詞,一般,*,*,*,が,ガ,ガ
無駄	名詞,形容動詞語幹,*,*,*,*,無駄,ムダ,ムダ
で	助動詞,*,*,*,特殊・ダ,連用形,だ,デ,デ
あり	助動詞,*,*,*,五段・ラ行アル,連用形,ある,アリ,アリ
，	記号,読点,*,*,*,*,，,，,，
むしろ	副詞,一般,*,*,*,*,むしろ,ムシロ,ムシロ
騒動	名詞,サ変接続,*,*,*,*,騒動,ソウドウ,ソードー
に	助詞,格助詞,一般,*,*,*,に,ニ,ニ
なっ	動詞,自立,*,*,五段・ラ行,連用タ接続,なる,ナッ,ナッ
て	助詞,接続助詞,*,*,*,*,て,テ,テ
くる	動詞,非自立,*,*,カ変・クル,基本形,くる,クル,クル
の	名詞,非自立,一般,*,*,*,の,ノ,ノ
を	助詞,格助詞,一般,*,*,*,を,ヲ,ヲ
見	動詞,自立,*,*,一段,連用形,見る,ミ,ミ
た	助動詞,*,*,*,特殊・タ,基本形,た,タ,タ
ピラト	名詞,一般,*,*,*,*,*
は	助詞,係助詞,*,*,*,*,は,ハ,ワ
，	記号,読点,*,*,*,*,，,，,，
水	名詞,一般,*,*,*,*,水,ミズ,ミズ
を	助詞,格助詞,一般,*,*,*,を,ヲ,ヲ
取っ	動詞,自立,*,*,五段・ラ行,連用タ接続,取る,トッ,トッ
て	助詞,接続助詞,*,*,*,*,て,テ,テ
群衆	名詞,一般,*,*,*,*,群衆,グンシュウ,グンシュー
の	助詞,連体化,*,*,*,*,の,ノ,ノ
前	名詞,副詞可能,*,*,*,*,前,マエ,マエ
で	助詞,格助詞,一般,*,*,*,で,デ,デ
手	名詞,一般,*,*,*,*,手,テ,テ
を	助詞,格助詞,一般,*,*,*,を,ヲ,ヲ
洗い	動詞,自立,*,*,五段・ワ行促音便,連用形,洗う,アライ,アライ
，	記号,読点,*,*,*,*,，,，,，
「	記号,括弧開,*,*,*,*,「,「,「
わたし	名詞,代名詞,一般,*,*,*,わたし,ワタシ,ワタシ
は	助詞,係助詞,*,*,*,*,は,ハ,ワ
この	連体詞,*,*,*,*,*,この,コノ,コノ
[	名詞,サ変接続,*,*,*,*,*
人	名詞,接尾,一般,*,*,*,人,ジン,ジン
の	助詞,連体化,*,*,*,*,の,ノ,ノ
]	名詞,サ変接続,*,*,*,*,*
血	名詞,一般,*,*,*,*,血,チ,チ
について	助詞,格助詞,連語,*,*,*,について,ニツイテ,ニツイテ
潔白	名詞,形容動詞語幹,*,*,*,*,潔白,ケッパク,ケッパク
で	助動詞,*,*,*,特殊・ダ,連用形,だ,デ,デ
ある	助動詞,*,*,*,五段・ラ行アル,基本形,ある,アル,アル
。	記号,句点,*,*,*,*,。,。,。
あなた	名詞,代名詞,一般,*,*,*,あなた,アナタ,アナタ
方	名詞,接尾,一般,*,*,*,方,カタ,カタ
自身	名詞,一般,*,*,*,*,自身,ジシン,ジシン
が	助詞,格助詞,一般,*,*,*,が,ガ,ガ
処置	名詞,サ変接続,*,*,*,*,処置,ショチ,ショチ
を	助詞,格助詞,一般,*,*,*,を,ヲ,ヲ
とら	動詞,自立,*,*,五段・ラ行,未然形,とる,トラ,トラ
ね	助動詞,*,*,*,特殊・ヌ,仮定形,ぬ,ネ,ネ
ば	助詞,接続助詞,*,*,*,*,ば,バ,バ
なら	動詞,非自立,*,*,五段・ラ行,未然形,なる,ナラ,ナラ
ない	助動詞,*,*,*,特殊・ナイ,基本形,ない,ナイ,ナイ
」	記号,括弧閉,*,*,*,*,」,」,」
と	助詞,格助詞,引用,*,*,*,と,ト,ト
言っ	動詞,自立,*,*,五段・ワ行促音便,連用タ接続,言う,イッ,イッ
た	助動詞,*,*,*,特殊・タ,基本形,た,タ,タ
。	記号,句点,*,*,*,*,。,。,。
する	動詞,自立,*,*,サ変・スル,基本形,する,スル,スル
と	助詞,接続助詞,*,*,*,*,と,ト,ト
，	記号,読点,*,*,*,*,，,，,，
民	名詞,一般,*,*,*,*,民,ミン,ミン
は	助詞,係助詞,*,*,*,*,は,ハ,ワ
みな	名詞,代名詞,一般,*,*,*,みな,ミナ,ミナ
答え	動詞,自立,*,*,一段,連用形,答える,コタエ,コタエ
て	助詞,接続助詞,*,*,*,*,て,テ,テ
言っ	動詞,自立,*,*,五段・ワ行促音便,連用タ接続,言う,イッ,イッ
た	助動詞,*,*,*,特殊・タ,基本形,た,タ,タ
，	記号,読点,*,*,*,*,，,，,，
「	記号,括弧開,*,*,*,*,「,「,「
彼	名詞,代名詞,一般,*,*,*,彼,カレ,カレ
の	助詞,連体化,*,*,*,*,の,ノ,ノ
血	名詞,一般,*,*,*,*,血,チ,チ
は	助詞,係助詞,*,*,*,*,は,ハ,ワ
わたし	名詞,代名詞,一般,*,*,*,わたし,ワタシ,ワタシ
たち	名詞,接尾,一般,*,*,*,たち,タチ,タチ
と	助詞,並立助詞,*,*,*,*,と,ト,ト
わたし	名詞,代名詞,一般,*,*,*,わたし,ワタシ,ワタシ
たち	名詞,接尾,一般,*,*,*,たち,タチ,タチ
の	助詞,連体化,*,*,*,*,の,ノ,ノ
子供	名詞,一般,*,*,*,*,子供,コドモ,コドモ
と	助詞,並立助詞,*,*,*,*,と,ト,ト
に	助詞,格助詞,一般,*,*,*,に,ニ,ニ
臨ん	動詞,自立,*,*,五段・マ行,連用タ接続,臨む,ノゾン,ノゾン
で	助詞,接続助詞,*,*,*,*,で,デ,デ
も	助詞,係助詞,*,*,*,*,も,モ,モ
よい	形容詞,非自立,*,*,形容詞・アウオ段,基本形,よい,ヨイ,ヨイ
」	記号,括弧閉,*,*,*,*,」,」,」
。	記号,句点,*,*,*,*,。,。,。
そこで	接続詞,*,*,*,*,*,そこで,ソコデ,ソコデ
[	名詞,サ変接続,*,*,*,*,*
ピラト	名詞,一般,*,*,*,*,*
]	名詞,サ変接続,*,*,*,*,*
は	助詞,係助詞,*,*,*,*,は,ハ,ワ
バラバ	名詞,一般,*,*,*,*,*
を	助詞,格助詞,一般,*,*,*,を,ヲ,ヲ
彼ら	名詞,代名詞,一般,*,*,*,彼ら,カレラ,カレラ
に	助詞,格助詞,一般,*,*,*,に,ニ,ニ
釈放	名詞,サ変接続,*,*,*,*,釈放,シャクホウ,シャクホー
し	動詞,自立,*,*,サ変・スル,連用形,する,シ,シ
，	記号,読点,*,*,*,*,，,，,，
イエス	名詞,一般,*,*,*,*,イエス,イエス,イエス
の	助詞,連体化,*,*,*,*,の,ノ,ノ
ほう	名詞,非自立,一般,*,*,*,ほう,ホウ,ホー
は	助詞,係助詞,*,*,*,*,は,ハ,ワ
，	記号,読点,*,*,*,*,，,，,，
むち	名詞,一般,*,*,*,*,*
で	助詞,格助詞,一般,*,*,*,で,デ,デ
打た	動詞,自立,*,*,五段・タ行,未然形,打つ,ウタ,ウタ
せ	動詞,接尾,*,*,一段,連用形,せる,セ,セ
て	助詞,接続助詞,*,*,*,*,て,テ,テ
から	助詞,格助詞,一般,*,*,*,から,カラ,カラ
，	記号,読点,*,*,*,*,，,，,，
杭	名詞,一般,*,*,*,*,杭,クイ,クイ
に	助詞,格助詞,一般,*,*,*,に,ニ,ニ
つける	動詞,自立,*,*,一段,基本形,つける,ツケル,ツケル
ため	名詞,非自立,副詞可能,*,*,*,ため,タメ,タメ
に	助詞,格助詞,一般,*,*,*,に,ニ,ニ
渡し	動詞,自立,*,*,五段・サ行,連用形,渡す,ワタシ,ワタシ
た	助動詞,*,*,*,特殊・タ,基本形,た,タ,タ
。	記号,句点,*,*,*,*,。,。,。
それから	接続詞,*,*,*,*,*,それから,ソレカラ,ソレカラ
，	記号,読点,*,*,*,*,，,，,，
総督	名詞,一般,*,*,*,*,総督,ソウトク,ソートク
の	助詞,連体化,*,*,*,*,の,ノ,ノ
兵士	名詞,一般,*,*,*,*,兵士,ヘイシ,ヘイシ
たち	名詞,接尾,一般,*,*,*,たち,タチ,タチ
は	助詞,係助詞,*,*,*,*,は,ハ,ワ
イエス	名詞,一般,*,*,*,*,イエス,イエス,イエス
を	助詞,格助詞,一般,*,*,*,を,ヲ,ヲ
総督	名詞,一般,*,*,*,*,総督,ソウトク,ソートク
の	助詞,連体化,*,*,*,*,の,ノ,ノ
官邸	名詞,一般,*,*,*,*,官邸,カンテイ,カンテイ
内	名詞,接尾,一般,*,*,*,内,ナイ,ナイ
に	助詞,格助詞,一般,*,*,*,に,ニ,ニ
連れ	動詞,自立,*,*,一段,連用形,連れる,ツレ,ツレ
て	助詞,接続助詞,*,*,*,*,て,テ,テ
行き	動詞,非自立,*,*,五段・カ行促音便,連用形,行く,イキ,イキ
，	記号,読点,*,*,*,*,，,，,，
全	接頭詞,名詞接続,*,*,*,*,全,ゼン,ゼン
部隊	名詞,一般,*,*,*,*,部隊,ブタイ,ブタイ
を	助詞,格助詞,一般,*,*,*,を,ヲ,ヲ
彼	名詞,代名詞,一般,*,*,*,彼,カレ,カレ
の	助詞,連体化,*,*,*,*,の,ノ,ノ
ところ	名詞,非自立,副詞可能,*,*,*,ところ,トコロ,トコロ
に	助詞,格助詞,一般,*,*,*,に,ニ,ニ
集め	動詞,自立,*,*,一段,連用形,集める,アツメ,アツメ
た	助動詞,*,*,*,特殊・タ,基本形,た,タ,タ
。	記号,句点,*,*,*,*,。,。,。
そして	接続詞,*,*,*,*,*,そして,ソシテ,ソシテ
，	記号,読点,*,*,*,*,，,，,，
彼	名詞,代名詞,一般,*,*,*,彼,カレ,カレ
の	助詞,連体化,*,*,*,*,の,ノ,ノ
衣	名詞,一般,*,*,*,*,衣,コロモ,コロモ
を	助詞,格助詞,一般,*,*,*,を,ヲ,ヲ
はい	動詞,自立,*,*,五段・ガ行,連用タ接続,はぐ,ハイ,ハイ
で	助詞,接続助詞,*,*,*,*,で,デ,デ
緋色	名詞,一般,*,*,*,*,緋色,ヒイロ,ヒイロ
の	助詞,連体化,*,*,*,*,の,ノ,ノ
外とう	名詞,一般,*,*,*,*,外とう,ガイトウ,ガイトー
を	助詞,格助詞,一般,*,*,*,を,ヲ,ヲ
掛け	動詞,自立,*,*,一段,連用形,掛ける,カケ,カケ
，	記号,読点,*,*,*,*,，,，,，
いばら	名詞,一般,*,*,*,*,いばら,イバラ,イバラ
で	助詞,格助詞,一般,*,*,*,で,デ,デ
冠	名詞,一般,*,*,*,*,冠,カンムリ,カンムリ
を	助詞,格助詞,一般,*,*,*,を,ヲ,ヲ
編ん	動詞,自立,*,*,五段・マ行,連用タ接続,編む,アン,アン
で	助詞,接続助詞,*,*,*,*,で,デ,デ
その	連体詞,*,*,*,*,*,その,ソノ,ソノ
頭	名詞,一般,*,*,*,*,頭,アタマ,アタマ
に	助詞,格助詞,一般,*,*,*,に,ニ,ニ
載せ	動詞,自立,*,*,一段,連用形,載せる,ノセ,ノセ
，	記号,読点,*,*,*,*,，,，,，
葦	名詞,一般,*,*,*,*,葦,アシ,アシ
を	助詞,格助詞,一般,*,*,*,を,ヲ,ヲ
その	連体詞,*,*,*,*,*,その,ソノ,ソノ
右手	名詞,一般,*,*,*,*,右手,ミギテ,ミギテ
に	助詞,格助詞,一般,*,*,*,に,ニ,ニ
[	名詞,サ変接続,*,*,*,*,*
持た	動詞,自立,*,*,五段・タ行,未然形,持つ,モタ,モタ
せ	動詞,接尾,*,*,一段,連用形,せる,セ,セ
た	助動詞,*,*,*,特殊・タ,基本形,た,タ,タ
]。	名詞,サ変接続,*,*,*,*,*
そして	接続詞,*,*,*,*,*,そして,ソシテ,ソシテ
彼	名詞,代名詞,一般,*,*,*,彼,カレ,カレ
の	助詞,連体化,*,*,*,*,の,ノ,ノ
前	名詞,副詞可能,*,*,*,*,前,マエ,マエ
に	助詞,格助詞,一般,*,*,*,に,ニ,ニ
ひざまずき	動詞,自立,*,*,五段・カ行イ音便,連用形,ひざまずく,ヒザマズキ,ヒザマズキ
，	記号,読点,*,*,*,*,，,，,，
「	記号,括弧開,*,*,*,*,「,「,「
こんにちは	感動詞,*,*,*,*,*,こんにちは,コンニチハ,コンニチワ
，	記号,読点,*,*,*,*,，,，,，
ユダヤ	名詞,固有名詞,地域,一般,*,*,ユダヤ,ユダヤ,ユダヤ
人	名詞,接尾,一般,*,*,*,人,ジン,ジン
の	助詞,連体化,*,*,*,*,の,ノ,ノ
王	名詞,一般,*,*,*,*,王,オウ,オー
よ	助詞,終助詞,*,*,*,*,よ,ヨ,ヨ
！	記号,一般,*,*,*,*,！,！,！
」	記号,括弧閉,*,*,*,*,」,」,」
と	助詞,格助詞,引用,*,*,*,と,ト,ト
言っ	動詞,自立,*,*,五段・ワ行促音便,連用タ接続,言う,イッ,イッ
て	助詞,接続助詞,*,*,*,*,て,テ,テ
愚弄	名詞,サ変接続,*,*,*,*,愚弄,グロウ,グロー
し	動詞,自立,*,*,サ変・スル,連用形,する,シ,シ
た	助動詞,*,*,*,特殊・タ,基本形,た,タ,タ
。	記号,句点,*,*,*,*,。,。,。
それから	接続詞,*,*,*,*,*,それから,ソレカラ,ソレカラ
，	記号,読点,*,*,*,*,，,，,，
彼	名詞,代名詞,一般,*,*,*,彼,カレ,カレ
に	助詞,格助詞,一般,*,*,*,に,ニ,ニ
つば	名詞,一般,*,*,*,*,つば,ツバ,ツバ
を	助詞,格助詞,一般,*,*,*,を,ヲ,ヲ
かけ	動詞,自立,*,*,一段,連用形,かける,カケ,カケ
，	記号,読点,*,*,*,*,，,，,，
その	連体詞,*,*,*,*,*,その,ソノ,ソノ
葦	名詞,一般,*,*,*,*,葦,アシ,アシ
を	助詞,格助詞,一般,*,*,*,を,ヲ,ヲ
取っ	動詞,自立,*,*,五段・ラ行,連用タ接続,取る,トッ,トッ
て	助詞,接続助詞,*,*,*,*,て,テ,テ
頭	名詞,一般,*,*,*,*,頭,アタマ,アタマ
を	助詞,格助詞,一般,*,*,*,を,ヲ,ヲ
たたき	動詞,自立,*,*,五段・カ行イ音便,連用形,たたく,タタキ,タタキ
はじめ	動詞,非自立,*,*,一段,連用形,はじめる,ハジメ,ハジメ
た	助動詞,*,*,*,特殊・タ,基本形,た,タ,タ
。	記号,句点,*,*,*,*,。,。,。
最後	名詞,一般,*,*,*,*,最後,サイゴ,サイゴ
に	助詞,格助詞,一般,*,*,*,に,ニ,ニ
，	記号,読点,*,*,*,*,，,，,，
[	名詞,サ変接続,*,*,*,*,*
イエス	名詞,一般,*,*,*,*,イエス,イエス,イエス
]	名詞,サ変接続,*,*,*,*,*
を	助詞,格助詞,一般,*,*,*,を,ヲ,ヲ
愚弄	名詞,サ変接続,*,*,*,*,愚弄,グロウ,グロー
し	動詞,自立,*,*,サ変・スル,連用形,する,シ,シ
終え	動詞,非自立,*,*,一段,連用形,終える,オエ,オエ
た	助動詞,*,*,*,特殊・タ,基本形,た,タ,タ
彼ら	名詞,代名詞,一般,*,*,*,彼ら,カレラ,カレラ
は	助詞,係助詞,*,*,*,*,は,ハ,ワ
，	記号,読点,*,*,*,*,，,，,，
外とう	名詞,一般,*,*,*,*,外とう,ガイトウ,ガイトー
を	助詞,格助詞,一般,*,*,*,を,ヲ,ヲ
取りのけ	動詞,自立,*,*,一段,連用形,取りのける,トリノケ,トリノケ
て	助詞,接続助詞,*,*,*,*,て,テ,テ
彼	名詞,代名詞,一般,*,*,*,彼,カレ,カレ
の	助詞,連体化,*,*,*,*,の,ノ,ノ
外	名詞,一般,*,*,*,*,外,ソト,ソト
衣	名詞,一般,*,*,*,*,衣,コロモ,コロモ
を	助詞,格助詞,一般,*,*,*,を,ヲ,ヲ
着せ	動詞,自立,*,*,一段,連用形,着せる,キセ,キセ
，	記号,読点,*,*,*,*,，,，,，
杭	名詞,一般,*,*,*,*,杭,クイ,クイ
に	助詞,格助詞,一般,*,*,*,に,ニ,ニ
つける	動詞,自立,*,*,一段,基本形,つける,ツケル,ツケル
ため	名詞,非自立,副詞可能,*,*,*,ため,タメ,タメ
に	助詞,格助詞,一般,*,*,*,に,ニ,ニ
引い	動詞,自立,*,*,五段・カ行イ音便,連用タ接続,引く,ヒイ,ヒイ
て	助詞,接続助詞,*,*,*,*,て,テ,テ
行っ	動詞,非自立,*,*,五段・カ行促音便,連用タ接続,行く,イッ,イッ
た	助動詞,*,*,*,特殊・タ,基本形,た,タ,タ
。	記号,句点,*,*,*,*,。,。,。
彼ら	名詞,代名詞,一般,*,*,*,彼ら,カレラ,カレラ
は	助詞,係助詞,*,*,*,*,は,ハ,ワ
，	記号,読点,*,*,*,*,，,，,，
出	動詞,自立,*,*,一段,連用形,出る,デ,デ
て	助詞,接続助詞,*,*,*,*,て,テ,テ
行く	動詞,非自立,*,*,五段・カ行促音便,基本形,行く,イク,イク
際	名詞,非自立,副詞可能,*,*,*,際,サイ,サイ
に	助詞,格助詞,一般,*,*,*,に,ニ,ニ
，	記号,読点,*,*,*,*,，,，,，
シモン	名詞,固有名詞,組織,*,*,*,シモン,シモン,シモン
という	助詞,格助詞,連語,*,*,*,という,トイウ,トユウ
名	名詞,一般,*,*,*,*,名,ナ,ナ
の	助詞,連体化,*,*,*,*,の,ノ,ノ
キレネ	名詞,一般,*,*,*,*,*
生まれ	名詞,一般,*,*,*,*,生まれ,ウマレ,ウマレ
の	助詞,連体化,*,*,*,*,の,ノ,ノ
人	名詞,一般,*,*,*,*,人,ヒト,ヒト
を	助詞,格助詞,一般,*,*,*,を,ヲ,ヲ
見つけ	動詞,自立,*,*,一段,連用形,見つける,ミツケ,ミツケ
た	助動詞,*,*,*,特殊・タ,基本形,た,タ,タ
。	記号,句点,*,*,*,*,。,。,。
彼ら	名詞,代名詞,一般,*,*,*,彼ら,カレラ,カレラ
は	助詞,係助詞,*,*,*,*,は,ハ,ワ
この	連体詞,*,*,*,*,*,この,コノ,コノ
男	名詞,一般,*,*,*,*,男,オトコ,オトコ
を	助詞,格助詞,一般,*,*,*,を,ヲ,ヲ
奉仕	名詞,サ変接続,*,*,*,*,奉仕,ホウシ,ホーシ
に	助詞,格助詞,一般,*,*,*,に,ニ,ニ
徴用	名詞,サ変接続,*,*,*,*,徴用,チョウヨウ,チョーヨー
し	動詞,自立,*,*,サ変・スル,連用形,する,シ,シ
て	助詞,接続助詞,*,*,*,*,て,テ,テ
[	名詞,サ変接続,*,*,*,*,*
イエス	名詞,一般,*,*,*,*,イエス,イエス,イエス
]	名詞,サ変接続,*,*,*,*,*
の	助詞,連体化,*,*,*,*,の,ノ,ノ
苦しみ	名詞,一般,*,*,*,*,苦しみ,クルシミ,クルシミ
の	助詞,連体化,*,*,*,*,の,ノ,ノ
杭	名詞,一般,*,*,*,*,杭,クイ,クイ
を	助詞,格助詞,一般,*,*,*,を,ヲ,ヲ
持た	動詞,自立,*,*,五段・タ行,未然形,持つ,モタ,モタ
せ	動詞,接尾,*,*,一段,連用形,せる,セ,セ
た	助動詞,*,*,*,特殊・タ,基本形,た,タ,タ
。	記号,句点,*,*,*,*,。,。,。
そして	接続詞,*,*,*,*,*,そして,ソシテ,ソシテ
，	記号,読点,*,*,*,*,，,，,，
ゴルゴタ	名詞,一般,*,*,*,*,*
，	記号,読点,*,*,*,*,，,，,，
すなわち	接続詞,*,*,*,*,*,すなわち,スナワチ,スナワチ
“	記号,括弧開,*,*,*,*,“,“,“
どく	動詞,自立,*,*,五段・カ行イ音便,基本形,どく,ドク,ドク
ろ	名詞,一般,*,*,*,*,ろ,ロ,ロ
の	助詞,連体化,*,*,*,*,の,ノ,ノ
場所	名詞,一般,*,*,*,*,場所,バショ,バショ
”	記号,括弧閉,*,*,*,*,”,”,”
と	助詞,格助詞,引用,*,*,*,と,ト,ト
呼ば	動詞,自立,*,*,五段・バ行,未然形,呼ぶ,ヨバ,ヨバ
れる	動詞,接尾,*,*,一段,基本形,れる,レル,レル
所	名詞,非自立,副詞可能,*,*,*,所,トコロ,トコロ
に	助詞,格助詞,一般,*,*,*,に,ニ,ニ
来	動詞,自立,*,*,カ変・来ル,連用形,来る,キ,キ
た	助動詞,*,*,*,特殊・タ,基本形,た,タ,タ
時	名詞,非自立,副詞可能,*,*,*,時,トキ,トキ
，	記号,読点,*,*,*,*,，,，,，
彼ら	名詞,代名詞,一般,*,*,*,彼ら,カレラ,カレラ
は	助詞,係助詞,*,*,*,*,は,ハ,ワ
胆汁	名詞,一般,*,*,*,*,胆汁,タンジュウ,タンジュー
を	助詞,格助詞,一般,*,*,*,を,ヲ,ヲ
混ぜ	動詞,自立,*,*,一段,連用形,混ぜる,マゼ,マゼ
た	助動詞,*,*,*,特殊・タ,基本形,た,タ,タ
ぶどう酒	名詞,一般,*,*,*,*,ぶどう酒,ブドウシュ,ブドーシュ
を	助詞,格助詞,一般,*,*,*,を,ヲ,ヲ
[	名詞,サ変接続,*,*,*,*,*
イエス	名詞,一般,*,*,*,*,イエス,イエス,イエス
]	名詞,サ変接続,*,*,*,*,*
に	助詞,格助詞,一般,*,*,*,に,ニ,ニ
与え	動詞,自立,*,*,一段,連用形,与える,アタエ,アタエ
て	助詞,接続助詞,*,*,*,*,て,テ,テ
飲ま	動詞,自立,*,*,五段・マ行,未然形,飲む,ノマ,ノマ
せよ	動詞,接尾,*,*,一段,未然ウ接続,せる,セヨ,セヨ
う	助動詞,*,*,*,不変化型,基本形,う,ウ,ウ
と	助詞,格助詞,引用,*,*,*,と,ト,ト
し	動詞,自立,*,*,サ変・スル,連用形,する,シ,シ
た	助動詞,*,*,*,特殊・タ,基本形,た,タ,タ
。	記号,句点,*,*,*,*,。,。,。
しかし	接続詞,*,*,*,*,*,しかし,シカシ,シカシ
，	記号,読点,*,*,*,*,，,，,，
その	連体詞,*,*,*,*,*,その,ソノ,ソノ
味	名詞,一般,*,*,*,*,味,アジ,アジ
を	助詞,格助詞,一般,*,*,*,を,ヲ,ヲ
見	動詞,自立,*,*,一段,連用形,見る,ミ,ミ
た	助動詞,*,*,*,特殊・タ,基本形,た,タ,タ
のち	名詞,非自立,副詞可能,*,*,*,のち,ノチ,ノチ
，	記号,読点,*,*,*,*,，,，,，
飲も	動詞,自立,*,*,五段・マ行,未然ウ接続,飲む,ノモ,ノモ
う	助動詞,*,*,*,不変化型,基本形,う,ウ,ウ
と	助詞,格助詞,引用,*,*,*,と,ト,ト
は	助詞,係助詞,*,*,*,*,は,ハ,ワ
さ	動詞,自立,*,*,サ変・スル,未然レル接続,する,サ,サ
れ	動詞,接尾,*,*,一段,未然形,れる,レ,レ
なかっ	助動詞,*,*,*,特殊・ナイ,連用タ接続,ない,ナカッ,ナカッ
た	助動詞,*,*,*,特殊・タ,基本形,た,タ,タ
。	記号,句点,*,*,*,*,。,。,。
[	名詞,サ変接続,*,*,*,*,*
イエス	名詞,一般,*,*,*,*,イエス,イエス,イエス
]	名詞,サ変接続,*,*,*,*,*
を	助詞,格助詞,一般,*,*,*,を,ヲ,ヲ
杭	名詞,一般,*,*,*,*,杭,クイ,クイ
に	助詞,格助詞,一般,*,*,*,に,ニ,ニ
つけ	動詞,自立,*,*,一段,連用形,つける,ツケ,ツケ
て	助詞,接続助詞,*,*,*,*,て,テ,テ
から	助詞,格助詞,一般,*,*,*,から,カラ,カラ
，	記号,読点,*,*,*,*,，,，,，
彼ら	名詞,代名詞,一般,*,*,*,彼ら,カレラ,カレラ
は	助詞,係助詞,*,*,*,*,は,ハ,ワ
くじ	名詞,一般,*,*,*,*,くじ,クジ,クジ
を	助詞,格助詞,一般,*,*,*,を,ヲ,ヲ
引い	動詞,自立,*,*,五段・カ行イ音便,連用タ接続,引く,ヒイ,ヒイ
て	助詞,接続助詞,*,*,*,*,て,テ,テ
その	連体詞,*,*,*,*,*,その,ソノ,ソノ
外	名詞,一般,*,*,*,*,外,ソト,ソト
衣	名詞,一般,*,*,*,*,衣,コロモ,コロモ
を	助詞,格助詞,一般,*,*,*,を,ヲ,ヲ
分配	名詞,サ変接続,*,*,*,*,分配,ブンパイ,ブンパイ
し	動詞,自立,*,*,サ変・スル,連用形,する,シ,シ
，	記号,読点,*,*,*,*,，,，,，
それから	接続詞,*,*,*,*,*,それから,ソレカラ,ソレカラ
，	記号,読点,*,*,*,*,，,，,，
座っ	動詞,自立,*,*,五段・ラ行,連用タ接続,座る,スワッ,スワッ
た	助動詞,*,*,*,特殊・タ,基本形,た,タ,タ
まま	名詞,非自立,副詞可能,*,*,*,まま,ママ,ママ
，	記号,読点,*,*,*,*,，,，,，
そこで	接続詞,*,*,*,*,*,そこで,ソコデ,ソコデ
彼	名詞,代名詞,一般,*,*,*,彼,カレ,カレ
を	助詞,格助詞,一般,*,*,*,を,ヲ,ヲ
見守っ	動詞,自立,*,*,五段・ラ行,連用タ接続,見守る,ミマモッ,ミマモッ
て	助詞,接続助詞,*,*,*,*,て,テ,テ
い	動詞,非自立,*,*,一段,連用形,いる,イ,イ
た	助動詞,*,*,*,特殊・タ,基本形,た,タ,タ
。	記号,句点,*,*,*,*,。,。,。
また	接続詞,*,*,*,*,*,また,マタ,マタ
彼ら	名詞,代名詞,一般,*,*,*,彼ら,カレラ,カレラ
は	助詞,係助詞,*,*,*,*,は,ハ,ワ
，	記号,読点,*,*,*,*,，,，,，
「	記号,括弧開,*,*,*,*,「,「,「
これ	名詞,代名詞,一般,*,*,*,これ,コレ,コレ
は	助詞,係助詞,*,*,*,*,は,ハ,ワ
ユダヤ	名詞,固有名詞,地域,一般,*,*,ユダヤ,ユダヤ,ユダヤ
人	名詞,接尾,一般,*,*,*,人,ジン,ジン
の	助詞,連体化,*,*,*,*,の,ノ,ノ
王	名詞,固有名詞,人名,姓,*,*,王,オウ,オー
イエス	名詞,固有名詞,人名,名,*,*,イエス,イエス,イエス
」	記号,括弧閉,*,*,*,*,」,」,」
と	助詞,格助詞,引用,*,*,*,と,ト,ト
記し	動詞,自立,*,*,五段・サ行,連用形,記す,シルシ,シルシ
た	助動詞,*,*,*,特殊・タ,基本形,た,タ,タ
罪状	名詞,一般,*,*,*,*,罪状,ザイジョウ,ザイジョー
を	助詞,格助詞,一般,*,*,*,を,ヲ,ヲ
彼	名詞,代名詞,一般,*,*,*,彼,カレ,カレ
の	助詞,連体化,*,*,*,*,の,ノ,ノ
頭上	名詞,一般,*,*,*,*,頭上,ズジョウ,ズジョー
に	助詞,格助詞,一般,*,*,*,に,ニ,ニ
掲げ	動詞,自立,*,*,一段,連用形,掲げる,カカゲ,カカゲ
た	助動詞,*,*,*,特殊・タ,基本形,た,タ,タ
。	記号,句点,*,*,*,*,。,。,。
この	連体詞,*,*,*,*,*,この,コノ,コノ
時	名詞,非自立,副詞可能,*,*,*,時,トキ,トキ
，	記号,読点,*,*,*,*,，,，,，
二	名詞,数,*,*,*,*,二,ニ,ニ
人	名詞,接尾,助数詞,*,*,*,人,ニン,ニン
の	助詞,連体化,*,*,*,*,の,ノ,ノ
強盗	名詞,一般,*,*,*,*,強盗,ゴウトウ,ゴートー
が	助詞,格助詞,一般,*,*,*,が,ガ,ガ
彼	名詞,代名詞,一般,*,*,*,彼,カレ,カレ
と	助詞,格助詞,一般,*,*,*,と,ト,ト
一緒	名詞,サ変接続,*,*,*,*,一緒,イッショ,イッショ
に	助詞,格助詞,一般,*,*,*,に,ニ,ニ
杭	名詞,一般,*,*,*,*,杭,クイ,クイ
に	助詞,格助詞,一般,*,*,*,に,ニ,ニ
つけ	動詞,自立,*,*,一段,未然形,つける,ツケ,ツケ
られ	動詞,接尾,*,*,一段,連用形,られる,ラレ,ラレ
，	記号,読点,*,*,*,*,，,，,，
一	名詞,数,*,*,*,*,一,イチ,イチ
人	名詞,接尾,助数詞,*,*,*,人,ニン,ニン
は	助詞,係助詞,*,*,*,*,は,ハ,ワ
その	連体詞,*,*,*,*,*,その,ソノ,ソノ
右	名詞,一般,*,*,*,*,右,ミギ,ミギ
に	助詞,格助詞,一般,*,*,*,に,ニ,ニ
一	名詞,数,*,*,*,*,一,イチ,イチ
人	名詞,接尾,助数詞,*,*,*,人,ニン,ニン
は	助詞,係助詞,*,*,*,*,は,ハ,ワ
その	連体詞,*,*,*,*,*,その,ソノ,ソノ
左	名詞,一般,*,*,*,*,左,ヒダリ,ヒダリ
に	助詞,格助詞,一般,*,*,*,に,ニ,ニ
[	名詞,サ変接続,*,*,*,*,*
置か	動詞,自立,*,*,五段・カ行イ音便,未然形,置く,オカ,オカ
れ	動詞,接尾,*,*,一段,連用形,れる,レ,レ
た	助動詞,*,*,*,特殊・タ,基本形,た,タ,タ
]。	名詞,サ変接続,*,*,*,*,*
それ	名詞,代名詞,一般,*,*,*,それ,ソレ,ソレ
で	助詞,格助詞,一般,*,*,*,で,デ,デ
，	記号,読点,*,*,*,*,，,，,，
通行人	名詞,一般,*,*,*,*,通行人,ツウコウニン,ツーコーニン
たち	名詞,接尾,一般,*,*,*,たち,タチ,タチ
は	助詞,係助詞,*,*,*,*,は,ハ,ワ
彼	名詞,代名詞,一般,*,*,*,彼,カレ,カレ
の	助詞,連体化,*,*,*,*,の,ノ,ノ
こと	名詞,非自立,一般,*,*,*,こと,コト,コト
を	助詞,格助詞,一般,*,*,*,を,ヲ,ヲ
あしざま	名詞,一般,*,*,*,*,あしざま,アシザマ,アシザマ
に	助詞,格助詞,一般,*,*,*,に,ニ,ニ
言い	動詞,自立,*,*,五段・ワ行促音便,連用形,言う,イイ,イイ
はじめ	名詞,副詞可能,*,*,*,*,はじめ,ハジメ,ハジメ
，	名詞,数,*,*,*,*,，,，,，
頭	名詞,接尾,助数詞,*,*,*,頭,トウ,トー
を	助詞,格助詞,一般,*,*,*,を,ヲ,ヲ
振っ	動詞,自立,*,*,五段・ラ行,連用タ接続,振る,フッ,フッ
て	助詞,接続助詞,*,*,*,*,て,テ,テ
こう	副詞,助詞類接続,*,*,*,*,こう,コウ,コー
言っ	動詞,自立,*,*,五段・ワ行促音便,連用タ接続,言う,イッ,イッ
た	助動詞,*,*,*,特殊・タ,基本形,た,タ,タ
。	記号,句点,*,*,*,*,。,。,。
「	記号,括弧開,*,*,*,*,「,「,「
神殿	名詞,一般,*,*,*,*,神殿,シンデン,シンデン
を	助詞,格助詞,一般,*,*,*,を,ヲ,ヲ
壊し	動詞,自立,*,*,五段・サ行,連用形,壊す,コワシ,コワシ
て	助詞,接続助詞,*,*,*,*,て,テ,テ
三	名詞,数,*,*,*,*,三,サン,サン
日	名詞,接尾,助数詞,*,*,*,日,ニチ,ニチ
で	助詞,格助詞,一般,*,*,*,で,デ,デ
それ	名詞,代名詞,一般,*,*,*,それ,ソレ,ソレ
を	助詞,格助詞,一般,*,*,*,を,ヲ,ヲ
建てる	動詞,自立,*,*,一段,基本形,建てる,タテル,タテル
と	助詞,格助詞,引用,*,*,*,と,ト,ト
称する	動詞,自立,*,*,サ変・−スル,基本形,称する,ショウスル,ショースル
者	名詞,非自立,一般,*,*,*,者,モノ,モノ
よ	助詞,終助詞,*,*,*,*,よ,ヨ,ヨ
，	記号,読点,*,*,*,*,，,，,，
自分	名詞,一般,*,*,*,*,自分,ジブン,ジブン
を	助詞,格助詞,一般,*,*,*,を,ヲ,ヲ
救っ	動詞,自立,*,*,五段・ワ行促音便,連用タ接続,救う,スクッ,スクッ
て	助詞,接続助詞,*,*,*,*,て,テ,テ
みろ	動詞,非自立,*,*,一段,命令ｒｏ,みる,ミロ,ミロ
！	記号,一般,*,*,*,*,！,！,！
神	名詞,一般,*,*,*,*,神,カミ,カミ
の	助詞,連体化,*,*,*,*,の,ノ,ノ
子	名詞,一般,*,*,*,*,子,コ,コ
なら	助動詞,*,*,*,特殊・ダ,仮定形,だ,ナラ,ナラ
，	記号,読点,*,*,*,*,，,，,，
苦しみ	名詞,一般,*,*,*,*,苦しみ,クルシミ,クルシミ
の	助詞,連体化,*,*,*,*,の,ノ,ノ
杭	名詞,一般,*,*,*,*,杭,クイ,クイ
から	助詞,格助詞,一般,*,*,*,から,カラ,カラ
下り	動詞,自立,*,*,一段,連用形,下りる,オリ,オリ
て	助詞,接続助詞,*,*,*,*,て,テ,テ
来い	動詞,非自立,*,*,カ変・来ル,命令ｉ,来る,コイ,コイ
！	記号,一般,*,*,*,*,！,！,！
」	記号,括弧閉,*,*,*,*,」,」,」
同じ	連体詞,*,*,*,*,*,同じ,オナジ,オナジ
よう	名詞,非自立,助動詞語幹,*,*,*,よう,ヨウ,ヨー
に	助詞,副詞化,*,*,*,*,に,ニ,ニ
祭司	名詞,一般,*,*,*,*,祭司,サイシ,サイシ
長	名詞,接尾,一般,*,*,*,長,チョウ,チョー
たち	名詞,接尾,一般,*,*,*,たち,タチ,タチ
も	助詞,係助詞,*,*,*,*,も,モ,モ
，	記号,読点,*,*,*,*,，,，,，
書士	名詞,一般,*,*,*,*,書士,ショシ,ショシ
や	助詞,並立助詞,*,*,*,*,や,ヤ,ヤ
年長	名詞,一般,*,*,*,*,年長,ネンチョウ,ネンチョー
者	名詞,接尾,一般,*,*,*,者,シャ,シャ
たち	名詞,接尾,一般,*,*,*,たち,タチ,タチ
と	助詞,格助詞,一般,*,*,*,と,ト,ト
一緒	名詞,サ変接続,*,*,*,*,一緒,イッショ,イッショ
に	助詞,格助詞,一般,*,*,*,に,ニ,ニ
彼	名詞,代名詞,一般,*,*,*,彼,カレ,カレ
を	助詞,格助詞,一般,*,*,*,を,ヲ,ヲ
愚弄	名詞,サ変接続,*,*,*,*,愚弄,グロウ,グロー
し	動詞,自立,*,*,サ変・スル,連用形,する,シ,シ
はじめ	動詞,非自立,*,*,一段,連用形,はじめる,ハジメ,ハジメ
て	助詞,接続助詞,*,*,*,*,て,テ,テ
，	記号,読点,*,*,*,*,，,，,，
こう	副詞,助詞類接続,*,*,*,*,こう,コウ,コー
言っ	動詞,自立,*,*,五段・ワ行促音便,連用タ接続,言う,イッ,イッ
た	助動詞,*,*,*,特殊・タ,基本形,た,タ,タ
。	記号,句点,*,*,*,*,。,。,。
「	記号,括弧開,*,*,*,*,「,「,「
ほか	名詞,副詞可能,*,*,*,*,ほか,ホカ,ホカ
の	助詞,連体化,*,*,*,*,の,ノ,ノ
者	名詞,非自立,一般,*,*,*,者,モノ,モノ
は	助詞,係助詞,*,*,*,*,は,ハ,ワ
救っ	動詞,自立,*,*,五段・ワ行促音便,連用タ接続,救う,スクッ,スクッ
た	助動詞,*,*,*,特殊・タ,基本形,た,タ,タ
が	助詞,接続助詞,*,*,*,*,が,ガ,ガ
，	記号,読点,*,*,*,*,，,，,，
自分	名詞,一般,*,*,*,*,自分,ジブン,ジブン
は	助詞,係助詞,*,*,*,*,は,ハ,ワ
救え	動詞,自立,*,*,一段,未然形,救える,スクエ,スクエ
ない	助動詞,*,*,*,特殊・ナイ,基本形,ない,ナイ,ナイ
の	名詞,非自立,一般,*,*,*,の,ノ,ノ
だ	助動詞,*,*,*,特殊・ダ,基本形,だ,ダ,ダ
！	記号,一般,*,*,*,*,！,！,！
彼	名詞,代名詞,一般,*,*,*,彼,カレ,カレ
は	助詞,係助詞,*,*,*,*,は,ハ,ワ
イスラエル	名詞,固有名詞,地域,国,*,*,イスラエル,イスラエル,イスラエル
の	助詞,連体化,*,*,*,*,の,ノ,ノ
王	名詞,一般,*,*,*,*,王,オウ,オー
だ	助動詞,*,*,*,特殊・ダ,基本形,だ,ダ,ダ
。	記号,句点,*,*,*,*,。,。,。
今	名詞,副詞可能,*,*,*,*,今,イマ,イマ
，	記号,読点,*,*,*,*,，,，,，
苦しみ	名詞,一般,*,*,*,*,苦しみ,クルシミ,クルシミ
の	助詞,連体化,*,*,*,*,の,ノ,ノ
杭	名詞,一般,*,*,*,*,杭,クイ,クイ
から	助詞,格助詞,一般,*,*,*,から,カラ,カラ
下り	動詞,自立,*,*,一段,連用形,下りる,オリ,オリ
て	助詞,接続助詞,*,*,*,*,て,テ,テ
来	動詞,非自立,*,*,カ変・来ル,連用形,来る,キ,キ
て	助詞,接続助詞,*,*,*,*,て,テ,テ
もらお	動詞,非自立,*,*,五段・ワ行促音便,未然ウ接続,もらう,モラオ,モラオ
う	助動詞,*,*,*,不変化型,基本形,う,ウ,ウ
で	助動詞,*,*,*,特殊・ダ,連用形,だ,デ,デ
は	助詞,係助詞,*,*,*,*,は,ハ,ワ
ない	助動詞,*,*,*,特殊・ナイ,基本形,ない,ナイ,ナイ
か	助詞,副助詞／並立助詞／終助詞,*,*,*,*,か,カ,カ
。	記号,句点,*,*,*,*,。,。,。
そうしたら	接続詞,*,*,*,*,*,そうしたら,ソウシタラ,ソーシタラ
我々	名詞,代名詞,一般,*,*,*,我々,ワレワレ,ワレワレ
も	助詞,係助詞,*,*,*,*,も,モ,モ
彼	名詞,代名詞,一般,*,*,*,彼,カレ,カレ
を	助詞,格助詞,一般,*,*,*,を,ヲ,ヲ
信じよ	動詞,自立,*,*,一段,未然ウ接続,信じる,シンジヨ,シンジヨ
う	助動詞,*,*,*,不変化型,基本形,う,ウ,ウ
。	記号,句点,*,*,*,*,。,。,。
彼	名詞,代名詞,一般,*,*,*,彼,カレ,カレ
は	助詞,係助詞,*,*,*,*,は,ハ,ワ
神	名詞,一般,*,*,*,*,神,カミ,カミ
に	助詞,格助詞,一般,*,*,*,に,ニ,ニ
頼っ	動詞,自立,*,*,五段・ラ行,連用タ接続,頼る,タヨッ,タヨッ
た	助動詞,*,*,*,特殊・タ,基本形,た,タ,タ
の	名詞,非自立,一般,*,*,*,の,ノ,ノ
だ	助動詞,*,*,*,特殊・ダ,基本形,だ,ダ,ダ
。	記号,句点,*,*,*,*,。,。,。
[	名詞,サ変接続,*,*,*,*,*
神	名詞,接尾,一般,*,*,*,神,シン,シン
]	名詞,サ変接続,*,*,*,*,*
が	助詞,格助詞,一般,*,*,*,が,ガ,ガ
彼	名詞,代名詞,一般,*,*,*,彼,カレ,カレ
を	助詞,格助詞,一般,*,*,*,を,ヲ,ヲ
必要	名詞,形容動詞語幹,*,*,*,*,必要,ヒツヨウ,ヒツヨー
と	助詞,格助詞,引用,*,*,*,と,ト,ト
さ	動詞,自立,*,*,サ変・スル,未然レル接続,する,サ,サ
れる	動詞,接尾,*,*,一段,基本形,れる,レル,レル
の	名詞,非自立,一般,*,*,*,の,ノ,ノ
なら	助動詞,*,*,*,特殊・ダ,仮定形,だ,ナラ,ナラ
，	記号,読点,*,*,*,*,，,，,，
いま	名詞,副詞可能,*,*,*,*,いま,イマ,イマ
[	名詞,サ変接続,*,*,*,*,*
神	名詞,接尾,一般,*,*,*,神,シン,シン
]	名詞,サ変接続,*,*,*,*,*
に	助詞,格助詞,一般,*,*,*,に,ニ,ニ
救い出し	動詞,自立,*,*,五段・サ行,連用形,救い出す,スクイダシ,スクイダシ
て	助詞,接続助詞,*,*,*,*,て,テ,テ
もらう	動詞,非自立,*,*,五段・ワ行促音便,基本形,もらう,モラウ,モラウ
が	助詞,接続助詞,*,*,*,*,が,ガ,ガ
よい	形容詞,自立,*,*,形容詞・アウオ段,基本形,よい,ヨイ,ヨイ
。	記号,句点,*,*,*,*,。,。,。
『	記号,括弧開,*,*,*,*,『,『,『
わたし	名詞,代名詞,一般,*,*,*,わたし,ワタシ,ワタシ
は	助詞,係助詞,*,*,*,*,は,ハ,ワ
神	名詞,一般,*,*,*,*,神,カミ,カミ
の	助詞,連体化,*,*,*,*,の,ノ,ノ
子	名詞,一般,*,*,*,*,子,コ,コ
だ	助動詞,*,*,*,特殊・ダ,基本形,だ,ダ,ダ
』	記号,括弧閉,*,*,*,*,』,』,』
と	助詞,格助詞,引用,*,*,*,と,ト,ト
言っ	動詞,自立,*,*,五段・ワ行促音便,連用タ接続,言う,イッ,イッ
た	助動詞,*,*,*,特殊・タ,基本形,た,タ,タ
の	名詞,非自立,一般,*,*,*,の,ノ,ノ
だ	助動詞,*,*,*,特殊・ダ,基本形,だ,ダ,ダ
から	助詞,接続助詞,*,*,*,*,から,カラ,カラ
」	記号,括弧閉,*,*,*,*,」,」,」
。	記号,句点,*,*,*,*,。,。,。
一緒	名詞,サ変接続,*,*,*,*,一緒,イッショ,イッショ
に	助詞,格助詞,一般,*,*,*,に,ニ,ニ
杭	名詞,一般,*,*,*,*,杭,クイ,クイ
に	助詞,格助詞,一般,*,*,*,に,ニ,ニ
つけ	動詞,自立,*,*,一段,未然形,つける,ツケ,ツケ
られ	動詞,接尾,*,*,一段,連用形,られる,ラレ,ラレ
た	助動詞,*,*,*,特殊・タ,基本形,た,タ,タ
強盗	名詞,一般,*,*,*,*,強盗,ゴウトウ,ゴートー
たち	名詞,接尾,一般,*,*,*,たち,タチ,タチ
まで	助詞,副助詞,*,*,*,*,まで,マデ,マデ
が	助詞,格助詞,一般,*,*,*,が,ガ,ガ
，	記号,読点,*,*,*,*,，,，,，
同じ	連体詞,*,*,*,*,*,同じ,オナジ,オナジ
よう	名詞,非自立,助動詞語幹,*,*,*,よう,ヨウ,ヨー
に	助詞,格助詞,一般,*,*,*,に,ニ,ニ
し	動詞,自立,*,*,サ変・スル,連用形,する,シ,シ
て	助詞,接続助詞,*,*,*,*,て,テ,テ
彼	名詞,代名詞,一般,*,*,*,彼,カレ,カレ
の	助詞,連体化,*,*,*,*,の,ノ,ノ
こと	名詞,非自立,一般,*,*,*,こと,コト,コト
を	助詞,格助詞,一般,*,*,*,を,ヲ,ヲ
非難	名詞,サ変接続,*,*,*,*,非難,ヒナン,ヒナン
し	動詞,自立,*,*,サ変・スル,連用形,する,シ,シ
はじめ	動詞,非自立,*,*,一段,連用形,はじめる,ハジメ,ハジメ
た	助動詞,*,*,*,特殊・タ,基本形,た,タ,タ
。	記号,句点,*,*,*,*,。,。,。
第	接頭詞,数接続,*,*,*,*,第,ダイ,ダイ
六	名詞,数,*,*,*,*,六,ロク,ロク
時	名詞,接尾,助数詞,*,*,*,時,ジ,ジ
以後	名詞,接尾,副詞可能,*,*,*,以後,イゴ,イゴ
，	記号,読点,*,*,*,*,，,，,，
闇	名詞,一般,*,*,*,*,闇,ヤミ,ヤミ
が	助詞,格助詞,一般,*,*,*,が,ガ,ガ
全土	名詞,一般,*,*,*,*,全土,ゼンド,ゼンド
に	助詞,格助詞,一般,*,*,*,に,ニ,ニ
垂れこめ	動詞,自立,*,*,一段,連用形,垂れこめる,タレコメ,タレコメ
て	助詞,接続助詞,*,*,*,*,て,テ,テ
，	記号,読点,*,*,*,*,，,，,，
第	接頭詞,数接続,*,*,*,*,第,ダイ,ダイ
九	名詞,数,*,*,*,*,九,キュウ,キュー
時	名詞,接尾,助数詞,*,*,*,時,ジ,ジ
に	助詞,格助詞,一般,*,*,*,に,ニ,ニ
まで	助詞,副助詞,*,*,*,*,まで,マデ,マデ
及ん	動詞,自立,*,*,五段・バ行,連用タ接続,及ぶ,オヨン,オヨン
だ	助動詞,*,*,*,特殊・タ,基本形,だ,ダ,ダ
。	記号,句点,*,*,*,*,。,。,。
第	接頭詞,数接続,*,*,*,*,第,ダイ,ダイ
九	名詞,数,*,*,*,*,九,キュウ,キュー
時	名詞,接尾,助数詞,*,*,*,時,ジ,ジ
ごろ	名詞,接尾,副詞可能,*,*,*,ごろ,ゴロ,ゴロ
，	記号,読点,*,*,*,*,，,，,，
イエス	名詞,一般,*,*,*,*,イエス,イエス,イエス
は	助詞,係助詞,*,*,*,*,は,ハ,ワ
大声	名詞,一般,*,*,*,*,大声,オオゴエ,オーゴエ
で	助詞,格助詞,一般,*,*,*,で,デ,デ
呼ばわっ	動詞,自立,*,*,五段・ラ行,連用タ接続,呼ばわる,ヨバワッ,ヨバワッ
て	助詞,接続助詞,*,*,*,*,て,テ,テ
，	記号,読点,*,*,*,*,，,，,，
「	記号,括弧開,*,*,*,*,「,「,「
エリ	名詞,固有名詞,人名,名,*,*,エリ,エリ,エリ
，	記号,読点,*,*,*,*,，,，,，
エリ	名詞,固有名詞,人名,名,*,*,エリ,エリ,エリ
，	記号,読点,*,*,*,*,，,，,，
ラマ	名詞,固有名詞,人名,一般,*,*,ラマ,ラマ,ラマ
  	記号,一般,*,*,*,*,*
サバクタニ	名詞,固有名詞,組織,*,*,*,*
」	記号,括弧閉,*,*,*,*,」,」,」
，	記号,読点,*,*,*,*,，,，,，
つまり	接続詞,*,*,*,*,*,つまり,ツマリ,ツマリ
，	記号,読点,*,*,*,*,，,，,，
「	記号,括弧開,*,*,*,*,「,「,「
わたし	名詞,代名詞,一般,*,*,*,わたし,ワタシ,ワタシ
の	助詞,連体化,*,*,*,*,の,ノ,ノ
神	名詞,一般,*,*,*,*,神,カミ,カミ
，	記号,読点,*,*,*,*,，,，,，
わたし	名詞,代名詞,一般,*,*,*,わたし,ワタシ,ワタシ
の	助詞,連体化,*,*,*,*,の,ノ,ノ
神	名詞,一般,*,*,*,*,神,カミ,カミ
，	記号,読点,*,*,*,*,，,，,，
なぜ	副詞,助詞類接続,*,*,*,*,なぜ,ナゼ,ナゼ
わたし	名詞,代名詞,一般,*,*,*,わたし,ワタシ,ワタシ
を	助詞,格助詞,一般,*,*,*,を,ヲ,ヲ
お	接頭詞,名詞接続,*,*,*,*,お,オ,オ
見捨て	動詞,自立,*,*,一段,連用形,見捨てる,ミステ,ミステ
に	助詞,格助詞,一般,*,*,*,に,ニ,ニ
なり	動詞,自立,*,*,五段・ラ行,連用形,なる,ナリ,ナリ
まし	助動詞,*,*,*,特殊・マス,連用形,ます,マシ,マシ
た	助動詞,*,*,*,特殊・タ,基本形,た,タ,タ
か	助詞,副助詞／並立助詞／終助詞,*,*,*,*,か,カ,カ
」	記号,括弧閉,*,*,*,*,」,」,」
と	助詞,格助詞,引用,*,*,*,と,ト,ト
言わ	動詞,自立,*,*,五段・ワ行促音便,未然形,言う,イワ,イワ
れ	動詞,接尾,*,*,一段,連用形,れる,レ,レ
た	助動詞,*,*,*,特殊・タ,基本形,た,タ,タ
。	記号,句点,*,*,*,*,。,。,。
これ	名詞,代名詞,一般,*,*,*,これ,コレ,コレ
を	助詞,格助詞,一般,*,*,*,を,ヲ,ヲ
聞い	動詞,自立,*,*,五段・カ行イ音便,連用タ接続,聞く,キイ,キイ
て	助詞,接続助詞,*,*,*,*,て,テ,テ
，	記号,読点,*,*,*,*,，,，,，
そこ	名詞,代名詞,一般,*,*,*,そこ,ソコ,ソコ
に	助詞,格助詞,一般,*,*,*,に,ニ,ニ
立っ	動詞,自立,*,*,五段・タ行,連用タ接続,立つ,タッ,タッ
て	助詞,接続助詞,*,*,*,*,て,テ,テ
い	動詞,非自立,*,*,一段,連用形,いる,イ,イ
た	助動詞,*,*,*,特殊・タ,基本形,た,タ,タ
者	名詞,非自立,一般,*,*,*,者,モノ,モノ
の	助詞,連体化,*,*,*,*,の,ノ,ノ
幾	名詞,数,*,*,*,*,幾,イク,イク
人	名詞,接尾,助数詞,*,*,*,人,ニン,ニン
か	助詞,副助詞／並立助詞／終助詞,*,*,*,*,か,カ,カ
は	助詞,係助詞,*,*,*,*,は,ハ,ワ
，	記号,読点,*,*,*,*,，,，,，
「	記号,括弧開,*,*,*,*,「,「,「
この	連体詞,*,*,*,*,*,この,コノ,コノ
人	名詞,一般,*,*,*,*,人,ヒト,ヒト
は	助詞,係助詞,*,*,*,*,は,ハ,ワ
エリヤ	名詞,一般,*,*,*,*,*
を	助詞,格助詞,一般,*,*,*,を,ヲ,ヲ
呼ん	動詞,自立,*,*,五段・バ行,連用タ接続,呼ぶ,ヨン,ヨン
で	助詞,接続助詞,*,*,*,*,で,デ,デ
いる	動詞,非自立,*,*,一段,基本形,いる,イル,イル
の	名詞,非自立,一般,*,*,*,の,ノ,ノ
だ	助動詞,*,*,*,特殊・ダ,基本形,だ,ダ,ダ
」	記号,括弧閉,*,*,*,*,」,」,」
と	助詞,格助詞,引用,*,*,*,と,ト,ト
言い	動詞,自立,*,*,五段・ワ行促音便,連用形,言う,イイ,イイ
はじめ	動詞,非自立,*,*,一段,連用形,はじめる,ハジメ,ハジメ
た	助動詞,*,*,*,特殊・タ,基本形,た,タ,タ
。	記号,句点,*,*,*,*,。,。,。
そして	接続詞,*,*,*,*,*,そして,ソシテ,ソシテ
彼ら	名詞,代名詞,一般,*,*,*,彼ら,カレラ,カレラ
の	助詞,連体化,*,*,*,*,の,ノ,ノ
一	名詞,数,*,*,*,*,一,イチ,イチ
人	名詞,接尾,助数詞,*,*,*,人,ニン,ニン
が	助詞,格助詞,一般,*,*,*,が,ガ,ガ
すぐ	副詞,助詞類接続,*,*,*,*,すぐ,スグ,スグ
に	助詞,格助詞,一般,*,*,*,に,ニ,ニ
走っ	動詞,自立,*,*,五段・ラ行,連用タ接続,走る,ハシッ,ハシッ
て	助詞,接続助詞,*,*,*,*,て,テ,テ
行っ	動詞,非自立,*,*,五段・カ行促音便,連用タ接続,行く,イッ,イッ
て	助詞,接続助詞,*,*,*,*,て,テ,テ
海綿	名詞,一般,*,*,*,*,海綿,カイメン,カイメン
を	助詞,格助詞,一般,*,*,*,を,ヲ,ヲ
取り	動詞,自立,*,*,五段・ラ行,連用形,取る,トリ,トリ
，	記号,読点,*,*,*,*,，,，,，
それ	名詞,代名詞,一般,*,*,*,それ,ソレ,ソレ
に	助詞,格助詞,一般,*,*,*,に,ニ,ニ
酸い	形容詞,自立,*,*,形容詞・アウオ段,基本形,酸い,スイ,スイ
ぶどう酒	名詞,一般,*,*,*,*,ぶどう酒,ブドウシュ,ブドーシュ
を	助詞,格助詞,一般,*,*,*,を,ヲ,ヲ
含ま	動詞,自立,*,*,五段・マ行,未然形,含む,フクマ,フクマ
せ	動詞,接尾,*,*,一段,連用形,せる,セ,セ
，	記号,読点,*,*,*,*,，,，,，
葦	名詞,一般,*,*,*,*,葦,アシ,アシ
の	助詞,連体化,*,*,*,*,の,ノ,ノ
先	名詞,一般,*,*,*,*,先,サキ,サキ
に	助詞,格助詞,一般,*,*,*,に,ニ,ニ
付け	動詞,自立,*,*,一段,連用形,付ける,ツケ,ツケ
て	助詞,接続助詞,*,*,*,*,て,テ,テ
彼	名詞,代名詞,一般,*,*,*,彼,カレ,カレ
に	助詞,格助詞,一般,*,*,*,に,ニ,ニ
飲ま	動詞,自立,*,*,五段・マ行,未然形,飲む,ノマ,ノマ
せよ	動詞,接尾,*,*,一段,未然ウ接続,せる,セヨ,セヨ
う	助動詞,*,*,*,不変化型,基本形,う,ウ,ウ
と	助詞,格助詞,引用,*,*,*,と,ト,ト
し	動詞,自立,*,*,サ変・スル,連用形,する,シ,シ
た	助動詞,*,*,*,特殊・タ,基本形,た,タ,タ
。	記号,句点,*,*,*,*,。,。,。
しかし	接続詞,*,*,*,*,*,しかし,シカシ,シカシ
ほか	名詞,副詞可能,*,*,*,*,ほか,ホカ,ホカ
の	助詞,連体化,*,*,*,*,の,ノ,ノ
者	名詞,一般,*,*,*,*,者,モノ,モノ
たち	名詞,接尾,一般,*,*,*,たち,タチ,タチ
は	助詞,係助詞,*,*,*,*,は,ハ,ワ
，	記号,読点,*,*,*,*,，,，,，
「	記号,括弧開,*,*,*,*,「,「,「
構わ	動詞,自立,*,*,五段・ワ行促音便,未然形,構う,カマワ,カマワ
ない	助動詞,*,*,*,特殊・ナイ,連用デ接続,ない,ナイ,ナイ
で	助詞,接続助詞,*,*,*,*,で,デ,デ
おけ	動詞,非自立,*,*,五段・カ行イ音便,命令ｅ,おく,オケ,オケ
！	記号,一般,*,*,*,*,！,！,！
エリヤ	名詞,一般,*,*,*,*,*
が	助詞,格助詞,一般,*,*,*,が,ガ,ガ
救い	名詞,一般,*,*,*,*,救い,スクイ,スクイ
に	助詞,格助詞,一般,*,*,*,に,ニ,ニ
来る	動詞,自立,*,*,カ変・来ル,基本形,来る,クル,クル
か	助詞,副助詞／並立助詞／終助詞,*,*,*,*,か,カ,カ
どう	副詞,助詞類接続,*,*,*,*,どう,ドウ,ドー
か	助詞,副助詞／並立助詞／終助詞,*,*,*,*,か,カ,カ
を	助詞,格助詞,一般,*,*,*,を,ヲ,ヲ
見よ	動詞,自立,*,*,一段,未然ウ接続,見る,ミヨ,ミヨ
う	助動詞,*,*,*,不変化型,基本形,う,ウ,ウ
」	記号,括弧閉,*,*,*,*,」,」,」
と	助詞,格助詞,引用,*,*,*,と,ト,ト
言っ	動詞,自立,*,*,五段・ワ行促音便,連用タ接続,言う,イッ,イッ
た	助動詞,*,*,*,特殊・タ,基本形,た,タ,タ
。	記号,句点,*,*,*,*,。,。,。
[[	名詞,サ変接続,*,*,*,*,*
別	名詞,接尾,一般,*,*,*,別,ベツ,ベツ
の	助詞,連体化,*,*,*,*,の,ノ,ノ
者	名詞,非自立,一般,*,*,*,者,モノ,モノ
は	助詞,係助詞,*,*,*,*,は,ハ,ワ
槍	名詞,一般,*,*,*,*,槍,ヤリ,ヤリ
を	助詞,格助詞,一般,*,*,*,を,ヲ,ヲ
取っ	動詞,自立,*,*,五段・ラ行,連用タ接続,取る,トッ,トッ
て	助詞,接続助詞,*,*,*,*,て,テ,テ
彼	名詞,代名詞,一般,*,*,*,彼,カレ,カレ
の	助詞,連体化,*,*,*,*,の,ノ,ノ
わき腹	名詞,一般,*,*,*,*,わき腹,ワキバラ,ワキバラ
を	助詞,格助詞,一般,*,*,*,を,ヲ,ヲ
突き刺し	動詞,自立,*,*,五段・サ行,連用形,突き刺す,ツキサシ,ツキサシ
た	助動詞,*,*,*,特殊・タ,基本形,た,タ,タ
。	記号,句点,*,*,*,*,。,。,。
する	動詞,自立,*,*,サ変・スル,基本形,する,スル,スル
と	助詞,接続助詞,*,*,*,*,と,ト,ト
，	記号,読点,*,*,*,*,，,，,，
血	名詞,一般,*,*,*,*,血,チ,チ
と	助詞,並立助詞,*,*,*,*,と,ト,ト
水	名詞,一般,*,*,*,*,水,ミズ,ミズ
が	助詞,格助詞,一般,*,*,*,が,ガ,ガ
出	動詞,自立,*,*,一段,連用形,出る,デ,デ
た	助動詞,*,*,*,特殊・タ,基本形,た,タ,タ
。	記号,句点,*,*,*,*,。,。,。
]]	名詞,サ変接続,*,*,*,*,*
イエス	名詞,一般,*,*,*,*,イエス,イエス,イエス
は	助詞,係助詞,*,*,*,*,は,ハ,ワ
再び	副詞,助詞類接続,*,*,*,*,再び,フタタビ,フタタビ
大声	名詞,一般,*,*,*,*,大声,オオゴエ,オーゴエ
で	助詞,格助詞,一般,*,*,*,で,デ,デ
叫び	動詞,自立,*,*,五段・バ行,連用形,叫ぶ,サケビ,サケビ
，	記号,読点,*,*,*,*,，,，,，
それから	接続詞,*,*,*,*,*,それから,ソレカラ,ソレカラ
[	名詞,サ変接続,*,*,*,*,*
ご	接頭詞,名詞接続,*,*,*,*,ご,ゴ,ゴ
自分	名詞,一般,*,*,*,*,自分,ジブン,ジブン
の	助詞,連体化,*,*,*,*,の,ノ,ノ
]	名詞,サ変接続,*,*,*,*,*
霊	名詞,一般,*,*,*,*,霊,レイ,レイ
を	助詞,格助詞,一般,*,*,*,を,ヲ,ヲ
ゆだね	動詞,自立,*,*,一段,未然形,ゆだねる,ユダネ,ユダネ
られ	動詞,接尾,*,*,一段,連用形,られる,ラレ,ラレ
た	助動詞,*,*,*,特殊・タ,基本形,た,タ,タ
。	記号,句点,*,*,*,*,。,。,。
する	動詞,自立,*,*,サ変・スル,基本形,する,スル,スル
と	助詞,接続助詞,*,*,*,*,と,ト,ト
，	記号,読点,*,*,*,*,，,，,，
見よ	動詞,自立,*,*,一段,命令ｙｏ,見る,ミヨ,ミヨ
，	記号,読点,*,*,*,*,，,，,，
聖なる	連体詞,*,*,*,*,*,聖なる,セイナル,セイナル
所	名詞,非自立,副詞可能,*,*,*,所,トコロ,トコロ
の	助詞,連体化,*,*,*,*,の,ノ,ノ
垂れ幕	名詞,一般,*,*,*,*,垂れ幕,タレマク,タレマク
が	助詞,格助詞,一般,*,*,*,が,ガ,ガ
上	名詞,一般,*,*,*,*,上,ウエ,ウエ
から	助詞,格助詞,一般,*,*,*,から,カラ,カラ
下	名詞,一般,*,*,*,*,下,シタ,シタ
まで	助詞,副助詞,*,*,*,*,まで,マデ,マデ
二つ	名詞,一般,*,*,*,*,二つ,フタツ,フタツ
に	助詞,格助詞,一般,*,*,*,に,ニ,ニ
裂け	動詞,自立,*,*,一段,連用形,裂ける,サケ,サケ
，	記号,読点,*,*,*,*,，,，,，
地	名詞,一般,*,*,*,*,地,チ,チ
は	助詞,係助詞,*,*,*,*,は,ハ,ワ
震い	動詞,自立,*,*,五段・ワ行促音便,連用形,震う,フルイ,フルイ
動き	名詞,一般,*,*,*,*,動き,ウゴキ,ウゴキ
，	記号,読点,*,*,*,*,，,，,，
岩	名詞,一般,*,*,*,*,岩,イワ,イワ
塊	名詞,一般,*,*,*,*,塊,カタマリ,カタマリ
は	助詞,係助詞,*,*,*,*,は,ハ,ワ
割れ	動詞,自立,*,*,一段,連用形,割れる,ワレ,ワレ
た	助動詞,*,*,*,特殊・タ,基本形,た,タ,タ
。	記号,句点,*,*,*,*,。,。,。
そして	接続詞,*,*,*,*,*,そして,ソシテ,ソシテ
，	記号,読点,*,*,*,*,，,，,，
記念	名詞,サ変接続,*,*,*,*,記念,キネン,キネン
の	助詞,連体化,*,*,*,*,の,ノ,ノ
墓	名詞,一般,*,*,*,*,墓,ハカ,ハカ
が	助詞,格助詞,一般,*,*,*,が,ガ,ガ
開け	動詞,自立,*,*,一段,連用形,開ける,アケ,アケ
，	記号,読点,*,*,*,*,，,，,，
眠り	名詞,一般,*,*,*,*,眠り,ネムリ,ネムリ
に	助詞,格助詞,一般,*,*,*,に,ニ,ニ
つい	動詞,自立,*,*,五段・カ行イ音便,連用タ接続,つく,ツイ,ツイ
て	助詞,接続助詞,*,*,*,*,て,テ,テ
い	動詞,非自立,*,*,一段,連用形,いる,イ,イ
た	助動詞,*,*,*,特殊・タ,基本形,た,タ,タ
聖なる	連体詞,*,*,*,*,*,聖なる,セイナル,セイナル
者	名詞,非自立,一般,*,*,*,者,モノ,モノ
の	助詞,連体化,*,*,*,*,の,ノ,ノ
体	名詞,一般,*,*,*,*,体,カラダ,カラダ
が	助詞,格助詞,一般,*,*,*,が,ガ,ガ
数多く	形容詞,自立,*,*,形容詞・アウオ段,連用テ接続,数多い,カズオオク,カズオーク
起こさ	動詞,自立,*,*,五段・サ行,未然形,起こす,オコサ,オコサ
れ	動詞,接尾,*,*,一段,連用形,れる,レ,レ
，	記号,読点,*,*,*,*,，,，,，
（	記号,括弧開,*,*,*,*,（,（,（
人々	名詞,一般,*,*,*,*,人々,ヒトビト,ヒトビト
は	助詞,係助詞,*,*,*,*,は,ハ,ワ
，	記号,読点,*,*,*,*,，,，,，
彼	名詞,代名詞,一般,*,*,*,彼,カレ,カレ
が	助詞,格助詞,一般,*,*,*,が,ガ,ガ
よみがえら	動詞,自立,*,*,五段・ラ行,未然形,よみがえる,ヨミガエラ,ヨミガエラ
さ	動詞,自立,*,*,サ変・スル,未然レル接続,する,サ,サ
れ	動詞,接尾,*,*,一段,連用形,れる,レ,レ
た	助動詞,*,*,*,特殊・タ,基本形,た,タ,タ
後	名詞,非自立,副詞可能,*,*,*,後,ノチ,ノチ
に	助詞,格助詞,一般,*,*,*,に,ニ,ニ
記念	名詞,サ変接続,*,*,*,*,記念,キネン,キネン
の	助詞,連体化,*,*,*,*,の,ノ,ノ
墓	名詞,一般,*,*,*,*,墓,ハカ,ハカ
の	助詞,連体化,*,*,*,*,の,ノ,ノ
間	名詞,一般,*,*,*,*,間,マ,マ
から	助詞,格助詞,一般,*,*,*,から,カラ,カラ
出	動詞,自立,*,*,一段,連用形,出る,デ,デ
て	助詞,接続助詞,*,*,*,*,て,テ,テ
来	動詞,非自立,*,*,カ変・来ル,連用形,来る,キ,キ
て	助詞,接続助詞,*,*,*,*,て,テ,テ
，	記号,読点,*,*,*,*,，,，,，
聖	名詞,固有名詞,人名,名,*,*,聖,キヨシ,キヨシ
都	名詞,接尾,地域,*,*,*,都,ト,ト
に	助詞,格助詞,一般,*,*,*,に,ニ,ニ
入っ	動詞,自立,*,*,五段・ラ行,連用タ接続,入る,ハイッ,ハイッ
た	助動詞,*,*,*,特殊・タ,基本形,た,タ,タ
の	名詞,非自立,一般,*,*,*,の,ノ,ノ
で	助動詞,*,*,*,特殊・ダ,連用形,だ,デ,デ
ある	助動詞,*,*,*,五段・ラ行アル,基本形,ある,アル,アル
）	記号,括弧閉,*,*,*,*,）,）,）
多く	名詞,副詞可能,*,*,*,*,多く,オオク,オーク
の	助詞,連体化,*,*,*,*,の,ノ,ノ
人	名詞,一般,*,*,*,*,人,ヒト,ヒト
に	助詞,格助詞,一般,*,*,*,に,ニ,ニ
見える	動詞,自立,*,*,一段,基本形,見える,ミエル,ミエル
よう	名詞,非自立,助動詞語幹,*,*,*,よう,ヨウ,ヨー
に	助詞,格助詞,一般,*,*,*,に,ニ,ニ
なっ	動詞,自立,*,*,五段・ラ行,連用タ接続,なる,ナッ,ナッ
た	助動詞,*,*,*,特殊・タ,基本形,た,タ,タ
。	記号,句点,*,*,*,*,。,。,。
しかし	接続詞,*,*,*,*,*,しかし,シカシ,シカシ
，	記号,読点,*,*,*,*,，,，,，
士官	名詞,一般,*,*,*,*,士官,シカン,シカン
および	接続詞,*,*,*,*,*,および,オヨビ,オヨビ
共に	副詞,一般,*,*,*,*,共に,トモニ,トモニ
イエス	名詞,一般,*,*,*,*,イエス,イエス,イエス
を	助詞,格助詞,一般,*,*,*,を,ヲ,ヲ
見守っ	動詞,自立,*,*,五段・ラ行,連用タ接続,見守る,ミマモッ,ミマモッ
て	助詞,接続助詞,*,*,*,*,て,テ,テ
い	動詞,非自立,*,*,一段,連用形,いる,イ,イ
た	助動詞,*,*,*,特殊・タ,基本形,た,タ,タ
者	名詞,一般,*,*,*,*,者,モノ,モノ
たち	名詞,接尾,一般,*,*,*,たち,タチ,タチ
は	助詞,係助詞,*,*,*,*,は,ハ,ワ
，	記号,読点,*,*,*,*,，,，,，
地震	名詞,一般,*,*,*,*,地震,ジシン,ジシン
と	助詞,格助詞,引用,*,*,*,と,ト,ト
起き	動詞,自立,*,*,一段,連用形,起きる,オキ,オキ
て	助詞,接続助詞,*,*,*,*,て,テ,テ
いる	動詞,非自立,*,*,一段,基本形,いる,イル,イル
事柄	名詞,一般,*,*,*,*,事柄,コトガラ,コトガラ
と	助詞,並立助詞,*,*,*,*,と,ト,ト
を	助詞,格助詞,一般,*,*,*,を,ヲ,ヲ
見	動詞,自立,*,*,一段,連用形,見る,ミ,ミ
て	助詞,接続助詞,*,*,*,*,て,テ,テ
非常	名詞,形容動詞語幹,*,*,*,*,非常,ヒジョウ,ヒジョー
に	助詞,副詞化,*,*,*,*,に,ニ,ニ
恐れ	動詞,自立,*,*,一段,連用形,恐れる,オソレ,オソレ
，	記号,読点,*,*,*,*,，,，,，
「	記号,括弧開,*,*,*,*,「,「,「
確か	名詞,形容動詞語幹,*,*,*,*,確か,タシカ,タシカ
に	助詞,副詞化,*,*,*,*,に,ニ,ニ
これ	名詞,代名詞,一般,*,*,*,これ,コレ,コレ
は	助詞,係助詞,*,*,*,*,は,ハ,ワ
神	名詞,一般,*,*,*,*,神,カミ,カミ
の	助詞,連体化,*,*,*,*,の,ノ,ノ
子	名詞,一般,*,*,*,*,子,コ,コ
で	助動詞,*,*,*,特殊・ダ,連用形,だ,デ,デ
あっ	助動詞,*,*,*,五段・ラ行アル,連用タ接続,ある,アッ,アッ
た	助動詞,*,*,*,特殊・タ,基本形,た,タ,タ
」	記号,括弧閉,*,*,*,*,」,」,」
と	助詞,格助詞,引用,*,*,*,と,ト,ト
言っ	動詞,自立,*,*,五段・ワ行促音便,連用タ接続,言う,イッ,イッ
た	助動詞,*,*,*,特殊・タ,基本形,た,タ,タ
。	記号,句点,*,*,*,*,。,。,。
なお	接続詞,*,*,*,*,*,なお,ナオ,ナオ
また	接続詞,*,*,*,*,*,また,マタ,マタ
，	記号,読点,*,*,*,*,，,，,，
そこ	名詞,代名詞,一般,*,*,*,そこ,ソコ,ソコ
で	助詞,格助詞,一般,*,*,*,で,デ,デ
は	助詞,係助詞,*,*,*,*,は,ハ,ワ
大勢	名詞,一般,*,*,*,*,大勢,タイセイ,タイセイ
の	助詞,連体化,*,*,*,*,の,ノ,ノ
女	名詞,一般,*,*,*,*,女,オンナ,オンナ
たち	名詞,接尾,一般,*,*,*,たち,タチ,タチ
が	助詞,格助詞,一般,*,*,*,が,ガ,ガ
やや	副詞,一般,*,*,*,*,やや,ヤヤ,ヤヤ
離れ	動詞,自立,*,*,一段,連用形,離れる,ハナレ,ハナレ
た	助動詞,*,*,*,特殊・タ,基本形,た,タ,タ
所	名詞,非自立,副詞可能,*,*,*,所,トコロ,トコロ
で	助詞,格助詞,一般,*,*,*,で,デ,デ
見	動詞,自立,*,*,一段,連用形,見る,ミ,ミ
て	助詞,接続助詞,*,*,*,*,て,テ,テ
い	動詞,非自立,*,*,一段,連用形,いる,イ,イ
た	助動詞,*,*,*,特殊・タ,基本形,た,タ,タ
が	助詞,接続助詞,*,*,*,*,が,ガ,ガ
，	記号,読点,*,*,*,*,，,，,，
それ	名詞,代名詞,一般,*,*,*,それ,ソレ,ソレ
は	助詞,係助詞,*,*,*,*,は,ハ,ワ
イエス	名詞,一般,*,*,*,*,イエス,イエス,イエス
に	助詞,格助詞,一般,*,*,*,に,ニ,ニ
仕える	動詞,自立,*,*,一段,基本形,仕える,ツカエル,ツカエル
ため	名詞,非自立,副詞可能,*,*,*,ため,タメ,タメ
ガリラヤ	名詞,一般,*,*,*,*,*
から	助詞,格助詞,一般,*,*,*,から,カラ,カラ
付い	動詞,自立,*,*,五段・カ行イ音便,連用タ接続,付く,ツイ,ツイ
て	助詞,接続助詞,*,*,*,*,て,テ,テ
来	動詞,非自立,*,*,カ変・来ル,連用形,来る,キ,キ
た	助動詞,*,*,*,特殊・タ,基本形,た,タ,タ
者	名詞,一般,*,*,*,*,者,モノ,モノ
たち	名詞,接尾,一般,*,*,*,たち,タチ,タチ
で	助動詞,*,*,*,特殊・ダ,連用形,だ,デ,デ
あっ	助動詞,*,*,*,五段・ラ行アル,連用タ接続,ある,アッ,アッ
た	助動詞,*,*,*,特殊・タ,基本形,た,タ,タ
。	記号,句点,*,*,*,*,。,。,。
その	連体詞,*,*,*,*,*,その,ソノ,ソノ
中	名詞,非自立,副詞可能,*,*,*,中,ナカ,ナカ
に	助詞,格助詞,一般,*,*,*,に,ニ,ニ
は	助詞,係助詞,*,*,*,*,は,ハ,ワ
マリア	名詞,固有名詞,一般,*,*,*,マリア,マリア,マリア
･	名詞,サ変接続,*,*,*,*,*
マグダレネ	名詞,一般,*,*,*,*,*
，	記号,読点,*,*,*,*,，,，,，
また	接続詞,*,*,*,*,*,また,マタ,マタ
ヤコブ	名詞,一般,*,*,*,*,*
と	助詞,並立助詞,*,*,*,*,と,ト,ト
	記号,一般,*,*,*,*,*
EOS
	記号,一般,*,*,*,*,*
セ	名詞,一般,*,*,*,*,セ,セ,セ
の	助詞,連体化,*,*,*,*,の,ノ,ノ
母	名詞,一般,*,*,*,*,母,ハハ,ハハ
マリア	名詞,固有名詞,一般,*,*,*,マリア,マリア,マリア
，	記号,読点,*,*,*,*,，,，,，
および	接続詞,*,*,*,*,*,および,オヨビ,オヨビ
ゼベダイ	名詞,一般,*,*,*,*,*
の	助詞,連体化,*,*,*,*,の,ノ,ノ
子	名詞,一般,*,*,*,*,子,コ,コ
ら	名詞,接尾,一般,*,*,*,ら,ラ,ラ
の	助詞,連体化,*,*,*,*,の,ノ,ノ
母	名詞,一般,*,*,*,*,母,ハハ,ハハ
が	助詞,格助詞,一般,*,*,*,が,ガ,ガ
い	動詞,自立,*,*,一段,連用形,いる,イ,イ
た	助動詞,*,*,*,特殊・タ,基本形,た,タ,タ
。	記号,句点,*,*,*,*,。,。,。
さて	接続詞,*,*,*,*,*,さて,サテ,サテ
，	記号,読点,*,*,*,*,，,，,，
午後	名詞,副詞可能,*,*,*,*,午後,ゴゴ,ゴゴ
遅く	形容詞,自立,*,*,形容詞・アウオ段,連用テ接続,遅い,オソク,オソク
なっ	動詞,自立,*,*,五段・ラ行,連用タ接続,なる,ナッ,ナッ
て	助詞,接続助詞,*,*,*,*,て,テ,テ
から	助詞,格助詞,一般,*,*,*,から,カラ,カラ
，	記号,読点,*,*,*,*,，,，,，
ヨセフ	名詞,固有名詞,組織,*,*,*,*
という	助詞,格助詞,連語,*,*,*,という,トイウ,トユウ
名	名詞,一般,*,*,*,*,名,ナ,ナ
で	助詞,格助詞,一般,*,*,*,で,デ,デ
，	記号,読点,*,*,*,*,，,，,，
自ら	名詞,副詞可能,*,*,*,*,自ら,ミズカラ,ミズカラ
も	助詞,係助詞,*,*,*,*,も,モ,モ
イエス	名詞,一般,*,*,*,*,イエス,イエス,イエス
の	助詞,連体化,*,*,*,*,の,ノ,ノ
弟子	名詞,一般,*,*,*,*,弟子,デシ,デシ
と	助詞,格助詞,一般,*,*,*,と,ト,ト
なっ	動詞,自立,*,*,五段・ラ行,連用タ接続,なる,ナッ,ナッ
て	助詞,接続助詞,*,*,*,*,て,テ,テ
い	動詞,非自立,*,*,一段,連用形,いる,イ,イ
た	助動詞,*,*,*,特殊・タ,基本形,た,タ,タ
アリマタヤ	名詞,一般,*,*,*,*,*
の	助詞,格助詞,一般,*,*,*,の,ノ,ノ
ある	動詞,自立,*,*,五段・ラ行,基本形,ある,アル,アル
富ん	動詞,自立,*,*,五段・マ行,連用タ接続,富む,トン,トン
だ	助動詞,*,*,*,特殊・タ,基本形,だ,ダ,ダ
人	名詞,一般,*,*,*,*,人,ヒト,ヒト
が	助詞,格助詞,一般,*,*,*,が,ガ,ガ
やって来	動詞,自立,*,*,カ変・来ル,連用形,やって来る,ヤッテキ,ヤッテキ
た	助動詞,*,*,*,特殊・タ,基本形,た,タ,タ
。	記号,句点,*,*,*,*,。,。,。
この	連体詞,*,*,*,*,*,この,コノ,コノ
人	名詞,一般,*,*,*,*,人,ヒト,ヒト
は	助詞,係助詞,*,*,*,*,は,ハ,ワ
ピラト	名詞,一般,*,*,*,*,*
の	助詞,連体化,*,*,*,*,の,ノ,ノ
もと	名詞,非自立,一般,*,*,*,もと,モト,モト
に	助詞,格助詞,一般,*,*,*,に,ニ,ニ
行っ	動詞,自立,*,*,五段・カ行促音便,連用タ接続,行く,イッ,イッ
て	助詞,接続助詞,*,*,*,*,て,テ,テ
，	記号,読点,*,*,*,*,，,，,，
イエス	名詞,一般,*,*,*,*,イエス,イエス,イエス
の	助詞,連体化,*,*,*,*,の,ノ,ノ
体	名詞,一般,*,*,*,*,体,カラダ,カラダ
を	助詞,格助詞,一般,*,*,*,を,ヲ,ヲ
頂き	動詞,自立,*,*,五段・カ行イ音便,連用形,頂く,イタダキ,イタダキ
たい	助動詞,*,*,*,特殊・タイ,基本形,たい,タイ,タイ
と	助詞,格助詞,引用,*,*,*,と,ト,ト
願い出	動詞,自立,*,*,一段,連用形,願い出る,ネガイデ,ネガイデ
た	助動詞,*,*,*,特殊・タ,基本形,た,タ,タ
。	記号,句点,*,*,*,*,。,。,。
そこで	接続詞,*,*,*,*,*,そこで,ソコデ,ソコデ
ピラト	名詞,一般,*,*,*,*,*
は	助詞,係助詞,*,*,*,*,は,ハ,ワ
それ	名詞,代名詞,一般,*,*,*,それ,ソレ,ソレ
を	助詞,格助詞,一般,*,*,*,を,ヲ,ヲ
渡す	動詞,自立,*,*,五段・サ行,基本形,渡す,ワタス,ワタス
よう	名詞,非自立,助動詞語幹,*,*,*,よう,ヨウ,ヨー
に	助詞,副詞化,*,*,*,*,に,ニ,ニ
命令	名詞,サ変接続,*,*,*,*,命令,メイレイ,メイレイ
し	動詞,自立,*,*,サ変・スル,連用形,する,シ,シ
た	助動詞,*,*,*,特殊・タ,基本形,た,タ,タ
。	記号,句点,*,*,*,*,。,。,。
それで	接続詞,*,*,*,*,*,それで,ソレデ,ソレデ
ヨセフ	名詞,一般,*,*,*,*,*
は	助詞,係助詞,*,*,*,*,は,ハ,ワ
体	名詞,一般,*,*,*,*,体,カラダ,カラダ
を	助詞,格助詞,一般,*,*,*,を,ヲ,ヲ
受け取り	動詞,自立,*,*,五段・ラ行,連用形,受け取る,ウケトリ,ウケトリ
，	記号,読点,*,*,*,*,，,，,，
それ	名詞,代名詞,一般,*,*,*,それ,ソレ,ソレ
を	助詞,格助詞,一般,*,*,*,を,ヲ,ヲ
清い	形容詞,自立,*,*,形容詞・アウオ段,基本形,清い,キヨイ,キヨイ
上等	名詞,一般,*,*,*,*,上等,ジョウトウ,ジョートー
の	助詞,連体化,*,*,*,*,の,ノ,ノ
亜麻	名詞,一般,*,*,*,*,亜麻,アマ,アマ
布	名詞,一般,*,*,*,*,布,ヌノ,ヌノ
に	助詞,格助詞,一般,*,*,*,に,ニ,ニ
包み	動詞,自立,*,*,五段・マ行,連用形,包む,ツツミ,ツツミ
，	記号,読点,*,*,*,*,，,，,，
自分	名詞,一般,*,*,*,*,自分,ジブン,ジブン
の	助詞,連体化,*,*,*,*,の,ノ,ノ
新しい	形容詞,自立,*,*,形容詞・イ段,基本形,新しい,アタラシイ,アタラシイ
記念	名詞,サ変接続,*,*,*,*,記念,キネン,キネン
の	助詞,連体化,*,*,*,*,の,ノ,ノ
墓	名詞,一般,*,*,*,*,墓,ハカ,ハカ
の	助詞,連体化,*,*,*,*,の,ノ,ノ
中	名詞,非自立,副詞可能,*,*,*,中,ナカ,ナカ
に	助詞,格助詞,一般,*,*,*,に,ニ,ニ
横たえ	動詞,自立,*,*,一段,連用形,横たえる,ヨコタエ,ヨコタエ
た	助動詞,*,*,*,特殊・タ,基本形,た,タ,タ
。	記号,句点,*,*,*,*,。,。,。
それ	名詞,代名詞,一般,*,*,*,それ,ソレ,ソレ
は	助詞,係助詞,*,*,*,*,は,ハ,ワ
彼	名詞,代名詞,一般,*,*,*,彼,カレ,カレ
が	助詞,格助詞,一般,*,*,*,が,ガ,ガ
岩	名詞,一般,*,*,*,*,岩,イワ,イワ
塊	名詞,一般,*,*,*,*,塊,カタマリ,カタマリ
に	助詞,格助詞,一般,*,*,*,に,ニ,ニ
くりぬい	動詞,自立,*,*,五段・カ行イ音便,連用タ接続,くりぬく,クリヌイ,クリヌイ
た	助動詞,*,*,*,特殊・タ,基本形,た,タ,タ
もの	名詞,非自立,一般,*,*,*,もの,モノ,モノ
で	助動詞,*,*,*,特殊・ダ,連用形,だ,デ,デ
あっ	助動詞,*,*,*,五段・ラ行アル,連用タ接続,ある,アッ,アッ
た	助動詞,*,*,*,特殊・タ,基本形,た,タ,タ
。	記号,句点,*,*,*,*,。,。,。
そして	接続詞,*,*,*,*,*,そして,ソシテ,ソシテ
，	記号,読点,*,*,*,*,，,，,，
その	連体詞,*,*,*,*,*,その,ソノ,ソノ
記念	名詞,サ変接続,*,*,*,*,記念,キネン,キネン
の	助詞,連体化,*,*,*,*,の,ノ,ノ
墓	名詞,一般,*,*,*,*,墓,ハカ,ハカ
の	助詞,連体化,*,*,*,*,の,ノ,ノ
戸口	名詞,一般,*,*,*,*,戸口,トグチ,トグチ
の	助詞,連体化,*,*,*,*,の,ノ,ノ
ところ	名詞,非自立,副詞可能,*,*,*,ところ,トコロ,トコロ
に	助詞,格助詞,一般,*,*,*,に,ニ,ニ
大きな	連体詞,*,*,*,*,*,大きな,オオキナ,オーキナ
石	名詞,一般,*,*,*,*,石,イシ,イシ
を	助詞,格助詞,一般,*,*,*,を,ヲ,ヲ
転がし	動詞,自立,*,*,五段・サ行,連用形,転がす,コロガシ,コロガシ
て	助詞,接続助詞,*,*,*,*,て,テ,テ
から	助詞,格助詞,一般,*,*,*,から,カラ,カラ
去っ	動詞,自立,*,*,五段・ラ行,連用タ接続,去る,サッ,サッ
て	助詞,接続助詞,*,*,*,*,て,テ,テ
行っ	動詞,非自立,*,*,五段・カ行促音便,連用タ接続,行く,イッ,イッ
た	助動詞,*,*,*,特殊・タ,基本形,た,タ,タ
。	記号,句点,*,*,*,*,。,。,。
しかし	接続詞,*,*,*,*,*,しかし,シカシ,シカシ
，	記号,読点,*,*,*,*,，,，,，
マリア	名詞,固有名詞,一般,*,*,*,マリア,マリア,マリア
･	名詞,サ変接続,*,*,*,*,*
マグダレネ	名詞,一般,*,*,*,*,*
ともう	形容詞,自立,*,*,形容詞・アウオ段,連用ゴザイ接続,ともい,トモウ,トモー
一方	名詞,非自立,副詞可能,*,*,*,一方,イッポウ,イッポー
の	助詞,連体化,*,*,*,*,の,ノ,ノ
マリア	名詞,固有名詞,一般,*,*,*,マリア,マリア,マリア
は	助詞,係助詞,*,*,*,*,は,ハ,ワ
そこ	名詞,代名詞,一般,*,*,*,そこ,ソコ,ソコ
に	助詞,格助詞,一般,*,*,*,に,ニ,ニ
とどまっ	動詞,自立,*,*,五段・ラ行,連用タ接続,とどまる,トドマッ,トドマッ
て	助詞,接続助詞,*,*,*,*,て,テ,テ
，	記号,読点,*,*,*,*,，,，,，
墓	名詞,一般,*,*,*,*,墓,ハカ,ハカ
の	助詞,連体化,*,*,*,*,の,ノ,ノ
前	名詞,副詞可能,*,*,*,*,前,マエ,マエ
に	助詞,格助詞,一般,*,*,*,に,ニ,ニ
座っ	動詞,自立,*,*,五段・ラ行,連用タ接続,座る,スワッ,スワッ
て	助詞,接続助詞,*,*,*,*,て,テ,テ
い	動詞,非自立,*,*,一段,連用形,いる,イ,イ
た	助動詞,*,*,*,特殊・タ,基本形,た,タ,タ
。	記号,句点,*,*,*,*,。,。,。
次	名詞,一般,*,*,*,*,次,ツギ,ツギ
の	助詞,連体化,*,*,*,*,の,ノ,ノ
日	名詞,非自立,副詞可能,*,*,*,日,ヒ,ヒ
，	記号,読点,*,*,*,*,，,，,，
それ	名詞,代名詞,一般,*,*,*,それ,ソレ,ソレ
は	助詞,係助詞,*,*,*,*,は,ハ,ワ
準備	名詞,サ変接続,*,*,*,*,準備,ジュンビ,ジュンビ
[	名詞,サ変接続,*,*,*,*,*
の	助詞,連体化,*,*,*,*,の,ノ,ノ
日	名詞,非自立,副詞可能,*,*,*,日,ヒ,ヒ
]	名詞,サ変接続,*,*,*,*,*
の	助詞,連体化,*,*,*,*,の,ノ,ノ
翌日	名詞,副詞可能,*,*,*,*,翌日,ヨクジツ,ヨクジツ
で	助動詞,*,*,*,特殊・ダ,連用形,だ,デ,デ
あっ	助動詞,*,*,*,五段・ラ行アル,連用タ接続,ある,アッ,アッ
た	助動詞,*,*,*,特殊・タ,基本形,た,タ,タ
が	助詞,接続助詞,*,*,*,*,が,ガ,ガ
，	記号,読点,*,*,*,*,，,，,，
祭司	名詞,一般,*,*,*,*,祭司,サイシ,サイシ
長	名詞,接尾,一般,*,*,*,長,チョウ,チョー
と	助詞,並立助詞,*,*,*,*,と,ト,ト
パリサイ	名詞,一般,*,*,*,*,パリサイ,パリサイ,パリサイ
人	名詞,接尾,一般,*,*,*,人,ジン,ジン
たち	名詞,接尾,一般,*,*,*,たち,タチ,タチ
が	助詞,格助詞,一般,*,*,*,が,ガ,ガ
ピラト	名詞,一般,*,*,*,*,*
の	助詞,連体化,*,*,*,*,の,ノ,ノ
前	名詞,副詞可能,*,*,*,*,前,マエ,マエ
に	助詞,格助詞,一般,*,*,*,に,ニ,ニ
集まっ	動詞,自立,*,*,五段・ラ行,連用タ接続,集まる,アツマッ,アツマッ
て	助詞,接続助詞,*,*,*,*,て,テ,テ
，	記号,読点,*,*,*,*,，,，,，
こう	副詞,助詞類接続,*,*,*,*,こう,コウ,コー
言っ	動詞,自立,*,*,五段・ワ行促音便,連用タ接続,言う,イッ,イッ
た	助動詞,*,*,*,特殊・タ,基本形,た,タ,タ
。	記号,句点,*,*,*,*,。,。,。
「	記号,括弧開,*,*,*,*,「,「,「
閣下	名詞,一般,*,*,*,*,閣下,カッカ,カッカ
，	記号,読点,*,*,*,*,，,，,，
わたし	名詞,代名詞,一般,*,*,*,わたし,ワタシ,ワタシ
ども	名詞,接尾,一般,*,*,*,ども,ドモ,ドモ
は	助詞,係助詞,*,*,*,*,は,ハ,ワ
，	記号,読点,*,*,*,*,，,，,，
あの	連体詞,*,*,*,*,*,あの,アノ,アノ
かたり	動詞,自立,*,*,五段・ラ行,連用形,かたる,カタリ,カタリ
者	名詞,接尾,一般,*,*,*,者,シャ,シャ
が	助詞,格助詞,一般,*,*,*,が,ガ,ガ
，	記号,読点,*,*,*,*,，,，,，
まだ	副詞,助詞類接続,*,*,*,*,まだ,マダ,マダ
生き	動詞,自立,*,*,一段,連用形,生きる,イキ,イキ
て	助詞,接続助詞,*,*,*,*,て,テ,テ
い	動詞,非自立,*,*,一段,連用形,いる,イ,イ
た	助動詞,*,*,*,特殊・タ,基本形,た,タ,タ
時分	名詞,一般,*,*,*,*,時分,ジブン,ジブン
に	助詞,格助詞,一般,*,*,*,に,ニ,ニ
，	記号,読点,*,*,*,*,，,，,，
『	記号,括弧開,*,*,*,*,『,『,『
三	名詞,数,*,*,*,*,三,サン,サン
日	名詞,接尾,助数詞,*,*,*,日,ニチ,ニチ
後	名詞,接尾,副詞可能,*,*,*,後,ゴ,ゴ
に	助詞,格助詞,一般,*,*,*,に,ニ,ニ
わたし	名詞,代名詞,一般,*,*,*,わたし,ワタシ,ワタシ
は	助詞,係助詞,*,*,*,*,は,ハ,ワ
よみがえら	動詞,自立,*,*,五段・ラ行,未然形,よみがえる,ヨミガエラ,ヨミガエラ
さ	動詞,自立,*,*,サ変・スル,未然レル接続,する,サ,サ
れる	動詞,接尾,*,*,一段,基本形,れる,レル,レル
』	記号,括弧閉,*,*,*,*,』,』,』
と	助詞,格助詞,引用,*,*,*,と,ト,ト
言っ	動詞,自立,*,*,五段・ワ行促音便,連用タ接続,言う,イッ,イッ
た	助動詞,*,*,*,特殊・タ,基本形,た,タ,タ
の	名詞,非自立,一般,*,*,*,の,ノ,ノ
を	助詞,格助詞,一般,*,*,*,を,ヲ,ヲ
思い出し	動詞,自立,*,*,五段・サ行,連用形,思い出す,オモイダシ,オモイダシ
まし	助動詞,*,*,*,特殊・マス,連用形,ます,マシ,マシ
た	助動詞,*,*,*,特殊・タ,基本形,た,タ,タ
。	記号,句点,*,*,*,*,。,。,。
それで	接続詞,*,*,*,*,*,それで,ソレデ,ソレデ
，	記号,読点,*,*,*,*,，,，,，
三	名詞,数,*,*,*,*,三,サン,サン
日	名詞,接尾,助数詞,*,*,*,日,ニチ,ニチ
目	名詞,接尾,一般,*,*,*,目,メ,メ
まで	助詞,副助詞,*,*,*,*,まで,マデ,マデ
墓	名詞,一般,*,*,*,*,墓,ハカ,ハカ
の	助詞,連体化,*,*,*,*,の,ノ,ノ
守り	名詞,一般,*,*,*,*,守り,モリ,モリ
を	助詞,格助詞,一般,*,*,*,を,ヲ,ヲ
固める	動詞,自立,*,*,一段,基本形,固める,カタメル,カタメル
よう	名詞,非自立,助動詞語幹,*,*,*,よう,ヨウ,ヨー
に	助詞,副詞化,*,*,*,*,に,ニ,ニ
命令	名詞,サ変接続,*,*,*,*,命令,メイレイ,メイレイ
し	動詞,自立,*,*,サ変・スル,連用形,する,シ,シ
て	助詞,接続助詞,*,*,*,*,て,テ,テ
ください	動詞,非自立,*,*,五段・ラ行特殊,命令ｉ,くださる,クダサイ,クダサイ
。	記号,句点,*,*,*,*,。,。,。
弟子	名詞,一般,*,*,*,*,弟子,デシ,デシ
たち	名詞,接尾,一般,*,*,*,たち,タチ,タチ
が	助詞,格助詞,一般,*,*,*,が,ガ,ガ
やって来	動詞,自立,*,*,カ変・来ル,連用形,やって来る,ヤッテキ,ヤッテキ
て	助詞,接続助詞,*,*,*,*,て,テ,テ
彼	名詞,代名詞,一般,*,*,*,彼,カレ,カレ
を	助詞,格助詞,一般,*,*,*,を,ヲ,ヲ
盗み出し	動詞,自立,*,*,五段・サ行,連用形,盗み出す,ヌスミダシ,ヌスミダシ
，	記号,読点,*,*,*,*,，,，,，
『	記号,括弧開,*,*,*,*,『,『,『
彼	名詞,代名詞,一般,*,*,*,彼,カレ,カレ
は	助詞,係助詞,*,*,*,*,は,ハ,ワ
死人	名詞,一般,*,*,*,*,死人,シニン,シニン
の	助詞,連体化,*,*,*,*,の,ノ,ノ
中	名詞,非自立,副詞可能,*,*,*,中,ナカ,ナカ
から	助詞,格助詞,一般,*,*,*,から,カラ,カラ
よみがえら	動詞,自立,*,*,五段・ラ行,未然形,よみがえる,ヨミガエラ,ヨミガエラ
さ	動詞,自立,*,*,サ変・スル,未然レル接続,する,サ,サ
れ	動詞,接尾,*,*,一段,連用形,れる,レ,レ
た	助動詞,*,*,*,特殊・タ,基本形,た,タ,タ
の	名詞,非自立,一般,*,*,*,の,ノ,ノ
だ	助動詞,*,*,*,特殊・ダ,基本形,だ,ダ,ダ
！	記号,一般,*,*,*,*,！,！,！
』	記号,括弧閉,*,*,*,*,』,』,』
など	助詞,副助詞,*,*,*,*,など,ナド,ナド
と	助詞,格助詞,引用,*,*,*,と,ト,ト
民	名詞,一般,*,*,*,*,民,ミン,ミン
に	助詞,格助詞,一般,*,*,*,に,ニ,ニ
言いふらす	動詞,自立,*,*,五段・サ行,基本形,言いふらす,イイフラス,イーフラス
よう	名詞,非自立,助動詞語幹,*,*,*,よう,ヨウ,ヨー
な	助動詞,*,*,*,特殊・ダ,体言接続,だ,ナ,ナ
こと	名詞,非自立,一般,*,*,*,こと,コト,コト
の	助詞,格助詞,一般,*,*,*,の,ノ,ノ
ない	形容詞,自立,*,*,形容詞・アウオ段,基本形,ない,ナイ,ナイ
ため	名詞,非自立,副詞可能,*,*,*,ため,タメ,タメ
です	助動詞,*,*,*,特殊・デス,基本形,です,デス,デス
。	記号,句点,*,*,*,*,。,。,。
この	連体詞,*,*,*,*,*,この,コノ,コノ
最後	名詞,一般,*,*,*,*,最後,サイゴ,サイゴ
の	助詞,連体化,*,*,*,*,の,ノ,ノ
かたり	動詞,自立,*,*,五段・ラ行,連用形,かたる,カタリ,カタリ
は	助詞,係助詞,*,*,*,*,は,ハ,ワ
，	記号,読点,*,*,*,*,，,，,，
最初	名詞,一般,*,*,*,*,最初,サイショ,サイショ
の	助詞,連体化,*,*,*,*,の,ノ,ノ
もの	名詞,非自立,一般,*,*,*,もの,モノ,モノ
より	助詞,格助詞,一般,*,*,*,より,ヨリ,ヨリ
悪い	形容詞,自立,*,*,形容詞・アウオ段,基本形,悪い,ワルイ,ワルイ
結果	名詞,副詞可能,*,*,*,*,結果,ケッカ,ケッカ
に	助詞,格助詞,一般,*,*,*,に,ニ,ニ
なっ	動詞,自立,*,*,五段・ラ行,連用タ接続,なる,ナッ,ナッ
て	助詞,接続助詞,*,*,*,*,て,テ,テ
しまう	動詞,非自立,*,*,五段・ワ行促音便,基本形,しまう,シマウ,シマウ
でしょ	助動詞,*,*,*,特殊・デス,未然形,です,デショ,デショ
う	助動詞,*,*,*,不変化型,基本形,う,ウ,ウ
」	記号,括弧閉,*,*,*,*,」,」,」
。	記号,句点,*,*,*,*,。,。,。
ピラト	名詞,一般,*,*,*,*,*
は	助詞,係助詞,*,*,*,*,は,ハ,ワ
言っ	動詞,自立,*,*,五段・ワ行促音便,連用タ接続,言う,イッ,イッ
た	助動詞,*,*,*,特殊・タ,基本形,た,タ,タ
，	記号,読点,*,*,*,*,，,，,，
「	記号,括弧開,*,*,*,*,「,「,「
あなた	名詞,代名詞,一般,*,*,*,あなた,アナタ,アナタ
方	名詞,接尾,一般,*,*,*,方,カタ,カタ
に	助詞,格助詞,一般,*,*,*,に,ニ,ニ
は	助詞,係助詞,*,*,*,*,は,ハ,ワ
警備	名詞,サ変接続,*,*,*,*,警備,ケイビ,ケイビ
隊	名詞,接尾,一般,*,*,*,隊,タイ,タイ
が	助詞,格助詞,一般,*,*,*,が,ガ,ガ
ある	動詞,自立,*,*,五段・ラ行,基本形,ある,アル,アル
。	記号,句点,*,*,*,*,。,。,。
行っ	動詞,自立,*,*,五段・ワ行促音便,連用タ接続,行う,オコナッ,オコナッ
て	助詞,接続助詞,*,*,*,*,て,テ,テ
，	記号,読点,*,*,*,*,，,，,，
あなた	名詞,代名詞,一般,*,*,*,あなた,アナタ,アナタ
方	名詞,接尾,一般,*,*,*,方,カタ,カタ
の	助詞,格助詞,一般,*,*,*,の,ノ,ノ
知る	動詞,自立,*,*,五段・ラ行,基本形,知る,シル,シル
限り	名詞,非自立,副詞可能,*,*,*,限り,カギリ,カギリ
の	助詞,連体化,*,*,*,*,の,ノ,ノ
方法	名詞,一般,*,*,*,*,方法,ホウホウ,ホーホー
で	助詞,格助詞,一般,*,*,*,で,デ,デ
守り	動詞,自立,*,*,五段・ラ行,連用形,守る,マモリ,マモリ
固める	動詞,自立,*,*,一段,基本形,固める,カタメル,カタメル
が	助詞,接続助詞,*,*,*,*,が,ガ,ガ
よい	形容詞,非自立,*,*,形容詞・アウオ段,基本形,よい,ヨイ,ヨイ
」	記号,括弧閉,*,*,*,*,」,」,」
。	記号,句点,*,*,*,*,。,。,。
それで	接続詞,*,*,*,*,*,それで,ソレデ,ソレデ
彼ら	名詞,代名詞,一般,*,*,*,彼ら,カレラ,カレラ
は	助詞,係助詞,*,*,*,*,は,ハ,ワ
出かけ	動詞,自立,*,*,一段,連用形,出かける,デカケ,デカケ
て	助詞,接続助詞,*,*,*,*,て,テ,テ
行き	動詞,非自立,*,*,五段・カ行促音便,連用形,行く,イキ,イキ
，	記号,読点,*,*,*,*,，,，,，
石	名詞,一般,*,*,*,*,石,イシ,イシ
に	助詞,格助詞,一般,*,*,*,に,ニ,ニ
封印	名詞,サ変接続,*,*,*,*,封印,フウイン,フーイン
を	助詞,格助詞,一般,*,*,*,を,ヲ,ヲ
し	動詞,自立,*,*,サ変・スル,連用形,する,シ,シ
，	記号,読点,*,*,*,*,，,，,，
また	接続詞,*,*,*,*,*,また,マタ,マタ
警備	名詞,サ変接続,*,*,*,*,警備,ケイビ,ケイビ
隊	名詞,接尾,一般,*,*,*,隊,タイ,タイ
を	助詞,格助詞,一般,*,*,*,を,ヲ,ヲ
置い	動詞,自立,*,*,五段・カ行イ音便,連用タ接続,置く,オイ,オイ
て	助詞,接続助詞,*,*,*,*,て,テ,テ
墓	名詞,一般,*,*,*,*,墓,ハカ,ハカ
の	助詞,連体化,*,*,*,*,の,ノ,ノ
守り	名詞,一般,*,*,*,*,守り,モリ,モリ
を	助詞,格助詞,一般,*,*,*,を,ヲ,ヲ
固め	動詞,自立,*,*,一段,連用形,固める,カタメ,カタメ
た	助動詞,*,*,*,特殊・タ,基本形,た,タ,タ
。	記号,句点,*,*,*,*,。,。,。
EOS
