[	名詞,サ変接続,*,*,*,*,*
イエス	名詞,一般,*,*,*,*,イエス,イエス,イエス
]	名詞,サ変接続,*,*,*,*,*
が	助詞,格助詞,一般,*,*,*,が,ガ,ガ
山	名詞,一般,*,*,*,*,山,ヤマ,ヤマ
から	助詞,格助詞,一般,*,*,*,から,カラ,カラ
下り	動詞,自立,*,*,一段,連用形,下りる,オリ,オリ
て	助詞,接続助詞,*,*,*,*,て,テ,テ
来ら	動詞,自立,*,*,五段・ラ行,未然形,来る,キタラ,キタラ
れ	動詞,接尾,*,*,一段,連用形,れる,レ,レ
た	助動詞,*,*,*,特殊・タ,基本形,た,タ,タ
のち	名詞,非自立,副詞可能,*,*,*,のち,ノチ,ノチ
，	記号,読点,*,*,*,*,，,，,，
大	接頭詞,名詞接続,*,*,*,*,大,ダイ,ダイ
群衆	名詞,一般,*,*,*,*,群衆,グンシュウ,グンシュー
が	助詞,格助詞,一般,*,*,*,が,ガ,ガ
その	連体詞,*,*,*,*,*,その,ソノ,ソノ
あと	名詞,一般,*,*,*,*,あと,アト,アト
に	助詞,格助詞,一般,*,*,*,に,ニ,ニ
従っ	動詞,自立,*,*,五段・ワ行促音便,連用タ接続,従う,シタガッ,シタガッ
た	助動詞,*,*,*,特殊・タ,基本形,た,タ,タ
。	記号,句点,*,*,*,*,。,。,。
する	動詞,自立,*,*,サ変・スル,基本形,する,スル,スル
と	助詞,接続助詞,*,*,*,*,と,ト,ト
，	記号,読点,*,*,*,*,，,，,，
見よ	動詞,自立,*,*,一段,命令ｙｏ,見る,ミヨ,ミヨ
，	記号,読点,*,*,*,*,，,，,，
らい病	名詞,一般,*,*,*,*,らい病,ライビョウ,ライビョー
の	助詞,連体化,*,*,*,*,の,ノ,ノ
人	名詞,一般,*,*,*,*,人,ヒト,ヒト
が	助詞,格助詞,一般,*,*,*,が,ガ,ガ
寄っ	動詞,自立,*,*,五段・ラ行,連用タ接続,寄る,ヨッ,ヨッ
て	助詞,接続助詞,*,*,*,*,て,テ,テ
来	動詞,非自立,*,*,カ変・来ル,連用形,来る,キ,キ
て	助詞,接続助詞,*,*,*,*,て,テ,テ
，	記号,読点,*,*,*,*,，,，,，
彼	名詞,代名詞,一般,*,*,*,彼,カレ,カレ
に	助詞,格助詞,一般,*,*,*,に,ニ,ニ
敬意	名詞,サ変接続,*,*,*,*,敬意,ケイイ,ケイイ
を	助詞,格助詞,一般,*,*,*,を,ヲ,ヲ
ささげ	動詞,自立,*,*,一段,連用形,ささげる,ササゲ,ササゲ
ながら	助詞,接続助詞,*,*,*,*,ながら,ナガラ,ナガラ
こう	副詞,助詞類接続,*,*,*,*,こう,コウ,コー
言っ	動詞,自立,*,*,五段・ワ行促音便,連用タ接続,言う,イッ,イッ
た	助動詞,*,*,*,特殊・タ,基本形,た,タ,タ
。	記号,句点,*,*,*,*,。,。,。
「	記号,括弧開,*,*,*,*,「,「,「
主	名詞,形容動詞語幹,*,*,*,*,主,オモ,オモ
よ	助詞,終助詞,*,*,*,*,よ,ヨ,ヨ
，	記号,読点,*,*,*,*,，,，,，
あなた	名詞,代名詞,一般,*,*,*,あなた,アナタ,アナタ
は	助詞,係助詞,*,*,*,*,は,ハ,ワ
，	記号,読点,*,*,*,*,，,，,，
ただ	接続詞,*,*,*,*,*,ただ,タダ,タダ
そう	副詞,助詞類接続,*,*,*,*,そう,ソウ,ソー
お	接頭詞,名詞接続,*,*,*,*,お,オ,オ
望み	名詞,一般,*,*,*,*,望み,ノゾミ,ノゾミ
に	助詞,格助詞,一般,*,*,*,に,ニ,ニ
なる	動詞,自立,*,*,五段・ラ行,基本形,なる,ナル,ナル
だけ	助詞,副助詞,*,*,*,*,だけ,ダケ,ダケ
で	助動詞,*,*,*,特殊・ダ,連用形,だ,デ,デ
，	記号,読点,*,*,*,*,，,，,，
私	名詞,代名詞,一般,*,*,*,私,ワタシ,ワタシ
を	助詞,格助詞,一般,*,*,*,を,ヲ,ヲ
清く	形容詞,自立,*,*,形容詞・アウオ段,連用テ接続,清い,キヨク,キヨク
する	動詞,自立,*,*,サ変・スル,基本形,する,スル,スル
こと	名詞,非自立,一般,*,*,*,こと,コト,コト
が	助詞,格助詞,一般,*,*,*,が,ガ,ガ
おでき	名詞,一般,*,*,*,*,おでき,オデキ,オデキ
に	助詞,格助詞,一般,*,*,*,に,ニ,ニ
なり	動詞,自立,*,*,五段・ラ行,連用形,なる,ナリ,ナリ
ます	助動詞,*,*,*,特殊・マス,基本形,ます,マス,マス
」	記号,括弧閉,*,*,*,*,」,」,」
。	記号,句点,*,*,*,*,。,。,。
そこで	接続詞,*,*,*,*,*,そこで,ソコデ,ソコデ
[	名詞,サ変接続,*,*,*,*,*
イエス	名詞,一般,*,*,*,*,イエス,イエス,イエス
]	名詞,サ変接続,*,*,*,*,*
は	助詞,係助詞,*,*,*,*,は,ハ,ワ
手	名詞,一般,*,*,*,*,手,テ,テ
を	助詞,格助詞,一般,*,*,*,を,ヲ,ヲ
伸ばし	動詞,自立,*,*,五段・サ行,連用形,伸ばす,ノバシ,ノバシ
て	助詞,接続助詞,*,*,*,*,て,テ,テ
彼	名詞,代名詞,一般,*,*,*,彼,カレ,カレ
に	助詞,格助詞,一般,*,*,*,に,ニ,ニ
触り	動詞,自立,*,*,五段・ラ行,連用形,触る,サワリ,サワリ
，	記号,読点,*,*,*,*,，,，,，
こう	副詞,助詞類接続,*,*,*,*,こう,コウ,コー
言わ	動詞,自立,*,*,五段・ワ行促音便,未然形,言う,イワ,イワ
れ	動詞,接尾,*,*,一段,連用形,れる,レ,レ
た	助動詞,*,*,*,特殊・タ,基本形,た,タ,タ
。	記号,句点,*,*,*,*,。,。,。
「	記号,括弧開,*,*,*,*,「,「,「
わたし	名詞,代名詞,一般,*,*,*,わたし,ワタシ,ワタシ
は	助詞,係助詞,*,*,*,*,は,ハ,ワ
そう	副詞,助詞類接続,*,*,*,*,そう,ソウ,ソー
望み	動詞,自立,*,*,五段・マ行,連用形,望む,ノゾミ,ノゾミ
ます	助動詞,*,*,*,特殊・マス,基本形,ます,マス,マス
。	記号,句点,*,*,*,*,。,。,。
清く	形容詞,自立,*,*,形容詞・アウオ段,連用テ接続,清い,キヨク,キヨク
なり	動詞,自立,*,*,五段・ラ行,連用形,なる,ナリ,ナリ
なさい	動詞,非自立,*,*,五段・ラ行特殊,命令ｉ,なさる,ナサイ,ナサイ
」	記号,括弧閉,*,*,*,*,」,」,」
。	記号,句点,*,*,*,*,。,。,。
する	動詞,自立,*,*,サ変・スル,基本形,する,スル,スル
と	助詞,接続助詞,*,*,*,*,と,ト,ト
，	記号,読点,*,*,*,*,，,，,，
彼	名詞,代名詞,一般,*,*,*,彼,カレ,カレ
の	助詞,連体化,*,*,*,*,の,ノ,ノ
らい病	名詞,一般,*,*,*,*,らい病,ライビョウ,ライビョー
は	助詞,係助詞,*,*,*,*,は,ハ,ワ
すぐ	副詞,助詞類接続,*,*,*,*,すぐ,スグ,スグ
に	助詞,副詞化,*,*,*,*,に,ニ,ニ
清め	動詞,自立,*,*,一段,未然形,清める,キヨメ,キヨメ
られ	動詞,接尾,*,*,一段,連用形,られる,ラレ,ラレ
た	助動詞,*,*,*,特殊・タ,基本形,た,タ,タ
の	名詞,非自立,一般,*,*,*,の,ノ,ノ
で	助動詞,*,*,*,特殊・ダ,連用形,だ,デ,デ
ある	助動詞,*,*,*,五段・ラ行アル,基本形,ある,アル,アル
。	記号,句点,*,*,*,*,。,。,。
それから	接続詞,*,*,*,*,*,それから,ソレカラ,ソレカラ
イエス	名詞,一般,*,*,*,*,イエス,イエス,イエス
は	助詞,係助詞,*,*,*,*,は,ハ,ワ
彼	名詞,代名詞,一般,*,*,*,彼,カレ,カレ
に	助詞,格助詞,一般,*,*,*,に,ニ,ニ
言わ	動詞,自立,*,*,五段・ワ行促音便,未然形,言う,イワ,イワ
れ	動詞,接尾,*,*,一段,連用形,れる,レ,レ
た	助動詞,*,*,*,特殊・タ,基本形,た,タ,タ
，	記号,読点,*,*,*,*,，,，,，
「	記号,括弧開,*,*,*,*,「,「,「
だれ	名詞,代名詞,一般,*,*,*,だれ,ダレ,ダレ
に	助詞,格助詞,一般,*,*,*,に,ニ,ニ
も	助詞,係助詞,*,*,*,*,も,モ,モ
言わ	動詞,自立,*,*,五段・ワ行促音便,未然形,言う,イワ,イワ
ない	助動詞,*,*,*,特殊・ナイ,基本形,ない,ナイ,ナイ
よう	名詞,非自立,助動詞語幹,*,*,*,よう,ヨウ,ヨー
に	助詞,格助詞,一般,*,*,*,に,ニ,ニ
し	動詞,自立,*,*,サ変・スル,連用形,する,シ,シ
なさい	動詞,非自立,*,*,五段・ラ行特殊,命令ｉ,なさる,ナサイ,ナサイ
。	記号,句点,*,*,*,*,。,。,。
ただ	名詞,一般,*,*,*,*,ただ,タダ,タダ
行っ	動詞,自立,*,*,五段・カ行促音便,連用タ接続,行く,イッ,イッ
て	助詞,接続助詞,*,*,*,*,て,テ,テ
，	記号,読点,*,*,*,*,，,，,，
自分	名詞,一般,*,*,*,*,自分,ジブン,ジブン
を	助詞,格助詞,一般,*,*,*,を,ヲ,ヲ
祭司	名詞,一般,*,*,*,*,祭司,サイシ,サイシ
に	助詞,格助詞,一般,*,*,*,に,ニ,ニ
見せ	動詞,自立,*,*,一段,連用形,見せる,ミセ,ミセ
，	記号,読点,*,*,*,*,，,，,，
モー	名詞,固有名詞,人名,姓,*,*,モー,モー,モー
セ	名詞,一般,*,*,*,*,セ,セ,セ
の	助詞,連体化,*,*,*,*,の,ノ,ノ
指定	名詞,サ変接続,*,*,*,*,指定,シテイ,シテイ
し	動詞,自立,*,*,サ変・スル,連用形,する,シ,シ
た	助動詞,*,*,*,特殊・タ,基本形,た,タ,タ
供え物	名詞,一般,*,*,*,*,供え物,ソナエモノ,ソナエモノ
を	助詞,格助詞,一般,*,*,*,を,ヲ,ヲ
ささげ	動詞,自立,*,*,一段,連用形,ささげる,ササゲ,ササゲ
なさい	動詞,非自立,*,*,五段・ラ行特殊,命令ｉ,なさる,ナサイ,ナサイ
。	記号,句点,*,*,*,*,。,。,。
彼ら	名詞,代名詞,一般,*,*,*,彼ら,カレラ,カレラ
へ	助詞,格助詞,一般,*,*,*,へ,ヘ,エ
の	助詞,連体化,*,*,*,*,の,ノ,ノ
証し	動詞,自立,*,*,五段・サ行,連用形,証す,アカシ,アカシ
の	助詞,連体化,*,*,*,*,の,ノ,ノ
ため	名詞,非自立,副詞可能,*,*,*,ため,タメ,タメ
です	助動詞,*,*,*,特殊・デス,基本形,です,デス,デス
」	記号,括弧閉,*,*,*,*,」,」,」
。	記号,句点,*,*,*,*,。,。,。
[	名詞,サ変接続,*,*,*,*,*
イエス	名詞,一般,*,*,*,*,イエス,イエス,イエス
]	名詞,サ変接続,*,*,*,*,*
が	助詞,格助詞,一般,*,*,*,が,ガ,ガ
カペルナウム	名詞,一般,*,*,*,*,*
に	助詞,格助詞,一般,*,*,*,に,ニ,ニ
入ら	動詞,自立,*,*,五段・ラ行,未然形,入る,ハイラ,ハイラ
れる	動詞,接尾,*,*,一段,基本形,れる,レル,レル
と	助詞,接続助詞,*,*,*,*,と,ト,ト
，	記号,読点,*,*,*,*,，,，,，
ひとり	名詞,一般,*,*,*,*,ひとり,ヒトリ,ヒトリ
の	助詞,連体化,*,*,*,*,の,ノ,ノ
士官	名詞,一般,*,*,*,*,士官,シカン,シカン
が	助詞,格助詞,一般,*,*,*,が,ガ,ガ
その	連体詞,*,*,*,*,*,その,ソノ,ソノ
もと	名詞,非自立,一般,*,*,*,もと,モト,モト
に	助詞,格助詞,一般,*,*,*,に,ニ,ニ
来	動詞,自立,*,*,カ変・来ル,連用形,来る,キ,キ
て	助詞,接続助詞,*,*,*,*,て,テ,テ
，	記号,読点,*,*,*,*,，,，,，
懇願	名詞,サ変接続,*,*,*,*,懇願,コンガン,コンガン
し	動詞,自立,*,*,サ変・スル,連用形,する,シ,シ
て	助詞,接続助詞,*,*,*,*,て,テ,テ
こう	副詞,助詞類接続,*,*,*,*,こう,コウ,コー
言っ	動詞,自立,*,*,五段・ワ行促音便,連用タ接続,言う,イッ,イッ
た	助動詞,*,*,*,特殊・タ,基本形,た,タ,タ
。	記号,句点,*,*,*,*,。,。,。
「	記号,括弧開,*,*,*,*,「,「,「
閣下	名詞,一般,*,*,*,*,閣下,カッカ,カッカ
，	記号,読点,*,*,*,*,，,，,，
私	名詞,代名詞,一般,*,*,*,私,ワタシ,ワタシ
の	助詞,連体化,*,*,*,*,の,ノ,ノ
下男	名詞,一般,*,*,*,*,下男,ゲナン,ゲナン
は	助詞,係助詞,*,*,*,*,は,ハ,ワ
まひ	名詞,サ変接続,*,*,*,*,まひ,マヒ,マヒ
し	動詞,自立,*,*,サ変・スル,連用形,する,シ,シ
て	助詞,接続助詞,*,*,*,*,て,テ,テ
家	名詞,一般,*,*,*,*,家,イエ,イエ
に	助詞,格助詞,一般,*,*,*,に,ニ,ニ
こもっ	動詞,自立,*,*,五段・ラ行,連用タ接続,こもる,コモッ,コモッ
た	助動詞,*,*,*,特殊・タ,基本形,た,タ,タ
まま	名詞,非自立,副詞可能,*,*,*,まま,ママ,ママ
，	記号,読点,*,*,*,*,，,，,，
ひどく	形容詞,自立,*,*,形容詞・アウオ段,連用テ接続,ひどい,ヒドク,ヒドク
苦しん	動詞,自立,*,*,五段・マ行,連用タ接続,苦しむ,クルシン,クルシン
で	助詞,接続助詞,*,*,*,*,で,デ,デ
おり	動詞,非自立,*,*,五段・ラ行,連用形,おる,オリ,オリ
ます	助動詞,*,*,*,特殊・マス,基本形,ます,マス,マス
」	記号,括弧閉,*,*,*,*,」,」,」
。	記号,句点,*,*,*,*,。,。,。
[	名詞,サ変接続,*,*,*,*,*
イエス	名詞,一般,*,*,*,*,イエス,イエス,イエス
]	名詞,サ変接続,*,*,*,*,*
は	助詞,係助詞,*,*,*,*,は,ハ,ワ
彼	名詞,代名詞,一般,*,*,*,彼,カレ,カレ
に	助詞,格助詞,一般,*,*,*,に,ニ,ニ
言わ	動詞,自立,*,*,五段・ワ行促音便,未然形,言う,イワ,イワ
れ	動詞,接尾,*,*,一段,連用形,れる,レ,レ
た	助動詞,*,*,*,特殊・タ,基本形,た,タ,タ
，	記号,読点,*,*,*,*,，,，,，
「	記号,括弧開,*,*,*,*,「,「,「
わたし	名詞,代名詞,一般,*,*,*,わたし,ワタシ,ワタシ
が	助詞,格助詞,一般,*,*,*,が,ガ,ガ
そちら	名詞,代名詞,一般,*,*,*,そちら,ソチラ,ソチラ
へ	助詞,格助詞,一般,*,*,*,へ,ヘ,エ
行っ	動詞,自立,*,*,五段・カ行促音便,連用タ接続,行く,イッ,イッ
た	助動詞,*,*,*,特殊・タ,基本形,た,タ,タ
時	名詞,非自立,副詞可能,*,*,*,時,トキ,トキ
に	助詞,格助詞,一般,*,*,*,に,ニ,ニ
治し	動詞,自立,*,*,五段・サ行,連用形,治す,ナオシ,ナオシ
て	助詞,接続助詞,*,*,*,*,て,テ,テ
あげ	動詞,非自立,*,*,一段,連用形,あげる,アゲ,アゲ
ましょ	助動詞,*,*,*,特殊・マス,未然ウ接続,ます,マショ,マショ
う	助動詞,*,*,*,不変化型,基本形,う,ウ,ウ
」	記号,括弧閉,*,*,*,*,」,」,」
。	記号,句点,*,*,*,*,。,。,。
士官	名詞,一般,*,*,*,*,士官,シカン,シカン
は	助詞,係助詞,*,*,*,*,は,ハ,ワ
答え	動詞,自立,*,*,一段,連用形,答える,コタエ,コタエ
て	助詞,接続助詞,*,*,*,*,て,テ,テ
言っ	動詞,自立,*,*,五段・ワ行促音便,連用タ接続,言う,イッ,イッ
た	助動詞,*,*,*,特殊・タ,基本形,た,タ,タ
，	記号,読点,*,*,*,*,，,，,，
「	記号,括弧開,*,*,*,*,「,「,「
閣下	名詞,一般,*,*,*,*,閣下,カッカ,カッカ
，	記号,読点,*,*,*,*,，,，,，
私	名詞,代名詞,一般,*,*,*,私,ワタシ,ワタシ
は	助詞,係助詞,*,*,*,*,は,ハ,ワ
あなた	名詞,代名詞,一般,*,*,*,あなた,アナタ,アナタ
に	助詞,格助詞,一般,*,*,*,に,ニ,ニ
自分	名詞,一般,*,*,*,*,自分,ジブン,ジブン
の	助詞,連体化,*,*,*,*,の,ノ,ノ
屋根	名詞,一般,*,*,*,*,屋根,ヤネ,ヤネ
の	助詞,連体化,*,*,*,*,の,ノ,ノ
下	名詞,一般,*,*,*,*,下,シタ,シタ
に	助詞,格助詞,一般,*,*,*,に,ニ,ニ
入っ	動詞,自立,*,*,五段・ラ行,連用タ接続,入る,ハイッ,ハイッ
て	助詞,接続助詞,*,*,*,*,て,テ,テ
いただく	動詞,非自立,*,*,五段・カ行イ音便,基本形,いただく,イタダク,イタダク
ほど	助詞,副助詞,*,*,*,*,ほど,ホド,ホド
の	助詞,連体化,*,*,*,*,の,ノ,ノ
者	名詞,非自立,一般,*,*,*,者,モノ,モノ
で	助動詞,*,*,*,特殊・ダ,連用形,だ,デ,デ
は	助詞,係助詞,*,*,*,*,は,ハ,ワ
あり	動詞,自立,*,*,五段・ラ行,連用形,ある,アリ,アリ
ませ	助動詞,*,*,*,特殊・マス,未然形,ます,マセ,マセ
ん	助動詞,*,*,*,不変化型,基本形,ん,ン,ン
。	記号,句点,*,*,*,*,。,。,。
ただ	接続詞,*,*,*,*,*,ただ,タダ,タダ
その	連体詞,*,*,*,*,*,その,ソノ,ソノ
お	接頭詞,名詞接続,*,*,*,*,お,オ,オ
言葉	名詞,一般,*,*,*,*,言葉,コトバ,コトバ
を	助詞,格助詞,一般,*,*,*,を,ヲ,ヲ
下さい	動詞,自立,*,*,五段・ラ行特殊,命令ｉ,下さる,クダサイ,クダサイ
。	記号,句点,*,*,*,*,。,。,。
そう	副詞,助詞類接続,*,*,*,*,そう,ソウ,ソー
すれ	動詞,自立,*,*,サ変・スル,仮定形,する,スレ,スレ
ば	助詞,接続助詞,*,*,*,*,ば,バ,バ
，	記号,読点,*,*,*,*,，,，,，
下男	名詞,一般,*,*,*,*,下男,ゲナン,ゲナン
は	助詞,係助詞,*,*,*,*,は,ハ,ワ
いえる	動詞,自立,*,*,一段,基本形,いえる,イエル,イエル
こと	名詞,非自立,一般,*,*,*,こと,コト,コト
でしょ	助動詞,*,*,*,特殊・デス,未然形,です,デショ,デショ
う	助動詞,*,*,*,不変化型,基本形,う,ウ,ウ
。	記号,句点,*,*,*,*,。,。,。
と	助詞,格助詞,引用,*,*,*,と,ト,ト
申し	動詞,自立,*,*,五段・サ行,連用形,申す,モウシ,モーシ
ます	助動詞,*,*,*,特殊・マス,基本形,ます,マス,マス
の	名詞,非自立,一般,*,*,*,の,ノ,ノ
は	助詞,係助詞,*,*,*,*,は,ハ,ワ
，	記号,読点,*,*,*,*,，,，,，
私	名詞,代名詞,一般,*,*,*,私,ワタシ,ワタシ
も	助詞,係助詞,*,*,*,*,も,モ,モ
権威	名詞,一般,*,*,*,*,権威,ケンイ,ケンイ
の	助詞,連体化,*,*,*,*,の,ノ,ノ
もと	名詞,非自立,一般,*,*,*,もと,モト,モト
に	助詞,格助詞,一般,*,*,*,に,ニ,ニ
置か	動詞,自立,*,*,五段・カ行イ音便,未然形,置く,オカ,オカ
れ	動詞,接尾,*,*,一段,連用形,れる,レ,レ
た	助動詞,*,*,*,特殊・タ,基本形,た,タ,タ
人間	名詞,一般,*,*,*,*,人間,ニンゲン,ニンゲン
です	助動詞,*,*,*,特殊・デス,基本形,です,デス,デス
が	助詞,接続助詞,*,*,*,*,が,ガ,ガ
，	記号,読点,*,*,*,*,，,，,，
私	名詞,代名詞,一般,*,*,*,私,ワタシ,ワタシ
の	助詞,連体化,*,*,*,*,の,ノ,ノ
もと	名詞,非自立,一般,*,*,*,もと,モト,モト
に	助詞,格助詞,一般,*,*,*,に,ニ,ニ
も	助詞,係助詞,*,*,*,*,も,モ,モ
兵士	名詞,一般,*,*,*,*,兵士,ヘイシ,ヘイシ
が	助詞,格助詞,一般,*,*,*,が,ガ,ガ
おり	動詞,自立,*,*,一段,連用形,おりる,オリ,オリ
まし	助動詞,*,*,*,特殊・マス,連用形,ます,マシ,マシ
て	助詞,接続助詞,*,*,*,*,て,テ,テ
，	記号,読点,*,*,*,*,，,，,，
この	連体詞,*,*,*,*,*,この,コノ,コノ
者	名詞,非自立,一般,*,*,*,者,モノ,モノ
に	助詞,格助詞,一般,*,*,*,に,ニ,ニ
，	記号,読点,*,*,*,*,，,，,，
『	記号,括弧開,*,*,*,*,『,『,『
行け	動詞,自立,*,*,五段・カ行促音便,命令ｅ,行く,イケ,イケ
！	記号,一般,*,*,*,*,！,！,！
』	記号,括弧閉,*,*,*,*,』,』,』
と	助詞,格助詞,引用,*,*,*,と,ト,ト
言え	動詞,自立,*,*,五段・ワ行促音便,仮定形,言う,イエ,イエ
ば	助詞,接続助詞,*,*,*,*,ば,バ,バ
，	記号,読点,*,*,*,*,，,，,，
その	連体詞,*,*,*,*,*,その,ソノ,ソノ
者	名詞,非自立,一般,*,*,*,者,モノ,モノ
は	助詞,係助詞,*,*,*,*,は,ハ,ワ
行き	動詞,自立,*,*,五段・カ行促音便,連用形,行く,イキ,イキ
，	記号,読点,*,*,*,*,，,，,，
別	名詞,一般,*,*,*,*,別,ベツ,ベツ
の	助詞,連体化,*,*,*,*,の,ノ,ノ
者	名詞,非自立,一般,*,*,*,者,モノ,モノ
に	助詞,格助詞,一般,*,*,*,に,ニ,ニ
，	記号,読点,*,*,*,*,，,，,，
『	記号,括弧開,*,*,*,*,『,『,『
来い	動詞,自立,*,*,カ変・来ル,命令ｉ,来る,コイ,コイ
！	記号,一般,*,*,*,*,！,！,！
』	記号,括弧閉,*,*,*,*,』,』,』
と	助詞,格助詞,引用,*,*,*,と,ト,ト
[	名詞,サ変接続,*,*,*,*,*
言え	動詞,自立,*,*,五段・ワ行促音便,仮定形,言う,イエ,イエ
ば	助詞,接続助詞,*,*,*,*,ば,バ,バ
]，	名詞,サ変接続,*,*,*,*,*
その	連体詞,*,*,*,*,*,その,ソノ,ソノ
者	名詞,非自立,一般,*,*,*,者,モノ,モノ
は	助詞,係助詞,*,*,*,*,は,ハ,ワ
来	動詞,自立,*,*,カ変・来ル,連用形,来る,キ,キ
ます	助動詞,*,*,*,特殊・マス,基本形,ます,マス,マス
。	記号,句点,*,*,*,*,。,。,。
また	接続詞,*,*,*,*,*,また,マタ,マタ
，	記号,読点,*,*,*,*,，,，,，
私	名詞,代名詞,一般,*,*,*,私,ワタシ,ワタシ
の	助詞,連体化,*,*,*,*,の,ノ,ノ
奴隷	名詞,一般,*,*,*,*,奴隷,ドレイ,ドレイ
に	助詞,格助詞,一般,*,*,*,に,ニ,ニ
，	記号,読点,*,*,*,*,，,，,，
『	記号,括弧開,*,*,*,*,『,『,『
これ	名詞,代名詞,一般,*,*,*,これ,コレ,コレ
を	助詞,格助詞,一般,*,*,*,を,ヲ,ヲ
せよ	動詞,自立,*,*,サ変・スル,命令ｙｏ,する,セヨ,セヨ
！	記号,一般,*,*,*,*,！,！,！
』	記号,括弧閉,*,*,*,*,』,』,』
と	助詞,格助詞,引用,*,*,*,と,ト,ト
[	名詞,サ変接続,*,*,*,*,*
言え	動詞,自立,*,*,五段・ワ行促音便,仮定形,言う,イエ,イエ
ば	助詞,接続助詞,*,*,*,*,ば,バ,バ
]，	名詞,サ変接続,*,*,*,*,*
それ	名詞,代名詞,一般,*,*,*,それ,ソレ,ソレ
を	助詞,格助詞,一般,*,*,*,を,ヲ,ヲ
致し	動詞,自立,*,*,五段・サ行,連用形,致す,イタシ,イタシ
ます	助動詞,*,*,*,特殊・マス,基本形,ます,マス,マス
」	記号,括弧閉,*,*,*,*,」,」,」
。	記号,句点,*,*,*,*,。,。,。
これ	名詞,代名詞,一般,*,*,*,これ,コレ,コレ
を	助詞,格助詞,一般,*,*,*,を,ヲ,ヲ
聞い	動詞,自立,*,*,五段・カ行イ音便,連用タ接続,聞く,キイ,キイ
て	助詞,接続助詞,*,*,*,*,て,テ,テ
イエス	名詞,一般,*,*,*,*,イエス,イエス,イエス
は	助詞,係助詞,*,*,*,*,は,ハ,ワ
すっかり	副詞,一般,*,*,*,*,すっかり,スッカリ,スッカリ
驚き	動詞,自立,*,*,五段・カ行イ音便,連用形,驚く,オドロキ,オドロキ
，	記号,読点,*,*,*,*,，,，,，
自分	名詞,一般,*,*,*,*,自分,ジブン,ジブン
の	助詞,連体化,*,*,*,*,の,ノ,ノ
あと	名詞,一般,*,*,*,*,あと,アト,アト
に	助詞,格助詞,一般,*,*,*,に,ニ,ニ
従っ	動詞,自立,*,*,五段・ワ行促音便,連用タ接続,従う,シタガッ,シタガッ
て	助詞,接続助詞,*,*,*,*,て,テ,テ
来る	動詞,非自立,*,*,カ変・来ル,基本形,来る,クル,クル
者	名詞,一般,*,*,*,*,者,モノ,モノ
たち	名詞,接尾,一般,*,*,*,たち,タチ,タチ
に	助詞,格助詞,一般,*,*,*,に,ニ,ニ
こう	副詞,助詞類接続,*,*,*,*,こう,コウ,コー
言わ	動詞,自立,*,*,五段・ワ行促音便,未然形,言う,イワ,イワ
れ	動詞,接尾,*,*,一段,連用形,れる,レ,レ
た	助動詞,*,*,*,特殊・タ,基本形,た,タ,タ
。	記号,句点,*,*,*,*,。,。,。
「	記号,括弧開,*,*,*,*,「,「,「
あなた	名詞,代名詞,一般,*,*,*,あなた,アナタ,アナタ
方	名詞,接尾,一般,*,*,*,方,カタ,カタ
に	助詞,格助詞,一般,*,*,*,に,ニ,ニ
真実	名詞,一般,*,*,*,*,真実,シンジツ,シンジツ
を	助詞,格助詞,一般,*,*,*,を,ヲ,ヲ
言い	動詞,自立,*,*,五段・ワ行促音便,連用形,言う,イイ,イイ
ます	助動詞,*,*,*,特殊・マス,基本形,ます,マス,マス
が	助詞,接続助詞,*,*,*,*,が,ガ,ガ
，	記号,読点,*,*,*,*,，,，,，
イスラエル	名詞,固有名詞,地域,国,*,*,イスラエル,イスラエル,イスラエル
の	助詞,連体化,*,*,*,*,の,ノ,ノ
中	名詞,非自立,副詞可能,*,*,*,中,ナカ,ナカ
の	助詞,連体化,*,*,*,*,の,ノ,ノ
だれ	名詞,代名詞,一般,*,*,*,だれ,ダレ,ダレ
に	助詞,格助詞,一般,*,*,*,に,ニ,ニ
も	助詞,係助詞,*,*,*,*,も,モ,モ
，	記号,読点,*,*,*,*,，,，,，
わたし	名詞,代名詞,一般,*,*,*,わたし,ワタシ,ワタシ
は	助詞,係助詞,*,*,*,*,は,ハ,ワ
これ	名詞,代名詞,一般,*,*,*,これ,コレ,コレ
ほど	助詞,副助詞,*,*,*,*,ほど,ホド,ホド
の	助詞,連体化,*,*,*,*,の,ノ,ノ
信仰	名詞,サ変接続,*,*,*,*,信仰,シンコウ,シンコー
を	助詞,格助詞,一般,*,*,*,を,ヲ,ヲ
見	動詞,自立,*,*,一段,連用形,見る,ミ,ミ
た	助動詞,*,*,*,特殊・タ,基本形,た,タ,タ
こと	名詞,非自立,一般,*,*,*,こと,コト,コト
が	助詞,格助詞,一般,*,*,*,が,ガ,ガ
あり	動詞,自立,*,*,五段・ラ行,連用形,ある,アリ,アリ
ませ	助動詞,*,*,*,特殊・マス,未然形,ます,マセ,マセ
ん	助動詞,*,*,*,不変化型,基本形,ん,ン,ン
。	記号,句点,*,*,*,*,。,。,。
しかし	接続詞,*,*,*,*,*,しかし,シカシ,シカシ
あなた	名詞,代名詞,一般,*,*,*,あなた,アナタ,アナタ
方	名詞,接尾,一般,*,*,*,方,カタ,カタ
に	助詞,格助詞,一般,*,*,*,に,ニ,ニ
言い	動詞,自立,*,*,五段・ワ行促音便,連用形,言う,イイ,イイ
ます	助動詞,*,*,*,特殊・マス,基本形,ます,マス,マス
が	助詞,接続助詞,*,*,*,*,が,ガ,ガ
，	記号,読点,*,*,*,*,，,，,，
東	名詞,一般,*,*,*,*,東,ヒガシ,ヒガシ
の	助詞,連体化,*,*,*,*,の,ノ,ノ
ほう	名詞,非自立,一般,*,*,*,ほう,ホウ,ホー
や	助詞,並立助詞,*,*,*,*,や,ヤ,ヤ
西	名詞,一般,*,*,*,*,西,ニシ,ニシ
の	助詞,連体化,*,*,*,*,の,ノ,ノ
ほう	名詞,非自立,一般,*,*,*,ほう,ホウ,ホー
から	助詞,格助詞,一般,*,*,*,から,カラ,カラ
の	助詞,連体化,*,*,*,*,の,ノ,ノ
大勢	名詞,一般,*,*,*,*,大勢,タイセイ,タイセイ
の	助詞,連体化,*,*,*,*,の,ノ,ノ
人	名詞,一般,*,*,*,*,人,ヒト,ヒト
が	助詞,格助詞,一般,*,*,*,が,ガ,ガ
来	動詞,自立,*,*,カ変・来ル,連用形,来る,キ,キ
て	助詞,接続助詞,*,*,*,*,て,テ,テ
，	記号,読点,*,*,*,*,，,，,，
天	名詞,一般,*,*,*,*,天,テン,テン
の	助詞,連体化,*,*,*,*,の,ノ,ノ
王国	名詞,一般,*,*,*,*,王国,オウコク,オーコク
で	助詞,格助詞,一般,*,*,*,で,デ,デ
アブラハム	名詞,一般,*,*,*,*,*
，	記号,読点,*,*,*,*,，,，,，
イサク	名詞,一般,*,*,*,*,*
，	記号,読点,*,*,*,*,，,，,，
ヤコブ	名詞,固有名詞,組織,*,*,*,*
と共に	助詞,格助詞,連語,*,*,*,と共に,トトモニ,トトモニ
食卓	名詞,一般,*,*,*,*,食卓,ショクタク,ショクタク
について	助詞,格助詞,連語,*,*,*,について,ニツイテ,ニツイテ
横	名詞,一般,*,*,*,*,横,ヨコ,ヨコ
に	助詞,格助詞,一般,*,*,*,に,ニ,ニ
なる	動詞,自立,*,*,五段・ラ行,基本形,なる,ナル,ナル
でしょ	助動詞,*,*,*,特殊・デス,未然形,です,デショ,デショ
う	助動詞,*,*,*,不変化型,基本形,う,ウ,ウ
。	記号,句点,*,*,*,*,。,。,。
一方	接続詞,*,*,*,*,*,一方,イッポウ,イッポー
，	記号,読点,*,*,*,*,，,，,，
王国	名詞,一般,*,*,*,*,王国,オウコク,オーコク
の	助詞,連体化,*,*,*,*,の,ノ,ノ
子	名詞,一般,*,*,*,*,子,コ,コ
ら	名詞,接尾,一般,*,*,*,ら,ラ,ラ
は	助詞,係助詞,*,*,*,*,は,ハ,ワ
外	名詞,一般,*,*,*,*,外,ソト,ソト
の	助詞,連体化,*,*,*,*,の,ノ,ノ
闇	名詞,一般,*,*,*,*,闇,ヤミ,ヤミ
に	助詞,格助詞,一般,*,*,*,に,ニ,ニ
投げ込ま	動詞,自立,*,*,五段・マ行,未然形,投げ込む,ナゲコマ,ナゲコマ
れる	動詞,接尾,*,*,一段,基本形,れる,レル,レル
の	名詞,非自立,一般,*,*,*,の,ノ,ノ
です	助動詞,*,*,*,特殊・デス,基本形,です,デス,デス
。	記号,句点,*,*,*,*,。,。,。
そこで	接続詞,*,*,*,*,*,そこで,ソコデ,ソコデ
[	名詞,サ変接続,*,*,*,*,*
彼ら	名詞,代名詞,一般,*,*,*,彼ら,カレラ,カレラ
は	助詞,係助詞,*,*,*,*,は,ハ,ワ
]	名詞,サ変接続,*,*,*,*,*
泣き	動詞,自立,*,*,五段・カ行イ音便,連用形,泣く,ナキ,ナキ
悲し	形容詞,自立,*,*,形容詞・イ段,ガル接続,悲しい,カナシ,カナシ
ん	名詞,非自立,一般,*,*,*,ん,ン,ン
だり	助詞,並立助詞,*,*,*,*,だり,ダリ,ダリ
歯ぎしり	名詞,サ変接続,*,*,*,*,歯ぎしり,ハギシリ,ハギシリ
し	動詞,自立,*,*,サ変・スル,連用形,する,シ,シ
たり	助詞,並立助詞,*,*,*,*,たり,タリ,タリ
する	動詞,自立,*,*,サ変・スル,基本形,する,スル,スル
でしょ	助動詞,*,*,*,特殊・デス,未然形,です,デショ,デショ
う	助動詞,*,*,*,不変化型,基本形,う,ウ,ウ
」	記号,括弧閉,*,*,*,*,」,」,」
。	記号,句点,*,*,*,*,。,。,。
それから	接続詞,*,*,*,*,*,それから,ソレカラ,ソレカラ
イエス	名詞,一般,*,*,*,*,イエス,イエス,イエス
は	助詞,係助詞,*,*,*,*,は,ハ,ワ
士官	名詞,一般,*,*,*,*,士官,シカン,シカン
に	助詞,格助詞,一般,*,*,*,に,ニ,ニ
言わ	動詞,自立,*,*,五段・ワ行促音便,未然形,言う,イワ,イワ
れ	動詞,接尾,*,*,一段,連用形,れる,レ,レ
た	助動詞,*,*,*,特殊・タ,基本形,た,タ,タ
，	記号,読点,*,*,*,*,，,，,，
「	記号,括弧開,*,*,*,*,「,「,「
行き	動詞,自立,*,*,五段・カ行促音便,連用形,行く,イキ,イキ
なさい	動詞,非自立,*,*,五段・ラ行特殊,命令ｉ,なさる,ナサイ,ナサイ
。	記号,句点,*,*,*,*,。,。,。
あなた	名詞,代名詞,一般,*,*,*,あなた,アナタ,アナタ
の	助詞,連体化,*,*,*,*,の,ノ,ノ
信仰	名詞,サ変接続,*,*,*,*,信仰,シンコウ,シンコー
どおり	名詞,接尾,一般,*,*,*,どおり,ドオリ,ドーリ
の	助詞,連体化,*,*,*,*,の,ノ,ノ
こと	名詞,非自立,一般,*,*,*,こと,コト,コト
が	助詞,格助詞,一般,*,*,*,が,ガ,ガ
起きる	動詞,自立,*,*,一段,基本形,起きる,オキル,オキル
よう	名詞,非自立,助動詞語幹,*,*,*,よう,ヨウ,ヨー
に	助詞,副詞化,*,*,*,*,に,ニ,ニ
」	記号,括弧閉,*,*,*,*,」,」,」
。	記号,句点,*,*,*,*,。,。,。
する	動詞,自立,*,*,サ変・スル,基本形,する,スル,スル
と	助詞,接続助詞,*,*,*,*,と,ト,ト
，	記号,読点,*,*,*,*,，,，,，
下男	名詞,一般,*,*,*,*,下男,ゲナン,ゲナン
は	助詞,係助詞,*,*,*,*,は,ハ,ワ
その	連体詞,*,*,*,*,*,その,ソノ,ソノ
時刻	名詞,一般,*,*,*,*,時刻,ジコク,ジコク
に	助詞,格助詞,一般,*,*,*,に,ニ,ニ
いえ	動詞,自立,*,*,一段,連用形,いえる,イエ,イエ
た	助動詞,*,*,*,特殊・タ,基本形,た,タ,タ
の	名詞,非自立,一般,*,*,*,の,ノ,ノ
で	助動詞,*,*,*,特殊・ダ,連用形,だ,デ,デ
ある	助動詞,*,*,*,五段・ラ行アル,基本形,ある,アル,アル
。	記号,句点,*,*,*,*,。,。,。
それから	接続詞,*,*,*,*,*,それから,ソレカラ,ソレカラ
イエス	名詞,一般,*,*,*,*,イエス,イエス,イエス
は	助詞,係助詞,*,*,*,*,は,ハ,ワ
，	記号,読点,*,*,*,*,，,，,，
ペ	名詞,一般,*,*,*,*,ペ,ペ,ペ
テロ	名詞,一般,*,*,*,*,テロ,テロ,テロ
の	助詞,連体化,*,*,*,*,の,ノ,ノ
家	名詞,一般,*,*,*,*,家,イエ,イエ
に	助詞,格助詞,一般,*,*,*,に,ニ,ニ
入っ	動詞,自立,*,*,五段・ラ行,連用タ接続,入る,ハイッ,ハイッ
た	助動詞,*,*,*,特殊・タ,基本形,た,タ,タ
際	名詞,非自立,副詞可能,*,*,*,際,サイ,サイ
，	記号,読点,*,*,*,*,，,，,，
その	連体詞,*,*,*,*,*,その,ソノ,ソノ
しゅうとめ	名詞,一般,*,*,*,*,しゅうとめ,シュウトメ,シュートメ
が	助詞,格助詞,一般,*,*,*,が,ガ,ガ
伏せっ	動詞,自立,*,*,五段・ラ行,連用タ接続,伏せる,フセッ,フセッ
て	助詞,接続助詞,*,*,*,*,て,テ,テ
おり	動詞,非自立,*,*,五段・ラ行,連用形,おる,オリ,オリ
，	記号,読点,*,*,*,*,，,，,，
熱病	名詞,一般,*,*,*,*,熱病,ネツビョウ,ネツビョー
に	助詞,格助詞,一般,*,*,*,に,ニ,ニ
かかっ	動詞,自立,*,*,五段・ラ行,連用タ接続,かかる,カカッ,カカッ
て	助詞,接続助詞,*,*,*,*,て,テ,テ
いる	動詞,非自立,*,*,一段,基本形,いる,イル,イル
の	名詞,非自立,一般,*,*,*,の,ノ,ノ
を	助詞,格助詞,一般,*,*,*,を,ヲ,ヲ
ご覧	名詞,一般,*,*,*,*,ご覧,ゴラン,ゴラン
に	助詞,格助詞,一般,*,*,*,に,ニ,ニ
なっ	動詞,自立,*,*,五段・ラ行,連用タ接続,なる,ナッ,ナッ
た	助動詞,*,*,*,特殊・タ,基本形,た,タ,タ
。	記号,句点,*,*,*,*,。,。,。
それで	接続詞,*,*,*,*,*,それで,ソレデ,ソレデ
彼女	名詞,代名詞,一般,*,*,*,彼女,カノジョ,カノジョ
の	助詞,連体化,*,*,*,*,の,ノ,ノ
手	名詞,一般,*,*,*,*,手,テ,テ
に	助詞,格助詞,一般,*,*,*,に,ニ,ニ
お	接頭詞,名詞接続,*,*,*,*,お,オ,オ
触り	名詞,一般,*,*,*,*,触り,サワリ,サワリ
に	助詞,格助詞,一般,*,*,*,に,ニ,ニ
なっ	動詞,自立,*,*,五段・ラ行,連用タ接続,なる,ナッ,ナッ
た	助動詞,*,*,*,特殊・タ,基本形,た,タ,タ
。	記号,句点,*,*,*,*,。,。,。
すると	接続詞,*,*,*,*,*,すると,スルト,スルト
熱	名詞,一般,*,*,*,*,熱,ネツ,ネツ
は	助詞,係助詞,*,*,*,*,は,ハ,ワ
引き	動詞,自立,*,*,五段・カ行イ音便,連用形,引く,ヒキ,ヒキ
，	記号,読点,*,*,*,*,，,，,，
彼女	名詞,代名詞,一般,*,*,*,彼女,カノジョ,カノジョ
は	助詞,係助詞,*,*,*,*,は,ハ,ワ
起き上がっ	動詞,自立,*,*,五段・ラ行,連用タ接続,起き上がる,オキアガッ,オキアガッ
て	助詞,接続助詞,*,*,*,*,て,テ,テ
[	名詞,サ変接続,*,*,*,*,*
イエス	名詞,一般,*,*,*,*,イエス,イエス,イエス
]	名詞,サ変接続,*,*,*,*,*
に	助詞,格助詞,一般,*,*,*,に,ニ,ニ
仕え	動詞,自立,*,*,一段,連用形,仕える,ツカエ,ツカエ
はじめ	動詞,非自立,*,*,一段,連用形,はじめる,ハジメ,ハジメ
た	助動詞,*,*,*,特殊・タ,基本形,た,タ,タ
。	記号,句点,*,*,*,*,。,。,。
しかし	接続詞,*,*,*,*,*,しかし,シカシ,シカシ
夕方	名詞,副詞可能,*,*,*,*,夕方,ユウガタ,ユーガタ
に	助詞,格助詞,一般,*,*,*,に,ニ,ニ
なっ	動詞,自立,*,*,五段・ラ行,連用タ接続,なる,ナッ,ナッ
て	助詞,接続助詞,*,*,*,*,て,テ,テ
から	助詞,格助詞,一般,*,*,*,から,カラ,カラ
，	記号,読点,*,*,*,*,，,，,，
人々	名詞,一般,*,*,*,*,人々,ヒトビト,ヒトビト
は	助詞,係助詞,*,*,*,*,は,ハ,ワ
悪霊	名詞,一般,*,*,*,*,悪霊,アクリョウ,アクリョー
に	助詞,格助詞,一般,*,*,*,に,ニ,ニ
取りつかれ	動詞,自立,*,*,一段,連用形,取りつかれる,トリツカレ,トリツカレ
た	助動詞,*,*,*,特殊・タ,基本形,た,タ,タ
者	名詞,非自立,一般,*,*,*,者,モノ,モノ
を	助詞,格助詞,一般,*,*,*,を,ヲ,ヲ
大	名詞,一般,*,*,*,*,大,ダイ,ダイ
ぜ	助詞,終助詞,*,*,*,*,ぜ,ゼ,ゼ
い	動詞,非自立,*,*,一段,連用形,いる,イ,イ
彼	名詞,代名詞,一般,*,*,*,彼,カレ,カレ
の	助詞,連体化,*,*,*,*,の,ノ,ノ
ところ	名詞,非自立,副詞可能,*,*,*,ところ,トコロ,トコロ
に	助詞,格助詞,一般,*,*,*,に,ニ,ニ
連れ	動詞,自立,*,*,一段,連用形,連れる,ツレ,ツレ
て	助詞,接続助詞,*,*,*,*,て,テ,テ
来	動詞,非自立,*,*,カ変・来ル,連用形,来る,キ,キ
た	助動詞,*,*,*,特殊・タ,基本形,た,タ,タ
。	記号,句点,*,*,*,*,。,。,。
それ	名詞,代名詞,一般,*,*,*,それ,ソレ,ソレ
で	助詞,格助詞,一般,*,*,*,で,デ,デ
[	名詞,サ変接続,*,*,*,*,*
イエス	名詞,一般,*,*,*,*,イエス,イエス,イエス
]	名詞,サ変接続,*,*,*,*,*
は	助詞,係助詞,*,*,*,*,は,ハ,ワ
言葉	名詞,一般,*,*,*,*,言葉,コトバ,コトバ
で	助詞,格助詞,一般,*,*,*,で,デ,デ
霊	名詞,一般,*,*,*,*,霊,レイ,レイ
たち	名詞,接尾,一般,*,*,*,たち,タチ,タチ
を	助詞,格助詞,一般,*,*,*,を,ヲ,ヲ
追い出し	動詞,自立,*,*,五段・サ行,連用形,追い出す,オイダシ,オイダシ
，	記号,読点,*,*,*,*,，,，,，
具合い	名詞,一般,*,*,*,*,具合い,グアイ,グアイ
の	助詞,格助詞,一般,*,*,*,の,ノ,ノ
悪い	形容詞,自立,*,*,形容詞・アウオ段,基本形,悪い,ワルイ,ワルイ
者	名詞,非自立,一般,*,*,*,者,モノ,モノ
すべて	名詞,副詞可能,*,*,*,*,すべて,スベテ,スベテ
を	助詞,格助詞,一般,*,*,*,を,ヲ,ヲ
治さ	動詞,自立,*,*,五段・サ行,未然形,治す,ナオサ,ナオサ
れ	動詞,接尾,*,*,一段,連用形,れる,レ,レ
た	助動詞,*,*,*,特殊・タ,基本形,た,タ,タ
。	記号,句点,*,*,*,*,。,。,。
これ	名詞,代名詞,一般,*,*,*,これ,コレ,コレ
は	助詞,係助詞,*,*,*,*,は,ハ,ワ
，	記号,読点,*,*,*,*,，,，,，
預言	名詞,サ変接続,*,*,*,*,預言,ヨゲン,ヨゲン
者	名詞,接尾,一般,*,*,*,者,シャ,シャ
イザヤ	名詞,一般,*,*,*,*,*
を通して	助詞,格助詞,連語,*,*,*,を通して,ヲトオシテ,ヲトーシテ
，	記号,読点,*,*,*,*,，,，,，
「	記号,括弧開,*,*,*,*,「,「,「
彼	名詞,代名詞,一般,*,*,*,彼,カレ,カレ
は	助詞,係助詞,*,*,*,*,は,ハ,ワ
自ら	名詞,副詞可能,*,*,*,*,自ら,ミズカラ,ミズカラ
わたし	名詞,代名詞,一般,*,*,*,わたし,ワタシ,ワタシ
たち	名詞,接尾,一般,*,*,*,たち,タチ,タチ
の	助詞,連体化,*,*,*,*,の,ノ,ノ
病	名詞,一般,*,*,*,*,病,ヤマイ,ヤマイ
を	助詞,格助詞,一般,*,*,*,を,ヲ,ヲ
取り去り	動詞,自立,*,*,五段・ラ行,連用形,取り去る,トリサリ,トリサリ
，	記号,読点,*,*,*,*,，,，,，
わたし	名詞,代名詞,一般,*,*,*,わたし,ワタシ,ワタシ
たち	名詞,接尾,一般,*,*,*,たち,タチ,タチ
の	助詞,連体化,*,*,*,*,の,ノ,ノ
疾患	名詞,一般,*,*,*,*,疾患,シッカン,シッカン
を	助詞,格助詞,一般,*,*,*,を,ヲ,ヲ
担っ	動詞,自立,*,*,五段・ワ行促音便,連用タ接続,担う,ニナッ,ニナッ
た	助動詞,*,*,*,特殊・タ,基本形,た,タ,タ
」	記号,括弧閉,*,*,*,*,」,」,」
と	助詞,格助詞,引用,*,*,*,と,ト,ト
語ら	動詞,自立,*,*,五段・ラ行,未然形,語る,カタラ,カタラ
れ	動詞,接尾,*,*,一段,連用形,れる,レ,レ
た	助動詞,*,*,*,特殊・タ,基本形,た,タ,タ
こと	名詞,非自立,一般,*,*,*,こと,コト,コト
が	助詞,格助詞,一般,*,*,*,が,ガ,ガ
成就	名詞,サ変接続,*,*,*,*,成就,ジョウジュ,ジョージュ
する	動詞,自立,*,*,サ変・スル,基本形,する,スル,スル
ため	名詞,非自立,副詞可能,*,*,*,ため,タメ,タメ
で	助動詞,*,*,*,特殊・ダ,連用形,だ,デ,デ
あっ	助動詞,*,*,*,五段・ラ行アル,連用タ接続,ある,アッ,アッ
た	助動詞,*,*,*,特殊・タ,基本形,た,タ,タ
。	記号,句点,*,*,*,*,。,。,。
自分	名詞,一般,*,*,*,*,自分,ジブン,ジブン
の	助詞,連体化,*,*,*,*,の,ノ,ノ
まわり	名詞,一般,*,*,*,*,まわり,マワリ,マワリ
に	助詞,格助詞,一般,*,*,*,に,ニ,ニ
群衆	名詞,一般,*,*,*,*,群衆,グンシュウ,グンシュー
を	助詞,格助詞,一般,*,*,*,を,ヲ,ヲ
ご覧	名詞,一般,*,*,*,*,ご覧,ゴラン,ゴラン
に	助詞,格助詞,一般,*,*,*,に,ニ,ニ
なっ	動詞,自立,*,*,五段・ラ行,連用タ接続,なる,ナッ,ナッ
た	助動詞,*,*,*,特殊・タ,基本形,た,タ,タ
イエス	名詞,一般,*,*,*,*,イエス,イエス,イエス
は	助詞,係助詞,*,*,*,*,は,ハ,ワ
，	記号,読点,*,*,*,*,，,，,，
向こう	名詞,一般,*,*,*,*,向こう,ムコウ,ムコー
側	名詞,接尾,一般,*,*,*,側,ガワ,ガワ
へ	助詞,格助詞,一般,*,*,*,へ,ヘ,エ
[	名詞,サ変接続,*,*,*,*,*
舟	名詞,一般,*,*,*,*,舟,フネ,フネ
を	助詞,格助詞,一般,*,*,*,を,ヲ,ヲ
]	名詞,サ変接続,*,*,*,*,*
出す	動詞,自立,*,*,五段・サ行,基本形,出す,ダス,ダス
よう	名詞,非自立,助動詞語幹,*,*,*,よう,ヨウ,ヨー
に	助詞,副詞化,*,*,*,*,に,ニ,ニ
と	助詞,格助詞,引用,*,*,*,と,ト,ト
お	接頭詞,名詞接続,*,*,*,*,お,オ,オ
命じ	動詞,自立,*,*,一段,連用形,命じる,メイジ,メイジ
に	助詞,格助詞,一般,*,*,*,に,ニ,ニ
なっ	動詞,自立,*,*,五段・ラ行,連用タ接続,なる,ナッ,ナッ
た	助動詞,*,*,*,特殊・タ,基本形,た,タ,タ
。	記号,句点,*,*,*,*,。,。,。
する	動詞,自立,*,*,サ変・スル,基本形,する,スル,スル
と	助詞,接続助詞,*,*,*,*,と,ト,ト
，	記号,読点,*,*,*,*,，,，,，
ある	連体詞,*,*,*,*,*,ある,アル,アル
書士	名詞,一般,*,*,*,*,書士,ショシ,ショシ
が	助詞,格助詞,一般,*,*,*,が,ガ,ガ
寄っ	動詞,自立,*,*,五段・ラ行,連用タ接続,寄る,ヨッ,ヨッ
て	助詞,接続助詞,*,*,*,*,て,テ,テ
来	動詞,非自立,*,*,カ変・来ル,連用形,来る,キ,キ
て	助詞,接続助詞,*,*,*,*,て,テ,テ
，	記号,読点,*,*,*,*,，,，,，
こう	副詞,助詞類接続,*,*,*,*,こう,コウ,コー
言っ	動詞,自立,*,*,五段・ワ行促音便,連用タ接続,言う,イッ,イッ
た	助動詞,*,*,*,特殊・タ,基本形,た,タ,タ
。	記号,句点,*,*,*,*,。,。,。
「	記号,括弧開,*,*,*,*,「,「,「
師	名詞,一般,*,*,*,*,師,シ,シ
よ	助詞,終助詞,*,*,*,*,よ,ヨ,ヨ
，	記号,読点,*,*,*,*,，,，,，
私	名詞,代名詞,一般,*,*,*,私,ワタシ,ワタシ
は	助詞,係助詞,*,*,*,*,は,ハ,ワ
，	記号,読点,*,*,*,*,，,，,，
あなた	名詞,代名詞,一般,*,*,*,あなた,アナタ,アナタ
が	助詞,格助詞,一般,*,*,*,が,ガ,ガ
行こ	動詞,自立,*,*,五段・カ行促音便,未然ウ接続,行く,イコ,イコ
う	助動詞,*,*,*,不変化型,基本形,う,ウ,ウ
として	助詞,格助詞,連語,*,*,*,として,トシテ,トシテ
おら	動詞,自立,*,*,五段・ラ行,未然形,おる,オラ,オラ
れる	動詞,接尾,*,*,一段,基本形,れる,レル,レル
所	名詞,非自立,副詞可能,*,*,*,所,トコロ,トコロ
なら	助動詞,*,*,*,特殊・ダ,仮定形,だ,ナラ,ナラ
，	記号,読点,*,*,*,*,，,，,，
どこ	名詞,代名詞,一般,*,*,*,どこ,ドコ,ドコ
へ	助詞,格助詞,一般,*,*,*,へ,ヘ,エ
でも	助詞,副助詞,*,*,*,*,でも,デモ,デモ
付い	動詞,自立,*,*,五段・カ行イ音便,連用タ接続,付く,ツイ,ツイ
て	助詞,接続助詞,*,*,*,*,て,テ,テ
まいり	動詞,非自立,*,*,五段・ラ行,連用形,まいる,マイリ,マイリ
ます	助動詞,*,*,*,特殊・マス,基本形,ます,マス,マス
」	記号,括弧閉,*,*,*,*,」,」,」
。	記号,句点,*,*,*,*,。,。,。
しかし	接続詞,*,*,*,*,*,しかし,シカシ,シカシ
イエス	名詞,一般,*,*,*,*,イエス,イエス,イエス
は	助詞,係助詞,*,*,*,*,は,ハ,ワ
彼	名詞,代名詞,一般,*,*,*,彼,カレ,カレ
に	助詞,格助詞,一般,*,*,*,に,ニ,ニ
言わ	動詞,自立,*,*,五段・ワ行促音便,未然形,言う,イワ,イワ
れ	動詞,接尾,*,*,一段,連用形,れる,レ,レ
た	助動詞,*,*,*,特殊・タ,基本形,た,タ,タ
，	記号,読点,*,*,*,*,，,，,，
「	記号,括弧開,*,*,*,*,「,「,「
きつね	名詞,一般,*,*,*,*,きつね,キツネ,キツネ
に	助詞,格助詞,一般,*,*,*,に,ニ,ニ
は	助詞,係助詞,*,*,*,*,は,ハ,ワ
穴	名詞,一般,*,*,*,*,穴,アナ,アナ
が	助詞,格助詞,一般,*,*,*,が,ガ,ガ
あり	動詞,自立,*,*,五段・ラ行,連用形,ある,アリ,アリ
，	記号,読点,*,*,*,*,，,，,，
天	名詞,一般,*,*,*,*,天,テン,テン
の	助詞,連体化,*,*,*,*,の,ノ,ノ
鳥	名詞,一般,*,*,*,*,鳥,トリ,トリ
に	助詞,格助詞,一般,*,*,*,に,ニ,ニ
は	助詞,係助詞,*,*,*,*,は,ハ,ワ
ねぐら	名詞,一般,*,*,*,*,ねぐら,ネグラ,ネグラ
が	助詞,格助詞,一般,*,*,*,が,ガ,ガ
あり	動詞,自立,*,*,五段・ラ行,連用形,ある,アリ,アリ
ます	助動詞,*,*,*,特殊・マス,基本形,ます,マス,マス
。	記号,句点,*,*,*,*,。,。,。
しかし	接続詞,*,*,*,*,*,しかし,シカシ,シカシ
人	名詞,一般,*,*,*,*,人,ヒト,ヒト
の	助詞,連体化,*,*,*,*,の,ノ,ノ
子	名詞,一般,*,*,*,*,子,コ,コ
に	助詞,格助詞,一般,*,*,*,に,ニ,ニ
は	助詞,係助詞,*,*,*,*,は,ハ,ワ
頭	名詞,一般,*,*,*,*,頭,アタマ,アタマ
を	助詞,格助詞,一般,*,*,*,を,ヲ,ヲ
横たえる	動詞,自立,*,*,一段,基本形,横たえる,ヨコタエル,ヨコタエル
所	名詞,非自立,副詞可能,*,*,*,所,トコロ,トコロ
が	助詞,格助詞,一般,*,*,*,が,ガ,ガ
あり	動詞,自立,*,*,五段・ラ行,連用形,ある,アリ,アリ
ませ	助動詞,*,*,*,特殊・マス,未然形,ます,マセ,マセ
ん	助動詞,*,*,*,不変化型,基本形,ん,ン,ン
」	記号,括弧閉,*,*,*,*,」,」,」
。	記号,句点,*,*,*,*,。,。,。
その	連体詞,*,*,*,*,*,その,ソノ,ソノ
時	名詞,非自立,副詞可能,*,*,*,時,トキ,トキ
，	記号,読点,*,*,*,*,，,，,，
弟子	名詞,一般,*,*,*,*,弟子,デシ,デシ
の	助詞,連体化,*,*,*,*,の,ノ,ノ
うち	名詞,非自立,副詞可能,*,*,*,うち,ウチ,ウチ
の	助詞,連体化,*,*,*,*,の,ノ,ノ
別	名詞,一般,*,*,*,*,別,ベツ,ベツ
の	助詞,連体化,*,*,*,*,の,ノ,ノ
者	名詞,非自立,一般,*,*,*,者,モノ,モノ
が	助詞,格助詞,一般,*,*,*,が,ガ,ガ
彼	名詞,代名詞,一般,*,*,*,彼,カレ,カレ
に	助詞,格助詞,一般,*,*,*,に,ニ,ニ
言っ	動詞,自立,*,*,五段・ワ行促音便,連用タ接続,言う,イッ,イッ
た	助動詞,*,*,*,特殊・タ,基本形,た,タ,タ
，	記号,読点,*,*,*,*,，,，,，
「	記号,括弧開,*,*,*,*,「,「,「
主	名詞,形容動詞語幹,*,*,*,*,主,オモ,オモ
よ	助詞,終助詞,*,*,*,*,よ,ヨ,ヨ
，	記号,読点,*,*,*,*,，,，,，
まず	副詞,一般,*,*,*,*,まず,マズ,マズ
出かけ	動詞,自立,*,*,一段,連用形,出かける,デカケ,デカケ
て	助詞,接続助詞,*,*,*,*,て,テ,テ
行っ	動詞,非自立,*,*,五段・カ行促音便,連用タ接続,行く,イッ,イッ
て	助詞,接続助詞,*,*,*,*,て,テ,テ
私	名詞,代名詞,一般,*,*,*,私,ワタシ,ワタシ
の	助詞,連体化,*,*,*,*,の,ノ,ノ
父	名詞,一般,*,*,*,*,父,チチ,チチ
を	助詞,格助詞,一般,*,*,*,を,ヲ,ヲ
葬る	動詞,自立,*,*,五段・ラ行,基本形,葬る,ホウムル,ホームル
こと	名詞,非自立,一般,*,*,*,こと,コト,コト
を	助詞,格助詞,一般,*,*,*,を,ヲ,ヲ
お許し	名詞,一般,*,*,*,*,お許し,オユルシ,オユルシ
ください	動詞,自立,*,*,五段・ラ行特殊,命令ｉ,くださる,クダサイ,クダサイ
」	記号,括弧閉,*,*,*,*,」,」,」
。	記号,句点,*,*,*,*,。,。,。
イエス	名詞,一般,*,*,*,*,イエス,イエス,イエス
は	助詞,係助詞,*,*,*,*,は,ハ,ワ
彼	名詞,代名詞,一般,*,*,*,彼,カレ,カレ
に	助詞,格助詞,一般,*,*,*,に,ニ,ニ
言わ	動詞,自立,*,*,五段・ワ行促音便,未然形,言う,イワ,イワ
れ	動詞,接尾,*,*,一段,連用形,れる,レ,レ
た	助動詞,*,*,*,特殊・タ,基本形,た,タ,タ
，	記号,読点,*,*,*,*,，,，,，
「	記号,括弧開,*,*,*,*,「,「,「
わたし	名詞,代名詞,一般,*,*,*,わたし,ワタシ,ワタシ
の	助詞,連体化,*,*,*,*,の,ノ,ノ
あと	名詞,一般,*,*,*,*,あと,アト,アト
に	助詞,格助詞,一般,*,*,*,に,ニ,ニ
従い	動詞,自立,*,*,五段・ワ行促音便,連用形,従う,シタガイ,シタガイ
つづけ	動詞,非自立,*,*,一段,連用形,つづける,ツヅケ,ツズケ
なさい	動詞,非自立,*,*,五段・ラ行特殊,命令ｉ,なさる,ナサイ,ナサイ
。	記号,句点,*,*,*,*,。,。,。
そして	接続詞,*,*,*,*,*,そして,ソシテ,ソシテ
，	記号,読点,*,*,*,*,，,，,，
死人	名詞,一般,*,*,*,*,死人,シニン,シニン
に	助詞,格助詞,一般,*,*,*,に,ニ,ニ
自分	名詞,一般,*,*,*,*,自分,ジブン,ジブン
たち	名詞,接尾,一般,*,*,*,たち,タチ,タチ
の	助詞,連体化,*,*,*,*,の,ノ,ノ
死人	名詞,一般,*,*,*,*,死人,シニン,シニン
を	助詞,格助詞,一般,*,*,*,を,ヲ,ヲ
葬ら	動詞,自立,*,*,五段・ラ行,未然形,葬る,ホウムラ,ホームラ
せ	動詞,接尾,*,*,一段,連用形,せる,セ,セ
なさい	動詞,非自立,*,*,五段・ラ行特殊,命令ｉ,なさる,ナサイ,ナサイ
」	記号,括弧閉,*,*,*,*,」,」,」
。	記号,句点,*,*,*,*,。,。,。
ついで	接続詞,*,*,*,*,*,ついで,ツイデ,ツイデ
，	記号,読点,*,*,*,*,，,，,，
[	名詞,サ変接続,*,*,*,*,*
イエス	名詞,一般,*,*,*,*,イエス,イエス,イエス
]	名詞,サ変接続,*,*,*,*,*
が	助詞,格助詞,一般,*,*,*,が,ガ,ガ
舟	名詞,一般,*,*,*,*,舟,フネ,フネ
に	助詞,格助詞,一般,*,*,*,に,ニ,ニ
乗ら	動詞,自立,*,*,五段・ラ行,未然形,乗る,ノラ,ノラ
れる	動詞,接尾,*,*,一段,基本形,れる,レル,レル
と	助詞,接続助詞,*,*,*,*,と,ト,ト
，	記号,読点,*,*,*,*,，,，,，
弟子	名詞,一般,*,*,*,*,弟子,デシ,デシ
たち	名詞,接尾,一般,*,*,*,たち,タチ,タチ
は	助詞,係助詞,*,*,*,*,は,ハ,ワ
その	連体詞,*,*,*,*,*,その,ソノ,ソノ
あと	名詞,一般,*,*,*,*,あと,アト,アト
に	助詞,格助詞,一般,*,*,*,に,ニ,ニ
従っ	動詞,自立,*,*,五段・ワ行促音便,連用タ接続,従う,シタガッ,シタガッ
た	助動詞,*,*,*,特殊・タ,基本形,た,タ,タ
。	記号,句点,*,*,*,*,。,。,。
ところが	接続詞,*,*,*,*,*,ところが,トコロガ,トコロガ
，	記号,読点,*,*,*,*,，,，,，
見よ	動詞,自立,*,*,一段,命令ｙｏ,見る,ミヨ,ミヨ
，	記号,読点,*,*,*,*,，,，,，
大きな	連体詞,*,*,*,*,*,大きな,オオキナ,オーキナ
動揺	名詞,サ変接続,*,*,*,*,動揺,ドウヨウ,ドーヨー
が	助詞,格助詞,一般,*,*,*,が,ガ,ガ
海	名詞,一般,*,*,*,*,海,ウミ,ウミ
に	助詞,格助詞,一般,*,*,*,に,ニ,ニ
生じ	動詞,自立,*,*,一段,連用形,生じる,ショウジ,ショージ
，	記号,読点,*,*,*,*,，,，,，
舟	名詞,一般,*,*,*,*,舟,フネ,フネ
は	助詞,係助詞,*,*,*,*,は,ハ,ワ
波	名詞,一般,*,*,*,*,波,ナミ,ナミ
を	助詞,格助詞,一般,*,*,*,を,ヲ,ヲ
かぶる	動詞,自立,*,*,五段・ラ行,基本形,かぶる,カブル,カブル
の	名詞,非自立,一般,*,*,*,の,ノ,ノ
で	助動詞,*,*,*,特殊・ダ,連用形,だ,デ,デ
あっ	助動詞,*,*,*,五段・ラ行アル,連用タ接続,ある,アッ,アッ
た	助動詞,*,*,*,特殊・タ,基本形,た,タ,タ
。	記号,句点,*,*,*,*,。,。,。
それでも	接続詞,*,*,*,*,*,それでも,ソレデモ,ソレデモ
，	記号,読点,*,*,*,*,，,，,，
[	名詞,サ変接続,*,*,*,*,*
イエス	名詞,一般,*,*,*,*,イエス,イエス,イエス
]	名詞,サ変接続,*,*,*,*,*
は	助詞,係助詞,*,*,*,*,は,ハ,ワ
眠っ	動詞,自立,*,*,五段・ラ行,連用タ接続,眠る,ネムッ,ネムッ
て	助詞,接続助詞,*,*,*,*,て,テ,テ
おら	動詞,自立,*,*,五段・ラ行,未然形,おる,オラ,オラ
れ	動詞,接尾,*,*,一段,連用形,れる,レ,レ
た	助動詞,*,*,*,特殊・タ,基本形,た,タ,タ
。	記号,句点,*,*,*,*,。,。,。
そこで	接続詞,*,*,*,*,*,そこで,ソコデ,ソコデ
[	名詞,サ変接続,*,*,*,*,*
弟子	名詞,一般,*,*,*,*,弟子,デシ,デシ
]	名詞,サ変接続,*,*,*,*,*
たち	名詞,接尾,一般,*,*,*,たち,タチ,タチ
は	助詞,係助詞,*,*,*,*,は,ハ,ワ
やって来	動詞,自立,*,*,カ変・来ル,連用形,やって来る,ヤッテキ,ヤッテキ
て	助詞,接続助詞,*,*,*,*,て,テ,テ
彼	名詞,代名詞,一般,*,*,*,彼,カレ,カレ
を	助詞,格助詞,一般,*,*,*,を,ヲ,ヲ
起こし	動詞,自立,*,*,五段・サ行,連用形,起こす,オコシ,オコシ
，	記号,読点,*,*,*,*,，,，,，
「	記号,括弧開,*,*,*,*,「,「,「
主	名詞,形容動詞語幹,*,*,*,*,主,オモ,オモ
よ	助詞,終助詞,*,*,*,*,よ,ヨ,ヨ
，	記号,読点,*,*,*,*,，,，,，
わたし	名詞,代名詞,一般,*,*,*,わたし,ワタシ,ワタシ
たち	名詞,接尾,一般,*,*,*,たち,タチ,タチ
を	助詞,格助詞,一般,*,*,*,を,ヲ,ヲ
お	接頭詞,名詞接続,*,*,*,*,お,オ,オ
救い	動詞,自立,*,*,五段・ワ行促音便,連用形,救う,スクイ,スクイ
ください	動詞,非自立,*,*,五段・ラ行特殊,命令ｉ,くださる,クダサイ,クダサイ
，	記号,読点,*,*,*,*,，,，,，
わたし	名詞,代名詞,一般,*,*,*,わたし,ワタシ,ワタシ
たち	名詞,接尾,一般,*,*,*,たち,タチ,タチ
は	助詞,係助詞,*,*,*,*,は,ハ,ワ
死ん	動詞,自立,*,*,五段・ナ行,連用タ接続,死ぬ,シン,シン
で	助詞,接続助詞,*,*,*,*,で,デ,デ
しまい	動詞,非自立,*,*,五段・ワ行促音便,連用形,しまう,シマイ,シマイ
そう	名詞,接尾,助動詞語幹,*,*,*,そう,ソウ,ソー
です	助動詞,*,*,*,特殊・デス,基本形,です,デス,デス
！	記号,一般,*,*,*,*,！,！,！
」	記号,括弧閉,*,*,*,*,」,」,」
と	助詞,格助詞,引用,*,*,*,と,ト,ト
言っ	動詞,自立,*,*,五段・ワ行促音便,連用タ接続,言う,イッ,イッ
た	助動詞,*,*,*,特殊・タ,基本形,た,タ,タ
。	記号,句点,*,*,*,*,。,。,。
しかし	接続詞,*,*,*,*,*,しかし,シカシ,シカシ
[	名詞,サ変接続,*,*,*,*,*
イエス	名詞,一般,*,*,*,*,イエス,イエス,イエス
]	名詞,サ変接続,*,*,*,*,*
は	助詞,係助詞,*,*,*,*,は,ハ,ワ
言わ	動詞,自立,*,*,五段・ワ行促音便,未然形,言う,イワ,イワ
れ	動詞,接尾,*,*,一段,連用形,れる,レ,レ
た	助動詞,*,*,*,特殊・タ,基本形,た,タ,タ
，	記号,読点,*,*,*,*,，,，,，
「	記号,括弧開,*,*,*,*,「,「,「
なぜ	副詞,助詞類接続,*,*,*,*,なぜ,ナゼ,ナゼ
あなた	名詞,代名詞,一般,*,*,*,あなた,アナタ,アナタ
方	名詞,接尾,一般,*,*,*,方,カタ,カタ
は	助詞,係助詞,*,*,*,*,は,ハ,ワ
小心	名詞,形容動詞語幹,*,*,*,*,小心,ショウシン,ショーシン
な	助動詞,*,*,*,特殊・ダ,体言接続,だ,ナ,ナ
の	名詞,非自立,一般,*,*,*,の,ノ,ノ
です	助動詞,*,*,*,特殊・デス,基本形,です,デス,デス
か	助詞,副助詞／並立助詞／終助詞,*,*,*,*,か,カ,カ
，	記号,読点,*,*,*,*,，,，,，
信仰	名詞,サ変接続,*,*,*,*,信仰,シンコウ,シンコー
の	助詞,格助詞,一般,*,*,*,の,ノ,ノ
少ない	形容詞,自立,*,*,形容詞・アウオ段,基本形,少ない,スクナイ,スクナイ
人	名詞,一般,*,*,*,*,人,ヒト,ヒト
たち	名詞,接尾,一般,*,*,*,たち,タチ,タチ
よ	助詞,終助詞,*,*,*,*,よ,ヨ,ヨ
」	記号,括弧閉,*,*,*,*,」,」,」
。	記号,句点,*,*,*,*,。,。,。
それから	接続詞,*,*,*,*,*,それから,ソレカラ,ソレカラ
[	名詞,サ変接続,*,*,*,*,*
イエス	名詞,一般,*,*,*,*,イエス,イエス,イエス
]	名詞,サ変接続,*,*,*,*,*
が	助詞,格助詞,一般,*,*,*,が,ガ,ガ
起き上がっ	動詞,自立,*,*,五段・ラ行,連用タ接続,起き上がる,オキアガッ,オキアガッ
て	助詞,接続助詞,*,*,*,*,て,テ,テ
風	名詞,一般,*,*,*,*,風,カゼ,カゼ
と	助詞,並立助詞,*,*,*,*,と,ト,ト
海	名詞,一般,*,*,*,*,海,ウミ,ウミ
を	助詞,格助詞,一般,*,*,*,を,ヲ,ヲ
叱りつける	動詞,自立,*,*,一段,基本形,叱りつける,シカリツケル,シカリツケル
と	助詞,接続助詞,*,*,*,*,と,ト,ト
，	記号,読点,*,*,*,*,，,，,，
大	接頭詞,名詞接続,*,*,*,*,大,ダイ,ダイ
なぎ	動詞,自立,*,*,五段・ガ行,連用形,なぐ,ナギ,ナギ
に	助詞,格助詞,一般,*,*,*,に,ニ,ニ
なっ	動詞,自立,*,*,五段・ラ行,連用タ接続,なる,ナッ,ナッ
た	助動詞,*,*,*,特殊・タ,基本形,た,タ,タ
。	記号,句点,*,*,*,*,。,。,。
それで	接続詞,*,*,*,*,*,それで,ソレデ,ソレデ
人々	名詞,一般,*,*,*,*,人々,ヒトビト,ヒトビト
は	助詞,係助詞,*,*,*,*,は,ハ,ワ
すっかり	副詞,一般,*,*,*,*,すっかり,スッカリ,スッカリ
驚き	動詞,自立,*,*,五段・カ行イ音便,連用形,驚く,オドロキ,オドロキ
，	記号,読点,*,*,*,*,，,，,，
「	記号,括弧開,*,*,*,*,「,「,「
これ	名詞,代名詞,一般,*,*,*,これ,コレ,コレ
は	助詞,係助詞,*,*,*,*,は,ハ,ワ
どういう	連体詞,*,*,*,*,*,どういう,ドウイウ,ドーユウ
方	名詞,非自立,一般,*,*,*,方,ホウ,ホー
な	助動詞,*,*,*,特殊・ダ,体言接続,だ,ナ,ナ
の	名詞,非自立,一般,*,*,*,の,ノ,ノ
だろ	助動詞,*,*,*,特殊・ダ,未然形,だ,ダロ,ダロ
う	助動詞,*,*,*,不変化型,基本形,う,ウ,ウ
，	記号,読点,*,*,*,*,，,，,，
風	名詞,一般,*,*,*,*,風,カゼ,カゼ
や	助詞,並立助詞,*,*,*,*,や,ヤ,ヤ
海	名詞,一般,*,*,*,*,海,ウミ,ウミ
さえ	助詞,係助詞,*,*,*,*,さえ,サエ,サエ
従う	動詞,自立,*,*,五段・ワ行促音便,基本形,従う,シタガウ,シタガウ
と	助詞,格助詞,引用,*,*,*,と,ト,ト
は	助詞,係助詞,*,*,*,*,は,ハ,ワ
」	記号,括弧閉,*,*,*,*,」,」,」
と	助詞,格助詞,引用,*,*,*,と,ト,ト
言っ	動詞,自立,*,*,五段・ワ行促音便,連用タ接続,言う,イッ,イッ
た	助動詞,*,*,*,特殊・タ,基本形,た,タ,タ
。	記号,句点,*,*,*,*,。,。,。
[	名詞,サ変接続,*,*,*,*,*
イエス	名詞,一般,*,*,*,*,イエス,イエス,イエス
]	名詞,サ変接続,*,*,*,*,*
が	助詞,格助詞,一般,*,*,*,が,ガ,ガ
向こう	名詞,一般,*,*,*,*,向こう,ムコウ,ムコー
側	名詞,接尾,一般,*,*,*,側,ガワ,ガワ
に	助詞,格助詞,一般,*,*,*,に,ニ,ニ
着い	動詞,自立,*,*,五段・カ行イ音便,連用タ接続,着く,ツイ,ツイ
て	助詞,接続助詞,*,*,*,*,て,テ,テ
，	記号,読点,*,*,*,*,，,，,，
ガダラ	名詞,一般,*,*,*,*,*
人	名詞,接尾,一般,*,*,*,人,ジン,ジン
の	助詞,連体化,*,*,*,*,の,ノ,ノ
地方	名詞,一般,*,*,*,*,地方,チホウ,チホー
に	助詞,格助詞,一般,*,*,*,に,ニ,ニ
入る	動詞,自立,*,*,五段・ラ行,基本形,入る,ハイル,ハイル
と	助詞,接続助詞,*,*,*,*,と,ト,ト
，	記号,読点,*,*,*,*,，,，,，
悪霊	名詞,一般,*,*,*,*,悪霊,アクリョウ,アクリョー
に	助詞,格助詞,一般,*,*,*,に,ニ,ニ
取りつかれ	動詞,自立,*,*,一段,連用形,取りつかれる,トリツカレ,トリツカレ
た	助動詞,*,*,*,特殊・タ,基本形,た,タ,タ
二	名詞,数,*,*,*,*,二,ニ,ニ
人	名詞,接尾,助数詞,*,*,*,人,ニン,ニン
の	助詞,連体化,*,*,*,*,の,ノ,ノ
男	名詞,一般,*,*,*,*,男,オトコ,オトコ
が	助詞,格助詞,一般,*,*,*,が,ガ,ガ
記念	名詞,サ変接続,*,*,*,*,記念,キネン,キネン
の	助詞,連体化,*,*,*,*,の,ノ,ノ
墓	名詞,一般,*,*,*,*,墓,ハカ,ハカ
の	助詞,連体化,*,*,*,*,の,ノ,ノ
間	名詞,一般,*,*,*,*,間,マ,マ
から	助詞,格助詞,一般,*,*,*,から,カラ,カラ
出	動詞,自立,*,*,一段,連用形,出る,デ,デ
て	助詞,接続助詞,*,*,*,*,て,テ,テ
来	動詞,非自立,*,*,カ変・来ル,連用形,来る,キ,キ
て	助詞,接続助詞,*,*,*,*,て,テ,テ
彼	名詞,代名詞,一般,*,*,*,彼,カレ,カレ
に	助詞,格助詞,一般,*,*,*,に,ニ,ニ
会っ	動詞,自立,*,*,五段・ワ行促音便,連用タ接続,会う,アッ,アッ
た	助動詞,*,*,*,特殊・タ,基本形,た,タ,タ
が	助詞,接続助詞,*,*,*,*,が,ガ,ガ
，	記号,読点,*,*,*,*,，,，,，
[	名詞,サ変接続,*,*,*,*,*
この	連体詞,*,*,*,*,*,この,コノ,コノ
二	名詞,数,*,*,*,*,二,ニ,ニ
人	名詞,接尾,助数詞,*,*,*,人,ニン,ニン
は	助詞,係助詞,*,*,*,*,は,ハ,ワ
]	名詞,サ変接続,*,*,*,*,*
こと	名詞,非自立,一般,*,*,*,こと,コト,コト
の	助詞,連体化,*,*,*,*,の,ノ,ノ
ほか	名詞,副詞可能,*,*,*,*,ほか,ホカ,ホカ
狂暴	名詞,形容動詞語幹,*,*,*,*,狂暴,キョウボウ,キョーボー
で	助動詞,*,*,*,特殊・ダ,連用形,だ,デ,デ
あっ	助動詞,*,*,*,五段・ラ行アル,連用タ接続,ある,アッ,アッ
た	助動詞,*,*,*,特殊・タ,基本形,た,タ,タ
ので	助詞,接続助詞,*,*,*,*,ので,ノデ,ノデ
，	記号,読点,*,*,*,*,，,，,，
だれ	名詞,代名詞,一般,*,*,*,だれ,ダレ,ダレ
も	助詞,係助詞,*,*,*,*,も,モ,モ
その道	名詞,一般,*,*,*,*,その道,ソノミチ,ソノミチ
を	助詞,格助詞,一般,*,*,*,を,ヲ,ヲ
行っ	動詞,自立,*,*,五段・ワ行促音便,連用タ接続,行う,オコナッ,オコナッ
て	助詞,接続助詞,*,*,*,*,て,テ,テ
そば	名詞,一般,*,*,*,*,そば,ソバ,ソバ
を	助詞,格助詞,一般,*,*,*,を,ヲ,ヲ
通る	動詞,自立,*,*,五段・ラ行,基本形,通る,トオル,トール
勇気	名詞,一般,*,*,*,*,勇気,ユウキ,ユーキ
が	助詞,格助詞,一般,*,*,*,が,ガ,ガ
なかっ	形容詞,自立,*,*,形容詞・アウオ段,連用タ接続,ない,ナカッ,ナカッ
た	助動詞,*,*,*,特殊・タ,基本形,た,タ,タ
。	記号,句点,*,*,*,*,。,。,。
ところが	接続詞,*,*,*,*,*,ところが,トコロガ,トコロガ
，	記号,読点,*,*,*,*,，,，,，
見よ	動詞,自立,*,*,一段,命令ｙｏ,見る,ミヨ,ミヨ
，	記号,読点,*,*,*,*,，,，,，
彼ら	名詞,代名詞,一般,*,*,*,彼ら,カレラ,カレラ
が	助詞,格助詞,一般,*,*,*,が,ガ,ガ
絶叫	名詞,サ変接続,*,*,*,*,絶叫,ゼッキョウ,ゼッキョー
し	動詞,自立,*,*,サ変・スル,連用形,する,シ,シ
て	助詞,接続助詞,*,*,*,*,て,テ,テ
こう	副詞,助詞類接続,*,*,*,*,こう,コウ,コー
言っ	動詞,自立,*,*,五段・ワ行促音便,連用タ接続,言う,イッ,イッ
た	助動詞,*,*,*,特殊・タ,基本形,た,タ,タ
。	記号,句点,*,*,*,*,。,。,。
「	記号,括弧開,*,*,*,*,「,「,「
神	名詞,一般,*,*,*,*,神,カミ,カミ
の	助詞,連体化,*,*,*,*,の,ノ,ノ
子	名詞,一般,*,*,*,*,子,コ,コ
よ	助詞,終助詞,*,*,*,*,よ,ヨ,ヨ
，	記号,読点,*,*,*,*,，,，,，
わたし	名詞,代名詞,一般,*,*,*,わたし,ワタシ,ワタシ
たち	名詞,接尾,一般,*,*,*,たち,タチ,タチ
は	助詞,係助詞,*,*,*,*,は,ハ,ワ
あなた	名詞,代名詞,一般,*,*,*,あなた,アナタ,アナタ
と	助詞,格助詞,一般,*,*,*,と,ト,ト
何	名詞,代名詞,一般,*,*,*,何,ナニ,ナニ
の	助詞,連体化,*,*,*,*,の,ノ,ノ
かかわり	名詞,一般,*,*,*,*,かかわり,カカワリ,カカワリ
が	助詞,格助詞,一般,*,*,*,が,ガ,ガ
ある	動詞,自立,*,*,五段・ラ行,基本形,ある,アル,アル
の	名詞,非自立,一般,*,*,*,の,ノ,ノ
です	助動詞,*,*,*,特殊・デス,基本形,です,デス,デス
か	助詞,副助詞／並立助詞／終助詞,*,*,*,*,か,カ,カ
。	記号,句点,*,*,*,*,。,。,。
わたし	名詞,代名詞,一般,*,*,*,わたし,ワタシ,ワタシ
たち	名詞,接尾,一般,*,*,*,たち,タチ,タチ
を	助詞,格助詞,一般,*,*,*,を,ヲ,ヲ
責め	動詞,自立,*,*,一段,連用形,責める,セメ,セメ
苦	名詞,接尾,一般,*,*,*,苦,ク,ク
に	助詞,格助詞,一般,*,*,*,に,ニ,ニ
遭わ	動詞,自立,*,*,五段・ワ行促音便,未然形,遭う,アワ,アワ
せよ	動詞,接尾,*,*,一段,未然ウ接続,せる,セヨ,セヨ
う	助動詞,*,*,*,不変化型,基本形,う,ウ,ウ
として	助詞,格助詞,連語,*,*,*,として,トシテ,トシテ
，	記号,読点,*,*,*,*,，,，,，
定め	動詞,自立,*,*,一段,未然形,定める,サダメ,サダメ
られ	動詞,接尾,*,*,一段,連用形,られる,ラレ,ラレ
た	助動詞,*,*,*,特殊・タ,基本形,た,タ,タ
時	名詞,非自立,副詞可能,*,*,*,時,トキ,トキ
より	助詞,格助詞,一般,*,*,*,より,ヨリ,ヨリ
も	助詞,係助詞,*,*,*,*,も,モ,モ
前	名詞,副詞可能,*,*,*,*,前,マエ,マエ
に	助詞,格助詞,一般,*,*,*,に,ニ,ニ
ここ	名詞,代名詞,一般,*,*,*,ここ,ココ,ココ
に	助詞,格助詞,一般,*,*,*,に,ニ,ニ
来	動詞,自立,*,*,カ変・来ル,連用形,来る,キ,キ
た	助動詞,*,*,*,特殊・タ,基本形,た,タ,タ
の	名詞,非自立,一般,*,*,*,の,ノ,ノ
です	助動詞,*,*,*,特殊・デス,基本形,です,デス,デス
か	助詞,副助詞／並立助詞／終助詞,*,*,*,*,か,カ,カ
」	記号,括弧閉,*,*,*,*,」,」,」
。	記号,句点,*,*,*,*,。,。,。
ところで	接続詞,*,*,*,*,*,ところで,トコロデ,トコロデ
，	記号,読点,*,*,*,*,，,，,，
彼ら	名詞,代名詞,一般,*,*,*,彼ら,カレラ,カレラ
から	助詞,格助詞,一般,*,*,*,から,カラ,カラ
遠く	形容詞,自立,*,*,形容詞・アウオ段,連用テ接続,遠い,トオク,トーク
離れ	動詞,自立,*,*,一段,連用形,離れる,ハナレ,ハナレ
た	助動詞,*,*,*,特殊・タ,基本形,た,タ,タ
所	名詞,非自立,副詞可能,*,*,*,所,トコロ,トコロ
で	助詞,格助詞,一般,*,*,*,で,デ,デ
豚	名詞,一般,*,*,*,*,豚,ブタ,ブタ
の	助詞,連体化,*,*,*,*,の,ノ,ノ
大きな	連体詞,*,*,*,*,*,大きな,オオキナ,オーキナ
群れ	名詞,一般,*,*,*,*,群れ,ムレ,ムレ
が	助詞,格助詞,一般,*,*,*,が,ガ,ガ
放牧	名詞,サ変接続,*,*,*,*,放牧,ホウボク,ホーボク
さ	動詞,自立,*,*,サ変・スル,未然レル接続,する,サ,サ
れ	動詞,接尾,*,*,一段,連用形,れる,レ,レ
て	助詞,接続助詞,*,*,*,*,て,テ,テ
い	動詞,非自立,*,*,一段,連用形,いる,イ,イ
た	助動詞,*,*,*,特殊・タ,基本形,た,タ,タ
。	記号,句点,*,*,*,*,。,。,。
それで	接続詞,*,*,*,*,*,それで,ソレデ,ソレデ
悪霊	名詞,一般,*,*,*,*,悪霊,アクリョウ,アクリョー
たち	名詞,接尾,一般,*,*,*,たち,タチ,タチ
は	助詞,係助詞,*,*,*,*,は,ハ,ワ
彼	名詞,代名詞,一般,*,*,*,彼,カレ,カレ
に	助詞,格助詞,一般,*,*,*,に,ニ,ニ
懇願	名詞,サ変接続,*,*,*,*,懇願,コンガン,コンガン
し	動詞,自立,*,*,サ変・スル,連用形,する,シ,シ
はじめ	名詞,副詞可能,*,*,*,*,はじめ,ハジメ,ハジメ
，	記号,読点,*,*,*,*,，,，,，
「	記号,括弧開,*,*,*,*,「,「,「
わたし	名詞,代名詞,一般,*,*,*,わたし,ワタシ,ワタシ
たち	名詞,接尾,一般,*,*,*,たち,タチ,タチ
を	助詞,格助詞,一般,*,*,*,を,ヲ,ヲ
追い出す	動詞,自立,*,*,五段・サ行,基本形,追い出す,オイダス,オイダス
の	名詞,非自立,一般,*,*,*,の,ノ,ノ
でし	助動詞,*,*,*,特殊・デス,連用形,です,デシ,デシ
たら	助動詞,*,*,*,特殊・タ,仮定形,た,タラ,タラ
，	記号,読点,*,*,*,*,，,，,，
あの	連体詞,*,*,*,*,*,あの,アノ,アノ
豚	名詞,一般,*,*,*,*,豚,ブタ,ブタ
の	助詞,連体化,*,*,*,*,の,ノ,ノ
群れ	名詞,一般,*,*,*,*,群れ,ムレ,ムレ
の	助詞,連体化,*,*,*,*,の,ノ,ノ
中	名詞,非自立,副詞可能,*,*,*,中,ナカ,ナカ
に	助詞,格助詞,一般,*,*,*,に,ニ,ニ
送り込ん	動詞,自立,*,*,五段・マ行,連用タ接続,送り込む,オクリコン,オクリコン
で	助詞,接続助詞,*,*,*,*,で,デ,デ
ください	動詞,非自立,*,*,五段・ラ行特殊,命令ｉ,くださる,クダサイ,クダサイ
」	記号,括弧閉,*,*,*,*,」,」,」
と	助詞,格助詞,引用,*,*,*,と,ト,ト
言っ	動詞,自立,*,*,五段・ワ行促音便,連用タ接続,言う,イッ,イッ
た	助動詞,*,*,*,特殊・タ,基本形,た,タ,タ
。	記号,句点,*,*,*,*,。,。,。
そこで	接続詞,*,*,*,*,*,そこで,ソコデ,ソコデ
[	名詞,サ変接続,*,*,*,*,*
イエス	名詞,一般,*,*,*,*,イエス,イエス,イエス
]	名詞,サ変接続,*,*,*,*,*
は	助詞,係助詞,*,*,*,*,は,ハ,ワ
，	記号,読点,*,*,*,*,，,，,，
「	記号,括弧開,*,*,*,*,「,「,「
行け	動詞,自立,*,*,五段・カ行促音便,命令ｅ,行く,イケ,イケ
！	記号,一般,*,*,*,*,！,！,！
」	記号,括弧閉,*,*,*,*,」,」,」
と	助詞,格助詞,引用,*,*,*,と,ト,ト
言わ	動詞,自立,*,*,五段・ワ行促音便,未然形,言う,イワ,イワ
れ	動詞,接尾,*,*,一段,連用形,れる,レ,レ
た	助動詞,*,*,*,特殊・タ,基本形,た,タ,タ
。	記号,句点,*,*,*,*,。,。,。
彼ら	名詞,代名詞,一般,*,*,*,彼ら,カレラ,カレラ
は	助詞,係助詞,*,*,*,*,は,ハ,ワ
出	動詞,自立,*,*,一段,連用形,出る,デ,デ
て	助詞,接続助詞,*,*,*,*,て,テ,テ
来	動詞,非自立,*,*,カ変・来ル,連用形,来る,キ,キ
て	助詞,接続助詞,*,*,*,*,て,テ,テ
から	助詞,格助詞,一般,*,*,*,から,カラ,カラ
，	記号,読点,*,*,*,*,，,，,，
豚	名詞,一般,*,*,*,*,豚,ブタ,ブタ
の	助詞,連体化,*,*,*,*,の,ノ,ノ
中	名詞,非自立,副詞可能,*,*,*,中,ナカ,ナカ
に	助詞,格助詞,一般,*,*,*,に,ニ,ニ
入り込ん	動詞,自立,*,*,五段・マ行,連用タ接続,入り込む,ハイリコン,ハイリコン
だ	助動詞,*,*,*,特殊・タ,基本形,だ,ダ,ダ
。	記号,句点,*,*,*,*,。,。,。
する	動詞,自立,*,*,サ変・スル,基本形,する,スル,スル
と	助詞,接続助詞,*,*,*,*,と,ト,ト
，	記号,読点,*,*,*,*,，,，,，
見よ	動詞,自立,*,*,一段,命令ｙｏ,見る,ミヨ,ミヨ
，	記号,読点,*,*,*,*,，,，,，
その	連体詞,*,*,*,*,*,その,ソノ,ソノ
群れ	名詞,一般,*,*,*,*,群れ,ムレ,ムレ
全体	名詞,副詞可能,*,*,*,*,全体,ゼンタイ,ゼンタイ
が	助詞,格助詞,一般,*,*,*,が,ガ,ガ
突進	名詞,サ変接続,*,*,*,*,突進,トッシン,トッシン
し	動詞,自立,*,*,サ変・スル,連用形,する,シ,シ
て	助詞,接続助詞,*,*,*,*,て,テ,テ
断がい	名詞,一般,*,*,*,*,断がい,ダンガイ,ダンガイ
から	助詞,格助詞,一般,*,*,*,から,カラ,カラ
海	名詞,一般,*,*,*,*,海,ウミ,ウミ
に	助詞,格助詞,一般,*,*,*,に,ニ,ニ
落ち	動詞,自立,*,*,一段,連用形,落ちる,オチ,オチ
，	記号,読点,*,*,*,*,，,，,，
水	名詞,一般,*,*,*,*,水,ミズ,ミズ
の	助詞,連体化,*,*,*,*,の,ノ,ノ
中	名詞,非自立,副詞可能,*,*,*,中,ナカ,ナカ
で	助詞,格助詞,一般,*,*,*,で,デ,デ
死ん	動詞,自立,*,*,五段・ナ行,連用タ接続,死ぬ,シン,シン
だ	助動詞,*,*,*,特殊・タ,基本形,だ,ダ,ダ
。	記号,句点,*,*,*,*,。,。,。
ところが	接続詞,*,*,*,*,*,ところが,トコロガ,トコロガ
，	記号,読点,*,*,*,*,，,，,，
牧夫	名詞,一般,*,*,*,*,牧夫,ボクフ,ボクフ
たち	名詞,接尾,一般,*,*,*,たち,タチ,タチ
は	助詞,係助詞,*,*,*,*,は,ハ,ワ
逃げ	動詞,自立,*,*,一段,連用形,逃げる,ニゲ,ニゲ
て	助詞,接続助詞,*,*,*,*,て,テ,テ
行き	動詞,非自立,*,*,五段・カ行促音便,連用形,行く,イキ,イキ
，	記号,読点,*,*,*,*,，,，,，
市内	名詞,一般,*,*,*,*,市内,シナイ,シナイ
に	助詞,格助詞,一般,*,*,*,に,ニ,ニ
入っ	動詞,自立,*,*,五段・ラ行,連用タ接続,入る,ハイッ,ハイッ
て	助詞,接続助詞,*,*,*,*,て,テ,テ
，	記号,読点,*,*,*,*,，,，,，
悪霊	名詞,一般,*,*,*,*,悪霊,アクリョウ,アクリョー
に	助詞,格助詞,一般,*,*,*,に,ニ,ニ
取りつかれ	動詞,自立,*,*,一段,連用形,取りつかれる,トリツカレ,トリツカレ
た	助動詞,*,*,*,特殊・タ,基本形,た,タ,タ
男	名詞,一般,*,*,*,*,男,オトコ,オトコ
たち	名詞,接尾,一般,*,*,*,たち,タチ,タチ
の	助詞,連体化,*,*,*,*,の,ノ,ノ
事	名詞,非自立,一般,*,*,*,事,コト,コト
を	助詞,格助詞,一般,*,*,*,を,ヲ,ヲ
含め	動詞,自立,*,*,一段,連用形,含める,フクメ,フクメ
，	記号,読点,*,*,*,*,，,，,，
一切	名詞,副詞可能,*,*,*,*,一切,イッサイ,イッサイ
の	助詞,連体化,*,*,*,*,の,ノ,ノ
こと	名詞,非自立,一般,*,*,*,こと,コト,コト
を	助詞,格助詞,一般,*,*,*,を,ヲ,ヲ
知らせ	動詞,自立,*,*,一段,連用形,知らせる,シラセ,シラセ
た	助動詞,*,*,*,特殊・タ,基本形,た,タ,タ
。	記号,句点,*,*,*,*,。,。,。
する	動詞,自立,*,*,サ変・スル,基本形,する,スル,スル
と	助詞,接続助詞,*,*,*,*,と,ト,ト
，	記号,読点,*,*,*,*,，,，,，
見よ	動詞,自立,*,*,一段,命令ｙｏ,見る,ミヨ,ミヨ
，	記号,読点,*,*,*,*,，,，,，
全市	名詞,一般,*,*,*,*,全市,ゼンシ,ゼンシ
[	名詞,サ変接続,*,*,*,*,*
の	助詞,連体化,*,*,*,*,の,ノ,ノ
人々	名詞,一般,*,*,*,*,人々,ヒトビト,ヒトビト
]	名詞,サ変接続,*,*,*,*,*
が	助詞,格助詞,一般,*,*,*,が,ガ,ガ
イエス	名詞,一般,*,*,*,*,イエス,イエス,イエス
に	助詞,格助詞,一般,*,*,*,に,ニ,ニ
会お	動詞,自立,*,*,五段・ワ行促音便,未然ウ接続,会う,アオ,アオ
う	助動詞,*,*,*,不変化型,基本形,う,ウ,ウ
として	助詞,格助詞,連語,*,*,*,として,トシテ,トシテ
出	動詞,自立,*,*,一段,連用形,出る,デ,デ
て	助詞,接続助詞,*,*,*,*,て,テ,テ
来	動詞,非自立,*,*,カ変・来ル,連用形,来る,キ,キ
た	助動詞,*,*,*,特殊・タ,基本形,た,タ,タ
。	記号,句点,*,*,*,*,。,。,。
そして	接続詞,*,*,*,*,*,そして,ソシテ,ソシテ
，	記号,読点,*,*,*,*,，,，,，
[	名詞,サ変接続,*,*,*,*,*
イエス	名詞,一般,*,*,*,*,イエス,イエス,イエス
]	名詞,サ変接続,*,*,*,*,*
を	助詞,格助詞,一般,*,*,*,を,ヲ,ヲ
見	動詞,自立,*,*,一段,連用形,見る,ミ,ミ
た	助動詞,*,*,*,特殊・タ,基本形,た,タ,タ
のち	名詞,非自立,副詞可能,*,*,*,のち,ノチ,ノチ
，	記号,読点,*,*,*,*,，,，,，
自分	名詞,一般,*,*,*,*,自分,ジブン,ジブン
たち	名詞,接尾,一般,*,*,*,たち,タチ,タチ
の	助詞,連体化,*,*,*,*,の,ノ,ノ
地域	名詞,一般,*,*,*,*,地域,チイキ,チイキ
から	助詞,格助詞,一般,*,*,*,から,カラ,カラ
出	動詞,自立,*,*,一段,連用形,出る,デ,デ
て	助詞,接続助詞,*,*,*,*,て,テ,テ
くれる	動詞,非自立,*,*,一段・クレル,基本形,くれる,クレル,クレル
よう	名詞,非自立,助動詞語幹,*,*,*,よう,ヨウ,ヨー
に	助詞,副詞化,*,*,*,*,に,ニ,ニ
と	助詞,格助詞,引用,*,*,*,と,ト,ト
切に	副詞,一般,*,*,*,*,切に,セツニ,セツニ
求める	動詞,自立,*,*,一段,基本形,求める,モトメル,モトメル
の	名詞,非自立,一般,*,*,*,の,ノ,ノ
で	助動詞,*,*,*,特殊・ダ,連用形,だ,デ,デ
あっ	助動詞,*,*,*,五段・ラ行アル,連用タ接続,ある,アッ,アッ
た	助動詞,*,*,*,特殊・タ,基本形,た,タ,タ
。	記号,句点,*,*,*,*,。,。,。
EOS
