あなた	名詞,代名詞,一般,*,*,*,あなた,アナタ,アナタ
方	名詞,接尾,一般,*,*,*,方,カタ,カタ
の	助詞,連体化,*,*,*,*,の,ノ,ノ
中	名詞,非自立,副詞可能,*,*,*,中,ナカ,ナカ
に	助詞,格助詞,一般,*,*,*,に,ニ,ニ
は	助詞,係助詞,*,*,*,*,は,ハ,ワ
，	記号,読点,*,*,*,*,，,，,，
他	名詞,一般,*,*,*,*,他,タ,タ
の	助詞,連体化,*,*,*,*,の,ノ,ノ
人	名詞,一般,*,*,*,*,人,ヒト,ヒト
に対して	助詞,格助詞,連語,*,*,*,に対して,ニタイシテ,ニタイシテ
訴え	名詞,一般,*,*,*,*,訴え,ウッタエ,ウッタエ
事	名詞,接尾,一般,*,*,*,事,ゴト,ゴト
が	助詞,格助詞,一般,*,*,*,が,ガ,ガ
ある	動詞,自立,*,*,五段・ラ行,基本形,ある,アル,アル
場合	名詞,副詞可能,*,*,*,*,場合,バアイ,バアイ
，	記号,読点,*,*,*,*,，,，,，
あえて	副詞,一般,*,*,*,*,あえて,アエテ,アエテ
法廷	名詞,一般,*,*,*,*,法廷,ホウテイ,ホーテイ
に	助詞,格助詞,一般,*,*,*,に,ニ,ニ
，	記号,読点,*,*,*,*,，,，,，
不義	名詞,一般,*,*,*,*,不義,フギ,フギ
の	助詞,連体化,*,*,*,*,の,ノ,ノ
人々	名詞,一般,*,*,*,*,人々,ヒトビト,ヒトビト
の	助詞,連体化,*,*,*,*,の,ノ,ノ
前	名詞,副詞可能,*,*,*,*,前,マエ,マエ
に	助詞,格助詞,一般,*,*,*,に,ニ,ニ
行き	動詞,自立,*,*,五段・カ行促音便,連用形,行く,イキ,イキ
，	記号,読点,*,*,*,*,，,，,，
聖なる	連体詞,*,*,*,*,*,聖なる,セイナル,セイナル
者	名詞,一般,*,*,*,*,者,モノ,モノ
たち	名詞,接尾,一般,*,*,*,たち,タチ,タチ
の	助詞,連体化,*,*,*,*,の,ノ,ノ
前	名詞,副詞可能,*,*,*,*,前,マエ,マエ
に	助詞,格助詞,一般,*,*,*,に,ニ,ニ
[	名詞,サ変接続,*,*,*,*,*
行か	動詞,自立,*,*,五段・カ行促音便,未然形,行く,イカ,イカ
]	名詞,サ変接続,*,*,*,*,*
ない	形容詞,自立,*,*,形容詞・アウオ段,基本形,ない,ナイ,ナイ
人	名詞,一般,*,*,*,*,人,ヒト,ヒト
が	助詞,格助詞,一般,*,*,*,が,ガ,ガ
いる	動詞,自立,*,*,一段,基本形,いる,イル,イル
の	名詞,非自立,一般,*,*,*,の,ノ,ノ
です	助動詞,*,*,*,特殊・デス,基本形,です,デス,デス
か	助詞,副助詞／並立助詞／終助詞,*,*,*,*,か,カ,カ
。	記号,句点,*,*,*,*,。,。,。
あるいは	接続詞,*,*,*,*,*,あるいは,アルイハ,アルイワ
，	記号,読点,*,*,*,*,，,，,，
あなた	名詞,代名詞,一般,*,*,*,あなた,アナタ,アナタ
方	名詞,接尾,一般,*,*,*,方,カタ,カタ
は	助詞,係助詞,*,*,*,*,は,ハ,ワ
，	記号,読点,*,*,*,*,，,，,，
聖なる	連体詞,*,*,*,*,*,聖なる,セイナル,セイナル
者	名詞,一般,*,*,*,*,者,モノ,モノ
たち	名詞,接尾,一般,*,*,*,たち,タチ,タチ
が	助詞,格助詞,一般,*,*,*,が,ガ,ガ
世	名詞,一般,*,*,*,*,世,ヨ,ヨ
を	助詞,格助詞,一般,*,*,*,を,ヲ,ヲ
裁く	動詞,自立,*,*,五段・カ行イ音便,基本形,裁く,サバク,サバク
こと	名詞,非自立,一般,*,*,*,こと,コト,コト
を	助詞,格助詞,一般,*,*,*,を,ヲ,ヲ
知ら	動詞,自立,*,*,五段・ラ行,未然形,知る,シラ,シラ
ない	助動詞,*,*,*,特殊・ナイ,基本形,ない,ナイ,ナイ
の	名詞,非自立,一般,*,*,*,の,ノ,ノ
でしょ	助動詞,*,*,*,特殊・デス,未然形,です,デショ,デショ
う	助動詞,*,*,*,不変化型,基本形,う,ウ,ウ
か	助詞,副助詞／並立助詞／終助詞,*,*,*,*,か,カ,カ
。	記号,句点,*,*,*,*,。,。,。
それで	接続詞,*,*,*,*,*,それで,ソレデ,ソレデ
，	名詞,数,*,*,*,*,，,，,，
世	名詞,接尾,助数詞,*,*,*,世,セイ,セイ
は	助詞,係助詞,*,*,*,*,は,ハ,ワ
あなた	名詞,代名詞,一般,*,*,*,あなた,アナタ,アナタ
方	名詞,接尾,一般,*,*,*,方,カタ,カタ
によって	助詞,格助詞,連語,*,*,*,によって,ニヨッテ,ニヨッテ
裁か	動詞,自立,*,*,五段・カ行イ音便,未然形,裁く,サバカ,サバカ
れる	動詞,接尾,*,*,一段,基本形,れる,レル,レル
こと	名詞,非自立,一般,*,*,*,こと,コト,コト
に	助詞,格助詞,一般,*,*,*,に,ニ,ニ
なっ	動詞,自立,*,*,五段・ラ行,連用タ接続,なる,ナッ,ナッ
て	助詞,接続助詞,*,*,*,*,て,テ,テ
いる	動詞,非自立,*,*,一段,基本形,いる,イル,イル
のに	助詞,接続助詞,*,*,*,*,のに,ノニ,ノニ
，	記号,読点,*,*,*,*,，,，,，
あなた	名詞,代名詞,一般,*,*,*,あなた,アナタ,アナタ
方	名詞,接尾,一般,*,*,*,方,カタ,カタ
は	助詞,係助詞,*,*,*,*,は,ハ,ワ
ごく	副詞,一般,*,*,*,*,ごく,ゴク,ゴク
ささい	名詞,形容動詞語幹,*,*,*,*,ささい,ササイ,ササイ
な	助動詞,*,*,*,特殊・ダ,体言接続,だ,ナ,ナ
事柄	名詞,一般,*,*,*,*,事柄,コトガラ,コトガラ
を	助詞,格助詞,一般,*,*,*,を,ヲ,ヲ
審理	名詞,サ変接続,*,*,*,*,審理,シンリ,シンリ
する	動詞,自立,*,*,サ変・スル,基本形,する,スル,スル
こと	名詞,非自立,一般,*,*,*,こと,コト,コト
も	助詞,係助詞,*,*,*,*,も,モ,モ
でき	動詞,自立,*,*,一段,未然形,できる,デキ,デキ
ない	助動詞,*,*,*,特殊・ナイ,基本形,ない,ナイ,ナイ
の	名詞,非自立,一般,*,*,*,の,ノ,ノ
です	助動詞,*,*,*,特殊・デス,基本形,です,デス,デス
か	助詞,副助詞／並立助詞／終助詞,*,*,*,*,か,カ,カ
。	記号,句点,*,*,*,*,。,。,。
あなた	名詞,代名詞,一般,*,*,*,あなた,アナタ,アナタ
方	名詞,接尾,一般,*,*,*,方,カタ,カタ
は	助詞,係助詞,*,*,*,*,は,ハ,ワ
，	記号,読点,*,*,*,*,，,，,，
わたし	名詞,代名詞,一般,*,*,*,わたし,ワタシ,ワタシ
たち	名詞,接尾,一般,*,*,*,たち,タチ,タチ
が	助詞,格助詞,一般,*,*,*,が,ガ,ガ
み	接頭詞,名詞接続,*,*,*,*,み,ミ,ミ
使い	名詞,一般,*,*,*,*,使い,ツカイ,ツカイ
を	助詞,格助詞,一般,*,*,*,を,ヲ,ヲ
裁く	動詞,自立,*,*,五段・カ行イ音便,基本形,裁く,サバク,サバク
よう	名詞,非自立,助動詞語幹,*,*,*,よう,ヨウ,ヨー
に	助詞,格助詞,一般,*,*,*,に,ニ,ニ
なる	動詞,自立,*,*,五段・ラ行,基本形,なる,ナル,ナル
こと	名詞,非自立,一般,*,*,*,こと,コト,コト
を	助詞,格助詞,一般,*,*,*,を,ヲ,ヲ
知ら	動詞,自立,*,*,五段・ラ行,未然形,知る,シラ,シラ
ない	助動詞,*,*,*,特殊・ナイ,基本形,ない,ナイ,ナイ
の	名詞,非自立,一般,*,*,*,の,ノ,ノ
です	助動詞,*,*,*,特殊・デス,基本形,です,デス,デス
か	助詞,副助詞／並立助詞／終助詞,*,*,*,*,か,カ,カ
。	記号,句点,*,*,*,*,。,。,。
で	助動詞,*,*,*,特殊・ダ,連用形,だ,デ,デ
は	助詞,係助詞,*,*,*,*,は,ハ,ワ
，	記号,読点,*,*,*,*,，,，,，
どうして	副詞,一般,*,*,*,*,どうして,ドウシテ,ドーシテ
今	名詞,副詞可能,*,*,*,*,今,イマ,イマ
の	助詞,連体化,*,*,*,*,の,ノ,ノ
生活	名詞,サ変接続,*,*,*,*,生活,セイカツ,セイカツ
上	名詞,接尾,副詞可能,*,*,*,上,ジョウ,ジョー
の	助詞,連体化,*,*,*,*,の,ノ,ノ
事柄	名詞,一般,*,*,*,*,事柄,コトガラ,コトガラ
を	助詞,格助詞,一般,*,*,*,を,ヲ,ヲ
[	名詞,サ変接続,*,*,*,*,*
裁	名詞,接尾,一般,*,*,*,裁,サイ,サイ
か	助詞,副助詞／並立助詞／終助詞,*,*,*,*,か,カ,カ
]	名詞,サ変接続,*,*,*,*,*
ない	形容詞,自立,*,*,形容詞・アウオ段,基本形,ない,ナイ,ナイ
こと	名詞,非自立,一般,*,*,*,こと,コト,コト
が	助詞,格助詞,一般,*,*,*,が,ガ,ガ
ある	動詞,自立,*,*,五段・ラ行,基本形,ある,アル,アル
でしょ	助動詞,*,*,*,特殊・デス,未然形,です,デショ,デショ
う	助動詞,*,*,*,不変化型,基本形,う,ウ,ウ
か	助詞,副助詞／並立助詞／終助詞,*,*,*,*,か,カ,カ
。	記号,句点,*,*,*,*,。,。,。
それなのに	接続詞,*,*,*,*,*,それなのに,ソレナノニ,ソレナノニ
，	記号,読点,*,*,*,*,，,，,，
今	名詞,副詞可能,*,*,*,*,今,イマ,イマ
の	助詞,連体化,*,*,*,*,の,ノ,ノ
生活	名詞,サ変接続,*,*,*,*,生活,セイカツ,セイカツ
上	名詞,接尾,副詞可能,*,*,*,上,ジョウ,ジョー
の	助詞,連体化,*,*,*,*,の,ノ,ノ
事柄	名詞,一般,*,*,*,*,事柄,コトガラ,コトガラ
で	助詞,格助詞,一般,*,*,*,で,デ,デ
審理	名詞,サ変接続,*,*,*,*,審理,シンリ,シンリ
す	動詞,自立,*,*,サ変・スル,文語基本形,する,ス,ス
べき	助動詞,*,*,*,文語・ベシ,体言接続,べし,ベキ,ベキ
こと	名詞,非自立,一般,*,*,*,こと,コト,コト
が	助詞,格助詞,一般,*,*,*,が,ガ,ガ
現に	副詞,一般,*,*,*,*,現に,ゲンニ,ゲンニ
ある	動詞,自立,*,*,五段・ラ行,基本形,ある,アル,アル
場合	名詞,副詞可能,*,*,*,*,場合,バアイ,バアイ
，	記号,読点,*,*,*,*,，,，,，
あなた	名詞,代名詞,一般,*,*,*,あなた,アナタ,アナタ
方	名詞,接尾,一般,*,*,*,方,カタ,カタ
は	助詞,係助詞,*,*,*,*,は,ハ,ワ
，	記号,読点,*,*,*,*,，,，,，
会衆	名詞,一般,*,*,*,*,会衆,カイシュウ,カイシュー
の	助詞,連体化,*,*,*,*,の,ノ,ノ
中	名詞,非自立,副詞可能,*,*,*,中,ナカ,ナカ
で	助詞,格助詞,一般,*,*,*,で,デ,デ
見下げ	動詞,自立,*,*,一段,未然形,見下げる,ミサゲ,ミサゲ
られ	動詞,接尾,*,*,一段,連用形,られる,ラレ,ラレ
て	助詞,接続助詞,*,*,*,*,て,テ,テ
いる	動詞,非自立,*,*,一段,基本形,いる,イル,イル
人々	名詞,一般,*,*,*,*,人々,ヒトビト,ヒトビト
を	助詞,格助詞,一般,*,*,*,を,ヲ,ヲ
裁き	名詞,一般,*,*,*,*,裁き,サバキ,サバキ
の	助詞,連体化,*,*,*,*,の,ノ,ノ
座	名詞,一般,*,*,*,*,座,ザ,ザ
に	助詞,格助詞,一般,*,*,*,に,ニ,ニ
着か	動詞,自立,*,*,五段・カ行イ音便,未然形,着く,ツカ,ツカ
せる	動詞,接尾,*,*,一段,基本形,せる,セル,セル
の	名詞,非自立,一般,*,*,*,の,ノ,ノ
です	助動詞,*,*,*,特殊・デス,基本形,です,デス,デス
か	助詞,副助詞／並立助詞／終助詞,*,*,*,*,か,カ,カ
。	記号,句点,*,*,*,*,。,。,。
わたし	名詞,代名詞,一般,*,*,*,わたし,ワタシ,ワタシ
は	助詞,係助詞,*,*,*,*,は,ハ,ワ
，	記号,読点,*,*,*,*,，,，,，
あなた	名詞,代名詞,一般,*,*,*,あなた,アナタ,アナタ
方	名詞,接尾,一般,*,*,*,方,カタ,カタ
を	助詞,格助詞,一般,*,*,*,を,ヲ,ヲ
恥じ	動詞,自立,*,*,一段,未然形,恥じる,ハジ,ハジ
させる	動詞,接尾,*,*,一段,基本形,させる,サセル,サセル
ため	名詞,非自立,副詞可能,*,*,*,ため,タメ,タメ
に	助詞,格助詞,一般,*,*,*,に,ニ,ニ
話し	動詞,自立,*,*,五段・サ行,連用形,話す,ハナシ,ハナシ
て	助詞,接続助詞,*,*,*,*,て,テ,テ
い	動詞,非自立,*,*,一段,連用形,いる,イ,イ
ます	助動詞,*,*,*,特殊・マス,基本形,ます,マス,マス
。	記号,句点,*,*,*,*,。,。,。
あなた	名詞,代名詞,一般,*,*,*,あなた,アナタ,アナタ
方	名詞,接尾,一般,*,*,*,方,カタ,カタ
の	助詞,連体化,*,*,*,*,の,ノ,ノ
中	名詞,非自立,副詞可能,*,*,*,中,ナカ,ナカ
に	助詞,格助詞,一般,*,*,*,に,ニ,ニ
自分	名詞,一般,*,*,*,*,自分,ジブン,ジブン
の	助詞,連体化,*,*,*,*,の,ノ,ノ
兄弟	名詞,一般,*,*,*,*,兄弟,キョウダイ,キョーダイ
たち	名詞,接尾,一般,*,*,*,たち,タチ,タチ
の	助詞,連体化,*,*,*,*,の,ノ,ノ
間	名詞,一般,*,*,*,*,間,マ,マ
を	助詞,格助詞,一般,*,*,*,を,ヲ,ヲ
裁く	動詞,自立,*,*,五段・カ行イ音便,基本形,裁く,サバク,サバク
こと	名詞,非自立,一般,*,*,*,こと,コト,コト
の	助詞,格助詞,一般,*,*,*,の,ノ,ノ
できる	動詞,自立,*,*,一段,基本形,できる,デキル,デキル
賢い	形容詞,自立,*,*,形容詞・アウオ段,基本形,賢い,カシコイ,カシコイ
人	名詞,一般,*,*,*,*,人,ヒト,ヒト
が	助詞,格助詞,一般,*,*,*,が,ガ,ガ
一	名詞,数,*,*,*,*,一,イチ,イチ
人	名詞,接尾,助数詞,*,*,*,人,ニン,ニン
も	助詞,係助詞,*,*,*,*,も,モ,モ
おら	動詞,自立,*,*,五段・ラ行,未然形,おる,オラ,オラ
ず	助動詞,*,*,*,特殊・ヌ,連用ニ接続,ぬ,ズ,ズ
，	記号,読点,*,*,*,*,，,，,，
兄弟	名詞,一般,*,*,*,*,兄弟,キョウダイ,キョーダイ
が	助詞,格助詞,一般,*,*,*,が,ガ,ガ
兄弟	名詞,一般,*,*,*,*,兄弟,キョウダイ,キョーダイ
と共に	助詞,格助詞,連語,*,*,*,と共に,トトモニ,トトモニ
法廷	名詞,一般,*,*,*,*,法廷,ホウテイ,ホーテイ
へ	助詞,格助詞,一般,*,*,*,へ,ヘ,エ
，	記号,読点,*,*,*,*,，,，,，
しかも	接続詞,*,*,*,*,*,しかも,シカモ,シカモ
不	接頭詞,名詞接続,*,*,*,*,不,フ,フ
信者	名詞,一般,*,*,*,*,信者,シンジャ,シンジャ
たち	名詞,接尾,一般,*,*,*,たち,タチ,タチ
の	助詞,連体化,*,*,*,*,の,ノ,ノ
前	名詞,副詞可能,*,*,*,*,前,マエ,マエ
に	助詞,格助詞,一般,*,*,*,に,ニ,ニ
行く	動詞,自立,*,*,五段・カ行促音便,基本形,行く,イク,イク
という	助詞,格助詞,連語,*,*,*,という,トイウ,トユウ
の	名詞,非自立,一般,*,*,*,の,ノ,ノ
は	助詞,係助詞,*,*,*,*,は,ハ,ワ
ほんとう	名詞,一般,*,*,*,*,ほんとう,ホントウ,ホントー
です	助動詞,*,*,*,特殊・デス,基本形,です,デス,デス
か	助詞,副助詞／並立助詞／終助詞,*,*,*,*,か,カ,カ
。	記号,句点,*,*,*,*,。,。,。
で	助動詞,*,*,*,特殊・ダ,連用形,だ,デ,デ
あれ	助動詞,*,*,*,五段・ラ行アル,仮定形,ある,アレ,アレ
ば	助詞,接続助詞,*,*,*,*,ば,バ,バ
，	記号,読点,*,*,*,*,，,，,，
あなた	名詞,代名詞,一般,*,*,*,あなた,アナタ,アナタ
方	名詞,接尾,一般,*,*,*,方,カタ,カタ
が	助詞,格助詞,一般,*,*,*,が,ガ,ガ
互いに	副詞,一般,*,*,*,*,互いに,タガイニ,タガイニ
訴訟	名詞,サ変接続,*,*,*,*,訴訟,ソショウ,ソショー
を	助詞,格助詞,一般,*,*,*,を,ヲ,ヲ
起こし	動詞,自立,*,*,五段・サ行,連用形,起こす,オコシ,オコシ
て	助詞,接続助詞,*,*,*,*,て,テ,テ
いる	動詞,非自立,*,*,一段,基本形,いる,イル,イル
こと	名詞,非自立,一般,*,*,*,こと,コト,コト
は	助詞,係助詞,*,*,*,*,は,ハ,ワ
，	記号,読点,*,*,*,*,，,，,，
実際	副詞,助詞類接続,*,*,*,*,実際,ジッサイ,ジッサイ
の	助詞,連体化,*,*,*,*,の,ノ,ノ
ところ	名詞,非自立,副詞可能,*,*,*,ところ,トコロ,トコロ
，	記号,読点,*,*,*,*,，,，,，
あなた	名詞,代名詞,一般,*,*,*,あなた,アナタ,アナタ
方	名詞,接尾,一般,*,*,*,方,カタ,カタ
にとって	助詞,格助詞,連語,*,*,*,にとって,ニトッテ,ニトッテ
全く	副詞,助詞類接続,*,*,*,*,全く,マッタク,マッタク
の	助詞,連体化,*,*,*,*,の,ノ,ノ
敗北	名詞,サ変接続,*,*,*,*,敗北,ハイボク,ハイボク
を	助詞,格助詞,一般,*,*,*,を,ヲ,ヲ
意味	名詞,サ変接続,*,*,*,*,意味,イミ,イミ
し	動詞,自立,*,*,サ変・スル,連用形,する,シ,シ
て	助詞,接続助詞,*,*,*,*,て,テ,テ
い	動詞,非自立,*,*,一段,連用形,いる,イ,イ
ます	助動詞,*,*,*,特殊・マス,基本形,ます,マス,マス
。	記号,句点,*,*,*,*,。,。,。
なぜ	副詞,助詞類接続,*,*,*,*,なぜ,ナゼ,ナゼ
むしろ	副詞,一般,*,*,*,*,むしろ,ムシロ,ムシロ
害	名詞,一般,*,*,*,*,害,ガイ,ガイ
を	助詞,格助詞,一般,*,*,*,を,ヲ,ヲ
受ける	動詞,自立,*,*,一段,基本形,受ける,ウケル,ウケル
まま	名詞,非自立,副詞可能,*,*,*,まま,ママ,ママ
に	助詞,格助詞,一般,*,*,*,に,ニ,ニ
し	動詞,自立,*,*,サ変・スル,連用形,する,シ,シ
て	助詞,接続助詞,*,*,*,*,て,テ,テ
おか	動詞,非自立,*,*,五段・カ行イ音便,未然形,おく,オカ,オカ
ない	助動詞,*,*,*,特殊・ナイ,基本形,ない,ナイ,ナイ
の	名詞,非自立,一般,*,*,*,の,ノ,ノ
です	助動詞,*,*,*,特殊・デス,基本形,です,デス,デス
か	助詞,副助詞／並立助詞／終助詞,*,*,*,*,か,カ,カ
。	記号,句点,*,*,*,*,。,。,。
なぜ	副詞,助詞類接続,*,*,*,*,なぜ,ナゼ,ナゼ
むしろ	副詞,一般,*,*,*,*,むしろ,ムシロ,ムシロ
だまし取ら	動詞,自立,*,*,五段・ラ行,未然形,だまし取る,ダマシトラ,ダマシトラ
れる	動詞,接尾,*,*,一段,基本形,れる,レル,レル
まま	名詞,非自立,副詞可能,*,*,*,まま,ママ,ママ
に	助詞,格助詞,一般,*,*,*,に,ニ,ニ
し	動詞,自立,*,*,サ変・スル,連用形,する,シ,シ
て	助詞,接続助詞,*,*,*,*,て,テ,テ
おか	動詞,非自立,*,*,五段・カ行イ音便,未然形,おく,オカ,オカ
ない	助動詞,*,*,*,特殊・ナイ,基本形,ない,ナイ,ナイ
の	名詞,非自立,一般,*,*,*,の,ノ,ノ
です	助動詞,*,*,*,特殊・デス,基本形,です,デス,デス
か	助詞,副助詞／並立助詞／終助詞,*,*,*,*,か,カ,カ
。	記号,句点,*,*,*,*,。,。,。
その	連体詞,*,*,*,*,*,その,ソノ,ソノ
逆	名詞,一般,*,*,*,*,逆,ギャク,ギャク
に	助詞,格助詞,一般,*,*,*,に,ニ,ニ
，	記号,読点,*,*,*,*,，,，,，
あなた	名詞,代名詞,一般,*,*,*,あなた,アナタ,アナタ
方	名詞,接尾,一般,*,*,*,方,カタ,カタ
は	助詞,係助詞,*,*,*,*,は,ハ,ワ
害	名詞,一般,*,*,*,*,害,ガイ,ガイ
を	助詞,格助詞,一般,*,*,*,を,ヲ,ヲ
加え	動詞,自立,*,*,一段,連用形,加える,クワエ,クワエ
，	記号,読点,*,*,*,*,，,，,，
だまし取る	動詞,自立,*,*,五段・ラ行,基本形,だまし取る,ダマシトル,ダマシトル
，	記号,読点,*,*,*,*,，,，,，
それ	名詞,代名詞,一般,*,*,*,それ,ソレ,ソレ
も	助詞,係助詞,*,*,*,*,も,モ,モ
自分	名詞,一般,*,*,*,*,自分,ジブン,ジブン
の	助詞,連体化,*,*,*,*,の,ノ,ノ
兄弟	名詞,一般,*,*,*,*,兄弟,キョウダイ,キョーダイ
たち	名詞,接尾,一般,*,*,*,たち,タチ,タチ
に対して	助詞,格助詞,連語,*,*,*,に対して,ニタイシテ,ニタイシテ
です	助動詞,*,*,*,特殊・デス,基本形,です,デス,デス
。	記号,句点,*,*,*,*,。,。,。
あなた	名詞,代名詞,一般,*,*,*,あなた,アナタ,アナタ
方	名詞,接尾,一般,*,*,*,方,カタ,カタ
は	助詞,係助詞,*,*,*,*,は,ハ,ワ
，	記号,読点,*,*,*,*,，,，,，
不義	名詞,一般,*,*,*,*,不義,フギ,フギ
の	助詞,連体化,*,*,*,*,の,ノ,ノ
者	名詞,非自立,一般,*,*,*,者,モノ,モノ
が	助詞,格助詞,一般,*,*,*,が,ガ,ガ
神	名詞,一般,*,*,*,*,神,カミ,カミ
の	助詞,連体化,*,*,*,*,の,ノ,ノ
王国	名詞,一般,*,*,*,*,王国,オウコク,オーコク
を	助詞,格助詞,一般,*,*,*,を,ヲ,ヲ
受け継が	動詞,自立,*,*,五段・ガ行,未然形,受け継ぐ,ウケツガ,ウケツガ
ない	助動詞,*,*,*,特殊・ナイ,基本形,ない,ナイ,ナイ
こと	名詞,非自立,一般,*,*,*,こと,コト,コト
を	助詞,格助詞,一般,*,*,*,を,ヲ,ヲ
知ら	動詞,自立,*,*,五段・ラ行,未然形,知る,シラ,シラ
ない	助動詞,*,*,*,特殊・ナイ,基本形,ない,ナイ,ナイ
と	助詞,接続助詞,*,*,*,*,と,ト,ト
でも	助詞,副助詞,*,*,*,*,でも,デモ,デモ
いう	動詞,自立,*,*,五段・ワ行促音便,基本形,いう,イウ,イウ
の	名詞,非自立,一般,*,*,*,の,ノ,ノ
です	助動詞,*,*,*,特殊・デス,基本形,です,デス,デス
か	助詞,副助詞／並立助詞／終助詞,*,*,*,*,か,カ,カ
。	記号,句点,*,*,*,*,。,。,。
惑わさ	動詞,自立,*,*,五段・サ行,未然形,惑わす,マドワサ,マドワサ
れ	動詞,接尾,*,*,一段,連用形,れる,レ,レ
て	助詞,接続助詞,*,*,*,*,て,テ,テ
は	助詞,係助詞,*,*,*,*,は,ハ,ワ
なり	動詞,非自立,*,*,五段・ラ行,連用形,なる,ナリ,ナリ
ませ	助動詞,*,*,*,特殊・マス,未然形,ます,マセ,マセ
ん	助動詞,*,*,*,不変化型,基本形,ん,ン,ン
。	記号,句点,*,*,*,*,。,。,。
淫行	名詞,一般,*,*,*,*,淫行,インコウ,インコー
の	助詞,連体化,*,*,*,*,の,ノ,ノ
者	名詞,非自立,一般,*,*,*,者,モノ,モノ
，	記号,読点,*,*,*,*,，,，,，
偶像	名詞,一般,*,*,*,*,偶像,グウゾウ,グーゾー
を	助詞,格助詞,一般,*,*,*,を,ヲ,ヲ
礼拝	名詞,サ変接続,*,*,*,*,礼拝,レイハイ,レイハイ
する	動詞,自立,*,*,サ変・スル,基本形,する,スル,スル
者	名詞,非自立,一般,*,*,*,者,モノ,モノ
，	記号,読点,*,*,*,*,，,，,，
姦淫	名詞,サ変接続,*,*,*,*,姦淫,カンイン,カンイン
を	助詞,格助詞,一般,*,*,*,を,ヲ,ヲ
する	動詞,自立,*,*,サ変・スル,基本形,する,スル,スル
者	名詞,非自立,一般,*,*,*,者,モノ,モノ
，	記号,読点,*,*,*,*,，,，,，
不自然	名詞,形容動詞語幹,*,*,*,*,不自然,フシゼン,フシゼン
な	助動詞,*,*,*,特殊・ダ,体言接続,だ,ナ,ナ
目的	名詞,一般,*,*,*,*,目的,モクテキ,モクテキ
の	助詞,連体化,*,*,*,*,の,ノ,ノ
ため	名詞,非自立,副詞可能,*,*,*,ため,タメ,タメ
に	助詞,格助詞,一般,*,*,*,に,ニ,ニ
囲わ	動詞,自立,*,*,五段・ワ行促音便,未然形,囲う,カコワ,カコワ
れ	動詞,接尾,*,*,一段,連用形,れる,レ,レ
た	助動詞,*,*,*,特殊・タ,基本形,た,タ,タ
男	名詞,一般,*,*,*,*,男,オトコ,オトコ
，	記号,読点,*,*,*,*,，,，,，
男	名詞,一般,*,*,*,*,男,オトコ,オトコ
どうし	名詞,接尾,一般,*,*,*,どうし,ドウシ,ドーシ
で	助詞,格助詞,一般,*,*,*,で,デ,デ
寝る	動詞,自立,*,*,一段,基本形,寝る,ネル,ネル
者	名詞,非自立,一般,*,*,*,者,モノ,モノ
，	記号,読点,*,*,*,*,，,，,，
盗む	動詞,自立,*,*,五段・マ行,基本形,盗む,ヌスム,ヌスム
者	名詞,非自立,一般,*,*,*,者,モノ,モノ
，	記号,読点,*,*,*,*,，,，,，
貪欲	名詞,形容動詞語幹,*,*,*,*,貪欲,ドンヨク,ドンヨク
な	助動詞,*,*,*,特殊・ダ,体言接続,だ,ナ,ナ
者	名詞,非自立,一般,*,*,*,者,モノ,モノ
，	記号,読点,*,*,*,*,，,，,，
大	接頭詞,名詞接続,*,*,*,*,大,ダイ,ダイ
酒	名詞,一般,*,*,*,*,酒,サケ,サケ
飲み	動詞,自立,*,*,五段・マ行,連用形,飲む,ノミ,ノミ
，	記号,読点,*,*,*,*,，,，,，
ののしる	動詞,自立,*,*,五段・ラ行,基本形,ののしる,ノノシル,ノノシル
者	名詞,非自立,一般,*,*,*,者,モノ,モノ
，	記号,読点,*,*,*,*,，,，,，
ゆすり	名詞,一般,*,*,*,*,ゆすり,ユスリ,ユスリ
取る	動詞,自立,*,*,五段・ラ行,基本形,取る,トル,トル
者	名詞,非自立,一般,*,*,*,者,モノ,モノ
は	助詞,係助詞,*,*,*,*,は,ハ,ワ
いずれ	名詞,代名詞,一般,*,*,*,いずれ,イズレ,イズレ
も	助詞,係助詞,*,*,*,*,も,モ,モ
神	名詞,一般,*,*,*,*,神,カミ,カミ
の	助詞,連体化,*,*,*,*,の,ノ,ノ
王国	名詞,一般,*,*,*,*,王国,オウコク,オーコク
を	助詞,格助詞,一般,*,*,*,を,ヲ,ヲ
受け継が	動詞,自立,*,*,五段・ガ行,未然形,受け継ぐ,ウケツガ,ウケツガ
ない	助動詞,*,*,*,特殊・ナイ,基本形,ない,ナイ,ナイ
の	名詞,非自立,一般,*,*,*,の,ノ,ノ
です	助動詞,*,*,*,特殊・デス,基本形,です,デス,デス
。	記号,句点,*,*,*,*,。,。,。
と	助詞,格助詞,引用,*,*,*,と,ト,ト
は	助詞,係助詞,*,*,*,*,は,ハ,ワ
いえ	動詞,自立,*,*,五段・ワ行促音便,命令ｅ,いう,イエ,イエ
，	記号,読点,*,*,*,*,，,，,，
あなた	名詞,代名詞,一般,*,*,*,あなた,アナタ,アナタ
方	名詞,接尾,一般,*,*,*,方,カタ,カタ
の	助詞,連体化,*,*,*,*,の,ノ,ノ
中	名詞,非自立,副詞可能,*,*,*,中,ナカ,ナカ
に	助詞,格助詞,一般,*,*,*,に,ニ,ニ
は	助詞,係助詞,*,*,*,*,は,ハ,ワ
その	連体詞,*,*,*,*,*,その,ソノ,ソノ
よう	名詞,非自立,助動詞語幹,*,*,*,よう,ヨウ,ヨー
な	助動詞,*,*,*,特殊・ダ,体言接続,だ,ナ,ナ
人	名詞,一般,*,*,*,*,人,ヒト,ヒト
たち	名詞,接尾,一般,*,*,*,たち,タチ,タチ
も	助詞,係助詞,*,*,*,*,も,モ,モ
い	動詞,自立,*,*,一段,連用形,いる,イ,イ
まし	助動詞,*,*,*,特殊・マス,連用形,ます,マシ,マシ
た	助動詞,*,*,*,特殊・タ,基本形,た,タ,タ
。	記号,句点,*,*,*,*,。,。,。
しかし	接続詞,*,*,*,*,*,しかし,シカシ,シカシ
，	記号,読点,*,*,*,*,，,，,，
あなた	名詞,代名詞,一般,*,*,*,あなた,アナタ,アナタ
方	名詞,接尾,一般,*,*,*,方,カタ,カタ
は	助詞,係助詞,*,*,*,*,は,ハ,ワ
洗わ	動詞,自立,*,*,五段・ワ行促音便,未然形,洗う,アラワ,アラワ
れ	動詞,接尾,*,*,一段,連用形,れる,レ,レ
て	助詞,接続助詞,*,*,*,*,て,テ,テ
清く	形容詞,自立,*,*,形容詞・アウオ段,連用テ接続,清い,キヨク,キヨク
なっ	動詞,自立,*,*,五段・ラ行,連用タ接続,なる,ナッ,ナッ
た	助動詞,*,*,*,特殊・タ,基本形,た,タ,タ
の	名詞,非自立,一般,*,*,*,の,ノ,ノ
です	助動詞,*,*,*,特殊・デス,基本形,です,デス,デス
。	記号,句点,*,*,*,*,。,。,。
神聖	名詞,形容動詞語幹,*,*,*,*,神聖,シンセイ,シンセイ
な	助動詞,*,*,*,特殊・ダ,体言接続,だ,ナ,ナ
者	名詞,非自立,一般,*,*,*,者,モノ,モノ
と	助詞,格助詞,引用,*,*,*,と,ト,ト
さ	動詞,自立,*,*,サ変・スル,未然レル接続,する,サ,サ
れ	動詞,接尾,*,*,一段,連用形,れる,レ,レ
た	助動詞,*,*,*,特殊・タ,基本形,た,タ,タ
の	名詞,非自立,一般,*,*,*,の,ノ,ノ
です	助動詞,*,*,*,特殊・デス,基本形,です,デス,デス
。	記号,句点,*,*,*,*,。,。,。
わたし	名詞,代名詞,一般,*,*,*,わたし,ワタシ,ワタシ
たち	名詞,接尾,一般,*,*,*,たち,タチ,タチ
の	助詞,連体化,*,*,*,*,の,ノ,ノ
主	接頭詞,名詞接続,*,*,*,*,主,シュ,シュ
イエス	名詞,一般,*,*,*,*,イエス,イエス,イエス
･	名詞,サ変接続,*,*,*,*,*
キリスト	名詞,固有名詞,一般,*,*,*,キリスト,キリスト,キリスト
の	助詞,連体化,*,*,*,*,の,ノ,ノ
名	名詞,一般,*,*,*,*,名,ナ,ナ
において	助詞,格助詞,連語,*,*,*,において,ニオイテ,ニオイテ
，	記号,読点,*,*,*,*,，,，,，
また	接続詞,*,*,*,*,*,また,マタ,マタ
わたし	名詞,代名詞,一般,*,*,*,わたし,ワタシ,ワタシ
たち	名詞,接尾,一般,*,*,*,たち,タチ,タチ
の	助詞,連体化,*,*,*,*,の,ノ,ノ
神	名詞,一般,*,*,*,*,神,カミ,カミ
の	助詞,連体化,*,*,*,*,の,ノ,ノ
霊	名詞,一般,*,*,*,*,霊,レイ,レイ
を	助詞,格助詞,一般,*,*,*,を,ヲ,ヲ
もっ	動詞,自立,*,*,五段・タ行,連用タ接続,もつ,モッ,モッ
て	助詞,接続助詞,*,*,*,*,て,テ,テ
，	記号,読点,*,*,*,*,，,，,，
義	名詞,形容動詞語幹,*,*,*,*,義,ギ,ギ
と	助詞,格助詞,引用,*,*,*,と,ト,ト
宣せ	動詞,自立,*,*,サ変・−スル,未然レル接続,宣する,センセ,センセ
られ	動詞,接尾,*,*,一段,連用形,られる,ラレ,ラレ
た	助動詞,*,*,*,特殊・タ,基本形,た,タ,タ
の	名詞,非自立,一般,*,*,*,の,ノ,ノ
です	助動詞,*,*,*,特殊・デス,基本形,です,デス,デス
。	記号,句点,*,*,*,*,。,。,。
わたし	名詞,代名詞,一般,*,*,*,わたし,ワタシ,ワタシ
にとって	助詞,格助詞,連語,*,*,*,にとって,ニトッテ,ニトッテ
，	記号,読点,*,*,*,*,，,，,，
すべて	名詞,副詞可能,*,*,*,*,すべて,スベテ,スベテ
の	助詞,連体化,*,*,*,*,の,ノ,ノ
事	名詞,非自立,一般,*,*,*,事,コト,コト
は	助詞,係助詞,*,*,*,*,は,ハ,ワ
許さ	動詞,自立,*,*,五段・サ行,未然形,許す,ユルサ,ユルサ
れ	動詞,接尾,*,*,一段,連用形,れる,レ,レ
て	助詞,接続助詞,*,*,*,*,て,テ,テ
い	動詞,非自立,*,*,一段,連用形,いる,イ,イ
ます	助動詞,*,*,*,特殊・マス,基本形,ます,マス,マス
。	記号,句点,*,*,*,*,。,。,。
しかし	接続詞,*,*,*,*,*,しかし,シカシ,シカシ
，	記号,読点,*,*,*,*,，,，,，
すべて	名詞,副詞可能,*,*,*,*,すべて,スベテ,スベテ
の	助詞,連体化,*,*,*,*,の,ノ,ノ
事	名詞,非自立,一般,*,*,*,事,コト,コト
が	助詞,格助詞,一般,*,*,*,が,ガ,ガ
益	名詞,サ変接続,*,*,*,*,益,エキ,エキ
に	助詞,格助詞,一般,*,*,*,に,ニ,ニ
なる	動詞,自立,*,*,五段・ラ行,基本形,なる,ナル,ナル
の	名詞,非自立,一般,*,*,*,の,ノ,ノ
で	助動詞,*,*,*,特殊・ダ,連用形,だ,デ,デ
は	助詞,係助詞,*,*,*,*,は,ハ,ワ
あり	動詞,自立,*,*,五段・ラ行,連用形,ある,アリ,アリ
ませ	助動詞,*,*,*,特殊・マス,未然形,ます,マセ,マセ
ん	助動詞,*,*,*,不変化型,基本形,ん,ン,ン
。	記号,句点,*,*,*,*,。,。,。
わたし	名詞,代名詞,一般,*,*,*,わたし,ワタシ,ワタシ
にとって	助詞,格助詞,連語,*,*,*,にとって,ニトッテ,ニトッテ
，	記号,読点,*,*,*,*,，,，,，
すべて	名詞,副詞可能,*,*,*,*,すべて,スベテ,スベテ
の	助詞,連体化,*,*,*,*,の,ノ,ノ
事	名詞,非自立,一般,*,*,*,事,コト,コト
は	助詞,係助詞,*,*,*,*,は,ハ,ワ
許さ	動詞,自立,*,*,五段・サ行,未然形,許す,ユルサ,ユルサ
れ	動詞,接尾,*,*,一段,連用形,れる,レ,レ
て	助詞,接続助詞,*,*,*,*,て,テ,テ
い	動詞,非自立,*,*,一段,連用形,いる,イ,イ
ます	助動詞,*,*,*,特殊・マス,基本形,ます,マス,マス
。	記号,句点,*,*,*,*,。,。,。
しかし	接続詞,*,*,*,*,*,しかし,シカシ,シカシ
わたし	名詞,代名詞,一般,*,*,*,わたし,ワタシ,ワタシ
は	助詞,係助詞,*,*,*,*,は,ハ,ワ
，	記号,読点,*,*,*,*,，,，,，
いかなる	連体詞,*,*,*,*,*,いかなる,イカナル,イカナル
もの	名詞,非自立,一般,*,*,*,もの,モノ,モノ
に	助詞,格助詞,一般,*,*,*,に,ニ,ニ
も	助詞,係助詞,*,*,*,*,も,モ,モ
その	連体詞,*,*,*,*,*,その,ソノ,ソノ
権威	名詞,一般,*,*,*,*,権威,ケンイ,ケンイ
の	助詞,連体化,*,*,*,*,の,ノ,ノ
もと	名詞,非自立,一般,*,*,*,もと,モト,モト
に	助詞,格助詞,一般,*,*,*,に,ニ,ニ
置か	動詞,自立,*,*,五段・カ行イ音便,未然形,置く,オカ,オカ
れ	動詞,接尾,*,*,一段,連用形,れる,レ,レ
たり	助詞,並立助詞,*,*,*,*,たり,タリ,タリ
は	助詞,係助詞,*,*,*,*,は,ハ,ワ
し	動詞,自立,*,*,サ変・スル,連用形,する,シ,シ
ませ	助動詞,*,*,*,特殊・マス,未然形,ます,マセ,マセ
ん	助動詞,*,*,*,不変化型,基本形,ん,ン,ン
。	記号,句点,*,*,*,*,。,。,。
食物	名詞,一般,*,*,*,*,食物,ショクモツ,ショクモツ
は	助詞,係助詞,*,*,*,*,は,ハ,ワ
腹	名詞,一般,*,*,*,*,腹,ハラ,ハラ
の	助詞,連体化,*,*,*,*,の,ノ,ノ
ため	名詞,非自立,副詞可能,*,*,*,ため,タメ,タメ
，	記号,読点,*,*,*,*,，,，,，
腹	名詞,一般,*,*,*,*,腹,ハラ,ハラ
は	助詞,係助詞,*,*,*,*,は,ハ,ワ
食物	名詞,一般,*,*,*,*,食物,ショクモツ,ショクモツ
の	助詞,連体化,*,*,*,*,の,ノ,ノ
ため	名詞,非自立,副詞可能,*,*,*,ため,タメ,タメ
です	助動詞,*,*,*,特殊・デス,基本形,です,デス,デス
。	記号,句点,*,*,*,*,。,。,。
しかし	接続詞,*,*,*,*,*,しかし,シカシ,シカシ
神	名詞,一般,*,*,*,*,神,カミ,カミ
は	助詞,係助詞,*,*,*,*,は,ハ,ワ
それら	名詞,代名詞,一般,*,*,*,それら,ソレラ,ソレラ
を	助詞,格助詞,一般,*,*,*,を,ヲ,ヲ
共に	副詞,一般,*,*,*,*,共に,トモニ,トモニ
無	名詞,一般,*,*,*,*,無,ム,ム
に	助詞,格助詞,一般,*,*,*,に,ニ,ニ
至ら	動詞,自立,*,*,五段・ラ行,未然形,至る,イタラ,イタラ
せ	動詞,接尾,*,*,一段,未然形,せる,セ,セ
られ	動詞,接尾,*,*,一段,連用形,られる,ラレ,ラレ
ます	助動詞,*,*,*,特殊・マス,基本形,ます,マス,マス
。	記号,句点,*,*,*,*,。,。,。
そこで	接続詞,*,*,*,*,*,そこで,ソコデ,ソコデ
，	記号,読点,*,*,*,*,，,，,，
体	名詞,一般,*,*,*,*,体,カラダ,カラダ
は	助詞,係助詞,*,*,*,*,は,ハ,ワ
淫行	名詞,一般,*,*,*,*,淫行,インコウ,インコー
の	助詞,連体化,*,*,*,*,の,ノ,ノ
ため	名詞,非自立,副詞可能,*,*,*,ため,タメ,タメ
で	助詞,格助詞,一般,*,*,*,で,デ,デ
は	助詞,係助詞,*,*,*,*,は,ハ,ワ
なく	助動詞,*,*,*,特殊・ナイ,連用テ接続,ない,ナク,ナク
，	記号,読点,*,*,*,*,，,，,，
主	名詞,一般,*,*,*,*,主,アルジ,アルジ
の	助詞,連体化,*,*,*,*,の,ノ,ノ
ため	名詞,非自立,副詞可能,*,*,*,ため,タメ,タメ
に	助詞,格助詞,一般,*,*,*,に,ニ,ニ
ある	動詞,自立,*,*,五段・ラ行,基本形,ある,アル,アル
の	名詞,非自立,一般,*,*,*,の,ノ,ノ
です	助動詞,*,*,*,特殊・デス,基本形,です,デス,デス
。	記号,句点,*,*,*,*,。,。,。
そして	接続詞,*,*,*,*,*,そして,ソシテ,ソシテ
主	名詞,形容動詞語幹,*,*,*,*,主,オモ,オモ
は	助詞,係助詞,*,*,*,*,は,ハ,ワ
体	名詞,一般,*,*,*,*,体,カラダ,カラダ
の	助詞,連体化,*,*,*,*,の,ノ,ノ
ため	名詞,非自立,副詞可能,*,*,*,ため,タメ,タメ
に	助詞,格助詞,一般,*,*,*,に,ニ,ニ
あり	動詞,自立,*,*,五段・ラ行,連用形,ある,アリ,アリ
ます	助動詞,*,*,*,特殊・マス,基本形,ます,マス,マス
。	記号,句点,*,*,*,*,。,。,。
しかし	接続詞,*,*,*,*,*,しかし,シカシ,シカシ
，	記号,読点,*,*,*,*,，,，,，
神	名詞,一般,*,*,*,*,神,カミ,カミ
は	助詞,係助詞,*,*,*,*,は,ハ,ワ
ご	接頭詞,名詞接続,*,*,*,*,ご,ゴ,ゴ
自分	名詞,一般,*,*,*,*,自分,ジブン,ジブン
の	助詞,連体化,*,*,*,*,の,ノ,ノ
力	名詞,一般,*,*,*,*,力,チカラ,チカラ
によって	助詞,格助詞,連語,*,*,*,によって,ニヨッテ,ニヨッテ
主	名詞,形容動詞語幹,*,*,*,*,主,オモ,オモ
を	助詞,格助詞,一般,*,*,*,を,ヲ,ヲ
[	名詞,サ変接続,*,*,*,*,*
死	名詞,接尾,サ変接続,*,*,*,死,シ,シ
]	名詞,サ変接続,*,*,*,*,*
から	助詞,格助詞,一般,*,*,*,から,カラ,カラ
よみがえら	動詞,自立,*,*,五段・ラ行,未然形,よみがえる,ヨミガエラ,ヨミガエラ
せ	動詞,接尾,*,*,一段,連用形,せる,セ,セ
まし	助動詞,*,*,*,特殊・マス,連用形,ます,マシ,マシ
た	助動詞,*,*,*,特殊・タ,基本形,た,タ,タ
し	助詞,接続助詞,*,*,*,*,し,シ,シ
，	記号,読点,*,*,*,*,，,，,，
わたし	名詞,代名詞,一般,*,*,*,わたし,ワタシ,ワタシ
たち	名詞,接尾,一般,*,*,*,たち,タチ,タチ
を	助詞,格助詞,一般,*,*,*,を,ヲ,ヲ
も	助詞,係助詞,*,*,*,*,も,モ,モ
よみがえら	動詞,自立,*,*,五段・ラ行,未然形,よみがえる,ヨミガエラ,ヨミガエラ
せ	動詞,接尾,*,*,一段,連用形,せる,セ,セ
て	助詞,接続助詞,*,*,*,*,て,テ,テ
くださる	動詞,非自立,*,*,五段・ラ行特殊,基本形,くださる,クダサル,クダサル
の	名詞,非自立,一般,*,*,*,の,ノ,ノ
です	助動詞,*,*,*,特殊・デス,基本形,です,デス,デス
。	記号,句点,*,*,*,*,。,。,。
あなた	名詞,代名詞,一般,*,*,*,あなた,アナタ,アナタ
方	名詞,接尾,一般,*,*,*,方,カタ,カタ
は	助詞,係助詞,*,*,*,*,は,ハ,ワ
，	記号,読点,*,*,*,*,，,，,，
自分	名詞,一般,*,*,*,*,自分,ジブン,ジブン
の	助詞,連体化,*,*,*,*,の,ノ,ノ
体	名詞,一般,*,*,*,*,体,カラダ,カラダ
が	助詞,格助詞,一般,*,*,*,が,ガ,ガ
キリスト	名詞,固有名詞,一般,*,*,*,キリスト,キリスト,キリスト
の	助詞,連体化,*,*,*,*,の,ノ,ノ
肢体	名詞,一般,*,*,*,*,肢体,シタイ,シタイ
で	助動詞,*,*,*,特殊・ダ,連用形,だ,デ,デ
ある	助動詞,*,*,*,五段・ラ行アル,基本形,ある,アル,アル
こと	名詞,非自立,一般,*,*,*,こと,コト,コト
を	助詞,格助詞,一般,*,*,*,を,ヲ,ヲ
知ら	動詞,自立,*,*,五段・ラ行,未然形,知る,シラ,シラ
ない	助動詞,*,*,*,特殊・ナイ,基本形,ない,ナイ,ナイ
の	名詞,非自立,一般,*,*,*,の,ノ,ノ
です	助動詞,*,*,*,特殊・デス,基本形,です,デス,デス
か	助詞,副助詞／並立助詞／終助詞,*,*,*,*,か,カ,カ
。	記号,句点,*,*,*,*,。,。,。
で	助動詞,*,*,*,特殊・ダ,連用形,だ,デ,デ
は	助詞,係助詞,*,*,*,*,は,ハ,ワ
，	記号,読点,*,*,*,*,，,，,，
わたし	名詞,代名詞,一般,*,*,*,わたし,ワタシ,ワタシ
は	助詞,係助詞,*,*,*,*,は,ハ,ワ
キリスト	名詞,固有名詞,一般,*,*,*,キリスト,キリスト,キリスト
の	助詞,連体化,*,*,*,*,の,ノ,ノ
肢体	名詞,一般,*,*,*,*,肢体,シタイ,シタイ
を	助詞,格助詞,一般,*,*,*,を,ヲ,ヲ
取り去っ	動詞,自立,*,*,五段・ラ行,連用タ接続,取り去る,トリサッ,トリサッ
て	助詞,接続助詞,*,*,*,*,て,テ,テ
，	記号,読点,*,*,*,*,，,，,，
それ	名詞,代名詞,一般,*,*,*,それ,ソレ,ソレ
を	助詞,格助詞,一般,*,*,*,を,ヲ,ヲ
娼婦	名詞,一般,*,*,*,*,娼婦,ショウフ,ショーフ
の	助詞,連体化,*,*,*,*,の,ノ,ノ
肢体	名詞,一般,*,*,*,*,肢体,シタイ,シタイ
と	助詞,格助詞,一般,*,*,*,と,ト,ト
する	動詞,自立,*,*,サ変・スル,基本形,する,スル,スル
の	名詞,非自立,一般,*,*,*,の,ノ,ノ
です	助動詞,*,*,*,特殊・デス,基本形,です,デス,デス
か	助詞,副助詞／並立助詞／終助詞,*,*,*,*,か,カ,カ
。	記号,句点,*,*,*,*,。,。,。
断じて	副詞,一般,*,*,*,*,断じて,ダンジテ,ダンジテ
その	連体詞,*,*,*,*,*,その,ソノ,ソノ
よう	名詞,非自立,助動詞語幹,*,*,*,よう,ヨウ,ヨー
な	助動詞,*,*,*,特殊・ダ,体言接続,だ,ナ,ナ
こと	名詞,非自立,一般,*,*,*,こと,コト,コト
は	助詞,係助詞,*,*,*,*,は,ハ,ワ
ない	助動詞,*,*,*,特殊・ナイ,基本形,ない,ナイ,ナイ
よう	名詞,非自立,助動詞語幹,*,*,*,よう,ヨウ,ヨー
に	助詞,副詞化,*,*,*,*,に,ニ,ニ
！	記号,一般,*,*,*,*,！,！,！
あなた	名詞,代名詞,一般,*,*,*,あなた,アナタ,アナタ
方	名詞,接尾,一般,*,*,*,方,カタ,カタ
は	助詞,係助詞,*,*,*,*,は,ハ,ワ
，	記号,読点,*,*,*,*,，,，,，
娼婦	名詞,一般,*,*,*,*,娼婦,ショウフ,ショーフ
と	助詞,格助詞,一般,*,*,*,と,ト,ト
一緒	名詞,サ変接続,*,*,*,*,一緒,イッショ,イッショ
に	助詞,格助詞,一般,*,*,*,に,ニ,ニ
なる	動詞,自立,*,*,五段・ラ行,基本形,なる,ナル,ナル
者	名詞,非自立,一般,*,*,*,者,モノ,モノ
が	助詞,格助詞,一般,*,*,*,が,ガ,ガ
一体	名詞,一般,*,*,*,*,一体,イッタイ,イッタイ
と	助詞,格助詞,一般,*,*,*,と,ト,ト
なる	動詞,自立,*,*,五段・ラ行,基本形,なる,ナル,ナル
こと	名詞,非自立,一般,*,*,*,こと,コト,コト
を	助詞,格助詞,一般,*,*,*,を,ヲ,ヲ
知ら	動詞,自立,*,*,五段・ラ行,未然形,知る,シラ,シラ
ない	助動詞,*,*,*,特殊・ナイ,基本形,ない,ナイ,ナイ
と	助詞,接続助詞,*,*,*,*,と,ト,ト
でも	助詞,副助詞,*,*,*,*,でも,デモ,デモ
いう	動詞,自立,*,*,五段・ワ行促音便,基本形,いう,イウ,イウ
の	名詞,非自立,一般,*,*,*,の,ノ,ノ
です	助動詞,*,*,*,特殊・デス,基本形,です,デス,デス
か	助詞,副助詞／並立助詞／終助詞,*,*,*,*,か,カ,カ
。	記号,句点,*,*,*,*,。,。,。
「	記号,括弧開,*,*,*,*,「,「,「
二	名詞,数,*,*,*,*,二,ニ,ニ
人	名詞,接尾,助数詞,*,*,*,人,ニン,ニン
は	助詞,係助詞,*,*,*,*,は,ハ,ワ
一体	名詞,一般,*,*,*,*,一体,イッタイ,イッタイ
と	助詞,格助詞,一般,*,*,*,と,ト,ト
なる	動詞,自立,*,*,五段・ラ行,基本形,なる,ナル,ナル
」	記号,括弧閉,*,*,*,*,」,」,」
と	助詞,格助詞,引用,*,*,*,と,ト,ト
言っ	動詞,自立,*,*,五段・ワ行促音便,連用タ接続,言う,イッ,イッ
て	助詞,接続助詞,*,*,*,*,て,テ,テ
おら	動詞,自立,*,*,五段・ラ行,未然形,おる,オラ,オラ
れる	動詞,接尾,*,*,一段,基本形,れる,レル,レル
の	名詞,非自立,一般,*,*,*,の,ノ,ノ
です	助動詞,*,*,*,特殊・デス,基本形,です,デス,デス
。	記号,句点,*,*,*,*,。,。,。
しかし	接続詞,*,*,*,*,*,しかし,シカシ,シカシ
，	記号,読点,*,*,*,*,，,，,，
主	名詞,形容動詞語幹,*,*,*,*,主,オモ,オモ
と	助詞,格助詞,引用,*,*,*,と,ト,ト
一緒	名詞,サ変接続,*,*,*,*,一緒,イッショ,イッショ
に	助詞,格助詞,一般,*,*,*,に,ニ,ニ
なる	動詞,自立,*,*,五段・ラ行,基本形,なる,ナル,ナル
人	名詞,一般,*,*,*,*,人,ヒト,ヒト
は	助詞,係助詞,*,*,*,*,は,ハ,ワ
一つ	名詞,一般,*,*,*,*,一つ,ヒトツ,ヒトツ
の	助詞,連体化,*,*,*,*,の,ノ,ノ
霊	名詞,一般,*,*,*,*,霊,レイ,レイ
と	助詞,格助詞,一般,*,*,*,と,ト,ト
なる	動詞,自立,*,*,五段・ラ行,基本形,なる,ナル,ナル
の	名詞,非自立,一般,*,*,*,の,ノ,ノ
です	助動詞,*,*,*,特殊・デス,基本形,です,デス,デス
。	記号,句点,*,*,*,*,。,。,。
淫行	名詞,一般,*,*,*,*,淫行,インコウ,インコー
から	助詞,格助詞,一般,*,*,*,から,カラ,カラ
逃げ	動詞,自立,*,*,一段,連用形,逃げる,ニゲ,ニゲ
去り	動詞,自立,*,*,五段・ラ行,連用形,去る,サリ,サリ
なさい	動詞,非自立,*,*,五段・ラ行特殊,命令ｉ,なさる,ナサイ,ナサイ
。	記号,句点,*,*,*,*,。,。,。
人	名詞,一般,*,*,*,*,人,ヒト,ヒト
が	助詞,格助詞,一般,*,*,*,が,ガ,ガ
犯す	動詞,自立,*,*,五段・サ行,基本形,犯す,オカス,オカス
ほか	名詞,副詞可能,*,*,*,*,ほか,ホカ,ホカ
の	助詞,連体化,*,*,*,*,の,ノ,ノ
罪	名詞,一般,*,*,*,*,罪,ツミ,ツミ
は	助詞,係助詞,*,*,*,*,は,ハ,ワ
すべて	名詞,副詞可能,*,*,*,*,すべて,スベテ,スベテ
その	連体詞,*,*,*,*,*,その,ソノ,ソノ
体	名詞,一般,*,*,*,*,体,カラダ,カラダ
の	助詞,連体化,*,*,*,*,の,ノ,ノ
外	名詞,一般,*,*,*,*,外,ソト,ソト
に	助詞,格助詞,一般,*,*,*,に,ニ,ニ
あり	動詞,自立,*,*,五段・ラ行,連用形,ある,アリ,アリ
ます	助動詞,*,*,*,特殊・マス,基本形,ます,マス,マス
が	助詞,接続助詞,*,*,*,*,が,ガ,ガ
，	記号,読点,*,*,*,*,，,，,，
淫行	名詞,一般,*,*,*,*,淫行,インコウ,インコー
を	助詞,格助詞,一般,*,*,*,を,ヲ,ヲ
習わし	動詞,自立,*,*,五段・サ行,連用形,習わす,ナラワシ,ナラワシ
に	助詞,格助詞,一般,*,*,*,に,ニ,ニ
する	動詞,自立,*,*,サ変・スル,基本形,する,スル,スル
人	名詞,一般,*,*,*,*,人,ヒト,ヒト
は	助詞,係助詞,*,*,*,*,は,ハ,ワ
自分	名詞,一般,*,*,*,*,自分,ジブン,ジブン
の	助詞,連体化,*,*,*,*,の,ノ,ノ
体	名詞,一般,*,*,*,*,体,カラダ,カラダ
に対して	助詞,格助詞,連語,*,*,*,に対して,ニタイシテ,ニタイシテ
罪	名詞,一般,*,*,*,*,罪,ツミ,ツミ
を	助詞,格助詞,一般,*,*,*,を,ヲ,ヲ
おかし	動詞,自立,*,*,五段・サ行,連用形,おかす,オカシ,オカシ
て	助詞,接続助詞,*,*,*,*,て,テ,テ
いる	動詞,非自立,*,*,一段,基本形,いる,イル,イル
の	名詞,非自立,一般,*,*,*,の,ノ,ノ
です	助動詞,*,*,*,特殊・デス,基本形,です,デス,デス
。	記号,句点,*,*,*,*,。,。,。
あなた	名詞,代名詞,一般,*,*,*,あなた,アナタ,アナタ
方	名詞,接尾,一般,*,*,*,方,カタ,カタ
の	助詞,連体化,*,*,*,*,の,ノ,ノ
体	名詞,一般,*,*,*,*,体,カラダ,カラダ
が	助詞,格助詞,一般,*,*,*,が,ガ,ガ
，	記号,読点,*,*,*,*,，,，,，
あなた	名詞,代名詞,一般,*,*,*,あなた,アナタ,アナタ
方	名詞,接尾,一般,*,*,*,方,カタ,カタ
の	助詞,連体化,*,*,*,*,の,ノ,ノ
内	名詞,非自立,副詞可能,*,*,*,内,ウチ,ウチ
に	助詞,格助詞,一般,*,*,*,に,ニ,ニ
ある	動詞,自立,*,*,五段・ラ行,基本形,ある,アル,アル
聖霊	名詞,一般,*,*,*,*,聖霊,セイレイ,セイレイ
の	助詞,連体化,*,*,*,*,の,ノ,ノ
神殿	名詞,一般,*,*,*,*,神殿,シンデン,シンデン
で	助動詞,*,*,*,特殊・ダ,連用形,だ,デ,デ
ある	助動詞,*,*,*,五段・ラ行アル,基本形,ある,アル,アル
こと	名詞,非自立,一般,*,*,*,こと,コト,コト
を	助詞,格助詞,一般,*,*,*,を,ヲ,ヲ
知ら	動詞,自立,*,*,五段・ラ行,未然形,知る,シラ,シラ
ない	助動詞,*,*,*,特殊・ナイ,基本形,ない,ナイ,ナイ
と	助詞,接続助詞,*,*,*,*,と,ト,ト
でも	助詞,副助詞,*,*,*,*,でも,デモ,デモ
いう	動詞,自立,*,*,五段・ワ行促音便,基本形,いう,イウ,イウ
の	名詞,非自立,一般,*,*,*,の,ノ,ノ
です	助動詞,*,*,*,特殊・デス,基本形,です,デス,デス
か	助詞,副助詞／並立助詞／終助詞,*,*,*,*,か,カ,カ
。	記号,句点,*,*,*,*,。,。,。
その	連体詞,*,*,*,*,*,その,ソノ,ソノ
[	名詞,サ変接続,*,*,*,*,*
聖霊	名詞,一般,*,*,*,*,聖霊,セイレイ,セイレイ
]	名詞,サ変接続,*,*,*,*,*
は	助詞,係助詞,*,*,*,*,は,ハ,ワ
あなた	名詞,代名詞,一般,*,*,*,あなた,アナタ,アナタ
方	名詞,接尾,一般,*,*,*,方,カタ,カタ
が	助詞,格助詞,一般,*,*,*,が,ガ,ガ
神	名詞,一般,*,*,*,*,神,カミ,カミ
から	助詞,格助詞,一般,*,*,*,から,カラ,カラ
受け	動詞,自立,*,*,一段,連用形,受ける,ウケ,ウケ
て	助詞,接続助詞,*,*,*,*,て,テ,テ
いる	動詞,非自立,*,*,一段,基本形,いる,イル,イル
もの	名詞,非自立,一般,*,*,*,もの,モノ,モノ
です	助動詞,*,*,*,特殊・デス,基本形,です,デス,デス
。	記号,句点,*,*,*,*,。,。,。
また	接続詞,*,*,*,*,*,また,マタ,マタ
，	記号,読点,*,*,*,*,，,，,，
あなた	名詞,代名詞,一般,*,*,*,あなた,アナタ,アナタ
方	名詞,接尾,一般,*,*,*,方,カタ,カタ
は	助詞,係助詞,*,*,*,*,は,ハ,ワ
自分	名詞,一般,*,*,*,*,自分,ジブン,ジブン
自身	名詞,一般,*,*,*,*,自身,ジシン,ジシン
の	助詞,連体化,*,*,*,*,の,ノ,ノ
もの	名詞,非自立,一般,*,*,*,もの,モノ,モノ
で	助動詞,*,*,*,特殊・ダ,連用形,だ,デ,デ
は	助詞,係助詞,*,*,*,*,は,ハ,ワ
あり	動詞,自立,*,*,五段・ラ行,連用形,ある,アリ,アリ
ませ	助動詞,*,*,*,特殊・マス,未然形,ます,マセ,マセ
ん	助動詞,*,*,*,不変化型,基本形,ん,ン,ン
。	記号,句点,*,*,*,*,。,。,。
あなた	名詞,代名詞,一般,*,*,*,あなた,アナタ,アナタ
方	名詞,接尾,一般,*,*,*,方,カタ,カタ
は	助詞,係助詞,*,*,*,*,は,ハ,ワ
代価	名詞,一般,*,*,*,*,代価,ダイカ,ダイカ
を	助詞,格助詞,一般,*,*,*,を,ヲ,ヲ
もっ	動詞,自立,*,*,五段・タ行,連用タ接続,もつ,モッ,モッ
て	助詞,接続助詞,*,*,*,*,て,テ,テ
買わ	動詞,自立,*,*,五段・ワ行促音便,未然形,買う,カワ,カワ
れ	動詞,接尾,*,*,一段,連用形,れる,レ,レ
た	助動詞,*,*,*,特殊・タ,基本形,た,タ,タ
から	助詞,接続助詞,*,*,*,*,から,カラ,カラ
です	助動詞,*,*,*,特殊・デス,基本形,です,デス,デス
。	記号,句点,*,*,*,*,。,。,。
どう	副詞,助詞類接続,*,*,*,*,どう,ドウ,ドー
あっ	動詞,自立,*,*,五段・ラ行,連用タ接続,ある,アッ,アッ
て	助詞,接続助詞,*,*,*,*,て,テ,テ
も	助詞,係助詞,*,*,*,*,も,モ,モ
，	記号,読点,*,*,*,*,，,，,，
あなた	名詞,代名詞,一般,*,*,*,あなた,アナタ,アナタ
方	名詞,接尾,一般,*,*,*,方,カタ,カタ
の	助詞,連体化,*,*,*,*,の,ノ,ノ
体	名詞,一般,*,*,*,*,体,カラダ,カラダ
によって	助詞,格助詞,連語,*,*,*,によって,ニヨッテ,ニヨッテ
神	名詞,一般,*,*,*,*,神,カミ,カミ
の	助詞,連体化,*,*,*,*,の,ノ,ノ
栄光	名詞,一般,*,*,*,*,栄光,エイコウ,エイコー
を	助詞,格助詞,一般,*,*,*,を,ヲ,ヲ
表わし	動詞,自立,*,*,五段・サ行,連用形,表わす,アラワシ,アラワシ
なさい	動詞,非自立,*,*,五段・ラ行特殊,命令ｉ,なさる,ナサイ,ナサイ
。	記号,句点,*,*,*,*,。,。,。
EOS
