イエス	名詞,一般,*,*,*,*,イエス,イエス,イエス
･	名詞,サ変接続,*,*,*,*,*
キリスト	名詞,固有名詞,一般,*,*,*,キリスト,キリスト,キリスト
の	助詞,連体化,*,*,*,*,の,ノ,ノ
使徒	名詞,一般,*,*,*,*,使徒,シト,シト
ペ	名詞,一般,*,*,*,*,ペ,ペ,ペ
テロ	名詞,一般,*,*,*,*,テロ,テロ,テロ
から	助詞,格助詞,一般,*,*,*,から,カラ,カラ
，	記号,読点,*,*,*,*,，,，,，
ポントス	名詞,一般,*,*,*,*,*
，	記号,読点,*,*,*,*,，,，,，
ガラテア	名詞,一般,*,*,*,*,*
，	記号,読点,*,*,*,*,，,，,，
カパドキア	名詞,一般,*,*,*,*,*
，	記号,読点,*,*,*,*,，,，,，
アジア	名詞,固有名詞,地域,一般,*,*,アジア,アジア,アジア
，	記号,読点,*,*,*,*,，,，,，
ビチニア	名詞,一般,*,*,*,*,*
の	助詞,連体化,*,*,*,*,の,ノ,ノ
各地	名詞,一般,*,*,*,*,各地,カクチ,カクチ
に	助詞,格助詞,一般,*,*,*,に,ニ,ニ
散っ	動詞,自立,*,*,五段・ラ行,連用タ接続,散る,チッ,チッ
て	助詞,接続助詞,*,*,*,*,て,テ,テ
いる	動詞,非自立,*,*,一段,基本形,いる,イル,イル
一時	名詞,副詞可能,*,*,*,*,一時,イチジ,イチジ
的	名詞,接尾,形容動詞語幹,*,*,*,的,テキ,テキ
居留	名詞,サ変接続,*,*,*,*,居留,キョリュウ,キョリュー
者	名詞,接尾,一般,*,*,*,者,シャ,シャ
たち	名詞,接尾,一般,*,*,*,たち,タチ,タチ
，	記号,読点,*,*,*,*,，,，,，
父	名詞,一般,*,*,*,*,父,チチ,チチ
なる	助動詞,*,*,*,文語・ナリ,体言接続,なり,ナル,ナル
神	名詞,一般,*,*,*,*,神,カミ,カミ
の	助詞,連体化,*,*,*,*,の,ノ,ノ
予知	名詞,サ変接続,*,*,*,*,予知,ヨチ,ヨチ
に	助詞,格助詞,一般,*,*,*,に,ニ,ニ
したがい	動詞,自立,*,*,五段・ワ行促音便,連用形,したがう,シタガイ,シタガイ
，	記号,読点,*,*,*,*,，,，,，
霊	名詞,一般,*,*,*,*,霊,レイ,レイ
による	助詞,格助詞,連語,*,*,*,による,ニヨル,ニヨル
聖	名詞,固有名詞,人名,名,*,*,聖,キヨシ,キヨシ
化	名詞,接尾,サ変接続,*,*,*,化,カ,カ
を	助詞,格助詞,一般,*,*,*,を,ヲ,ヲ
もっ	動詞,自立,*,*,五段・タ行,連用タ接続,もつ,モッ,モッ
て	助詞,接続助詞,*,*,*,*,て,テ,テ
，	記号,読点,*,*,*,*,，,，,，
[	名詞,サ変接続,*,*,*,*,*
また	接続詞,*,*,*,*,*,また,マタ,マタ
]	名詞,サ変接続,*,*,*,*,*
従順	名詞,形容動詞語幹,*,*,*,*,従順,ジュウジュン,ジュージュン
な	助動詞,*,*,*,特殊・ダ,体言接続,だ,ナ,ナ
者	名詞,非自立,一般,*,*,*,者,モノ,モノ
と	助詞,格助詞,一般,*,*,*,と,ト,ト
なっ	動詞,自立,*,*,五段・ラ行,連用タ接続,なる,ナッ,ナッ
て	助詞,接続助詞,*,*,*,*,て,テ,テ
イエス	名詞,一般,*,*,*,*,イエス,イエス,イエス
･	名詞,サ変接続,*,*,*,*,*
キリスト	名詞,固有名詞,一般,*,*,*,キリスト,キリスト,キリスト
の	助詞,連体化,*,*,*,*,の,ノ,ノ
血	名詞,一般,*,*,*,*,血,チ,チ
を	助詞,格助詞,一般,*,*,*,を,ヲ,ヲ
振り掛け	動詞,自立,*,*,一段,未然形,振り掛ける,フリカケ,フリカケ
られる	動詞,接尾,*,*,一段,基本形,られる,ラレル,ラレル
目的	名詞,一般,*,*,*,*,目的,モクテキ,モクテキ
で	助詞,格助詞,一般,*,*,*,で,デ,デ
選ば	動詞,自立,*,*,五段・バ行,未然形,選ぶ,エラバ,エラバ
れ	動詞,接尾,*,*,一段,連用形,れる,レ,レ
た	助動詞,*,*,*,特殊・タ,基本形,た,タ,タ
者	名詞,一般,*,*,*,*,者,モノ,モノ
たち	名詞,接尾,一般,*,*,*,たち,タチ,タチ
へ	助詞,格助詞,一般,*,*,*,へ,ヘ,エ
:	名詞,サ変接続,*,*,*,*,*
わたし	名詞,代名詞,一般,*,*,*,わたし,ワタシ,ワタシ
たち	名詞,接尾,一般,*,*,*,たち,タチ,タチ
の	助詞,連体化,*,*,*,*,の,ノ,ノ
主	接頭詞,名詞接続,*,*,*,*,主,シュ,シュ
イエス	名詞,一般,*,*,*,*,イエス,イエス,イエス
･	名詞,サ変接続,*,*,*,*,*
キリスト	名詞,固有名詞,一般,*,*,*,キリスト,キリスト,キリスト
の	助詞,連体化,*,*,*,*,の,ノ,ノ
神	名詞,一般,*,*,*,*,神,カミ,カミ
また	接続詞,*,*,*,*,*,また,マタ,マタ
父	名詞,一般,*,*,*,*,父,チチ,チチ
が	助詞,格助詞,一般,*,*,*,が,ガ,ガ
たたえ	動詞,自立,*,*,一段,未然形,たたえる,タタエ,タタエ
られ	動詞,接尾,*,*,一段,連用形,られる,ラレ,ラレ
ます	助動詞,*,*,*,特殊・マス,基本形,ます,マス,マス
よう	名詞,非自立,助動詞語幹,*,*,*,よう,ヨウ,ヨー
に	助詞,副詞化,*,*,*,*,に,ニ,ニ
。[	名詞,サ変接続,*,*,*,*,*
神	名詞,接尾,一般,*,*,*,神,シン,シン
]	名詞,サ変接続,*,*,*,*,*
は	助詞,係助詞,*,*,*,*,は,ハ,ワ
その	連体詞,*,*,*,*,*,その,ソノ,ソノ
大いなる	連体詞,*,*,*,*,*,大いなる,オオイナル,オーイナル
憐れみ	動詞,自立,*,*,五段・マ行,連用形,憐れむ,アワレミ,アワレミ
により	助詞,格助詞,連語,*,*,*,により,ニヨリ,ニヨリ
，	記号,読点,*,*,*,*,，,，,，
イエス	名詞,一般,*,*,*,*,イエス,イエス,イエス
･	名詞,サ変接続,*,*,*,*,*
キリスト	名詞,固有名詞,一般,*,*,*,キリスト,キリスト,キリスト
の	助詞,連体化,*,*,*,*,の,ノ,ノ
死人	名詞,一般,*,*,*,*,死人,シニン,シニン
の	助詞,連体化,*,*,*,*,の,ノ,ノ
中	名詞,非自立,副詞可能,*,*,*,中,ナカ,ナカ
から	助詞,格助詞,一般,*,*,*,から,カラ,カラ
の	助詞,連体化,*,*,*,*,の,ノ,ノ
復活	名詞,サ変接続,*,*,*,*,復活,フッカツ,フッカツ
を通して	助詞,格助詞,連語,*,*,*,を通して,ヲトオシテ,ヲトーシテ
，	記号,読点,*,*,*,*,，,，,，
生ける	動詞,自立,*,*,一段,基本形,生ける,イケル,イケル
希望	名詞,サ変接続,*,*,*,*,希望,キボウ,キボー
へ	助詞,格助詞,一般,*,*,*,へ,ヘ,エ
の	助詞,連体化,*,*,*,*,の,ノ,ノ
新た	名詞,形容動詞語幹,*,*,*,*,新た,アラタ,アラタ
な	助動詞,*,*,*,特殊・ダ,体言接続,だ,ナ,ナ
誕生	名詞,サ変接続,*,*,*,*,誕生,タンジョウ,タンジョー
を	助詞,格助詞,一般,*,*,*,を,ヲ,ヲ
わたし	名詞,代名詞,一般,*,*,*,わたし,ワタシ,ワタシ
たち	名詞,接尾,一般,*,*,*,たち,タチ,タチ
に	助詞,格助詞,一般,*,*,*,に,ニ,ニ
与え	動詞,自立,*,*,一段,連用形,与える,アタエ,アタエ
て	助詞,接続助詞,*,*,*,*,て,テ,テ
くださっ	動詞,非自立,*,*,五段・ラ行特殊,連用タ接続,くださる,クダサッ,クダサッ
た	助動詞,*,*,*,特殊・タ,基本形,た,タ,タ
の	名詞,非自立,一般,*,*,*,の,ノ,ノ
です	助動詞,*,*,*,特殊・デス,基本形,です,デス,デス
。	記号,句点,*,*,*,*,。,。,。
すなわち	接続詞,*,*,*,*,*,すなわち,スナワチ,スナワチ
，	記号,読点,*,*,*,*,，,，,，
朽ち	動詞,自立,*,*,一段,未然形,朽ちる,クチ,クチ
ず	助動詞,*,*,*,特殊・ヌ,連用ニ接続,ぬ,ズ,ズ
，	記号,読点,*,*,*,*,，,，,，
汚れ	動詞,自立,*,*,一段,未然形,汚れる,ヨゴレ,ヨゴレ
なく	助動詞,*,*,*,特殊・ナイ,連用テ接続,ない,ナク,ナク
，	記号,読点,*,*,*,*,，,，,，
あせる	動詞,自立,*,*,一段,基本形,あせる,アセル,アセル
こと	名詞,非自立,一般,*,*,*,こと,コト,コト
の	助詞,格助詞,一般,*,*,*,の,ノ,ノ
ない	形容詞,自立,*,*,形容詞・アウオ段,基本形,ない,ナイ,ナイ
相続	名詞,サ変接続,*,*,*,*,相続,ソウゾク,ソーゾク
財産	名詞,一般,*,*,*,*,財産,ザイサン,ザイサン
へ	助詞,格助詞,一般,*,*,*,へ,ヘ,エ
[	名詞,サ変接続,*,*,*,*,*
の	助詞,連体化,*,*,*,*,の,ノ,ノ
誕生	名詞,サ変接続,*,*,*,*,誕生,タンジョウ,タンジョー
]	名詞,サ変接続,*,*,*,*,*
です	助動詞,*,*,*,特殊・デス,基本形,です,デス,デス
。	記号,句点,*,*,*,*,。,。,。
それ	名詞,代名詞,一般,*,*,*,それ,ソレ,ソレ
は	助詞,係助詞,*,*,*,*,は,ハ,ワ
あなた	名詞,代名詞,一般,*,*,*,あなた,アナタ,アナタ
方	名詞,接尾,一般,*,*,*,方,カタ,カタ
の	助詞,連体化,*,*,*,*,の,ノ,ノ
ため	名詞,非自立,副詞可能,*,*,*,ため,タメ,タメ
に	助詞,格助詞,一般,*,*,*,に,ニ,ニ
天	名詞,一般,*,*,*,*,天,テン,テン
に	助詞,格助詞,一般,*,*,*,に,ニ,ニ
取っ	動詞,自立,*,*,五段・ラ行,連用タ接続,取る,トッ,トッ
て	助詞,接続助詞,*,*,*,*,て,テ,テ
置か	動詞,自立,*,*,五段・カ行イ音便,未然形,置く,オカ,オカ
れ	動詞,接尾,*,*,一段,連用形,れる,レ,レ
て	助詞,接続助詞,*,*,*,*,て,テ,テ
いる	動詞,非自立,*,*,一段,基本形,いる,イル,イル
もの	名詞,非自立,一般,*,*,*,もの,モノ,モノ
です	助動詞,*,*,*,特殊・デス,基本形,です,デス,デス
。	記号,句点,*,*,*,*,。,。,。
その	連体詞,*,*,*,*,*,その,ソノ,ソノ
あなた	名詞,代名詞,一般,*,*,*,あなた,アナタ,アナタ
方	名詞,接尾,一般,*,*,*,方,カタ,カタ
は	助詞,係助詞,*,*,*,*,は,ハ,ワ
，	記号,読点,*,*,*,*,，,，,，
終わり	動詞,自立,*,*,五段・ラ行,連用形,終わる,オワリ,オワリ
の	助詞,連体化,*,*,*,*,の,ノ,ノ
時期	名詞,副詞可能,*,*,*,*,時期,ジキ,ジキ
に	助詞,格助詞,一般,*,*,*,に,ニ,ニ
表わし	動詞,自立,*,*,五段・サ行,連用形,表わす,アラワシ,アラワシ
示さ	動詞,自立,*,*,五段・サ行,未然形,示す,シメサ,シメサ
れる	動詞,接尾,*,*,一段,基本形,れる,レル,レル
よう	名詞,非自立,助動詞語幹,*,*,*,よう,ヨウ,ヨー
に	助詞,副詞化,*,*,*,*,に,ニ,ニ
備え	動詞,自立,*,*,一段,未然形,備える,ソナエ,ソナエ
られ	動詞,接尾,*,*,一段,連用形,られる,ラレ,ラレ
て	助詞,接続助詞,*,*,*,*,て,テ,テ
いる	動詞,非自立,*,*,一段,基本形,いる,イル,イル
救い	名詞,一般,*,*,*,*,救い,スクイ,スクイ
の	助詞,連体化,*,*,*,*,の,ノ,ノ
ため	名詞,非自立,副詞可能,*,*,*,ため,タメ,タメ
，	記号,読点,*,*,*,*,，,，,，
信仰	名詞,サ変接続,*,*,*,*,信仰,シンコウ,シンコー
により	助詞,格助詞,連語,*,*,*,により,ニヨリ,ニヨリ
，	記号,読点,*,*,*,*,，,，,，
神	名詞,一般,*,*,*,*,神,カミ,カミ
の	助詞,連体化,*,*,*,*,の,ノ,ノ
力	名詞,一般,*,*,*,*,力,チカラ,チカラ
によって	助詞,格助詞,連語,*,*,*,によって,ニヨッテ,ニヨッテ
保護	名詞,サ変接続,*,*,*,*,保護,ホゴ,ホゴ
さ	動詞,自立,*,*,サ変・スル,未然レル接続,する,サ,サ
れ	動詞,接尾,*,*,一段,連用形,れる,レ,レ
て	助詞,接続助詞,*,*,*,*,て,テ,テ
い	動詞,非自立,*,*,一段,連用形,いる,イ,イ
ます	助動詞,*,*,*,特殊・マス,基本形,ます,マス,マス
。	記号,句点,*,*,*,*,。,。,。
この	連体詞,*,*,*,*,*,この,コノ,コノ
こと	名詞,非自立,一般,*,*,*,こと,コト,コト
を	助詞,格助詞,一般,*,*,*,を,ヲ,ヲ
あなた	名詞,代名詞,一般,*,*,*,あなた,アナタ,アナタ
方	名詞,接尾,一般,*,*,*,方,カタ,カタ
は	助詞,係助詞,*,*,*,*,は,ハ,ワ
大いに	副詞,一般,*,*,*,*,大いに,オオイニ,オーイニ
歓ん	動詞,自立,*,*,五段・バ行,連用タ接続,歓ぶ,ヨロコン,ヨロコン
で	助詞,接続助詞,*,*,*,*,で,デ,デ
い	動詞,非自立,*,*,一段,連用形,いる,イ,イ
ます	助動詞,*,*,*,特殊・マス,基本形,ます,マス,マス
。	記号,句点,*,*,*,*,。,。,。
もっとも	副詞,一般,*,*,*,*,もっとも,モットモ,モットモ
，	記号,読点,*,*,*,*,，,，,，
現在	名詞,副詞可能,*,*,*,*,現在,ゲンザイ,ゲンザイ
しばらく	副詞,助詞類接続,*,*,*,*,しばらく,シバラク,シバラク
の	助詞,連体化,*,*,*,*,の,ノ,ノ
間	名詞,一般,*,*,*,*,間,マ,マ
，	記号,読点,*,*,*,*,，,，,，
やむをえない	形容詞,自立,*,*,形容詞・アウオ段,基本形,やむをえない,ヤムヲエナイ,ヤムヲエナイ
こと	名詞,非自立,一般,*,*,*,こと,コト,コト
で	助動詞,*,*,*,特殊・ダ,連用形,だ,デ,デ
ある	助動詞,*,*,*,五段・ラ行アル,基本形,ある,アル,アル
に	助詞,格助詞,一般,*,*,*,に,ニ,ニ
し	動詞,自立,*,*,サ変・スル,連用形,する,シ,シ
て	助詞,接続助詞,*,*,*,*,て,テ,テ
も	助詞,係助詞,*,*,*,*,も,モ,モ
，	記号,読点,*,*,*,*,，,，,，
あなた	名詞,代名詞,一般,*,*,*,あなた,アナタ,アナタ
方	名詞,接尾,一般,*,*,*,方,カタ,カタ
は	助詞,係助詞,*,*,*,*,は,ハ,ワ
さまざま	名詞,形容動詞語幹,*,*,*,*,さまざま,サマザマ,サマザマ
な	助動詞,*,*,*,特殊・ダ,体言接続,だ,ナ,ナ
試練	名詞,一般,*,*,*,*,試練,シレン,シレン
によって	助詞,格助詞,連語,*,*,*,によって,ニヨッテ,ニヨッテ
悲嘆	名詞,サ変接続,*,*,*,*,悲嘆,ヒタン,ヒタン
さ	動詞,自立,*,*,サ変・スル,未然レル接続,する,サ,サ
せ	動詞,接尾,*,*,一段,未然形,せる,セ,セ
られ	動詞,接尾,*,*,一段,連用形,られる,ラレ,ラレ
て	助詞,接続助詞,*,*,*,*,て,テ,テ
き	動詞,非自立,*,*,カ変・クル,連用形,くる,キ,キ
まし	助動詞,*,*,*,特殊・マス,連用形,ます,マシ,マシ
た	助動詞,*,*,*,特殊・タ,基本形,た,タ,タ
。	記号,句点,*,*,*,*,。,。,。
それ	名詞,代名詞,一般,*,*,*,それ,ソレ,ソレ
は	助詞,係助詞,*,*,*,*,は,ハ,ワ
，	記号,読点,*,*,*,*,，,，,，
火	名詞,一般,*,*,*,*,火,ヒ,ヒ
によって	助詞,格助詞,連語,*,*,*,によって,ニヨッテ,ニヨッテ
試さ	動詞,自立,*,*,五段・サ行,未然形,試す,タメサ,タメサ
れ	動詞,接尾,*,*,一段,連用形,れる,レ,レ
ながら	助詞,接続助詞,*,*,*,*,ながら,ナガラ,ナガラ
も	助詞,係助詞,*,*,*,*,も,モ,モ
滅び	動詞,自立,*,*,一段,連用形,滅びる,ホロビ,ホロビ
て	助詞,接続助詞,*,*,*,*,て,テ,テ
しまう	動詞,非自立,*,*,五段・ワ行促音便,基本形,しまう,シマウ,シマウ
金	名詞,一般,*,*,*,*,金,キン,キン
より	助詞,格助詞,一般,*,*,*,より,ヨリ,ヨリ
はるか	名詞,形容動詞語幹,*,*,*,*,はるか,ハルカ,ハルカ
に	助詞,副詞化,*,*,*,*,に,ニ,ニ
価値	名詞,一般,*,*,*,*,価値,カチ,カチ
の	助詞,格助詞,一般,*,*,*,の,ノ,ノ
ある	動詞,自立,*,*,五段・ラ行,基本形,ある,アル,アル
，	記号,読点,*,*,*,*,，,，,，
あなた	名詞,代名詞,一般,*,*,*,あなた,アナタ,アナタ
方	名詞,接尾,一般,*,*,*,方,カタ,カタ
の	助詞,連体化,*,*,*,*,の,ノ,ノ
信仰	名詞,サ変接続,*,*,*,*,信仰,シンコウ,シンコー
の	助詞,格助詞,一般,*,*,*,の,ノ,ノ
試さ	動詞,自立,*,*,五段・サ行,未然形,試す,タメサ,タメサ
れ	動詞,接尾,*,*,一段,連用形,れる,レ,レ
た	助動詞,*,*,*,特殊・タ,基本形,た,タ,タ
質	名詞,一般,*,*,*,*,質,シツ,シツ
が	助詞,格助詞,一般,*,*,*,が,ガ,ガ
，	記号,読点,*,*,*,*,，,，,，
イエス	名詞,一般,*,*,*,*,イエス,イエス,イエス
･	名詞,サ変接続,*,*,*,*,*
キリスト	名詞,固有名詞,一般,*,*,*,キリスト,キリスト,キリスト
の	助詞,連体化,*,*,*,*,の,ノ,ノ
表わし	動詞,自立,*,*,五段・サ行,連用形,表わす,アラワシ,アラワシ
示さ	動詞,自立,*,*,五段・サ行,未然形,示す,シメサ,シメサ
れる	動詞,接尾,*,*,一段,基本形,れる,レル,レル
時	名詞,非自立,副詞可能,*,*,*,時,トキ,トキ
に	助詞,格助詞,一般,*,*,*,に,ニ,ニ
，	記号,読点,*,*,*,*,，,，,，
賛美	名詞,サ変接続,*,*,*,*,賛美,サンビ,サンビ
と	助詞,並立助詞,*,*,*,*,と,ト,ト
栄光	名詞,一般,*,*,*,*,栄光,エイコウ,エイコー
と	助詞,並立助詞,*,*,*,*,と,ト,ト
誉れ	名詞,一般,*,*,*,*,誉れ,ホマレ,ホマレ
の	助詞,連体化,*,*,*,*,の,ノ,ノ
いわれ	名詞,一般,*,*,*,*,いわれ,イワレ,イワレ
と	助詞,格助詞,一般,*,*,*,と,ト,ト
なる	動詞,自立,*,*,五段・ラ行,基本形,なる,ナル,ナル
ため	名詞,非自立,副詞可能,*,*,*,ため,タメ,タメ
な	助動詞,*,*,*,特殊・ダ,体言接続,だ,ナ,ナ
の	名詞,非自立,一般,*,*,*,の,ノ,ノ
です	助動詞,*,*,*,特殊・デス,基本形,です,デス,デス
。	記号,句点,*,*,*,*,。,。,。
あなた	名詞,代名詞,一般,*,*,*,あなた,アナタ,アナタ
方	名詞,接尾,一般,*,*,*,方,カタ,カタ
は	助詞,係助詞,*,*,*,*,は,ハ,ワ
彼	名詞,代名詞,一般,*,*,*,彼,カレ,カレ
を	助詞,格助詞,一般,*,*,*,を,ヲ,ヲ
見	動詞,自立,*,*,一段,連用形,見る,ミ,ミ
た	助動詞,*,*,*,特殊・タ,基本形,た,タ,タ
こと	名詞,非自立,一般,*,*,*,こと,コト,コト
は	助詞,係助詞,*,*,*,*,は,ハ,ワ
あり	動詞,自立,*,*,五段・ラ行,連用形,ある,アリ,アリ
ませ	助動詞,*,*,*,特殊・マス,未然形,ます,マセ,マセ
ん	助動詞,*,*,*,不変化型,基本形,ん,ン,ン
が	助詞,接続助詞,*,*,*,*,が,ガ,ガ
，	記号,読点,*,*,*,*,，,，,，
彼	名詞,代名詞,一般,*,*,*,彼,カレ,カレ
を	助詞,格助詞,一般,*,*,*,を,ヲ,ヲ
愛し	動詞,自立,*,*,五段・サ行,連用形,愛す,アイシ,アイシ
て	助詞,接続助詞,*,*,*,*,て,テ,テ
い	動詞,非自立,*,*,一段,連用形,いる,イ,イ
ます	助動詞,*,*,*,特殊・マス,基本形,ます,マス,マス
。	記号,句点,*,*,*,*,。,。,。
現在	名詞,副詞可能,*,*,*,*,現在,ゲンザイ,ゲンザイ
彼	名詞,代名詞,一般,*,*,*,彼,カレ,カレ
を	助詞,格助詞,一般,*,*,*,を,ヲ,ヲ
見	動詞,自立,*,*,一段,連用形,見る,ミ,ミ
て	助詞,接続助詞,*,*,*,*,て,テ,テ
い	動詞,非自立,*,*,一段,連用形,いる,イ,イ
ませ	助動詞,*,*,*,特殊・マス,未然形,ます,マセ,マセ
ん	助動詞,*,*,*,不変化型,基本形,ん,ン,ン
が	助詞,接続助詞,*,*,*,*,が,ガ,ガ
，	記号,読点,*,*,*,*,，,，,，
彼	名詞,代名詞,一般,*,*,*,彼,カレ,カレ
に	助詞,格助詞,一般,*,*,*,に,ニ,ニ
信仰	名詞,サ変接続,*,*,*,*,信仰,シンコウ,シンコー
を	助詞,格助詞,一般,*,*,*,を,ヲ,ヲ
働かせ	動詞,自立,*,*,一段,連用形,働かせる,ハタラカセ,ハタラカセ
，	記号,読点,*,*,*,*,，,，,，
言い	動詞,自立,*,*,五段・ワ行促音便,連用形,言う,イイ,イイ
表わす	動詞,自立,*,*,五段・サ行,基本形,表わす,アラワス,アラワス
こと	名詞,非自立,一般,*,*,*,こと,コト,コト
の	助詞,格助詞,一般,*,*,*,の,ノ,ノ
でき	動詞,自立,*,*,一段,未然形,できる,デキ,デキ
ない	助動詞,*,*,*,特殊・ナイ,基本形,ない,ナイ,ナイ
栄え	名詞,一般,*,*,*,*,栄え,ハエ,ハエ
ある	動詞,自立,*,*,五段・ラ行,基本形,ある,アル,アル
喜び	名詞,一般,*,*,*,*,喜び,ヨロコビ,ヨロコビ
を	助詞,格助詞,一般,*,*,*,を,ヲ,ヲ
もっ	動詞,自立,*,*,五段・タ行,連用タ接続,もつ,モッ,モッ
て	助詞,接続助詞,*,*,*,*,て,テ,テ
大いに	副詞,一般,*,*,*,*,大いに,オオイニ,オーイニ
歓ん	動詞,自立,*,*,五段・バ行,連用タ接続,歓ぶ,ヨロコン,ヨロコン
で	助詞,接続助詞,*,*,*,*,で,デ,デ
い	動詞,非自立,*,*,一段,連用形,いる,イ,イ
ます	助動詞,*,*,*,特殊・マス,基本形,ます,マス,マス
。	記号,句点,*,*,*,*,。,。,。
それ	名詞,代名詞,一般,*,*,*,それ,ソレ,ソレ
は	助詞,係助詞,*,*,*,*,は,ハ,ワ
，	記号,読点,*,*,*,*,，,，,，
あなた	名詞,代名詞,一般,*,*,*,あなた,アナタ,アナタ
方	名詞,接尾,一般,*,*,*,方,カタ,カタ
の	助詞,連体化,*,*,*,*,の,ノ,ノ
信仰	名詞,サ変接続,*,*,*,*,信仰,シンコウ,シンコー
の	助詞,連体化,*,*,*,*,の,ノ,ノ
果て	名詞,一般,*,*,*,*,果て,ハテ,ハテ
，	記号,読点,*,*,*,*,，,，,，
すなわち	接続詞,*,*,*,*,*,すなわち,スナワチ,スナワチ
魂	名詞,一般,*,*,*,*,魂,タマシイ,タマシー
の	助詞,連体化,*,*,*,*,の,ノ,ノ
救い	名詞,一般,*,*,*,*,救い,スクイ,スクイ
を	助詞,格助詞,一般,*,*,*,を,ヲ,ヲ
得る	動詞,自立,*,*,一段,基本形,得る,エル,エル
から	助詞,接続助詞,*,*,*,*,から,カラ,カラ
です	助動詞,*,*,*,特殊・デス,基本形,です,デス,デス
。	記号,句点,*,*,*,*,。,。,。
ほか	名詞,副詞可能,*,*,*,*,ほか,ホカ,ホカ
なら	動詞,自立,*,*,五段・ラ行,未然形,なる,ナラ,ナラ
ぬ	助動詞,*,*,*,特殊・ヌ,基本形,ぬ,ヌ,ヌ
この	連体詞,*,*,*,*,*,この,コノ,コノ
救い	名詞,一般,*,*,*,*,救い,スクイ,スクイ
に関して	助詞,格助詞,連語,*,*,*,に関して,ニカンシテ,ニカンシテ
，	記号,読点,*,*,*,*,，,，,，
勤勉	名詞,形容動詞語幹,*,*,*,*,勤勉,キンベン,キンベン
な	助動詞,*,*,*,特殊・ダ,体言接続,だ,ナ,ナ
探究	名詞,サ変接続,*,*,*,*,探究,タンキュウ,タンキュー
と	助詞,並立助詞,*,*,*,*,と,ト,ト
注意	名詞,サ変接続,*,*,*,*,注意,チュウイ,チューイ
深い	形容詞,自立,*,*,形容詞・アウオ段,基本形,深い,フカイ,フカイ
調査	名詞,サ変接続,*,*,*,*,調査,チョウサ,チョーサ
が	助詞,格助詞,一般,*,*,*,が,ガ,ガ
，	記号,読点,*,*,*,*,，,，,，
あなた	名詞,代名詞,一般,*,*,*,あなた,アナタ,アナタ
方	名詞,接尾,一般,*,*,*,方,カタ,カタ
に	助詞,格助詞,一般,*,*,*,に,ニ,ニ
向け	動詞,自立,*,*,一段,未然形,向ける,ムケ,ムケ
られ	動詞,接尾,*,*,一段,連用形,られる,ラレ,ラレ
た	助動詞,*,*,*,特殊・タ,基本形,た,タ,タ
過分	名詞,一般,*,*,*,*,過分,カブン,カブン
の	助詞,連体化,*,*,*,*,の,ノ,ノ
ご	接頭詞,名詞接続,*,*,*,*,ご,ゴ,ゴ
親切	名詞,形容動詞語幹,*,*,*,*,親切,シンセツ,シンセツ
について	助詞,格助詞,連語,*,*,*,について,ニツイテ,ニツイテ
預言	名詞,サ変接続,*,*,*,*,預言,ヨゲン,ヨゲン
し	動詞,自立,*,*,サ変・スル,連用形,する,シ,シ
た	助動詞,*,*,*,特殊・タ,基本形,た,タ,タ
預言	名詞,サ変接続,*,*,*,*,預言,ヨゲン,ヨゲン
者	名詞,接尾,一般,*,*,*,者,シャ,シャ
たち	名詞,接尾,一般,*,*,*,たち,タチ,タチ
によって	助詞,格助詞,連語,*,*,*,によって,ニヨッテ,ニヨッテ
行なわ	動詞,自立,*,*,五段・ワ行促音便,未然形,行なう,オコナワ,オコナワ
れ	動詞,接尾,*,*,一段,連用形,れる,レ,レ
まし	助動詞,*,*,*,特殊・マス,連用形,ます,マシ,マシ
た	助動詞,*,*,*,特殊・タ,基本形,た,タ,タ
。	記号,句点,*,*,*,*,。,。,。
彼ら	名詞,代名詞,一般,*,*,*,彼ら,カレラ,カレラ
は	助詞,係助詞,*,*,*,*,は,ハ,ワ
，	記号,読点,*,*,*,*,，,，,，
自分	名詞,一般,*,*,*,*,自分,ジブン,ジブン
の	助詞,連体化,*,*,*,*,の,ノ,ノ
うち	名詞,非自立,副詞可能,*,*,*,うち,ウチ,ウチ
に	助詞,格助詞,一般,*,*,*,に,ニ,ニ
ある	動詞,自立,*,*,五段・ラ行,基本形,ある,アル,アル
霊	名詞,一般,*,*,*,*,霊,レイ,レイ
が	助詞,格助詞,一般,*,*,*,が,ガ,ガ
，	記号,読点,*,*,*,*,，,，,，
キリスト	名詞,固有名詞,一般,*,*,*,キリスト,キリスト,キリスト
に	助詞,格助詞,一般,*,*,*,に,ニ,ニ
臨む	動詞,自立,*,*,五段・マ行,基本形,臨む,ノゾム,ノゾム
苦しみ	名詞,一般,*,*,*,*,苦しみ,クルシミ,クルシミ
と	助詞,並立助詞,*,*,*,*,と,ト,ト
それ	名詞,代名詞,一般,*,*,*,それ,ソレ,ソレ
に	助詞,格助詞,一般,*,*,*,に,ニ,ニ
続く	動詞,自立,*,*,五段・カ行イ音便,基本形,続く,ツヅク,ツズク
栄光	名詞,一般,*,*,*,*,栄光,エイコウ,エイコー
について	助詞,格助詞,連語,*,*,*,について,ニツイテ,ニツイテ
あらかじめ	副詞,一般,*,*,*,*,あらかじめ,アラカジメ,アラカジメ
証し	動詞,自立,*,*,五段・サ行,連用形,証す,アカシ,アカシ
を	助詞,格助詞,一般,*,*,*,を,ヲ,ヲ
し	動詞,自立,*,*,サ変・スル,連用形,する,シ,シ
て	助詞,接続助詞,*,*,*,*,て,テ,テ
い	動詞,非自立,*,*,一段,連用形,いる,イ,イ
た	助動詞,*,*,*,特殊・タ,基本形,た,タ,タ
時	名詞,非自立,副詞可能,*,*,*,時,トキ,トキ
，	記号,読点,*,*,*,*,，,，,，
それ	名詞,代名詞,一般,*,*,*,それ,ソレ,ソレ
が	助詞,格助詞,一般,*,*,*,が,ガ,ガ
キリスト	名詞,固有名詞,一般,*,*,*,キリスト,キリスト,キリスト
に関して	助詞,格助詞,連語,*,*,*,に関して,ニカンシテ,ニカンシテ
特に	副詞,一般,*,*,*,*,特に,トクニ,トクニ
どの	連体詞,*,*,*,*,*,どの,ドノ,ドノ
時期	名詞,副詞可能,*,*,*,*,時期,ジキ,ジキ
あるいは	接続詞,*,*,*,*,*,あるいは,アルイハ,アルイワ
どんな	連体詞,*,*,*,*,*,どんな,ドンナ,ドンナ
[	名詞,サ変接続,*,*,*,*,*
時節	名詞,一般,*,*,*,*,時節,ジセツ,ジセツ
]	名詞,サ変接続,*,*,*,*,*
を	助詞,格助詞,一般,*,*,*,を,ヲ,ヲ
示し	動詞,自立,*,*,五段・サ行,連用形,示す,シメシ,シメシ
て	助詞,接続助詞,*,*,*,*,て,テ,テ
いる	動詞,非自立,*,*,一段,基本形,いる,イル,イル
か	助詞,副助詞／並立助詞／終助詞,*,*,*,*,か,カ,カ
を	助詞,格助詞,一般,*,*,*,を,ヲ,ヲ
絶えず	副詞,一般,*,*,*,*,絶えず,タエズ,タエズ
調べ	動詞,自立,*,*,一段,連用形,調べる,シラベ,シラベ
まし	助動詞,*,*,*,特殊・マス,連用形,ます,マシ,マシ
た	助動詞,*,*,*,特殊・タ,基本形,た,タ,タ
。	記号,句点,*,*,*,*,。,。,。
彼ら	名詞,代名詞,一般,*,*,*,彼ら,カレラ,カレラ
は	助詞,係助詞,*,*,*,*,は,ハ,ワ
，	記号,読点,*,*,*,*,，,，,，
天	名詞,一般,*,*,*,*,天,テン,テン
から	助詞,格助詞,一般,*,*,*,から,カラ,カラ
送ら	動詞,自立,*,*,五段・ラ行,未然形,送る,オクラ,オクラ
れ	動詞,接尾,*,*,一段,連用形,れる,レ,レ
た	助動詞,*,*,*,特殊・タ,基本形,た,タ,タ
聖霊	名詞,一般,*,*,*,*,聖霊,セイレイ,セイレイ
を	助詞,格助詞,一般,*,*,*,を,ヲ,ヲ
もっ	動詞,自立,*,*,五段・タ行,連用タ接続,もつ,モッ,モッ
て	助詞,接続助詞,*,*,*,*,て,テ,テ
あなた	名詞,代名詞,一般,*,*,*,あなた,アナタ,アナタ
方	名詞,接尾,一般,*,*,*,方,カタ,カタ
に	助詞,格助詞,一般,*,*,*,に,ニ,ニ
良い	形容詞,自立,*,*,形容詞・アウオ段,基本形,良い,ヨイ,ヨイ
たより	名詞,ナイ形容詞語幹,*,*,*,*,たより,タヨリ,タヨリ
を	助詞,格助詞,一般,*,*,*,を,ヲ,ヲ
宣	名詞,サ変接続,*,*,*,*,宣,セン,セン
明し	形容詞,自立,*,*,形容詞・アウオ段,文語基本形,明い,アカシ,アカシ
た	助動詞,*,*,*,特殊・タ,基本形,た,タ,タ
人々	名詞,一般,*,*,*,*,人々,ヒトビト,ヒトビト
を通して	助詞,格助詞,連語,*,*,*,を通して,ヲトオシテ,ヲトーシテ
今	名詞,副詞可能,*,*,*,*,今,イマ,イマ
あなた	名詞,代名詞,一般,*,*,*,あなた,アナタ,アナタ
方	名詞,接尾,一般,*,*,*,方,カタ,カタ
に	助詞,格助詞,一般,*,*,*,に,ニ,ニ
発表	名詞,サ変接続,*,*,*,*,発表,ハッピョウ,ハッピョー
さ	動詞,自立,*,*,サ変・スル,未然レル接続,する,サ,サ
れ	動詞,接尾,*,*,一段,連用形,れる,レ,レ
て	助詞,接続助詞,*,*,*,*,て,テ,テ
いる	動詞,非自立,*,*,一段,基本形,いる,イル,イル
事柄	名詞,一般,*,*,*,*,事柄,コトガラ,コトガラ
に	助詞,格助詞,一般,*,*,*,に,ニ,ニ
奉仕	名詞,サ変接続,*,*,*,*,奉仕,ホウシ,ホーシ
し	動詞,自立,*,*,サ変・スル,連用形,する,シ,シ
まし	助動詞,*,*,*,特殊・マス,連用形,ます,マシ,マシ
た	助動詞,*,*,*,特殊・タ,基本形,た,タ,タ
が	助詞,接続助詞,*,*,*,*,が,ガ,ガ
，	記号,読点,*,*,*,*,，,，,，
それ	名詞,代名詞,一般,*,*,*,それ,ソレ,ソレ
が	助詞,格助詞,一般,*,*,*,が,ガ,ガ
，	記号,読点,*,*,*,*,，,，,，
自分	名詞,一般,*,*,*,*,自分,ジブン,ジブン
自身	名詞,一般,*,*,*,*,自身,ジシン,ジシン
の	助詞,連体化,*,*,*,*,の,ノ,ノ
ため	名詞,非自立,副詞可能,*,*,*,ため,タメ,タメ
で	助詞,格助詞,一般,*,*,*,で,デ,デ
は	助詞,係助詞,*,*,*,*,は,ハ,ワ
なく	助動詞,*,*,*,特殊・ナイ,連用テ接続,ない,ナク,ナク
，	記号,読点,*,*,*,*,，,，,，
あなた	名詞,代名詞,一般,*,*,*,あなた,アナタ,アナタ
方	名詞,接尾,一般,*,*,*,方,カタ,カタ
の	助詞,連体化,*,*,*,*,の,ノ,ノ
ため	名詞,非自立,副詞可能,*,*,*,ため,タメ,タメ
で	助動詞,*,*,*,特殊・ダ,連用形,だ,デ,デ
ある	助動詞,*,*,*,五段・ラ行アル,基本形,ある,アル,アル
こと	名詞,非自立,一般,*,*,*,こと,コト,コト
を	助詞,格助詞,一般,*,*,*,を,ヲ,ヲ
啓示	名詞,サ変接続,*,*,*,*,啓示,ケイジ,ケイジ
さ	動詞,自立,*,*,サ変・スル,未然レル接続,する,サ,サ
れ	動詞,接尾,*,*,一段,連用形,れる,レ,レ
まし	助動詞,*,*,*,特殊・マス,連用形,ます,マシ,マシ
た	助動詞,*,*,*,特殊・タ,基本形,た,タ,タ
。	記号,句点,*,*,*,*,。,。,。
み	接頭詞,名詞接続,*,*,*,*,み,ミ,ミ
使い	名詞,一般,*,*,*,*,使い,ツカイ,ツカイ
たち	名詞,接尾,一般,*,*,*,たち,タチ,タチ
は	助詞,係助詞,*,*,*,*,は,ハ,ワ
，	記号,読点,*,*,*,*,，,，,，
実に	副詞,一般,*,*,*,*,実に,ジツニ,ジツニ
こうした	連体詞,*,*,*,*,*,こうした,コウシタ,コーシタ
事柄	名詞,一般,*,*,*,*,事柄,コトガラ,コトガラ
を	助詞,格助詞,一般,*,*,*,を,ヲ,ヲ
熟視	名詞,サ変接続,*,*,*,*,熟視,ジュクシ,ジュクシ
し	動詞,自立,*,*,サ変・スル,連用形,する,シ,シ
たい	助動詞,*,*,*,特殊・タイ,基本形,たい,タイ,タイ
と	助詞,格助詞,引用,*,*,*,と,ト,ト
思っ	動詞,自立,*,*,五段・ワ行促音便,連用タ接続,思う,オモッ,オモッ
て	助詞,接続助詞,*,*,*,*,て,テ,テ
いる	動詞,非自立,*,*,一段,基本形,いる,イル,イル
の	名詞,非自立,一般,*,*,*,の,ノ,ノ
です	助動詞,*,*,*,特殊・デス,基本形,です,デス,デス
。	記号,句点,*,*,*,*,。,。,。
したがって	接続詞,*,*,*,*,*,したがって,シタガッテ,シタガッテ
，	記号,読点,*,*,*,*,，,，,，
活動	名詞,サ変接続,*,*,*,*,活動,カツドウ,カツドー
に	助詞,格助詞,一般,*,*,*,に,ニ,ニ
備え	動詞,自立,*,*,一段,連用形,備える,ソナエ,ソナエ
て	助詞,接続助詞,*,*,*,*,て,テ,テ
自分	名詞,一般,*,*,*,*,自分,ジブン,ジブン
の	助詞,連体化,*,*,*,*,の,ノ,ノ
思い	名詞,一般,*,*,*,*,思い,オモイ,オモイ
を	助詞,格助詞,一般,*,*,*,を,ヲ,ヲ
引き締め	動詞,自立,*,*,一段,連用形,引き締める,ヒキシメ,ヒキシメ
，	記号,読点,*,*,*,*,，,，,，
あくまでも	副詞,一般,*,*,*,*,あくまでも,アクマデモ,アクマデモ
冷静	名詞,形容動詞語幹,*,*,*,*,冷静,レイセイ,レイセイ
さ	名詞,接尾,特殊,*,*,*,さ,サ,サ
を	助詞,格助詞,一般,*,*,*,を,ヲ,ヲ
保ち	動詞,自立,*,*,五段・タ行,連用形,保つ,タモチ,タモチ
なさい	動詞,非自立,*,*,五段・ラ行特殊,命令ｉ,なさる,ナサイ,ナサイ
。	記号,句点,*,*,*,*,。,。,。
イエス	名詞,一般,*,*,*,*,イエス,イエス,イエス
･	名詞,サ変接続,*,*,*,*,*
キリスト	名詞,固有名詞,一般,*,*,*,キリスト,キリスト,キリスト
の	助詞,連体化,*,*,*,*,の,ノ,ノ
表わし	動詞,自立,*,*,五段・サ行,連用形,表わす,アラワシ,アラワシ
示さ	動詞,自立,*,*,五段・サ行,未然形,示す,シメサ,シメサ
れる	動詞,接尾,*,*,一段,基本形,れる,レル,レル
時	名詞,非自立,副詞可能,*,*,*,時,トキ,トキ
あなた	名詞,代名詞,一般,*,*,*,あなた,アナタ,アナタ
方	名詞,接尾,一般,*,*,*,方,カタ,カタ
に	助詞,格助詞,一般,*,*,*,に,ニ,ニ
もたらさ	動詞,自立,*,*,五段・サ行,未然形,もたらす,モタラサ,モタラサ
れる	動詞,接尾,*,*,一段,基本形,れる,レル,レル
過分	名詞,一般,*,*,*,*,過分,カブン,カブン
の	助詞,連体化,*,*,*,*,の,ノ,ノ
ご	接頭詞,名詞接続,*,*,*,*,ご,ゴ,ゴ
親切	名詞,形容動詞語幹,*,*,*,*,親切,シンセツ,シンセツ
に	助詞,副詞化,*,*,*,*,に,ニ,ニ
希望	名詞,サ変接続,*,*,*,*,希望,キボウ,キボー
を	助詞,格助詞,一般,*,*,*,を,ヲ,ヲ
置き	動詞,自立,*,*,五段・カ行イ音便,連用形,置く,オキ,オキ
なさい	動詞,非自立,*,*,五段・ラ行特殊,命令ｉ,なさる,ナサイ,ナサイ
。	記号,句点,*,*,*,*,。,。,。
あなた	名詞,代名詞,一般,*,*,*,あなた,アナタ,アナタ
方	名詞,接尾,一般,*,*,*,方,カタ,カタ
は	助詞,係助詞,*,*,*,*,は,ハ,ワ
従順	名詞,形容動詞語幹,*,*,*,*,従順,ジュウジュン,ジュージュン
な	助動詞,*,*,*,特殊・ダ,体言接続,だ,ナ,ナ
子供	名詞,一般,*,*,*,*,子供,コドモ,コドモ
として	助詞,格助詞,連語,*,*,*,として,トシテ,トシテ
，	記号,読点,*,*,*,*,，,，,，
以前	名詞,副詞可能,*,*,*,*,以前,イゼン,イゼン
無知	名詞,形容動詞語幹,*,*,*,*,無知,ムチ,ムチ
で	助動詞,*,*,*,特殊・ダ,連用形,だ,デ,デ
あっ	助動詞,*,*,*,五段・ラ行アル,連用タ接続,ある,アッ,アッ
た	助動詞,*,*,*,特殊・タ,基本形,た,タ,タ
ため	名詞,非自立,副詞可能,*,*,*,ため,タメ,タメ
に	助詞,格助詞,一般,*,*,*,に,ニ,ニ
抱い	動詞,自立,*,*,五段・カ行イ音便,連用タ接続,抱く,ダイ,ダイ
た	助動詞,*,*,*,特殊・タ,基本形,た,タ,タ
欲望	名詞,一般,*,*,*,*,欲望,ヨクボウ,ヨクボー
に	助詞,格助詞,一般,*,*,*,に,ニ,ニ
そっ	動詞,自立,*,*,五段・ワ行促音便,連用タ接続,そう,ソッ,ソッ
て	助詞,接続助詞,*,*,*,*,て,テ,テ
形作ら	動詞,自立,*,*,五段・ラ行,未然形,形作る,カタチヅクラ,カタチズクラ
れる	動詞,接尾,*,*,一段,基本形,れる,レル,レル
の	名詞,非自立,一般,*,*,*,の,ノ,ノ
を	助詞,格助詞,一般,*,*,*,を,ヲ,ヲ
やめ	動詞,自立,*,*,一段,連用形,やめる,ヤメ,ヤメ
，	記号,読点,*,*,*,*,，,，,，
あなた	名詞,代名詞,一般,*,*,*,あなた,アナタ,アナタ
方	名詞,接尾,一般,*,*,*,方,カタ,カタ
を	助詞,格助詞,一般,*,*,*,を,ヲ,ヲ
召さ	動詞,自立,*,*,五段・サ行,未然形,召す,メサ,メサ
れ	動詞,接尾,*,*,一段,連用形,れる,レ,レ
た	助動詞,*,*,*,特殊・タ,基本形,た,タ,タ
聖なる	連体詞,*,*,*,*,*,聖なる,セイナル,セイナル
方	名詞,非自立,一般,*,*,*,方,ホウ,ホー
に	助詞,格助詞,一般,*,*,*,に,ニ,ニ
したがい	動詞,自立,*,*,五段・ワ行促音便,連用形,したがう,シタガイ,シタガイ
，	記号,読点,*,*,*,*,，,，,，
あなた	名詞,代名詞,一般,*,*,*,あなた,アナタ,アナタ
方	名詞,接尾,一般,*,*,*,方,カタ,カタ
自身	名詞,一般,*,*,*,*,自身,ジシン,ジシン
も	助詞,係助詞,*,*,*,*,も,モ,モ
すべて	名詞,副詞可能,*,*,*,*,すべて,スベテ,スベテ
の	助詞,連体化,*,*,*,*,の,ノ,ノ
行状	名詞,一般,*,*,*,*,行状,ギョウジョウ,ギョージョー
において	助詞,格助詞,連語,*,*,*,において,ニオイテ,ニオイテ
聖なる	連体詞,*,*,*,*,*,聖なる,セイナル,セイナル
者	名詞,非自立,一般,*,*,*,者,モノ,モノ
と	助詞,格助詞,一般,*,*,*,と,ト,ト
なり	動詞,自立,*,*,五段・ラ行,連用形,なる,ナリ,ナリ
なさい	動詞,非自立,*,*,五段・ラ行特殊,命令ｉ,なさる,ナサイ,ナサイ
。	記号,句点,*,*,*,*,。,。,。
なぜなら	接続詞,*,*,*,*,*,なぜなら,ナゼナラ,ナゼナラ
，	記号,読点,*,*,*,*,，,，,，
「	記号,括弧開,*,*,*,*,「,「,「
あなた	名詞,代名詞,一般,*,*,*,あなた,アナタ,アナタ
方	名詞,接尾,一般,*,*,*,方,カタ,カタ
は	助詞,係助詞,*,*,*,*,は,ハ,ワ
聖なる	連体詞,*,*,*,*,*,聖なる,セイナル,セイナル
者	名詞,非自立,一般,*,*,*,者,モノ,モノ
で	助動詞,*,*,*,特殊・ダ,連用形,だ,デ,デ
なけれ	助動詞,*,*,*,特殊・ナイ,仮定形,ない,ナケレ,ナケレ
ば	助詞,接続助詞,*,*,*,*,ば,バ,バ
なら	動詞,非自立,*,*,五段・ラ行,未然形,なる,ナラ,ナラ
ない	助動詞,*,*,*,特殊・ナイ,基本形,ない,ナイ,ナイ
。	記号,句点,*,*,*,*,。,。,。
わたし	名詞,代名詞,一般,*,*,*,わたし,ワタシ,ワタシ
は	助詞,係助詞,*,*,*,*,は,ハ,ワ
聖なる	連体詞,*,*,*,*,*,聖なる,セイナル,セイナル
者	名詞,非自立,一般,*,*,*,者,モノ,モノ
だ	助動詞,*,*,*,特殊・ダ,基本形,だ,ダ,ダ
から	助詞,接続助詞,*,*,*,*,から,カラ,カラ
で	助動詞,*,*,*,特殊・ダ,連用形,だ,デ,デ
ある	助動詞,*,*,*,五段・ラ行アル,基本形,ある,アル,アル
」	記号,括弧閉,*,*,*,*,」,」,」
と	助詞,格助詞,引用,*,*,*,と,ト,ト
書か	動詞,自立,*,*,五段・カ行イ音便,未然形,書く,カカ,カカ
れ	動詞,接尾,*,*,一段,連用形,れる,レ,レ
て	助詞,接続助詞,*,*,*,*,て,テ,テ
いる	動詞,非自立,*,*,一段,基本形,いる,イル,イル
から	助詞,接続助詞,*,*,*,*,から,カラ,カラ
です	助動詞,*,*,*,特殊・デス,基本形,です,デス,デス
。	記号,句点,*,*,*,*,。,。,。
さらに	副詞,助詞類接続,*,*,*,*,さらに,サラニ,サラニ
，	記号,読点,*,*,*,*,，,，,，
各々	名詞,一般,*,*,*,*,各々,オノオノ,オノオノ
の	助詞,連体化,*,*,*,*,の,ノ,ノ
業	名詞,一般,*,*,*,*,業,ゴウ,ゴー
に	助詞,格助詞,一般,*,*,*,に,ニ,ニ
したがっ	動詞,自立,*,*,五段・ワ行促音便,連用タ接続,したがう,シタガッ,シタガッ
て	助詞,接続助詞,*,*,*,*,て,テ,テ
公平	名詞,形容動詞語幹,*,*,*,*,公平,コウヘイ,コーヘイ
に	助詞,副詞化,*,*,*,*,に,ニ,ニ
裁か	動詞,自立,*,*,五段・カ行イ音便,未然形,裁く,サバカ,サバカ
れる	動詞,接尾,*,*,一段,基本形,れる,レル,レル
父	名詞,一般,*,*,*,*,父,チチ,チチ
を	助詞,格助詞,一般,*,*,*,を,ヲ,ヲ
呼び	動詞,自立,*,*,五段・バ行,連用形,呼ぶ,ヨビ,ヨビ
求め	動詞,自立,*,*,一段,連用形,求める,モトメ,モトメ
て	助詞,接続助詞,*,*,*,*,て,テ,テ
いる	動詞,非自立,*,*,一段,基本形,いる,イル,イル
の	名詞,非自立,一般,*,*,*,の,ノ,ノ
で	助動詞,*,*,*,特殊・ダ,連用形,だ,デ,デ
あれ	助動詞,*,*,*,五段・ラ行アル,仮定形,ある,アレ,アレ
ば	助詞,接続助詞,*,*,*,*,ば,バ,バ
，	記号,読点,*,*,*,*,，,，,，
外人	名詞,一般,*,*,*,*,外人,ガイジン,ガイジン
居留	名詞,サ変接続,*,*,*,*,居留,キョリュウ,キョリュー
者	名詞,接尾,一般,*,*,*,者,シャ,シャ
として	助詞,格助詞,連語,*,*,*,として,トシテ,トシテ
過ごす	動詞,自立,*,*,五段・サ行,基本形,過ごす,スゴス,スゴス
間	名詞,一般,*,*,*,*,間,マ,マ
，	記号,読点,*,*,*,*,，,，,，
恐れ	名詞,一般,*,*,*,*,恐れ,オソレ,オソレ
の	助詞,連体化,*,*,*,*,の,ノ,ノ
気持ち	名詞,一般,*,*,*,*,気持ち,キモチ,キモチ
を	助詞,格助詞,一般,*,*,*,を,ヲ,ヲ
抱い	動詞,自立,*,*,五段・カ行イ音便,連用タ接続,抱く,ダイ,ダイ
て	助詞,接続助詞,*,*,*,*,て,テ,テ
生活	名詞,サ変接続,*,*,*,*,生活,セイカツ,セイカツ
し	動詞,自立,*,*,サ変・スル,連用形,する,シ,シ
なさい	動詞,非自立,*,*,五段・ラ行特殊,命令ｉ,なさる,ナサイ,ナサイ
。	記号,句点,*,*,*,*,。,。,。
あなた	名詞,代名詞,一般,*,*,*,あなた,アナタ,アナタ
方	名詞,接尾,一般,*,*,*,方,カタ,カタ
も	助詞,係助詞,*,*,*,*,も,モ,モ
知っ	動詞,自立,*,*,五段・ラ行,連用タ接続,知る,シッ,シッ
て	助詞,接続助詞,*,*,*,*,て,テ,テ
いる	動詞,非自立,*,*,一段,基本形,いる,イル,イル
よう	名詞,非自立,助動詞語幹,*,*,*,よう,ヨウ,ヨー
に	助詞,副詞化,*,*,*,*,に,ニ,ニ
，	記号,読点,*,*,*,*,，,，,，
あなた	名詞,代名詞,一般,*,*,*,あなた,アナタ,アナタ
方	名詞,接尾,一般,*,*,*,方,カタ,カタ
が	助詞,格助詞,一般,*,*,*,が,ガ,ガ
父祖	名詞,一般,*,*,*,*,父祖,フソ,フソ
伝来	名詞,サ変接続,*,*,*,*,伝来,デンライ,デンライ
の	助詞,連体化,*,*,*,*,の,ノ,ノ
むなしい	形容詞,自立,*,*,形容詞・イ段,基本形,むなしい,ムナシイ,ムナシイ
行状	名詞,一般,*,*,*,*,行状,ギョウジョウ,ギョージョー
から	助詞,格助詞,一般,*,*,*,から,カラ,カラ
救い出さ	動詞,自立,*,*,五段・サ行,未然形,救い出す,スクイダサ,スクイダサ
れ	動詞,接尾,*,*,一段,連用形,れる,レ,レ
た	助動詞,*,*,*,特殊・タ,基本形,た,タ,タ
の	名詞,非自立,一般,*,*,*,の,ノ,ノ
は	助詞,係助詞,*,*,*,*,は,ハ,ワ
，	記号,読点,*,*,*,*,，,，,，
朽ちる	動詞,自立,*,*,一段,基本形,朽ちる,クチル,クチル
もの	名詞,非自立,一般,*,*,*,もの,モノ,モノ
，	記号,読点,*,*,*,*,，,，,，
つまり	接続詞,*,*,*,*,*,つまり,ツマリ,ツマリ
銀	名詞,一般,*,*,*,*,銀,ギン,ギン
や	助詞,並立助詞,*,*,*,*,や,ヤ,ヤ
金	名詞,一般,*,*,*,*,金,キン,キン
による	助詞,格助詞,連語,*,*,*,による,ニヨル,ニヨル
の	名詞,非自立,一般,*,*,*,の,ノ,ノ
で	助動詞,*,*,*,特殊・ダ,連用形,だ,デ,デ
は	助詞,係助詞,*,*,*,*,は,ハ,ワ
ない	形容詞,自立,*,*,形容詞・アウオ段,基本形,ない,ナイ,ナイ
から	助詞,接続助詞,*,*,*,*,から,カラ,カラ
です	助動詞,*,*,*,特殊・デス,基本形,です,デス,デス
。	記号,句点,*,*,*,*,。,。,。
それ	名詞,代名詞,一般,*,*,*,それ,ソレ,ソレ
は	助詞,係助詞,*,*,*,*,は,ハ,ワ
，	記号,読点,*,*,*,*,，,，,，
き	動詞,自立,*,*,一段,未然形,きる,キ,キ
ず	助動詞,*,*,*,特殊・ヌ,連用ニ接続,ぬ,ズ,ズ
も	助詞,係助詞,*,*,*,*,も,モ,モ
汚点	名詞,一般,*,*,*,*,汚点,オテン,オテン
も	助詞,係助詞,*,*,*,*,も,モ,モ
ない	形容詞,自立,*,*,形容詞・アウオ段,基本形,ない,ナイ,ナイ
子羊	名詞,一般,*,*,*,*,子羊,コヒツジ,コヒツジ
の	助詞,連体化,*,*,*,*,の,ノ,ノ
[	名詞,サ変接続,*,*,*,*,*
血	名詞,一般,*,*,*,*,血,チ,チ
]	名詞,サ変接続,*,*,*,*,*
の	助詞,連体化,*,*,*,*,の,ノ,ノ
よう	名詞,非自立,助動詞語幹,*,*,*,よう,ヨウ,ヨー
な	助動詞,*,*,*,特殊・ダ,体言接続,だ,ナ,ナ
貴重	名詞,形容動詞語幹,*,*,*,*,貴重,キチョウ,キチョー
な	助動詞,*,*,*,特殊・ダ,体言接続,だ,ナ,ナ
血	名詞,一般,*,*,*,*,血,チ,チ
，	記号,読点,*,*,*,*,，,，,，
すなわち	接続詞,*,*,*,*,*,すなわち,スナワチ,スナワチ
キリスト	名詞,固有名詞,一般,*,*,*,キリスト,キリスト,キリスト
の	助詞,連体化,*,*,*,*,の,ノ,ノ
[	名詞,サ変接続,*,*,*,*,*
血	名詞,一般,*,*,*,*,血,チ,チ
]	名詞,サ変接続,*,*,*,*,*
による	助詞,格助詞,連語,*,*,*,による,ニヨル,ニヨル
の	名詞,非自立,一般,*,*,*,の,ノ,ノ
です	助動詞,*,*,*,特殊・デス,基本形,です,デス,デス
。	記号,句点,*,*,*,*,。,。,。
確か	名詞,形容動詞語幹,*,*,*,*,確か,タシカ,タシカ
に	助詞,副詞化,*,*,*,*,に,ニ,ニ
，	記号,読点,*,*,*,*,，,，,，
彼	名詞,代名詞,一般,*,*,*,彼,カレ,カレ
は	助詞,係助詞,*,*,*,*,は,ハ,ワ
世	名詞,一般,*,*,*,*,世,ヨ,ヨ
の	助詞,連体化,*,*,*,*,の,ノ,ノ
基	名詞,一般,*,*,*,*,基,モト,モト
が	助詞,格助詞,一般,*,*,*,が,ガ,ガ
置か	動詞,自立,*,*,五段・カ行イ音便,未然形,置く,オカ,オカ
れる	動詞,接尾,*,*,一段,基本形,れる,レル,レル
前	名詞,副詞可能,*,*,*,*,前,マエ,マエ
から	助詞,格助詞,一般,*,*,*,から,カラ,カラ
予知	名詞,サ変接続,*,*,*,*,予知,ヨチ,ヨチ
さ	動詞,自立,*,*,サ変・スル,未然レル接続,する,サ,サ
れ	動詞,接尾,*,*,一段,連用形,れる,レ,レ
て	助詞,接続助詞,*,*,*,*,て,テ,テ
い	動詞,非自立,*,*,一段,連用形,いる,イ,イ
まし	助動詞,*,*,*,特殊・マス,連用形,ます,マシ,マシ
た	助動詞,*,*,*,特殊・タ,基本形,た,タ,タ
。	記号,句点,*,*,*,*,。,。,。
しかし	接続詞,*,*,*,*,*,しかし,シカシ,シカシ
時代	名詞,一般,*,*,*,*,時代,ジダイ,ジダイ
の	助詞,連体化,*,*,*,*,の,ノ,ノ
終わり	動詞,自立,*,*,五段・ラ行,連用形,終わる,オワリ,オワリ
に	助詞,格助詞,一般,*,*,*,に,ニ,ニ
，	記号,読点,*,*,*,*,，,，,，
あなた	名詞,代名詞,一般,*,*,*,あなた,アナタ,アナタ
方	名詞,接尾,一般,*,*,*,方,カタ,カタ
の	助詞,連体化,*,*,*,*,の,ノ,ノ
ため	名詞,非自立,副詞可能,*,*,*,ため,タメ,タメ
に	助詞,格助詞,一般,*,*,*,に,ニ,ニ
現	接頭詞,名詞接続,*,*,*,*,現,ゲン,ゲン
わ	名詞,一般,*,*,*,*,わ,ワ,ワ
さ	動詞,自立,*,*,サ変・スル,未然レル接続,する,サ,サ
れ	動詞,接尾,*,*,一段,連用形,れる,レ,レ
た	助動詞,*,*,*,特殊・タ,基本形,た,タ,タ
の	名詞,非自立,一般,*,*,*,の,ノ,ノ
です	助動詞,*,*,*,特殊・デス,基本形,です,デス,デス
。	記号,句点,*,*,*,*,。,。,。
彼	名詞,代名詞,一般,*,*,*,彼,カレ,カレ
を通して	助詞,格助詞,連語,*,*,*,を通して,ヲトオシテ,ヲトーシテ
神	名詞,一般,*,*,*,*,神,カミ,カミ
を	助詞,格助詞,一般,*,*,*,を,ヲ,ヲ
，	記号,読点,*,*,*,*,，,，,，
すなわち	接続詞,*,*,*,*,*,すなわち,スナワチ,スナワチ
彼	名詞,代名詞,一般,*,*,*,彼,カレ,カレ
を	助詞,格助詞,一般,*,*,*,を,ヲ,ヲ
死人	名詞,一般,*,*,*,*,死人,シニン,シニン
の	助詞,連体化,*,*,*,*,の,ノ,ノ
中	名詞,非自立,副詞可能,*,*,*,中,ナカ,ナカ
から	助詞,格助詞,一般,*,*,*,から,カラ,カラ
よみがえら	動詞,自立,*,*,五段・ラ行,未然形,よみがえる,ヨミガエラ,ヨミガエラ
せ	動詞,接尾,*,*,一段,連用形,せる,セ,セ
て	助詞,接続助詞,*,*,*,*,て,テ,テ
栄光	名詞,一般,*,*,*,*,栄光,エイコウ,エイコー
を	助詞,格助詞,一般,*,*,*,を,ヲ,ヲ
お	接頭詞,名詞接続,*,*,*,*,お,オ,オ
与え	動詞,自立,*,*,一段,連用形,与える,アタエ,アタエ
に	助詞,格助詞,一般,*,*,*,に,ニ,ニ
なっ	動詞,自立,*,*,五段・ラ行,連用タ接続,なる,ナッ,ナッ
た	助動詞,*,*,*,特殊・タ,基本形,た,タ,タ
方	名詞,非自立,一般,*,*,*,方,ホウ,ホー
を	助詞,格助詞,一般,*,*,*,を,ヲ,ヲ
信じ	動詞,自立,*,*,一段,連用形,信じる,シンジ,シンジ
て	助詞,接続助詞,*,*,*,*,て,テ,テ
いる	動詞,非自立,*,*,一段,基本形,いる,イル,イル
[	名詞,サ変接続,*,*,*,*,*
あなた	名詞,代名詞,一般,*,*,*,あなた,アナタ,アナタ
方	名詞,接尾,一般,*,*,*,方,カタ,カタ
の	助詞,連体化,*,*,*,*,の,ノ,ノ
ため	名詞,非自立,副詞可能,*,*,*,ため,タメ,タメ
な	助動詞,*,*,*,特殊・ダ,体言接続,だ,ナ,ナ
の	名詞,非自立,一般,*,*,*,の,ノ,ノ
です	助動詞,*,*,*,特殊・デス,基本形,です,デス,デス
]。	名詞,サ変接続,*,*,*,*,*
それ	名詞,代名詞,一般,*,*,*,それ,ソレ,ソレ
は	助詞,係助詞,*,*,*,*,は,ハ,ワ
，	記号,読点,*,*,*,*,，,，,，
あなた	名詞,代名詞,一般,*,*,*,あなた,アナタ,アナタ
方	名詞,接尾,一般,*,*,*,方,カタ,カタ
の	助詞,連体化,*,*,*,*,の,ノ,ノ
信仰	名詞,サ変接続,*,*,*,*,信仰,シンコウ,シンコー
と	助詞,並立助詞,*,*,*,*,と,ト,ト
希望	名詞,サ変接続,*,*,*,*,希望,キボウ,キボー
を	助詞,格助詞,一般,*,*,*,を,ヲ,ヲ
神	名詞,一般,*,*,*,*,神,カミ,カミ
に	助詞,格助詞,一般,*,*,*,に,ニ,ニ
向かわ	動詞,自立,*,*,五段・ワ行促音便,未然形,向かう,ムカワ,ムカワ
せる	動詞,接尾,*,*,一段,基本形,せる,セル,セル
ため	名詞,非自立,副詞可能,*,*,*,ため,タメ,タメ
でし	助動詞,*,*,*,特殊・デス,連用形,です,デシ,デシ
た	助動詞,*,*,*,特殊・タ,基本形,た,タ,タ
。	記号,句点,*,*,*,*,。,。,。
あなた	名詞,代名詞,一般,*,*,*,あなた,アナタ,アナタ
方	名詞,接尾,一般,*,*,*,方,カタ,カタ
は	助詞,係助詞,*,*,*,*,は,ハ,ワ
，	記号,読点,*,*,*,*,，,，,，
真理	名詞,一般,*,*,*,*,真理,シンリ,シンリ
に対する	助詞,格助詞,連語,*,*,*,に対する,ニタイスル,ニタイスル
従順	名詞,一般,*,*,*,*,従順,ジュウジュン,ジュージュン
によって	助詞,格助詞,連語,*,*,*,によって,ニヨッテ,ニヨッテ
自分	名詞,一般,*,*,*,*,自分,ジブン,ジブン
の	助詞,連体化,*,*,*,*,の,ノ,ノ
魂	名詞,一般,*,*,*,*,魂,タマシイ,タマシー
を	助詞,格助詞,一般,*,*,*,を,ヲ,ヲ
浄	名詞,固有名詞,人名,名,*,*,浄,キヨシ,キヨシ
め	名詞,接尾,一般,*,*,*,め,メ,メ
，	記号,読点,*,*,*,*,，,，,，
その	連体詞,*,*,*,*,*,その,ソノ,ソノ
結果	名詞,副詞可能,*,*,*,*,結果,ケッカ,ケッカ
偽善	名詞,一般,*,*,*,*,偽善,ギゼン,ギゼン
の	助詞,格助詞,一般,*,*,*,の,ノ,ノ
ない	形容詞,自立,*,*,形容詞・アウオ段,基本形,ない,ナイ,ナイ
兄弟	名詞,一般,*,*,*,*,兄弟,キョウダイ,キョーダイ
の	助詞,連体化,*,*,*,*,の,ノ,ノ
愛情	名詞,一般,*,*,*,*,愛情,アイジョウ,アイジョー
を	助詞,格助詞,一般,*,*,*,を,ヲ,ヲ
得	動詞,自立,*,*,一段,連用形,得る,エ,エ
た	助動詞,*,*,*,特殊・タ,基本形,た,タ,タ
の	名詞,非自立,一般,*,*,*,の,ノ,ノ
です	助動詞,*,*,*,特殊・デス,基本形,です,デス,デス
から	助詞,接続助詞,*,*,*,*,から,カラ,カラ
，	記号,読点,*,*,*,*,，,，,，
互いに	副詞,一般,*,*,*,*,互いに,タガイニ,タガイニ
心から	副詞,助詞類接続,*,*,*,*,心から,ココロカラ,ココロカラ
熱烈	名詞,形容動詞語幹,*,*,*,*,熱烈,ネツレツ,ネツレツ
に	助詞,副詞化,*,*,*,*,に,ニ,ニ
愛し合い	動詞,自立,*,*,五段・ワ行促音便,連用形,愛し合う,アイシアイ,アイシアイ
なさい	動詞,非自立,*,*,五段・ラ行特殊,命令ｉ,なさる,ナサイ,ナサイ
。	記号,句点,*,*,*,*,。,。,。
あなた	名詞,代名詞,一般,*,*,*,あなた,アナタ,アナタ
方	名詞,接尾,一般,*,*,*,方,カタ,カタ
は	助詞,係助詞,*,*,*,*,は,ハ,ワ
，	記号,読点,*,*,*,*,，,，,，
朽ちる	動詞,自立,*,*,一段,基本形,朽ちる,クチル,クチル
[	名詞,サ変接続,*,*,*,*,*
種	名詞,接尾,一般,*,*,*,種,シュ,シュ
]	名詞,サ変接続,*,*,*,*,*
で	助詞,格助詞,一般,*,*,*,で,デ,デ
は	助詞,係助詞,*,*,*,*,は,ハ,ワ
なく	助動詞,*,*,*,特殊・ナイ,連用テ接続,ない,ナク,ナク
，	記号,読点,*,*,*,*,，,，,，
朽ちる	動詞,自立,*,*,一段,基本形,朽ちる,クチル,クチル
こと	名詞,非自立,一般,*,*,*,こと,コト,コト
の	助詞,格助詞,一般,*,*,*,の,ノ,ノ
ない	形容詞,自立,*,*,形容詞・アウオ段,基本形,ない,ナイ,ナイ
，	記号,読点,*,*,*,*,，,，,，
[	名詞,サ変接続,*,*,*,*,*
再生	名詞,サ変接続,*,*,*,*,再生,サイセイ,サイセイ
する	動詞,自立,*,*,サ変・スル,基本形,する,スル,スル
]	名詞,サ変接続,*,*,*,*,*
種	名詞,接尾,一般,*,*,*,種,シュ,シュ
により	助詞,格助詞,連語,*,*,*,により,ニヨリ,ニヨリ
，	記号,読点,*,*,*,*,，,，,，
生ける	動詞,自立,*,*,一段,基本形,生ける,イケル,イケル
，	記号,読点,*,*,*,*,，,，,，
いつ	名詞,代名詞,一般,*,*,*,いつ,イツ,イツ
まで	助詞,副助詞,*,*,*,*,まで,マデ,マデ
も	助詞,係助詞,*,*,*,*,も,モ,モ
存在	名詞,サ変接続,*,*,*,*,存在,ソンザイ,ソンザイ
さ	動詞,自立,*,*,サ変・スル,未然レル接続,する,サ,サ
れる	動詞,接尾,*,*,一段,基本形,れる,レル,レル
神	名詞,一般,*,*,*,*,神,カミ,カミ
の	助詞,連体化,*,*,*,*,の,ノ,ノ
言葉	名詞,一般,*,*,*,*,言葉,コトバ,コトバ
を通して	助詞,格助詞,連語,*,*,*,を通して,ヲトオシテ,ヲトーシテ
新た	名詞,形容動詞語幹,*,*,*,*,新た,アラタ,アラタ
な	助動詞,*,*,*,特殊・ダ,体言接続,だ,ナ,ナ
誕生	名詞,サ変接続,*,*,*,*,誕生,タンジョウ,タンジョー
を	助詞,格助詞,一般,*,*,*,を,ヲ,ヲ
与え	動詞,自立,*,*,一段,未然形,与える,アタエ,アタエ
られ	動詞,接尾,*,*,一段,連用形,られる,ラレ,ラレ
た	助動詞,*,*,*,特殊・タ,基本形,た,タ,タ
の	名詞,非自立,一般,*,*,*,の,ノ,ノ
です	助動詞,*,*,*,特殊・デス,基本形,です,デス,デス
。	記号,句点,*,*,*,*,。,。,。
「	記号,括弧開,*,*,*,*,「,「,「
肉	名詞,一般,*,*,*,*,肉,ニク,ニク
なる	動詞,自立,*,*,五段・ラ行,基本形,なる,ナル,ナル
者	名詞,非自立,一般,*,*,*,者,モノ,モノ
は	助詞,係助詞,*,*,*,*,は,ハ,ワ
みな	名詞,代名詞,一般,*,*,*,みな,ミナ,ミナ
草	名詞,一般,*,*,*,*,草,クサ,クサ
の	助詞,連体化,*,*,*,*,の,ノ,ノ
ごとく	助動詞,*,*,*,文語・ゴトシ,連用形,ごとし,ゴトク,ゴトク
，	記号,読点,*,*,*,*,，,，,，
その	連体詞,*,*,*,*,*,その,ソノ,ソノ
栄光	名詞,一般,*,*,*,*,栄光,エイコウ,エイコー
は	助詞,係助詞,*,*,*,*,は,ハ,ワ
みな	名詞,代名詞,一般,*,*,*,みな,ミナ,ミナ
草	名詞,一般,*,*,*,*,草,クサ,クサ
の	助詞,連体化,*,*,*,*,の,ノ,ノ
花	名詞,一般,*,*,*,*,花,ハナ,ハナ
の	助詞,連体化,*,*,*,*,の,ノ,ノ
よう	名詞,非自立,助動詞語幹,*,*,*,よう,ヨウ,ヨー
で	助動詞,*,*,*,特殊・ダ,連用形,だ,デ,デ
ある	助動詞,*,*,*,五段・ラ行アル,基本形,ある,アル,アル
。	記号,句点,*,*,*,*,。,。,。
草	名詞,一般,*,*,*,*,草,クサ,クサ
は	助詞,係助詞,*,*,*,*,は,ハ,ワ
枯れ	動詞,自立,*,*,一段,連用形,枯れる,カレ,カレ
，	記号,読点,*,*,*,*,，,，,，
花	名詞,一般,*,*,*,*,花,ハナ,ハナ
は	助詞,係助詞,*,*,*,*,は,ハ,ワ
落ちる	動詞,自立,*,*,一段,基本形,落ちる,オチル,オチル
。	記号,句点,*,*,*,*,。,。,。
しかし	接続詞,*,*,*,*,*,しかし,シカシ,シカシ
エホバ	名詞,一般,*,*,*,*,エホバ,エホバ,エホバ
の	助詞,連体化,*,*,*,*,の,ノ,ノ
ことば	名詞,一般,*,*,*,*,ことば,コトバ,コトバ
は	助詞,係助詞,*,*,*,*,は,ハ,ワ
永久	名詞,形容動詞語幹,*,*,*,*,永久,エイキュウ,エイキュー
に	助詞,副詞化,*,*,*,*,に,ニ,ニ
存続	名詞,サ変接続,*,*,*,*,存続,ソンゾク,ソンゾク
する	動詞,自立,*,*,サ変・スル,基本形,する,スル,スル
」	記号,括弧閉,*,*,*,*,」,」,」
と	助詞,格助詞,引用,*,*,*,と,ト,ト
ある	動詞,自立,*,*,五段・ラ行,基本形,ある,アル,アル
から	助詞,接続助詞,*,*,*,*,から,カラ,カラ
です	助動詞,*,*,*,特殊・デス,基本形,です,デス,デス
。	記号,句点,*,*,*,*,。,。,。
そして	接続詞,*,*,*,*,*,そして,ソシテ,ソシテ
，	記号,読点,*,*,*,*,，,，,，
これ	名詞,代名詞,一般,*,*,*,これ,コレ,コレ
が	助詞,格助詞,一般,*,*,*,が,ガ,ガ
，	記号,読点,*,*,*,*,，,，,，
すなわち	接続詞,*,*,*,*,*,すなわち,スナワチ,スナワチ
，	記号,読点,*,*,*,*,，,，,，
あなた	名詞,代名詞,一般,*,*,*,あなた,アナタ,アナタ
方	名詞,接尾,一般,*,*,*,方,カタ,カタ
に	助詞,格助詞,一般,*,*,*,に,ニ,ニ
良い	形容詞,自立,*,*,形容詞・アウオ段,基本形,良い,ヨイ,ヨイ
たより	名詞,一般,*,*,*,*,たより,タヨリ,タヨリ
として	助詞,格助詞,連語,*,*,*,として,トシテ,トシテ
宣明	名詞,固有名詞,人名,名,*,*,宣明,ノブアキ,ノブアキ
さ	動詞,自立,*,*,サ変・スル,未然レル接続,する,サ,サ
れ	動詞,接尾,*,*,一段,連用形,れる,レ,レ
た	助動詞,*,*,*,特殊・タ,基本形,た,タ,タ
こと	名詞,非自立,一般,*,*,*,こと,コト,コト
が	助詞,格助詞,一般,*,*,*,が,ガ,ガ
，	記号,読点,*,*,*,*,，,，,，
その	連体詞,*,*,*,*,*,その,ソノ,ソノ
「	記号,括弧開,*,*,*,*,「,「,「
ことば	名詞,一般,*,*,*,*,ことば,コトバ,コトバ
」	記号,括弧閉,*,*,*,*,」,」,」
な	助動詞,*,*,*,特殊・ダ,体言接続,だ,ナ,ナ
の	名詞,非自立,一般,*,*,*,の,ノ,ノ
です	助動詞,*,*,*,特殊・デス,基本形,です,デス,デス
。	記号,句点,*,*,*,*,。,。,。
EOS
