そして	接続詞,*,*,*,*,*,そして,ソシテ,ソシテ
，	記号,読点,*,*,*,*,，,，,，
わたし	名詞,代名詞,一般,*,*,*,わたし,ワタシ,ワタシ
は	助詞,係助詞,*,*,*,*,は,ハ,ワ
聖なる	連体詞,*,*,*,*,*,聖なる,セイナル,セイナル
所	名詞,非自立,副詞可能,*,*,*,所,トコロ,トコロ
から	助詞,格助詞,一般,*,*,*,から,カラ,カラ
出る	動詞,自立,*,*,一段,基本形,出る,デル,デル
大きな	連体詞,*,*,*,*,*,大きな,オオキナ,オーキナ
声	名詞,一般,*,*,*,*,声,コエ,コエ
が	助詞,格助詞,一般,*,*,*,が,ガ,ガ
七	名詞,数,*,*,*,*,七,ナナ,ナナ
人	名詞,接尾,助数詞,*,*,*,人,ニン,ニン
のみ	助詞,副助詞,*,*,*,*,のみ,ノミ,ノミ
使い	名詞,一般,*,*,*,*,使い,ツカイ,ツカイ
に	助詞,格助詞,一般,*,*,*,に,ニ,ニ
こう	副詞,助詞類接続,*,*,*,*,こう,コウ,コー
言う	動詞,自立,*,*,五段・ワ行促音便,基本形,言う,イウ,イウ
の	名詞,非自立,一般,*,*,*,の,ノ,ノ
を	助詞,格助詞,一般,*,*,*,を,ヲ,ヲ
聞い	動詞,自立,*,*,五段・カ行イ音便,連用タ接続,聞く,キイ,キイ
た	助動詞,*,*,*,特殊・タ,基本形,た,タ,タ
。	記号,句点,*,*,*,*,。,。,。
「	記号,括弧開,*,*,*,*,「,「,「
行っ	動詞,自立,*,*,五段・ワ行促音便,連用タ接続,行う,オコナッ,オコナッ
て	助詞,接続助詞,*,*,*,*,て,テ,テ
，	記号,読点,*,*,*,*,，,，,，
神	名詞,一般,*,*,*,*,神,カミ,カミ
の	助詞,連体化,*,*,*,*,の,ノ,ノ
怒り	名詞,一般,*,*,*,*,怒り,イカリ,イカリ
の	助詞,連体化,*,*,*,*,の,ノ,ノ
七つ	名詞,一般,*,*,*,*,七つ,ナナツ,ナナツ
の	助詞,連体化,*,*,*,*,の,ノ,ノ
鉢	名詞,一般,*,*,*,*,鉢,ハチ,ハチ
の	助詞,連体化,*,*,*,*,の,ノ,ノ
中	名詞,非自立,副詞可能,*,*,*,中,ナカ,ナカ
から	助詞,格助詞,一般,*,*,*,から,カラ,カラ
地	名詞,一般,*,*,*,*,地,チ,チ
に	助詞,格助詞,一般,*,*,*,に,ニ,ニ
注ぎ	動詞,自立,*,*,五段・ガ行,連用形,注ぐ,ソソギ,ソソギ
出し	動詞,非自立,*,*,五段・サ行,連用形,出す,ダシ,ダシ
なさい	動詞,非自立,*,*,五段・ラ行特殊,命令ｉ,なさる,ナサイ,ナサイ
」	記号,括弧閉,*,*,*,*,」,」,」
。	記号,句点,*,*,*,*,。,。,。
そして	接続詞,*,*,*,*,*,そして,ソシテ,ソシテ
，	記号,読点,*,*,*,*,，,，,，
第	接頭詞,数接続,*,*,*,*,第,ダイ,ダイ
一	名詞,数,*,*,*,*,一,イチ,イチ
の	助詞,連体化,*,*,*,*,の,ノ,ノ
者	名詞,非自立,一般,*,*,*,者,モノ,モノ
が	助詞,格助詞,一般,*,*,*,が,ガ,ガ
出	動詞,自立,*,*,一段,連用形,出る,デ,デ
て	助詞,接続助詞,*,*,*,*,て,テ,テ
行っ	動詞,非自立,*,*,五段・カ行促音便,連用タ接続,行く,イッ,イッ
て	助詞,接続助詞,*,*,*,*,て,テ,テ
，	記号,読点,*,*,*,*,，,，,，
自分	名詞,一般,*,*,*,*,自分,ジブン,ジブン
の	助詞,連体化,*,*,*,*,の,ノ,ノ
鉢	名詞,一般,*,*,*,*,鉢,ハチ,ハチ
の	助詞,連体化,*,*,*,*,の,ノ,ノ
中	名詞,非自立,副詞可能,*,*,*,中,ナカ,ナカ
から	助詞,格助詞,一般,*,*,*,から,カラ,カラ
地	名詞,一般,*,*,*,*,地,チ,チ
に	助詞,格助詞,一般,*,*,*,に,ニ,ニ
注ぎ	動詞,自立,*,*,五段・ガ行,連用形,注ぐ,ソソギ,ソソギ
出し	動詞,非自立,*,*,五段・サ行,連用形,出す,ダシ,ダシ
た	助動詞,*,*,*,特殊・タ,基本形,た,タ,タ
。	記号,句点,*,*,*,*,。,。,。
する	動詞,自立,*,*,サ変・スル,基本形,する,スル,スル
と	助詞,接続助詞,*,*,*,*,と,ト,ト
，	記号,読点,*,*,*,*,，,，,，
害	名詞,一般,*,*,*,*,害,ガイ,ガイ
を	助詞,格助詞,一般,*,*,*,を,ヲ,ヲ
もたらす	動詞,自立,*,*,五段・サ行,基本形,もたらす,モタラス,モタラス
悪性	名詞,一般,*,*,*,*,悪性,アクセイ,アクセイ
の	助詞,連体化,*,*,*,*,の,ノ,ノ
かいよう	名詞,一般,*,*,*,*,かいよう,カイヨウ,カイヨー
が	助詞,格助詞,一般,*,*,*,が,ガ,ガ
，	記号,読点,*,*,*,*,，,，,，
野獣	名詞,一般,*,*,*,*,野獣,ヤジュウ,ヤジュー
の	助詞,連体化,*,*,*,*,の,ノ,ノ
印	名詞,一般,*,*,*,*,印,シルシ,シルシ
を	助詞,格助詞,一般,*,*,*,を,ヲ,ヲ
持ち	動詞,自立,*,*,五段・タ行,連用形,持つ,モチ,モチ
，	記号,読点,*,*,*,*,，,，,，
その	連体詞,*,*,*,*,*,その,ソノ,ソノ
像	名詞,一般,*,*,*,*,像,ゾウ,ゾー
を	助詞,格助詞,一般,*,*,*,を,ヲ,ヲ
崇拝	名詞,サ変接続,*,*,*,*,崇拝,スウハイ,スーハイ
し	動詞,自立,*,*,サ変・スル,連用形,する,シ,シ
て	助詞,接続助詞,*,*,*,*,て,テ,テ
い	動詞,非自立,*,*,一段,連用形,いる,イ,イ
た	助動詞,*,*,*,特殊・タ,基本形,た,タ,タ
者	名詞,一般,*,*,*,*,者,モノ,モノ
たち	名詞,接尾,一般,*,*,*,たち,タチ,タチ
に	助詞,格助詞,一般,*,*,*,に,ニ,ニ
生じ	動詞,自立,*,*,一段,連用形,生じる,ショウジ,ショージ
た	助動詞,*,*,*,特殊・タ,基本形,た,タ,タ
。	記号,句点,*,*,*,*,。,。,。
また	接続詞,*,*,*,*,*,また,マタ,マタ
，	記号,読点,*,*,*,*,，,，,，
第	接頭詞,数接続,*,*,*,*,第,ダイ,ダイ
二	名詞,数,*,*,*,*,二,ニ,ニ
の	助詞,連体化,*,*,*,*,の,ノ,ノ
者	名詞,非自立,一般,*,*,*,者,モノ,モノ
が	助詞,格助詞,一般,*,*,*,が,ガ,ガ
その	連体詞,*,*,*,*,*,その,ソノ,ソノ
鉢	名詞,一般,*,*,*,*,鉢,ハチ,ハチ
の	助詞,連体化,*,*,*,*,の,ノ,ノ
中	名詞,非自立,副詞可能,*,*,*,中,ナカ,ナカ
から	助詞,格助詞,一般,*,*,*,から,カラ,カラ
海	名詞,一般,*,*,*,*,海,ウミ,ウミ
に	助詞,格助詞,一般,*,*,*,に,ニ,ニ
注ぎ	動詞,自立,*,*,五段・ガ行,連用形,注ぐ,ソソギ,ソソギ
出し	動詞,非自立,*,*,五段・サ行,連用形,出す,ダシ,ダシ
た	助動詞,*,*,*,特殊・タ,基本形,た,タ,タ
。	記号,句点,*,*,*,*,。,。,。
する	動詞,自立,*,*,サ変・スル,基本形,する,スル,スル
と	助詞,接続助詞,*,*,*,*,と,ト,ト
，	記号,読点,*,*,*,*,，,，,，
それ	名詞,代名詞,一般,*,*,*,それ,ソレ,ソレ
は	助詞,係助詞,*,*,*,*,は,ハ,ワ
死人	名詞,一般,*,*,*,*,死人,シニン,シニン
の	助詞,連体化,*,*,*,*,の,ノ,ノ
血	名詞,一般,*,*,*,*,血,チ,チ
の	助詞,連体化,*,*,*,*,の,ノ,ノ
よう	名詞,非自立,助動詞語幹,*,*,*,よう,ヨウ,ヨー
に	助詞,格助詞,一般,*,*,*,に,ニ,ニ
なり	動詞,自立,*,*,五段・ラ行,連用形,なる,ナリ,ナリ
，	記号,読点,*,*,*,*,，,，,，
すべて	名詞,副詞可能,*,*,*,*,すべて,スベテ,スベテ
の	助詞,連体化,*,*,*,*,の,ノ,ノ
生き	動詞,自立,*,*,一段,連用形,生きる,イキ,イキ
た	助動詞,*,*,*,特殊・タ,基本形,た,タ,タ
魂	名詞,一般,*,*,*,*,魂,タマシイ,タマシー
が	助詞,格助詞,一般,*,*,*,が,ガ,ガ
，[	名詞,サ変接続,*,*,*,*,*
しかり	動詞,自立,*,*,五段・ラ行,連用形,しかる,シカリ,シカリ
，	記号,読点,*,*,*,*,，,，,，
]	名詞,サ変接続,*,*,*,*,*
海	名詞,一般,*,*,*,*,海,ウミ,ウミ
に	助詞,格助詞,一般,*,*,*,に,ニ,ニ
ある	動詞,自立,*,*,五段・ラ行,基本形,ある,アル,アル
もの	名詞,非自立,一般,*,*,*,もの,モノ,モノ
が	助詞,格助詞,一般,*,*,*,が,ガ,ガ
死ん	動詞,自立,*,*,五段・ナ行,連用タ接続,死ぬ,シン,シン
だ	助動詞,*,*,*,特殊・タ,基本形,だ,ダ,ダ
。	記号,句点,*,*,*,*,。,。,。
また	接続詞,*,*,*,*,*,また,マタ,マタ
，	記号,読点,*,*,*,*,，,，,，
第	接頭詞,数接続,*,*,*,*,第,ダイ,ダイ
三	名詞,数,*,*,*,*,三,サン,サン
の	助詞,連体化,*,*,*,*,の,ノ,ノ
者	名詞,非自立,一般,*,*,*,者,モノ,モノ
が	助詞,格助詞,一般,*,*,*,が,ガ,ガ
その	連体詞,*,*,*,*,*,その,ソノ,ソノ
鉢	名詞,一般,*,*,*,*,鉢,ハチ,ハチ
の	助詞,連体化,*,*,*,*,の,ノ,ノ
中	名詞,非自立,副詞可能,*,*,*,中,ナカ,ナカ
から	助詞,格助詞,一般,*,*,*,から,カラ,カラ
川	名詞,一般,*,*,*,*,川,カワ,カワ
と	助詞,並立助詞,*,*,*,*,と,ト,ト
水	名詞,一般,*,*,*,*,水,ミズ,ミズ
の	助詞,格助詞,一般,*,*,*,の,ノ,ノ
わき出る	動詞,自立,*,*,一段,基本形,わき出る,ワキデル,ワキデル
ところ	名詞,非自立,副詞可能,*,*,*,ところ,トコロ,トコロ
と	助詞,並立助詞,*,*,*,*,と,ト,ト
に	助詞,格助詞,一般,*,*,*,に,ニ,ニ
注ぎ	動詞,自立,*,*,五段・ガ行,連用形,注ぐ,ソソギ,ソソギ
出し	動詞,非自立,*,*,五段・サ行,連用形,出す,ダシ,ダシ
た	助動詞,*,*,*,特殊・タ,基本形,た,タ,タ
。	記号,句点,*,*,*,*,。,。,。
する	動詞,自立,*,*,サ変・スル,基本形,する,スル,スル
と	助詞,接続助詞,*,*,*,*,と,ト,ト
，	記号,読点,*,*,*,*,，,，,，
それら	名詞,代名詞,一般,*,*,*,それら,ソレラ,ソレラ
は	助詞,係助詞,*,*,*,*,は,ハ,ワ
血	名詞,一般,*,*,*,*,血,チ,チ
に	助詞,格助詞,一般,*,*,*,に,ニ,ニ
なっ	動詞,自立,*,*,五段・ラ行,連用タ接続,なる,ナッ,ナッ
た	助動詞,*,*,*,特殊・タ,基本形,た,タ,タ
。	記号,句点,*,*,*,*,。,。,。
そして	接続詞,*,*,*,*,*,そして,ソシテ,ソシテ
わたし	名詞,代名詞,一般,*,*,*,わたし,ワタシ,ワタシ
は	助詞,係助詞,*,*,*,*,は,ハ,ワ
，	記号,読点,*,*,*,*,，,，,，
水	名詞,一般,*,*,*,*,水,ミズ,ミズ
を	助詞,格助詞,一般,*,*,*,を,ヲ,ヲ
つかさどる	動詞,自立,*,*,五段・ラ行,基本形,つかさどる,ツカサドル,ツカサドル
み	接頭詞,名詞接続,*,*,*,*,み,ミ,ミ
使い	名詞,一般,*,*,*,*,使い,ツカイ,ツカイ
が	助詞,格助詞,一般,*,*,*,が,ガ,ガ
こう	副詞,助詞類接続,*,*,*,*,こう,コウ,コー
言う	動詞,自立,*,*,五段・ワ行促音便,基本形,言う,イウ,イウ
の	名詞,非自立,一般,*,*,*,の,ノ,ノ
を	助詞,格助詞,一般,*,*,*,を,ヲ,ヲ
聞い	動詞,自立,*,*,五段・カ行イ音便,連用タ接続,聞く,キイ,キイ
た	助動詞,*,*,*,特殊・タ,基本形,た,タ,タ
。	記号,句点,*,*,*,*,。,。,。
「	記号,括弧開,*,*,*,*,「,「,「
今	名詞,副詞可能,*,*,*,*,今,イマ,イマ
おら	動詞,自立,*,*,五段・ラ行,未然形,おる,オラ,オラ
れ	動詞,接尾,*,*,一段,連用形,れる,レ,レ
，	記号,読点,*,*,*,*,，,，,，
かつて	副詞,一般,*,*,*,*,かつて,カツテ,カツテ
おら	動詞,自立,*,*,五段・ラ行,未然形,おる,オラ,オラ
れ	動詞,接尾,*,*,一段,連用形,れる,レ,レ
た	助動詞,*,*,*,特殊・タ,基本形,た,タ,タ
方	名詞,非自立,一般,*,*,*,方,ホウ,ホー
，	記号,読点,*,*,*,*,，,，,，
忠節	名詞,一般,*,*,*,*,忠節,チュウセツ,チューセツ
な	助動詞,*,*,*,特殊・ダ,体言接続,だ,ナ,ナ
方	名詞,非自立,一般,*,*,*,方,ホウ,ホー
，	記号,読点,*,*,*,*,，,，,，
あなた	名詞,代名詞,一般,*,*,*,あなた,アナタ,アナタ
は	助詞,係助詞,*,*,*,*,は,ハ,ワ
義	名詞,形容動詞語幹,*,*,*,*,義,ギ,ギ
に	助詞,副詞化,*,*,*,*,に,ニ,ニ
かなっ	動詞,自立,*,*,五段・ワ行促音便,連用タ接続,かなう,カナッ,カナッ
て	助詞,接続助詞,*,*,*,*,て,テ,テ
おら	動詞,自立,*,*,五段・ラ行,未然形,おる,オラ,オラ
れ	動詞,接尾,*,*,一段,連用形,れる,レ,レ
ます	助動詞,*,*,*,特殊・マス,基本形,ます,マス,マス
。	記号,句点,*,*,*,*,。,。,。
この	連体詞,*,*,*,*,*,この,コノ,コノ
よう	名詞,非自立,助動詞語幹,*,*,*,よう,ヨウ,ヨー
な	助動詞,*,*,*,特殊・ダ,体言接続,だ,ナ,ナ
決定	名詞,サ変接続,*,*,*,*,決定,ケッテイ,ケッテイ
を	助詞,格助詞,一般,*,*,*,を,ヲ,ヲ
下さ	動詞,自立,*,*,五段・サ行,未然形,下す,クダサ,クダサ
れ	動詞,接尾,*,*,一段,連用形,れる,レ,レ
た	助動詞,*,*,*,特殊・タ,基本形,た,タ,タ
から	助詞,接続助詞,*,*,*,*,から,カラ,カラ
です	助動詞,*,*,*,特殊・デス,基本形,です,デス,デス
。	記号,句点,*,*,*,*,。,。,。
彼ら	名詞,代名詞,一般,*,*,*,彼ら,カレラ,カレラ
は	助詞,係助詞,*,*,*,*,は,ハ,ワ
聖なる	連体詞,*,*,*,*,*,聖なる,セイナル,セイナル
者	名詞,非自立,一般,*,*,*,者,モノ,モノ
と	助詞,格助詞,引用,*,*,*,と,ト,ト
預言	名詞,サ変接続,*,*,*,*,預言,ヨゲン,ヨゲン
者	名詞,接尾,一般,*,*,*,者,シャ,シャ
たち	名詞,接尾,一般,*,*,*,たち,タチ,タチ
の	助詞,連体化,*,*,*,*,の,ノ,ノ
血	名詞,一般,*,*,*,*,血,チ,チ
を	助詞,格助詞,一般,*,*,*,を,ヲ,ヲ
注ぎ	動詞,自立,*,*,五段・ガ行,連用形,注ぐ,ソソギ,ソソギ
出し	動詞,非自立,*,*,五段・サ行,連用形,出す,ダシ,ダシ
まし	助動詞,*,*,*,特殊・マス,連用形,ます,マシ,マシ
た	助動詞,*,*,*,特殊・タ,基本形,た,タ,タ
が	助詞,接続助詞,*,*,*,*,が,ガ,ガ
，	記号,読点,*,*,*,*,，,，,，
あなた	名詞,代名詞,一般,*,*,*,あなた,アナタ,アナタ
は	助詞,係助詞,*,*,*,*,は,ハ,ワ
彼ら	名詞,代名詞,一般,*,*,*,彼ら,カレラ,カレラ
に	助詞,格助詞,一般,*,*,*,に,ニ,ニ
血	名詞,一般,*,*,*,*,血,チ,チ
を	助詞,格助詞,一般,*,*,*,を,ヲ,ヲ
与え	動詞,自立,*,*,一段,連用形,与える,アタエ,アタエ
て	助詞,接続助詞,*,*,*,*,て,テ,テ
飲ま	動詞,自立,*,*,五段・マ行,未然形,飲む,ノマ,ノマ
せ	動詞,接尾,*,*,一段,連用形,せる,セ,セ
まし	助動詞,*,*,*,特殊・マス,連用形,ます,マシ,マシ
た	助動詞,*,*,*,特殊・タ,基本形,た,タ,タ
。	記号,句点,*,*,*,*,。,。,。
彼ら	名詞,代名詞,一般,*,*,*,彼ら,カレラ,カレラ
は	助詞,係助詞,*,*,*,*,は,ハ,ワ
そう	副詞,助詞類接続,*,*,*,*,そう,ソウ,ソー
さ	動詞,自立,*,*,サ変・スル,未然レル接続,する,サ,サ
れる	動詞,接尾,*,*,一段,基本形,れる,レル,レル
に	助詞,格助詞,一般,*,*,*,に,ニ,ニ
価する	動詞,自立,*,*,サ変・−スル,基本形,価する,アタイスル,アタイスル
の	名詞,非自立,一般,*,*,*,の,ノ,ノ
です	助動詞,*,*,*,特殊・デス,基本形,です,デス,デス
」	記号,括弧閉,*,*,*,*,」,」,」
。	記号,句点,*,*,*,*,。,。,。
また	接続詞,*,*,*,*,*,また,マタ,マタ
，	記号,読点,*,*,*,*,，,，,，
わたし	名詞,代名詞,一般,*,*,*,わたし,ワタシ,ワタシ
は	助詞,係助詞,*,*,*,*,は,ハ,ワ
祭壇	名詞,一般,*,*,*,*,祭壇,サイダン,サイダン
が	助詞,格助詞,一般,*,*,*,が,ガ,ガ
こう	副詞,助詞類接続,*,*,*,*,こう,コウ,コー
言う	動詞,自立,*,*,五段・ワ行促音便,基本形,言う,イウ,イウ
の	名詞,非自立,一般,*,*,*,の,ノ,ノ
を	助詞,格助詞,一般,*,*,*,を,ヲ,ヲ
聞い	動詞,自立,*,*,五段・カ行イ音便,連用タ接続,聞く,キイ,キイ
た	助動詞,*,*,*,特殊・タ,基本形,た,タ,タ
。	記号,句点,*,*,*,*,。,。,。
「	記号,括弧開,*,*,*,*,「,「,「
そう	副詞,助詞類接続,*,*,*,*,そう,ソウ,ソー
です	助動詞,*,*,*,特殊・デス,基本形,です,デス,デス
，	記号,読点,*,*,*,*,，,，,，
全能	名詞,一般,*,*,*,*,全能,ゼンノウ,ゼンノー
者	名詞,接尾,一般,*,*,*,者,シャ,シャ
なる	助動詞,*,*,*,文語・ナリ,体言接続,なり,ナル,ナル
エホバ	名詞,一般,*,*,*,*,エホバ,エホバ,エホバ
神	名詞,接尾,一般,*,*,*,神,シン,シン
，	記号,読点,*,*,*,*,，,，,，
あなた	名詞,代名詞,一般,*,*,*,あなた,アナタ,アナタ
の	助詞,連体化,*,*,*,*,の,ノ,ノ
司法	名詞,一般,*,*,*,*,司法,シホウ,シホー
上	名詞,接尾,副詞可能,*,*,*,上,ジョウ,ジョー
の	助詞,連体化,*,*,*,*,の,ノ,ノ
決定	名詞,サ変接続,*,*,*,*,決定,ケッテイ,ケッテイ
は	助詞,係助詞,*,*,*,*,は,ハ,ワ
真実	名詞,一般,*,*,*,*,真実,シンジツ,シンジツ
で	助詞,格助詞,一般,*,*,*,で,デ,デ
義	名詞,形容動詞語幹,*,*,*,*,義,ギ,ギ
に	助詞,副詞化,*,*,*,*,に,ニ,ニ
かなっ	動詞,自立,*,*,五段・ワ行促音便,連用タ接続,かなう,カナッ,カナッ
て	助詞,接続助詞,*,*,*,*,て,テ,テ
い	動詞,非自立,*,*,一段,連用形,いる,イ,イ
ます	助動詞,*,*,*,特殊・マス,基本形,ます,マス,マス
」	記号,括弧閉,*,*,*,*,」,」,」
。	記号,句点,*,*,*,*,。,。,。
また	接続詞,*,*,*,*,*,また,マタ,マタ
，	記号,読点,*,*,*,*,，,，,，
第	接頭詞,数接続,*,*,*,*,第,ダイ,ダイ
四	名詞,数,*,*,*,*,四,ヨン,ヨン
の	助詞,連体化,*,*,*,*,の,ノ,ノ
者	名詞,非自立,一般,*,*,*,者,モノ,モノ
が	助詞,格助詞,一般,*,*,*,が,ガ,ガ
その	連体詞,*,*,*,*,*,その,ソノ,ソノ
鉢	名詞,一般,*,*,*,*,鉢,ハチ,ハチ
の	助詞,連体化,*,*,*,*,の,ノ,ノ
中	名詞,非自立,副詞可能,*,*,*,中,ナカ,ナカ
から	助詞,格助詞,一般,*,*,*,から,カラ,カラ
太陽	名詞,一般,*,*,*,*,太陽,タイヨウ,タイヨー
の	助詞,連体化,*,*,*,*,の,ノ,ノ
上	名詞,非自立,副詞可能,*,*,*,上,ウエ,ウエ
に	助詞,格助詞,一般,*,*,*,に,ニ,ニ
注ぎ	動詞,自立,*,*,五段・ガ行,連用形,注ぐ,ソソギ,ソソギ
出し	動詞,非自立,*,*,五段・サ行,連用形,出す,ダシ,ダシ
た	助動詞,*,*,*,特殊・タ,基本形,た,タ,タ
。	記号,句点,*,*,*,*,。,。,。
する	動詞,自立,*,*,サ変・スル,基本形,する,スル,スル
と	助詞,接続助詞,*,*,*,*,と,ト,ト
，	記号,読点,*,*,*,*,，,，,，
[	名詞,サ変接続,*,*,*,*,*
太陽	名詞,一般,*,*,*,*,太陽,タイヨウ,タイヨー
]	名詞,サ変接続,*,*,*,*,*
に	助詞,格助詞,一般,*,*,*,に,ニ,ニ
は	助詞,係助詞,*,*,*,*,は,ハ,ワ
，	記号,読点,*,*,*,*,，,，,，
人	名詞,一般,*,*,*,*,人,ヒト,ヒト
を	助詞,格助詞,一般,*,*,*,を,ヲ,ヲ
火	名詞,一般,*,*,*,*,火,ヒ,ヒ
で	助詞,格助詞,一般,*,*,*,で,デ,デ
焦がす	動詞,自立,*,*,五段・サ行,基本形,焦がす,コガス,コガス
こと	名詞,非自立,一般,*,*,*,こと,コト,コト
が	助詞,格助詞,一般,*,*,*,が,ガ,ガ
許さ	動詞,自立,*,*,五段・サ行,未然形,許す,ユルサ,ユルサ
れ	動詞,接尾,*,*,一段,連用形,れる,レ,レ
た	助動詞,*,*,*,特殊・タ,基本形,た,タ,タ
。	記号,句点,*,*,*,*,。,。,。
そして	接続詞,*,*,*,*,*,そして,ソシテ,ソシテ
，	記号,読点,*,*,*,*,，,，,，
人々	名詞,一般,*,*,*,*,人々,ヒトビト,ヒトビト
は	助詞,係助詞,*,*,*,*,は,ハ,ワ
激しい	形容詞,自立,*,*,形容詞・イ段,基本形,激しい,ハゲシイ,ハゲシイ
熱	名詞,一般,*,*,*,*,熱,ネツ,ネツ
で	助詞,格助詞,一般,*,*,*,で,デ,デ
焦がさ	動詞,自立,*,*,五段・サ行,未然形,焦がす,コガサ,コガサ
れ	動詞,接尾,*,*,一段,連用形,れる,レ,レ
た	助動詞,*,*,*,特殊・タ,基本形,た,タ,タ
が	助詞,接続助詞,*,*,*,*,が,ガ,ガ
，	記号,読点,*,*,*,*,，,，,，
彼ら	名詞,代名詞,一般,*,*,*,彼ら,カレラ,カレラ
は	助詞,係助詞,*,*,*,*,は,ハ,ワ
，	記号,読点,*,*,*,*,，,，,，
これら	名詞,代名詞,一般,*,*,*,これら,コレラ,コレラ
の	助詞,連体化,*,*,*,*,の,ノ,ノ
災厄	名詞,一般,*,*,*,*,災厄,サイヤク,サイヤク
に対して	助詞,格助詞,連語,*,*,*,に対して,ニタイシテ,ニタイシテ
権威	名詞,一般,*,*,*,*,権威,ケンイ,ケンイ
を	助詞,格助詞,一般,*,*,*,を,ヲ,ヲ
持た	動詞,自立,*,*,五段・タ行,未然形,持つ,モタ,モタ
れる	動詞,接尾,*,*,一段,基本形,れる,レル,レル
神	名詞,一般,*,*,*,*,神,カミ,カミ
の	助詞,連体化,*,*,*,*,の,ノ,ノ
名	名詞,一般,*,*,*,*,名,ナ,ナ
を	助詞,格助詞,一般,*,*,*,を,ヲ,ヲ
冒とく	名詞,サ変接続,*,*,*,*,冒とく,ボウトク,ボートク
し	動詞,自立,*,*,サ変・スル,連用形,する,シ,シ
，	記号,読点,*,*,*,*,，,，,，
悔い改め	動詞,自立,*,*,一段,連用形,悔い改める,クイアラタメ,クイアラタメ
て	助詞,接続助詞,*,*,*,*,て,テ,テ
[	名詞,サ変接続,*,*,*,*,*
神	名詞,接尾,一般,*,*,*,神,シン,シン
]	名詞,サ変接続,*,*,*,*,*
に	助詞,格助詞,一般,*,*,*,に,ニ,ニ
栄光	名詞,一般,*,*,*,*,栄光,エイコウ,エイコー
を	助詞,格助詞,一般,*,*,*,を,ヲ,ヲ
帰	名詞,サ変接続,*,*,*,*,帰,キ,キ
する	動詞,自立,*,*,サ変・スル,基本形,する,スル,スル
よう	名詞,非自立,助動詞語幹,*,*,*,よう,ヨウ,ヨー
に	助詞,格助詞,一般,*,*,*,に,ニ,ニ
は	助詞,係助詞,*,*,*,*,は,ハ,ワ
なら	動詞,自立,*,*,五段・ラ行,未然形,なる,ナラ,ナラ
なかっ	助動詞,*,*,*,特殊・ナイ,連用タ接続,ない,ナカッ,ナカッ
た	助動詞,*,*,*,特殊・タ,基本形,た,タ,タ
。	記号,句点,*,*,*,*,。,。,。
また	接続詞,*,*,*,*,*,また,マタ,マタ
，	記号,読点,*,*,*,*,，,，,，
第	接頭詞,数接続,*,*,*,*,第,ダイ,ダイ
五	名詞,数,*,*,*,*,五,ゴ,ゴ
の	助詞,連体化,*,*,*,*,の,ノ,ノ
者	名詞,非自立,一般,*,*,*,者,モノ,モノ
が	助詞,格助詞,一般,*,*,*,が,ガ,ガ
その	連体詞,*,*,*,*,*,その,ソノ,ソノ
鉢	名詞,一般,*,*,*,*,鉢,ハチ,ハチ
の	助詞,連体化,*,*,*,*,の,ノ,ノ
中	名詞,非自立,副詞可能,*,*,*,中,ナカ,ナカ
から	助詞,格助詞,一般,*,*,*,から,カラ,カラ
野獣	名詞,一般,*,*,*,*,野獣,ヤジュウ,ヤジュー
の	助詞,連体化,*,*,*,*,の,ノ,ノ
座	名詞,一般,*,*,*,*,座,ザ,ザ
の	助詞,連体化,*,*,*,*,の,ノ,ノ
上	名詞,非自立,副詞可能,*,*,*,上,ウエ,ウエ
に	助詞,格助詞,一般,*,*,*,に,ニ,ニ
注ぎ	動詞,自立,*,*,五段・ガ行,連用形,注ぐ,ソソギ,ソソギ
出し	動詞,非自立,*,*,五段・サ行,連用形,出す,ダシ,ダシ
た	助動詞,*,*,*,特殊・タ,基本形,た,タ,タ
。	記号,句点,*,*,*,*,。,。,。
する	動詞,自立,*,*,サ変・スル,基本形,する,スル,スル
と	助詞,接続助詞,*,*,*,*,と,ト,ト
，	記号,読点,*,*,*,*,，,，,，
その	連体詞,*,*,*,*,*,その,ソノ,ソノ
王国	名詞,一般,*,*,*,*,王国,オウコク,オーコク
は	助詞,係助詞,*,*,*,*,は,ハ,ワ
暗く	形容詞,自立,*,*,形容詞・アウオ段,連用テ接続,暗い,クラク,クラク
なり	動詞,自立,*,*,五段・ラ行,連用形,なる,ナリ,ナリ
，	記号,読点,*,*,*,*,，,，,，
彼ら	名詞,代名詞,一般,*,*,*,彼ら,カレラ,カレラ
は	助詞,係助詞,*,*,*,*,は,ハ,ワ
苦痛	名詞,一般,*,*,*,*,苦痛,クツウ,クツー
の	助詞,連体化,*,*,*,*,の,ノ,ノ
あまり	名詞,一般,*,*,*,*,あまり,アマリ,アマリ
自分	名詞,一般,*,*,*,*,自分,ジブン,ジブン
の	助詞,連体化,*,*,*,*,の,ノ,ノ
舌	名詞,一般,*,*,*,*,舌,シタ,シタ
を	助詞,格助詞,一般,*,*,*,を,ヲ,ヲ
かみ	動詞,自立,*,*,五段・マ行,連用形,かむ,カミ,カミ
はじめ	動詞,非自立,*,*,一段,連用形,はじめる,ハジメ,ハジメ
た	助動詞,*,*,*,特殊・タ,基本形,た,タ,タ
。	記号,句点,*,*,*,*,。,。,。
しかし	接続詞,*,*,*,*,*,しかし,シカシ,シカシ
，	記号,読点,*,*,*,*,，,，,，
その	連体詞,*,*,*,*,*,その,ソノ,ソノ
苦痛	名詞,一般,*,*,*,*,苦痛,クツウ,クツー
と	助詞,並立助詞,*,*,*,*,と,ト,ト
かいよう	名詞,一般,*,*,*,*,かいよう,カイヨウ,カイヨー
の	助詞,連体化,*,*,*,*,の,ノ,ノ
ため	名詞,非自立,副詞可能,*,*,*,ため,タメ,タメ
に	助詞,格助詞,一般,*,*,*,に,ニ,ニ
天	名詞,一般,*,*,*,*,天,テン,テン
の	助詞,連体化,*,*,*,*,の,ノ,ノ
神	名詞,一般,*,*,*,*,神,カミ,カミ
を	助詞,格助詞,一般,*,*,*,を,ヲ,ヲ
冒とく	名詞,サ変接続,*,*,*,*,冒とく,ボウトク,ボートク
し	動詞,自立,*,*,サ変・スル,連用形,する,シ,シ
，	記号,読点,*,*,*,*,，,，,，
自分	名詞,一般,*,*,*,*,自分,ジブン,ジブン
の	助詞,連体化,*,*,*,*,の,ノ,ノ
業	名詞,一般,*,*,*,*,業,ゴウ,ゴー
を	助詞,格助詞,一般,*,*,*,を,ヲ,ヲ
悔い改め	動詞,自立,*,*,一段,未然形,悔い改める,クイアラタメ,クイアラタメ
なかっ	助動詞,*,*,*,特殊・ナイ,連用タ接続,ない,ナカッ,ナカッ
た	助動詞,*,*,*,特殊・タ,基本形,た,タ,タ
。	記号,句点,*,*,*,*,。,。,。
また	接続詞,*,*,*,*,*,また,マタ,マタ
，	記号,読点,*,*,*,*,，,，,，
第	接頭詞,数接続,*,*,*,*,第,ダイ,ダイ
六	名詞,数,*,*,*,*,六,ロク,ロク
の	助詞,連体化,*,*,*,*,の,ノ,ノ
者	名詞,非自立,一般,*,*,*,者,モノ,モノ
が	助詞,格助詞,一般,*,*,*,が,ガ,ガ
その	連体詞,*,*,*,*,*,その,ソノ,ソノ
鉢	名詞,一般,*,*,*,*,鉢,ハチ,ハチ
の	助詞,連体化,*,*,*,*,の,ノ,ノ
中	名詞,非自立,副詞可能,*,*,*,中,ナカ,ナカ
から	助詞,格助詞,一般,*,*,*,から,カラ,カラ
大川	名詞,固有名詞,地域,一般,*,*,大川,オオカワ,オーカワ
ユーフラテス	名詞,固有名詞,地域,一般,*,*,ユーフラテス,ユーフラテス,ユーフラテス
の	助詞,連体化,*,*,*,*,の,ノ,ノ
上	名詞,非自立,副詞可能,*,*,*,上,ウエ,ウエ
に	助詞,格助詞,一般,*,*,*,に,ニ,ニ
注ぎ	動詞,自立,*,*,五段・ガ行,連用形,注ぐ,ソソギ,ソソギ
出し	動詞,非自立,*,*,五段・サ行,連用形,出す,ダシ,ダシ
た	助動詞,*,*,*,特殊・タ,基本形,た,タ,タ
。	記号,句点,*,*,*,*,。,。,。
する	動詞,自立,*,*,サ変・スル,基本形,する,スル,スル
と	助詞,接続助詞,*,*,*,*,と,ト,ト
，	記号,読点,*,*,*,*,，,，,，
その	連体詞,*,*,*,*,*,その,ソノ,ソノ
水	名詞,一般,*,*,*,*,水,ミズ,ミズ
は	助詞,係助詞,*,*,*,*,は,ハ,ワ
かれ	動詞,自立,*,*,一段,連用形,かれる,カレ,カレ
て	助詞,接続助詞,*,*,*,*,て,テ,テ
しまっ	動詞,非自立,*,*,五段・ワ行促音便,連用タ接続,しまう,シマッ,シマッ
た	助動詞,*,*,*,特殊・タ,基本形,た,タ,タ
。	記号,句点,*,*,*,*,。,。,。
日	名詞,一般,*,*,*,*,日,ヒ,ヒ
の	助詞,格助詞,一般,*,*,*,の,ノ,ノ
昇る	動詞,自立,*,*,五段・ラ行,基本形,昇る,ノボル,ノボル
[	名詞,サ変接続,*,*,*,*,*
方角	名詞,一般,*,*,*,*,方角,ホウガク,ホーガク
]	名詞,サ変接続,*,*,*,*,*
から	助詞,格助詞,一般,*,*,*,から,カラ,カラ
来る	動詞,自立,*,*,カ変・来ル,基本形,来る,クル,クル
王	名詞,一般,*,*,*,*,王,オウ,オー
たち	名詞,接尾,一般,*,*,*,たち,タチ,タチ
の	助詞,連体化,*,*,*,*,の,ノ,ノ
ため	名詞,非自立,副詞可能,*,*,*,ため,タメ,タメ
に	助詞,格助詞,一般,*,*,*,に,ニ,ニ
道	名詞,一般,*,*,*,*,道,ミチ,ミチ
が	助詞,格助詞,一般,*,*,*,が,ガ,ガ
備え	動詞,自立,*,*,一段,未然形,備える,ソナエ,ソナエ
られる	動詞,接尾,*,*,一段,基本形,られる,ラレル,ラレル
ため	名詞,非自立,副詞可能,*,*,*,ため,タメ,タメ
で	助動詞,*,*,*,特殊・ダ,連用形,だ,デ,デ
あっ	助動詞,*,*,*,五段・ラ行アル,連用タ接続,ある,アッ,アッ
た	助動詞,*,*,*,特殊・タ,基本形,た,タ,タ
。	記号,句点,*,*,*,*,。,。,。
そして	接続詞,*,*,*,*,*,そして,ソシテ,ソシテ
わたし	名詞,代名詞,一般,*,*,*,わたし,ワタシ,ワタシ
は	助詞,係助詞,*,*,*,*,は,ハ,ワ
，	記号,読点,*,*,*,*,，,，,，
かえる	動詞,自立,*,*,一段,基本形,かえる,カエル,カエル
の	助詞,連体化,*,*,*,*,の,ノ,ノ
よう	名詞,非自立,助動詞語幹,*,*,*,よう,ヨウ,ヨー
に	助詞,副詞化,*,*,*,*,に,ニ,ニ
[	名詞,サ変接続,*,*,*,*,*
見える	動詞,自立,*,*,一段,基本形,見える,ミエル,ミエル
]	名詞,サ変接続,*,*,*,*,*
三つ	名詞,一般,*,*,*,*,三つ,ミッツ,ミッツ
の	助詞,連体化,*,*,*,*,の,ノ,ノ
汚れ	動詞,自立,*,*,一段,連用形,汚れる,ヨゴレ,ヨゴレ
た	助動詞,*,*,*,特殊・タ,基本形,た,タ,タ
霊感	名詞,一般,*,*,*,*,霊感,レイカン,レイカン
の	助詞,連体化,*,*,*,*,の,ノ,ノ
表現	名詞,サ変接続,*,*,*,*,表現,ヒョウゲン,ヒョーゲン
が	助詞,格助詞,一般,*,*,*,が,ガ,ガ
，	記号,読点,*,*,*,*,，,，,，
龍	名詞,一般,*,*,*,*,龍,リュウ,リュー
の	助詞,連体化,*,*,*,*,の,ノ,ノ
口	名詞,一般,*,*,*,*,口,クチ,クチ
から	助詞,格助詞,一般,*,*,*,から,カラ,カラ
，	記号,読点,*,*,*,*,，,，,，
野獣	名詞,一般,*,*,*,*,野獣,ヤジュウ,ヤジュー
の	助詞,連体化,*,*,*,*,の,ノ,ノ
口	名詞,一般,*,*,*,*,口,クチ,クチ
から	助詞,格助詞,一般,*,*,*,から,カラ,カラ
，	記号,読点,*,*,*,*,，,，,，
偽	接頭詞,名詞接続,*,*,*,*,偽,ニセ,ニセ
預言	名詞,サ変接続,*,*,*,*,預言,ヨゲン,ヨゲン
者	名詞,接尾,一般,*,*,*,者,シャ,シャ
の	助詞,連体化,*,*,*,*,の,ノ,ノ
口	名詞,一般,*,*,*,*,口,クチ,クチ
から	助詞,格助詞,一般,*,*,*,から,カラ,カラ
出る	動詞,自立,*,*,一段,基本形,出る,デル,デル
の	名詞,非自立,一般,*,*,*,の,ノ,ノ
を	助詞,格助詞,一般,*,*,*,を,ヲ,ヲ
見	動詞,自立,*,*,一段,連用形,見る,ミ,ミ
た	助動詞,*,*,*,特殊・タ,基本形,た,タ,タ
。	記号,句点,*,*,*,*,。,。,。
それら	名詞,代名詞,一般,*,*,*,それら,ソレラ,ソレラ
は	助詞,係助詞,*,*,*,*,は,ハ,ワ
実は	接続詞,*,*,*,*,*,実は,ジツハ,ジツワ
悪霊	名詞,一般,*,*,*,*,悪霊,アクリョウ,アクリョー
の	助詞,連体化,*,*,*,*,の,ノ,ノ
霊感	名詞,一般,*,*,*,*,霊感,レイカン,レイカン
による	助詞,格助詞,連語,*,*,*,による,ニヨル,ニヨル
表現	名詞,サ変接続,*,*,*,*,表現,ヒョウゲン,ヒョーゲン
で	助動詞,*,*,*,特殊・ダ,連用形,だ,デ,デ
あっ	助動詞,*,*,*,五段・ラ行アル,連用タ接続,ある,アッ,アッ
て	助詞,接続助詞,*,*,*,*,て,テ,テ
しるし	名詞,一般,*,*,*,*,しるし,シルシ,シルシ
を	助詞,格助詞,一般,*,*,*,を,ヲ,ヲ
行ない	動詞,自立,*,*,五段・ワ行促音便,連用形,行なう,オコナイ,オコナイ
，	記号,読点,*,*,*,*,，,，,，
また	接続詞,*,*,*,*,*,また,マタ,マタ
人	名詞,一般,*,*,*,*,人,ヒト,ヒト
の	助詞,格助詞,一般,*,*,*,の,ノ,ノ
住む	動詞,自立,*,*,五段・マ行,基本形,住む,スム,スム
全	接頭詞,名詞接続,*,*,*,*,全,ゼン,ゼン
地	名詞,一般,*,*,*,*,地,チ,チ
の	助詞,連体化,*,*,*,*,の,ノ,ノ
王	名詞,一般,*,*,*,*,王,オウ,オー
たち	名詞,接尾,一般,*,*,*,たち,タチ,タチ
の	助詞,連体化,*,*,*,*,の,ノ,ノ
もと	名詞,非自立,一般,*,*,*,もと,モト,モト
に	助詞,格助詞,一般,*,*,*,に,ニ,ニ
出	動詞,自立,*,*,一段,連用形,出る,デ,デ
て	助詞,接続助詞,*,*,*,*,て,テ,テ
行く	動詞,非自立,*,*,五段・カ行促音便,基本形,行く,イク,イク
。	記号,句点,*,*,*,*,。,。,。
全能	名詞,一般,*,*,*,*,全能,ゼンノウ,ゼンノー
者	名詞,接尾,一般,*,*,*,者,シャ,シャ
なる	助動詞,*,*,*,文語・ナリ,体言接続,なり,ナル,ナル
神	名詞,一般,*,*,*,*,神,カミ,カミ
の	助詞,連体化,*,*,*,*,の,ノ,ノ
大いなる	連体詞,*,*,*,*,*,大いなる,オオイナル,オーイナル
日	名詞,非自立,副詞可能,*,*,*,日,ヒ,ヒ
の	助詞,連体化,*,*,*,*,の,ノ,ノ
戦争	名詞,サ変接続,*,*,*,*,戦争,センソウ,センソー
に	助詞,格助詞,一般,*,*,*,に,ニ,ニ
彼ら	名詞,代名詞,一般,*,*,*,彼ら,カレラ,カレラ
を	助詞,格助詞,一般,*,*,*,を,ヲ,ヲ
集める	動詞,自立,*,*,一段,基本形,集める,アツメル,アツメル
ため	名詞,非自立,副詞可能,*,*,*,ため,タメ,タメ
で	助動詞,*,*,*,特殊・ダ,連用形,だ,デ,デ
ある	助動詞,*,*,*,五段・ラ行アル,基本形,ある,アル,アル
。	記号,句点,*,*,*,*,。,。,。
「	記号,括弧開,*,*,*,*,「,「,「
見よ	動詞,自立,*,*,一段,命令ｙｏ,見る,ミヨ,ミヨ
，	記号,読点,*,*,*,*,，,，,，
わたし	名詞,代名詞,一般,*,*,*,わたし,ワタシ,ワタシ
は	助詞,係助詞,*,*,*,*,は,ハ,ワ
盗人	名詞,一般,*,*,*,*,盗人,ヌスビト,ヌスビト
の	助詞,連体化,*,*,*,*,の,ノ,ノ
よう	名詞,非自立,助動詞語幹,*,*,*,よう,ヨウ,ヨー
に	助詞,副詞化,*,*,*,*,に,ニ,ニ
来る	動詞,自立,*,*,カ変・来ル,基本形,来る,クル,クル
。	記号,句点,*,*,*,*,。,。,。
目ざめ	動詞,自立,*,*,一段,連用形,目ざめる,メザメ,メザメ
て	助詞,接続助詞,*,*,*,*,て,テ,テ
い	動詞,非自立,*,*,一段,連用形,いる,イ,イ
て	助詞,接続助詞,*,*,*,*,て,テ,テ
自分	名詞,一般,*,*,*,*,自分,ジブン,ジブン
の	助詞,連体化,*,*,*,*,の,ノ,ノ
外	名詞,一般,*,*,*,*,外,ソト,ソト
衣	名詞,一般,*,*,*,*,衣,コロモ,コロモ
を	助詞,格助詞,一般,*,*,*,を,ヲ,ヲ
守り	動詞,自立,*,*,五段・ラ行,連用形,守る,マモリ,マモリ
，	記号,読点,*,*,*,*,，,，,，
裸	名詞,一般,*,*,*,*,裸,ハダカ,ハダカ
で	助詞,格助詞,一般,*,*,*,で,デ,デ
歩い	動詞,自立,*,*,五段・カ行イ音便,連用タ接続,歩く,アルイ,アルイ
て	助詞,接続助詞,*,*,*,*,て,テ,テ
自分	名詞,一般,*,*,*,*,自分,ジブン,ジブン
の	助詞,連体化,*,*,*,*,の,ノ,ノ
恥	名詞,一般,*,*,*,*,恥,ハジ,ハジ
を	助詞,格助詞,一般,*,*,*,を,ヲ,ヲ
人	名詞,一般,*,*,*,*,人,ヒト,ヒト
に	助詞,格助詞,一般,*,*,*,に,ニ,ニ
見	動詞,自立,*,*,一段,未然形,見る,ミ,ミ
られる	動詞,接尾,*,*,一段,基本形,られる,ラレル,ラレル
こと	名詞,非自立,一般,*,*,*,こと,コト,コト
が	助詞,格助詞,一般,*,*,*,が,ガ,ガ
ない	形容詞,自立,*,*,形容詞・アウオ段,基本形,ない,ナイ,ナイ
よう	名詞,非自立,助動詞語幹,*,*,*,よう,ヨウ,ヨー
に	助詞,格助詞,一般,*,*,*,に,ニ,ニ
する	動詞,自立,*,*,サ変・スル,基本形,する,スル,スル
者	名詞,非自立,一般,*,*,*,者,モノ,モノ
は	助詞,係助詞,*,*,*,*,は,ハ,ワ
幸い	名詞,形容動詞語幹,*,*,*,*,幸い,サイワイ,サイワイ
で	助動詞,*,*,*,特殊・ダ,連用形,だ,デ,デ
ある	助動詞,*,*,*,五段・ラ行アル,基本形,ある,アル,アル
」	記号,括弧閉,*,*,*,*,」,」,」
。	記号,句点,*,*,*,*,。,。,。
そして	接続詞,*,*,*,*,*,そして,ソシテ,ソシテ
，	記号,読点,*,*,*,*,，,，,，
それら	名詞,代名詞,一般,*,*,*,それら,ソレラ,ソレラ
は	助詞,係助詞,*,*,*,*,は,ハ,ワ
[	名詞,サ変接続,*,*,*,*,*
王	名詞,接尾,一般,*,*,*,王,オウ,オー
たち	名詞,接尾,一般,*,*,*,たち,タチ,タチ
]	名詞,サ変接続,*,*,*,*,*
を	助詞,格助詞,一般,*,*,*,を,ヲ,ヲ
，	記号,読点,*,*,*,*,，,，,，
ヘブライ	名詞,固有名詞,一般,*,*,*,ヘブライ,ヘブライ,ヘブライ
語	名詞,接尾,一般,*,*,*,語,ゴ,ゴ
で	助詞,格助詞,一般,*,*,*,で,デ,デ
ハルマゲドン	名詞,一般,*,*,*,*,ハルマゲドン,ハルマゲドン,ハルマゲドン
と	助詞,格助詞,引用,*,*,*,と,ト,ト
呼ば	動詞,自立,*,*,五段・バ行,未然形,呼ぶ,ヨバ,ヨバ
れる	動詞,接尾,*,*,一段,基本形,れる,レル,レル
場所	名詞,一般,*,*,*,*,場所,バショ,バショ
に	助詞,格助詞,一般,*,*,*,に,ニ,ニ
集め	動詞,自立,*,*,一段,連用形,集める,アツメ,アツメ
た	助動詞,*,*,*,特殊・タ,基本形,た,タ,タ
。	記号,句点,*,*,*,*,。,。,。
また	接続詞,*,*,*,*,*,また,マタ,マタ
，	記号,読点,*,*,*,*,，,，,，
第	接頭詞,数接続,*,*,*,*,第,ダイ,ダイ
七	名詞,数,*,*,*,*,七,ナナ,ナナ
の	助詞,連体化,*,*,*,*,の,ノ,ノ
者	名詞,非自立,一般,*,*,*,者,モノ,モノ
が	助詞,格助詞,一般,*,*,*,が,ガ,ガ
その	連体詞,*,*,*,*,*,その,ソノ,ソノ
鉢	名詞,一般,*,*,*,*,鉢,ハチ,ハチ
の	助詞,連体化,*,*,*,*,の,ノ,ノ
中	名詞,非自立,副詞可能,*,*,*,中,ナカ,ナカ
から	助詞,格助詞,一般,*,*,*,から,カラ,カラ
空気	名詞,一般,*,*,*,*,空気,クウキ,クーキ
の	助詞,連体化,*,*,*,*,の,ノ,ノ
上	名詞,非自立,副詞可能,*,*,*,上,ウエ,ウエ
に	助詞,格助詞,一般,*,*,*,に,ニ,ニ
注ぎ	動詞,自立,*,*,五段・ガ行,連用形,注ぐ,ソソギ,ソソギ
出し	動詞,非自立,*,*,五段・サ行,連用形,出す,ダシ,ダシ
た	助動詞,*,*,*,特殊・タ,基本形,た,タ,タ
。	記号,句点,*,*,*,*,。,。,。
する	動詞,自立,*,*,サ変・スル,基本形,する,スル,スル
と	助詞,接続助詞,*,*,*,*,と,ト,ト
，	記号,読点,*,*,*,*,，,，,，
大きな	連体詞,*,*,*,*,*,大きな,オオキナ,オーキナ
声	名詞,一般,*,*,*,*,声,コエ,コエ
が	助詞,格助詞,一般,*,*,*,が,ガ,ガ
聖なる	連体詞,*,*,*,*,*,聖なる,セイナル,セイナル
所	名詞,非自立,副詞可能,*,*,*,所,トコロ,トコロ
の	助詞,連体化,*,*,*,*,の,ノ,ノ
中	名詞,非自立,副詞可能,*,*,*,中,ナカ,ナカ
から	助詞,格助詞,一般,*,*,*,から,カラ,カラ
，	記号,読点,*,*,*,*,，,，,，
み	接頭詞,名詞接続,*,*,*,*,み,ミ,ミ
座	名詞,一般,*,*,*,*,座,ザ,ザ
から	助詞,格助詞,一般,*,*,*,から,カラ,カラ
出	動詞,自立,*,*,一段,連用形,出る,デ,デ
て	助詞,接続助詞,*,*,*,*,て,テ,テ
，	記号,読点,*,*,*,*,，,，,，
「	記号,括弧開,*,*,*,*,「,「,「
事	名詞,一般,*,*,*,*,事,コト,コト
は	助詞,係助詞,*,*,*,*,は,ハ,ワ
成っ	動詞,自立,*,*,五段・ラ行,連用タ接続,成る,ナッ,ナッ
た	助動詞,*,*,*,特殊・タ,基本形,た,タ,タ
！	記号,一般,*,*,*,*,！,！,！
」	記号,括弧閉,*,*,*,*,」,」,」
と	助詞,格助詞,引用,*,*,*,と,ト,ト
言っ	動詞,自立,*,*,五段・ワ行促音便,連用タ接続,言う,イッ,イッ
た	助動詞,*,*,*,特殊・タ,基本形,た,タ,タ
。	記号,句点,*,*,*,*,。,。,。
また	接続詞,*,*,*,*,*,また,マタ,マタ
，	記号,読点,*,*,*,*,，,，,，
稲妻	名詞,一般,*,*,*,*,稲妻,イナヅマ,イナズマ
と	助詞,並立助詞,*,*,*,*,と,ト,ト
声	名詞,一般,*,*,*,*,声,コエ,コエ
と	助詞,並立助詞,*,*,*,*,と,ト,ト
雷	名詞,一般,*,*,*,*,雷,カミナリ,カミナリ
が	助詞,格助詞,一般,*,*,*,が,ガ,ガ
生じ	動詞,自立,*,*,一段,連用形,生じる,ショウジ,ショージ
，	名詞,数,*,*,*,*,，,，,，
人	名詞,接尾,助数詞,*,*,*,人,ニン,ニン
が	助詞,格助詞,一般,*,*,*,が,ガ,ガ
地上	名詞,一般,*,*,*,*,地上,チジョウ,チジョー
に	助詞,格助詞,一般,*,*,*,に,ニ,ニ
現われ	動詞,自立,*,*,一段,連用形,現われる,アラワレ,アラワレ
て	助詞,接続助詞,*,*,*,*,て,テ,テ
以来	名詞,副詞可能,*,*,*,*,以来,イライ,イライ
起き	動詞,自立,*,*,一段,連用形,起きる,オキ,オキ
た	助動詞,*,*,*,特殊・タ,基本形,た,タ,タ
こと	名詞,非自立,一般,*,*,*,こと,コト,コト
の	助詞,格助詞,一般,*,*,*,の,ノ,ノ
ない	形容詞,自立,*,*,形容詞・アウオ段,基本形,ない,ナイ,ナイ
よう	名詞,非自立,助動詞語幹,*,*,*,よう,ヨウ,ヨー
な	助動詞,*,*,*,特殊・ダ,体言接続,だ,ナ,ナ
大	接頭詞,名詞接続,*,*,*,*,大,ダイ,ダイ
地震	名詞,一般,*,*,*,*,地震,ジシン,ジシン
が	助詞,格助詞,一般,*,*,*,が,ガ,ガ
起き	動詞,自立,*,*,一段,連用形,起きる,オキ,オキ
た	助動詞,*,*,*,特殊・タ,基本形,た,タ,タ
。	記号,句点,*,*,*,*,。,。,。
非常	名詞,形容動詞語幹,*,*,*,*,非常,ヒジョウ,ヒジョー
に	助詞,副詞化,*,*,*,*,に,ニ,ニ
大	接頭詞,名詞接続,*,*,*,*,大,ダイ,ダイ
規模	名詞,一般,*,*,*,*,規模,キボ,キボ
な	助動詞,*,*,*,特殊・ダ,体言接続,だ,ナ,ナ
地震	名詞,一般,*,*,*,*,地震,ジシン,ジシン
で	助詞,格助詞,一般,*,*,*,で,デ,デ
，	記号,読点,*,*,*,*,，,，,，
甚だ	副詞,一般,*,*,*,*,甚だ,ハナハダ,ハナハダ
大きかっ	形容詞,自立,*,*,形容詞・イ段,連用タ接続,大きい,オオキカッ,オーキカッ
た	助動詞,*,*,*,特殊・タ,基本形,た,タ,タ
。	記号,句点,*,*,*,*,。,。,。
そして	接続詞,*,*,*,*,*,そして,ソシテ,ソシテ
，	記号,読点,*,*,*,*,，,，,，
大いなる	連体詞,*,*,*,*,*,大いなる,オオイナル,オーイナル
都市	名詞,一般,*,*,*,*,都市,トシ,トシ
は	助詞,係助詞,*,*,*,*,は,ハ,ワ
三つ	名詞,一般,*,*,*,*,三つ,ミッツ,ミッツ
の	助詞,連体化,*,*,*,*,の,ノ,ノ
部分	名詞,一般,*,*,*,*,部分,ブブン,ブブン
に	助詞,格助詞,一般,*,*,*,に,ニ,ニ
裂け	動詞,自立,*,*,一段,連用形,裂ける,サケ,サケ
，	記号,読点,*,*,*,*,，,，,，
諸	接頭詞,名詞接続,*,*,*,*,諸,ショ,ショ
国民	名詞,一般,*,*,*,*,国民,コクミン,コクミン
の	助詞,連体化,*,*,*,*,の,ノ,ノ
[	名詞,サ変接続,*,*,*,*,*
数々	名詞,副詞可能,*,*,*,*,数々,カズカズ,カズカズ
の	助詞,連体化,*,*,*,*,の,ノ,ノ
]	名詞,サ変接続,*,*,*,*,*
都市	名詞,一般,*,*,*,*,都市,トシ,トシ
が	助詞,格助詞,一般,*,*,*,が,ガ,ガ
倒れ	動詞,自立,*,*,一段,連用形,倒れる,タオレ,タオレ
た	助動詞,*,*,*,特殊・タ,基本形,た,タ,タ
。	記号,句点,*,*,*,*,。,。,。
そして	接続詞,*,*,*,*,*,そして,ソシテ,ソシテ
，	記号,読点,*,*,*,*,，,，,，
大いなる	連体詞,*,*,*,*,*,大いなる,オオイナル,オーイナル
バビロン	名詞,一般,*,*,*,*,*
は	助詞,係助詞,*,*,*,*,は,ハ,ワ
神	名詞,一般,*,*,*,*,神,カミ,カミ
のみ	助詞,副助詞,*,*,*,*,のみ,ノミ,ノミ
前	名詞,副詞可能,*,*,*,*,前,マエ,マエ
で	助詞,格助詞,一般,*,*,*,で,デ,デ
思い出さ	動詞,自立,*,*,五段・サ行,未然形,思い出す,オモイダサ,オモイダサ
れ	動詞,接尾,*,*,一段,連用形,れる,レ,レ
た	助動詞,*,*,*,特殊・タ,基本形,た,タ,タ
。	記号,句点,*,*,*,*,。,。,。
それ	名詞,代名詞,一般,*,*,*,それ,ソレ,ソレ
は	助詞,係助詞,*,*,*,*,は,ハ,ワ
，	記号,読点,*,*,*,*,，,，,，
[	名詞,サ変接続,*,*,*,*,*
神	名詞,接尾,一般,*,*,*,神,シン,シン
]	名詞,サ変接続,*,*,*,*,*
の	助詞,連体化,*,*,*,*,の,ノ,ノ
憤り	動詞,自立,*,*,五段・ラ行,連用形,憤る,イキドオリ,イキドーリ
の	助詞,連体化,*,*,*,*,の,ノ,ノ
怒り	名詞,一般,*,*,*,*,怒り,イカリ,イカリ
の	助詞,連体化,*,*,*,*,の,ノ,ノ
ぶどう酒	名詞,一般,*,*,*,*,ぶどう酒,ブドウシュ,ブドーシュ
の	助詞,連体化,*,*,*,*,の,ノ,ノ
杯	名詞,一般,*,*,*,*,杯,ハイ,ハイ
を	助詞,格助詞,一般,*,*,*,を,ヲ,ヲ
彼女	名詞,代名詞,一般,*,*,*,彼女,カノジョ,カノジョ
に	助詞,格助詞,一般,*,*,*,に,ニ,ニ
与える	動詞,自立,*,*,一段,基本形,与える,アタエル,アタエル
ため	名詞,非自立,副詞可能,*,*,*,ため,タメ,タメ
で	助動詞,*,*,*,特殊・ダ,連用形,だ,デ,デ
ある	助動詞,*,*,*,五段・ラ行アル,基本形,ある,アル,アル
。	記号,句点,*,*,*,*,。,。,。
また	接続詞,*,*,*,*,*,また,マタ,マタ
，	記号,読点,*,*,*,*,，,，,，
すべて	名詞,副詞可能,*,*,*,*,すべて,スベテ,スベテ
の	助詞,連体化,*,*,*,*,の,ノ,ノ
島	名詞,一般,*,*,*,*,島,シマ,シマ
は	助詞,係助詞,*,*,*,*,は,ハ,ワ
逃げ	動詞,自立,*,*,一段,連用形,逃げる,ニゲ,ニゲ
，	記号,読点,*,*,*,*,，,，,，
山々	名詞,一般,*,*,*,*,山々,ヤマヤマ,ヤマヤマ
は	助詞,係助詞,*,*,*,*,は,ハ,ワ
見え	動詞,自立,*,*,一段,未然形,見える,ミエ,ミエ
なく	助動詞,*,*,*,特殊・ナイ,連用テ接続,ない,ナク,ナク
なっ	動詞,自立,*,*,五段・ラ行,連用タ接続,なる,ナッ,ナッ
た	助動詞,*,*,*,特殊・タ,基本形,た,タ,タ
。	記号,句点,*,*,*,*,。,。,。
そして	接続詞,*,*,*,*,*,そして,ソシテ,ソシテ
，	記号,読点,*,*,*,*,，,，,，
それぞれ	名詞,副詞可能,*,*,*,*,それぞれ,ソレゾレ,ソレゾレ
の	助詞,連体化,*,*,*,*,の,ノ,ノ
重	形容詞,自立,*,*,形容詞・アウオ段,ガル接続,重い,オモ,オモ
さ	名詞,接尾,特殊,*,*,*,さ,サ,サ
が	助詞,格助詞,一般,*,*,*,が,ガ,ガ
一	名詞,数,*,*,*,*,一,イチ,イチ
タラント	名詞,一般,*,*,*,*,*
ほど	助詞,副助詞,*,*,*,*,ほど,ホド,ホド
も	助詞,係助詞,*,*,*,*,も,モ,モ
ある	動詞,自立,*,*,五段・ラ行,基本形,ある,アル,アル
大きな	連体詞,*,*,*,*,*,大きな,オオキナ,オーキナ
雹	名詞,一般,*,*,*,*,*
が	助詞,格助詞,一般,*,*,*,が,ガ,ガ
天	名詞,一般,*,*,*,*,天,テン,テン
から	助詞,格助詞,一般,*,*,*,から,カラ,カラ
人々	名詞,一般,*,*,*,*,人々,ヒトビト,ヒトビト
の	助詞,連体化,*,*,*,*,の,ノ,ノ
上	名詞,非自立,副詞可能,*,*,*,上,ウエ,ウエ
に	助詞,格助詞,一般,*,*,*,に,ニ,ニ
降り	動詞,自立,*,*,五段・ラ行,連用形,降る,フリ,フリ
，	記号,読点,*,*,*,*,，,，,，
人々	名詞,一般,*,*,*,*,人々,ヒトビト,ヒトビト
は	助詞,係助詞,*,*,*,*,は,ハ,ワ
雹	名詞,一般,*,*,*,*,*
の	助詞,連体化,*,*,*,*,の,ノ,ノ
災厄	名詞,一般,*,*,*,*,災厄,サイヤク,サイヤク
の	助詞,連体化,*,*,*,*,の,ノ,ノ
ため	名詞,非自立,副詞可能,*,*,*,ため,タメ,タメ
に	助詞,格助詞,一般,*,*,*,に,ニ,ニ
神	名詞,一般,*,*,*,*,神,カミ,カミ
を	助詞,格助詞,一般,*,*,*,を,ヲ,ヲ
冒とく	名詞,サ変接続,*,*,*,*,冒とく,ボウトク,ボートク
し	動詞,自立,*,*,サ変・スル,連用形,する,シ,シ
た	助動詞,*,*,*,特殊・タ,基本形,た,タ,タ
。	記号,句点,*,*,*,*,。,。,。
その	連体詞,*,*,*,*,*,その,ソノ,ソノ
災厄	名詞,一般,*,*,*,*,災厄,サイヤク,サイヤク
が	助詞,格助詞,一般,*,*,*,が,ガ,ガ
異常	名詞,形容動詞語幹,*,*,*,*,異常,イジョウ,イジョー
に	助詞,副詞化,*,*,*,*,に,ニ,ニ
大きかっ	形容詞,自立,*,*,形容詞・イ段,連用タ接続,大きい,オオキカッ,オーキカッ
た	助動詞,*,*,*,特殊・タ,基本形,た,タ,タ
から	助詞,接続助詞,*,*,*,*,から,カラ,カラ
で	助動詞,*,*,*,特殊・ダ,連用形,だ,デ,デ
ある	助動詞,*,*,*,五段・ラ行アル,基本形,ある,アル,アル
。	記号,句点,*,*,*,*,。,。,。
EOS
