また	接続詞,*,*,*,*,*,また,マタ,マタ
，	記号,読点,*,*,*,*,，,，,，
わたし	名詞,代名詞,一般,*,*,*,わたし,ワタシ,ワタシ
は	助詞,係助詞,*,*,*,*,は,ハ,ワ
天	名詞,一般,*,*,*,*,天,テン,テン
に	助詞,格助詞,一般,*,*,*,に,ニ,ニ
別	名詞,一般,*,*,*,*,別,ベツ,ベツ
の	助詞,連体化,*,*,*,*,の,ノ,ノ
しるし	名詞,一般,*,*,*,*,しるし,シルシ,シルシ
を	助詞,格助詞,一般,*,*,*,を,ヲ,ヲ
見	動詞,自立,*,*,一段,連用形,見る,ミ,ミ
た	助動詞,*,*,*,特殊・タ,基本形,た,タ,タ
。	記号,句点,*,*,*,*,。,。,。
大いなる	連体詞,*,*,*,*,*,大いなる,オオイナル,オーイナル
不思議	名詞,形容動詞語幹,*,*,*,*,不思議,フシギ,フシギ
な	助動詞,*,*,*,特殊・ダ,体言接続,だ,ナ,ナ
[	名詞,サ変接続,*,*,*,*,*
しるし	名詞,一般,*,*,*,*,しるし,シルシ,シルシ
]	名詞,サ変接続,*,*,*,*,*
で	助動詞,*,*,*,特殊・ダ,連用形,だ,デ,デ
あり	助動詞,*,*,*,五段・ラ行アル,連用形,ある,アリ,アリ
，	記号,読点,*,*,*,*,，,，,，
七つ	名詞,一般,*,*,*,*,七つ,ナナツ,ナナツ
の	助詞,連体化,*,*,*,*,の,ノ,ノ
災厄	名詞,一般,*,*,*,*,災厄,サイヤク,サイヤク
を	助詞,格助詞,一般,*,*,*,を,ヲ,ヲ
携え	動詞,自立,*,*,一段,連用形,携える,タズサエ,タズサエ
た	助動詞,*,*,*,特殊・タ,基本形,た,タ,タ
七	名詞,数,*,*,*,*,七,ナナ,ナナ
人	名詞,接尾,助数詞,*,*,*,人,ニン,ニン
のみ	助詞,副助詞,*,*,*,*,のみ,ノミ,ノミ
使い	名詞,一般,*,*,*,*,使い,ツカイ,ツカイ
が	助詞,格助詞,一般,*,*,*,が,ガ,ガ
い	動詞,自立,*,*,一段,連用形,いる,イ,イ
た	助動詞,*,*,*,特殊・タ,基本形,た,タ,タ
。	記号,句点,*,*,*,*,。,。,。
これ	名詞,代名詞,一般,*,*,*,これ,コレ,コレ
は	助詞,係助詞,*,*,*,*,は,ハ,ワ
最後	名詞,一般,*,*,*,*,最後,サイゴ,サイゴ
の	助詞,連体化,*,*,*,*,の,ノ,ノ
者	名詞,一般,*,*,*,*,者,モノ,モノ
たち	名詞,接尾,一般,*,*,*,たち,タチ,タチ
で	助動詞,*,*,*,特殊・ダ,連用形,だ,デ,デ
ある	助動詞,*,*,*,五段・ラ行アル,基本形,ある,アル,アル
。	記号,句点,*,*,*,*,。,。,。
彼ら	名詞,代名詞,一般,*,*,*,彼ら,カレラ,カレラ
によって	助詞,格助詞,連語,*,*,*,によって,ニヨッテ,ニヨッテ
神	名詞,一般,*,*,*,*,神,カミ,カミ
の	助詞,連体化,*,*,*,*,の,ノ,ノ
怒り	名詞,一般,*,*,*,*,怒り,イカリ,イカリ
は	助詞,係助詞,*,*,*,*,は,ハ,ワ
終わり	動詞,自立,*,*,五段・ラ行,連用形,終わる,オワリ,オワリ
に	助詞,格助詞,一般,*,*,*,に,ニ,ニ
至る	動詞,自立,*,*,五段・ラ行,基本形,至る,イタル,イタル
から	助詞,接続助詞,*,*,*,*,から,カラ,カラ
で	助動詞,*,*,*,特殊・ダ,連用形,だ,デ,デ
ある	助動詞,*,*,*,五段・ラ行アル,基本形,ある,アル,アル
。	記号,句点,*,*,*,*,。,。,。
そして	接続詞,*,*,*,*,*,そして,ソシテ,ソシテ
わたし	名詞,代名詞,一般,*,*,*,わたし,ワタシ,ワタシ
は	助詞,係助詞,*,*,*,*,は,ハ,ワ
，	記号,読点,*,*,*,*,，,，,，
火	名詞,一般,*,*,*,*,火,ヒ,ヒ
の	助詞,格助詞,一般,*,*,*,の,ノ,ノ
混じっ	動詞,自立,*,*,五段・ラ行,連用タ接続,混じる,マジッ,マジッ
た	助動詞,*,*,*,特殊・タ,基本形,た,タ,タ
，	記号,読点,*,*,*,*,，,，,，
ガラス	名詞,一般,*,*,*,*,ガラス,ガラス,ガラス
の	助詞,連体化,*,*,*,*,の,ノ,ノ
よう	名詞,非自立,助動詞語幹,*,*,*,よう,ヨウ,ヨー
な	助動詞,*,*,*,特殊・ダ,体言接続,だ,ナ,ナ
海	名詞,一般,*,*,*,*,海,ウミ,ウミ
と	助詞,格助詞,引用,*,*,*,と,ト,ト
思える	動詞,自立,*,*,一段,基本形,思える,オモエル,オモエル
もの	名詞,非自立,一般,*,*,*,もの,モノ,モノ
，	記号,読点,*,*,*,*,，,，,，
また	接続詞,*,*,*,*,*,また,マタ,マタ
，	記号,読点,*,*,*,*,，,，,，
野獣	名詞,一般,*,*,*,*,野獣,ヤジュウ,ヤジュー
と	助詞,格助詞,一般,*,*,*,と,ト,ト
その	連体詞,*,*,*,*,*,その,ソノ,ソノ
像	名詞,一般,*,*,*,*,像,ゾウ,ゾー
と	助詞,格助詞,一般,*,*,*,と,ト,ト
その	連体詞,*,*,*,*,*,その,ソノ,ソノ
名	名詞,一般,*,*,*,*,名,ナ,ナ
の	助詞,連体化,*,*,*,*,の,ノ,ノ
数字	名詞,一般,*,*,*,*,数字,スウジ,スージ
から	助詞,格助詞,一般,*,*,*,から,カラ,カラ
勝利	名詞,サ変接続,*,*,*,*,勝利,ショウリ,ショーリ
を	助詞,格助詞,一般,*,*,*,を,ヲ,ヲ
得る	動詞,自立,*,*,一段,基本形,得る,エル,エル
者	名詞,一般,*,*,*,*,者,モノ,モノ
たち	名詞,接尾,一般,*,*,*,たち,タチ,タチ
が	助詞,格助詞,一般,*,*,*,が,ガ,ガ
神	名詞,一般,*,*,*,*,神,カミ,カミ
の	助詞,連体化,*,*,*,*,の,ノ,ノ
たて	名詞,一般,*,*,*,*,たて,タテ,タテ
琴	名詞,一般,*,*,*,*,琴,キン,キン
を	助詞,格助詞,一般,*,*,*,を,ヲ,ヲ
持っ	動詞,自立,*,*,五段・タ行,連用タ接続,持つ,モッ,モッ
て	助詞,接続助詞,*,*,*,*,て,テ,テ
，	記号,読点,*,*,*,*,，,，,，
その	連体詞,*,*,*,*,*,その,ソノ,ソノ
ガラス	名詞,一般,*,*,*,*,ガラス,ガラス,ガラス
の	助詞,連体化,*,*,*,*,の,ノ,ノ
よう	名詞,非自立,助動詞語幹,*,*,*,よう,ヨウ,ヨー
な	助動詞,*,*,*,特殊・ダ,体言接続,だ,ナ,ナ
海	名詞,一般,*,*,*,*,海,ウミ,ウミ
の	助詞,連体化,*,*,*,*,の,ノ,ノ
そば	名詞,一般,*,*,*,*,そば,ソバ,ソバ
に	助詞,格助詞,一般,*,*,*,に,ニ,ニ
立っ	動詞,自立,*,*,五段・タ行,連用タ接続,立つ,タッ,タッ
て	助詞,接続助詞,*,*,*,*,て,テ,テ
いる	動詞,非自立,*,*,一段,基本形,いる,イル,イル
の	名詞,非自立,一般,*,*,*,の,ノ,ノ
を	助詞,格助詞,一般,*,*,*,を,ヲ,ヲ
見	動詞,自立,*,*,一段,連用形,見る,ミ,ミ
た	助動詞,*,*,*,特殊・タ,基本形,た,タ,タ
。	記号,句点,*,*,*,*,。,。,。
そして	接続詞,*,*,*,*,*,そして,ソシテ,ソシテ
，	記号,読点,*,*,*,*,，,，,，
彼ら	名詞,代名詞,一般,*,*,*,彼ら,カレラ,カレラ
は	助詞,係助詞,*,*,*,*,は,ハ,ワ
神	名詞,一般,*,*,*,*,神,カミ,カミ
の	助詞,連体化,*,*,*,*,の,ノ,ノ
奴隷	名詞,一般,*,*,*,*,奴隷,ドレイ,ドレイ
モーセ	名詞,一般,*,*,*,*,*
の	助詞,連体化,*,*,*,*,の,ノ,ノ
歌	名詞,一般,*,*,*,*,歌,ウタ,ウタ
と	助詞,並立助詞,*,*,*,*,と,ト,ト
子羊	名詞,一般,*,*,*,*,子羊,コヒツジ,コヒツジ
の	助詞,連体化,*,*,*,*,の,ノ,ノ
歌	名詞,一般,*,*,*,*,歌,ウタ,ウタ
を	助詞,格助詞,一般,*,*,*,を,ヲ,ヲ
歌っ	動詞,自立,*,*,五段・ワ行促音便,連用タ接続,歌う,ウタッ,ウタッ
て	助詞,接続助詞,*,*,*,*,て,テ,テ
こう	副詞,助詞類接続,*,*,*,*,こう,コウ,コー
言う	動詞,自立,*,*,五段・ワ行促音便,基本形,言う,イウ,イウ
。	記号,句点,*,*,*,*,。,。,。
エホバ	名詞,一般,*,*,*,*,エホバ,エホバ,エホバ
よ	助詞,終助詞,*,*,*,*,よ,ヨ,ヨ
，	記号,読点,*,*,*,*,，,，,，
本当に	副詞,一般,*,*,*,*,本当に,ホントウニ,ホントーニ
だれ	名詞,代名詞,一般,*,*,*,だれ,ダレ,ダレ
が	助詞,格助詞,一般,*,*,*,が,ガ,ガ
あなた	名詞,代名詞,一般,*,*,*,あなた,アナタ,アナタ
を	助詞,格助詞,一般,*,*,*,を,ヲ,ヲ
恐れ	動詞,自立,*,*,一段,未然形,恐れる,オソレ,オソレ
ない	助動詞,*,*,*,特殊・ナイ,基本形,ない,ナイ,ナイ
でしょ	助動詞,*,*,*,特殊・デス,未然形,です,デショ,デショ
う	助動詞,*,*,*,不変化型,基本形,う,ウ,ウ
か	助詞,副助詞／並立助詞／終助詞,*,*,*,*,か,カ,カ
，	記号,読点,*,*,*,*,，,，,，
あなた	名詞,代名詞,一般,*,*,*,あなた,アナタ,アナタ
のみ	助詞,副助詞,*,*,*,*,のみ,ノミ,ノミ
名	名詞,一般,*,*,*,*,名,ナ,ナ
の	助詞,連体化,*,*,*,*,の,ノ,ノ
栄光	名詞,一般,*,*,*,*,栄光,エイコウ,エイコー
を	助詞,格助詞,一般,*,*,*,を,ヲ,ヲ
たたえ	動詞,自立,*,*,一段,未然形,たたえる,タタエ,タタエ
ない	助動詞,*,*,*,特殊・ナイ,基本形,ない,ナイ,ナイ
でしょ	助動詞,*,*,*,特殊・デス,未然形,です,デショ,デショ
う	助動詞,*,*,*,不変化型,基本形,う,ウ,ウ
か	助詞,副助詞／並立助詞／終助詞,*,*,*,*,か,カ,カ
。	記号,句点,*,*,*,*,。,。,。
ただ	接続詞,*,*,*,*,*,ただ,タダ,タダ
あなた	名詞,代名詞,一般,*,*,*,あなた,アナタ,アナタ
だけ	助詞,副助詞,*,*,*,*,だけ,ダケ,ダケ
が	助詞,格助詞,一般,*,*,*,が,ガ,ガ
忠節	名詞,一般,*,*,*,*,忠節,チュウセツ,チューセツ
な	助動詞,*,*,*,特殊・ダ,体言接続,だ,ナ,ナ
方	名詞,非自立,一般,*,*,*,方,ホウ,ホー
だ	助動詞,*,*,*,特殊・ダ,基本形,だ,ダ,ダ
から	助詞,接続助詞,*,*,*,*,から,カラ,カラ
です	助動詞,*,*,*,特殊・デス,基本形,です,デス,デス
。	記号,句点,*,*,*,*,。,。,。
あらゆる	連体詞,*,*,*,*,*,あらゆる,アラユル,アラユル
国民	名詞,一般,*,*,*,*,国民,コクミン,コクミン
は	助詞,係助詞,*,*,*,*,は,ハ,ワ
み	接頭詞,名詞接続,*,*,*,*,み,ミ,ミ
前	名詞,副詞可能,*,*,*,*,前,マエ,マエ
に	助詞,格助詞,一般,*,*,*,に,ニ,ニ
来	動詞,自立,*,*,カ変・来ル,連用形,来る,キ,キ
て	助詞,接続助詞,*,*,*,*,て,テ,テ
崇拝	名詞,サ変接続,*,*,*,*,崇拝,スウハイ,スーハイ
する	動詞,自立,*,*,サ変・スル,基本形,する,スル,スル
の	名詞,非自立,一般,*,*,*,の,ノ,ノ
です	助動詞,*,*,*,特殊・デス,基本形,です,デス,デス
。	記号,句点,*,*,*,*,。,。,。
あなた	名詞,代名詞,一般,*,*,*,あなた,アナタ,アナタ
の	助詞,連体化,*,*,*,*,の,ノ,ノ
義	名詞,形容動詞語幹,*,*,*,*,義,ギ,ギ
なる	助動詞,*,*,*,文語・ナリ,体言接続,なり,ナル,ナル
定め	名詞,一般,*,*,*,*,定め,サダメ,サダメ
は	助詞,係助詞,*,*,*,*,は,ハ,ワ
明らか	名詞,形容動詞語幹,*,*,*,*,明らか,アキラカ,アキラカ
に	助詞,格助詞,一般,*,*,*,に,ニ,ニ
さ	動詞,自立,*,*,サ変・スル,未然レル接続,する,サ,サ
れ	動詞,接尾,*,*,一段,連用形,れる,レ,レ
た	助動詞,*,*,*,特殊・タ,基本形,た,タ,タ
から	助詞,接続助詞,*,*,*,*,から,カラ,カラ
です	助動詞,*,*,*,特殊・デス,基本形,です,デス,デス
」	記号,括弧閉,*,*,*,*,」,」,」
。	記号,句点,*,*,*,*,。,。,。
また	接続詞,*,*,*,*,*,また,マタ,マタ
，	記号,読点,*,*,*,*,，,，,，
これら	名詞,代名詞,一般,*,*,*,これら,コレラ,コレラ
の	助詞,連体化,*,*,*,*,の,ノ,ノ
こと	名詞,非自立,一般,*,*,*,こと,コト,コト
の	助詞,連体化,*,*,*,*,の,ノ,ノ
後	名詞,非自立,副詞可能,*,*,*,後,ノチ,ノチ
に	助詞,格助詞,一般,*,*,*,に,ニ,ニ
わたし	名詞,代名詞,一般,*,*,*,わたし,ワタシ,ワタシ
が	助詞,格助詞,一般,*,*,*,が,ガ,ガ
見る	動詞,自立,*,*,一段,基本形,見る,ミル,ミル
と	助詞,接続助詞,*,*,*,*,と,ト,ト
，	記号,読点,*,*,*,*,，,，,，
天	名詞,一般,*,*,*,*,天,テン,テン
において	助詞,格助詞,連語,*,*,*,において,ニオイテ,ニオイテ
証し	動詞,自立,*,*,五段・サ行,連用形,証す,アカシ,アカシ
の	助詞,連体化,*,*,*,*,の,ノ,ノ
天幕	名詞,一般,*,*,*,*,天幕,テンマク,テンマク
の	助詞,連体化,*,*,*,*,の,ノ,ノ
聖なる	連体詞,*,*,*,*,*,聖なる,セイナル,セイナル
所	名詞,非自立,副詞可能,*,*,*,所,トコロ,トコロ
が	助詞,格助詞,一般,*,*,*,が,ガ,ガ
開か	動詞,自立,*,*,五段・カ行イ音便,未然形,開く,ヒラカ,ヒラカ
れ	動詞,接尾,*,*,一段,連用形,れる,レ,レ
，	記号,読点,*,*,*,*,，,，,，
七つ	名詞,一般,*,*,*,*,七つ,ナナツ,ナナツ
の	助詞,連体化,*,*,*,*,の,ノ,ノ
災厄	名詞,一般,*,*,*,*,災厄,サイヤク,サイヤク
を	助詞,格助詞,一般,*,*,*,を,ヲ,ヲ
携え	動詞,自立,*,*,一段,連用形,携える,タズサエ,タズサエ
た	助動詞,*,*,*,特殊・タ,基本形,た,タ,タ
七	名詞,数,*,*,*,*,七,ナナ,ナナ
人	名詞,接尾,助数詞,*,*,*,人,ニン,ニン
のみ	助詞,副助詞,*,*,*,*,のみ,ノミ,ノミ
使い	名詞,一般,*,*,*,*,使い,ツカイ,ツカイ
が	助詞,格助詞,一般,*,*,*,が,ガ,ガ
聖なる	連体詞,*,*,*,*,*,聖なる,セイナル,セイナル
所	名詞,非自立,副詞可能,*,*,*,所,トコロ,トコロ
から	助詞,格助詞,一般,*,*,*,から,カラ,カラ
現われ	動詞,自立,*,*,一段,連用形,現われる,アラワレ,アラワレ
出	動詞,自立,*,*,一段,連用形,出る,デ,デ
た	助動詞,*,*,*,特殊・タ,基本形,た,タ,タ
。	記号,句点,*,*,*,*,。,。,。
清い	形容詞,自立,*,*,形容詞・アウオ段,基本形,清い,キヨイ,キヨイ
，	記号,読点,*,*,*,*,，,，,，
輝く	動詞,自立,*,*,五段・カ行イ音便,基本形,輝く,カガヤク,カガヤク
亜麻	名詞,一般,*,*,*,*,亜麻,アマ,アマ
布	名詞,一般,*,*,*,*,布,ヌノ,ヌノ
を	助詞,格助詞,一般,*,*,*,を,ヲ,ヲ
まとい	動詞,自立,*,*,五段・ワ行促音便,連用形,まとう,マトイ,マトイ
，	記号,読点,*,*,*,*,，,，,，
胸	名詞,一般,*,*,*,*,胸,ムネ,ムネ
に	助詞,格助詞,一般,*,*,*,に,ニ,ニ
は	助詞,係助詞,*,*,*,*,は,ハ,ワ
黄金	名詞,一般,*,*,*,*,黄金,オウゴン,オーゴン
の	助詞,連体化,*,*,*,*,の,ノ,ノ
帯	名詞,一般,*,*,*,*,帯,オビ,オビ
を	助詞,格助詞,一般,*,*,*,を,ヲ,ヲ
締め	動詞,自立,*,*,一段,連用形,締める,シメ,シメ
て	助詞,接続助詞,*,*,*,*,て,テ,テ
い	動詞,非自立,*,*,一段,連用形,いる,イ,イ
た	助動詞,*,*,*,特殊・タ,基本形,た,タ,タ
。	記号,句点,*,*,*,*,。,。,。
そして	接続詞,*,*,*,*,*,そして,ソシテ,ソシテ
，	記号,読点,*,*,*,*,，,，,，
四つ	名詞,一般,*,*,*,*,四つ,ヨッツ,ヨッツ
の	助詞,連体化,*,*,*,*,の,ノ,ノ
生き物	名詞,一般,*,*,*,*,生き物,イキモノ,イキモノ
の	助詞,連体化,*,*,*,*,の,ノ,ノ
一つ	名詞,一般,*,*,*,*,一つ,ヒトツ,ヒトツ
が	助詞,格助詞,一般,*,*,*,が,ガ,ガ
，	記号,読点,*,*,*,*,，,，,，
それら	名詞,代名詞,一般,*,*,*,それら,ソレラ,ソレラ
七	名詞,数,*,*,*,*,七,ナナ,ナナ
人	名詞,接尾,助数詞,*,*,*,人,ニン,ニン
のみ	助詞,副助詞,*,*,*,*,のみ,ノミ,ノミ
使い	名詞,一般,*,*,*,*,使い,ツカイ,ツカイ
に	助詞,格助詞,一般,*,*,*,に,ニ,ニ
，	記号,読点,*,*,*,*,，,，,，
限り	名詞,ナイ形容詞語幹,*,*,*,*,限り,カギリ,カギリ
なく	助動詞,*,*,*,特殊・ナイ,連用テ接続,ない,ナク,ナク
永久	名詞,一般,*,*,*,*,永久,エイキュウ,エイキュー
に	助詞,格助詞,一般,*,*,*,に,ニ,ニ
生き	動詞,自立,*,*,一段,連用形,生きる,イキ,イキ
て	助詞,接続助詞,*,*,*,*,て,テ,テ
おら	動詞,自立,*,*,五段・ラ行,未然形,おる,オラ,オラ
れる	動詞,接尾,*,*,一段,基本形,れる,レル,レル
神	名詞,一般,*,*,*,*,神,カミ,カミ
の	助詞,連体化,*,*,*,*,の,ノ,ノ
怒り	名詞,一般,*,*,*,*,怒り,イカリ,イカリ
を	助詞,格助詞,一般,*,*,*,を,ヲ,ヲ
満たし	動詞,自立,*,*,五段・サ行,連用形,満たす,ミタシ,ミタシ
た	助動詞,*,*,*,特殊・タ,基本形,た,タ,タ
七つ	名詞,一般,*,*,*,*,七つ,ナナツ,ナナツ
の	助詞,連体化,*,*,*,*,の,ノ,ノ
黄金	名詞,一般,*,*,*,*,黄金,オウゴン,オーゴン
の	助詞,連体化,*,*,*,*,の,ノ,ノ
鉢	名詞,一般,*,*,*,*,鉢,ハチ,ハチ
を	助詞,格助詞,一般,*,*,*,を,ヲ,ヲ
与え	動詞,自立,*,*,一段,連用形,与える,アタエ,アタエ
た	助動詞,*,*,*,特殊・タ,基本形,た,タ,タ
。	記号,句点,*,*,*,*,。,。,。
する	動詞,自立,*,*,サ変・スル,基本形,する,スル,スル
と	助詞,接続助詞,*,*,*,*,と,ト,ト
，	記号,読点,*,*,*,*,，,，,，
神	名詞,一般,*,*,*,*,神,カミ,カミ
の	助詞,連体化,*,*,*,*,の,ノ,ノ
栄光	名詞,一般,*,*,*,*,栄光,エイコウ,エイコー
の	助詞,連体化,*,*,*,*,の,ノ,ノ
ゆえ	名詞,非自立,副詞可能,*,*,*,ゆえ,ユエ,ユエ
に	助詞,格助詞,一般,*,*,*,に,ニ,ニ
，	記号,読点,*,*,*,*,，,，,，
また	接続詞,*,*,*,*,*,また,マタ,マタ
その	連体詞,*,*,*,*,*,その,ソノ,ソノ
力	名詞,一般,*,*,*,*,力,チカラ,チカラ
の	助詞,連体化,*,*,*,*,の,ノ,ノ
ゆえ	名詞,非自立,副詞可能,*,*,*,ゆえ,ユエ,ユエ
に	助詞,格助詞,一般,*,*,*,に,ニ,ニ
聖なる	連体詞,*,*,*,*,*,聖なる,セイナル,セイナル
所	名詞,非自立,副詞可能,*,*,*,所,トコロ,トコロ
は	助詞,係助詞,*,*,*,*,は,ハ,ワ
煙	名詞,一般,*,*,*,*,煙,ケムリ,ケムリ
で	助詞,格助詞,一般,*,*,*,で,デ,デ
満たさ	動詞,自立,*,*,五段・サ行,未然形,満たす,ミタサ,ミタサ
れ	動詞,接尾,*,*,一段,連用形,れる,レ,レ
，	記号,読点,*,*,*,*,，,，,，
七	名詞,数,*,*,*,*,七,ナナ,ナナ
人	名詞,接尾,助数詞,*,*,*,人,ニン,ニン
のみ	助詞,副助詞,*,*,*,*,のみ,ノミ,ノミ
使い	名詞,一般,*,*,*,*,使い,ツカイ,ツカイ
の	助詞,連体化,*,*,*,*,の,ノ,ノ
七つ	名詞,一般,*,*,*,*,七つ,ナナツ,ナナツ
の	助詞,連体化,*,*,*,*,の,ノ,ノ
災厄	名詞,一般,*,*,*,*,災厄,サイヤク,サイヤク
が	助詞,格助詞,一般,*,*,*,が,ガ,ガ
終わる	動詞,自立,*,*,五段・ラ行,基本形,終わる,オワル,オワル
まで	助詞,副助詞,*,*,*,*,まで,マデ,マデ
だれ	名詞,代名詞,一般,*,*,*,だれ,ダレ,ダレ
も	助詞,係助詞,*,*,*,*,も,モ,モ
聖なる	連体詞,*,*,*,*,*,聖なる,セイナル,セイナル
所	名詞,非自立,副詞可能,*,*,*,所,トコロ,トコロ
の	助詞,連体化,*,*,*,*,の,ノ,ノ
中	名詞,非自立,副詞可能,*,*,*,中,ナカ,ナカ
へ	助詞,格助詞,一般,*,*,*,へ,ヘ,エ
入る	動詞,自立,*,*,五段・ラ行,基本形,入る,ハイル,ハイル
こと	名詞,非自立,一般,*,*,*,こと,コト,コト
は	助詞,係助詞,*,*,*,*,は,ハ,ワ
でき	動詞,自立,*,*,一段,未然形,できる,デキ,デキ
なかっ	助動詞,*,*,*,特殊・ナイ,連用タ接続,ない,ナカッ,ナカッ
た	助動詞,*,*,*,特殊・タ,基本形,た,タ,タ
。	記号,句点,*,*,*,*,。,。,。
EOS
