また	接続詞,*,*,*,*,*,また,マタ,マタ
，	記号,読点,*,*,*,*,，,，,，
エホバ	名詞,一般,*,*,*,*,エホバ,エホバ,エホバ
の	助詞,連体化,*,*,*,*,の,ノ,ノ
言葉	名詞,一般,*,*,*,*,言葉,コトバ,コトバ
が	助詞,格助詞,一般,*,*,*,が,ガ,ガ
引き続き	副詞,一般,*,*,*,*,引き続き,ヒキツヅキ,ヒキツズキ
わたし	名詞,代名詞,一般,*,*,*,わたし,ワタシ,ワタシ
に	助詞,格助詞,一般,*,*,*,に,ニ,ニ
臨ん	動詞,自立,*,*,五段・マ行,連用タ接続,臨む,ノゾン,ノゾン
で	助詞,接続助詞,*,*,*,*,で,デ,デ
言っ	動詞,自立,*,*,五段・ワ行促音便,連用タ接続,言う,イッ,イッ
た	助動詞,*,*,*,特殊・タ,基本形,た,タ,タ
，	記号,読点,*,*,*,*,，,，,，
「	記号,括弧開,*,*,*,*,「,「,「
人	名詞,一般,*,*,*,*,人,ヒト,ヒト
の	助詞,連体化,*,*,*,*,の,ノ,ノ
子	名詞,一般,*,*,*,*,子,コ,コ
よ	助詞,終助詞,*,*,*,*,よ,ヨ,ヨ
，	記号,読点,*,*,*,*,，,，,，
あなた	名詞,代名詞,一般,*,*,*,あなた,アナタ,アナタ
の	助詞,連体化,*,*,*,*,の,ノ,ノ
顔	名詞,一般,*,*,*,*,顔,カオ,カオ
を	助詞,格助詞,一般,*,*,*,を,ヲ,ヲ
イスラエル	名詞,固有名詞,地域,国,*,*,イスラエル,イスラエル,イスラエル
の	助詞,連体化,*,*,*,*,の,ノ,ノ
山々	名詞,一般,*,*,*,*,山々,ヤマヤマ,ヤマヤマ
の	助詞,連体化,*,*,*,*,の,ノ,ノ
方	名詞,非自立,一般,*,*,*,方,ホウ,ホー
に	助詞,格助詞,一般,*,*,*,に,ニ,ニ
向け	動詞,自立,*,*,一段,連用形,向ける,ムケ,ムケ
て	助詞,接続助詞,*,*,*,*,て,テ,テ
，	記号,読点,*,*,*,*,，,，,，
これ	名詞,代名詞,一般,*,*,*,これ,コレ,コレ
に	助詞,格助詞,一般,*,*,*,に,ニ,ニ
預言	名詞,サ変接続,*,*,*,*,預言,ヨゲン,ヨゲン
せよ	動詞,自立,*,*,サ変・スル,命令ｙｏ,する,セヨ,セヨ
。	記号,句点,*,*,*,*,。,。,。
そして	接続詞,*,*,*,*,*,そして,ソシテ,ソシテ
あなた	名詞,代名詞,一般,*,*,*,あなた,アナタ,アナタ
は	助詞,係助詞,*,*,*,*,は,ハ,ワ
言わ	動詞,自立,*,*,五段・ワ行促音便,未然形,言う,イワ,イワ
なけれ	助動詞,*,*,*,特殊・ナイ,仮定形,ない,ナケレ,ナケレ
ば	助詞,接続助詞,*,*,*,*,ば,バ,バ
なら	動詞,非自立,*,*,五段・ラ行,未然形,なる,ナラ,ナラ
ない	助動詞,*,*,*,特殊・ナイ,基本形,ない,ナイ,ナイ
，	記号,読点,*,*,*,*,，,，,，
『	記号,括弧開,*,*,*,*,『,『,『
イスラエル	名詞,固有名詞,地域,国,*,*,イスラエル,イスラエル,イスラエル
の	助詞,連体化,*,*,*,*,の,ノ,ノ
山々	名詞,一般,*,*,*,*,山々,ヤマヤマ,ヤマヤマ
よ	助詞,終助詞,*,*,*,*,よ,ヨ,ヨ
，	記号,読点,*,*,*,*,，,，,，
主権	名詞,一般,*,*,*,*,主権,シュケン,シュケン
者	名詞,接尾,一般,*,*,*,者,シャ,シャ
なる	助動詞,*,*,*,文語・ナリ,体言接続,なり,ナル,ナル
主	接頭詞,名詞接続,*,*,*,*,主,シュ,シュ
エホバ	名詞,一般,*,*,*,*,エホバ,エホバ,エホバ
の	助詞,連体化,*,*,*,*,の,ノ,ノ
言葉	名詞,一般,*,*,*,*,言葉,コトバ,コトバ
を	助詞,格助詞,一般,*,*,*,を,ヲ,ヲ
聞け	動詞,自立,*,*,五段・カ行イ音便,命令ｅ,聞く,キケ,キケ
。	記号,句点,*,*,*,*,。,。,。
主権	名詞,一般,*,*,*,*,主権,シュケン,シュケン
者	名詞,接尾,一般,*,*,*,者,シャ,シャ
なる	助動詞,*,*,*,文語・ナリ,体言接続,なり,ナル,ナル
主	接頭詞,名詞接続,*,*,*,*,主,シュ,シュ
エホバ	名詞,一般,*,*,*,*,エホバ,エホバ,エホバ
は	助詞,係助詞,*,*,*,*,は,ハ,ワ
，	記号,読点,*,*,*,*,，,，,，
山	名詞,一般,*,*,*,*,山,ヤマ,ヤマ
や	助詞,並立助詞,*,*,*,*,や,ヤ,ヤ
丘	名詞,一般,*,*,*,*,丘,オカ,オカ
，	記号,読点,*,*,*,*,，,，,，
川床	名詞,一般,*,*,*,*,川床,カワドコ,カワドコ
や	助詞,並立助詞,*,*,*,*,や,ヤ,ヤ
谷	名詞,一般,*,*,*,*,谷,タニ,タニ
に	助詞,格助詞,一般,*,*,*,に,ニ,ニ
向かっ	動詞,自立,*,*,五段・ワ行促音便,連用タ接続,向かう,ムカッ,ムカッ
て	助詞,接続助詞,*,*,*,*,て,テ,テ
この	連体詞,*,*,*,*,*,この,コノ,コノ
よう	名詞,非自立,助動詞語幹,*,*,*,よう,ヨウ,ヨー
に	助詞,副詞化,*,*,*,*,に,ニ,ニ
言わ	動詞,自立,*,*,五段・ワ行促音便,未然形,言う,イワ,イワ
れ	動詞,接尾,*,*,一段,連用形,れる,レ,レ
た	助動詞,*,*,*,特殊・タ,基本形,た,タ,タ
。	記号,句点,*,*,*,*,。,。,。
「	記号,括弧開,*,*,*,*,「,「,「
わたし	名詞,代名詞,一般,*,*,*,わたし,ワタシ,ワタシ
は	助詞,係助詞,*,*,*,*,は,ハ,ワ
ここ	名詞,代名詞,一般,*,*,*,ここ,ココ,ココ
に	助詞,格助詞,一般,*,*,*,に,ニ,ニ
いる	動詞,自立,*,*,一段,基本形,いる,イル,イル
！	記号,一般,*,*,*,*,！,！,！
わたし	名詞,代名詞,一般,*,*,*,わたし,ワタシ,ワタシ
は	助詞,係助詞,*,*,*,*,は,ハ,ワ
あなた	名詞,代名詞,一般,*,*,*,あなた,アナタ,アナタ
方	名詞,接尾,一般,*,*,*,方,カタ,カタ
に	助詞,格助詞,一般,*,*,*,に,ニ,ニ
剣	名詞,一般,*,*,*,*,剣,ケン,ケン
を	助詞,格助詞,一般,*,*,*,を,ヲ,ヲ
もたらす	動詞,自立,*,*,五段・サ行,基本形,もたらす,モタラス,モタラス
。	記号,句点,*,*,*,*,。,。,。
わたし	名詞,代名詞,一般,*,*,*,わたし,ワタシ,ワタシ
は	助詞,係助詞,*,*,*,*,は,ハ,ワ
あなた	名詞,代名詞,一般,*,*,*,あなた,アナタ,アナタ
方	名詞,接尾,一般,*,*,*,方,カタ,カタ
の	助詞,連体化,*,*,*,*,の,ノ,ノ
高き	形容詞,自立,*,*,形容詞・アウオ段,体言接続,高い,タカキ,タカキ
所	名詞,非自立,副詞可能,*,*,*,所,トコロ,トコロ
を	助詞,格助詞,一般,*,*,*,を,ヲ,ヲ
必ず	副詞,助詞類接続,*,*,*,*,必ず,カナラズ,カナラズ
滅ぼす	動詞,自立,*,*,五段・サ行,基本形,滅ぼす,ホロボス,ホロボス
で	助動詞,*,*,*,特殊・ダ,連用形,だ,デ,デ
あろ	助動詞,*,*,*,五段・ラ行アル,未然ウ接続,ある,アロ,アロ
う	助動詞,*,*,*,不変化型,基本形,う,ウ,ウ
。	記号,句点,*,*,*,*,。,。,。
そして	接続詞,*,*,*,*,*,そして,ソシテ,ソシテ
，	記号,読点,*,*,*,*,，,，,，
あなた	名詞,代名詞,一般,*,*,*,あなた,アナタ,アナタ
方	名詞,接尾,一般,*,*,*,方,カタ,カタ
の	助詞,連体化,*,*,*,*,の,ノ,ノ
祭壇	名詞,一般,*,*,*,*,祭壇,サイダン,サイダン
は	助詞,係助詞,*,*,*,*,は,ハ,ワ
必ず	副詞,助詞類接続,*,*,*,*,必ず,カナラズ,カナラズ
荒廃	名詞,サ変接続,*,*,*,*,荒廃,コウハイ,コーハイ
さ	動詞,自立,*,*,サ変・スル,未然レル接続,する,サ,サ
せ	動詞,接尾,*,*,一段,未然形,せる,セ,セ
られ	動詞,接尾,*,*,一段,連用形,られる,ラレ,ラレ
，	記号,読点,*,*,*,*,，,，,，
香	名詞,一般,*,*,*,*,香,コウ,コー
台	名詞,接尾,一般,*,*,*,台,ダイ,ダイ
も	助詞,係助詞,*,*,*,*,も,モ,モ
砕か	動詞,自立,*,*,五段・カ行イ音便,未然形,砕く,クダカ,クダカ
れる	動詞,接尾,*,*,一段,基本形,れる,レル,レル
。	記号,句点,*,*,*,*,。,。,。
わたし	名詞,代名詞,一般,*,*,*,わたし,ワタシ,ワタシ
は	助詞,係助詞,*,*,*,*,は,ハ,ワ
あなた	名詞,代名詞,一般,*,*,*,あなた,アナタ,アナタ
方	名詞,接尾,一般,*,*,*,方,カタ,カタ
の	助詞,格助詞,一般,*,*,*,の,ノ,ノ
打ち殺さ	動詞,自立,*,*,五段・サ行,未然形,打ち殺す,ウチコロサ,ウチコロサ
れ	動詞,接尾,*,*,一段,連用形,れる,レ,レ
た	助動詞,*,*,*,特殊・タ,基本形,た,タ,タ
者	名詞,一般,*,*,*,*,者,モノ,モノ
たち	名詞,接尾,一般,*,*,*,たち,タチ,タチ
を	助詞,格助詞,一般,*,*,*,を,ヲ,ヲ
あなた	名詞,代名詞,一般,*,*,*,あなた,アナタ,アナタ
方	名詞,接尾,一般,*,*,*,方,カタ,カタ
の	助詞,連体化,*,*,*,*,の,ノ,ノ
糞	名詞,一般,*,*,*,*,糞,クソ,クソ
像	名詞,接尾,一般,*,*,*,像,ゾウ,ゾー
の	助詞,連体化,*,*,*,*,の,ノ,ノ
前	名詞,副詞可能,*,*,*,*,前,マエ,マエ
に	助詞,格助詞,一般,*,*,*,に,ニ,ニ
倒れ	動詞,自立,*,*,一段,未然形,倒れる,タオレ,タオレ
させる	動詞,接尾,*,*,一段,基本形,させる,サセル,サセル
。	記号,句点,*,*,*,*,。,。,。
また	接続詞,*,*,*,*,*,また,マタ,マタ
，	記号,読点,*,*,*,*,，,，,，
わたし	名詞,代名詞,一般,*,*,*,わたし,ワタシ,ワタシ
は	助詞,係助詞,*,*,*,*,は,ハ,ワ
イスラエル	名詞,固有名詞,地域,国,*,*,イスラエル,イスラエル,イスラエル
の	助詞,連体化,*,*,*,*,の,ノ,ノ
子	名詞,一般,*,*,*,*,子,コ,コ
ら	名詞,接尾,一般,*,*,*,ら,ラ,ラ
の	助詞,連体化,*,*,*,*,の,ノ,ノ
死がい	名詞,一般,*,*,*,*,死がい,シガイ,シガイ
を	助詞,格助詞,一般,*,*,*,を,ヲ,ヲ
彼ら	名詞,代名詞,一般,*,*,*,彼ら,カレラ,カレラ
の	助詞,連体化,*,*,*,*,の,ノ,ノ
糞	名詞,一般,*,*,*,*,糞,クソ,クソ
像	名詞,接尾,一般,*,*,*,像,ゾウ,ゾー
の	助詞,連体化,*,*,*,*,の,ノ,ノ
前	名詞,副詞可能,*,*,*,*,前,マエ,マエ
に	助詞,格助詞,一般,*,*,*,に,ニ,ニ
置き	動詞,自立,*,*,五段・カ行イ音便,連用形,置く,オキ,オキ
，	記号,読点,*,*,*,*,，,，,，
あなた	名詞,代名詞,一般,*,*,*,あなた,アナタ,アナタ
方	名詞,接尾,一般,*,*,*,方,カタ,カタ
の	助詞,連体化,*,*,*,*,の,ノ,ノ
骨	名詞,一般,*,*,*,*,骨,ホネ,ホネ
を	助詞,格助詞,一般,*,*,*,を,ヲ,ヲ
あなた	名詞,代名詞,一般,*,*,*,あなた,アナタ,アナタ
方	名詞,接尾,一般,*,*,*,方,カタ,カタ
の	助詞,連体化,*,*,*,*,の,ノ,ノ
祭壇	名詞,一般,*,*,*,*,祭壇,サイダン,サイダン
の	助詞,連体化,*,*,*,*,の,ノ,ノ
周囲	名詞,一般,*,*,*,*,周囲,シュウイ,シューイ
に	助詞,格助詞,一般,*,*,*,に,ニ,ニ
散らす	動詞,自立,*,*,五段・サ行,基本形,散らす,チラス,チラス
。	記号,句点,*,*,*,*,。,。,。
あなた	名詞,代名詞,一般,*,*,*,あなた,アナタ,アナタ
方	名詞,接尾,一般,*,*,*,方,カタ,カタ
の	助詞,連体化,*,*,*,*,の,ノ,ノ
すべて	名詞,副詞可能,*,*,*,*,すべて,スベテ,スベテ
の	助詞,連体化,*,*,*,*,の,ノ,ノ
住み	動詞,自立,*,*,五段・マ行,連用形,住む,スミ,スミ
か	助詞,副助詞／並立助詞／終助詞,*,*,*,*,か,カ,カ
において	助詞,格助詞,連語,*,*,*,において,ニオイテ,ニオイテ
都市	名詞,一般,*,*,*,*,都市,トシ,トシ
は	助詞,係助詞,*,*,*,*,は,ハ,ワ
荒れ	動詞,自立,*,*,一段,連用形,荒れる,アレ,アレ
廃れ	動詞,自立,*,*,一段,連用形,廃れる,スタレ,スタレ
，	記号,読点,*,*,*,*,，,，,，
高き	形容詞,自立,*,*,形容詞・アウオ段,体言接続,高い,タカキ,タカキ
所	名詞,非自立,副詞可能,*,*,*,所,トコロ,トコロ
も	助詞,係助詞,*,*,*,*,も,モ,モ
荒れ	動詞,自立,*,*,一段,連用形,荒れる,アレ,アレ
廃れる	動詞,自立,*,*,一段,基本形,廃れる,スタレル,スタレル
。	記号,句点,*,*,*,*,。,。,。
それ	名詞,代名詞,一般,*,*,*,それ,ソレ,ソレ
は	助詞,係助詞,*,*,*,*,は,ハ,ワ
，	記号,読点,*,*,*,*,，,，,，
それら	名詞,代名詞,一般,*,*,*,それら,ソレラ,ソレラ
の	助詞,連体化,*,*,*,*,の,ノ,ノ
もの	名詞,非自立,一般,*,*,*,もの,モノ,モノ
が	助詞,格助詞,一般,*,*,*,が,ガ,ガ
荒れ	動詞,自立,*,*,一段,連用形,荒れる,アレ,アレ
廃れ	動詞,自立,*,*,一段,連用形,廃れる,スタレ,スタレ
，	記号,読点,*,*,*,*,，,，,，
あなた	名詞,代名詞,一般,*,*,*,あなた,アナタ,アナタ
方	名詞,接尾,一般,*,*,*,方,カタ,カタ
の	助詞,連体化,*,*,*,*,の,ノ,ノ
祭壇	名詞,一般,*,*,*,*,祭壇,サイダン,サイダン
が	助詞,格助詞,一般,*,*,*,が,ガ,ガ
荒廃	名詞,サ変接続,*,*,*,*,荒廃,コウハイ,コーハイ
し	動詞,自立,*,*,サ変・スル,連用形,する,シ,シ
，	記号,読点,*,*,*,*,，,，,，
実際	副詞,助詞類接続,*,*,*,*,実際,ジッサイ,ジッサイ
に	助詞,副詞化,*,*,*,*,に,ニ,ニ
壊さ	動詞,自立,*,*,五段・サ行,未然形,壊す,コワサ,コワサ
れ	動詞,接尾,*,*,一段,連用形,れる,レ,レ
，	記号,読点,*,*,*,*,，,，,，
あなた	名詞,代名詞,一般,*,*,*,あなた,アナタ,アナタ
方	名詞,接尾,一般,*,*,*,方,カタ,カタ
の	助詞,連体化,*,*,*,*,の,ノ,ノ
糞	名詞,一般,*,*,*,*,糞,クソ,クソ
像	名詞,接尾,一般,*,*,*,像,ゾウ,ゾー
が	助詞,格助詞,一般,*,*,*,が,ガ,ガ
実際	副詞,助詞類接続,*,*,*,*,実際,ジッサイ,ジッサイ
に	助詞,副詞化,*,*,*,*,に,ニ,ニ
絶やさ	動詞,自立,*,*,五段・サ行,未然形,絶やす,タヤサ,タヤサ
れ	動詞,接尾,*,*,一段,連用形,れる,レ,レ
，	記号,読点,*,*,*,*,，,，,，
あなた	名詞,代名詞,一般,*,*,*,あなた,アナタ,アナタ
方	名詞,接尾,一般,*,*,*,方,カタ,カタ
の	助詞,連体化,*,*,*,*,の,ノ,ノ
香	名詞,一般,*,*,*,*,香,コウ,コー
台	名詞,接尾,一般,*,*,*,台,ダイ,ダイ
が	助詞,格助詞,一般,*,*,*,が,ガ,ガ
切り倒さ	動詞,自立,*,*,五段・サ行,未然形,切り倒す,キリタオサ,キリタオサ
れ	動詞,接尾,*,*,一段,連用形,れる,レ,レ
，	記号,読点,*,*,*,*,，,，,，
あなた	名詞,代名詞,一般,*,*,*,あなた,アナタ,アナタ
方	名詞,接尾,一般,*,*,*,方,カタ,カタ
の	助詞,格助詞,一般,*,*,*,の,ノ,ノ
作っ	動詞,自立,*,*,五段・ラ行,連用タ接続,作る,ツクッ,ツクッ
た	助動詞,*,*,*,特殊・タ,基本形,た,タ,タ
もの	名詞,非自立,一般,*,*,*,もの,モノ,モノ
が	助詞,格助詞,一般,*,*,*,が,ガ,ガ
ぬぐい去ら	動詞,自立,*,*,五段・ラ行,未然形,ぬぐい去る,ヌグイサラ,ヌグイサラ
れる	動詞,接尾,*,*,一段,基本形,れる,レル,レル
ため	名詞,非自立,副詞可能,*,*,*,ため,タメ,タメ
で	助動詞,*,*,*,特殊・ダ,連用形,だ,デ,デ
ある	助動詞,*,*,*,五段・ラ行アル,基本形,ある,アル,アル
。	記号,句点,*,*,*,*,。,。,。
そして	接続詞,*,*,*,*,*,そして,ソシテ,ソシテ
，	記号,読点,*,*,*,*,，,，,，
打ち殺さ	動詞,自立,*,*,五段・サ行,未然形,打ち殺す,ウチコロサ,ウチコロサ
れ	動詞,接尾,*,*,一段,連用形,れる,レ,レ
た	助動詞,*,*,*,特殊・タ,基本形,た,タ,タ
者	名詞,非自立,一般,*,*,*,者,モノ,モノ
は	助詞,係助詞,*,*,*,*,は,ハ,ワ
必ず	副詞,助詞類接続,*,*,*,*,必ず,カナラズ,カナラズ
あなた	名詞,代名詞,一般,*,*,*,あなた,アナタ,アナタ
方	名詞,接尾,一般,*,*,*,方,カタ,カタ
の	助詞,連体化,*,*,*,*,の,ノ,ノ
中	名詞,非自立,副詞可能,*,*,*,中,ナカ,ナカ
に	助詞,格助詞,一般,*,*,*,に,ニ,ニ
倒れ	動詞,自立,*,*,一段,連用形,倒れる,タオレ,タオレ
，	記号,読点,*,*,*,*,，,，,，
あなた	名詞,代名詞,一般,*,*,*,あなた,アナタ,アナタ
方	名詞,接尾,一般,*,*,*,方,カタ,カタ
は	助詞,係助詞,*,*,*,*,は,ハ,ワ
わたし	名詞,代名詞,一般,*,*,*,わたし,ワタシ,ワタシ
が	助詞,格助詞,一般,*,*,*,が,ガ,ガ
エホバ	名詞,一般,*,*,*,*,エホバ,エホバ,エホバ
で	助動詞,*,*,*,特殊・ダ,連用形,だ,デ,デ
ある	助動詞,*,*,*,五段・ラ行アル,基本形,ある,アル,アル
こと	名詞,非自立,一般,*,*,*,こと,コト,コト
を	助詞,格助詞,一般,*,*,*,を,ヲ,ヲ
知ら	動詞,自立,*,*,五段・ラ行,未然形,知る,シラ,シラ
なけれ	助動詞,*,*,*,特殊・ナイ,仮定形,ない,ナケレ,ナケレ
ば	助詞,接続助詞,*,*,*,*,ば,バ,バ
なら	動詞,非自立,*,*,五段・ラ行,未然形,なる,ナラ,ナラ
なく	助動詞,*,*,*,特殊・ナイ,連用テ接続,ない,ナク,ナク
なる	動詞,自立,*,*,五段・ラ行,基本形,なる,ナル,ナル
。	記号,句点,*,*,*,*,。,。,。
「	記号,括弧開,*,*,*,*,「,「,「
『	記号,括弧開,*,*,*,*,『,『,『
「	記号,括弧開,*,*,*,*,「,「,「
そして	接続詞,*,*,*,*,*,そして,ソシテ,ソシテ
，	記号,読点,*,*,*,*,，,，,，
それ	名詞,代名詞,一般,*,*,*,それ,ソレ,ソレ
が	助詞,格助詞,一般,*,*,*,が,ガ,ガ
起こる	動詞,自立,*,*,五段・ラ行,基本形,起こる,オコル,オコル
とき	名詞,非自立,副詞可能,*,*,*,とき,トキ,トキ
，	記号,読点,*,*,*,*,，,，,，
あなた	名詞,代名詞,一般,*,*,*,あなた,アナタ,アナタ
方	名詞,接尾,一般,*,*,*,方,カタ,カタ
が	助詞,格助詞,一般,*,*,*,が,ガ,ガ
もろもろ	名詞,一般,*,*,*,*,もろもろ,モロモロ,モロモロ
の	助詞,連体化,*,*,*,*,の,ノ,ノ
地	名詞,一般,*,*,*,*,地,チ,チ
の	助詞,連体化,*,*,*,*,の,ノ,ノ
中	名詞,非自立,副詞可能,*,*,*,中,ナカ,ナカ
に	助詞,格助詞,一般,*,*,*,に,ニ,ニ
散らさ	動詞,自立,*,*,五段・サ行,未然形,散らす,チラサ,チラサ
れる	動詞,接尾,*,*,一段,基本形,れる,レル,レル
とき	名詞,非自立,副詞可能,*,*,*,とき,トキ,トキ
，	記号,読点,*,*,*,*,，,，,，
わたし	名詞,代名詞,一般,*,*,*,わたし,ワタシ,ワタシ
は	助詞,係助詞,*,*,*,*,は,ハ,ワ
，	記号,読点,*,*,*,*,，,，,，
諸	接頭詞,名詞接続,*,*,*,*,諸,ショ,ショ
国民	名詞,一般,*,*,*,*,国民,コクミン,コクミン
の	助詞,連体化,*,*,*,*,の,ノ,ノ
中	名詞,非自立,副詞可能,*,*,*,中,ナカ,ナカ
で	助詞,格助詞,一般,*,*,*,で,デ,デ
剣	名詞,一般,*,*,*,*,剣,ケン,ケン
を	助詞,格助詞,一般,*,*,*,を,ヲ,ヲ
逃れる	動詞,自立,*,*,一段,基本形,逃れる,ノガレル,ノガレル
者	名詞,一般,*,*,*,*,者,モノ,モノ
たち	名詞,接尾,一般,*,*,*,たち,タチ,タチ
を	助詞,格助詞,一般,*,*,*,を,ヲ,ヲ
あなた	名詞,代名詞,一般,*,*,*,あなた,アナタ,アナタ
方	名詞,接尾,一般,*,*,*,方,カタ,カタ
に	助詞,格助詞,一般,*,*,*,に,ニ,ニ
残り	名詞,一般,*,*,*,*,残り,ノコリ,ノコリ
の	助詞,連体化,*,*,*,*,の,ノ,ノ
者	名詞,非自立,一般,*,*,*,者,モノ,モノ
として	助詞,格助詞,連語,*,*,*,として,トシテ,トシテ
得	動詞,自立,*,*,一段,未然形,得る,エ,エ
させる	動詞,接尾,*,*,一段,基本形,させる,サセル,サセル
。	記号,句点,*,*,*,*,。,。,。
そして	接続詞,*,*,*,*,*,そして,ソシテ,ソシテ
あなた	名詞,代名詞,一般,*,*,*,あなた,アナタ,アナタ
方	名詞,接尾,一般,*,*,*,方,カタ,カタ
の	助詞,連体化,*,*,*,*,の,ノ,ノ
逃れ	動詞,自立,*,*,一段,連用形,逃れる,ノガレ,ノガレ
た	助動詞,*,*,*,特殊・タ,基本形,た,タ,タ
者	名詞,一般,*,*,*,*,者,モノ,モノ
たち	名詞,接尾,一般,*,*,*,たち,タチ,タチ
は	助詞,係助詞,*,*,*,*,は,ハ,ワ
，	記号,読点,*,*,*,*,，,，,，
とりこ	名詞,一般,*,*,*,*,とりこ,トリコ,トリコ
と	助詞,格助詞,一般,*,*,*,と,ト,ト
なっ	動詞,自立,*,*,五段・ラ行,連用タ接続,なる,ナッ,ナッ
て	助詞,接続助詞,*,*,*,*,て,テ,テ
連れ	動詞,自立,*,*,一段,連用形,連れる,ツレ,ツレ
て	助詞,接続助詞,*,*,*,*,て,テ,テ
行か	動詞,非自立,*,*,五段・カ行促音便,未然形,行く,イカ,イカ
れる	動詞,接尾,*,*,一段,基本形,れる,レル,レル
諸	接頭詞,名詞接続,*,*,*,*,諸,ショ,ショ
国民	名詞,一般,*,*,*,*,国民,コクミン,コクミン
の	助詞,連体化,*,*,*,*,の,ノ,ノ
中	名詞,非自立,副詞可能,*,*,*,中,ナカ,ナカ
で	助詞,格助詞,一般,*,*,*,で,デ,デ
，	記号,読点,*,*,*,*,，,，,，
必ず	副詞,助詞類接続,*,*,*,*,必ず,カナラズ,カナラズ
わたし	名詞,代名詞,一般,*,*,*,わたし,ワタシ,ワタシ
を	助詞,格助詞,一般,*,*,*,を,ヲ,ヲ
思い出す	動詞,自立,*,*,五段・サ行,基本形,思い出す,オモイダス,オモイダス
で	助動詞,*,*,*,特殊・ダ,連用形,だ,デ,デ
あろ	助動詞,*,*,*,五段・ラ行アル,未然ウ接続,ある,アロ,アロ
う	助動詞,*,*,*,不変化型,基本形,う,ウ,ウ
。	記号,句点,*,*,*,*,。,。,。
それ	名詞,代名詞,一般,*,*,*,それ,ソレ,ソレ
は	助詞,係助詞,*,*,*,*,は,ハ,ワ
，	記号,読点,*,*,*,*,，,，,，
わたし	名詞,代名詞,一般,*,*,*,わたし,ワタシ,ワタシ
から	助詞,格助詞,一般,*,*,*,から,カラ,カラ
それ	動詞,自立,*,*,一段,連用形,それる,ソレ,ソレ
て	助詞,接続助詞,*,*,*,*,て,テ,テ
行っ	動詞,非自立,*,*,五段・カ行促音便,連用タ接続,行く,イッ,イッ
た	助動詞,*,*,*,特殊・タ,基本形,た,タ,タ
彼ら	名詞,代名詞,一般,*,*,*,彼ら,カレラ,カレラ
の	助詞,連体化,*,*,*,*,の,ノ,ノ
淫行	名詞,一般,*,*,*,*,淫行,インコウ,インコー
の	助詞,連体化,*,*,*,*,の,ノ,ノ
心	名詞,一般,*,*,*,*,心,ココロ,ココロ
と	助詞,並立助詞,*,*,*,*,と,ト,ト
，	記号,読点,*,*,*,*,，,，,，
その	連体詞,*,*,*,*,*,その,ソノ,ソノ
糞	名詞,一般,*,*,*,*,糞,クソ,クソ
像	名詞,接尾,一般,*,*,*,像,ゾウ,ゾー
を	助詞,格助詞,一般,*,*,*,を,ヲ,ヲ
慕っ	動詞,自立,*,*,五段・ワ行促音便,連用タ接続,慕う,シタッ,シタッ
て	助詞,接続助詞,*,*,*,*,て,テ,テ
淫行	名詞,一般,*,*,*,*,淫行,インコウ,インコー
の	助詞,連体化,*,*,*,*,の,ノ,ノ
ため	名詞,非自立,副詞可能,*,*,*,ため,タメ,タメ
に	助詞,格助詞,一般,*,*,*,に,ニ,ニ
行く	動詞,自立,*,*,五段・カ行促音便,基本形,行く,イク,イク
彼ら	名詞,代名詞,一般,*,*,*,彼ら,カレラ,カレラ
の	助詞,連体化,*,*,*,*,の,ノ,ノ
目	名詞,一般,*,*,*,*,目,メ,メ
と	助詞,格助詞,一般,*,*,*,と,ト,ト
の	助詞,連体化,*,*,*,*,の,ノ,ノ
ゆえ	名詞,非自立,副詞可能,*,*,*,ゆえ,ユエ,ユエ
に	助詞,格助詞,一般,*,*,*,に,ニ,ニ
，	記号,読点,*,*,*,*,，,，,，
わたし	名詞,代名詞,一般,*,*,*,わたし,ワタシ,ワタシ
が	助詞,格助詞,一般,*,*,*,が,ガ,ガ
砕か	動詞,自立,*,*,五段・カ行イ音便,未然形,砕く,クダカ,クダカ
れ	動詞,接尾,*,*,一段,連用形,れる,レ,レ
て	助詞,接続助詞,*,*,*,*,て,テ,テ
しまっ	動詞,非自立,*,*,五段・ワ行促音便,連用タ接続,しまう,シマッ,シマッ
た	助動詞,*,*,*,特殊・タ,基本形,た,タ,タ
から	助詞,接続助詞,*,*,*,*,から,カラ,カラ
で	助動詞,*,*,*,特殊・ダ,連用形,だ,デ,デ
ある	助動詞,*,*,*,五段・ラ行アル,基本形,ある,アル,アル
。	記号,句点,*,*,*,*,。,。,。
彼ら	名詞,代名詞,一般,*,*,*,彼ら,カレラ,カレラ
は	助詞,係助詞,*,*,*,*,は,ハ,ワ
自分	名詞,一般,*,*,*,*,自分,ジブン,ジブン
たち	名詞,接尾,一般,*,*,*,たち,タチ,タチ
の	助詞,連体化,*,*,*,*,の,ノ,ノ
あらゆる	連体詞,*,*,*,*,*,あらゆる,アラユル,アラユル
忌む	動詞,自立,*,*,五段・マ行,基本形,忌む,イム,イム
べき	助動詞,*,*,*,文語・ベシ,体言接続,べし,ベキ,ベキ
こと	名詞,非自立,一般,*,*,*,こと,コト,コト
において	助詞,格助詞,連語,*,*,*,において,ニオイテ,ニオイテ
行なっ	動詞,自立,*,*,五段・ワ行促音便,連用タ接続,行なう,オコナッ,オコナッ
た	助動詞,*,*,*,特殊・タ,基本形,た,タ,タ
悪い	形容詞,自立,*,*,形容詞・アウオ段,基本形,悪い,ワルイ,ワルイ
事柄	名詞,一般,*,*,*,*,事柄,コトガラ,コトガラ
を	助詞,格助詞,一般,*,*,*,を,ヲ,ヲ
，	記号,読点,*,*,*,*,，,，,，
必ず	副詞,助詞類接続,*,*,*,*,必ず,カナラズ,カナラズ
その	連体詞,*,*,*,*,*,その,ソノ,ソノ
顔	名詞,一般,*,*,*,*,顔,カオ,カオ
に	助詞,格助詞,一般,*,*,*,に,ニ,ニ
忌み嫌う	動詞,自立,*,*,五段・ワ行促音便,基本形,忌み嫌う,イミキラウ,イミキラウ
で	助動詞,*,*,*,特殊・ダ,連用形,だ,デ,デ
あろ	助動詞,*,*,*,五段・ラ行アル,未然ウ接続,ある,アロ,アロ
う	助動詞,*,*,*,不変化型,基本形,う,ウ,ウ
。	記号,句点,*,*,*,*,。,。,。
そして	接続詞,*,*,*,*,*,そして,ソシテ,ソシテ
，	記号,読点,*,*,*,*,，,，,，
彼ら	名詞,代名詞,一般,*,*,*,彼ら,カレラ,カレラ
は	助詞,係助詞,*,*,*,*,は,ハ,ワ
わたし	名詞,代名詞,一般,*,*,*,わたし,ワタシ,ワタシ
が	助詞,格助詞,一般,*,*,*,が,ガ,ガ
エホバ	名詞,一般,*,*,*,*,エホバ,エホバ,エホバ
で	助動詞,*,*,*,特殊・ダ,連用形,だ,デ,デ
ある	助動詞,*,*,*,五段・ラ行アル,基本形,ある,アル,アル
こと	名詞,非自立,一般,*,*,*,こと,コト,コト
を	助詞,格助詞,一般,*,*,*,を,ヲ,ヲ
知ら	動詞,自立,*,*,五段・ラ行,未然形,知る,シラ,シラ
なけれ	助動詞,*,*,*,特殊・ナイ,仮定形,ない,ナケレ,ナケレ
ば	助詞,接続助詞,*,*,*,*,ば,バ,バ
なら	動詞,非自立,*,*,五段・ラ行,未然形,なる,ナラ,ナラ
なく	助動詞,*,*,*,特殊・ナイ,連用テ接続,ない,ナク,ナク
なる	動詞,自立,*,*,五段・ラ行,基本形,なる,ナル,ナル
。	記号,句点,*,*,*,*,。,。,。
わたし	名詞,代名詞,一般,*,*,*,わたし,ワタシ,ワタシ
は	助詞,係助詞,*,*,*,*,は,ハ,ワ
この	連体詞,*,*,*,*,*,この,コノ,コノ
災い	名詞,サ変接続,*,*,*,*,災い,ワザワイ,ワザワイ
を	助詞,格助詞,一般,*,*,*,を,ヲ,ヲ
彼ら	名詞,代名詞,一般,*,*,*,彼ら,カレラ,カレラ
に	助詞,格助詞,一般,*,*,*,に,ニ,ニ
行なう	動詞,自立,*,*,五段・ワ行促音便,基本形,行なう,オコナウ,オコナウ
こと	名詞,非自立,一般,*,*,*,こと,コト,コト
を	助詞,格助詞,一般,*,*,*,を,ヲ,ヲ
，	記号,読点,*,*,*,*,，,，,，
いたずら	名詞,サ変接続,*,*,*,*,いたずら,イタズラ,イタズラ
に	助詞,格助詞,一般,*,*,*,に,ニ,ニ
語っ	動詞,自立,*,*,五段・ラ行,連用タ接続,語る,カタッ,カタッ
た	助動詞,*,*,*,特殊・タ,基本形,た,タ,タ
の	名詞,非自立,一般,*,*,*,の,ノ,ノ
で	助動詞,*,*,*,特殊・ダ,連用形,だ,デ,デ
は	助詞,係助詞,*,*,*,*,は,ハ,ワ
ない	形容詞,自立,*,*,形容詞・アウオ段,基本形,ない,ナイ,ナイ
」	記号,括弧閉,*,*,*,*,」,」,」
』	記号,括弧閉,*,*,*,*,』,』,』
。	記号,句点,*,*,*,*,。,。,。
「	記号,括弧開,*,*,*,*,「,「,「
主権	名詞,一般,*,*,*,*,主権,シュケン,シュケン
者	名詞,接尾,一般,*,*,*,者,シャ,シャ
なる	助動詞,*,*,*,文語・ナリ,体言接続,なり,ナル,ナル
主	接頭詞,名詞接続,*,*,*,*,主,シュ,シュ
エホバ	名詞,一般,*,*,*,*,エホバ,エホバ,エホバ
は	助詞,係助詞,*,*,*,*,は,ハ,ワ
この	連体詞,*,*,*,*,*,この,コノ,コノ
よう	名詞,非自立,助動詞語幹,*,*,*,よう,ヨウ,ヨー
に	助詞,副詞化,*,*,*,*,に,ニ,ニ
言わ	動詞,自立,*,*,五段・ワ行促音便,未然形,言う,イワ,イワ
れ	動詞,接尾,*,*,一段,連用形,れる,レ,レ
た	助動詞,*,*,*,特殊・タ,基本形,た,タ,タ
。	記号,句点,*,*,*,*,。,。,。
『	記号,括弧開,*,*,*,*,『,『,『
あなた	名詞,代名詞,一般,*,*,*,あなた,アナタ,アナタ
の	助詞,連体化,*,*,*,*,の,ノ,ノ
手	名詞,一般,*,*,*,*,手,テ,テ
を	助詞,格助詞,一般,*,*,*,を,ヲ,ヲ
たたき	動詞,自立,*,*,五段・カ行イ音便,連用形,たたく,タタキ,タタキ
，	記号,読点,*,*,*,*,，,，,，
足	名詞,一般,*,*,*,*,足,アシ,アシ
を	助詞,格助詞,一般,*,*,*,を,ヲ,ヲ
踏み鳴らし	動詞,自立,*,*,五段・サ行,連用形,踏み鳴らす,フミナラシ,フミナラシ
，	記号,読点,*,*,*,*,，,，,，
イスラエル	名詞,固有名詞,地域,国,*,*,イスラエル,イスラエル,イスラエル
の	助詞,連体化,*,*,*,*,の,ノ,ノ
家	名詞,一般,*,*,*,*,家,イエ,イエ
の	助詞,連体化,*,*,*,*,の,ノ,ノ
あらゆる	連体詞,*,*,*,*,*,あらゆる,アラユル,アラユル
悪い	形容詞,自立,*,*,形容詞・アウオ段,基本形,悪い,ワルイ,ワルイ
忌む	動詞,自立,*,*,五段・マ行,基本形,忌む,イム,イム
べき	助動詞,*,*,*,文語・ベシ,体言接続,べし,ベキ,ベキ
こと	名詞,非自立,一般,*,*,*,こと,コト,コト
の	助詞,連体化,*,*,*,*,の,ノ,ノ
ゆえ	名詞,非自立,副詞可能,*,*,*,ゆえ,ユエ,ユエ
に	助詞,格助詞,一般,*,*,*,に,ニ,ニ
，	記号,読点,*,*,*,*,，,，,，
「	記号,括弧開,*,*,*,*,「,「,「
ああ	感動詞,*,*,*,*,*,ああ,アア,アー
！	記号,一般,*,*,*,*,！,！,！
」	記号,括弧閉,*,*,*,*,」,」,」
と	助詞,格助詞,引用,*,*,*,と,ト,ト
言え	動詞,自立,*,*,一段,連用形,言える,イエ,イエ
。	記号,句点,*,*,*,*,。,。,。
剣	名詞,一般,*,*,*,*,剣,ケン,ケン
によって	助詞,格助詞,連語,*,*,*,によって,ニヨッテ,ニヨッテ
，	記号,読点,*,*,*,*,，,，,，
飢きん	名詞,一般,*,*,*,*,飢きん,キキン,キキン
と	助詞,並立助詞,*,*,*,*,と,ト,ト
疫病	名詞,一般,*,*,*,*,疫病,ヤクビョウ,ヤクビョー
と	助詞,並立助詞,*,*,*,*,と,ト,ト
によって	助詞,格助詞,連語,*,*,*,によって,ニヨッテ,ニヨッテ
彼ら	名詞,代名詞,一般,*,*,*,彼ら,カレラ,カレラ
が	助詞,格助詞,一般,*,*,*,が,ガ,ガ
倒れる	動詞,自立,*,*,一段,基本形,倒れる,タオレル,タオレル
から	助詞,接続助詞,*,*,*,*,から,カラ,カラ
で	助動詞,*,*,*,特殊・ダ,連用形,だ,デ,デ
ある	助動詞,*,*,*,五段・ラ行アル,基本形,ある,アル,アル
。	記号,句点,*,*,*,*,。,。,。
遠く	名詞,副詞可能,*,*,*,*,遠く,トオク,トーク
に	助詞,格助詞,一般,*,*,*,に,ニ,ニ
いる	動詞,自立,*,*,一段,基本形,いる,イル,イル
者	名詞,非自立,一般,*,*,*,者,モノ,モノ
，	記号,読点,*,*,*,*,，,，,，
その	連体詞,*,*,*,*,*,その,ソノ,ソノ
者	名詞,非自立,一般,*,*,*,者,モノ,モノ
は	助詞,係助詞,*,*,*,*,は,ハ,ワ
疫病	名詞,一般,*,*,*,*,疫病,ヤクビョウ,ヤクビョー
によって	助詞,格助詞,連語,*,*,*,によって,ニヨッテ,ニヨッテ
死ぬ	動詞,自立,*,*,五段・ナ行,基本形,死ぬ,シヌ,シヌ
。	記号,句点,*,*,*,*,。,。,。
近く	名詞,副詞可能,*,*,*,*,近く,チカク,チカク
に	助詞,格助詞,一般,*,*,*,に,ニ,ニ
いる	動詞,自立,*,*,一段,基本形,いる,イル,イル
者	名詞,非自立,一般,*,*,*,者,モノ,モノ
，	記号,読点,*,*,*,*,，,，,，
その	連体詞,*,*,*,*,*,その,ソノ,ソノ
者	名詞,非自立,一般,*,*,*,者,モノ,モノ
は	助詞,係助詞,*,*,*,*,は,ハ,ワ
剣	名詞,一般,*,*,*,*,剣,ケン,ケン
によって	助詞,格助詞,連語,*,*,*,によって,ニヨッテ,ニヨッテ
倒れる	動詞,自立,*,*,一段,基本形,倒れる,タオレル,タオレル
。	記号,句点,*,*,*,*,。,。,。
残さ	動詞,自立,*,*,五段・サ行,未然形,残す,ノコサ,ノコサ
れ	動詞,接尾,*,*,一段,連用形,れる,レ,レ
て	助詞,接続助詞,*,*,*,*,て,テ,テ
安全	名詞,形容動詞語幹,*,*,*,*,安全,アンゼン,アンゼン
に	助詞,格助詞,一般,*,*,*,に,ニ,ニ
守ら	動詞,自立,*,*,五段・ラ行,未然形,守る,マモラ,マモラ
れ	動詞,接尾,*,*,一段,連用形,れる,レ,レ
た	助動詞,*,*,*,特殊・タ,基本形,た,タ,タ
者	名詞,非自立,一般,*,*,*,者,モノ,モノ
，	記号,読点,*,*,*,*,，,，,，
その	連体詞,*,*,*,*,*,その,ソノ,ソノ
者	名詞,非自立,一般,*,*,*,者,モノ,モノ
は	助詞,係助詞,*,*,*,*,は,ハ,ワ
飢きん	名詞,一般,*,*,*,*,飢きん,キキン,キキン
によって	助詞,格助詞,連語,*,*,*,によって,ニヨッテ,ニヨッテ
死に	動詞,自立,*,*,五段・ナ行,連用形,死ぬ,シニ,シニ
，	記号,読点,*,*,*,*,，,，,，
わたし	名詞,代名詞,一般,*,*,*,わたし,ワタシ,ワタシ
は	助詞,係助詞,*,*,*,*,は,ハ,ワ
彼ら	名詞,代名詞,一般,*,*,*,彼ら,カレラ,カレラ
に対する	助詞,格助詞,連語,*,*,*,に対する,ニタイスル,ニタイスル
激しい	形容詞,自立,*,*,形容詞・イ段,基本形,激しい,ハゲシイ,ハゲシイ
怒り	名詞,一般,*,*,*,*,怒り,イカリ,イカリ
を	助詞,格助詞,一般,*,*,*,を,ヲ,ヲ
終わり	動詞,自立,*,*,五段・ラ行,連用形,終わる,オワリ,オワリ
に	助詞,格助詞,一般,*,*,*,に,ニ,ニ
至ら	動詞,自立,*,*,五段・ラ行,未然形,至る,イタラ,イタラ
せる	動詞,接尾,*,*,一段,基本形,せる,セル,セル
。	記号,句点,*,*,*,*,。,。,。
そして	接続詞,*,*,*,*,*,そして,ソシテ,ソシテ
，	記号,読点,*,*,*,*,，,，,，
彼ら	名詞,代名詞,一般,*,*,*,彼ら,カレラ,カレラ
の	助詞,格助詞,一般,*,*,*,の,ノ,ノ
打ち殺さ	動詞,自立,*,*,五段・サ行,未然形,打ち殺す,ウチコロサ,ウチコロサ
れ	動詞,接尾,*,*,一段,連用形,れる,レ,レ
た	助動詞,*,*,*,特殊・タ,基本形,た,タ,タ
者	名詞,一般,*,*,*,*,者,モノ,モノ
たち	名詞,接尾,一般,*,*,*,たち,タチ,タチ
が	助詞,格助詞,一般,*,*,*,が,ガ,ガ
その	連体詞,*,*,*,*,*,その,ソノ,ソノ
糞	名詞,一般,*,*,*,*,糞,クソ,クソ
像	名詞,接尾,一般,*,*,*,像,ゾウ,ゾー
の	助詞,連体化,*,*,*,*,の,ノ,ノ
間	名詞,一般,*,*,*,*,間,マ,マ
，	記号,読点,*,*,*,*,，,，,，
祭壇	名詞,一般,*,*,*,*,祭壇,サイダン,サイダン
の	助詞,連体化,*,*,*,*,の,ノ,ノ
周囲	名詞,一般,*,*,*,*,周囲,シュウイ,シューイ
，	記号,読点,*,*,*,*,，,，,，
すべて	名詞,副詞可能,*,*,*,*,すべて,スベテ,スベテ
の	助詞,連体化,*,*,*,*,の,ノ,ノ
高い	形容詞,自立,*,*,形容詞・アウオ段,基本形,高い,タカイ,タカイ
丘	名詞,一般,*,*,*,*,丘,オカ,オカ
の	助詞,連体化,*,*,*,*,の,ノ,ノ
上	名詞,非自立,副詞可能,*,*,*,上,ウエ,ウエ
，	記号,読点,*,*,*,*,，,，,，
山	名詞,一般,*,*,*,*,山,ヤマ,ヤマ
の	助詞,連体化,*,*,*,*,の,ノ,ノ
すべて	名詞,副詞可能,*,*,*,*,すべて,スベテ,スベテ
の	助詞,連体化,*,*,*,*,の,ノ,ノ
頂	名詞,一般,*,*,*,*,頂,イタダキ,イタダキ
，	記号,読点,*,*,*,*,，,，,，
すべて	名詞,副詞可能,*,*,*,*,すべて,スベテ,スベテ
の	助詞,連体化,*,*,*,*,の,ノ,ノ
生い茂っ	動詞,自立,*,*,五段・ラ行,連用タ接続,生い茂る,オイシゲッ,オイシゲッ
た	助動詞,*,*,*,特殊・タ,基本形,た,タ,タ
木の下	名詞,一般,*,*,*,*,木の下,コノシタ,コノシタ
，	記号,読点,*,*,*,*,，,，,，
枝	名詞,一般,*,*,*,*,枝,エダ,エダ
の	助詞,格助詞,一般,*,*,*,の,ノ,ノ
茂っ	動詞,自立,*,*,五段・ラ行,連用タ接続,茂る,シゲッ,シゲッ
た	助動詞,*,*,*,特殊・タ,基本形,た,タ,タ
大木	名詞,一般,*,*,*,*,大木,タイボク,タイボク
の	助詞,連体化,*,*,*,*,の,ノ,ノ
下	名詞,一般,*,*,*,*,下,シタ,シタ
，	記号,読点,*,*,*,*,，,，,，
彼ら	名詞,代名詞,一般,*,*,*,彼ら,カレラ,カレラ
が	助詞,格助詞,一般,*,*,*,が,ガ,ガ
その	連体詞,*,*,*,*,*,その,ソノ,ソノ
すべて	名詞,副詞可能,*,*,*,*,すべて,スベテ,スベテ
の	助詞,連体化,*,*,*,*,の,ノ,ノ
糞	名詞,一般,*,*,*,*,糞,クソ,クソ
像	名詞,接尾,一般,*,*,*,像,ゾウ,ゾー
に	助詞,格助詞,一般,*,*,*,に,ニ,ニ
安らぎ	名詞,一般,*,*,*,*,安らぎ,ヤスラギ,ヤスラギ
の	助詞,連体化,*,*,*,*,の,ノ,ノ
香り	名詞,一般,*,*,*,*,香り,カオリ,カオリ
を	助詞,格助詞,一般,*,*,*,を,ヲ,ヲ
ささげ	動詞,自立,*,*,一段,連用形,ささげる,ササゲ,ササゲ
た	助動詞,*,*,*,特殊・タ,基本形,た,タ,タ
場所	名詞,一般,*,*,*,*,場所,バショ,バショ
に	助詞,格助詞,一般,*,*,*,に,ニ,ニ
ある	動詞,自立,*,*,五段・ラ行,基本形,ある,アル,アル
とき	名詞,非自立,副詞可能,*,*,*,とき,トキ,トキ
，	記号,読点,*,*,*,*,，,，,，
あなた	名詞,代名詞,一般,*,*,*,あなた,アナタ,アナタ
方	名詞,接尾,一般,*,*,*,方,カタ,カタ
は	助詞,係助詞,*,*,*,*,は,ハ,ワ
わたし	名詞,代名詞,一般,*,*,*,わたし,ワタシ,ワタシ
が	助詞,格助詞,一般,*,*,*,が,ガ,ガ
エホバ	名詞,一般,*,*,*,*,エホバ,エホバ,エホバ
で	助動詞,*,*,*,特殊・ダ,連用形,だ,デ,デ
ある	助動詞,*,*,*,五段・ラ行アル,基本形,ある,アル,アル
こと	名詞,非自立,一般,*,*,*,こと,コト,コト
を	助詞,格助詞,一般,*,*,*,を,ヲ,ヲ
知ら	動詞,自立,*,*,五段・ラ行,未然形,知る,シラ,シラ
なけれ	助動詞,*,*,*,特殊・ナイ,仮定形,ない,ナケレ,ナケレ
ば	助詞,接続助詞,*,*,*,*,ば,バ,バ
なら	動詞,非自立,*,*,五段・ラ行,未然形,なる,ナラ,ナラ
なく	助動詞,*,*,*,特殊・ナイ,連用テ接続,ない,ナク,ナク
なる	動詞,自立,*,*,五段・ラ行,基本形,なる,ナル,ナル
。	記号,句点,*,*,*,*,。,。,。
そして	接続詞,*,*,*,*,*,そして,ソシテ,ソシテ
，	記号,読点,*,*,*,*,，,，,，
わたし	名詞,代名詞,一般,*,*,*,わたし,ワタシ,ワタシ
は	助詞,係助詞,*,*,*,*,は,ハ,ワ
彼ら	名詞,代名詞,一般,*,*,*,彼ら,カレラ,カレラ
に	助詞,格助詞,一般,*,*,*,に,ニ,ニ
向かっ	動詞,自立,*,*,五段・ワ行促音便,連用タ接続,向かう,ムカッ,ムカッ
て	助詞,接続助詞,*,*,*,*,て,テ,テ
手	名詞,一般,*,*,*,*,手,テ,テ
を	助詞,格助詞,一般,*,*,*,を,ヲ,ヲ
伸ばし	動詞,自立,*,*,五段・サ行,連用形,伸ばす,ノバシ,ノバシ
，	記号,読点,*,*,*,*,，,，,，
彼ら	名詞,代名詞,一般,*,*,*,彼ら,カレラ,カレラ
の	助詞,連体化,*,*,*,*,の,ノ,ノ
すべて	名詞,副詞可能,*,*,*,*,すべて,スベテ,スベテ
の	助詞,連体化,*,*,*,*,の,ノ,ノ
住み	動詞,自立,*,*,五段・マ行,連用形,住む,スミ,スミ
か	助詞,副助詞／並立助詞／終助詞,*,*,*,*,か,カ,カ
で	助詞,格助詞,一般,*,*,*,で,デ,デ
その	連体詞,*,*,*,*,*,その,ソノ,ソノ
地	名詞,一般,*,*,*,*,地,チ,チ
を	助詞,格助詞,一般,*,*,*,を,ヲ,ヲ
荒れ果て	動詞,自立,*,*,一段,連用形,荒れ果てる,アレハテ,アレハテ
た	助動詞,*,*,*,特殊・タ,基本形,た,タ,タ
所	名詞,非自立,副詞可能,*,*,*,所,トコロ,トコロ
と	助詞,格助詞,一般,*,*,*,と,ト,ト
し	動詞,自立,*,*,サ変・スル,連用形,する,シ,シ
，	記号,読点,*,*,*,*,，,，,，
ディブラ	名詞,一般,*,*,*,*,*
に	助詞,格助詞,一般,*,*,*,に,ニ,ニ
面し	動詞,自立,*,*,五段・サ行,連用形,面す,メンシ,メンシ
た	助動詞,*,*,*,特殊・タ,基本形,た,タ,タ
荒野	名詞,一般,*,*,*,*,荒野,アラノ,アラノ
より	助詞,格助詞,一般,*,*,*,より,ヨリ,ヨリ
も	助詞,係助詞,*,*,*,*,も,モ,モ
さらに	副詞,助詞類接続,*,*,*,*,さらに,サラニ,サラニ
荒廃	名詞,サ変接続,*,*,*,*,荒廃,コウハイ,コーハイ
し	動詞,自立,*,*,サ変・スル,連用形,する,シ,シ
た	助動詞,*,*,*,特殊・タ,基本形,た,タ,タ
所	名詞,非自立,副詞可能,*,*,*,所,トコロ,トコロ
と	助詞,格助詞,一般,*,*,*,と,ト,ト
する	動詞,自立,*,*,サ変・スル,基本形,する,スル,スル
。	記号,句点,*,*,*,*,。,。,。
こうして	接続詞,*,*,*,*,*,こうして,コウシテ,コーシテ
，	記号,読点,*,*,*,*,，,，,，
彼ら	名詞,代名詞,一般,*,*,*,彼ら,カレラ,カレラ
は	助詞,係助詞,*,*,*,*,は,ハ,ワ
わたし	名詞,代名詞,一般,*,*,*,わたし,ワタシ,ワタシ
が	助詞,格助詞,一般,*,*,*,が,ガ,ガ
エホバ	名詞,一般,*,*,*,*,エホバ,エホバ,エホバ
で	助動詞,*,*,*,特殊・ダ,連用形,だ,デ,デ
ある	助動詞,*,*,*,五段・ラ行アル,基本形,ある,アル,アル
こと	名詞,非自立,一般,*,*,*,こと,コト,コト
を	助詞,格助詞,一般,*,*,*,を,ヲ,ヲ
知ら	動詞,自立,*,*,五段・ラ行,未然形,知る,シラ,シラ
なけれ	助動詞,*,*,*,特殊・ナイ,仮定形,ない,ナケレ,ナケレ
ば	助詞,接続助詞,*,*,*,*,ば,バ,バ
なら	動詞,非自立,*,*,五段・ラ行,未然形,なる,ナラ,ナラ
なく	助動詞,*,*,*,特殊・ナイ,連用テ接続,ない,ナク,ナク
なる	動詞,自立,*,*,五段・ラ行,基本形,なる,ナル,ナル
』	記号,括弧閉,*,*,*,*,』,』,』
」	記号,括弧閉,*,*,*,*,」,」,」
。	記号,句点,*,*,*,*,。,。,。
EOS
