また	接続詞,*,*,*,*,*,また,マタ,マタ
，	記号,読点,*,*,*,*,，,，,，
エホバ	名詞,一般,*,*,*,*,エホバ,エホバ,エホバ
の	助詞,連体化,*,*,*,*,の,ノ,ノ
言葉	名詞,一般,*,*,*,*,言葉,コトバ,コトバ
が	助詞,格助詞,一般,*,*,*,が,ガ,ガ
引き続き	副詞,一般,*,*,*,*,引き続き,ヒキツヅキ,ヒキツズキ
わたし	名詞,代名詞,一般,*,*,*,わたし,ワタシ,ワタシ
に	助詞,格助詞,一般,*,*,*,に,ニ,ニ
臨ん	動詞,自立,*,*,五段・マ行,連用タ接続,臨む,ノゾン,ノゾン
で	助詞,接続助詞,*,*,*,*,で,デ,デ
言っ	動詞,自立,*,*,五段・ワ行促音便,連用タ接続,言う,イッ,イッ
た	助動詞,*,*,*,特殊・タ,基本形,た,タ,タ
，	記号,読点,*,*,*,*,，,，,，
「	記号,括弧開,*,*,*,*,「,「,「
人	名詞,一般,*,*,*,*,人,ヒト,ヒト
の	助詞,連体化,*,*,*,*,の,ノ,ノ
子	名詞,一般,*,*,*,*,子,コ,コ
よ	助詞,終助詞,*,*,*,*,よ,ヨ,ヨ
，	記号,読点,*,*,*,*,，,，,，
あなた	名詞,代名詞,一般,*,*,*,あなた,アナタ,アナタ
の	助詞,連体化,*,*,*,*,の,ノ,ノ
顔	名詞,一般,*,*,*,*,顔,カオ,カオ
を	助詞,格助詞,一般,*,*,*,を,ヲ,ヲ
エルサレム	名詞,固有名詞,地域,一般,*,*,エルサレム,エルサレム,エルサレム
に	助詞,格助詞,一般,*,*,*,に,ニ,ニ
向け	動詞,自立,*,*,一段,連用形,向ける,ムケ,ムケ
，	記号,読点,*,*,*,*,，,，,，
聖なる	連体詞,*,*,*,*,*,聖なる,セイナル,セイナル
場所	名詞,一般,*,*,*,*,場所,バショ,バショ
に	助詞,格助詞,一般,*,*,*,に,ニ,ニ
向かっ	動詞,自立,*,*,五段・ワ行促音便,連用タ接続,向かう,ムカッ,ムカッ
て	助詞,接続助詞,*,*,*,*,て,テ,テ
[	名詞,サ変接続,*,*,*,*,*
言葉	名詞,一般,*,*,*,*,言葉,コトバ,コトバ
を	助詞,格助詞,一般,*,*,*,を,ヲ,ヲ
]	名詞,サ変接続,*,*,*,*,*
滴ら	動詞,自立,*,*,五段・ラ行,未然形,滴る,シタタラ,シタタラ
せ	動詞,接尾,*,*,一段,連用形,せる,セ,セ
，	記号,読点,*,*,*,*,，,，,，
イスラエル	名詞,固有名詞,地域,国,*,*,イスラエル,イスラエル,イスラエル
の	助詞,連体化,*,*,*,*,の,ノ,ノ
土地	名詞,一般,*,*,*,*,土地,トチ,トチ
に対して	助詞,格助詞,連語,*,*,*,に対して,ニタイシテ,ニタイシテ
預言	名詞,サ変接続,*,*,*,*,預言,ヨゲン,ヨゲン
せよ	動詞,自立,*,*,サ変・スル,命令ｙｏ,する,セヨ,セヨ
。	記号,句点,*,*,*,*,。,。,。
そして	接続詞,*,*,*,*,*,そして,ソシテ,ソシテ
あなた	名詞,代名詞,一般,*,*,*,あなた,アナタ,アナタ
は	助詞,係助詞,*,*,*,*,は,ハ,ワ
イスラエル	名詞,固有名詞,地域,国,*,*,イスラエル,イスラエル,イスラエル
の	助詞,連体化,*,*,*,*,の,ノ,ノ
土地	名詞,一般,*,*,*,*,土地,トチ,トチ
に	助詞,格助詞,一般,*,*,*,に,ニ,ニ
言わ	動詞,自立,*,*,五段・ワ行促音便,未然形,言う,イワ,イワ
なけれ	助動詞,*,*,*,特殊・ナイ,仮定形,ない,ナケレ,ナケレ
ば	助詞,接続助詞,*,*,*,*,ば,バ,バ
なら	動詞,非自立,*,*,五段・ラ行,未然形,なる,ナラ,ナラ
ない	助動詞,*,*,*,特殊・ナイ,基本形,ない,ナイ,ナイ
，	記号,読点,*,*,*,*,，,，,，
『	記号,括弧開,*,*,*,*,『,『,『
エホバ	名詞,一般,*,*,*,*,エホバ,エホバ,エホバ
は	助詞,係助詞,*,*,*,*,は,ハ,ワ
この	連体詞,*,*,*,*,*,この,コノ,コノ
よう	名詞,非自立,助動詞語幹,*,*,*,よう,ヨウ,ヨー
に	助詞,副詞化,*,*,*,*,に,ニ,ニ
言わ	動詞,自立,*,*,五段・ワ行促音便,未然形,言う,イワ,イワ
れ	動詞,接尾,*,*,一段,連用形,れる,レ,レ
た	助動詞,*,*,*,特殊・タ,基本形,た,タ,タ
。	記号,句点,*,*,*,*,。,。,。
「	記号,括弧開,*,*,*,*,「,「,「
いま	名詞,副詞可能,*,*,*,*,いま,イマ,イマ
わたし	名詞,代名詞,一般,*,*,*,わたし,ワタシ,ワタシ
は	助詞,係助詞,*,*,*,*,は,ハ,ワ
あなた	名詞,代名詞,一般,*,*,*,あなた,アナタ,アナタ
を	助詞,格助詞,一般,*,*,*,を,ヲ,ヲ
攻め	動詞,自立,*,*,一段,連用形,攻める,セメ,セメ
，	記号,読点,*,*,*,*,，,，,，
わたし	名詞,代名詞,一般,*,*,*,わたし,ワタシ,ワタシ
は	助詞,係助詞,*,*,*,*,は,ハ,ワ
剣	名詞,一般,*,*,*,*,剣,ケン,ケン
を	助詞,格助詞,一般,*,*,*,を,ヲ,ヲ
さや	名詞,一般,*,*,*,*,さや,サヤ,サヤ
から	助詞,格助詞,一般,*,*,*,から,カラ,カラ
抜き放ち	動詞,自立,*,*,五段・タ行,連用形,抜き放つ,ヌキハナチ,ヌキハナチ
，	記号,読点,*,*,*,*,，,，,，
義	名詞,形容動詞語幹,*,*,*,*,義,ギ,ギ
なる	助動詞,*,*,*,文語・ナリ,体言接続,なり,ナル,ナル
者	名詞,非自立,一般,*,*,*,者,モノ,モノ
と	助詞,格助詞,引用,*,*,*,と,ト,ト
邪悪	名詞,形容動詞語幹,*,*,*,*,邪悪,ジャアク,ジャアク
な	助動詞,*,*,*,特殊・ダ,体言接続,だ,ナ,ナ
者	名詞,非自立,一般,*,*,*,者,モノ,モノ
を	助詞,格助詞,一般,*,*,*,を,ヲ,ヲ
あなた	名詞,代名詞,一般,*,*,*,あなた,アナタ,アナタ
の	助詞,連体化,*,*,*,*,の,ノ,ノ
中	名詞,非自立,副詞可能,*,*,*,中,ナカ,ナカ
から	助詞,格助詞,一般,*,*,*,から,カラ,カラ
断ち	動詞,自立,*,*,五段・タ行,連用形,断つ,タチ,タチ
滅ぼす	動詞,自立,*,*,五段・サ行,基本形,滅ぼす,ホロボス,ホロボス
。	記号,句点,*,*,*,*,。,。,。
それ	名詞,代名詞,一般,*,*,*,それ,ソレ,ソレ
は	助詞,係助詞,*,*,*,*,は,ハ,ワ
，	記号,読点,*,*,*,*,，,，,，
わたし	名詞,代名詞,一般,*,*,*,わたし,ワタシ,ワタシ
が	助詞,格助詞,一般,*,*,*,が,ガ,ガ
あなた	名詞,代名詞,一般,*,*,*,あなた,アナタ,アナタ
の	助詞,連体化,*,*,*,*,の,ノ,ノ
中	名詞,非自立,副詞可能,*,*,*,中,ナカ,ナカ
から	助詞,格助詞,一般,*,*,*,から,カラ,カラ
義	名詞,形容動詞語幹,*,*,*,*,義,ギ,ギ
なる	助動詞,*,*,*,文語・ナリ,体言接続,なり,ナル,ナル
者	名詞,非自立,一般,*,*,*,者,モノ,モノ
と	助詞,格助詞,引用,*,*,*,と,ト,ト
邪悪	名詞,形容動詞語幹,*,*,*,*,邪悪,ジャアク,ジャアク
な	助動詞,*,*,*,特殊・ダ,体言接続,だ,ナ,ナ
者	名詞,非自立,一般,*,*,*,者,モノ,モノ
を	助詞,格助詞,一般,*,*,*,を,ヲ,ヲ
実際	副詞,助詞類接続,*,*,*,*,実際,ジッサイ,ジッサイ
に	助詞,副詞化,*,*,*,*,に,ニ,ニ
断ち	動詞,自立,*,*,五段・タ行,連用形,断つ,タチ,タチ
滅ぼす	動詞,自立,*,*,五段・サ行,基本形,滅ぼす,ホロボス,ホロボス
ため	名詞,非自立,副詞可能,*,*,*,ため,タメ,タメ
で	助動詞,*,*,*,特殊・ダ,連用形,だ,デ,デ
あり	助動詞,*,*,*,五段・ラ行アル,連用形,ある,アリ,アリ
，	記号,読点,*,*,*,*,，,，,，
それ	名詞,代名詞,一般,*,*,*,それ,ソレ,ソレ
ゆえ	名詞,接尾,一般,*,*,*,ゆえ,ユエ,ユエ
，	記号,読点,*,*,*,*,，,，,，
わたし	名詞,代名詞,一般,*,*,*,わたし,ワタシ,ワタシ
の	助詞,連体化,*,*,*,*,の,ノ,ノ
剣	名詞,一般,*,*,*,*,剣,ケン,ケン
は	助詞,係助詞,*,*,*,*,は,ハ,ワ
その	連体詞,*,*,*,*,*,その,ソノ,ソノ
さや	名詞,一般,*,*,*,*,さや,サヤ,サヤ
から	助詞,格助詞,一般,*,*,*,から,カラ,カラ
出	動詞,自立,*,*,一段,連用形,出る,デ,デ
て	助詞,接続助詞,*,*,*,*,て,テ,テ
，	記号,読点,*,*,*,*,，,，,，
南	名詞,一般,*,*,*,*,南,ミナミ,ミナミ
から	助詞,格助詞,一般,*,*,*,から,カラ,カラ
北	名詞,一般,*,*,*,*,北,キタ,キタ
へ	助詞,格助詞,一般,*,*,*,へ,ヘ,エ
と	助詞,格助詞,引用,*,*,*,と,ト,ト
すべて	名詞,副詞可能,*,*,*,*,すべて,スベテ,スベテ
の	助詞,連体化,*,*,*,*,の,ノ,ノ
肉	名詞,一般,*,*,*,*,肉,ニク,ニク
なる	動詞,自立,*,*,五段・ラ行,基本形,なる,ナル,ナル
もの	名詞,非自立,一般,*,*,*,もの,モノ,モノ
を	助詞,格助詞,一般,*,*,*,を,ヲ,ヲ
攻める	動詞,自立,*,*,一段,基本形,攻める,セメル,セメル
。	記号,句点,*,*,*,*,。,。,。
そして	接続詞,*,*,*,*,*,そして,ソシテ,ソシテ
すべて	名詞,副詞可能,*,*,*,*,すべて,スベテ,スベテ
の	助詞,連体化,*,*,*,*,の,ノ,ノ
肉	名詞,一般,*,*,*,*,肉,ニク,ニク
なる	動詞,自立,*,*,五段・ラ行,基本形,なる,ナル,ナル
もの	名詞,非自立,一般,*,*,*,もの,モノ,モノ
は	助詞,係助詞,*,*,*,*,は,ハ,ワ
，	記号,読点,*,*,*,*,，,，,，
わたし	名詞,代名詞,一般,*,*,*,わたし,ワタシ,ワタシ
が	助詞,格助詞,一般,*,*,*,が,ガ,ガ
，	記号,読点,*,*,*,*,，,，,，
エホバ	名詞,一般,*,*,*,*,エホバ,エホバ,エホバ
が	助詞,格助詞,一般,*,*,*,が,ガ,ガ
，	記号,読点,*,*,*,*,，,，,，
わたし	名詞,代名詞,一般,*,*,*,わたし,ワタシ,ワタシ
の	助詞,連体化,*,*,*,*,の,ノ,ノ
剣	名詞,一般,*,*,*,*,剣,ケン,ケン
を	助詞,格助詞,一般,*,*,*,を,ヲ,ヲ
さや	名詞,一般,*,*,*,*,さや,サヤ,サヤ
から	助詞,格助詞,一般,*,*,*,から,カラ,カラ
抜き放っ	動詞,自立,*,*,五段・タ行,連用タ接続,抜き放つ,ヌキハナッ,ヌキハナッ
た	助動詞,*,*,*,特殊・タ,基本形,た,タ,タ
こと	名詞,非自立,一般,*,*,*,こと,コト,コト
を	助詞,格助詞,一般,*,*,*,を,ヲ,ヲ
知ら	動詞,自立,*,*,五段・ラ行,未然形,知る,シラ,シラ
なけれ	助動詞,*,*,*,特殊・ナイ,仮定形,ない,ナケレ,ナケレ
ば	助詞,接続助詞,*,*,*,*,ば,バ,バ
なら	動詞,非自立,*,*,五段・ラ行,未然形,なる,ナラ,ナラ
なく	助動詞,*,*,*,特殊・ナイ,連用テ接続,ない,ナク,ナク
なる	動詞,自立,*,*,五段・ラ行,基本形,なる,ナル,ナル
。	記号,句点,*,*,*,*,。,。,。
もはや	副詞,助詞類接続,*,*,*,*,もはや,モハヤ,モハヤ
それ	名詞,代名詞,一般,*,*,*,それ,ソレ,ソレ
は	助詞,係助詞,*,*,*,*,は,ハ,ワ
戻ら	動詞,自立,*,*,五段・ラ行,未然形,戻る,モドラ,モドラ
ない	助動詞,*,*,*,特殊・ナイ,基本形,ない,ナイ,ナイ
」	記号,括弧閉,*,*,*,*,」,」,」
』	記号,括弧閉,*,*,*,*,』,』,』
。	記号,句点,*,*,*,*,。,。,。
「	記号,括弧開,*,*,*,*,「,「,「
そして	接続詞,*,*,*,*,*,そして,ソシテ,ソシテ
，	名詞,数,*,*,*,*,，,，,，
人	名詞,接尾,助数詞,*,*,*,人,ニン,ニン
の	助詞,連体化,*,*,*,*,の,ノ,ノ
子	名詞,一般,*,*,*,*,子,コ,コ
よ	助詞,終助詞,*,*,*,*,よ,ヨ,ヨ
，	記号,読点,*,*,*,*,，,，,，
あなた	名詞,代名詞,一般,*,*,*,あなた,アナタ,アナタ
は	助詞,係助詞,*,*,*,*,は,ハ,ワ
，	記号,読点,*,*,*,*,，,，,，
腰	名詞,一般,*,*,*,*,腰,コシ,コシ
を	助詞,格助詞,一般,*,*,*,を,ヲ,ヲ
震わせ	動詞,自立,*,*,一段,連用形,震わせる,フルワセ,フルワセ
て	助詞,接続助詞,*,*,*,*,て,テ,テ
溜め息	名詞,一般,*,*,*,*,溜め息,タメイキ,タメイキ
を	助詞,格助詞,一般,*,*,*,を,ヲ,ヲ
つけ	名詞,一般,*,*,*,*,つけ,ツケ,ツケ
。	記号,句点,*,*,*,*,。,。,。
あなた	名詞,代名詞,一般,*,*,*,あなた,アナタ,アナタ
は	助詞,係助詞,*,*,*,*,は,ハ,ワ
苦しみ	名詞,一般,*,*,*,*,苦しみ,クルシミ,クルシミ
を	助詞,格助詞,一般,*,*,*,を,ヲ,ヲ
抱い	動詞,自立,*,*,五段・カ行イ音便,連用タ接続,抱く,ダイ,ダイ
て	助詞,接続助詞,*,*,*,*,て,テ,テ
彼ら	名詞,代名詞,一般,*,*,*,彼ら,カレラ,カレラ
の	助詞,連体化,*,*,*,*,の,ノ,ノ
前	名詞,副詞可能,*,*,*,*,前,マエ,マエ
で	助詞,格助詞,一般,*,*,*,で,デ,デ
溜め息	名詞,一般,*,*,*,*,溜め息,タメイキ,タメイキ
を	助詞,格助詞,一般,*,*,*,を,ヲ,ヲ
つく	動詞,自立,*,*,五段・カ行イ音便,基本形,つく,ツク,ツク
べき	助動詞,*,*,*,文語・ベシ,体言接続,べし,ベキ,ベキ
で	助動詞,*,*,*,特殊・ダ,連用形,だ,デ,デ
ある	助動詞,*,*,*,五段・ラ行アル,基本形,ある,アル,アル
。	記号,句点,*,*,*,*,。,。,。
そして	接続詞,*,*,*,*,*,そして,ソシテ,ソシテ
彼ら	名詞,代名詞,一般,*,*,*,彼ら,カレラ,カレラ
が	助詞,格助詞,一般,*,*,*,が,ガ,ガ
，	記号,読点,*,*,*,*,，,，,，
『	記号,括弧開,*,*,*,*,『,『,『
あなた	名詞,代名詞,一般,*,*,*,あなた,アナタ,アナタ
は	助詞,係助詞,*,*,*,*,は,ハ,ワ
何	名詞,代名詞,一般,*,*,*,何,ナニ,ナニ
ゆえ	名詞,接尾,一般,*,*,*,ゆえ,ユエ,ユエ
に	助詞,格助詞,一般,*,*,*,に,ニ,ニ
溜め息	名詞,一般,*,*,*,*,溜め息,タメイキ,タメイキ
を	助詞,格助詞,一般,*,*,*,を,ヲ,ヲ
つい	動詞,自立,*,*,五段・カ行イ音便,連用タ接続,つく,ツイ,ツイ
て	助詞,接続助詞,*,*,*,*,て,テ,テ
いる	動詞,非自立,*,*,一段,基本形,いる,イル,イル
の	名詞,非自立,一般,*,*,*,の,ノ,ノ
か	助詞,副助詞／並立助詞／終助詞,*,*,*,*,か,カ,カ
』	記号,括弧閉,*,*,*,*,』,』,』
と	助詞,格助詞,引用,*,*,*,と,ト,ト
あなた	名詞,代名詞,一般,*,*,*,あなた,アナタ,アナタ
に	助詞,格助詞,一般,*,*,*,に,ニ,ニ
言う	動詞,自立,*,*,五段・ワ行促音便,基本形,言う,イウ,イウ
なら	助動詞,*,*,*,特殊・ダ,仮定形,だ,ナラ,ナラ
，	記号,読点,*,*,*,*,，,，,，
あなた	名詞,代名詞,一般,*,*,*,あなた,アナタ,アナタ
は	助詞,係助詞,*,*,*,*,は,ハ,ワ
，	記号,読点,*,*,*,*,，,，,，
『	記号,括弧開,*,*,*,*,『,『,『
知らせ	名詞,一般,*,*,*,*,知らせ,シラセ,シラセ
[	名詞,サ変接続,*,*,*,*,*
を	助詞,格助詞,一般,*,*,*,を,ヲ,ヲ
聞い	動詞,自立,*,*,五段・カ行イ音便,連用タ接続,聞く,キイ,キイ
た	助動詞,*,*,*,特殊・タ,基本形,た,タ,タ
]	名詞,サ変接続,*,*,*,*,*
ため	名詞,非自立,副詞可能,*,*,*,ため,タメ,タメ
だ	助動詞,*,*,*,特殊・ダ,基本形,だ,ダ,ダ
』	記号,括弧閉,*,*,*,*,』,』,』
と	助詞,格助詞,引用,*,*,*,と,ト,ト
言わ	動詞,自立,*,*,五段・ワ行促音便,未然形,言う,イワ,イワ
なけれ	助動詞,*,*,*,特殊・ナイ,仮定形,ない,ナケレ,ナケレ
ば	助詞,接続助詞,*,*,*,*,ば,バ,バ
なら	動詞,非自立,*,*,五段・ラ行,未然形,なる,ナラ,ナラ
ない	助動詞,*,*,*,特殊・ナイ,基本形,ない,ナイ,ナイ
。	記号,句点,*,*,*,*,。,。,。
それ	名詞,代名詞,一般,*,*,*,それ,ソレ,ソレ
は	助詞,係助詞,*,*,*,*,は,ハ,ワ
必ず	副詞,助詞類接続,*,*,*,*,必ず,カナラズ,カナラズ
来る	動詞,自立,*,*,カ変・来ル,基本形,来る,クル,クル
から	助詞,接続助詞,*,*,*,*,から,カラ,カラ
で	助動詞,*,*,*,特殊・ダ,連用形,だ,デ,デ
ある	助動詞,*,*,*,五段・ラ行アル,基本形,ある,アル,アル
。	記号,句点,*,*,*,*,。,。,。
すべて	名詞,副詞可能,*,*,*,*,すべて,スベテ,スベテ
の	助詞,連体化,*,*,*,*,の,ノ,ノ
心	名詞,一般,*,*,*,*,心,ココロ,ココロ
は	助詞,係助詞,*,*,*,*,は,ハ,ワ
必ず	副詞,助詞類接続,*,*,*,*,必ず,カナラズ,カナラズ
溶け	動詞,自立,*,*,一段,連用形,溶ける,トケ,トケ
，	記号,読点,*,*,*,*,，,，,，
すべて	名詞,副詞可能,*,*,*,*,すべて,スベテ,スベテ
の	助詞,連体化,*,*,*,*,の,ノ,ノ
手	名詞,一般,*,*,*,*,手,テ,テ
は	助詞,係助詞,*,*,*,*,は,ハ,ワ
必ず	副詞,助詞類接続,*,*,*,*,必ず,カナラズ,カナラズ
垂れ下がり	動詞,自立,*,*,五段・ラ行,連用形,垂れ下がる,タレサガリ,タレサガリ
，	記号,読点,*,*,*,*,，,，,，
すべて	名詞,副詞可能,*,*,*,*,すべて,スベテ,スベテ
の	助詞,連体化,*,*,*,*,の,ノ,ノ
霊	名詞,一般,*,*,*,*,霊,レイ,レイ
は	助詞,係助詞,*,*,*,*,は,ハ,ワ
必ず	副詞,助詞類接続,*,*,*,*,必ず,カナラズ,カナラズ
打ち	動詞,自立,*,*,五段・タ行,連用形,打つ,ウチ,ウチ
ひしが	動詞,自立,*,*,五段・ガ行,未然形,ひしぐ,ヒシガ,ヒシガ
れ	動詞,接尾,*,*,一段,連用形,れる,レ,レ
，	記号,読点,*,*,*,*,，,，,，
すべて	名詞,副詞可能,*,*,*,*,すべて,スベテ,スベテ
の	助詞,連体化,*,*,*,*,の,ノ,ノ
ひざ	名詞,一般,*,*,*,*,ひざ,ヒザ,ヒザ
から	助詞,格助詞,一般,*,*,*,から,カラ,カラ
水	名詞,一般,*,*,*,*,水,ミズ,ミズ
が	助詞,格助詞,一般,*,*,*,が,ガ,ガ
滴る	動詞,自立,*,*,五段・ラ行,基本形,滴る,シタタル,シタタル
。	記号,句点,*,*,*,*,。,。,。
『	記号,括弧開,*,*,*,*,『,『,『
見よ	動詞,自立,*,*,一段,命令ｙｏ,見る,ミヨ,ミヨ
，	記号,読点,*,*,*,*,，,，,，
それ	名詞,代名詞,一般,*,*,*,それ,ソレ,ソレ
は	助詞,係助詞,*,*,*,*,は,ハ,ワ
必ず	副詞,助詞類接続,*,*,*,*,必ず,カナラズ,カナラズ
来	動詞,自立,*,*,カ変・来ル,連用形,来る,キ,キ
て	助詞,接続助詞,*,*,*,*,て,テ,テ
，	記号,読点,*,*,*,*,，,，,，
起こる	動詞,自立,*,*,五段・ラ行,基本形,起こる,オコル,オコル
で	助動詞,*,*,*,特殊・ダ,連用形,だ,デ,デ
あろ	助動詞,*,*,*,五段・ラ行アル,未然ウ接続,ある,アロ,アロ
う	助動詞,*,*,*,不変化型,基本形,う,ウ,ウ
』	記号,括弧閉,*,*,*,*,』,』,』
と	助詞,格助詞,引用,*,*,*,と,ト,ト
，	記号,読点,*,*,*,*,，,，,，
主権	名詞,一般,*,*,*,*,主権,シュケン,シュケン
者	名詞,接尾,一般,*,*,*,者,シャ,シャ
なる	助動詞,*,*,*,文語・ナリ,体言接続,なり,ナル,ナル
主	接頭詞,名詞接続,*,*,*,*,主,シュ,シュ
エホバ	名詞,一般,*,*,*,*,エホバ,エホバ,エホバ
は	助詞,係助詞,*,*,*,*,は,ハ,ワ
お告げ	名詞,一般,*,*,*,*,お告げ,オツゲ,オツゲ
に	助詞,格助詞,一般,*,*,*,に,ニ,ニ
なる	動詞,自立,*,*,五段・ラ行,基本形,なる,ナル,ナル
」	記号,括弧閉,*,*,*,*,」,」,」
。	記号,句点,*,*,*,*,。,。,。
また	接続詞,*,*,*,*,*,また,マタ,マタ
，	記号,読点,*,*,*,*,，,，,，
エホバ	名詞,一般,*,*,*,*,エホバ,エホバ,エホバ
の	助詞,連体化,*,*,*,*,の,ノ,ノ
言葉	名詞,一般,*,*,*,*,言葉,コトバ,コトバ
が	助詞,格助詞,一般,*,*,*,が,ガ,ガ
引き続き	副詞,一般,*,*,*,*,引き続き,ヒキツヅキ,ヒキツズキ
わたし	名詞,代名詞,一般,*,*,*,わたし,ワタシ,ワタシ
に	助詞,格助詞,一般,*,*,*,に,ニ,ニ
臨ん	動詞,自立,*,*,五段・マ行,連用タ接続,臨む,ノゾン,ノゾン
で	助詞,接続助詞,*,*,*,*,で,デ,デ
言っ	動詞,自立,*,*,五段・ワ行促音便,連用タ接続,言う,イッ,イッ
た	助動詞,*,*,*,特殊・タ,基本形,た,タ,タ
，	記号,読点,*,*,*,*,，,，,，
「	記号,括弧開,*,*,*,*,「,「,「
人	名詞,一般,*,*,*,*,人,ヒト,ヒト
の	助詞,連体化,*,*,*,*,の,ノ,ノ
子	名詞,一般,*,*,*,*,子,コ,コ
よ	助詞,終助詞,*,*,*,*,よ,ヨ,ヨ
，	記号,読点,*,*,*,*,，,，,，
預言	名詞,サ変接続,*,*,*,*,預言,ヨゲン,ヨゲン
せよ	動詞,自立,*,*,サ変・スル,命令ｙｏ,する,セヨ,セヨ
。	記号,句点,*,*,*,*,。,。,。
あなた	名詞,代名詞,一般,*,*,*,あなた,アナタ,アナタ
は	助詞,係助詞,*,*,*,*,は,ハ,ワ
言わ	動詞,自立,*,*,五段・ワ行促音便,未然形,言う,イワ,イワ
なけれ	助動詞,*,*,*,特殊・ナイ,仮定形,ない,ナケレ,ナケレ
ば	助詞,接続助詞,*,*,*,*,ば,バ,バ
なら	動詞,非自立,*,*,五段・ラ行,未然形,なる,ナラ,ナラ
ない	助動詞,*,*,*,特殊・ナイ,基本形,ない,ナイ,ナイ
，	記号,読点,*,*,*,*,，,，,，
『	記号,括弧開,*,*,*,*,『,『,『
エホバ	名詞,一般,*,*,*,*,エホバ,エホバ,エホバ
は	助詞,係助詞,*,*,*,*,は,ハ,ワ
この	連体詞,*,*,*,*,*,この,コノ,コノ
よう	名詞,非自立,助動詞語幹,*,*,*,よう,ヨウ,ヨー
に	助詞,副詞化,*,*,*,*,に,ニ,ニ
言わ	動詞,自立,*,*,五段・ワ行促音便,未然形,言う,イワ,イワ
れ	動詞,接尾,*,*,一段,連用形,れる,レ,レ
た	助動詞,*,*,*,特殊・タ,基本形,た,タ,タ
。	記号,句点,*,*,*,*,。,。,。
「	記号,括弧開,*,*,*,*,「,「,「
言え	動詞,自立,*,*,一段,連用形,言える,イエ,イエ
，	記号,読点,*,*,*,*,，,，,，
『	記号,括弧開,*,*,*,*,『,『,『
剣	名詞,一般,*,*,*,*,剣,ケン,ケン
だ	助動詞,*,*,*,特殊・ダ,基本形,だ,ダ,ダ
，	記号,読点,*,*,*,*,，,，,，
剣	名詞,一般,*,*,*,*,剣,ケン,ケン
だ	助動詞,*,*,*,特殊・ダ,基本形,だ,ダ,ダ
！	記号,一般,*,*,*,*,！,！,！
それ	名詞,代名詞,一般,*,*,*,それ,ソレ,ソレ
は	助詞,係助詞,*,*,*,*,は,ハ,ワ
研が	動詞,自立,*,*,五段・ガ行,未然形,研ぐ,トガ,トガ
れ	動詞,接尾,*,*,一段,連用形,れる,レ,レ
た	助動詞,*,*,*,特殊・タ,基本形,た,タ,タ
。	記号,句点,*,*,*,*,。,。,。
また	接続詞,*,*,*,*,*,また,マタ,マタ
，	記号,読点,*,*,*,*,，,，,，
磨か	動詞,自立,*,*,五段・カ行イ音便,未然形,磨く,ミガカ,ミガカ
れ	動詞,接尾,*,*,一段,連用形,れる,レ,レ
た	助動詞,*,*,*,特殊・タ,基本形,た,タ,タ
。	記号,句点,*,*,*,*,。,。,。
それ	名詞,代名詞,一般,*,*,*,それ,ソレ,ソレ
は	助詞,係助詞,*,*,*,*,は,ハ,ワ
殺りく	名詞,サ変接続,*,*,*,*,殺りく,サツリク,サツリク
を	助詞,格助詞,一般,*,*,*,を,ヲ,ヲ
遂げる	動詞,自立,*,*,一段,基本形,遂げる,トゲル,トゲル
ため	名詞,非自立,副詞可能,*,*,*,ため,タメ,タメ
に	助詞,格助詞,一般,*,*,*,に,ニ,ニ
研が	動詞,自立,*,*,五段・ガ行,未然形,研ぐ,トガ,トガ
れ	動詞,接尾,*,*,一段,連用形,れる,レ,レ
た	助動詞,*,*,*,特殊・タ,基本形,た,タ,タ
。	記号,句点,*,*,*,*,。,。,。
それ	名詞,代名詞,一般,*,*,*,それ,ソレ,ソレ
は	助詞,係助詞,*,*,*,*,は,ハ,ワ
きらめき	動詞,自立,*,*,五段・カ行イ音便,連用形,きらめく,キラメキ,キラメキ
を	助詞,格助詞,一般,*,*,*,を,ヲ,ヲ
得る	動詞,自立,*,*,一段,基本形,得る,エル,エル
ため	名詞,非自立,副詞可能,*,*,*,ため,タメ,タメ
に	助詞,格助詞,一般,*,*,*,に,ニ,ニ
磨か	動詞,自立,*,*,五段・カ行イ音便,未然形,磨く,ミガカ,ミガカ
れ	動詞,接尾,*,*,一段,連用形,れる,レ,レ
た	助動詞,*,*,*,特殊・タ,基本形,た,タ,タ
』	記号,括弧閉,*,*,*,*,』,』,』
」	記号,括弧閉,*,*,*,*,」,」,」
』	記号,括弧閉,*,*,*,*,』,』,』
」	記号,括弧閉,*,*,*,*,」,」,」
。	記号,句点,*,*,*,*,。,。,。
「	記号,括弧開,*,*,*,*,「,「,「
『	記号,括弧開,*,*,*,*,『,『,『
そして	接続詞,*,*,*,*,*,そして,ソシテ,ソシテ
，	名詞,数,*,*,*,*,，,，,，
人	名詞,接尾,助数詞,*,*,*,人,ニン,ニン
は	助詞,係助詞,*,*,*,*,は,ハ,ワ
磨か	動詞,自立,*,*,五段・カ行イ音便,未然形,磨く,ミガカ,ミガカ
せる	動詞,接尾,*,*,一段,基本形,せる,セル,セル
ため	名詞,非自立,副詞可能,*,*,*,ため,タメ,タメ
に	助詞,格助詞,一般,*,*,*,に,ニ,ニ
それ	名詞,代名詞,一般,*,*,*,それ,ソレ,ソレ
を	助詞,格助詞,一般,*,*,*,を,ヲ,ヲ
渡す	動詞,自立,*,*,五段・サ行,基本形,渡す,ワタス,ワタス
。	記号,句点,*,*,*,*,。,。,。
[	名詞,サ変接続,*,*,*,*,*
それ	名詞,代名詞,一般,*,*,*,それ,ソレ,ソレ
を	助詞,格助詞,一般,*,*,*,を,ヲ,ヲ
]	名詞,サ変接続,*,*,*,*,*
手	名詞,接尾,一般,*,*,*,手,シュ,シュ
で	助詞,格助詞,一般,*,*,*,で,デ,デ
振るう	動詞,自立,*,*,五段・ワ行促音便,基本形,振るう,フルウ,フルウ
ため	名詞,非自立,副詞可能,*,*,*,ため,タメ,タメ
で	助動詞,*,*,*,特殊・ダ,連用形,だ,デ,デ
ある	助動詞,*,*,*,五段・ラ行アル,基本形,ある,アル,アル
。	記号,句点,*,*,*,*,。,。,。
それ	名詞,代名詞,一般,*,*,*,それ,ソレ,ソレ
は	助詞,係助詞,*,*,*,*,は,ハ,ワ
―	記号,一般,*,*,*,*,―,―,―
剣	名詞,一般,*,*,*,*,剣,ケン,ケン
は	助詞,係助詞,*,*,*,*,は,ハ,ワ
研が	動詞,自立,*,*,五段・ガ行,未然形,研ぐ,トガ,トガ
れ	動詞,接尾,*,*,一段,連用形,れる,レ,レ
，	記号,読点,*,*,*,*,，,，,，
それ	名詞,代名詞,一般,*,*,*,それ,ソレ,ソレ
は	助詞,係助詞,*,*,*,*,は,ハ,ワ
―	記号,一般,*,*,*,*,―,―,―
それ	名詞,代名詞,一般,*,*,*,それ,ソレ,ソレ
は	助詞,係助詞,*,*,*,*,は,ハ,ワ
磨か	動詞,自立,*,*,五段・カ行イ音便,未然形,磨く,ミガカ,ミガカ
れ	動詞,接尾,*,*,一段,連用形,れる,レ,レ
た	助動詞,*,*,*,特殊・タ,基本形,た,タ,タ
。	記号,句点,*,*,*,*,。,。,。
殺す	動詞,自立,*,*,五段・サ行,基本形,殺す,コロス,コロス
者	名詞,非自立,一般,*,*,*,者,モノ,モノ
の	助詞,連体化,*,*,*,*,の,ノ,ノ
手	名詞,一般,*,*,*,*,手,テ,テ
に	助詞,格助詞,一般,*,*,*,に,ニ,ニ
それ	名詞,代名詞,一般,*,*,*,それ,ソレ,ソレ
を	助詞,格助詞,一般,*,*,*,を,ヲ,ヲ
渡す	動詞,自立,*,*,五段・サ行,基本形,渡す,ワタス,ワタス
ため	名詞,非自立,副詞可能,*,*,*,ため,タメ,タメ
で	助動詞,*,*,*,特殊・ダ,連用形,だ,デ,デ
ある	助動詞,*,*,*,五段・ラ行アル,基本形,ある,アル,アル
。	記号,句点,*,*,*,*,。,。,。
「	記号,括弧開,*,*,*,*,「,「,「
『	記号,括弧開,*,*,*,*,『,『,『
人	名詞,一般,*,*,*,*,人,ヒト,ヒト
の	助詞,連体化,*,*,*,*,の,ノ,ノ
子	名詞,一般,*,*,*,*,子,コ,コ
よ	助詞,終助詞,*,*,*,*,よ,ヨ,ヨ
，	記号,読点,*,*,*,*,，,，,，
叫ん	動詞,自立,*,*,五段・バ行,連用タ接続,叫ぶ,サケン,サケン
で	助詞,接続助詞,*,*,*,*,で,デ,デ
，	記号,読点,*,*,*,*,，,，,，
泣きわめけ	動詞,自立,*,*,五段・カ行イ音便,命令ｅ,泣きわめく,ナキワメケ,ナキワメケ
。	記号,句点,*,*,*,*,。,。,。
それ	名詞,代名詞,一般,*,*,*,それ,ソレ,ソレ
が	助詞,格助詞,一般,*,*,*,が,ガ,ガ
わたし	名詞,代名詞,一般,*,*,*,わたし,ワタシ,ワタシ
の	助詞,連体化,*,*,*,*,の,ノ,ノ
民	名詞,一般,*,*,*,*,民,ミン,ミン
を	助詞,格助詞,一般,*,*,*,を,ヲ,ヲ
攻める	動詞,自立,*,*,一段,基本形,攻める,セメル,セメル
こと	名詞,非自立,一般,*,*,*,こと,コト,コト
に	助詞,格助詞,一般,*,*,*,に,ニ,ニ
なっ	動詞,自立,*,*,五段・ラ行,連用タ接続,なる,ナッ,ナッ
た	助動詞,*,*,*,特殊・タ,基本形,た,タ,タ
から	助詞,接続助詞,*,*,*,*,から,カラ,カラ
で	助動詞,*,*,*,特殊・ダ,連用形,だ,デ,デ
ある	助動詞,*,*,*,五段・ラ行アル,基本形,ある,アル,アル
。	記号,句点,*,*,*,*,。,。,。
それ	名詞,代名詞,一般,*,*,*,それ,ソレ,ソレ
は	助詞,係助詞,*,*,*,*,は,ハ,ワ
イスラエル	名詞,固有名詞,地域,国,*,*,イスラエル,イスラエル,イスラエル
の	助詞,連体化,*,*,*,*,の,ノ,ノ
すべて	名詞,副詞可能,*,*,*,*,すべて,スベテ,スベテ
の	助詞,連体化,*,*,*,*,の,ノ,ノ
長	名詞,一般,*,*,*,*,長,チョウ,チョー
を	助詞,格助詞,一般,*,*,*,を,ヲ,ヲ
攻める	動詞,自立,*,*,一段,基本形,攻める,セメル,セメル
。	記号,句点,*,*,*,*,。,。,。
剣	名詞,一般,*,*,*,*,剣,ケン,ケン
に	助詞,格助詞,一般,*,*,*,に,ニ,ニ
投げ	動詞,自立,*,*,一段,連用形,投げる,ナゲ,ナゲ
与え	動詞,自立,*,*,一段,未然形,与える,アタエ,アタエ
られる	動詞,接尾,*,*,一段,基本形,られる,ラレル,ラレル
者	名詞,接尾,一般,*,*,*,者,シャ,シャ
たち	名詞,接尾,一般,*,*,*,たち,タチ,タチ
が	助詞,格助詞,一般,*,*,*,が,ガ,ガ
わたし	名詞,代名詞,一般,*,*,*,わたし,ワタシ,ワタシ
の	助詞,連体化,*,*,*,*,の,ノ,ノ
民	名詞,一般,*,*,*,*,民,ミン,ミン
の	助詞,連体化,*,*,*,*,の,ノ,ノ
もと	名詞,非自立,一般,*,*,*,もと,モト,モト
に	助詞,格助詞,一般,*,*,*,に,ニ,ニ
いる	動詞,自立,*,*,一段,基本形,いる,イル,イル
こと	名詞,非自立,一般,*,*,*,こと,コト,コト
と	助詞,格助詞,一般,*,*,*,と,ト,ト
なっ	動詞,自立,*,*,五段・ラ行,連用タ接続,なる,ナッ,ナッ
た	助動詞,*,*,*,特殊・タ,基本形,た,タ,タ
。	記号,句点,*,*,*,*,。,。,。
それ	名詞,代名詞,一般,*,*,*,それ,ソレ,ソレ
ゆえ	名詞,接尾,一般,*,*,*,ゆえ,ユエ,ユエ
，	記号,読点,*,*,*,*,，,，,，
股	名詞,一般,*,*,*,*,股,マタ,マタ
を	助詞,格助詞,一般,*,*,*,を,ヲ,ヲ
[	名詞,サ変接続,*,*,*,*,*
平手	名詞,一般,*,*,*,*,平手,ヒラテ,ヒラテ
で	助詞,格助詞,一般,*,*,*,で,デ,デ
]	名詞,サ変接続,*,*,*,*,*
打て	動詞,自立,*,*,五段・タ行,命令ｅ,打つ,ブテ,ブテ
。	記号,句点,*,*,*,*,。,。,。
絶滅	名詞,サ変接続,*,*,*,*,絶滅,ゼツメツ,ゼツメツ
が	助詞,格助詞,一般,*,*,*,が,ガ,ガ
遂げ	動詞,自立,*,*,一段,未然形,遂げる,トゲ,トゲ
られ	動詞,接尾,*,*,一段,連用形,られる,ラレ,ラレ
た	助動詞,*,*,*,特殊・タ,基本形,た,タ,タ
から	助詞,接続助詞,*,*,*,*,から,カラ,カラ
で	助動詞,*,*,*,特殊・ダ,連用形,だ,デ,デ
ある	助動詞,*,*,*,五段・ラ行アル,基本形,ある,アル,アル
。	記号,句点,*,*,*,*,。,。,。
それ	名詞,代名詞,一般,*,*,*,それ,ソレ,ソレ
が	助詞,格助詞,一般,*,*,*,が,ガ,ガ
また	接続詞,*,*,*,*,*,また,マタ,マタ
，	記号,読点,*,*,*,*,，,，,，
笏	名詞,一般,*,*,*,*,笏,シャク,シャク
を	助詞,格助詞,一般,*,*,*,を,ヲ,ヲ
退け	動詞,自立,*,*,一段,連用形,退ける,シリゾケ,シリゾケ
て	助詞,接続助詞,*,*,*,*,て,テ,テ
い	動詞,非自立,*,*,一段,連用形,いる,イ,イ
て	助詞,接続助詞,*,*,*,*,て,テ,テ
も	助詞,係助詞,*,*,*,*,も,モ,モ
，	記号,読点,*,*,*,*,，,，,，
[	名詞,サ変接続,*,*,*,*,*
それ	名詞,代名詞,一般,*,*,*,それ,ソレ,ソレ
が	助詞,格助詞,一般,*,*,*,が,ガ,ガ
]	名詞,サ変接続,*,*,*,*,*
何	名詞,代名詞,一般,*,*,*,何,ナニ,ナニ
だ	助動詞,*,*,*,特殊・ダ,基本形,だ,ダ,ダ
という	助詞,格助詞,連語,*,*,*,という,トイウ,トユウ
の	名詞,非自立,一般,*,*,*,の,ノ,ノ
か	助詞,副助詞／並立助詞／終助詞,*,*,*,*,か,カ,カ
。	記号,句点,*,*,*,*,。,。,。
これ	名詞,代名詞,一般,*,*,*,これ,コレ,コレ
は	助詞,係助詞,*,*,*,*,は,ハ,ワ
存続	名詞,サ変接続,*,*,*,*,存続,ソンゾク,ソンゾク
し	動詞,自立,*,*,サ変・スル,未然形,する,シ,シ
ない	助動詞,*,*,*,特殊・ナイ,基本形,ない,ナイ,ナイ
』	記号,括弧閉,*,*,*,*,』,』,』
と	助詞,格助詞,引用,*,*,*,と,ト,ト
，	記号,読点,*,*,*,*,，,，,，
主権	名詞,一般,*,*,*,*,主権,シュケン,シュケン
者	名詞,接尾,一般,*,*,*,者,シャ,シャ
なる	助動詞,*,*,*,文語・ナリ,体言接続,なり,ナル,ナル
主	接頭詞,名詞接続,*,*,*,*,主,シュ,シュ
エホバ	名詞,一般,*,*,*,*,エホバ,エホバ,エホバ
は	助詞,係助詞,*,*,*,*,は,ハ,ワ
お告げ	名詞,一般,*,*,*,*,お告げ,オツゲ,オツゲ
に	助詞,格助詞,一般,*,*,*,に,ニ,ニ
なる	動詞,自立,*,*,五段・ラ行,基本形,なる,ナル,ナル
。	記号,句点,*,*,*,*,。,。,。
「	記号,括弧開,*,*,*,*,「,「,「
そして	接続詞,*,*,*,*,*,そして,ソシテ,ソシテ
，	名詞,数,*,*,*,*,，,，,，
人	名詞,接尾,助数詞,*,*,*,人,ニン,ニン
の	助詞,連体化,*,*,*,*,の,ノ,ノ
子	名詞,一般,*,*,*,*,子,コ,コ
よ	助詞,終助詞,*,*,*,*,よ,ヨ,ヨ
，	記号,読点,*,*,*,*,，,，,，
あなた	名詞,代名詞,一般,*,*,*,あなた,アナタ,アナタ
は	助詞,係助詞,*,*,*,*,は,ハ,ワ
―	記号,一般,*,*,*,*,―,―,―
預言	名詞,サ変接続,*,*,*,*,預言,ヨゲン,ヨゲン
せよ	動詞,自立,*,*,サ変・スル,命令ｙｏ,する,セヨ,セヨ
。	記号,句点,*,*,*,*,。,。,。
たなご	名詞,一般,*,*,*,*,たなご,タナゴ,タナゴ
ころ	名詞,非自立,副詞可能,*,*,*,ころ,コロ,コロ
と	助詞,並立助詞,*,*,*,*,と,ト,ト
たなご	名詞,一般,*,*,*,*,たなご,タナゴ,タナゴ
ころ	名詞,非自立,副詞可能,*,*,*,ころ,コロ,コロ
を	助詞,格助詞,一般,*,*,*,を,ヲ,ヲ
打ち合わせ	動詞,自立,*,*,五段・サ行,命令ｅ,打ち合わす,ウチアワセ,ウチアワセ
よ	助詞,終助詞,*,*,*,*,よ,ヨ,ヨ
。	記号,句点,*,*,*,*,。,。,。
そして	接続詞,*,*,*,*,*,そして,ソシテ,ソシテ
，	記号,読点,*,*,*,*,，,，,，
『	記号,括弧開,*,*,*,*,『,『,『
剣	名詞,一般,*,*,*,*,剣,ケン,ケン
だ	助動詞,*,*,*,特殊・ダ,基本形,だ,ダ,ダ
！	記号,一般,*,*,*,*,！,！,！
』	記号,括弧閉,*,*,*,*,』,』,』
と	助詞,格助詞,引用,*,*,*,と,ト,ト
，	記号,読点,*,*,*,*,，,，,，
三	名詞,数,*,*,*,*,三,サン,サン
度	名詞,接尾,助数詞,*,*,*,度,ド,ド
繰り返す	動詞,自立,*,*,五段・サ行,基本形,繰り返す,クリカエス,クリカエス
べき	助動詞,*,*,*,文語・ベシ,体言接続,べし,ベキ,ベキ
で	助動詞,*,*,*,特殊・ダ,連用形,だ,デ,デ
ある	助動詞,*,*,*,五段・ラ行アル,基本形,ある,アル,アル
。	記号,句点,*,*,*,*,。,。,。
それ	名詞,代名詞,一般,*,*,*,それ,ソレ,ソレ
は	助詞,係助詞,*,*,*,*,は,ハ,ワ
打ち殺さ	動詞,自立,*,*,五段・サ行,未然形,打ち殺す,ウチコロサ,ウチコロサ
れる	動詞,接尾,*,*,一段,基本形,れる,レル,レル
者	名詞,接尾,一般,*,*,*,者,シャ,シャ
たち	名詞,接尾,一般,*,*,*,たち,タチ,タチ
の	助詞,連体化,*,*,*,*,の,ノ,ノ
剣	名詞,一般,*,*,*,*,剣,ケン,ケン
で	助動詞,*,*,*,特殊・ダ,連用形,だ,デ,デ
ある	助動詞,*,*,*,五段・ラ行アル,基本形,ある,アル,アル
。	記号,句点,*,*,*,*,。,。,。
それ	名詞,代名詞,一般,*,*,*,それ,ソレ,ソレ
は	助詞,係助詞,*,*,*,*,は,ハ,ワ
，	記号,読点,*,*,*,*,，,，,，
打ち殺さ	動詞,自立,*,*,五段・サ行,未然形,打ち殺す,ウチコロサ,ウチコロサ
れる	動詞,接尾,*,*,一段,基本形,れる,レル,レル
，	記号,読点,*,*,*,*,，,，,，
大いなる	連体詞,*,*,*,*,*,大いなる,オオイナル,オーイナル
者	名詞,非自立,一般,*,*,*,者,モノ,モノ
の	助詞,連体化,*,*,*,*,の,ノ,ノ
剣	名詞,一般,*,*,*,*,剣,ケン,ケン
で	助動詞,*,*,*,特殊・ダ,連用形,だ,デ,デ
あり	助動詞,*,*,*,五段・ラ行アル,連用形,ある,アリ,アリ
，	記号,読点,*,*,*,*,，,，,，
彼ら	名詞,代名詞,一般,*,*,*,彼ら,カレラ,カレラ
を	助詞,格助詞,一般,*,*,*,を,ヲ,ヲ
取り巻い	動詞,自立,*,*,五段・カ行イ音便,連用タ接続,取り巻く,トリマイ,トリマイ
て	助詞,接続助詞,*,*,*,*,て,テ,テ
いる	動詞,非自立,*,*,一段,基本形,いる,イル,イル
。	記号,句点,*,*,*,*,。,。,。
心	名詞,一般,*,*,*,*,心,ココロ,ココロ
を	助詞,格助詞,一般,*,*,*,を,ヲ,ヲ
溶かす	動詞,自立,*,*,五段・サ行,基本形,溶かす,トカス,トカス
ため	名詞,非自立,副詞可能,*,*,*,ため,タメ,タメ
，	記号,読点,*,*,*,*,，,，,，
打ち倒さ	動詞,自立,*,*,五段・サ行,未然形,打ち倒す,ウチタオサ,ウチタオサ
れる	動詞,接尾,*,*,一段,基本形,れる,レル,レル
者	名詞,非自立,一般,*,*,*,者,モノ,モノ
を	助詞,格助詞,一般,*,*,*,を,ヲ,ヲ
その	連体詞,*,*,*,*,*,その,ソノ,ソノ
すべて	名詞,副詞可能,*,*,*,*,すべて,スベテ,スベテ
の	助詞,連体化,*,*,*,*,の,ノ,ノ
門	名詞,一般,*,*,*,*,門,モン,モン
で	助詞,格助詞,一般,*,*,*,で,デ,デ
増やす	動詞,自立,*,*,五段・サ行,基本形,増やす,フヤス,フヤス
ため	名詞,非自立,副詞可能,*,*,*,ため,タメ,タメ
，	記号,読点,*,*,*,*,，,，,，
わたし	名詞,代名詞,一般,*,*,*,わたし,ワタシ,ワタシ
は	助詞,係助詞,*,*,*,*,は,ハ,ワ
剣	名詞,一般,*,*,*,*,剣,ケン,ケン
によって	助詞,格助詞,連語,*,*,*,によって,ニヨッテ,ニヨッテ
殺りく	名詞,サ変接続,*,*,*,*,殺りく,サツリク,サツリク
を	助詞,格助詞,一般,*,*,*,を,ヲ,ヲ
行なう	動詞,自立,*,*,五段・ワ行促音便,基本形,行なう,オコナウ,オコナウ
。	記号,句点,*,*,*,*,。,。,。
ああ	感動詞,*,*,*,*,*,ああ,アア,アー
，	記号,読点,*,*,*,*,，,，,，
それ	名詞,代名詞,一般,*,*,*,それ,ソレ,ソレ
は	助詞,係助詞,*,*,*,*,は,ハ,ワ
きらめき	動詞,自立,*,*,五段・カ行イ音便,連用形,きらめく,キラメキ,キラメキ
の	助詞,連体化,*,*,*,*,の,ノ,ノ
ため	名詞,非自立,副詞可能,*,*,*,ため,タメ,タメ
の	助詞,連体化,*,*,*,*,の,ノ,ノ
もの	名詞,非自立,一般,*,*,*,もの,モノ,モノ
と	助詞,格助詞,引用,*,*,*,と,ト,ト
さ	動詞,自立,*,*,サ変・スル,未然レル接続,する,サ,サ
れ	動詞,接尾,*,*,一段,連用形,れる,レ,レ
，	記号,読点,*,*,*,*,，,，,，
殺りく	名詞,サ変接続,*,*,*,*,殺りく,サツリク,サツリク
の	助詞,連体化,*,*,*,*,の,ノ,ノ
ため	名詞,非自立,副詞可能,*,*,*,ため,タメ,タメ
に	助詞,格助詞,一般,*,*,*,に,ニ,ニ
磨か	動詞,自立,*,*,五段・カ行イ音便,未然形,磨く,ミガカ,ミガカ
れ	動詞,接尾,*,*,一段,連用形,れる,レ,レ
た	助動詞,*,*,*,特殊・タ,基本形,た,タ,タ
！	記号,一般,*,*,*,*,！,！,！
鋭い	形容詞,自立,*,*,形容詞・アウオ段,基本形,鋭い,スルドイ,スルドイ
こと	名詞,非自立,一般,*,*,*,こと,コト,コト
を	助詞,格助詞,一般,*,*,*,を,ヲ,ヲ
示せ	動詞,自立,*,*,五段・サ行,命令ｅ,示す,シメセ,シメセ
。	記号,句点,*,*,*,*,。,。,。
右	名詞,一般,*,*,*,*,右,ミギ,ミギ
に	助詞,格助詞,一般,*,*,*,に,ニ,ニ
行け	動詞,自立,*,*,五段・カ行促音便,命令ｅ,行く,イケ,イケ
！	記号,一般,*,*,*,*,！,！,！
立場	名詞,一般,*,*,*,*,立場,タチバ,タチバ
を	助詞,格助詞,一般,*,*,*,を,ヲ,ヲ
定め	動詞,自立,*,*,一段,連用形,定める,サダメ,サダメ
よ	助詞,終助詞,*,*,*,*,よ,ヨ,ヨ
。	記号,句点,*,*,*,*,。,。,。
左	名詞,一般,*,*,*,*,左,ヒダリ,ヒダリ
に	助詞,格助詞,一般,*,*,*,に,ニ,ニ
行け	動詞,自立,*,*,五段・カ行促音便,命令ｅ,行く,イケ,イケ
！	記号,一般,*,*,*,*,！,！,！
どこ	名詞,代名詞,一般,*,*,*,どこ,ドコ,ドコ
で	助動詞,*,*,*,特殊・ダ,連用形,だ,デ,デ
あれ	助動詞,*,*,*,五段・ラ行アル,命令ｅ,ある,アレ,アレ
，	記号,読点,*,*,*,*,，,，,，
お前	名詞,代名詞,一般,*,*,*,お前,オマエ,オマエ
の	助詞,連体化,*,*,*,*,の,ノ,ノ
顔	名詞,一般,*,*,*,*,顔,カオ,カオ
の	助詞,格助詞,一般,*,*,*,の,ノ,ノ
向く	動詞,自立,*,*,五段・カ行イ音便,基本形,向く,ムク,ムク
所	名詞,非自立,副詞可能,*,*,*,所,トコロ,トコロ
へ	助詞,格助詞,一般,*,*,*,へ,ヘ,エ
！	記号,一般,*,*,*,*,！,！,！
そして	接続詞,*,*,*,*,*,そして,ソシテ,ソシテ
わたし	名詞,代名詞,一般,*,*,*,わたし,ワタシ,ワタシ
自身	名詞,一般,*,*,*,*,自身,ジシン,ジシン
も	助詞,係助詞,*,*,*,*,も,モ,モ
また	接続詞,*,*,*,*,*,また,マタ,マタ
，	記号,読点,*,*,*,*,，,，,，
一方	名詞,副詞可能,*,*,*,*,一方,イッポウ,イッポー
の	助詞,連体化,*,*,*,*,の,ノ,ノ
たなご	名詞,一般,*,*,*,*,たなご,タナゴ,タナゴ
ころ	名詞,非自立,副詞可能,*,*,*,ころ,コロ,コロ
と	助詞,並立助詞,*,*,*,*,と,ト,ト
他方	名詞,一般,*,*,*,*,他方,タホウ,タホー
の	助詞,連体化,*,*,*,*,の,ノ,ノ
たなご	名詞,一般,*,*,*,*,たなご,タナゴ,タナゴ
ころ	名詞,非自立,副詞可能,*,*,*,ころ,コロ,コロ
と	助詞,並立助詞,*,*,*,*,と,ト,ト
を	助詞,格助詞,一般,*,*,*,を,ヲ,ヲ
打ち合わせ	動詞,自立,*,*,一段,連用形,打ち合わせる,ウチアワセ,ウチアワセ
，	記号,読点,*,*,*,*,，,，,，
わたし	名詞,代名詞,一般,*,*,*,わたし,ワタシ,ワタシ
の	助詞,連体化,*,*,*,*,の,ノ,ノ
激しい	形容詞,自立,*,*,形容詞・イ段,基本形,激しい,ハゲシイ,ハゲシイ
怒り	名詞,一般,*,*,*,*,怒り,イカリ,イカリ
を	助詞,格助詞,一般,*,*,*,を,ヲ,ヲ
休ま	動詞,自立,*,*,五段・マ行,未然形,休む,ヤスマ,ヤスマ
せる	動詞,接尾,*,*,一段,基本形,せる,セル,セル
で	助動詞,*,*,*,特殊・ダ,連用形,だ,デ,デ
あろ	助動詞,*,*,*,五段・ラ行アル,未然ウ接続,ある,アロ,アロ
う	助動詞,*,*,*,不変化型,基本形,う,ウ,ウ
。	記号,句点,*,*,*,*,。,。,。
わたし	名詞,代名詞,一般,*,*,*,わたし,ワタシ,ワタシ
が	助詞,格助詞,一般,*,*,*,が,ガ,ガ
，	記号,読点,*,*,*,*,，,，,，
エホバ	名詞,一般,*,*,*,*,エホバ,エホバ,エホバ
が	助詞,格助詞,一般,*,*,*,が,ガ,ガ
語っ	動詞,自立,*,*,五段・ラ行,連用タ接続,語る,カタッ,カタッ
た	助動詞,*,*,*,特殊・タ,基本形,た,タ,タ
の	名詞,非自立,一般,*,*,*,の,ノ,ノ
で	助動詞,*,*,*,特殊・ダ,連用形,だ,デ,デ
ある	助動詞,*,*,*,五段・ラ行アル,基本形,ある,アル,アル
」	記号,括弧閉,*,*,*,*,」,」,」
。	記号,句点,*,*,*,*,。,。,。
また	接続詞,*,*,*,*,*,また,マタ,マタ
，	記号,読点,*,*,*,*,，,，,，
エホバ	名詞,一般,*,*,*,*,エホバ,エホバ,エホバ
の	助詞,連体化,*,*,*,*,の,ノ,ノ
言葉	名詞,一般,*,*,*,*,言葉,コトバ,コトバ
が	助詞,格助詞,一般,*,*,*,が,ガ,ガ
引き続き	副詞,一般,*,*,*,*,引き続き,ヒキツヅキ,ヒキツズキ
わたし	名詞,代名詞,一般,*,*,*,わたし,ワタシ,ワタシ
に	助詞,格助詞,一般,*,*,*,に,ニ,ニ
臨ん	動詞,自立,*,*,五段・マ行,連用タ接続,臨む,ノゾン,ノゾン
で	助詞,接続助詞,*,*,*,*,で,デ,デ
言っ	動詞,自立,*,*,五段・ワ行促音便,連用タ接続,言う,イッ,イッ
た	助動詞,*,*,*,特殊・タ,基本形,た,タ,タ
，	記号,読点,*,*,*,*,，,，,，
「	記号,括弧開,*,*,*,*,「,「,「
そして	接続詞,*,*,*,*,*,そして,ソシテ,ソシテ
，	名詞,数,*,*,*,*,，,，,，
人	名詞,接尾,助数詞,*,*,*,人,ニン,ニン
の	助詞,連体化,*,*,*,*,の,ノ,ノ
子	名詞,一般,*,*,*,*,子,コ,コ
よ	助詞,終助詞,*,*,*,*,よ,ヨ,ヨ
，	記号,読点,*,*,*,*,，,，,，
あなた	名詞,代名詞,一般,*,*,*,あなた,アナタ,アナタ
は	助詞,係助詞,*,*,*,*,は,ハ,ワ
，	記号,読点,*,*,*,*,，,，,，
バビロン	名詞,一般,*,*,*,*,*
の	助詞,連体化,*,*,*,*,の,ノ,ノ
王	名詞,一般,*,*,*,*,王,オウ,オー
の	助詞,連体化,*,*,*,*,の,ノ,ノ
剣	名詞,一般,*,*,*,*,剣,ケン,ケン
の	助詞,格助詞,一般,*,*,*,の,ノ,ノ
入っ	動詞,自立,*,*,五段・ラ行,連用タ接続,入る,ハイッ,ハイッ
て	助詞,接続助詞,*,*,*,*,て,テ,テ
来る	動詞,非自立,*,*,カ変・来ル,基本形,来る,クル,クル
二つ	名詞,一般,*,*,*,*,二つ,フタツ,フタツ
の	助詞,連体化,*,*,*,*,の,ノ,ノ
道	名詞,一般,*,*,*,*,道,ミチ,ミチ
を	助詞,格助詞,一般,*,*,*,を,ヲ,ヲ
自分	名詞,一般,*,*,*,*,自分,ジブン,ジブン
の	助詞,連体化,*,*,*,*,の,ノ,ノ
ため	名詞,非自立,副詞可能,*,*,*,ため,タメ,タメ
に	助詞,格助詞,一般,*,*,*,に,ニ,ニ
設け	動詞,自立,*,*,一段,連用形,設ける,モウケ,モーケ
よ	助詞,終助詞,*,*,*,*,よ,ヨ,ヨ
。	記号,句点,*,*,*,*,。,。,。
一つ	名詞,一般,*,*,*,*,一つ,ヒトツ,ヒトツ
の	助詞,連体化,*,*,*,*,の,ノ,ノ
地	名詞,一般,*,*,*,*,地,チ,チ
から	助詞,格助詞,一般,*,*,*,から,カラ,カラ
その	連体詞,*,*,*,*,*,その,ソノ,ソノ
両方	名詞,一般,*,*,*,*,両方,リョウホウ,リョーホー
が	助詞,格助詞,一般,*,*,*,が,ガ,ガ
出る	動詞,自立,*,*,一段,基本形,出る,デル,デル
よう	名詞,非自立,助動詞語幹,*,*,*,よう,ヨウ,ヨー
に	助詞,格助詞,一般,*,*,*,に,ニ,ニ
し	動詞,自立,*,*,サ変・スル,連用形,する,シ,シ
，	記号,読点,*,*,*,*,，,，,，
指	名詞,一般,*,*,*,*,指,ユビ,ユビ
[	名詞,サ変接続,*,*,*,*,*
じ	助動詞,*,*,*,不変化型,基本形,じ,ジ,ジ
る	助動詞,*,*,*,文語・ル,基本形,る,ル,ル
し	助詞,接続助詞,*,*,*,*,し,シ,シ
]	名詞,サ変接続,*,*,*,*,*
を	助詞,格助詞,一般,*,*,*,を,ヲ,ヲ
切り取る	動詞,自立,*,*,五段・ラ行,基本形,切り取る,キリトル,キリトル
べき	助動詞,*,*,*,文語・ベシ,体言接続,べし,ベキ,ベキ
で	助動詞,*,*,*,特殊・ダ,連用形,だ,デ,デ
ある	助動詞,*,*,*,五段・ラ行アル,基本形,ある,アル,アル
。	記号,句点,*,*,*,*,。,。,。
都	名詞,一般,*,*,*,*,都,ト,ト
に	助詞,格助詞,一般,*,*,*,に,ニ,ニ
至る	動詞,自立,*,*,五段・ラ行,基本形,至る,イタル,イタル
道	名詞,一般,*,*,*,*,道,ミチ,ミチ
の	助詞,連体化,*,*,*,*,の,ノ,ノ
頭	名詞,一般,*,*,*,*,頭,アタマ,アタマ
の	助詞,連体化,*,*,*,*,の,ノ,ノ
所	名詞,非自立,副詞可能,*,*,*,所,トコロ,トコロ
で	助詞,格助詞,一般,*,*,*,で,デ,デ
それ	名詞,代名詞,一般,*,*,*,それ,ソレ,ソレ
を	助詞,格助詞,一般,*,*,*,を,ヲ,ヲ
切り取る	動詞,自立,*,*,五段・ラ行,基本形,切り取る,キリトル,キリトル
べき	助動詞,*,*,*,文語・ベシ,体言接続,べし,ベキ,ベキ
で	助動詞,*,*,*,特殊・ダ,連用形,だ,デ,デ
ある	助動詞,*,*,*,五段・ラ行アル,基本形,ある,アル,アル
。	記号,句点,*,*,*,*,。,。,。
一つ	名詞,一般,*,*,*,*,一つ,ヒトツ,ヒトツ
の	助詞,連体化,*,*,*,*,の,ノ,ノ
道	名詞,一般,*,*,*,*,道,ミチ,ミチ
を	助詞,格助詞,一般,*,*,*,を,ヲ,ヲ
，	記号,読点,*,*,*,*,，,，,，
剣	名詞,一般,*,*,*,*,剣,ケン,ケン
が	助詞,格助詞,一般,*,*,*,が,ガ,ガ
アンモン	名詞,一般,*,*,*,*,*
の	助詞,連体化,*,*,*,*,の,ノ,ノ
子	名詞,一般,*,*,*,*,子,コ,コ
ら	名詞,接尾,一般,*,*,*,ら,ラ,ラ
の	助詞,連体化,*,*,*,*,の,ノ,ノ
ラバ	名詞,一般,*,*,*,*,ラバ,ラバ,ラバ
に	助詞,格助詞,一般,*,*,*,に,ニ,ニ
向かっ	動詞,自立,*,*,五段・ワ行促音便,連用タ接続,向かう,ムカッ,ムカッ
て	助詞,接続助詞,*,*,*,*,て,テ,テ
入っ	動詞,自立,*,*,五段・ラ行,連用タ接続,入る,ハイッ,ハイッ
て	助詞,接続助詞,*,*,*,*,て,テ,テ
来る	動詞,非自立,*,*,カ変・来ル,基本形,来る,クル,クル
よう	名詞,非自立,助動詞語幹,*,*,*,よう,ヨウ,ヨー
に	助詞,副詞化,*,*,*,*,に,ニ,ニ
設け	動詞,自立,*,*,一段,連用形,設ける,モウケ,モーケ
，	記号,読点,*,*,*,*,，,，,，
[	名詞,サ変接続,*,*,*,*,*
一つ	名詞,一般,*,*,*,*,一つ,ヒトツ,ヒトツ
を	助詞,格助詞,一般,*,*,*,を,ヲ,ヲ
]	名詞,サ変接続,*,*,*,*,*
ユダ	名詞,一般,*,*,*,*,*
に	助詞,格助詞,一般,*,*,*,に,ニ,ニ
，	記号,読点,*,*,*,*,，,，,，
防備	名詞,サ変接続,*,*,*,*,防備,ボウビ,ボービ
の	助詞,格助詞,一般,*,*,*,の,ノ,ノ
施さ	動詞,自立,*,*,五段・サ行,未然形,施す,ホドコサ,ホドコサ
れ	動詞,接尾,*,*,一段,連用形,れる,レ,レ
た	助動詞,*,*,*,特殊・タ,基本形,た,タ,タ
エルサレム	名詞,固有名詞,地域,一般,*,*,エルサレム,エルサレム,エルサレム
に	助詞,格助詞,一般,*,*,*,に,ニ,ニ
向け	動詞,自立,*,*,一段,連用形,向ける,ムケ,ムケ
よ	助詞,終助詞,*,*,*,*,よ,ヨ,ヨ
。	記号,句点,*,*,*,*,。,。,。
バビロン	名詞,一般,*,*,*,*,*
の	助詞,連体化,*,*,*,*,の,ノ,ノ
王	名詞,一般,*,*,*,*,王,オウ,オー
は	助詞,係助詞,*,*,*,*,は,ハ,ワ
その	連体詞,*,*,*,*,*,その,ソノ,ソノ
分かれ道	名詞,一般,*,*,*,*,分かれ道,ワカレミチ,ワカレミチ
，	記号,読点,*,*,*,*,，,，,，
二つ	名詞,一般,*,*,*,*,二つ,フタツ,フタツ
の	助詞,連体化,*,*,*,*,の,ノ,ノ
道	名詞,一般,*,*,*,*,道,ミチ,ミチ
の	助詞,連体化,*,*,*,*,の,ノ,ノ
頭	名詞,一般,*,*,*,*,頭,アタマ,アタマ
の	助詞,連体化,*,*,*,*,の,ノ,ノ
所	名詞,非自立,副詞可能,*,*,*,所,トコロ,トコロ
で	助詞,格助詞,一般,*,*,*,で,デ,デ
立ち止まっ	動詞,自立,*,*,五段・ラ行,連用タ接続,立ち止まる,タチドマッ,タチドマッ
た	助動詞,*,*,*,特殊・タ,基本形,た,タ,タ
から	助詞,接続助詞,*,*,*,*,から,カラ,カラ
で	助動詞,*,*,*,特殊・ダ,連用形,だ,デ,デ
ある	助動詞,*,*,*,五段・ラ行アル,基本形,ある,アル,アル
。	記号,句点,*,*,*,*,。,。,。
占い	名詞,一般,*,*,*,*,占い,ウラナイ,ウラナイ
を	助詞,格助詞,一般,*,*,*,を,ヲ,ヲ
する	動詞,自立,*,*,サ変・スル,基本形,する,スル,スル
ため	名詞,非自立,副詞可能,*,*,*,ため,タメ,タメ
で	助動詞,*,*,*,特殊・ダ,連用形,だ,デ,デ
ある	助動詞,*,*,*,五段・ラ行アル,基本形,ある,アル,アル
。	記号,句点,*,*,*,*,。,。,。
彼	名詞,代名詞,一般,*,*,*,彼,カレ,カレ
は	助詞,係助詞,*,*,*,*,は,ハ,ワ
矢	名詞,一般,*,*,*,*,矢,ヤ,ヤ
を	助詞,格助詞,一般,*,*,*,を,ヲ,ヲ
振っ	動詞,自立,*,*,五段・ラ行,連用タ接続,振る,フッ,フッ
た	助動詞,*,*,*,特殊・タ,基本形,た,タ,タ
。	記号,句点,*,*,*,*,。,。,。
テラフィム	名詞,一般,*,*,*,*,*
によって	助詞,格助詞,連語,*,*,*,によって,ニヨッテ,ニヨッテ
伺い	名詞,一般,*,*,*,*,伺い,ウカガイ,ウカガイ
を	助詞,格助詞,一般,*,*,*,を,ヲ,ヲ
立て	動詞,自立,*,*,一段,連用形,立てる,タテ,タテ
た	助動詞,*,*,*,特殊・タ,基本形,た,タ,タ
。	記号,句点,*,*,*,*,。,。,。
肝	名詞,一般,*,*,*,*,肝,キモ,キモ
を	助詞,格助詞,一般,*,*,*,を,ヲ,ヲ
調べ	動詞,自立,*,*,一段,連用形,調べる,シラベ,シラベ
た	助動詞,*,*,*,特殊・タ,基本形,た,タ,タ
。	記号,句点,*,*,*,*,。,。,。
彼	名詞,代名詞,一般,*,*,*,彼,カレ,カレ
の	助詞,連体化,*,*,*,*,の,ノ,ノ
右手	名詞,一般,*,*,*,*,右手,ミギテ,ミギテ
に	助詞,格助詞,一般,*,*,*,に,ニ,ニ
占い	名詞,一般,*,*,*,*,占い,ウラナイ,ウラナイ
は	助詞,係助詞,*,*,*,*,は,ハ,ワ
エルサレム	名詞,固有名詞,地域,一般,*,*,エルサレム,エルサレム,エルサレム
と	助詞,格助詞,引用,*,*,*,と,ト,ト
出	動詞,自立,*,*,一段,連用形,出る,デ,デ
た	助動詞,*,*,*,特殊・タ,基本形,た,タ,タ
。	記号,句点,*,*,*,*,。,。,。
破	動詞,自立,*,*,五段・ラ行,体言接続特殊２,破る,ヤブ,ヤブ
城	名詞,一般,*,*,*,*,城,シロ,シロ
づち	名詞,一般,*,*,*,*,*
を	助詞,格助詞,一般,*,*,*,を,ヲ,ヲ
据え	動詞,自立,*,*,一段,連用形,据える,スエ,スエ
，	記号,読点,*,*,*,*,，,，,，
打ち殺す	動詞,自立,*,*,五段・サ行,基本形,打ち殺す,ウチコロス,ウチコロス
ため	名詞,非自立,副詞可能,*,*,*,ため,タメ,タメ
に	助詞,格助詞,一般,*,*,*,に,ニ,ニ
口	名詞,一般,*,*,*,*,口,クチ,クチ
を	助詞,格助詞,一般,*,*,*,を,ヲ,ヲ
開き	動詞,自立,*,*,五段・カ行イ音便,連用形,開く,ヒラキ,ヒラキ
，	記号,読点,*,*,*,*,，,，,，
警報	名詞,サ変接続,*,*,*,*,警報,ケイホウ,ケイホー
の	助詞,連体化,*,*,*,*,の,ノ,ノ
音	名詞,一般,*,*,*,*,音,オト,オト
を	助詞,格助詞,一般,*,*,*,を,ヲ,ヲ
上げ	動詞,自立,*,*,一段,連用形,上げる,アゲ,アゲ
，	記号,読点,*,*,*,*,，,，,，
門	名詞,一般,*,*,*,*,門,モン,モン
に	助詞,格助詞,一般,*,*,*,に,ニ,ニ
向かっ	動詞,自立,*,*,五段・ワ行促音便,連用タ接続,向かう,ムカッ,ムカッ
て	助詞,接続助詞,*,*,*,*,て,テ,テ
破	動詞,自立,*,*,五段・ラ行,体言接続特殊２,破る,ヤブ,ヤブ
城	名詞,一般,*,*,*,*,城,シロ,シロ
づち	名詞,一般,*,*,*,*,*
を	助詞,格助詞,一般,*,*,*,を,ヲ,ヲ
据え	動詞,自立,*,*,一段,連用形,据える,スエ,スエ
，	記号,読点,*,*,*,*,，,，,，
攻囲	名詞,サ変接続,*,*,*,*,攻囲,コウイ,コーイ
塁壁	名詞,一般,*,*,*,*,塁壁,ルイヘキ,ルイヘキ
を	助詞,格助詞,一般,*,*,*,を,ヲ,ヲ
盛り上げ	動詞,自立,*,*,一段,連用形,盛り上げる,モリアゲ,モリアゲ
，	記号,読点,*,*,*,*,，,，,，
攻囲	名詞,サ変接続,*,*,*,*,攻囲,コウイ,コーイ
壁	名詞,一般,*,*,*,*,壁,カベ,カベ
を	助詞,格助詞,一般,*,*,*,を,ヲ,ヲ
築け	動詞,自立,*,*,一段,連用形,築ける,キヅケ,キズケ
，	記号,読点,*,*,*,*,，,，,，
と	助詞,格助詞,引用,*,*,*,と,ト,ト
。	記号,句点,*,*,*,*,。,。,。
そして	接続詞,*,*,*,*,*,そして,ソシテ,ソシテ
，	記号,読点,*,*,*,*,，,，,，
それ	名詞,代名詞,一般,*,*,*,それ,ソレ,ソレ
は	助詞,係助詞,*,*,*,*,は,ハ,ワ
彼ら	名詞,代名詞,一般,*,*,*,彼ら,カレラ,カレラ
にとって	助詞,格助詞,連語,*,*,*,にとって,ニトッテ,ニトッテ
，	記号,読点,*,*,*,*,，,，,，
彼ら	名詞,代名詞,一般,*,*,*,彼ら,カレラ,カレラ
の	助詞,連体化,*,*,*,*,の,ノ,ノ
目	名詞,一般,*,*,*,*,目,メ,メ
に	助詞,格助詞,一般,*,*,*,に,ニ,ニ
真実	名詞,一般,*,*,*,*,真実,シンジツ,シンジツ
で	助動詞,*,*,*,特殊・ダ,連用形,だ,デ,デ
ない	助動詞,*,*,*,特殊・ナイ,基本形,ない,ナイ,ナイ
占い	名詞,一般,*,*,*,*,占い,ウラナイ,ウラナイ
の	助詞,連体化,*,*,*,*,の,ノ,ノ
よう	名詞,非自立,助動詞語幹,*,*,*,よう,ヨウ,ヨー
に	助詞,格助詞,一般,*,*,*,に,ニ,ニ
なっ	動詞,自立,*,*,五段・ラ行,連用タ接続,なる,ナッ,ナッ
た	助動詞,*,*,*,特殊・タ,基本形,た,タ,タ
―	記号,一般,*,*,*,*,―,―,―
それら	名詞,代名詞,一般,*,*,*,それら,ソレラ,ソレラ
の	助詞,連体化,*,*,*,*,の,ノ,ノ
者	名詞,非自立,一般,*,*,*,者,モノ,モノ
に	助詞,格助詞,一般,*,*,*,に,ニ,ニ
誓い	動詞,自立,*,*,五段・ワ行促音便,連用形,誓う,チカイ,チカイ
を	助詞,格助詞,一般,*,*,*,を,ヲ,ヲ
立て	動詞,自立,*,*,一段,未然形,立てる,タテ,タテ
させ	動詞,接尾,*,*,一段,未然形,させる,サセ,サセ
られ	動詞,接尾,*,*,一段,連用形,られる,ラレ,ラレ
た	助動詞,*,*,*,特殊・タ,基本形,た,タ,タ
彼ら	名詞,代名詞,一般,*,*,*,彼ら,カレラ,カレラ
[	名詞,サ変接続,*,*,*,*,*
にとって	助詞,格助詞,連語,*,*,*,にとって,ニトッテ,ニトッテ
は	助詞,係助詞,*,*,*,*,は,ハ,ワ
]。	名詞,サ変接続,*,*,*,*,*
彼	名詞,代名詞,一般,*,*,*,彼,カレ,カレ
はと	名詞,一般,*,*,*,*,はと,ハト,ハト
が	助詞,格助詞,一般,*,*,*,が,ガ,ガ
を	助詞,格助詞,一般,*,*,*,を,ヲ,ヲ
思い出す	動詞,自立,*,*,五段・サ行,基本形,思い出す,オモイダス,オモイダス
。	記号,句点,*,*,*,*,。,。,。
[	名詞,サ変接続,*,*,*,*,*
彼ら	名詞,代名詞,一般,*,*,*,彼ら,カレラ,カレラ
が	助詞,格助詞,一般,*,*,*,が,ガ,ガ
]	名詞,サ変接続,*,*,*,*,*
捕らえ	動詞,自立,*,*,一段,未然形,捕らえる,トラエ,トラエ
られる	動詞,接尾,*,*,一段,基本形,られる,ラレル,ラレル
ため	名詞,非自立,副詞可能,*,*,*,ため,タメ,タメ
で	助動詞,*,*,*,特殊・ダ,連用形,だ,デ,デ
ある	助動詞,*,*,*,五段・ラ行アル,基本形,ある,アル,アル
。	記号,句点,*,*,*,*,。,。,。
「	記号,括弧開,*,*,*,*,「,「,「
それ	名詞,代名詞,一般,*,*,*,それ,ソレ,ソレ
ゆえ	名詞,接尾,一般,*,*,*,ゆえ,ユエ,ユエ
，	記号,読点,*,*,*,*,，,，,，
主権	名詞,一般,*,*,*,*,主権,シュケン,シュケン
者	名詞,接尾,一般,*,*,*,者,シャ,シャ
なる	助動詞,*,*,*,文語・ナリ,体言接続,なり,ナル,ナル
主	接頭詞,名詞接続,*,*,*,*,主,シュ,シュ
エホバ	名詞,一般,*,*,*,*,エホバ,エホバ,エホバ
は	助詞,係助詞,*,*,*,*,は,ハ,ワ
この	連体詞,*,*,*,*,*,この,コノ,コノ
よう	名詞,非自立,助動詞語幹,*,*,*,よう,ヨウ,ヨー
に	助詞,副詞化,*,*,*,*,に,ニ,ニ
言わ	動詞,自立,*,*,五段・ワ行促音便,未然形,言う,イワ,イワ
れ	動詞,接尾,*,*,一段,連用形,れる,レ,レ
た	助動詞,*,*,*,特殊・タ,基本形,た,タ,タ
。	記号,句点,*,*,*,*,。,。,。
『	記号,括弧開,*,*,*,*,『,『,『
あなた	名詞,代名詞,一般,*,*,*,あなた,アナタ,アナタ
方	名詞,接尾,一般,*,*,*,方,カタ,カタ
は	助詞,係助詞,*,*,*,*,は,ハ,ワ
，	記号,読点,*,*,*,*,，,，,，
自分	名詞,一般,*,*,*,*,自分,ジブン,ジブン
たち	名詞,接尾,一般,*,*,*,たち,タチ,タチ
の	助詞,連体化,*,*,*,*,の,ノ,ノ
違犯	名詞,サ変接続,*,*,*,*,違犯,イハン,イハン
が	助詞,格助詞,一般,*,*,*,が,ガ,ガ
あらわ	名詞,形容動詞語幹,*,*,*,*,あらわ,アラワ,アラワ
に	助詞,格助詞,一般,*,*,*,に,ニ,ニ
さ	動詞,自立,*,*,サ変・スル,未然レル接続,する,サ,サ
れる	動詞,接尾,*,*,一段,基本形,れる,レル,レル
こと	名詞,非自立,一般,*,*,*,こと,コト,コト
によって	助詞,格助詞,連語,*,*,*,によって,ニヨッテ,ニヨッテ
自分	名詞,一般,*,*,*,*,自分,ジブン,ジブン
たち	名詞,接尾,一般,*,*,*,たち,タチ,タチ
の	名詞,非自立,一般,*,*,*,の,ノ,ノ
と	助詞,並立助詞,*,*,*,*,と,ト,ト
が	助詞,格助詞,一般,*,*,*,が,ガ,ガ
を	助詞,格助詞,一般,*,*,*,を,ヲ,ヲ
思い出さ	動詞,自立,*,*,五段・サ行,未然形,思い出す,オモイダサ,オモイダサ
せる	動詞,接尾,*,*,一段,基本形,せる,セル,セル
よう	名詞,非自立,助動詞語幹,*,*,*,よう,ヨウ,ヨー
に	助詞,格助詞,一般,*,*,*,に,ニ,ニ
し	動詞,自立,*,*,サ変・スル,連用形,する,シ,シ
て	助詞,接続助詞,*,*,*,*,て,テ,テ
いる	動詞,非自立,*,*,一段,基本形,いる,イル,イル
ので	助詞,接続助詞,*,*,*,*,ので,ノデ,ノデ
，	記号,読点,*,*,*,*,，,，,，
それ	名詞,代名詞,一般,*,*,*,それ,ソレ,ソレ
は	助詞,係助詞,*,*,*,*,は,ハ,ワ
あなた	名詞,代名詞,一般,*,*,*,あなた,アナタ,アナタ
方	名詞,接尾,一般,*,*,*,方,カタ,カタ
の	助詞,連体化,*,*,*,*,の,ノ,ノ
罪	名詞,一般,*,*,*,*,罪,ツミ,ツミ
が	助詞,格助詞,一般,*,*,*,が,ガ,ガ
あなた	名詞,代名詞,一般,*,*,*,あなた,アナタ,アナタ
方	名詞,接尾,一般,*,*,*,方,カタ,カタ
の	助詞,連体化,*,*,*,*,の,ノ,ノ
すべて	名詞,副詞可能,*,*,*,*,すべて,スベテ,スベテ
の	助詞,連体化,*,*,*,*,の,ノ,ノ
行ない	動詞,自立,*,*,五段・ワ行促音便,連用形,行なう,オコナイ,オコナイ
に	助詞,格助詞,一般,*,*,*,に,ニ,ニ
したがっ	動詞,自立,*,*,五段・ワ行促音便,連用タ接続,したがう,シタガッ,シタガッ
て	助詞,接続助詞,*,*,*,*,て,テ,テ
見	動詞,自立,*,*,一段,未然形,見る,ミ,ミ
られる	動詞,接尾,*,*,一段,基本形,られる,ラレル,ラレル
よう	名詞,非自立,助動詞語幹,*,*,*,よう,ヨウ,ヨー
に	助詞,格助詞,一般,*,*,*,に,ニ,ニ
なる	動詞,自立,*,*,五段・ラ行,基本形,なる,ナル,ナル
ため	名詞,非自立,副詞可能,*,*,*,ため,タメ,タメ
な	助動詞,*,*,*,特殊・ダ,体言接続,だ,ナ,ナ
の	名詞,非自立,一般,*,*,*,の,ノ,ノ
で	助動詞,*,*,*,特殊・ダ,連用形,だ,デ,デ
ある	助動詞,*,*,*,五段・ラ行アル,基本形,ある,アル,アル
が	助詞,接続助詞,*,*,*,*,が,ガ,ガ
，	記号,読点,*,*,*,*,，,，,，
あなた	名詞,代名詞,一般,*,*,*,あなた,アナタ,アナタ
方	名詞,接尾,一般,*,*,*,方,カタ,カタ
が	助詞,格助詞,一般,*,*,*,が,ガ,ガ
思い出さ	動詞,自立,*,*,五段・サ行,未然形,思い出す,オモイダサ,オモイダサ
れる	動詞,接尾,*,*,一段,基本形,れる,レル,レル
ので	助詞,接続助詞,*,*,*,*,ので,ノデ,ノデ
，	記号,読点,*,*,*,*,，,，,，
あなた	名詞,代名詞,一般,*,*,*,あなた,アナタ,アナタ
方	名詞,接尾,一般,*,*,*,方,カタ,カタ
は	助詞,係助詞,*,*,*,*,は,ハ,ワ
まさに	副詞,一般,*,*,*,*,まさに,マサニ,マサニ
手	名詞,一般,*,*,*,*,手,テ,テ
によって	助詞,格助詞,連語,*,*,*,によって,ニヨッテ,ニヨッテ
捕らえ	動詞,自立,*,*,一段,未然形,捕らえる,トラエ,トラエ
られる	動詞,接尾,*,*,一段,基本形,られる,ラレル,ラレル
』	記号,括弧閉,*,*,*,*,』,』,』
。	記号,句点,*,*,*,*,。,。,。
「	記号,括弧開,*,*,*,*,「,「,「
そして	接続詞,*,*,*,*,*,そして,ソシテ,ソシテ
，	記号,読点,*,*,*,*,，,，,，
致命	名詞,一般,*,*,*,*,致命,チメイ,チメイ
的	名詞,接尾,形容動詞語幹,*,*,*,的,テキ,テキ
な	助動詞,*,*,*,特殊・ダ,体言接続,だ,ナ,ナ
傷	名詞,一般,*,*,*,*,傷,キズ,キズ
を	助詞,格助詞,一般,*,*,*,を,ヲ,ヲ
負っ	動詞,自立,*,*,五段・ワ行促音便,連用タ接続,負う,オッ,オッ
た	助動詞,*,*,*,特殊・タ,基本形,た,タ,タ
イスラエル	名詞,固有名詞,地域,国,*,*,イスラエル,イスラエル,イスラエル
の	助詞,連体化,*,*,*,*,の,ノ,ノ
邪悪	名詞,形容動詞語幹,*,*,*,*,邪悪,ジャアク,ジャアク
な	助動詞,*,*,*,特殊・ダ,体言接続,だ,ナ,ナ
長	形容詞,自立,*,*,形容詞・アウオ段,ガル接続,長い,ナガ,ナガ
よ	助詞,終助詞,*,*,*,*,よ,ヨ,ヨ
，	記号,読点,*,*,*,*,，,，,，
その	連体詞,*,*,*,*,*,その,ソノ,ソノ
日	名詞,非自立,副詞可能,*,*,*,日,ヒ,ヒ
が	助詞,格助詞,一般,*,*,*,が,ガ,ガ
終わり	動詞,自立,*,*,五段・ラ行,連用形,終わる,オワリ,オワリ
の	名詞,非自立,一般,*,*,*,の,ノ,ノ
と	助詞,並立助詞,*,*,*,*,と,ト,ト
が	助詞,格助詞,一般,*,*,*,が,ガ,ガ
の	助詞,連体化,*,*,*,*,の,ノ,ノ
時	名詞,非自立,副詞可能,*,*,*,時,トキ,トキ
に	助詞,格助詞,一般,*,*,*,に,ニ,ニ
来	動詞,自立,*,*,カ変・来ル,連用形,来る,キ,キ
た	助動詞,*,*,*,特殊・タ,基本形,た,タ,タ
あなた	名詞,代名詞,一般,*,*,*,あなた,アナタ,アナタ
について	助詞,格助詞,連語,*,*,*,について,ニツイテ,ニツイテ
，	記号,読点,*,*,*,*,，,，,，
主権	名詞,一般,*,*,*,*,主権,シュケン,シュケン
者	名詞,接尾,一般,*,*,*,者,シャ,シャ
なる	助動詞,*,*,*,文語・ナリ,体言接続,なり,ナル,ナル
主	接頭詞,名詞接続,*,*,*,*,主,シュ,シュ
エホバ	名詞,一般,*,*,*,*,エホバ,エホバ,エホバ
は	助詞,係助詞,*,*,*,*,は,ハ,ワ
この	連体詞,*,*,*,*,*,この,コノ,コノ
よう	名詞,非自立,助動詞語幹,*,*,*,よう,ヨウ,ヨー
に	助詞,副詞化,*,*,*,*,に,ニ,ニ
言わ	動詞,自立,*,*,五段・ワ行促音便,未然形,言う,イワ,イワ
れ	動詞,接尾,*,*,一段,連用形,れる,レ,レ
た	助動詞,*,*,*,特殊・タ,基本形,た,タ,タ
。	記号,句点,*,*,*,*,。,。,。
『	記号,括弧開,*,*,*,*,『,『,『
ターバン	名詞,一般,*,*,*,*,ターバン,ターバン,ターバン
を	助詞,格助詞,一般,*,*,*,を,ヲ,ヲ
取り除き	動詞,自立,*,*,五段・カ行イ音便,連用形,取り除く,トリノゾキ,トリノゾキ
，	記号,読点,*,*,*,*,，,，,，
冠	名詞,一般,*,*,*,*,冠,カンムリ,カンムリ
を	助詞,格助詞,一般,*,*,*,を,ヲ,ヲ
取り外せ	動詞,自立,*,*,五段・サ行,命令ｅ,取り外す,トリハズセ,トリハズセ
。	記号,句点,*,*,*,*,。,。,。
これ	名詞,代名詞,一般,*,*,*,これ,コレ,コレ
は	助詞,係助詞,*,*,*,*,は,ハ,ワ
同じ	連体詞,*,*,*,*,*,同じ,オナジ,オナジ
で	助動詞,*,*,*,特殊・ダ,連用形,だ,デ,デ
は	助詞,係助詞,*,*,*,*,は,ハ,ワ
なく	助動詞,*,*,*,特殊・ナイ,連用テ接続,ない,ナク,ナク
なる	動詞,自立,*,*,五段・ラ行,基本形,なる,ナル,ナル
で	助動詞,*,*,*,特殊・ダ,連用形,だ,デ,デ
あろ	助動詞,*,*,*,五段・ラ行アル,未然ウ接続,ある,アロ,アロ
う	助動詞,*,*,*,不変化型,基本形,う,ウ,ウ
。	記号,句点,*,*,*,*,。,。,。
低い	形容詞,自立,*,*,形容詞・アウオ段,基本形,低い,ヒクイ,ヒクイ
もの	名詞,非自立,一般,*,*,*,もの,モノ,モノ
を	助詞,格助詞,一般,*,*,*,を,ヲ,ヲ
高く	形容詞,自立,*,*,形容詞・アウオ段,連用テ接続,高い,タカク,タカク
し	動詞,自立,*,*,サ変・スル,連用形,する,シ,シ
，	記号,読点,*,*,*,*,，,，,，
高い	形容詞,自立,*,*,形容詞・アウオ段,基本形,高い,タカイ,タカイ
者	名詞,非自立,一般,*,*,*,者,モノ,モノ
を	助詞,格助詞,一般,*,*,*,を,ヲ,ヲ
低く	形容詞,自立,*,*,形容詞・アウオ段,連用テ接続,低い,ヒクク,ヒクク
せよ	動詞,自立,*,*,サ変・スル,命令ｙｏ,する,セヨ,セヨ
。	記号,句点,*,*,*,*,。,。,。
わたし	名詞,代名詞,一般,*,*,*,わたし,ワタシ,ワタシ
は	助詞,係助詞,*,*,*,*,は,ハ,ワ
それ	名詞,代名詞,一般,*,*,*,それ,ソレ,ソレ
を	助詞,格助詞,一般,*,*,*,を,ヲ,ヲ
破滅	名詞,サ変接続,*,*,*,*,破滅,ハメツ,ハメツ
，	記号,読点,*,*,*,*,，,，,，
破滅	名詞,サ変接続,*,*,*,*,破滅,ハメツ,ハメツ
，	記号,読点,*,*,*,*,，,，,，
破滅	名詞,サ変接続,*,*,*,*,破滅,ハメツ,ハメツ
と	助詞,格助詞,一般,*,*,*,と,ト,ト
する	動詞,自立,*,*,サ変・スル,基本形,する,スル,スル
。	記号,句点,*,*,*,*,。,。,。
これ	名詞,代名詞,一般,*,*,*,これ,コレ,コレ
について	助詞,格助詞,連語,*,*,*,について,ニツイテ,ニツイテ
も	助詞,係助詞,*,*,*,*,も,モ,モ
また	接続詞,*,*,*,*,*,また,マタ,マタ
，	記号,読点,*,*,*,*,，,，,，
それ	名詞,代名詞,一般,*,*,*,それ,ソレ,ソレ
は	助詞,係助詞,*,*,*,*,は,ハ,ワ
法的	名詞,形容動詞語幹,*,*,*,*,法的,ホウテキ,ホーテキ
権利	名詞,一般,*,*,*,*,権利,ケンリ,ケンリ
を	助詞,格助詞,一般,*,*,*,を,ヲ,ヲ
持つ	動詞,自立,*,*,五段・タ行,基本形,持つ,モツ,モツ
者	名詞,非自立,一般,*,*,*,者,モノ,モノ
が	助詞,格助詞,一般,*,*,*,が,ガ,ガ
来る	動詞,自立,*,*,カ変・来ル,基本形,来る,クル,クル
まで	助詞,副助詞,*,*,*,*,まで,マデ,マデ
，	記号,読点,*,*,*,*,，,，,，
決して	副詞,一般,*,*,*,*,決して,ケッシテ,ケッシテ
[	名詞,サ変接続,*,*,*,*,*
だれ	名詞,代名詞,一般,*,*,*,だれ,ダレ,ダレ
の	助詞,連体化,*,*,*,*,の,ノ,ノ
もの	名詞,非自立,一般,*,*,*,もの,モノ,モノ
に	助詞,格助詞,一般,*,*,*,に,ニ,ニ
も	助詞,係助詞,*,*,*,*,も,モ,モ
]	名詞,サ変接続,*,*,*,*,*
なら	動詞,自立,*,*,五段・ラ行,未然形,なる,ナラ,ナラ
ない	助動詞,*,*,*,特殊・ナイ,基本形,ない,ナイ,ナイ
。	記号,句点,*,*,*,*,。,。,。
わたし	名詞,代名詞,一般,*,*,*,わたし,ワタシ,ワタシ
は	助詞,係助詞,*,*,*,*,は,ハ,ワ
その	連体詞,*,*,*,*,*,その,ソノ,ソノ
者	名詞,非自立,一般,*,*,*,者,モノ,モノ
に	助詞,格助詞,一般,*,*,*,に,ニ,ニ
[	名詞,サ変接続,*,*,*,*,*
これ	名詞,代名詞,一般,*,*,*,これ,コレ,コレ
を	助詞,格助詞,一般,*,*,*,を,ヲ,ヲ
]	名詞,サ変接続,*,*,*,*,*
必ず	副詞,助詞類接続,*,*,*,*,必ず,カナラズ,カナラズ
与える	動詞,自立,*,*,一段,基本形,与える,アタエル,アタエル
』	記号,括弧閉,*,*,*,*,』,』,』
。	記号,句点,*,*,*,*,。,。,。
「	記号,括弧開,*,*,*,*,「,「,「
そして	接続詞,*,*,*,*,*,そして,ソシテ,ソシテ
，	名詞,数,*,*,*,*,，,，,，
人	名詞,接尾,助数詞,*,*,*,人,ニン,ニン
の	助詞,連体化,*,*,*,*,の,ノ,ノ
子	名詞,一般,*,*,*,*,子,コ,コ
よ	助詞,終助詞,*,*,*,*,よ,ヨ,ヨ
，	記号,読点,*,*,*,*,，,，,，
あなた	名詞,代名詞,一般,*,*,*,あなた,アナタ,アナタ
は	助詞,係助詞,*,*,*,*,は,ハ,ワ
預言	名詞,サ変接続,*,*,*,*,預言,ヨゲン,ヨゲン
せよ	動詞,自立,*,*,サ変・スル,命令ｙｏ,する,セヨ,セヨ
。	記号,句点,*,*,*,*,。,。,。
あなた	名詞,代名詞,一般,*,*,*,あなた,アナタ,アナタ
は	助詞,係助詞,*,*,*,*,は,ハ,ワ
言わ	動詞,自立,*,*,五段・ワ行促音便,未然形,言う,イワ,イワ
なけれ	助動詞,*,*,*,特殊・ナイ,仮定形,ない,ナケレ,ナケレ
ば	助詞,接続助詞,*,*,*,*,ば,バ,バ
なら	動詞,非自立,*,*,五段・ラ行,未然形,なる,ナラ,ナラ
ない	助動詞,*,*,*,特殊・ナイ,基本形,ない,ナイ,ナイ
，	記号,読点,*,*,*,*,，,，,，
『	記号,括弧開,*,*,*,*,『,『,『
主権	名詞,一般,*,*,*,*,主権,シュケン,シュケン
者	名詞,接尾,一般,*,*,*,者,シャ,シャ
なる	助動詞,*,*,*,文語・ナリ,体言接続,なり,ナル,ナル
主	接頭詞,名詞接続,*,*,*,*,主,シュ,シュ
エホバ	名詞,一般,*,*,*,*,エホバ,エホバ,エホバ
は	助詞,係助詞,*,*,*,*,は,ハ,ワ
，	記号,読点,*,*,*,*,，,，,，
アンモン	名詞,一般,*,*,*,*,*
の	助詞,連体化,*,*,*,*,の,ノ,ノ
子	名詞,一般,*,*,*,*,子,コ,コ
ら	名詞,接尾,一般,*,*,*,ら,ラ,ラ
と	助詞,並立助詞,*,*,*,*,と,ト,ト
彼ら	名詞,代名詞,一般,*,*,*,彼ら,カレラ,カレラ
から	助詞,格助詞,一般,*,*,*,から,カラ,カラ
の	助詞,連体化,*,*,*,*,の,ノ,ノ
そしり	動詞,自立,*,*,五段・ラ行,連用形,そしる,ソシリ,ソシリ
と	動詞,非自立,*,*,五段・ラ行,体言接続特殊２,とる,ト,ト
に関して	助詞,格助詞,連語,*,*,*,に関して,ニカンシテ,ニカンシテ
この	連体詞,*,*,*,*,*,この,コノ,コノ
よう	名詞,非自立,助動詞語幹,*,*,*,よう,ヨウ,ヨー
に	助詞,副詞化,*,*,*,*,に,ニ,ニ
言わ	動詞,自立,*,*,五段・ワ行促音便,未然形,言う,イワ,イワ
れ	動詞,接尾,*,*,一段,連用形,れる,レ,レ
た	助動詞,*,*,*,特殊・タ,基本形,た,タ,タ
』	記号,括弧閉,*,*,*,*,』,』,』
。	記号,句点,*,*,*,*,。,。,。
そして	接続詞,*,*,*,*,*,そして,ソシテ,ソシテ
，	記号,読点,*,*,*,*,，,，,，
あなた	名詞,代名詞,一般,*,*,*,あなた,アナタ,アナタ
は	助詞,係助詞,*,*,*,*,は,ハ,ワ
言わ	動詞,自立,*,*,五段・ワ行促音便,未然形,言う,イワ,イワ
なけれ	助動詞,*,*,*,特殊・ナイ,仮定形,ない,ナケレ,ナケレ
ば	助詞,接続助詞,*,*,*,*,ば,バ,バ
なら	動詞,非自立,*,*,五段・ラ行,未然形,なる,ナラ,ナラ
ない	助動詞,*,*,*,特殊・ナイ,基本形,ない,ナイ,ナイ
，	記号,読点,*,*,*,*,，,，,，
『	記号,括弧開,*,*,*,*,『,『,『
剣	名詞,一般,*,*,*,*,剣,ケン,ケン
，	記号,読点,*,*,*,*,，,，,，
剣	名詞,一般,*,*,*,*,剣,ケン,ケン
，[	名詞,サ変接続,*,*,*,*,*
それ	名詞,代名詞,一般,*,*,*,それ,ソレ,ソレ
は	助詞,係助詞,*,*,*,*,は,ハ,ワ
]	名詞,サ変接続,*,*,*,*,*
殺りく	名詞,サ変接続,*,*,*,*,殺りく,サツリク,サツリク
の	助詞,連体化,*,*,*,*,の,ノ,ノ
ため	名詞,非自立,副詞可能,*,*,*,ため,タメ,タメ
に	助詞,格助詞,一般,*,*,*,に,ニ,ニ
抜か	動詞,自立,*,*,五段・カ行イ音便,未然形,抜く,ヌカ,ヌカ
れ	動詞,接尾,*,*,一段,連用形,れる,レ,レ
，	記号,読点,*,*,*,*,，,，,，
むさぼり	動詞,自立,*,*,五段・ラ行,連用形,むさぼる,ムサボリ,ムサボリ
食う	動詞,自立,*,*,五段・ワ行促音便,基本形,食う,クウ,クウ
よう	名詞,非自立,助動詞語幹,*,*,*,よう,ヨウ,ヨー
に	助詞,格助詞,一般,*,*,*,に,ニ,ニ
なる	動詞,自立,*,*,五段・ラ行,基本形,なる,ナル,ナル
ため	名詞,非自立,副詞可能,*,*,*,ため,タメ,タメ
，	記号,読点,*,*,*,*,，,，,，
きらめく	動詞,自立,*,*,五段・カ行イ音便,基本形,きらめく,キラメク,キラメク
よう	名詞,非自立,助動詞語幹,*,*,*,よう,ヨウ,ヨー
に	助詞,副詞化,*,*,*,*,に,ニ,ニ
磨か	動詞,自立,*,*,五段・カ行イ音便,未然形,磨く,ミガカ,ミガカ
れ	動詞,接尾,*,*,一段,連用形,れる,レ,レ
た	助動詞,*,*,*,特殊・タ,基本形,た,タ,タ
。	記号,句点,*,*,*,*,。,。,。
[	名詞,サ変接続,*,*,*,*,*
彼ら	名詞,代名詞,一般,*,*,*,彼ら,カレラ,カレラ
が	助詞,格助詞,一般,*,*,*,が,ガ,ガ
]	名詞,サ変接続,*,*,*,*,*
あなた	名詞,代名詞,一般,*,*,*,あなた,アナタ,アナタ
の	助詞,連体化,*,*,*,*,の,ノ,ノ
ため	名詞,非自立,副詞可能,*,*,*,ため,タメ,タメ
に	助詞,格助詞,一般,*,*,*,に,ニ,ニ
実在	名詞,サ変接続,*,*,*,*,実在,ジツザイ,ジツザイ
し	動詞,自立,*,*,サ変・スル,未然形,する,シ,シ
ない	助動詞,*,*,*,特殊・ナイ,基本形,ない,ナイ,ナイ
もの	名詞,非自立,一般,*,*,*,もの,モノ,モノ
を	助詞,格助詞,一般,*,*,*,を,ヲ,ヲ
見	動詞,自立,*,*,一段,連用形,見る,ミ,ミ
，	記号,読点,*,*,*,*,，,，,，
あなた	名詞,代名詞,一般,*,*,*,あなた,アナタ,アナタ
の	助詞,連体化,*,*,*,*,の,ノ,ノ
ため	名詞,非自立,副詞可能,*,*,*,ため,タメ,タメ
に	助詞,格助詞,一般,*,*,*,に,ニ,ニ
偽り	名詞,一般,*,*,*,*,偽り,イツワリ,イツワリ
を	助詞,格助詞,一般,*,*,*,を,ヲ,ヲ
占っ	動詞,自立,*,*,五段・ワ行促音便,連用タ接続,占う,ウラナッ,ウラナッ
て	助詞,接続助詞,*,*,*,*,て,テ,テ
いる	動詞,非自立,*,*,一段,基本形,いる,イル,イル
から	助詞,接続助詞,*,*,*,*,から,カラ,カラ
で	助動詞,*,*,*,特殊・ダ,連用形,だ,デ,デ
ある	助動詞,*,*,*,五段・ラ行アル,基本形,ある,アル,アル
。	記号,句点,*,*,*,*,。,。,。
つまり	接続詞,*,*,*,*,*,つまり,ツマリ,ツマリ
，	記号,読点,*,*,*,*,，,，,，
打ち殺さ	動詞,自立,*,*,五段・サ行,未然形,打ち殺す,ウチコロサ,ウチコロサ
れ	動詞,接尾,*,*,一段,連用形,れる,レ,レ
た	助動詞,*,*,*,特殊・タ,基本形,た,タ,タ
者	名詞,一般,*,*,*,*,者,モノ,モノ
たち	名詞,接尾,一般,*,*,*,たち,タチ,タチ
，	記号,読点,*,*,*,*,，,，,，
すなわち	接続詞,*,*,*,*,*,すなわち,スナワチ,スナワチ
その	連体詞,*,*,*,*,*,その,ソノ,ソノ
日	名詞,非自立,副詞可能,*,*,*,日,ヒ,ヒ
が	助詞,格助詞,一般,*,*,*,が,ガ,ガ
終わり	動詞,自立,*,*,五段・ラ行,連用形,終わる,オワリ,オワリ
の	名詞,非自立,一般,*,*,*,の,ノ,ノ
と	助詞,並立助詞,*,*,*,*,と,ト,ト
が	助詞,格助詞,一般,*,*,*,が,ガ,ガ
の	助詞,連体化,*,*,*,*,の,ノ,ノ
時	名詞,非自立,副詞可能,*,*,*,時,トキ,トキ
に	助詞,格助詞,一般,*,*,*,に,ニ,ニ
来	動詞,自立,*,*,カ変・来ル,連用形,来る,キ,キ
た	助動詞,*,*,*,特殊・タ,基本形,た,タ,タ
邪悪	名詞,形容動詞語幹,*,*,*,*,邪悪,ジャアク,ジャアク
な	助動詞,*,*,*,特殊・ダ,体言接続,だ,ナ,ナ
者	名詞,一般,*,*,*,*,者,モノ,モノ
たち	名詞,接尾,一般,*,*,*,たち,タチ,タチ
の	助詞,連体化,*,*,*,*,の,ノ,ノ
首	名詞,一般,*,*,*,*,首,クビ,クビ
の	助詞,連体化,*,*,*,*,の,ノ,ノ
上	名詞,非自立,副詞可能,*,*,*,上,ウエ,ウエ
に	助詞,格助詞,一般,*,*,*,に,ニ,ニ
あなた	名詞,代名詞,一般,*,*,*,あなた,アナタ,アナタ
を	助詞,格助詞,一般,*,*,*,を,ヲ,ヲ
置く	動詞,自立,*,*,五段・カ行イ音便,基本形,置く,オク,オク
ため	名詞,非自立,副詞可能,*,*,*,ため,タメ,タメ
で	助動詞,*,*,*,特殊・ダ,連用形,だ,デ,デ
ある	助動詞,*,*,*,五段・ラ行アル,基本形,ある,アル,アル
。	記号,句点,*,*,*,*,。,。,。
[	名詞,サ変接続,*,*,*,*,*
それ	名詞,代名詞,一般,*,*,*,それ,ソレ,ソレ
を	助詞,格助詞,一般,*,*,*,を,ヲ,ヲ
]	名詞,サ変接続,*,*,*,*,*
さや	名詞,一般,*,*,*,*,さや,サヤ,サヤ
に	助詞,格助詞,一般,*,*,*,に,ニ,ニ
戻せ	動詞,自立,*,*,五段・サ行,命令ｅ,戻す,モドセ,モドセ
。	記号,句点,*,*,*,*,。,。,。
あなた	名詞,代名詞,一般,*,*,*,あなた,アナタ,アナタ
の	助詞,連体化,*,*,*,*,の,ノ,ノ
創造	名詞,サ変接続,*,*,*,*,創造,ソウゾウ,ソーゾー
さ	動詞,自立,*,*,サ変・スル,未然レル接続,する,サ,サ
れ	動詞,接尾,*,*,一段,連用形,れる,レ,レ
た	助動詞,*,*,*,特殊・タ,基本形,た,タ,タ
場所	名詞,一般,*,*,*,*,場所,バショ,バショ
，	記号,読点,*,*,*,*,，,，,，
あなた	名詞,代名詞,一般,*,*,*,あなた,アナタ,アナタ
の	助詞,連体化,*,*,*,*,の,ノ,ノ
出身	名詞,一般,*,*,*,*,出身,シュッシン,シュッシン
の	助詞,連体化,*,*,*,*,の,ノ,ノ
地	名詞,一般,*,*,*,*,地,チ,チ
で	助詞,格助詞,一般,*,*,*,で,デ,デ
わたし	名詞,代名詞,一般,*,*,*,わたし,ワタシ,ワタシ
は	助詞,係助詞,*,*,*,*,は,ハ,ワ
あなた	名詞,代名詞,一般,*,*,*,あなた,アナタ,アナタ
を	助詞,格助詞,一般,*,*,*,を,ヲ,ヲ
裁く	動詞,自立,*,*,五段・カ行イ音便,基本形,裁く,サバク,サバク
で	助動詞,*,*,*,特殊・ダ,連用形,だ,デ,デ
あろ	助動詞,*,*,*,五段・ラ行アル,未然ウ接続,ある,アロ,アロ
う	助動詞,*,*,*,不変化型,基本形,う,ウ,ウ
。	記号,句点,*,*,*,*,。,。,。
そして	接続詞,*,*,*,*,*,そして,ソシテ,ソシテ
わたし	名詞,代名詞,一般,*,*,*,わたし,ワタシ,ワタシ
の	助詞,連体化,*,*,*,*,の,ノ,ノ
糾弾	名詞,サ変接続,*,*,*,*,糾弾,キュウダン,キューダン
を	助詞,格助詞,一般,*,*,*,を,ヲ,ヲ
あなた	名詞,代名詞,一般,*,*,*,あなた,アナタ,アナタ
の	助詞,連体化,*,*,*,*,の,ノ,ノ
上	名詞,非自立,副詞可能,*,*,*,上,ウエ,ウエ
に	助詞,格助詞,一般,*,*,*,に,ニ,ニ
注ぎ	動詞,自立,*,*,五段・ガ行,連用形,注ぐ,ソソギ,ソソギ
出す	動詞,非自立,*,*,五段・サ行,基本形,出す,ダス,ダス
。	記号,句点,*,*,*,*,。,。,。
わたし	名詞,代名詞,一般,*,*,*,わたし,ワタシ,ワタシ
の	助詞,連体化,*,*,*,*,の,ノ,ノ
憤怒	名詞,サ変接続,*,*,*,*,憤怒,フンド,フンド
の	助詞,連体化,*,*,*,*,の,ノ,ノ
火	名詞,一般,*,*,*,*,火,ヒ,ヒ
を	助詞,格助詞,一般,*,*,*,を,ヲ,ヲ
もっ	動詞,自立,*,*,五段・タ行,連用タ接続,もつ,モッ,モッ
て	助詞,接続助詞,*,*,*,*,て,テ,テ
，	記号,読点,*,*,*,*,，,，,，
わたし	名詞,代名詞,一般,*,*,*,わたし,ワタシ,ワタシ
は	助詞,係助詞,*,*,*,*,は,ハ,ワ
あなた	名詞,代名詞,一般,*,*,*,あなた,アナタ,アナタ
に	助詞,格助詞,一般,*,*,*,に,ニ,ニ
吹き	動詞,自立,*,*,五段・カ行イ音便,連用形,吹く,フキ,フキ
つけ	動詞,非自立,*,*,一段,連用形,つける,ツケ,ツケ
，	記号,読点,*,*,*,*,，,，,，
道理	名詞,一般,*,*,*,*,道理,ドウリ,ドーリ
を	助詞,格助詞,一般,*,*,*,を,ヲ,ヲ
わきまえ	動詞,自立,*,*,一段,未然形,わきまえる,ワキマエ,ワキマエ
ない	助動詞,*,*,*,特殊・ナイ,基本形,ない,ナイ,ナイ
者	名詞,非自立,一般,*,*,*,者,モノ,モノ
たち	動詞,自立,*,*,五段・タ行,連用形,たつ,タチ,タチ
，	記号,読点,*,*,*,*,，,，,，
滅ぼす	動詞,自立,*,*,五段・サ行,基本形,滅ぼす,ホロボス,ホロボス
こと	名詞,非自立,一般,*,*,*,こと,コト,コト
に	助詞,格助詞,一般,*,*,*,に,ニ,ニ
巧み	名詞,形容動詞語幹,*,*,*,*,巧み,タクミ,タクミ
な	助動詞,*,*,*,特殊・ダ,体言接続,だ,ナ,ナ
者	名詞,一般,*,*,*,*,者,モノ,モノ
たち	名詞,接尾,一般,*,*,*,たち,タチ,タチ
の	助詞,連体化,*,*,*,*,の,ノ,ノ
手	名詞,一般,*,*,*,*,手,テ,テ
に	助詞,格助詞,一般,*,*,*,に,ニ,ニ
あなた	名詞,代名詞,一般,*,*,*,あなた,アナタ,アナタ
を	助詞,格助詞,一般,*,*,*,を,ヲ,ヲ
渡す	動詞,自立,*,*,五段・サ行,基本形,渡す,ワタス,ワタス
。	記号,句点,*,*,*,*,。,。,。
あなた	名詞,代名詞,一般,*,*,*,あなた,アナタ,アナタ
は	助詞,係助詞,*,*,*,*,は,ハ,ワ
火	名詞,一般,*,*,*,*,火,ヒ,ヒ
の	助詞,連体化,*,*,*,*,の,ノ,ノ
ため	名詞,非自立,副詞可能,*,*,*,ため,タメ,タメ
の	助詞,連体化,*,*,*,*,の,ノ,ノ
燃料	名詞,一般,*,*,*,*,燃料,ネンリョウ,ネンリョー
と	助詞,格助詞,一般,*,*,*,と,ト,ト
なる	動詞,自立,*,*,五段・ラ行,基本形,なる,ナル,ナル
。	記号,句点,*,*,*,*,。,。,。
あなた	名詞,代名詞,一般,*,*,*,あなた,アナタ,アナタ
の	助詞,連体化,*,*,*,*,の,ノ,ノ
血	名詞,一般,*,*,*,*,血,チ,チ
は	助詞,係助詞,*,*,*,*,は,ハ,ワ
その	連体詞,*,*,*,*,*,その,ソノ,ソノ
地	名詞,一般,*,*,*,*,地,チ,チ
の	助詞,連体化,*,*,*,*,の,ノ,ノ
中	名詞,非自立,副詞可能,*,*,*,中,ナカ,ナカ
に	助詞,格助詞,一般,*,*,*,に,ニ,ニ
ある	動詞,自立,*,*,五段・ラ行,基本形,ある,アル,アル
こと	名詞,非自立,一般,*,*,*,こと,コト,コト
に	助詞,格助詞,一般,*,*,*,に,ニ,ニ
なる	動詞,自立,*,*,五段・ラ行,基本形,なる,ナル,ナル
。	記号,句点,*,*,*,*,。,。,。
あなた	名詞,代名詞,一般,*,*,*,あなた,アナタ,アナタ
が	助詞,格助詞,一般,*,*,*,が,ガ,ガ
思い出さ	動詞,自立,*,*,五段・サ行,未然形,思い出す,オモイダサ,オモイダサ
れる	動詞,接尾,*,*,一段,基本形,れる,レル,レル
こと	名詞,非自立,一般,*,*,*,こと,コト,コト
は	助詞,係助詞,*,*,*,*,は,ハ,ワ
ない	助動詞,*,*,*,特殊・ナイ,基本形,ない,ナイ,ナイ
。	記号,句点,*,*,*,*,。,。,。
わたし	名詞,代名詞,一般,*,*,*,わたし,ワタシ,ワタシ
が	助詞,格助詞,一般,*,*,*,が,ガ,ガ
，	記号,読点,*,*,*,*,，,，,，
エホバ	名詞,一般,*,*,*,*,エホバ,エホバ,エホバ
が	助詞,格助詞,一般,*,*,*,が,ガ,ガ
語っ	動詞,自立,*,*,五段・ラ行,連用タ接続,語る,カタッ,カタッ
た	助動詞,*,*,*,特殊・タ,基本形,た,タ,タ
から	助詞,接続助詞,*,*,*,*,から,カラ,カラ
で	助動詞,*,*,*,特殊・ダ,連用形,だ,デ,デ
ある	助動詞,*,*,*,五段・ラ行アル,基本形,ある,アル,アル
』	記号,括弧閉,*,*,*,*,』,』,』
」	記号,括弧閉,*,*,*,*,」,」,」
。	記号,句点,*,*,*,*,。,。,。
EOS
