また	接続詞,*,*,*,*,*,また,マタ,マタ
，	記号,読点,*,*,*,*,，,，,，
エホバ	名詞,一般,*,*,*,*,エホバ,エホバ,エホバ
の	助詞,連体化,*,*,*,*,の,ノ,ノ
言葉	名詞,一般,*,*,*,*,言葉,コトバ,コトバ
が	助詞,格助詞,一般,*,*,*,が,ガ,ガ
わたし	名詞,代名詞,一般,*,*,*,わたし,ワタシ,ワタシ
に	助詞,格助詞,一般,*,*,*,に,ニ,ニ
臨ん	動詞,自立,*,*,五段・マ行,連用タ接続,臨む,ノゾン,ノゾン
で	助詞,接続助詞,*,*,*,*,で,デ,デ
言っ	動詞,自立,*,*,五段・ワ行促音便,連用タ接続,言う,イッ,イッ
た	助動詞,*,*,*,特殊・タ,基本形,た,タ,タ
，	記号,読点,*,*,*,*,，,，,，
「	記号,括弧開,*,*,*,*,「,「,「
人	名詞,一般,*,*,*,*,人,ヒト,ヒト
の	助詞,連体化,*,*,*,*,の,ノ,ノ
子	名詞,一般,*,*,*,*,子,コ,コ
よ	助詞,終助詞,*,*,*,*,よ,ヨ,ヨ
，	記号,読点,*,*,*,*,，,，,，
ここ	名詞,代名詞,一般,*,*,*,ここ,ココ,ココ
に	助詞,格助詞,一般,*,*,*,に,ニ,ニ
二	名詞,数,*,*,*,*,二,ニ,ニ
人	名詞,接尾,助数詞,*,*,*,人,ニン,ニン
の	助詞,連体化,*,*,*,*,の,ノ,ノ
女	名詞,一般,*,*,*,*,女,オンナ,オンナ
が	助詞,格助詞,一般,*,*,*,が,ガ,ガ
い	動詞,自立,*,*,一段,連用形,いる,イ,イ
た	助動詞,*,*,*,特殊・タ,基本形,た,タ,タ
。	記号,句点,*,*,*,*,。,。,。
一	名詞,数,*,*,*,*,一,イチ,イチ
人	名詞,接尾,助数詞,*,*,*,人,ニン,ニン
の	助詞,連体化,*,*,*,*,の,ノ,ノ
母	名詞,一般,*,*,*,*,母,ハハ,ハハ
の	助詞,連体化,*,*,*,*,の,ノ,ノ
娘	名詞,一般,*,*,*,*,娘,ムスメ,ムスメ
たち	名詞,接尾,一般,*,*,*,たち,タチ,タチ
で	助動詞,*,*,*,特殊・ダ,連用形,だ,デ,デ
あっ	助動詞,*,*,*,五段・ラ行アル,連用タ接続,ある,アッ,アッ
た	助動詞,*,*,*,特殊・タ,基本形,た,タ,タ
。	記号,句点,*,*,*,*,。,。,。
そして	接続詞,*,*,*,*,*,そして,ソシテ,ソシテ
，	記号,読点,*,*,*,*,，,，,，
彼女	名詞,代名詞,一般,*,*,*,彼女,カノジョ,カノジョ
たち	名詞,接尾,一般,*,*,*,たち,タチ,タチ
は	助詞,係助詞,*,*,*,*,は,ハ,ワ
エジプト	名詞,固有名詞,地域,国,*,*,エジプト,エジプト,エジプト
で	助詞,格助詞,一般,*,*,*,で,デ,デ
売春	名詞,サ変接続,*,*,*,*,売春,バイシュン,バイシュン
を	助詞,格助詞,一般,*,*,*,を,ヲ,ヲ
する	動詞,自立,*,*,サ変・スル,基本形,する,スル,スル
よう	名詞,非自立,助動詞語幹,*,*,*,よう,ヨウ,ヨー
に	助詞,格助詞,一般,*,*,*,に,ニ,ニ
なっ	動詞,自立,*,*,五段・ラ行,連用タ接続,なる,ナッ,ナッ
た	助動詞,*,*,*,特殊・タ,基本形,た,タ,タ
。	記号,句点,*,*,*,*,。,。,。
彼女	名詞,代名詞,一般,*,*,*,彼女,カノジョ,カノジョ
たち	名詞,接尾,一般,*,*,*,たち,タチ,タチ
は	助詞,係助詞,*,*,*,*,は,ハ,ワ
その	連体詞,*,*,*,*,*,その,ソノ,ソノ
若い	形容詞,自立,*,*,形容詞・アウオ段,基本形,若い,ワカイ,ワカイ
時	名詞,非自立,副詞可能,*,*,*,時,トキ,トキ
に	助詞,格助詞,一般,*,*,*,に,ニ,ニ
売春	名詞,サ変接続,*,*,*,*,売春,バイシュン,バイシュン
を	助詞,格助詞,一般,*,*,*,を,ヲ,ヲ
行なっ	動詞,自立,*,*,五段・ワ行促音便,連用タ接続,行なう,オコナッ,オコナッ
た	助動詞,*,*,*,特殊・タ,基本形,た,タ,タ
。	記号,句点,*,*,*,*,。,。,。
その	連体詞,*,*,*,*,*,その,ソノ,ソノ
乳房	名詞,一般,*,*,*,*,乳房,チブサ,チブサ
は	助詞,係助詞,*,*,*,*,は,ハ,ワ
そこ	名詞,代名詞,一般,*,*,*,そこ,ソコ,ソコ
で	助詞,格助詞,一般,*,*,*,で,デ,デ
握り締め	動詞,自立,*,*,一段,未然形,握り締める,ニギリシメ,ニギリシメ
られ	動詞,接尾,*,*,一段,連用形,られる,ラレ,ラレ
，	記号,読点,*,*,*,*,，,，,，
人々	名詞,一般,*,*,*,*,人々,ヒトビト,ヒトビト
は	助詞,係助詞,*,*,*,*,は,ハ,ワ
そこ	名詞,代名詞,一般,*,*,*,そこ,ソコ,ソコ
で	助詞,格助詞,一般,*,*,*,で,デ,デ
その	連体詞,*,*,*,*,*,その,ソノ,ソノ
処女	名詞,一般,*,*,*,*,処女,ショジョ,ショジョ
の	助詞,連体化,*,*,*,*,の,ノ,ノ
胸	名詞,一般,*,*,*,*,胸,ムネ,ムネ
を	助詞,格助詞,一般,*,*,*,を,ヲ,ヲ
抱き締め	動詞,自立,*,*,一段,連用形,抱き締める,ダキシメ,ダキシメ
た	助動詞,*,*,*,特殊・タ,基本形,た,タ,タ
。	記号,句点,*,*,*,*,。,。,。
そして	接続詞,*,*,*,*,*,そして,ソシテ,ソシテ
，	記号,読点,*,*,*,*,，,，,，
彼女	名詞,代名詞,一般,*,*,*,彼女,カノジョ,カノジョ
たち	名詞,接尾,一般,*,*,*,たち,タチ,タチ
の	助詞,連体化,*,*,*,*,の,ノ,ノ
名	名詞,一般,*,*,*,*,名,ナ,ナ
は	助詞,係助詞,*,*,*,*,は,ハ,ワ
年上	名詞,一般,*,*,*,*,年上,トシウエ,トシウエ
の	助詞,連体化,*,*,*,*,の,ノ,ノ
ほう	名詞,非自立,一般,*,*,*,ほう,ホウ,ホー
が	助詞,格助詞,一般,*,*,*,が,ガ,ガ
オホラ	名詞,一般,*,*,*,*,*
，	記号,読点,*,*,*,*,，,，,，
妹	名詞,一般,*,*,*,*,妹,イモウト,イモート
が	助詞,格助詞,一般,*,*,*,が,ガ,ガ
オホリバ	名詞,一般,*,*,*,*,*
で	助詞,格助詞,一般,*,*,*,で,デ,デ
，[	名詞,サ変接続,*,*,*,*,*
ふたり	名詞,一般,*,*,*,*,ふたり,フタリ,フタリ
]	名詞,サ変接続,*,*,*,*,*
は	助詞,係助詞,*,*,*,*,は,ハ,ワ
わたし	名詞,代名詞,一般,*,*,*,わたし,ワタシ,ワタシ
の	助詞,連体化,*,*,*,*,の,ノ,ノ
もの	名詞,非自立,一般,*,*,*,もの,モノ,モノ
と	助詞,格助詞,一般,*,*,*,と,ト,ト
なっ	動詞,自立,*,*,五段・ラ行,連用タ接続,なる,ナッ,ナッ
て	助詞,接続助詞,*,*,*,*,て,テ,テ
，	記号,読点,*,*,*,*,，,，,，
息子	名詞,一般,*,*,*,*,息子,ムスコ,ムスコ
や	助詞,並立助詞,*,*,*,*,や,ヤ,ヤ
娘	名詞,一般,*,*,*,*,娘,ムスメ,ムスメ
を	助詞,格助詞,一般,*,*,*,を,ヲ,ヲ
産む	動詞,自立,*,*,五段・マ行,基本形,産む,ウム,ウム
よう	名詞,非自立,助動詞語幹,*,*,*,よう,ヨウ,ヨー
に	助詞,格助詞,一般,*,*,*,に,ニ,ニ
なっ	動詞,自立,*,*,五段・ラ行,連用タ接続,なる,ナッ,ナッ
た	助動詞,*,*,*,特殊・タ,基本形,た,タ,タ
。	記号,句点,*,*,*,*,。,。,。
そして	接続詞,*,*,*,*,*,そして,ソシテ,ソシテ
，	記号,読点,*,*,*,*,，,，,，
その	連体詞,*,*,*,*,*,その,ソノ,ソノ
名	名詞,一般,*,*,*,*,名,ナ,ナ
について	助詞,格助詞,連語,*,*,*,について,ニツイテ,ニツイテ
いえ	動詞,自立,*,*,五段・ワ行促音便,仮定形,いう,イエ,イエ
ば	助詞,接続助詞,*,*,*,*,ば,バ,バ
，	記号,読点,*,*,*,*,，,，,，
オホラ	名詞,一般,*,*,*,*,*
は	助詞,係助詞,*,*,*,*,は,ハ,ワ
サマリア	名詞,一般,*,*,*,*,*
，	記号,読点,*,*,*,*,，,，,，
オホリバ	名詞,一般,*,*,*,*,*
は	助詞,係助詞,*,*,*,*,は,ハ,ワ
エルサレム	名詞,固有名詞,地域,一般,*,*,エルサレム,エルサレム,エルサレム
で	助動詞,*,*,*,特殊・ダ,連用形,だ,デ,デ
ある	助動詞,*,*,*,五段・ラ行アル,基本形,ある,アル,アル
。	記号,句点,*,*,*,*,。,。,。
「	記号,括弧開,*,*,*,*,「,「,「
そして	接続詞,*,*,*,*,*,そして,ソシテ,ソシテ
オホラ	名詞,一般,*,*,*,*,*
は	助詞,係助詞,*,*,*,*,は,ハ,ワ
，	記号,読点,*,*,*,*,，,，,，
わたし	名詞,代名詞,一般,*,*,*,わたし,ワタシ,ワタシ
に	助詞,格助詞,一般,*,*,*,に,ニ,ニ
従属	名詞,サ変接続,*,*,*,*,従属,ジュウゾク,ジューゾク
の	助詞,連体化,*,*,*,*,の,ノ,ノ
身	名詞,一般,*,*,*,*,身,ミ,ミ
で	助動詞,*,*,*,特殊・ダ,連用形,だ,デ,デ
あり	助動詞,*,*,*,五段・ラ行アル,連用形,ある,アリ,アリ
ながら	助詞,接続助詞,*,*,*,*,ながら,ナガラ,ナガラ
，	記号,読点,*,*,*,*,，,，,，
売春	名詞,サ変接続,*,*,*,*,売春,バイシュン,バイシュン
を	助詞,格助詞,一般,*,*,*,を,ヲ,ヲ
行なう	動詞,自立,*,*,五段・ワ行促音便,基本形,行なう,オコナウ,オコナウ
よう	名詞,非自立,助動詞語幹,*,*,*,よう,ヨウ,ヨー
に	助詞,格助詞,一般,*,*,*,に,ニ,ニ
なり	動詞,自立,*,*,五段・ラ行,連用形,なる,ナリ,ナリ
，	記号,読点,*,*,*,*,，,，,，
自分	名詞,一般,*,*,*,*,自分,ジブン,ジブン
を	助詞,格助詞,一般,*,*,*,を,ヲ,ヲ
熱愛	名詞,サ変接続,*,*,*,*,熱愛,ネツアイ,ネツアイ
する	動詞,自立,*,*,サ変・スル,基本形,する,スル,スル
者	名詞,非自立,一般,*,*,*,者,モノ,モノ
たち	動詞,自立,*,*,五段・タ行,連用形,たつ,タチ,タチ
，	記号,読点,*,*,*,*,，,，,，
近く	名詞,副詞可能,*,*,*,*,近く,チカク,チカク
に	助詞,格助詞,一般,*,*,*,に,ニ,ニ
い	動詞,自立,*,*,一段,連用形,いる,イ,イ
た	助動詞,*,*,*,特殊・タ,基本形,た,タ,タ
アッ	感動詞,*,*,*,*,*,アッ,アッ,アッ
シリア	名詞,固有名詞,地域,国,*,*,シリア,シリア,シリア
人	名詞,接尾,一般,*,*,*,人,ジン,ジン
に	助詞,格助詞,一般,*,*,*,に,ニ,ニ
欲情	名詞,一般,*,*,*,*,欲情,ヨクジョウ,ヨクジョー
を	助詞,格助詞,一般,*,*,*,を,ヲ,ヲ
燃やし	動詞,自立,*,*,五段・サ行,連用形,燃やす,モヤシ,モヤシ
つづけ	動詞,非自立,*,*,一段,連用形,つづける,ツヅケ,ツズケ
た	助動詞,*,*,*,特殊・タ,基本形,た,タ,タ
。	記号,句点,*,*,*,*,。,。,。
青い	形容詞,自立,*,*,形容詞・アウオ段,基本形,青い,アオイ,アオイ
生地	名詞,一般,*,*,*,*,生地,キジ,キジ
を	助詞,格助詞,一般,*,*,*,を,ヲ,ヲ
まとっ	動詞,自立,*,*,五段・ワ行促音便,連用タ接続,まとう,マトッ,マトッ
た	助動詞,*,*,*,特殊・タ,基本形,た,タ,タ
総督	名詞,一般,*,*,*,*,総督,ソウトク,ソートク
や	助詞,並立助詞,*,*,*,*,や,ヤ,ヤ
，	記号,読点,*,*,*,*,，,，,，
代理	名詞,サ変接続,*,*,*,*,代理,ダイリ,ダイリ
支配	名詞,サ変接続,*,*,*,*,支配,シハイ,シハイ
者	名詞,接尾,一般,*,*,*,者,シャ,シャ
たち	名詞,接尾,一般,*,*,*,たち,タチ,タチ
―	記号,一般,*,*,*,*,―,―,―
彼ら	名詞,代名詞,一般,*,*,*,彼ら,カレラ,カレラ
は	助詞,係助詞,*,*,*,*,は,ハ,ワ
みな	名詞,副詞可能,*,*,*,*,みな,ミナ,ミナ
好ましい	形容詞,自立,*,*,形容詞・イ段,基本形,好ましい,コノマシイ,コノマシイ
若者	名詞,一般,*,*,*,*,若者,ワカモノ,ワカモノ
で	助詞,格助詞,一般,*,*,*,で,デ,デ
，	記号,読点,*,*,*,*,，,，,，
馬	名詞,一般,*,*,*,*,馬,ウマ,ウマ
に	助詞,格助詞,一般,*,*,*,に,ニ,ニ
乗る	動詞,自立,*,*,五段・ラ行,基本形,乗る,ノル,ノル
騎兵	名詞,一般,*,*,*,*,騎兵,キヘイ,キヘイ
で	助動詞,*,*,*,特殊・ダ,連用形,だ,デ,デ
あっ	助動詞,*,*,*,五段・ラ行アル,連用タ接続,ある,アッ,アッ
た	助動詞,*,*,*,特殊・タ,基本形,た,タ,タ
。	記号,句点,*,*,*,*,。,。,。
そして	接続詞,*,*,*,*,*,そして,ソシテ,ソシテ
，	記号,読点,*,*,*,*,，,，,，
彼女	名詞,代名詞,一般,*,*,*,彼女,カノジョ,カノジョ
は	助詞,係助詞,*,*,*,*,は,ハ,ワ
自分	名詞,一般,*,*,*,*,自分,ジブン,ジブン
の	助詞,連体化,*,*,*,*,の,ノ,ノ
売春	名詞,サ変接続,*,*,*,*,売春,バイシュン,バイシュン
行為	名詞,サ変接続,*,*,*,*,行為,コウイ,コーイ
を	助詞,格助詞,一般,*,*,*,を,ヲ,ヲ
彼ら	名詞,代名詞,一般,*,*,*,彼ら,カレラ,カレラ
の	助詞,連体化,*,*,*,*,の,ノ,ノ
上	名詞,非自立,副詞可能,*,*,*,上,ウエ,ウエ
に	助詞,格助詞,一般,*,*,*,に,ニ,ニ
差し出し	動詞,自立,*,*,五段・サ行,連用形,差し出す,サシダシ,サシダシ
続け	動詞,非自立,*,*,一段,連用形,続ける,ツヅケ,ツズケ
た	助動詞,*,*,*,特殊・タ,基本形,た,タ,タ
。	記号,句点,*,*,*,*,。,。,。
それ	名詞,代名詞,一般,*,*,*,それ,ソレ,ソレ
は	助詞,係助詞,*,*,*,*,は,ハ,ワ
みな	名詞,代名詞,一般,*,*,*,みな,ミナ,ミナ
アッ	感動詞,*,*,*,*,*,アッ,アッ,アッ
シリア	名詞,固有名詞,地域,国,*,*,シリア,シリア,シリア
の	助詞,連体化,*,*,*,*,の,ノ,ノ
えり抜き	名詞,一般,*,*,*,*,えり抜き,エリヌキ,エリヌキ
の	助詞,連体化,*,*,*,*,の,ノ,ノ
子	名詞,一般,*,*,*,*,子,コ,コ
ら	名詞,接尾,一般,*,*,*,ら,ラ,ラ
で	助動詞,*,*,*,特殊・ダ,連用形,だ,デ,デ
あっ	助動詞,*,*,*,五段・ラ行アル,連用タ接続,ある,アッ,アッ
た	助動詞,*,*,*,特殊・タ,基本形,た,タ,タ
。	記号,句点,*,*,*,*,。,。,。
彼女	名詞,代名詞,一般,*,*,*,彼女,カノジョ,カノジョ
は	助詞,係助詞,*,*,*,*,は,ハ,ワ
自分	名詞,一般,*,*,*,*,自分,ジブン,ジブン
が	助詞,格助詞,一般,*,*,*,が,ガ,ガ
欲情	名詞,一般,*,*,*,*,欲情,ヨクジョウ,ヨクジョー
を	助詞,格助詞,一般,*,*,*,を,ヲ,ヲ
燃やし	動詞,自立,*,*,五段・サ行,連用形,燃やす,モヤシ,モヤシ
た	助動詞,*,*,*,特殊・タ,基本形,た,タ,タ
者	名詞,一般,*,*,*,*,者,モノ,モノ
たち	名詞,接尾,一般,*,*,*,たち,タチ,タチ
すべて	名詞,副詞可能,*,*,*,*,すべて,スベテ,スベテ
によって	助詞,格助詞,連語,*,*,*,によって,ニヨッテ,ニヨッテ
―	記号,一般,*,*,*,*,―,―,―
彼ら	名詞,代名詞,一般,*,*,*,彼ら,カレラ,カレラ
の	助詞,連体化,*,*,*,*,の,ノ,ノ
糞	名詞,一般,*,*,*,*,糞,クソ,クソ
像	名詞,接尾,一般,*,*,*,像,ゾウ,ゾー
によって	助詞,格助詞,連語,*,*,*,によって,ニヨッテ,ニヨッテ
―	記号,一般,*,*,*,*,―,―,―
身	名詞,一般,*,*,*,*,身,ミ,ミ
を	助詞,格助詞,一般,*,*,*,を,ヲ,ヲ
汚し	動詞,自立,*,*,五段・サ行,連用形,汚す,ヨゴシ,ヨゴシ
た	助動詞,*,*,*,特殊・タ,基本形,た,タ,タ
。	記号,句点,*,*,*,*,。,。,。
そして	接続詞,*,*,*,*,*,そして,ソシテ,ソシテ
，	記号,読点,*,*,*,*,，,，,，
彼女	名詞,代名詞,一般,*,*,*,彼女,カノジョ,カノジョ
は	助詞,係助詞,*,*,*,*,は,ハ,ワ
エジプト	名詞,固有名詞,地域,国,*,*,エジプト,エジプト,エジプト
から	助詞,格助詞,一般,*,*,*,から,カラ,カラ
[	名詞,サ変接続,*,*,*,*,*
携え	動詞,自立,*,*,一段,連用形,携える,タズサエ,タズサエ
て	助詞,接続助詞,*,*,*,*,て,テ,テ
き	動詞,非自立,*,*,カ変・クル,連用形,くる,キ,キ
た	助動詞,*,*,*,特殊・タ,基本形,た,タ,タ
]	名詞,サ変接続,*,*,*,*,*
売春	名詞,サ変接続,*,*,*,*,売春,バイシュン,バイシュン
を	助詞,格助詞,一般,*,*,*,を,ヲ,ヲ
捨て	動詞,自立,*,*,一段,未然形,捨てる,ステ,ステ
なかっ	助動詞,*,*,*,特殊・ナイ,連用タ接続,ない,ナカッ,ナカッ
た	助動詞,*,*,*,特殊・タ,基本形,た,タ,タ
。	記号,句点,*,*,*,*,。,。,。
彼ら	名詞,代名詞,一般,*,*,*,彼ら,カレラ,カレラ
は	助詞,係助詞,*,*,*,*,は,ハ,ワ
彼女	名詞,代名詞,一般,*,*,*,彼女,カノジョ,カノジョ
の	助詞,格助詞,一般,*,*,*,の,ノ,ノ
若い	形容詞,自立,*,*,形容詞・アウオ段,基本形,若い,ワカイ,ワカイ
時	名詞,非自立,副詞可能,*,*,*,時,トキ,トキ
に	助詞,格助詞,一般,*,*,*,に,ニ,ニ
これ	名詞,代名詞,一般,*,*,*,これ,コレ,コレ
と	助詞,格助詞,一般,*,*,*,と,ト,ト
寝	動詞,自立,*,*,一段,連用形,寝る,ネ,ネ
た	助動詞,*,*,*,特殊・タ,基本形,た,タ,タ
から	助詞,接続助詞,*,*,*,*,から,カラ,カラ
で	助動詞,*,*,*,特殊・ダ,連用形,だ,デ,デ
ある	助動詞,*,*,*,五段・ラ行アル,基本形,ある,アル,アル
。	記号,句点,*,*,*,*,。,。,。
その	連体詞,*,*,*,*,*,その,ソノ,ソノ
処女	名詞,一般,*,*,*,*,処女,ショジョ,ショジョ
の	助詞,連体化,*,*,*,*,の,ノ,ノ
胸	名詞,一般,*,*,*,*,胸,ムネ,ムネ
を	助詞,格助詞,一般,*,*,*,を,ヲ,ヲ
抱き締め	動詞,自立,*,*,一段,連用形,抱き締める,ダキシメ,ダキシメ
た	助動詞,*,*,*,特殊・タ,基本形,た,タ,タ
の	名詞,非自立,一般,*,*,*,の,ノ,ノ
は	助詞,係助詞,*,*,*,*,は,ハ,ワ
彼ら	名詞,代名詞,一般,*,*,*,彼ら,カレラ,カレラ
で	助動詞,*,*,*,特殊・ダ,連用形,だ,デ,デ
あり	助動詞,*,*,*,五段・ラ行アル,連用形,ある,アリ,アリ
，	記号,読点,*,*,*,*,，,，,，
彼ら	名詞,代名詞,一般,*,*,*,彼ら,カレラ,カレラ
は	助詞,係助詞,*,*,*,*,は,ハ,ワ
彼女	名詞,代名詞,一般,*,*,*,彼女,カノジョ,カノジョ
に	助詞,格助詞,一般,*,*,*,に,ニ,ニ
絶えず	副詞,一般,*,*,*,*,絶えず,タエズ,タエズ
その	連体詞,*,*,*,*,*,その,ソノ,ソノ
不倫	名詞,形容動詞語幹,*,*,*,*,不倫,フリン,フリン
な	助動詞,*,*,*,特殊・ダ,体言接続,だ,ナ,ナ
交わり	名詞,一般,*,*,*,*,交わり,マジワリ,マジワリ
を	助詞,格助詞,一般,*,*,*,を,ヲ,ヲ
注ぎ	動詞,自立,*,*,五段・ガ行,連用形,注ぐ,ソソギ,ソソギ
出し	動詞,非自立,*,*,五段・サ行,連用形,出す,ダシ,ダシ
た	助動詞,*,*,*,特殊・タ,基本形,た,タ,タ
。	記号,句点,*,*,*,*,。,。,。
それ	名詞,代名詞,一般,*,*,*,それ,ソレ,ソレ
ゆえ	名詞,接尾,一般,*,*,*,ゆえ,ユエ,ユエ
，	記号,読点,*,*,*,*,，,，,，
わたし	名詞,代名詞,一般,*,*,*,わたし,ワタシ,ワタシ
は	助詞,係助詞,*,*,*,*,は,ハ,ワ
彼女	名詞,代名詞,一般,*,*,*,彼女,カノジョ,カノジョ
を	助詞,格助詞,一般,*,*,*,を,ヲ,ヲ
熱愛	名詞,サ変接続,*,*,*,*,熱愛,ネツアイ,ネツアイ
し	動詞,自立,*,*,サ変・スル,連用形,する,シ,シ
た	助動詞,*,*,*,特殊・タ,基本形,た,タ,タ
者	名詞,一般,*,*,*,*,者,モノ,モノ
たち	名詞,接尾,一般,*,*,*,たち,タチ,タチ
の	助詞,連体化,*,*,*,*,の,ノ,ノ
手	名詞,一般,*,*,*,*,手,テ,テ
に	助詞,格助詞,一般,*,*,*,に,ニ,ニ
，	記号,読点,*,*,*,*,，,，,，
彼女	名詞,代名詞,一般,*,*,*,彼女,カノジョ,カノジョ
が	助詞,格助詞,一般,*,*,*,が,ガ,ガ
欲情	名詞,一般,*,*,*,*,欲情,ヨクジョウ,ヨクジョー
を	助詞,格助詞,一般,*,*,*,を,ヲ,ヲ
燃やし	動詞,自立,*,*,五段・サ行,連用形,燃やす,モヤシ,モヤシ
た	助動詞,*,*,*,特殊・タ,基本形,た,タ,タ
アッ	感動詞,*,*,*,*,*,アッ,アッ,アッ
シリア	名詞,固有名詞,地域,国,*,*,シリア,シリア,シリア
の	助詞,連体化,*,*,*,*,の,ノ,ノ
子	名詞,一般,*,*,*,*,子,コ,コ
ら	名詞,接尾,一般,*,*,*,ら,ラ,ラ
の	助詞,連体化,*,*,*,*,の,ノ,ノ
手	名詞,一般,*,*,*,*,手,テ,テ
に	助詞,格助詞,一般,*,*,*,に,ニ,ニ
彼女	名詞,代名詞,一般,*,*,*,彼女,カノジョ,カノジョ
を	助詞,格助詞,一般,*,*,*,を,ヲ,ヲ
渡し	動詞,自立,*,*,五段・サ行,連用形,渡す,ワタシ,ワタシ
た	助動詞,*,*,*,特殊・タ,基本形,た,タ,タ
。	記号,句点,*,*,*,*,。,。,。
彼女	名詞,代名詞,一般,*,*,*,彼女,カノジョ,カノジョ
の	助詞,連体化,*,*,*,*,の,ノ,ノ
裸	名詞,一般,*,*,*,*,裸,ハダカ,ハダカ
を	助詞,格助詞,一般,*,*,*,を,ヲ,ヲ
あらわ	名詞,形容動詞語幹,*,*,*,*,あらわ,アラワ,アラワ
に	助詞,格助詞,一般,*,*,*,に,ニ,ニ
し	動詞,自立,*,*,サ変・スル,連用形,する,シ,シ
た	助動詞,*,*,*,特殊・タ,基本形,た,タ,タ
の	名詞,非自立,一般,*,*,*,の,ノ,ノ
は	助詞,係助詞,*,*,*,*,は,ハ,ワ
彼ら	名詞,代名詞,一般,*,*,*,彼ら,カレラ,カレラ
で	助動詞,*,*,*,特殊・ダ,連用形,だ,デ,デ
ある	助動詞,*,*,*,五段・ラ行アル,基本形,ある,アル,アル
。	記号,句点,*,*,*,*,。,。,。
彼ら	名詞,代名詞,一般,*,*,*,彼ら,カレラ,カレラ
は	助詞,係助詞,*,*,*,*,は,ハ,ワ
その	連体詞,*,*,*,*,*,その,ソノ,ソノ
息子	名詞,一般,*,*,*,*,息子,ムスコ,ムスコ
や	助詞,並立助詞,*,*,*,*,や,ヤ,ヤ
娘	名詞,一般,*,*,*,*,娘,ムスメ,ムスメ
を	助詞,格助詞,一般,*,*,*,を,ヲ,ヲ
奪い	動詞,自立,*,*,五段・ワ行促音便,連用形,奪う,ウバイ,ウバイ
，	記号,読点,*,*,*,*,，,，,，
剣	名詞,一般,*,*,*,*,剣,ケン,ケン
で	助詞,格助詞,一般,*,*,*,で,デ,デ
彼女	名詞,代名詞,一般,*,*,*,彼女,カノジョ,カノジョ
を	助詞,格助詞,一般,*,*,*,を,ヲ,ヲ
殺し	動詞,自立,*,*,五段・サ行,連用形,殺す,コロシ,コロシ
た	助動詞,*,*,*,特殊・タ,基本形,た,タ,タ
。	記号,句点,*,*,*,*,。,。,。
そして	接続詞,*,*,*,*,*,そして,ソシテ,ソシテ
，	記号,読点,*,*,*,*,，,，,，
彼女	名詞,代名詞,一般,*,*,*,彼女,カノジョ,カノジョ
は	助詞,係助詞,*,*,*,*,は,ハ,ワ
女	名詞,一般,*,*,*,*,女,オンナ,オンナ
たち	名詞,接尾,一般,*,*,*,たち,タチ,タチ
の	助詞,連体化,*,*,*,*,の,ノ,ノ
汚名	名詞,一般,*,*,*,*,汚名,オメイ,オメイ
と	助詞,格助詞,一般,*,*,*,と,ト,ト
なり	動詞,自立,*,*,五段・ラ行,連用形,なる,ナリ,ナリ
，	記号,読点,*,*,*,*,，,，,，
彼ら	名詞,代名詞,一般,*,*,*,彼ら,カレラ,カレラ
は	助詞,係助詞,*,*,*,*,は,ハ,ワ
これ	名詞,代名詞,一般,*,*,*,これ,コレ,コレ
に	助詞,格助詞,一般,*,*,*,に,ニ,ニ
裁き	名詞,一般,*,*,*,*,裁き,サバキ,サバキ
を	助詞,格助詞,一般,*,*,*,を,ヲ,ヲ
執行	名詞,サ変接続,*,*,*,*,執行,シッコウ,シッコー
し	動詞,自立,*,*,サ変・スル,連用形,する,シ,シ
た	助動詞,*,*,*,特殊・タ,基本形,た,タ,タ
。	記号,句点,*,*,*,*,。,。,。
「[	名詞,サ変接続,*,*,*,*,*
これ	名詞,代名詞,一般,*,*,*,これ,コレ,コレ
を	助詞,格助詞,一般,*,*,*,を,ヲ,ヲ
]	名詞,サ変接続,*,*,*,*,*
見	動詞,自立,*,*,一段,連用形,見る,ミ,ミ
た	助動詞,*,*,*,特殊・タ,基本形,た,タ,タ
とき	名詞,非自立,副詞可能,*,*,*,とき,トキ,トキ
，	記号,読点,*,*,*,*,，,，,，
その	連体詞,*,*,*,*,*,その,ソノ,ソノ
妹	名詞,一般,*,*,*,*,妹,イモウト,イモート
オホリバ	名詞,一般,*,*,*,*,*
は	助詞,係助詞,*,*,*,*,は,ハ,ワ
彼女	名詞,代名詞,一般,*,*,*,彼女,カノジョ,カノジョ
より	助詞,格助詞,一般,*,*,*,より,ヨリ,ヨリ
も	助詞,係助詞,*,*,*,*,も,モ,モ
激しく	形容詞,自立,*,*,形容詞・イ段,連用テ接続,激しい,ハゲシク,ハゲシク
色情	名詞,一般,*,*,*,*,色情,シキジョウ,シキジョー
を	助詞,格助詞,一般,*,*,*,を,ヲ,ヲ
起こし	動詞,自立,*,*,五段・サ行,連用形,起こす,オコシ,オコシ
て	助詞,接続助詞,*,*,*,*,て,テ,テ
身	名詞,一般,*,*,*,*,身,ミ,ミ
を	助詞,格助詞,一般,*,*,*,を,ヲ,ヲ
持ち崩し	動詞,自立,*,*,五段・サ行,連用形,持ち崩す,モチクズシ,モチクズシ
，	記号,読点,*,*,*,*,，,，,，
その	連体詞,*,*,*,*,*,その,ソノ,ソノ
売春	名詞,サ変接続,*,*,*,*,売春,バイシュン,バイシュン
は	助詞,係助詞,*,*,*,*,は,ハ,ワ
姉	名詞,一般,*,*,*,*,姉,アネ,アネ
の	助詞,連体化,*,*,*,*,の,ノ,ノ
淫行	名詞,一般,*,*,*,*,淫行,インコウ,インコー
を	助詞,格助詞,一般,*,*,*,を,ヲ,ヲ
しのぐ	動詞,自立,*,*,五段・ガ行,基本形,しのぐ,シノグ,シノグ
もの	名詞,非自立,一般,*,*,*,もの,モノ,モノ
と	助詞,格助詞,一般,*,*,*,と,ト,ト
なっ	動詞,自立,*,*,五段・ラ行,連用タ接続,なる,ナッ,ナッ
た	助動詞,*,*,*,特殊・タ,基本形,た,タ,タ
。	記号,句点,*,*,*,*,。,。,。
彼女	名詞,代名詞,一般,*,*,*,彼女,カノジョ,カノジョ
は	助詞,係助詞,*,*,*,*,は,ハ,ワ
アッシリア	名詞,一般,*,*,*,*,*
の	助詞,連体化,*,*,*,*,の,ノ,ノ
子	名詞,一般,*,*,*,*,子,コ,コ
ら	名詞,接尾,一般,*,*,*,ら,ラ,ラ
に対して	助詞,格助詞,連語,*,*,*,に対して,ニタイシテ,ニタイシテ
欲情	名詞,一般,*,*,*,*,欲情,ヨクジョウ,ヨクジョー
を	助詞,格助詞,一般,*,*,*,を,ヲ,ヲ
燃やし	動詞,自立,*,*,五段・サ行,連用形,燃やす,モヤシ,モヤシ
た	助動詞,*,*,*,特殊・タ,基本形,た,タ,タ
。	記号,句点,*,*,*,*,。,。,。
それ	名詞,代名詞,一般,*,*,*,それ,ソレ,ソレ
は	助詞,係助詞,*,*,*,*,は,ハ,ワ
，	記号,読点,*,*,*,*,，,，,，
近く	名詞,副詞可能,*,*,*,*,近く,チカク,チカク
に	助詞,格助詞,一般,*,*,*,に,ニ,ニ
い	動詞,自立,*,*,一段,連用形,いる,イ,イ
て	助詞,接続助詞,*,*,*,*,て,テ,テ
，	記号,読点,*,*,*,*,，,，,，
趣味	名詞,一般,*,*,*,*,趣味,シュミ,シュミ
の	助詞,連体化,*,*,*,*,の,ノ,ノ
非常	名詞,形容動詞語幹,*,*,*,*,非常,ヒジョウ,ヒジョー
に	助詞,副詞化,*,*,*,*,に,ニ,ニ
よい	形容詞,自立,*,*,形容詞・アウオ段,基本形,よい,ヨイ,ヨイ
服装	名詞,一般,*,*,*,*,服装,フクソウ,フクソー
を	助詞,格助詞,一般,*,*,*,を,ヲ,ヲ
し	動詞,自立,*,*,サ変・スル,連用形,する,シ,シ
た	助動詞,*,*,*,特殊・タ,基本形,た,タ,タ
総督	名詞,一般,*,*,*,*,総督,ソウトク,ソートク
や	助詞,並立助詞,*,*,*,*,や,ヤ,ヤ
代理	名詞,サ変接続,*,*,*,*,代理,ダイリ,ダイリ
支配	名詞,サ変接続,*,*,*,*,支配,シハイ,シハイ
者	名詞,接尾,一般,*,*,*,者,シャ,シャ
，	記号,読点,*,*,*,*,，,，,，
馬	名詞,一般,*,*,*,*,馬,ウマ,ウマ
に	助詞,格助詞,一般,*,*,*,に,ニ,ニ
乗っ	動詞,自立,*,*,五段・ラ行,連用タ接続,乗る,ノッ,ノッ
た	助動詞,*,*,*,特殊・タ,基本形,た,タ,タ
騎兵	名詞,一般,*,*,*,*,騎兵,キヘイ,キヘイ
たち	名詞,接尾,一般,*,*,*,たち,タチ,タチ
―	記号,一般,*,*,*,*,―,―,―
すべて	名詞,副詞可能,*,*,*,*,すべて,スベテ,スベテ
好ましい	形容詞,自立,*,*,形容詞・イ段,基本形,好ましい,コノマシイ,コノマシイ
若者	名詞,一般,*,*,*,*,若者,ワカモノ,ワカモノ
たち	名詞,接尾,一般,*,*,*,たち,タチ,タチ
で	助動詞,*,*,*,特殊・ダ,連用形,だ,デ,デ
あっ	助動詞,*,*,*,五段・ラ行アル,連用タ接続,ある,アッ,アッ
た	助動詞,*,*,*,特殊・タ,基本形,た,タ,タ
。	記号,句点,*,*,*,*,。,。,。
そして	接続詞,*,*,*,*,*,そして,ソシテ,ソシテ
わたし	名詞,代名詞,一般,*,*,*,わたし,ワタシ,ワタシ
は	助詞,係助詞,*,*,*,*,は,ハ,ワ
，	記号,読点,*,*,*,*,，,，,，
彼女	名詞,代名詞,一般,*,*,*,彼女,カノジョ,カノジョ
が	助詞,格助詞,一般,*,*,*,が,ガ,ガ
身	名詞,一般,*,*,*,*,身,ミ,ミ
を	助詞,格助詞,一般,*,*,*,を,ヲ,ヲ
汚し	動詞,自立,*,*,五段・サ行,連用形,汚す,ヨゴシ,ヨゴシ
た	助動詞,*,*,*,特殊・タ,基本形,た,タ,タ
ので	助詞,接続助詞,*,*,*,*,ので,ノデ,ノデ
，	記号,読点,*,*,*,*,，,，,，
二	名詞,数,*,*,*,*,二,ニ,ニ
人	名詞,接尾,助数詞,*,*,*,人,ニン,ニン
とも	助詞,副助詞,*,*,*,*,とも,トモ,トモ
一つ	名詞,一般,*,*,*,*,一つ,ヒトツ,ヒトツ
の	助詞,連体化,*,*,*,*,の,ノ,ノ
道	名詞,一般,*,*,*,*,道,ミチ,ミチ
を	助詞,格助詞,一般,*,*,*,を,ヲ,ヲ
取っ	動詞,自立,*,*,五段・ラ行,連用タ接続,取る,トッ,トッ
た	助動詞,*,*,*,特殊・タ,基本形,た,タ,タ
の	名詞,非自立,一般,*,*,*,の,ノ,ノ
を	助詞,格助詞,一般,*,*,*,を,ヲ,ヲ
見	動詞,自立,*,*,一段,連用形,見る,ミ,ミ
た	助動詞,*,*,*,特殊・タ,基本形,た,タ,タ
。	記号,句点,*,*,*,*,。,。,。
また	接続詞,*,*,*,*,*,また,マタ,マタ
，	記号,読点,*,*,*,*,，,，,，
彼女	名詞,代名詞,一般,*,*,*,彼女,カノジョ,カノジョ
は	助詞,係助詞,*,*,*,*,は,ハ,ワ
城壁	名詞,一般,*,*,*,*,城壁,ジョウヘキ,ジョーヘキ
に	助詞,格助詞,一般,*,*,*,に,ニ,ニ
彫り	動詞,自立,*,*,五段・ラ行,連用形,彫る,ホリ,ホリ
刻ま	動詞,自立,*,*,五段・マ行,未然形,刻む,キザマ,キザマ
れ	動詞,接尾,*,*,一段,連用形,れる,レ,レ
た	助動詞,*,*,*,特殊・タ,基本形,た,タ,タ
人々	名詞,一般,*,*,*,*,人々,ヒトビト,ヒトビト
を	助詞,格助詞,一般,*,*,*,を,ヲ,ヲ
見	動詞,自立,*,*,一段,連用形,見る,ミ,ミ
た	助動詞,*,*,*,特殊・タ,基本形,た,タ,タ
とき	名詞,非自立,副詞可能,*,*,*,とき,トキ,トキ
，	記号,読点,*,*,*,*,，,，,，
その	連体詞,*,*,*,*,*,その,ソノ,ソノ
売春	名詞,サ変接続,*,*,*,*,売春,バイシュン,バイシュン
行為	名詞,サ変接続,*,*,*,*,行為,コウイ,コーイ
を	助詞,格助詞,一般,*,*,*,を,ヲ,ヲ
増し	動詞,自立,*,*,五段・サ行,連用形,増す,マシ,マシ
加え	動詞,自立,*,*,一段,連用形,加える,クワエ,クワエ
て	助詞,接続助詞,*,*,*,*,て,テ,テ
いっ	動詞,非自立,*,*,五段・カ行促音便,連用タ接続,いく,イッ,イッ
た	助動詞,*,*,*,特殊・タ,基本形,た,タ,タ
。	記号,句点,*,*,*,*,。,。,。
それ	名詞,代名詞,一般,*,*,*,それ,ソレ,ソレ
は	助詞,係助詞,*,*,*,*,は,ハ,ワ
朱色	名詞,一般,*,*,*,*,朱色,シュイロ,シュイロ
で	助詞,格助詞,一般,*,*,*,で,デ,デ
彫り	動詞,自立,*,*,五段・ラ行,連用形,彫る,ホリ,ホリ
刻ま	動詞,自立,*,*,五段・マ行,未然形,刻む,キザマ,キザマ
れ	動詞,接尾,*,*,一段,連用形,れる,レ,レ
た	助動詞,*,*,*,特殊・タ,基本形,た,タ,タ
カルデア	名詞,一般,*,*,*,*,*
人	名詞,接尾,一般,*,*,*,人,ジン,ジン
の	助詞,連体化,*,*,*,*,の,ノ,ノ
像	名詞,一般,*,*,*,*,像,ゾウ,ゾー
で	助詞,格助詞,一般,*,*,*,で,デ,デ
，	記号,読点,*,*,*,*,，,，,，
腰	名詞,一般,*,*,*,*,腰,コシ,コシ
に	助詞,格助詞,一般,*,*,*,に,ニ,ニ
帯	名詞,一般,*,*,*,*,帯,オビ,オビ
を	助詞,格助詞,一般,*,*,*,を,ヲ,ヲ
締め	動詞,自立,*,*,一段,連用形,締める,シメ,シメ
，	記号,読点,*,*,*,*,，,，,，
垂れ下がる	動詞,自立,*,*,五段・ラ行,基本形,垂れ下がる,タレサガル,タレサガル
ターバン	名詞,一般,*,*,*,*,ターバン,ターバン,ターバン
を	助詞,格助詞,一般,*,*,*,を,ヲ,ヲ
頭	名詞,一般,*,*,*,*,頭,アタマ,アタマ
に	助詞,格助詞,一般,*,*,*,に,ニ,ニ
着け	動詞,自立,*,*,一段,連用形,着ける,ツケ,ツケ
，	記号,読点,*,*,*,*,，,，,，
戦士	名詞,一般,*,*,*,*,戦士,センシ,センシ
の	助詞,連体化,*,*,*,*,の,ノ,ノ
風	名詞,一般,*,*,*,*,風,カゼ,カゼ
を	助詞,格助詞,一般,*,*,*,を,ヲ,ヲ
し	動詞,自立,*,*,サ変・スル,連用形,する,シ,シ
て	助詞,接続助詞,*,*,*,*,て,テ,テ
い	動詞,非自立,*,*,一段,連用形,いる,イ,イ
た	助動詞,*,*,*,特殊・タ,基本形,た,タ,タ
。	記号,句点,*,*,*,*,。,。,。
それら	名詞,代名詞,一般,*,*,*,それら,ソレラ,ソレラ
は	助詞,係助詞,*,*,*,*,は,ハ,ワ
皆	名詞,代名詞,一般,*,*,*,皆,ミナ,ミナ
，	記号,読点,*,*,*,*,，,，,，
その	連体詞,*,*,*,*,*,その,ソノ,ソノ
出生	名詞,サ変接続,*,*,*,*,出生,シュッショウ,シュッショー
地	名詞,接尾,一般,*,*,*,地,チ,チ
に関して	助詞,格助詞,連語,*,*,*,に関して,ニカンシテ,ニカンシテ
は	助詞,係助詞,*,*,*,*,は,ハ,ワ
，	記号,読点,*,*,*,*,，,，,，
バビロン	名詞,一般,*,*,*,*,*
の	助詞,連体化,*,*,*,*,の,ノ,ノ
子	名詞,一般,*,*,*,*,子,コ,コ
ら	名詞,接尾,一般,*,*,*,ら,ラ,ラ
，	記号,読点,*,*,*,*,，,，,，
カルデア	名詞,一般,*,*,*,*,*
人	名詞,接尾,一般,*,*,*,人,ジン,ジン
の	助詞,連体化,*,*,*,*,の,ノ,ノ
よう	名詞,非自立,助動詞語幹,*,*,*,よう,ヨウ,ヨー
で	助動詞,*,*,*,特殊・ダ,連用形,だ,デ,デ
あっ	助動詞,*,*,*,五段・ラ行アル,連用タ接続,ある,アッ,アッ
た	助動詞,*,*,*,特殊・タ,基本形,た,タ,タ
。	記号,句点,*,*,*,*,。,。,。
そして	接続詞,*,*,*,*,*,そして,ソシテ,ソシテ
，	記号,読点,*,*,*,*,，,，,，
彼女	名詞,代名詞,一般,*,*,*,彼女,カノジョ,カノジョ
は	助詞,係助詞,*,*,*,*,は,ハ,ワ
その	連体詞,*,*,*,*,*,その,ソノ,ソノ
目	名詞,一般,*,*,*,*,目,メ,メ
に	助詞,格助詞,一般,*,*,*,に,ニ,ニ
映っ	動詞,自立,*,*,五段・ラ行,連用タ接続,映る,ウツッ,ウツッ
た	助動詞,*,*,*,特殊・タ,基本形,た,タ,タ
彼ら	名詞,代名詞,一般,*,*,*,彼ら,カレラ,カレラ
に	助詞,格助詞,一般,*,*,*,に,ニ,ニ
欲情	名詞,一般,*,*,*,*,欲情,ヨクジョウ,ヨクジョー
を	助詞,格助詞,一般,*,*,*,を,ヲ,ヲ
燃やし	動詞,自立,*,*,五段・サ行,連用形,燃やす,モヤシ,モヤシ
はじめ	動詞,非自立,*,*,一段,連用形,はじめる,ハジメ,ハジメ
，	記号,読点,*,*,*,*,，,，,，
カルデア	名詞,一般,*,*,*,*,*
の	助詞,連体化,*,*,*,*,の,ノ,ノ
彼ら	名詞,代名詞,一般,*,*,*,彼ら,カレラ,カレラ
の	助詞,連体化,*,*,*,*,の,ノ,ノ
もと	名詞,非自立,一般,*,*,*,もと,モト,モト
に	助詞,格助詞,一般,*,*,*,に,ニ,ニ
使者	名詞,一般,*,*,*,*,使者,シシャ,シシャ
を	助詞,格助詞,一般,*,*,*,を,ヲ,ヲ
遣わす	動詞,自立,*,*,五段・サ行,基本形,遣わす,ツカワス,ツカワス
よう	名詞,非自立,助動詞語幹,*,*,*,よう,ヨウ,ヨー
に	助詞,格助詞,一般,*,*,*,に,ニ,ニ
なっ	動詞,自立,*,*,五段・ラ行,連用タ接続,なる,ナッ,ナッ
た	助動詞,*,*,*,特殊・タ,基本形,た,タ,タ
。	記号,句点,*,*,*,*,。,。,。
そして	接続詞,*,*,*,*,*,そして,ソシテ,ソシテ
，	記号,読点,*,*,*,*,，,，,，
バビロン	名詞,一般,*,*,*,*,*
の	助詞,連体化,*,*,*,*,の,ノ,ノ
子	名詞,一般,*,*,*,*,子,コ,コ
ら	名詞,接尾,一般,*,*,*,ら,ラ,ラ
は	助詞,係助詞,*,*,*,*,は,ハ,ワ
彼女	名詞,代名詞,一般,*,*,*,彼女,カノジョ,カノジョ
の	助詞,連体化,*,*,*,*,の,ノ,ノ
もと	名詞,非自立,一般,*,*,*,もと,モト,モト
に	助詞,格助詞,一般,*,*,*,に,ニ,ニ
，	記号,読点,*,*,*,*,，,，,，
愛	名詞,一般,*,*,*,*,愛,アイ,アイ
の	助詞,連体化,*,*,*,*,の,ノ,ノ
表現	名詞,サ変接続,*,*,*,*,表現,ヒョウゲン,ヒョーゲン
の	助詞,連体化,*,*,*,*,の,ノ,ノ
床	名詞,一般,*,*,*,*,床,ユカ,ユカ
に	助詞,格助詞,一般,*,*,*,に,ニ,ニ
入り	動詞,自立,*,*,五段・ラ行,連用形,入る,ハイリ,ハイリ
，	記号,読点,*,*,*,*,，,，,，
その	連体詞,*,*,*,*,*,その,ソノ,ソノ
不倫	名詞,形容動詞語幹,*,*,*,*,不倫,フリン,フリン
な	助動詞,*,*,*,特殊・ダ,体言接続,だ,ナ,ナ
交わり	名詞,一般,*,*,*,*,交わり,マジワリ,マジワリ
によって	助詞,格助詞,連語,*,*,*,によって,ニヨッテ,ニヨッテ
彼女	名詞,代名詞,一般,*,*,*,彼女,カノジョ,カノジョ
を	助詞,格助詞,一般,*,*,*,を,ヲ,ヲ
汚し	動詞,自立,*,*,五段・サ行,連用形,汚す,ヨゴシ,ヨゴシ
続け	動詞,非自立,*,*,一段,連用形,続ける,ツヅケ,ツズケ
た	助動詞,*,*,*,特殊・タ,基本形,た,タ,タ
。	記号,句点,*,*,*,*,。,。,。
彼女	名詞,代名詞,一般,*,*,*,彼女,カノジョ,カノジョ
は	助詞,係助詞,*,*,*,*,は,ハ,ワ
彼ら	名詞,代名詞,一般,*,*,*,彼ら,カレラ,カレラ
によって	助詞,格助詞,連語,*,*,*,によって,ニヨッテ,ニヨッテ
汚さ	動詞,自立,*,*,五段・サ行,未然形,汚す,ヨゴサ,ヨゴサ
れ	動詞,接尾,*,*,一段,連用形,れる,レ,レ
続け	動詞,非自立,*,*,一段,連用形,続ける,ツヅケ,ツズケ
，	記号,読点,*,*,*,*,，,，,，
その	連体詞,*,*,*,*,*,その,ソノ,ソノ
魂	名詞,一般,*,*,*,*,魂,タマシイ,タマシー
は	助詞,係助詞,*,*,*,*,は,ハ,ワ
嫌悪	名詞,サ変接続,*,*,*,*,嫌悪,ケンオ,ケンオ
の	助詞,連体化,*,*,*,*,の,ノ,ノ
情	名詞,一般,*,*,*,*,情,ジョウ,ジョー
を	助詞,格助詞,一般,*,*,*,を,ヲ,ヲ
抱い	動詞,自立,*,*,五段・カ行イ音便,連用タ接続,抱く,ダイ,ダイ
て	助詞,接続助詞,*,*,*,*,て,テ,テ
彼ら	名詞,代名詞,一般,*,*,*,彼ら,カレラ,カレラ
から	助詞,格助詞,一般,*,*,*,から,カラ,カラ
遠ざかる	動詞,自立,*,*,五段・ラ行,基本形,遠ざかる,トオザカル,トーザカル
よう	名詞,非自立,助動詞語幹,*,*,*,よう,ヨウ,ヨー
に	助詞,格助詞,一般,*,*,*,に,ニ,ニ
なっ	動詞,自立,*,*,五段・ラ行,連用タ接続,なる,ナッ,ナッ
た	助動詞,*,*,*,特殊・タ,基本形,た,タ,タ
。	記号,句点,*,*,*,*,。,。,。
「	記号,括弧開,*,*,*,*,「,「,「
こうして	接続詞,*,*,*,*,*,こうして,コウシテ,コーシテ
，	記号,読点,*,*,*,*,，,，,，
彼女	名詞,代名詞,一般,*,*,*,彼女,カノジョ,カノジョ
は	助詞,係助詞,*,*,*,*,は,ハ,ワ
その	連体詞,*,*,*,*,*,その,ソノ,ソノ
売春	名詞,サ変接続,*,*,*,*,売春,バイシュン,バイシュン
行為	名詞,サ変接続,*,*,*,*,行為,コウイ,コーイ
を	助詞,格助詞,一般,*,*,*,を,ヲ,ヲ
あらわ	名詞,形容動詞語幹,*,*,*,*,あらわ,アラワ,アラワ
に	助詞,格助詞,一般,*,*,*,に,ニ,ニ
し	動詞,自立,*,*,サ変・スル,連用形,する,シ,シ
，	記号,読点,*,*,*,*,，,，,，
その	連体詞,*,*,*,*,*,その,ソノ,ソノ
裸	名詞,一般,*,*,*,*,裸,ハダカ,ハダカ
を	助詞,格助詞,一般,*,*,*,を,ヲ,ヲ
あらわ	名詞,形容動詞語幹,*,*,*,*,あらわ,アラワ,アラワ
に	助詞,格助詞,一般,*,*,*,に,ニ,ニ
し	動詞,自立,*,*,サ変・スル,連用形,する,シ,シ
て	助詞,接続助詞,*,*,*,*,て,テ,テ
いっ	動詞,非自立,*,*,五段・カ行促音便,連用タ接続,いく,イッ,イッ
た	助動詞,*,*,*,特殊・タ,基本形,た,タ,タ
ので	助詞,接続助詞,*,*,*,*,ので,ノデ,ノデ
，	記号,読点,*,*,*,*,，,，,，
かつて	副詞,一般,*,*,*,*,かつて,カツテ,カツテ
わたし	名詞,代名詞,一般,*,*,*,わたし,ワタシ,ワタシ
の	助詞,連体化,*,*,*,*,の,ノ,ノ
魂	名詞,一般,*,*,*,*,魂,タマシイ,タマシー
が	助詞,格助詞,一般,*,*,*,が,ガ,ガ
嫌悪	名詞,サ変接続,*,*,*,*,嫌悪,ケンオ,ケンオ
の	助詞,連体化,*,*,*,*,の,ノ,ノ
情	名詞,一般,*,*,*,*,情,ジョウ,ジョー
を	助詞,格助詞,一般,*,*,*,を,ヲ,ヲ
抱い	動詞,自立,*,*,五段・カ行イ音便,連用タ接続,抱く,ダイ,ダイ
て	助詞,接続助詞,*,*,*,*,て,テ,テ
彼女	名詞,代名詞,一般,*,*,*,彼女,カノジョ,カノジョ
の	助詞,連体化,*,*,*,*,の,ノ,ノ
姉妹	名詞,一般,*,*,*,*,姉妹,シマイ,シマイ
と	助詞,格助詞,一般,*,*,*,と,ト,ト
の	助詞,連体化,*,*,*,*,の,ノ,ノ
仲	名詞,一般,*,*,*,*,仲,ナカ,ナカ
から	助詞,格助詞,一般,*,*,*,から,カラ,カラ
遠ざかっ	動詞,自立,*,*,五段・ラ行,連用タ接続,遠ざかる,トオザカッ,トーザカッ
た	助動詞,*,*,*,特殊・タ,基本形,た,タ,タ
よう	名詞,非自立,助動詞語幹,*,*,*,よう,ヨウ,ヨー
に	助詞,副詞化,*,*,*,*,に,ニ,ニ
，	記号,読点,*,*,*,*,，,，,，
わたし	名詞,代名詞,一般,*,*,*,わたし,ワタシ,ワタシ
の	助詞,連体化,*,*,*,*,の,ノ,ノ
魂	名詞,一般,*,*,*,*,魂,タマシイ,タマシー
は	助詞,係助詞,*,*,*,*,は,ハ,ワ
嫌悪	名詞,サ変接続,*,*,*,*,嫌悪,ケンオ,ケンオ
の	助詞,連体化,*,*,*,*,の,ノ,ノ
情	名詞,一般,*,*,*,*,情,ジョウ,ジョー
を	助詞,格助詞,一般,*,*,*,を,ヲ,ヲ
抱い	動詞,自立,*,*,五段・カ行イ音便,連用タ接続,抱く,ダイ,ダイ
て	助詞,接続助詞,*,*,*,*,て,テ,テ
彼女	名詞,代名詞,一般,*,*,*,彼女,カノジョ,カノジョ
と	助詞,格助詞,一般,*,*,*,と,ト,ト
の	助詞,連体化,*,*,*,*,の,ノ,ノ
仲	名詞,一般,*,*,*,*,仲,ナカ,ナカ
から	助詞,格助詞,一般,*,*,*,から,カラ,カラ
遠ざかっ	動詞,自立,*,*,五段・ラ行,連用タ接続,遠ざかる,トオザカッ,トーザカッ
た	助動詞,*,*,*,特殊・タ,基本形,た,タ,タ
。	記号,句点,*,*,*,*,。,。,。
そして	接続詞,*,*,*,*,*,そして,ソシテ,ソシテ
，	記号,読点,*,*,*,*,，,，,，
彼女	名詞,代名詞,一般,*,*,*,彼女,カノジョ,カノジョ
は	助詞,係助詞,*,*,*,*,は,ハ,ワ
その	連体詞,*,*,*,*,*,その,ソノ,ソノ
売春	名詞,サ変接続,*,*,*,*,売春,バイシュン,バイシュン
行為	名詞,サ変接続,*,*,*,*,行為,コウイ,コーイ
を	助詞,格助詞,一般,*,*,*,を,ヲ,ヲ
増し	動詞,自立,*,*,五段・サ行,連用形,増す,マシ,マシ
加え	動詞,自立,*,*,一段,連用形,加える,クワエ,クワエ
て	助詞,接続助詞,*,*,*,*,て,テ,テ
ゆき	動詞,非自立,*,*,五段・カ行促音便ユク,連用形,ゆく,ユキ,ユキ
，	記号,読点,*,*,*,*,，,，,，
エジプト	名詞,固有名詞,地域,国,*,*,エジプト,エジプト,エジプト
の	助詞,連体化,*,*,*,*,の,ノ,ノ
地	名詞,一般,*,*,*,*,地,チ,チ
で	助詞,格助詞,一般,*,*,*,で,デ,デ
売春	名詞,サ変接続,*,*,*,*,売春,バイシュン,バイシュン
を	助詞,格助詞,一般,*,*,*,を,ヲ,ヲ
行なっ	動詞,自立,*,*,五段・ワ行促音便,連用タ接続,行なう,オコナッ,オコナッ
た	助動詞,*,*,*,特殊・タ,基本形,た,タ,タ
その	連体詞,*,*,*,*,*,その,ソノ,ソノ
若い	形容詞,自立,*,*,形容詞・アウオ段,基本形,若い,ワカイ,ワカイ
時	名詞,非自立,副詞可能,*,*,*,時,トキ,トキ
の	助詞,連体化,*,*,*,*,の,ノ,ノ
日々	名詞,副詞可能,*,*,*,*,日々,ヒビ,ヒビ
を	助詞,格助詞,一般,*,*,*,を,ヲ,ヲ
思い起こさ	動詞,自立,*,*,五段・サ行,未然形,思い起こす,オモイオコサ,オモイオコサ
せる	動詞,接尾,*,*,一段,基本形,せる,セル,セル
まで	助詞,副助詞,*,*,*,*,まで,マデ,マデ
に	助詞,格助詞,一般,*,*,*,に,ニ,ニ
なっ	動詞,自立,*,*,五段・ラ行,連用タ接続,なる,ナッ,ナッ
た	助動詞,*,*,*,特殊・タ,基本形,た,タ,タ
。	記号,句点,*,*,*,*,。,。,。
そして	接続詞,*,*,*,*,*,そして,ソシテ,ソシテ
彼女	名詞,代名詞,一般,*,*,*,彼女,カノジョ,カノジョ
は	助詞,係助詞,*,*,*,*,は,ハ,ワ
，	記号,読点,*,*,*,*,，,，,，
その	連体詞,*,*,*,*,*,その,ソノ,ソノ
身体	名詞,一般,*,*,*,*,身体,シンタイ,シンタイ
の	助詞,連体化,*,*,*,*,の,ノ,ノ
器官	名詞,一般,*,*,*,*,器官,キカン,キカン
が	助詞,格助詞,一般,*,*,*,が,ガ,ガ
雄	接頭詞,名詞接続,*,*,*,*,雄,オ,オ
ろば	名詞,一般,*,*,*,*,ろば,ロバ,ロバ
の	助詞,連体化,*,*,*,*,の,ノ,ノ
身体	名詞,一般,*,*,*,*,身体,シンタイ,シンタイ
の	助詞,連体化,*,*,*,*,の,ノ,ノ
器官	名詞,一般,*,*,*,*,器官,キカン,キカン
の	助詞,連体化,*,*,*,*,の,ノ,ノ
よう	名詞,非自立,助動詞語幹,*,*,*,よう,ヨウ,ヨー
な	助動詞,*,*,*,特殊・ダ,体言接続,だ,ナ,ナ
者	名詞,非自立,一般,*,*,*,者,モノ,モノ
，	記号,読点,*,*,*,*,，,，,，
その	連体詞,*,*,*,*,*,その,ソノ,ソノ
生殖	名詞,サ変接続,*,*,*,*,生殖,セイショク,セイショク
器	名詞,接尾,一般,*,*,*,器,キ,キ
が	助詞,格助詞,一般,*,*,*,が,ガ,ガ
雄	名詞,一般,*,*,*,*,雄,ユウ,ユー
馬	名詞,接尾,一般,*,*,*,馬,バ,バ
の	助詞,連体化,*,*,*,*,の,ノ,ノ
生殖	名詞,サ変接続,*,*,*,*,生殖,セイショク,セイショク
器	名詞,接尾,一般,*,*,*,器,キ,キ
の	助詞,連体化,*,*,*,*,の,ノ,ノ
よう	名詞,非自立,助動詞語幹,*,*,*,よう,ヨウ,ヨー
な	助動詞,*,*,*,特殊・ダ,体言接続,だ,ナ,ナ
者	名詞,一般,*,*,*,*,者,モノ,モノ
たち	名詞,接尾,一般,*,*,*,たち,タチ,タチ
に	助詞,格助詞,一般,*,*,*,に,ニ,ニ
所有	名詞,サ変接続,*,*,*,*,所有,ショユウ,ショユー
さ	動詞,自立,*,*,サ変・スル,未然レル接続,する,サ,サ
れる	動詞,接尾,*,*,一段,基本形,れる,レル,レル
そばめ	名詞,一般,*,*,*,*,そばめ,ソバメ,ソバメ
に	助詞,格助詞,一般,*,*,*,に,ニ,ニ
倣っ	動詞,自立,*,*,五段・ワ行促音便,連用タ接続,倣う,ナラッ,ナラッ
て	助詞,接続助詞,*,*,*,*,て,テ,テ
欲情	名詞,一般,*,*,*,*,欲情,ヨクジョウ,ヨクジョー
を	助詞,格助詞,一般,*,*,*,を,ヲ,ヲ
燃やし	動詞,自立,*,*,五段・サ行,連用形,燃やす,モヤシ,モヤシ
つづけ	動詞,非自立,*,*,一段,連用形,つづける,ツヅケ,ツズケ
た	助動詞,*,*,*,特殊・タ,基本形,た,タ,タ
。	記号,句点,*,*,*,*,。,。,。
そして	接続詞,*,*,*,*,*,そして,ソシテ,ソシテ
あなた	名詞,代名詞,一般,*,*,*,あなた,アナタ,アナタ
は	助詞,係助詞,*,*,*,*,は,ハ,ワ
，	記号,読点,*,*,*,*,，,，,，
若い	形容詞,自立,*,*,形容詞・アウオ段,基本形,若い,ワカイ,ワカイ
時	名詞,非自立,副詞可能,*,*,*,時,トキ,トキ
の	助詞,連体化,*,*,*,*,の,ノ,ノ
乳房	名詞,一般,*,*,*,*,乳房,チブサ,チブサ
の	助詞,連体化,*,*,*,*,の,ノ,ノ
ため	名詞,非自立,副詞可能,*,*,*,ため,タメ,タメ
に	助詞,格助詞,一般,*,*,*,に,ニ,ニ
エジプト	名詞,固有名詞,地域,国,*,*,エジプト,エジプト,エジプト
[	名詞,サ変接続,*,*,*,*,*
の	助詞,連体化,*,*,*,*,の,ノ,ノ
時	名詞,非自立,副詞可能,*,*,*,時,トキ,トキ
]	名詞,サ変接続,*,*,*,*,*
から	助詞,格助詞,一般,*,*,*,から,カラ,カラ
ずっと	副詞,一般,*,*,*,*,ずっと,ズット,ズット
胸	名詞,一般,*,*,*,*,胸,ムネ,ムネ
を	助詞,格助詞,一般,*,*,*,を,ヲ,ヲ
抱き締め	動詞,自立,*,*,一段,未然形,抱き締める,ダキシメ,ダキシメ
られる	動詞,接尾,*,*,一段,基本形,られる,ラレル,ラレル
こと	名詞,非自立,一般,*,*,*,こと,コト,コト
によって	助詞,格助詞,連語,*,*,*,によって,ニヨッテ,ニヨッテ
，	記号,読点,*,*,*,*,，,，,，
自分	名詞,一般,*,*,*,*,自分,ジブン,ジブン
の	助詞,格助詞,一般,*,*,*,の,ノ,ノ
若い	形容詞,自立,*,*,形容詞・アウオ段,基本形,若い,ワカイ,ワカイ
時	名詞,非自立,副詞可能,*,*,*,時,トキ,トキ
の	助詞,連体化,*,*,*,*,の,ノ,ノ
みだら	名詞,形容動詞語幹,*,*,*,*,みだら,ミダラ,ミダラ
な	助動詞,*,*,*,特殊・ダ,体言接続,だ,ナ,ナ
行ない	動詞,自立,*,*,五段・ワ行促音便,連用形,行なう,オコナイ,オコナイ
に	助詞,格助詞,一般,*,*,*,に,ニ,ニ
注意	名詞,サ変接続,*,*,*,*,注意,チュウイ,チューイ
を	助詞,格助詞,一般,*,*,*,を,ヲ,ヲ
向け	動詞,自立,*,*,一段,連用形,向ける,ムケ,ムケ
続け	動詞,非自立,*,*,一段,連用形,続ける,ツヅケ,ツズケ
た	助動詞,*,*,*,特殊・タ,基本形,た,タ,タ
。	記号,句点,*,*,*,*,。,。,。
「	記号,括弧開,*,*,*,*,「,「,「
それ	名詞,代名詞,一般,*,*,*,それ,ソレ,ソレ
ゆえ	名詞,接尾,一般,*,*,*,ゆえ,ユエ,ユエ
，	記号,読点,*,*,*,*,，,，,，
オホリバ	名詞,一般,*,*,*,*,*
よ	助詞,終助詞,*,*,*,*,よ,ヨ,ヨ
，	記号,読点,*,*,*,*,，,，,，
主権	名詞,一般,*,*,*,*,主権,シュケン,シュケン
者	名詞,接尾,一般,*,*,*,者,シャ,シャ
なる	助動詞,*,*,*,文語・ナリ,体言接続,なり,ナル,ナル
主	接頭詞,名詞接続,*,*,*,*,主,シュ,シュ
エホバ	名詞,一般,*,*,*,*,エホバ,エホバ,エホバ
は	助詞,係助詞,*,*,*,*,は,ハ,ワ
この	連体詞,*,*,*,*,*,この,コノ,コノ
よう	名詞,非自立,助動詞語幹,*,*,*,よう,ヨウ,ヨー
に	助詞,副詞化,*,*,*,*,に,ニ,ニ
言わ	動詞,自立,*,*,五段・ワ行促音便,未然形,言う,イワ,イワ
れ	動詞,接尾,*,*,一段,連用形,れる,レ,レ
た	助動詞,*,*,*,特殊・タ,基本形,た,タ,タ
。	記号,句点,*,*,*,*,。,。,。
『	記号,括弧開,*,*,*,*,『,『,『
いま	名詞,副詞可能,*,*,*,*,いま,イマ,イマ
わたし	名詞,代名詞,一般,*,*,*,わたし,ワタシ,ワタシ
は	助詞,係助詞,*,*,*,*,は,ハ,ワ
，	記号,読点,*,*,*,*,，,，,，
あなた	名詞,代名詞,一般,*,*,*,あなた,アナタ,アナタ
を	助詞,格助詞,一般,*,*,*,を,ヲ,ヲ
熱愛	名詞,サ変接続,*,*,*,*,熱愛,ネツアイ,ネツアイ
する	動詞,自立,*,*,サ変・スル,基本形,する,スル,スル
者	名詞,一般,*,*,*,*,者,モノ,モノ
たち	名詞,接尾,一般,*,*,*,たち,タチ,タチ
を	助詞,格助詞,一般,*,*,*,を,ヲ,ヲ
，	記号,読点,*,*,*,*,，,，,，
あなた	名詞,代名詞,一般,*,*,*,あなた,アナタ,アナタ
の	助詞,連体化,*,*,*,*,の,ノ,ノ
魂	名詞,一般,*,*,*,*,魂,タマシイ,タマシー
が	助詞,格助詞,一般,*,*,*,が,ガ,ガ
嫌悪	名詞,サ変接続,*,*,*,*,嫌悪,ケンオ,ケンオ
の	助詞,連体化,*,*,*,*,の,ノ,ノ
情	名詞,一般,*,*,*,*,情,ジョウ,ジョー
を	助詞,格助詞,一般,*,*,*,を,ヲ,ヲ
抱い	動詞,自立,*,*,五段・カ行イ音便,連用タ接続,抱く,ダイ,ダイ
て	助詞,接続助詞,*,*,*,*,て,テ,テ
遠ざかっ	動詞,自立,*,*,五段・ラ行,連用タ接続,遠ざかる,トオザカッ,トーザカッ
た	助動詞,*,*,*,特殊・タ,基本形,た,タ,タ
者	名詞,一般,*,*,*,*,者,モノ,モノ
たち	名詞,接尾,一般,*,*,*,たち,タチ,タチ
を	助詞,格助詞,一般,*,*,*,を,ヲ,ヲ
，	記号,読点,*,*,*,*,，,，,，
あなた	名詞,代名詞,一般,*,*,*,あなた,アナタ,アナタ
に	助詞,格助詞,一般,*,*,*,に,ニ,ニ
向かっ	動詞,自立,*,*,五段・ワ行促音便,連用タ接続,向かう,ムカッ,ムカッ
て	助詞,接続助詞,*,*,*,*,て,テ,テ
奮い立た	動詞,自立,*,*,五段・タ行,未然形,奮い立つ,フルイタタ,フルイタタ
せる	動詞,接尾,*,*,一段,基本形,せる,セル,セル
。	記号,句点,*,*,*,*,。,。,。
わたし	名詞,代名詞,一般,*,*,*,わたし,ワタシ,ワタシ
は	助詞,係助詞,*,*,*,*,は,ハ,ワ
彼ら	名詞,代名詞,一般,*,*,*,彼ら,カレラ,カレラ
を	助詞,格助詞,一般,*,*,*,を,ヲ,ヲ
連れ	動詞,自立,*,*,一段,連用形,連れる,ツレ,ツレ
来	動詞,自立,*,*,カ変・来ル,連用形,来る,キ,キ
て	助詞,接続助詞,*,*,*,*,て,テ,テ
四方	名詞,一般,*,*,*,*,四方,シホウ,シホー
から	助詞,格助詞,一般,*,*,*,から,カラ,カラ
あなた	名詞,代名詞,一般,*,*,*,あなた,アナタ,アナタ
を	助詞,格助詞,一般,*,*,*,を,ヲ,ヲ
攻め	動詞,自立,*,*,一段,未然形,攻める,セメ,セメ
させる	動詞,接尾,*,*,一段,基本形,させる,サセル,サセル
。	記号,句点,*,*,*,*,。,。,。
バビロン	名詞,一般,*,*,*,*,*
の	助詞,連体化,*,*,*,*,の,ノ,ノ
子	名詞,一般,*,*,*,*,子,コ,コ
ら	名詞,接尾,一般,*,*,*,ら,ラ,ラ
，	記号,読点,*,*,*,*,，,，,，
すべて	名詞,副詞可能,*,*,*,*,すべて,スベテ,スベテ
の	助詞,連体化,*,*,*,*,の,ノ,ノ
カルデア	名詞,一般,*,*,*,*,*
人	名詞,接尾,一般,*,*,*,人,ジン,ジン
，	記号,読点,*,*,*,*,，,，,，
ペコド	名詞,一般,*,*,*,*,*
，	記号,読点,*,*,*,*,，,，,，
ショア	名詞,一般,*,*,*,*,*
，	記号,読点,*,*,*,*,，,，,，
コア	名詞,一般,*,*,*,*,コア,コア,コア
，	記号,読点,*,*,*,*,，,，,，
彼ら	名詞,代名詞,一般,*,*,*,彼ら,カレラ,カレラ
と共に	助詞,格助詞,連語,*,*,*,と共に,トトモニ,トトモニ
アッシリア	名詞,一般,*,*,*,*,*
の	助詞,連体化,*,*,*,*,の,ノ,ノ
すべて	名詞,副詞可能,*,*,*,*,すべて,スベテ,スベテ
の	助詞,連体化,*,*,*,*,の,ノ,ノ
子	名詞,一般,*,*,*,*,子,コ,コ
ら	名詞,接尾,一般,*,*,*,ら,ラ,ラ
，	記号,読点,*,*,*,*,，,，,，
好ましい	形容詞,自立,*,*,形容詞・イ段,基本形,好ましい,コノマシイ,コノマシイ
若者	名詞,一般,*,*,*,*,若者,ワカモノ,ワカモノ
たち	名詞,接尾,一般,*,*,*,たち,タチ,タチ
，	記号,読点,*,*,*,*,，,，,，
総督	名詞,一般,*,*,*,*,総督,ソウトク,ソートク
や	助詞,並立助詞,*,*,*,*,や,ヤ,ヤ
代理	名詞,サ変接続,*,*,*,*,代理,ダイリ,ダイリ
支配	名詞,サ変接続,*,*,*,*,支配,シハイ,シハイ
者	名詞,接尾,一般,*,*,*,者,シャ,シャ
の	助詞,連体化,*,*,*,*,の,ノ,ノ
すべて	名詞,副詞可能,*,*,*,*,すべて,スベテ,スベテ
，	記号,読点,*,*,*,*,，,，,，
戦士	名詞,一般,*,*,*,*,戦士,センシ,センシ
，	記号,読点,*,*,*,*,，,，,，
召集	名詞,サ変接続,*,*,*,*,召集,ショウシュウ,ショーシュー
さ	動詞,自立,*,*,サ変・スル,未然レル接続,する,サ,サ
れ	動詞,接尾,*,*,一段,連用形,れる,レ,レ
た	助動詞,*,*,*,特殊・タ,基本形,た,タ,タ
者	名詞,一般,*,*,*,*,者,モノ,モノ
たち	名詞,接尾,一般,*,*,*,たち,タチ,タチ
，	記号,読点,*,*,*,*,，,，,，
すなわち	接続詞,*,*,*,*,*,すなわち,スナワチ,スナワチ
馬	名詞,一般,*,*,*,*,馬,ウマ,ウマ
に	助詞,格助詞,一般,*,*,*,に,ニ,ニ
乗る	動詞,自立,*,*,五段・ラ行,基本形,乗る,ノル,ノル
者	名詞,一般,*,*,*,*,者,モノ,モノ
たち	名詞,接尾,一般,*,*,*,たち,タチ,タチ
すべて	名詞,副詞可能,*,*,*,*,すべて,スベテ,スベテ
を	助詞,格助詞,一般,*,*,*,を,ヲ,ヲ
。	記号,句点,*,*,*,*,。,。,。
そして	接続詞,*,*,*,*,*,そして,ソシテ,ソシテ
，	記号,読点,*,*,*,*,，,，,，
彼ら	名詞,代名詞,一般,*,*,*,彼ら,カレラ,カレラ
は	助詞,係助詞,*,*,*,*,は,ハ,ワ
必ず	副詞,助詞類接続,*,*,*,*,必ず,カナラズ,カナラズ
入っ	動詞,自立,*,*,五段・ラ行,連用タ接続,入る,ハイッ,ハイッ
て	助詞,接続助詞,*,*,*,*,て,テ,テ
来	動詞,非自立,*,*,カ変・来ル,連用形,来る,キ,キ
て	助詞,接続助詞,*,*,*,*,て,テ,テ
，	記号,読点,*,*,*,*,，,，,，
戦車	名詞,一般,*,*,*,*,戦車,センシャ,センシャ
と	助詞,並立助詞,*,*,*,*,と,ト,ト
車輪	名詞,一般,*,*,*,*,車輪,シャリン,シャリン
の	助詞,連体化,*,*,*,*,の,ノ,ノ
響き	名詞,一般,*,*,*,*,響き,ヒビキ,ヒビキ
，	記号,読点,*,*,*,*,，,，,，
もろもろ	名詞,一般,*,*,*,*,もろもろ,モロモロ,モロモロ
の	助詞,連体化,*,*,*,*,の,ノ,ノ
民	名詞,一般,*,*,*,*,民,ミン,ミン
の	助詞,連体化,*,*,*,*,の,ノ,ノ
会衆	名詞,一般,*,*,*,*,会衆,カイシュウ,カイシュー
，	記号,読点,*,*,*,*,，,，,，
大	接頭詞,名詞接続,*,*,*,*,大,ダイ,ダイ
盾	名詞,一般,*,*,*,*,盾,タテ,タテ
と	助詞,並立助詞,*,*,*,*,と,ト,ト
丸	名詞,固有名詞,人名,姓,*,*,丸,マル,マル
盾	名詞,一般,*,*,*,*,盾,タテ,タテ
とか	助詞,並立助詞,*,*,*,*,とか,トカ,トカ
ぶと	名詞,一般,*,*,*,*,ぶと,ブト,ブト
と	助詞,並立助詞,*,*,*,*,と,ト,ト
を	助詞,格助詞,一般,*,*,*,を,ヲ,ヲ
もっ	動詞,自立,*,*,五段・タ行,連用タ接続,もつ,モッ,モッ
て	助詞,接続助詞,*,*,*,*,て,テ,テ
あなた	名詞,代名詞,一般,*,*,*,あなた,アナタ,アナタ
を	助詞,格助詞,一般,*,*,*,を,ヲ,ヲ
攻める	動詞,自立,*,*,一段,基本形,攻める,セメル,セメル
。	記号,句点,*,*,*,*,。,。,。
彼ら	名詞,代名詞,一般,*,*,*,彼ら,カレラ,カレラ
は	助詞,係助詞,*,*,*,*,は,ハ,ワ
周囲	名詞,一般,*,*,*,*,周囲,シュウイ,シューイ
から	助詞,格助詞,一般,*,*,*,から,カラ,カラ
あなた	名詞,代名詞,一般,*,*,*,あなた,アナタ,アナタ
に	助詞,格助詞,一般,*,*,*,に,ニ,ニ
攻め	動詞,自立,*,*,一段,連用形,攻める,セメ,セメ
かかる	動詞,自立,*,*,五段・ラ行,基本形,かかる,カカル,カカル
。	記号,句点,*,*,*,*,。,。,。
わたし	名詞,代名詞,一般,*,*,*,わたし,ワタシ,ワタシ
は	助詞,係助詞,*,*,*,*,は,ハ,ワ
彼ら	名詞,代名詞,一般,*,*,*,彼ら,カレラ,カレラ
に	助詞,格助詞,一般,*,*,*,に,ニ,ニ
裁き	名詞,一般,*,*,*,*,裁き,サバキ,サバキ
を	助詞,格助詞,一般,*,*,*,を,ヲ,ヲ
ゆだね	動詞,自立,*,*,一段,連用形,ゆだねる,ユダネ,ユダネ
，	記号,読点,*,*,*,*,，,，,，
彼ら	名詞,代名詞,一般,*,*,*,彼ら,カレラ,カレラ
は	助詞,係助詞,*,*,*,*,は,ハ,ワ
必ず	副詞,助詞類接続,*,*,*,*,必ず,カナラズ,カナラズ
自分	名詞,一般,*,*,*,*,自分,ジブン,ジブン
たち	名詞,接尾,一般,*,*,*,たち,タチ,タチ
の	助詞,連体化,*,*,*,*,の,ノ,ノ
裁き	名詞,一般,*,*,*,*,裁き,サバキ,サバキ
を	助詞,格助詞,一般,*,*,*,を,ヲ,ヲ
もっ	動詞,自立,*,*,五段・タ行,連用タ接続,もつ,モッ,モッ
て	助詞,接続助詞,*,*,*,*,て,テ,テ
あなた	名詞,代名詞,一般,*,*,*,あなた,アナタ,アナタ
を	助詞,格助詞,一般,*,*,*,を,ヲ,ヲ
裁く	動詞,自立,*,*,五段・カ行イ音便,基本形,裁く,サバク,サバク
。	記号,句点,*,*,*,*,。,。,。
また	接続詞,*,*,*,*,*,また,マタ,マタ
，	記号,読点,*,*,*,*,，,，,，
わたし	名詞,代名詞,一般,*,*,*,わたし,ワタシ,ワタシ
は	助詞,係助詞,*,*,*,*,は,ハ,ワ
あなた	名詞,代名詞,一般,*,*,*,あなた,アナタ,アナタ
に	助詞,格助詞,一般,*,*,*,に,ニ,ニ
向かっ	動詞,自立,*,*,五段・ワ行促音便,連用タ接続,向かう,ムカッ,ムカッ
て	助詞,接続助詞,*,*,*,*,て,テ,テ
激情	名詞,サ変接続,*,*,*,*,激情,ゲキジョウ,ゲキジョー
を	助詞,格助詞,一般,*,*,*,を,ヲ,ヲ
表わし	動詞,自立,*,*,五段・サ行,連用形,表わす,アラワシ,アラワシ
，	記号,読点,*,*,*,*,，,，,，
彼ら	名詞,代名詞,一般,*,*,*,彼ら,カレラ,カレラ
は	助詞,係助詞,*,*,*,*,は,ハ,ワ
激しい	形容詞,自立,*,*,形容詞・イ段,基本形,激しい,ハゲシイ,ハゲシイ
怒り	名詞,一般,*,*,*,*,怒り,イカリ,イカリ
を	助詞,格助詞,一般,*,*,*,を,ヲ,ヲ
もっ	動詞,自立,*,*,五段・タ行,連用タ接続,もつ,モッ,モッ
て	助詞,接続助詞,*,*,*,*,て,テ,テ
あなた	名詞,代名詞,一般,*,*,*,あなた,アナタ,アナタ
に	助詞,格助詞,一般,*,*,*,に,ニ,ニ
向かっ	動詞,自立,*,*,五段・ワ行促音便,連用タ接続,向かう,ムカッ,ムカッ
て	助詞,接続助詞,*,*,*,*,て,テ,テ
行動	名詞,サ変接続,*,*,*,*,行動,コウドウ,コードー
する	動詞,自立,*,*,サ変・スル,基本形,する,スル,スル
。	記号,句点,*,*,*,*,。,。,。
彼ら	名詞,代名詞,一般,*,*,*,彼ら,カレラ,カレラ
は	助詞,係助詞,*,*,*,*,は,ハ,ワ
あなた	名詞,代名詞,一般,*,*,*,あなた,アナタ,アナタ
の	助詞,連体化,*,*,*,*,の,ノ,ノ
鼻	名詞,一般,*,*,*,*,鼻,ハナ,ハナ
と	助詞,並立助詞,*,*,*,*,と,ト,ト
耳	名詞,一般,*,*,*,*,耳,ミミ,ミミ
を	助詞,格助詞,一般,*,*,*,を,ヲ,ヲ
取り除く	動詞,自立,*,*,五段・カ行イ音便,基本形,取り除く,トリノゾク,トリノゾク
。	記号,句点,*,*,*,*,。,。,。
そして	接続詞,*,*,*,*,*,そして,ソシテ,ソシテ
あなた	名詞,代名詞,一般,*,*,*,あなた,アナタ,アナタ
の	助詞,連体化,*,*,*,*,の,ノ,ノ
残り	名詞,一般,*,*,*,*,残り,ノコリ,ノコリ
は	助詞,係助詞,*,*,*,*,は,ハ,ワ
剣	名詞,一般,*,*,*,*,剣,ケン,ケン
によって	助詞,格助詞,連語,*,*,*,によって,ニヨッテ,ニヨッテ
倒れる	動詞,自立,*,*,一段,基本形,倒れる,タオレル,タオレル
で	助動詞,*,*,*,特殊・ダ,連用形,だ,デ,デ
あろ	助動詞,*,*,*,五段・ラ行アル,未然ウ接続,ある,アロ,アロ
う	助動詞,*,*,*,不変化型,基本形,う,ウ,ウ
。	記号,句点,*,*,*,*,。,。,。
彼ら	名詞,代名詞,一般,*,*,*,彼ら,カレラ,カレラ
は	助詞,係助詞,*,*,*,*,は,ハ,ワ
あなた	名詞,代名詞,一般,*,*,*,あなた,アナタ,アナタ
の	助詞,連体化,*,*,*,*,の,ノ,ノ
息子	名詞,一般,*,*,*,*,息子,ムスコ,ムスコ
や	助詞,並立助詞,*,*,*,*,や,ヤ,ヤ
娘	名詞,一般,*,*,*,*,娘,ムスメ,ムスメ
たち	名詞,接尾,一般,*,*,*,たち,タチ,タチ
を	助詞,格助詞,一般,*,*,*,を,ヲ,ヲ
奪い	動詞,自立,*,*,五段・ワ行促音便,連用形,奪う,ウバイ,ウバイ
，	記号,読点,*,*,*,*,，,，,，
あなた	名詞,代名詞,一般,*,*,*,あなた,アナタ,アナタ
の	助詞,連体化,*,*,*,*,の,ノ,ノ
残り	名詞,一般,*,*,*,*,残り,ノコリ,ノコリ
は	助詞,係助詞,*,*,*,*,は,ハ,ワ
火	名詞,一般,*,*,*,*,火,ヒ,ヒ
によって	助詞,格助詞,連語,*,*,*,によって,ニヨッテ,ニヨッテ
むさぼり	動詞,自立,*,*,五段・ラ行,連用形,むさぼる,ムサボリ,ムサボリ
食わ	動詞,自立,*,*,五段・ワ行促音便,未然形,食う,クワ,クワ
れる	動詞,接尾,*,*,一段,基本形,れる,レル,レル
で	助動詞,*,*,*,特殊・ダ,連用形,だ,デ,デ
あろ	助動詞,*,*,*,五段・ラ行アル,未然ウ接続,ある,アロ,アロ
う	助動詞,*,*,*,不変化型,基本形,う,ウ,ウ
。	記号,句点,*,*,*,*,。,。,。
そして	接続詞,*,*,*,*,*,そして,ソシテ,ソシテ
，	記号,読点,*,*,*,*,，,，,，
彼ら	名詞,代名詞,一般,*,*,*,彼ら,カレラ,カレラ
は	助詞,係助詞,*,*,*,*,は,ハ,ワ
必ず	副詞,助詞類接続,*,*,*,*,必ず,カナラズ,カナラズ
あなた	名詞,代名詞,一般,*,*,*,あなた,アナタ,アナタ
の	助詞,連体化,*,*,*,*,の,ノ,ノ
衣	名詞,一般,*,*,*,*,衣,コロモ,コロモ
を	助詞,格助詞,一般,*,*,*,を,ヲ,ヲ
はぎ取り	動詞,自立,*,*,五段・ラ行,連用形,はぎ取る,ハギトリ,ハギトリ
，	記号,読点,*,*,*,*,，,，,，
あなた	名詞,代名詞,一般,*,*,*,あなた,アナタ,アナタ
の	助詞,連体化,*,*,*,*,の,ノ,ノ
美しい	形容詞,自立,*,*,形容詞・イ段,基本形,美しい,ウツクシイ,ウツクシイ
品々	名詞,一般,*,*,*,*,品々,シナジナ,シナジナ
を	助詞,格助詞,一般,*,*,*,を,ヲ,ヲ
取り去る	動詞,自立,*,*,五段・ラ行,基本形,取り去る,トリサル,トリサル
で	助動詞,*,*,*,特殊・ダ,連用形,だ,デ,デ
あろ	助動詞,*,*,*,五段・ラ行アル,未然ウ接続,ある,アロ,アロ
う	助動詞,*,*,*,不変化型,基本形,う,ウ,ウ
。	記号,句点,*,*,*,*,。,。,。
そして	接続詞,*,*,*,*,*,そして,ソシテ,ソシテ
，	記号,読点,*,*,*,*,，,，,，
わたし	名詞,代名詞,一般,*,*,*,わたし,ワタシ,ワタシ
は	助詞,係助詞,*,*,*,*,は,ハ,ワ
あなた	名詞,代名詞,一般,*,*,*,あなた,アナタ,アナタ
から	助詞,格助詞,一般,*,*,*,から,カラ,カラ
みだら	名詞,形容動詞語幹,*,*,*,*,みだら,ミダラ,ミダラ
な	助動詞,*,*,*,特殊・ダ,体言接続,だ,ナ,ナ
行ない	動詞,自立,*,*,五段・ワ行促音便,連用形,行なう,オコナイ,オコナイ
を	助詞,格助詞,一般,*,*,*,を,ヲ,ヲ
絶やす	動詞,自立,*,*,五段・サ行,基本形,絶やす,タヤス,タヤス
。	記号,句点,*,*,*,*,。,。,。
また	接続詞,*,*,*,*,*,また,マタ,マタ
，	記号,読点,*,*,*,*,，,，,，
エジプト	名詞,固有名詞,地域,国,*,*,エジプト,エジプト,エジプト
の	助詞,連体化,*,*,*,*,の,ノ,ノ
地	名詞,一般,*,*,*,*,地,チ,チ
から	助詞,格助詞,一般,*,*,*,から,カラ,カラ
[	名詞,サ変接続,*,*,*,*,*
携え	動詞,自立,*,*,一段,連用形,携える,タズサエ,タズサエ
て	助詞,接続助詞,*,*,*,*,て,テ,テ
き	動詞,非自立,*,*,カ変・クル,連用形,くる,キ,キ
た	助動詞,*,*,*,特殊・タ,基本形,た,タ,タ
]	名詞,サ変接続,*,*,*,*,*
あなた	名詞,代名詞,一般,*,*,*,あなた,アナタ,アナタ
の	助詞,連体化,*,*,*,*,の,ノ,ノ
売春	名詞,サ変接続,*,*,*,*,売春,バイシュン,バイシュン
を	助詞,格助詞,一般,*,*,*,を,ヲ,ヲ
も	助詞,係助詞,*,*,*,*,も,モ,モ
。	記号,句点,*,*,*,*,。,。,。
あなた	名詞,代名詞,一般,*,*,*,あなた,アナタ,アナタ
は	助詞,係助詞,*,*,*,*,は,ハ,ワ
彼ら	名詞,代名詞,一般,*,*,*,彼ら,カレラ,カレラ
に	助詞,格助詞,一般,*,*,*,に,ニ,ニ
向かっ	動詞,自立,*,*,五段・ワ行促音便,連用タ接続,向かう,ムカッ,ムカッ
て	助詞,接続助詞,*,*,*,*,て,テ,テ
目	名詞,一般,*,*,*,*,目,メ,メ
を	助詞,格助詞,一般,*,*,*,を,ヲ,ヲ
上げ	動詞,自立,*,*,一段,未然形,上げる,アゲ,アゲ
ず	助動詞,*,*,*,特殊・ヌ,連用ニ接続,ぬ,ズ,ズ
，	記号,読点,*,*,*,*,，,，,，
もはや	副詞,助詞類接続,*,*,*,*,もはや,モハヤ,モハヤ
エジプト	名詞,固有名詞,地域,国,*,*,エジプト,エジプト,エジプト
を	助詞,格助詞,一般,*,*,*,を,ヲ,ヲ
思い出す	動詞,自立,*,*,五段・サ行,基本形,思い出す,オモイダス,オモイダス
こと	名詞,非自立,一般,*,*,*,こと,コト,コト
も	助詞,係助詞,*,*,*,*,も,モ,モ
ない	形容詞,自立,*,*,形容詞・アウオ段,基本形,ない,ナイ,ナイ
』	記号,括弧閉,*,*,*,*,』,』,』
。	記号,句点,*,*,*,*,。,。,。
「	記号,括弧開,*,*,*,*,「,「,「
主権	名詞,一般,*,*,*,*,主権,シュケン,シュケン
者	名詞,接尾,一般,*,*,*,者,シャ,シャ
なる	助動詞,*,*,*,文語・ナリ,体言接続,なり,ナル,ナル
主	接頭詞,名詞接続,*,*,*,*,主,シュ,シュ
エホバ	名詞,一般,*,*,*,*,エホバ,エホバ,エホバ
は	助詞,係助詞,*,*,*,*,は,ハ,ワ
この	連体詞,*,*,*,*,*,この,コノ,コノ
よう	名詞,非自立,助動詞語幹,*,*,*,よう,ヨウ,ヨー
に	助詞,副詞化,*,*,*,*,に,ニ,ニ
言わ	動詞,自立,*,*,五段・ワ行促音便,未然形,言う,イワ,イワ
れ	動詞,接尾,*,*,一段,連用形,れる,レ,レ
た	助動詞,*,*,*,特殊・タ,基本形,た,タ,タ
から	助詞,接続助詞,*,*,*,*,から,カラ,カラ
で	助動詞,*,*,*,特殊・ダ,連用形,だ,デ,デ
ある	助動詞,*,*,*,五段・ラ行アル,基本形,ある,アル,アル
。	記号,句点,*,*,*,*,。,。,。
『	記号,括弧開,*,*,*,*,『,『,『
いま	名詞,副詞可能,*,*,*,*,いま,イマ,イマ
わたし	名詞,代名詞,一般,*,*,*,わたし,ワタシ,ワタシ
は	助詞,係助詞,*,*,*,*,は,ハ,ワ
，	記号,読点,*,*,*,*,，,，,，
あなた	名詞,代名詞,一般,*,*,*,あなた,アナタ,アナタ
が	助詞,格助詞,一般,*,*,*,が,ガ,ガ
憎ん	動詞,自立,*,*,五段・マ行,連用タ接続,憎む,ニクン,ニクン
だ	助動詞,*,*,*,特殊・タ,基本形,だ,ダ,ダ
者	名詞,接尾,一般,*,*,*,者,シャ,シャ
たち	名詞,接尾,一般,*,*,*,たち,タチ,タチ
の	助詞,連体化,*,*,*,*,の,ノ,ノ
手	名詞,一般,*,*,*,*,手,テ,テ
に	助詞,格助詞,一般,*,*,*,に,ニ,ニ
，	記号,読点,*,*,*,*,，,，,，
あなた	名詞,代名詞,一般,*,*,*,あなた,アナタ,アナタ
の	助詞,連体化,*,*,*,*,の,ノ,ノ
魂	名詞,一般,*,*,*,*,魂,タマシイ,タマシー
が	助詞,格助詞,一般,*,*,*,が,ガ,ガ
嫌悪	名詞,サ変接続,*,*,*,*,嫌悪,ケンオ,ケンオ
の	助詞,連体化,*,*,*,*,の,ノ,ノ
情	名詞,一般,*,*,*,*,情,ジョウ,ジョー
を	助詞,格助詞,一般,*,*,*,を,ヲ,ヲ
抱い	動詞,自立,*,*,五段・カ行イ音便,連用タ接続,抱く,ダイ,ダイ
て	助詞,接続助詞,*,*,*,*,て,テ,テ
遠ざかっ	動詞,自立,*,*,五段・ラ行,連用タ接続,遠ざかる,トオザカッ,トーザカッ
た	助動詞,*,*,*,特殊・タ,基本形,た,タ,タ
者	名詞,一般,*,*,*,*,者,モノ,モノ
たち	名詞,接尾,一般,*,*,*,たち,タチ,タチ
の	助詞,連体化,*,*,*,*,の,ノ,ノ
手	名詞,一般,*,*,*,*,手,テ,テ
に	助詞,格助詞,一般,*,*,*,に,ニ,ニ
あなた	名詞,代名詞,一般,*,*,*,あなた,アナタ,アナタ
を	助詞,格助詞,一般,*,*,*,を,ヲ,ヲ
渡す	動詞,自立,*,*,五段・サ行,基本形,渡す,ワタス,ワタス
。	記号,句点,*,*,*,*,。,。,。
そして	接続詞,*,*,*,*,*,そして,ソシテ,ソシテ
，	記号,読点,*,*,*,*,，,，,，
彼ら	名詞,代名詞,一般,*,*,*,彼ら,カレラ,カレラ
は	助詞,係助詞,*,*,*,*,は,ハ,ワ
必ず	副詞,助詞類接続,*,*,*,*,必ず,カナラズ,カナラズ
憎しみ	名詞,一般,*,*,*,*,憎しみ,ニクシミ,ニクシミ
の	助詞,連体化,*,*,*,*,の,ノ,ノ
念	名詞,一般,*,*,*,*,念,ネン,ネン
を	助詞,格助詞,一般,*,*,*,を,ヲ,ヲ
抱い	動詞,自立,*,*,五段・カ行イ音便,連用タ接続,抱く,ダイ,ダイ
て	助詞,接続助詞,*,*,*,*,て,テ,テ
あなた	名詞,代名詞,一般,*,*,*,あなた,アナタ,アナタ
に	助詞,格助詞,一般,*,*,*,に,ニ,ニ
向かっ	動詞,自立,*,*,五段・ワ行促音便,連用タ接続,向かう,ムカッ,ムカッ
て	助詞,接続助詞,*,*,*,*,て,テ,テ
行動	名詞,サ変接続,*,*,*,*,行動,コウドウ,コードー
し	動詞,自立,*,*,サ変・スル,連用形,する,シ,シ
，	記号,読点,*,*,*,*,，,，,，
あなた	名詞,代名詞,一般,*,*,*,あなた,アナタ,アナタ
の	助詞,連体化,*,*,*,*,の,ノ,ノ
労苦	名詞,一般,*,*,*,*,労苦,ロウク,ローク
の	助詞,連体化,*,*,*,*,の,ノ,ノ
実	名詞,一般,*,*,*,*,実,ミ,ミ
を	助詞,格助詞,一般,*,*,*,を,ヲ,ヲ
すべて	名詞,副詞可能,*,*,*,*,すべて,スベテ,スベテ
取り去り	動詞,自立,*,*,五段・ラ行,連用形,取り去る,トリサリ,トリサリ
，	記号,読点,*,*,*,*,，,，,，
あなた	名詞,代名詞,一般,*,*,*,あなた,アナタ,アナタ
を	助詞,格助詞,一般,*,*,*,を,ヲ,ヲ
裸	名詞,一般,*,*,*,*,裸,ハダカ,ハダカ
に	助詞,格助詞,一般,*,*,*,に,ニ,ニ
し	動詞,自立,*,*,サ変・スル,連用形,する,シ,シ
，	記号,読点,*,*,*,*,，,，,，
何	名詞,代名詞,一般,*,*,*,何,ナニ,ナニ
も	助詞,係助詞,*,*,*,*,も,モ,モ
身	名詞,一般,*,*,*,*,身,ミ,ミ
に	助詞,格助詞,一般,*,*,*,に,ニ,ニ
着け	動詞,自立,*,*,一段,未然形,着ける,ツケ,ツケ
ない	助動詞,*,*,*,特殊・ナイ,基本形,ない,ナイ,ナイ
まま	名詞,非自立,副詞可能,*,*,*,まま,ママ,ママ
に	助詞,格助詞,一般,*,*,*,に,ニ,ニ
さ	動詞,自立,*,*,サ変・スル,未然レル接続,する,サ,サ
せ	動詞,接尾,*,*,一段,連用形,せる,セ,セ
て	助詞,接続助詞,*,*,*,*,て,テ,テ
捨て	動詞,自立,*,*,一段,連用形,捨てる,ステ,ステ
て	助詞,接続助詞,*,*,*,*,て,テ,テ
行く	動詞,非自立,*,*,五段・カ行促音便,基本形,行く,イク,イク
で	助動詞,*,*,*,特殊・ダ,連用形,だ,デ,デ
あろ	助動詞,*,*,*,五段・ラ行アル,未然ウ接続,ある,アロ,アロ
う	助動詞,*,*,*,不変化型,基本形,う,ウ,ウ
。	記号,句点,*,*,*,*,。,。,。
あなた	名詞,代名詞,一般,*,*,*,あなた,アナタ,アナタ
の	助詞,連体化,*,*,*,*,の,ノ,ノ
淫行	名詞,一般,*,*,*,*,淫行,インコウ,インコー
と	助詞,並立助詞,*,*,*,*,と,ト,ト
，	記号,読点,*,*,*,*,，,，,，
みだら	名詞,形容動詞語幹,*,*,*,*,みだら,ミダラ,ミダラ
な	助動詞,*,*,*,特殊・ダ,体言接続,だ,ナ,ナ
行ない	動詞,自立,*,*,五段・ワ行促音便,連用形,行なう,オコナイ,オコナイ
，	記号,読点,*,*,*,*,，,，,，
売春	名詞,サ変接続,*,*,*,*,売春,バイシュン,バイシュン
行為	名詞,サ変接続,*,*,*,*,行為,コウイ,コーイ
の	助詞,連体化,*,*,*,*,の,ノ,ノ
裸	名詞,一般,*,*,*,*,裸,ハダカ,ハダカ
は	助詞,係助詞,*,*,*,*,は,ハ,ワ
必ず	副詞,助詞類接続,*,*,*,*,必ず,カナラズ,カナラズ
あらわ	名詞,形容動詞語幹,*,*,*,*,あらわ,アラワ,アラワ
に	助詞,格助詞,一般,*,*,*,に,ニ,ニ
さ	動詞,自立,*,*,サ変・スル,未然レル接続,する,サ,サ
れる	動詞,接尾,*,*,一段,基本形,れる,レル,レル
。	記号,句点,*,*,*,*,。,。,。
あなた	名詞,代名詞,一般,*,*,*,あなた,アナタ,アナタ
に対して	助詞,格助詞,連語,*,*,*,に対して,ニタイシテ,ニタイシテ
これら	名詞,代名詞,一般,*,*,*,これら,コレラ,コレラ
の	助詞,連体化,*,*,*,*,の,ノ,ノ
こと	名詞,非自立,一般,*,*,*,こと,コト,コト
が	助詞,格助詞,一般,*,*,*,が,ガ,ガ
なさ	動詞,自立,*,*,五段・サ行,未然形,なす,ナサ,ナサ
れる	動詞,接尾,*,*,一段,基本形,れる,レル,レル
で	助動詞,*,*,*,特殊・ダ,連用形,だ,デ,デ
あろ	助動詞,*,*,*,五段・ラ行アル,未然ウ接続,ある,アロ,アロ
う	助動詞,*,*,*,不変化型,基本形,う,ウ,ウ
。	記号,句点,*,*,*,*,。,。,。
あなた	名詞,代名詞,一般,*,*,*,あなた,アナタ,アナタ
が	助詞,格助詞,一般,*,*,*,が,ガ,ガ
売春	名詞,サ変接続,*,*,*,*,売春,バイシュン,バイシュン
婦	名詞,接尾,一般,*,*,*,婦,フ,フ
の	助詞,連体化,*,*,*,*,の,ノ,ノ
よう	名詞,非自立,助動詞語幹,*,*,*,よう,ヨウ,ヨー
に	助詞,格助詞,一般,*,*,*,に,ニ,ニ
なっ	動詞,自立,*,*,五段・ラ行,連用タ接続,なる,ナッ,ナッ
て	助詞,接続助詞,*,*,*,*,て,テ,テ
諸	接頭詞,名詞接続,*,*,*,*,諸,ショ,ショ
国民	名詞,一般,*,*,*,*,国民,コクミン,コクミン
に	助詞,格助詞,一般,*,*,*,に,ニ,ニ
ついて行く	動詞,自立,*,*,五段・カ行促音便,基本形,ついて行く,ツイテイク,ツイテイク
から	助詞,接続助詞,*,*,*,*,から,カラ,カラ
で	助動詞,*,*,*,特殊・ダ,連用形,だ,デ,デ
ある	助動詞,*,*,*,五段・ラ行アル,基本形,ある,アル,アル
。	記号,句点,*,*,*,*,。,。,。
あなた	名詞,代名詞,一般,*,*,*,あなた,アナタ,アナタ
が	助詞,格助詞,一般,*,*,*,が,ガ,ガ
彼ら	名詞,代名詞,一般,*,*,*,彼ら,カレラ,カレラ
の	助詞,連体化,*,*,*,*,の,ノ,ノ
糞	名詞,一般,*,*,*,*,糞,クソ,クソ
像	名詞,接尾,一般,*,*,*,像,ゾウ,ゾー
で	助詞,格助詞,一般,*,*,*,で,デ,デ
身	名詞,一般,*,*,*,*,身,ミ,ミ
を	助詞,格助詞,一般,*,*,*,を,ヲ,ヲ
汚し	動詞,自立,*,*,五段・サ行,連用形,汚す,ヨゴシ,ヨゴシ
た	助動詞,*,*,*,特殊・タ,基本形,た,タ,タ
から	助詞,接続助詞,*,*,*,*,から,カラ,カラ
で	助動詞,*,*,*,特殊・ダ,連用形,だ,デ,デ
ある	助動詞,*,*,*,五段・ラ行アル,基本形,ある,アル,アル
。	記号,句点,*,*,*,*,。,。,。
あなた	名詞,代名詞,一般,*,*,*,あなた,アナタ,アナタ
は	助詞,係助詞,*,*,*,*,は,ハ,ワ
自分	名詞,一般,*,*,*,*,自分,ジブン,ジブン
の	助詞,連体化,*,*,*,*,の,ノ,ノ
姉妹	名詞,一般,*,*,*,*,姉妹,シマイ,シマイ
の	助詞,連体化,*,*,*,*,の,ノ,ノ
道	名詞,一般,*,*,*,*,道,ミチ,ミチ
を	助詞,格助詞,一般,*,*,*,を,ヲ,ヲ
歩ん	動詞,自立,*,*,五段・マ行,連用タ接続,歩む,アユン,アユン
だ	助動詞,*,*,*,特殊・タ,基本形,だ,ダ,ダ
。	記号,句点,*,*,*,*,。,。,。
わたし	名詞,代名詞,一般,*,*,*,わたし,ワタシ,ワタシ
は	助詞,係助詞,*,*,*,*,は,ハ,ワ
彼女	名詞,代名詞,一般,*,*,*,彼女,カノジョ,カノジョ
の	助詞,連体化,*,*,*,*,の,ノ,ノ
杯	名詞,一般,*,*,*,*,杯,ハイ,ハイ
を	助詞,格助詞,一般,*,*,*,を,ヲ,ヲ
あなた	名詞,代名詞,一般,*,*,*,あなた,アナタ,アナタ
の	助詞,連体化,*,*,*,*,の,ノ,ノ
手	名詞,一般,*,*,*,*,手,テ,テ
に	助詞,格助詞,一般,*,*,*,に,ニ,ニ
渡さ	動詞,自立,*,*,五段・サ行,未然形,渡す,ワタサ,ワタサ
なけれ	助動詞,*,*,*,特殊・ナイ,仮定形,ない,ナケレ,ナケレ
ば	助詞,接続助詞,*,*,*,*,ば,バ,バ
なら	動詞,非自立,*,*,五段・ラ行,未然形,なる,ナラ,ナラ
なく	助動詞,*,*,*,特殊・ナイ,連用テ接続,ない,ナク,ナク
なる	動詞,自立,*,*,五段・ラ行,基本形,なる,ナル,ナル
で	助動詞,*,*,*,特殊・ダ,連用形,だ,デ,デ
あろ	助動詞,*,*,*,五段・ラ行アル,未然ウ接続,ある,アロ,アロ
う	助動詞,*,*,*,不変化型,基本形,う,ウ,ウ
』	記号,括弧閉,*,*,*,*,』,』,』
。	記号,句点,*,*,*,*,。,。,。
「	記号,括弧開,*,*,*,*,「,「,「
主権	名詞,一般,*,*,*,*,主権,シュケン,シュケン
者	名詞,接尾,一般,*,*,*,者,シャ,シャ
なる	助動詞,*,*,*,文語・ナリ,体言接続,なり,ナル,ナル
主	接頭詞,名詞接続,*,*,*,*,主,シュ,シュ
エホバ	名詞,一般,*,*,*,*,エホバ,エホバ,エホバ
は	助詞,係助詞,*,*,*,*,は,ハ,ワ
この	連体詞,*,*,*,*,*,この,コノ,コノ
よう	名詞,非自立,助動詞語幹,*,*,*,よう,ヨウ,ヨー
に	助詞,副詞化,*,*,*,*,に,ニ,ニ
言わ	動詞,自立,*,*,五段・ワ行促音便,未然形,言う,イワ,イワ
れ	動詞,接尾,*,*,一段,連用形,れる,レ,レ
た	助動詞,*,*,*,特殊・タ,基本形,た,タ,タ
。	記号,句点,*,*,*,*,。,。,。
『	記号,括弧開,*,*,*,*,『,『,『
あなた	名詞,代名詞,一般,*,*,*,あなた,アナタ,アナタ
の	助詞,連体化,*,*,*,*,の,ノ,ノ
姉妹	名詞,一般,*,*,*,*,姉妹,シマイ,シマイ
の	助詞,連体化,*,*,*,*,の,ノ,ノ
杯	名詞,一般,*,*,*,*,杯,ハイ,ハイ
を	助詞,格助詞,一般,*,*,*,を,ヲ,ヲ
あなた	名詞,代名詞,一般,*,*,*,あなた,アナタ,アナタ
は	助詞,係助詞,*,*,*,*,は,ハ,ワ
飲む	動詞,自立,*,*,五段・マ行,基本形,飲む,ノム,ノム
で	助動詞,*,*,*,特殊・ダ,連用形,だ,デ,デ
あろ	助動詞,*,*,*,五段・ラ行アル,未然ウ接続,ある,アロ,アロ
う	助動詞,*,*,*,不変化型,基本形,う,ウ,ウ
。	記号,句点,*,*,*,*,。,。,。
それ	名詞,代名詞,一般,*,*,*,それ,ソレ,ソレ
は	助詞,係助詞,*,*,*,*,は,ハ,ワ
深く	形容詞,自立,*,*,形容詞・アウオ段,連用テ接続,深い,フカク,フカク
て	助詞,接続助詞,*,*,*,*,て,テ,テ
，	記号,読点,*,*,*,*,，,，,，
広い	形容詞,自立,*,*,形容詞・アウオ段,基本形,広い,ヒロイ,ヒロイ
[	名詞,サ変接続,*,*,*,*,*
杯	名詞,接尾,一般,*,*,*,杯,ハイ,ハイ
]	名詞,サ変接続,*,*,*,*,*
で	助動詞,*,*,*,特殊・ダ,連用形,だ,デ,デ
ある	助動詞,*,*,*,五段・ラ行アル,基本形,ある,アル,アル
。	記号,句点,*,*,*,*,。,。,。
あなた	名詞,代名詞,一般,*,*,*,あなた,アナタ,アナタ
は	助詞,係助詞,*,*,*,*,は,ハ,ワ
笑い	名詞,一般,*,*,*,*,笑い,ワライ,ワライ
と	助詞,格助詞,一般,*,*,*,と,ト,ト
嘲笑	名詞,サ変接続,*,*,*,*,嘲笑,チョウショウ,チョーショー
の	助詞,連体化,*,*,*,*,の,ノ,ノ
的	名詞,一般,*,*,*,*,的,マト,マト
と	助詞,格助詞,一般,*,*,*,と,ト,ト
なる	動詞,自立,*,*,五段・ラ行,基本形,なる,ナル,ナル
。	記号,句点,*,*,*,*,。,。,。
[	名詞,サ変接続,*,*,*,*,*
その	連体詞,*,*,*,*,*,その,ソノ,ソノ
杯	名詞,一般,*,*,*,*,杯,ハイ,ハイ
に	助詞,格助詞,一般,*,*,*,に,ニ,ニ
]	名詞,サ変接続,*,*,*,*,*
は	助詞,係助詞,*,*,*,*,は,ハ,ワ
多く	形容詞,自立,*,*,形容詞・アウオ段,連用テ接続,多い,オオク,オーク
入っ	動詞,自立,*,*,五段・ラ行,連用タ接続,入る,ハイッ,ハイッ
て	助詞,接続助詞,*,*,*,*,て,テ,テ
いる	動詞,非自立,*,*,一段,基本形,いる,イル,イル
から	助詞,接続助詞,*,*,*,*,から,カラ,カラ
で	助動詞,*,*,*,特殊・ダ,連用形,だ,デ,デ
ある	助動詞,*,*,*,五段・ラ行アル,基本形,ある,アル,アル
。	記号,句点,*,*,*,*,。,。,。
あなた	名詞,代名詞,一般,*,*,*,あなた,アナタ,アナタ
は	助詞,係助詞,*,*,*,*,は,ハ,ワ
酔い	名詞,一般,*,*,*,*,酔い,ヨイ,ヨイ
と	助詞,格助詞,一般,*,*,*,と,ト,ト
悲嘆	名詞,サ変接続,*,*,*,*,悲嘆,ヒタン,ヒタン
に	助詞,格助詞,一般,*,*,*,に,ニ,ニ
満たさ	動詞,自立,*,*,五段・サ行,未然形,満たす,ミタサ,ミタサ
れる	動詞,接尾,*,*,一段,基本形,れる,レル,レル
。	記号,句点,*,*,*,*,。,。,。
驚がく	名詞,サ変接続,*,*,*,*,驚がく,キョウガク,キョーガク
と	助詞,並立助詞,*,*,*,*,と,ト,ト
荒廃	名詞,サ変接続,*,*,*,*,荒廃,コウハイ,コーハイ
の	助詞,連体化,*,*,*,*,の,ノ,ノ
杯	名詞,一般,*,*,*,*,杯,ハイ,ハイ
，	記号,読点,*,*,*,*,，,，,，
あなた	名詞,代名詞,一般,*,*,*,あなた,アナタ,アナタ
の	助詞,連体化,*,*,*,*,の,ノ,ノ
姉	名詞,一般,*,*,*,*,姉,アネ,アネ
サマ	名詞,接尾,人名,*,*,*,サマ,サマ,サマ
リア	名詞,一般,*,*,*,*,リア,リア,リア
の	助詞,連体化,*,*,*,*,の,ノ,ノ
杯	名詞,一般,*,*,*,*,杯,ハイ,ハイ
と	助詞,並立助詞,*,*,*,*,と,ト,ト
を	助詞,格助詞,一般,*,*,*,を,ヲ,ヲ
もっ	動詞,自立,*,*,五段・タ行,連用タ接続,もつ,モッ,モッ
て	助詞,接続助詞,*,*,*,*,て,テ,テ
。	記号,句点,*,*,*,*,。,。,。
そして	接続詞,*,*,*,*,*,そして,ソシテ,ソシテ
あなた	名詞,代名詞,一般,*,*,*,あなた,アナタ,アナタ
は	助詞,係助詞,*,*,*,*,は,ハ,ワ
それ	名詞,代名詞,一般,*,*,*,それ,ソレ,ソレ
を	助詞,格助詞,一般,*,*,*,を,ヲ,ヲ
飲み	動詞,自立,*,*,五段・マ行,連用形,飲む,ノミ,ノミ
，	記号,読点,*,*,*,*,，,，,，
[	名詞,サ変接続,*,*,*,*,*
それ	名詞,代名詞,一般,*,*,*,それ,ソレ,ソレ
を	助詞,格助詞,一般,*,*,*,を,ヲ,ヲ
]	名詞,サ変接続,*,*,*,*,*
飲み	動詞,自立,*,*,五段・マ行,連用形,飲む,ノミ,ノミ
干さ	動詞,自立,*,*,五段・サ行,未然形,干す,ホサ,ホサ
なけれ	助動詞,*,*,*,特殊・ナイ,仮定形,ない,ナケレ,ナケレ
ば	助詞,接続助詞,*,*,*,*,ば,バ,バ
なら	動詞,非自立,*,*,五段・ラ行,未然形,なる,ナラ,ナラ
ない	助動詞,*,*,*,特殊・ナイ,基本形,ない,ナイ,ナイ
。	記号,句点,*,*,*,*,。,。,。
あなた	名詞,代名詞,一般,*,*,*,あなた,アナタ,アナタ
は	助詞,係助詞,*,*,*,*,は,ハ,ワ
その	連体詞,*,*,*,*,*,その,ソノ,ソノ
土器	名詞,一般,*,*,*,*,土器,ドキ,ドキ
の	助詞,連体化,*,*,*,*,の,ノ,ノ
かけ	名詞,一般,*,*,*,*,かけ,カケ,カケ
ら	名詞,接尾,一般,*,*,*,ら,ラ,ラ
を	助詞,格助詞,一般,*,*,*,を,ヲ,ヲ
かじり	動詞,自立,*,*,五段・ラ行,連用形,かじる,カジリ,カジリ
，	記号,読点,*,*,*,*,，,，,，
自分	名詞,一般,*,*,*,*,自分,ジブン,ジブン
の	助詞,連体化,*,*,*,*,の,ノ,ノ
乳房	名詞,一般,*,*,*,*,乳房,チブサ,チブサ
を	助詞,格助詞,一般,*,*,*,を,ヲ,ヲ
かき	動詞,自立,*,*,五段・カ行イ音便,連用形,かく,カキ,カキ
裂く	動詞,自立,*,*,五段・カ行イ音便,基本形,裂く,サク,サク
で	助動詞,*,*,*,特殊・ダ,連用形,だ,デ,デ
あろ	助動詞,*,*,*,五段・ラ行アル,未然ウ接続,ある,アロ,アロ
う	助動詞,*,*,*,不変化型,基本形,う,ウ,ウ
。	記号,句点,*,*,*,*,。,。,。
「	記号,括弧開,*,*,*,*,「,「,「
わたし	名詞,代名詞,一般,*,*,*,わたし,ワタシ,ワタシ
が	助詞,格助詞,一般,*,*,*,が,ガ,ガ
語っ	動詞,自立,*,*,五段・ラ行,連用タ接続,語る,カタッ,カタッ
た	助動詞,*,*,*,特殊・タ,基本形,た,タ,タ
から	助詞,接続助詞,*,*,*,*,から,カラ,カラ
で	助動詞,*,*,*,特殊・ダ,連用形,だ,デ,デ
ある	助動詞,*,*,*,五段・ラ行アル,基本形,ある,アル,アル
」	記号,括弧閉,*,*,*,*,」,」,」
と	助詞,格助詞,引用,*,*,*,と,ト,ト
，	記号,読点,*,*,*,*,，,，,，
主権	名詞,一般,*,*,*,*,主権,シュケン,シュケン
者	名詞,接尾,一般,*,*,*,者,シャ,シャ
なる	助動詞,*,*,*,文語・ナリ,体言接続,なり,ナル,ナル
主	接頭詞,名詞接続,*,*,*,*,主,シュ,シュ
エホバ	名詞,一般,*,*,*,*,エホバ,エホバ,エホバ
は	助詞,係助詞,*,*,*,*,は,ハ,ワ
お告げ	名詞,一般,*,*,*,*,お告げ,オツゲ,オツゲ
に	助詞,格助詞,一般,*,*,*,に,ニ,ニ
なる	動詞,自立,*,*,五段・ラ行,基本形,なる,ナル,ナル
』	記号,括弧閉,*,*,*,*,』,』,』
。	記号,句点,*,*,*,*,。,。,。
「	記号,括弧開,*,*,*,*,「,「,「
それ	名詞,代名詞,一般,*,*,*,それ,ソレ,ソレ
ゆえ	名詞,接尾,一般,*,*,*,ゆえ,ユエ,ユエ
，	記号,読点,*,*,*,*,，,，,，
主権	名詞,一般,*,*,*,*,主権,シュケン,シュケン
者	名詞,接尾,一般,*,*,*,者,シャ,シャ
なる	助動詞,*,*,*,文語・ナリ,体言接続,なり,ナル,ナル
主	接頭詞,名詞接続,*,*,*,*,主,シュ,シュ
エホバ	名詞,一般,*,*,*,*,エホバ,エホバ,エホバ
は	助詞,係助詞,*,*,*,*,は,ハ,ワ
この	連体詞,*,*,*,*,*,この,コノ,コノ
よう	名詞,非自立,助動詞語幹,*,*,*,よう,ヨウ,ヨー
に	助詞,副詞化,*,*,*,*,に,ニ,ニ
言わ	動詞,自立,*,*,五段・ワ行促音便,未然形,言う,イワ,イワ
れ	動詞,接尾,*,*,一段,連用形,れる,レ,レ
た	助動詞,*,*,*,特殊・タ,基本形,た,タ,タ
。	記号,句点,*,*,*,*,。,。,。
『	記号,括弧開,*,*,*,*,『,『,『
あなた	名詞,代名詞,一般,*,*,*,あなた,アナタ,アナタ
は	助詞,係助詞,*,*,*,*,は,ハ,ワ
わたし	名詞,代名詞,一般,*,*,*,わたし,ワタシ,ワタシ
を	助詞,格助詞,一般,*,*,*,を,ヲ,ヲ
忘れ	動詞,自立,*,*,一段,連用形,忘れる,ワスレ,ワスレ
，	記号,読点,*,*,*,*,，,，,，
わたし	名詞,代名詞,一般,*,*,*,わたし,ワタシ,ワタシ
を	助詞,格助詞,一般,*,*,*,を,ヲ,ヲ
あなた	名詞,代名詞,一般,*,*,*,あなた,アナタ,アナタ
の	助詞,連体化,*,*,*,*,の,ノ,ノ
背	名詞,一般,*,*,*,*,背,セ,セ
の	助詞,連体化,*,*,*,*,の,ノ,ノ
後ろ	名詞,一般,*,*,*,*,後ろ,ウシロ,ウシロ
に	助詞,格助詞,一般,*,*,*,に,ニ,ニ
投げ捨て	動詞,自立,*,*,一段,連用形,投げ捨てる,ナゲステ,ナゲステ
た	助動詞,*,*,*,特殊・タ,基本形,た,タ,タ
ので	助詞,接続助詞,*,*,*,*,ので,ノデ,ノデ
，	記号,読点,*,*,*,*,，,，,，
あなた	名詞,代名詞,一般,*,*,*,あなた,アナタ,アナタ
が	助詞,格助詞,一般,*,*,*,が,ガ,ガ
また	接続詞,*,*,*,*,*,また,マタ,マタ
，	記号,読点,*,*,*,*,，,，,，
自分	名詞,一般,*,*,*,*,自分,ジブン,ジブン
の	助詞,連体化,*,*,*,*,の,ノ,ノ
みだら	名詞,形容動詞語幹,*,*,*,*,みだら,ミダラ,ミダラ
な	助動詞,*,*,*,特殊・ダ,体言接続,だ,ナ,ナ
行	名詞,一般,*,*,*,*,行,クダリ,クダリ
ない	形容詞,自立,*,*,形容詞・アウオ段,基本形,ない,ナイ,ナイ
と	助詞,格助詞,引用,*,*,*,と,ト,ト
売春	名詞,サ変接続,*,*,*,*,売春,バイシュン,バイシュン
行為	名詞,サ変接続,*,*,*,*,行為,コウイ,コーイ
を	助詞,格助詞,一般,*,*,*,を,ヲ,ヲ
負う	動詞,自立,*,*,五段・ワ行促音便,基本形,負う,オウ,オウ
の	名詞,非自立,一般,*,*,*,の,ノ,ノ
で	助動詞,*,*,*,特殊・ダ,連用形,だ,デ,デ
ある	助動詞,*,*,*,五段・ラ行アル,基本形,ある,アル,アル
』	記号,括弧閉,*,*,*,*,』,』,』
」	記号,括弧閉,*,*,*,*,」,」,」
。	記号,句点,*,*,*,*,。,。,。
そして	接続詞,*,*,*,*,*,そして,ソシテ,ソシテ
，	記号,読点,*,*,*,*,，,，,，
エホバ	名詞,一般,*,*,*,*,エホバ,エホバ,エホバ
は	助詞,係助詞,*,*,*,*,は,ハ,ワ
さらに	副詞,助詞類接続,*,*,*,*,さらに,サラニ,サラニ
わたし	名詞,代名詞,一般,*,*,*,わたし,ワタシ,ワタシ
に	助詞,格助詞,一般,*,*,*,に,ニ,ニ
言わ	動詞,自立,*,*,五段・ワ行促音便,未然形,言う,イワ,イワ
れ	動詞,接尾,*,*,一段,連用形,れる,レ,レ
た	助動詞,*,*,*,特殊・タ,基本形,た,タ,タ
，	記号,読点,*,*,*,*,，,，,，
「	記号,括弧開,*,*,*,*,「,「,「
人	名詞,一般,*,*,*,*,人,ヒト,ヒト
の	助詞,連体化,*,*,*,*,の,ノ,ノ
子	名詞,一般,*,*,*,*,子,コ,コ
よ	助詞,終助詞,*,*,*,*,よ,ヨ,ヨ
，	記号,読点,*,*,*,*,，,，,，
あなた	名詞,代名詞,一般,*,*,*,あなた,アナタ,アナタ
に	助詞,格助詞,一般,*,*,*,に,ニ,ニ
オホラ	名詞,一般,*,*,*,*,*
と	助詞,並立助詞,*,*,*,*,と,ト,ト
オホリバ	名詞,一般,*,*,*,*,*
を	助詞,格助詞,一般,*,*,*,を,ヲ,ヲ
裁い	動詞,自立,*,*,五段・カ行イ音便,連用タ接続,裁く,サバイ,サバイ
て	助詞,接続助詞,*,*,*,*,て,テ,テ
欲しい	形容詞,非自立,*,*,形容詞・イ段,基本形,欲しい,ホシイ,ホシイ
。	記号,句点,*,*,*,*,。,。,。
彼ら	名詞,代名詞,一般,*,*,*,彼ら,カレラ,カレラ
に	助詞,格助詞,一般,*,*,*,に,ニ,ニ
その	連体詞,*,*,*,*,*,その,ソノ,ソノ
忌む	動詞,自立,*,*,五段・マ行,基本形,忌む,イム,イム
べき	助動詞,*,*,*,文語・ベシ,体言接続,べし,ベキ,ベキ
事柄	名詞,一般,*,*,*,*,事柄,コトガラ,コトガラ
を	助詞,格助詞,一般,*,*,*,を,ヲ,ヲ
告げ	動詞,自立,*,*,一段,連用形,告げる,ツゲ,ツゲ
て	助詞,接続助詞,*,*,*,*,て,テ,テ
欲しい	形容詞,非自立,*,*,形容詞・イ段,基本形,欲しい,ホシイ,ホシイ
。	記号,句点,*,*,*,*,。,。,。
彼ら	名詞,代名詞,一般,*,*,*,彼ら,カレラ,カレラ
は	助詞,係助詞,*,*,*,*,は,ハ,ワ
姦淫	名詞,サ変接続,*,*,*,*,姦淫,カンイン,カンイン
を	助詞,格助詞,一般,*,*,*,を,ヲ,ヲ
犯し	動詞,自立,*,*,五段・サ行,連用形,犯す,オカシ,オカシ
，	記号,読点,*,*,*,*,，,，,，
その	連体詞,*,*,*,*,*,その,ソノ,ソノ
手	名詞,一般,*,*,*,*,手,テ,テ
に	助詞,格助詞,一般,*,*,*,に,ニ,ニ
は	助詞,係助詞,*,*,*,*,は,ハ,ワ
血	名詞,一般,*,*,*,*,血,チ,チ
が	助詞,格助詞,一般,*,*,*,が,ガ,ガ
あり	動詞,自立,*,*,五段・ラ行,連用形,ある,アリ,アリ
，	記号,読点,*,*,*,*,，,，,，
その	連体詞,*,*,*,*,*,その,ソノ,ソノ
糞	名詞,一般,*,*,*,*,糞,クソ,クソ
像	名詞,接尾,一般,*,*,*,像,ゾウ,ゾー
と	助詞,格助詞,一般,*,*,*,と,ト,ト
姦淫	名詞,サ変接続,*,*,*,*,姦淫,カンイン,カンイン
を	助詞,格助詞,一般,*,*,*,を,ヲ,ヲ
犯し	動詞,自立,*,*,五段・サ行,連用形,犯す,オカシ,オカシ
た	助動詞,*,*,*,特殊・タ,基本形,た,タ,タ
から	助詞,接続助詞,*,*,*,*,から,カラ,カラ
で	助動詞,*,*,*,特殊・ダ,連用形,だ,デ,デ
ある	助動詞,*,*,*,五段・ラ行アル,基本形,ある,アル,アル
。	記号,句点,*,*,*,*,。,。,。
そして	接続詞,*,*,*,*,*,そして,ソシテ,ソシテ
，	記号,読点,*,*,*,*,，,，,，
さらに	副詞,助詞類接続,*,*,*,*,さらに,サラニ,サラニ
，	記号,読点,*,*,*,*,，,，,，
彼ら	名詞,代名詞,一般,*,*,*,彼ら,カレラ,カレラ
は	助詞,係助詞,*,*,*,*,は,ハ,ワ
わたし	名詞,代名詞,一般,*,*,*,わたし,ワタシ,ワタシ
に	助詞,格助詞,一般,*,*,*,に,ニ,ニ
産ん	動詞,自立,*,*,五段・マ行,連用タ接続,産む,ウン,ウン
EOS
だ	助動詞,*,*,*,特殊・タ,基本形,だ,ダ,ダ
その	連体詞,*,*,*,*,*,その,ソノ,ソノ
子	名詞,一般,*,*,*,*,子,コ,コ
ら	名詞,接尾,一般,*,*,*,ら,ラ,ラ
を	助詞,格助詞,一般,*,*,*,を,ヲ,ヲ
，	記号,読点,*,*,*,*,，,，,，
それら	名詞,代名詞,一般,*,*,*,それら,ソレラ,ソレラ
に	助詞,格助詞,一般,*,*,*,に,ニ,ニ
ささげる	動詞,自立,*,*,一段,基本形,ささげる,ササゲル,ササゲル
食物	名詞,一般,*,*,*,*,食物,ショクモツ,ショクモツ
として	助詞,格助詞,連語,*,*,*,として,トシテ,トシテ
[	名詞,サ変接続,*,*,*,*,*
火	名詞,接尾,一般,*,*,*,火,ヒ,ヒ
]	名詞,サ変接続,*,*,*,*,*
の	助詞,連体化,*,*,*,*,の,ノ,ノ
中	名詞,非自立,副詞可能,*,*,*,中,ナカ,ナカ
を	助詞,格助詞,一般,*,*,*,を,ヲ,ヲ
通ら	動詞,自立,*,*,五段・ラ行,未然形,通る,トオラ,トーラ
せ	動詞,接尾,*,*,一段,連用形,せる,セ,セ
た	助動詞,*,*,*,特殊・タ,基本形,た,タ,タ
。	記号,句点,*,*,*,*,。,。,。
さらに	副詞,助詞類接続,*,*,*,*,さらに,サラニ,サラニ
その	連体詞,*,*,*,*,*,その,ソノ,ソノ
上	名詞,非自立,副詞可能,*,*,*,上,ウエ,ウエ
，	記号,読点,*,*,*,*,，,，,，
彼ら	名詞,代名詞,一般,*,*,*,彼ら,カレラ,カレラ
は	助詞,係助詞,*,*,*,*,は,ハ,ワ
わたし	名詞,代名詞,一般,*,*,*,わたし,ワタシ,ワタシ
に	助詞,格助詞,一般,*,*,*,に,ニ,ニ
この	連体詞,*,*,*,*,*,この,コノ,コノ
こと	名詞,非自立,一般,*,*,*,こと,コト,コト
を	助詞,格助詞,一般,*,*,*,を,ヲ,ヲ
行なっ	動詞,自立,*,*,五段・ワ行促音便,連用タ接続,行なう,オコナッ,オコナッ
た	助動詞,*,*,*,特殊・タ,基本形,た,タ,タ
。	記号,句点,*,*,*,*,。,。,。
すなわち	接続詞,*,*,*,*,*,すなわち,スナワチ,スナワチ
，	記号,読点,*,*,*,*,，,，,，
彼ら	名詞,代名詞,一般,*,*,*,彼ら,カレラ,カレラ
は	助詞,係助詞,*,*,*,*,は,ハ,ワ
その	連体詞,*,*,*,*,*,その,ソノ,ソノ
日	名詞,非自立,副詞可能,*,*,*,日,ヒ,ヒ
，	記号,読点,*,*,*,*,，,，,，
わたし	名詞,代名詞,一般,*,*,*,わたし,ワタシ,ワタシ
の	助詞,連体化,*,*,*,*,の,ノ,ノ
聖なる	連体詞,*,*,*,*,*,聖なる,セイナル,セイナル
所	名詞,非自立,副詞可能,*,*,*,所,トコロ,トコロ
を	助詞,格助詞,一般,*,*,*,を,ヲ,ヲ
汚し	動詞,自立,*,*,五段・サ行,連用形,汚す,ヨゴシ,ヨゴシ
，	記号,読点,*,*,*,*,，,，,，
わたし	名詞,代名詞,一般,*,*,*,わたし,ワタシ,ワタシ
の	助詞,連体化,*,*,*,*,の,ノ,ノ
安息日	名詞,一般,*,*,*,*,安息日,アンソクビ,アンソクビ
を	助詞,格助詞,一般,*,*,*,を,ヲ,ヲ
汚し	動詞,自立,*,*,五段・サ行,連用形,汚す,ヨゴシ,ヨゴシ
た	助動詞,*,*,*,特殊・タ,基本形,た,タ,タ
。	記号,句点,*,*,*,*,。,。,。
また	接続詞,*,*,*,*,*,また,マタ,マタ
，	記号,読点,*,*,*,*,，,，,，
その	連体詞,*,*,*,*,*,その,ソノ,ソノ
糞	名詞,一般,*,*,*,*,糞,クソ,クソ
像	名詞,接尾,一般,*,*,*,像,ゾウ,ゾー
の	助詞,連体化,*,*,*,*,の,ノ,ノ
ため	名詞,非自立,副詞可能,*,*,*,ため,タメ,タメ
に	助詞,格助詞,一般,*,*,*,に,ニ,ニ
自分	名詞,一般,*,*,*,*,自分,ジブン,ジブン
の	助詞,連体化,*,*,*,*,の,ノ,ノ
子	名詞,一般,*,*,*,*,子,コ,コ
ら	名詞,接尾,一般,*,*,*,ら,ラ,ラ
を	助詞,格助詞,一般,*,*,*,を,ヲ,ヲ
ほふっ	動詞,自立,*,*,五段・ラ行,連用タ接続,ほふる,ホフッ,ホフッ
て	助詞,接続助詞,*,*,*,*,て,テ,テ
おき	動詞,非自立,*,*,五段・カ行イ音便,連用形,おく,オキ,オキ
ながら	助詞,接続助詞,*,*,*,*,ながら,ナガラ,ナガラ
，	記号,読点,*,*,*,*,，,，,，
その	連体詞,*,*,*,*,*,その,ソノ,ソノ
日	名詞,非自立,副詞可能,*,*,*,日,ヒ,ヒ
に	助詞,格助詞,一般,*,*,*,に,ニ,ニ
わたし	名詞,代名詞,一般,*,*,*,わたし,ワタシ,ワタシ
の	助詞,連体化,*,*,*,*,の,ノ,ノ
聖なる	連体詞,*,*,*,*,*,聖なる,セイナル,セイナル
所	名詞,非自立,副詞可能,*,*,*,所,トコロ,トコロ
に	助詞,格助詞,一般,*,*,*,に,ニ,ニ
入っ	動詞,自立,*,*,五段・ラ行,連用タ接続,入る,ハイッ,ハイッ
て	助詞,接続助詞,*,*,*,*,て,テ,テ
来	動詞,非自立,*,*,カ変・来ル,連用形,来る,キ,キ
て	助詞,接続助詞,*,*,*,*,て,テ,テ
これ	名詞,代名詞,一般,*,*,*,これ,コレ,コレ
を	助詞,格助詞,一般,*,*,*,を,ヲ,ヲ
汚し	動詞,自立,*,*,五段・サ行,連用形,汚す,ヨゴシ,ヨゴシ
さえ	助詞,係助詞,*,*,*,*,さえ,サエ,サエ
し	動詞,自立,*,*,サ変・スル,連用形,する,シ,シ
た	助動詞,*,*,*,特殊・タ,基本形,た,タ,タ
。	記号,句点,*,*,*,*,。,。,。
そして	接続詞,*,*,*,*,*,そして,ソシテ,ソシテ
，	記号,読点,*,*,*,*,，,，,，
見よ	動詞,自立,*,*,一段,命令ｙｏ,見る,ミヨ,ミヨ
，	記号,読点,*,*,*,*,，,，,，
彼ら	名詞,代名詞,一般,*,*,*,彼ら,カレラ,カレラ
は	助詞,係助詞,*,*,*,*,は,ハ,ワ
わたし	名詞,代名詞,一般,*,*,*,わたし,ワタシ,ワタシ
の	助詞,連体化,*,*,*,*,の,ノ,ノ
家	名詞,一般,*,*,*,*,家,イエ,イエ
の	助詞,連体化,*,*,*,*,の,ノ,ノ
中	名詞,非自立,副詞可能,*,*,*,中,ナカ,ナカ
で	助詞,格助詞,一般,*,*,*,で,デ,デ
この	連体詞,*,*,*,*,*,この,コノ,コノ
よう	名詞,非自立,助動詞語幹,*,*,*,よう,ヨウ,ヨー
に	助詞,副詞化,*,*,*,*,に,ニ,ニ
行なっ	動詞,自立,*,*,五段・ワ行促音便,連用タ接続,行なう,オコナッ,オコナッ
た	助動詞,*,*,*,特殊・タ,基本形,た,タ,タ
の	名詞,非自立,一般,*,*,*,の,ノ,ノ
で	助動詞,*,*,*,特殊・ダ,連用形,だ,デ,デ
ある	助動詞,*,*,*,五段・ラ行アル,基本形,ある,アル,アル
。	記号,句点,*,*,*,*,。,。,。
そして	接続詞,*,*,*,*,*,そして,ソシテ,ソシテ
それ	名詞,代名詞,一般,*,*,*,それ,ソレ,ソレ
に	助詞,格助詞,一般,*,*,*,に,ニ,ニ
加え	動詞,自立,*,*,一段,連用形,加える,クワエ,クワエ
て	助詞,接続助詞,*,*,*,*,て,テ,テ
，	記号,読点,*,*,*,*,，,，,，
彼ら	名詞,代名詞,一般,*,*,*,彼ら,カレラ,カレラ
は	助詞,係助詞,*,*,*,*,は,ハ,ワ
遠く	名詞,副詞可能,*,*,*,*,遠く,トオク,トーク
から	助詞,格助詞,一般,*,*,*,から,カラ,カラ
来る	動詞,自立,*,*,カ変・来ル,基本形,来る,クル,クル
者	名詞,一般,*,*,*,*,者,モノ,モノ
たち	名詞,接尾,一般,*,*,*,たち,タチ,タチ
に	助詞,格助詞,一般,*,*,*,に,ニ,ニ
[	名詞,サ変接続,*,*,*,*,*
人	名詞,接尾,一般,*,*,*,人,ジン,ジン
を	助詞,格助詞,一般,*,*,*,を,ヲ,ヲ
]	名詞,サ変接続,*,*,*,*,*
遣わす	動詞,自立,*,*,五段・サ行,基本形,遣わす,ツカワス,ツカワス
よう	名詞,非自立,助動詞語幹,*,*,*,よう,ヨウ,ヨー
に	助詞,格助詞,一般,*,*,*,に,ニ,ニ
なっ	動詞,自立,*,*,五段・ラ行,連用タ接続,なる,ナッ,ナッ
た	助動詞,*,*,*,特殊・タ,基本形,た,タ,タ
。	記号,句点,*,*,*,*,。,。,。
それら	名詞,代名詞,一般,*,*,*,それら,ソレラ,ソレラ
の	助詞,連体化,*,*,*,*,の,ノ,ノ
者	名詞,一般,*,*,*,*,者,モノ,モノ
たち	名詞,接尾,一般,*,*,*,たち,タチ,タチ
の	助詞,連体化,*,*,*,*,の,ノ,ノ
もと	名詞,非自立,一般,*,*,*,もと,モト,モト
に	助詞,格助詞,一般,*,*,*,に,ニ,ニ
使者	名詞,一般,*,*,*,*,使者,シシャ,シシャ
が	助詞,格助詞,一般,*,*,*,が,ガ,ガ
遣わさ	動詞,自立,*,*,五段・サ行,未然形,遣わす,ツカワサ,ツカワサ
れ	動詞,接尾,*,*,一段,連用形,れる,レ,レ
た	助動詞,*,*,*,特殊・タ,基本形,た,タ,タ
の	名詞,非自立,一般,*,*,*,の,ノ,ノ
で	助動詞,*,*,*,特殊・ダ,連用形,だ,デ,デ
ある	助動詞,*,*,*,五段・ラ行アル,基本形,ある,アル,アル
。	記号,句点,*,*,*,*,。,。,。
する	動詞,自立,*,*,サ変・スル,基本形,する,スル,スル
と	助詞,接続助詞,*,*,*,*,と,ト,ト
，	記号,読点,*,*,*,*,，,，,，
見よ	動詞,自立,*,*,一段,命令ｙｏ,見る,ミヨ,ミヨ
，	記号,読点,*,*,*,*,，,，,，
彼ら	名詞,代名詞,一般,*,*,*,彼ら,カレラ,カレラ
は	助詞,係助詞,*,*,*,*,は,ハ,ワ
やって来	動詞,自立,*,*,カ変・来ル,連用形,やって来る,ヤッテキ,ヤッテキ
た	助動詞,*,*,*,特殊・タ,基本形,た,タ,タ
。	記号,句点,*,*,*,*,。,。,。
あなた	名詞,代名詞,一般,*,*,*,あなた,アナタ,アナタ
は	助詞,係助詞,*,*,*,*,は,ハ,ワ
その	連体詞,*,*,*,*,*,その,ソノ,ソノ
者	名詞,一般,*,*,*,*,者,モノ,モノ
たち	名詞,接尾,一般,*,*,*,たち,タチ,タチ
の	助詞,連体化,*,*,*,*,の,ノ,ノ
ため	名詞,非自立,副詞可能,*,*,*,ため,タメ,タメ
に	助詞,格助詞,一般,*,*,*,に,ニ,ニ
身	名詞,一般,*,*,*,*,身,ミ,ミ
を	助詞,格助詞,一般,*,*,*,を,ヲ,ヲ
洗い	動詞,自立,*,*,五段・ワ行促音便,連用形,洗う,アライ,アライ
，	記号,読点,*,*,*,*,，,，,，
目	名詞,一般,*,*,*,*,目,メ,メ
を	助詞,格助詞,一般,*,*,*,を,ヲ,ヲ
塗り	動詞,自立,*,*,五段・ラ行,連用形,塗る,ヌリ,ヌリ
，	記号,読点,*,*,*,*,，,，,，
飾り物	名詞,一般,*,*,*,*,飾り物,カザリモノ,カザリモノ
で	助詞,格助詞,一般,*,*,*,で,デ,デ
身	名詞,一般,*,*,*,*,身,ミ,ミ
を	助詞,格助詞,一般,*,*,*,を,ヲ,ヲ
飾っ	動詞,自立,*,*,五段・ラ行,連用タ接続,飾る,カザッ,カザッ
た	助動詞,*,*,*,特殊・タ,基本形,た,タ,タ
。	記号,句点,*,*,*,*,。,。,。
そして	接続詞,*,*,*,*,*,そして,ソシテ,ソシテ
，	記号,読点,*,*,*,*,，,，,，
あなた	名詞,代名詞,一般,*,*,*,あなた,アナタ,アナタ
は	助詞,係助詞,*,*,*,*,は,ハ,ワ
壮麗	名詞,形容動詞語幹,*,*,*,*,壮麗,ソウレイ,ソーレイ
な	助動詞,*,*,*,特殊・ダ,体言接続,だ,ナ,ナ
寝	動詞,自立,*,*,一段,連用形,寝る,ネ,ネ
いす	名詞,一般,*,*,*,*,いす,イス,イス
に	助詞,格助詞,一般,*,*,*,に,ニ,ニ
座し	動詞,自立,*,*,五段・サ行,連用形,座す,ザシ,ザシ
，	記号,読点,*,*,*,*,，,，,，
その	連体詞,*,*,*,*,*,その,ソノ,ソノ
前	名詞,副詞可能,*,*,*,*,前,マエ,マエ
に	助詞,格助詞,一般,*,*,*,に,ニ,ニ
食卓	名詞,一般,*,*,*,*,食卓,ショクタク,ショクタク
を	助詞,格助詞,一般,*,*,*,を,ヲ,ヲ
しつらえ	動詞,自立,*,*,一段,連用形,しつらえる,シツラエ,シツラエ
，	記号,読点,*,*,*,*,，,，,，
わたし	名詞,代名詞,一般,*,*,*,わたし,ワタシ,ワタシ
の	助詞,連体化,*,*,*,*,の,ノ,ノ
香	名詞,一般,*,*,*,*,香,コウ,コー
と	助詞,並立助詞,*,*,*,*,と,ト,ト
油	名詞,一般,*,*,*,*,油,アブラ,アブラ
を	助詞,格助詞,一般,*,*,*,を,ヲ,ヲ
その	連体詞,*,*,*,*,*,その,ソノ,ソノ
上	名詞,非自立,副詞可能,*,*,*,上,ウエ,ウエ
に	助詞,格助詞,一般,*,*,*,に,ニ,ニ
置い	動詞,自立,*,*,五段・カ行イ音便,連用タ接続,置く,オイ,オイ
た	助動詞,*,*,*,特殊・タ,基本形,た,タ,タ
。	記号,句点,*,*,*,*,。,。,。
そして	接続詞,*,*,*,*,*,そして,ソシテ,ソシテ
，	記号,読点,*,*,*,*,，,，,，
安楽	名詞,一般,*,*,*,*,安楽,アンラク,アンラク
に	助詞,格助詞,一般,*,*,*,に,ニ,ニ
暮らす	動詞,自立,*,*,五段・サ行,基本形,暮らす,クラス,クラス
群衆	名詞,一般,*,*,*,*,群衆,グンシュウ,グンシュー
の	助詞,連体化,*,*,*,*,の,ノ,ノ
声	名詞,一般,*,*,*,*,声,コエ,コエ
が	助詞,格助詞,一般,*,*,*,が,ガ,ガ
彼女	名詞,代名詞,一般,*,*,*,彼女,カノジョ,カノジョ
の	助詞,連体化,*,*,*,*,の,ノ,ノ
中	名詞,非自立,副詞可能,*,*,*,中,ナカ,ナカ
に	助詞,格助詞,一般,*,*,*,に,ニ,ニ
あっ	動詞,自立,*,*,五段・ラ行,連用タ接続,ある,アッ,アッ
た	助動詞,*,*,*,特殊・タ,基本形,た,タ,タ
。	記号,句点,*,*,*,*,。,。,。
人間	名詞,一般,*,*,*,*,人間,ニンゲン,ニンゲン
の	助詞,連体化,*,*,*,*,の,ノ,ノ
集団	名詞,一般,*,*,*,*,集団,シュウダン,シューダン
の	助詞,連体化,*,*,*,*,の,ノ,ノ
中	名詞,非自立,副詞可能,*,*,*,中,ナカ,ナカ
から	助詞,格助詞,一般,*,*,*,から,カラ,カラ
来	動詞,自立,*,*,カ変・来ル,連用形,来る,キ,キ
た	助動詞,*,*,*,特殊・タ,基本形,た,タ,タ
者	名詞,一般,*,*,*,*,者,モノ,モノ
たち	名詞,接尾,一般,*,*,*,たち,タチ,タチ
に	助詞,格助詞,一般,*,*,*,に,ニ,ニ
，	記号,読点,*,*,*,*,，,，,，
酔いどれ	名詞,一般,*,*,*,*,酔いどれ,ヨイドレ,ヨイドレ
たち	名詞,接尾,一般,*,*,*,たち,タチ,タチ
が	助詞,格助詞,一般,*,*,*,が,ガ,ガ
荒野	名詞,一般,*,*,*,*,荒野,アラノ,アラノ
から	助詞,格助詞,一般,*,*,*,から,カラ,カラ
連れ込ま	動詞,自立,*,*,五段・マ行,未然形,連れ込む,ツレコマ,ツレコマ
れ	動詞,接尾,*,*,一段,連用形,れる,レ,レ
た	助動詞,*,*,*,特殊・タ,基本形,た,タ,タ
。	記号,句点,*,*,*,*,。,。,。
彼ら	名詞,代名詞,一般,*,*,*,彼ら,カレラ,カレラ
は	助詞,係助詞,*,*,*,*,は,ハ,ワ
その	連体詞,*,*,*,*,*,その,ソノ,ソノ
女	名詞,一般,*,*,*,*,女,オンナ,オンナ
たち	名詞,接尾,一般,*,*,*,たち,タチ,タチ
の	助詞,連体化,*,*,*,*,の,ノ,ノ
手	名詞,一般,*,*,*,*,手,テ,テ
に	助詞,格助詞,一般,*,*,*,に,ニ,ニ
腕輪	名詞,一般,*,*,*,*,腕輪,ウデワ,ウデワ
を	助詞,格助詞,一般,*,*,*,を,ヲ,ヲ
，	記号,読点,*,*,*,*,，,，,，
その	連体詞,*,*,*,*,*,その,ソノ,ソノ
頭	名詞,一般,*,*,*,*,頭,アタマ,アタマ
に	助詞,格助詞,一般,*,*,*,に,ニ,ニ
美しい	形容詞,自立,*,*,形容詞・イ段,基本形,美しい,ウツクシイ,ウツクシイ
冠	名詞,一般,*,*,*,*,冠,カンムリ,カンムリ
を	助詞,格助詞,一般,*,*,*,を,ヲ,ヲ
つけ	動詞,自立,*,*,一段,連用形,つける,ツケ,ツケ
た	助動詞,*,*,*,特殊・タ,基本形,た,タ,タ
。	記号,句点,*,*,*,*,。,。,。
「	記号,括弧開,*,*,*,*,「,「,「
その	連体詞,*,*,*,*,*,その,ソノ,ソノ
とき	名詞,非自立,副詞可能,*,*,*,とき,トキ,トキ
，	記号,読点,*,*,*,*,，,，,，
わたし	名詞,代名詞,一般,*,*,*,わたし,ワタシ,ワタシ
は	助詞,係助詞,*,*,*,*,は,ハ,ワ
姦淫	名詞,サ変接続,*,*,*,*,姦淫,カンイン,カンイン
で	助詞,格助詞,一般,*,*,*,で,デ,デ
疲れ	動詞,自立,*,*,一段,連用形,疲れる,ツカレ,ツカレ
果て	動詞,自立,*,*,一段,連用形,果てる,ハテ,ハテ
た	助動詞,*,*,*,特殊・タ,基本形,た,タ,タ
彼女	名詞,代名詞,一般,*,*,*,彼女,カノジョ,カノジョ
に関して	助詞,格助詞,連語,*,*,*,に関して,ニカンシテ,ニカンシテ
言っ	動詞,自立,*,*,五段・ワ行促音便,連用タ接続,言う,イッ,イッ
た	助動詞,*,*,*,特殊・タ,基本形,た,タ,タ
，	記号,読点,*,*,*,*,，,，,，
『	記号,括弧開,*,*,*,*,『,『,『
今や	副詞,一般,*,*,*,*,今や,イマヤ,イマヤ
，	記号,読点,*,*,*,*,，,，,，
彼女	名詞,代名詞,一般,*,*,*,彼女,カノジョ,カノジョ
は	助詞,係助詞,*,*,*,*,は,ハ,ワ
売春	名詞,サ変接続,*,*,*,*,売春,バイシュン,バイシュン
を	助詞,格助詞,一般,*,*,*,を,ヲ,ヲ
行ない	動詞,自立,*,*,五段・ワ行促音便,連用形,行なう,オコナイ,オコナイ
つづける	動詞,非自立,*,*,一段,基本形,つづける,ツヅケル,ツズケル
で	助動詞,*,*,*,特殊・ダ,連用形,だ,デ,デ
あろ	助動詞,*,*,*,五段・ラ行アル,未然ウ接続,ある,アロ,アロ
う	助動詞,*,*,*,不変化型,基本形,う,ウ,ウ
。	記号,句点,*,*,*,*,。,。,。
彼女	名詞,代名詞,一般,*,*,*,彼女,カノジョ,カノジョ
自ら	名詞,副詞可能,*,*,*,*,自ら,ミズカラ,ミズカラ
が	助詞,格助詞,一般,*,*,*,が,ガ,ガ
』	記号,括弧閉,*,*,*,*,』,』,』
。	記号,句点,*,*,*,*,。,。,。
そして	接続詞,*,*,*,*,*,そして,ソシテ,ソシテ
彼ら	名詞,代名詞,一般,*,*,*,彼ら,カレラ,カレラ
は	助詞,係助詞,*,*,*,*,は,ハ,ワ
，	名詞,数,*,*,*,*,，,，,，
人	名詞,接尾,助数詞,*,*,*,人,ニン,ニン
が	助詞,格助詞,一般,*,*,*,が,ガ,ガ
売春	名詞,サ変接続,*,*,*,*,売春,バイシュン,バイシュン
婦	名詞,接尾,一般,*,*,*,婦,フ,フ
で	助動詞,*,*,*,特殊・ダ,連用形,だ,デ,デ
ある	助動詞,*,*,*,五段・ラ行アル,基本形,ある,アル,アル
女	名詞,一般,*,*,*,*,女,オンナ,オンナ
の	助詞,連体化,*,*,*,*,の,ノ,ノ
もと	名詞,非自立,一般,*,*,*,もと,モト,モト
に	助詞,格助詞,一般,*,*,*,に,ニ,ニ
入っ	動詞,自立,*,*,五段・ラ行,連用タ接続,入る,ハイッ,ハイッ
て	助詞,接続助詞,*,*,*,*,て,テ,テ
来る	動詞,非自立,*,*,カ変・来ル,基本形,来る,クル,クル
よう	名詞,非自立,助動詞語幹,*,*,*,よう,ヨウ,ヨー
に	助詞,副詞化,*,*,*,*,に,ニ,ニ
，	記号,読点,*,*,*,*,，,，,，
彼女	名詞,代名詞,一般,*,*,*,彼女,カノジョ,カノジョ
の	助詞,連体化,*,*,*,*,の,ノ,ノ
もと	名詞,非自立,一般,*,*,*,もと,モト,モト
に	助詞,格助詞,一般,*,*,*,に,ニ,ニ
絶えず	副詞,一般,*,*,*,*,絶えず,タエズ,タエズ
入っ	動詞,自立,*,*,五段・ラ行,連用タ接続,入る,ハイッ,ハイッ
て	助詞,接続助詞,*,*,*,*,て,テ,テ
来	動詞,非自立,*,*,カ変・来ル,連用形,来る,キ,キ
た	助動詞,*,*,*,特殊・タ,基本形,た,タ,タ
。	記号,句点,*,*,*,*,。,。,。
その	連体詞,*,*,*,*,*,その,ソノ,ソノ
よう	名詞,非自立,助動詞語幹,*,*,*,よう,ヨウ,ヨー
に	助詞,格助詞,一般,*,*,*,に,ニ,ニ
し	動詞,自立,*,*,サ変・スル,連用形,する,シ,シ
て	助詞,接続助詞,*,*,*,*,て,テ,テ
，	記号,読点,*,*,*,*,，,，,，
彼ら	名詞,代名詞,一般,*,*,*,彼ら,カレラ,カレラ
は	助詞,係助詞,*,*,*,*,は,ハ,ワ
みだら	名詞,形容動詞語幹,*,*,*,*,みだら,ミダラ,ミダラ
な	助動詞,*,*,*,特殊・ダ,体言接続,だ,ナ,ナ
行ない	動詞,自立,*,*,五段・ワ行促音便,連用形,行なう,オコナイ,オコナイ
を	助詞,格助詞,一般,*,*,*,を,ヲ,ヲ
する	動詞,自立,*,*,サ変・スル,基本形,する,スル,スル
女	名詞,一般,*,*,*,*,女,オンナ,オンナ
オホラ	名詞,一般,*,*,*,*,*
と	助詞,並立助詞,*,*,*,*,と,ト,ト
オホリバ	名詞,一般,*,*,*,*,*
の	助詞,連体化,*,*,*,*,の,ノ,ノ
もと	名詞,非自立,一般,*,*,*,もと,モト,モト
に	助詞,格助詞,一般,*,*,*,に,ニ,ニ
入っ	動詞,自立,*,*,五段・ラ行,連用タ接続,入る,ハイッ,ハイッ
て	助詞,接続助詞,*,*,*,*,て,テ,テ
来	動詞,非自立,*,*,カ変・来ル,連用形,来る,キ,キ
た	助動詞,*,*,*,特殊・タ,基本形,た,タ,タ
。	記号,句点,*,*,*,*,。,。,。
しかし	接続詞,*,*,*,*,*,しかし,シカシ,シカシ
義	名詞,形容動詞語幹,*,*,*,*,義,ギ,ギ
なる	助動詞,*,*,*,文語・ナリ,体言接続,なり,ナル,ナル
者	名詞,一般,*,*,*,*,者,モノ,モノ
たち	名詞,接尾,一般,*,*,*,たち,タチ,タチ
について	助詞,格助詞,連語,*,*,*,について,ニツイテ,ニツイテ
は	助詞,係助詞,*,*,*,*,は,ハ,ワ
，	記号,読点,*,*,*,*,，,，,，
彼ら	名詞,代名詞,一般,*,*,*,彼ら,カレラ,カレラ
は	助詞,係助詞,*,*,*,*,は,ハ,ワ
姦婦	名詞,一般,*,*,*,*,姦婦,カンプ,カンプ
に対する	助詞,格助詞,連語,*,*,*,に対する,ニタイスル,ニタイスル
裁き	名詞,一般,*,*,*,*,裁き,サバキ,サバキ
と	助詞,並立助詞,*,*,*,*,と,ト,ト
血	名詞,一般,*,*,*,*,血,チ,チ
を	助詞,格助詞,一般,*,*,*,を,ヲ,ヲ
流す	動詞,自立,*,*,五段・サ行,基本形,流す,ナガス,ナガス
女	名詞,一般,*,*,*,*,女,オンナ,オンナ
に対する	助詞,格助詞,連語,*,*,*,に対する,ニタイスル,ニタイスル
裁き	名詞,一般,*,*,*,*,裁き,サバキ,サバキ
を	助詞,格助詞,一般,*,*,*,を,ヲ,ヲ
もっ	動詞,自立,*,*,五段・タ行,連用タ接続,もつ,モッ,モッ
て	助詞,接続助詞,*,*,*,*,て,テ,テ
彼女	名詞,代名詞,一般,*,*,*,彼女,カノジョ,カノジョ
を	助詞,格助詞,一般,*,*,*,を,ヲ,ヲ
裁く	動詞,自立,*,*,五段・カ行イ音便,基本形,裁く,サバク,サバク
者	名詞,非自立,一般,*,*,*,者,モノ,モノ
と	助詞,格助詞,一般,*,*,*,と,ト,ト
なる	動詞,自立,*,*,五段・ラ行,基本形,なる,ナル,ナル
。	記号,句点,*,*,*,*,。,。,。
彼女	名詞,代名詞,一般,*,*,*,彼女,カノジョ,カノジョ
たち	名詞,接尾,一般,*,*,*,たち,タチ,タチ
は	助詞,係助詞,*,*,*,*,は,ハ,ワ
姦婦	名詞,一般,*,*,*,*,姦婦,カンプ,カンプ
で	助動詞,*,*,*,特殊・ダ,連用形,だ,デ,デ
あっ	助動詞,*,*,*,五段・ラ行アル,連用タ接続,ある,アッ,アッ
て	助詞,接続助詞,*,*,*,*,て,テ,テ
，	記号,読点,*,*,*,*,，,，,，
その	連体詞,*,*,*,*,*,その,ソノ,ソノ
手	名詞,一般,*,*,*,*,手,テ,テ
に	助詞,格助詞,一般,*,*,*,に,ニ,ニ
は	助詞,係助詞,*,*,*,*,は,ハ,ワ
血	名詞,一般,*,*,*,*,血,チ,チ
が	助詞,格助詞,一般,*,*,*,が,ガ,ガ
ある	動詞,自立,*,*,五段・ラ行,基本形,ある,アル,アル
から	助詞,接続助詞,*,*,*,*,から,カラ,カラ
で	助動詞,*,*,*,特殊・ダ,連用形,だ,デ,デ
ある	助動詞,*,*,*,五段・ラ行アル,基本形,ある,アル,アル
。	記号,句点,*,*,*,*,。,。,。
「	記号,括弧開,*,*,*,*,「,「,「
主権	名詞,一般,*,*,*,*,主権,シュケン,シュケン
者	名詞,接尾,一般,*,*,*,者,シャ,シャ
なる	助動詞,*,*,*,文語・ナリ,体言接続,なり,ナル,ナル
主	接頭詞,名詞接続,*,*,*,*,主,シュ,シュ
エホバ	名詞,一般,*,*,*,*,エホバ,エホバ,エホバ
は	助詞,係助詞,*,*,*,*,は,ハ,ワ
この	連体詞,*,*,*,*,*,この,コノ,コノ
よう	名詞,非自立,助動詞語幹,*,*,*,よう,ヨウ,ヨー
に	助詞,副詞化,*,*,*,*,に,ニ,ニ
言わ	動詞,自立,*,*,五段・ワ行促音便,未然形,言う,イワ,イワ
れ	動詞,接尾,*,*,一段,連用形,れる,レ,レ
た	助動詞,*,*,*,特殊・タ,基本形,た,タ,タ
から	助詞,接続助詞,*,*,*,*,から,カラ,カラ
で	助動詞,*,*,*,特殊・ダ,連用形,だ,デ,デ
ある	助動詞,*,*,*,五段・ラ行アル,基本形,ある,アル,アル
。	記号,句点,*,*,*,*,。,。,。
『	記号,括弧開,*,*,*,*,『,『,『
彼ら	名詞,代名詞,一般,*,*,*,彼ら,カレラ,カレラ
に	助詞,格助詞,一般,*,*,*,に,ニ,ニ
向かっ	動詞,自立,*,*,五段・ワ行促音便,連用タ接続,向かう,ムカッ,ムカッ
て	助詞,接続助詞,*,*,*,*,て,テ,テ
会衆	名詞,一般,*,*,*,*,会衆,カイシュウ,カイシュー
が	助詞,格助詞,一般,*,*,*,が,ガ,ガ
攻め上り	動詞,自立,*,*,五段・ラ行,連用形,攻め上る,セメノボリ,セメノボリ
，	記号,読点,*,*,*,*,，,，,，
彼ら	名詞,代名詞,一般,*,*,*,彼ら,カレラ,カレラ
は	助詞,係助詞,*,*,*,*,は,ハ,ワ
怖	形容詞,自立,*,*,形容詞・アウオ段,ガル接続,怖い,コワ,コワ
ろ	動詞,非自立,*,*,一段,命令ｒｏ,る,ロ,ロ
し	助動詞,*,*,*,文語・キ,体言接続,き,シ,シ
いも	名詞,一般,*,*,*,*,いも,イモ,イモ
の	助詞,連体化,*,*,*,*,の,ノ,ノ
，	記号,読点,*,*,*,*,，,，,，
強奪	名詞,サ変接続,*,*,*,*,強奪,ゴウダツ,ゴーダツ
の	助詞,連体化,*,*,*,*,の,ノ,ノ
ため	名詞,非自立,副詞可能,*,*,*,ため,タメ,タメ
の	助詞,連体化,*,*,*,*,の,ノ,ノ
もの	名詞,非自立,一般,*,*,*,もの,モノ,モノ
と	助詞,格助詞,引用,*,*,*,と,ト,ト
さ	動詞,自立,*,*,サ変・スル,未然レル接続,する,サ,サ
れる	動詞,接尾,*,*,一段,基本形,れる,レル,レル
で	助動詞,*,*,*,特殊・ダ,連用形,だ,デ,デ
あろ	助動詞,*,*,*,五段・ラ行アル,未然ウ接続,ある,アロ,アロ
う	助動詞,*,*,*,不変化型,基本形,う,ウ,ウ
。	記号,句点,*,*,*,*,。,。,。
そして	接続詞,*,*,*,*,*,そして,ソシテ,ソシテ
，	記号,読点,*,*,*,*,，,，,，
会衆	名詞,一般,*,*,*,*,会衆,カイシュウ,カイシュー
は	助詞,係助詞,*,*,*,*,は,ハ,ワ
必ず	副詞,助詞類接続,*,*,*,*,必ず,カナラズ,カナラズ
彼ら	名詞,代名詞,一般,*,*,*,彼ら,カレラ,カレラ
を	助詞,格助詞,一般,*,*,*,を,ヲ,ヲ
石	名詞,一般,*,*,*,*,石,イシ,イシ
撃ち	動詞,自立,*,*,五段・タ行,連用形,撃つ,ウチ,ウチ
に	助詞,格助詞,一般,*,*,*,に,ニ,ニ
し	動詞,自立,*,*,サ変・スル,連用形,する,シ,シ
，	記号,読点,*,*,*,*,，,，,，
彼ら	名詞,代名詞,一般,*,*,*,彼ら,カレラ,カレラ
は	助詞,係助詞,*,*,*,*,は,ハ,ワ
その	連体詞,*,*,*,*,*,その,ソノ,ソノ
剣	名詞,一般,*,*,*,*,剣,ケン,ケン
で	助詞,格助詞,一般,*,*,*,で,デ,デ
切り倒さ	動詞,自立,*,*,五段・サ行,未然形,切り倒す,キリタオサ,キリタオサ
れる	動詞,接尾,*,*,一段,基本形,れる,レル,レル
。	記号,句点,*,*,*,*,。,。,。
それら	名詞,代名詞,一般,*,*,*,それら,ソレラ,ソレラ
の	助詞,連体化,*,*,*,*,の,ノ,ノ
者	名詞,非自立,一般,*,*,*,者,モノ,モノ
は	助詞,係助詞,*,*,*,*,は,ハ,ワ
彼ら	名詞,代名詞,一般,*,*,*,彼ら,カレラ,カレラ
の	助詞,連体化,*,*,*,*,の,ノ,ノ
息子	名詞,一般,*,*,*,*,息子,ムスコ,ムスコ
や	助詞,並立助詞,*,*,*,*,や,ヤ,ヤ
娘	名詞,一般,*,*,*,*,娘,ムスメ,ムスメ
たち	名詞,接尾,一般,*,*,*,たち,タチ,タチ
を	助詞,格助詞,一般,*,*,*,を,ヲ,ヲ
殺し	動詞,自立,*,*,五段・サ行,連用形,殺す,コロシ,コロシ
，	記号,読点,*,*,*,*,，,，,，
火	名詞,一般,*,*,*,*,火,ヒ,ヒ
で	助詞,格助詞,一般,*,*,*,で,デ,デ
彼ら	名詞,代名詞,一般,*,*,*,彼ら,カレラ,カレラ
の	助詞,連体化,*,*,*,*,の,ノ,ノ
家	名詞,一般,*,*,*,*,家,イエ,イエ
を	助詞,格助詞,一般,*,*,*,を,ヲ,ヲ
焼く	動詞,自立,*,*,五段・カ行イ音便,基本形,焼く,ヤク,ヤク
。	記号,句点,*,*,*,*,。,。,。
そして	接続詞,*,*,*,*,*,そして,ソシテ,ソシテ
，	記号,読点,*,*,*,*,，,，,，
わたし	名詞,代名詞,一般,*,*,*,わたし,ワタシ,ワタシ
は	助詞,係助詞,*,*,*,*,は,ハ,ワ
みだら	名詞,形容動詞語幹,*,*,*,*,みだら,ミダラ,ミダラ
な	助動詞,*,*,*,特殊・ダ,体言接続,だ,ナ,ナ
行ない	動詞,自立,*,*,五段・ワ行促音便,連用形,行なう,オコナイ,オコナイ
を	助詞,格助詞,一般,*,*,*,を,ヲ,ヲ
必ず	副詞,助詞類接続,*,*,*,*,必ず,カナラズ,カナラズ
この	連体詞,*,*,*,*,*,この,コノ,コノ
地	名詞,一般,*,*,*,*,地,チ,チ
から	助詞,格助詞,一般,*,*,*,から,カラ,カラ
絶やし	動詞,自立,*,*,五段・サ行,連用形,絶やす,タヤシ,タヤシ
，	記号,読点,*,*,*,*,，,，,，
すべて	名詞,副詞可能,*,*,*,*,すべて,スベテ,スベテ
の	助詞,連体化,*,*,*,*,の,ノ,ノ
女	名詞,一般,*,*,*,*,女,オンナ,オンナ
は	助詞,係助詞,*,*,*,*,は,ハ,ワ
矯正	名詞,サ変接続,*,*,*,*,矯正,キョウセイ,キョーセイ
を	助詞,格助詞,一般,*,*,*,を,ヲ,ヲ
受け	動詞,自立,*,*,一段,未然形,受ける,ウケ,ウケ
なけれ	助動詞,*,*,*,特殊・ナイ,仮定形,ない,ナケレ,ナケレ
ば	助詞,接続助詞,*,*,*,*,ば,バ,バ
なら	動詞,非自立,*,*,五段・ラ行,未然形,なる,ナラ,ナラ
なく	助動詞,*,*,*,特殊・ナイ,連用テ接続,ない,ナク,ナク
なる	動詞,自立,*,*,五段・ラ行,基本形,なる,ナル,ナル
。	記号,句点,*,*,*,*,。,。,。
それ	名詞,代名詞,一般,*,*,*,それ,ソレ,ソレ
ゆえ	名詞,接尾,一般,*,*,*,ゆえ,ユエ,ユエ
に	助詞,格助詞,一般,*,*,*,に,ニ,ニ
，	記号,読点,*,*,*,*,，,，,，
人々	名詞,一般,*,*,*,*,人々,ヒトビト,ヒトビト
は	助詞,係助詞,*,*,*,*,は,ハ,ワ
あなた	名詞,代名詞,一般,*,*,*,あなた,アナタ,アナタ
方	名詞,接尾,一般,*,*,*,方,カタ,カタ
の	助詞,連体化,*,*,*,*,の,ノ,ノ
みだら	名詞,形容動詞語幹,*,*,*,*,みだら,ミダラ,ミダラ
な	助動詞,*,*,*,特殊・ダ,体言接続,だ,ナ,ナ
行ない	動詞,自立,*,*,五段・ワ行促音便,連用形,行なう,オコナイ,オコナイ
に	助詞,格助詞,一般,*,*,*,に,ニ,ニ
倣う	動詞,自立,*,*,五段・ワ行促音便,基本形,倣う,ナラウ,ナラウ
こと	名詞,非自立,一般,*,*,*,こと,コト,コト
は	助詞,係助詞,*,*,*,*,は,ハ,ワ
ない	形容詞,自立,*,*,形容詞・アウオ段,基本形,ない,ナイ,ナイ
で	助動詞,*,*,*,特殊・ダ,連用形,だ,デ,デ
あろ	助動詞,*,*,*,五段・ラ行アル,未然ウ接続,ある,アロ,アロ
う	助動詞,*,*,*,不変化型,基本形,う,ウ,ウ
。	記号,句点,*,*,*,*,。,。,。
そして	接続詞,*,*,*,*,*,そして,ソシテ,ソシテ
，	記号,読点,*,*,*,*,，,，,，
彼ら	名詞,代名詞,一般,*,*,*,彼ら,カレラ,カレラ
は	助詞,係助詞,*,*,*,*,は,ハ,ワ
あなた	名詞,代名詞,一般,*,*,*,あなた,アナタ,アナタ
方	名詞,接尾,一般,*,*,*,方,カタ,カタ
の	助詞,連体化,*,*,*,*,の,ノ,ノ
みだら	名詞,形容動詞語幹,*,*,*,*,みだら,ミダラ,ミダラ
な	助動詞,*,*,*,特殊・ダ,体言接続,だ,ナ,ナ
行ない	動詞,自立,*,*,五段・ワ行促音便,連用形,行なう,オコナイ,オコナイ
を	助詞,格助詞,一般,*,*,*,を,ヲ,ヲ
必ず	副詞,助詞類接続,*,*,*,*,必ず,カナラズ,カナラズ
あなた	名詞,代名詞,一般,*,*,*,あなた,アナタ,アナタ
方	名詞,接尾,一般,*,*,*,方,カタ,カタ
の	助詞,連体化,*,*,*,*,の,ノ,ノ
上	名詞,非自立,副詞可能,*,*,*,上,ウエ,ウエ
に	助詞,格助詞,一般,*,*,*,に,ニ,ニ
もたらし	動詞,自立,*,*,五段・サ行,連用形,もたらす,モタラシ,モタラシ
，	記号,読点,*,*,*,*,，,，,，
あなた	名詞,代名詞,一般,*,*,*,あなた,アナタ,アナタ
方	名詞,接尾,一般,*,*,*,方,カタ,カタ
は	助詞,係助詞,*,*,*,*,は,ハ,ワ
自分	名詞,一般,*,*,*,*,自分,ジブン,ジブン
の	助詞,連体化,*,*,*,*,の,ノ,ノ
糞	名詞,一般,*,*,*,*,糞,クソ,クソ
像	名詞,接尾,一般,*,*,*,像,ゾウ,ゾー
の	助詞,連体化,*,*,*,*,の,ノ,ノ
罪	名詞,一般,*,*,*,*,罪,ツミ,ツミ
を	助詞,格助詞,一般,*,*,*,を,ヲ,ヲ
負う	動詞,自立,*,*,五段・ワ行促音便,基本形,負う,オウ,オウ
で	助動詞,*,*,*,特殊・ダ,連用形,だ,デ,デ
あろ	助動詞,*,*,*,五段・ラ行アル,未然ウ接続,ある,アロ,アロ
う	助動詞,*,*,*,不変化型,基本形,う,ウ,ウ
。	記号,句点,*,*,*,*,。,。,。
そして	接続詞,*,*,*,*,*,そして,ソシテ,ソシテ
あなた	名詞,代名詞,一般,*,*,*,あなた,アナタ,アナタ
方	名詞,接尾,一般,*,*,*,方,カタ,カタ
は	助詞,係助詞,*,*,*,*,は,ハ,ワ
わたし	名詞,代名詞,一般,*,*,*,わたし,ワタシ,ワタシ
が	助詞,格助詞,一般,*,*,*,が,ガ,ガ
主権	名詞,一般,*,*,*,*,主権,シュケン,シュケン
者	名詞,接尾,一般,*,*,*,者,シャ,シャ
なる	助動詞,*,*,*,文語・ナリ,体言接続,なり,ナル,ナル
主	接頭詞,名詞接続,*,*,*,*,主,シュ,シュ
エホバ	名詞,一般,*,*,*,*,エホバ,エホバ,エホバ
で	助動詞,*,*,*,特殊・ダ,連用形,だ,デ,デ
ある	助動詞,*,*,*,五段・ラ行アル,基本形,ある,アル,アル
こと	名詞,非自立,一般,*,*,*,こと,コト,コト
を	助詞,格助詞,一般,*,*,*,を,ヲ,ヲ
知ら	動詞,自立,*,*,五段・ラ行,未然形,知る,シラ,シラ
なけれ	助動詞,*,*,*,特殊・ナイ,仮定形,ない,ナケレ,ナケレ
ば	助詞,接続助詞,*,*,*,*,ば,バ,バ
なら	動詞,非自立,*,*,五段・ラ行,未然形,なる,ナラ,ナラ
なく	助動詞,*,*,*,特殊・ナイ,連用テ接続,ない,ナク,ナク
なる	動詞,自立,*,*,五段・ラ行,基本形,なる,ナル,ナル
』	記号,括弧閉,*,*,*,*,』,』,』
」	記号,括弧閉,*,*,*,*,」,」,」
。	記号,句点,*,*,*,*,。,。,。
EOS
