わたし	名詞,代名詞,一般,*,*,*,わたし,ワタシ,ワタシ
たち	名詞,接尾,一般,*,*,*,たち,タチ,タチ
の	助詞,連体化,*,*,*,*,の,ノ,ノ
救い主	名詞,一般,*,*,*,*,救い主,スクイヌシ,スクイヌシ
なる	助動詞,*,*,*,文語・ナリ,体言接続,なり,ナル,ナル
神	名詞,一般,*,*,*,*,神,カミ,カミ
と	助詞,並立助詞,*,*,*,*,と,ト,ト
，	記号,読点,*,*,*,*,，,，,，
わたし	名詞,代名詞,一般,*,*,*,わたし,ワタシ,ワタシ
たち	名詞,接尾,一般,*,*,*,たち,タチ,タチ
の	助詞,連体化,*,*,*,*,の,ノ,ノ
希望	名詞,サ変接続,*,*,*,*,希望,キボウ,キボー
で	助動詞,*,*,*,特殊・ダ,連用形,だ,デ,デ
ある	助動詞,*,*,*,五段・ラ行アル,基本形,ある,アル,アル
キリスト	名詞,固有名詞,一般,*,*,*,キリスト,キリスト,キリスト
･	名詞,サ変接続,*,*,*,*,*
イエス	名詞,一般,*,*,*,*,イエス,イエス,イエス
の	助詞,連体化,*,*,*,*,の,ノ,ノ
命令	名詞,サ変接続,*,*,*,*,命令,メイレイ,メイレイ
の	助詞,連体化,*,*,*,*,の,ノ,ノ
もと	名詞,非自立,一般,*,*,*,もと,モト,モト
に	助詞,格助詞,一般,*,*,*,に,ニ,ニ
キリスト	名詞,固有名詞,一般,*,*,*,キリスト,キリスト,キリスト
･	名詞,サ変接続,*,*,*,*,*
イエス	名詞,一般,*,*,*,*,イエス,イエス,イエス
の	助詞,連体化,*,*,*,*,の,ノ,ノ
使徒	名詞,一般,*,*,*,*,使徒,シト,シト
と	助詞,格助詞,一般,*,*,*,と,ト,ト
なっ	動詞,自立,*,*,五段・ラ行,連用タ接続,なる,ナッ,ナッ
た	助動詞,*,*,*,特殊・タ,基本形,た,タ,タ
パウロ	名詞,固有名詞,人名,名,*,*,パウロ,パウロ,パウロ
から	助詞,格助詞,一般,*,*,*,から,カラ,カラ
，	記号,読点,*,*,*,*,，,，,，
信仰	名詞,サ変接続,*,*,*,*,信仰,シンコウ,シンコー
における	助詞,格助詞,連語,*,*,*,における,ニオケル,ニオケル
真実	名詞,一般,*,*,*,*,真実,シンジツ,シンジツ
の	助詞,連体化,*,*,*,*,の,ノ,ノ
子	接頭詞,名詞接続,*,*,*,*,子,コ,コ
テモテ	名詞,一般,*,*,*,*,*
へ	助詞,格助詞,一般,*,*,*,へ,ヘ,エ
:	名詞,サ変接続,*,*,*,*,*
自分	名詞,一般,*,*,*,*,自分,ジブン,ジブン
が	助詞,格助詞,一般,*,*,*,が,ガ,ガ
マケドニア	名詞,固有名詞,地域,国,*,*,マケドニア,マケドニア,マケドニア
に	助詞,格助詞,一般,*,*,*,に,ニ,ニ
たと	動詞,自立,*,*,五段・タ行,未然ウ接続,たつ,タト,タト
う	助動詞,*,*,*,不変化型,基本形,う,ウ,ウ
と	助詞,格助詞,引用,*,*,*,と,ト,ト
し	動詞,自立,*,*,サ変・スル,連用形,する,シ,シ
て	助詞,接続助詞,*,*,*,*,て,テ,テ
い	動詞,非自立,*,*,一段,連用形,いる,イ,イ
た	助動詞,*,*,*,特殊・タ,基本形,た,タ,タ
際	名詞,非自立,副詞可能,*,*,*,際,サイ,サイ
，	記号,読点,*,*,*,*,，,，,，
わたし	名詞,代名詞,一般,*,*,*,わたし,ワタシ,ワタシ
は	助詞,係助詞,*,*,*,*,は,ハ,ワ
あなた	名詞,代名詞,一般,*,*,*,あなた,アナタ,アナタ
が	助詞,格助詞,一般,*,*,*,が,ガ,ガ
エフェソス	名詞,一般,*,*,*,*,*
に	助詞,格助詞,一般,*,*,*,に,ニ,ニ
滞在	名詞,サ変接続,*,*,*,*,滞在,タイザイ,タイザイ
し	動詞,自立,*,*,サ変・スル,連用形,する,シ,シ
て	助詞,接続助詞,*,*,*,*,て,テ,テ
いる	動詞,非自立,*,*,一段,基本形,いる,イル,イル
よう	名詞,非自立,助動詞語幹,*,*,*,よう,ヨウ,ヨー
に	助詞,副詞化,*,*,*,*,に,ニ,ニ
と	助詞,格助詞,引用,*,*,*,と,ト,ト
励まし	動詞,自立,*,*,五段・サ行,連用形,励ます,ハゲマシ,ハゲマシ
まし	助動詞,*,*,*,特殊・マス,連用形,ます,マシ,マシ
た	助動詞,*,*,*,特殊・タ,基本形,た,タ,タ
が	助詞,接続助詞,*,*,*,*,が,ガ,ガ
，	記号,読点,*,*,*,*,，,，,，
今	名詞,副詞可能,*,*,*,*,今,イマ,イマ
また	接続詞,*,*,*,*,*,また,マタ,マタ
同じ	連体詞,*,*,*,*,*,同じ,オナジ,オナジ
よう	名詞,非自立,助動詞語幹,*,*,*,よう,ヨウ,ヨー
に	助詞,格助詞,一般,*,*,*,に,ニ,ニ
し	動詞,自立,*,*,サ変・スル,連用形,する,シ,シ
ます	助動詞,*,*,*,特殊・マス,基本形,ます,マス,マス
。	記号,句点,*,*,*,*,。,。,。
それ	名詞,代名詞,一般,*,*,*,それ,ソレ,ソレ
は	助詞,係助詞,*,*,*,*,は,ハ,ワ
あなた	名詞,代名詞,一般,*,*,*,あなた,アナタ,アナタ
が	助詞,格助詞,一般,*,*,*,が,ガ,ガ
，	記号,読点,*,*,*,*,，,，,，
異なっ	動詞,自立,*,*,五段・ラ行,連用タ接続,異なる,コトナッ,コトナッ
た	助動詞,*,*,*,特殊・タ,基本形,た,タ,タ
教理	名詞,一般,*,*,*,*,教理,キョウリ,キョーリ
を	助詞,格助詞,一般,*,*,*,を,ヲ,ヲ
教え	動詞,自立,*,*,一段,連用形,教える,オシエ,オシエ
たり	助詞,並立助詞,*,*,*,*,たり,タリ,タリ
，	記号,読点,*,*,*,*,，,，,，
作り話	名詞,一般,*,*,*,*,作り話,ツクリバナシ,ツクリバナシ
や	助詞,並立助詞,*,*,*,*,や,ヤ,ヤ
系図	名詞,一般,*,*,*,*,系図,ケイズ,ケイズ
に	助詞,格助詞,一般,*,*,*,に,ニ,ニ
注意	名詞,サ変接続,*,*,*,*,注意,チュウイ,チューイ
を	助詞,格助詞,一般,*,*,*,を,ヲ,ヲ
寄せ	動詞,自立,*,*,一段,連用形,寄せる,ヨセ,ヨセ
たり	助詞,並立助詞,*,*,*,*,たり,タリ,タリ
し	動詞,自立,*,*,サ変・スル,未然形,する,シ,シ
ない	助動詞,*,*,*,特殊・ナイ,基本形,ない,ナイ,ナイ
よう	名詞,非自立,助動詞語幹,*,*,*,よう,ヨウ,ヨー
に	助詞,副詞化,*,*,*,*,に,ニ,ニ
と	助詞,格助詞,引用,*,*,*,と,ト,ト
，	記号,読点,*,*,*,*,，,，,，
ある	連体詞,*,*,*,*,*,ある,アル,アル
人々	名詞,一般,*,*,*,*,人々,ヒトビト,ヒトビト
に	助詞,格助詞,一般,*,*,*,に,ニ,ニ
命じる	動詞,自立,*,*,一段,基本形,命じる,メイジル,メイジル
ため	名詞,非自立,副詞可能,*,*,*,ため,タメ,タメ
です	助動詞,*,*,*,特殊・デス,基本形,です,デス,デス
。	記号,句点,*,*,*,*,。,。,。
そうした	連体詞,*,*,*,*,*,そうした,ソウシタ,ソーシタ
こと	名詞,非自立,一般,*,*,*,こと,コト,コト
は	助詞,係助詞,*,*,*,*,は,ハ,ワ
結局	名詞,副詞可能,*,*,*,*,結局,ケッキョク,ケッキョク
の	助詞,連体化,*,*,*,*,の,ノ,ノ
ところ	名詞,非自立,副詞可能,*,*,*,ところ,トコロ,トコロ
何	名詞,代名詞,一般,*,*,*,何,ナニ,ナニ
に	助詞,格助詞,一般,*,*,*,に,ニ,ニ
も	助詞,係助詞,*,*,*,*,も,モ,モ
なら	動詞,自立,*,*,五段・ラ行,未然形,なる,ナラ,ナラ
ず	助動詞,*,*,*,特殊・ヌ,連用ニ接続,ぬ,ズ,ズ
，	記号,読点,*,*,*,*,，,，,，
調べる	動詞,自立,*,*,一段,基本形,調べる,シラベル,シラベル
ため	名詞,非自立,副詞可能,*,*,*,ため,タメ,タメ
の	助詞,連体化,*,*,*,*,の,ノ,ノ
問題	名詞,ナイ形容詞語幹,*,*,*,*,問題,モンダイ,モンダイ
を	助詞,格助詞,一般,*,*,*,を,ヲ,ヲ
出す	動詞,自立,*,*,五段・サ行,基本形,出す,ダス,ダス
だけ	助詞,副助詞,*,*,*,*,だけ,ダケ,ダケ
で	助動詞,*,*,*,特殊・ダ,連用形,だ,デ,デ
，	記号,読点,*,*,*,*,，,，,，
信仰	名詞,サ変接続,*,*,*,*,信仰,シンコウ,シンコー
に	助詞,格助詞,一般,*,*,*,に,ニ,ニ
関連	名詞,サ変接続,*,*,*,*,関連,カンレン,カンレン
し	動詞,自立,*,*,サ変・スル,連用形,する,シ,シ
て	助詞,接続助詞,*,*,*,*,て,テ,テ
神	名詞,一般,*,*,*,*,神,カミ,カミ
から	助詞,格助詞,一般,*,*,*,から,カラ,カラ
の	助詞,連体化,*,*,*,*,の,ノ,ノ
もの	名詞,非自立,一般,*,*,*,もの,モノ,モノ
を	助詞,格助詞,一般,*,*,*,を,ヲ,ヲ
分かち	動詞,自立,*,*,五段・タ行,連用形,分かつ,ワカチ,ワカチ
与える	動詞,自立,*,*,一段,基本形,与える,アタエル,アタエル
こと	名詞,非自立,一般,*,*,*,こと,コト,コト
に	助詞,格助詞,一般,*,*,*,に,ニ,ニ
は	助詞,係助詞,*,*,*,*,は,ハ,ワ
なり	動詞,非自立,*,*,五段・ラ行,連用形,なる,ナリ,ナリ
ませ	助動詞,*,*,*,特殊・マス,未然形,ます,マセ,マセ
ん	助動詞,*,*,*,不変化型,基本形,ん,ン,ン
。	記号,句点,*,*,*,*,。,。,。
実際	副詞,助詞類接続,*,*,*,*,実際,ジッサイ,ジッサイ
の	助詞,連体化,*,*,*,*,の,ノ,ノ
ところ	名詞,非自立,副詞可能,*,*,*,ところ,トコロ,トコロ
，	記号,読点,*,*,*,*,，,，,，
この	連体詞,*,*,*,*,*,この,コノ,コノ
指令	名詞,サ変接続,*,*,*,*,指令,シレイ,シレイ
が	助詞,格助詞,一般,*,*,*,が,ガ,ガ
目ざし	動詞,自立,*,*,五段・サ行,連用形,目ざす,メザシ,メザシ
て	助詞,接続助詞,*,*,*,*,て,テ,テ
いる	動詞,非自立,*,*,一段,基本形,いる,イル,イル
もの	名詞,非自立,一般,*,*,*,もの,モノ,モノ
は	助詞,係助詞,*,*,*,*,は,ハ,ワ
，	記号,読点,*,*,*,*,，,，,，
清い	形容詞,自立,*,*,形容詞・アウオ段,基本形,清い,キヨイ,キヨイ
心	名詞,一般,*,*,*,*,心,ココロ,ココロ
と	助詞,格助詞,一般,*,*,*,と,ト,ト
正しい	形容詞,自立,*,*,形容詞・イ段,基本形,正しい,タダシイ,タダシイ
良心	名詞,一般,*,*,*,*,良心,リョウシン,リョーシン
と	助詞,並立助詞,*,*,*,*,と,ト,ト
偽善	名詞,一般,*,*,*,*,偽善,ギゼン,ギゼン
の	助詞,格助詞,一般,*,*,*,の,ノ,ノ
ない	形容詞,自立,*,*,形容詞・アウオ段,基本形,ない,ナイ,ナイ
信仰	名詞,サ変接続,*,*,*,*,信仰,シンコウ,シンコー
と	助詞,並立助詞,*,*,*,*,と,ト,ト
から	助詞,格助詞,一般,*,*,*,から,カラ,カラ
出る	動詞,自立,*,*,一段,基本形,出る,デル,デル
愛	名詞,一般,*,*,*,*,愛,アイ,アイ
です	助動詞,*,*,*,特殊・デス,基本形,です,デス,デス
。	記号,句点,*,*,*,*,。,。,。
こうした	連体詞,*,*,*,*,*,こうした,コウシタ,コーシタ
もの	名詞,非自立,一般,*,*,*,もの,モノ,モノ
から	助詞,格助詞,一般,*,*,*,から,カラ,カラ
それる	動詞,自立,*,*,一段,基本形,それる,ソレル,ソレル
こと	名詞,非自立,一般,*,*,*,こと,コト,コト
によって	助詞,格助詞,連語,*,*,*,によって,ニヨッテ,ニヨッテ
，	記号,読点,*,*,*,*,，,，,，
ある	連体詞,*,*,*,*,*,ある,アル,アル
人々	名詞,一般,*,*,*,*,人々,ヒトビト,ヒトビト
は	助詞,係助詞,*,*,*,*,は,ハ,ワ
むだ話	名詞,一般,*,*,*,*,むだ話,ムダバナシ,ムダバナシ
に	助詞,格助詞,一般,*,*,*,に,ニ,ニ
転じ	動詞,自立,*,*,一段,連用形,転じる,テンジ,テンジ
，	記号,読点,*,*,*,*,，,，,，
律	名詞,一般,*,*,*,*,律,リツ,リツ
法	名詞,接尾,一般,*,*,*,法,ホウ,ホー
の	助詞,連体化,*,*,*,*,の,ノ,ノ
教師	名詞,一般,*,*,*,*,教師,キョウシ,キョーシ
で	助動詞,*,*,*,特殊・ダ,連用形,だ,デ,デ
あり	助動詞,*,*,*,五段・ラ行アル,連用形,ある,アリ,アリ
たい	助動詞,*,*,*,特殊・タイ,基本形,たい,タイ,タイ
と	助詞,格助詞,引用,*,*,*,と,ト,ト
願い	動詞,自立,*,*,五段・ワ行促音便,連用形,願う,ネガイ,ネガイ
ながら	助詞,接続助詞,*,*,*,*,ながら,ナガラ,ナガラ
，	記号,読点,*,*,*,*,，,，,，
自分	名詞,一般,*,*,*,*,自分,ジブン,ジブン
の	助詞,格助詞,一般,*,*,*,の,ノ,ノ
言っ	動詞,自立,*,*,五段・ワ行促音便,連用タ接続,言う,イッ,イッ
て	助詞,接続助詞,*,*,*,*,て,テ,テ
いる	動詞,非自立,*,*,一段,基本形,いる,イル,イル
こと	名詞,非自立,一般,*,*,*,こと,コト,コト
も	助詞,係助詞,*,*,*,*,も,モ,モ
，	記号,読点,*,*,*,*,，,，,，
自分	名詞,一般,*,*,*,*,自分,ジブン,ジブン
が	助詞,格助詞,一般,*,*,*,が,ガ,ガ
強く	形容詞,自立,*,*,形容詞・アウオ段,連用テ接続,強い,ツヨク,ツヨク
言い張っ	動詞,自立,*,*,五段・ラ行,連用タ接続,言い張る,イイハッ,イーハッ
て	助詞,接続助詞,*,*,*,*,て,テ,テ
いる	動詞,非自立,*,*,一段,基本形,いる,イル,イル
こと	名詞,非自立,一般,*,*,*,こと,コト,コト
について	助詞,格助詞,連語,*,*,*,について,ニツイテ,ニツイテ
も	助詞,係助詞,*,*,*,*,も,モ,モ
，	記号,読点,*,*,*,*,，,，,，
[	名詞,サ変接続,*,*,*,*,*
その	連体詞,*,*,*,*,*,その,ソノ,ソノ
意味	名詞,サ変接続,*,*,*,*,意味,イミ,イミ
を	助詞,格助詞,一般,*,*,*,を,ヲ,ヲ
]	名詞,サ変接続,*,*,*,*,*
悟ら	動詞,自立,*,*,五段・ラ行,未然形,悟る,サトラ,サトラ
ない	助動詞,*,*,*,特殊・ナイ,基本形,ない,ナイ,ナイ
者	名詞,非自立,一般,*,*,*,者,モノ,モノ
と	助詞,格助詞,一般,*,*,*,と,ト,ト
なっ	動詞,自立,*,*,五段・ラ行,連用タ接続,なる,ナッ,ナッ
て	助詞,接続助詞,*,*,*,*,て,テ,テ
い	動詞,非自立,*,*,一段,連用形,いる,イ,イ
ます	助動詞,*,*,*,特殊・マス,基本形,ます,マス,マス
。	記号,句点,*,*,*,*,。,。,。
しかし	接続詞,*,*,*,*,*,しかし,シカシ,シカシ
わたし	名詞,代名詞,一般,*,*,*,わたし,ワタシ,ワタシ
たち	名詞,接尾,一般,*,*,*,たち,タチ,タチ
は	助詞,係助詞,*,*,*,*,は,ハ,ワ
，	記号,読点,*,*,*,*,，,，,，
次	名詞,一般,*,*,*,*,次,ツギ,ツギ
の	助詞,連体化,*,*,*,*,の,ノ,ノ
点	名詞,非自立,一般,*,*,*,点,テン,テン
を	助詞,格助詞,一般,*,*,*,を,ヲ,ヲ
知っ	動詞,自立,*,*,五段・ラ行,連用タ接続,知る,シッ,シッ
て	助詞,接続助詞,*,*,*,*,て,テ,テ
適法	名詞,一般,*,*,*,*,適法,テキホウ,テキホー
に	助詞,格助詞,一般,*,*,*,に,ニ,ニ
扱う	動詞,自立,*,*,五段・ワ行促音便,基本形,扱う,アツカウ,アツカウ
かぎり	名詞,非自立,副詞可能,*,*,*,かぎり,カギリ,カギリ
，	記号,読点,*,*,*,*,，,，,，
律	名詞,一般,*,*,*,*,律,リツ,リツ
法	名詞,接尾,一般,*,*,*,法,ホウ,ホー
が	助詞,格助詞,一般,*,*,*,が,ガ,ガ
優れ	動詞,自立,*,*,一段,連用形,優れる,スグレ,スグレ
た	助動詞,*,*,*,特殊・タ,基本形,た,タ,タ
もの	名詞,非自立,一般,*,*,*,もの,モノ,モノ
で	助動詞,*,*,*,特殊・ダ,連用形,だ,デ,デ
ある	助動詞,*,*,*,五段・ラ行アル,基本形,ある,アル,アル
こと	名詞,非自立,一般,*,*,*,こと,コト,コト
を	助詞,格助詞,一般,*,*,*,を,ヲ,ヲ
知っ	動詞,自立,*,*,五段・ラ行,連用タ接続,知る,シッ,シッ
て	助詞,接続助詞,*,*,*,*,て,テ,テ
い	動詞,非自立,*,*,一段,連用形,いる,イ,イ
ます	助動詞,*,*,*,特殊・マス,基本形,ます,マス,マス
。	記号,句点,*,*,*,*,。,。,。
すなわち	接続詞,*,*,*,*,*,すなわち,スナワチ,スナワチ
，	記号,読点,*,*,*,*,，,，,，
律	名詞,一般,*,*,*,*,律,リツ,リツ
法	名詞,接尾,一般,*,*,*,法,ホウ,ホー
は	助詞,係助詞,*,*,*,*,は,ハ,ワ
，	記号,読点,*,*,*,*,，,，,，
義	名詞,形容動詞語幹,*,*,*,*,義,ギ,ギ
に	助詞,副詞化,*,*,*,*,に,ニ,ニ
かなっ	動詞,自立,*,*,五段・ワ行促音便,連用タ接続,かなう,カナッ,カナッ
た	助動詞,*,*,*,特殊・タ,基本形,た,タ,タ
人	名詞,一般,*,*,*,*,人,ヒト,ヒト
の	助詞,連体化,*,*,*,*,の,ノ,ノ
ため	名詞,非自立,副詞可能,*,*,*,ため,タメ,タメ
で	助詞,格助詞,一般,*,*,*,で,デ,デ
は	助詞,係助詞,*,*,*,*,は,ハ,ワ
なく	助動詞,*,*,*,特殊・ナイ,連用テ接続,ない,ナク,ナク
，	記号,読点,*,*,*,*,，,，,，
不法	名詞,形容動詞語幹,*,*,*,*,不法,フホウ,フホー
な	助動詞,*,*,*,特殊・ダ,体言接続,だ,ナ,ナ
者	名詞,非自立,一般,*,*,*,者,モノ,モノ
や	助詞,並立助詞,*,*,*,*,や,ヤ,ヤ
無	接頭詞,名詞接続,*,*,*,*,無,ム,ム
規律	名詞,一般,*,*,*,*,規律,キリツ,キリツ
な	助動詞,*,*,*,特殊・ダ,体言接続,だ,ナ,ナ
者	名詞,非自立,一般,*,*,*,者,モノ,モノ
，	記号,読点,*,*,*,*,，,，,，
不	接頭詞,名詞接続,*,*,*,*,不,フ,フ
敬虔	名詞,形容動詞語幹,*,*,*,*,敬虔,ケイケン,ケイケン
な	助動詞,*,*,*,特殊・ダ,体言接続,だ,ナ,ナ
者	名詞,非自立,一般,*,*,*,者,モノ,モノ
や	助詞,並立助詞,*,*,*,*,や,ヤ,ヤ
罪人	名詞,一般,*,*,*,*,罪人,ザイニン,ザイニン
，	記号,読点,*,*,*,*,，,，,，
愛	名詞,一般,*,*,*,*,愛,アイ,アイ
ある	動詞,自立,*,*,五段・ラ行,基本形,ある,アル,アル
親切	名詞,形容動詞語幹,*,*,*,*,親切,シンセツ,シンセツ
に	助詞,副詞化,*,*,*,*,に,ニ,ニ
欠ける	動詞,自立,*,*,一段,基本形,欠ける,カケル,カケル
者	名詞,非自立,一般,*,*,*,者,モノ,モノ
や	助詞,並立助詞,*,*,*,*,や,ヤ,ヤ
俗悪	名詞,形容動詞語幹,*,*,*,*,俗悪,ゾクアク,ゾクアク
な	助動詞,*,*,*,特殊・ダ,体言接続,だ,ナ,ナ
者	名詞,非自立,一般,*,*,*,者,モノ,モノ
，	記号,読点,*,*,*,*,，,，,，
父	名詞,一般,*,*,*,*,父,チチ,チチ
を	助詞,格助詞,一般,*,*,*,を,ヲ,ヲ
殺す	動詞,自立,*,*,五段・サ行,基本形,殺す,コロス,コロス
者	名詞,非自立,一般,*,*,*,者,モノ,モノ
や	助詞,並立助詞,*,*,*,*,や,ヤ,ヤ
母	名詞,一般,*,*,*,*,母,ハハ,ハハ
を	助詞,格助詞,一般,*,*,*,を,ヲ,ヲ
殺す	動詞,自立,*,*,五段・サ行,基本形,殺す,コロス,コロス
者	名詞,非自立,一般,*,*,*,者,モノ,モノ
，	記号,読点,*,*,*,*,，,，,，
また	接続詞,*,*,*,*,*,また,マタ,マタ
人	名詞,一般,*,*,*,*,人,ヒト,ヒト
を	助詞,格助詞,一般,*,*,*,を,ヲ,ヲ
殺す	動詞,自立,*,*,五段・サ行,基本形,殺す,コロス,コロス
者	名詞,非自立,一般,*,*,*,者,モノ,モノ
，	記号,読点,*,*,*,*,，,，,，
淫行	名詞,一般,*,*,*,*,淫行,インコウ,インコー
の	助詞,連体化,*,*,*,*,の,ノ,ノ
者	名詞,非自立,一般,*,*,*,者,モノ,モノ
，	記号,読点,*,*,*,*,，,，,，
男	名詞,一般,*,*,*,*,男,オトコ,オトコ
どうし	名詞,接尾,一般,*,*,*,どうし,ドウシ,ドーシ
で	助詞,格助詞,一般,*,*,*,で,デ,デ
寝る	動詞,自立,*,*,一段,基本形,寝る,ネル,ネル
者	名詞,非自立,一般,*,*,*,者,モノ,モノ
，	名詞,数,*,*,*,*,，,，,，
人	名詞,接尾,助数詞,*,*,*,人,ニン,ニン
を	助詞,格助詞,一般,*,*,*,を,ヲ,ヲ
誘拐	名詞,サ変接続,*,*,*,*,誘拐,ユウカイ,ユーカイ
する	動詞,自立,*,*,サ変・スル,基本形,する,スル,スル
者	名詞,非自立,一般,*,*,*,者,モノ,モノ
，	記号,読点,*,*,*,*,，,，,，
偽り	名詞,一般,*,*,*,*,偽り,イツワリ,イツワリ
を	助詞,格助詞,一般,*,*,*,を,ヲ,ヲ
言う	動詞,自立,*,*,五段・ワ行促音便,基本形,言う,イウ,イウ
者	名詞,非自立,一般,*,*,*,者,モノ,モノ
，	記号,読点,*,*,*,*,，,，,，
偽り	名詞,一般,*,*,*,*,偽り,イツワリ,イツワリ
の	助詞,連体化,*,*,*,*,の,ノ,ノ
誓い	動詞,自立,*,*,五段・ワ行促音便,連用形,誓う,チカイ,チカイ
を	助詞,格助詞,一般,*,*,*,を,ヲ,ヲ
する	動詞,自立,*,*,サ変・スル,基本形,する,スル,スル
者	名詞,非自立,一般,*,*,*,者,モノ,モノ
，	記号,読点,*,*,*,*,，,，,，
その	連体詞,*,*,*,*,*,その,ソノ,ソノ
ほか	名詞,副詞可能,*,*,*,*,ほか,ホカ,ホカ
何	名詞,代名詞,一般,*,*,*,何,ナニ,ナニ
で	助動詞,*,*,*,特殊・ダ,連用形,だ,デ,デ
あれ	助動詞,*,*,*,五段・ラ行アル,命令ｅ,ある,アレ,アレ
，	記号,読点,*,*,*,*,，,，,，
幸福	名詞,形容動詞語幹,*,*,*,*,幸福,コウフク,コーフク
な	助動詞,*,*,*,特殊・ダ,体言接続,だ,ナ,ナ
神	名詞,一般,*,*,*,*,神,カミ,カミ
の	助詞,連体化,*,*,*,*,の,ノ,ノ
栄光	名詞,一般,*,*,*,*,栄光,エイコウ,エイコー
ある	動詞,自立,*,*,五段・ラ行,基本形,ある,アル,アル
良い	形容詞,自立,*,*,形容詞・アウオ段,基本形,良い,ヨイ,ヨイ
たより	名詞,ナイ形容詞語幹,*,*,*,*,たより,タヨリ,タヨリ
に	助詞,格助詞,一般,*,*,*,に,ニ,ニ
基づく	動詞,自立,*,*,五段・カ行イ音便,基本形,基づく,モトヅク,モトズク
健全	名詞,形容動詞語幹,*,*,*,*,健全,ケンゼン,ケンゼン
な	助動詞,*,*,*,特殊・ダ,体言接続,だ,ナ,ナ
教え	名詞,一般,*,*,*,*,教え,オシエ,オシエ
に	助詞,格助詞,一般,*,*,*,に,ニ,ニ
反する	動詞,自立,*,*,サ変・−スル,基本形,反する,ハンスル,ハンスル
事柄	名詞,一般,*,*,*,*,事柄,コトガラ,コトガラ
の	助詞,連体化,*,*,*,*,の,ノ,ノ
ため	名詞,非自立,副詞可能,*,*,*,ため,タメ,タメ
に	助詞,格助詞,一般,*,*,*,に,ニ,ニ
公布	名詞,サ変接続,*,*,*,*,公布,コウフ,コーフ
さ	動詞,自立,*,*,サ変・スル,未然レル接続,する,サ,サ
れ	動詞,接尾,*,*,一段,連用形,れる,レ,レ
て	助詞,接続助詞,*,*,*,*,て,テ,テ
いる	動詞,非自立,*,*,一段,基本形,いる,イル,イル
の	名詞,非自立,一般,*,*,*,の,ノ,ノ
です	助動詞,*,*,*,特殊・デス,基本形,です,デス,デス
。	記号,句点,*,*,*,*,。,。,。
そして	接続詞,*,*,*,*,*,そして,ソシテ,ソシテ
わたし	名詞,代名詞,一般,*,*,*,わたし,ワタシ,ワタシ
は	助詞,係助詞,*,*,*,*,は,ハ,ワ
その	連体詞,*,*,*,*,*,その,ソノ,ソノ
[	名詞,サ変接続,*,*,*,*,*
良い	形容詞,自立,*,*,形容詞・アウオ段,基本形,良い,ヨイ,ヨイ
たより	名詞,ナイ形容詞語幹,*,*,*,*,たより,タヨリ,タヨリ
]	名詞,サ変接続,*,*,*,*,*
を	助詞,格助詞,一般,*,*,*,を,ヲ,ヲ
託さ	動詞,自立,*,*,五段・サ行,未然形,託す,タクサ,タクサ
れ	動詞,接尾,*,*,一段,連用形,れる,レ,レ
まし	助動詞,*,*,*,特殊・マス,連用形,ます,マシ,マシ
た	助動詞,*,*,*,特殊・タ,基本形,た,タ,タ
。	記号,句点,*,*,*,*,。,。,。
わたし	名詞,代名詞,一般,*,*,*,わたし,ワタシ,ワタシ
は	助詞,係助詞,*,*,*,*,は,ハ,ワ
，	記号,読点,*,*,*,*,，,，,，
自分	名詞,一般,*,*,*,*,自分,ジブン,ジブン
に	助詞,格助詞,一般,*,*,*,に,ニ,ニ
力	名詞,一般,*,*,*,*,力,チカラ,チカラ
を	助詞,格助詞,一般,*,*,*,を,ヲ,ヲ
授け	動詞,自立,*,*,一段,連用形,授ける,サヅケ,サズケ
て	助詞,接続助詞,*,*,*,*,て,テ,テ
くださっ	動詞,非自立,*,*,五段・ラ行特殊,連用タ接続,くださる,クダサッ,クダサッ
た	助動詞,*,*,*,特殊・タ,基本形,た,タ,タ
わたし	名詞,代名詞,一般,*,*,*,わたし,ワタシ,ワタシ
たち	名詞,接尾,一般,*,*,*,たち,タチ,タチ
の	助詞,連体化,*,*,*,*,の,ノ,ノ
主	接頭詞,名詞接続,*,*,*,*,主,シュ,シュ
キリスト	名詞,固有名詞,一般,*,*,*,キリスト,キリスト,キリスト
･	名詞,サ変接続,*,*,*,*,*
イエス	名詞,一般,*,*,*,*,イエス,イエス,イエス
に	助詞,格助詞,一般,*,*,*,に,ニ,ニ
感謝	名詞,サ変接続,*,*,*,*,感謝,カンシャ,カンシャ
し	動詞,自立,*,*,サ変・スル,連用形,する,シ,シ
て	助詞,接続助詞,*,*,*,*,て,テ,テ
い	動詞,非自立,*,*,一段,連用形,いる,イ,イ
ます	助動詞,*,*,*,特殊・マス,基本形,ます,マス,マス
。	記号,句点,*,*,*,*,。,。,。
わたし	名詞,代名詞,一般,*,*,*,わたし,ワタシ,ワタシ
を	助詞,格助詞,一般,*,*,*,を,ヲ,ヲ
奉仕	名詞,サ変接続,*,*,*,*,奉仕,ホウシ,ホーシ
の	助詞,連体化,*,*,*,*,の,ノ,ノ
務め	名詞,一般,*,*,*,*,務め,ツトメ,ツトメ
に	助詞,格助詞,一般,*,*,*,に,ニ,ニ
割り当て	動詞,自立,*,*,一段,連用形,割り当てる,ワリアテ,ワリアテ
て	助詞,接続助詞,*,*,*,*,て,テ,テ
，	記号,読点,*,*,*,*,，,，,，
忠実	名詞,形容動詞語幹,*,*,*,*,忠実,チュウジツ,チュージツ
な	助動詞,*,*,*,特殊・ダ,体言接続,だ,ナ,ナ
者	名詞,非自立,一般,*,*,*,者,モノ,モノ
と	助詞,格助詞,引用,*,*,*,と,ト,ト
みなし	動詞,自立,*,*,五段・サ行,連用形,みなす,ミナシ,ミナシ
て	助詞,接続助詞,*,*,*,*,て,テ,テ
くださっ	動詞,非自立,*,*,五段・ラ行特殊,連用タ接続,くださる,クダサッ,クダサッ
た	助動詞,*,*,*,特殊・タ,基本形,た,タ,タ
から	助詞,接続助詞,*,*,*,*,から,カラ,カラ
です	助動詞,*,*,*,特殊・デス,基本形,です,デス,デス
。	記号,句点,*,*,*,*,。,。,。
以前	名詞,副詞可能,*,*,*,*,以前,イゼン,イゼン
に	助詞,格助詞,一般,*,*,*,に,ニ,ニ
は	助詞,係助詞,*,*,*,*,は,ハ,ワ
冒とく	名詞,サ変接続,*,*,*,*,冒とく,ボウトク,ボートク
者	名詞,接尾,一般,*,*,*,者,シャ,シャ
で	助動詞,*,*,*,特殊・ダ,連用形,だ,デ,デ
あり	助動詞,*,*,*,五段・ラ行アル,連用形,ある,アリ,アリ
，	記号,読点,*,*,*,*,，,，,，
迫害	名詞,サ変接続,*,*,*,*,迫害,ハクガイ,ハクガイ
者	名詞,接尾,一般,*,*,*,者,シャ,シャ
で	助動詞,*,*,*,特殊・ダ,連用形,だ,デ,デ
あり	助動詞,*,*,*,五段・ラ行アル,連用形,ある,アリ,アリ
，	記号,読点,*,*,*,*,，,，,，
不遜	名詞,形容動詞語幹,*,*,*,*,不遜,フソン,フソン
な	助動詞,*,*,*,特殊・ダ,体言接続,だ,ナ,ナ
者	名詞,非自立,一般,*,*,*,者,モノ,モノ
で	助動詞,*,*,*,特殊・ダ,連用形,だ,デ,デ
あっ	助動詞,*,*,*,五段・ラ行アル,連用タ接続,ある,アッ,アッ
た	助動詞,*,*,*,特殊・タ,基本形,た,タ,タ
のに	助詞,接続助詞,*,*,*,*,のに,ノニ,ノニ
，	記号,読点,*,*,*,*,，,，,，
その	連体詞,*,*,*,*,*,その,ソノ,ソノ
わたし	名詞,代名詞,一般,*,*,*,わたし,ワタシ,ワタシ
が	助詞,格助詞,一般,*,*,*,が,ガ,ガ
憐れみ	動詞,自立,*,*,五段・マ行,連用形,憐れむ,アワレミ,アワレミ
を	助詞,格助詞,一般,*,*,*,を,ヲ,ヲ
示さ	動詞,自立,*,*,五段・サ行,未然形,示す,シメサ,シメサ
れ	動詞,接尾,*,*,一段,連用形,れる,レ,レ
た	助動詞,*,*,*,特殊・タ,基本形,た,タ,タ
の	名詞,非自立,一般,*,*,*,の,ノ,ノ
です	助動詞,*,*,*,特殊・デス,基本形,です,デス,デス
。	記号,句点,*,*,*,*,。,。,。
わたし	名詞,代名詞,一般,*,*,*,わたし,ワタシ,ワタシ
は	助詞,係助詞,*,*,*,*,は,ハ,ワ
知ら	動詞,自立,*,*,五段・ラ行,未然形,知る,シラ,シラ
ず	助動詞,*,*,*,特殊・ヌ,連用ニ接続,ぬ,ズ,ズ
に	助詞,格助詞,一般,*,*,*,に,ニ,ニ
，	記号,読点,*,*,*,*,，,，,，
そして	接続詞,*,*,*,*,*,そして,ソシテ,ソシテ
信仰	名詞,サ変接続,*,*,*,*,信仰,シンコウ,シンコー
の	助詞,格助詞,一般,*,*,*,の,ノ,ノ
ない	形容詞,自立,*,*,形容詞・アウオ段,基本形,ない,ナイ,ナイ
まま	名詞,非自立,副詞可能,*,*,*,まま,ママ,ママ
に	助詞,格助詞,一般,*,*,*,に,ニ,ニ
行動	名詞,サ変接続,*,*,*,*,行動,コウドウ,コードー
し	動詞,自立,*,*,サ変・スル,連用形,する,シ,シ
て	助詞,接続助詞,*,*,*,*,て,テ,テ
い	動詞,非自立,*,*,一段,連用形,いる,イ,イ
た	助動詞,*,*,*,特殊・タ,基本形,た,タ,タ
から	助詞,接続助詞,*,*,*,*,から,カラ,カラ
です	助動詞,*,*,*,特殊・デス,基本形,です,デス,デス
。	記号,句点,*,*,*,*,。,。,。
しかし	接続詞,*,*,*,*,*,しかし,シカシ,シカシ
，	記号,読点,*,*,*,*,，,，,，
わたし	名詞,代名詞,一般,*,*,*,わたし,ワタシ,ワタシ
たち	名詞,接尾,一般,*,*,*,たち,タチ,タチ
の	助詞,連体化,*,*,*,*,の,ノ,ノ
主	名詞,一般,*,*,*,*,主,アルジ,アルジ
の	助詞,連体化,*,*,*,*,の,ノ,ノ
過分	名詞,一般,*,*,*,*,過分,カブン,カブン
の	助詞,連体化,*,*,*,*,の,ノ,ノ
ご	接頭詞,名詞接続,*,*,*,*,ご,ゴ,ゴ
親切	名詞,形容動詞語幹,*,*,*,*,親切,シンセツ,シンセツ
が	助詞,格助詞,一般,*,*,*,が,ガ,ガ
，	記号,読点,*,*,*,*,，,，,，
信仰	名詞,サ変接続,*,*,*,*,信仰,シンコウ,シンコー
と共に	助詞,格助詞,連語,*,*,*,と共に,トトモニ,トトモニ
，	記号,読点,*,*,*,*,，,，,，
また	接続詞,*,*,*,*,*,また,マタ,マタ
キリスト	名詞,固有名詞,一般,*,*,*,キリスト,キリスト,キリスト
･	名詞,サ変接続,*,*,*,*,*
イエス	名詞,一般,*,*,*,*,イエス,イエス,イエス
に	助詞,格助詞,一般,*,*,*,に,ニ,ニ
関連	名詞,サ変接続,*,*,*,*,関連,カンレン,カンレン
し	動詞,自立,*,*,サ変・スル,連用形,する,シ,シ
た	助動詞,*,*,*,特殊・タ,基本形,た,タ,タ
愛	名詞,一般,*,*,*,*,愛,アイ,アイ
[	名詞,サ変接続,*,*,*,*,*
と共に	助詞,格助詞,連語,*,*,*,と共に,トトモニ,トトモニ
]，	名詞,サ変接続,*,*,*,*,*
大いに	副詞,一般,*,*,*,*,大いに,オオイニ,オーイニ
満ち	動詞,自立,*,*,一段,連用形,満ちる,ミチ,ミチ
あふれ	動詞,自立,*,*,一段,連用形,あふれる,アフレ,アフレ
た	助動詞,*,*,*,特殊・タ,基本形,た,タ,タ
の	名詞,非自立,一般,*,*,*,の,ノ,ノ
です	助動詞,*,*,*,特殊・デス,基本形,です,デス,デス
。	記号,句点,*,*,*,*,。,。,。
キリスト	名詞,固有名詞,一般,*,*,*,キリスト,キリスト,キリスト
･	名詞,サ変接続,*,*,*,*,*
イエス	名詞,一般,*,*,*,*,イエス,イエス,イエス
が	助詞,格助詞,一般,*,*,*,が,ガ,ガ
罪人	名詞,一般,*,*,*,*,罪人,ザイニン,ザイニン
を	助詞,格助詞,一般,*,*,*,を,ヲ,ヲ
救う	動詞,自立,*,*,五段・ワ行促音便,基本形,救う,スクウ,スクウ
ため	名詞,非自立,副詞可能,*,*,*,ため,タメ,タメ
に	助詞,格助詞,一般,*,*,*,に,ニ,ニ
世	名詞,一般,*,*,*,*,世,ヨ,ヨ
に	助詞,格助詞,一般,*,*,*,に,ニ,ニ
来ら	動詞,自立,*,*,五段・ラ行,未然形,来る,キタラ,キタラ
れ	動詞,接尾,*,*,一段,連用形,れる,レ,レ
た	助動詞,*,*,*,特殊・タ,基本形,た,タ,タ
と	助詞,格助詞,引用,*,*,*,と,ト,ト
は	助詞,係助詞,*,*,*,*,は,ハ,ワ
，	記号,読点,*,*,*,*,，,，,，
信ず	動詞,自立,*,*,サ変・−ズル,文語基本形,信ずる,シンズ,シンズ
べく	助動詞,*,*,*,文語・ベシ,連用形,べし,ベク,ベク
，	記号,読点,*,*,*,*,，,，,，
また	接続詞,*,*,*,*,*,また,マタ,マタ
全く	副詞,助詞類接続,*,*,*,*,全く,マッタク,マッタク
受け入れる	動詞,自立,*,*,一段,基本形,受け入れる,ウケイレル,ウケイレル
べき	助動詞,*,*,*,文語・ベシ,体言接続,べし,ベキ,ベキ
ことば	名詞,一般,*,*,*,*,ことば,コトバ,コトバ
です	助動詞,*,*,*,特殊・デス,基本形,です,デス,デス
。	記号,句点,*,*,*,*,。,。,。
わたし	名詞,代名詞,一般,*,*,*,わたし,ワタシ,ワタシ
は	助詞,係助詞,*,*,*,*,は,ハ,ワ
そうした	連体詞,*,*,*,*,*,そうした,ソウシタ,ソーシタ
[	名詞,サ変接続,*,*,*,*,*
罪人	名詞,一般,*,*,*,*,罪人,ザイニン,ザイニン
]	名詞,サ変接続,*,*,*,*,*
の	助詞,連体化,*,*,*,*,の,ノ,ノ
最たる	連体詞,*,*,*,*,*,最たる,サイタル,サイタル
者	名詞,非自立,一般,*,*,*,者,モノ,モノ
です	助動詞,*,*,*,特殊・デス,基本形,です,デス,デス
。	記号,句点,*,*,*,*,。,。,。
それなのに	接続詞,*,*,*,*,*,それなのに,ソレナノニ,ソレナノニ
わたし	名詞,代名詞,一般,*,*,*,わたし,ワタシ,ワタシ
が	助詞,格助詞,一般,*,*,*,が,ガ,ガ
憐れみ	動詞,自立,*,*,五段・マ行,連用形,憐れむ,アワレミ,アワレミ
を	助詞,格助詞,一般,*,*,*,を,ヲ,ヲ
示さ	動詞,自立,*,*,五段・サ行,未然形,示す,シメサ,シメサ
れ	動詞,接尾,*,*,一段,連用形,れる,レ,レ
た	助動詞,*,*,*,特殊・タ,基本形,た,タ,タ
の	名詞,非自立,一般,*,*,*,の,ノ,ノ
は	助詞,係助詞,*,*,*,*,は,ハ,ワ
，	記号,読点,*,*,*,*,，,，,，
わたし	名詞,代名詞,一般,*,*,*,わたし,ワタシ,ワタシ
の	助詞,連体化,*,*,*,*,の,ノ,ノ
場合	名詞,副詞可能,*,*,*,*,場合,バアイ,バアイ
を	助詞,格助詞,一般,*,*,*,を,ヲ,ヲ
最たる	連体詞,*,*,*,*,*,最たる,サイタル,サイタル
例	名詞,一般,*,*,*,*,例,レイ,レイ
として	助詞,格助詞,連語,*,*,*,として,トシテ,トシテ
キリスト	名詞,固有名詞,一般,*,*,*,キリスト,キリスト,キリスト
･	名詞,サ変接続,*,*,*,*,*
イエス	名詞,一般,*,*,*,*,イエス,イエス,イエス
が	助詞,格助詞,一般,*,*,*,が,ガ,ガ
その	連体詞,*,*,*,*,*,その,ソノ,ソノ
辛抱強	形容詞,自立,*,*,形容詞・アウオ段,ガル接続,辛抱強い,シンボウヅヨ,シンボーズヨ
さ	名詞,接尾,特殊,*,*,*,さ,サ,サ
の	助詞,連体化,*,*,*,*,の,ノ,ノ
限り	名詞,非自立,副詞可能,*,*,*,限り,カギリ,カギリ
を	助詞,格助詞,一般,*,*,*,を,ヲ,ヲ
示し	動詞,自立,*,*,五段・サ行,連用形,示す,シメシ,シメシ
，	記号,読点,*,*,*,*,，,，,，
永遠	名詞,一般,*,*,*,*,永遠,エイエン,エイエン
の	助詞,連体化,*,*,*,*,の,ノ,ノ
命	名詞,一般,*,*,*,*,命,イノチ,イノチ
を	助詞,格助詞,一般,*,*,*,を,ヲ,ヲ
求め	動詞,自立,*,*,一段,連用形,求める,モトメ,モトメ
て	助詞,接続助詞,*,*,*,*,て,テ,テ
彼	名詞,代名詞,一般,*,*,*,彼,カレ,カレ
に	助詞,格助詞,一般,*,*,*,に,ニ,ニ
信仰	名詞,サ変接続,*,*,*,*,信仰,シンコウ,シンコー
を	助詞,格助詞,一般,*,*,*,を,ヲ,ヲ
置こ	動詞,自立,*,*,五段・カ行イ音便,未然ウ接続,置く,オコ,オコ
う	助動詞,*,*,*,不変化型,基本形,う,ウ,ウ
と	助詞,格助詞,引用,*,*,*,と,ト,ト
し	動詞,自立,*,*,サ変・スル,連用形,する,シ,シ
て	助詞,接続助詞,*,*,*,*,て,テ,テ
いる	動詞,非自立,*,*,一段,基本形,いる,イル,イル
人	名詞,一般,*,*,*,*,人,ヒト,ヒト
たち	名詞,接尾,一般,*,*,*,たち,タチ,タチ
へ	助詞,格助詞,一般,*,*,*,へ,ヘ,エ
の	助詞,連体化,*,*,*,*,の,ノ,ノ
見本	名詞,一般,*,*,*,*,見本,ミホン,ミホン
と	助詞,格助詞,一般,*,*,*,と,ト,ト
する	動詞,自立,*,*,サ変・スル,基本形,する,スル,スル
ため	名詞,非自立,副詞可能,*,*,*,ため,タメ,タメ
だっ	助動詞,*,*,*,特殊・ダ,連用タ接続,だ,ダッ,ダッ
た	助動詞,*,*,*,特殊・タ,基本形,た,タ,タ
の	名詞,非自立,一般,*,*,*,の,ノ,ノ
です	助動詞,*,*,*,特殊・デス,基本形,です,デス,デス
。	記号,句点,*,*,*,*,。,。,。
で	助動詞,*,*,*,特殊・ダ,連用形,だ,デ,デ
は	助詞,係助詞,*,*,*,*,は,ハ,ワ
，	記号,読点,*,*,*,*,，,，,，
朽ちる	動詞,自立,*,*,一段,基本形,朽ちる,クチル,クチル
こと	名詞,非自立,一般,*,*,*,こと,コト,コト
が	助詞,格助詞,一般,*,*,*,が,ガ,ガ
なく	形容詞,自立,*,*,形容詞・アウオ段,連用テ接続,ない,ナク,ナク
，	記号,読点,*,*,*,*,，,，,，
[	名詞,サ変接続,*,*,*,*,*
人	名詞,接尾,一般,*,*,*,人,ジン,ジン
が	助詞,格助詞,一般,*,*,*,が,ガ,ガ
]	名詞,サ変接続,*,*,*,*,*
見る	動詞,自立,*,*,一段,基本形,見る,ミル,ミル
こと	名詞,非自立,一般,*,*,*,こと,コト,コト
の	助詞,格助詞,一般,*,*,*,の,ノ,ノ
でき	動詞,自立,*,*,一段,未然形,できる,デキ,デキ
ない	助動詞,*,*,*,特殊・ナイ,基本形,ない,ナイ,ナイ
とこしえ	名詞,一般,*,*,*,*,とこしえ,トコシエ,トコシエ
の	助詞,連体化,*,*,*,*,の,ノ,ノ
王	名詞,一般,*,*,*,*,王,オウ,オー
，	記号,読点,*,*,*,*,，,，,，
唯一	名詞,一般,*,*,*,*,唯一,ユイイツ,ユイイツ
の	助詞,連体化,*,*,*,*,の,ノ,ノ
神	名詞,一般,*,*,*,*,神,カミ,カミ
に	助詞,格助詞,一般,*,*,*,に,ニ,ニ
，	記号,読点,*,*,*,*,，,，,，
誉れ	名詞,一般,*,*,*,*,誉れ,ホマレ,ホマレ
と	助詞,並立助詞,*,*,*,*,と,ト,ト
栄光	名詞,一般,*,*,*,*,栄光,エイコウ,エイコー
が	助詞,格助詞,一般,*,*,*,が,ガ,ガ
限り	名詞,ナイ形容詞語幹,*,*,*,*,限り,カギリ,カギリ
なく	助動詞,*,*,*,特殊・ナイ,連用テ接続,ない,ナク,ナク
永久	名詞,一般,*,*,*,*,永久,エイキュウ,エイキュー
に	助詞,格助詞,一般,*,*,*,に,ニ,ニ
あり	動詞,自立,*,*,五段・ラ行,連用形,ある,アリ,アリ
ます	助動詞,*,*,*,特殊・マス,基本形,ます,マス,マス
よう	名詞,非自立,助動詞語幹,*,*,*,よう,ヨウ,ヨー
に	助詞,格助詞,一般,*,*,*,に,ニ,ニ
。	記号,句点,*,*,*,*,。,。,。
アーメン	名詞,一般,*,*,*,*,*
。	記号,句点,*,*,*,*,。,。,。
[	名詞,サ変接続,*,*,*,*,*
わたし	名詞,代名詞,一般,*,*,*,わたし,ワタシ,ワタシ
の	助詞,連体化,*,*,*,*,の,ノ,ノ
]	名詞,サ変接続,*,*,*,*,*
子	名詞,接尾,一般,*,*,*,子,コ,コ
テモテ	名詞,一般,*,*,*,*,*
よ	助詞,終助詞,*,*,*,*,よ,ヨ,ヨ
，	記号,読点,*,*,*,*,，,，,，
直接	名詞,副詞可能,*,*,*,*,直接,チョクセツ,チョクセツ
あなた	名詞,代名詞,一般,*,*,*,あなた,アナタ,アナタ
に	助詞,格助詞,一般,*,*,*,に,ニ,ニ
向け	動詞,自立,*,*,一段,連用形,向ける,ムケ,ムケ
て	助詞,接続助詞,*,*,*,*,て,テ,テ
語ら	動詞,自立,*,*,五段・ラ行,未然形,語る,カタラ,カタラ
れ	動詞,接尾,*,*,一段,連用形,れる,レ,レ
た	助動詞,*,*,*,特殊・タ,基本形,た,タ,タ
予言	名詞,サ変接続,*,*,*,*,予言,ヨゲン,ヨゲン
に	助詞,格助詞,一般,*,*,*,に,ニ,ニ
したがっ	動詞,自立,*,*,五段・ワ行促音便,連用タ接続,したがう,シタガッ,シタガッ
て	助詞,接続助詞,*,*,*,*,て,テ,テ
，	記号,読点,*,*,*,*,，,，,，
この	連体詞,*,*,*,*,*,この,コノ,コノ
指令	名詞,サ変接続,*,*,*,*,指令,シレイ,シレイ
を	助詞,格助詞,一般,*,*,*,を,ヲ,ヲ
あなた	名詞,代名詞,一般,*,*,*,あなた,アナタ,アナタ
に	助詞,格助詞,一般,*,*,*,に,ニ,ニ
ゆだね	動詞,自立,*,*,一段,連用形,ゆだねる,ユダネ,ユダネ
ます	助動詞,*,*,*,特殊・マス,基本形,ます,マス,マス
。	記号,句点,*,*,*,*,。,。,。
それ	名詞,代名詞,一般,*,*,*,それ,ソレ,ソレ
は	助詞,係助詞,*,*,*,*,は,ハ,ワ
，	記号,読点,*,*,*,*,，,，,，
あなた	名詞,代名詞,一般,*,*,*,あなた,アナタ,アナタ
が	助詞,格助詞,一般,*,*,*,が,ガ,ガ
そうした	連体詞,*,*,*,*,*,そうした,ソウシタ,ソーシタ
[	名詞,サ変接続,*,*,*,*,*
予言	名詞,サ変接続,*,*,*,*,予言,ヨゲン,ヨゲン
]	名詞,サ変接続,*,*,*,*,*
に	助詞,格助詞,一般,*,*,*,に,ニ,ニ
したがっ	動詞,自立,*,*,五段・ワ行促音便,連用タ接続,したがう,シタガッ,シタガッ
て	助詞,接続助詞,*,*,*,*,て,テ,テ
りっぱ	名詞,形容動詞語幹,*,*,*,*,りっぱ,リッパ,リッパ
に	助詞,副詞化,*,*,*,*,に,ニ,ニ
戦っ	動詞,自立,*,*,五段・ワ行促音便,連用タ接続,戦う,タタカッ,タタカッ
て	助詞,接続助詞,*,*,*,*,て,テ,テ
ゆく	動詞,非自立,*,*,五段・カ行促音便ユク,基本形,ゆく,ユク,ユク
ため	名詞,非自立,副詞可能,*,*,*,ため,タメ,タメ
です	助動詞,*,*,*,特殊・デス,基本形,です,デス,デス
。	記号,句点,*,*,*,*,。,。,。
信仰	名詞,サ変接続,*,*,*,*,信仰,シンコウ,シンコー
と	助詞,並立助詞,*,*,*,*,と,ト,ト
正しい	形容詞,自立,*,*,形容詞・イ段,基本形,正しい,タダシイ,タダシイ
良心	名詞,一般,*,*,*,*,良心,リョウシン,リョーシン
を	助詞,格助詞,一般,*,*,*,を,ヲ,ヲ
保つ	動詞,自立,*,*,五段・タ行,基本形,保つ,タモツ,タモツ
こと	名詞,非自立,一般,*,*,*,こと,コト,コト
，	記号,読点,*,*,*,*,，,，,，
その	連体詞,*,*,*,*,*,その,ソノ,ソノ
こと	名詞,非自立,一般,*,*,*,こと,コト,コト
を	助詞,格助詞,一般,*,*,*,を,ヲ,ヲ
ある	動詞,自立,*,*,五段・ラ行,基本形,ある,アル,アル
人	名詞,一般,*,*,*,*,人,ヒト,ヒト
たち	名詞,接尾,一般,*,*,*,たち,タチ,タチ
は	助詞,係助詞,*,*,*,*,は,ハ,ワ
押しやっ	動詞,自立,*,*,五段・ラ行,連用タ接続,押しやる,オシヤッ,オシヤッ
て	助詞,接続助詞,*,*,*,*,て,テ,テ
，	記号,読点,*,*,*,*,，,，,，
[	名詞,サ変接続,*,*,*,*,*
自分	名詞,一般,*,*,*,*,自分,ジブン,ジブン
の	助詞,連体化,*,*,*,*,の,ノ,ノ
]	名詞,サ変接続,*,*,*,*,*
信仰	名詞,サ変接続,*,*,*,*,信仰,シンコウ,シンコー
に関して	助詞,格助詞,連語,*,*,*,に関して,ニカンシテ,ニカンシテ
破船	名詞,一般,*,*,*,*,破船,ハセン,ハセン
を	助詞,格助詞,一般,*,*,*,を,ヲ,ヲ
経験	名詞,サ変接続,*,*,*,*,経験,ケイケン,ケイケン
し	動詞,自立,*,*,サ変・スル,連用形,する,シ,シ
まし	助動詞,*,*,*,特殊・マス,連用形,ます,マシ,マシ
た	助動詞,*,*,*,特殊・タ,基本形,た,タ,タ
。	記号,句点,*,*,*,*,。,。,。
その	連体詞,*,*,*,*,*,その,ソノ,ソノ
中	名詞,非自立,副詞可能,*,*,*,中,ナカ,ナカ
に	助詞,格助詞,一般,*,*,*,に,ニ,ニ
ヒメナオ	名詞,一般,*,*,*,*,*
と	助詞,並立助詞,*,*,*,*,と,ト,ト
アレクサンデル	名詞,一般,*,*,*,*,*
が	助詞,格助詞,一般,*,*,*,が,ガ,ガ
い	動詞,自立,*,*,一段,連用形,いる,イ,イ
ます	助動詞,*,*,*,特殊・マス,基本形,ます,マス,マス
が	助詞,接続助詞,*,*,*,*,が,ガ,ガ
，	記号,読点,*,*,*,*,，,，,，
冒とく	名詞,サ変接続,*,*,*,*,冒とく,ボウトク,ボートク
す	動詞,自立,*,*,サ変・スル,文語基本形,する,ス,ス
べき	助動詞,*,*,*,文語・ベシ,体言接続,べし,ベキ,ベキ
で	助動詞,*,*,*,特殊・ダ,連用形,だ,デ,デ
ない	助動詞,*,*,*,特殊・ナイ,基本形,ない,ナイ,ナイ
こと	名詞,非自立,一般,*,*,*,こと,コト,コト
を	助詞,格助詞,一般,*,*,*,を,ヲ,ヲ
懲らしめ	動詞,自立,*,*,一段,連用形,懲らしめる,コラシメ,コラシメ
によって	助詞,格助詞,連語,*,*,*,によって,ニヨッテ,ニヨッテ
学ぶ	動詞,自立,*,*,五段・バ行,基本形,学ぶ,マナブ,マナブ
よう	名詞,非自立,助動詞語幹,*,*,*,よう,ヨウ,ヨー
，	記号,読点,*,*,*,*,，,，,，
わたし	名詞,代名詞,一般,*,*,*,わたし,ワタシ,ワタシ
は	助詞,係助詞,*,*,*,*,は,ハ,ワ
彼ら	名詞,代名詞,一般,*,*,*,彼ら,カレラ,カレラ
を	助詞,格助詞,一般,*,*,*,を,ヲ,ヲ
サタン	名詞,一般,*,*,*,*,サタン,サタン,サタン
に	助詞,格助詞,一般,*,*,*,に,ニ,ニ
渡し	動詞,自立,*,*,五段・サ行,連用形,渡す,ワタシ,ワタシ
まし	助動詞,*,*,*,特殊・マス,連用形,ます,マシ,マシ
た	助動詞,*,*,*,特殊・タ,基本形,た,タ,タ
。	記号,句点,*,*,*,*,。,。,。
EOS
