また	接続詞,*,*,*,*,*,また,マタ,マタ
，	記号,読点,*,*,*,*,，,，,，
エホバ	名詞,一般,*,*,*,*,エホバ,エホバ,エホバ
の	助詞,連体化,*,*,*,*,の,ノ,ノ
言葉	名詞,一般,*,*,*,*,言葉,コトバ,コトバ
が	助詞,格助詞,一般,*,*,*,が,ガ,ガ
わたし	名詞,代名詞,一般,*,*,*,わたし,ワタシ,ワタシ
に	助詞,格助詞,一般,*,*,*,に,ニ,ニ
臨ん	動詞,自立,*,*,五段・マ行,連用タ接続,臨む,ノゾン,ノゾン
で	助詞,接続助詞,*,*,*,*,で,デ,デ
言っ	動詞,自立,*,*,五段・ワ行促音便,連用タ接続,言う,イッ,イッ
た	助動詞,*,*,*,特殊・タ,基本形,た,タ,タ
，	記号,読点,*,*,*,*,，,，,，
「	記号,括弧開,*,*,*,*,「,「,「
行っ	動詞,自立,*,*,五段・ワ行促音便,連用タ接続,行う,オコナッ,オコナッ
て	助詞,接続助詞,*,*,*,*,て,テ,テ
，	記号,読点,*,*,*,*,，,，,，
あなた	名詞,代名詞,一般,*,*,*,あなた,アナタ,アナタ
は	助詞,係助詞,*,*,*,*,は,ハ,ワ
エルサレム	名詞,固有名詞,地域,一般,*,*,エルサレム,エルサレム,エルサレム
の	助詞,連体化,*,*,*,*,の,ノ,ノ
耳	名詞,一般,*,*,*,*,耳,ミミ,ミミ
に	助詞,格助詞,一般,*,*,*,に,ニ,ニ
呼ばわっ	動詞,自立,*,*,五段・ラ行,連用タ接続,呼ばわる,ヨバワッ,ヨバワッ
て	助詞,接続助詞,*,*,*,*,て,テ,テ
，	記号,読点,*,*,*,*,，,，,，
言わ	動詞,自立,*,*,五段・ワ行促音便,未然形,言う,イワ,イワ
なけれ	助動詞,*,*,*,特殊・ナイ,仮定形,ない,ナケレ,ナケレ
ば	助詞,接続助詞,*,*,*,*,ば,バ,バ
なら	動詞,非自立,*,*,五段・ラ行,未然形,なる,ナラ,ナラ
ない	助動詞,*,*,*,特殊・ナイ,基本形,ない,ナイ,ナイ
，	記号,読点,*,*,*,*,，,，,，
『	記号,括弧開,*,*,*,*,『,『,『
エホバ	名詞,一般,*,*,*,*,エホバ,エホバ,エホバ
は	助詞,係助詞,*,*,*,*,は,ハ,ワ
この	連体詞,*,*,*,*,*,この,コノ,コノ
よう	名詞,非自立,助動詞語幹,*,*,*,よう,ヨウ,ヨー
に	助詞,副詞化,*,*,*,*,に,ニ,ニ
言わ	動詞,自立,*,*,五段・ワ行促音便,未然形,言う,イワ,イワ
れ	動詞,接尾,*,*,一段,連用形,れる,レ,レ
た	助動詞,*,*,*,特殊・タ,基本形,た,タ,タ
。	記号,句点,*,*,*,*,。,。,。
「	記号,括弧開,*,*,*,*,「,「,「
わたし	名詞,代名詞,一般,*,*,*,わたし,ワタシ,ワタシ
は	助詞,係助詞,*,*,*,*,は,ハ,ワ
よく	副詞,一般,*,*,*,*,よく,ヨク,ヨク
覚え	動詞,自立,*,*,一段,連用形,覚える,オボエ,オボエ
て	助詞,接続助詞,*,*,*,*,て,テ,テ
いる	動詞,非自立,*,*,一段,基本形,いる,イル,イル
。	記号,句点,*,*,*,*,。,。,。
あなた	名詞,代名詞,一般,*,*,*,あなた,アナタ,アナタ
の	助詞,連体化,*,*,*,*,の,ノ,ノ
側	名詞,一般,*,*,*,*,側,ガワ,ガワ
の	助詞,連体化,*,*,*,*,の,ノ,ノ
，	記号,読点,*,*,*,*,，,，,，
あなた	名詞,代名詞,一般,*,*,*,あなた,アナタ,アナタ
の	助詞,格助詞,一般,*,*,*,の,ノ,ノ
若い	形容詞,自立,*,*,形容詞・アウオ段,基本形,若い,ワカイ,ワカイ
時	名詞,非自立,副詞可能,*,*,*,時,トキ,トキ
の	助詞,連体化,*,*,*,*,の,ノ,ノ
愛	名詞,一般,*,*,*,*,愛,アイ,アイ
ある	動詞,自立,*,*,五段・ラ行,基本形,ある,アル,アル
親切	名詞,形容動詞語幹,*,*,*,*,親切,シンセツ,シンセツ
を	助詞,格助詞,一般,*,*,*,を,ヲ,ヲ
，	記号,読点,*,*,*,*,，,，,，
あなた	名詞,代名詞,一般,*,*,*,あなた,アナタ,アナタ
が	助詞,格助詞,一般,*,*,*,が,ガ,ガ
婚約	名詞,サ変接続,*,*,*,*,婚約,コンヤク,コンヤク
し	動詞,自立,*,*,サ変・スル,連用形,する,シ,シ
，	記号,読点,*,*,*,*,，,，,，
荒野	名詞,一般,*,*,*,*,荒野,アラノ,アラノ
で	助詞,格助詞,一般,*,*,*,で,デ,デ
，	記号,読点,*,*,*,*,，,，,，
種	名詞,一般,*,*,*,*,種,タネ,タネ
の	助詞,連体化,*,*,*,*,の,ノ,ノ
まかれ	動詞,自立,*,*,一段,連用形,まかれる,マカレ,マカレ
て	助詞,接続助詞,*,*,*,*,て,テ,テ
い	動詞,非自立,*,*,一段,未然形,いる,イ,イ
ない	助動詞,*,*,*,特殊・ナイ,基本形,ない,ナイ,ナイ
地	名詞,一般,*,*,*,*,地,チ,チ
で	助詞,格助詞,一般,*,*,*,で,デ,デ
，	記号,読点,*,*,*,*,，,，,，
わたし	名詞,代名詞,一般,*,*,*,わたし,ワタシ,ワタシ
に従って	助詞,格助詞,連語,*,*,*,に従って,ニシタガッテ,ニシタガッテ
歩ん	動詞,自立,*,*,五段・マ行,連用タ接続,歩む,アユン,アユン
で	助詞,接続助詞,*,*,*,*,で,デ,デ
い	動詞,非自立,*,*,一段,連用形,いる,イ,イ
た	助動詞,*,*,*,特殊・タ,基本形,た,タ,タ
とき	名詞,非自立,副詞可能,*,*,*,とき,トキ,トキ
の	助詞,連体化,*,*,*,*,の,ノ,ノ
愛	名詞,一般,*,*,*,*,愛,アイ,アイ
を	助詞,格助詞,一般,*,*,*,を,ヲ,ヲ
。	記号,句点,*,*,*,*,。,。,。
イスラエル	名詞,固有名詞,地域,国,*,*,イスラエル,イスラエル,イスラエル
は	助詞,係助詞,*,*,*,*,は,ハ,ワ
エホバ	名詞,一般,*,*,*,*,エホバ,エホバ,エホバ
にとって	助詞,格助詞,連語,*,*,*,にとって,ニトッテ,ニトッテ
聖なる	連体詞,*,*,*,*,*,聖なる,セイナル,セイナル
もの	名詞,非自立,一般,*,*,*,もの,モノ,モノ
，	記号,読点,*,*,*,*,，,，,，
その	連体詞,*,*,*,*,*,その,ソノ,ソノ
最初	名詞,一般,*,*,*,*,最初,サイショ,サイショ
の	助詞,連体化,*,*,*,*,の,ノ,ノ
収穫	名詞,サ変接続,*,*,*,*,収穫,シュウカク,シューカク
で	助動詞,*,*,*,特殊・ダ,連用形,だ,デ,デ
あっ	助動詞,*,*,*,五段・ラ行アル,連用タ接続,ある,アッ,アッ
た	助動詞,*,*,*,特殊・タ,基本形,た,タ,タ
」	記号,括弧閉,*,*,*,*,」,」,」
』	記号,括弧閉,*,*,*,*,』,』,』
。	記号,句点,*,*,*,*,。,。,。
『	記号,括弧開,*,*,*,*,『,『,『
彼	名詞,代名詞,一般,*,*,*,彼,カレ,カレ
を	助詞,格助詞,一般,*,*,*,を,ヲ,ヲ
むさぼり	動詞,自立,*,*,五段・ラ行,連用形,むさぼる,ムサボリ,ムサボリ
食う	動詞,自立,*,*,五段・ワ行促音便,基本形,食う,クウ,クウ
者	名詞,非自立,一般,*,*,*,者,モノ,モノ
は	助詞,係助詞,*,*,*,*,は,ハ,ワ
だれ	名詞,代名詞,一般,*,*,*,だれ,ダレ,ダレ
でも	助詞,副助詞,*,*,*,*,でも,デモ,デモ
，	記号,読点,*,*,*,*,，,，,，
自分	名詞,一般,*,*,*,*,自分,ジブン,ジブン
を	助詞,格助詞,一般,*,*,*,を,ヲ,ヲ
罪科	名詞,一般,*,*,*,*,罪科,ツミトガ,ツミトガ
の	助詞,格助詞,一般,*,*,*,の,ノ,ノ
ある	動詞,自立,*,*,五段・ラ行,基本形,ある,アル,アル
者	名詞,非自立,一般,*,*,*,者,モノ,モノ
と	助詞,格助詞,一般,*,*,*,と,ト,ト
する	動詞,自立,*,*,サ変・スル,基本形,する,スル,スル
の	名詞,非自立,一般,*,*,*,の,ノ,ノ
で	助動詞,*,*,*,特殊・ダ,連用形,だ,デ,デ
あっ	助動詞,*,*,*,五段・ラ行アル,連用タ接続,ある,アッ,アッ
た	助動詞,*,*,*,特殊・タ,基本形,た,タ,タ
。	記号,句点,*,*,*,*,。,。,。
災い	名詞,サ変接続,*,*,*,*,災い,ワザワイ,ワザワイ
が	助詞,格助詞,一般,*,*,*,が,ガ,ガ
それら	名詞,代名詞,一般,*,*,*,それら,ソレラ,ソレラ
の	助詞,連体化,*,*,*,*,の,ノ,ノ
者	名詞,非自立,一般,*,*,*,者,モノ,モノ
に	助詞,格助詞,一般,*,*,*,に,ニ,ニ
臨む	動詞,自立,*,*,五段・マ行,基本形,臨む,ノゾム,ノゾム
の	名詞,非自立,一般,*,*,*,の,ノ,ノ
で	助動詞,*,*,*,特殊・ダ,連用形,だ,デ,デ
あっ	助動詞,*,*,*,五段・ラ行アル,連用タ接続,ある,アッ,アッ
た	助動詞,*,*,*,特殊・タ,基本形,た,タ,タ
』	記号,括弧閉,*,*,*,*,』,』,』
と	助詞,格助詞,引用,*,*,*,と,ト,ト
，	記号,読点,*,*,*,*,，,，,，
エホバ	名詞,一般,*,*,*,*,エホバ,エホバ,エホバ
は	助詞,係助詞,*,*,*,*,は,ハ,ワ
お告げ	名詞,一般,*,*,*,*,お告げ,オツゲ,オツゲ
に	助詞,格助詞,一般,*,*,*,に,ニ,ニ
なっ	動詞,自立,*,*,五段・ラ行,連用タ接続,なる,ナッ,ナッ
た	助動詞,*,*,*,特殊・タ,基本形,た,タ,タ
」	記号,括弧閉,*,*,*,*,」,」,」
。	記号,句点,*,*,*,*,。,。,。
ヤコブ	名詞,一般,*,*,*,*,*
の	助詞,連体化,*,*,*,*,の,ノ,ノ
家	名詞,一般,*,*,*,*,家,イエ,イエ
と	助詞,並立助詞,*,*,*,*,と,ト,ト
，	記号,読点,*,*,*,*,，,，,，
イスラエル	名詞,固有名詞,地域,国,*,*,イスラエル,イスラエル,イスラエル
の	助詞,連体化,*,*,*,*,の,ノ,ノ
家	名詞,一般,*,*,*,*,家,イエ,イエ
の	助詞,連体化,*,*,*,*,の,ノ,ノ
すべて	名詞,副詞可能,*,*,*,*,すべて,スベテ,スベテ
の	助詞,連体化,*,*,*,*,の,ノ,ノ
家族	名詞,一般,*,*,*,*,家族,カゾク,カゾク
よ	助詞,終助詞,*,*,*,*,よ,ヨ,ヨ
，	記号,読点,*,*,*,*,，,，,，
エホバ	名詞,一般,*,*,*,*,エホバ,エホバ,エホバ
の	助詞,連体化,*,*,*,*,の,ノ,ノ
言葉	名詞,一般,*,*,*,*,言葉,コトバ,コトバ
を	助詞,格助詞,一般,*,*,*,を,ヲ,ヲ
聞け	動詞,自立,*,*,五段・カ行イ音便,命令ｅ,聞く,キケ,キケ
。	記号,句点,*,*,*,*,。,。,。
エホバ	名詞,一般,*,*,*,*,エホバ,エホバ,エホバ
は	助詞,係助詞,*,*,*,*,は,ハ,ワ
この	連体詞,*,*,*,*,*,この,コノ,コノ
よう	名詞,非自立,助動詞語幹,*,*,*,よう,ヨウ,ヨー
に	助詞,副詞化,*,*,*,*,に,ニ,ニ
言わ	動詞,自立,*,*,五段・ワ行促音便,未然形,言う,イワ,イワ
れ	動詞,接尾,*,*,一段,連用形,れる,レ,レ
た	助動詞,*,*,*,特殊・タ,基本形,た,タ,タ
。	記号,句点,*,*,*,*,。,。,。
「	記号,括弧開,*,*,*,*,「,「,「
あなた	名詞,代名詞,一般,*,*,*,あなた,アナタ,アナタ
方	名詞,接尾,一般,*,*,*,方,カタ,カタ
の	助詞,連体化,*,*,*,*,の,ノ,ノ
父	名詞,一般,*,*,*,*,父,チチ,チチ
たち	名詞,接尾,一般,*,*,*,たち,タチ,タチ
は	助詞,係助詞,*,*,*,*,は,ハ,ワ
わたし	名詞,代名詞,一般,*,*,*,わたし,ワタシ,ワタシ
に	助詞,格助詞,一般,*,*,*,に,ニ,ニ
どんな	連体詞,*,*,*,*,*,どんな,ドンナ,ドンナ
不当	名詞,形容動詞語幹,*,*,*,*,不当,フトウ,フトー
な	助動詞,*,*,*,特殊・ダ,体言接続,だ,ナ,ナ
こと	名詞,非自立,一般,*,*,*,こと,コト,コト
を	助詞,格助詞,一般,*,*,*,を,ヲ,ヲ
見いだし	動詞,自立,*,*,五段・サ行,連用形,見いだす,ミイダシ,ミイダシ
た	助動詞,*,*,*,特殊・タ,基本形,た,タ,タ
ので	助詞,接続助詞,*,*,*,*,ので,ノデ,ノデ
，	記号,読点,*,*,*,*,，,，,，
わたし	名詞,代名詞,一般,*,*,*,わたし,ワタシ,ワタシ
から	助詞,格助詞,一般,*,*,*,から,カラ,カラ
遠く	形容詞,自立,*,*,形容詞・アウオ段,連用テ接続,遠い,トオク,トーク
離れ	動詞,自立,*,*,一段,連用形,離れる,ハナレ,ハナレ
て	助詞,接続助詞,*,*,*,*,て,テ,テ
しまい	動詞,非自立,*,*,五段・ワ行促音便,連用形,しまう,シマイ,シマイ
，	記号,読点,*,*,*,*,，,，,，
むなしい	形容詞,自立,*,*,形容詞・イ段,基本形,むなしい,ムナシイ,ムナシイ
偶像	名詞,一般,*,*,*,*,偶像,グウゾウ,グーゾー
に従って	助詞,格助詞,連語,*,*,*,に従って,ニシタガッテ,ニシタガッテ
歩み	動詞,自立,*,*,五段・マ行,連用形,歩む,アユミ,アユミ
つづけ	動詞,非自立,*,*,一段,連用形,つづける,ツヅケ,ツズケ
，	記号,読点,*,*,*,*,，,，,，
自ら	名詞,副詞可能,*,*,*,*,自ら,ミズカラ,ミズカラ
も	助詞,係助詞,*,*,*,*,も,モ,モ
むなしい	形容詞,自立,*,*,形容詞・イ段,基本形,むなしい,ムナシイ,ムナシイ
者	名詞,非自立,一般,*,*,*,者,モノ,モノ
と	助詞,格助詞,一般,*,*,*,と,ト,ト
なっ	動詞,自立,*,*,五段・ラ行,連用タ接続,なる,ナッ,ナッ
て	助詞,接続助詞,*,*,*,*,て,テ,テ
いっ	動詞,非自立,*,*,五段・カ行促音便,連用タ接続,いく,イッ,イッ
た	助動詞,*,*,*,特殊・タ,基本形,た,タ,タ
の	名詞,非自立,一般,*,*,*,の,ノ,ノ
か	助詞,副助詞／並立助詞／終助詞,*,*,*,*,か,カ,カ
。	記号,句点,*,*,*,*,。,。,。
そして	接続詞,*,*,*,*,*,そして,ソシテ,ソシテ
彼ら	名詞,代名詞,一般,*,*,*,彼ら,カレラ,カレラ
は	助詞,係助詞,*,*,*,*,は,ハ,ワ
言わ	動詞,自立,*,*,五段・ワ行促音便,未然形,言う,イワ,イワ
なかっ	助動詞,*,*,*,特殊・ナイ,連用タ接続,ない,ナカッ,ナカッ
た	助動詞,*,*,*,特殊・タ,基本形,た,タ,タ
，	記号,読点,*,*,*,*,，,，,，
『	記号,括弧開,*,*,*,*,『,『,『
エホバ	名詞,一般,*,*,*,*,エホバ,エホバ,エホバ
は	助詞,係助詞,*,*,*,*,は,ハ,ワ
どこ	名詞,代名詞,一般,*,*,*,どこ,ドコ,ドコ
に	助詞,格助詞,一般,*,*,*,に,ニ,ニ
おら	動詞,自立,*,*,五段・ラ行,未然形,おる,オラ,オラ
れる	動詞,接尾,*,*,一段,基本形,れる,レル,レル
の	名詞,非自立,一般,*,*,*,の,ノ,ノ
か	助詞,副助詞／並立助詞／終助詞,*,*,*,*,か,カ,カ
。	記号,句点,*,*,*,*,。,。,。
わたし	名詞,代名詞,一般,*,*,*,わたし,ワタシ,ワタシ
たち	名詞,接尾,一般,*,*,*,たち,タチ,タチ
を	助詞,格助詞,一般,*,*,*,を,ヲ,ヲ
エジプト	名詞,固有名詞,地域,国,*,*,エジプト,エジプト,エジプト
の	助詞,連体化,*,*,*,*,の,ノ,ノ
地	名詞,一般,*,*,*,*,地,チ,チ
から	助詞,格助詞,一般,*,*,*,から,カラ,カラ
連れ	動詞,自立,*,*,一段,連用形,連れる,ツレ,ツレ
上っ	動詞,自立,*,*,五段・ラ行,連用タ接続,上る,ノボッ,ノボッ
た	助動詞,*,*,*,特殊・タ,基本形,た,タ,タ
方	名詞,非自立,一般,*,*,*,方,ホウ,ホー
，	記号,読点,*,*,*,*,，,，,，
わたし	名詞,代名詞,一般,*,*,*,わたし,ワタシ,ワタシ
たち	名詞,接尾,一般,*,*,*,たち,タチ,タチ
に	助詞,格助詞,一般,*,*,*,に,ニ,ニ
荒野	名詞,一般,*,*,*,*,荒野,アラノ,アラノ
を	助詞,格助詞,一般,*,*,*,を,ヲ,ヲ
，	記号,読点,*,*,*,*,，,，,，
砂漠	名詞,一般,*,*,*,*,砂漠,サバク,サバク
平原	名詞,一般,*,*,*,*,平原,ヘイゲン,ヘイゲン
と	助詞,並立助詞,*,*,*,*,と,ト,ト
坑	名詞,一般,*,*,*,*,坑,アナ,アナ
の	助詞,連体化,*,*,*,*,の,ノ,ノ
地	名詞,一般,*,*,*,*,地,チ,チ
を	助詞,格助詞,一般,*,*,*,を,ヲ,ヲ
，	記号,読点,*,*,*,*,，,，,，
水	名詞,一般,*,*,*,*,水,ミズ,ミズ
の	助詞,格助詞,一般,*,*,*,の,ノ,ノ
ない	形容詞,自立,*,*,形容詞・アウオ段,基本形,ない,ナイ,ナイ
，	記号,読点,*,*,*,*,，,，,，
深い	形容詞,自立,*,*,形容詞・アウオ段,基本形,深い,フカイ,フカイ
陰	名詞,一般,*,*,*,*,陰,カゲ,カゲ
の	助詞,連体化,*,*,*,*,の,ノ,ノ
地	名詞,一般,*,*,*,*,地,チ,チ
を	助詞,格助詞,一般,*,*,*,を,ヲ,ヲ
，	名詞,数,*,*,*,*,，,，,，
人	名詞,接尾,助数詞,*,*,*,人,ニン,ニン
の	助詞,格助詞,一般,*,*,*,の,ノ,ノ
通ら	動詞,自立,*,*,五段・ラ行,未然形,通る,トオラ,トーラ
ない	助動詞,*,*,*,特殊・ナイ,基本形,ない,ナイ,ナイ
，	記号,読点,*,*,*,*,，,，,，
地	名詞,一般,*,*,*,*,地,チ,チ
の	助詞,連体化,*,*,*,*,の,ノ,ノ
人	名詞,一般,*,*,*,*,人,ヒト,ヒト
の	助詞,格助詞,一般,*,*,*,の,ノ,ノ
住ま	動詞,自立,*,*,五段・マ行,未然形,住む,スマ,スマ
ない	助動詞,*,*,*,特殊・ナイ,基本形,ない,ナイ,ナイ
地	名詞,一般,*,*,*,*,地,チ,チ
を	助詞,格助詞,一般,*,*,*,を,ヲ,ヲ
歩い	動詞,自立,*,*,五段・カ行イ音便,連用タ接続,歩く,アルイ,アルイ
て	助詞,接続助詞,*,*,*,*,て,テ,テ
通ら	動詞,自立,*,*,五段・ラ行,未然形,通る,トオラ,トーラ
せ	動詞,接尾,*,*,一段,連用形,せる,セ,セ
た	助動詞,*,*,*,特殊・タ,基本形,た,タ,タ
方	名詞,非自立,一般,*,*,*,方,ホウ,ホー
は	助詞,係助詞,*,*,*,*,は,ハ,ワ
』	記号,括弧閉,*,*,*,*,』,』,』
と	助詞,格助詞,引用,*,*,*,と,ト,ト
。	記号,句点,*,*,*,*,。,。,。
「	記号,括弧開,*,*,*,*,「,「,「
そして	接続詞,*,*,*,*,*,そして,ソシテ,ソシテ
，	記号,読点,*,*,*,*,，,，,，
わたし	名詞,代名詞,一般,*,*,*,わたし,ワタシ,ワタシ
は	助詞,係助詞,*,*,*,*,は,ハ,ワ
あなた	名詞,代名詞,一般,*,*,*,あなた,アナタ,アナタ
方	名詞,接尾,一般,*,*,*,方,カタ,カタ
を	助詞,格助詞,一般,*,*,*,を,ヲ,ヲ
徐々に	副詞,一般,*,*,*,*,徐々に,ジョジョニ,ジョジョニ
果樹	名詞,一般,*,*,*,*,果樹,カジュ,カジュ
園	名詞,接尾,一般,*,*,*,園,エン,エン
の	助詞,連体化,*,*,*,*,の,ノ,ノ
地	名詞,一般,*,*,*,*,地,チ,チ
に	助詞,格助詞,一般,*,*,*,に,ニ,ニ
連れ	動詞,自立,*,*,一段,連用形,連れる,ツレ,ツレ
て	助詞,接続助詞,*,*,*,*,て,テ,テ
来	動詞,非自立,*,*,カ変・来ル,連用形,来る,キ,キ
て	助詞,接続助詞,*,*,*,*,て,テ,テ
，	記号,読点,*,*,*,*,，,，,，
その	連体詞,*,*,*,*,*,その,ソノ,ソノ
実	名詞,一般,*,*,*,*,実,ミ,ミ
と	助詞,格助詞,一般,*,*,*,と,ト,ト
その	連体詞,*,*,*,*,*,その,ソノ,ソノ
良い	形容詞,自立,*,*,形容詞・アウオ段,基本形,良い,ヨイ,ヨイ
もの	名詞,非自立,一般,*,*,*,もの,モノ,モノ
と	助詞,並立助詞,*,*,*,*,と,ト,ト
を	助詞,格助詞,一般,*,*,*,を,ヲ,ヲ
食べ	動詞,自立,*,*,一段,未然形,食べる,タベ,タベ
させ	動詞,接尾,*,*,一段,連用形,させる,サセ,サセ
た	助動詞,*,*,*,特殊・タ,基本形,た,タ,タ
。	記号,句点,*,*,*,*,。,。,。
しかし	接続詞,*,*,*,*,*,しかし,シカシ,シカシ
あなた	名詞,代名詞,一般,*,*,*,あなた,アナタ,アナタ
方	名詞,接尾,一般,*,*,*,方,カタ,カタ
は	助詞,係助詞,*,*,*,*,は,ハ,ワ
入っ	動詞,自立,*,*,五段・ラ行,連用タ接続,入る,ハイッ,ハイッ
て	助詞,接続助詞,*,*,*,*,て,テ,テ
来	動詞,非自立,*,*,カ変・来ル,連用形,来る,キ,キ
て	助詞,接続助詞,*,*,*,*,て,テ,テ
わたし	名詞,代名詞,一般,*,*,*,わたし,ワタシ,ワタシ
の	助詞,連体化,*,*,*,*,の,ノ,ノ
地	名詞,一般,*,*,*,*,地,チ,チ
を	助詞,格助詞,一般,*,*,*,を,ヲ,ヲ
汚し	動詞,自立,*,*,五段・サ行,連用形,汚す,ヨゴシ,ヨゴシ
，	記号,読点,*,*,*,*,，,，,，
わたし	名詞,代名詞,一般,*,*,*,わたし,ワタシ,ワタシ
の	助詞,連体化,*,*,*,*,の,ノ,ノ
相続	名詞,サ変接続,*,*,*,*,相続,ソウゾク,ソーゾク
物	名詞,接尾,一般,*,*,*,物,ブツ,ブツ
を	助詞,格助詞,一般,*,*,*,を,ヲ,ヲ
忌む	動詞,自立,*,*,五段・マ行,基本形,忌む,イム,イム
べき	助動詞,*,*,*,文語・ベシ,体言接続,べし,ベキ,ベキ
もの	名詞,非自立,一般,*,*,*,もの,モノ,モノ
と	助詞,格助詞,一般,*,*,*,と,ト,ト
し	動詞,自立,*,*,サ変・スル,連用形,する,シ,シ
た	助動詞,*,*,*,特殊・タ,基本形,た,タ,タ
。	記号,句点,*,*,*,*,。,。,。
祭司	名詞,一般,*,*,*,*,祭司,サイシ,サイシ
たち	名詞,接尾,一般,*,*,*,たち,タチ,タチ
も	助詞,係助詞,*,*,*,*,も,モ,モ
『	記号,括弧開,*,*,*,*,『,『,『
エホバ	名詞,一般,*,*,*,*,エホバ,エホバ,エホバ
は	助詞,係助詞,*,*,*,*,は,ハ,ワ
どこ	名詞,代名詞,一般,*,*,*,どこ,ドコ,ドコ
に	助詞,格助詞,一般,*,*,*,に,ニ,ニ
おら	動詞,自立,*,*,五段・ラ行,未然形,おる,オラ,オラ
れる	動詞,接尾,*,*,一段,基本形,れる,レル,レル
の	名詞,非自立,一般,*,*,*,の,ノ,ノ
か	助詞,副助詞／並立助詞／終助詞,*,*,*,*,か,カ,カ
』	記号,括弧閉,*,*,*,*,』,』,』
と	助詞,格助詞,引用,*,*,*,と,ト,ト
言わ	動詞,自立,*,*,五段・ワ行促音便,未然形,言う,イワ,イワ
なかっ	助動詞,*,*,*,特殊・ナイ,連用タ接続,ない,ナカッ,ナカッ
た	助動詞,*,*,*,特殊・タ,基本形,た,タ,タ
。	記号,句点,*,*,*,*,。,。,。
また	接続詞,*,*,*,*,*,また,マタ,マタ
，	記号,読点,*,*,*,*,，,，,，
律	名詞,一般,*,*,*,*,律,リツ,リツ
法	名詞,接尾,一般,*,*,*,法,ホウ,ホー
を	助詞,格助詞,一般,*,*,*,を,ヲ,ヲ
扱う	動詞,自立,*,*,五段・ワ行促音便,基本形,扱う,アツカウ,アツカウ
者	名詞,一般,*,*,*,*,者,モノ,モノ
たち	名詞,接尾,一般,*,*,*,たち,タチ,タチ
も	助詞,係助詞,*,*,*,*,も,モ,モ
わたし	名詞,代名詞,一般,*,*,*,わたし,ワタシ,ワタシ
を	助詞,格助詞,一般,*,*,*,を,ヲ,ヲ
知ら	動詞,自立,*,*,五段・ラ行,未然形,知る,シラ,シラ
ず	助動詞,*,*,*,特殊・ヌ,連用ニ接続,ぬ,ズ,ズ
，	記号,読点,*,*,*,*,，,，,，
牧者	名詞,一般,*,*,*,*,牧者,ボクシャ,ボクシャ
たち	名詞,接尾,一般,*,*,*,たち,タチ,タチ
も	助詞,係助詞,*,*,*,*,も,モ,モ
わたし	名詞,代名詞,一般,*,*,*,わたし,ワタシ,ワタシ
に対して	助詞,格助詞,連語,*,*,*,に対して,ニタイシテ,ニタイシテ
違犯	名詞,サ変接続,*,*,*,*,違犯,イハン,イハン
を	助詞,格助詞,一般,*,*,*,を,ヲ,ヲ
おかし	動詞,自立,*,*,五段・サ行,連用形,おかす,オカシ,オカシ
，	記号,読点,*,*,*,*,，,，,，
預言	名詞,サ変接続,*,*,*,*,預言,ヨゲン,ヨゲン
者	名詞,接尾,一般,*,*,*,者,シャ,シャ
たち	名詞,接尾,一般,*,*,*,たち,タチ,タチ
まで	助詞,副助詞,*,*,*,*,まで,マデ,マデ
が	助詞,格助詞,一般,*,*,*,が,ガ,ガ
バアル	名詞,一般,*,*,*,*,*
によって	助詞,格助詞,連語,*,*,*,によって,ニヨッテ,ニヨッテ
預言	名詞,サ変接続,*,*,*,*,預言,ヨゲン,ヨゲン
し	動詞,自立,*,*,サ変・スル,連用形,する,シ,シ
た	助動詞,*,*,*,特殊・タ,基本形,た,タ,タ
。	記号,句点,*,*,*,*,。,。,。
そして	接続詞,*,*,*,*,*,そして,ソシテ,ソシテ
何	名詞,代名詞,一般,*,*,*,何,ナニ,ナニ
の	助詞,連体化,*,*,*,*,の,ノ,ノ
益	名詞,サ変接続,*,*,*,*,益,エキ,エキ
も	助詞,係助詞,*,*,*,*,も,モ,モ
もたらす	動詞,自立,*,*,五段・サ行,基本形,もたらす,モタラス,モタラス
こと	名詞,非自立,一般,*,*,*,こと,コト,コト
の	助詞,格助詞,一般,*,*,*,の,ノ,ノ
でき	動詞,自立,*,*,一段,未然形,できる,デキ,デキ
ない	助動詞,*,*,*,特殊・ナイ,基本形,ない,ナイ,ナイ
者	名詞,一般,*,*,*,*,者,モノ,モノ
たち	名詞,接尾,一般,*,*,*,たち,タチ,タチ
に	助詞,格助詞,一般,*,*,*,に,ニ,ニ
したがっ	動詞,自立,*,*,五段・ワ行促音便,連用タ接続,したがう,シタガッ,シタガッ
て	助詞,接続助詞,*,*,*,*,て,テ,テ
歩ん	動詞,自立,*,*,五段・マ行,連用タ接続,歩む,アユン,アユン
だ	助動詞,*,*,*,特殊・タ,基本形,だ,ダ,ダ
。	記号,句点,*,*,*,*,。,。,。
「	記号,括弧開,*,*,*,*,「,「,「
『	記号,括弧開,*,*,*,*,『,『,『
それ	名詞,代名詞,一般,*,*,*,それ,ソレ,ソレ
ゆえ	名詞,接尾,一般,*,*,*,ゆえ,ユエ,ユエ
，	記号,読点,*,*,*,*,，,，,，
わたし	名詞,代名詞,一般,*,*,*,わたし,ワタシ,ワタシ
は	助詞,係助詞,*,*,*,*,は,ハ,ワ
なおも	副詞,一般,*,*,*,*,なおも,ナオモ,ナオモ
あなた	名詞,代名詞,一般,*,*,*,あなた,アナタ,アナタ
方	名詞,接尾,一般,*,*,*,方,カタ,カタ
と	助詞,格助詞,一般,*,*,*,と,ト,ト
争う	動詞,自立,*,*,五段・ワ行促音便,基本形,争う,アラソウ,アラソウ
』	記号,括弧閉,*,*,*,*,』,』,』
と	助詞,格助詞,引用,*,*,*,と,ト,ト
，	記号,読点,*,*,*,*,，,，,，
エホバ	名詞,一般,*,*,*,*,エホバ,エホバ,エホバ
は	助詞,係助詞,*,*,*,*,は,ハ,ワ
お告げ	名詞,一般,*,*,*,*,お告げ,オツゲ,オツゲ
に	助詞,格助詞,一般,*,*,*,に,ニ,ニ
なる	動詞,自立,*,*,五段・ラ行,基本形,なる,ナル,ナル
，	記号,読点,*,*,*,*,，,，,，
『	記号,括弧開,*,*,*,*,『,『,『
また	接続詞,*,*,*,*,*,また,マタ,マタ
，	記号,読点,*,*,*,*,，,，,，
あなた	名詞,代名詞,一般,*,*,*,あなた,アナタ,アナタ
方	名詞,接尾,一般,*,*,*,方,カタ,カタ
の	助詞,連体化,*,*,*,*,の,ノ,ノ
子	名詞,一般,*,*,*,*,子,コ,コ
の	助詞,連体化,*,*,*,*,の,ノ,ノ
子	名詞,一般,*,*,*,*,子,コ,コ
ら	名詞,接尾,一般,*,*,*,ら,ラ,ラ
と	助詞,格助詞,引用,*,*,*,と,ト,ト
も	助詞,係助詞,*,*,*,*,も,モ,モ
争う	動詞,自立,*,*,五段・ワ行促音便,基本形,争う,アラソウ,アラソウ
で	助動詞,*,*,*,特殊・ダ,連用形,だ,デ,デ
あろ	助動詞,*,*,*,五段・ラ行アル,未然ウ接続,ある,アロ,アロ
う	助動詞,*,*,*,不変化型,基本形,う,ウ,ウ
』	記号,括弧閉,*,*,*,*,』,』,』
。	記号,句点,*,*,*,*,。,。,。
「	記号,括弧開,*,*,*,*,「,「,「
『	記号,括弧開,*,*,*,*,『,『,『
しかし	接続詞,*,*,*,*,*,しかし,シカシ,シカシ
，	記号,読点,*,*,*,*,，,，,，
キッテム	名詞,一般,*,*,*,*,*
の	助詞,連体化,*,*,*,*,の,ノ,ノ
海沿い	名詞,一般,*,*,*,*,海沿い,ウミゾイ,ウミゾイ
の	助詞,連体化,*,*,*,*,の,ノ,ノ
地帯	名詞,一般,*,*,*,*,地帯,チタイ,チタイ
に	助詞,格助詞,一般,*,*,*,に,ニ,ニ
渡っ	動詞,自立,*,*,五段・ラ行,連用タ接続,渡る,ワタッ,ワタッ
て	助詞,接続助詞,*,*,*,*,て,テ,テ
，	記号,読点,*,*,*,*,，,，,，
見る	動詞,自立,*,*,一段,基本形,見る,ミル,ミル
が	助詞,接続助詞,*,*,*,*,が,ガ,ガ
よい	形容詞,自立,*,*,形容詞・アウオ段,基本形,よい,ヨイ,ヨイ
。	記号,句点,*,*,*,*,。,。,。
ケダル	名詞,一般,*,*,*,*,*
に	助詞,格助詞,一般,*,*,*,に,ニ,ニ
も	助詞,係助詞,*,*,*,*,も,モ,モ
人	名詞,一般,*,*,*,*,人,ヒト,ヒト
を	助詞,格助詞,一般,*,*,*,を,ヲ,ヲ
やっ	動詞,自立,*,*,五段・ラ行,連用タ接続,やる,ヤッ,ヤッ
て	助詞,接続助詞,*,*,*,*,て,テ,テ
特別	名詞,形容動詞語幹,*,*,*,*,特別,トクベツ,トクベツ
の	助詞,連体化,*,*,*,*,の,ノ,ノ
考慮	名詞,サ変接続,*,*,*,*,考慮,コウリョ,コーリョ
を	助詞,格助詞,一般,*,*,*,を,ヲ,ヲ
払い	動詞,自立,*,*,五段・ワ行促音便,連用形,払う,ハライ,ハライ
，	記号,読点,*,*,*,*,，,，,，
この	連体詞,*,*,*,*,*,この,コノ,コノ
よう	名詞,非自立,助動詞語幹,*,*,*,よう,ヨウ,ヨー
な	助動詞,*,*,*,特殊・ダ,体言接続,だ,ナ,ナ
こと	名詞,非自立,一般,*,*,*,こと,コト,コト
が	助詞,格助詞,一般,*,*,*,が,ガ,ガ
起こっ	動詞,自立,*,*,五段・ラ行,連用タ接続,起こる,オコッ,オコッ
た	助動詞,*,*,*,特殊・タ,基本形,た,タ,タ
か	助詞,副助詞／並立助詞／終助詞,*,*,*,*,か,カ,カ
どう	副詞,助詞類接続,*,*,*,*,どう,ドウ,ドー
か	助詞,副助詞／並立助詞／終助詞,*,*,*,*,か,カ,カ
見よ	動詞,自立,*,*,一段,命令ｙｏ,見る,ミヨ,ミヨ
。	記号,句点,*,*,*,*,。,。,。
国民	名詞,一般,*,*,*,*,国民,コクミン,コクミン
が	助詞,格助詞,一般,*,*,*,が,ガ,ガ
神	名詞,一般,*,*,*,*,神,カミ,カミ
々	記号,一般,*,*,*,*,々,々,々
を	助詞,格助詞,一般,*,*,*,を,ヲ,ヲ
，	記号,読点,*,*,*,*,，,，,，
神	名詞,一般,*,*,*,*,神,カミ,カミ
で	助詞,格助詞,一般,*,*,*,で,デ,デ
も	助詞,係助詞,*,*,*,*,も,モ,モ
ない	形容詞,自立,*,*,形容詞・アウオ段,基本形,ない,ナイ,ナイ
者	名詞,非自立,一般,*,*,*,者,モノ,モノ
と	助詞,格助詞,引用,*,*,*,と,ト,ト
取り替え	動詞,自立,*,*,一段,連用形,取り替える,トリカエ,トリカエ
た	助動詞,*,*,*,特殊・タ,基本形,た,タ,タ
こと	名詞,非自立,一般,*,*,*,こと,コト,コト
が	助詞,格助詞,一般,*,*,*,が,ガ,ガ
あろ	動詞,自立,*,*,五段・ラ行,未然ウ接続,ある,アロ,アロ
う	助動詞,*,*,*,不変化型,基本形,う,ウ,ウ
か	助詞,副助詞／並立助詞／終助詞,*,*,*,*,か,カ,カ
。	記号,句点,*,*,*,*,。,。,。
ところが	接続詞,*,*,*,*,*,ところが,トコロガ,トコロガ
，	記号,読点,*,*,*,*,，,，,，
わたし	名詞,代名詞,一般,*,*,*,わたし,ワタシ,ワタシ
の	助詞,連体化,*,*,*,*,の,ノ,ノ
民	名詞,一般,*,*,*,*,民,ミン,ミン
は	助詞,係助詞,*,*,*,*,は,ハ,ワ
わたし	名詞,代名詞,一般,*,*,*,わたし,ワタシ,ワタシ
の	助詞,連体化,*,*,*,*,の,ノ,ノ
栄光	名詞,一般,*,*,*,*,栄光,エイコウ,エイコー
を	助詞,格助詞,一般,*,*,*,を,ヲ,ヲ
，	記号,読点,*,*,*,*,，,，,，
何	名詞,代名詞,一般,*,*,*,何,ナニ,ナニ
の	助詞,連体化,*,*,*,*,の,ノ,ノ
益	名詞,サ変接続,*,*,*,*,益,エキ,エキ
を	助詞,格助詞,一般,*,*,*,を,ヲ,ヲ
も	助詞,係助詞,*,*,*,*,も,モ,モ
もたらす	動詞,自立,*,*,五段・サ行,基本形,もたらす,モタラス,モタラス
こと	名詞,非自立,一般,*,*,*,こと,コト,コト
の	助詞,格助詞,一般,*,*,*,の,ノ,ノ
でき	動詞,自立,*,*,一段,未然形,できる,デキ,デキ
ない	助動詞,*,*,*,特殊・ナイ,基本形,ない,ナイ,ナイ
もの	名詞,非自立,一般,*,*,*,もの,モノ,モノ
と	助詞,格助詞,引用,*,*,*,と,ト,ト
取り替え	動詞,自立,*,*,一段,連用形,取り替える,トリカエ,トリカエ
て	助詞,接続助詞,*,*,*,*,て,テ,テ
しまっ	動詞,非自立,*,*,五段・ワ行促音便,連用タ接続,しまう,シマッ,シマッ
た	助動詞,*,*,*,特殊・タ,基本形,た,タ,タ
。	記号,句点,*,*,*,*,。,。,。
天	名詞,一般,*,*,*,*,天,テン,テン
よ	助詞,終助詞,*,*,*,*,よ,ヨ,ヨ
，	記号,読点,*,*,*,*,，,，,，
あなた	名詞,代名詞,一般,*,*,*,あなた,アナタ,アナタ
方	名詞,接尾,一般,*,*,*,方,カタ,カタ
は	助詞,係助詞,*,*,*,*,は,ハ,ワ
この	連体詞,*,*,*,*,*,この,コノ,コノ
こと	名詞,非自立,一般,*,*,*,こと,コト,コト
で	助詞,格助詞,一般,*,*,*,で,デ,デ
驚い	動詞,自立,*,*,五段・カ行イ音便,連用タ接続,驚く,オドロイ,オドロイ
て	助詞,接続助詞,*,*,*,*,て,テ,テ
見つめよ	動詞,自立,*,*,一段,命令ｙｏ,見つめる,ミツメヨ,ミツメヨ
。	記号,句点,*,*,*,*,。,。,。
戦りつ	名詞,サ変接続,*,*,*,*,戦りつ,センリツ,センリツ
を	助詞,格助詞,一般,*,*,*,を,ヲ,ヲ
覚え	動詞,自立,*,*,一段,連用形,覚える,オボエ,オボエ
て	助詞,接続助詞,*,*,*,*,て,テ,テ
おぞ	形容詞,自立,*,*,形容詞・アウオ段,ガル接続,おぞい,オゾ,オゾ
気立て	名詞,一般,*,*,*,*,気立て,キダテ,キダテ
』	記号,括弧閉,*,*,*,*,』,』,』
と	助詞,格助詞,引用,*,*,*,と,ト,ト
，	記号,読点,*,*,*,*,，,，,，
エホバ	名詞,一般,*,*,*,*,エホバ,エホバ,エホバ
は	助詞,係助詞,*,*,*,*,は,ハ,ワ
お告げ	名詞,一般,*,*,*,*,お告げ,オツゲ,オツゲ
に	助詞,格助詞,一般,*,*,*,に,ニ,ニ
なる	動詞,自立,*,*,五段・ラ行,基本形,なる,ナル,ナル
，	記号,読点,*,*,*,*,，,，,，
『	記号,括弧開,*,*,*,*,『,『,『
わたし	名詞,代名詞,一般,*,*,*,わたし,ワタシ,ワタシ
の	助詞,連体化,*,*,*,*,の,ノ,ノ
民	名詞,一般,*,*,*,*,民,ミン,ミン
の	助詞,格助詞,一般,*,*,*,の,ノ,ノ
行なっ	動詞,自立,*,*,五段・ワ行促音便,連用タ接続,行なう,オコナッ,オコナッ
た	助動詞,*,*,*,特殊・タ,基本形,た,タ,タ
二つ	名詞,一般,*,*,*,*,二つ,フタツ,フタツ
の	助詞,連体化,*,*,*,*,の,ノ,ノ
悪事	名詞,一般,*,*,*,*,悪事,アクジ,アクジ
が	助詞,格助詞,一般,*,*,*,が,ガ,ガ
ある	動詞,自立,*,*,五段・ラ行,基本形,ある,アル,アル
から	助詞,接続助詞,*,*,*,*,から,カラ,カラ
で	助動詞,*,*,*,特殊・ダ,連用形,だ,デ,デ
ある	助動詞,*,*,*,五段・ラ行アル,基本形,ある,アル,アル
。	記号,句点,*,*,*,*,。,。,。
彼ら	名詞,代名詞,一般,*,*,*,彼ら,カレラ,カレラ
は	助詞,係助詞,*,*,*,*,は,ハ,ワ
自分	名詞,一般,*,*,*,*,自分,ジブン,ジブン
たち	名詞,接尾,一般,*,*,*,たち,タチ,タチ
の	助詞,連体化,*,*,*,*,の,ノ,ノ
ため	名詞,非自立,副詞可能,*,*,*,ため,タメ,タメ
に	助詞,格助詞,一般,*,*,*,に,ニ,ニ
水溜	名詞,固有名詞,地域,一般,*,*,水溜,ミズタメ,ミズタメ
め	名詞,接尾,一般,*,*,*,め,メ,メ
を	助詞,格助詞,一般,*,*,*,を,ヲ,ヲ
，	記号,読点,*,*,*,*,，,，,，
それ	名詞,代名詞,一般,*,*,*,それ,ソレ,ソレ
も	助詞,係助詞,*,*,*,*,も,モ,モ
，	記号,読点,*,*,*,*,，,，,，
水	名詞,一般,*,*,*,*,水,ミズ,ミズ
を	助詞,格助詞,一般,*,*,*,を,ヲ,ヲ
入れ	動詞,自立,*,*,一段,連用形,入れる,イレ,イレ
て	助詞,接続助詞,*,*,*,*,て,テ,テ
おく	動詞,非自立,*,*,五段・カ行イ音便,基本形,おく,オク,オク
こと	名詞,非自立,一般,*,*,*,こと,コト,コト
の	助詞,格助詞,一般,*,*,*,の,ノ,ノ
でき	動詞,自立,*,*,一段,未然形,できる,デキ,デキ
ない	助動詞,*,*,*,特殊・ナイ,基本形,ない,ナイ,ナイ
壊れ	動詞,自立,*,*,一段,連用形,壊れる,コワレ,コワレ
た	助動詞,*,*,*,特殊・タ,基本形,た,タ,タ
水溜	名詞,固有名詞,地域,一般,*,*,水溜,ミズタメ,ミズタメ
め	名詞,接尾,一般,*,*,*,め,メ,メ
を	助詞,格助詞,一般,*,*,*,を,ヲ,ヲ
切り	動詞,自立,*,*,五段・ラ行,連用形,切る,キリ,キリ
掘ろ	動詞,自立,*,*,五段・ラ行,未然ウ接続,掘る,ホロ,ホロ
う	助動詞,*,*,*,不変化型,基本形,う,ウ,ウ
として	助詞,格助詞,連語,*,*,*,として,トシテ,トシテ
，	記号,読点,*,*,*,*,，,，,，
生ける	動詞,自立,*,*,一段,基本形,生ける,イケル,イケル
水	名詞,一般,*,*,*,*,水,ミズ,ミズ
の	助詞,連体化,*,*,*,*,の,ノ,ノ
源	名詞,一般,*,*,*,*,源,ミナモト,ミナモト
で	助動詞,*,*,*,特殊・ダ,連用形,だ,デ,デ
ある	助動詞,*,*,*,五段・ラ行アル,基本形,ある,アル,アル
この	連体詞,*,*,*,*,*,この,コノ,コノ
わたし	名詞,代名詞,一般,*,*,*,わたし,ワタシ,ワタシ
を	助詞,格助詞,一般,*,*,*,を,ヲ,ヲ
捨て	動詞,自立,*,*,一段,連用形,捨てる,ステ,ステ
た	助動詞,*,*,*,特殊・タ,基本形,た,タ,タ
の	名詞,非自立,一般,*,*,*,の,ノ,ノ
だ	助動詞,*,*,*,特殊・ダ,基本形,だ,ダ,ダ
』	記号,括弧閉,*,*,*,*,』,』,』
。	記号,句点,*,*,*,*,。,。,。
「	記号,括弧開,*,*,*,*,「,「,「
『	記号,括弧開,*,*,*,*,『,『,『
イスラエル	名詞,固有名詞,地域,国,*,*,イスラエル,イスラエル,イスラエル
は	助詞,係助詞,*,*,*,*,は,ハ,ワ
僕	名詞,代名詞,一般,*,*,*,僕,ボク,ボク
な	助動詞,*,*,*,特殊・ダ,体言接続,だ,ナ,ナ
の	名詞,非自立,一般,*,*,*,の,ノ,ノ
か	助詞,副助詞／並立助詞／終助詞,*,*,*,*,か,カ,カ
。	記号,句点,*,*,*,*,。,。,。
家	名詞,一般,*,*,*,*,家,イエ,イエ
に	助詞,格助詞,一般,*,*,*,に,ニ,ニ
生まれ	動詞,自立,*,*,一段,連用形,生まれる,ウマレ,ウマレ
た	助動詞,*,*,*,特殊・タ,基本形,た,タ,タ
奴隷	名詞,一般,*,*,*,*,奴隷,ドレイ,ドレイ
な	助動詞,*,*,*,特殊・ダ,体言接続,だ,ナ,ナ
の	名詞,非自立,一般,*,*,*,の,ノ,ノ
か	助詞,副助詞／並立助詞／終助詞,*,*,*,*,か,カ,カ
。	記号,句点,*,*,*,*,。,。,。
彼	名詞,代名詞,一般,*,*,*,彼,カレ,カレ
が	助詞,格助詞,一般,*,*,*,が,ガ,ガ
強奪	名詞,サ変接続,*,*,*,*,強奪,ゴウダツ,ゴーダツ
の	助詞,連体化,*,*,*,*,の,ノ,ノ
ため	名詞,非自立,副詞可能,*,*,*,ため,タメ,タメ
の	助詞,連体化,*,*,*,*,の,ノ,ノ
もの	名詞,非自立,一般,*,*,*,もの,モノ,モノ
と	助詞,格助詞,引用,*,*,*,と,ト,ト
さ	動詞,自立,*,*,サ変・スル,未然レル接続,する,サ,サ
れ	動詞,接尾,*,*,一段,連用形,れる,レ,レ
た	助動詞,*,*,*,特殊・タ,基本形,た,タ,タ
の	名詞,非自立,一般,*,*,*,の,ノ,ノ
は	助詞,係助詞,*,*,*,*,は,ハ,ワ
なぜ	副詞,助詞類接続,*,*,*,*,なぜ,ナゼ,ナゼ
か	助詞,副助詞／並立助詞／終助詞,*,*,*,*,か,カ,カ
。	記号,句点,*,*,*,*,。,。,。
たてがみ	名詞,一般,*,*,*,*,たてがみ,タテガミ,タテガミ
の	助詞,格助詞,一般,*,*,*,の,ノ,ノ
ある	動詞,自立,*,*,五段・ラ行,基本形,ある,アル,アル
若い	形容詞,自立,*,*,形容詞・アウオ段,基本形,若い,ワカイ,ワカイ
ライオン	名詞,一般,*,*,*,*,ライオン,ライオン,ライオン
は	助詞,係助詞,*,*,*,*,は,ハ,ワ
彼	名詞,代名詞,一般,*,*,*,彼,カレ,カレ
に	助詞,格助詞,一般,*,*,*,に,ニ,ニ
向かっ	動詞,自立,*,*,五段・ワ行促音便,連用タ接続,向かう,ムカッ,ムカッ
て	助詞,接続助詞,*,*,*,*,て,テ,テ
ほえ	動詞,自立,*,*,一段,連用形,ほえる,ホエ,ホエ
たける	動詞,自立,*,*,一段,基本形,たける,タケル,タケル
。	記号,句点,*,*,*,*,。,。,。
それら	名詞,代名詞,一般,*,*,*,それら,ソレラ,ソレラ
は	助詞,係助詞,*,*,*,*,は,ハ,ワ
声	名詞,一般,*,*,*,*,声,コエ,コエ
を	助詞,格助詞,一般,*,*,*,を,ヲ,ヲ
上げ	動詞,自立,*,*,一段,連用形,上げる,アゲ,アゲ
た	助動詞,*,*,*,特殊・タ,基本形,た,タ,タ
。	記号,句点,*,*,*,*,。,。,。
そして	接続詞,*,*,*,*,*,そして,ソシテ,ソシテ
その	連体詞,*,*,*,*,*,その,ソノ,ソノ
地	名詞,一般,*,*,*,*,地,チ,チ
を	助詞,格助詞,一般,*,*,*,を,ヲ,ヲ
驚き	名詞,一般,*,*,*,*,驚き,オドロキ,オドロキ
の	助詞,連体化,*,*,*,*,の,ノ,ノ
的	名詞,接尾,形容動詞語幹,*,*,*,的,テキ,テキ
と	助詞,格助詞,引用,*,*,*,と,ト,ト
し	動詞,自立,*,*,サ変・スル,連用形,する,シ,シ
て	助詞,接続助詞,*,*,*,*,て,テ,テ
いっ	動詞,非自立,*,*,五段・カ行促音便,連用タ接続,いく,イッ,イッ
た	助動詞,*,*,*,特殊・タ,基本形,た,タ,タ
。	記号,句点,*,*,*,*,。,。,。
その	連体詞,*,*,*,*,*,その,ソノ,ソノ
諸	接頭詞,名詞接続,*,*,*,*,諸,ショ,ショ
都市	名詞,一般,*,*,*,*,都市,トシ,トシ
に	助詞,格助詞,一般,*,*,*,に,ニ,ニ
は	助詞,係助詞,*,*,*,*,は,ハ,ワ
火	名詞,一般,*,*,*,*,火,ヒ,ヒ
が	助詞,格助詞,一般,*,*,*,が,ガ,ガ
放た	動詞,自立,*,*,五段・タ行,未然形,放つ,ハナタ,ハナタ
れ	動詞,接尾,*,*,一段,連用形,れる,レ,レ
た	助動詞,*,*,*,特殊・タ,基本形,た,タ,タ
ので	助詞,接続助詞,*,*,*,*,ので,ノデ,ノデ
，	記号,読点,*,*,*,*,，,，,，
住む	動詞,自立,*,*,五段・マ行,基本形,住む,スム,スム
人	名詞,一般,*,*,*,*,人,ヒト,ヒト
は	助詞,係助詞,*,*,*,*,は,ハ,ワ
ひとり	名詞,一般,*,*,*,*,ひとり,ヒトリ,ヒトリ
も	助詞,係助詞,*,*,*,*,も,モ,モ
い	動詞,自立,*,*,一段,未然形,いる,イ,イ
ない	助動詞,*,*,*,特殊・ナイ,基本形,ない,ナイ,ナイ
。	記号,句点,*,*,*,*,。,。,。
ノフ	名詞,一般,*,*,*,*,*
と	助詞,並立助詞,*,*,*,*,と,ト,ト
タフパネス	名詞,一般,*,*,*,*,*
の	助詞,連体化,*,*,*,*,の,ノ,ノ
子	名詞,一般,*,*,*,*,子,コ,コ
ら	名詞,接尾,一般,*,*,*,ら,ラ,ラ
も	助詞,係助詞,*,*,*,*,も,モ,モ
あなた	名詞,代名詞,一般,*,*,*,あなた,アナタ,アナタ
の	助詞,連体化,*,*,*,*,の,ノ,ノ
頭	名詞,一般,*,*,*,*,頭,アタマ,アタマ
の	助詞,連体化,*,*,*,*,の,ノ,ノ
頂	名詞,一般,*,*,*,*,頂,イタダキ,イタダキ
を	助詞,格助詞,一般,*,*,*,を,ヲ,ヲ
食らい	動詞,自立,*,*,五段・ワ行促音便,連用形,食らう,クライ,クライ
つづけ	動詞,非自立,*,*,一段,連用形,つづける,ツヅケ,ツズケ
た	助動詞,*,*,*,特殊・タ,基本形,た,タ,タ
。	記号,句点,*,*,*,*,。,。,。
あなた	名詞,代名詞,一般,*,*,*,あなた,アナタ,アナタ
の	助詞,連体化,*,*,*,*,の,ノ,ノ
神	名詞,一般,*,*,*,*,神,カミ,カミ
エホバ	名詞,一般,*,*,*,*,エホバ,エホバ,エホバ
が	助詞,格助詞,一般,*,*,*,が,ガ,ガ
あなた	名詞,代名詞,一般,*,*,*,あなた,アナタ,アナタ
を	助詞,格助詞,一般,*,*,*,を,ヲ,ヲ
道	名詞,一般,*,*,*,*,道,ミチ,ミチ
に	助詞,格助詞,一般,*,*,*,に,ニ,ニ
歩ま	動詞,自立,*,*,五段・マ行,未然形,歩む,アユマ,アユマ
せ	動詞,接尾,*,*,一段,連用形,せる,セ,セ
て	助詞,接続助詞,*,*,*,*,て,テ,テ
おら	動詞,自立,*,*,五段・ラ行,未然形,おる,オラ,オラ
れ	動詞,接尾,*,*,一段,連用形,れる,レ,レ
た	助動詞,*,*,*,特殊・タ,基本形,た,タ,タ
間	名詞,一般,*,*,*,*,間,マ,マ
に	助詞,格助詞,一般,*,*,*,に,ニ,ニ
，	記号,読点,*,*,*,*,，,，,，
あなた	名詞,代名詞,一般,*,*,*,あなた,アナタ,アナタ
が	助詞,格助詞,一般,*,*,*,が,ガ,ガ
[	名詞,サ変接続,*,*,*,*,*
神	名詞,接尾,一般,*,*,*,神,シン,シン
]	名詞,サ変接続,*,*,*,*,*
を	助詞,格助詞,一般,*,*,*,を,ヲ,ヲ
捨てる	動詞,自立,*,*,一段,基本形,捨てる,ステル,ステル
こと	名詞,非自立,一般,*,*,*,こと,コト,コト
によって	助詞,格助詞,連語,*,*,*,によって,ニヨッテ,ニヨッテ
自分	名詞,一般,*,*,*,*,自分,ジブン,ジブン
自身	名詞,一般,*,*,*,*,自身,ジシン,ジシン
に	助詞,格助詞,一般,*,*,*,に,ニ,ニ
行なう	動詞,自立,*,*,五段・ワ行促音便,基本形,行なう,オコナウ,オコナウ
よう	名詞,非自立,助動詞語幹,*,*,*,よう,ヨウ,ヨー
に	助詞,格助詞,一般,*,*,*,に,ニ,ニ
なっ	動詞,自立,*,*,五段・ラ行,連用タ接続,なる,ナッ,ナッ
た	助動詞,*,*,*,特殊・タ,基本形,た,タ,タ
の	名詞,非自立,一般,*,*,*,の,ノ,ノ
は	助詞,係助詞,*,*,*,*,は,ハ,ワ
，	記号,読点,*,*,*,*,，,，,，
まさに	副詞,一般,*,*,*,*,まさに,マサニ,マサニ
この	連体詞,*,*,*,*,*,この,コノ,コノ
こと	名詞,非自立,一般,*,*,*,こと,コト,コト
で	助動詞,*,*,*,特殊・ダ,連用形,だ,デ,デ
は	助詞,係助詞,*,*,*,*,は,ハ,ワ
なかっ	形容詞,自立,*,*,形容詞・アウオ段,連用タ接続,ない,ナカッ,ナカッ
た	助動詞,*,*,*,特殊・タ,基本形,た,タ,タ
か	助詞,副助詞／並立助詞／終助詞,*,*,*,*,か,カ,カ
。	記号,句点,*,*,*,*,。,。,。
それで	接続詞,*,*,*,*,*,それで,ソレデ,ソレデ
今	名詞,副詞可能,*,*,*,*,今,イマ,イマ
，	記号,読点,*,*,*,*,，,，,，
あなた	名詞,代名詞,一般,*,*,*,あなた,アナタ,アナタ
は	助詞,係助詞,*,*,*,*,は,ハ,ワ
エジプト	名詞,固有名詞,地域,国,*,*,エジプト,エジプト,エジプト
の	助詞,連体化,*,*,*,*,の,ノ,ノ
道	名詞,一般,*,*,*,*,道,ミチ,ミチ
に	助詞,格助詞,一般,*,*,*,に,ニ,ニ
どんな	連体詞,*,*,*,*,*,どんな,ドンナ,ドンナ
関心	名詞,一般,*,*,*,*,関心,カンシン,カンシン
が	助詞,格助詞,一般,*,*,*,が,ガ,ガ
あっ	動詞,自立,*,*,五段・ラ行,連用タ接続,ある,アッ,アッ
て	助詞,接続助詞,*,*,*,*,て,テ,テ
シホル	名詞,一般,*,*,*,*,*
の	助詞,連体化,*,*,*,*,の,ノ,ノ
水	名詞,一般,*,*,*,*,水,ミズ,ミズ
を	助詞,格助詞,一般,*,*,*,を,ヲ,ヲ
飲も	動詞,自立,*,*,五段・マ行,未然ウ接続,飲む,ノモ,ノモ
う	助動詞,*,*,*,不変化型,基本形,う,ウ,ウ
と	助詞,格助詞,一般,*,*,*,と,ト,ト
する	動詞,自立,*,*,サ変・スル,基本形,する,スル,スル
の	名詞,非自立,一般,*,*,*,の,ノ,ノ
か	助詞,副助詞／並立助詞／終助詞,*,*,*,*,か,カ,カ
。	記号,句点,*,*,*,*,。,。,。
また	接続詞,*,*,*,*,*,また,マタ,マタ
，	記号,読点,*,*,*,*,，,，,，
アッ	感動詞,*,*,*,*,*,アッ,アッ,アッ
シリア	名詞,固有名詞,地域,国,*,*,シリア,シリア,シリア
の	助詞,連体化,*,*,*,*,の,ノ,ノ
道	名詞,一般,*,*,*,*,道,ミチ,ミチ
に	助詞,格助詞,一般,*,*,*,に,ニ,ニ
どんな	連体詞,*,*,*,*,*,どんな,ドンナ,ドンナ
関心	名詞,一般,*,*,*,*,関心,カンシン,カンシン
が	助詞,格助詞,一般,*,*,*,が,ガ,ガ
あっ	動詞,自立,*,*,五段・ラ行,連用タ接続,ある,アッ,アッ
て	助詞,接続助詞,*,*,*,*,て,テ,テ
川	名詞,一般,*,*,*,*,川,カワ,カワ
の	助詞,連体化,*,*,*,*,の,ノ,ノ
水	名詞,一般,*,*,*,*,水,ミズ,ミズ
を	助詞,格助詞,一般,*,*,*,を,ヲ,ヲ
飲も	動詞,自立,*,*,五段・マ行,未然ウ接続,飲む,ノモ,ノモ
う	助動詞,*,*,*,不変化型,基本形,う,ウ,ウ
と	助詞,格助詞,一般,*,*,*,と,ト,ト
する	動詞,自立,*,*,サ変・スル,基本形,する,スル,スル
の	名詞,非自立,一般,*,*,*,の,ノ,ノ
か	助詞,副助詞／並立助詞／終助詞,*,*,*,*,か,カ,カ
。	記号,句点,*,*,*,*,。,。,。
あなた	名詞,代名詞,一般,*,*,*,あなた,アナタ,アナタ
の	助詞,連体化,*,*,*,*,の,ノ,ノ
悪	名詞,一般,*,*,*,*,悪,アク,アク
は	助詞,係助詞,*,*,*,*,は,ハ,ワ
あなた	名詞,代名詞,一般,*,*,*,あなた,アナタ,アナタ
を	助詞,格助詞,一般,*,*,*,を,ヲ,ヲ
正す	動詞,自立,*,*,五段・サ行,基本形,正す,タダス,タダス
べき	助動詞,*,*,*,文語・ベシ,体言接続,べし,ベキ,ベキ
で	助動詞,*,*,*,特殊・ダ,連用形,だ,デ,デ
あり	助動詞,*,*,*,五段・ラ行アル,連用形,ある,アリ,アリ
，	記号,読点,*,*,*,*,，,，,，
あなた	名詞,代名詞,一般,*,*,*,あなた,アナタ,アナタ
自身	名詞,一般,*,*,*,*,自身,ジシン,ジシン
の	助詞,連体化,*,*,*,*,の,ノ,ノ
不	接頭詞,名詞接続,*,*,*,*,不,フ,フ
忠実	名詞,一般,*,*,*,*,忠実,チュウジツ,チュージツ
の	助詞,連体化,*,*,*,*,の,ノ,ノ
行為	名詞,サ変接続,*,*,*,*,行為,コウイ,コーイ
は	助詞,係助詞,*,*,*,*,は,ハ,ワ
あなた	名詞,代名詞,一般,*,*,*,あなた,アナタ,アナタ
を	助詞,格助詞,一般,*,*,*,を,ヲ,ヲ
戒める	動詞,自立,*,*,一段,基本形,戒める,イマシメル,イマシメル
べき	助動詞,*,*,*,文語・ベシ,体言接続,べし,ベキ,ベキ
で	助動詞,*,*,*,特殊・ダ,連用形,だ,デ,デ
ある	助動詞,*,*,*,五段・ラ行アル,基本形,ある,アル,アル
。	記号,句点,*,*,*,*,。,。,。
で	助動詞,*,*,*,特殊・ダ,連用形,だ,デ,デ
は	助詞,係助詞,*,*,*,*,は,ハ,ワ
，	記号,読点,*,*,*,*,，,，,，
知り	動詞,自立,*,*,五段・ラ行,連用形,知る,シリ,シリ
，	記号,読点,*,*,*,*,，,，,，
そして	接続詞,*,*,*,*,*,そして,ソシテ,ソシテ
見る	動詞,自立,*,*,一段,基本形,見る,ミル,ミル
が	助詞,接続助詞,*,*,*,*,が,ガ,ガ
よい	形容詞,自立,*,*,形容詞・アウオ段,基本形,よい,ヨイ,ヨイ
。	記号,句点,*,*,*,*,。,。,。
あなた	名詞,代名詞,一般,*,*,*,あなた,アナタ,アナタ
が	助詞,格助詞,一般,*,*,*,が,ガ,ガ
あなた	名詞,代名詞,一般,*,*,*,あなた,アナタ,アナタ
の	助詞,連体化,*,*,*,*,の,ノ,ノ
神	名詞,一般,*,*,*,*,神,カミ,カミ
エホバ	名詞,一般,*,*,*,*,エホバ,エホバ,エホバ
を	助詞,格助詞,一般,*,*,*,を,ヲ,ヲ
捨てる	動詞,自立,*,*,一段,基本形,捨てる,ステル,ステル
の	名詞,非自立,一般,*,*,*,の,ノ,ノ
は	助詞,係助詞,*,*,*,*,は,ハ,ワ
悪く	形容詞,自立,*,*,形容詞・アウオ段,連用テ接続,悪い,ワルク,ワルク
，	記号,読点,*,*,*,*,，,，,，
苦々しい	形容詞,自立,*,*,形容詞・イ段,基本形,苦々しい,ニガニガシイ,ニガニガシイ
こと	名詞,非自立,一般,*,*,*,こと,コト,コト
で	助動詞,*,*,*,特殊・ダ,連用形,だ,デ,デ
ある	助動詞,*,*,*,五段・ラ行アル,基本形,ある,アル,アル
こと	名詞,非自立,一般,*,*,*,こと,コト,コト
を	助詞,格助詞,一般,*,*,*,を,ヲ,ヲ
。	記号,句点,*,*,*,*,。,。,。
そして	接続詞,*,*,*,*,*,そして,ソシテ,ソシテ
わたし	名詞,代名詞,一般,*,*,*,わたし,ワタシ,ワタシ
へ	助詞,格助詞,一般,*,*,*,へ,ヘ,エ
の	助詞,連体化,*,*,*,*,の,ノ,ノ
怖	形容詞,自立,*,*,形容詞・アウオ段,ガル接続,怖い,コワ,コワ
れ	動詞,接尾,*,*,一段,連用形,れる,レ,レ
は	助詞,係助詞,*,*,*,*,は,ハ,ワ
あなた	名詞,代名詞,一般,*,*,*,あなた,アナタ,アナタ
に	助詞,格助詞,一般,*,*,*,に,ニ,ニ
[	名詞,サ変接続,*,*,*,*,*
生じ	動詞,自立,*,*,一段,未然形,生じる,ショウジ,ショージ
なかっ	助動詞,*,*,*,特殊・ナイ,連用タ接続,ない,ナカッ,ナカッ
た	助動詞,*,*,*,特殊・タ,基本形,た,タ,タ
]』	名詞,サ変接続,*,*,*,*,*
と	助詞,並立助詞,*,*,*,*,と,ト,ト
，	記号,読点,*,*,*,*,，,，,，
主権	名詞,一般,*,*,*,*,主権,シュケン,シュケン
者	名詞,接尾,一般,*,*,*,者,シャ,シャ
なる	助動詞,*,*,*,文語・ナリ,体言接続,なり,ナル,ナル
主	接頭詞,名詞接続,*,*,*,*,主,シュ,シュ
，	名詞,数,*,*,*,*,，,，,，
万	名詞,数,*,*,*,*,万,マン,マン
軍	名詞,接尾,一般,*,*,*,軍,グン,グン
の	助詞,連体化,*,*,*,*,の,ノ,ノ
エホバ	名詞,一般,*,*,*,*,エホバ,エホバ,エホバ
は	助詞,係助詞,*,*,*,*,は,ハ,ワ
お告げ	名詞,一般,*,*,*,*,お告げ,オツゲ,オツゲ
に	助詞,格助詞,一般,*,*,*,に,ニ,ニ
なる	動詞,自立,*,*,五段・ラ行,基本形,なる,ナル,ナル
。	記号,句点,*,*,*,*,。,。,。
「	記号,括弧開,*,*,*,*,「,「,「
『	記号,括弧開,*,*,*,*,『,『,『
昔	名詞,副詞可能,*,*,*,*,昔,ムカシ,ムカシ
わたし	名詞,代名詞,一般,*,*,*,わたし,ワタシ,ワタシ
は	助詞,係助詞,*,*,*,*,は,ハ,ワ
あなた	名詞,代名詞,一般,*,*,*,あなた,アナタ,アナタ
の	助詞,連体化,*,*,*,*,の,ノ,ノ
く	形容詞,自立,*,*,形容詞・アウオ段,ガル接続,くい,ク,ク
びき	名詞,接尾,助数詞,*,*,*,びき,ビキ,ビキ
を	助詞,格助詞,一般,*,*,*,を,ヲ,ヲ
打ち砕き	動詞,自立,*,*,五段・カ行イ音便,連用形,打ち砕く,ウチクダキ,ウチクダキ
，	記号,読点,*,*,*,*,，,，,，
あなた	名詞,代名詞,一般,*,*,*,あなた,アナタ,アナタ
の	助詞,連体化,*,*,*,*,の,ノ,ノ
縛り	動詞,自立,*,*,五段・ラ行,連用形,縛る,シバリ,シバリ
縄	名詞,一般,*,*,*,*,縄,ナワ,ナワ
を	助詞,格助詞,一般,*,*,*,を,ヲ,ヲ
引きちぎっ	動詞,自立,*,*,五段・ラ行,連用タ接続,引きちぎる,ヒキチギッ,ヒキチギッ
た	助動詞,*,*,*,特殊・タ,基本形,た,タ,タ
から	助詞,接続助詞,*,*,*,*,から,カラ,カラ
で	助動詞,*,*,*,特殊・ダ,連用形,だ,デ,デ
ある	助動詞,*,*,*,五段・ラ行アル,基本形,ある,アル,アル
。	記号,句点,*,*,*,*,。,。,。
しかし	接続詞,*,*,*,*,*,しかし,シカシ,シカシ
あなた	名詞,代名詞,一般,*,*,*,あなた,アナタ,アナタ
は	助詞,係助詞,*,*,*,*,は,ハ,ワ
言っ	動詞,自立,*,*,五段・ワ行促音便,連用タ接続,言う,イッ,イッ
た	助動詞,*,*,*,特殊・タ,基本形,た,タ,タ
，	記号,読点,*,*,*,*,，,，,，
「	記号,括弧開,*,*,*,*,「,「,「
わたし	名詞,代名詞,一般,*,*,*,わたし,ワタシ,ワタシ
に	助詞,格助詞,一般,*,*,*,に,ニ,ニ
は	助詞,係助詞,*,*,*,*,は,ハ,ワ
仕える	動詞,自立,*,*,一段,基本形,仕える,ツカエル,ツカエル
つもり	名詞,非自立,一般,*,*,*,つもり,ツモリ,ツモリ
は	助詞,係助詞,*,*,*,*,は,ハ,ワ
ない	形容詞,自立,*,*,形容詞・アウオ段,基本形,ない,ナイ,ナイ
」	記号,括弧閉,*,*,*,*,」,」,」
と	助詞,格助詞,引用,*,*,*,と,ト,ト
。	記号,句点,*,*,*,*,。,。,。
すべて	名詞,副詞可能,*,*,*,*,すべて,スベテ,スベテ
の	助詞,連体化,*,*,*,*,の,ノ,ノ
高い	形容詞,自立,*,*,形容詞・アウオ段,基本形,高い,タカイ,タカイ
丘	名詞,一般,*,*,*,*,丘,オカ,オカ
の	助詞,連体化,*,*,*,*,の,ノ,ノ
上	名詞,非自立,副詞可能,*,*,*,上,ウエ,ウエ
で	助詞,格助詞,一般,*,*,*,で,デ,デ
，	記号,読点,*,*,*,*,，,，,，
すべて	名詞,副詞可能,*,*,*,*,すべて,スベテ,スベテ
の	助詞,連体化,*,*,*,*,の,ノ,ノ
生い茂っ	動詞,自立,*,*,五段・ラ行,連用タ接続,生い茂る,オイシゲッ,オイシゲッ
た	助動詞,*,*,*,特殊・タ,基本形,た,タ,タ
木の下	名詞,一般,*,*,*,*,木の下,コノシタ,コノシタ
で	助詞,格助詞,一般,*,*,*,で,デ,デ
，	記号,読点,*,*,*,*,，,，,，
あなた	名詞,代名詞,一般,*,*,*,あなた,アナタ,アナタ
は	助詞,係助詞,*,*,*,*,は,ハ,ワ
寝そべっ	動詞,自立,*,*,五段・ラ行,連用タ接続,寝そべる,ネソベッ,ネソベッ
て	助詞,接続助詞,*,*,*,*,て,テ,テ
売春	名詞,サ変接続,*,*,*,*,売春,バイシュン,バイシュン
を	助詞,格助詞,一般,*,*,*,を,ヲ,ヲ
し	動詞,自立,*,*,サ変・スル,連用形,する,シ,シ
て	助詞,接続助詞,*,*,*,*,て,テ,テ
い	動詞,非自立,*,*,一段,連用形,いる,イ,イ
た	助動詞,*,*,*,特殊・タ,基本形,た,タ,タ
から	助詞,接続助詞,*,*,*,*,から,カラ,カラ
で	助動詞,*,*,*,特殊・ダ,連用形,だ,デ,デ
ある	助動詞,*,*,*,五段・ラ行アル,基本形,ある,アル,アル
。	記号,句点,*,*,*,*,。,。,。
しかし	接続詞,*,*,*,*,*,しかし,シカシ,シカシ
わたし	名詞,代名詞,一般,*,*,*,わたし,ワタシ,ワタシ
は	助詞,係助詞,*,*,*,*,は,ハ,ワ
，	記号,読点,*,*,*,*,，,，,，
あなた	名詞,代名詞,一般,*,*,*,あなた,アナタ,アナタ
を	助詞,格助詞,一般,*,*,*,を,ヲ,ヲ
えり抜き	名詞,一般,*,*,*,*,えり抜き,エリヌキ,エリヌキ
の	助詞,連体化,*,*,*,*,の,ノ,ノ
赤	名詞,一般,*,*,*,*,赤,アカ,アカ
ぶどう	名詞,一般,*,*,*,*,ぶどう,ブドウ,ブドー
の	助詞,連体化,*,*,*,*,の,ノ,ノ
木	名詞,一般,*,*,*,*,木,キ,キ
として	助詞,格助詞,連語,*,*,*,として,トシテ,トシテ
植え	動詞,自立,*,*,一段,連用形,植える,ウエ,ウエ
た	助動詞,*,*,*,特殊・タ,基本形,た,タ,タ
。	記号,句点,*,*,*,*,。,。,。
それ	名詞,代名詞,一般,*,*,*,それ,ソレ,ソレ
は	助詞,係助詞,*,*,*,*,は,ハ,ワ
すべて	名詞,副詞可能,*,*,*,*,すべて,スベテ,スベテ
ま	フィラー,*,*,*,*,*,ま,マ,マ
こと	名詞,非自立,一般,*,*,*,こと,コト,コト
の	助詞,連体化,*,*,*,*,の,ノ,ノ
種	名詞,一般,*,*,*,*,種,タネ,タネ
で	助動詞,*,*,*,特殊・ダ,連用形,だ,デ,デ
あっ	助動詞,*,*,*,五段・ラ行アル,連用タ接続,ある,アッ,アッ
た	助動詞,*,*,*,特殊・タ,基本形,た,タ,タ
。	記号,句点,*,*,*,*,。,。,。
それなのに	接続詞,*,*,*,*,*,それなのに,ソレナノニ,ソレナノニ
どうして	副詞,一般,*,*,*,*,どうして,ドウシテ,ドーシテ
あなた	名詞,代名詞,一般,*,*,*,あなた,アナタ,アナタ
は	助詞,係助詞,*,*,*,*,は,ハ,ワ
，	記号,読点,*,*,*,*,，,，,，
わたし	名詞,代名詞,一般,*,*,*,わたし,ワタシ,ワタシ
に対して	助詞,格助詞,連語,*,*,*,に対して,ニタイシテ,ニタイシテ
異質	名詞,一般,*,*,*,*,異質,イシツ,イシツ
の	助詞,連体化,*,*,*,*,の,ノ,ノ
ぶどう	名詞,一般,*,*,*,*,ぶどう,ブドウ,ブドー
の	助詞,連体化,*,*,*,*,の,ノ,ノ
木	名詞,一般,*,*,*,*,木,キ,キ
の	助詞,連体化,*,*,*,*,の,ノ,ノ
堕落	名詞,サ変接続,*,*,*,*,堕落,ダラク,ダラク
し	動詞,自立,*,*,サ変・スル,連用形,する,シ,シ
た	助動詞,*,*,*,特殊・タ,基本形,た,タ,タ
[	名詞,サ変接続,*,*,*,*,*
若	接頭詞,名詞接続,*,*,*,*,若,ワカ,ワカ
枝	名詞,一般,*,*,*,*,枝,エダ,エダ
]	名詞,サ変接続,*,*,*,*,*
に	助詞,格助詞,一般,*,*,*,に,ニ,ニ
変わっ	動詞,自立,*,*,五段・ラ行,連用タ接続,変わる,カワッ,カワッ
て	助詞,接続助詞,*,*,*,*,て,テ,テ
しまっ	動詞,非自立,*,*,五段・ワ行促音便,連用タ接続,しまう,シマッ,シマッ
た	助動詞,*,*,*,特殊・タ,基本形,た,タ,タ
の	名詞,非自立,一般,*,*,*,の,ノ,ノ
か	助詞,副助詞／並立助詞／終助詞,*,*,*,*,か,カ,カ
』	記号,括弧閉,*,*,*,*,』,』,』
。	記号,句点,*,*,*,*,。,。,。
「	記号,括弧開,*,*,*,*,「,「,「
『	記号,括弧開,*,*,*,*,『,『,『
しかし	接続詞,*,*,*,*,*,しかし,シカシ,シカシ
，	記号,読点,*,*,*,*,，,，,，
たとえ	副詞,一般,*,*,*,*,たとえ,タトエ,タトエ
あなた	名詞,代名詞,一般,*,*,*,あなた,アナタ,アナタ
が	助詞,格助詞,一般,*,*,*,が,ガ,ガ
アルカリ	名詞,一般,*,*,*,*,アルカリ,アルカリ,アルカリ
で	助詞,格助詞,一般,*,*,*,で,デ,デ
洗っ	動詞,自立,*,*,五段・ワ行促音便,連用タ接続,洗う,アラッ,アラッ
て	助詞,接続助詞,*,*,*,*,て,テ,テ
も	助詞,係助詞,*,*,*,*,も,モ,モ
，	記号,読点,*,*,*,*,，,，,，
多量	名詞,一般,*,*,*,*,多量,タリョウ,タリョー
の	助詞,連体化,*,*,*,*,の,ノ,ノ
灰汁	名詞,一般,*,*,*,*,灰汁,アク,アク
を	助詞,格助詞,一般,*,*,*,を,ヲ,ヲ
自分	名詞,一般,*,*,*,*,自分,ジブン,ジブン
の	助詞,連体化,*,*,*,*,の,ノ,ノ
ため	名詞,非自立,副詞可能,*,*,*,ため,タメ,タメ
に	助詞,格助詞,一般,*,*,*,に,ニ,ニ
使っ	動詞,自立,*,*,五段・ワ行促音便,連用タ接続,使う,ツカッ,ツカッ
て	助詞,接続助詞,*,*,*,*,て,テ,テ
も	助詞,係助詞,*,*,*,*,も,モ,モ
，	記号,読点,*,*,*,*,，,，,，
あなた	名詞,代名詞,一般,*,*,*,あなた,アナタ,アナタ
の	名詞,非自立,一般,*,*,*,の,ノ,ノ
と	助詞,並立助詞,*,*,*,*,と,ト,ト
が	助詞,格助詞,一般,*,*,*,が,ガ,ガ
は	助詞,係助詞,*,*,*,*,は,ハ,ワ
わたし	名詞,代名詞,一般,*,*,*,わたし,ワタシ,ワタシ
の	助詞,連体化,*,*,*,*,の,ノ,ノ
前	名詞,副詞可能,*,*,*,*,前,マエ,マエ
に	助詞,格助詞,一般,*,*,*,に,ニ,ニ
あっ	動詞,自立,*,*,五段・ラ行,連用タ接続,ある,アッ,アッ
て	助詞,接続助詞,*,*,*,*,て,テ,テ
は	助詞,係助詞,*,*,*,*,は,ハ,ワ
まさしく	副詞,一般,*,*,*,*,まさしく,マサシク,マサシク
汚れ	名詞,一般,*,*,*,*,汚れ,ヨゴレ,ヨゴレ
の	助詞,連体化,*,*,*,*,の,ノ,ノ
まま	名詞,非自立,副詞可能,*,*,*,まま,ママ,ママ
で	助動詞,*,*,*,特殊・ダ,連用形,だ,デ,デ
ある	助動詞,*,*,*,五段・ラ行アル,基本形,ある,アル,アル
』	記号,括弧閉,*,*,*,*,』,』,』
と	助詞,格助詞,引用,*,*,*,と,ト,ト
，	記号,読点,*,*,*,*,，,，,，
主権	名詞,一般,*,*,*,*,主権,シュケン,シュケン
者	名詞,接尾,一般,*,*,*,者,シャ,シャ
なる	助動詞,*,*,*,文語・ナリ,体言接続,なり,ナル,ナル
主	接頭詞,名詞接続,*,*,*,*,主,シュ,シュ
エホバ	名詞,一般,*,*,*,*,エホバ,エホバ,エホバ
は	助詞,係助詞,*,*,*,*,は,ハ,ワ
お告げ	名詞,一般,*,*,*,*,お告げ,オツゲ,オツゲ
に	助詞,格助詞,一般,*,*,*,に,ニ,ニ
なる	動詞,自立,*,*,五段・ラ行,基本形,なる,ナル,ナル
。	記号,句点,*,*,*,*,。,。,。
どうして	副詞,一般,*,*,*,*,どうして,ドウシテ,ドーシテ
あなた	名詞,代名詞,一般,*,*,*,あなた,アナタ,アナタ
は	助詞,係助詞,*,*,*,*,は,ハ,ワ
，	記号,読点,*,*,*,*,，,，,，
『	記号,括弧開,*,*,*,*,『,『,『
わたし	名詞,代名詞,一般,*,*,*,わたし,ワタシ,ワタシ
は	助詞,係助詞,*,*,*,*,は,ハ,ワ
自分	名詞,一般,*,*,*,*,自分,ジブン,ジブン
を	助詞,格助詞,一般,*,*,*,を,ヲ,ヲ
汚さ	動詞,自立,*,*,五段・サ行,未然形,汚す,ヨゴサ,ヨゴサ
なかっ	助動詞,*,*,*,特殊・ナイ,連用タ接続,ない,ナカッ,ナカッ
た	助動詞,*,*,*,特殊・タ,基本形,た,タ,タ
。	記号,句点,*,*,*,*,。,。,。
バアル	名詞,一般,*,*,*,*,*
に従って	助詞,格助詞,連語,*,*,*,に従って,ニシタガッテ,ニシタガッテ
歩ま	動詞,自立,*,*,五段・マ行,未然形,歩む,アユマ,アユマ
なかっ	助動詞,*,*,*,特殊・ナイ,連用タ接続,ない,ナカッ,ナカッ
た	助動詞,*,*,*,特殊・タ,基本形,た,タ,タ
』	記号,括弧閉,*,*,*,*,』,』,』
と	助詞,格助詞,引用,*,*,*,と,ト,ト
言えよ	動詞,自立,*,*,一段,未然ウ接続,言える,イエヨ,イエヨ
う	助動詞,*,*,*,不変化型,基本形,う,ウ,ウ
。	記号,句点,*,*,*,*,。,。,。
谷	名詞,一般,*,*,*,*,谷,タニ,タニ
の	助詞,連体化,*,*,*,*,の,ノ,ノ
中	名詞,非自立,副詞可能,*,*,*,中,ナカ,ナカ
の	助詞,連体化,*,*,*,*,の,ノ,ノ
自分	名詞,一般,*,*,*,*,自分,ジブン,ジブン
の	助詞,連体化,*,*,*,*,の,ノ,ノ
道	名詞,一般,*,*,*,*,道,ミチ,ミチ
を	助詞,格助詞,一般,*,*,*,を,ヲ,ヲ
見よ	動詞,自立,*,*,一段,命令ｙｏ,見る,ミヨ,ミヨ
。	記号,句点,*,*,*,*,。,。,。
自分	名詞,一般,*,*,*,*,自分,ジブン,ジブン
の	助詞,連体化,*,*,*,*,の,ノ,ノ
し	動詞,自立,*,*,サ変・スル,連用形,する,シ,シ
た	助動詞,*,*,*,特殊・タ,基本形,た,タ,タ
こと	名詞,非自立,一般,*,*,*,こと,コト,コト
に	助詞,格助詞,一般,*,*,*,に,ニ,ニ
留意	名詞,サ変接続,*,*,*,*,留意,リュウイ,リューイ
せよ	動詞,自立,*,*,サ変・スル,命令ｙｏ,する,セヨ,セヨ
。	記号,句点,*,*,*,*,。,。,。
その道	名詞,一般,*,*,*,*,その道,ソノミチ,ソノミチ
を	助詞,格助詞,一般,*,*,*,を,ヲ,ヲ
当て	副詞,助詞類接続,*,*,*,*,当て,アテ,アテ
ども	助詞,接続助詞,*,*,*,*,ども,ドモ,ドモ
なく	形容詞,自立,*,*,形容詞・アウオ段,連用テ接続,ない,ナク,ナク
走り回る	動詞,自立,*,*,五段・ラ行,基本形,走り回る,ハシリマワル,ハシリマワル
速足	名詞,一般,*,*,*,*,速足,ハヤアシ,ハヤアシ
の	助詞,連体化,*,*,*,*,の,ノ,ノ
雌	名詞,一般,*,*,*,*,雌,メス,メス
の	助詞,連体化,*,*,*,*,の,ノ,ノ
らくだ	名詞,一般,*,*,*,*,らくだ,ラクダ,ラクダ
。	記号,句点,*,*,*,*,。,。,。
荒野	名詞,一般,*,*,*,*,荒野,アラノ,アラノ
に	助詞,格助詞,一般,*,*,*,に,ニ,ニ
慣れ	動詞,自立,*,*,一段,連用形,慣れる,ナレ,ナレ
た	助動詞,*,*,*,特殊・タ,基本形,た,タ,タ
[	名詞,サ変接続,*,*,*,*,*
雌	名詞,一般,*,*,*,*,雌,メス,メス
の	助詞,連体化,*,*,*,*,の,ノ,ノ
]	名詞,サ変接続,*,*,*,*,*
しまうま	名詞,一般,*,*,*,*,しまうま,シマウマ,シマウマ
。	記号,句点,*,*,*,*,。,。,。
[	名詞,サ変接続,*,*,*,*,*
それ	名詞,代名詞,一般,*,*,*,それ,ソレ,ソレ
は	助詞,係助詞,*,*,*,*,は,ハ,ワ
]	名詞,サ変接続,*,*,*,*,*
自分	名詞,一般,*,*,*,*,自分,ジブン,ジブン
の	助詞,連体化,*,*,*,*,の,ノ,ノ
魂	名詞,一般,*,*,*,*,魂,タマシイ,タマシー
の	助詞,連体化,*,*,*,*,の,ノ,ノ
渇望	名詞,サ変接続,*,*,*,*,渇望,カツボウ,カツボー
の	助詞,連体化,*,*,*,*,の,ノ,ノ
ため	名詞,非自立,副詞可能,*,*,*,ため,タメ,タメ
に	助詞,格助詞,一般,*,*,*,に,ニ,ニ
風	名詞,一般,*,*,*,*,風,カゼ,カゼ
を	助詞,格助詞,一般,*,*,*,を,ヲ,ヲ
かぐ	動詞,自立,*,*,五段・ガ行,基本形,かぐ,カグ,カグ
。	記号,句点,*,*,*,*,。,。,。
その	連体詞,*,*,*,*,*,その,ソノ,ソノ
交尾	名詞,サ変接続,*,*,*,*,交尾,コウビ,コービ
の	助詞,連体化,*,*,*,*,の,ノ,ノ
時期	名詞,副詞可能,*,*,*,*,時期,ジキ,ジキ
に	助詞,格助詞,一般,*,*,*,に,ニ,ニ
は	助詞,係助詞,*,*,*,*,は,ハ,ワ
だれ	名詞,代名詞,一般,*,*,*,だれ,ダレ,ダレ
が	助詞,格助詞,一般,*,*,*,が,ガ,ガ
これ	名詞,代名詞,一般,*,*,*,これ,コレ,コレ
を	助詞,格助詞,一般,*,*,*,を,ヲ,ヲ
引き戻す	動詞,自立,*,*,五段・サ行,基本形,引き戻す,ヒキモドス,ヒキモドス
こと	名詞,非自立,一般,*,*,*,こと,コト,コト
が	助詞,格助詞,一般,*,*,*,が,ガ,ガ
できよ	動詞,自立,*,*,一段,未然ウ接続,できる,デキヨ,デキヨ
う	助動詞,*,*,*,不変化型,基本形,う,ウ,ウ
。	記号,句点,*,*,*,*,。,。,。
これ	名詞,代名詞,一般,*,*,*,これ,コレ,コレ
を	助詞,格助詞,一般,*,*,*,を,ヲ,ヲ
捜し	動詞,自立,*,*,五段・サ行,連用形,捜す,サガシ,サガシ
て	助詞,接続助詞,*,*,*,*,て,テ,テ
いる	動詞,非自立,*,*,一段,基本形,いる,イル,イル
者	名詞,非自立,一般,*,*,*,者,モノ,モノ
は	助詞,係助詞,*,*,*,*,は,ハ,ワ
だれ	名詞,代名詞,一般,*,*,*,だれ,ダレ,ダレ
も	助詞,係助詞,*,*,*,*,も,モ,モ
疲れ	動詞,自立,*,*,一段,連用形,疲れる,ツカレ,ツカレ
果て	名詞,一般,*,*,*,*,果て,ハテ,ハテ
は	助詞,係助詞,*,*,*,*,は,ハ,ワ
し	動詞,自立,*,*,サ変・スル,未然形,する,シ,シ
ない	助動詞,*,*,*,特殊・ナイ,基本形,ない,ナイ,ナイ
。	記号,句点,*,*,*,*,。,。,。
[	名詞,サ変接続,*,*,*,*,*
そうした	連体詞,*,*,*,*,*,そうした,ソウシタ,ソーシタ
]	名詞,サ変接続,*,*,*,*,*
月	名詞,一般,*,*,*,*,月,ツキ,ツキ
に	助詞,格助詞,一般,*,*,*,に,ニ,ニ
これ	名詞,代名詞,一般,*,*,*,これ,コレ,コレ
を	助詞,格助詞,一般,*,*,*,を,ヲ,ヲ
見いだす	動詞,自立,*,*,五段・サ行,基本形,見いだす,ミイダス,ミイダス
の	名詞,非自立,一般,*,*,*,の,ノ,ノ
で	助動詞,*,*,*,特殊・ダ,連用形,だ,デ,デ
ある	助動詞,*,*,*,五段・ラ行アル,基本形,ある,アル,アル
。	記号,句点,*,*,*,*,。,。,。
あなた	名詞,代名詞,一般,*,*,*,あなた,アナタ,アナタ
の	助詞,連体化,*,*,*,*,の,ノ,ノ
足	名詞,一般,*,*,*,*,足,アシ,アシ
が	助詞,格助詞,一般,*,*,*,が,ガ,ガ
はだし	名詞,一般,*,*,*,*,はだし,ハダシ,ハダシ
に	助詞,格助詞,一般,*,*,*,に,ニ,ニ
なら	動詞,自立,*,*,五段・ラ行,未然形,なる,ナラ,ナラ
ない	助動詞,*,*,*,特殊・ナイ,基本形,ない,ナイ,ナイ
よう	名詞,非自立,助動詞語幹,*,*,*,よう,ヨウ,ヨー
に	助詞,格助詞,一般,*,*,*,に,ニ,ニ
せよ	動詞,自立,*,*,サ変・スル,命令ｙｏ,する,セヨ,セヨ
。	記号,句点,*,*,*,*,。,。,。
あなた	名詞,代名詞,一般,*,*,*,あなた,アナタ,アナタ
の	助詞,連体化,*,*,*,*,の,ノ,ノ
のど	名詞,一般,*,*,*,*,のど,ノド,ノド
が	助詞,格助詞,一般,*,*,*,が,ガ,ガ
渇か	動詞,自立,*,*,五段・カ行イ音便,未然形,渇く,カワカ,カワカ
ない	助動詞,*,*,*,特殊・ナイ,基本形,ない,ナイ,ナイ
よう	名詞,非自立,助動詞語幹,*,*,*,よう,ヨウ,ヨー
に	助詞,副詞化,*,*,*,*,に,ニ,ニ
[	名詞,サ変接続,*,*,*,*,*
せよ	動詞,自立,*,*,サ変・スル,命令ｙｏ,する,セヨ,セヨ
]。	名詞,サ変接続,*,*,*,*,*
しかし	接続詞,*,*,*,*,*,しかし,シカシ,シカシ
あなた	名詞,代名詞,一般,*,*,*,あなた,アナタ,アナタ
は	助詞,係助詞,*,*,*,*,は,ハ,ワ
言っ	動詞,自立,*,*,五段・ワ行促音便,連用タ接続,言う,イッ,イッ
た	助動詞,*,*,*,特殊・タ,基本形,た,タ,タ
，	記号,読点,*,*,*,*,，,，,，
『	記号,括弧開,*,*,*,*,『,『,『
望み	名詞,一般,*,*,*,*,望み,ノゾミ,ノゾミ
は	助詞,係助詞,*,*,*,*,は,ハ,ワ
あり	動詞,自立,*,*,五段・ラ行,連用形,ある,アリ,アリ
ませ	助動詞,*,*,*,特殊・マス,未然形,ます,マセ,マセ
ん	助動詞,*,*,*,不変化型,基本形,ん,ン,ン
！	記号,一般,*,*,*,*,！,！,！
いえ	動詞,自立,*,*,一段,連用形,いえる,イエ,イエ
，	記号,読点,*,*,*,*,，,，,，
わたし	名詞,代名詞,一般,*,*,*,わたし,ワタシ,ワタシ
は	助詞,係助詞,*,*,*,*,は,ハ,ワ
よそ者	名詞,一般,*,*,*,*,よそ者,ヨソモノ,ヨソモノ
たち	名詞,接尾,一般,*,*,*,たち,タチ,タチ
に	助詞,格助詞,一般,*,*,*,に,ニ,ニ
恋	名詞,一般,*,*,*,*,恋,コイ,コイ
を	助詞,格助詞,一般,*,*,*,を,ヲ,ヲ
し	動詞,自立,*,*,サ変・スル,連用形,する,シ,シ
た	助動詞,*,*,*,特殊・タ,基本形,た,タ,タ
ので	助詞,接続助詞,*,*,*,*,ので,ノデ,ノデ
，	記号,読点,*,*,*,*,，,，,，
彼ら	名詞,代名詞,一般,*,*,*,彼ら,カレラ,カレラ
に従って	助詞,格助詞,連語,*,*,*,に従って,ニシタガッテ,ニシタガッテ
歩ん	動詞,自立,*,*,五段・マ行,連用タ接続,歩む,アユン,アユン
で	助詞,接続助詞,*,*,*,*,で,デ,デ
行き	動詞,非自立,*,*,五段・カ行促音便,連用形,行く,イキ,イキ
ます	助動詞,*,*,*,特殊・マス,基本形,ます,マス,マス
』	記号,括弧閉,*,*,*,*,』,』,』
と	助詞,格助詞,引用,*,*,*,と,ト,ト
。	記号,句点,*,*,*,*,。,。,。
「	記号,括弧開,*,*,*,*,「,「,「
見つけ	動詞,自立,*,*,一段,未然形,見つける,ミツケ,ミツケ
られ	動詞,接尾,*,*,一段,連用形,られる,ラレ,ラレ
た	助動詞,*,*,*,特殊・タ,基本形,た,タ,タ
とき	名詞,非自立,副詞可能,*,*,*,とき,トキ,トキ
の	助詞,連体化,*,*,*,*,の,ノ,ノ
盗人	名詞,一般,*,*,*,*,盗人,ヌスビト,ヌスビト
の	助詞,連体化,*,*,*,*,の,ノ,ノ
恥	名詞,一般,*,*,*,*,恥,ハジ,ハジ
の	助詞,連体化,*,*,*,*,の,ノ,ノ
よう	名詞,非自立,助動詞語幹,*,*,*,よう,ヨウ,ヨー
に	助詞,副詞化,*,*,*,*,に,ニ,ニ
，	記号,読点,*,*,*,*,，,，,，
イスラエル	名詞,固有名詞,地域,国,*,*,イスラエル,イスラエル,イスラエル
の	助詞,連体化,*,*,*,*,の,ノ,ノ
家	名詞,一般,*,*,*,*,家,イエ,イエ
の	助詞,連体化,*,*,*,*,の,ノ,ノ
者	名詞,一般,*,*,*,*,者,モノ,モノ
たち	名詞,接尾,一般,*,*,*,たち,タチ,タチ
は	助詞,係助詞,*,*,*,*,は,ハ,ワ
，	記号,読点,*,*,*,*,，,，,，
彼ら	名詞,代名詞,一般,*,*,*,彼ら,カレラ,カレラ
は	助詞,係助詞,*,*,*,*,は,ハ,ワ
，	記号,読点,*,*,*,*,，,，,，
その	連体詞,*,*,*,*,*,その,ソノ,ソノ
王	名詞,一般,*,*,*,*,王,オウ,オー
たち	名詞,接尾,一般,*,*,*,たち,タチ,タチ
，	記号,読点,*,*,*,*,，,，,，
その	連体詞,*,*,*,*,*,その,ソノ,ソノ
君	名詞,代名詞,一般,*,*,*,君,キミ,キミ
と	助詞,格助詞,一般,*,*,*,と,ト,ト
祭司	名詞,一般,*,*,*,*,祭司,サイシ,サイシ
と	助詞,格助詞,一般,*,*,*,と,ト,ト
預言	名詞,サ変接続,*,*,*,*,預言,ヨゲン,ヨゲン
者	名詞,接尾,一般,*,*,*,者,シャ,シャ
たち	名詞,接尾,一般,*,*,*,たち,タチ,タチ
は	助詞,係助詞,*,*,*,*,は,ハ,ワ
恥	名詞,一般,*,*,*,*,恥,ハジ,ハジ
を	助詞,格助詞,一般,*,*,*,を,ヲ,ヲ
かい	動詞,自立,*,*,五段・カ行イ音便,連用タ接続,かく,カイ,カイ
た	助動詞,*,*,*,特殊・タ,基本形,た,タ,タ
。	記号,句点,*,*,*,*,。,。,。
彼ら	名詞,代名詞,一般,*,*,*,彼ら,カレラ,カレラ
は	助詞,係助詞,*,*,*,*,は,ハ,ワ
木	名詞,一般,*,*,*,*,木,キ,キ
に	助詞,格助詞,一般,*,*,*,に,ニ,ニ
向かっ	動詞,自立,*,*,五段・ワ行促音便,連用タ接続,向かう,ムカッ,ムカッ
て	助詞,接続助詞,*,*,*,*,て,テ,テ
『	記号,括弧開,*,*,*,*,『,『,『
あなた	名詞,代名詞,一般,*,*,*,あなた,アナタ,アナタ
は	助詞,係助詞,*,*,*,*,は,ハ,ワ
わたし	名詞,代名詞,一般,*,*,*,わたし,ワタシ,ワタシ
の	助詞,連体化,*,*,*,*,の,ノ,ノ
父	名詞,一般,*,*,*,*,父,チチ,チチ
です	助動詞,*,*,*,特殊・デス,基本形,です,デス,デス
』	記号,括弧閉,*,*,*,*,』,』,』
と	助詞,格助詞,引用,*,*,*,と,ト,ト
言い	動詞,自立,*,*,五段・ワ行促音便,連用形,言う,イイ,イイ
，	記号,読点,*,*,*,*,，,，,，
石	名詞,一般,*,*,*,*,石,イシ,イシ
に	助詞,格助詞,一般,*,*,*,に,ニ,ニ
向かっ	動詞,自立,*,*,五段・ワ行促音便,連用タ接続,向かう,ムカッ,ムカッ
て	助詞,接続助詞,*,*,*,*,て,テ,テ
『	記号,括弧開,*,*,*,*,『,『,『
あなた	名詞,代名詞,一般,*,*,*,あなた,アナタ,アナタ
が	助詞,格助詞,一般,*,*,*,が,ガ,ガ
わたし	名詞,代名詞,一般,*,*,*,わたし,ワタシ,ワタシ
を	助詞,格助詞,一般,*,*,*,を,ヲ,ヲ
生ん	動詞,自立,*,*,五段・マ行,連用タ接続,生む,ウン,ウン
だ	助動詞,*,*,*,特殊・タ,基本形,だ,ダ,ダ
の	名詞,非自立,一般,*,*,*,の,ノ,ノ
です	助動詞,*,*,*,特殊・デス,基本形,です,デス,デス
』	記号,括弧閉,*,*,*,*,』,』,』
と	助詞,格助詞,引用,*,*,*,と,ト,ト
[	名詞,サ変接続,*,*,*,*,*
言っ	動詞,自立,*,*,五段・ワ行促音便,連用タ接続,言う,イッ,イッ
て	助詞,接続助詞,*,*,*,*,て,テ,テ
いる	動詞,非自立,*,*,一段,基本形,いる,イル,イル
]。	名詞,サ変接続,*,*,*,*,*
しかし	接続詞,*,*,*,*,*,しかし,シカシ,シカシ
わたし	名詞,代名詞,一般,*,*,*,わたし,ワタシ,ワタシ
に	助詞,格助詞,一般,*,*,*,に,ニ,ニ
は	助詞,係助詞,*,*,*,*,は,ハ,ワ
うなじ	名詞,一般,*,*,*,*,うなじ,ウナジ,ウナジ
を	助詞,格助詞,一般,*,*,*,を,ヲ,ヲ
向け	動詞,自立,*,*,一段,連用形,向ける,ムケ,ムケ
て	助詞,接続助詞,*,*,*,*,て,テ,テ
，	記号,読点,*,*,*,*,，,，,，
顔	名詞,一般,*,*,*,*,顔,カオ,カオ
を	助詞,格助詞,一般,*,*,*,を,ヲ,ヲ
[	名詞,サ変接続,*,*,*,*,*
向け	名詞,接尾,一般,*,*,*,向け,ムケ,ムケ
]	名詞,サ変接続,*,*,*,*,*
は	助詞,係助詞,*,*,*,*,は,ハ,ワ
し	動詞,自立,*,*,サ変・スル,未然形,する,シ,シ
なかっ	助動詞,*,*,*,特殊・ナイ,連用タ接続,ない,ナカッ,ナカッ
た	助動詞,*,*,*,特殊・タ,基本形,た,タ,タ
。	記号,句点,*,*,*,*,。,。,。
そして	接続詞,*,*,*,*,*,そして,ソシテ,ソシテ
災い	名詞,サ変接続,*,*,*,*,災い,ワザワイ,ワザワイ
の	助詞,連体化,*,*,*,*,の,ノ,ノ
時	名詞,非自立,副詞可能,*,*,*,時,トキ,トキ
に	助詞,格助詞,一般,*,*,*,に,ニ,ニ
は	助詞,係助詞,*,*,*,*,は,ハ,ワ
，	記号,読点,*,*,*,*,，,，,，
『	記号,括弧開,*,*,*,*,『,『,『
どうぞ	副詞,一般,*,*,*,*,どうぞ,ドウゾ,ドーゾ
立ち上がっ	動詞,自立,*,*,五段・ラ行,連用タ接続,立ち上がる,タチアガッ,タチアガッ
て	助詞,接続助詞,*,*,*,*,て,テ,テ
，	記号,読点,*,*,*,*,，,，,，
わたし	名詞,代名詞,一般,*,*,*,わたし,ワタシ,ワタシ
たち	名詞,接尾,一般,*,*,*,たち,タチ,タチ
を	助詞,格助詞,一般,*,*,*,を,ヲ,ヲ
救っ	動詞,自立,*,*,五段・ワ行促音便,連用タ接続,救う,スクッ,スクッ
て	助詞,接続助詞,*,*,*,*,て,テ,テ
ください	動詞,非自立,*,*,五段・ラ行特殊,命令ｉ,くださる,クダサイ,クダサイ
！	記号,一般,*,*,*,*,！,！,！
』	記号,括弧閉,*,*,*,*,』,』,』
と	助詞,格助詞,引用,*,*,*,と,ト,ト
言う	動詞,自立,*,*,五段・ワ行促音便,基本形,言う,イウ,イウ
で	助動詞,*,*,*,特殊・ダ,連用形,だ,デ,デ
あろ	助動詞,*,*,*,五段・ラ行アル,未然ウ接続,ある,アロ,アロ
う	助動詞,*,*,*,不変化型,基本形,う,ウ,ウ
。	記号,句点,*,*,*,*,。,。,。
「	記号,括弧開,*,*,*,*,「,「,「
しかし	接続詞,*,*,*,*,*,しかし,シカシ,シカシ
，	記号,読点,*,*,*,*,，,，,，
あなた	名詞,代名詞,一般,*,*,*,あなた,アナタ,アナタ
が	助詞,格助詞,一般,*,*,*,が,ガ,ガ
自分	名詞,一般,*,*,*,*,自分,ジブン,ジブン
の	助詞,連体化,*,*,*,*,の,ノ,ノ
ため	名詞,非自立,副詞可能,*,*,*,ため,タメ,タメ
に	助詞,格助詞,一般,*,*,*,に,ニ,ニ
造っ	動詞,自立,*,*,五段・ラ行,連用タ接続,造る,ツクッ,ツクッ
た	助動詞,*,*,*,特殊・タ,基本形,た,タ,タ
その	連体詞,*,*,*,*,*,その,ソノ,ソノ
神	名詞,一般,*,*,*,*,神,カミ,カミ
々	記号,一般,*,*,*,*,々,々,々
は	助詞,係助詞,*,*,*,*,は,ハ,ワ
どこ	名詞,代名詞,一般,*,*,*,どこ,ドコ,ドコ
に	助詞,格助詞,一般,*,*,*,に,ニ,ニ
いる	動詞,自立,*,*,一段,基本形,いる,イル,イル
の	名詞,非自立,一般,*,*,*,の,ノ,ノ
か	助詞,副助詞／並立助詞／終助詞,*,*,*,*,か,カ,カ
。	記号,句点,*,*,*,*,。,。,。
もし	副詞,一般,*,*,*,*,もし,モシ,モシ
彼ら	名詞,代名詞,一般,*,*,*,彼ら,カレラ,カレラ
が	助詞,格助詞,一般,*,*,*,が,ガ,ガ
あなた	名詞,代名詞,一般,*,*,*,あなた,アナタ,アナタ
の	助詞,連体化,*,*,*,*,の,ノ,ノ
災い	名詞,サ変接続,*,*,*,*,災い,ワザワイ,ワザワイ
の	助詞,連体化,*,*,*,*,の,ノ,ノ
時	名詞,非自立,副詞可能,*,*,*,時,トキ,トキ
に	助詞,格助詞,一般,*,*,*,に,ニ,ニ
あなた	名詞,代名詞,一般,*,*,*,あなた,アナタ,アナタ
を	助詞,格助詞,一般,*,*,*,を,ヲ,ヲ
救う	動詞,自立,*,*,五段・ワ行促音便,基本形,救う,スクウ,スクウ
こと	名詞,非自立,一般,*,*,*,こと,コト,コト
が	助詞,格助詞,一般,*,*,*,が,ガ,ガ
できる	動詞,自立,*,*,一段,基本形,できる,デキル,デキル
の	名詞,非自立,一般,*,*,*,の,ノ,ノ
なら	助動詞,*,*,*,特殊・ダ,仮定形,だ,ナラ,ナラ
，	記号,読点,*,*,*,*,，,，,，
彼ら	名詞,代名詞,一般,*,*,*,彼ら,カレラ,カレラ
が	助詞,格助詞,一般,*,*,*,が,ガ,ガ
立ち上がれ	動詞,自立,*,*,五段・ラ行,仮定形,立ち上がる,タチアガレ,タチアガレ
ば	助詞,接続助詞,*,*,*,*,ば,バ,バ
よい	形容詞,非自立,*,*,形容詞・アウオ段,基本形,よい,ヨイ,ヨイ
。	記号,句点,*,*,*,*,。,。,。
ユダ	名詞,一般,*,*,*,*,*
よ	助詞,終助詞,*,*,*,*,よ,ヨ,ヨ
，	記号,読点,*,*,*,*,，,，,，
あなた	名詞,代名詞,一般,*,*,*,あなた,アナタ,アナタ
の	助詞,連体化,*,*,*,*,の,ノ,ノ
神	名詞,一般,*,*,*,*,神,カミ,カミ
々	記号,一般,*,*,*,*,々,々,々
は	助詞,係助詞,*,*,*,*,は,ハ,ワ
あなた	名詞,代名詞,一般,*,*,*,あなた,アナタ,アナタ
の	助詞,連体化,*,*,*,*,の,ノ,ノ
都市	名詞,一般,*,*,*,*,都市,トシ,トシ
の	助詞,連体化,*,*,*,*,の,ノ,ノ
数	名詞,一般,*,*,*,*,数,カズ,カズ
の	助詞,連体化,*,*,*,*,の,ノ,ノ
よう	名詞,非自立,助動詞語幹,*,*,*,よう,ヨウ,ヨー
に	助詞,格助詞,一般,*,*,*,に,ニ,ニ
なっ	動詞,自立,*,*,五段・ラ行,連用タ接続,なる,ナッ,ナッ
た	助動詞,*,*,*,特殊・タ,基本形,た,タ,タ
から	助詞,接続助詞,*,*,*,*,から,カラ,カラ
で	助動詞,*,*,*,特殊・ダ,連用形,だ,デ,デ
ある	助動詞,*,*,*,五段・ラ行アル,基本形,ある,アル,アル
。	記号,句点,*,*,*,*,。,。,。
「	記号,括弧開,*,*,*,*,「,「,「
『	記号,括弧開,*,*,*,*,『,『,『
なぜ	副詞,助詞類接続,*,*,*,*,なぜ,ナゼ,ナゼ
あなた	名詞,代名詞,一般,*,*,*,あなた,アナタ,アナタ
方	名詞,接尾,一般,*,*,*,方,カタ,カタ
は	助詞,係助詞,*,*,*,*,は,ハ,ワ
わたし	名詞,代名詞,一般,*,*,*,わたし,ワタシ,ワタシ
と	助詞,格助詞,一般,*,*,*,と,ト,ト
争い	動詞,自立,*,*,五段・ワ行促音便,連用形,争う,アラソイ,アラソイ
つづける	動詞,非自立,*,*,一段,基本形,つづける,ツヅケル,ツズケル
の	名詞,非自立,一般,*,*,*,の,ノ,ノ
か	助詞,副助詞／並立助詞／終助詞,*,*,*,*,か,カ,カ
。	記号,句点,*,*,*,*,。,。,。
なぜ	副詞,助詞類接続,*,*,*,*,なぜ,ナゼ,ナゼ
あなた	名詞,代名詞,一般,*,*,*,あなた,アナタ,アナタ
方	名詞,接尾,一般,*,*,*,方,カタ,カタ
は	助詞,係助詞,*,*,*,*,は,ハ,ワ
，	記号,読点,*,*,*,*,，,，,，
あなた	名詞,代名詞,一般,*,*,*,あなた,アナタ,アナタ
方	名詞,接尾,一般,*,*,*,方,カタ,カタ
の	助詞,連体化,*,*,*,*,の,ノ,ノ
だれ	名詞,代名詞,一般,*,*,*,だれ,ダレ,ダレ
も	助詞,係助詞,*,*,*,*,も,モ,モ
が	助詞,格助詞,一般,*,*,*,が,ガ,ガ
わたし	名詞,代名詞,一般,*,*,*,わたし,ワタシ,ワタシ
に対して	助詞,格助詞,連語,*,*,*,に対して,ニタイシテ,ニタイシテ
違犯	名詞,サ変接続,*,*,*,*,違犯,イハン,イハン
を	助詞,格助詞,一般,*,*,*,を,ヲ,ヲ
おかし	動詞,自立,*,*,五段・サ行,連用形,おかす,オカシ,オカシ
た	助動詞,*,*,*,特殊・タ,基本形,た,タ,タ
の	名詞,非自立,一般,*,*,*,の,ノ,ノ
か	助詞,副助詞／並立助詞／終助詞,*,*,*,*,か,カ,カ
』	記号,括弧閉,*,*,*,*,』,』,』
と	助詞,格助詞,引用,*,*,*,と,ト,ト
，	記号,読点,*,*,*,*,，,，,，
エホバ	名詞,一般,*,*,*,*,エホバ,エホバ,エホバ
は	助詞,係助詞,*,*,*,*,は,ハ,ワ
お告げ	名詞,一般,*,*,*,*,お告げ,オツゲ,オツゲ
に	助詞,格助詞,一般,*,*,*,に,ニ,ニ
なる	動詞,自立,*,*,五段・ラ行,基本形,なる,ナル,ナル
。	記号,句点,*,*,*,*,。,。,。
わたし	名詞,代名詞,一般,*,*,*,わたし,ワタシ,ワタシ
が	助詞,格助詞,一般,*,*,*,が,ガ,ガ
あなた	名詞,代名詞,一般,*,*,*,あなた,アナタ,アナタ
方	名詞,接尾,一般,*,*,*,方,カタ,カタ
の	助詞,連体化,*,*,*,*,の,ノ,ノ
子	名詞,一般,*,*,*,*,子,コ,コ
ら	名詞,接尾,一般,*,*,*,ら,ラ,ラ
を	助詞,格助詞,一般,*,*,*,を,ヲ,ヲ
打っ	動詞,自立,*,*,五段・タ行,連用タ接続,打つ,ウッ,ウッ
た	助動詞,*,*,*,特殊・タ,基本形,た,タ,タ
の	名詞,非自立,一般,*,*,*,の,ノ,ノ
は	助詞,係助詞,*,*,*,*,は,ハ,ワ
無駄	名詞,形容動詞語幹,*,*,*,*,無駄,ムダ,ムダ
で	助動詞,*,*,*,特殊・ダ,連用形,だ,デ,デ
あっ	助動詞,*,*,*,五段・ラ行アル,連用タ接続,ある,アッ,アッ
た	助動詞,*,*,*,特殊・タ,基本形,た,タ,タ
。	記号,句点,*,*,*,*,。,。,。
彼ら	名詞,代名詞,一般,*,*,*,彼ら,カレラ,カレラ
は	助詞,係助詞,*,*,*,*,は,ハ,ワ
懲らしめ	動詞,自立,*,*,一段,連用形,懲らしめる,コラシメ,コラシメ
を	助詞,格助詞,一般,*,*,*,を,ヲ,ヲ
受け入れ	動詞,自立,*,*,一段,未然形,受け入れる,ウケイレ,ウケイレ
なかっ	助動詞,*,*,*,特殊・ナイ,連用タ接続,ない,ナカッ,ナカッ
た	助動詞,*,*,*,特殊・タ,基本形,た,タ,タ
。	記号,句点,*,*,*,*,。,。,。
あなた	名詞,代名詞,一般,*,*,*,あなた,アナタ,アナタ
方	名詞,接尾,一般,*,*,*,方,カタ,カタ
の	助詞,連体化,*,*,*,*,の,ノ,ノ
剣	名詞,一般,*,*,*,*,剣,ケン,ケン
は	助詞,係助詞,*,*,*,*,は,ハ,ワ
，	記号,読点,*,*,*,*,，,，,，
滅び	動詞,自立,*,*,一段,連用形,滅びる,ホロビ,ホロビ
を	助詞,格助詞,一般,*,*,*,を,ヲ,ヲ
生じ	動詞,自立,*,*,一段,未然形,生じる,ショウジ,ショージ
させる	動詞,接尾,*,*,一段,基本形,させる,サセル,サセル
ライオン	名詞,一般,*,*,*,*,ライオン,ライオン,ライオン
の	助詞,連体化,*,*,*,*,の,ノ,ノ
よう	名詞,非自立,助動詞語幹,*,*,*,よう,ヨウ,ヨー
に	助詞,副詞化,*,*,*,*,に,ニ,ニ
，	記号,読点,*,*,*,*,，,，,，
あなた	名詞,代名詞,一般,*,*,*,あなた,アナタ,アナタ
方	名詞,接尾,一般,*,*,*,方,カタ,カタ
の	助詞,連体化,*,*,*,*,の,ノ,ノ
預言	名詞,サ変接続,*,*,*,*,預言,ヨゲン,ヨゲン
者	名詞,接尾,一般,*,*,*,者,シャ,シャ
たち	名詞,接尾,一般,*,*,*,たち,タチ,タチ
を	助詞,格助詞,一般,*,*,*,を,ヲ,ヲ
むさぼり	動詞,自立,*,*,五段・ラ行,連用形,むさぼる,ムサボリ,ムサボリ
食っ	動詞,自立,*,*,五段・ワ行促音便,連用タ接続,食う,クッ,クッ
た	助動詞,*,*,*,特殊・タ,基本形,た,タ,タ
。	記号,句点,*,*,*,*,。,。,。
世代	名詞,一般,*,*,*,*,世代,セダイ,セダイ
よ	助詞,終助詞,*,*,*,*,よ,ヨ,ヨ
，	記号,読点,*,*,*,*,，,，,，
あなた	名詞,代名詞,一般,*,*,*,あなた,アナタ,アナタ
方	名詞,接尾,一般,*,*,*,方,カタ,カタ
は	助詞,係助詞,*,*,*,*,は,ハ,ワ
自分	名詞,一般,*,*,*,*,自分,ジブン,ジブン
で	助詞,格助詞,一般,*,*,*,で,デ,デ
エホバ	名詞,一般,*,*,*,*,エホバ,エホバ,エホバ
の	助詞,連体化,*,*,*,*,の,ノ,ノ
言葉	名詞,一般,*,*,*,*,言葉,コトバ,コトバ
を	助詞,格助詞,一般,*,*,*,を,ヲ,ヲ
見よ	動詞,自立,*,*,一段,命令ｙｏ,見る,ミヨ,ミヨ
。	記号,句点,*,*,*,*,。,。,。
処女	名詞,一般,*,*,*,*,処女,ショジョ,ショジョ
が	助詞,格助詞,一般,*,*,*,が,ガ,ガ
自分	名詞,一般,*,*,*,*,自分,ジブン,ジブン
の	助詞,連体化,*,*,*,*,の,ノ,ノ
飾り物	名詞,一般,*,*,*,*,飾り物,カザリモノ,カザリモノ
を	助詞,格助詞,一般,*,*,*,を,ヲ,ヲ
，	記号,読点,*,*,*,*,，,，,，
花嫁	名詞,一般,*,*,*,*,花嫁,ハナヨメ,ハナヨメ
が	助詞,格助詞,一般,*,*,*,が,ガ,ガ
自分	名詞,一般,*,*,*,*,自分,ジブン,ジブン
の	助詞,連体化,*,*,*,*,の,ノ,ノ
胸	名詞,一般,*,*,*,*,胸,ムネ,ムネ
帯	名詞,接尾,一般,*,*,*,帯,タイ,タイ
を	助詞,格助詞,一般,*,*,*,を,ヲ,ヲ
忘れる	動詞,自立,*,*,一段,基本形,忘れる,ワスレル,ワスレル
こと	名詞,非自立,一般,*,*,*,こと,コト,コト
が	助詞,格助詞,一般,*,*,*,が,ガ,ガ
あろ	動詞,自立,*,*,五段・ラ行,未然ウ接続,ある,アロ,アロ
う	助動詞,*,*,*,不変化型,基本形,う,ウ,ウ
か	助詞,副助詞／並立助詞／終助詞,*,*,*,*,か,カ,カ
。	記号,句点,*,*,*,*,。,。,。
それなのに	接続詞,*,*,*,*,*,それなのに,ソレナノニ,ソレナノニ
わたし	名詞,代名詞,一般,*,*,*,わたし,ワタシ,ワタシ
の	助詞,連体化,*,*,*,*,の,ノ,ノ
民	名詞,一般,*,*,*,*,民,ミン,ミン
は	助詞,係助詞,*,*,*,*,は,ハ,ワ
―	記号,一般,*,*,*,*,―,―,―
彼ら	名詞,代名詞,一般,*,*,*,彼ら,カレラ,カレラ
は	助詞,係助詞,*,*,*,*,は,ハ,ワ
数	名詞,数,*,*,*,*,数,スウ,スー
知れ	動詞,自立,*,*,一段,未然形,知れる,シレ,シレ
ぬ	助動詞,*,*,*,特殊・ヌ,基本形,ぬ,ヌ,ヌ
日	名詞,非自立,一般,*,*,*,日,ヒ,ヒ
の	助詞,連体化,*,*,*,*,の,ノ,ノ
間	名詞,一般,*,*,*,*,間,マ,マ
わたし	名詞,代名詞,一般,*,*,*,わたし,ワタシ,ワタシ
を	助詞,格助詞,一般,*,*,*,を,ヲ,ヲ
忘れ	動詞,自立,*,*,一段,連用形,忘れる,ワスレ,ワスレ
た	助動詞,*,*,*,特殊・タ,基本形,た,タ,タ
の	名詞,非自立,一般,*,*,*,の,ノ,ノ
だ	助動詞,*,*,*,特殊・ダ,基本形,だ,ダ,ダ
。	記号,句点,*,*,*,*,。,。,。
「	記号,括弧開,*,*,*,*,「,「,「
女	名詞,一般,*,*,*,*,女,オンナ,オンナ
よ	助詞,終助詞,*,*,*,*,よ,ヨ,ヨ
，	記号,読点,*,*,*,*,，,，,，
なぜ	副詞,助詞類接続,*,*,*,*,なぜ,ナゼ,ナゼ
あなた	名詞,代名詞,一般,*,*,*,あなた,アナタ,アナタ
は	助詞,係助詞,*,*,*,*,は,ハ,ワ
愛	名詞,一般,*,*,*,*,愛,アイ,アイ
を	助詞,格助詞,一般,*,*,*,を,ヲ,ヲ
捜し求めよ	動詞,自立,*,*,一段,未然ウ接続,捜し求める,サガシモトメヨ,サガシモトメヨ
う	助動詞,*,*,*,不変化型,基本形,う,ウ,ウ
として	助詞,格助詞,連語,*,*,*,として,トシテ,トシテ
自分	名詞,一般,*,*,*,*,自分,ジブン,ジブン
の	助詞,連体化,*,*,*,*,の,ノ,ノ
道	名詞,一般,*,*,*,*,道,ミチ,ミチ
を	助詞,格助詞,一般,*,*,*,を,ヲ,ヲ
繕う	動詞,自立,*,*,五段・ワ行促音便,基本形,繕う,ツクロウ,ツクロウ
の	名詞,非自立,一般,*,*,*,の,ノ,ノ
か	助詞,副助詞／並立助詞／終助詞,*,*,*,*,か,カ,カ
。	記号,句点,*,*,*,*,。,。,。
それ	名詞,代名詞,一般,*,*,*,それ,ソレ,ソレ
ゆえ	名詞,接尾,一般,*,*,*,ゆえ,ユエ,ユエ
，	記号,読点,*,*,*,*,，,，,，
あなた	名詞,代名詞,一般,*,*,*,あなた,アナタ,アナタ
は	助詞,係助詞,*,*,*,*,は,ハ,ワ
悪い	形容詞,自立,*,*,形容詞・アウオ段,基本形,悪い,ワルイ,ワルイ
こと	名詞,非自立,一般,*,*,*,こと,コト,コト
に関して	助詞,格助詞,連語,*,*,*,に関して,ニカンシテ,ニカンシテ
も	助詞,係助詞,*,*,*,*,も,モ,モ
自分	名詞,一般,*,*,*,*,自分,ジブン,ジブン
の	助詞,連体化,*,*,*,*,の,ノ,ノ
道	名詞,一般,*,*,*,*,道,ミチ,ミチ
を	助詞,格助詞,一般,*,*,*,を,ヲ,ヲ
教え	動詞,自立,*,*,一段,連用形,教える,オシエ,オシエ
た	助動詞,*,*,*,特殊・タ,基本形,た,タ,タ
の	名詞,非自立,一般,*,*,*,の,ノ,ノ
だ	助動詞,*,*,*,特殊・ダ,基本形,だ,ダ,ダ
。	記号,句点,*,*,*,*,。,。,。
また	接続詞,*,*,*,*,*,また,マタ,マタ
，	記号,読点,*,*,*,*,，,，,，
あなた	名詞,代名詞,一般,*,*,*,あなた,アナタ,アナタ
の	助詞,連体化,*,*,*,*,の,ノ,ノ
すそ	名詞,一般,*,*,*,*,すそ,スソ,スソ
に	助詞,格助詞,一般,*,*,*,に,ニ,ニ
は	助詞,係助詞,*,*,*,*,は,ハ,ワ
罪	名詞,一般,*,*,*,*,罪,ツミ,ツミ
の	助詞,格助詞,一般,*,*,*,の,ノ,ノ
ない	形容詞,自立,*,*,形容詞・アウオ段,基本形,ない,ナイ,ナイ
貧しい	形容詞,自立,*,*,形容詞・イ段,基本形,貧しい,マズシイ,マズシイ
者	名詞,一般,*,*,*,*,者,モノ,モノ
たち	名詞,接尾,一般,*,*,*,たち,タチ,タチ
の	助詞,連体化,*,*,*,*,の,ノ,ノ
魂	名詞,一般,*,*,*,*,魂,タマシイ,タマシー
の	助詞,連体化,*,*,*,*,の,ノ,ノ
血	名詞,一般,*,*,*,*,血,チ,チ
こん	動詞,自立,*,*,五段・マ行,連用タ接続,こむ,コン,コン
が	助詞,接続助詞,*,*,*,*,が,ガ,ガ
見いださ	動詞,自立,*,*,五段・サ行,未然形,見いだす,ミイダサ,ミイダサ
れ	動詞,接尾,*,*,一段,連用形,れる,レ,レ
た	助動詞,*,*,*,特殊・タ,基本形,た,タ,タ
。	記号,句点,*,*,*,*,。,。,。
わたし	名詞,代名詞,一般,*,*,*,わたし,ワタシ,ワタシ
は	助詞,係助詞,*,*,*,*,は,ハ,ワ
押し入る	動詞,自立,*,*,五段・ラ行,基本形,押し入る,オシイル,オシイル
行為	名詞,サ変接続,*,*,*,*,行為,コウイ,コーイ
に	助詞,格助詞,一般,*,*,*,に,ニ,ニ
それ	名詞,代名詞,一般,*,*,*,それ,ソレ,ソレ
を	助詞,格助詞,一般,*,*,*,を,ヲ,ヲ
見いだし	動詞,自立,*,*,五段・サ行,連用形,見いだす,ミイダシ,ミイダシ
た	助動詞,*,*,*,特殊・タ,基本形,た,タ,タ
の	名詞,非自立,一般,*,*,*,の,ノ,ノ
で	助動詞,*,*,*,特殊・ダ,連用形,だ,デ,デ
は	助詞,係助詞,*,*,*,*,は,ハ,ワ
ない	形容詞,自立,*,*,形容詞・アウオ段,基本形,ない,ナイ,ナイ
が	助詞,接続助詞,*,*,*,*,が,ガ,ガ
，	記号,読点,*,*,*,*,，,，,，
[	名詞,サ変接続,*,*,*,*,*
それ	名詞,代名詞,一般,*,*,*,それ,ソレ,ソレ
は	助詞,係助詞,*,*,*,*,は,ハ,ワ
]	名詞,サ変接続,*,*,*,*,*
これら	名詞,代名詞,一般,*,*,*,これら,コレラ,コレラ
すべて	名詞,副詞可能,*,*,*,*,すべて,スベテ,スベテ
の	助詞,連体化,*,*,*,*,の,ノ,ノ
上	名詞,非自立,副詞可能,*,*,*,上,ウエ,ウエ
に	助詞,格助詞,一般,*,*,*,に,ニ,ニ
[	名詞,サ変接続,*,*,*,*,*
ある	動詞,自立,*,*,五段・ラ行,基本形,ある,アル,アル
]。「	名詞,サ変接続,*,*,*,*,*
	記号,一般,*,*,*,*,*
EOS
	記号,一般,*,*,*,*,*
かし	名詞,一般,*,*,*,*,かし,カシ,カシ
あなた	名詞,代名詞,一般,*,*,*,あなた,アナタ,アナタ
は	助詞,係助詞,*,*,*,*,は,ハ,ワ
言う	動詞,自立,*,*,五段・ワ行促音便,基本形,言う,イウ,イウ
，	記号,読点,*,*,*,*,，,，,，
『	記号,括弧開,*,*,*,*,『,『,『
わたし	名詞,代名詞,一般,*,*,*,わたし,ワタシ,ワタシ
に	助詞,格助詞,一般,*,*,*,に,ニ,ニ
罪	名詞,一般,*,*,*,*,罪,ツミ,ツミ
は	助詞,係助詞,*,*,*,*,は,ハ,ワ
なかっ	形容詞,自立,*,*,形容詞・アウオ段,連用タ接続,ない,ナカッ,ナカッ
た	助動詞,*,*,*,特殊・タ,基本形,た,タ,タ
。	記号,句点,*,*,*,*,。,。,。
[	名詞,サ変接続,*,*,*,*,*
神	名詞,接尾,一般,*,*,*,神,シン,シン
]	名詞,サ変接続,*,*,*,*,*
の	助詞,連体化,*,*,*,*,の,ノ,ノ
怒り	名詞,一般,*,*,*,*,怒り,イカリ,イカリ
は	助詞,係助詞,*,*,*,*,は,ハ,ワ
確か	名詞,形容動詞語幹,*,*,*,*,確か,タシカ,タシカ
に	助詞,副詞化,*,*,*,*,に,ニ,ニ
わたし	名詞,代名詞,一般,*,*,*,わたし,ワタシ,ワタシ
から	助詞,格助詞,一般,*,*,*,から,カラ,カラ
去っ	動詞,自立,*,*,五段・ラ行,連用タ接続,去る,サッ,サッ
た	助動詞,*,*,*,特殊・タ,基本形,た,タ,タ
』	記号,括弧閉,*,*,*,*,』,』,』
と	助詞,格助詞,引用,*,*,*,と,ト,ト
。	記号,句点,*,*,*,*,。,。,。
なぜ	副詞,助詞類接続,*,*,*,*,なぜ,ナゼ,ナゼ
あなた	名詞,代名詞,一般,*,*,*,あなた,アナタ,アナタ
は	助詞,係助詞,*,*,*,*,は,ハ,ワ
自分	名詞,一般,*,*,*,*,自分,ジブン,ジブン
の	助詞,連体化,*,*,*,*,の,ノ,ノ
道	名詞,一般,*,*,*,*,道,ミチ,ミチ
を	助詞,格助詞,一般,*,*,*,を,ヲ,ヲ
変える	動詞,自立,*,*,一段,基本形,変える,カエル,カエル
こと	名詞,非自立,一般,*,*,*,こと,コト,コト
を	助詞,格助詞,一般,*,*,*,を,ヲ,ヲ
ごく	副詞,一般,*,*,*,*,ごく,ゴク,ゴク
ささい	名詞,形容動詞語幹,*,*,*,*,ささい,ササイ,ササイ
な	助動詞,*,*,*,特殊・ダ,体言接続,だ,ナ,ナ
こと	名詞,非自立,一般,*,*,*,こと,コト,コト
の	助詞,連体化,*,*,*,*,の,ノ,ノ
よう	名詞,非自立,助動詞語幹,*,*,*,よう,ヨウ,ヨー
に	助詞,副詞化,*,*,*,*,に,ニ,ニ
扱う	動詞,自立,*,*,五段・ワ行促音便,基本形,扱う,アツカウ,アツカウ
の	名詞,非自立,一般,*,*,*,の,ノ,ノ
か	助詞,副助詞／並立助詞／終助詞,*,*,*,*,か,カ,カ
。	記号,句点,*,*,*,*,。,。,。
あなた	名詞,代名詞,一般,*,*,*,あなた,アナタ,アナタ
は	助詞,係助詞,*,*,*,*,は,ハ,ワ
，	記号,読点,*,*,*,*,，,，,，
アッシリア	名詞,一般,*,*,*,*,*
を	助詞,格助詞,一般,*,*,*,を,ヲ,ヲ
恥じる	動詞,自立,*,*,一段,基本形,恥じる,ハジル,ハジル
よう	名詞,非自立,助動詞語幹,*,*,*,よう,ヨウ,ヨー
に	助詞,格助詞,一般,*,*,*,に,ニ,ニ
なっ	動詞,自立,*,*,五段・ラ行,連用タ接続,なる,ナッ,ナッ
た	助動詞,*,*,*,特殊・タ,基本形,た,タ,タ
と	助詞,格助詞,引用,*,*,*,と,ト,ト
同じく	副詞,一般,*,*,*,*,同じく,オナジク,オナジク
，	記号,読点,*,*,*,*,，,，,，
エジプト	名詞,固有名詞,地域,国,*,*,エジプト,エジプト,エジプト
について	助詞,格助詞,連語,*,*,*,について,ニツイテ,ニツイテ
も	助詞,係助詞,*,*,*,*,も,モ,モ
恥じる	動詞,自立,*,*,一段,基本形,恥じる,ハジル,ハジル
で	助動詞,*,*,*,特殊・ダ,連用形,だ,デ,デ
あろ	助動詞,*,*,*,五段・ラ行アル,未然ウ接続,ある,アロ,アロ
う	助動詞,*,*,*,不変化型,基本形,う,ウ,ウ
。	記号,句点,*,*,*,*,。,。,。
その	連体詞,*,*,*,*,*,その,ソノ,ソノ
ため	名詞,非自立,副詞可能,*,*,*,ため,タメ,タメ
に	助詞,格助詞,一般,*,*,*,に,ニ,ニ
も	助詞,係助詞,*,*,*,*,も,モ,モ
，	記号,読点,*,*,*,*,，,，,，
あなた	名詞,代名詞,一般,*,*,*,あなた,アナタ,アナタ
は	助詞,係助詞,*,*,*,*,は,ハ,ワ
両手	名詞,一般,*,*,*,*,両手,リョウテ,リョーテ
を	助詞,格助詞,一般,*,*,*,を,ヲ,ヲ
頭	名詞,一般,*,*,*,*,頭,アタマ,アタマ
に	助詞,格助詞,一般,*,*,*,に,ニ,ニ
のせ	動詞,自立,*,*,一段,連用形,のせる,ノセ,ノセ
て	助詞,接続助詞,*,*,*,*,て,テ,テ
出	動詞,自立,*,*,一段,連用形,出る,デ,デ
て	助詞,接続助詞,*,*,*,*,て,テ,テ
行く	動詞,非自立,*,*,五段・カ行促音便,基本形,行く,イク,イク
で	助動詞,*,*,*,特殊・ダ,連用形,だ,デ,デ
あろ	助動詞,*,*,*,五段・ラ行アル,未然ウ接続,ある,アロ,アロ
う	助動詞,*,*,*,不変化型,基本形,う,ウ,ウ
。	記号,句点,*,*,*,*,。,。,。
エホバ	名詞,一般,*,*,*,*,エホバ,エホバ,エホバ
が	助詞,格助詞,一般,*,*,*,が,ガ,ガ
あなた	名詞,代名詞,一般,*,*,*,あなた,アナタ,アナタ
の	助詞,連体化,*,*,*,*,の,ノ,ノ
確信	名詞,サ変接続,*,*,*,*,確信,カクシン,カクシン
の	名詞,非自立,一般,*,*,*,の,ノ,ノ
より	助詞,格助詞,一般,*,*,*,より,ヨリ,ヨリ
どころ	名詞,非自立,一般,*,*,*,どころ,ドコロ,ドコロ
を	助詞,格助詞,一般,*,*,*,を,ヲ,ヲ
退け	動詞,自立,*,*,一段,未然形,退ける,シリゾケ,シリゾケ
られ	動詞,接尾,*,*,一段,連用形,られる,ラレ,ラレ
た	助動詞,*,*,*,特殊・タ,基本形,た,タ,タ
から	助詞,接続助詞,*,*,*,*,から,カラ,カラ
で	助動詞,*,*,*,特殊・ダ,連用形,だ,デ,デ
ある	助動詞,*,*,*,五段・ラ行アル,基本形,ある,アル,アル
。	記号,句点,*,*,*,*,。,。,。
あなた	名詞,代名詞,一般,*,*,*,あなた,アナタ,アナタ
が	助詞,格助詞,一般,*,*,*,が,ガ,ガ
それら	名詞,代名詞,一般,*,*,*,それら,ソレラ,ソレラ
によって	助詞,格助詞,連語,*,*,*,によって,ニヨッテ,ニヨッテ
成功	名詞,サ変接続,*,*,*,*,成功,セイコウ,セイコー
する	動詞,自立,*,*,サ変・スル,基本形,する,スル,スル
こと	名詞,非自立,一般,*,*,*,こと,コト,コト
は	助詞,係助詞,*,*,*,*,は,ハ,ワ
ない	形容詞,自立,*,*,形容詞・アウオ段,基本形,ない,ナイ,ナイ
」	記号,括弧閉,*,*,*,*,」,」,」
。	記号,句点,*,*,*,*,。,。,。
EOS
