そして	接続詞,*,*,*,*,*,そして,ソシテ,ソシテ
，	記号,読点,*,*,*,*,，,，,，
その	連体詞,*,*,*,*,*,その,ソノ,ソノ
年	名詞,一般,*,*,*,*,年,トシ,トシ
，	記号,読点,*,*,*,*,，,，,，
ユダ	名詞,一般,*,*,*,*,*
の	助詞,連体化,*,*,*,*,の,ノ,ノ
王	名詞,一般,*,*,*,*,王,オウ,オー
ゼデキヤ	名詞,一般,*,*,*,*,*
の	助詞,連体化,*,*,*,*,の,ノ,ノ
王国	名詞,一般,*,*,*,*,王国,オウコク,オーコク
の	助詞,連体化,*,*,*,*,の,ノ,ノ
初め	名詞,副詞可能,*,*,*,*,初め,ハジメ,ハジメ
，	記号,読点,*,*,*,*,，,，,，
第	接頭詞,数接続,*,*,*,*,第,ダイ,ダイ
四	名詞,数,*,*,*,*,四,ヨン,ヨン
年	名詞,接尾,助数詞,*,*,*,年,ネン,ネン
の	助詞,連体化,*,*,*,*,の,ノ,ノ
第	接頭詞,数接続,*,*,*,*,第,ダイ,ダイ
五	名詞,数,*,*,*,*,五,ゴ,ゴ
の	助詞,連体化,*,*,*,*,の,ノ,ノ
月	名詞,一般,*,*,*,*,月,ツキ,ツキ
に	助詞,格助詞,一般,*,*,*,に,ニ,ニ
，	記号,読点,*,*,*,*,，,，,，
ギベオン	名詞,一般,*,*,*,*,*
から	助詞,格助詞,一般,*,*,*,から,カラ,カラ
来	動詞,自立,*,*,カ変・来ル,連用形,来る,キ,キ
た	助動詞,*,*,*,特殊・タ,基本形,た,タ,タ
預言	名詞,サ変接続,*,*,*,*,預言,ヨゲン,ヨゲン
者	名詞,接尾,一般,*,*,*,者,シャ,シャ
，	記号,読点,*,*,*,*,，,，,，
アズル	名詞,一般,*,*,*,*,*
の	助詞,連体化,*,*,*,*,の,ノ,ノ
子	接頭詞,名詞接続,*,*,*,*,子,コ,コ
ハナニヤ	名詞,一般,*,*,*,*,*
は	助詞,係助詞,*,*,*,*,は,ハ,ワ
，	記号,読点,*,*,*,*,，,，,，
エホバ	名詞,一般,*,*,*,*,エホバ,エホバ,エホバ
の	助詞,連体化,*,*,*,*,の,ノ,ノ
家	名詞,一般,*,*,*,*,家,イエ,イエ
で	助詞,格助詞,一般,*,*,*,で,デ,デ
，	記号,読点,*,*,*,*,，,，,，
祭司	名詞,一般,*,*,*,*,祭司,サイシ,サイシ
たち	名詞,接尾,一般,*,*,*,たち,タチ,タチ
と	助詞,並立助詞,*,*,*,*,と,ト,ト
すべて	名詞,副詞可能,*,*,*,*,すべて,スベテ,スベテ
の	助詞,連体化,*,*,*,*,の,ノ,ノ
民	名詞,一般,*,*,*,*,民,ミン,ミン
の	助詞,連体化,*,*,*,*,の,ノ,ノ
目	名詞,一般,*,*,*,*,目,メ,メ
の	助詞,連体化,*,*,*,*,の,ノ,ノ
前	名詞,副詞可能,*,*,*,*,前,マエ,マエ
で	助詞,格助詞,一般,*,*,*,で,デ,デ
わたし	名詞,代名詞,一般,*,*,*,わたし,ワタシ,ワタシ
に	助詞,格助詞,一般,*,*,*,に,ニ,ニ
言っ	動詞,自立,*,*,五段・ワ行促音便,連用タ接続,言う,イッ,イッ
た	助動詞,*,*,*,特殊・タ,基本形,た,タ,タ
，	記号,読点,*,*,*,*,，,，,，
「	記号,括弧開,*,*,*,*,「,「,「
イスラエル	名詞,固有名詞,地域,国,*,*,イスラエル,イスラエル,イスラエル
の	助詞,連体化,*,*,*,*,の,ノ,ノ
神	名詞,一般,*,*,*,*,神,カミ,カミ
，	名詞,数,*,*,*,*,，,，,，
万	名詞,数,*,*,*,*,万,マン,マン
軍	名詞,接尾,一般,*,*,*,軍,グン,グン
の	助詞,連体化,*,*,*,*,の,ノ,ノ
エホバ	名詞,一般,*,*,*,*,エホバ,エホバ,エホバ
は	助詞,係助詞,*,*,*,*,は,ハ,ワ
この	連体詞,*,*,*,*,*,この,コノ,コノ
よう	名詞,非自立,助動詞語幹,*,*,*,よう,ヨウ,ヨー
に	助詞,副詞化,*,*,*,*,に,ニ,ニ
言わ	動詞,自立,*,*,五段・ワ行促音便,未然形,言う,イワ,イワ
れ	動詞,接尾,*,*,一段,連用形,れる,レ,レ
た	助動詞,*,*,*,特殊・タ,基本形,た,タ,タ
。	記号,句点,*,*,*,*,。,。,。
『	記号,括弧開,*,*,*,*,『,『,『
わたし	名詞,代名詞,一般,*,*,*,わたし,ワタシ,ワタシ
は	助詞,係助詞,*,*,*,*,は,ハ,ワ
バビロン	名詞,一般,*,*,*,*,*
の	助詞,連体化,*,*,*,*,の,ノ,ノ
王	名詞,一般,*,*,*,*,王,オウ,オー
の	助詞,連体化,*,*,*,*,の,ノ,ノ
く	形容詞,自立,*,*,形容詞・アウオ段,ガル接続,くい,ク,ク
びき	名詞,接尾,助数詞,*,*,*,びき,ビキ,ビキ
を	助詞,格助詞,一般,*,*,*,を,ヲ,ヲ
砕く	動詞,自立,*,*,五段・カ行イ音便,基本形,砕く,クダク,クダク
。	記号,句点,*,*,*,*,。,。,。
わたし	名詞,代名詞,一般,*,*,*,わたし,ワタシ,ワタシ
は	助詞,係助詞,*,*,*,*,は,ハ,ワ
，	記号,読点,*,*,*,*,，,，,，
バビロン	名詞,一般,*,*,*,*,*
の	助詞,連体化,*,*,*,*,の,ノ,ノ
王	名詞,一般,*,*,*,*,王,オウ,オー
ネブカドネザル	名詞,一般,*,*,*,*,*
が	助詞,格助詞,一般,*,*,*,が,ガ,ガ
バビロン	名詞,一般,*,*,*,*,*
へ	助詞,格助詞,一般,*,*,*,へ,ヘ,エ
携え	動詞,自立,*,*,一段,連用形,携える,タズサエ,タズサエ
て	助詞,接続助詞,*,*,*,*,て,テ,テ
行こ	動詞,非自立,*,*,五段・カ行促音便,未然ウ接続,行く,イコ,イコ
う	助動詞,*,*,*,不変化型,基本形,う,ウ,ウ
として	助詞,格助詞,連語,*,*,*,として,トシテ,トシテ
この	連体詞,*,*,*,*,*,この,コノ,コノ
場所	名詞,一般,*,*,*,*,場所,バショ,バショ
から	助詞,格助詞,一般,*,*,*,から,カラ,カラ
取っ	動詞,自立,*,*,五段・ラ行,連用タ接続,取る,トッ,トッ
た	助動詞,*,*,*,特殊・タ,基本形,た,タ,タ
エホバ	名詞,一般,*,*,*,*,エホバ,エホバ,エホバ
の	助詞,連体化,*,*,*,*,の,ノ,ノ
家	名詞,一般,*,*,*,*,家,イエ,イエ
の	助詞,連体化,*,*,*,*,の,ノ,ノ
すべて	名詞,副詞可能,*,*,*,*,すべて,スベテ,スベテ
の	助詞,連体化,*,*,*,*,の,ノ,ノ
器具	名詞,一般,*,*,*,*,器具,キグ,キグ
を	助詞,格助詞,一般,*,*,*,を,ヲ,ヲ
，	記号,読点,*,*,*,*,，,，,，
丸	名詞,一般,*,*,*,*,丸,マル,マル
二	名詞,数,*,*,*,*,二,ニ,ニ
年	名詞,接尾,助数詞,*,*,*,年,ネン,ネン
の	助詞,連体化,*,*,*,*,の,ノ,ノ
内	名詞,非自立,副詞可能,*,*,*,内,ウチ,ウチ
に	助詞,格助詞,一般,*,*,*,に,ニ,ニ
この	連体詞,*,*,*,*,*,この,コノ,コノ
場所	名詞,一般,*,*,*,*,場所,バショ,バショ
に	助詞,格助詞,一般,*,*,*,に,ニ,ニ
持ち帰る	動詞,自立,*,*,五段・ラ行,基本形,持ち帰る,モチカエル,モチカエル
』	記号,括弧閉,*,*,*,*,』,』,』
」	記号,括弧閉,*,*,*,*,」,」,」
。	記号,句点,*,*,*,*,。,。,。
「	記号,括弧開,*,*,*,*,「,「,「
『	記号,括弧開,*,*,*,*,『,『,『
また	接続詞,*,*,*,*,*,また,マタ,マタ
，	記号,読点,*,*,*,*,，,，,，
ユダ	名詞,一般,*,*,*,*,*
の	助詞,連体化,*,*,*,*,の,ノ,ノ
王	名詞,一般,*,*,*,*,王,オウ,オー
，	記号,読点,*,*,*,*,，,，,，
エホヤキム	名詞,一般,*,*,*,*,*
の	助詞,連体化,*,*,*,*,の,ノ,ノ
子	接頭詞,名詞接続,*,*,*,*,子,コ,コ
エコニヤ	名詞,一般,*,*,*,*,*
と	助詞,並立助詞,*,*,*,*,と,ト,ト
，	記号,読点,*,*,*,*,，,，,，
バビロン	名詞,一般,*,*,*,*,*
へ	助詞,格助詞,一般,*,*,*,へ,ヘ,エ
行っ	動詞,自立,*,*,五段・カ行促音便,連用タ接続,行く,イッ,イッ
た	助動詞,*,*,*,特殊・タ,基本形,た,タ,タ
ユダ	名詞,一般,*,*,*,*,*
の	助詞,連体化,*,*,*,*,の,ノ,ノ
すべて	名詞,副詞可能,*,*,*,*,すべて,スベテ,スベテ
の	助詞,連体化,*,*,*,*,の,ノ,ノ
流刑	名詞,一般,*,*,*,*,流刑,ルケイ,ルケイ
者	名詞,接尾,一般,*,*,*,者,シャ,シャ
を	助詞,格助詞,一般,*,*,*,を,ヲ,ヲ
わたし	名詞,代名詞,一般,*,*,*,わたし,ワタシ,ワタシ
は	助詞,係助詞,*,*,*,*,は,ハ,ワ
この	連体詞,*,*,*,*,*,この,コノ,コノ
場所	名詞,一般,*,*,*,*,場所,バショ,バショ
に	助詞,格助詞,一般,*,*,*,に,ニ,ニ
連れ戻す	動詞,自立,*,*,五段・サ行,基本形,連れ戻す,ツレモドス,ツレモドス
』	記号,括弧閉,*,*,*,*,』,』,』
と	助詞,格助詞,引用,*,*,*,と,ト,ト
，	記号,読点,*,*,*,*,，,，,，
エホバ	名詞,一般,*,*,*,*,エホバ,エホバ,エホバ
は	助詞,係助詞,*,*,*,*,は,ハ,ワ
お告げ	名詞,一般,*,*,*,*,お告げ,オツゲ,オツゲ
に	助詞,格助詞,一般,*,*,*,に,ニ,ニ
なる	動詞,自立,*,*,五段・ラ行,基本形,なる,ナル,ナル
，	記号,読点,*,*,*,*,，,，,，
『	記号,括弧開,*,*,*,*,『,『,『
わたし	名詞,代名詞,一般,*,*,*,わたし,ワタシ,ワタシ
は	助詞,係助詞,*,*,*,*,は,ハ,ワ
バビロン	名詞,一般,*,*,*,*,*
の	助詞,連体化,*,*,*,*,の,ノ,ノ
王	名詞,一般,*,*,*,*,王,オウ,オー
の	助詞,連体化,*,*,*,*,の,ノ,ノ
く	形容詞,自立,*,*,形容詞・アウオ段,ガル接続,くい,ク,ク
びき	名詞,接尾,助数詞,*,*,*,びき,ビキ,ビキ
を	助詞,格助詞,一般,*,*,*,を,ヲ,ヲ
砕く	動詞,自立,*,*,五段・カ行イ音便,基本形,砕く,クダク,クダク
から	助詞,接続助詞,*,*,*,*,から,カラ,カラ
で	助動詞,*,*,*,特殊・ダ,連用形,だ,デ,デ
ある	助動詞,*,*,*,五段・ラ行アル,基本形,ある,アル,アル
』	記号,括弧閉,*,*,*,*,』,』,』
」	記号,括弧閉,*,*,*,*,」,」,」
。	記号,句点,*,*,*,*,。,。,。
そこで	接続詞,*,*,*,*,*,そこで,ソコデ,ソコデ
預言	名詞,サ変接続,*,*,*,*,預言,ヨゲン,ヨゲン
者	名詞,接尾,一般,*,*,*,者,シャ,シャ
エレミヤ	名詞,一般,*,*,*,*,*
は	助詞,係助詞,*,*,*,*,は,ハ,ワ
，	記号,読点,*,*,*,*,，,，,，
エホバ	名詞,一般,*,*,*,*,エホバ,エホバ,エホバ
の	助詞,連体化,*,*,*,*,の,ノ,ノ
家	名詞,一般,*,*,*,*,家,イエ,イエ
に	助詞,格助詞,一般,*,*,*,に,ニ,ニ
立っ	動詞,自立,*,*,五段・タ行,連用タ接続,立つ,タッ,タッ
て	助詞,接続助詞,*,*,*,*,て,テ,テ
い	動詞,非自立,*,*,一段,連用形,いる,イ,イ
た	助動詞,*,*,*,特殊・タ,基本形,た,タ,タ
祭司	名詞,一般,*,*,*,*,祭司,サイシ,サイシ
たち	名詞,接尾,一般,*,*,*,たち,タチ,タチ
の	助詞,連体化,*,*,*,*,の,ノ,ノ
目	名詞,一般,*,*,*,*,目,メ,メ
の	助詞,連体化,*,*,*,*,の,ノ,ノ
前	名詞,副詞可能,*,*,*,*,前,マエ,マエ
で	助詞,格助詞,一般,*,*,*,で,デ,デ
，	記号,読点,*,*,*,*,，,，,，
また	接続詞,*,*,*,*,*,また,マタ,マタ
すべて	名詞,副詞可能,*,*,*,*,すべて,スベテ,スベテ
の	助詞,連体化,*,*,*,*,の,ノ,ノ
民	名詞,一般,*,*,*,*,民,ミン,ミン
の	助詞,連体化,*,*,*,*,の,ノ,ノ
目	名詞,一般,*,*,*,*,目,メ,メ
の	助詞,連体化,*,*,*,*,の,ノ,ノ
前	名詞,副詞可能,*,*,*,*,前,マエ,マエ
で	助詞,格助詞,一般,*,*,*,で,デ,デ
，	記号,読点,*,*,*,*,，,，,，
預言	名詞,サ変接続,*,*,*,*,預言,ヨゲン,ヨゲン
者	名詞,接尾,一般,*,*,*,者,シャ,シャ
ハナニヤ	名詞,一般,*,*,*,*,*
に	助詞,格助詞,一般,*,*,*,に,ニ,ニ
言っ	動詞,自立,*,*,五段・ワ行促音便,連用タ接続,言う,イッ,イッ
た	助動詞,*,*,*,特殊・タ,基本形,た,タ,タ
。	記号,句点,*,*,*,*,。,。,。
そう	副詞,助詞類接続,*,*,*,*,そう,ソウ,ソー
だ	助動詞,*,*,*,特殊・ダ,基本形,だ,ダ,ダ
，	記号,読点,*,*,*,*,，,，,，
預言	名詞,サ変接続,*,*,*,*,預言,ヨゲン,ヨゲン
者	名詞,接尾,一般,*,*,*,者,シャ,シャ
エレミヤ	名詞,一般,*,*,*,*,*
は	助詞,係助詞,*,*,*,*,は,ハ,ワ
こう	副詞,助詞類接続,*,*,*,*,こう,コウ,コー
言っ	動詞,自立,*,*,五段・ワ行促音便,連用タ接続,言う,イッ,イッ
た	助動詞,*,*,*,特殊・タ,基本形,た,タ,タ
の	名詞,非自立,一般,*,*,*,の,ノ,ノ
で	助動詞,*,*,*,特殊・ダ,連用形,だ,デ,デ
ある	助動詞,*,*,*,五段・ラ行アル,基本形,ある,アル,アル
。	記号,句点,*,*,*,*,。,。,。
「	記号,括弧開,*,*,*,*,「,「,「
アーメン	名詞,一般,*,*,*,*,*
！	記号,一般,*,*,*,*,！,！,！
エホバ	名詞,一般,*,*,*,*,エホバ,エホバ,エホバ
が	助詞,格助詞,一般,*,*,*,が,ガ,ガ
その	連体詞,*,*,*,*,*,その,ソノ,ソノ
よう	名詞,非自立,助動詞語幹,*,*,*,よう,ヨウ,ヨー
に	助詞,格助詞,一般,*,*,*,に,ニ,ニ
し	動詞,自立,*,*,サ変・スル,連用形,する,シ,シ
て	助詞,接続助詞,*,*,*,*,て,テ,テ
くださる	動詞,非自立,*,*,五段・ラ行特殊,基本形,くださる,クダサル,クダサル
よう	名詞,非自立,助動詞語幹,*,*,*,よう,ヨウ,ヨー
に	助詞,副詞化,*,*,*,*,に,ニ,ニ
！	記号,一般,*,*,*,*,！,！,！
エホバ	名詞,一般,*,*,*,*,エホバ,エホバ,エホバ
が	助詞,格助詞,一般,*,*,*,が,ガ,ガ
，	記号,読点,*,*,*,*,，,，,，
エホバ	名詞,一般,*,*,*,*,エホバ,エホバ,エホバ
の	助詞,連体化,*,*,*,*,の,ノ,ノ
家	名詞,一般,*,*,*,*,家,イエ,イエ
の	助詞,連体化,*,*,*,*,の,ノ,ノ
器具	名詞,一般,*,*,*,*,器具,キグ,キグ
と	助詞,並立助詞,*,*,*,*,と,ト,ト
流刑	名詞,一般,*,*,*,*,流刑,ルケイ,ルケイ
に	助詞,格助詞,一般,*,*,*,に,ニ,ニ
処せ	動詞,自立,*,*,サ変・−スル,未然レル接続,処する,ショセ,ショセ
られ	動詞,接尾,*,*,一段,連用形,られる,ラレ,ラレ
た	助動詞,*,*,*,特殊・タ,基本形,た,タ,タ
すべて	名詞,副詞可能,*,*,*,*,すべて,スベテ,スベテ
の	助詞,連体化,*,*,*,*,の,ノ,ノ
民	名詞,一般,*,*,*,*,民,ミン,ミン
を	助詞,格助詞,一般,*,*,*,を,ヲ,ヲ
バビロン	名詞,一般,*,*,*,*,*
から	助詞,格助詞,一般,*,*,*,から,カラ,カラ
この	連体詞,*,*,*,*,*,この,コノ,コノ
場所	名詞,一般,*,*,*,*,場所,バショ,バショ
に	助詞,格助詞,一般,*,*,*,に,ニ,ニ
連れ戻す	動詞,自立,*,*,五段・サ行,基本形,連れ戻す,ツレモドス,ツレモドス
こと	名詞,非自立,一般,*,*,*,こと,コト,コト
によって	助詞,格助詞,連語,*,*,*,によって,ニヨッテ,ニヨッテ
，	記号,読点,*,*,*,*,，,，,，
あなた	名詞,代名詞,一般,*,*,*,あなた,アナタ,アナタ
の	助詞,連体化,*,*,*,*,の,ノ,ノ
預言	名詞,サ変接続,*,*,*,*,預言,ヨゲン,ヨゲン
し	動詞,自立,*,*,サ変・スル,連用形,する,シ,シ
た	助動詞,*,*,*,特殊・タ,基本形,た,タ,タ
言葉	名詞,一般,*,*,*,*,言葉,コトバ,コトバ
を	助詞,格助詞,一般,*,*,*,を,ヲ,ヲ
立証	名詞,サ変接続,*,*,*,*,立証,リッショウ,リッショー
し	動詞,自立,*,*,サ変・スル,連用形,する,シ,シ
て	助詞,接続助詞,*,*,*,*,て,テ,テ
くださる	動詞,非自立,*,*,五段・ラ行特殊,基本形,くださる,クダサル,クダサル
よう	名詞,非自立,助動詞語幹,*,*,*,よう,ヨウ,ヨー
に	助詞,副詞化,*,*,*,*,に,ニ,ニ
！	記号,一般,*,*,*,*,！,！,！
しかし	接続詞,*,*,*,*,*,しかし,シカシ,シカシ
，	記号,読点,*,*,*,*,，,，,，
わたし	名詞,代名詞,一般,*,*,*,わたし,ワタシ,ワタシ
が	助詞,格助詞,一般,*,*,*,が,ガ,ガ
あなた	名詞,代名詞,一般,*,*,*,あなた,アナタ,アナタ
の	助詞,連体化,*,*,*,*,の,ノ,ノ
耳	名詞,一般,*,*,*,*,耳,ミミ,ミミ
と	助詞,並立助詞,*,*,*,*,と,ト,ト
すべて	名詞,副詞可能,*,*,*,*,すべて,スベテ,スベテ
の	助詞,連体化,*,*,*,*,の,ノ,ノ
民	名詞,一般,*,*,*,*,民,ミン,ミン
の	助詞,連体化,*,*,*,*,の,ノ,ノ
耳	名詞,一般,*,*,*,*,耳,ミミ,ミミ
に	助詞,格助詞,一般,*,*,*,に,ニ,ニ
語っ	動詞,自立,*,*,五段・ラ行,連用タ接続,語る,カタッ,カタッ
て	助詞,接続助詞,*,*,*,*,て,テ,テ
いる	動詞,非自立,*,*,一段,基本形,いる,イル,イル
この	連体詞,*,*,*,*,*,この,コノ,コノ
言葉	名詞,一般,*,*,*,*,言葉,コトバ,コトバ
を	助詞,格助詞,一般,*,*,*,を,ヲ,ヲ
どうか	副詞,一般,*,*,*,*,どうか,ドウカ,ドーカ
聞い	動詞,自立,*,*,五段・カ行イ音便,連用タ接続,聞く,キイ,キイ
て	助詞,接続助詞,*,*,*,*,て,テ,テ
ください	動詞,非自立,*,*,五段・ラ行特殊,命令ｉ,くださる,クダサイ,クダサイ
。	記号,句点,*,*,*,*,。,。,。
わたし	名詞,代名詞,一般,*,*,*,わたし,ワタシ,ワタシ
より	助詞,格助詞,一般,*,*,*,より,ヨリ,ヨリ
も	助詞,係助詞,*,*,*,*,も,モ,モ
あなた	名詞,代名詞,一般,*,*,*,あなた,アナタ,アナタ
より	助詞,格助詞,一般,*,*,*,より,ヨリ,ヨリ
も	助詞,係助詞,*,*,*,*,も,モ,モ
前	名詞,副詞可能,*,*,*,*,前,マエ,マエ
に	助詞,格助詞,一般,*,*,*,に,ニ,ニ
，	記号,読点,*,*,*,*,，,，,，
昔	名詞,副詞可能,*,*,*,*,昔,ムカシ,ムカシ
から	助詞,格助詞,一般,*,*,*,から,カラ,カラ
い	動詞,自立,*,*,一段,連用形,いる,イ,イ
た	助動詞,*,*,*,特殊・タ,基本形,た,タ,タ
預言	名詞,サ変接続,*,*,*,*,預言,ヨゲン,ヨゲン
者	名詞,接尾,一般,*,*,*,者,シャ,シャ
たち	名詞,接尾,一般,*,*,*,たち,タチ,タチ
は	助詞,係助詞,*,*,*,*,は,ハ,ワ
，	記号,読点,*,*,*,*,，,，,，
多く	名詞,副詞可能,*,*,*,*,多く,オオク,オーク
の	助詞,連体化,*,*,*,*,の,ノ,ノ
地	名詞,一般,*,*,*,*,地,チ,チ
や	助詞,並立助詞,*,*,*,*,や,ヤ,ヤ
大いなる	連体詞,*,*,*,*,*,大いなる,オオイナル,オーイナル
王国	名詞,一般,*,*,*,*,王国,オウコク,オーコク
について	助詞,格助詞,連語,*,*,*,について,ニツイテ,ニツイテ
，	記号,読点,*,*,*,*,，,，,，
やはり	副詞,一般,*,*,*,*,やはり,ヤハリ,ヤハリ
戦争	名詞,サ変接続,*,*,*,*,戦争,センソウ,センソー
や	助詞,並立助詞,*,*,*,*,や,ヤ,ヤ
災い	名詞,サ変接続,*,*,*,*,災い,ワザワイ,ワザワイ
や	助詞,並立助詞,*,*,*,*,や,ヤ,ヤ
疫病	名詞,一般,*,*,*,*,疫病,ヤクビョウ,ヤクビョー
を	助詞,格助詞,一般,*,*,*,を,ヲ,ヲ
預言	名詞,サ変接続,*,*,*,*,預言,ヨゲン,ヨゲン
し	動詞,自立,*,*,サ変・スル,連用形,する,シ,シ
た	助動詞,*,*,*,特殊・タ,基本形,た,タ,タ
もの	名詞,非自立,一般,*,*,*,もの,モノ,モノ
です	助動詞,*,*,*,特殊・デス,基本形,です,デス,デス
。	記号,句点,*,*,*,*,。,。,。
平和	名詞,形容動詞語幹,*,*,*,*,平和,ヘイワ,ヘイワ
を	助詞,格助詞,一般,*,*,*,を,ヲ,ヲ
預言	名詞,サ変接続,*,*,*,*,預言,ヨゲン,ヨゲン
する	動詞,自立,*,*,サ変・スル,基本形,する,スル,スル
預言	名詞,サ変接続,*,*,*,*,預言,ヨゲン,ヨゲン
者	名詞,接尾,一般,*,*,*,者,シャ,シャ
について	助詞,格助詞,連語,*,*,*,について,ニツイテ,ニツイテ
は	助詞,係助詞,*,*,*,*,は,ハ,ワ
，	記号,読点,*,*,*,*,，,，,，
その	連体詞,*,*,*,*,*,その,ソノ,ソノ
預言	名詞,サ変接続,*,*,*,*,預言,ヨゲン,ヨゲン
者	名詞,接尾,一般,*,*,*,者,シャ,シャ
の	助詞,連体化,*,*,*,*,の,ノ,ノ
言葉	名詞,一般,*,*,*,*,言葉,コトバ,コトバ
が	助詞,格助詞,一般,*,*,*,が,ガ,ガ
実現	名詞,サ変接続,*,*,*,*,実現,ジツゲン,ジツゲン
する	動詞,自立,*,*,サ変・スル,基本形,する,スル,スル
とき	名詞,非自立,副詞可能,*,*,*,とき,トキ,トキ
，	記号,読点,*,*,*,*,，,，,，
エホバ	名詞,一般,*,*,*,*,エホバ,エホバ,エホバ
が	助詞,格助詞,一般,*,*,*,が,ガ,ガ
真実	名詞,一般,*,*,*,*,真実,シンジツ,シンジツ
に	助詞,格助詞,一般,*,*,*,に,ニ,ニ
遣わさ	動詞,自立,*,*,五段・サ行,未然形,遣わす,ツカワサ,ツカワサ
れ	動詞,接尾,*,*,一段,連用形,れる,レ,レ
た	助動詞,*,*,*,特殊・タ,基本形,た,タ,タ
預言	名詞,サ変接続,*,*,*,*,預言,ヨゲン,ヨゲン
者	名詞,接尾,一般,*,*,*,者,シャ,シャ
は	助詞,係助詞,*,*,*,*,は,ハ,ワ
知ら	動詞,自立,*,*,五段・ラ行,未然形,知る,シラ,シラ
れる	動詞,接尾,*,*,一段,基本形,れる,レル,レル
よう	名詞,非自立,助動詞語幹,*,*,*,よう,ヨウ,ヨー
に	助詞,格助詞,一般,*,*,*,に,ニ,ニ
なり	動詞,自立,*,*,五段・ラ行,連用形,なる,ナリ,ナリ
ます	助動詞,*,*,*,特殊・マス,基本形,ます,マス,マス
」	記号,括弧閉,*,*,*,*,」,」,」
。	記号,句点,*,*,*,*,。,。,。
する	動詞,自立,*,*,サ変・スル,基本形,する,スル,スル
と	助詞,接続助詞,*,*,*,*,と,ト,ト
，	記号,読点,*,*,*,*,，,，,，
預言	名詞,サ変接続,*,*,*,*,預言,ヨゲン,ヨゲン
者	名詞,接尾,一般,*,*,*,者,シャ,シャ
ハナニヤ	名詞,一般,*,*,*,*,*
は	助詞,係助詞,*,*,*,*,は,ハ,ワ
預言	名詞,サ変接続,*,*,*,*,預言,ヨゲン,ヨゲン
者	名詞,接尾,一般,*,*,*,者,シャ,シャ
エレミヤ	名詞,一般,*,*,*,*,*
の	助詞,連体化,*,*,*,*,の,ノ,ノ
首	名詞,一般,*,*,*,*,首,クビ,クビ
からく	形容詞,自立,*,*,形容詞・アウオ段,連用テ接続,からい,カラク,カラク
びき	名詞,接尾,助数詞,*,*,*,びき,ビキ,ビキ
棒	名詞,一般,*,*,*,*,棒,ボウ,ボー
を	助詞,格助詞,一般,*,*,*,を,ヲ,ヲ
取っ	動詞,自立,*,*,五段・ラ行,連用タ接続,取る,トッ,トッ
て	助詞,接続助詞,*,*,*,*,て,テ,テ
，	記号,読点,*,*,*,*,，,，,，
それ	名詞,代名詞,一般,*,*,*,それ,ソレ,ソレ
を	助詞,格助詞,一般,*,*,*,を,ヲ,ヲ
砕い	動詞,自立,*,*,五段・カ行イ音便,連用タ接続,砕く,クダイ,クダイ
た	助動詞,*,*,*,特殊・タ,基本形,た,タ,タ
。	記号,句点,*,*,*,*,。,。,。
そして	接続詞,*,*,*,*,*,そして,ソシテ,ソシテ
，	記号,読点,*,*,*,*,，,，,，
ハナニヤ	名詞,一般,*,*,*,*,*
は	助詞,係助詞,*,*,*,*,は,ハ,ワ
すべて	名詞,副詞可能,*,*,*,*,すべて,スベテ,スベテ
の	助詞,連体化,*,*,*,*,の,ノ,ノ
民	名詞,一般,*,*,*,*,民,ミン,ミン
の	助詞,連体化,*,*,*,*,の,ノ,ノ
目	名詞,一般,*,*,*,*,目,メ,メ
の	助詞,連体化,*,*,*,*,の,ノ,ノ
前	名詞,副詞可能,*,*,*,*,前,マエ,マエ
で	助詞,格助詞,一般,*,*,*,で,デ,デ
言っ	動詞,自立,*,*,五段・ワ行促音便,連用タ接続,言う,イッ,イッ
た	助動詞,*,*,*,特殊・タ,基本形,た,タ,タ
，	記号,読点,*,*,*,*,，,，,，
「	記号,括弧開,*,*,*,*,「,「,「
エホバ	名詞,一般,*,*,*,*,エホバ,エホバ,エホバ
は	助詞,係助詞,*,*,*,*,は,ハ,ワ
この	連体詞,*,*,*,*,*,この,コノ,コノ
よう	名詞,非自立,助動詞語幹,*,*,*,よう,ヨウ,ヨー
に	助詞,副詞化,*,*,*,*,に,ニ,ニ
言わ	動詞,自立,*,*,五段・ワ行促音便,未然形,言う,イワ,イワ
れ	動詞,接尾,*,*,一段,連用形,れる,レ,レ
た	助動詞,*,*,*,特殊・タ,基本形,た,タ,タ
。	記号,句点,*,*,*,*,。,。,。
『	記号,括弧開,*,*,*,*,『,『,『
この	連体詞,*,*,*,*,*,この,コノ,コノ
よう	名詞,非自立,助動詞語幹,*,*,*,よう,ヨウ,ヨー
に	助詞,副詞化,*,*,*,*,に,ニ,ニ
わたし	名詞,代名詞,一般,*,*,*,わたし,ワタシ,ワタシ
は	助詞,係助詞,*,*,*,*,は,ハ,ワ
丸	名詞,一般,*,*,*,*,丸,マル,マル
二	名詞,数,*,*,*,*,二,ニ,ニ
年	名詞,接尾,助数詞,*,*,*,年,ネン,ネン
の	助詞,連体化,*,*,*,*,の,ノ,ノ
内	名詞,非自立,副詞可能,*,*,*,内,ウチ,ウチ
に	助詞,格助詞,一般,*,*,*,に,ニ,ニ
，	記号,読点,*,*,*,*,，,，,，
すべて	名詞,副詞可能,*,*,*,*,すべて,スベテ,スベテ
の	助詞,連体化,*,*,*,*,の,ノ,ノ
国	名詞,一般,*,*,*,*,国,クニ,クニ
の	助詞,連体化,*,*,*,*,の,ノ,ノ
民	名詞,一般,*,*,*,*,民,ミン,ミン
の	助詞,連体化,*,*,*,*,の,ノ,ノ
首	名詞,一般,*,*,*,*,首,クビ,クビ
から	助詞,格助詞,一般,*,*,*,から,カラ,カラ
バビロン	名詞,一般,*,*,*,*,*
の	助詞,連体化,*,*,*,*,の,ノ,ノ
王	名詞,一般,*,*,*,*,王,オウ,オー
ネブカドネザル	名詞,一般,*,*,*,*,*
の	助詞,連体化,*,*,*,*,の,ノ,ノ
く	形容詞,自立,*,*,形容詞・アウオ段,ガル接続,くい,ク,ク
びき	名詞,接尾,助数詞,*,*,*,びき,ビキ,ビキ
を	助詞,格助詞,一般,*,*,*,を,ヲ,ヲ
砕く	動詞,自立,*,*,五段・カ行イ音便,基本形,砕く,クダク,クダク
で	助動詞,*,*,*,特殊・ダ,連用形,だ,デ,デ
あろ	助動詞,*,*,*,五段・ラ行アル,未然ウ接続,ある,アロ,アロ
う	助動詞,*,*,*,不変化型,基本形,う,ウ,ウ
』	記号,括弧閉,*,*,*,*,』,』,』
」	記号,括弧閉,*,*,*,*,」,」,」
。	記号,句点,*,*,*,*,。,。,。
そこで	接続詞,*,*,*,*,*,そこで,ソコデ,ソコデ
，	記号,読点,*,*,*,*,，,，,，
預言	名詞,サ変接続,*,*,*,*,預言,ヨゲン,ヨゲン
者	名詞,接尾,一般,*,*,*,者,シャ,シャ
エレミヤ	名詞,一般,*,*,*,*,*
は	助詞,係助詞,*,*,*,*,は,ハ,ワ
去っ	動詞,自立,*,*,五段・ラ行,連用タ接続,去る,サッ,サッ
て	助詞,接続助詞,*,*,*,*,て,テ,テ
行っ	動詞,非自立,*,*,五段・カ行促音便,連用タ接続,行く,イッ,イッ
た	助動詞,*,*,*,特殊・タ,基本形,た,タ,タ
。	記号,句点,*,*,*,*,。,。,。
そして	接続詞,*,*,*,*,*,そして,ソシテ,ソシテ
，	記号,読点,*,*,*,*,，,，,，
預言	名詞,サ変接続,*,*,*,*,預言,ヨゲン,ヨゲン
者	名詞,接尾,一般,*,*,*,者,シャ,シャ
ハナニヤ	名詞,一般,*,*,*,*,*
が	助詞,格助詞,一般,*,*,*,が,ガ,ガ
預言	名詞,サ変接続,*,*,*,*,預言,ヨゲン,ヨゲン
者	名詞,接尾,一般,*,*,*,者,シャ,シャ
エレミヤ	名詞,一般,*,*,*,*,*
の	助詞,連体化,*,*,*,*,の,ノ,ノ
首	名詞,一般,*,*,*,*,首,クビ,クビ
からく	形容詞,自立,*,*,形容詞・アウオ段,連用テ接続,からい,カラク,カラク
びき	名詞,接尾,助数詞,*,*,*,びき,ビキ,ビキ
棒	名詞,一般,*,*,*,*,棒,ボウ,ボー
を	助詞,格助詞,一般,*,*,*,を,ヲ,ヲ
砕い	動詞,自立,*,*,五段・カ行イ音便,連用タ接続,砕く,クダイ,クダイ
た	助動詞,*,*,*,特殊・タ,基本形,た,タ,タ
後	名詞,非自立,副詞可能,*,*,*,後,ノチ,ノチ
，	記号,読点,*,*,*,*,，,，,，
エホバ	名詞,一般,*,*,*,*,エホバ,エホバ,エホバ
の	助詞,連体化,*,*,*,*,の,ノ,ノ
言葉	名詞,一般,*,*,*,*,言葉,コトバ,コトバ
が	助詞,格助詞,一般,*,*,*,が,ガ,ガ
エレミヤ	名詞,一般,*,*,*,*,*
に	助詞,格助詞,一般,*,*,*,に,ニ,ニ
臨ん	動詞,自立,*,*,五段・マ行,連用タ接続,臨む,ノゾン,ノゾン
で	助詞,接続助詞,*,*,*,*,で,デ,デ
言っ	動詞,自立,*,*,五段・ワ行促音便,連用タ接続,言う,イッ,イッ
た	助動詞,*,*,*,特殊・タ,基本形,た,タ,タ
。	記号,句点,*,*,*,*,。,。,。
「	記号,括弧開,*,*,*,*,「,「,「
行っ	動詞,自立,*,*,五段・ワ行促音便,連用タ接続,行う,オコナッ,オコナッ
て	助詞,接続助詞,*,*,*,*,て,テ,テ
，	記号,読点,*,*,*,*,，,，,，
あなた	名詞,代名詞,一般,*,*,*,あなた,アナタ,アナタ
は	助詞,係助詞,*,*,*,*,は,ハ,ワ
ハナニヤ	名詞,一般,*,*,*,*,*
に	助詞,格助詞,一般,*,*,*,に,ニ,ニ
言わ	動詞,自立,*,*,五段・ワ行促音便,未然形,言う,イワ,イワ
なけれ	助動詞,*,*,*,特殊・ナイ,仮定形,ない,ナケレ,ナケレ
ば	助詞,接続助詞,*,*,*,*,ば,バ,バ
なら	動詞,非自立,*,*,五段・ラ行,未然形,なる,ナラ,ナラ
ない	助動詞,*,*,*,特殊・ナイ,基本形,ない,ナイ,ナイ
，	記号,読点,*,*,*,*,，,，,，
『	記号,括弧開,*,*,*,*,『,『,『
エホバ	名詞,一般,*,*,*,*,エホバ,エホバ,エホバ
は	助詞,係助詞,*,*,*,*,は,ハ,ワ
この	連体詞,*,*,*,*,*,この,コノ,コノ
よう	名詞,非自立,助動詞語幹,*,*,*,よう,ヨウ,ヨー
に	助詞,副詞化,*,*,*,*,に,ニ,ニ
言わ	動詞,自立,*,*,五段・ワ行促音便,未然形,言う,イワ,イワ
れ	動詞,接尾,*,*,一段,連用形,れる,レ,レ
た	助動詞,*,*,*,特殊・タ,基本形,た,タ,タ
。	記号,句点,*,*,*,*,。,。,。
「	記号,括弧開,*,*,*,*,「,「,「
あなた	名詞,代名詞,一般,*,*,*,あなた,アナタ,アナタ
は	助詞,係助詞,*,*,*,*,は,ハ,ワ
木	名詞,一般,*,*,*,*,木,キ,キ
の	助詞,連体化,*,*,*,*,の,ノ,ノ
く	形容詞,自立,*,*,形容詞・アウオ段,ガル接続,くい,ク,ク
びき	名詞,接尾,助数詞,*,*,*,びき,ビキ,ビキ
棒	名詞,一般,*,*,*,*,棒,ボウ,ボー
を	助詞,格助詞,一般,*,*,*,を,ヲ,ヲ
砕い	動詞,自立,*,*,五段・カ行イ音便,連用タ接続,砕く,クダイ,クダイ
た	助動詞,*,*,*,特殊・タ,基本形,た,タ,タ
が	助詞,接続助詞,*,*,*,*,が,ガ,ガ
，	記号,読点,*,*,*,*,，,，,，
その	連体詞,*,*,*,*,*,その,ソノ,ソノ
代わり	名詞,一般,*,*,*,*,代わり,カワリ,カワリ
に	助詞,格助詞,一般,*,*,*,に,ニ,ニ
鉄	名詞,一般,*,*,*,*,鉄,テツ,テツ
の	助詞,連体化,*,*,*,*,の,ノ,ノ
く	形容詞,自立,*,*,形容詞・アウオ段,ガル接続,くい,ク,ク
びき	名詞,接尾,助数詞,*,*,*,びき,ビキ,ビキ
棒	名詞,一般,*,*,*,*,棒,ボウ,ボー
を	助詞,格助詞,一般,*,*,*,を,ヲ,ヲ
作ら	動詞,自立,*,*,五段・ラ行,未然形,作る,ツクラ,ツクラ
なけれ	助動詞,*,*,*,特殊・ナイ,仮定形,ない,ナケレ,ナケレ
ば	助詞,接続助詞,*,*,*,*,ば,バ,バ
なら	動詞,非自立,*,*,五段・ラ行,未然形,なる,ナラ,ナラ
なく	助動詞,*,*,*,特殊・ナイ,連用テ接続,ない,ナク,ナク
なる	動詞,自立,*,*,五段・ラ行,基本形,なる,ナル,ナル
」	記号,括弧閉,*,*,*,*,」,」,」
。	記号,句点,*,*,*,*,。,。,。
イスラエル	名詞,固有名詞,地域,国,*,*,イスラエル,イスラエル,イスラエル
の	助詞,連体化,*,*,*,*,の,ノ,ノ
神	名詞,一般,*,*,*,*,神,カミ,カミ
，	名詞,数,*,*,*,*,，,，,，
万	名詞,数,*,*,*,*,万,マン,マン
軍	名詞,接尾,一般,*,*,*,軍,グン,グン
の	助詞,連体化,*,*,*,*,の,ノ,ノ
エホバ	名詞,一般,*,*,*,*,エホバ,エホバ,エホバ
は	助詞,係助詞,*,*,*,*,は,ハ,ワ
この	連体詞,*,*,*,*,*,この,コノ,コノ
よう	名詞,非自立,助動詞語幹,*,*,*,よう,ヨウ,ヨー
に	助詞,副詞化,*,*,*,*,に,ニ,ニ
言わ	動詞,自立,*,*,五段・ワ行促音便,未然形,言う,イワ,イワ
れ	動詞,接尾,*,*,一段,連用形,れる,レ,レ
た	助動詞,*,*,*,特殊・タ,基本形,た,タ,タ
から	助詞,接続助詞,*,*,*,*,から,カラ,カラ
で	助動詞,*,*,*,特殊・ダ,連用形,だ,デ,デ
ある	助動詞,*,*,*,五段・ラ行アル,基本形,ある,アル,アル
。	記号,句点,*,*,*,*,。,。,。
「	記号,括弧開,*,*,*,*,「,「,「
わたし	名詞,代名詞,一般,*,*,*,わたし,ワタシ,ワタシ
は	助詞,係助詞,*,*,*,*,は,ハ,ワ
これら	名詞,代名詞,一般,*,*,*,これら,コレラ,コレラ
すべて	名詞,副詞可能,*,*,*,*,すべて,スベテ,スベテ
の	助詞,連体化,*,*,*,*,の,ノ,ノ
国	名詞,一般,*,*,*,*,国,クニ,クニ
の	助詞,連体化,*,*,*,*,の,ノ,ノ
民	名詞,一般,*,*,*,*,民,ミン,ミン
の	助詞,連体化,*,*,*,*,の,ノ,ノ
上	名詞,非自立,副詞可能,*,*,*,上,ウエ,ウエ
に	助詞,格助詞,一般,*,*,*,に,ニ,ニ
鉄	名詞,一般,*,*,*,*,鉄,テツ,テツ
の	助詞,連体化,*,*,*,*,の,ノ,ノ
く	形容詞,自立,*,*,形容詞・アウオ段,ガル接続,くい,ク,ク
びき	名詞,接尾,助数詞,*,*,*,びき,ビキ,ビキ
を	助詞,格助詞,一般,*,*,*,を,ヲ,ヲ
置い	動詞,自立,*,*,五段・カ行イ音便,連用タ接続,置く,オイ,オイ
て	助詞,接続助詞,*,*,*,*,て,テ,テ
，	記号,読点,*,*,*,*,，,，,，
バビロン	名詞,一般,*,*,*,*,*
の	助詞,連体化,*,*,*,*,の,ノ,ノ
王	名詞,一般,*,*,*,*,王,オウ,オー
ネブカドネザル	名詞,一般,*,*,*,*,*
に	助詞,格助詞,一般,*,*,*,に,ニ,ニ
仕え	動詞,自立,*,*,一段,未然形,仕える,ツカエ,ツカエ
させる	動詞,接尾,*,*,一段,基本形,させる,サセル,サセル
。	記号,句点,*,*,*,*,。,。,。
彼ら	名詞,代名詞,一般,*,*,*,彼ら,カレラ,カレラ
は	助詞,係助詞,*,*,*,*,は,ハ,ワ
これ	名詞,代名詞,一般,*,*,*,これ,コレ,コレ
に	助詞,格助詞,一般,*,*,*,に,ニ,ニ
仕え	動詞,自立,*,*,一段,未然形,仕える,ツカエ,ツカエ
なけれ	助動詞,*,*,*,特殊・ナイ,仮定形,ない,ナケレ,ナケレ
ば	助詞,接続助詞,*,*,*,*,ば,バ,バ
なら	動詞,非自立,*,*,五段・ラ行,未然形,なる,ナラ,ナラ
ない	助動詞,*,*,*,特殊・ナイ,基本形,ない,ナイ,ナイ
。	記号,句点,*,*,*,*,。,。,。
また	接続詞,*,*,*,*,*,また,マタ,マタ
，	記号,読点,*,*,*,*,，,，,，
野	名詞,一般,*,*,*,*,野,ノ,ノ
の	助詞,連体化,*,*,*,*,の,ノ,ノ
野獣	名詞,一般,*,*,*,*,野獣,ヤジュウ,ヤジュー
を	助詞,格助詞,一般,*,*,*,を,ヲ,ヲ
も	助詞,係助詞,*,*,*,*,も,モ,モ
わたし	名詞,代名詞,一般,*,*,*,わたし,ワタシ,ワタシ
は	助詞,係助詞,*,*,*,*,は,ハ,ワ
彼	名詞,代名詞,一般,*,*,*,彼,カレ,カレ
に	助詞,格助詞,一般,*,*,*,に,ニ,ニ
与えよ	動詞,自立,*,*,一段,未然ウ接続,与える,アタエヨ,アタエヨ
う	助動詞,*,*,*,不変化型,基本形,う,ウ,ウ
」	記号,括弧閉,*,*,*,*,」,」,」
』	記号,括弧閉,*,*,*,*,』,』,』
」	記号,括弧閉,*,*,*,*,」,」,」
。	記号,句点,*,*,*,*,。,。,。
そして	接続詞,*,*,*,*,*,そして,ソシテ,ソシテ
，	記号,読点,*,*,*,*,，,，,，
預言	名詞,サ変接続,*,*,*,*,預言,ヨゲン,ヨゲン
者	名詞,接尾,一般,*,*,*,者,シャ,シャ
エレミヤ	名詞,一般,*,*,*,*,*
は	助詞,係助詞,*,*,*,*,は,ハ,ワ
続け	動詞,自立,*,*,一段,連用形,続ける,ツヅケ,ツズケ
て	助詞,接続助詞,*,*,*,*,て,テ,テ
預言	名詞,サ変接続,*,*,*,*,預言,ヨゲン,ヨゲン
者	名詞,接尾,一般,*,*,*,者,シャ,シャ
ハナニヤ	名詞,一般,*,*,*,*,*
に	助詞,格助詞,一般,*,*,*,に,ニ,ニ
言っ	動詞,自立,*,*,五段・ワ行促音便,連用タ接続,言う,イッ,イッ
た	助動詞,*,*,*,特殊・タ,基本形,た,タ,タ
，	記号,読点,*,*,*,*,，,，,，
「	記号,括弧開,*,*,*,*,「,「,「
ハナニヤ	名詞,一般,*,*,*,*,*
よ	助詞,終助詞,*,*,*,*,よ,ヨ,ヨ
，	記号,読点,*,*,*,*,，,，,，
どう	副詞,助詞類接続,*,*,*,*,どう,ドウ,ドー
か	助詞,副助詞／並立助詞／終助詞,*,*,*,*,か,カ,カ
，	記号,読点,*,*,*,*,，,，,，
聴い	動詞,自立,*,*,五段・カ行イ音便,連用タ接続,聴く,キイ,キイ
て	助詞,接続助詞,*,*,*,*,て,テ,テ
ください	動詞,非自立,*,*,五段・ラ行特殊,命令ｉ,くださる,クダサイ,クダサイ
！	記号,一般,*,*,*,*,！,！,！
エホバ	名詞,一般,*,*,*,*,エホバ,エホバ,エホバ
は	助詞,係助詞,*,*,*,*,は,ハ,ワ
あなた	名詞,代名詞,一般,*,*,*,あなた,アナタ,アナタ
を	助詞,格助詞,一般,*,*,*,を,ヲ,ヲ
遣わさ	動詞,自立,*,*,五段・サ行,未然形,遣わす,ツカワサ,ツカワサ
れ	動詞,接尾,*,*,一段,連用形,れる,レ,レ
ませ	助動詞,*,*,*,特殊・マス,未然形,ます,マセ,マセ
ん	助動詞,*,*,*,不変化型,基本形,ん,ン,ン
でし	助動詞,*,*,*,特殊・デス,連用形,です,デシ,デシ
た	助動詞,*,*,*,特殊・タ,基本形,た,タ,タ
。	記号,句点,*,*,*,*,。,。,。
それなのに	接続詞,*,*,*,*,*,それなのに,ソレナノニ,ソレナノニ
，	記号,読点,*,*,*,*,，,，,，
あなた	名詞,代名詞,一般,*,*,*,あなた,アナタ,アナタ
は	助詞,係助詞,*,*,*,*,は,ハ,ワ
この	連体詞,*,*,*,*,*,この,コノ,コノ
民	名詞,一般,*,*,*,*,民,ミン,ミン
を	助詞,格助詞,一般,*,*,*,を,ヲ,ヲ
偽り	名詞,一般,*,*,*,*,偽り,イツワリ,イツワリ
に	助詞,格助詞,一般,*,*,*,に,ニ,ニ
頼ら	動詞,自立,*,*,五段・ラ行,未然形,頼る,タヨラ,タヨラ
せ	動詞,接尾,*,*,一段,連用形,せる,セ,セ
た	助動詞,*,*,*,特殊・タ,基本形,た,タ,タ
の	名詞,非自立,一般,*,*,*,の,ノ,ノ
です	助動詞,*,*,*,特殊・デス,基本形,です,デス,デス
。	記号,句点,*,*,*,*,。,。,。
それ	名詞,代名詞,一般,*,*,*,それ,ソレ,ソレ
ゆえ	名詞,接尾,一般,*,*,*,ゆえ,ユエ,ユエ
，	記号,読点,*,*,*,*,，,，,，
エホバ	名詞,一般,*,*,*,*,エホバ,エホバ,エホバ
は	助詞,係助詞,*,*,*,*,は,ハ,ワ
この	連体詞,*,*,*,*,*,この,コノ,コノ
よう	名詞,非自立,助動詞語幹,*,*,*,よう,ヨウ,ヨー
に	助詞,副詞化,*,*,*,*,に,ニ,ニ
言わ	動詞,自立,*,*,五段・ワ行促音便,未然形,言う,イワ,イワ
れ	動詞,接尾,*,*,一段,連用形,れる,レ,レ
まし	助動詞,*,*,*,特殊・マス,連用形,ます,マシ,マシ
た	助動詞,*,*,*,特殊・タ,基本形,た,タ,タ
。	記号,句点,*,*,*,*,。,。,。
『	記号,括弧開,*,*,*,*,『,『,『
見よ	動詞,自立,*,*,一段,命令ｙｏ,見る,ミヨ,ミヨ
，	記号,読点,*,*,*,*,，,，,，
わたし	名詞,代名詞,一般,*,*,*,わたし,ワタシ,ワタシ
は	助詞,係助詞,*,*,*,*,は,ハ,ワ
あなた	名詞,代名詞,一般,*,*,*,あなた,アナタ,アナタ
を	助詞,格助詞,一般,*,*,*,を,ヲ,ヲ
地	名詞,一般,*,*,*,*,地,チ,チ
の	助詞,連体化,*,*,*,*,の,ノ,ノ
表	名詞,一般,*,*,*,*,表,ヒョウ,ヒョー
から	助詞,格助詞,一般,*,*,*,から,カラ,カラ
追い払う	動詞,自立,*,*,五段・ワ行促音便,基本形,追い払う,オイハラウ,オイハラウ
。	記号,句点,*,*,*,*,。,。,。
あなた	名詞,代名詞,一般,*,*,*,あなた,アナタ,アナタ
は	助詞,係助詞,*,*,*,*,は,ハ,ワ
，	記号,読点,*,*,*,*,，,，,，
今年	名詞,副詞可能,*,*,*,*,今年,コトシ,コトシ
必ず	副詞,助詞類接続,*,*,*,*,必ず,カナラズ,カナラズ
死ぬ	動詞,自立,*,*,五段・ナ行,基本形,死ぬ,シヌ,シヌ
。	記号,句点,*,*,*,*,。,。,。
あなた	名詞,代名詞,一般,*,*,*,あなた,アナタ,アナタ
は	助詞,係助詞,*,*,*,*,は,ハ,ワ
エホバ	名詞,一般,*,*,*,*,エホバ,エホバ,エホバ
に対して	助詞,格助詞,連語,*,*,*,に対して,ニタイシテ,ニタイシテ
あからさま	名詞,形容動詞語幹,*,*,*,*,あからさま,アカラサマ,アカラサマ
な	助動詞,*,*,*,特殊・ダ,体言接続,だ,ナ,ナ
反逆	名詞,サ変接続,*,*,*,*,反逆,ハンギャク,ハンギャク
を	助詞,格助詞,一般,*,*,*,を,ヲ,ヲ
語っ	動詞,自立,*,*,五段・ラ行,連用タ接続,語る,カタッ,カタッ
た	助動詞,*,*,*,特殊・タ,基本形,た,タ,タ
から	助詞,接続助詞,*,*,*,*,から,カラ,カラ
で	助動詞,*,*,*,特殊・ダ,連用形,だ,デ,デ
ある	助動詞,*,*,*,五段・ラ行アル,基本形,ある,アル,アル
』	記号,括弧閉,*,*,*,*,』,』,』
」	記号,括弧閉,*,*,*,*,」,」,」
。	記号,句点,*,*,*,*,。,。,。
こうして	接続詞,*,*,*,*,*,こうして,コウシテ,コーシテ
，	記号,読点,*,*,*,*,，,，,，
預言	名詞,サ変接続,*,*,*,*,預言,ヨゲン,ヨゲン
者	名詞,接尾,一般,*,*,*,者,シャ,シャ
ハナニヤ	名詞,一般,*,*,*,*,*
は	助詞,係助詞,*,*,*,*,は,ハ,ワ
その	連体詞,*,*,*,*,*,その,ソノ,ソノ
年	名詞,一般,*,*,*,*,年,トシ,トシ
の	助詞,連体化,*,*,*,*,の,ノ,ノ
第	接頭詞,数接続,*,*,*,*,第,ダイ,ダイ
七	名詞,数,*,*,*,*,七,ナナ,ナナ
の	助詞,連体化,*,*,*,*,の,ノ,ノ
月	名詞,一般,*,*,*,*,月,ツキ,ツキ
に	助詞,格助詞,一般,*,*,*,に,ニ,ニ
死ん	動詞,自立,*,*,五段・ナ行,連用タ接続,死ぬ,シン,シン
だ	助動詞,*,*,*,特殊・タ,基本形,だ,ダ,ダ
。	記号,句点,*,*,*,*,。,。,。
EOS
