わたし	名詞,代名詞,一般,*,*,*,わたし,ワタシ,ワタシ
の	助詞,連体化,*,*,*,*,の,ノ,ノ
岩	名詞,一般,*,*,*,*,岩,イワ,イワ
エホバ	名詞,一般,*,*,*,*,エホバ,エホバ,エホバ
が	助詞,格助詞,一般,*,*,*,が,ガ,ガ
ほめ	動詞,自立,*,*,一段,連用形,ほめる,ホメ,ホメ
た	助動詞,*,*,*,特殊・タ,基本形,た,タ,タ
たえ	動詞,自立,*,*,一段,未然形,たえる,タエ,タエ
られる	動詞,接尾,*,*,一段,基本形,られる,ラレル,ラレル
よう	名詞,非自立,助動詞語幹,*,*,*,よう,ヨウ,ヨー
に	助詞,格助詞,一般,*,*,*,に,ニ,ニ
。	記号,句点,*,*,*,*,。,。,。
 	記号,一般,*,*,*,*,*
わたし	名詞,代名詞,一般,*,*,*,わたし,ワタシ,ワタシ
の	助詞,連体化,*,*,*,*,の,ノ,ノ
愛	名詞,一般,*,*,*,*,愛,アイ,アイ
ある	動詞,自立,*,*,五段・ラ行,基本形,ある,アル,アル
親切	名詞,形容動詞語幹,*,*,*,*,親切,シンセツ,シンセツ
，	記号,読点,*,*,*,*,，,，,，
わたし	名詞,代名詞,一般,*,*,*,わたし,ワタシ,ワタシ
の	助詞,連体化,*,*,*,*,の,ノ,ノ
とりで	名詞,一般,*,*,*,*,とりで,トリデ,トリデ
，	記号,読点,*,*,*,*,，,，,，
 	記号,一般,*,*,*,*,*
エホバ	名詞,一般,*,*,*,*,エホバ,エホバ,エホバ
よ	助詞,終助詞,*,*,*,*,よ,ヨ,ヨ
，	名詞,数,*,*,*,*,，,，,，
人	名詞,接尾,助数詞,*,*,*,人,ニン,ニン
は	助詞,係助詞,*,*,*,*,は,ハ,ワ
何者	名詞,一般,*,*,*,*,何者,ナニモノ,ナニモノ
な	助動詞,*,*,*,特殊・ダ,体言接続,だ,ナ,ナ
ので	助詞,接続助詞,*,*,*,*,ので,ノデ,ノデ
あなた	名詞,代名詞,一般,*,*,*,あなた,アナタ,アナタ
は	助詞,係助詞,*,*,*,*,は,ハ,ワ
これ	名詞,代名詞,一般,*,*,*,これ,コレ,コレ
に	助詞,格助詞,一般,*,*,*,に,ニ,ニ
注目	名詞,サ変接続,*,*,*,*,注目,チュウモク,チューモク
なさる	動詞,自立,*,*,五段・ラ行特殊,基本形,なさる,ナサル,ナサル
の	名詞,非自立,一般,*,*,*,の,ノ,ノ
です	助動詞,*,*,*,特殊・デス,基本形,です,デス,デス
か	助詞,副助詞／並立助詞／終助詞,*,*,*,*,か,カ,カ
。	記号,句点,*,*,*,*,。,。,。
 	記号,一般,*,*,*,*,*
人	名詞,一般,*,*,*,*,人,ヒト,ヒト
は	助詞,係助詞,*,*,*,*,は,ハ,ワ
ただ	名詞,一般,*,*,*,*,ただ,タダ,タダ
の	助詞,連体化,*,*,*,*,の,ノ,ノ
呼気	名詞,一般,*,*,*,*,呼気,コキ,コキ
に	助詞,格助詞,一般,*,*,*,に,ニ,ニ
似	動詞,自立,*,*,一段,連用形,似る,ニ,ニ
て	助詞,接続助詞,*,*,*,*,て,テ,テ
おり	動詞,非自立,*,*,五段・ラ行,連用形,おる,オリ,オリ
，	記号,読点,*,*,*,*,，,，,，
 	記号,一般,*,*,*,*,*
エホバ	名詞,一般,*,*,*,*,エホバ,エホバ,エホバ
よ	助詞,終助詞,*,*,*,*,よ,ヨ,ヨ
，	記号,読点,*,*,*,*,，,，,，
その	連体詞,*,*,*,*,*,その,ソノ,ソノ
天	名詞,一般,*,*,*,*,天,テン,テン
を	助詞,格助詞,一般,*,*,*,を,ヲ,ヲ
押し	動詞,自立,*,*,五段・サ行,連用形,押す,オシ,オシ
曲げ	動詞,自立,*,*,一段,連用形,曲げる,マゲ,マゲ
て	助詞,接続助詞,*,*,*,*,て,テ,テ
，	記号,読点,*,*,*,*,，,，,，
降り	動詞,自立,*,*,一段,連用形,降りる,オリ,オリ
て	助詞,接続助詞,*,*,*,*,て,テ,テ
来	動詞,非自立,*,*,カ変・来ル,連用形,来る,キ,キ
て	助詞,接続助詞,*,*,*,*,て,テ,テ
ください	動詞,非自立,*,*,五段・ラ行特殊,命令ｉ,くださる,クダサイ,クダサイ
。	記号,句点,*,*,*,*,。,。,。
 	記号,一般,*,*,*,*,*
稲妻	名詞,一般,*,*,*,*,稲妻,イナヅマ,イナズマ
を	助詞,格助詞,一般,*,*,*,を,ヲ,ヲ
ひらめかし	動詞,自立,*,*,五段・サ行,連用形,ひらめかす,ヒラメカシ,ヒラメカシ
て	助詞,接続助詞,*,*,*,*,て,テ,テ
，	記号,読点,*,*,*,*,，,，,，
彼ら	名詞,代名詞,一般,*,*,*,彼ら,カレラ,カレラ
を	助詞,格助詞,一般,*,*,*,を,ヲ,ヲ
散らし	動詞,自立,*,*,五段・サ行,連用形,散らす,チラシ,チラシ
て	助詞,接続助詞,*,*,*,*,て,テ,テ
ください	動詞,非自立,*,*,五段・ラ行特殊,命令ｉ,くださる,クダサイ,クダサイ
。	記号,句点,*,*,*,*,。,。,。
 	記号,一般,*,*,*,*,*
高み	名詞,一般,*,*,*,*,高み,タカミ,タカミ
から	助詞,格助詞,一般,*,*,*,から,カラ,カラ
み	接頭詞,名詞接続,*,*,*,*,み,ミ,ミ
手	名詞,一般,*,*,*,*,手,テ,テ
を	助詞,格助詞,一般,*,*,*,を,ヲ,ヲ
突き出し	動詞,自立,*,*,五段・サ行,連用形,突き出す,ツキダシ,ツキダシ
て	助詞,接続助詞,*,*,*,*,て,テ,テ
ください	動詞,非自立,*,*,五段・ラ行特殊,命令ｉ,くださる,クダサイ,クダサイ
。	記号,句点,*,*,*,*,。,。,。
 	記号,一般,*,*,*,*,*
彼ら	名詞,代名詞,一般,*,*,*,彼ら,カレラ,カレラ
の	助詞,連体化,*,*,*,*,の,ノ,ノ
口	名詞,一般,*,*,*,*,口,クチ,クチ
は	助詞,係助詞,*,*,*,*,は,ハ,ワ
不	接頭詞,名詞接続,*,*,*,*,不,フ,フ
真実	名詞,一般,*,*,*,*,真実,シンジツ,シンジツ
を	助詞,格助詞,一般,*,*,*,を,ヲ,ヲ
語り	動詞,自立,*,*,五段・ラ行,連用形,語る,カタリ,カタリ
まし	助動詞,*,*,*,特殊・マス,連用形,ます,マシ,マシ
た	助動詞,*,*,*,特殊・タ,基本形,た,タ,タ
。	記号,句点,*,*,*,*,。,。,。
 	記号,一般,*,*,*,*,*
神	名詞,一般,*,*,*,*,神,カミ,カミ
よ	助詞,終助詞,*,*,*,*,よ,ヨ,ヨ
，	記号,読点,*,*,*,*,，,，,，
わたし	名詞,代名詞,一般,*,*,*,わたし,ワタシ,ワタシ
は	助詞,係助詞,*,*,*,*,は,ハ,ワ
新しい	形容詞,自立,*,*,形容詞・イ段,基本形,新しい,アタラシイ,アタラシイ
歌	名詞,一般,*,*,*,*,歌,ウタ,ウタ
を	助詞,格助詞,一般,*,*,*,を,ヲ,ヲ
あなた	名詞,代名詞,一般,*,*,*,あなた,アナタ,アナタ
に	助詞,格助詞,一般,*,*,*,に,ニ,ニ
歌い	動詞,自立,*,*,五段・ワ行促音便,連用形,歌う,ウタイ,ウタイ
ます	助動詞,*,*,*,特殊・マス,基本形,ます,マス,マス
。	記号,句点,*,*,*,*,。,。,。
王	名詞,一般,*,*,*,*,王,オウ,オー
たち	名詞,接尾,一般,*,*,*,たち,タチ,タチ
に	助詞,格助詞,一般,*,*,*,に,ニ,ニ
救い	名詞,一般,*,*,*,*,救い,スクイ,スクイ
を	助詞,格助詞,一般,*,*,*,を,ヲ,ヲ
お	接頭詞,名詞接続,*,*,*,*,お,オ,オ
与え	動詞,自立,*,*,一段,連用形,与える,アタエ,アタエ
に	助詞,格助詞,一般,*,*,*,に,ニ,ニ
なる	動詞,自立,*,*,五段・ラ行,基本形,なる,ナル,ナル
方	名詞,接尾,特殊,*,*,*,方,カタ,カタ
，	記号,読点,*,*,*,*,，,，,，
異国	名詞,一般,*,*,*,*,異国,イコク,イコク
の	助詞,連体化,*,*,*,*,の,ノ,ノ
者	名詞,一般,*,*,*,*,者,モノ,モノ
たち	名詞,接尾,一般,*,*,*,たち,タチ,タチ
の	助詞,連体化,*,*,*,*,の,ノ,ノ
手	名詞,一般,*,*,*,*,手,テ,テ
から	助詞,格助詞,一般,*,*,*,から,カラ,カラ
わたし	名詞,代名詞,一般,*,*,*,わたし,ワタシ,ワタシ
を	助詞,格助詞,一般,*,*,*,を,ヲ,ヲ
自由	名詞,形容動詞語幹,*,*,*,*,自由,ジユウ,ジユー
に	助詞,格助詞,一般,*,*,*,に,ニ,ニ
し	動詞,自立,*,*,サ変・スル,連用形,する,シ,シ
，	記号,読点,*,*,*,*,，,，,，
救い出し	動詞,自立,*,*,五段・サ行,連用形,救い出す,スクイダシ,スクイダシ
て	助詞,接続助詞,*,*,*,*,て,テ,テ
ください	動詞,非自立,*,*,五段・ラ行特殊,命令ｉ,くださる,クダサイ,クダサイ
。	記号,句点,*,*,*,*,。,。,。
彼ら	名詞,代名詞,一般,*,*,*,彼ら,カレラ,カレラ
は	助詞,係助詞,*,*,*,*,は,ハ,ワ
[	名詞,サ変接続,*,*,*,*,*
言い	動詞,自立,*,*,五段・ワ行促音便,連用形,言う,イイ,イイ
ます	助動詞,*,*,*,特殊・マス,基本形,ます,マス,マス
]，「	名詞,サ変接続,*,*,*,*,*
我々	名詞,代名詞,一般,*,*,*,我々,ワレワレ,ワレワレ
の	助詞,連体化,*,*,*,*,の,ノ,ノ
息子	名詞,一般,*,*,*,*,息子,ムスコ,ムスコ
たち	名詞,接尾,一般,*,*,*,たち,タチ,タチ
は	助詞,係助詞,*,*,*,*,は,ハ,ワ
，	記号,読点,*,*,*,*,，,，,，
その	連体詞,*,*,*,*,*,その,ソノ,ソノ
若い	形容詞,自立,*,*,形容詞・アウオ段,基本形,若い,ワカイ,ワカイ
とき	名詞,非自立,副詞可能,*,*,*,とき,トキ,トキ
に	助詞,格助詞,一般,*,*,*,に,ニ,ニ
成長	名詞,サ変接続,*,*,*,*,成長,セイチョウ,セイチョー
し	動詞,自立,*,*,サ変・スル,連用形,する,シ,シ
た	助動詞,*,*,*,特殊・タ,基本形,た,タ,タ
小さな	連体詞,*,*,*,*,*,小さな,チイサナ,チーサナ
植物	名詞,一般,*,*,*,*,植物,ショクブツ,ショクブツ
の	助詞,連体化,*,*,*,*,の,ノ,ノ
よう	名詞,非自立,助動詞語幹,*,*,*,よう,ヨウ,ヨー
だ	助動詞,*,*,*,特殊・ダ,基本形,だ,ダ,ダ
。	記号,句点,*,*,*,*,。,。,。
我々	名詞,代名詞,一般,*,*,*,我々,ワレワレ,ワレワレ
の	助詞,連体化,*,*,*,*,の,ノ,ノ
穀倉	名詞,一般,*,*,*,*,穀倉,コクソウ,コクソー
は	助詞,係助詞,*,*,*,*,は,ハ,ワ
満ち	動詞,自立,*,*,一段,連用形,満ちる,ミチ,ミチ
，	記号,読点,*,*,*,*,，,，,，
種々	名詞,一般,*,*,*,*,種々,シュジュ,シュジュ
の	助詞,連体化,*,*,*,*,の,ノ,ノ
産物	名詞,一般,*,*,*,*,産物,サンブツ,サンブツ
を	助詞,格助詞,一般,*,*,*,を,ヲ,ヲ
供給	名詞,サ変接続,*,*,*,*,供給,キョウキュウ,キョーキュー
し	動詞,自立,*,*,サ変・スル,連用形,する,シ,シ
，	記号,読点,*,*,*,*,，,，,，
我々	名詞,代名詞,一般,*,*,*,我々,ワレワレ,ワレワレ
の	助詞,連体化,*,*,*,*,の,ノ,ノ
牛	名詞,一般,*,*,*,*,牛,ウシ,ウシ
は	助詞,係助詞,*,*,*,*,は,ハ,ワ
よく	副詞,一般,*,*,*,*,よく,ヨク,ヨク
はらみ	動詞,自立,*,*,五段・マ行,連用形,はらむ,ハラミ,ハラミ
，	記号,読点,*,*,*,*,，,，,，
裂傷	名詞,一般,*,*,*,*,裂傷,レッショウ,レッショー
も	助詞,係助詞,*,*,*,*,も,モ,モ
なけれ	助動詞,*,*,*,特殊・ナイ,仮定形,ない,ナケレ,ナケレ
ば	助詞,接続助詞,*,*,*,*,ば,バ,バ
流産	名詞,サ変接続,*,*,*,*,流産,リュウザン,リューザン
も	助詞,係助詞,*,*,*,*,も,モ,モ
なく	形容詞,自立,*,*,形容詞・アウオ段,連用テ接続,ない,ナク,ナク
，	記号,読点,*,*,*,*,，,，,，
[	名詞,サ変接続,*,*,*,*,*
この	連体詞,*,*,*,*,*,この,コノ,コノ
]	名詞,サ変接続,*,*,*,*,*
よう	名詞,接尾,一般,*,*,*,よう,ヨウ,ヨー
に	助詞,格助詞,一般,*,*,*,に,ニ,ニ
なる	動詞,自立,*,*,五段・ラ行,基本形,なる,ナル,ナル
民	名詞,一般,*,*,*,*,民,ミン,ミン
は	助詞,係助詞,*,*,*,*,は,ハ,ワ
幸い	名詞,形容動詞語幹,*,*,*,*,幸い,サイワイ,サイワイ
だ	助動詞,*,*,*,特殊・ダ,基本形,だ,ダ,ダ
！	記号,一般,*,*,*,*,！,！,！
」	記号,括弧閉,*,*,*,*,」,」,」
EOS
