あなた	名詞,代名詞,一般,*,*,*,あなた,アナタ,アナタ
方	名詞,接尾,一般,*,*,*,方,カタ,カタ
は	助詞,係助詞,*,*,*,*,は,ハ,ワ
ヤハ	名詞,一般,*,*,*,*,*
を	助詞,格助詞,一般,*,*,*,を,ヲ,ヲ
賛美	名詞,サ変接続,*,*,*,*,賛美,サンビ,サンビ
せよ	動詞,自立,*,*,サ変・スル,命令ｙｏ,する,セヨ,セヨ
。	記号,句点,*,*,*,*,。,。,。
 	記号,一般,*,*,*,*,*
エホバ	名詞,一般,*,*,*,*,エホバ,エホバ,エホバ
は	助詞,係助詞,*,*,*,*,は,ハ,ワ
エルサレム	名詞,固有名詞,地域,一般,*,*,エルサレム,エルサレム,エルサレム
を	助詞,格助詞,一般,*,*,*,を,ヲ,ヲ
建て	動詞,自立,*,*,一段,連用形,建てる,タテ,タテ
て	助詞,接続助詞,*,*,*,*,て,テ,テ
おら	動詞,自立,*,*,五段・ラ行,未然形,おる,オラ,オラ
れ	動詞,接尾,*,*,一段,連用形,れる,レ,レ
，	記号,読点,*,*,*,*,，,，,，
 	記号,一般,*,*,*,*,*
[	名詞,サ変接続,*,*,*,*,*
神	名詞,接尾,一般,*,*,*,神,シン,シン
]	名詞,サ変接続,*,*,*,*,*
は	助詞,係助詞,*,*,*,*,は,ハ,ワ
心	名詞,一般,*,*,*,*,心,ココロ,ココロ
の	助詞,格助詞,一般,*,*,*,の,ノ,ノ
打ち砕か	動詞,自立,*,*,五段・カ行イ音便,未然形,打ち砕く,ウチクダカ,ウチクダカ
れ	動詞,接尾,*,*,一段,連用形,れる,レ,レ
た	助動詞,*,*,*,特殊・タ,基本形,た,タ,タ
者	名詞,非自立,一般,*,*,*,者,モノ,モノ
を	助詞,格助詞,一般,*,*,*,を,ヲ,ヲ
いやし	動詞,自立,*,*,五段・サ行,連用形,いやす,イヤシ,イヤシ
，	記号,読点,*,*,*,*,，,，,，
 	記号,一般,*,*,*,*,*
[	名詞,サ変接続,*,*,*,*,*
神	名詞,接尾,一般,*,*,*,神,シン,シン
]	名詞,サ変接続,*,*,*,*,*
は	助詞,係助詞,*,*,*,*,は,ハ,ワ
星	名詞,一般,*,*,*,*,星,ホシ,ホシ
の	助詞,連体化,*,*,*,*,の,ノ,ノ
数	名詞,一般,*,*,*,*,数,カズ,カズ
を	助詞,格助詞,一般,*,*,*,を,ヲ,ヲ
数え	動詞,自立,*,*,一段,連用形,数える,カゾエ,カゾエ
て	助詞,接続助詞,*,*,*,*,て,テ,テ
おら	動詞,自立,*,*,五段・ラ行,未然形,おる,オラ,オラ
れ	動詞,接尾,*,*,一段,連用形,れる,レ,レ
，	記号,読点,*,*,*,*,，,，,，
 	記号,一般,*,*,*,*,*
わたし	名詞,代名詞,一般,*,*,*,わたし,ワタシ,ワタシ
たち	名詞,接尾,一般,*,*,*,たち,タチ,タチ
の	助詞,連体化,*,*,*,*,の,ノ,ノ
主	名詞,一般,*,*,*,*,主,アルジ,アルジ
は	助詞,係助詞,*,*,*,*,は,ハ,ワ
大いなる	連体詞,*,*,*,*,*,大いなる,オオイナル,オーイナル
方	名詞,非自立,一般,*,*,*,方,ホウ,ホー
，	記号,読点,*,*,*,*,，,，,，
力	名詞,一般,*,*,*,*,力,チカラ,チカラ
に	助詞,格助詞,一般,*,*,*,に,ニ,ニ
満ち	動詞,自立,*,*,一段,連用形,満ちる,ミチ,ミチ
て	助詞,接続助詞,*,*,*,*,て,テ,テ
おら	動詞,自立,*,*,五段・ラ行,未然形,おる,オラ,オラ
れる	動詞,接尾,*,*,一段,基本形,れる,レル,レル
。	記号,句点,*,*,*,*,。,。,。
 	記号,一般,*,*,*,*,*
エホバ	名詞,一般,*,*,*,*,エホバ,エホバ,エホバ
は	助詞,係助詞,*,*,*,*,は,ハ,ワ
柔和	名詞,形容動詞語幹,*,*,*,*,柔和,ニュウワ,ニューワ
な	助動詞,*,*,*,特殊・ダ,体言接続,だ,ナ,ナ
者	名詞,一般,*,*,*,*,者,モノ,モノ
たち	名詞,接尾,一般,*,*,*,たち,タチ,タチ
を	助詞,格助詞,一般,*,*,*,を,ヲ,ヲ
助け	動詞,自立,*,*,一段,連用形,助ける,タスケ,タスケ
，	記号,読点,*,*,*,*,，,，,，
 	記号,一般,*,*,*,*,*
あなた	名詞,代名詞,一般,*,*,*,あなた,アナタ,アナタ
方	名詞,接尾,一般,*,*,*,方,カタ,カタ
は	助詞,係助詞,*,*,*,*,は,ハ,ワ
感謝	名詞,サ変接続,*,*,*,*,感謝,カンシャ,カンシャ
の	助詞,連体化,*,*,*,*,の,ノ,ノ
ことば	名詞,一般,*,*,*,*,ことば,コトバ,コトバ
を	助詞,格助詞,一般,*,*,*,を,ヲ,ヲ
もっ	動詞,自立,*,*,五段・タ行,連用タ接続,もつ,モッ,モッ
て	助詞,接続助詞,*,*,*,*,て,テ,テ
エホバ	名詞,一般,*,*,*,*,エホバ,エホバ,エホバ
に	助詞,格助詞,一般,*,*,*,に,ニ,ニ
こたえ	動詞,自立,*,*,一段,連用形,こたえる,コタエ,コタエ
応じ	動詞,自立,*,*,一段,連用形,応じる,オウジ,オージ
，	記号,読点,*,*,*,*,，,，,，
 	記号,一般,*,*,*,*,*
[	名詞,サ変接続,*,*,*,*,*
神	名詞,接尾,一般,*,*,*,神,シン,シン
]	名詞,サ変接続,*,*,*,*,*
は	助詞,係助詞,*,*,*,*,は,ハ,ワ
天	名詞,一般,*,*,*,*,天,テン,テン
を	助詞,格助詞,一般,*,*,*,を,ヲ,ヲ
雲	名詞,一般,*,*,*,*,雲,クモ,クモ
で	助詞,格助詞,一般,*,*,*,で,デ,デ
覆っ	動詞,自立,*,*,五段・ワ行促音便,連用タ接続,覆う,オオッ,オオッ
て	助詞,接続助詞,*,*,*,*,て,テ,テ
おら	動詞,自立,*,*,五段・ラ行,未然形,おる,オラ,オラ
れる	動詞,接尾,*,*,一段,基本形,れる,レル,レル
方	名詞,接尾,特殊,*,*,*,方,カタ,カタ
，	記号,読点,*,*,*,*,，,，,，
 	記号,一般,*,*,*,*,*
[	名詞,サ変接続,*,*,*,*,*
神	名詞,接尾,一般,*,*,*,神,シン,シン
]	名詞,サ変接続,*,*,*,*,*
は	助詞,係助詞,*,*,*,*,は,ハ,ワ
獣	名詞,一般,*,*,*,*,獣,シシ,シシ
に	助詞,格助詞,一般,*,*,*,に,ニ,ニ
，	記号,読点,*,*,*,*,，,，,，
[	名詞,サ変接続,*,*,*,*,*
神	名詞,接尾,一般,*,*,*,神,シン,シン
]	名詞,サ変接続,*,*,*,*,*
は	助詞,係助詞,*,*,*,*,は,ハ,ワ
馬	名詞,一般,*,*,*,*,馬,ウマ,ウマ
の	助詞,連体化,*,*,*,*,の,ノ,ノ
力強	形容詞,自立,*,*,形容詞・アウオ段,ガル接続,力強い,チカラヅヨ,チカラズヨ
さ	名詞,接尾,特殊,*,*,*,さ,サ,サ
を	助詞,格助詞,一般,*,*,*,を,ヲ,ヲ
喜び	名詞,一般,*,*,*,*,喜び,ヨロコビ,ヨロコビ
と	助詞,格助詞,一般,*,*,*,と,ト,ト
さ	動詞,自立,*,*,サ変・スル,未然レル接続,する,サ,サ
れる	動詞,接尾,*,*,一段,基本形,れる,レル,レル
の	名詞,非自立,一般,*,*,*,の,ノ,ノ
で	助動詞,*,*,*,特殊・ダ,連用形,だ,デ,デ
は	助詞,係助詞,*,*,*,*,は,ハ,ワ
なく	助動詞,*,*,*,特殊・ナイ,連用テ接続,ない,ナク,ナク
，	記号,読点,*,*,*,*,，,，,，
エホバ	名詞,一般,*,*,*,*,エホバ,エホバ,エホバ
は	助詞,係助詞,*,*,*,*,は,ハ,ワ
，	記号,読点,*,*,*,*,，,，,，
ご	接頭詞,名詞接続,*,*,*,*,ご,ゴ,ゴ
自分	名詞,一般,*,*,*,*,自分,ジブン,ジブン
を	助詞,格助詞,一般,*,*,*,を,ヲ,ヲ
恐れる	動詞,自立,*,*,一段,基本形,恐れる,オソレル,オソレル
者	名詞,一般,*,*,*,*,者,モノ,モノ
たち	名詞,接尾,一般,*,*,*,たち,タチ,タチ
，	記号,読点,*,*,*,*,，,，,，
エルサレム	名詞,固有名詞,地域,一般,*,*,エルサレム,エルサレム,エルサレム
よ	助詞,終助詞,*,*,*,*,よ,ヨ,ヨ
，	記号,読点,*,*,*,*,，,，,，
エホバ	名詞,一般,*,*,*,*,エホバ,エホバ,エホバ
を	助詞,格助詞,一般,*,*,*,を,ヲ,ヲ
ほめよ	動詞,自立,*,*,一段,命令ｙｏ,ほめる,ホメヨ,ホメヨ
。	記号,句点,*,*,*,*,。,。,。
[	名詞,サ変接続,*,*,*,*,*
神	名詞,接尾,一般,*,*,*,神,シン,シン
]	名詞,サ変接続,*,*,*,*,*
は	助詞,係助詞,*,*,*,*,は,ハ,ワ
あなた	名詞,代名詞,一般,*,*,*,あなた,アナタ,アナタ
の	助詞,連体化,*,*,*,*,の,ノ,ノ
門	名詞,一般,*,*,*,*,門,モン,モン
の	助詞,連体化,*,*,*,*,の,ノ,ノ
かんぬき	名詞,一般,*,*,*,*,かんぬき,カンヌキ,カンヌキ
を	助詞,格助詞,一般,*,*,*,を,ヲ,ヲ
強固	名詞,形容動詞語幹,*,*,*,*,強固,キョウコ,キョーコ
に	助詞,格助詞,一般,*,*,*,に,ニ,ニ
さ	動詞,自立,*,*,サ変・スル,未然レル接続,する,サ,サ
れ	動詞,接尾,*,*,一段,連用形,れる,レ,レ
た	助動詞,*,*,*,特殊・タ,基本形,た,タ,タ
から	助詞,接続助詞,*,*,*,*,から,カラ,カラ
で	助動詞,*,*,*,特殊・ダ,連用形,だ,デ,デ
ある	助動詞,*,*,*,五段・ラ行アル,基本形,ある,アル,アル
。	記号,句点,*,*,*,*,。,。,。
[	名詞,サ変接続,*,*,*,*,*
神	名詞,接尾,一般,*,*,*,神,シン,シン
]	名詞,サ変接続,*,*,*,*,*
は	助詞,係助詞,*,*,*,*,は,ハ,ワ
あなた	名詞,代名詞,一般,*,*,*,あなた,アナタ,アナタ
の	助詞,連体化,*,*,*,*,の,ノ,ノ
領地	名詞,一般,*,*,*,*,領地,リョウチ,リョーチ
に	助詞,格助詞,一般,*,*,*,に,ニ,ニ
平和	名詞,形容動詞語幹,*,*,*,*,平和,ヘイワ,ヘイワ
を	助詞,格助詞,一般,*,*,*,を,ヲ,ヲ
置い	動詞,自立,*,*,五段・カ行イ音便,連用タ接続,置く,オイ,オイ
て	助詞,接続助詞,*,*,*,*,て,テ,テ
おら	動詞,自立,*,*,五段・ラ行,未然形,おる,オラ,オラ
れ	動詞,接尾,*,*,一段,連用形,れる,レ,レ
，	記号,読点,*,*,*,*,，,，,，
[	名詞,サ変接続,*,*,*,*,*
神	名詞,接尾,一般,*,*,*,神,シン,シン
]	名詞,サ変接続,*,*,*,*,*
は	助詞,係助詞,*,*,*,*,は,ハ,ワ
み	接頭詞,名詞接続,*,*,*,*,み,ミ,ミ
ことば	名詞,一般,*,*,*,*,ことば,コトバ,コトバ
を	助詞,格助詞,一般,*,*,*,を,ヲ,ヲ
地	名詞,一般,*,*,*,*,地,チ,チ
に	助詞,格助詞,一般,*,*,*,に,ニ,ニ
送っ	動詞,自立,*,*,五段・ラ行,連用タ接続,送る,オクッ,オクッ
て	助詞,接続助詞,*,*,*,*,て,テ,テ
おら	動詞,自立,*,*,五段・ラ行,未然形,おる,オラ,オラ
れ	動詞,接尾,*,*,一段,連用形,れる,レ,レ
，	記号,読点,*,*,*,*,，,，,，
[	名詞,サ変接続,*,*,*,*,*
神	名詞,接尾,一般,*,*,*,神,シン,シン
]	名詞,サ変接続,*,*,*,*,*
は	助詞,係助詞,*,*,*,*,は,ハ,ワ
雪	名詞,一般,*,*,*,*,雪,ユキ,ユキ
を	助詞,格助詞,一般,*,*,*,を,ヲ,ヲ
羊毛	名詞,一般,*,*,*,*,羊毛,ヨウモウ,ヨーモー
の	助詞,連体化,*,*,*,*,の,ノ,ノ
よう	名詞,非自立,助動詞語幹,*,*,*,よう,ヨウ,ヨー
に	助詞,副詞化,*,*,*,*,に,ニ,ニ
与え	動詞,自立,*,*,一段,連用形,与える,アタエ,アタエ
て	助詞,接続助詞,*,*,*,*,て,テ,テ
おら	動詞,自立,*,*,五段・ラ行,未然形,おる,オラ,オラ
れ	動詞,接尾,*,*,一段,連用形,れる,レ,レ
，	記号,読点,*,*,*,*,，,，,，
[	名詞,サ変接続,*,*,*,*,*
神	名詞,接尾,一般,*,*,*,神,シン,シン
]	名詞,サ変接続,*,*,*,*,*
は	助詞,係助詞,*,*,*,*,は,ハ,ワ
その	連体詞,*,*,*,*,*,その,ソノ,ソノ
氷	名詞,一般,*,*,*,*,氷,コオリ,コーリ
を	助詞,格助詞,一般,*,*,*,を,ヲ,ヲ
食物	名詞,一般,*,*,*,*,食物,ショクモツ,ショクモツ
の	助詞,連体化,*,*,*,*,の,ノ,ノ
小片	名詞,一般,*,*,*,*,小片,ショウヘン,ショーヘン
の	助詞,連体化,*,*,*,*,の,ノ,ノ
よう	名詞,非自立,助動詞語幹,*,*,*,よう,ヨウ,ヨー
に	助詞,副詞化,*,*,*,*,に,ニ,ニ
投げ	動詞,自立,*,*,一段,連用形,投げる,ナゲ,ナゲ
て	助詞,接続助詞,*,*,*,*,て,テ,テ
おら	動詞,自立,*,*,五段・ラ行,未然形,おる,オラ,オラ
れる	動詞,接尾,*,*,一段,基本形,れる,レル,レル
。	記号,句点,*,*,*,*,。,。,。
[	名詞,サ変接続,*,*,*,*,*
神	名詞,接尾,一般,*,*,*,神,シン,シン
]	名詞,サ変接続,*,*,*,*,*
は	助詞,係助詞,*,*,*,*,は,ハ,ワ
み	接頭詞,名詞接続,*,*,*,*,み,ミ,ミ
言葉	名詞,一般,*,*,*,*,言葉,コトバ,コトバ
を	助詞,格助詞,一般,*,*,*,を,ヲ,ヲ
送り出し	動詞,自立,*,*,五段・サ行,連用形,送り出す,オクリダシ,オクリダシ
て	助詞,接続助詞,*,*,*,*,て,テ,テ
，	記号,読点,*,*,*,*,，,，,，
それら	名詞,代名詞,一般,*,*,*,それら,ソレラ,ソレラ
を	助詞,格助詞,一般,*,*,*,を,ヲ,ヲ
溶かす	動詞,自立,*,*,五段・サ行,基本形,溶かす,トカス,トカス
。	記号,句点,*,*,*,*,。,。,。
[	名詞,サ変接続,*,*,*,*,*
神	名詞,接尾,一般,*,*,*,神,シン,シン
]	名詞,サ変接続,*,*,*,*,*
は	助詞,係助詞,*,*,*,*,は,ハ,ワ
み	接頭詞,名詞接続,*,*,*,*,み,ミ,ミ
言葉	名詞,一般,*,*,*,*,言葉,コトバ,コトバ
を	助詞,格助詞,一般,*,*,*,を,ヲ,ヲ
ヤコブ	名詞,一般,*,*,*,*,*
に	助詞,格助詞,一般,*,*,*,に,ニ,ニ
，	記号,読点,*,*,*,*,，,，,，
[	名詞,サ変接続,*,*,*,*,*
神	名詞,接尾,一般,*,*,*,神,シン,シン
]	名詞,サ変接続,*,*,*,*,*
は	助詞,係助詞,*,*,*,*,は,ハ,ワ
ほか	名詞,副詞可能,*,*,*,*,ほか,ホカ,ホカ
の	助詞,連体化,*,*,*,*,の,ノ,ノ
どの	連体詞,*,*,*,*,*,どの,ドノ,ドノ
国民	名詞,一般,*,*,*,*,国民,コクミン,コクミン
に	助詞,格助詞,一般,*,*,*,に,ニ,ニ
も	助詞,係助詞,*,*,*,*,も,モ,モ
その	連体詞,*,*,*,*,*,その,ソノ,ソノ
よう	名詞,非自立,助動詞語幹,*,*,*,よう,ヨウ,ヨー
に	助詞,格助詞,一般,*,*,*,に,ニ,ニ
は	助詞,係助詞,*,*,*,*,は,ハ,ワ
なさら	動詞,自立,*,*,五段・ラ行特殊,未然形,なさる,ナサラ,ナサラ
なかっ	助動詞,*,*,*,特殊・ナイ,連用タ接続,ない,ナカッ,ナカッ
た	助動詞,*,*,*,特殊・タ,基本形,た,タ,タ
。	記号,句点,*,*,*,*,。,。,。
EOS
