神	名詞,一般,*,*,*,*,神,カミ,カミ
は	助詞,係助詞,*,*,*,*,は,ハ,ワ
ユダ	名詞,一般,*,*,*,*,*
において	助詞,格助詞,連語,*,*,*,において,ニオイテ,ニオイテ
知ら	動詞,自立,*,*,五段・ラ行,未然形,知る,シラ,シラ
れ	動詞,接尾,*,*,一段,連用形,れる,レ,レ
て	助詞,接続助詞,*,*,*,*,て,テ,テ
い	動詞,非自立,*,*,一段,連用形,いる,イ,イ
ます	助動詞,*,*,*,特殊・マス,基本形,ます,マス,マス
。	記号,句点,*,*,*,*,。,。,。
 	記号,一般,*,*,*,*,*
その	連体詞,*,*,*,*,*,その,ソノ,ソノ
隠れ	名詞,一般,*,*,*,*,隠れ,カクレ,カクレ
が	助詞,格助詞,一般,*,*,*,が,ガ,ガ
は	助詞,係助詞,*,*,*,*,は,ハ,ワ
サレム	名詞,一般,*,*,*,*,*
に	助詞,格助詞,一般,*,*,*,に,ニ,ニ
，	記号,読点,*,*,*,*,，,，,，
 	記号,一般,*,*,*,*,*
[	名詞,サ変接続,*,*,*,*,*
神	名詞,接尾,一般,*,*,*,神,シン,シン
]	名詞,サ変接続,*,*,*,*,*
は	助詞,係助詞,*,*,*,*,は,ハ,ワ
燃える	動詞,自立,*,*,一段,基本形,燃える,モエル,モエル
矢柄	名詞,一般,*,*,*,*,矢柄,ヤガラ,ヤガラ
を	助詞,格助詞,一般,*,*,*,を,ヲ,ヲ
，	記号,読点,*,*,*,*,，,，,，
 	記号,一般,*,*,*,*,*
あなた	名詞,代名詞,一般,*,*,*,あなた,アナタ,アナタ
は	助詞,係助詞,*,*,*,*,は,ハ,ワ
光	名詞,一般,*,*,*,*,光,ヒカリ,ヒカリ
に	助詞,格助詞,一般,*,*,*,に,ニ,ニ
包ま	動詞,自立,*,*,五段・マ行,未然形,包む,ツツマ,ツツマ
れ	動詞,接尾,*,*,一段,連用形,れる,レ,レ
て	助詞,接続助詞,*,*,*,*,て,テ,テ
い	動詞,非自立,*,*,一段,連用形,いる,イ,イ
て	助詞,接続助詞,*,*,*,*,て,テ,テ
，	記号,読点,*,*,*,*,，,，,，
えじき	名詞,一般,*,*,*,*,えじき,エジキ,エジキ
の	助詞,連体化,*,*,*,*,の,ノ,ノ
山々	名詞,一般,*,*,*,*,山々,ヤマヤマ,ヤマヤマ
より	助詞,格助詞,一般,*,*,*,より,ヨリ,ヨリ
も	助詞,係助詞,*,*,*,*,も,モ,モ
威光	名詞,一般,*,*,*,*,威光,イコウ,イコー
が	助詞,格助詞,一般,*,*,*,が,ガ,ガ
あり	動詞,自立,*,*,五段・ラ行,連用形,ある,アリ,アリ
ます	助動詞,*,*,*,特殊・マス,基本形,ます,マス,マス
。	記号,句点,*,*,*,*,。,。,。
 	記号,一般,*,*,*,*,*
心	名詞,一般,*,*,*,*,心,ココロ,ココロ
の	助詞,連体化,*,*,*,*,の,ノ,ノ
強力	名詞,形容動詞語幹,*,*,*,*,強力,キョウリョク,キョーリョク
な	助動詞,*,*,*,特殊・ダ,体言接続,だ,ナ,ナ
者	名詞,一般,*,*,*,*,者,モノ,モノ
たち	名詞,接尾,一般,*,*,*,たち,タチ,タチ
は	助詞,係助詞,*,*,*,*,は,ハ,ワ
奪略	名詞,サ変接続,*,*,*,*,奪略,ダツリャク,ダツリャク
に	助詞,格助詞,一般,*,*,*,に,ニ,ニ
遭い	動詞,自立,*,*,五段・ワ行促音便,連用形,遭う,アイ,アイ
，	記号,読点,*,*,*,*,，,，,，
 	記号,一般,*,*,*,*,*
ヤコブ	名詞,一般,*,*,*,*,*
の	助詞,連体化,*,*,*,*,の,ノ,ノ
神	名詞,一般,*,*,*,*,神,カミ,カミ
よ	助詞,終助詞,*,*,*,*,よ,ヨ,ヨ
，	記号,読点,*,*,*,*,，,，,，
あなた	名詞,代名詞,一般,*,*,*,あなた,アナタ,アナタ
の	助詞,連体化,*,*,*,*,の,ノ,ノ
叱責	名詞,サ変接続,*,*,*,*,叱責,シッセキ,シッセキ
によって	助詞,格助詞,連語,*,*,*,によって,ニヨッテ,ニヨッテ
，	記号,読点,*,*,*,*,，,，,，
兵	名詞,一般,*,*,*,*,兵,ヘイ,ヘイ
車	名詞,接尾,一般,*,*,*,車,シャ,シャ
の	助詞,連体化,*,*,*,*,の,ノ,ノ
御者	名詞,一般,*,*,*,*,御者,ギョシャ,ギョシャ
も	助詞,係助詞,*,*,*,*,も,モ,モ
馬	名詞,一般,*,*,*,*,馬,ウマ,ウマ
も	助詞,係助詞,*,*,*,*,も,モ,モ
共に	副詞,一般,*,*,*,*,共に,トモニ,トモニ
深い	形容詞,自立,*,*,形容詞・アウオ段,基本形,深い,フカイ,フカイ
眠り	名詞,一般,*,*,*,*,眠り,ネムリ,ネムリ
に	助詞,格助詞,一般,*,*,*,に,ニ,ニ
落ち	動詞,自立,*,*,一段,連用形,落ちる,オチ,オチ
まし	助動詞,*,*,*,特殊・マス,連用形,ます,マシ,マシ
た	助動詞,*,*,*,特殊・タ,基本形,た,タ,タ
。	記号,句点,*,*,*,*,。,。,。
 	記号,一般,*,*,*,*,*
あなた	名詞,代名詞,一般,*,*,*,あなた,アナタ,アナタ
は	助詞,係助詞,*,*,*,*,は,ハ,ワ
―	記号,一般,*,*,*,*,―,―,―
まさしく	副詞,一般,*,*,*,*,まさしく,マサシク,マサシク
あなた	名詞,代名詞,一般,*,*,*,あなた,アナタ,アナタ
は	助詞,係助詞,*,*,*,*,は,ハ,ワ
畏怖	名詞,サ変接続,*,*,*,*,畏怖,イフ,イフ
の	助詞,連体化,*,*,*,*,の,ノ,ノ
念	名詞,一般,*,*,*,*,念,ネン,ネン
を	助詞,格助詞,一般,*,*,*,を,ヲ,ヲ
起こさ	動詞,自立,*,*,五段・サ行,未然形,起こす,オコサ,オコサ
せる	動詞,接尾,*,*,一段,基本形,せる,セル,セル
方	名詞,非自立,一般,*,*,*,方,ホウ,ホー
です	助動詞,*,*,*,特殊・デス,基本形,です,デス,デス
。	記号,句点,*,*,*,*,。,。,。
 	記号,一般,*,*,*,*,*
あなた	名詞,代名詞,一般,*,*,*,あなた,アナタ,アナタ
は	助詞,係助詞,*,*,*,*,は,ハ,ワ
天	名詞,一般,*,*,*,*,天,テン,テン
から	助詞,格助詞,一般,*,*,*,から,カラ,カラ
法的	名詞,形容動詞語幹,*,*,*,*,法的,ホウテキ,ホーテキ
論争	名詞,サ変接続,*,*,*,*,論争,ロンソウ,ロンソー
が	助詞,格助詞,一般,*,*,*,が,ガ,ガ
聞こえる	動詞,自立,*,*,一段,基本形,聞こえる,キコエル,キコエル
よう	名詞,非自立,助動詞語幹,*,*,*,よう,ヨウ,ヨー
に	助詞,格助詞,一般,*,*,*,に,ニ,ニ
さ	動詞,自立,*,*,サ変・スル,未然レル接続,する,サ,サ
れ	動詞,接尾,*,*,一段,連用形,れる,レ,レ
まし	助動詞,*,*,*,特殊・マス,連用形,ます,マシ,マシ
た	助動詞,*,*,*,特殊・タ,基本形,た,タ,タ
。	記号,句点,*,*,*,*,。,。,。
 	記号,一般,*,*,*,*,*
地	名詞,一般,*,*,*,*,地,チ,チ
の	助詞,連体化,*,*,*,*,の,ノ,ノ
すべて	名詞,副詞可能,*,*,*,*,すべて,スベテ,スベテ
の	助詞,連体化,*,*,*,*,の,ノ,ノ
柔和	名詞,形容動詞語幹,*,*,*,*,柔和,ニュウワ,ニューワ
な	助動詞,*,*,*,特殊・ダ,体言接続,だ,ナ,ナ
者	名詞,非自立,一般,*,*,*,者,モノ,モノ
を	助詞,格助詞,一般,*,*,*,を,ヲ,ヲ
救う	動詞,自立,*,*,五段・ワ行促音便,基本形,救う,スクウ,スクウ
ため	名詞,非自立,副詞可能,*,*,*,ため,タメ,タメ
に	助詞,格助詞,一般,*,*,*,に,ニ,ニ
，	名詞,数,*,*,*,*,，,，,，
人	名詞,接尾,助数詞,*,*,*,人,ニン,ニン
の	助詞,連体化,*,*,*,*,の,ノ,ノ
激しい	形容詞,自立,*,*,形容詞・イ段,基本形,激しい,ハゲシイ,ハゲシイ
怒り	名詞,一般,*,*,*,*,怒り,イカリ,イカリ
も	助詞,係助詞,*,*,*,*,も,モ,モ
あなた	名詞,代名詞,一般,*,*,*,あなた,アナタ,アナタ
を	助詞,格助詞,一般,*,*,*,を,ヲ,ヲ
たたえる	動詞,自立,*,*,一段,基本形,たたえる,タタエル,タタエル
こと	名詞,非自立,一般,*,*,*,こと,コト,コト
に	助詞,格助詞,一般,*,*,*,に,ニ,ニ
なり	動詞,自立,*,*,五段・ラ行,連用形,なる,ナリ,ナリ
，	記号,読点,*,*,*,*,，,，,，
[	名詞,サ変接続,*,*,*,*,*
神	名詞,接尾,一般,*,*,*,神,シン,シン
]	名詞,サ変接続,*,*,*,*,*
の	助詞,連体化,*,*,*,*,の,ノ,ノ
周り	名詞,一般,*,*,*,*,周り,マワリ,マワリ
に	助詞,格助詞,一般,*,*,*,に,ニ,ニ
いる	動詞,自立,*,*,一段,基本形,いる,イル,イル
すべて	名詞,副詞可能,*,*,*,*,すべて,スベテ,スベテ
の	助詞,連体化,*,*,*,*,の,ノ,ノ
者	名詞,非自立,一般,*,*,*,者,モノ,モノ
よ	助詞,終助詞,*,*,*,*,よ,ヨ,ヨ
，	記号,読点,*,*,*,*,，,，,，
あなた	名詞,代名詞,一般,*,*,*,あなた,アナタ,アナタ
方	名詞,接尾,一般,*,*,*,方,カタ,カタ
の	助詞,連体化,*,*,*,*,の,ノ,ノ
神	名詞,一般,*,*,*,*,神,カミ,カミ
エホバ	名詞,一般,*,*,*,*,エホバ,エホバ,エホバ
に	助詞,格助詞,一般,*,*,*,に,ニ,ニ
誓約	名詞,サ変接続,*,*,*,*,誓約,セイヤク,セイヤク
を	助詞,格助詞,一般,*,*,*,を,ヲ,ヲ
なし	動詞,自立,*,*,五段・サ行,連用形,なす,ナシ,ナシ
，	記号,読点,*,*,*,*,，,，,，
[	名詞,サ変接続,*,*,*,*,*
それ	名詞,代名詞,一般,*,*,*,それ,ソレ,ソレ
を	助詞,格助詞,一般,*,*,*,を,ヲ,ヲ
]	名詞,サ変接続,*,*,*,*,*
果たせ	動詞,自立,*,*,一段,連用形,果たせる,ハタセ,ハタセ
。[	名詞,サ変接続,*,*,*,*,*
神	名詞,接尾,一般,*,*,*,神,シン,シン
]	名詞,サ変接続,*,*,*,*,*
は	助詞,係助詞,*,*,*,*,は,ハ,ワ
指導	名詞,サ変接続,*,*,*,*,指導,シドウ,シドー
者	名詞,接尾,一般,*,*,*,者,シャ,シャ
たち	名詞,接尾,一般,*,*,*,たち,タチ,タチ
の	助詞,連体化,*,*,*,*,の,ノ,ノ
霊	名詞,一般,*,*,*,*,霊,レイ,レイ
を	助詞,格助詞,一般,*,*,*,を,ヲ,ヲ
低く	形容詞,自立,*,*,形容詞・アウオ段,連用テ接続,低い,ヒクク,ヒクク
さ	動詞,自立,*,*,サ変・スル,未然レル接続,する,サ,サ
れ	動詞,接尾,*,*,一段,連用形,れる,レ,レ
ます	助動詞,*,*,*,特殊・マス,基本形,ます,マス,マス
。	記号,句点,*,*,*,*,。,。,。
EOS
