エホバ	名詞,一般,*,*,*,*,エホバ,エホバ,エホバ
よ	助詞,終助詞,*,*,*,*,よ,ヨ,ヨ
，	記号,読点,*,*,*,*,，,，,，
わたし	名詞,代名詞,一般,*,*,*,わたし,ワタシ,ワタシ
は	助詞,係助詞,*,*,*,*,は,ハ,ワ
あなた	名詞,代名詞,一般,*,*,*,あなた,アナタ,アナタ
を	助詞,格助詞,一般,*,*,*,を,ヲ,ヲ
呼び	動詞,自立,*,*,五段・バ行,連用形,呼ぶ,ヨビ,ヨビ
つづけ	動詞,非自立,*,*,一段,連用形,つづける,ツヅケ,ツズケ
ます	助動詞,*,*,*,特殊・マス,基本形,ます,マス,マス
。	記号,句点,*,*,*,*,。,。,。
 	記号,一般,*,*,*,*,*
わたし	名詞,代名詞,一般,*,*,*,わたし,ワタシ,ワタシ
が	助詞,格助詞,一般,*,*,*,が,ガ,ガ
あなた	名詞,代名詞,一般,*,*,*,あなた,アナタ,アナタ
に	助詞,格助詞,一般,*,*,*,に,ニ,ニ
助け	名詞,一般,*,*,*,*,助け,タスケ,タスケ
を	助詞,格助詞,一般,*,*,*,を,ヲ,ヲ
叫び	動詞,自立,*,*,五段・バ行,連用形,叫ぶ,サケビ,サケビ
求める	動詞,自立,*,*,一段,基本形,求める,モトメル,モトメル
とき	名詞,非自立,副詞可能,*,*,*,とき,トキ,トキ
，	記号,読点,*,*,*,*,，,，,，
 	記号,一般,*,*,*,*,*
邪悪	名詞,形容動詞語幹,*,*,*,*,邪悪,ジャアク,ジャアク
な	助動詞,*,*,*,特殊・ダ,体言接続,だ,ナ,ナ
者	名詞,非自立,一般,*,*,*,者,モノ,モノ
や	助詞,並立助詞,*,*,*,*,や,ヤ,ヤ
有害	名詞,形容動詞語幹,*,*,*,*,有害,ユウガイ,ユーガイ
な	助動詞,*,*,*,特殊・ダ,体言接続,だ,ナ,ナ
こと	名詞,非自立,一般,*,*,*,こと,コト,コト
を	助詞,格助詞,一般,*,*,*,を,ヲ,ヲ
習わし	動詞,自立,*,*,五段・サ行,連用形,習わす,ナラワシ,ナラワシ
に	助詞,格助詞,一般,*,*,*,に,ニ,ニ
する	動詞,自立,*,*,サ変・スル,基本形,する,スル,スル
者	名詞,一般,*,*,*,*,者,モノ,モノ
たち	名詞,接尾,一般,*,*,*,たち,タチ,タチ
と共に	助詞,格助詞,連語,*,*,*,と共に,トトモニ,トトモニ
わたし	名詞,代名詞,一般,*,*,*,わたし,ワタシ,ワタシ
を	助詞,格助詞,一般,*,*,*,を,ヲ,ヲ
引い	動詞,自立,*,*,五段・カ行イ音便,連用タ接続,引く,ヒイ,ヒイ
て	助詞,接続助詞,*,*,*,*,て,テ,テ
行か	動詞,非自立,*,*,五段・カ行促音便,未然形,行く,イカ,イカ
ない	助動詞,*,*,*,特殊・ナイ,連用デ接続,ない,ナイ,ナイ
で	助詞,接続助詞,*,*,*,*,で,デ,デ
ください	動詞,非自立,*,*,五段・ラ行特殊,命令ｉ,くださる,クダサイ,クダサイ
。	記号,句点,*,*,*,*,。,。,。
 	記号,一般,*,*,*,*,*
その	連体詞,*,*,*,*,*,その,ソノ,ソノ
行動	名詞,サ変接続,*,*,*,*,行動,コウドウ,コードー
に	助詞,格助詞,一般,*,*,*,に,ニ,ニ
したがっ	動詞,自立,*,*,五段・ワ行促音便,連用タ接続,したがう,シタガッ,シタガッ
て	助詞,接続助詞,*,*,*,*,て,テ,テ
，	記号,読点,*,*,*,*,，,，,，
 	記号,一般,*,*,*,*,*
彼ら	名詞,代名詞,一般,*,*,*,彼ら,カレラ,カレラ
は	助詞,係助詞,*,*,*,*,は,ハ,ワ
エホバ	名詞,一般,*,*,*,*,エホバ,エホバ,エホバ
の	助詞,連体化,*,*,*,*,の,ノ,ノ
働き	名詞,一般,*,*,*,*,働き,ハタラキ,ハタラキ
に	助詞,格助詞,一般,*,*,*,に,ニ,ニ
も	助詞,係助詞,*,*,*,*,も,モ,モ
，	記号,読点,*,*,*,*,，,，,，
 	記号,一般,*,*,*,*,*
エホバ	名詞,一般,*,*,*,*,エホバ,エホバ,エホバ
が	助詞,格助詞,一般,*,*,*,が,ガ,ガ
ほめ	動詞,自立,*,*,一段,連用形,ほめる,ホメ,ホメ
た	助動詞,*,*,*,特殊・タ,基本形,た,タ,タ
たえ	動詞,自立,*,*,一段,未然形,たえる,タエ,タエ
られる	動詞,接尾,*,*,一段,基本形,られる,ラレル,ラレル
よう	名詞,非自立,助動詞語幹,*,*,*,よう,ヨウ,ヨー
に	助詞,副詞化,*,*,*,*,に,ニ,ニ
。[	名詞,サ変接続,*,*,*,*,*
神	名詞,接尾,一般,*,*,*,神,シン,シン
]	名詞,サ変接続,*,*,*,*,*
は	助詞,係助詞,*,*,*,*,は,ハ,ワ
わたし	名詞,代名詞,一般,*,*,*,わたし,ワタシ,ワタシ
の	助詞,連体化,*,*,*,*,の,ノ,ノ
嘆願	名詞,サ変接続,*,*,*,*,嘆願,タンガン,タンガン
の	助詞,連体化,*,*,*,*,の,ノ,ノ
声	名詞,一般,*,*,*,*,声,コエ,コエ
を	助詞,格助詞,一般,*,*,*,を,ヲ,ヲ
聞い	動詞,自立,*,*,五段・カ行イ音便,連用タ接続,聞く,キイ,キイ
て	助詞,接続助詞,*,*,*,*,て,テ,テ
くださっ	動詞,非自立,*,*,五段・ラ行特殊,連用タ接続,くださる,クダサッ,クダサッ
た	助動詞,*,*,*,特殊・タ,基本形,た,タ,タ
から	助詞,接続助詞,*,*,*,*,から,カラ,カラ
です	助動詞,*,*,*,特殊・デス,基本形,です,デス,デス
。	記号,句点,*,*,*,*,。,。,。
 	記号,一般,*,*,*,*,*
エホバ	名詞,一般,*,*,*,*,エホバ,エホバ,エホバ
は	助詞,係助詞,*,*,*,*,は,ハ,ワ
わたし	名詞,代名詞,一般,*,*,*,わたし,ワタシ,ワタシ
の	助詞,連体化,*,*,*,*,の,ノ,ノ
力	名詞,一般,*,*,*,*,力,チカラ,チカラ
，	記号,読点,*,*,*,*,，,，,，
わたし	名詞,代名詞,一般,*,*,*,わたし,ワタシ,ワタシ
の	助詞,連体化,*,*,*,*,の,ノ,ノ
盾	名詞,一般,*,*,*,*,盾,タテ,タテ
。	記号,句点,*,*,*,*,。,。,。
 	記号,一般,*,*,*,*,*
エホバ	名詞,一般,*,*,*,*,エホバ,エホバ,エホバ
は	助詞,係助詞,*,*,*,*,は,ハ,ワ
その	連体詞,*,*,*,*,*,その,ソノ,ソノ
民	名詞,一般,*,*,*,*,民,ミン,ミン
にとって	助詞,格助詞,連語,*,*,*,にとって,ニトッテ,ニトッテ
の	助詞,連体化,*,*,*,*,の,ノ,ノ
力	名詞,一般,*,*,*,*,力,チカラ,チカラ
，	記号,読点,*,*,*,*,，,，,，
 	記号,一般,*,*,*,*,*
あなた	名詞,代名詞,一般,*,*,*,あなた,アナタ,アナタ
の	助詞,連体化,*,*,*,*,の,ノ,ノ
民	名詞,一般,*,*,*,*,民,ミン,ミン
を	助詞,格助詞,一般,*,*,*,を,ヲ,ヲ
救い	動詞,自立,*,*,五段・ワ行促音便,連用形,救う,スクイ,スクイ
，	記号,読点,*,*,*,*,，,，,，
あなた	名詞,代名詞,一般,*,*,*,あなた,アナタ,アナタ
の	助詞,連体化,*,*,*,*,の,ノ,ノ
相続	名詞,サ変接続,*,*,*,*,相続,ソウゾク,ソーゾク
物	名詞,接尾,一般,*,*,*,物,ブツ,ブツ
を	助詞,格助詞,一般,*,*,*,を,ヲ,ヲ
祝福	名詞,サ変接続,*,*,*,*,祝福,シュクフク,シュクフク
し	動詞,自立,*,*,サ変・スル,連用形,する,シ,シ
て	助詞,接続助詞,*,*,*,*,て,テ,テ
ください	動詞,非自立,*,*,五段・ラ行特殊,命令ｉ,くださる,クダサイ,クダサイ
。	記号,句点,*,*,*,*,。,。,。
EOS
