神	名詞,一般,*,*,*,*,神,カミ,カミ
が	助詞,格助詞,一般,*,*,*,が,ガ,ガ
立ち上がっ	動詞,自立,*,*,五段・ラ行,連用タ接続,立ち上がる,タチアガッ,タチアガッ
て	助詞,接続助詞,*,*,*,*,て,テ,テ
くだ	名詞,一般,*,*,*,*,くだ,クダ,クダ
さり	動詞,自立,*,*,五段・ラ行,連用形,さる,サリ,サリ
，	記号,読点,*,*,*,*,，,，,，
その	連体詞,*,*,*,*,*,その,ソノ,ソノ
敵	名詞,一般,*,*,*,*,敵,テキ,テキ
たち	名詞,接尾,一般,*,*,*,たち,タチ,タチ
が	助詞,格助詞,一般,*,*,*,が,ガ,ガ
散らさ	動詞,自立,*,*,五段・サ行,未然形,散らす,チラサ,チラサ
れ	動詞,接尾,*,*,一段,連用形,れる,レ,レ
，	記号,読点,*,*,*,*,，,，,，
 	記号,一般,*,*,*,*,*
煙	名詞,一般,*,*,*,*,煙,ケムリ,ケムリ
が	助詞,格助詞,一般,*,*,*,が,ガ,ガ
吹き払わ	動詞,自立,*,*,五段・ワ行促音便,未然形,吹き払う,フキハラワ,フキハラワ
れる	動詞,接尾,*,*,一段,基本形,れる,レル,レル
よう	名詞,非自立,助動詞語幹,*,*,*,よう,ヨウ,ヨー
に	助詞,副詞化,*,*,*,*,に,ニ,ニ
，	記号,読点,*,*,*,*,，,，,，
あなた	名詞,代名詞,一般,*,*,*,あなた,アナタ,アナタ
が	助詞,格助詞,一般,*,*,*,が,ガ,ガ
[	名詞,サ変接続,*,*,*,*,*
彼ら	名詞,代名詞,一般,*,*,*,彼ら,カレラ,カレラ
を	助詞,格助詞,一般,*,*,*,を,ヲ,ヲ
]	名詞,サ変接続,*,*,*,*,*
吹き払っ	動詞,自立,*,*,五段・ワ行促音便,連用タ接続,吹き払う,フキハラッ,フキハラッ
て	助詞,接続助詞,*,*,*,*,て,テ,テ
ください	動詞,非自立,*,*,五段・ラ行特殊,連用形,くださる,クダサイ,クダサイ
ます	助動詞,*,*,*,特殊・マス,基本形,ます,マス,マス
よう	名詞,非自立,助動詞語幹,*,*,*,よう,ヨウ,ヨー
に	助詞,格助詞,一般,*,*,*,に,ニ,ニ
。	記号,句点,*,*,*,*,。,。,。
 	記号,一般,*,*,*,*,*
しかし	接続詞,*,*,*,*,*,しかし,シカシ,シカシ
，	記号,読点,*,*,*,*,，,，,，
義	名詞,形容動詞語幹,*,*,*,*,義,ギ,ギ
なる	助動詞,*,*,*,文語・ナリ,体言接続,なり,ナル,ナル
者	名詞,一般,*,*,*,*,者,モノ,モノ
たち	名詞,接尾,一般,*,*,*,たち,タチ,タチ
は	助詞,係助詞,*,*,*,*,は,ハ,ワ
，	記号,読点,*,*,*,*,，,，,，
歓び	動詞,自立,*,*,五段・バ行,連用形,歓ぶ,ヨロコビ,ヨロコビ
，	記号,読点,*,*,*,*,，,，,，
 	記号,一般,*,*,*,*,*
あなた	名詞,代名詞,一般,*,*,*,あなた,アナタ,アナタ
方	名詞,接尾,一般,*,*,*,方,カタ,カタ
は	助詞,係助詞,*,*,*,*,は,ハ,ワ
神	名詞,一般,*,*,*,*,神,カミ,カミ
に	助詞,格助詞,一般,*,*,*,に,ニ,ニ
向かっ	動詞,自立,*,*,五段・ワ行促音便,連用タ接続,向かう,ムカッ,ムカッ
て	助詞,接続助詞,*,*,*,*,て,テ,テ
歌い	動詞,自立,*,*,五段・ワ行促音便,連用形,歌う,ウタイ,ウタイ
，	記号,読点,*,*,*,*,，,，,，
その	連体詞,*,*,*,*,*,その,ソノ,ソノ
み	動詞,自立,*,*,一段,連用形,みる,ミ,ミ
名	名詞,接尾,一般,*,*,*,名,メイ,メイ
に	助詞,格助詞,一般,*,*,*,に,ニ,ニ
調べ	名詞,一般,*,*,*,*,調べ,シラベ,シラベ
を	助詞,格助詞,一般,*,*,*,を,ヲ,ヲ
奏でよ	動詞,自立,*,*,一段,命令ｙｏ,奏でる,カナデヨ,カナデヨ
。	記号,句点,*,*,*,*,。,。,。
 	記号,一般,*,*,*,*,*
父	名詞,一般,*,*,*,*,父,チチ,チチ
なし	形容詞,自立,*,*,形容詞・アウオ段,文語基本形,ない,ナシ,ナシ
子	名詞,一般,*,*,*,*,子,コ,コ
の	助詞,連体化,*,*,*,*,の,ノ,ノ
父	名詞,一般,*,*,*,*,父,チチ,チチ
，	記号,読点,*,*,*,*,，,，,，
やもめ	名詞,一般,*,*,*,*,やもめ,ヤモメ,ヤモメ
の	助詞,連体化,*,*,*,*,の,ノ,ノ
裁き	名詞,一般,*,*,*,*,裁き,サバキ,サバキ
主	名詞,接尾,一般,*,*,*,主,ヌシ,ヌシ
，	記号,読点,*,*,*,*,，,，,，
 	記号,一般,*,*,*,*,*
神	名詞,一般,*,*,*,*,神,カミ,カミ
は	助詞,係助詞,*,*,*,*,は,ハ,ワ
孤独	名詞,形容動詞語幹,*,*,*,*,孤独,コドク,コドク
な	助動詞,*,*,*,特殊・ダ,体言接続,だ,ナ,ナ
者	名詞,一般,*,*,*,*,者,モノ,モノ
たち	名詞,接尾,一般,*,*,*,たち,タチ,タチ
を	助詞,格助詞,一般,*,*,*,を,ヲ,ヲ
家	名詞,一般,*,*,*,*,家,イエ,イエ
に	助詞,格助詞,一般,*,*,*,に,ニ,ニ
住まわ	動詞,自立,*,*,五段・ワ行促音便,未然形,住まう,スマワ,スマワ
せ	動詞,接尾,*,*,一段,連用形,せる,セ,セ
，	記号,読点,*,*,*,*,，,，,，
 	記号,一般,*,*,*,*,*
神	名詞,一般,*,*,*,*,神,カミ,カミ
よ	助詞,終助詞,*,*,*,*,よ,ヨ,ヨ
，	記号,読点,*,*,*,*,，,，,，
あなた	名詞,代名詞,一般,*,*,*,あなた,アナタ,アナタ
が	助詞,格助詞,一般,*,*,*,が,ガ,ガ
ご	接頭詞,名詞接続,*,*,*,*,ご,ゴ,ゴ
自分	名詞,一般,*,*,*,*,自分,ジブン,ジブン
の	助詞,連体化,*,*,*,*,の,ノ,ノ
民	名詞,一般,*,*,*,*,民,ミン,ミン
の	助詞,連体化,*,*,*,*,の,ノ,ノ
前	名詞,副詞可能,*,*,*,*,前,マエ,マエ
に	助詞,格助詞,一般,*,*,*,に,ニ,ニ
出	動詞,自立,*,*,一段,連用形,出る,デ,デ
て	助詞,接続助詞,*,*,*,*,て,テ,テ
行か	動詞,非自立,*,*,五段・カ行促音便,未然形,行く,イカ,イカ
れ	動詞,接尾,*,*,一段,連用形,れる,レ,レ
た	助動詞,*,*,*,特殊・タ,基本形,た,タ,タ
とき	名詞,非自立,副詞可能,*,*,*,とき,トキ,トキ
，	記号,読点,*,*,*,*,，,，,，
 	記号,一般,*,*,*,*,*
地	名詞,一般,*,*,*,*,地,チ,チ
は	助詞,係助詞,*,*,*,*,は,ハ,ワ
激動	名詞,サ変接続,*,*,*,*,激動,ゲキドウ,ゲキドー
し	動詞,自立,*,*,サ変・スル,連用形,する,シ,シ
，	記号,読点,*,*,*,*,，,，,，
 	記号,一般,*,*,*,*,*
神	名詞,一般,*,*,*,*,神,カミ,カミ
よ	助詞,終助詞,*,*,*,*,よ,ヨ,ヨ
，	記号,読点,*,*,*,*,，,，,，
あなた	名詞,代名詞,一般,*,*,*,あなた,アナタ,アナタ
は	助詞,係助詞,*,*,*,*,は,ハ,ワ
豊潤	名詞,形容動詞語幹,*,*,*,*,豊潤,ホウジュン,ホージュン
な	助動詞,*,*,*,特殊・ダ,体言接続,だ,ナ,ナ
大雨	名詞,一般,*,*,*,*,大雨,オオアメ,オーアメ
を	助詞,格助詞,一般,*,*,*,を,ヲ,ヲ
降ら	動詞,自立,*,*,五段・ラ行,未然形,降る,フラ,フラ
せ	動詞,接尾,*,*,一段,連用形,せる,セ,セ
はじめ	動詞,非自立,*,*,一段,連用形,はじめる,ハジメ,ハジメ
まし	助動詞,*,*,*,特殊・マス,連用形,ます,マシ,マシ
た	助動詞,*,*,*,特殊・タ,基本形,た,タ,タ
。	記号,句点,*,*,*,*,。,。,。
あなた	名詞,代名詞,一般,*,*,*,あなた,アナタ,アナタ
の	助詞,連体化,*,*,*,*,の,ノ,ノ
天幕	名詞,固有名詞,地域,一般,*,*,天幕,テンマク,テンマク
村	名詞,接尾,地域,*,*,*,村,ムラ,ムラ
―	記号,一般,*,*,*,*,―,―,―
そこ	名詞,代名詞,一般,*,*,*,そこ,ソコ,ソコ
に	助詞,格助詞,一般,*,*,*,に,ニ,ニ
彼ら	名詞,代名詞,一般,*,*,*,彼ら,カレラ,カレラ
は	助詞,係助詞,*,*,*,*,は,ハ,ワ
住み	動詞,自立,*,*,五段・マ行,連用形,住む,スミ,スミ
まし	助動詞,*,*,*,特殊・マス,連用形,ます,マシ,マシ
た	助動詞,*,*,*,特殊・タ,基本形,た,タ,タ
。	記号,句点,*,*,*,*,。,。,。
エホバ	名詞,一般,*,*,*,*,エホバ,エホバ,エホバ
ご	接頭詞,名詞接続,*,*,*,*,ご,ゴ,ゴ
自身	名詞,一般,*,*,*,*,自身,ジシン,ジシン
が	助詞,格助詞,一般,*,*,*,が,ガ,ガ
み	接頭詞,名詞接続,*,*,*,*,み,ミ,ミ
ことば	名詞,一般,*,*,*,*,ことば,コトバ,コトバ
を	助詞,格助詞,一般,*,*,*,を,ヲ,ヲ
与え	動詞,自立,*,*,一段,連用形,与える,アタエ,アタエ
て	助詞,接続助詞,*,*,*,*,て,テ,テ
くださる	動詞,非自立,*,*,五段・ラ行特殊,基本形,くださる,クダサル,クダサル
。	記号,句点,*,*,*,*,。,。,。
軍勢	名詞,一般,*,*,*,*,軍勢,グンゼイ,グンゼイ
の	助詞,連体化,*,*,*,*,の,ノ,ノ
王	名詞,一般,*,*,*,*,王,オウ,オー
たち	名詞,接尾,一般,*,*,*,たち,タチ,タチ
で	助詞,格助詞,一般,*,*,*,で,デ,デ
さえ	助詞,係助詞,*,*,*,*,さえ,サエ,サエ
逃げる	動詞,自立,*,*,一段,基本形,逃げる,ニゲル,ニゲル
。	記号,句点,*,*,*,*,。,。,。
彼ら	名詞,代名詞,一般,*,*,*,彼ら,カレラ,カレラ
は	助詞,係助詞,*,*,*,*,は,ハ,ワ
逃げる	動詞,自立,*,*,一段,基本形,逃げる,ニゲル,ニゲル
。	記号,句点,*,*,*,*,。,。,。
あなた	名詞,代名詞,一般,*,*,*,あなた,アナタ,アナタ
方	名詞,接尾,一般,*,*,*,方,カタ,カタ
は	助詞,係助詞,*,*,*,*,は,ハ,ワ
[	名詞,サ変接続,*,*,*,*,*
宿営	名詞,サ変接続,*,*,*,*,宿営,シュクエイ,シュクエイ
の	助詞,連体化,*,*,*,*,の,ノ,ノ
]	名詞,サ変接続,*,*,*,*,*
灰	名詞,一般,*,*,*,*,灰,ハイ,ハイ
の	助詞,連体化,*,*,*,*,の,ノ,ノ
山	名詞,一般,*,*,*,*,山,ヤマ,ヤマ
の	助詞,連体化,*,*,*,*,の,ノ,ノ
間	名詞,一般,*,*,*,*,間,マ,マ
に	助詞,格助詞,一般,*,*,*,に,ニ,ニ
横たわっ	動詞,自立,*,*,五段・ラ行,連用タ接続,横たわる,ヨコタワッ,ヨコタワッ
て	助詞,接続助詞,*,*,*,*,て,テ,テ
い	動詞,非自立,*,*,一段,連用形,いる,イ,イ
た	助動詞,*,*,*,特殊・タ,基本形,た,タ,タ
が	助詞,接続助詞,*,*,*,*,が,ガ,ガ
，	記号,読点,*,*,*,*,，,，,，
全能	名詞,一般,*,*,*,*,全能,ゼンノウ,ゼンノー
者	名詞,接尾,一般,*,*,*,者,シャ,シャ
が	助詞,格助詞,一般,*,*,*,が,ガ,ガ
そこ	名詞,代名詞,一般,*,*,*,そこ,ソコ,ソコ
で	助詞,格助詞,一般,*,*,*,で,デ,デ
王	名詞,一般,*,*,*,*,王,オウ,オー
たち	名詞,接尾,一般,*,*,*,たち,タチ,タチ
を	助詞,格助詞,一般,*,*,*,を,ヲ,ヲ
広く	形容詞,自立,*,*,形容詞・アウオ段,連用テ接続,広い,ヒロク,ヒロク
散らさ	動詞,自立,*,*,五段・サ行,未然形,散らす,チラサ,チラサ
れ	動詞,接尾,*,*,一段,連用形,れる,レ,レ
た	助動詞,*,*,*,特殊・タ,基本形,た,タ,タ
とき	名詞,非自立,副詞可能,*,*,*,とき,トキ,トキ
，	記号,読点,*,*,*,*,，,，,，
バシャン	名詞,一般,*,*,*,*,*
の	助詞,連体化,*,*,*,*,の,ノ,ノ
山地	名詞,一般,*,*,*,*,山地,サンチ,サンチ
は	助詞,係助詞,*,*,*,*,は,ハ,ワ
神の山	名詞,固有名詞,地域,一般,*,*,神の山,カミノヤマ,カミノヤマ
，	記号,読点,*,*,*,*,，,，,，
峰	名詞,一般,*,*,*,*,峰,ミネ,ミネ
の	助詞,格助詞,一般,*,*,*,の,ノ,ノ
連なる	動詞,自立,*,*,五段・ラ行,基本形,連なる,ツラナル,ツラナル
山々	名詞,一般,*,*,*,*,山々,ヤマヤマ,ヤマヤマ
よ	助詞,終助詞,*,*,*,*,よ,ヨ,ヨ
，	記号,読点,*,*,*,*,，,，,，
なぜ	副詞,助詞類接続,*,*,*,*,なぜ,ナゼ,ナゼ
お前	名詞,代名詞,一般,*,*,*,お前,オマエ,オマエ
たち	名詞,接尾,一般,*,*,*,たち,タチ,タチ
は	助詞,係助詞,*,*,*,*,は,ハ,ワ
，	記号,読点,*,*,*,*,，,，,，
神	名詞,一般,*,*,*,*,神,カミ,カミ
の	助詞,連体化,*,*,*,*,の,ノ,ノ
戦車	名詞,一般,*,*,*,*,戦車,センシャ,センシャ
は	助詞,係助詞,*,*,*,*,は,ハ,ワ
幾	名詞,数,*,*,*,*,幾,イク,イク
万	名詞,数,*,*,*,*,万,マン,マン
，	名詞,数,*,*,*,*,，,，,，
幾	名詞,数,*,*,*,*,幾,イク,イク
千	名詞,数,*,*,*,*,千,セン,セン
と	助詞,格助詞,引用,*,*,*,と,ト,ト
なく	形容詞,自立,*,*,形容詞・アウオ段,連用テ接続,ない,ナク,ナク
ある	動詞,自立,*,*,五段・ラ行,基本形,ある,アル,アル
。	記号,句点,*,*,*,*,。,。,。
あなた	名詞,代名詞,一般,*,*,*,あなた,アナタ,アナタ
は	助詞,係助詞,*,*,*,*,は,ハ,ワ
高い	形容詞,自立,*,*,形容詞・アウオ段,基本形,高い,タカイ,タカイ
所	名詞,非自立,副詞可能,*,*,*,所,トコロ,トコロ
に	助詞,格助詞,一般,*,*,*,に,ニ,ニ
上ら	動詞,自立,*,*,五段・ラ行,未然形,上る,ノボラ,ノボラ
れ	動詞,接尾,*,*,一段,連用形,れる,レ,レ
まし	助動詞,*,*,*,特殊・マス,連用形,ます,マシ,マシ
た	助動詞,*,*,*,特殊・タ,基本形,た,タ,タ
。	記号,句点,*,*,*,*,。,。,。
日	名詞,固有名詞,地域,国,*,*,日,ニチ,ニチ
ごと	名詞,接尾,一般,*,*,*,ごと,ゴト,ゴト
に	助詞,格助詞,一般,*,*,*,に,ニ,ニ
わたし	名詞,代名詞,一般,*,*,*,わたし,ワタシ,ワタシ
たち	名詞,接尾,一般,*,*,*,たち,タチ,タチ
の	助詞,連体化,*,*,*,*,の,ノ,ノ
ため	名詞,非自立,副詞可能,*,*,*,ため,タメ,タメ
に	助詞,格助詞,一般,*,*,*,に,ニ,ニ
荷	名詞,一般,*,*,*,*,荷,ニ,ニ
を	助詞,格助詞,一般,*,*,*,を,ヲ,ヲ
負っ	動詞,自立,*,*,五段・ワ行促音便,連用タ接続,負う,オッ,オッ
て	助詞,接続助詞,*,*,*,*,て,テ,テ
くださる	動詞,非自立,*,*,五段・ラ行特殊,基本形,くださる,クダサル,クダサル
エホバ	名詞,一般,*,*,*,*,エホバ,エホバ,エホバ
が	助詞,格助詞,一般,*,*,*,が,ガ,ガ
，	記号,読点,*,*,*,*,，,，,，
わたし	名詞,代名詞,一般,*,*,*,わたし,ワタシ,ワタシ
たち	名詞,接尾,一般,*,*,*,たち,タチ,タチ
にとって	助詞,格助詞,連語,*,*,*,にとって,ニトッテ,ニトッテ
[	名詞,サ変接続,*,*,*,*,*
ま	フィラー,*,*,*,*,*,ま,マ,マ
こと	名詞,非自立,一般,*,*,*,こと,コト,コト
の	助詞,連体化,*,*,*,*,の,ノ,ノ
]	名詞,サ変接続,*,*,*,*,*
神	名詞,接尾,一般,*,*,*,神,シン,シン
は	助詞,係助詞,*,*,*,*,は,ハ,ワ
救い	名詞,一般,*,*,*,*,救い,スクイ,スクイ
を	助詞,格助詞,一般,*,*,*,を,ヲ,ヲ
施さ	動詞,自立,*,*,五段・サ行,未然形,施す,ホドコサ,ホドコサ
れる	動詞,接尾,*,*,一段,基本形,れる,レル,レル
神	名詞,一般,*,*,*,*,神,カミ,カミ
。	記号,句点,*,*,*,*,。,。,。
実に	副詞,一般,*,*,*,*,実に,ジツニ,ジツニ
神	名詞,固有名詞,人名,姓,*,*,神,カミ,カミ
ご	接頭詞,名詞接続,*,*,*,*,ご,ゴ,ゴ
自身	名詞,一般,*,*,*,*,自身,ジシン,ジシン
が	助詞,格助詞,一般,*,*,*,が,ガ,ガ
その	連体詞,*,*,*,*,*,その,ソノ,ソノ
敵	名詞,一般,*,*,*,*,敵,テキ,テキ
の	助詞,連体化,*,*,*,*,の,ノ,ノ
頭	名詞,一般,*,*,*,*,頭,アタマ,アタマ
を	助詞,格助詞,一般,*,*,*,を,ヲ,ヲ
，	記号,読点,*,*,*,*,，,，,，
エホバ	名詞,一般,*,*,*,*,エホバ,エホバ,エホバ
は	助詞,係助詞,*,*,*,*,は,ハ,ワ
言わ	動詞,自立,*,*,五段・ワ行促音便,未然形,言う,イワ,イワ
れ	動詞,接尾,*,*,一段,連用形,れる,レ,レ
た	助動詞,*,*,*,特殊・タ,基本形,た,タ,タ
，	記号,読点,*,*,*,*,，,，,，
「	記号,括弧開,*,*,*,*,「,「,「
わたし	名詞,代名詞,一般,*,*,*,わたし,ワタシ,ワタシ
は	助詞,係助詞,*,*,*,*,は,ハ,ワ
バシャン	名詞,一般,*,*,*,*,*
から	助詞,格助詞,一般,*,*,*,から,カラ,カラ
連れ戻し	動詞,自立,*,*,五段・サ行,連用形,連れ戻す,ツレモドシ,ツレモドシ
，	記号,読点,*,*,*,*,，,，,，
それ	名詞,代名詞,一般,*,*,*,それ,ソレ,ソレ
は	助詞,係助詞,*,*,*,*,は,ハ,ワ
，	記号,読点,*,*,*,*,，,，,，
あなた	名詞,代名詞,一般,*,*,*,あなた,アナタ,アナタ
が	助詞,格助詞,一般,*,*,*,が,ガ,ガ
足	名詞,一般,*,*,*,*,足,アシ,アシ
を	助詞,格助詞,一般,*,*,*,を,ヲ,ヲ
血	名詞,一般,*,*,*,*,血,チ,チ
で	助詞,格助詞,一般,*,*,*,で,デ,デ
洗い	動詞,自立,*,*,五段・ワ行促音便,連用形,洗う,アライ,アライ
，	記号,読点,*,*,*,*,，,，,，
神	名詞,一般,*,*,*,*,神,カミ,カミ
よ	助詞,終助詞,*,*,*,*,よ,ヨ,ヨ
，	記号,読点,*,*,*,*,，,，,，
彼ら	名詞,代名詞,一般,*,*,*,彼ら,カレラ,カレラ
は	助詞,係助詞,*,*,*,*,は,ハ,ワ
あなた	名詞,代名詞,一般,*,*,*,あなた,アナタ,アナタ
の	助詞,連体化,*,*,*,*,の,ノ,ノ
行列	名詞,サ変接続,*,*,*,*,行列,ギョウレツ,ギョーレツ
を	助詞,格助詞,一般,*,*,*,を,ヲ,ヲ
見	動詞,自立,*,*,一段,連用形,見る,ミ,ミ
まし	助動詞,*,*,*,特殊・マス,連用形,ます,マシ,マシ
た	助動詞,*,*,*,特殊・タ,基本形,た,タ,タ
，	記号,読点,*,*,*,*,，,，,，
歌う	動詞,自立,*,*,五段・ワ行促音便,基本形,歌う,ウタウ,ウタウ
たい	名詞,一般,*,*,*,*,たい,タイ,タイ
たち	名詞,接尾,一般,*,*,*,たち,タチ,タチ
は	助詞,係助詞,*,*,*,*,は,ハ,ワ
前	名詞,副詞可能,*,*,*,*,前,マエ,マエ
を	助詞,格助詞,一般,*,*,*,を,ヲ,ヲ
行き	動詞,自立,*,*,五段・カ行促音便,連用形,行く,イキ,イキ
，	記号,読点,*,*,*,*,，,，,，
弦楽器	名詞,一般,*,*,*,*,弦楽器,ゲンガッキ,ゲンガッキ
を	助詞,格助詞,一般,*,*,*,を,ヲ,ヲ
弾く	動詞,自立,*,*,五段・カ行イ音便,基本形,弾く,ヒク,ヒク
者	名詞,一般,*,*,*,*,者,モノ,モノ
たち	名詞,接尾,一般,*,*,*,たち,タチ,タチ
は	助詞,係助詞,*,*,*,*,は,ハ,ワ
その後	名詞,副詞可能,*,*,*,*,その後,ソノゴ,ソノゴ
に従い	助詞,格助詞,連語,*,*,*,に従い,ニシタガイ,ニシタガイ
，	記号,読点,*,*,*,*,，,，,，
イスラエル	名詞,固有名詞,地域,国,*,*,イスラエル,イスラエル,イスラエル
の	助詞,連体化,*,*,*,*,の,ノ,ノ
源	名詞,一般,*,*,*,*,源,ミナモト,ミナモト
から	助詞,格助詞,一般,*,*,*,から,カラ,カラ
[	名詞,サ変接続,*,*,*,*,*
出	動詞,自立,*,*,一段,連用形,出る,デ,デ
た	助動詞,*,*,*,特殊・タ,基本形,た,タ,タ
者	名詞,一般,*,*,*,*,者,モノ,モノ
たち	名詞,接尾,一般,*,*,*,たち,タチ,タチ
よ	助詞,終助詞,*,*,*,*,よ,ヨ,ヨ
]，	名詞,サ変接続,*,*,*,*,*
そこ	名詞,代名詞,一般,*,*,*,そこ,ソコ,ソコ
で	助詞,格助詞,一般,*,*,*,で,デ,デ
は	助詞,係助詞,*,*,*,*,は,ハ,ワ
小さい	形容詞,自立,*,*,形容詞・アウオ段,基本形,小さい,チイサイ,チーサイ
ベニヤ	名詞,一般,*,*,*,*,ベニヤ,ベニヤ,ベニヤ
ミン	名詞,固有名詞,一般,*,*,*,ミン,ミン,ミン
が	助詞,格助詞,一般,*,*,*,が,ガ,ガ
彼ら	名詞,代名詞,一般,*,*,*,彼ら,カレラ,カレラ
を	助詞,格助詞,一般,*,*,*,を,ヲ,ヲ
従え	動詞,自立,*,*,一段,連用形,従える,シタガエ,シタガエ
て	助詞,接続助詞,*,*,*,*,て,テ,テ
おり	動詞,非自立,*,*,五段・ラ行,連用形,おる,オリ,オリ
，	記号,読点,*,*,*,*,，,，,，
あなた	名詞,代名詞,一般,*,*,*,あなた,アナタ,アナタ
の	助詞,連体化,*,*,*,*,の,ノ,ノ
神	名詞,一般,*,*,*,*,神,カミ,カミ
は	助詞,係助詞,*,*,*,*,は,ハ,ワ
あなた	名詞,代名詞,一般,*,*,*,あなた,アナタ,アナタ
の	助詞,連体化,*,*,*,*,の,ノ,ノ
力	名詞,一般,*,*,*,*,力,チカラ,チカラ
に	助詞,格助詞,一般,*,*,*,に,ニ,ニ
命令	名詞,サ変接続,*,*,*,*,命令,メイレイ,メイレイ
を	助詞,格助詞,一般,*,*,*,を,ヲ,ヲ
下さ	動詞,自立,*,*,五段・サ行,未然形,下す,クダサ,クダサ
れ	動詞,接尾,*,*,一段,連用形,れる,レ,レ
まし	助動詞,*,*,*,特殊・マス,連用形,ます,マシ,マシ
た	助動詞,*,*,*,特殊・タ,基本形,た,タ,タ
。	記号,句点,*,*,*,*,。,。,。
エルサレム	名詞,固有名詞,地域,一般,*,*,エルサレム,エルサレム,エルサレム
に	助詞,格助詞,一般,*,*,*,に,ニ,ニ
ある	動詞,自立,*,*,五段・ラ行,基本形,ある,アル,アル
あなた	名詞,代名詞,一般,*,*,*,あなた,アナタ,アナタ
の	助詞,連体化,*,*,*,*,の,ノ,ノ
神殿	名詞,一般,*,*,*,*,神殿,シンデン,シンデン
の	助詞,連体化,*,*,*,*,の,ノ,ノ
ゆえ	名詞,非自立,副詞可能,*,*,*,ゆえ,ユエ,ユエ
に	助詞,格助詞,一般,*,*,*,に,ニ,ニ
，	記号,読点,*,*,*,*,，,，,，
葦	名詞,一般,*,*,*,*,葦,アシ,アシ
の	助詞,連体化,*,*,*,*,の,ノ,ノ
中	名詞,非自立,副詞可能,*,*,*,中,ナカ,ナカ
の	助詞,連体化,*,*,*,*,の,ノ,ノ
野獣	名詞,一般,*,*,*,*,野獣,ヤジュウ,ヤジュー
，	記号,読点,*,*,*,*,，,，,，
雄	接頭詞,名詞接続,*,*,*,*,雄,オ,オ
牛	名詞,一般,*,*,*,*,牛,ウシ,ウシ
の	助詞,連体化,*,*,*,*,の,ノ,ノ
集まり	名詞,一般,*,*,*,*,集まり,アツマリ,アツマリ
を	助詞,格助詞,一般,*,*,*,を,ヲ,ヲ
，	記号,読点,*,*,*,*,，,，,，
青銅	名詞,一般,*,*,*,*,青銅,セイドウ,セイドー
の	助詞,連体化,*,*,*,*,の,ノ,ノ
品々	名詞,一般,*,*,*,*,品々,シナジナ,シナジナ
が	助詞,格助詞,一般,*,*,*,が,ガ,ガ
エジプト	名詞,固有名詞,地域,国,*,*,エジプト,エジプト,エジプト
から	助詞,格助詞,一般,*,*,*,から,カラ,カラ
出	動詞,自立,*,*,一段,連用形,出る,デ,デ
て	助詞,接続助詞,*,*,*,*,て,テ,テ
くる	動詞,非自立,*,*,カ変・クル,基本形,くる,クル,クル
。	記号,句点,*,*,*,*,。,。,。
ああ	感動詞,*,*,*,*,*,ああ,アア,アー
，	記号,読点,*,*,*,*,，,，,，
地	名詞,一般,*,*,*,*,地,チ,チ
の	助詞,連体化,*,*,*,*,の,ノ,ノ
もろもろ	名詞,一般,*,*,*,*,もろもろ,モロモロ,モロモロ
の	助詞,連体化,*,*,*,*,の,ノ,ノ
王国	名詞,一般,*,*,*,*,王国,オウコク,オーコク
よ	助詞,終助詞,*,*,*,*,よ,ヨ,ヨ
，	記号,読点,*,*,*,*,，,，,，
神	名詞,一般,*,*,*,*,神,カミ,カミ
に	助詞,格助詞,一般,*,*,*,に,ニ,ニ
向かっ	動詞,自立,*,*,五段・ワ行促音便,連用タ接続,向かう,ムカッ,ムカッ
て	助詞,接続助詞,*,*,*,*,て,テ,テ
歌い	動詞,自立,*,*,五段・ワ行促音便,連用形,歌う,ウタイ,ウタイ
，	記号,読点,*,*,*,*,，,，,，
古	名詞,一般,*,*,*,*,古,イニシエ,イニシエ
から	助詞,格助詞,一般,*,*,*,から,カラ,カラ
の	助詞,連体化,*,*,*,*,の,ノ,ノ
天	名詞,一般,*,*,*,*,天,テン,テン
の	助詞,連体化,*,*,*,*,の,ノ,ノ
天	名詞,一般,*,*,*,*,天,テン,テン
に	助詞,格助詞,一般,*,*,*,に,ニ,ニ
乗り	動詞,自立,*,*,五段・ラ行,連用形,乗る,ノリ,ノリ
進ま	動詞,自立,*,*,五段・マ行,未然形,進む,ススマ,ススマ
れる	動詞,接尾,*,*,一段,基本形,れる,レル,レル
方	名詞,非自立,一般,*,*,*,方,ホウ,ホー
に	助詞,格助詞,一般,*,*,*,に,ニ,ニ
[	名詞,サ変接続,*,*,*,*,*
調べ	名詞,一般,*,*,*,*,調べ,シラベ,シラベ
を	助詞,格助詞,一般,*,*,*,を,ヲ,ヲ
奏でよ	動詞,自立,*,*,一段,命令ｙｏ,奏でる,カナデヨ,カナデヨ
]。	名詞,サ変接続,*,*,*,*,*
力	名詞,接尾,一般,*,*,*,力,リョク,リョク
を	助詞,格助詞,一般,*,*,*,を,ヲ,ヲ
神	名詞,一般,*,*,*,*,神,カミ,カミ
に	助詞,格助詞,一般,*,*,*,に,ニ,ニ
帰せ	動詞,自立,*,*,五段・サ行,命令ｅ,帰す,カエセ,カエセ
よ	助詞,終助詞,*,*,*,*,よ,ヨ,ヨ
。	記号,句点,*,*,*,*,。,。,。
神	名詞,一般,*,*,*,*,神,カミ,カミ
は	助詞,係助詞,*,*,*,*,は,ハ,ワ
畏怖	名詞,サ変接続,*,*,*,*,畏怖,イフ,イフ
の	助詞,連体化,*,*,*,*,の,ノ,ノ
念	名詞,一般,*,*,*,*,念,ネン,ネン
を	助詞,格助詞,一般,*,*,*,を,ヲ,ヲ
抱か	動詞,自立,*,*,五段・カ行イ音便,未然形,抱く,イダカ,イダカ
せる	動詞,接尾,*,*,一段,基本形,せる,セル,セル
方	名詞,非自立,一般,*,*,*,方,ホウ,ホー
で	助動詞,*,*,*,特殊・ダ,連用形,だ,デ,デ
あり	助動詞,*,*,*,五段・ラ行アル,連用形,ある,アリ,アリ
，	記号,読点,*,*,*,*,，,，,，
あなた	名詞,代名詞,一般,*,*,*,あなた,アナタ,アナタ
の	助詞,連体化,*,*,*,*,の,ノ,ノ
大いなる	連体詞,*,*,*,*,*,大いなる,オオイナル,オーイナル
聖	名詞,一般,*,*,*,*,聖,ヒジリ,ヒジリ
所	名詞,接尾,一般,*,*,*,所,ショ,ショ
から	助詞,格助詞,一般,*,*,*,から,カラ,カラ
[	名詞,サ変接続,*,*,*,*,*
現われ	動詞,自立,*,*,一段,連用形,現われる,アラワレ,アラワレ
出る	動詞,自立,*,*,一段,基本形,出る,デル,デル
]。	名詞,サ変接続,*,*,*,*,*
EOS
