エホバ	名詞,一般,*,*,*,*,エホバ,エホバ,エホバ
よ	助詞,終助詞,*,*,*,*,よ,ヨ,ヨ
，	記号,読点,*,*,*,*,，,，,，
わたし	名詞,代名詞,一般,*,*,*,わたし,ワタシ,ワタシ
に	助詞,格助詞,一般,*,*,*,に,ニ,ニ
反対	名詞,サ変接続,*,*,*,*,反対,ハンタイ,ハンタイ
する	動詞,自立,*,*,サ変・スル,基本形,する,スル,スル
者	名詞,一般,*,*,*,*,者,モノ,モノ
たち	名詞,接尾,一般,*,*,*,たち,タチ,タチ
に対して	助詞,格助詞,連語,*,*,*,に対して,ニタイシテ,ニタイシテ
わたし	名詞,代名詞,一般,*,*,*,わたし,ワタシ,ワタシ
の	助詞,連体化,*,*,*,*,の,ノ,ノ
訴え	名詞,一般,*,*,*,*,訴え,ウッタエ,ウッタエ
を	助詞,格助詞,一般,*,*,*,を,ヲ,ヲ
取り上げ	動詞,自立,*,*,一段,連用形,取り上げる,トリアゲ,トリアゲ
て	助詞,接続助詞,*,*,*,*,て,テ,テ
ください	動詞,非自立,*,*,五段・ラ行特殊,命令ｉ,くださる,クダサイ,クダサイ
。	記号,句点,*,*,*,*,。,。,。
 	記号,一般,*,*,*,*,*
丸	名詞,固有名詞,人名,姓,*,*,丸,マル,マル
盾	名詞,一般,*,*,*,*,盾,タテ,タテ
と	助詞,並立助詞,*,*,*,*,と,ト,ト
大	接頭詞,名詞接続,*,*,*,*,大,ダイ,ダイ
盾	名詞,一般,*,*,*,*,盾,タテ,タテ
を	助詞,格助詞,一般,*,*,*,を,ヲ,ヲ
取り	動詞,自立,*,*,五段・ラ行,連用形,取る,トリ,トリ
，	記号,読点,*,*,*,*,，,，,，
 	記号,一般,*,*,*,*,*
どうか	副詞,一般,*,*,*,*,どうか,ドウカ,ドーカ
槍	名詞,一般,*,*,*,*,槍,ヤリ,ヤリ
と	助詞,並立助詞,*,*,*,*,と,ト,ト
両刃	名詞,一般,*,*,*,*,両刃,リョウバ,リョーバ
の	助詞,連体化,*,*,*,*,の,ノ,ノ
斧	名詞,一般,*,*,*,*,斧,オノ,オノ
を	助詞,格助詞,一般,*,*,*,を,ヲ,ヲ
抜き	動詞,自立,*,*,五段・カ行イ音便,連用形,抜く,ヌキ,ヌキ
，	記号,読点,*,*,*,*,，,，,，
わたし	名詞,代名詞,一般,*,*,*,わたし,ワタシ,ワタシ
を	助詞,格助詞,一般,*,*,*,を,ヲ,ヲ
追跡	名詞,サ変接続,*,*,*,*,追跡,ツイセキ,ツイセキ
する	動詞,自立,*,*,サ変・スル,基本形,する,スル,スル
者	名詞,一般,*,*,*,*,者,モノ,モノ
たち	名詞,接尾,一般,*,*,*,たち,タチ,タチ
に	助詞,格助詞,一般,*,*,*,に,ニ,ニ
立ち向かっ	動詞,自立,*,*,五段・ワ行促音便,連用タ接続,立ち向かう,タチムカッ,タチムカッ
て	助詞,接続助詞,*,*,*,*,て,テ,テ
ください	動詞,非自立,*,*,五段・ラ行特殊,命令ｉ,くださる,クダサイ,クダサイ
。	記号,句点,*,*,*,*,。,。,。
 	記号,一般,*,*,*,*,*
わたし	名詞,代名詞,一般,*,*,*,わたし,ワタシ,ワタシ
の	助詞,連体化,*,*,*,*,の,ノ,ノ
魂	名詞,一般,*,*,*,*,魂,タマシイ,タマシー
を	助詞,格助詞,一般,*,*,*,を,ヲ,ヲ
つけねらっ	動詞,自立,*,*,五段・ワ行促音便,連用タ接続,つけねらう,ツケネラッ,ツケネラッ
て	助詞,接続助詞,*,*,*,*,て,テ,テ
いる	動詞,非自立,*,*,一段,基本形,いる,イル,イル
者	名詞,一般,*,*,*,*,者,モノ,モノ
たち	名詞,接尾,一般,*,*,*,たち,タチ,タチ
が	助詞,格助詞,一般,*,*,*,が,ガ,ガ
恥	名詞,一般,*,*,*,*,恥,ハジ,ハジ
を	助詞,格助詞,一般,*,*,*,を,ヲ,ヲ
かき	動詞,自立,*,*,五段・カ行イ音便,連用形,かく,カキ,カキ
，	記号,読点,*,*,*,*,，,，,，
辱め	動詞,自立,*,*,一段,未然形,辱める,ハズカシメ,ハズカシメ
られ	動詞,接尾,*,*,一段,連用形,られる,ラレ,ラレ
ます	助動詞,*,*,*,特殊・マス,基本形,ます,マス,マス
よう	名詞,非自立,助動詞語幹,*,*,*,よう,ヨウ,ヨー
に	助詞,格助詞,一般,*,*,*,に,ニ,ニ
。	記号,句点,*,*,*,*,。,。,。
 	記号,一般,*,*,*,*,*
彼ら	名詞,代名詞,一般,*,*,*,彼ら,カレラ,カレラ
が	助詞,格助詞,一般,*,*,*,が,ガ,ガ
風	名詞,一般,*,*,*,*,風,カゼ,カゼ
の	助詞,連体化,*,*,*,*,の,ノ,ノ
前	名詞,副詞可能,*,*,*,*,前,マエ,マエ
の	助詞,連体化,*,*,*,*,の,ノ,ノ
もみ	名詞,一般,*,*,*,*,もみ,モミ,モミ
がら	名詞,接尾,一般,*,*,*,がら,ガラ,ガラ
の	助詞,連体化,*,*,*,*,の,ノ,ノ
よう	名詞,非自立,助動詞語幹,*,*,*,よう,ヨウ,ヨー
に	助詞,格助詞,一般,*,*,*,に,ニ,ニ
なり	動詞,自立,*,*,五段・ラ行,連用形,なる,ナリ,ナリ
ます	助動詞,*,*,*,特殊・マス,基本形,ます,マス,マス
よう	名詞,非自立,助動詞語幹,*,*,*,よう,ヨウ,ヨー
に	助詞,格助詞,一般,*,*,*,に,ニ,ニ
。	記号,句点,*,*,*,*,。,。,。
 	記号,一般,*,*,*,*,*
彼ら	名詞,代名詞,一般,*,*,*,彼ら,カレラ,カレラ
の	助詞,連体化,*,*,*,*,の,ノ,ノ
道	名詞,一般,*,*,*,*,道,ミチ,ミチ
を	助詞,格助詞,一般,*,*,*,を,ヲ,ヲ
闇	名詞,一般,*,*,*,*,闇,ヤミ,ヤミ
，	記号,読点,*,*,*,*,，,，,，
また	接続詞,*,*,*,*,*,また,マタ,マタ
，	記号,読点,*,*,*,*,，,，,，
滑り	動詞,自立,*,*,五段・ラ行,連用形,滑る,スベリ,スベリ
やすい	形容詞,非自立,*,*,形容詞・アウオ段,基本形,やすい,ヤスイ,ヤスイ
所	名詞,非自立,副詞可能,*,*,*,所,トコロ,トコロ
と	助詞,格助詞,一般,*,*,*,と,ト,ト
し	動詞,自立,*,*,サ変・スル,連用形,する,シ,シ
，	記号,読点,*,*,*,*,，,，,，
 	記号,一般,*,*,*,*,*
彼ら	名詞,代名詞,一般,*,*,*,彼ら,カレラ,カレラ
は	助詞,係助詞,*,*,*,*,は,ハ,ワ
理由	名詞,一般,*,*,*,*,理由,リユウ,リユー
も	助詞,係助詞,*,*,*,*,も,モ,モ
なく	形容詞,自立,*,*,形容詞・アウオ段,連用テ接続,ない,ナク,ナク
，	記号,読点,*,*,*,*,，,，,，
網	名詞,一般,*,*,*,*,網,アミ,アミ
の	助詞,格助詞,一般,*,*,*,の,ノ,ノ
張っ	動詞,自立,*,*,五段・ラ行,連用タ接続,張る,ハッ,ハッ
て	助詞,接続助詞,*,*,*,*,て,テ,テ
ある	動詞,非自立,*,*,五段・ラ行,基本形,ある,アル,アル
坑	名詞,一般,*,*,*,*,坑,アナ,アナ
を	助詞,格助詞,一般,*,*,*,を,ヲ,ヲ
わたし	名詞,代名詞,一般,*,*,*,わたし,ワタシ,ワタシ
の	助詞,連体化,*,*,*,*,の,ノ,ノ
ため	名詞,非自立,副詞可能,*,*,*,ため,タメ,タメ
に	助詞,格助詞,一般,*,*,*,に,ニ,ニ
隠し	動詞,自立,*,*,五段・サ行,連用形,隠す,カクシ,カクシ
，	記号,読点,*,*,*,*,，,，,，
 	記号,一般,*,*,*,*,*
彼	名詞,代名詞,一般,*,*,*,彼,カレ,カレ
の	助詞,格助詞,一般,*,*,*,の,ノ,ノ
気づか	動詞,自立,*,*,五段・カ行イ音便,未然形,気づく,キヅカ,キズカ
ない	助動詞,*,*,*,特殊・ナイ,基本形,ない,ナイ,ナイ
うち	名詞,非自立,副詞可能,*,*,*,うち,ウチ,ウチ
に	助詞,格助詞,一般,*,*,*,に,ニ,ニ
滅び	動詞,自立,*,*,一段,連用形,滅びる,ホロビ,ホロビ
が	助詞,格助詞,一般,*,*,*,が,ガ,ガ
臨む	動詞,自立,*,*,五段・マ行,基本形,臨む,ノゾム,ノゾム
よう	名詞,非自立,助動詞語幹,*,*,*,よう,ヨウ,ヨー
に	助詞,格助詞,一般,*,*,*,に,ニ,ニ
。	記号,句点,*,*,*,*,。,。,。
 	記号,一般,*,*,*,*,*
しかし	接続詞,*,*,*,*,*,しかし,シカシ,シカシ
わたし	名詞,代名詞,一般,*,*,*,わたし,ワタシ,ワタシ
の	助詞,連体化,*,*,*,*,の,ノ,ノ
魂	名詞,一般,*,*,*,*,魂,タマシイ,タマシー
は	助詞,係助詞,*,*,*,*,は,ハ,ワ
，	記号,読点,*,*,*,*,，,，,，
エホバ	名詞,一般,*,*,*,*,エホバ,エホバ,エホバ
に	助詞,格助詞,一般,*,*,*,に,ニ,ニ
あっ	動詞,自立,*,*,五段・ラ行,連用タ接続,ある,アッ,アッ
て	助詞,接続助詞,*,*,*,*,て,テ,テ
喜び	動詞,自立,*,*,五段・バ行,連用形,喜ぶ,ヨロコビ,ヨロコビ
，	記号,読点,*,*,*,*,，,，,，
わたし	名詞,代名詞,一般,*,*,*,わたし,ワタシ,ワタシ
の	助詞,連体化,*,*,*,*,の,ノ,ノ
骨	名詞,一般,*,*,*,*,骨,ホネ,ホネ
が	助詞,格助詞,一般,*,*,*,が,ガ,ガ
みな	名詞,副詞可能,*,*,*,*,みな,ミナ,ミナ
言い	動詞,自立,*,*,五段・ワ行促音便,連用形,言う,イイ,イイ
ます	助動詞,*,*,*,特殊・マス,基本形,ます,マス,マス
よう	名詞,非自立,助動詞語幹,*,*,*,よう,ヨウ,ヨー
に	助詞,副詞化,*,*,*,*,に,ニ,ニ
，	記号,読点,*,*,*,*,，,，,，
暴虐	名詞,形容動詞語幹,*,*,*,*,暴虐,ボウギャク,ボーギャク
な	助動詞,*,*,*,特殊・ダ,体言接続,だ,ナ,ナ
証人	名詞,一般,*,*,*,*,証人,ショウニン,ショーニン
たち	名詞,接尾,一般,*,*,*,たち,タチ,タチ
が	助詞,格助詞,一般,*,*,*,が,ガ,ガ
立ち上がり	動詞,自立,*,*,五段・ラ行,連用形,立ち上がる,タチアガリ,タチアガリ
，	記号,読点,*,*,*,*,，,，,，
彼ら	名詞,代名詞,一般,*,*,*,彼ら,カレラ,カレラ
は	助詞,係助詞,*,*,*,*,は,ハ,ワ
善	名詞,一般,*,*,*,*,善,ゼン,ゼン
に対して	助詞,格助詞,連語,*,*,*,に対して,ニタイシテ,ニタイシテ
悪	名詞,一般,*,*,*,*,悪,アク,アク
を	助詞,格助詞,一般,*,*,*,を,ヲ,ヲ
，	記号,読点,*,*,*,*,，,，,，
しかし	接続詞,*,*,*,*,*,しかし,シカシ,シカシ
わたし	名詞,代名詞,一般,*,*,*,わたし,ワタシ,ワタシ
は	助詞,係助詞,*,*,*,*,は,ハ,ワ
と	助詞,格助詞,引用,*,*,*,と,ト,ト
いう	動詞,自立,*,*,五段・ワ行促音便,基本形,いう,イウ,イウ
と	助詞,接続助詞,*,*,*,*,と,ト,ト
，	記号,読点,*,*,*,*,，,，,，
彼ら	名詞,代名詞,一般,*,*,*,彼ら,カレラ,カレラ
が	助詞,格助詞,一般,*,*,*,が,ガ,ガ
病気	名詞,サ変接続,*,*,*,*,病気,ビョウキ,ビョーキ
に	助詞,格助詞,一般,*,*,*,に,ニ,ニ
なる	動詞,自立,*,*,五段・ラ行,基本形,なる,ナル,ナル
と	助詞,接続助詞,*,*,*,*,と,ト,ト
，	記号,読点,*,*,*,*,，,，,，
わたし	名詞,代名詞,一般,*,*,*,わたし,ワタシ,ワタシ
の	助詞,連体化,*,*,*,*,の,ノ,ノ
衣服	名詞,一般,*,*,*,*,衣服,イフク,イフク
は	助詞,係助詞,*,*,*,*,は,ハ,ワ
粗布	名詞,一般,*,*,*,*,粗布,ソフ,ソフ
に	助詞,格助詞,一般,*,*,*,に,ニ,ニ
なり	動詞,自立,*,*,五段・ラ行,連用形,なる,ナリ,ナリ
，	記号,読点,*,*,*,*,，,，,，
友	名詞,一般,*,*,*,*,友,トモ,トモ
について	助詞,格助詞,連語,*,*,*,について,ニツイテ,ニツイテ
は	助詞,係助詞,*,*,*,*,は,ハ,ワ
，	記号,読点,*,*,*,*,，,，,，
わたし	名詞,代名詞,一般,*,*,*,わたし,ワタシ,ワタシ
の	助詞,連体化,*,*,*,*,の,ノ,ノ
兄弟	名詞,一般,*,*,*,*,兄弟,キョウダイ,キョーダイ
について	助詞,格助詞,連語,*,*,*,について,ニツイテ,ニツイテ
は	助詞,係助詞,*,*,*,*,は,ハ,ワ
，	記号,読点,*,*,*,*,，,，,，
しかし	接続詞,*,*,*,*,*,しかし,シカシ,シカシ
，	記号,読点,*,*,*,*,，,，,，
わたし	名詞,代名詞,一般,*,*,*,わたし,ワタシ,ワタシ
が	助詞,格助詞,一般,*,*,*,が,ガ,ガ
びっこを	名詞,一般,*,*,*,*,*
引く	動詞,自立,*,*,五段・カ行イ音便,基本形,引く,ヒク,ヒク
と	助詞,接続助詞,*,*,*,*,と,ト,ト
，	記号,読点,*,*,*,*,，,，,，
彼ら	名詞,代名詞,一般,*,*,*,彼ら,カレラ,カレラ
は	助詞,係助詞,*,*,*,*,は,ハ,ワ
歓ん	動詞,自立,*,*,五段・バ行,連用タ接続,歓ぶ,ヨロコン,ヨロコン
で	助詞,接続助詞,*,*,*,*,で,デ,デ
，	記号,読点,*,*,*,*,，,，,，
寄り	名詞,一般,*,*,*,*,寄り,ヨリ,ヨリ
集まり	動詞,自立,*,*,五段・ラ行,連用形,集まる,アツマリ,アツマリ
まし	助動詞,*,*,*,特殊・マス,連用形,ます,マシ,マシ
た	助動詞,*,*,*,特殊・タ,基本形,た,タ,タ
。	記号,句点,*,*,*,*,。,。,。
菓子	名詞,一般,*,*,*,*,菓子,カシ,カシ
の	助詞,連体化,*,*,*,*,の,ノ,ノ
ため	名詞,非自立,副詞可能,*,*,*,ため,タメ,タメ
に	助詞,格助詞,一般,*,*,*,に,ニ,ニ
あざける	動詞,自立,*,*,五段・ラ行,基本形,あざける,アザケル,アザケル
背教	名詞,一般,*,*,*,*,背教,ハイキョウ,ハイキョー
者	名詞,接尾,一般,*,*,*,者,シャ,シャ
たち	名詞,接尾,一般,*,*,*,たち,タチ,タチ
の	助詞,連体化,*,*,*,*,の,ノ,ノ
中	名詞,非自立,副詞可能,*,*,*,中,ナカ,ナカ
に	助詞,格助詞,一般,*,*,*,に,ニ,ニ
は	助詞,係助詞,*,*,*,*,は,ハ,ワ
，	記号,読点,*,*,*,*,，,，,，
エホバ	名詞,一般,*,*,*,*,エホバ,エホバ,エホバ
よ	助詞,終助詞,*,*,*,*,よ,ヨ,ヨ
，	記号,読点,*,*,*,*,，,，,，
いつ	名詞,代名詞,一般,*,*,*,いつ,イツ,イツ
まで	助詞,副助詞,*,*,*,*,まで,マデ,マデ
[	名詞,サ変接続,*,*,*,*,*
それ	名詞,代名詞,一般,*,*,*,それ,ソレ,ソレ
を	助詞,格助詞,一般,*,*,*,を,ヲ,ヲ
]	名詞,サ変接続,*,*,*,*,*
見	動詞,自立,*,*,一段,連用形,見る,ミ,ミ
て	助詞,接続助詞,*,*,*,*,て,テ,テ
おら	動詞,自立,*,*,五段・ラ行,未然形,おる,オラ,オラ
れる	動詞,接尾,*,*,一段,基本形,れる,レル,レル
の	名詞,非自立,一般,*,*,*,の,ノ,ノ
です	助動詞,*,*,*,特殊・デス,基本形,です,デス,デス
か	助詞,副助詞／並立助詞／終助詞,*,*,*,*,か,カ,カ
。	記号,句点,*,*,*,*,。,。,。
わたし	名詞,代名詞,一般,*,*,*,わたし,ワタシ,ワタシ
は	助詞,係助詞,*,*,*,*,は,ハ,ワ
大きな	連体詞,*,*,*,*,*,大きな,オオキナ,オーキナ
会衆	名詞,一般,*,*,*,*,会衆,カイシュウ,カイシュー
の	助詞,連体化,*,*,*,*,の,ノ,ノ
中	名詞,非自立,副詞可能,*,*,*,中,ナカ,ナカ
で	助詞,格助詞,一般,*,*,*,で,デ,デ
あなた	名詞,代名詞,一般,*,*,*,あなた,アナタ,アナタ
を	助詞,格助詞,一般,*,*,*,を,ヲ,ヲ
たたえ	動詞,自立,*,*,一段,連用形,たたえる,タタエ,タタエ
ます	助動詞,*,*,*,特殊・マス,基本形,ます,マス,マス
。	記号,句点,*,*,*,*,。,。,。
根拠	名詞,一般,*,*,*,*,根拠,コンキョ,コンキョ
も	助詞,係助詞,*,*,*,*,も,モ,モ
なく	形容詞,自立,*,*,形容詞・アウオ段,連用テ接続,ない,ナク,ナク
わたし	名詞,代名詞,一般,*,*,*,わたし,ワタシ,ワタシ
の	助詞,連体化,*,*,*,*,の,ノ,ノ
敵	名詞,一般,*,*,*,*,敵,テキ,テキ
と	助詞,格助詞,一般,*,*,*,と,ト,ト
なっ	動詞,自立,*,*,五段・ラ行,連用タ接続,なる,ナッ,ナッ
て	助詞,接続助詞,*,*,*,*,て,テ,テ
いる	動詞,非自立,*,*,一段,基本形,いる,イル,イル
者	名詞,一般,*,*,*,*,者,モノ,モノ
たち	名詞,接尾,一般,*,*,*,たち,タチ,タチ
が	助詞,格助詞,一般,*,*,*,が,ガ,ガ
，	記号,読点,*,*,*,*,，,，,，
わたし	名詞,代名詞,一般,*,*,*,わたし,ワタシ,ワタシ
の	助詞,連体化,*,*,*,*,の,ノ,ノ
こと	名詞,非自立,一般,*,*,*,こと,コト,コト
で	助詞,格助詞,一般,*,*,*,で,デ,デ
歓ぶ	動詞,自立,*,*,五段・バ行,基本形,歓ぶ,ヨロコブ,ヨロコブ
こと	名詞,非自立,一般,*,*,*,こと,コト,コト
が	助詞,格助詞,一般,*,*,*,が,ガ,ガ
あり	動詞,自立,*,*,五段・ラ行,連用形,ある,アリ,アリ
ませ	助動詞,*,*,*,特殊・マス,未然形,ます,マセ,マセ
ん	助動詞,*,*,*,不変化型,基本形,ん,ン,ン
よう	名詞,非自立,助動詞語幹,*,*,*,よう,ヨウ,ヨー
に	助詞,格助詞,一般,*,*,*,に,ニ,ニ
。	記号,句点,*,*,*,*,。,。,。
彼ら	名詞,代名詞,一般,*,*,*,彼ら,カレラ,カレラ
が	助詞,格助詞,一般,*,*,*,が,ガ,ガ
話す	動詞,自立,*,*,五段・サ行,基本形,話す,ハナス,ハナス
の	名詞,非自立,一般,*,*,*,の,ノ,ノ
は	助詞,係助詞,*,*,*,*,は,ハ,ワ
平和	名詞,形容動詞語幹,*,*,*,*,平和,ヘイワ,ヘイワ
で	助動詞,*,*,*,特殊・ダ,連用形,だ,デ,デ
は	助詞,係助詞,*,*,*,*,は,ハ,ワ
あり	動詞,自立,*,*,五段・ラ行,連用形,ある,アリ,アリ
ませ	助動詞,*,*,*,特殊・マス,未然形,ます,マセ,マセ
ん	助動詞,*,*,*,不変化型,基本形,ん,ン,ン
。	記号,句点,*,*,*,*,。,。,。
彼ら	名詞,代名詞,一般,*,*,*,彼ら,カレラ,カレラ
は	助詞,係助詞,*,*,*,*,は,ハ,ワ
わたし	名詞,代名詞,一般,*,*,*,わたし,ワタシ,ワタシ
に	助詞,格助詞,一般,*,*,*,に,ニ,ニ
向かっ	動詞,自立,*,*,五段・ワ行促音便,連用タ接続,向かう,ムカッ,ムカッ
て	助詞,接続助詞,*,*,*,*,て,テ,テ
口	名詞,一般,*,*,*,*,口,クチ,クチ
を	助詞,格助詞,一般,*,*,*,を,ヲ,ヲ
大きく	形容詞,自立,*,*,形容詞・イ段,連用テ接続,大きい,オオキク,オーキク
開け	動詞,自立,*,*,一段,連用形,開ける,アケ,アケ
ます	助動詞,*,*,*,特殊・マス,基本形,ます,マス,マス
。	記号,句点,*,*,*,*,。,。,。
エホバ	名詞,一般,*,*,*,*,エホバ,エホバ,エホバ
よ	助詞,終助詞,*,*,*,*,よ,ヨ,ヨ
，	記号,読点,*,*,*,*,，,，,，
あなた	名詞,代名詞,一般,*,*,*,あなた,アナタ,アナタ
は	助詞,係助詞,*,*,*,*,は,ハ,ワ
ご覧	名詞,一般,*,*,*,*,ご覧,ゴラン,ゴラン
に	助詞,格助詞,一般,*,*,*,に,ニ,ニ
なり	動詞,自立,*,*,五段・ラ行,連用形,なる,ナリ,ナリ
まし	助動詞,*,*,*,特殊・マス,連用形,ます,マシ,マシ
た	助動詞,*,*,*,特殊・タ,基本形,た,タ,タ
。	記号,句点,*,*,*,*,。,。,。
沈黙	名詞,サ変接続,*,*,*,*,沈黙,チンモク,チンモク
し	動詞,自立,*,*,サ変・スル,未然形,する,シ,シ
ない	助動詞,*,*,*,特殊・ナイ,連用デ接続,ない,ナイ,ナイ
で	助詞,接続助詞,*,*,*,*,で,デ,デ
ください	動詞,非自立,*,*,五段・ラ行特殊,命令ｉ,くださる,クダサイ,クダサイ
。	記号,句点,*,*,*,*,。,。,。
身	名詞,一般,*,*,*,*,身,ミ,ミ
を	助詞,格助詞,一般,*,*,*,を,ヲ,ヲ
起こし	動詞,自立,*,*,五段・サ行,連用形,起こす,オコシ,オコシ
，	記号,読点,*,*,*,*,，,，,，
わたし	名詞,代名詞,一般,*,*,*,わたし,ワタシ,ワタシ
の	助詞,連体化,*,*,*,*,の,ノ,ノ
裁き	名詞,一般,*,*,*,*,裁き,サバキ,サバキ
の	助詞,連体化,*,*,*,*,の,ノ,ノ
ため	名詞,非自立,副詞可能,*,*,*,ため,タメ,タメ
に	助詞,格助詞,一般,*,*,*,に,ニ,ニ
目	名詞,一般,*,*,*,*,目,メ,メ
を	助詞,格助詞,一般,*,*,*,を,ヲ,ヲ
覚まし	動詞,自立,*,*,五段・サ行,連用形,覚ます,サマシ,サマシ
て	助詞,接続助詞,*,*,*,*,て,テ,テ
ください	動詞,非自立,*,*,五段・ラ行特殊,命令ｉ,くださる,クダサイ,クダサイ
。	記号,句点,*,*,*,*,。,。,。
わたし	名詞,代名詞,一般,*,*,*,わたし,ワタシ,ワタシ
の	助詞,連体化,*,*,*,*,の,ノ,ノ
神	名詞,一般,*,*,*,*,神,カミ,カミ
エホバ	名詞,一般,*,*,*,*,エホバ,エホバ,エホバ
よ	助詞,終助詞,*,*,*,*,よ,ヨ,ヨ
，	記号,読点,*,*,*,*,，,，,，
あなた	名詞,代名詞,一般,*,*,*,あなた,アナタ,アナタ
の	助詞,連体化,*,*,*,*,の,ノ,ノ
義	名詞,形容動詞語幹,*,*,*,*,義,ギ,ギ
に	助詞,副詞化,*,*,*,*,に,ニ,ニ
したがっ	動詞,自立,*,*,五段・ワ行促音便,連用タ接続,したがう,シタガッ,シタガッ
て	助詞,接続助詞,*,*,*,*,て,テ,テ
わたし	名詞,代名詞,一般,*,*,*,わたし,ワタシ,ワタシ
を	助詞,格助詞,一般,*,*,*,を,ヲ,ヲ
裁い	動詞,自立,*,*,五段・カ行イ音便,連用タ接続,裁く,サバイ,サバイ
て	助詞,接続助詞,*,*,*,*,て,テ,テ
ください	動詞,非自立,*,*,五段・ラ行特殊,命令ｉ,くださる,クダサイ,クダサイ
。	記号,句点,*,*,*,*,。,。,。
彼ら	名詞,代名詞,一般,*,*,*,彼ら,カレラ,カレラ
が	助詞,格助詞,一般,*,*,*,が,ガ,ガ
心	名詞,一般,*,*,*,*,心,ココロ,ココロ
の	助詞,連体化,*,*,*,*,の,ノ,ノ
中	名詞,非自立,副詞可能,*,*,*,中,ナカ,ナカ
で	助詞,格助詞,一般,*,*,*,で,デ,デ
，	記号,読点,*,*,*,*,，,，,，
「	記号,括弧開,*,*,*,*,「,「,「
は	助詞,係助詞,*,*,*,*,は,ハ,ワ
はあ	感動詞,*,*,*,*,*,はあ,ハア,ハー
，	記号,読点,*,*,*,*,，,，,，
我々	名詞,代名詞,一般,*,*,*,我々,ワレワレ,ワレワレ
の	助詞,連体化,*,*,*,*,の,ノ,ノ
魂	名詞,一般,*,*,*,*,魂,タマシイ,タマシー
よ	助詞,終助詞,*,*,*,*,よ,ヨ,ヨ
！	記号,一般,*,*,*,*,！,！,！
」	記号,括弧閉,*,*,*,*,」,」,」
と	助詞,格助詞,引用,*,*,*,と,ト,ト
言う	動詞,自立,*,*,五段・ワ行促音便,基本形,言う,イウ,イウ
こと	名詞,非自立,一般,*,*,*,こと,コト,コト
が	助詞,格助詞,一般,*,*,*,が,ガ,ガ
あり	動詞,自立,*,*,五段・ラ行,連用形,ある,アリ,アリ
ませ	助動詞,*,*,*,特殊・マス,未然形,ます,マセ,マセ
ん	助動詞,*,*,*,不変化型,基本形,ん,ン,ン
よう	名詞,非自立,助動詞語幹,*,*,*,よう,ヨウ,ヨー
に	助詞,格助詞,一般,*,*,*,に,ニ,ニ
。	記号,句点,*,*,*,*,。,。,。
わたし	名詞,代名詞,一般,*,*,*,わたし,ワタシ,ワタシ
の	助詞,連体化,*,*,*,*,の,ノ,ノ
災い	名詞,サ変接続,*,*,*,*,災い,ワザワイ,ワザワイ
を	助詞,格助詞,一般,*,*,*,を,ヲ,ヲ
喜ぶ	動詞,自立,*,*,五段・バ行,基本形,喜ぶ,ヨロコブ,ヨロコブ
者	名詞,一般,*,*,*,*,者,モノ,モノ
たち	名詞,接尾,一般,*,*,*,たち,タチ,タチ
が	助詞,格助詞,一般,*,*,*,が,ガ,ガ
，	記号,読点,*,*,*,*,，,，,，
わたし	名詞,代名詞,一般,*,*,*,わたし,ワタシ,ワタシ
の	助詞,連体化,*,*,*,*,の,ノ,ノ
義	名詞,一般,*,*,*,*,義,ギ,ギ
を	助詞,格助詞,一般,*,*,*,を,ヲ,ヲ
喜ん	動詞,自立,*,*,五段・バ行,連用タ接続,喜ぶ,ヨロコン,ヨロコン
で	助詞,接続助詞,*,*,*,*,で,デ,デ
いる	動詞,非自立,*,*,一段,基本形,いる,イル,イル
者	名詞,一般,*,*,*,*,者,モノ,モノ
たち	名詞,接尾,一般,*,*,*,たち,タチ,タチ
が	助詞,格助詞,一般,*,*,*,が,ガ,ガ
歓呼	名詞,サ変接続,*,*,*,*,歓呼,カンコ,カンコ
し	動詞,自立,*,*,サ変・スル,連用形,する,シ,シ
，	記号,読点,*,*,*,*,，,，,，
歓び	動詞,自立,*,*,五段・バ行,連用形,歓ぶ,ヨロコビ,ヨロコビ
ます	助動詞,*,*,*,特殊・マス,基本形,ます,マス,マス
よう	名詞,非自立,助動詞語幹,*,*,*,よう,ヨウ,ヨー
に	助詞,格助詞,一般,*,*,*,に,ニ,ニ
。	記号,句点,*,*,*,*,。,。,。
そして	接続詞,*,*,*,*,*,そして,ソシテ,ソシテ
，	記号,読点,*,*,*,*,，,，,，
わたし	名詞,代名詞,一般,*,*,*,わたし,ワタシ,ワタシ
の	助詞,連体化,*,*,*,*,の,ノ,ノ
舌	名詞,一般,*,*,*,*,舌,シタ,シタ
が	助詞,格助詞,一般,*,*,*,が,ガ,ガ
あなた	名詞,代名詞,一般,*,*,*,あなた,アナタ,アナタ
の	助詞,連体化,*,*,*,*,の,ノ,ノ
義	名詞,一般,*,*,*,*,義,ギ,ギ
を	助詞,格助詞,一般,*,*,*,を,ヲ,ヲ
，	記号,読点,*,*,*,*,，,，,，
EOS
