エホバ	名詞,一般,*,*,*,*,エホバ,エホバ,エホバ
は	助詞,係助詞,*,*,*,*,は,ハ,ワ
さらに	副詞,助詞類接続,*,*,*,*,さらに,サラニ,サラニ
モー	名詞,固有名詞,人名,姓,*,*,モー,モー,モー
セ	名詞,一般,*,*,*,*,セ,セ,セ
に	助詞,格助詞,一般,*,*,*,に,ニ,ニ
話し	動詞,自立,*,*,五段・サ行,連用形,話す,ハナシ,ハナシ
て	助詞,接続助詞,*,*,*,*,て,テ,テ
こう	副詞,助詞類接続,*,*,*,*,こう,コウ,コー
言わ	動詞,自立,*,*,五段・ワ行促音便,未然形,言う,イワ,イワ
れ	動詞,接尾,*,*,一段,連用形,れる,レ,レ
た	助動詞,*,*,*,特殊・タ,基本形,た,タ,タ
。	記号,句点,*,*,*,*,。,。,。
「	記号,括弧開,*,*,*,*,「,「,「
イスラエル	名詞,固有名詞,地域,国,*,*,イスラエル,イスラエル,イスラエル
の	助詞,連体化,*,*,*,*,の,ノ,ノ
子	名詞,一般,*,*,*,*,子,コ,コ
ら	名詞,接尾,一般,*,*,*,ら,ラ,ラ
に	助詞,格助詞,一般,*,*,*,に,ニ,ニ
命じ	動詞,自立,*,*,一段,連用形,命じる,メイジ,メイジ
なさい	動詞,非自立,*,*,五段・ラ行特殊,命令ｉ,なさる,ナサイ,ナサイ
。	記号,句点,*,*,*,*,。,。,。
彼ら	名詞,代名詞,一般,*,*,*,彼ら,カレラ,カレラ
に	助詞,格助詞,一般,*,*,*,に,ニ,ニ
こう	副詞,助詞類接続,*,*,*,*,こう,コウ,コー
言わ	動詞,自立,*,*,五段・ワ行促音便,未然形,言う,イワ,イワ
ね	助動詞,*,*,*,特殊・ヌ,仮定形,ぬ,ネ,ネ
ば	助詞,接続助詞,*,*,*,*,ば,バ,バ
なら	動詞,非自立,*,*,五段・ラ行,未然形,なる,ナラ,ナラ
ない	助動詞,*,*,*,特殊・ナイ,基本形,ない,ナイ,ナイ
。	記号,句点,*,*,*,*,。,。,。
『	記号,括弧開,*,*,*,*,『,『,『
あなた	名詞,代名詞,一般,*,*,*,あなた,アナタ,アナタ
方	名詞,接尾,一般,*,*,*,方,カタ,カタ
は	助詞,係助詞,*,*,*,*,は,ハ,ワ
，	記号,読点,*,*,*,*,，,，,，
わたし	名詞,代名詞,一般,*,*,*,わたし,ワタシ,ワタシ
の	助詞,連体化,*,*,*,*,の,ノ,ノ
パン	名詞,一般,*,*,*,*,パン,パン,パン
で	助動詞,*,*,*,特殊・ダ,連用形,だ,デ,デ
ある	助動詞,*,*,*,五段・ラ行アル,基本形,ある,アル,アル
わたし	名詞,代名詞,一般,*,*,*,わたし,ワタシ,ワタシ
へ	助詞,格助詞,一般,*,*,*,へ,ヘ,エ
の	助詞,連体化,*,*,*,*,の,ノ,ノ
捧げ	動詞,自立,*,*,一段,連用形,捧げる,ササゲ,ササゲ
物	名詞,接尾,一般,*,*,*,物,ブツ,ブツ
を	助詞,格助詞,一般,*,*,*,を,ヲ,ヲ
，	記号,読点,*,*,*,*,，,，,，
わたし	名詞,代名詞,一般,*,*,*,わたし,ワタシ,ワタシ
に対する	助詞,格助詞,連語,*,*,*,に対する,ニタイスル,ニタイスル
安らぎ	名詞,一般,*,*,*,*,安らぎ,ヤスラギ,ヤスラギ
の	助詞,連体化,*,*,*,*,の,ノ,ノ
香り	名詞,一般,*,*,*,*,香り,カオリ,カオリ
と	助詞,格助詞,一般,*,*,*,と,ト,ト
なる	動詞,自立,*,*,五段・ラ行,基本形,なる,ナル,ナル
火	名詞,一般,*,*,*,*,火,ヒ,ヒ
による	助詞,格助詞,連語,*,*,*,による,ニヨル,ニヨル
捧げ	動詞,自立,*,*,一段,連用形,捧げる,ササゲ,ササゲ
物	名詞,接尾,一般,*,*,*,物,ブツ,ブツ
として	助詞,格助詞,連語,*,*,*,として,トシテ,トシテ
その	連体詞,*,*,*,*,*,その,ソノ,ソノ
定め	名詞,一般,*,*,*,*,定め,サダメ,サダメ
の	助詞,連体化,*,*,*,*,の,ノ,ノ
時	名詞,非自立,副詞可能,*,*,*,時,トキ,トキ
に	助詞,格助詞,一般,*,*,*,に,ニ,ニ
差し出す	動詞,自立,*,*,五段・サ行,基本形,差し出す,サシダス,サシダス
よう	名詞,非自立,助動詞語幹,*,*,*,よう,ヨウ,ヨー
に	助詞,副詞化,*,*,*,*,に,ニ,ニ
気	名詞,一般,*,*,*,*,気,キ,キ
を	助詞,格助詞,一般,*,*,*,を,ヲ,ヲ
付ける	動詞,自立,*,*,一段,基本形,付ける,ツケル,ツケル
べき	助動詞,*,*,*,文語・ベシ,体言接続,べし,ベキ,ベキ
で	助動詞,*,*,*,特殊・ダ,連用形,だ,デ,デ
ある	助動詞,*,*,*,五段・ラ行アル,基本形,ある,アル,アル
』	記号,括弧閉,*,*,*,*,』,』,』
。	記号,句点,*,*,*,*,。,。,。
「	記号,括弧開,*,*,*,*,「,「,「
そして	接続詞,*,*,*,*,*,そして,ソシテ,ソシテ
，	記号,読点,*,*,*,*,，,，,，
彼ら	名詞,代名詞,一般,*,*,*,彼ら,カレラ,カレラ
に	助詞,格助詞,一般,*,*,*,に,ニ,ニ
こう	副詞,助詞類接続,*,*,*,*,こう,コウ,コー
言わ	動詞,自立,*,*,五段・ワ行促音便,未然形,言う,イワ,イワ
ね	助動詞,*,*,*,特殊・ヌ,仮定形,ぬ,ネ,ネ
ば	助詞,接続助詞,*,*,*,*,ば,バ,バ
なら	動詞,非自立,*,*,五段・ラ行,未然形,なる,ナラ,ナラ
ない	助動詞,*,*,*,特殊・ナイ,基本形,ない,ナイ,ナイ
。	記号,句点,*,*,*,*,。,。,。
『	記号,括弧開,*,*,*,*,『,『,『
これ	名詞,代名詞,一般,*,*,*,これ,コレ,コレ
が	助詞,格助詞,一般,*,*,*,が,ガ,ガ
，	記号,読点,*,*,*,*,，,，,，
あなた	名詞,代名詞,一般,*,*,*,あなた,アナタ,アナタ
方	名詞,接尾,一般,*,*,*,方,カタ,カタ
が	助詞,格助詞,一般,*,*,*,が,ガ,ガ
エホバ	名詞,一般,*,*,*,*,エホバ,エホバ,エホバ
に	助詞,格助詞,一般,*,*,*,に,ニ,ニ
差し出す	動詞,自立,*,*,五段・サ行,基本形,差し出す,サシダス,サシダス
火	名詞,一般,*,*,*,*,火,ヒ,ヒ
による	助詞,格助詞,連語,*,*,*,による,ニヨル,ニヨル
捧げ	動詞,自立,*,*,一段,連用形,捧げる,ササゲ,ササゲ
物	名詞,接尾,一般,*,*,*,物,ブツ,ブツ
で	助動詞,*,*,*,特殊・ダ,連用形,だ,デ,デ
ある	助動詞,*,*,*,五段・ラ行アル,基本形,ある,アル,アル
。	記号,句点,*,*,*,*,。,。,。
すなわち	接続詞,*,*,*,*,*,すなわち,スナワチ,スナワチ
，	記号,読点,*,*,*,*,，,，,，
き	動詞,自立,*,*,一段,未然形,きる,キ,キ
ず	助動詞,*,*,*,特殊・ヌ,連用ニ接続,ぬ,ズ,ズ
の	助詞,格助詞,一般,*,*,*,の,ノ,ノ
ない	形容詞,自立,*,*,形容詞・アウオ段,基本形,ない,ナイ,ナイ
一	名詞,数,*,*,*,*,一,イチ,イチ
歳	名詞,接尾,助数詞,*,*,*,歳,サイ,サイ
の	助詞,連体化,*,*,*,*,の,ノ,ノ
雄	名詞,一般,*,*,*,*,雄,ユウ,ユー
の	助詞,連体化,*,*,*,*,の,ノ,ノ
子羊	名詞,一般,*,*,*,*,子羊,コヒツジ,コヒツジ
を	助詞,格助詞,一般,*,*,*,を,ヲ,ヲ
焼	接頭詞,名詞接続,*,*,*,*,焼,ショウ,ショー
燔	名詞,一般,*,*,*,*,*
の	助詞,連体化,*,*,*,*,の,ノ,ノ
捧げ	動詞,自立,*,*,一段,連用形,捧げる,ササゲ,ササゲ
物	名詞,接尾,一般,*,*,*,物,ブツ,ブツ
として	助詞,格助詞,連語,*,*,*,として,トシテ,トシテ
絶えず	副詞,一般,*,*,*,*,絶えず,タエズ,タエズ
一	名詞,数,*,*,*,*,一,イチ,イチ
日	名詞,接尾,助数詞,*,*,*,日,ニチ,ニチ
二	名詞,数,*,*,*,*,二,ニ,ニ
頭	名詞,接尾,助数詞,*,*,*,頭,トウ,トー
ずつ	助詞,副助詞,*,*,*,*,ずつ,ズツ,ズツ
。	記号,句点,*,*,*,*,。,。,。
一方	名詞,副詞可能,*,*,*,*,一方,イッポウ,イッポー
の	助詞,連体化,*,*,*,*,の,ノ,ノ
雄	名詞,一般,*,*,*,*,雄,ユウ,ユー
の	助詞,連体化,*,*,*,*,の,ノ,ノ
子羊	名詞,一般,*,*,*,*,子羊,コヒツジ,コヒツジ
は	助詞,係助詞,*,*,*,*,は,ハ,ワ
朝	名詞,副詞可能,*,*,*,*,朝,アサ,アサ
に	助詞,格助詞,一般,*,*,*,に,ニ,ニ
ささげ	動詞,自立,*,*,一段,連用形,ささげる,ササゲ,ササゲ
，	記号,読点,*,*,*,*,，,，,，
他方	名詞,一般,*,*,*,*,他方,タホウ,タホー
の	助詞,連体化,*,*,*,*,の,ノ,ノ
雄	名詞,一般,*,*,*,*,雄,ユウ,ユー
の	助詞,連体化,*,*,*,*,の,ノ,ノ
子羊	名詞,一般,*,*,*,*,子羊,コヒツジ,コヒツジ
は	助詞,係助詞,*,*,*,*,は,ハ,ワ
二つ	名詞,一般,*,*,*,*,二つ,フタツ,フタツ
の	助詞,連体化,*,*,*,*,の,ノ,ノ
夕方	名詞,副詞可能,*,*,*,*,夕方,ユウガタ,ユーガタ
の	助詞,連体化,*,*,*,*,の,ノ,ノ
間	名詞,一般,*,*,*,*,間,マ,マ
に	助詞,格助詞,一般,*,*,*,に,ニ,ニ
ささげる	動詞,自立,*,*,一段,基本形,ささげる,ササゲル,ササゲル
。	記号,句点,*,*,*,*,。,。,。
それ	名詞,代名詞,一般,*,*,*,それ,ソレ,ソレ
に	助詞,格助詞,一般,*,*,*,に,ニ,ニ
添え	動詞,自立,*,*,一段,連用形,添える,ソエ,ソエ
て	助詞,接続助詞,*,*,*,*,て,テ,テ
，	記号,読点,*,*,*,*,，,，,，
つぶし	動詞,自立,*,*,五段・サ行,連用形,つぶす,ツブシ,ツブシ
て	助詞,接続助詞,*,*,*,*,て,テ,テ
採っ	動詞,自立,*,*,五段・ラ行,連用タ接続,採る,トッ,トッ
た	助動詞,*,*,*,特殊・タ,基本形,た,タ,タ
油	名詞,一般,*,*,*,*,油,アブラ,アブラ
四	名詞,数,*,*,*,*,四,ヨン,ヨン
分の	名詞,接尾,助数詞,*,*,*,分の,ブンノ,ブンノ
一	名詞,数,*,*,*,*,一,イチ,イチ
ヒン	名詞,一般,*,*,*,*,*
で	助詞,格助詞,一般,*,*,*,で,デ,デ
湿ら	動詞,自立,*,*,五段・ラ行,未然形,湿る,シメラ,シメラ
せ	動詞,接尾,*,*,一段,連用形,せる,セ,セ
た	助動詞,*,*,*,特殊・タ,基本形,た,タ,タ
上等	名詞,一般,*,*,*,*,上等,ジョウトウ,ジョートー
の	助詞,連体化,*,*,*,*,の,ノ,ノ
麦粉	名詞,一般,*,*,*,*,麦粉,ムギコ,ムギコ
十	名詞,数,*,*,*,*,十,ジュウ,ジュー
分の	名詞,接尾,助数詞,*,*,*,分の,ブンノ,ブンノ
一	名詞,数,*,*,*,*,一,イチ,イチ
エファ	名詞,一般,*,*,*,*,*
を	助詞,格助詞,一般,*,*,*,を,ヲ,ヲ
穀物	名詞,一般,*,*,*,*,穀物,コクモツ,コクモツ
の	助詞,連体化,*,*,*,*,の,ノ,ノ
捧げ	動詞,自立,*,*,一段,連用形,捧げる,ササゲ,ササゲ
物	名詞,接尾,一般,*,*,*,物,ブツ,ブツ
として	助詞,格助詞,連語,*,*,*,として,トシテ,トシテ
。	記号,句点,*,*,*,*,。,。,。
常	接頭詞,名詞接続,*,*,*,*,常,ツネ,ツネ
供	名詞,サ変接続,*,*,*,*,供,キョウ,キョー
の	助詞,連体化,*,*,*,*,の,ノ,ノ
焼	接頭詞,名詞接続,*,*,*,*,焼,ショウ,ショー
燔	名詞,一般,*,*,*,*,*
の	助詞,連体化,*,*,*,*,の,ノ,ノ
捧げ	動詞,自立,*,*,一段,連用形,捧げる,ササゲ,ササゲ
物	名詞,接尾,一般,*,*,*,物,ブツ,ブツ
，	記号,読点,*,*,*,*,，,，,，
すなわち	接続詞,*,*,*,*,*,すなわち,スナワチ,スナワチ
，	記号,読点,*,*,*,*,，,，,，
シナイ	名詞,固有名詞,地域,一般,*,*,シナイ,シナイ,シナイ
山	名詞,接尾,地域,*,*,*,山,サン,サン
において	助詞,格助詞,連語,*,*,*,において,ニオイテ,ニオイテ
，	記号,読点,*,*,*,*,，,，,，
安らぎ	名詞,一般,*,*,*,*,安らぎ,ヤスラギ,ヤスラギ
の	助詞,連体化,*,*,*,*,の,ノ,ノ
香り	名詞,一般,*,*,*,*,香り,カオリ,カオリ
，	記号,読点,*,*,*,*,，,，,，
エホバ	名詞,一般,*,*,*,*,エホバ,エホバ,エホバ
へ	助詞,格助詞,一般,*,*,*,へ,ヘ,エ
の	助詞,連体化,*,*,*,*,の,ノ,ノ
火	名詞,一般,*,*,*,*,火,ヒ,ヒ
による	助詞,格助詞,連語,*,*,*,による,ニヨル,ニヨル
捧げ	動詞,自立,*,*,一段,連用形,捧げる,ササゲ,ササゲ
物	名詞,接尾,一般,*,*,*,物,ブツ,ブツ
として	助詞,格助詞,連語,*,*,*,として,トシテ,トシテ
ささげ	動詞,自立,*,*,一段,未然形,ささげる,ササゲ,ササゲ
られ	動詞,接尾,*,*,一段,連用形,られる,ラレ,ラレ
た	助動詞,*,*,*,特殊・タ,基本形,た,タ,タ
もの	名詞,非自立,一般,*,*,*,もの,モノ,モノ
で	助動詞,*,*,*,特殊・ダ,連用形,だ,デ,デ
あり	助動詞,*,*,*,五段・ラ行アル,連用形,ある,アリ,アリ
，	記号,読点,*,*,*,*,，,，,，
それ	名詞,代名詞,一般,*,*,*,それ,ソレ,ソレ
と共に	助詞,格助詞,連語,*,*,*,と共に,トトモニ,トトモニ
その	連体詞,*,*,*,*,*,その,ソノ,ソノ
飲み物	名詞,一般,*,*,*,*,飲み物,ノミモノ,ノミモノ
の	助詞,連体化,*,*,*,*,の,ノ,ノ
捧げ	動詞,自立,*,*,一段,連用形,捧げる,ササゲ,ササゲ
物	名詞,接尾,一般,*,*,*,物,ブツ,ブツ
が	助詞,格助詞,一般,*,*,*,が,ガ,ガ
あり	動詞,自立,*,*,五段・ラ行,連用形,ある,アリ,アリ
，	記号,読点,*,*,*,*,，,，,，
雄	名詞,一般,*,*,*,*,雄,ユウ,ユー
の	助詞,連体化,*,*,*,*,の,ノ,ノ
子羊	名詞,一般,*,*,*,*,子羊,コヒツジ,コヒツジ
各	接頭詞,名詞接続,*,*,*,*,各,カク,カク
一	名詞,数,*,*,*,*,一,イチ,イチ
頭	名詞,接尾,助数詞,*,*,*,頭,トウ,トー
につき	助詞,格助詞,連語,*,*,*,につき,ニツキ,ニツキ
四	名詞,数,*,*,*,*,四,ヨン,ヨン
分の	名詞,接尾,助数詞,*,*,*,分の,ブンノ,ブンノ
一	名詞,数,*,*,*,*,一,イチ,イチ
ヒン	名詞,一般,*,*,*,*,*
で	助動詞,*,*,*,特殊・ダ,連用形,だ,デ,デ
ある	助動詞,*,*,*,五段・ラ行アル,基本形,ある,アル,アル
。	記号,句点,*,*,*,*,。,。,。
飲み物	名詞,一般,*,*,*,*,飲み物,ノミモノ,ノミモノ
の	助詞,連体化,*,*,*,*,の,ノ,ノ
捧げ	動詞,自立,*,*,一段,連用形,捧げる,ササゲ,ササゲ
物	名詞,接尾,一般,*,*,*,物,ブツ,ブツ
として	助詞,格助詞,連語,*,*,*,として,トシテ,トシテ
の	助詞,連体化,*,*,*,*,の,ノ,ノ
その	連体詞,*,*,*,*,*,その,ソノ,ソノ
酔わ	動詞,自立,*,*,五段・ワ行促音便,未然形,酔う,ヨワ,ヨワ
せる	動詞,接尾,*,*,一段,基本形,せる,セル,セル
酒	名詞,一般,*,*,*,*,酒,サケ,サケ
を	助詞,格助詞,一般,*,*,*,を,ヲ,ヲ
聖なる	連体詞,*,*,*,*,*,聖なる,セイナル,セイナル
場所	名詞,一般,*,*,*,*,場所,バショ,バショ
で	助詞,格助詞,一般,*,*,*,で,デ,デ
エホバ	名詞,一般,*,*,*,*,エホバ,エホバ,エホバ
に対して	助詞,格助詞,連語,*,*,*,に対して,ニタイシテ,ニタイシテ
注ぎ	動詞,自立,*,*,五段・ガ行,連用形,注ぐ,ソソギ,ソソギ
出す	動詞,非自立,*,*,五段・サ行,基本形,出す,ダス,ダス
。	記号,句点,*,*,*,*,。,。,。
そして	接続詞,*,*,*,*,*,そして,ソシテ,ソシテ
，	記号,読点,*,*,*,*,，,，,，
他方	名詞,一般,*,*,*,*,他方,タホウ,タホー
の	助詞,連体化,*,*,*,*,の,ノ,ノ
雄	名詞,一般,*,*,*,*,雄,ユウ,ユー
の	助詞,連体化,*,*,*,*,の,ノ,ノ
子羊	名詞,一般,*,*,*,*,子羊,コヒツジ,コヒツジ
を	助詞,格助詞,一般,*,*,*,を,ヲ,ヲ
二つ	名詞,一般,*,*,*,*,二つ,フタツ,フタツ
の	助詞,連体化,*,*,*,*,の,ノ,ノ
夕方	名詞,副詞可能,*,*,*,*,夕方,ユウガタ,ユーガタ
の	助詞,連体化,*,*,*,*,の,ノ,ノ
間	名詞,一般,*,*,*,*,間,マ,マ
に	助詞,格助詞,一般,*,*,*,に,ニ,ニ
ささげる	動詞,自立,*,*,一段,基本形,ささげる,ササゲル,ササゲル
。	記号,句点,*,*,*,*,。,。,。
朝	名詞,副詞可能,*,*,*,*,朝,アサ,アサ
と	助詞,格助詞,一般,*,*,*,と,ト,ト
同じ	連体詞,*,*,*,*,*,同じ,オナジ,オナジ
穀物	名詞,一般,*,*,*,*,穀物,コクモツ,コクモツ
の	助詞,連体化,*,*,*,*,の,ノ,ノ
捧げ	動詞,自立,*,*,一段,連用形,捧げる,ササゲ,ササゲ
物	名詞,接尾,一般,*,*,*,物,ブツ,ブツ
と共に	助詞,格助詞,連語,*,*,*,と共に,トトモニ,トトモニ
，	記号,読点,*,*,*,*,，,，,，
また	接続詞,*,*,*,*,*,また,マタ,マタ
それ	名詞,代名詞,一般,*,*,*,それ,ソレ,ソレ
と	助詞,格助詞,一般,*,*,*,と,ト,ト
同じ	連体詞,*,*,*,*,*,同じ,オナジ,オナジ
飲み物	名詞,一般,*,*,*,*,飲み物,ノミモノ,ノミモノ
の	助詞,連体化,*,*,*,*,の,ノ,ノ
捧げ	動詞,自立,*,*,一段,連用形,捧げる,ササゲ,ササゲ
物	名詞,接尾,一般,*,*,*,物,ブツ,ブツ
と共に	助詞,格助詞,連語,*,*,*,と共に,トトモニ,トトモニ
，	記号,読点,*,*,*,*,，,，,，
エホバ	名詞,一般,*,*,*,*,エホバ,エホバ,エホバ
へ	助詞,格助詞,一般,*,*,*,へ,ヘ,エ
の	助詞,連体化,*,*,*,*,の,ノ,ノ
安らぎ	名詞,一般,*,*,*,*,安らぎ,ヤスラギ,ヤスラギ
の	助詞,連体化,*,*,*,*,の,ノ,ノ
香り	名詞,一般,*,*,*,*,香り,カオリ,カオリ
と	助詞,格助詞,一般,*,*,*,と,ト,ト
なる	動詞,自立,*,*,五段・ラ行,基本形,なる,ナル,ナル
火	名詞,一般,*,*,*,*,火,ヒ,ヒ
による	助詞,格助詞,連語,*,*,*,による,ニヨル,ニヨル
捧げ	動詞,自立,*,*,一段,連用形,捧げる,ササゲ,ササゲ
物	名詞,接尾,一般,*,*,*,物,ブツ,ブツ
として	助詞,格助詞,連語,*,*,*,として,トシテ,トシテ
これ	名詞,代名詞,一般,*,*,*,これ,コレ,コレ
を	助詞,格助詞,一般,*,*,*,を,ヲ,ヲ
ささげる	動詞,自立,*,*,一段,基本形,ささげる,ササゲル,ササゲル
。	記号,句点,*,*,*,*,。,。,。
「	記号,括弧開,*,*,*,*,「,「,「
『	記号,括弧開,*,*,*,*,『,『,『
しかし	接続詞,*,*,*,*,*,しかし,シカシ,シカシ
，	記号,読点,*,*,*,*,，,，,，
安息日	名詞,一般,*,*,*,*,安息日,アンソクビ,アンソクビ
に	助詞,格助詞,一般,*,*,*,に,ニ,ニ
は	助詞,係助詞,*,*,*,*,は,ハ,ワ
，	記号,読点,*,*,*,*,，,，,，
き	動詞,自立,*,*,一段,未然形,きる,キ,キ
ず	助動詞,*,*,*,特殊・ヌ,連用ニ接続,ぬ,ズ,ズ
の	助詞,格助詞,一般,*,*,*,の,ノ,ノ
ない	形容詞,自立,*,*,形容詞・アウオ段,基本形,ない,ナイ,ナイ
一	名詞,数,*,*,*,*,一,イチ,イチ
歳	名詞,接尾,助数詞,*,*,*,歳,サイ,サイ
の	助詞,連体化,*,*,*,*,の,ノ,ノ
雄	名詞,一般,*,*,*,*,雄,ユウ,ユー
の	助詞,連体化,*,*,*,*,の,ノ,ノ
子羊	名詞,一般,*,*,*,*,子羊,コヒツジ,コヒツジ
二	名詞,数,*,*,*,*,二,ニ,ニ
頭	名詞,接尾,助数詞,*,*,*,頭,トウ,トー
，	記号,読点,*,*,*,*,，,，,，
また	接続詞,*,*,*,*,*,また,マタ,マタ
穀物	名詞,一般,*,*,*,*,穀物,コクモツ,コクモツ
の	助詞,連体化,*,*,*,*,の,ノ,ノ
捧げ	動詞,自立,*,*,一段,連用形,捧げる,ササゲ,ササゲ
物	名詞,接尾,一般,*,*,*,物,ブツ,ブツ
として	助詞,格助詞,連語,*,*,*,として,トシテ,トシテ
油	名詞,一般,*,*,*,*,油,アブラ,アブラ
で	助詞,格助詞,一般,*,*,*,で,デ,デ
湿ら	動詞,自立,*,*,五段・ラ行,未然形,湿る,シメラ,シメラ
せ	動詞,接尾,*,*,一段,連用形,せる,セ,セ
た	助動詞,*,*,*,特殊・タ,基本形,た,タ,タ
上等	名詞,一般,*,*,*,*,上等,ジョウトウ,ジョートー
の	助詞,連体化,*,*,*,*,の,ノ,ノ
麦粉	名詞,一般,*,*,*,*,麦粉,ムギコ,ムギコ
十	名詞,数,*,*,*,*,十,ジュウ,ジュー
分の	名詞,接尾,助数詞,*,*,*,分の,ブンノ,ブンノ
二	名詞,数,*,*,*,*,二,ニ,ニ
[	名詞,サ変接続,*,*,*,*,*
エファ	名詞,一般,*,*,*,*,*
]，	名詞,サ変接続,*,*,*,*,*
および	接続詞,*,*,*,*,*,および,オヨビ,オヨビ
それ	名詞,代名詞,一般,*,*,*,それ,ソレ,ソレ
に	助詞,格助詞,一般,*,*,*,に,ニ,ニ
伴う	動詞,自立,*,*,五段・ワ行促音便,基本形,伴う,トモナウ,トモナウ
飲み物	名詞,一般,*,*,*,*,飲み物,ノミモノ,ノミモノ
の	助詞,連体化,*,*,*,*,の,ノ,ノ
捧げ	動詞,自立,*,*,一段,連用形,捧げる,ササゲ,ササゲ
物	名詞,接尾,一般,*,*,*,物,ブツ,ブツ
が	助詞,格助詞,一般,*,*,*,が,ガ,ガ
あり	動詞,自立,*,*,五段・ラ行,連用形,ある,アリ,アリ
，	記号,読点,*,*,*,*,，,，,，
安息日	名詞,一般,*,*,*,*,安息日,アンソクビ,アンソクビ
における	助詞,格助詞,連語,*,*,*,における,ニオケル,ニオケル
その	連体詞,*,*,*,*,*,その,ソノ,ソノ
安息日	名詞,一般,*,*,*,*,安息日,アンソクビ,アンソクビ
の	助詞,連体化,*,*,*,*,の,ノ,ノ
焼	接頭詞,名詞接続,*,*,*,*,焼,ショウ,ショー
燔	名詞,一般,*,*,*,*,*
の	助詞,連体化,*,*,*,*,の,ノ,ノ
捧げ	動詞,自立,*,*,一段,連用形,捧げる,ササゲ,ササゲ
物	名詞,接尾,一般,*,*,*,物,ブツ,ブツ
として	助詞,格助詞,連語,*,*,*,として,トシテ,トシテ
，	記号,読点,*,*,*,*,，,，,，
常	接頭詞,名詞接続,*,*,*,*,常,ツネ,ツネ
供	名詞,サ変接続,*,*,*,*,供,キョウ,キョー
の	助詞,連体化,*,*,*,*,の,ノ,ノ
焼	接頭詞,名詞接続,*,*,*,*,焼,ショウ,ショー
燔	名詞,一般,*,*,*,*,*
の	助詞,連体化,*,*,*,*,の,ノ,ノ
捧げ	動詞,自立,*,*,一段,連用形,捧げる,ササゲ,ササゲ
物	名詞,接尾,一般,*,*,*,物,ブツ,ブツ
や	助詞,並立助詞,*,*,*,*,や,ヤ,ヤ
それ	名詞,代名詞,一般,*,*,*,それ,ソレ,ソレ
に	助詞,格助詞,一般,*,*,*,に,ニ,ニ
伴う	動詞,自立,*,*,五段・ワ行促音便,基本形,伴う,トモナウ,トモナウ
飲み物	名詞,一般,*,*,*,*,飲み物,ノミモノ,ノミモノ
の	助詞,連体化,*,*,*,*,の,ノ,ノ
捧げ	動詞,自立,*,*,一段,連用形,捧げる,ササゲ,ササゲ
物	名詞,接尾,一般,*,*,*,物,ブツ,ブツ
と共に	助詞,格助詞,連語,*,*,*,と共に,トトモニ,トトモニ
[	名詞,サ変接続,*,*,*,*,*
ささげ	動詞,自立,*,*,一段,未然形,ささげる,ササゲ,ササゲ
られる	動詞,接尾,*,*,一段,基本形,られる,ラレル,ラレル
]。「『	名詞,サ変接続,*,*,*,*,*
また	接続詞,*,*,*,*,*,また,マタ,マタ
，	記号,読点,*,*,*,*,，,，,，
あなた	名詞,代名詞,一般,*,*,*,あなた,アナタ,アナタ
方	名詞,接尾,一般,*,*,*,方,カタ,カタ
の	助詞,連体化,*,*,*,*,の,ノ,ノ
月々	名詞,一般,*,*,*,*,月々,ツキヅキ,ツキズキ
の	助詞,連体化,*,*,*,*,の,ノ,ノ
初め	名詞,副詞可能,*,*,*,*,初め,ハジメ,ハジメ
に	助詞,格助詞,一般,*,*,*,に,ニ,ニ
は	助詞,係助詞,*,*,*,*,は,ハ,ワ
，	記号,読点,*,*,*,*,，,，,，
エホバ	名詞,一般,*,*,*,*,エホバ,エホバ,エホバ
へ	助詞,格助詞,一般,*,*,*,へ,ヘ,エ
の	助詞,連体化,*,*,*,*,の,ノ,ノ
焼	接頭詞,名詞接続,*,*,*,*,焼,ショウ,ショー
燔	名詞,一般,*,*,*,*,*
の	助詞,連体化,*,*,*,*,の,ノ,ノ
捧げ	動詞,自立,*,*,一段,連用形,捧げる,ササゲ,ササゲ
物	名詞,接尾,一般,*,*,*,物,ブツ,ブツ
として	助詞,格助詞,連語,*,*,*,として,トシテ,トシテ
，	記号,読点,*,*,*,*,，,，,，
若い	形容詞,自立,*,*,形容詞・アウオ段,基本形,若い,ワカイ,ワカイ
雄	接頭詞,名詞接続,*,*,*,*,雄,オ,オ
牛	名詞,一般,*,*,*,*,牛,ウシ,ウシ
二	名詞,数,*,*,*,*,二,ニ,ニ
頭	名詞,接尾,助数詞,*,*,*,頭,トウ,トー
と	助詞,並立助詞,*,*,*,*,と,ト,ト
雄	名詞,一般,*,*,*,*,雄,ユウ,ユー
羊	名詞,一般,*,*,*,*,羊,ヒツジ,ヒツジ
一	名詞,数,*,*,*,*,一,イチ,イチ
頭	名詞,接尾,助数詞,*,*,*,頭,トウ,トー
，	記号,読点,*,*,*,*,，,，,，
き	動詞,自立,*,*,一段,未然形,きる,キ,キ
ず	助動詞,*,*,*,特殊・ヌ,連用ニ接続,ぬ,ズ,ズ
の	助詞,格助詞,一般,*,*,*,の,ノ,ノ
ない	形容詞,自立,*,*,形容詞・アウオ段,基本形,ない,ナイ,ナイ
雄	名詞,一般,*,*,*,*,雄,ユウ,ユー
の	助詞,連体化,*,*,*,*,の,ノ,ノ
子羊	名詞,一般,*,*,*,*,子羊,コヒツジ,コヒツジ
それぞれ	名詞,副詞可能,*,*,*,*,それぞれ,ソレゾレ,ソレゾレ
一	名詞,数,*,*,*,*,一,イチ,イチ
歳	名詞,接尾,助数詞,*,*,*,歳,サイ,サイ
の	助詞,連体化,*,*,*,*,の,ノ,ノ
もの	名詞,非自立,一般,*,*,*,もの,モノ,モノ
七	名詞,数,*,*,*,*,七,ナナ,ナナ
頭	名詞,接尾,助数詞,*,*,*,頭,トウ,トー
を	助詞,格助詞,一般,*,*,*,を,ヲ,ヲ
差し出す	動詞,自立,*,*,五段・サ行,基本形,差し出す,サシダス,サシダス
。	記号,句点,*,*,*,*,。,。,。
また	接続詞,*,*,*,*,*,また,マタ,マタ
，	記号,読点,*,*,*,*,，,，,，
雄	接頭詞,名詞接続,*,*,*,*,雄,オ,オ
牛	名詞,一般,*,*,*,*,牛,ウシ,ウシ
各	接頭詞,名詞接続,*,*,*,*,各,カク,カク
一	名詞,数,*,*,*,*,一,イチ,イチ
頭	名詞,接尾,助数詞,*,*,*,頭,トウ,トー
の	助詞,連体化,*,*,*,*,の,ノ,ノ
ため	名詞,非自立,副詞可能,*,*,*,ため,タメ,タメ
に	助詞,格助詞,一般,*,*,*,に,ニ,ニ
穀物	名詞,一般,*,*,*,*,穀物,コクモツ,コクモツ
の	助詞,連体化,*,*,*,*,の,ノ,ノ
捧げ	動詞,自立,*,*,一段,連用形,捧げる,ササゲ,ササゲ
物	名詞,接尾,一般,*,*,*,物,ブツ,ブツ
として	助詞,格助詞,連語,*,*,*,として,トシテ,トシテ
油	名詞,一般,*,*,*,*,油,アブラ,アブラ
で	助詞,格助詞,一般,*,*,*,で,デ,デ
湿ら	動詞,自立,*,*,五段・ラ行,未然形,湿る,シメラ,シメラ
せ	動詞,接尾,*,*,一段,連用形,せる,セ,セ
た	助動詞,*,*,*,特殊・タ,基本形,た,タ,タ
上等	名詞,一般,*,*,*,*,上等,ジョウトウ,ジョートー
の	助詞,連体化,*,*,*,*,の,ノ,ノ
麦粉	名詞,一般,*,*,*,*,麦粉,ムギコ,ムギコ
十	名詞,数,*,*,*,*,十,ジュウ,ジュー
分の	名詞,接尾,助数詞,*,*,*,分の,ブンノ,ブンノ
三	名詞,数,*,*,*,*,三,サン,サン
[	名詞,サ変接続,*,*,*,*,*
エファ	名詞,一般,*,*,*,*,*
]，	名詞,サ変接続,*,*,*,*,*
一	名詞,数,*,*,*,*,一,イチ,イチ
頭	名詞,接尾,助数詞,*,*,*,頭,トウ,トー
の	助詞,連体化,*,*,*,*,の,ノ,ノ
雄	接頭詞,名詞接続,*,*,*,*,雄,オ,オ
羊	名詞,一般,*,*,*,*,羊,ヒツジ,ヒツジ
の	助詞,連体化,*,*,*,*,の,ノ,ノ
ため	名詞,非自立,副詞可能,*,*,*,ため,タメ,タメ
に	助詞,格助詞,一般,*,*,*,に,ニ,ニ
穀物	名詞,一般,*,*,*,*,穀物,コクモツ,コクモツ
の	助詞,連体化,*,*,*,*,の,ノ,ノ
捧げ	動詞,自立,*,*,一段,連用形,捧げる,ササゲ,ササゲ
物	名詞,接尾,一般,*,*,*,物,ブツ,ブツ
として	助詞,格助詞,連語,*,*,*,として,トシテ,トシテ
油	名詞,一般,*,*,*,*,油,アブラ,アブラ
で	助詞,格助詞,一般,*,*,*,で,デ,デ
湿ら	動詞,自立,*,*,五段・ラ行,未然形,湿る,シメラ,シメラ
せ	動詞,接尾,*,*,一段,連用形,せる,セ,セ
た	助動詞,*,*,*,特殊・タ,基本形,た,タ,タ
上等	名詞,一般,*,*,*,*,上等,ジョウトウ,ジョートー
の	助詞,連体化,*,*,*,*,の,ノ,ノ
麦粉	名詞,一般,*,*,*,*,麦粉,ムギコ,ムギコ
十	名詞,数,*,*,*,*,十,ジュウ,ジュー
分の	名詞,接尾,助数詞,*,*,*,分の,ブンノ,ブンノ
二	名詞,数,*,*,*,*,二,ニ,ニ
[	名詞,サ変接続,*,*,*,*,*
エファ	名詞,一般,*,*,*,*,*
]，	名詞,サ変接続,*,*,*,*,*
さらに	副詞,助詞類接続,*,*,*,*,さらに,サラニ,サラニ
雄	名詞,一般,*,*,*,*,雄,ユウ,ユー
の	助詞,連体化,*,*,*,*,の,ノ,ノ
子羊	名詞,一般,*,*,*,*,子羊,コヒツジ,コヒツジ
各	接頭詞,名詞接続,*,*,*,*,各,カク,カク
一	名詞,数,*,*,*,*,一,イチ,イチ
頭	名詞,接尾,助数詞,*,*,*,頭,トウ,トー
の	助詞,連体化,*,*,*,*,の,ノ,ノ
ため	名詞,非自立,副詞可能,*,*,*,ため,タメ,タメ
に	助詞,格助詞,一般,*,*,*,に,ニ,ニ
穀物	名詞,一般,*,*,*,*,穀物,コクモツ,コクモツ
の	助詞,連体化,*,*,*,*,の,ノ,ノ
捧げ	動詞,自立,*,*,一段,連用形,捧げる,ササゲ,ササゲ
物	名詞,接尾,一般,*,*,*,物,ブツ,ブツ
として	助詞,格助詞,連語,*,*,*,として,トシテ,トシテ
油	名詞,一般,*,*,*,*,油,アブラ,アブラ
で	助詞,格助詞,一般,*,*,*,で,デ,デ
湿ら	動詞,自立,*,*,五段・ラ行,未然形,湿る,シメラ,シメラ
せ	動詞,接尾,*,*,一段,連用形,せる,セ,セ
た	助動詞,*,*,*,特殊・タ,基本形,た,タ,タ
上等	名詞,一般,*,*,*,*,上等,ジョウトウ,ジョートー
の	助詞,連体化,*,*,*,*,の,ノ,ノ
麦粉	名詞,一般,*,*,*,*,麦粉,ムギコ,ムギコ
それぞれ	名詞,副詞可能,*,*,*,*,それぞれ,ソレゾレ,ソレゾレ
十	名詞,数,*,*,*,*,十,ジュウ,ジュー
分の	名詞,接尾,助数詞,*,*,*,分の,ブンノ,ブンノ
一	名詞,数,*,*,*,*,一,イチ,イチ
[	名詞,サ変接続,*,*,*,*,*
エファ	名詞,一般,*,*,*,*,*
]	名詞,サ変接続,*,*,*,*,*
を	助詞,格助詞,一般,*,*,*,を,ヲ,ヲ
，	記号,読点,*,*,*,*,，,，,，
焼	接頭詞,名詞接続,*,*,*,*,焼,ショウ,ショー
燔	名詞,一般,*,*,*,*,*
の	助詞,連体化,*,*,*,*,の,ノ,ノ
捧げ	動詞,自立,*,*,一段,連用形,捧げる,ササゲ,ササゲ
物	名詞,接尾,一般,*,*,*,物,ブツ,ブツ
，	記号,読点,*,*,*,*,，,，,，
安らぎ	名詞,一般,*,*,*,*,安らぎ,ヤスラギ,ヤスラギ
の	助詞,連体化,*,*,*,*,の,ノ,ノ
香り	名詞,一般,*,*,*,*,香り,カオリ,カオリ
，	記号,読点,*,*,*,*,，,，,，
エホバ	名詞,一般,*,*,*,*,エホバ,エホバ,エホバ
へ	助詞,格助詞,一般,*,*,*,へ,ヘ,エ
の	助詞,連体化,*,*,*,*,の,ノ,ノ
火	名詞,一般,*,*,*,*,火,ヒ,ヒ
による	助詞,格助詞,連語,*,*,*,による,ニヨル,ニヨル
捧げ	動詞,自立,*,*,一段,連用形,捧げる,ササゲ,ササゲ
物	名詞,接尾,一般,*,*,*,物,ブツ,ブツ
として	助詞,格助詞,連語,*,*,*,として,トシテ,トシテ
。	記号,句点,*,*,*,*,。,。,。
また	接続詞,*,*,*,*,*,また,マタ,マタ
，	記号,読点,*,*,*,*,，,，,，
その	連体詞,*,*,*,*,*,その,ソノ,ソノ
飲み物	名詞,一般,*,*,*,*,飲み物,ノミモノ,ノミモノ
の	助詞,連体化,*,*,*,*,の,ノ,ノ
捧げ	動詞,自立,*,*,一段,連用形,捧げる,ササゲ,ササゲ
物	名詞,接尾,一般,*,*,*,物,ブツ,ブツ
として	助詞,格助詞,連語,*,*,*,として,トシテ,トシテ
，	記号,読点,*,*,*,*,，,，,，
雄	接頭詞,名詞接続,*,*,*,*,雄,オ,オ
牛	名詞,一般,*,*,*,*,牛,ウシ,ウシ
一	名詞,数,*,*,*,*,一,イチ,イチ
頭	名詞,接尾,助数詞,*,*,*,頭,トウ,トー
の	助詞,連体化,*,*,*,*,の,ノ,ノ
ため	名詞,非自立,副詞可能,*,*,*,ため,タメ,タメ
に	助詞,格助詞,一般,*,*,*,に,ニ,ニ
ぶどう酒	名詞,一般,*,*,*,*,ぶどう酒,ブドウシュ,ブドーシュ
二	名詞,数,*,*,*,*,二,ニ,ニ
分の	名詞,接尾,助数詞,*,*,*,分の,ブンノ,ブンノ
一	名詞,数,*,*,*,*,一,イチ,イチ
ヒン	名詞,一般,*,*,*,*,*
，	記号,読点,*,*,*,*,，,，,，
雄	接頭詞,名詞接続,*,*,*,*,雄,オ,オ
羊	名詞,一般,*,*,*,*,羊,ヒツジ,ヒツジ
の	助詞,連体化,*,*,*,*,の,ノ,ノ
ため	名詞,非自立,副詞可能,*,*,*,ため,タメ,タメ
に	助詞,格助詞,一般,*,*,*,に,ニ,ニ
三	名詞,数,*,*,*,*,三,サン,サン
分の	名詞,接尾,助数詞,*,*,*,分の,ブンノ,ブンノ
一	名詞,数,*,*,*,*,一,イチ,イチ
ヒン	名詞,一般,*,*,*,*,*
，	記号,読点,*,*,*,*,，,，,，
雄	名詞,一般,*,*,*,*,雄,ユウ,ユー
の	助詞,連体化,*,*,*,*,の,ノ,ノ
子羊	名詞,一般,*,*,*,*,子羊,コヒツジ,コヒツジ
一	名詞,数,*,*,*,*,一,イチ,イチ
頭	名詞,接尾,助数詞,*,*,*,頭,トウ,トー
の	助詞,連体化,*,*,*,*,の,ノ,ノ
ため	名詞,非自立,副詞可能,*,*,*,ため,タメ,タメ
に	助詞,格助詞,一般,*,*,*,に,ニ,ニ
四	名詞,数,*,*,*,*,四,ヨン,ヨン
分の	名詞,接尾,助数詞,*,*,*,分の,ブンノ,ブンノ
一	名詞,数,*,*,*,*,一,イチ,イチ
ヒン	名詞,一般,*,*,*,*,*
が	助詞,格助詞,一般,*,*,*,が,ガ,ガ
伴う	動詞,自立,*,*,五段・ワ行促音便,基本形,伴う,トモナウ,トモナウ
。	記号,句点,*,*,*,*,。,。,。
これ	名詞,代名詞,一般,*,*,*,これ,コレ,コレ
が	助詞,格助詞,一般,*,*,*,が,ガ,ガ
それぞれ	名詞,副詞可能,*,*,*,*,それぞれ,ソレゾレ,ソレゾレ
の	助詞,連体化,*,*,*,*,の,ノ,ノ
月	名詞,一般,*,*,*,*,月,ツキ,ツキ
における	助詞,格助詞,連語,*,*,*,における,ニオケル,ニオケル
月	名詞,一般,*,*,*,*,月,ツキ,ツキ
ごと	名詞,接尾,一般,*,*,*,ごと,ゴト,ゴト
の	助詞,連体化,*,*,*,*,の,ノ,ノ
焼	接頭詞,名詞接続,*,*,*,*,焼,ショウ,ショー
燔	名詞,一般,*,*,*,*,*
の	助詞,連体化,*,*,*,*,の,ノ,ノ
捧げ	動詞,自立,*,*,一段,連用形,捧げる,ササゲ,ササゲ
物	名詞,接尾,一般,*,*,*,物,ブツ,ブツ
で	助動詞,*,*,*,特殊・ダ,連用形,だ,デ,デ
あり	助動詞,*,*,*,五段・ラ行アル,連用形,ある,アリ,アリ
，	記号,読点,*,*,*,*,，,，,，
一	名詞,数,*,*,*,*,一,イチ,イチ
年	名詞,接尾,助数詞,*,*,*,年,ネン,ネン
を通して	助詞,格助詞,連語,*,*,*,を通して,ヲトオシテ,ヲトーシテ
月々	名詞,副詞可能,*,*,*,*,月々,ツキヅキ,ツキズキ
なさ	動詞,自立,*,*,五段・サ行,未然形,なす,ナサ,ナサ
れる	動詞,接尾,*,*,一段,基本形,れる,レル,レル
。	記号,句点,*,*,*,*,。,。,。
さらに	副詞,助詞類接続,*,*,*,*,さらに,サラニ,サラニ
，	記号,読点,*,*,*,*,，,，,，
子	接頭詞,名詞接続,*,*,*,*,子,コ,コ
やぎ	名詞,一般,*,*,*,*,やぎ,ヤギ,ヤギ
一	名詞,数,*,*,*,*,一,イチ,イチ
頭	名詞,接尾,助数詞,*,*,*,頭,トウ,トー
が	助詞,格助詞,一般,*,*,*,が,ガ,ガ
，	記号,読点,*,*,*,*,，,，,，
エホバ	名詞,一般,*,*,*,*,エホバ,エホバ,エホバ
へ	助詞,格助詞,一般,*,*,*,へ,ヘ,エ
の	助詞,連体化,*,*,*,*,の,ノ,ノ
罪	名詞,一般,*,*,*,*,罪,ツミ,ツミ
の	助詞,連体化,*,*,*,*,の,ノ,ノ
捧げ	動詞,自立,*,*,一段,連用形,捧げる,ササゲ,ササゲ
物	名詞,接尾,一般,*,*,*,物,ブツ,ブツ
として	助詞,格助詞,連語,*,*,*,として,トシテ,トシテ
，	記号,読点,*,*,*,*,，,，,，
常	接頭詞,名詞接続,*,*,*,*,常,ツネ,ツネ
供	名詞,サ変接続,*,*,*,*,供,キョウ,キョー
の	助詞,連体化,*,*,*,*,の,ノ,ノ
焼	接頭詞,名詞接続,*,*,*,*,焼,ショウ,ショー
燔	名詞,一般,*,*,*,*,*
の	助詞,連体化,*,*,*,*,の,ノ,ノ
捧げ	動詞,自立,*,*,一段,連用形,捧げる,ササゲ,ササゲ
物	名詞,接尾,一般,*,*,*,物,ブツ,ブツ
や	助詞,並立助詞,*,*,*,*,や,ヤ,ヤ
その	連体詞,*,*,*,*,*,その,ソノ,ソノ
飲み物	名詞,一般,*,*,*,*,飲み物,ノミモノ,ノミモノ
の	助詞,連体化,*,*,*,*,の,ノ,ノ
捧げ	動詞,自立,*,*,一段,連用形,捧げる,ササゲ,ササゲ
物	名詞,接尾,一般,*,*,*,物,ブツ,ブツ
に	助詞,格助詞,一般,*,*,*,に,ニ,ニ
加え	動詞,自立,*,*,一段,連用形,加える,クワエ,クワエ
て	助詞,接続助詞,*,*,*,*,て,テ,テ
ささげ	動詞,自立,*,*,一段,未然形,ささげる,ササゲ,ササゲ
られる	動詞,接尾,*,*,一段,基本形,られる,ラレル,ラレル
べき	助動詞,*,*,*,文語・ベシ,体言接続,べし,ベキ,ベキ
で	助動詞,*,*,*,特殊・ダ,連用形,だ,デ,デ
ある	助動詞,*,*,*,五段・ラ行アル,基本形,ある,アル,アル
。	記号,句点,*,*,*,*,。,。,。
「	記号,括弧開,*,*,*,*,「,「,「
『	記号,括弧開,*,*,*,*,『,『,『
また	接続詞,*,*,*,*,*,また,マタ,マタ
，	記号,読点,*,*,*,*,，,，,，
第	接頭詞,数接続,*,*,*,*,第,ダイ,ダイ
一	名詞,数,*,*,*,*,一,イチ,イチ
の	助詞,連体化,*,*,*,*,の,ノ,ノ
月	名詞,一般,*,*,*,*,月,ツキ,ツキ
，	記号,読点,*,*,*,*,，,，,，
その	連体詞,*,*,*,*,*,その,ソノ,ソノ
月	名詞,一般,*,*,*,*,月,ツキ,ツキ
の	助詞,連体化,*,*,*,*,の,ノ,ノ
十	名詞,数,*,*,*,*,十,ジュウ,ジュー
四	名詞,数,*,*,*,*,四,ヨン,ヨン
日	名詞,接尾,助数詞,*,*,*,日,ニチ,ニチ
に	助詞,格助詞,一般,*,*,*,に,ニ,ニ
は	助詞,係助詞,*,*,*,*,は,ハ,ワ
エホバ	名詞,一般,*,*,*,*,エホバ,エホバ,エホバ
の	助詞,連体化,*,*,*,*,の,ノ,ノ
過ぎ	動詞,自立,*,*,一段,連用形,過ぎる,スギ,スギ
越し	名詞,接尾,一般,*,*,*,越し,ゴシ,ゴシ
が	助詞,格助詞,一般,*,*,*,が,ガ,ガ
行なわ	動詞,自立,*,*,五段・ワ行促音便,未然形,行なう,オコナワ,オコナワ
れる	動詞,接尾,*,*,一段,基本形,れる,レル,レル
。	記号,句点,*,*,*,*,。,。,。
そして	接続詞,*,*,*,*,*,そして,ソシテ,ソシテ
，	記号,読点,*,*,*,*,，,，,，
この	連体詞,*,*,*,*,*,この,コノ,コノ
月	名詞,一般,*,*,*,*,月,ツキ,ツキ
の	助詞,連体化,*,*,*,*,の,ノ,ノ
十	名詞,数,*,*,*,*,十,ジュウ,ジュー
五	名詞,数,*,*,*,*,五,ゴ,ゴ
日	名詞,接尾,助数詞,*,*,*,日,ニチ,ニチ
に	助詞,格助詞,一般,*,*,*,に,ニ,ニ
は	助詞,係助詞,*,*,*,*,は,ハ,ワ
祭り	名詞,一般,*,*,*,*,祭り,マツリ,マツリ
が	助詞,格助詞,一般,*,*,*,が,ガ,ガ
行なわ	動詞,自立,*,*,五段・ワ行促音便,未然形,行なう,オコナワ,オコナワ
れる	動詞,接尾,*,*,一段,基本形,れる,レル,レル
。	記号,句点,*,*,*,*,。,。,。
七	名詞,数,*,*,*,*,七,ナナ,ナナ
日	名詞,接尾,助数詞,*,*,*,日,ニチ,ニチ
の	助詞,連体化,*,*,*,*,の,ノ,ノ
あいだ	名詞,固有名詞,地域,一般,*,*,あいだ,アイダ,アイダ
無	接頭詞,名詞接続,*,*,*,*,無,ム,ム
酵母	名詞,一般,*,*,*,*,酵母,コウボ,コーボ
の	助詞,連体化,*,*,*,*,の,ノ,ノ
パン	名詞,一般,*,*,*,*,パン,パン,パン
を	助詞,格助詞,一般,*,*,*,を,ヲ,ヲ
食べる	動詞,自立,*,*,一段,基本形,食べる,タベル,タベル
。	記号,句点,*,*,*,*,。,。,。
その	連体詞,*,*,*,*,*,その,ソノ,ソノ
最初	名詞,一般,*,*,*,*,最初,サイショ,サイショ
の	助詞,連体化,*,*,*,*,の,ノ,ノ
日	名詞,非自立,副詞可能,*,*,*,日,ヒ,ヒ
に	助詞,格助詞,一般,*,*,*,に,ニ,ニ
は	助詞,係助詞,*,*,*,*,は,ハ,ワ
聖なる	連体詞,*,*,*,*,*,聖なる,セイナル,セイナル
大会	名詞,一般,*,*,*,*,大会,タイカイ,タイカイ
が	助詞,格助詞,一般,*,*,*,が,ガ,ガ
なさ	動詞,自立,*,*,五段・サ行,未然形,なす,ナサ,ナサ
れる	動詞,接尾,*,*,一段,基本形,れる,レル,レル
。	記号,句点,*,*,*,*,。,。,。
どんな	連体詞,*,*,*,*,*,どんな,ドンナ,ドンナ
労働	名詞,サ変接続,*,*,*,*,労働,ロウドウ,ロードー
の	助詞,連体化,*,*,*,*,の,ノ,ノ
仕事	名詞,サ変接続,*,*,*,*,仕事,シゴト,シゴト
も	助詞,係助詞,*,*,*,*,も,モ,モ
行なっ	動詞,自立,*,*,五段・ワ行促音便,連用タ接続,行なう,オコナッ,オコナッ
て	助詞,接続助詞,*,*,*,*,て,テ,テ
は	助詞,係助詞,*,*,*,*,は,ハ,ワ
なら	動詞,非自立,*,*,五段・ラ行,未然形,なる,ナラ,ナラ
ない	助動詞,*,*,*,特殊・ナイ,基本形,ない,ナイ,ナイ
。	記号,句点,*,*,*,*,。,。,。
そして	接続詞,*,*,*,*,*,そして,ソシテ,ソシテ
あなた	名詞,代名詞,一般,*,*,*,あなた,アナタ,アナタ
方	名詞,接尾,一般,*,*,*,方,カタ,カタ
は	助詞,係助詞,*,*,*,*,は,ハ,ワ
，	記号,読点,*,*,*,*,，,，,，
火	名詞,一般,*,*,*,*,火,ヒ,ヒ
による	助詞,格助詞,連語,*,*,*,による,ニヨル,ニヨル
捧げ	動詞,自立,*,*,一段,連用形,捧げる,ササゲ,ササゲ
物	名詞,接尾,一般,*,*,*,物,ブツ,ブツ
，	記号,読点,*,*,*,*,，,，,，
すなわち	接続詞,*,*,*,*,*,すなわち,スナワチ,スナワチ
エホバ	名詞,一般,*,*,*,*,エホバ,エホバ,エホバ
へ	助詞,格助詞,一般,*,*,*,へ,ヘ,エ
の	助詞,連体化,*,*,*,*,の,ノ,ノ
焼	接頭詞,名詞接続,*,*,*,*,焼,ショウ,ショー
燔	名詞,一般,*,*,*,*,*
の	助詞,連体化,*,*,*,*,の,ノ,ノ
捧げ	動詞,自立,*,*,一段,連用形,捧げる,ササゲ,ササゲ
物	名詞,接尾,一般,*,*,*,物,ブツ,ブツ
として	助詞,格助詞,連語,*,*,*,として,トシテ,トシテ
，	記号,読点,*,*,*,*,，,，,，
若い	形容詞,自立,*,*,形容詞・アウオ段,基本形,若い,ワカイ,ワカイ
雄	接頭詞,名詞接続,*,*,*,*,雄,オ,オ
牛	名詞,一般,*,*,*,*,牛,ウシ,ウシ
二	名詞,数,*,*,*,*,二,ニ,ニ
頭	名詞,接尾,助数詞,*,*,*,頭,トウ,トー
，	記号,読点,*,*,*,*,，,，,，
雄	接頭詞,名詞接続,*,*,*,*,雄,オ,オ
羊	名詞,一般,*,*,*,*,羊,ヒツジ,ヒツジ
一	名詞,数,*,*,*,*,一,イチ,イチ
頭	名詞,接尾,助数詞,*,*,*,頭,トウ,トー
，	記号,読点,*,*,*,*,，,，,，
雄	名詞,一般,*,*,*,*,雄,ユウ,ユー
の	助詞,連体化,*,*,*,*,の,ノ,ノ
子羊	名詞,一般,*,*,*,*,子羊,コヒツジ,コヒツジ
それぞれ	名詞,副詞可能,*,*,*,*,それぞれ,ソレゾレ,ソレゾレ
一	名詞,数,*,*,*,*,一,イチ,イチ
歳	名詞,接尾,助数詞,*,*,*,歳,サイ,サイ
の	助詞,連体化,*,*,*,*,の,ノ,ノ
もの	名詞,非自立,一般,*,*,*,もの,モノ,モノ
七	名詞,数,*,*,*,*,七,ナナ,ナナ
頭	名詞,接尾,助数詞,*,*,*,頭,トウ,トー
を	助詞,格助詞,一般,*,*,*,を,ヲ,ヲ
差し出す	動詞,自立,*,*,五段・サ行,基本形,差し出す,サシダス,サシダス
よう	名詞,非自立,助動詞語幹,*,*,*,よう,ヨウ,ヨー
に	助詞,格助詞,一般,*,*,*,に,ニ,ニ
。	記号,句点,*,*,*,*,。,。,。
それら	名詞,代名詞,一般,*,*,*,それら,ソレラ,ソレラ
は	助詞,係助詞,*,*,*,*,は,ハ,ワ
あなた	名詞,代名詞,一般,*,*,*,あなた,アナタ,アナタ
方	名詞,接尾,一般,*,*,*,方,カタ,カタ
に	助詞,格助詞,一般,*,*,*,に,ニ,ニ
とっ	動詞,自立,*,*,五段・ラ行,連用タ接続,とる,トッ,トッ
て	助詞,接続助詞,*,*,*,*,て,テ,テ
き	動詞,非自立,*,*,カ変・クル,連用形,くる,キ,キ
ず	助動詞,*,*,*,特殊・ヌ,連用ニ接続,ぬ,ズ,ズ
の	助詞,格助詞,一般,*,*,*,の,ノ,ノ
ない	形容詞,自立,*,*,形容詞・アウオ段,基本形,ない,ナイ,ナイ
もの	名詞,非自立,一般,*,*,*,もの,モノ,モノ
で	助動詞,*,*,*,特殊・ダ,連用形,だ,デ,デ
ある	助動詞,*,*,*,五段・ラ行アル,基本形,ある,アル,アル
べき	助動詞,*,*,*,文語・ベシ,体言接続,べし,ベキ,ベキ
で	助動詞,*,*,*,特殊・ダ,連用形,だ,デ,デ
ある	助動詞,*,*,*,五段・ラ行アル,基本形,ある,アル,アル
。	記号,句点,*,*,*,*,。,。,。
また	接続詞,*,*,*,*,*,また,マタ,マタ
，	記号,読点,*,*,*,*,，,，,，
それ	名詞,代名詞,一般,*,*,*,それ,ソレ,ソレ
に	助詞,格助詞,一般,*,*,*,に,ニ,ニ
伴う	動詞,自立,*,*,五段・ワ行促音便,基本形,伴う,トモナウ,トモナウ
穀物	名詞,一般,*,*,*,*,穀物,コクモツ,コクモツ
の	助詞,連体化,*,*,*,*,の,ノ,ノ
捧げ	動詞,自立,*,*,一段,連用形,捧げる,ササゲ,ササゲ
物	名詞,接尾,一般,*,*,*,物,ブツ,ブツ
で	助動詞,*,*,*,特殊・ダ,連用形,だ,デ,デ
ある	助動詞,*,*,*,五段・ラ行アル,基本形,ある,アル,アル
油	名詞,一般,*,*,*,*,油,アブラ,アブラ
で	助詞,格助詞,一般,*,*,*,で,デ,デ
湿ら	動詞,自立,*,*,五段・ラ行,未然形,湿る,シメラ,シメラ
せ	動詞,接尾,*,*,一段,連用形,せる,セ,セ
た	助動詞,*,*,*,特殊・タ,基本形,た,タ,タ
上等	名詞,一般,*,*,*,*,上等,ジョウトウ,ジョートー
の	助詞,連体化,*,*,*,*,の,ノ,ノ
麦粉	名詞,一般,*,*,*,*,麦粉,ムギコ,ムギコ
として	助詞,格助詞,連語,*,*,*,として,トシテ,トシテ
，	記号,読点,*,*,*,*,，,，,，
雄	接頭詞,名詞接続,*,*,*,*,雄,オ,オ
牛	名詞,一般,*,*,*,*,牛,ウシ,ウシ
一	名詞,数,*,*,*,*,一,イチ,イチ
頭	名詞,接尾,助数詞,*,*,*,頭,トウ,トー
の	助詞,連体化,*,*,*,*,の,ノ,ノ
ため	名詞,非自立,副詞可能,*,*,*,ため,タメ,タメ
に	助詞,格助詞,一般,*,*,*,に,ニ,ニ
十	名詞,数,*,*,*,*,十,ジュウ,ジュー
分の	名詞,接尾,助数詞,*,*,*,分の,ブンノ,ブンノ
三	名詞,数,*,*,*,*,三,サン,サン
[	名詞,サ変接続,*,*,*,*,*
エファ	名詞,一般,*,*,*,*,*
]，	名詞,サ変接続,*,*,*,*,*
雄	名詞,一般,*,*,*,*,雄,ユウ,ユー
羊	名詞,一般,*,*,*,*,羊,ヒツジ,ヒツジ
の	助詞,連体化,*,*,*,*,の,ノ,ノ
ため	名詞,非自立,副詞可能,*,*,*,ため,タメ,タメ
に	助詞,格助詞,一般,*,*,*,に,ニ,ニ
十	名詞,数,*,*,*,*,十,ジュウ,ジュー
分の	名詞,接尾,助数詞,*,*,*,分の,ブンノ,ブンノ
二	名詞,数,*,*,*,*,二,ニ,ニ
[	名詞,サ変接続,*,*,*,*,*
エファ	名詞,一般,*,*,*,*,*
]	名詞,サ変接続,*,*,*,*,*
を	助詞,格助詞,一般,*,*,*,を,ヲ,ヲ
ささげる	動詞,自立,*,*,一段,基本形,ささげる,ササゲル,ササゲル
。	記号,句点,*,*,*,*,。,。,。
七	名詞,数,*,*,*,*,七,ナナ,ナナ
頭	名詞,接尾,助数詞,*,*,*,頭,トウ,トー
の	助詞,連体化,*,*,*,*,の,ノ,ノ
雄	名詞,一般,*,*,*,*,雄,ユウ,ユー
の	助詞,連体化,*,*,*,*,の,ノ,ノ
子羊	名詞,一般,*,*,*,*,子羊,コヒツジ,コヒツジ
の	助詞,連体化,*,*,*,*,の,ノ,ノ
その	連体詞,*,*,*,*,*,その,ソノ,ソノ
雄	名詞,一般,*,*,*,*,雄,ユウ,ユー
の	助詞,連体化,*,*,*,*,の,ノ,ノ
子羊	名詞,一般,*,*,*,*,子羊,コヒツジ,コヒツジ
各	接頭詞,名詞接続,*,*,*,*,各,カク,カク
一	名詞,数,*,*,*,*,一,イチ,イチ
頭	名詞,接尾,助数詞,*,*,*,頭,トウ,トー
の	助詞,連体化,*,*,*,*,の,ノ,ノ
ため	名詞,非自立,副詞可能,*,*,*,ため,タメ,タメ
に	助詞,格助詞,一般,*,*,*,に,ニ,ニ
，	記号,読点,*,*,*,*,，,，,，
それぞれ	名詞,副詞可能,*,*,*,*,それぞれ,ソレゾレ,ソレゾレ
十	名詞,数,*,*,*,*,十,ジュウ,ジュー
分の	名詞,接尾,助数詞,*,*,*,分の,ブンノ,ブンノ
一	名詞,数,*,*,*,*,一,イチ,イチ
[	名詞,サ変接続,*,*,*,*,*
エファ	名詞,一般,*,*,*,*,*
]	名詞,サ変接続,*,*,*,*,*
を	助詞,格助詞,一般,*,*,*,を,ヲ,ヲ
ささげる	動詞,自立,*,*,一段,基本形,ささげる,ササゲル,ササゲル
。	記号,句点,*,*,*,*,。,。,。
さらに	副詞,助詞類接続,*,*,*,*,さらに,サラニ,サラニ
，	記号,読点,*,*,*,*,，,，,，
あなた	名詞,代名詞,一般,*,*,*,あなた,アナタ,アナタ
方	名詞,接尾,一般,*,*,*,方,カタ,カタ
の	助詞,連体化,*,*,*,*,の,ノ,ノ
ため	名詞,非自立,副詞可能,*,*,*,ため,タメ,タメ
に	助詞,格助詞,一般,*,*,*,に,ニ,ニ
贖罪	名詞,一般,*,*,*,*,贖罪,ショクザイ,ショクザイ
を	助詞,格助詞,一般,*,*,*,を,ヲ,ヲ
行なう	動詞,自立,*,*,五段・ワ行促音便,基本形,行なう,オコナウ,オコナウ
ため	名詞,非自立,副詞可能,*,*,*,ため,タメ,タメ
，	記号,読点,*,*,*,*,，,，,，
罪	名詞,一般,*,*,*,*,罪,ツミ,ツミ
の	助詞,連体化,*,*,*,*,の,ノ,ノ
捧げ	動詞,自立,*,*,一段,連用形,捧げる,ササゲ,ササゲ
物	名詞,接尾,一般,*,*,*,物,ブツ,ブツ
の	助詞,連体化,*,*,*,*,の,ノ,ノ
やぎ	名詞,一般,*,*,*,*,やぎ,ヤギ,ヤギ
一	名詞,数,*,*,*,*,一,イチ,イチ
頭	名詞,接尾,助数詞,*,*,*,頭,トウ,トー
。	記号,句点,*,*,*,*,。,。,。
朝	名詞,固有名詞,地域,国,*,*,朝,チョウ,チョー
ごと	名詞,接尾,一般,*,*,*,ごと,ゴト,ゴト
の	助詞,連体化,*,*,*,*,の,ノ,ノ
焼	接頭詞,名詞接続,*,*,*,*,焼,ショウ,ショー
燔	名詞,一般,*,*,*,*,*
の	助詞,連体化,*,*,*,*,の,ノ,ノ
捧げ	動詞,自立,*,*,一段,連用形,捧げる,ササゲ,ササゲ
物	名詞,接尾,一般,*,*,*,物,ブツ,ブツ
，	記号,読点,*,*,*,*,，,，,，
すなわち	接続詞,*,*,*,*,*,すなわち,スナワチ,スナワチ
常	接頭詞,名詞接続,*,*,*,*,常,ツネ,ツネ
供	名詞,サ変接続,*,*,*,*,供,キョウ,キョー
の	助詞,連体化,*,*,*,*,の,ノ,ノ
焼	接頭詞,名詞接続,*,*,*,*,焼,ショウ,ショー
燔	名詞,一般,*,*,*,*,*
の	助詞,連体化,*,*,*,*,の,ノ,ノ
捧げ	動詞,自立,*,*,一段,連用形,捧げる,ササゲ,ササゲ
物	名詞,接尾,一般,*,*,*,物,ブツ,ブツ
の	助詞,連体化,*,*,*,*,の,ノ,ノ
ため	名詞,非自立,副詞可能,*,*,*,ため,タメ,タメ
の	助詞,連体化,*,*,*,*,の,ノ,ノ
もの	名詞,非自立,一般,*,*,*,もの,モノ,モノ
と	助詞,格助詞,引用,*,*,*,と,ト,ト
は	助詞,係助詞,*,*,*,*,は,ハ,ワ
別に	副詞,一般,*,*,*,*,別に,ベツニ,ベツニ
これら	名詞,代名詞,一般,*,*,*,これら,コレラ,コレラ
を	助詞,格助詞,一般,*,*,*,を,ヲ,ヲ
ささげる	動詞,自立,*,*,一段,基本形,ささげる,ササゲル,ササゲル
。	記号,句点,*,*,*,*,。,。,。
これ	名詞,代名詞,一般,*,*,*,これ,コレ,コレ
と	助詞,格助詞,一般,*,*,*,と,ト,ト
同じ	連体詞,*,*,*,*,*,同じ,オナジ,オナジ
もの	名詞,非自立,一般,*,*,*,もの,モノ,モノ
を	助詞,格助詞,一般,*,*,*,を,ヲ,ヲ
その	連体詞,*,*,*,*,*,その,ソノ,ソノ
七	名詞,数,*,*,*,*,七,ナナ,ナナ
日	名詞,接尾,助数詞,*,*,*,日,ニチ,ニチ
の	助詞,連体化,*,*,*,*,の,ノ,ノ
あいだ	名詞,副詞可能,*,*,*,*,あいだ,アイダ,アイダ
毎日	名詞,副詞可能,*,*,*,*,毎日,マイニチ,マイニチ
ささげ	動詞,自立,*,*,一段,連用形,ささげる,ササゲ,ササゲ
て	助詞,接続助詞,*,*,*,*,て,テ,テ
，	記号,読点,*,*,*,*,，,，,，
エホバ	名詞,一般,*,*,*,*,エホバ,エホバ,エホバ
へ	助詞,格助詞,一般,*,*,*,へ,ヘ,エ
の	助詞,連体化,*,*,*,*,の,ノ,ノ
安らぎ	名詞,一般,*,*,*,*,安らぎ,ヤスラギ,ヤスラギ
の	助詞,連体化,*,*,*,*,の,ノ,ノ
香り	名詞,一般,*,*,*,*,香り,カオリ,カオリ
と	助詞,格助詞,一般,*,*,*,と,ト,ト
なる	動詞,自立,*,*,五段・ラ行,基本形,なる,ナル,ナル
パン	名詞,一般,*,*,*,*,パン,パン,パン
，	記号,読点,*,*,*,*,，,，,，
火	名詞,一般,*,*,*,*,火,ヒ,ヒ
による	助詞,格助詞,連語,*,*,*,による,ニヨル,ニヨル
捧げ	動詞,自立,*,*,一段,連用形,捧げる,ササゲ,ササゲ
物	名詞,接尾,一般,*,*,*,物,ブツ,ブツ
と	助詞,格助詞,一般,*,*,*,と,ト,ト
する	動詞,自立,*,*,サ変・スル,基本形,する,スル,スル
。	記号,句点,*,*,*,*,。,。,。
常	接頭詞,名詞接続,*,*,*,*,常,ツネ,ツネ
供	名詞,サ変接続,*,*,*,*,供,キョウ,キョー
の	助詞,連体化,*,*,*,*,の,ノ,ノ
焼	接頭詞,名詞接続,*,*,*,*,焼,ショウ,ショー
燔	名詞,一般,*,*,*,*,*
の	助詞,連体化,*,*,*,*,の,ノ,ノ
捧げ	動詞,自立,*,*,一段,連用形,捧げる,ササゲ,ササゲ
物	名詞,接尾,一般,*,*,*,物,ブツ,ブツ
と共に	助詞,格助詞,連語,*,*,*,と共に,トトモニ,トトモニ
それ	名詞,代名詞,一般,*,*,*,それ,ソレ,ソレ
は	助詞,係助詞,*,*,*,*,は,ハ,ワ
ささげ	動詞,自立,*,*,一段,未然形,ささげる,ササゲ,ササゲ
られる	動詞,接尾,*,*,一段,基本形,られる,ラレル,ラレル
べき	助動詞,*,*,*,文語・ベシ,体言接続,べし,ベキ,ベキ
で	助動詞,*,*,*,特殊・ダ,連用形,だ,デ,デ
ある	助動詞,*,*,*,五段・ラ行アル,基本形,ある,アル,アル
。	記号,句点,*,*,*,*,。,。,。
また	接続詞,*,*,*,*,*,また,マタ,マタ
その	連体詞,*,*,*,*,*,その,ソノ,ソノ
飲み物	名詞,一般,*,*,*,*,飲み物,ノミモノ,ノミモノ
の	助詞,連体化,*,*,*,*,の,ノ,ノ
捧げ	動詞,自立,*,*,一段,連用形,捧げる,ササゲ,ササゲ
物	名詞,接尾,一般,*,*,*,物,ブツ,ブツ
も	助詞,係助詞,*,*,*,*,も,モ,モ
[	名詞,サ変接続,*,*,*,*,*
同様	名詞,形容動詞語幹,*,*,*,*,同様,ドウヨウ,ドーヨー
で	助動詞,*,*,*,特殊・ダ,連用形,だ,デ,デ
ある	助動詞,*,*,*,五段・ラ行アル,基本形,ある,アル,アル
]。	名詞,サ変接続,*,*,*,*,*
そして	接続詞,*,*,*,*,*,そして,ソシテ,ソシテ
七	名詞,数,*,*,*,*,七,ナナ,ナナ
日	名詞,接尾,助数詞,*,*,*,日,ニチ,ニチ
目	名詞,接尾,一般,*,*,*,目,メ,メ
に	助詞,格助詞,一般,*,*,*,に,ニ,ニ
あなた	名詞,代名詞,一般,*,*,*,あなた,アナタ,アナタ
方	名詞,接尾,一般,*,*,*,方,カタ,カタ
は	助詞,係助詞,*,*,*,*,は,ハ,ワ
聖なる	連体詞,*,*,*,*,*,聖なる,セイナル,セイナル
大会	名詞,一般,*,*,*,*,大会,タイカイ,タイカイ
を	助詞,格助詞,一般,*,*,*,を,ヲ,ヲ
催す	動詞,自立,*,*,五段・サ行,基本形,催す,モヨオス,モヨオス
べき	助動詞,*,*,*,文語・ベシ,体言接続,べし,ベキ,ベキ
で	助動詞,*,*,*,特殊・ダ,連用形,だ,デ,デ
ある	助動詞,*,*,*,五段・ラ行アル,基本形,ある,アル,アル
。	記号,句点,*,*,*,*,。,。,。
どんな	連体詞,*,*,*,*,*,どんな,ドンナ,ドンナ
労働	名詞,サ変接続,*,*,*,*,労働,ロウドウ,ロードー
の	助詞,連体化,*,*,*,*,の,ノ,ノ
仕事	名詞,サ変接続,*,*,*,*,仕事,シゴト,シゴト
も	助詞,係助詞,*,*,*,*,も,モ,モ
行なっ	動詞,自立,*,*,五段・ワ行促音便,連用タ接続,行なう,オコナッ,オコナッ
て	助詞,接続助詞,*,*,*,*,て,テ,テ
は	助詞,係助詞,*,*,*,*,は,ハ,ワ
なら	動詞,非自立,*,*,五段・ラ行,未然形,なる,ナラ,ナラ
ない	助動詞,*,*,*,特殊・ナイ,基本形,ない,ナイ,ナイ
。	記号,句点,*,*,*,*,。,。,。
「	記号,括弧開,*,*,*,*,「,「,「
『	記号,括弧開,*,*,*,*,『,『,『
また	接続詞,*,*,*,*,*,また,マタ,マタ
，	記号,読点,*,*,*,*,，,，,，
熟し	動詞,自立,*,*,五段・サ行,連用形,熟す,ジュクシ,ジュクシ
た	助動詞,*,*,*,特殊・タ,基本形,た,タ,タ
初物	名詞,一般,*,*,*,*,初物,ハツモノ,ハツモノ
の	助詞,連体化,*,*,*,*,の,ノ,ノ
日	名詞,非自立,副詞可能,*,*,*,日,ヒ,ヒ
，	記号,読点,*,*,*,*,，,，,，
すなわち	接続詞,*,*,*,*,*,すなわち,スナワチ,スナワチ
あなた	名詞,代名詞,一般,*,*,*,あなた,アナタ,アナタ
方	名詞,接尾,一般,*,*,*,方,カタ,カタ
が	助詞,格助詞,一般,*,*,*,が,ガ,ガ
新しい	形容詞,自立,*,*,形容詞・イ段,基本形,新しい,アタラシイ,アタラシイ
穀物	名詞,一般,*,*,*,*,穀物,コクモツ,コクモツ
の	助詞,連体化,*,*,*,*,の,ノ,ノ
捧げ	動詞,自立,*,*,一段,連用形,捧げる,ササゲ,ササゲ
物	名詞,接尾,一般,*,*,*,物,ブツ,ブツ
を	助詞,格助詞,一般,*,*,*,を,ヲ,ヲ
エホバ	名詞,一般,*,*,*,*,エホバ,エホバ,エホバ
に	助詞,格助詞,一般,*,*,*,に,ニ,ニ
差し出す	動詞,自立,*,*,五段・サ行,基本形,差し出す,サシダス,サシダス
，	記号,読点,*,*,*,*,，,，,，
あなた	名詞,代名詞,一般,*,*,*,あなた,アナタ,アナタ
方	名詞,接尾,一般,*,*,*,方,カタ,カタ
の	助詞,連体化,*,*,*,*,の,ノ,ノ
[	名詞,サ変接続,*,*,*,*,*
七	名詞,数,*,*,*,*,七,ナナ,ナナ
]	名詞,サ変接続,*,*,*,*,*
週	名詞,接尾,一般,*,*,*,週,シュウ,シュー
の	助詞,連体化,*,*,*,*,の,ノ,ノ
祝祭	名詞,一般,*,*,*,*,祝祭,シュクサイ,シュクサイ
の	助詞,連体化,*,*,*,*,の,ノ,ノ
とき	名詞,非自立,副詞可能,*,*,*,とき,トキ,トキ
に	助詞,格助詞,一般,*,*,*,に,ニ,ニ
も	助詞,係助詞,*,*,*,*,も,モ,モ
聖なる	連体詞,*,*,*,*,*,聖なる,セイナル,セイナル
大会	名詞,一般,*,*,*,*,大会,タイカイ,タイカイ
を	助詞,格助詞,一般,*,*,*,を,ヲ,ヲ
催す	動詞,自立,*,*,五段・サ行,基本形,催す,モヨオス,モヨオス
べき	助動詞,*,*,*,文語・ベシ,体言接続,べし,ベキ,ベキ
で	助動詞,*,*,*,特殊・ダ,連用形,だ,デ,デ
ある	助動詞,*,*,*,五段・ラ行アル,基本形,ある,アル,アル
。	記号,句点,*,*,*,*,。,。,。
どんな	連体詞,*,*,*,*,*,どんな,ドンナ,ドンナ
労働	名詞,サ変接続,*,*,*,*,労働,ロウドウ,ロードー
の	助詞,連体化,*,*,*,*,の,ノ,ノ
仕事	名詞,サ変接続,*,*,*,*,仕事,シゴト,シゴト
も	助詞,係助詞,*,*,*,*,も,モ,モ
行なっ	動詞,自立,*,*,五段・ワ行促音便,連用タ接続,行なう,オコナッ,オコナッ
て	助詞,接続助詞,*,*,*,*,て,テ,テ
は	助詞,係助詞,*,*,*,*,は,ハ,ワ
なら	動詞,非自立,*,*,五段・ラ行,未然形,なる,ナラ,ナラ
ない	助動詞,*,*,*,特殊・ナイ,基本形,ない,ナイ,ナイ
。	記号,句点,*,*,*,*,。,。,。
そして	接続詞,*,*,*,*,*,そして,ソシテ,ソシテ
あなた	名詞,代名詞,一般,*,*,*,あなた,アナタ,アナタ
方	名詞,接尾,一般,*,*,*,方,カタ,カタ
は	助詞,係助詞,*,*,*,*,は,ハ,ワ
，	記号,読点,*,*,*,*,，,，,，
エホバ	名詞,一般,*,*,*,*,エホバ,エホバ,エホバ
へ	助詞,格助詞,一般,*,*,*,へ,ヘ,エ
の	助詞,連体化,*,*,*,*,の,ノ,ノ
安らぎ	名詞,一般,*,*,*,*,安らぎ,ヤスラギ,ヤスラギ
の	助詞,連体化,*,*,*,*,の,ノ,ノ
香り	名詞,一般,*,*,*,*,香り,カオリ,カオリ
の	助詞,連体化,*,*,*,*,の,ノ,ノ
ため	名詞,非自立,副詞可能,*,*,*,ため,タメ,タメ
の	助詞,連体化,*,*,*,*,の,ノ,ノ
焼	接頭詞,名詞接続,*,*,*,*,焼,ショウ,ショー
燔	名詞,一般,*,*,*,*,*
の	助詞,連体化,*,*,*,*,の,ノ,ノ
捧げ	動詞,自立,*,*,一段,連用形,捧げる,ササゲ,ササゲ
物	名詞,接尾,一般,*,*,*,物,ブツ,ブツ
として	助詞,格助詞,連語,*,*,*,として,トシテ,トシテ
，	記号,読点,*,*,*,*,，,，,，
若い	形容詞,自立,*,*,形容詞・アウオ段,基本形,若い,ワカイ,ワカイ
雄	接頭詞,名詞接続,*,*,*,*,雄,オ,オ
牛	名詞,一般,*,*,*,*,牛,ウシ,ウシ
二	名詞,数,*,*,*,*,二,ニ,ニ
頭	名詞,接尾,助数詞,*,*,*,頭,トウ,トー
，	記号,読点,*,*,*,*,，,，,，
雄	接頭詞,名詞接続,*,*,*,*,雄,オ,オ
羊	名詞,一般,*,*,*,*,羊,ヒツジ,ヒツジ
一	名詞,数,*,*,*,*,一,イチ,イチ
頭	名詞,接尾,助数詞,*,*,*,頭,トウ,トー
，	記号,読点,*,*,*,*,，,，,，
雄	名詞,一般,*,*,*,*,雄,ユウ,ユー
の	助詞,連体化,*,*,*,*,の,ノ,ノ
子羊	名詞,一般,*,*,*,*,子羊,コヒツジ,コヒツジ
それぞれ	名詞,副詞可能,*,*,*,*,それぞれ,ソレゾレ,ソレゾレ
一	名詞,数,*,*,*,*,一,イチ,イチ
歳	名詞,接尾,助数詞,*,*,*,歳,サイ,サイ
の	助詞,連体化,*,*,*,*,の,ノ,ノ
もの	名詞,非自立,一般,*,*,*,もの,モノ,モノ
七	名詞,数,*,*,*,*,七,ナナ,ナナ
頭	名詞,接尾,助数詞,*,*,*,頭,トウ,トー
を	助詞,格助詞,一般,*,*,*,を,ヲ,ヲ
差し出す	動詞,自立,*,*,五段・サ行,基本形,差し出す,サシダス,サシダス
よう	名詞,非自立,助動詞語幹,*,*,*,よう,ヨウ,ヨー
に	助詞,格助詞,一般,*,*,*,に,ニ,ニ
。	記号,句点,*,*,*,*,。,。,。
また	接続詞,*,*,*,*,*,また,マタ,マタ
，	記号,読点,*,*,*,*,，,，,，
それ	名詞,代名詞,一般,*,*,*,それ,ソレ,ソレ
に	助詞,格助詞,一般,*,*,*,に,ニ,ニ
伴う	動詞,自立,*,*,五段・ワ行促音便,基本形,伴う,トモナウ,トモナウ
穀物	名詞,一般,*,*,*,*,穀物,コクモツ,コクモツ
の	助詞,連体化,*,*,*,*,の,ノ,ノ
捧げ	動詞,自立,*,*,一段,連用形,捧げる,ササゲ,ササゲ
物	名詞,接尾,一般,*,*,*,物,ブツ,ブツ
として	助詞,格助詞,連語,*,*,*,として,トシテ,トシテ
，	記号,読点,*,*,*,*,，,，,，
油	名詞,一般,*,*,*,*,油,アブラ,アブラ
で	助詞,格助詞,一般,*,*,*,で,デ,デ
湿ら	動詞,自立,*,*,五段・ラ行,未然形,湿る,シメラ,シメラ
せ	動詞,接尾,*,*,一段,連用形,せる,セ,セ
た	助動詞,*,*,*,特殊・タ,基本形,た,タ,タ
上等	名詞,一般,*,*,*,*,上等,ジョウトウ,ジョートー
の	助詞,連体化,*,*,*,*,の,ノ,ノ
麦粉	名詞,一般,*,*,*,*,麦粉,ムギコ,ムギコ
を	助詞,格助詞,一般,*,*,*,を,ヲ,ヲ
，	記号,読点,*,*,*,*,，,，,，
雄	接頭詞,名詞接続,*,*,*,*,雄,オ,オ
牛	名詞,一般,*,*,*,*,牛,ウシ,ウシ
各	接頭詞,名詞接続,*,*,*,*,各,カク,カク
一	名詞,数,*,*,*,*,一,イチ,イチ
頭	名詞,接尾,助数詞,*,*,*,頭,トウ,トー
の	助詞,連体化,*,*,*,*,の,ノ,ノ
ため	名詞,非自立,副詞可能,*,*,*,ため,タメ,タメ
に	助詞,格助詞,一般,*,*,*,に,ニ,ニ
十	名詞,数,*,*,*,*,十,ジュウ,ジュー
分の	名詞,接尾,助数詞,*,*,*,分の,ブンノ,ブンノ
三	名詞,数,*,*,*,*,三,サン,サン
[	名詞,サ変接続,*,*,*,*,*
エファ	名詞,一般,*,*,*,*,*
]，	名詞,サ変接続,*,*,*,*,*
雄	名詞,一般,*,*,*,*,雄,ユウ,ユー
羊	名詞,一般,*,*,*,*,羊,ヒツジ,ヒツジ
一	名詞,数,*,*,*,*,一,イチ,イチ
頭	名詞,接尾,助数詞,*,*,*,頭,トウ,トー
の	助詞,連体化,*,*,*,*,の,ノ,ノ
ため	名詞,非自立,副詞可能,*,*,*,ため,タメ,タメ
に	助詞,格助詞,一般,*,*,*,に,ニ,ニ
十	名詞,数,*,*,*,*,十,ジュウ,ジュー
分の	名詞,接尾,助数詞,*,*,*,分の,ブンノ,ブンノ
二	名詞,数,*,*,*,*,二,ニ,ニ
[	名詞,サ変接続,*,*,*,*,*
エファ	名詞,一般,*,*,*,*,*
]，	名詞,サ変接続,*,*,*,*,*
七	名詞,数,*,*,*,*,七,ナナ,ナナ
頭	名詞,接尾,助数詞,*,*,*,頭,トウ,トー
の	助詞,連体化,*,*,*,*,の,ノ,ノ
雄	名詞,一般,*,*,*,*,雄,ユウ,ユー
の	助詞,連体化,*,*,*,*,の,ノ,ノ
子羊	名詞,一般,*,*,*,*,子羊,コヒツジ,コヒツジ
の	助詞,連体化,*,*,*,*,の,ノ,ノ
その	連体詞,*,*,*,*,*,その,ソノ,ソノ
雄	名詞,一般,*,*,*,*,雄,ユウ,ユー
の	助詞,連体化,*,*,*,*,の,ノ,ノ
子羊	名詞,一般,*,*,*,*,子羊,コヒツジ,コヒツジ
各	接頭詞,名詞接続,*,*,*,*,各,カク,カク
一	名詞,数,*,*,*,*,一,イチ,イチ
頭	名詞,接尾,助数詞,*,*,*,頭,トウ,トー
の	助詞,連体化,*,*,*,*,の,ノ,ノ
ため	名詞,非自立,副詞可能,*,*,*,ため,タメ,タメ
に	助詞,格助詞,一般,*,*,*,に,ニ,ニ
それぞれ	名詞,副詞可能,*,*,*,*,それぞれ,ソレゾレ,ソレゾレ
十	名詞,数,*,*,*,*,十,ジュウ,ジュー
分の	名詞,接尾,助数詞,*,*,*,分の,ブンノ,ブンノ
一	名詞,数,*,*,*,*,一,イチ,イチ
[	名詞,サ変接続,*,*,*,*,*
エファ	名詞,一般,*,*,*,*,*
]。	名詞,サ変接続,*,*,*,*,*
あなた	名詞,代名詞,一般,*,*,*,あなた,アナタ,アナタ
方	名詞,接尾,一般,*,*,*,方,カタ,カタ
の	助詞,連体化,*,*,*,*,の,ノ,ノ
ため	名詞,非自立,副詞可能,*,*,*,ため,タメ,タメ
に	助詞,格助詞,一般,*,*,*,に,ニ,ニ
贖罪	名詞,一般,*,*,*,*,贖罪,ショクザイ,ショクザイ
を	助詞,格助詞,一般,*,*,*,を,ヲ,ヲ
行なう	動詞,自立,*,*,五段・ワ行促音便,基本形,行なう,オコナウ,オコナウ
ため	名詞,非自立,副詞可能,*,*,*,ため,タメ,タメ
に	助詞,格助詞,一般,*,*,*,に,ニ,ニ
子	接頭詞,名詞接続,*,*,*,*,子,コ,コ
やぎ	名詞,一般,*,*,*,*,やぎ,ヤギ,ヤギ
一	名詞,数,*,*,*,*,一,イチ,イチ
頭	名詞,接尾,助数詞,*,*,*,頭,トウ,トー
。	記号,句点,*,*,*,*,。,。,。
常	接頭詞,名詞接続,*,*,*,*,常,ツネ,ツネ
供	名詞,サ変接続,*,*,*,*,供,キョウ,キョー
の	助詞,連体化,*,*,*,*,の,ノ,ノ
焼	接頭詞,名詞接続,*,*,*,*,焼,ショウ,ショー
燔	名詞,一般,*,*,*,*,*
の	助詞,連体化,*,*,*,*,の,ノ,ノ
捧げ	動詞,自立,*,*,一段,連用形,捧げる,ササゲ,ササゲ
物	名詞,接尾,一般,*,*,*,物,ブツ,ブツ
また	接続詞,*,*,*,*,*,また,マタ,マタ
それ	名詞,代名詞,一般,*,*,*,それ,ソレ,ソレ
に	助詞,格助詞,一般,*,*,*,に,ニ,ニ
伴う	動詞,自立,*,*,五段・ワ行促音便,基本形,伴う,トモナウ,トモナウ
穀物	名詞,一般,*,*,*,*,穀物,コクモツ,コクモツ
の	助詞,連体化,*,*,*,*,の,ノ,ノ
捧げ	動詞,自立,*,*,一段,連用形,捧げる,ササゲ,ササゲ
物	名詞,接尾,一般,*,*,*,物,ブツ,ブツ
と	助詞,格助詞,一般,*,*,*,と,ト,ト
は	助詞,係助詞,*,*,*,*,は,ハ,ワ
別に	副詞,一般,*,*,*,*,別に,ベツニ,ベツニ
これら	名詞,代名詞,一般,*,*,*,これら,コレラ,コレラ
を	助詞,格助詞,一般,*,*,*,を,ヲ,ヲ
ささげる	動詞,自立,*,*,一段,基本形,ささげる,ササゲル,ササゲル
。	記号,句点,*,*,*,*,。,。,。
あなた	名詞,代名詞,一般,*,*,*,あなた,アナタ,アナタ
方	名詞,接尾,一般,*,*,*,方,カタ,カタ
にとって	助詞,格助詞,連語,*,*,*,にとって,ニトッテ,ニトッテ
それら	名詞,代名詞,一般,*,*,*,それら,ソレラ,ソレラ
は	助詞,係助詞,*,*,*,*,は,ハ,ワ
き	動詞,自立,*,*,一段,未然形,きる,キ,キ
ず	助動詞,*,*,*,特殊・ヌ,連用ニ接続,ぬ,ズ,ズ
の	助詞,格助詞,一般,*,*,*,の,ノ,ノ
ない	形容詞,自立,*,*,形容詞・アウオ段,基本形,ない,ナイ,ナイ
もの	名詞,非自立,一般,*,*,*,もの,モノ,モノ
で	助動詞,*,*,*,特殊・ダ,連用形,だ,デ,デ
ある	助動詞,*,*,*,五段・ラ行アル,基本形,ある,アル,アル
べき	助動詞,*,*,*,文語・ベシ,体言接続,べし,ベキ,ベキ
で	助動詞,*,*,*,特殊・ダ,連用形,だ,デ,デ
あり	助動詞,*,*,*,五段・ラ行アル,連用形,ある,アリ,アリ
，	記号,読点,*,*,*,*,，,，,，
飲み物	名詞,一般,*,*,*,*,飲み物,ノミモノ,ノミモノ
の	助詞,連体化,*,*,*,*,の,ノ,ノ
捧げ	動詞,自立,*,*,一段,連用形,捧げる,ササゲ,ササゲ
物	名詞,接尾,一般,*,*,*,物,ブツ,ブツ
が	助詞,格助詞,一般,*,*,*,が,ガ,ガ
それ	名詞,代名詞,一般,*,*,*,それ,ソレ,ソレ
に	助詞,格助詞,一般,*,*,*,に,ニ,ニ
伴う	動詞,自立,*,*,五段・ワ行促音便,基本形,伴う,トモナウ,トモナウ
。	記号,句点,*,*,*,*,。,。,。
EOS
