エホバ	名詞,一般,*,*,*,*,エホバ,エホバ,エホバ
は	助詞,係助詞,*,*,*,*,は,ハ,ワ
その後	名詞,副詞可能,*,*,*,*,その後,ソノゴ,ソノゴ
モーセ	名詞,一般,*,*,*,*,*
に	助詞,格助詞,一般,*,*,*,に,ニ,ニ
話し	動詞,自立,*,*,五段・サ行,連用形,話す,ハナシ,ハナシ
て	助詞,接続助詞,*,*,*,*,て,テ,テ
こう	副詞,助詞類接続,*,*,*,*,こう,コウ,コー
言わ	動詞,自立,*,*,五段・ワ行促音便,未然形,言う,イワ,イワ
れ	動詞,接尾,*,*,一段,連用形,れる,レ,レ
た	助動詞,*,*,*,特殊・タ,基本形,た,タ,タ
。	記号,句点,*,*,*,*,。,。,。
「	記号,括弧開,*,*,*,*,「,「,「
イスラエル	名詞,固有名詞,地域,国,*,*,イスラエル,イスラエル,イスラエル
の	助詞,連体化,*,*,*,*,の,ノ,ノ
子	名詞,一般,*,*,*,*,子,コ,コ
ら	名詞,接尾,一般,*,*,*,ら,ラ,ラ
の	助詞,連体化,*,*,*,*,の,ノ,ノ
ため	名詞,非自立,副詞可能,*,*,*,ため,タメ,タメ
，	記号,読点,*,*,*,*,，,，,，
ミディアン	名詞,一般,*,*,*,*,*
人	名詞,接尾,一般,*,*,*,人,ジン,ジン
に	助詞,格助詞,一般,*,*,*,に,ニ,ニ
復しゅう	名詞,サ変接続,*,*,*,*,復しゅう,フクシュウ,フクシュー
せよ	動詞,自立,*,*,サ変・スル,命令ｙｏ,する,セヨ,セヨ
。	記号,句点,*,*,*,*,。,。,。
その後	名詞,副詞可能,*,*,*,*,その後,ソノゴ,ソノゴ
に	助詞,格助詞,一般,*,*,*,に,ニ,ニ
あなた	名詞,代名詞,一般,*,*,*,あなた,アナタ,アナタ
は	助詞,係助詞,*,*,*,*,は,ハ,ワ
自分	名詞,一般,*,*,*,*,自分,ジブン,ジブン
の	助詞,連体化,*,*,*,*,の,ノ,ノ
民	名詞,一般,*,*,*,*,民,ミン,ミン
の	助詞,連体化,*,*,*,*,の,ノ,ノ
もと	名詞,非自立,一般,*,*,*,もと,モト,モト
に	助詞,格助詞,一般,*,*,*,に,ニ,ニ
集め	動詞,自立,*,*,一段,未然形,集める,アツメ,アツメ
られる	動詞,接尾,*,*,一段,基本形,られる,ラレル,ラレル
で	助動詞,*,*,*,特殊・ダ,連用形,だ,デ,デ
あろ	助動詞,*,*,*,五段・ラ行アル,未然ウ接続,ある,アロ,アロ
う	助動詞,*,*,*,不変化型,基本形,う,ウ,ウ
」	記号,括弧閉,*,*,*,*,」,」,」
。	記号,句点,*,*,*,*,。,。,。
それで	接続詞,*,*,*,*,*,それで,ソレデ,ソレデ
モー	名詞,固有名詞,人名,姓,*,*,モー,モー,モー
セ	名詞,一般,*,*,*,*,セ,セ,セ
は	助詞,係助詞,*,*,*,*,は,ハ,ワ
民	名詞,一般,*,*,*,*,民,ミン,ミン
に	助詞,格助詞,一般,*,*,*,に,ニ,ニ
話し	動詞,自立,*,*,五段・サ行,連用形,話す,ハナシ,ハナシ
て	助詞,接続助詞,*,*,*,*,て,テ,テ
こう	副詞,助詞類接続,*,*,*,*,こう,コウ,コー
言っ	動詞,自立,*,*,五段・ワ行促音便,連用タ接続,言う,イッ,イッ
た	助動詞,*,*,*,特殊・タ,基本形,た,タ,タ
。	記号,句点,*,*,*,*,。,。,。
「	記号,括弧開,*,*,*,*,「,「,「
あなた	名詞,代名詞,一般,*,*,*,あなた,アナタ,アナタ
方	名詞,接尾,一般,*,*,*,方,カタ,カタ
の	助詞,連体化,*,*,*,*,の,ノ,ノ
中	名詞,非自立,副詞可能,*,*,*,中,ナカ,ナカ
から	助詞,格助詞,一般,*,*,*,から,カラ,カラ
人	名詞,一般,*,*,*,*,人,ヒト,ヒト
を	助詞,格助詞,一般,*,*,*,を,ヲ,ヲ
取っ	動詞,自立,*,*,五段・ラ行,連用タ接続,取る,トッ,トッ
て	助詞,接続助詞,*,*,*,*,て,テ,テ
軍隊	名詞,一般,*,*,*,*,軍隊,グンタイ,グンタイ
の	助詞,連体化,*,*,*,*,の,ノ,ノ
装備	名詞,サ変接続,*,*,*,*,装備,ソウビ,ソービ
を	助詞,格助詞,一般,*,*,*,を,ヲ,ヲ
さ	動詞,自立,*,*,サ変・スル,未然レル接続,する,サ,サ
せ	動詞,接尾,*,*,一段,連用形,せる,セ,セ
なさい	動詞,非自立,*,*,五段・ラ行特殊,命令ｉ,なさる,ナサイ,ナサイ
。	記号,句点,*,*,*,*,。,。,。
その	連体詞,*,*,*,*,*,その,ソノ,ソノ
人々	名詞,一般,*,*,*,*,人々,ヒトビト,ヒトビト
が	助詞,格助詞,一般,*,*,*,が,ガ,ガ
ミディアン	名詞,一般,*,*,*,*,*
を	助詞,格助詞,一般,*,*,*,を,ヲ,ヲ
攻め	動詞,自立,*,*,一段,連用形,攻める,セメ,セメ
，	記号,読点,*,*,*,*,，,，,，
ミディアン	名詞,一般,*,*,*,*,*
に対する	助詞,格助詞,連語,*,*,*,に対する,ニタイスル,ニタイスル
エホバ	名詞,一般,*,*,*,*,エホバ,エホバ,エホバ
の	助詞,連体化,*,*,*,*,の,ノ,ノ
復しゅう	名詞,サ変接続,*,*,*,*,復しゅう,フクシュウ,フクシュー
を	助詞,格助詞,一般,*,*,*,を,ヲ,ヲ
果たす	動詞,自立,*,*,五段・サ行,基本形,果たす,ハタス,ハタス
ため	名詞,非自立,副詞可能,*,*,*,ため,タメ,タメ
です	助動詞,*,*,*,特殊・デス,基本形,です,デス,デス
。	記号,句点,*,*,*,*,。,。,。
イスラエル	名詞,固有名詞,地域,国,*,*,イスラエル,イスラエル,イスラエル
の	助詞,連体化,*,*,*,*,の,ノ,ノ
すべて	名詞,副詞可能,*,*,*,*,すべて,スベテ,スベテ
の	助詞,連体化,*,*,*,*,の,ノ,ノ
部族	名詞,一般,*,*,*,*,部族,ブゾク,ブゾク
について	助詞,格助詞,連語,*,*,*,について,ニツイテ,ニツイテ
，	記号,読点,*,*,*,*,，,，,，
各	接頭詞,名詞接続,*,*,*,*,各,カク,カク
部族	名詞,一般,*,*,*,*,部族,ブゾク,ブゾク
から	助詞,格助詞,一般,*,*,*,から,カラ,カラ
一	名詞,数,*,*,*,*,一,イチ,イチ
千	名詞,数,*,*,*,*,千,セン,セン
人	名詞,接尾,助数詞,*,*,*,人,ニン,ニン
を	助詞,格助詞,一般,*,*,*,を,ヲ,ヲ
軍隊	名詞,一般,*,*,*,*,軍隊,グンタイ,グンタイ
に	助詞,格助詞,一般,*,*,*,に,ニ,ニ
送る	動詞,自立,*,*,五段・ラ行,基本形,送る,オクル,オクル
よう	名詞,非自立,助動詞語幹,*,*,*,よう,ヨウ,ヨー
に	助詞,副詞化,*,*,*,*,に,ニ,ニ
」	記号,括弧閉,*,*,*,*,」,」,」
。	記号,句点,*,*,*,*,。,。,。
そこで	接続詞,*,*,*,*,*,そこで,ソコデ,ソコデ
，	記号,読点,*,*,*,*,，,，,，
イスラエル	名詞,固有名詞,地域,国,*,*,イスラエル,イスラエル,イスラエル
の	助詞,連体化,*,*,*,*,の,ノ,ノ
幾	名詞,数,*,*,*,*,幾,イク,イク
千	名詞,数,*,*,*,*,千,セン,セン
の	助詞,連体化,*,*,*,*,の,ノ,ノ
中	名詞,非自立,副詞可能,*,*,*,中,ナカ,ナカ
から	助詞,格助詞,一般,*,*,*,から,カラ,カラ
一部	名詞,副詞可能,*,*,*,*,一部,イチブ,イチブ
族	名詞,接尾,一般,*,*,*,族,ゾク,ゾク
につき	助詞,格助詞,連語,*,*,*,につき,ニツキ,ニツキ
千	名詞,数,*,*,*,*,千,セン,セン
人	名詞,接尾,助数詞,*,*,*,人,ニン,ニン
が	助詞,格助詞,一般,*,*,*,が,ガ,ガ
割り当て	動詞,自立,*,*,一段,未然形,割り当てる,ワリアテ,ワリアテ
られ	動詞,接尾,*,*,一段,連用形,られる,ラレ,ラレ
，	記号,読点,*,*,*,*,，,，,，
一	名詞,数,*,*,*,*,一,イチ,イチ
万	名詞,数,*,*,*,*,万,マン,マン
二	名詞,数,*,*,*,*,二,ニ,ニ
千	名詞,数,*,*,*,*,千,セン,セン
人	名詞,接尾,助数詞,*,*,*,人,ニン,ニン
が	助詞,格助詞,一般,*,*,*,が,ガ,ガ
軍隊	名詞,一般,*,*,*,*,軍隊,グンタイ,グンタイ
の	助詞,連体化,*,*,*,*,の,ノ,ノ
装備	名詞,サ変接続,*,*,*,*,装備,ソウビ,ソービ
を	助詞,格助詞,一般,*,*,*,を,ヲ,ヲ
し	動詞,自立,*,*,サ変・スル,連用形,する,シ,シ
た	助動詞,*,*,*,特殊・タ,基本形,た,タ,タ
。	記号,句点,*,*,*,*,。,。,。
それで	接続詞,*,*,*,*,*,それで,ソレデ,ソレデ
モー	名詞,固有名詞,人名,姓,*,*,モー,モー,モー
セ	名詞,一般,*,*,*,*,セ,セ,セ
は	助詞,係助詞,*,*,*,*,は,ハ,ワ
それら	名詞,代名詞,一般,*,*,*,それら,ソレラ,ソレラ
の	助詞,連体化,*,*,*,*,の,ノ,ノ
者	名詞,非自立,一般,*,*,*,者,モノ,モノ
を	助詞,格助詞,一般,*,*,*,を,ヲ,ヲ
，	記号,読点,*,*,*,*,，,，,，
つまり	接続詞,*,*,*,*,*,つまり,ツマリ,ツマリ
部族	名詞,一般,*,*,*,*,部族,ブゾク,ブゾク
ごと	名詞,接尾,一般,*,*,*,ごと,ゴト,ゴト
の	助詞,連体化,*,*,*,*,の,ノ,ノ
千	名詞,数,*,*,*,*,千,セン,セン
人	名詞,接尾,助数詞,*,*,*,人,ニン,ニン
を	助詞,格助詞,一般,*,*,*,を,ヲ,ヲ
軍隊	名詞,一般,*,*,*,*,軍隊,グンタイ,グンタイ
に	助詞,格助詞,一般,*,*,*,に,ニ,ニ
送り出し	動詞,自立,*,*,五段・サ行,連用形,送り出す,オクリダシ,オクリダシ
た	助動詞,*,*,*,特殊・タ,基本形,た,タ,タ
。	記号,句点,*,*,*,*,。,。,。
彼ら	名詞,代名詞,一般,*,*,*,彼ら,カレラ,カレラ
と	助詞,格助詞,一般,*,*,*,と,ト,ト
祭司	名詞,一般,*,*,*,*,祭司,サイシ,サイシ
エレアザル	名詞,一般,*,*,*,*,*
の	助詞,連体化,*,*,*,*,の,ノ,ノ
子	接頭詞,名詞接続,*,*,*,*,子,コ,コ
ピネハス	名詞,一般,*,*,*,*,*
を	助詞,格助詞,一般,*,*,*,を,ヲ,ヲ
軍隊	名詞,一般,*,*,*,*,軍隊,グンタイ,グンタイ
に	助詞,格助詞,一般,*,*,*,に,ニ,ニ
[	名詞,サ変接続,*,*,*,*,*
送っ	動詞,自立,*,*,五段・ラ行,連用タ接続,送る,オクッ,オクッ
た	助動詞,*,*,*,特殊・タ,基本形,た,タ,タ
]	名詞,サ変接続,*,*,*,*,*
の	名詞,非自立,一般,*,*,*,の,ノ,ノ
で	助動詞,*,*,*,特殊・ダ,連用形,だ,デ,デ
ある	助動詞,*,*,*,五段・ラ行アル,基本形,ある,アル,アル
。	記号,句点,*,*,*,*,。,。,。
聖なる	連体詞,*,*,*,*,*,聖なる,セイナル,セイナル
器具	名詞,一般,*,*,*,*,器具,キグ,キグ
と	助詞,格助詞,一般,*,*,*,と,ト,ト
合図	名詞,サ変接続,*,*,*,*,合図,アイズ,アイズ
を	助詞,格助詞,一般,*,*,*,を,ヲ,ヲ
吹き鳴らす	動詞,自立,*,*,五段・サ行,基本形,吹き鳴らす,フキナラス,フキナラス
ため	名詞,非自立,副詞可能,*,*,*,ため,タメ,タメ
の	助詞,連体化,*,*,*,*,の,ノ,ノ
ラッパ	名詞,一般,*,*,*,*,ラッパ,ラッパ,ラッパ
が	助詞,格助詞,一般,*,*,*,が,ガ,ガ
彼	名詞,代名詞,一般,*,*,*,彼,カレ,カレ
の	助詞,連体化,*,*,*,*,の,ノ,ノ
手	名詞,一般,*,*,*,*,手,テ,テ
に	助詞,格助詞,一般,*,*,*,に,ニ,ニ
あっ	動詞,自立,*,*,五段・ラ行,連用タ接続,ある,アッ,アッ
た	助動詞,*,*,*,特殊・タ,基本形,た,タ,タ
。	記号,句点,*,*,*,*,。,。,。
そして	接続詞,*,*,*,*,*,そして,ソシテ,ソシテ
彼ら	名詞,代名詞,一般,*,*,*,彼ら,カレラ,カレラ
は	助詞,係助詞,*,*,*,*,は,ハ,ワ
，	記号,読点,*,*,*,*,，,，,，
エホバ	名詞,一般,*,*,*,*,エホバ,エホバ,エホバ
が	助詞,格助詞,一般,*,*,*,が,ガ,ガ
モー	名詞,固有名詞,人名,姓,*,*,モー,モー,モー
セ	名詞,一般,*,*,*,*,セ,セ,セ
に	助詞,格助詞,一般,*,*,*,に,ニ,ニ
命じ	動詞,自立,*,*,一段,連用形,命じる,メイジ,メイジ
た	助動詞,*,*,*,特殊・タ,基本形,た,タ,タ
とおり	名詞,非自立,副詞可能,*,*,*,とおり,トオリ,トーリ
ミディアン	名詞,固有名詞,組織,*,*,*,*
に対して	助詞,格助詞,連語,*,*,*,に対して,ニタイシテ,ニタイシテ
戦い	名詞,一般,*,*,*,*,戦い,タタカイ,タタカイ
はじめ	名詞,副詞可能,*,*,*,*,はじめ,ハジメ,ハジメ
，	記号,読点,*,*,*,*,，,，,，
男子	名詞,一般,*,*,*,*,男子,ダンシ,ダンシ
を	助詞,格助詞,一般,*,*,*,を,ヲ,ヲ
すべて	名詞,副詞可能,*,*,*,*,すべて,スベテ,スベテ
殺し	動詞,自立,*,*,五段・サ行,連用形,殺す,コロシ,コロシ
て	助詞,接続助詞,*,*,*,*,て,テ,テ
いっ	動詞,非自立,*,*,五段・カ行促音便,連用タ接続,いく,イッ,イッ
た	助動詞,*,*,*,特殊・タ,基本形,た,タ,タ
。	記号,句点,*,*,*,*,。,。,。
そして	接続詞,*,*,*,*,*,そして,ソシテ,ソシテ
，	記号,読点,*,*,*,*,，,，,，
それら	名詞,代名詞,一般,*,*,*,それら,ソレラ,ソレラ
打ち殺し	動詞,自立,*,*,五段・サ行,連用形,打ち殺す,ウチコロシ,ウチコロシ
た	助動詞,*,*,*,特殊・タ,基本形,た,タ,タ
者	名詞,一般,*,*,*,*,者,モノ,モノ
たち	名詞,接尾,一般,*,*,*,たち,タチ,タチ
の	助詞,連体化,*,*,*,*,の,ノ,ノ
ほか	名詞,副詞可能,*,*,*,*,ほか,ホカ,ホカ
に	助詞,格助詞,一般,*,*,*,に,ニ,ニ
，	記号,読点,*,*,*,*,，,，,，
ミディアン	名詞,一般,*,*,*,*,*
の	助詞,連体化,*,*,*,*,の,ノ,ノ
王	名詞,一般,*,*,*,*,王,オウ,オー
たち	名詞,接尾,一般,*,*,*,たち,タチ,タチ
，	記号,読点,*,*,*,*,，,，,，
すなわち	接続詞,*,*,*,*,*,すなわち,スナワチ,スナワチ
エビ	名詞,一般,*,*,*,*,エビ,エビ,エビ
，	記号,読点,*,*,*,*,，,，,，
レケム	名詞,一般,*,*,*,*,*
，	記号,読点,*,*,*,*,，,，,，
ツル	名詞,固有名詞,人名,名,*,*,ツル,ツル,ツル
，	記号,読点,*,*,*,*,，,，,，
フル	名詞,形容動詞語幹,*,*,*,*,フル,フル,フル
，	記号,読点,*,*,*,*,，,，,，
レバ	名詞,固有名詞,一般,*,*,*,*
など	助詞,副助詞,*,*,*,*,など,ナド,ナド
ミディアン	名詞,一般,*,*,*,*,*
の	助詞,連体化,*,*,*,*,の,ノ,ノ
五	名詞,数,*,*,*,*,五,ゴ,ゴ
人	名詞,接尾,助数詞,*,*,*,人,ニン,ニン
の	助詞,連体化,*,*,*,*,の,ノ,ノ
王	名詞,一般,*,*,*,*,王,オウ,オー
を	助詞,格助詞,一般,*,*,*,を,ヲ,ヲ
殺し	動詞,自立,*,*,五段・サ行,連用形,殺す,コロシ,コロシ
た	助動詞,*,*,*,特殊・タ,基本形,た,タ,タ
。	記号,句点,*,*,*,*,。,。,。
また	接続詞,*,*,*,*,*,また,マタ,マタ
，	記号,読点,*,*,*,*,，,，,，
ベオル	名詞,一般,*,*,*,*,*
の	助詞,連体化,*,*,*,*,の,ノ,ノ
子	接頭詞,名詞接続,*,*,*,*,子,コ,コ
バラム	名詞,一般,*,*,*,*,*
を	助詞,格助詞,一般,*,*,*,を,ヲ,ヲ
剣	名詞,一般,*,*,*,*,剣,ケン,ケン
で	助詞,格助詞,一般,*,*,*,で,デ,デ
殺し	動詞,自立,*,*,五段・サ行,連用形,殺す,コロシ,コロシ
た	助動詞,*,*,*,特殊・タ,基本形,た,タ,タ
。	記号,句点,*,*,*,*,。,。,。
しかし	接続詞,*,*,*,*,*,しかし,シカシ,シカシ
，	記号,読点,*,*,*,*,，,，,，
イスラエル	名詞,固有名詞,地域,国,*,*,イスラエル,イスラエル,イスラエル
の	助詞,連体化,*,*,*,*,の,ノ,ノ
子	名詞,一般,*,*,*,*,子,コ,コ
ら	名詞,接尾,一般,*,*,*,ら,ラ,ラ
は	助詞,係助詞,*,*,*,*,は,ハ,ワ
，	記号,読点,*,*,*,*,，,，,，
ミディアン	名詞,一般,*,*,*,*,*
の	助詞,連体化,*,*,*,*,の,ノ,ノ
女	名詞,一般,*,*,*,*,女,オンナ,オンナ
と	助詞,並立助詞,*,*,*,*,と,ト,ト
幼い	形容詞,自立,*,*,形容詞・アウオ段,基本形,幼い,オサナイ,オサナイ
者	名詞,接尾,一般,*,*,*,者,シャ,シャ
たち	名詞,接尾,一般,*,*,*,たち,タチ,タチ
を	助詞,格助詞,一般,*,*,*,を,ヲ,ヲ
とりこ	名詞,一般,*,*,*,*,とりこ,トリコ,トリコ
に	助詞,格助詞,一般,*,*,*,に,ニ,ニ
し	動詞,自立,*,*,サ変・スル,連用形,する,シ,シ
て	助詞,接続助詞,*,*,*,*,て,テ,テ
連れ	動詞,自立,*,*,一段,連用形,連れる,ツレ,ツレ
て	助詞,接続助詞,*,*,*,*,て,テ,テ
来	動詞,非自立,*,*,カ変・来ル,連用形,来る,キ,キ
た	助動詞,*,*,*,特殊・タ,基本形,た,タ,タ
。	記号,句点,*,*,*,*,。,。,。
また	接続詞,*,*,*,*,*,また,マタ,マタ
，	記号,読点,*,*,*,*,，,，,，
彼ら	名詞,代名詞,一般,*,*,*,彼ら,カレラ,カレラ
の	助詞,連体化,*,*,*,*,の,ノ,ノ
すべて	名詞,副詞可能,*,*,*,*,すべて,スベテ,スベテ
の	助詞,連体化,*,*,*,*,の,ノ,ノ
家畜	名詞,一般,*,*,*,*,家畜,カチク,カチク
，	記号,読点,*,*,*,*,，,，,，
すべて	名詞,副詞可能,*,*,*,*,すべて,スベテ,スベテ
の	助詞,連体化,*,*,*,*,の,ノ,ノ
畜類	名詞,一般,*,*,*,*,畜類,チクルイ,チクルイ
，	記号,読点,*,*,*,*,，,，,，
すべて	名詞,副詞可能,*,*,*,*,すべて,スベテ,スベテ
の	助詞,連体化,*,*,*,*,の,ノ,ノ
資産	名詞,一般,*,*,*,*,資産,シサン,シサン
を	助詞,格助詞,一般,*,*,*,を,ヲ,ヲ
強奪	名詞,サ変接続,*,*,*,*,強奪,ゴウダツ,ゴーダツ
し	動詞,自立,*,*,サ変・スル,連用形,する,シ,シ
た	助動詞,*,*,*,特殊・タ,基本形,た,タ,タ
。	記号,句点,*,*,*,*,。,。,。
そして	接続詞,*,*,*,*,*,そして,ソシテ,ソシテ
，	記号,読点,*,*,*,*,，,，,，
彼ら	名詞,代名詞,一般,*,*,*,彼ら,カレラ,カレラ
が	助詞,格助詞,一般,*,*,*,が,ガ,ガ
定住	名詞,サ変接続,*,*,*,*,定住,テイジュウ,テイジュー
し	動詞,自立,*,*,サ変・スル,連用形,する,シ,シ
て	助詞,接続助詞,*,*,*,*,て,テ,テ
い	動詞,非自立,*,*,一段,連用形,いる,イ,イ
た	助動詞,*,*,*,特殊・タ,基本形,た,タ,タ
すべて	名詞,副詞可能,*,*,*,*,すべて,スベテ,スベテ
の	助詞,連体化,*,*,*,*,の,ノ,ノ
都市	名詞,一般,*,*,*,*,都市,トシ,トシ
と	助詞,並立助詞,*,*,*,*,と,ト,ト
壁	名詞,一般,*,*,*,*,壁,カベ,カベ
で	助詞,格助詞,一般,*,*,*,で,デ,デ
囲ま	動詞,自立,*,*,五段・マ行,未然形,囲む,カコマ,カコマ
れ	動詞,接尾,*,*,一段,連用形,れる,レ,レ
た	助動詞,*,*,*,特殊・タ,基本形,た,タ,タ
宿営	名詞,サ変接続,*,*,*,*,宿営,シュクエイ,シュクエイ
すべて	名詞,副詞可能,*,*,*,*,すべて,スベテ,スベテ
を	助詞,格助詞,一般,*,*,*,を,ヲ,ヲ
火	名詞,一般,*,*,*,*,火,ヒ,ヒ
で	助詞,格助詞,一般,*,*,*,で,デ,デ
焼い	動詞,自立,*,*,五段・カ行イ音便,連用タ接続,焼く,ヤイ,ヤイ
た	助動詞,*,*,*,特殊・タ,基本形,た,タ,タ
。	記号,句点,*,*,*,*,。,。,。
こうして	接続詞,*,*,*,*,*,こうして,コウシテ,コーシテ
，	名詞,数,*,*,*,*,，,，,，
人	名詞,接尾,助数詞,*,*,*,人,ニン,ニン
や	助詞,並立助詞,*,*,*,*,や,ヤ,ヤ
家畜	名詞,一般,*,*,*,*,家畜,カチク,カチク
の	助詞,連体化,*,*,*,*,の,ノ,ノ
すべて	名詞,副詞可能,*,*,*,*,すべて,スベテ,スベテ
の	助詞,連体化,*,*,*,*,の,ノ,ノ
分捕り	動詞,自立,*,*,五段・ラ行,連用形,分捕る,ブンドリ,ブンドリ
物	名詞,接尾,一般,*,*,*,物,ブツ,ブツ
と	助詞,並立助詞,*,*,*,*,と,ト,ト
すべて	名詞,副詞可能,*,*,*,*,すべて,スベテ,スベテ
の	助詞,連体化,*,*,*,*,の,ノ,ノ
戦利	名詞,一般,*,*,*,*,戦利,センリ,センリ
品	名詞,接尾,一般,*,*,*,品,ヒン,ヒン
を	助詞,格助詞,一般,*,*,*,を,ヲ,ヲ
取っ	動詞,自立,*,*,五段・ラ行,連用タ接続,取る,トッ,トッ
て	助詞,接続助詞,*,*,*,*,て,テ,テ
いっ	動詞,非自立,*,*,五段・カ行促音便,連用タ接続,いく,イッ,イッ
た	助動詞,*,*,*,特殊・タ,基本形,た,タ,タ
。	記号,句点,*,*,*,*,。,。,。
そして	接続詞,*,*,*,*,*,そして,ソシテ,ソシテ
彼ら	名詞,代名詞,一般,*,*,*,彼ら,カレラ,カレラ
は	助詞,係助詞,*,*,*,*,は,ハ,ワ
，	記号,読点,*,*,*,*,，,，,，
モー	名詞,固有名詞,人名,姓,*,*,モー,モー,モー
セ	名詞,一般,*,*,*,*,セ,セ,セ
と	助詞,並立助詞,*,*,*,*,と,ト,ト
祭司	名詞,一般,*,*,*,*,祭司,サイシ,サイシ
エレアザル	名詞,一般,*,*,*,*,*
と	助詞,並立助詞,*,*,*,*,と,ト,ト
イスラエル	名詞,固有名詞,地域,国,*,*,イスラエル,イスラエル,イスラエル
の	助詞,連体化,*,*,*,*,の,ノ,ノ
子	名詞,一般,*,*,*,*,子,コ,コ
ら	名詞,接尾,一般,*,*,*,ら,ラ,ラ
の	助詞,連体化,*,*,*,*,の,ノ,ノ
集会	名詞,サ変接続,*,*,*,*,集会,シュウカイ,シューカイ
の	助詞,連体化,*,*,*,*,の,ノ,ノ
ところ	名詞,非自立,副詞可能,*,*,*,ところ,トコロ,トコロ
に	助詞,格助詞,一般,*,*,*,に,ニ,ニ
，	記号,読点,*,*,*,*,，,，,，
とりこ	名詞,一般,*,*,*,*,とりこ,トリコ,トリコ
と	助詞,並立助詞,*,*,*,*,と,ト,ト
戦利	名詞,一般,*,*,*,*,戦利,センリ,センリ
品	名詞,接尾,一般,*,*,*,品,ヒン,ヒン
と	助詞,格助詞,一般,*,*,*,と,ト,ト
分捕り	動詞,自立,*,*,五段・ラ行,連用形,分捕る,ブンドリ,ブンドリ
物	名詞,接尾,一般,*,*,*,物,ブツ,ブツ
を	助詞,格助詞,一般,*,*,*,を,ヲ,ヲ
携え	動詞,自立,*,*,一段,連用形,携える,タズサエ,タズサエ
て	助詞,接続助詞,*,*,*,*,て,テ,テ
来	動詞,非自立,*,*,カ変・来ル,連用形,来る,キ,キ
た	助動詞,*,*,*,特殊・タ,基本形,た,タ,タ
。	記号,句点,*,*,*,*,。,。,。
ヨルダン	名詞,固有名詞,地域,国,*,*,ヨルダン,ヨルダン,ヨルダン
の	助詞,連体化,*,*,*,*,の,ノ,ノ
そば	名詞,一般,*,*,*,*,そば,ソバ,ソバ
，	記号,読点,*,*,*,*,，,，,，
エリコ	名詞,固有名詞,地域,一般,*,*,エリコ,エリコ,エリコ
に	助詞,格助詞,一般,*,*,*,に,ニ,ニ
面する	動詞,自立,*,*,サ変・−スル,基本形,面する,メンスル,メンスル
モアブ	名詞,一般,*,*,*,*,*
の	助詞,連体化,*,*,*,*,の,ノ,ノ
砂漠	名詞,一般,*,*,*,*,砂漠,サバク,サバク
平原	名詞,一般,*,*,*,*,平原,ヘイゲン,ヘイゲン
に	助詞,格助詞,一般,*,*,*,に,ニ,ニ
あっ	動詞,自立,*,*,五段・ラ行,連用タ接続,ある,アッ,アッ
た	助動詞,*,*,*,特殊・タ,基本形,た,タ,タ
その	連体詞,*,*,*,*,*,その,ソノ,ソノ
宿営	名詞,サ変接続,*,*,*,*,宿営,シュクエイ,シュクエイ
に	助詞,格助詞,一般,*,*,*,に,ニ,ニ
で	助動詞,*,*,*,特殊・ダ,連用形,だ,デ,デ
ある	助動詞,*,*,*,五段・ラ行アル,基本形,ある,アル,アル
。	記号,句点,*,*,*,*,。,。,。
それで	接続詞,*,*,*,*,*,それで,ソレデ,ソレデ
モー	名詞,固有名詞,人名,姓,*,*,モー,モー,モー
セ	名詞,一般,*,*,*,*,セ,セ,セ
と	助詞,並立助詞,*,*,*,*,と,ト,ト
祭司	名詞,一般,*,*,*,*,祭司,サイシ,サイシ
エレアザル	名詞,一般,*,*,*,*,*
と	助詞,格助詞,一般,*,*,*,と,ト,ト
集会	名詞,サ変接続,*,*,*,*,集会,シュウカイ,シューカイ
の	助詞,連体化,*,*,*,*,の,ノ,ノ
すべて	名詞,副詞可能,*,*,*,*,すべて,スベテ,スベテ
の	助詞,連体化,*,*,*,*,の,ノ,ノ
長	名詞,一般,*,*,*,*,長,チョウ,チョー
たち	名詞,接尾,一般,*,*,*,たち,タチ,タチ
は	助詞,係助詞,*,*,*,*,は,ハ,ワ
，	記号,読点,*,*,*,*,，,，,，
彼ら	名詞,代名詞,一般,*,*,*,彼ら,カレラ,カレラ
を	助詞,格助詞,一般,*,*,*,を,ヲ,ヲ
宿営	名詞,サ変接続,*,*,*,*,宿営,シュクエイ,シュクエイ
の	助詞,連体化,*,*,*,*,の,ノ,ノ
外	名詞,一般,*,*,*,*,外,ソト,ソト
まで	助詞,副助詞,*,*,*,*,まで,マデ,マデ
迎え	動詞,自立,*,*,一段,連用形,迎える,ムカエ,ムカエ
に	助詞,格助詞,一般,*,*,*,に,ニ,ニ
出	動詞,自立,*,*,一段,連用形,出る,デ,デ
た	助動詞,*,*,*,特殊・タ,基本形,た,タ,タ
。	記号,句点,*,*,*,*,。,。,。
ところが	接続詞,*,*,*,*,*,ところが,トコロガ,トコロガ
モー	名詞,固有名詞,人名,姓,*,*,モー,モー,モー
セ	名詞,一般,*,*,*,*,セ,セ,セ
は	助詞,係助詞,*,*,*,*,は,ハ,ワ
，	記号,読点,*,*,*,*,，,，,，
その	連体詞,*,*,*,*,*,その,ソノ,ソノ
戦闘	名詞,サ変接続,*,*,*,*,戦闘,セントウ,セントー
部隊	名詞,一般,*,*,*,*,部隊,ブタイ,ブタイ
の	助詞,連体化,*,*,*,*,の,ノ,ノ
中	名詞,非自立,副詞可能,*,*,*,中,ナカ,ナカ
の	助詞,連体化,*,*,*,*,の,ノ,ノ
任命	名詞,サ変接続,*,*,*,*,任命,ニンメイ,ニンメイ
さ	動詞,自立,*,*,サ変・スル,未然レル接続,する,サ,サ
れ	動詞,接尾,*,*,一段,連用形,れる,レ,レ
た	助動詞,*,*,*,特殊・タ,基本形,た,タ,タ
人々	名詞,一般,*,*,*,*,人々,ヒトビト,ヒトビト
，	記号,読点,*,*,*,*,，,，,，
すなわち	接続詞,*,*,*,*,*,すなわち,スナワチ,スナワチ
軍事	名詞,一般,*,*,*,*,軍事,グンジ,グンジ
遠征	名詞,サ変接続,*,*,*,*,遠征,エンセイ,エンセイ
から	助詞,格助詞,一般,*,*,*,から,カラ,カラ
戻っ	動詞,自立,*,*,五段・ラ行,連用タ接続,戻る,モドッ,モドッ
て	助詞,接続助詞,*,*,*,*,て,テ,テ
来	動詞,非自立,*,*,カ変・来ル,連用形,来る,キ,キ
た	助動詞,*,*,*,特殊・タ,基本形,た,タ,タ
千	名詞,数,*,*,*,*,千,セン,セン
人	名詞,接尾,助数詞,*,*,*,人,ニン,ニン
の	助詞,連体化,*,*,*,*,の,ノ,ノ
長	名詞,一般,*,*,*,*,長,チョウ,チョー
と	助詞,並立助詞,*,*,*,*,と,ト,ト
百	名詞,数,*,*,*,*,百,ヒャク,ヒャク
人	名詞,接尾,助数詞,*,*,*,人,ニン,ニン
の	助詞,連体化,*,*,*,*,の,ノ,ノ
長	名詞,一般,*,*,*,*,長,チョウ,チョー
たち	名詞,接尾,一般,*,*,*,たち,タチ,タチ
に対して	助詞,格助詞,連語,*,*,*,に対して,ニタイシテ,ニタイシテ
憤然	名詞,一般,*,*,*,*,憤然,フンゼン,フンゼン
と	助詞,格助詞,一般,*,*,*,と,ト,ト
し	動詞,自立,*,*,サ変・スル,連用形,する,シ,シ
た	助動詞,*,*,*,特殊・タ,基本形,た,タ,タ
。	記号,句点,*,*,*,*,。,。,。
そうして	接続詞,*,*,*,*,*,そうして,ソウシテ,ソーシテ
モー	名詞,固有名詞,人名,姓,*,*,モー,モー,モー
セ	名詞,一般,*,*,*,*,セ,セ,セ
は	助詞,係助詞,*,*,*,*,は,ハ,ワ
彼ら	名詞,代名詞,一般,*,*,*,彼ら,カレラ,カレラ
に	助詞,格助詞,一般,*,*,*,に,ニ,ニ
言っ	動詞,自立,*,*,五段・ワ行促音便,連用タ接続,言う,イッ,イッ
た	助動詞,*,*,*,特殊・タ,基本形,た,タ,タ
，	記号,読点,*,*,*,*,，,，,，
「	記号,括弧開,*,*,*,*,「,「,「
あなた	名詞,代名詞,一般,*,*,*,あなた,アナタ,アナタ
方	名詞,接尾,一般,*,*,*,方,カタ,カタ
は	助詞,係助詞,*,*,*,*,は,ハ,ワ
女	名詞,一般,*,*,*,*,女,オンナ,オンナ
を	助詞,格助詞,一般,*,*,*,を,ヲ,ヲ
みな	名詞,副詞可能,*,*,*,*,みな,ミナ,ミナ
生かし	動詞,自立,*,*,五段・サ行,連用形,生かす,イカシ,イカシ
て	助詞,接続助詞,*,*,*,*,て,テ,テ
おい	動詞,非自立,*,*,五段・カ行イ音便,連用タ接続,おく,オイ,オイ
た	助動詞,*,*,*,特殊・タ,基本形,た,タ,タ
の	名詞,非自立,一般,*,*,*,の,ノ,ノ
です	助動詞,*,*,*,特殊・デス,基本形,です,デス,デス
か	助詞,副助詞／並立助詞／終助詞,*,*,*,*,か,カ,カ
。	記号,句点,*,*,*,*,。,。,。
見	動詞,自立,*,*,一段,連用形,見る,ミ,ミ
なさい	動詞,非自立,*,*,五段・ラ行特殊,命令ｉ,なさる,ナサイ,ナサイ
！	記号,一般,*,*,*,*,！,！,！
この	連体詞,*,*,*,*,*,この,コノ,コノ
女	名詞,一般,*,*,*,*,女,オンナ,オンナ
たち	名詞,接尾,一般,*,*,*,たち,タチ,タチ
が	助詞,格助詞,一般,*,*,*,が,ガ,ガ
，	記号,読点,*,*,*,*,，,，,，
バラム	名詞,一般,*,*,*,*,*
の	助詞,連体化,*,*,*,*,の,ノ,ノ
言葉	名詞,一般,*,*,*,*,言葉,コトバ,コトバ
によって	助詞,格助詞,連語,*,*,*,によって,ニヨッテ,ニヨッテ
イスラエル	名詞,固有名詞,地域,国,*,*,イスラエル,イスラエル,イスラエル
の	助詞,連体化,*,*,*,*,の,ノ,ノ
子	名詞,一般,*,*,*,*,子,コ,コ
ら	名詞,接尾,一般,*,*,*,ら,ラ,ラ
を	助詞,格助詞,一般,*,*,*,を,ヲ,ヲ
いざなう	動詞,自立,*,*,五段・ワ行促音便,基本形,いざなう,イザナウ,イザナウ
者	名詞,非自立,一般,*,*,*,者,モノ,モノ
と	助詞,格助詞,一般,*,*,*,と,ト,ト
なり	動詞,自立,*,*,五段・ラ行,連用形,なる,ナリ,ナリ
，	記号,読点,*,*,*,*,，,，,，
ペオル	名詞,一般,*,*,*,*,*
の	助詞,連体化,*,*,*,*,の,ノ,ノ
事件	名詞,一般,*,*,*,*,事件,ジケン,ジケン
で	助詞,格助詞,一般,*,*,*,で,デ,デ
エホバ	名詞,一般,*,*,*,*,エホバ,エホバ,エホバ
に対し	助詞,格助詞,連語,*,*,*,に対し,ニタイシ,ニタイシ
不	接頭詞,名詞接続,*,*,*,*,不,フ,フ
忠実	名詞,形容動詞語幹,*,*,*,*,忠実,チュウジツ,チュージツ
な	助動詞,*,*,*,特殊・ダ,体言接続,だ,ナ,ナ
行為	名詞,サ変接続,*,*,*,*,行為,コウイ,コーイ
を	助詞,格助詞,一般,*,*,*,を,ヲ,ヲ
さ	動詞,自立,*,*,サ変・スル,未然レル接続,する,サ,サ
せ	動詞,接尾,*,*,一段,連用形,せる,セ,セ
た	助動詞,*,*,*,特殊・タ,基本形,た,タ,タ
の	名詞,非自立,一般,*,*,*,の,ノ,ノ
で	助動詞,*,*,*,特殊・ダ,連用形,だ,デ,デ
あり	助動詞,*,*,*,五段・ラ行アル,連用形,ある,アリ,アリ
，	記号,読点,*,*,*,*,，,，,，
その	連体詞,*,*,*,*,*,その,ソノ,ソノ
ため	名詞,非自立,副詞可能,*,*,*,ため,タメ,タメ
エホバ	名詞,一般,*,*,*,*,エホバ,エホバ,エホバ
の	助詞,連体化,*,*,*,*,の,ノ,ノ
集会	名詞,サ変接続,*,*,*,*,集会,シュウカイ,シューカイ
の	助詞,連体化,*,*,*,*,の,ノ,ノ
上	名詞,非自立,副詞可能,*,*,*,上,ウエ,ウエ
に	助詞,格助詞,一般,*,*,*,に,ニ,ニ
神罰	名詞,一般,*,*,*,*,神罰,シンバツ,シンバツ
が	助詞,格助詞,一般,*,*,*,が,ガ,ガ
臨ん	動詞,自立,*,*,五段・マ行,連用タ接続,臨む,ノゾン,ノゾン
だ	助動詞,*,*,*,特殊・タ,基本形,だ,ダ,ダ
の	名詞,非自立,一般,*,*,*,の,ノ,ノ
です	助動詞,*,*,*,特殊・デス,基本形,です,デス,デス
。	記号,句点,*,*,*,*,。,。,。
だから	接続詞,*,*,*,*,*,だから,ダカラ,ダカラ
今	名詞,副詞可能,*,*,*,*,今,イマ,イマ
，	記号,読点,*,*,*,*,，,，,，
幼い	形容詞,自立,*,*,形容詞・アウオ段,基本形,幼い,オサナイ,オサナイ
者	名詞,接尾,一般,*,*,*,者,シャ,シャ
たち	名詞,接尾,一般,*,*,*,たち,タチ,タチ
の	助詞,連体化,*,*,*,*,の,ノ,ノ
うち	名詞,非自立,副詞可能,*,*,*,うち,ウチ,ウチ
すべて	名詞,副詞可能,*,*,*,*,すべて,スベテ,スベテ
の	助詞,連体化,*,*,*,*,の,ノ,ノ
男子	名詞,一般,*,*,*,*,男子,ダンシ,ダンシ
を	助詞,格助詞,一般,*,*,*,を,ヲ,ヲ
殺し	動詞,自立,*,*,五段・サ行,連用形,殺す,コロシ,コロシ
，	記号,読点,*,*,*,*,，,，,，
男子	名詞,一般,*,*,*,*,男子,ダンシ,ダンシ
と	助詞,格助詞,引用,*,*,*,と,ト,ト
寝	動詞,自立,*,*,一段,連用形,寝る,ネ,ネ
て	助詞,接続助詞,*,*,*,*,て,テ,テ
男	名詞,一般,*,*,*,*,男,オトコ,オトコ
と	助詞,並立助詞,*,*,*,*,と,ト,ト
交わり	名詞,一般,*,*,*,*,交わり,マジワリ,マジワリ
を	助詞,格助詞,一般,*,*,*,を,ヲ,ヲ
持っ	動詞,自立,*,*,五段・タ行,連用タ接続,持つ,モッ,モッ
た	助動詞,*,*,*,特殊・タ,基本形,た,タ,タ
すべて	名詞,副詞可能,*,*,*,*,すべて,スベテ,スベテ
の	助詞,連体化,*,*,*,*,の,ノ,ノ
女	名詞,一般,*,*,*,*,女,オンナ,オンナ
も	助詞,係助詞,*,*,*,*,も,モ,モ
殺し	動詞,自立,*,*,五段・サ行,連用形,殺す,コロシ,コロシ
なさい	動詞,非自立,*,*,五段・ラ行特殊,命令ｉ,なさる,ナサイ,ナサイ
。	記号,句点,*,*,*,*,。,。,。
そして	接続詞,*,*,*,*,*,そして,ソシテ,ソシテ
，	記号,読点,*,*,*,*,，,，,，
あなた	名詞,代名詞,一般,*,*,*,あなた,アナタ,アナタ
方	名詞,接尾,一般,*,*,*,方,カタ,カタ
の	助詞,連体化,*,*,*,*,の,ノ,ノ
ため	名詞,非自立,副詞可能,*,*,*,ため,タメ,タメ
，	記号,読点,*,*,*,*,，,，,，
女	名詞,一般,*,*,*,*,女,オンナ,オンナ
の	助詞,連体化,*,*,*,*,の,ノ,ノ
うち	名詞,非自立,副詞可能,*,*,*,うち,ウチ,ウチ
すべて	名詞,副詞可能,*,*,*,*,すべて,スベテ,スベテ
の	助詞,連体化,*,*,*,*,の,ノ,ノ
幼い	形容詞,自立,*,*,形容詞・アウオ段,基本形,幼い,オサナイ,オサナイ
者	名詞,非自立,一般,*,*,*,者,モノ,モノ
，	記号,読点,*,*,*,*,，,，,，
男子	名詞,一般,*,*,*,*,男子,ダンシ,ダンシ
と	助詞,格助詞,引用,*,*,*,と,ト,ト
寝る	動詞,自立,*,*,一段,基本形,寝る,ネル,ネル
こと	名詞,非自立,一般,*,*,*,こと,コト,コト
を	助詞,格助詞,一般,*,*,*,を,ヲ,ヲ
まだ	副詞,助詞類接続,*,*,*,*,まだ,マダ,マダ
知ら	動詞,自立,*,*,五段・ラ行,未然形,知る,シラ,シラ
ない	助動詞,*,*,*,特殊・ナイ,基本形,ない,ナイ,ナイ
者	名詞,一般,*,*,*,*,者,モノ,モノ
たち	名詞,接尾,一般,*,*,*,たち,タチ,タチ
を	助詞,格助詞,一般,*,*,*,を,ヲ,ヲ
生かし	動詞,自立,*,*,五段・サ行,連用形,生かす,イカシ,イカシ
て	助詞,接続助詞,*,*,*,*,て,テ,テ
おき	動詞,非自立,*,*,五段・カ行イ音便,連用形,おく,オキ,オキ
なさい	動詞,非自立,*,*,五段・ラ行特殊,命令ｉ,なさる,ナサイ,ナサイ
。	記号,句点,*,*,*,*,。,。,。
あなた	名詞,代名詞,一般,*,*,*,あなた,アナタ,アナタ
方	名詞,接尾,一般,*,*,*,方,カタ,カタ
自身	名詞,一般,*,*,*,*,自身,ジシン,ジシン
は	助詞,係助詞,*,*,*,*,は,ハ,ワ
，	記号,読点,*,*,*,*,，,，,，
七	名詞,数,*,*,*,*,七,ナナ,ナナ
日	名詞,接尾,助数詞,*,*,*,日,ニチ,ニチ
の	助詞,連体化,*,*,*,*,の,ノ,ノ
あいだ	名詞,固有名詞,地域,一般,*,*,あいだ,アイダ,アイダ
宿営	名詞,サ変接続,*,*,*,*,宿営,シュクエイ,シュクエイ
の	助詞,連体化,*,*,*,*,の,ノ,ノ
外	名詞,一般,*,*,*,*,外,ソト,ソト
に	助詞,格助詞,一般,*,*,*,に,ニ,ニ
宿営	名詞,サ変接続,*,*,*,*,宿営,シュクエイ,シュクエイ
し	動詞,自立,*,*,サ変・スル,連用形,する,シ,シ
て	助詞,接続助詞,*,*,*,*,て,テ,テ
い	動詞,非自立,*,*,一段,連用形,いる,イ,イ
なさい	動詞,非自立,*,*,五段・ラ行特殊,命令ｉ,なさる,ナサイ,ナサイ
。	記号,句点,*,*,*,*,。,。,。
だれ	名詞,代名詞,一般,*,*,*,だれ,ダレ,ダレ
でも	助詞,副助詞,*,*,*,*,でも,デモ,デモ
魂	名詞,一般,*,*,*,*,魂,タマシイ,タマシー
を	助詞,格助詞,一般,*,*,*,を,ヲ,ヲ
殺し	動詞,自立,*,*,五段・サ行,連用形,殺す,コロシ,コロシ
た	助動詞,*,*,*,特殊・タ,基本形,た,タ,タ
者	名詞,非自立,一般,*,*,*,者,モノ,モノ
，	記号,読点,*,*,*,*,，,，,，
また	接続詞,*,*,*,*,*,また,マタ,マタ
だれ	名詞,代名詞,一般,*,*,*,だれ,ダレ,ダレ
でも	助詞,副助詞,*,*,*,*,でも,デモ,デモ
打ち殺さ	動詞,自立,*,*,五段・サ行,未然形,打ち殺す,ウチコロサ,ウチコロサ
れ	動詞,接尾,*,*,一段,連用形,れる,レ,レ
た	助動詞,*,*,*,特殊・タ,基本形,た,タ,タ
者	名詞,非自立,一般,*,*,*,者,モノ,モノ
に	助詞,格助詞,一般,*,*,*,に,ニ,ニ
触れ	動詞,自立,*,*,一段,連用形,触れる,フレ,フレ
た	助動詞,*,*,*,特殊・タ,基本形,た,タ,タ
者	名詞,非自立,一般,*,*,*,者,モノ,モノ
は	助詞,係助詞,*,*,*,*,は,ハ,ワ
，	記号,読点,*,*,*,*,，,，,，
三	名詞,数,*,*,*,*,三,サン,サン
日	名詞,接尾,助数詞,*,*,*,日,ニチ,ニチ
目	名詞,接尾,一般,*,*,*,目,メ,メ
と	助詞,並立助詞,*,*,*,*,と,ト,ト
七	名詞,数,*,*,*,*,七,ナナ,ナナ
日	名詞,接尾,助数詞,*,*,*,日,ニチ,ニチ
目	名詞,接尾,一般,*,*,*,目,メ,メ
に	助詞,格助詞,一般,*,*,*,に,ニ,ニ
身	名詞,一般,*,*,*,*,身,ミ,ミ
を	助詞,格助詞,一般,*,*,*,を,ヲ,ヲ
浄	名詞,固有名詞,人名,名,*,*,浄,キヨシ,キヨシ
め	名詞,接尾,一般,*,*,*,め,メ,メ
る	助動詞,*,*,*,文語・ル,基本形,る,ル,ル
べき	助動詞,*,*,*,文語・ベシ,体言接続,べし,ベキ,ベキ
です	助動詞,*,*,*,特殊・デス,基本形,です,デス,デス
。	記号,句点,*,*,*,*,。,。,。
あなた	名詞,代名詞,一般,*,*,*,あなた,アナタ,アナタ
方	名詞,接尾,一般,*,*,*,方,カタ,カタ
も	助詞,係助詞,*,*,*,*,も,モ,モ
，	記号,読点,*,*,*,*,，,，,，
あなた	名詞,代名詞,一般,*,*,*,あなた,アナタ,アナタ
方	名詞,接尾,一般,*,*,*,方,カタ,カタ
の	助詞,連体化,*,*,*,*,の,ノ,ノ
とりこ	名詞,一般,*,*,*,*,とりこ,トリコ,トリコ
と	助詞,格助詞,一般,*,*,*,と,ト,ト
なっ	動詞,自立,*,*,五段・ラ行,連用タ接続,なる,ナッ,ナッ
て	助詞,接続助詞,*,*,*,*,て,テ,テ
いる	動詞,非自立,*,*,一段,基本形,いる,イル,イル
者	名詞,一般,*,*,*,*,者,モノ,モノ
たち	名詞,接尾,一般,*,*,*,たち,タチ,タチ
も	助詞,係助詞,*,*,*,*,も,モ,モ
。	記号,句点,*,*,*,*,。,。,。
また	接続詞,*,*,*,*,*,また,マタ,マタ
，	記号,読点,*,*,*,*,，,，,，
すべて	名詞,副詞可能,*,*,*,*,すべて,スベテ,スベテ
の	助詞,連体化,*,*,*,*,の,ノ,ノ
衣	名詞,一般,*,*,*,*,衣,コロモ,コロモ
，	記号,読点,*,*,*,*,，,，,，
すべて	名詞,副詞可能,*,*,*,*,すべて,スベテ,スベテ
の	助詞,連体化,*,*,*,*,の,ノ,ノ
皮	名詞,一般,*,*,*,*,皮,カワ,カワ
の	助詞,連体化,*,*,*,*,の,ノ,ノ
品	名詞,一般,*,*,*,*,品,シナ,シナ
，	記号,読点,*,*,*,*,，,，,，
すべて	名詞,副詞可能,*,*,*,*,すべて,スベテ,スベテ
やぎ	名詞,一般,*,*,*,*,やぎ,ヤギ,ヤギ
の	助詞,連体化,*,*,*,*,の,ノ,ノ
毛	名詞,一般,*,*,*,*,毛,ケ,ケ
で	助詞,格助詞,一般,*,*,*,で,デ,デ
でき	動詞,自立,*,*,一段,連用形,できる,デキ,デキ
た	助動詞,*,*,*,特殊・タ,基本形,た,タ,タ
もの	名詞,非自立,一般,*,*,*,もの,モノ,モノ
，	記号,読点,*,*,*,*,，,，,，
すべて	名詞,副詞可能,*,*,*,*,すべて,スベテ,スベテ
の	助詞,連体化,*,*,*,*,の,ノ,ノ
木	名詞,一般,*,*,*,*,木,キ,キ
の	助詞,連体化,*,*,*,*,の,ノ,ノ
品	名詞,一般,*,*,*,*,品,シナ,シナ
も	助詞,係助詞,*,*,*,*,も,モ,モ
，	記号,読点,*,*,*,*,，,，,，
あなた	名詞,代名詞,一般,*,*,*,あなた,アナタ,アナタ
方	名詞,接尾,一般,*,*,*,方,カタ,カタ
の	助詞,連体化,*,*,*,*,の,ノ,ノ
ため	名詞,非自立,副詞可能,*,*,*,ため,タメ,タメ
に	助詞,格助詞,一般,*,*,*,に,ニ,ニ
それ	名詞,代名詞,一般,*,*,*,それ,ソレ,ソレ
を	助詞,格助詞,一般,*,*,*,を,ヲ,ヲ
罪	名詞,一般,*,*,*,*,罪,ツミ,ツミ
から	助詞,格助詞,一般,*,*,*,から,カラ,カラ
浄	名詞,固有名詞,人名,名,*,*,浄,キヨシ,キヨシ
め	名詞,接尾,一般,*,*,*,め,メ,メ
る	助動詞,*,*,*,文語・ル,基本形,る,ル,ル
べき	助動詞,*,*,*,文語・ベシ,体言接続,べし,ベキ,ベキ
です	助動詞,*,*,*,特殊・デス,基本形,です,デス,デス
」	記号,括弧閉,*,*,*,*,」,」,」
。	記号,句点,*,*,*,*,。,。,。
次いで	接続詞,*,*,*,*,*,次いで,ツイデ,ツイデ
祭司	名詞,一般,*,*,*,*,祭司,サイシ,サイシ
エレアザル	名詞,一般,*,*,*,*,*
が	助詞,格助詞,一般,*,*,*,が,ガ,ガ
，	記号,読点,*,*,*,*,，,，,，
戦い	名詞,一般,*,*,*,*,戦い,タタカイ,タタカイ
に	助詞,格助詞,一般,*,*,*,に,ニ,ニ
行っ	動詞,自立,*,*,五段・カ行促音便,連用タ接続,行く,イッ,イッ
て	助詞,接続助詞,*,*,*,*,て,テ,テ
来	動詞,非自立,*,*,カ変・来ル,連用形,来る,キ,キ
た	助動詞,*,*,*,特殊・タ,基本形,た,タ,タ
軍隊	名詞,一般,*,*,*,*,軍隊,グンタイ,グンタイ
の	助詞,連体化,*,*,*,*,の,ノ,ノ
人々	名詞,一般,*,*,*,*,人々,ヒトビト,ヒトビト
に	助詞,格助詞,一般,*,*,*,に,ニ,ニ
こう	副詞,助詞類接続,*,*,*,*,こう,コウ,コー
言っ	動詞,自立,*,*,五段・ワ行促音便,連用タ接続,言う,イッ,イッ
た	助動詞,*,*,*,特殊・タ,基本形,た,タ,タ
。	記号,句点,*,*,*,*,。,。,。
「	記号,括弧開,*,*,*,*,「,「,「
これ	名詞,代名詞,一般,*,*,*,これ,コレ,コレ
は	助詞,係助詞,*,*,*,*,は,ハ,ワ
エホバ	名詞,一般,*,*,*,*,エホバ,エホバ,エホバ
が	助詞,格助詞,一般,*,*,*,が,ガ,ガ
モー	名詞,固有名詞,人名,姓,*,*,モー,モー,モー
セ	名詞,一般,*,*,*,*,セ,セ,セ
に	助詞,格助詞,一般,*,*,*,に,ニ,ニ
命じ	動詞,自立,*,*,一段,連用形,命じる,メイジ,メイジ
た	助動詞,*,*,*,特殊・タ,基本形,た,タ,タ
律	名詞,一般,*,*,*,*,律,リツ,リツ
法	名詞,接尾,一般,*,*,*,法,ホウ,ホー
による	助詞,格助詞,連語,*,*,*,による,ニヨル,ニヨル
法令	名詞,一般,*,*,*,*,法令,ホウレイ,ホーレイ
です	助動詞,*,*,*,特殊・デス,基本形,です,デス,デス
。	記号,句点,*,*,*,*,。,。,。
『	記号,括弧開,*,*,*,*,『,『,『
ただ	名詞,一般,*,*,*,*,ただ,タダ,タダ
金	名詞,接尾,一般,*,*,*,金,キン,キン
と	助詞,並立助詞,*,*,*,*,と,ト,ト
銀	名詞,一般,*,*,*,*,銀,ギン,ギン
，	記号,読点,*,*,*,*,，,，,，
銅	名詞,一般,*,*,*,*,銅,ドウ,ドー
，	記号,読点,*,*,*,*,，,，,，
鉄	名詞,一般,*,*,*,*,鉄,テツ,テツ
，	記号,読点,*,*,*,*,，,，,，
すず	名詞,固有名詞,人名,名,*,*,すず,スズ,スズ
と	助詞,並立助詞,*,*,*,*,と,ト,ト
鉛	名詞,一般,*,*,*,*,鉛,ナマリ,ナマリ
だけ	助詞,副助詞,*,*,*,*,だけ,ダケ,ダケ
，	記号,読点,*,*,*,*,，,，,，
すなわち	接続詞,*,*,*,*,*,すなわち,スナワチ,スナワチ
火	名詞,一般,*,*,*,*,火,ヒ,ヒ
で	助詞,格助詞,一般,*,*,*,で,デ,デ
処理	名詞,サ変接続,*,*,*,*,処理,ショリ,ショリ
さ	動詞,自立,*,*,サ変・スル,未然レル接続,する,サ,サ
れる	動詞,接尾,*,*,一段,基本形,れる,レル,レル
もの	名詞,非自立,一般,*,*,*,もの,モノ,モノ
だけ	助詞,副助詞,*,*,*,*,だけ,ダケ,ダケ
は	助詞,係助詞,*,*,*,*,は,ハ,ワ
みな	名詞,代名詞,一般,*,*,*,みな,ミナ,ミナ
火	名詞,接尾,一般,*,*,*,火,ヒ,ヒ
の	助詞,連体化,*,*,*,*,の,ノ,ノ
中	名詞,非自立,副詞可能,*,*,*,中,ナカ,ナカ
を	助詞,格助詞,一般,*,*,*,を,ヲ,ヲ
通す	動詞,自立,*,*,五段・サ行,基本形,通す,トオス,トース
べき	助動詞,*,*,*,文語・ベシ,体言接続,べし,ベキ,ベキ
で	助動詞,*,*,*,特殊・ダ,連用形,だ,デ,デ
ある	助動詞,*,*,*,五段・ラ行アル,基本形,ある,アル,アル
。	記号,句点,*,*,*,*,。,。,。
そう	副詞,助詞類接続,*,*,*,*,そう,ソウ,ソー
する	動詞,自立,*,*,サ変・スル,基本形,する,スル,スル
なら	助動詞,*,*,*,特殊・ダ,仮定形,だ,ナラ,ナラ
，	記号,読点,*,*,*,*,，,，,，
それ	名詞,代名詞,一般,*,*,*,それ,ソレ,ソレ
は	助詞,係助詞,*,*,*,*,は,ハ,ワ
清い	形容詞,自立,*,*,形容詞・アウオ段,基本形,清い,キヨイ,キヨイ
もの	名詞,非自立,一般,*,*,*,もの,モノ,モノ
と	助詞,格助詞,引用,*,*,*,と,ト,ト
さ	動詞,自立,*,*,サ変・スル,未然レル接続,する,サ,サ
れる	動詞,接尾,*,*,一段,基本形,れる,レル,レル
。	記号,句点,*,*,*,*,。,。,。
ただし	接続詞,*,*,*,*,*,ただし,タダシ,タダシ
，	記号,読点,*,*,*,*,，,，,，
それ	名詞,代名詞,一般,*,*,*,それ,ソレ,ソレ
は	助詞,係助詞,*,*,*,*,は,ハ,ワ
清め	動詞,自立,*,*,一段,連用形,清める,キヨメ,キヨメ
の	助詞,連体化,*,*,*,*,の,ノ,ノ
水	名詞,一般,*,*,*,*,水,ミズ,ミズ
によって	助詞,格助詞,連語,*,*,*,によって,ニヨッテ,ニヨッテ
浄	名詞,固有名詞,人名,名,*,*,浄,キヨシ,キヨシ
め	名詞,接尾,一般,*,*,*,め,メ,メ
られる	動詞,接尾,*,*,一段,基本形,られる,ラレル,ラレル
べき	助動詞,*,*,*,文語・ベシ,体言接続,べし,ベキ,ベキ
で	助動詞,*,*,*,特殊・ダ,連用形,だ,デ,デ
ある	助動詞,*,*,*,五段・ラ行アル,基本形,ある,アル,アル
。	記号,句点,*,*,*,*,。,。,。
そして	接続詞,*,*,*,*,*,そして,ソシテ,ソシテ
，	記号,読点,*,*,*,*,，,，,，
火	名詞,一般,*,*,*,*,火,ヒ,ヒ
で	助詞,格助詞,一般,*,*,*,で,デ,デ
処理	名詞,サ変接続,*,*,*,*,処理,ショリ,ショリ
さ	動詞,自立,*,*,サ変・スル,未然レル接続,する,サ,サ
れ	動詞,接尾,*,*,一段,未然形,れる,レ,レ
ない	助動詞,*,*,*,特殊・ナイ,基本形,ない,ナイ,ナイ
もの	名詞,非自立,一般,*,*,*,もの,モノ,モノ
は	助詞,係助詞,*,*,*,*,は,ハ,ワ
すべて	名詞,副詞可能,*,*,*,*,すべて,スベテ,スベテ
水	名詞,一般,*,*,*,*,水,ミズ,ミズ
の	助詞,連体化,*,*,*,*,の,ノ,ノ
中	名詞,非自立,副詞可能,*,*,*,中,ナカ,ナカ
を	助詞,格助詞,一般,*,*,*,を,ヲ,ヲ
通す	動詞,自立,*,*,五段・サ行,基本形,通す,トオス,トース
べき	助動詞,*,*,*,文語・ベシ,体言接続,べし,ベキ,ベキ
で	助動詞,*,*,*,特殊・ダ,連用形,だ,デ,デ
ある	助動詞,*,*,*,五段・ラ行アル,基本形,ある,アル,アル
。	記号,句点,*,*,*,*,。,。,。
また	接続詞,*,*,*,*,*,また,マタ,マタ
，	記号,読点,*,*,*,*,，,，,，
あなた	名詞,代名詞,一般,*,*,*,あなた,アナタ,アナタ
方	名詞,接尾,一般,*,*,*,方,カタ,カタ
は	助詞,係助詞,*,*,*,*,は,ハ,ワ
七	名詞,数,*,*,*,*,七,ナナ,ナナ
日	名詞,接尾,助数詞,*,*,*,日,ニチ,ニチ
目	名詞,接尾,一般,*,*,*,目,メ,メ
に	助詞,格助詞,一般,*,*,*,に,ニ,ニ
自分	名詞,一般,*,*,*,*,自分,ジブン,ジブン
の	助詞,連体化,*,*,*,*,の,ノ,ノ
衣	名詞,一般,*,*,*,*,衣,コロモ,コロモ
を	助詞,格助詞,一般,*,*,*,を,ヲ,ヲ
洗っ	動詞,自立,*,*,五段・ワ行促音便,連用タ接続,洗う,アラッ,アラッ
て	助詞,接続助詞,*,*,*,*,て,テ,テ
清い	形容詞,自立,*,*,形容詞・アウオ段,基本形,清い,キヨイ,キヨイ
者	名詞,非自立,一般,*,*,*,者,モノ,モノ
と	助詞,格助詞,引用,*,*,*,と,ト,ト
なら	動詞,自立,*,*,五段・ラ行,未然形,なる,ナラ,ナラ
なけれ	助動詞,*,*,*,特殊・ナイ,仮定形,ない,ナケレ,ナケレ
ば	助詞,接続助詞,*,*,*,*,ば,バ,バ
なら	動詞,非自立,*,*,五段・ラ行,未然形,なる,ナラ,ナラ
ない	助動詞,*,*,*,特殊・ナイ,基本形,ない,ナイ,ナイ
。	記号,句点,*,*,*,*,。,。,。
その後	名詞,副詞可能,*,*,*,*,その後,ソノゴ,ソノゴ
あなた	名詞,代名詞,一般,*,*,*,あなた,アナタ,アナタ
方	名詞,接尾,一般,*,*,*,方,カタ,カタ
は	助詞,係助詞,*,*,*,*,は,ハ,ワ
宿営	名詞,サ変接続,*,*,*,*,宿営,シュクエイ,シュクエイ
の	助詞,連体化,*,*,*,*,の,ノ,ノ
中	名詞,非自立,副詞可能,*,*,*,中,ナカ,ナカ
に	助詞,格助詞,一般,*,*,*,に,ニ,ニ
入っ	動詞,自立,*,*,五段・ラ行,連用タ接続,入る,ハイッ,ハイッ
て	助詞,接続助詞,*,*,*,*,て,テ,テ
よい	形容詞,非自立,*,*,形容詞・アウオ段,基本形,よい,ヨイ,ヨイ
』	記号,括弧閉,*,*,*,*,』,』,』
」	記号,括弧閉,*,*,*,*,」,」,」
。	記号,句点,*,*,*,*,。,。,。
それから	接続詞,*,*,*,*,*,それから,ソレカラ,ソレカラ
エホバ	名詞,一般,*,*,*,*,エホバ,エホバ,エホバ
は	助詞,係助詞,*,*,*,*,は,ハ,ワ
モー	名詞,固有名詞,人名,姓,*,*,モー,モー,モー
セ	名詞,一般,*,*,*,*,セ,セ,セ
に対して	助詞,格助詞,連語,*,*,*,に対して,ニタイシテ,ニタイシテ
この	連体詞,*,*,*,*,*,この,コノ,コノ
よう	名詞,非自立,助動詞語幹,*,*,*,よう,ヨウ,ヨー
に	助詞,副詞化,*,*,*,*,に,ニ,ニ
言わ	動詞,自立,*,*,五段・ワ行促音便,未然形,言う,イワ,イワ
れ	動詞,接尾,*,*,一段,連用形,れる,レ,レ
た	助動詞,*,*,*,特殊・タ,基本形,た,タ,タ
。	記号,句点,*,*,*,*,。,。,。
「	記号,括弧開,*,*,*,*,「,「,「
あなた	名詞,代名詞,一般,*,*,*,あなた,アナタ,アナタ
と	助詞,格助詞,一般,*,*,*,と,ト,ト
祭司	名詞,一般,*,*,*,*,祭司,サイシ,サイシ
エレアザル	名詞,一般,*,*,*,*,*
，	記号,読点,*,*,*,*,，,，,，
そして	接続詞,*,*,*,*,*,そして,ソシテ,ソシテ
集会	名詞,サ変接続,*,*,*,*,集会,シュウカイ,シューカイ
の	助詞,連体化,*,*,*,*,の,ノ,ノ
父	名詞,一般,*,*,*,*,父,チチ,チチ
たち	名詞,接尾,一般,*,*,*,たち,タチ,タチ
の	助詞,連体化,*,*,*,*,の,ノ,ノ
うち	名詞,非自立,副詞可能,*,*,*,うち,ウチ,ウチ
の	助詞,連体化,*,*,*,*,の,ノ,ノ
頭	名詞,一般,*,*,*,*,頭,アタマ,アタマ
たち	名詞,接尾,一般,*,*,*,たち,タチ,タチ
は	助詞,係助詞,*,*,*,*,は,ハ,ワ
，	記号,読点,*,*,*,*,，,，,，
戦利	名詞,一般,*,*,*,*,戦利,センリ,センリ
の	助詞,連体化,*,*,*,*,の,ノ,ノ
もの	名詞,非自立,一般,*,*,*,もの,モノ,モノ
，	記号,読点,*,*,*,*,，,，,，
すなわち	接続詞,*,*,*,*,*,すなわち,スナワチ,スナワチ
とりこ	名詞,一般,*,*,*,*,とりこ,トリコ,トリコ
に	助詞,格助詞,一般,*,*,*,に,ニ,ニ
し	動詞,自立,*,*,サ変・スル,連用形,する,シ,シ
た	助動詞,*,*,*,特殊・タ,基本形,た,タ,タ
人	名詞,一般,*,*,*,*,人,ヒト,ヒト
と	助詞,並立助詞,*,*,*,*,と,ト,ト
家畜	名詞,一般,*,*,*,*,家畜,カチク,カチク
の	助詞,連体化,*,*,*,*,の,ノ,ノ
双方	名詞,一般,*,*,*,*,双方,ソウホウ,ソーホー
について	助詞,格助詞,連語,*,*,*,について,ニツイテ,ニツイテ
その	連体詞,*,*,*,*,*,その,ソノ,ソノ
合計	名詞,サ変接続,*,*,*,*,合計,ゴウケイ,ゴーケイ
を	助詞,格助詞,一般,*,*,*,を,ヲ,ヲ
調べ	動詞,自立,*,*,一段,連用形,調べる,シラベ,シラベ
なさい	動詞,非自立,*,*,五段・ラ行特殊,命令ｉ,なさる,ナサイ,ナサイ
。	記号,句点,*,*,*,*,。,。,。
そして	接続詞,*,*,*,*,*,そして,ソシテ,ソシテ
あなた	名詞,代名詞,一般,*,*,*,あなた,アナタ,アナタ
は	助詞,係助詞,*,*,*,*,は,ハ,ワ
その	連体詞,*,*,*,*,*,その,ソノ,ソノ
戦利	名詞,一般,*,*,*,*,戦利,センリ,センリ
の	助詞,連体化,*,*,*,*,の,ノ,ノ
もの	名詞,非自立,一般,*,*,*,もの,モノ,モノ
を	助詞,格助詞,一般,*,*,*,を,ヲ,ヲ
，	記号,読点,*,*,*,*,，,，,，
遠征	名詞,サ変接続,*,*,*,*,遠征,エンセイ,エンセイ
に	助詞,格助詞,一般,*,*,*,に,ニ,ニ
出かけ	動詞,自立,*,*,一段,連用形,出かける,デカケ,デカケ
て	助詞,接続助詞,*,*,*,*,て,テ,テ
戦い	名詞,一般,*,*,*,*,戦い,タタカイ,タタカイ
に	助詞,格助詞,一般,*,*,*,に,ニ,ニ
加わっ	動詞,自立,*,*,五段・ラ行,連用タ接続,加わる,クワワッ,クワワッ
た	助動詞,*,*,*,特殊・タ,基本形,た,タ,タ
者	名詞,非自立,一般,*,*,*,者,モノ,モノ
と	助詞,格助詞,引用,*,*,*,と,ト,ト
集会	名詞,サ変接続,*,*,*,*,集会,シュウカイ,シューカイ
の	助詞,連体化,*,*,*,*,の,ノ,ノ
残り	名詞,一般,*,*,*,*,残り,ノコリ,ノコリ
の	助詞,連体化,*,*,*,*,の,ノ,ノ
すべて	名詞,副詞可能,*,*,*,*,すべて,スベテ,スベテ
の	助詞,連体化,*,*,*,*,の,ノ,ノ
者	名詞,非自立,一般,*,*,*,者,モノ,モノ
と	助詞,格助詞,一般,*,*,*,と,ト,ト
の	助詞,連体化,*,*,*,*,の,ノ,ノ
間	名詞,一般,*,*,*,*,間,マ,マ
で	助詞,格助詞,一般,*,*,*,で,デ,デ
二つ	名詞,一般,*,*,*,*,二つ,フタツ,フタツ
に	助詞,格助詞,一般,*,*,*,に,ニ,ニ
分ける	動詞,自立,*,*,一段,基本形,分ける,ワケル,ワケル
よう	名詞,非自立,助動詞語幹,*,*,*,よう,ヨウ,ヨー
に	助詞,格助詞,一般,*,*,*,に,ニ,ニ
。	記号,句点,*,*,*,*,。,。,。
そして	接続詞,*,*,*,*,*,そして,ソシテ,ソシテ
，	記号,読点,*,*,*,*,，,，,，
エホバ	名詞,一般,*,*,*,*,エホバ,エホバ,エホバ
の	助詞,連体化,*,*,*,*,の,ノ,ノ
ため	名詞,非自立,副詞可能,*,*,*,ため,タメ,タメ
の	助詞,連体化,*,*,*,*,の,ノ,ノ
税	名詞,一般,*,*,*,*,税,ゼイ,ゼイ
として	助詞,格助詞,連語,*,*,*,として,トシテ,トシテ
，	記号,読点,*,*,*,*,，,，,，
遠征	名詞,サ変接続,*,*,*,*,遠征,エンセイ,エンセイ
に	助詞,格助詞,一般,*,*,*,に,ニ,ニ
出かけ	動詞,自立,*,*,一段,連用形,出かける,デカケ,デカケ
た	助動詞,*,*,*,特殊・タ,基本形,た,タ,タ
戦	名詞,一般,*,*,*,*,戦,セン,セン
人	名詞,接尾,一般,*,*,*,人,ジン,ジン
たち	名詞,接尾,一般,*,*,*,たち,タチ,タチ
から	助詞,格助詞,一般,*,*,*,から,カラ,カラ
は	助詞,係助詞,*,*,*,*,は,ハ,ワ
，	記号,読点,*,*,*,*,，,，,，
人	名詞,一般,*,*,*,*,人,ヒト,ヒト
･	名詞,サ変接続,*,*,*,*,*
牛	名詞,一般,*,*,*,*,牛,ウシ,ウシ
･	名詞,サ変接続,*,*,*,*,*
ろば	名詞,一般,*,*,*,*,ろば,ロバ,ロバ
･	名詞,サ変接続,*,*,*,*,*
羊	名詞,一般,*,*,*,*,羊,ヒツジ,ヒツジ
について	助詞,格助詞,連語,*,*,*,について,ニツイテ,ニツイテ
，	記号,読点,*,*,*,*,，,，,，
五	名詞,数,*,*,*,*,五,ゴ,ゴ
百	名詞,数,*,*,*,*,百,ヒャク,ヒャク
ごと	名詞,接尾,一般,*,*,*,ごと,ゴト,ゴト
に	助詞,格助詞,一般,*,*,*,に,ニ,ニ
一つ	名詞,一般,*,*,*,*,一つ,ヒトツ,ヒトツ
の	助詞,連体化,*,*,*,*,の,ノ,ノ
魂	名詞,一般,*,*,*,*,魂,タマシイ,タマシー
を	助詞,格助詞,一般,*,*,*,を,ヲ,ヲ
取る	動詞,自立,*,*,五段・ラ行,基本形,取る,トル,トル
よう	名詞,非自立,助動詞語幹,*,*,*,よう,ヨウ,ヨー
に	助詞,格助詞,一般,*,*,*,に,ニ,ニ
。	記号,句点,*,*,*,*,。,。,。
彼ら	名詞,代名詞,一般,*,*,*,彼ら,カレラ,カレラ
が	助詞,格助詞,一般,*,*,*,が,ガ,ガ
[	名詞,サ変接続,*,*,*,*,*
受け取っ	動詞,自立,*,*,五段・ラ行,連用タ接続,受け取る,ウケトッ,ウケトッ
た	助動詞,*,*,*,特殊・タ,基本形,た,タ,タ
]	名詞,サ変接続,*,*,*,*,*
半分	名詞,副詞可能,*,*,*,*,半分,ハンブン,ハンブン
の	助詞,連体化,*,*,*,*,の,ノ,ノ
中	名詞,非自立,副詞可能,*,*,*,中,ナカ,ナカ
から	助詞,格助詞,一般,*,*,*,から,カラ,カラ
あなた	名詞,代名詞,一般,*,*,*,あなた,アナタ,アナタ
方	名詞,接尾,一般,*,*,*,方,カタ,カタ
は	助詞,係助詞,*,*,*,*,は,ハ,ワ
それ	名詞,代名詞,一般,*,*,*,それ,ソレ,ソレ
を	助詞,格助詞,一般,*,*,*,を,ヲ,ヲ
取る	動詞,自立,*,*,五段・ラ行,基本形,取る,トル,トル
。	記号,句点,*,*,*,*,。,。,。
あなた	名詞,代名詞,一般,*,*,*,あなた,アナタ,アナタ
は	助詞,係助詞,*,*,*,*,は,ハ,ワ
それ	名詞,代名詞,一般,*,*,*,それ,ソレ,ソレ
を	助詞,格助詞,一般,*,*,*,を,ヲ,ヲ
祭司	名詞,一般,*,*,*,*,祭司,サイシ,サイシ
エレアザル	名詞,一般,*,*,*,*,*
に	助詞,格助詞,一般,*,*,*,に,ニ,ニ
渡し	動詞,自立,*,*,五段・サ行,連用形,渡す,ワタシ,ワタシ
て	助詞,接続助詞,*,*,*,*,て,テ,テ
エホバ	名詞,一般,*,*,*,*,エホバ,エホバ,エホバ
へ	助詞,格助詞,一般,*,*,*,へ,ヘ,エ
の	助詞,連体化,*,*,*,*,の,ノ,ノ
寄進	名詞,サ変接続,*,*,*,*,寄進,キシン,キシン
物	名詞,接尾,一般,*,*,*,物,ブツ,ブツ
と	助詞,格助詞,一般,*,*,*,と,ト,ト
し	動詞,自立,*,*,サ変・スル,未然形,する,シ,シ
なけれ	助動詞,*,*,*,特殊・ナイ,仮定形,ない,ナケレ,ナケレ
ば	助詞,接続助詞,*,*,*,*,ば,バ,バ
なら	動詞,非自立,*,*,五段・ラ行,未然形,なる,ナラ,ナラ
ない	助動詞,*,*,*,特殊・ナイ,基本形,ない,ナイ,ナイ
。	記号,句点,*,*,*,*,。,。,。
そして	接続詞,*,*,*,*,*,そして,ソシテ,ソシテ
，	記号,読点,*,*,*,*,，,，,，
イスラエル	名詞,固有名詞,地域,国,*,*,イスラエル,イスラエル,イスラエル
の	助詞,連体化,*,*,*,*,の,ノ,ノ
子	名詞,一般,*,*,*,*,子,コ,コ
ら	名詞,接尾,一般,*,*,*,ら,ラ,ラ
が	助詞,格助詞,一般,*,*,*,が,ガ,ガ
[	名詞,サ変接続,*,*,*,*,*
受け取っ	動詞,自立,*,*,五段・ラ行,連用タ接続,受け取る,ウケトッ,ウケトッ
た	助動詞,*,*,*,特殊・タ,基本形,た,タ,タ
]	名詞,サ変接続,*,*,*,*,*
半分	名詞,副詞可能,*,*,*,*,半分,ハンブン,ハンブン
から	助詞,格助詞,一般,*,*,*,から,カラ,カラ
は	助詞,係助詞,*,*,*,*,は,ハ,ワ
，	記号,読点,*,*,*,*,，,，,，
人	名詞,一般,*,*,*,*,人,ヒト,ヒト
･	名詞,サ変接続,*,*,*,*,*
牛	名詞,一般,*,*,*,*,牛,ウシ,ウシ
･	名詞,サ変接続,*,*,*,*,*
ろば	名詞,一般,*,*,*,*,ろば,ロバ,ロバ
･	名詞,サ変接続,*,*,*,*,*
羊	名詞,一般,*,*,*,*,羊,ヒツジ,ヒツジ
･	名詞,サ変接続,*,*,*,*,*
あらゆる	連体詞,*,*,*,*,*,あらゆる,アラユル,アラユル
家畜	名詞,一般,*,*,*,*,家畜,カチク,カチク
について	助詞,格助詞,連語,*,*,*,について,ニツイテ,ニツイテ
，	記号,読点,*,*,*,*,，,，,，
五	名詞,数,*,*,*,*,五,ゴ,ゴ
十	名詞,数,*,*,*,*,十,ジュウ,ジュー
ごと	名詞,接尾,一般,*,*,*,ごと,ゴト,ゴト
に	助詞,格助詞,一般,*,*,*,に,ニ,ニ
一つ	名詞,一般,*,*,*,*,一つ,ヒトツ,ヒトツ
を	助詞,格助詞,一般,*,*,*,を,ヲ,ヲ
取る	動詞,自立,*,*,五段・ラ行,基本形,取る,トル,トル
べき	助動詞,*,*,*,文語・ベシ,体言接続,べし,ベキ,ベキ
で	助動詞,*,*,*,特殊・ダ,連用形,だ,デ,デ
ある	助動詞,*,*,*,五段・ラ行アル,基本形,ある,アル,アル
。	記号,句点,*,*,*,*,。,。,。
それ	名詞,代名詞,一般,*,*,*,それ,ソレ,ソレ
を	助詞,格助詞,一般,*,*,*,を,ヲ,ヲ
レビ	名詞,固有名詞,人名,姓,*,*,レビ,レビ,レビ
人	名詞,接尾,一般,*,*,*,人,ジン,ジン
に	助詞,格助詞,一般,*,*,*,に,ニ,ニ
，	記号,読点,*,*,*,*,，,，,，
すなわち	接続詞,*,*,*,*,*,すなわち,スナワチ,スナワチ
エホバ	名詞,一般,*,*,*,*,エホバ,エホバ,エホバ
の	助詞,連体化,*,*,*,*,の,ノ,ノ
幕屋	名詞,一般,*,*,*,*,幕屋,マクヤ,マクヤ
の	助詞,連体化,*,*,*,*,の,ノ,ノ
務め	名詞,一般,*,*,*,*,務め,ツトメ,ツトメ
を	助詞,格助詞,一般,*,*,*,を,ヲ,ヲ
守る	動詞,自立,*,*,五段・ラ行,基本形,守る,マモル,マモル
者	名詞,一般,*,*,*,*,者,モノ,モノ
たち	名詞,接尾,一般,*,*,*,たち,タチ,タチ
に	助詞,格助詞,一般,*,*,*,に,ニ,ニ
与える	動詞,自立,*,*,一段,基本形,与える,アタエル,アタエル
よう	名詞,非自立,助動詞語幹,*,*,*,よう,ヨウ,ヨー
に	助詞,副詞化,*,*,*,*,に,ニ,ニ
」	記号,括弧閉,*,*,*,*,」,」,」
。	記号,句点,*,*,*,*,。,。,。
それで	接続詞,*,*,*,*,*,それで,ソレデ,ソレデ
モー	名詞,固有名詞,人名,姓,*,*,モー,モー,モー
セ	名詞,一般,*,*,*,*,セ,セ,セ
と	助詞,並立助詞,*,*,*,*,と,ト,ト
祭司	名詞,一般,*,*,*,*,祭司,サイシ,サイシ
エレアザル	名詞,一般,*,*,*,*,*
は	助詞,係助詞,*,*,*,*,は,ハ,ワ
，	記号,読点,*,*,*,*,，,，,，
エホバ	名詞,一般,*,*,*,*,エホバ,エホバ,エホバ
が	助詞,格助詞,一般,*,*,*,が,ガ,ガ
モー	名詞,固有名詞,人名,姓,*,*,モー,モー,モー
セ	名詞,一般,*,*,*,*,セ,セ,セ
に	助詞,格助詞,一般,*,*,*,に,ニ,ニ
命じ	動詞,自立,*,*,一段,連用形,命じる,メイジ,メイジ
た	助動詞,*,*,*,特殊・タ,基本形,た,タ,タ
とおり	名詞,非自立,副詞可能,*,*,*,とおり,トオリ,トーリ
に	助詞,格助詞,一般,*,*,*,に,ニ,ニ
し	動詞,自立,*,*,サ変・スル,連用形,する,シ,シ
て	助詞,接続助詞,*,*,*,*,て,テ,テ
いっ	動詞,非自立,*,*,五段・カ行促音便,連用タ接続,いく,イッ,イッ
た	助動詞,*,*,*,特殊・タ,基本形,た,タ,タ
。	記号,句点,*,*,*,*,。,。,。
そして	接続詞,*,*,*,*,*,そして,ソシテ,ソシテ
，	記号,読点,*,*,*,*,，,，,，
戦利	名詞,一般,*,*,*,*,戦利,センリ,センリ
の	助詞,連体化,*,*,*,*,の,ノ,ノ
もの	名詞,非自立,一般,*,*,*,もの,モノ,モノ
，	記号,読点,*,*,*,*,，,，,，
すなわち	接続詞,*,*,*,*,*,すなわち,スナワチ,スナワチ
遠征	名詞,サ変接続,*,*,*,*,遠征,エンセイ,エンセイ
に	助詞,格助詞,一般,*,*,*,に,ニ,ニ
行っ	動詞,自立,*,*,五段・カ行促音便,連用タ接続,行く,イッ,イッ
た	助動詞,*,*,*,特殊・タ,基本形,た,タ,タ
民	名詞,一般,*,*,*,*,民,ミン,ミン
が	助詞,格助詞,一般,*,*,*,が,ガ,ガ
強奪	名詞,サ変接続,*,*,*,*,強奪,ゴウダツ,ゴーダツ
物	名詞,接尾,一般,*,*,*,物,ブツ,ブツ
として	助詞,格助詞,連語,*,*,*,として,トシテ,トシテ
取っ	動詞,自立,*,*,五段・ラ行,連用タ接続,取る,トッ,トッ
た	助動詞,*,*,*,特殊・タ,基本形,た,タ,タ
その	連体詞,*,*,*,*,*,その,ソノ,ソノ
強奪	名詞,サ変接続,*,*,*,*,強奪,ゴウダツ,ゴーダツ
物	名詞,接尾,一般,*,*,*,物,ブツ,ブツ
の	助詞,格助詞,一般,*,*,*,の,ノ,ノ
残っ	動詞,自立,*,*,五段・ラ行,連用タ接続,残る,ノコッ,ノコッ
て	助詞,接続助詞,*,*,*,*,て,テ,テ
い	動詞,非自立,*,*,一段,連用形,いる,イ,イ
た	助動詞,*,*,*,特殊・タ,基本形,た,タ,タ
もの	名詞,非自立,一般,*,*,*,もの,モノ,モノ
は	助詞,係助詞,*,*,*,*,は,ハ,ワ
，	記号,読点,*,*,*,*,，,，,，
羊	名詞,一般,*,*,*,*,羊,ヒツジ,ヒツジ
六	名詞,数,*,*,*,*,六,ロク,ロク
十	名詞,数,*,*,*,*,十,ジュウ,ジュー
七	名詞,数,*,*,*,*,七,ナナ,ナナ
万	名詞,数,*,*,*,*,万,マン,マン
五	名詞,数,*,*,*,*,五,ゴ,ゴ
千	名詞,数,*,*,*,*,千,セン,セン
頭	名詞,接尾,助数詞,*,*,*,頭,トウ,トー
，	記号,読点,*,*,*,*,，,，,，
牛	名詞,一般,*,*,*,*,牛,ウシ,ウシ
七	名詞,数,*,*,*,*,七,ナナ,ナナ
万	名詞,数,*,*,*,*,万,マン,マン
二	名詞,数,*,*,*,*,二,ニ,ニ
千	名詞,数,*,*,*,*,千,セン,セン
頭	名詞,接尾,助数詞,*,*,*,頭,トウ,トー
，	記号,読点,*,*,*,*,，,，,，
ろば	名詞,一般,*,*,*,*,ろば,ロバ,ロバ
六	名詞,数,*,*,*,*,六,ロク,ロク
万	名詞,数,*,*,*,*,万,マン,マン
一	名詞,数,*,*,*,*,一,イチ,イチ
千	名詞,数,*,*,*,*,千,セン,セン
頭	名詞,接尾,助数詞,*,*,*,頭,トウ,トー
と	助詞,格助詞,一般,*,*,*,と,ト,ト
なっ	動詞,自立,*,*,五段・ラ行,連用タ接続,なる,ナッ,ナッ
た	助動詞,*,*,*,特殊・タ,基本形,た,タ,タ
。	記号,句点,*,*,*,*,。,。,。
男子	名詞,一般,*,*,*,*,男子,ダンシ,ダンシ
と	助詞,格助詞,引用,*,*,*,と,ト,ト
寝る	動詞,自立,*,*,一段,基本形,寝る,ネル,ネル
こと	名詞,非自立,一般,*,*,*,こと,コト,コト
を	助詞,格助詞,一般,*,*,*,を,ヲ,ヲ
まだ	副詞,助詞類接続,*,*,*,*,まだ,マダ,マダ
知ら	動詞,自立,*,*,五段・ラ行,未然形,知る,シラ,シラ
ない	助動詞,*,*,*,特殊・ナイ,基本形,ない,ナイ,ナイ
女	名詞,一般,*,*,*,*,女,オンナ,オンナ
たち	名詞,接尾,一般,*,*,*,たち,タチ,タチ
の	助詞,連体化,*,*,*,*,の,ノ,ノ
中	名詞,非自立,副詞可能,*,*,*,中,ナカ,ナカ
から	助詞,格助詞,一般,*,*,*,から,カラ,カラ
の	助詞,連体化,*,*,*,*,の,ノ,ノ
人	名詞,一般,*,*,*,*,人,ヒト,ヒト
の	助詞,連体化,*,*,*,*,の,ノ,ノ
魂	名詞,一般,*,*,*,*,魂,タマシイ,タマシー
，	記号,読点,*,*,*,*,，,，,，
その	連体詞,*,*,*,*,*,その,ソノ,ソノ
魂	名詞,一般,*,*,*,*,魂,タマシイ,タマシー
は	助詞,係助詞,*,*,*,*,は,ハ,ワ
全部	名詞,副詞可能,*,*,*,*,全部,ゼンブ,ゼンブ
で	助詞,格助詞,一般,*,*,*,で,デ,デ
三	名詞,数,*,*,*,*,三,サン,サン
万	名詞,数,*,*,*,*,万,マン,マン
二	名詞,数,*,*,*,*,二,ニ,ニ
千	名詞,数,*,*,*,*,千,セン,セン
人	名詞,接尾,助数詞,*,*,*,人,ニン,ニン
で	助動詞,*,*,*,特殊・ダ,連用形,だ,デ,デ
あっ	助動詞,*,*,*,五段・ラ行アル,連用タ接続,ある,アッ,アッ
た	助動詞,*,*,*,特殊・タ,基本形,た,タ,タ
。	記号,句点,*,*,*,*,。,。,。
それで	接続詞,*,*,*,*,*,それで,ソレデ,ソレデ
，	記号,読点,*,*,*,*,，,，,，
遠征	名詞,サ変接続,*,*,*,*,遠征,エンセイ,エンセイ
に	助詞,格助詞,一般,*,*,*,に,ニ,ニ
出かけ	動詞,自立,*,*,一段,連用形,出かける,デカケ,デカケ
た	助動詞,*,*,*,特殊・タ,基本形,た,タ,タ
者	名詞,一般,*,*,*,*,者,モノ,モノ
たち	名詞,接尾,一般,*,*,*,たち,タチ,タチ
の	助詞,連体化,*,*,*,*,の,ノ,ノ
受け	名詞,一般,*,*,*,*,受け,ウケ,ウケ
分	名詞,接尾,一般,*,*,*,分,ブン,ブン
で	助動詞,*,*,*,特殊・ダ,連用形,だ,デ,デ
ある	助動詞,*,*,*,五段・ラ行アル,基本形,ある,アル,アル
その	連体詞,*,*,*,*,*,その,ソノ,ソノ
半分	名詞,副詞可能,*,*,*,*,半分,ハンブン,ハンブン
は	助詞,係助詞,*,*,*,*,は,ハ,ワ
，	記号,読点,*,*,*,*,，,，,，
数	名詞,一般,*,*,*,*,数,カズ,カズ
で	助詞,格助詞,一般,*,*,*,で,デ,デ
言う	動詞,自立,*,*,五段・ワ行促音便,基本形,言う,イウ,イウ
と	助詞,接続助詞,*,*,*,*,と,ト,ト
，	記号,読点,*,*,*,*,，,，,，
羊	名詞,一般,*,*,*,*,羊,ヒツジ,ヒツジ
三	名詞,数,*,*,*,*,三,サン,サン
十	名詞,数,*,*,*,*,十,ジュウ,ジュー
三	名詞,数,*,*,*,*,三,サン,サン
万	名詞,数,*,*,*,*,万,マン,マン
七	名詞,数,*,*,*,*,七,ナナ,ナナ
千	名詞,数,*,*,*,*,千,セン,セン
五	名詞,数,*,*,*,*,五,ゴ,ゴ
百	名詞,数,*,*,*,*,百,ヒャク,ヒャク
頭	名詞,接尾,助数詞,*,*,*,頭,トウ,トー
と	助詞,格助詞,一般,*,*,*,と,ト,ト
なっ	動詞,自立,*,*,五段・ラ行,連用タ接続,なる,ナッ,ナッ
た	助動詞,*,*,*,特殊・タ,基本形,た,タ,タ
。	記号,句点,*,*,*,*,。,。,。
そして	接続詞,*,*,*,*,*,そして,ソシテ,ソシテ
，	記号,読点,*,*,*,*,，,，,，
その	連体詞,*,*,*,*,*,その,ソノ,ソノ
羊	名詞,一般,*,*,*,*,羊,ヒツジ,ヒツジ
の	助詞,連体化,*,*,*,*,の,ノ,ノ
群れ	名詞,一般,*,*,*,*,群れ,ムレ,ムレ
から	助詞,格助詞,一般,*,*,*,から,カラ,カラ
の	助詞,連体化,*,*,*,*,の,ノ,ノ
エホバ	名詞,一般,*,*,*,*,エホバ,エホバ,エホバ
の	助詞,連体化,*,*,*,*,の,ノ,ノ
ため	名詞,非自立,副詞可能,*,*,*,ため,タメ,タメ
の	助詞,連体化,*,*,*,*,の,ノ,ノ
税	名詞,一般,*,*,*,*,税,ゼイ,ゼイ
は	助詞,係助詞,*,*,*,*,は,ハ,ワ
六	名詞,数,*,*,*,*,六,ロク,ロク
百	名詞,数,*,*,*,*,百,ヒャク,ヒャク
七	名詞,数,*,*,*,*,七,ナナ,ナナ
十	名詞,数,*,*,*,*,十,ジュウ,ジュー
五	名詞,数,*,*,*,*,五,ゴ,ゴ
頭	名詞,接尾,助数詞,*,*,*,頭,トウ,トー
と	助詞,格助詞,一般,*,*,*,と,ト,ト
なっ	動詞,自立,*,*,五段・ラ行,連用タ接続,なる,ナッ,ナッ
た	助動詞,*,*,*,特殊・タ,基本形,た,タ,タ
。	記号,句点,*,*,*,*,。,。,。
また	接続詞,*,*,*,*,*,また,マタ,マタ
，	記号,読点,*,*,*,*,，,，,，
牛	名詞,一般,*,*,*,*,牛,ウシ,ウシ
は	助詞,係助詞,*,*,*,*,は,ハ,ワ
三	名詞,数,*,*,*,*,三,サン,サン
万	名詞,数,*,*,*,*,万,マン,マン
六	名詞,数,*,*,*,*,六,ロク,ロク
千	名詞,数,*,*,*,*,千,セン,セン
頭	名詞,接尾,助数詞,*,*,*,頭,トウ,トー
で	助動詞,*,*,*,特殊・ダ,連用形,だ,デ,デ
，	記号,読点,*,*,*,*,，,，,，
それ	名詞,代名詞,一般,*,*,*,それ,ソレ,ソレ
に対する	助詞,格助詞,連語,*,*,*,に対する,ニタイスル,ニタイスル
エホバ	名詞,一般,*,*,*,*,エホバ,エホバ,エホバ
の	助詞,連体化,*,*,*,*,の,ノ,ノ
ため	名詞,非自立,副詞可能,*,*,*,ため,タメ,タメ
の	助詞,連体化,*,*,*,*,の,ノ,ノ
税	名詞,一般,*,*,*,*,税,ゼイ,ゼイ
は	助詞,係助詞,*,*,*,*,は,ハ,ワ
七	名詞,数,*,*,*,*,七,ナナ,ナナ
十	名詞,数,*,*,*,*,十,ジュウ,ジュー
二	名詞,数,*,*,*,*,二,ニ,ニ
頭	名詞,接尾,助数詞,*,*,*,頭,トウ,トー
で	助動詞,*,*,*,特殊・ダ,連用形,だ,デ,デ
あっ	助動詞,*,*,*,五段・ラ行アル,連用タ接続,ある,アッ,アッ
た	助動詞,*,*,*,特殊・タ,基本形,た,タ,タ
。	記号,句点,*,*,*,*,。,。,。
また	接続詞,*,*,*,*,*,また,マタ,マタ
，	記号,読点,*,*,*,*,，,，,，
ろば	名詞,一般,*,*,*,*,ろば,ロバ,ロバ
は	助詞,係助詞,*,*,*,*,は,ハ,ワ
三	名詞,数,*,*,*,*,三,サン,サン
万	名詞,数,*,*,*,*,万,マン,マン
五	名詞,数,*,*,*,*,五,ゴ,ゴ
百	名詞,数,*,*,*,*,百,ヒャク,ヒャク
頭	名詞,接尾,助数詞,*,*,*,頭,トウ,トー
で	助動詞,*,*,*,特殊・ダ,連用形,だ,デ,デ
，	記号,読点,*,*,*,*,，,，,，
それ	名詞,代名詞,一般,*,*,*,それ,ソレ,ソレ
に対する	助詞,格助詞,連語,*,*,*,に対する,ニタイスル,ニタイスル
エホバ	名詞,一般,*,*,*,*,エホバ,エホバ,エホバ
の	助詞,連体化,*,*,*,*,の,ノ,ノ
ため	名詞,非自立,副詞可能,*,*,*,ため,タメ,タメ
の	助詞,連体化,*,*,*,*,の,ノ,ノ
税	名詞,一般,*,*,*,*,税,ゼイ,ゼイ
は	助詞,係助詞,*,*,*,*,は,ハ,ワ
六	名詞,数,*,*,*,*,六,ロク,ロク
十	名詞,数,*,*,*,*,十,ジュウ,ジュー
一	名詞,数,*,*,*,*,一,イチ,イチ
頭	名詞,接尾,助数詞,*,*,*,頭,トウ,トー
で	助動詞,*,*,*,特殊・ダ,連用形,だ,デ,デ
あっ	助動詞,*,*,*,五段・ラ行アル,連用タ接続,ある,アッ,アッ
た	助動詞,*,*,*,特殊・タ,基本形,た,タ,タ
。	記号,句点,*,*,*,*,。,。,。
さらに	副詞,助詞類接続,*,*,*,*,さらに,サラニ,サラニ
，	名詞,数,*,*,*,*,，,，,，
人	名詞,接尾,助数詞,*,*,*,人,ニン,ニン
なる	助動詞,*,*,*,文語・ナリ,体言接続,なり,ナル,ナル
魂	名詞,一般,*,*,*,*,魂,タマシイ,タマシー
は	助詞,係助詞,*,*,*,*,は,ハ,ワ
一	名詞,数,*,*,*,*,一,イチ,イチ
万	名詞,数,*,*,*,*,万,マン,マン
六	名詞,数,*,*,*,*,六,ロク,ロク
千	名詞,数,*,*,*,*,千,セン,セン
人	名詞,接尾,助数詞,*,*,*,人,ニン,ニン
で	助動詞,*,*,*,特殊・ダ,連用形,だ,デ,デ
，	記号,読点,*,*,*,*,，,，,，
それ	名詞,代名詞,一般,*,*,*,それ,ソレ,ソレ
に対する	助詞,格助詞,連語,*,*,*,に対する,ニタイスル,ニタイスル
エホバ	名詞,一般,*,*,*,*,エホバ,エホバ,エホバ
の	助詞,連体化,*,*,*,*,の,ノ,ノ
ため	名詞,非自立,副詞可能,*,*,*,ため,タメ,タメ
の	助詞,連体化,*,*,*,*,の,ノ,ノ
税	名詞,一般,*,*,*,*,税,ゼイ,ゼイ
は	助詞,係助詞,*,*,*,*,は,ハ,ワ
三	名詞,数,*,*,*,*,三,サン,サン
十	名詞,数,*,*,*,*,十,ジュウ,ジュー
二	名詞,数,*,*,*,*,二,ニ,ニ
の	助詞,連体化,*,*,*,*,の,ノ,ノ
魂	名詞,一般,*,*,*,*,魂,タマシイ,タマシー
で	助動詞,*,*,*,特殊・ダ,連用形,だ,デ,デ
あっ	助動詞,*,*,*,五段・ラ行アル,連用タ接続,ある,アッ,アッ
た	助動詞,*,*,*,特殊・タ,基本形,た,タ,タ
。	記号,句点,*,*,*,*,。,。,。
それで	接続詞,*,*,*,*,*,それで,ソレデ,ソレデ
モー	名詞,固有名詞,人名,姓,*,*,モー,モー,モー
セ	名詞,一般,*,*,*,*,セ,セ,セ
は	助詞,係助詞,*,*,*,*,は,ハ,ワ
，	記号,読点,*,*,*,*,，,，,，
エホバ	名詞,一般,*,*,*,*,エホバ,エホバ,エホバ
へ	助詞,格助詞,一般,*,*,*,へ,ヘ,エ
の	助詞,連体化,*,*,*,*,の,ノ,ノ
寄進	名詞,サ変接続,*,*,*,*,寄進,キシン,キシン
物	名詞,接尾,一般,*,*,*,物,ブツ,ブツ
として	助詞,格助詞,連語,*,*,*,として,トシテ,トシテ
の	助詞,連体化,*,*,*,*,の,ノ,ノ
この	連体詞,*,*,*,*,*,この,コノ,コノ
税	名詞,一般,*,*,*,*,税,ゼイ,ゼイ
を	助詞,格助詞,一般,*,*,*,を,ヲ,ヲ
祭司	名詞,一般,*,*,*,*,祭司,サイシ,サイシ
エレアザル	名詞,一般,*,*,*,*,*
に	助詞,格助詞,一般,*,*,*,に,ニ,ニ
渡し	動詞,自立,*,*,五段・サ行,連用形,渡す,ワタシ,ワタシ
，	記号,読点,*,*,*,*,，,，,，
エホバ	名詞,一般,*,*,*,*,エホバ,エホバ,エホバ
が	助詞,格助詞,一般,*,*,*,が,ガ,ガ
モー	名詞,固有名詞,人名,姓,*,*,モー,モー,モー
セ	名詞,一般,*,*,*,*,セ,セ,セ
に	助詞,格助詞,一般,*,*,*,に,ニ,ニ
命じ	動詞,自立,*,*,一段,連用形,命じる,メイジ,メイジ
た	助動詞,*,*,*,特殊・タ,基本形,た,タ,タ
とおり	名詞,非自立,副詞可能,*,*,*,とおり,トオリ,トーリ
に	助詞,格助詞,一般,*,*,*,に,ニ,ニ
し	動詞,自立,*,*,サ変・スル,連用形,する,シ,シ
た	助動詞,*,*,*,特殊・タ,基本形,た,タ,タ
。	記号,句点,*,*,*,*,。,。,。
また	接続詞,*,*,*,*,*,また,マタ,マタ
，	記号,読点,*,*,*,*,，,，,，
イスラエル	名詞,固有名詞,地域,国,*,*,イスラエル,イスラエル,イスラエル
の	助詞,連体化,*,*,*,*,の,ノ,ノ
子	名詞,一般,*,*,*,*,子,コ,コ
ら	名詞,接尾,一般,*,*,*,ら,ラ,ラ
に	助詞,格助詞,一般,*,*,*,に,ニ,ニ
属する	動詞,自立,*,*,サ変・−スル,基本形,属する,ゾクスル,ゾクスル
半分	名詞,副詞可能,*,*,*,*,半分,ハンブン,ハンブン
，	記号,読点,*,*,*,*,，,，,，
すなわち	接続詞,*,*,*,*,*,すなわち,スナワチ,スナワチ
戦い	名詞,一般,*,*,*,*,戦い,タタカイ,タタカイ
を	助詞,格助詞,一般,*,*,*,を,ヲ,ヲ
行なっ	動詞,自立,*,*,五段・ワ行促音便,連用タ接続,行なう,オコナッ,オコナッ
た	助動詞,*,*,*,特殊・タ,基本形,た,タ,タ
人々	名詞,一般,*,*,*,*,人々,ヒトビト,ヒトビト
に	助詞,格助詞,一般,*,*,*,に,ニ,ニ
属する	動詞,自立,*,*,サ変・−スル,基本形,属する,ゾクスル,ゾクスル
分	名詞,接尾,一般,*,*,*,分,ブン,ブン
から	助詞,格助詞,一般,*,*,*,から,カラ,カラ
モー	名詞,固有名詞,人名,姓,*,*,モー,モー,モー
セ	名詞,一般,*,*,*,*,セ,セ,セ
が	助詞,格助詞,一般,*,*,*,が,ガ,ガ
取り分け	動詞,自立,*,*,一段,連用形,取り分ける,トリワケ,トリワケ
た	助動詞,*,*,*,特殊・タ,基本形,た,タ,タ
もの	名詞,非自立,一般,*,*,*,もの,モノ,モノ
の	助詞,連体化,*,*,*,*,の,ノ,ノ
中	名詞,非自立,副詞可能,*,*,*,中,ナカ,ナカ
から	助詞,格助詞,一般,*,*,*,から,カラ,カラ
[	名詞,サ変接続,*,*,*,*,*
の	助詞,連体化,*,*,*,*,の,ノ,ノ
分	接頭詞,名詞接続,*,*,*,*,分,ブン,ブン
]	名詞,サ変接続,*,*,*,*,*
は	助詞,係助詞,*,*,*,*,は,ハ,ワ
こう	副詞,助詞類接続,*,*,*,*,こう,コウ,コー
で	助動詞,*,*,*,特殊・ダ,連用形,だ,デ,デ
あっ	助動詞,*,*,*,五段・ラ行アル,連用タ接続,ある,アッ,アッ
た	助動詞,*,*,*,特殊・タ,基本形,た,タ,タ
。	記号,句点,*,*,*,*,。,。,。
つまり	接続詞,*,*,*,*,*,つまり,ツマリ,ツマリ
，	記号,読点,*,*,*,*,，,，,，
羊	名詞,一般,*,*,*,*,羊,ヒツジ,ヒツジ
の	助詞,連体化,*,*,*,*,の,ノ,ノ
群れ	名詞,一般,*,*,*,*,群れ,ムレ,ムレ
から	助詞,格助詞,一般,*,*,*,から,カラ,カラ
集会	名詞,サ変接続,*,*,*,*,集会,シュウカイ,シューカイ
の	助詞,連体化,*,*,*,*,の,ノ,ノ
者	名詞,一般,*,*,*,*,者,モノ,モノ
たち	名詞,接尾,一般,*,*,*,たち,タチ,タチ
が	助詞,格助詞,一般,*,*,*,が,ガ,ガ
[	名詞,サ変接続,*,*,*,*,*
受け取っ	動詞,自立,*,*,五段・ラ行,連用タ接続,受け取る,ウケトッ,ウケトッ
た	助動詞,*,*,*,特殊・タ,基本形,た,タ,タ
]	名詞,サ変接続,*,*,*,*,*
その	連体詞,*,*,*,*,*,その,ソノ,ソノ
半分	名詞,副詞可能,*,*,*,*,半分,ハンブン,ハンブン
は	助詞,係助詞,*,*,*,*,は,ハ,ワ
三	名詞,数,*,*,*,*,三,サン,サン
十	名詞,数,*,*,*,*,十,ジュウ,ジュー
三	名詞,数,*,*,*,*,三,サン,サン
万	名詞,数,*,*,*,*,万,マン,マン
七	名詞,数,*,*,*,*,七,ナナ,ナナ
千	名詞,数,*,*,*,*,千,セン,セン
五	名詞,数,*,*,*,*,五,ゴ,ゴ
百	名詞,数,*,*,*,*,百,ヒャク,ヒャク
頭	名詞,接尾,助数詞,*,*,*,頭,トウ,トー
，	記号,読点,*,*,*,*,，,，,，
牛	名詞,一般,*,*,*,*,牛,ウシ,ウシ
の	助詞,連体化,*,*,*,*,の,ノ,ノ
群れ	名詞,一般,*,*,*,*,群れ,ムレ,ムレ
から	助詞,格助詞,一般,*,*,*,から,カラ,カラ
は	助詞,係助詞,*,*,*,*,は,ハ,ワ
三	名詞,数,*,*,*,*,三,サン,サン
万	名詞,数,*,*,*,*,万,マン,マン
六	名詞,数,*,*,*,*,六,ロク,ロク
千	名詞,数,*,*,*,*,千,セン,セン
頭	名詞,接尾,助数詞,*,*,*,頭,トウ,トー
，	記号,読点,*,*,*,*,，,，,，
ろば	名詞,一般,*,*,*,*,ろば,ロバ,ロバ
は	助詞,係助詞,*,*,*,*,は,ハ,ワ
三	名詞,数,*,*,*,*,三,サン,サン
万	名詞,数,*,*,*,*,万,マン,マン
五	名詞,数,*,*,*,*,五,ゴ,ゴ
百	名詞,数,*,*,*,*,百,ヒャク,ヒャク
頭	名詞,接尾,助数詞,*,*,*,頭,トウ,トー
，	名詞,数,*,*,*,*,，,，,，
人	名詞,接尾,助数詞,*,*,*,人,ニン,ニン
なる	助動詞,*,*,*,文語・ナリ,体言接続,なり,ナル,ナル
魂	名詞,一般,*,*,*,*,魂,タマシイ,タマシー
は	助詞,係助詞,*,*,*,*,は,ハ,ワ
一	名詞,数,*,*,*,*,一,イチ,イチ
万	名詞,数,*,*,*,*,万,マン,マン
六	名詞,数,*,*,*,*,六,ロク,ロク
千	名詞,数,*,*,*,*,千,セン,セン
人	名詞,接尾,助数詞,*,*,*,人,ニン,ニン
と	助詞,格助詞,一般,*,*,*,と,ト,ト
なっ	動詞,自立,*,*,五段・ラ行,連用タ接続,なる,ナッ,ナッ
た	助動詞,*,*,*,特殊・タ,基本形,た,タ,タ
。	記号,句点,*,*,*,*,。,。,。
それで	接続詞,*,*,*,*,*,それで,ソレデ,ソレデ
モー	名詞,固有名詞,人名,姓,*,*,モー,モー,モー
セ	名詞,一般,*,*,*,*,セ,セ,セ
は	助詞,係助詞,*,*,*,*,は,ハ,ワ
，	記号,読点,*,*,*,*,，,，,，
イスラエル	名詞,固有名詞,地域,国,*,*,イスラエル,イスラエル,イスラエル
の	助詞,連体化,*,*,*,*,の,ノ,ノ
子	名詞,一般,*,*,*,*,子,コ,コ
ら	名詞,接尾,一般,*,*,*,ら,ラ,ラ
に	助詞,格助詞,一般,*,*,*,に,ニ,ニ
属する	動詞,自立,*,*,サ変・−スル,基本形,属する,ゾクスル,ゾクスル
その	連体詞,*,*,*,*,*,その,ソノ,ソノ
半分	名詞,副詞可能,*,*,*,*,半分,ハンブン,ハンブン
の	助詞,連体化,*,*,*,*,の,ノ,ノ
中	名詞,非自立,副詞可能,*,*,*,中,ナカ,ナカ
から	助詞,格助詞,一般,*,*,*,から,カラ,カラ
，	名詞,数,*,*,*,*,，,，,，
人	名詞,接尾,助数詞,*,*,*,人,ニン,ニン
と	助詞,並立助詞,*,*,*,*,と,ト,ト
家畜	名詞,一般,*,*,*,*,家畜,カチク,カチク
について	助詞,格助詞,連語,*,*,*,について,ニツイテ,ニツイテ
五	名詞,数,*,*,*,*,五,ゴ,ゴ
十	名詞,数,*,*,*,*,十,ジュウ,ジュー
ごと	名詞,接尾,一般,*,*,*,ごと,ゴト,ゴト
に	助詞,格助詞,一般,*,*,*,に,ニ,ニ
取る	動詞,自立,*,*,五段・ラ行,基本形,取る,トル,トル
その	連体詞,*,*,*,*,*,その,ソノ,ソノ
一つ	名詞,一般,*,*,*,*,一つ,ヒトツ,ヒトツ
を	助詞,格助詞,一般,*,*,*,を,ヲ,ヲ
取り	動詞,自立,*,*,五段・ラ行,連用形,取る,トリ,トリ
，	記号,読点,*,*,*,*,，,，,，
エホバ	名詞,一般,*,*,*,*,エホバ,エホバ,エホバ
の	助詞,連体化,*,*,*,*,の,ノ,ノ
幕屋	名詞,一般,*,*,*,*,幕屋,マクヤ,マクヤ
の	助詞,連体化,*,*,*,*,の,ノ,ノ
務め	名詞,一般,*,*,*,*,務め,ツトメ,ツトメ
を	助詞,格助詞,一般,*,*,*,を,ヲ,ヲ
守る	動詞,自立,*,*,五段・ラ行,基本形,守る,マモル,マモル
者	名詞,非自立,一般,*,*,*,者,モノ,モノ
で	助動詞,*,*,*,特殊・ダ,連用形,だ,デ,デ
ある	助動詞,*,*,*,五段・ラ行アル,基本形,ある,アル,アル
レビ	名詞,固有名詞,人名,姓,*,*,レビ,レビ,レビ
人	名詞,接尾,一般,*,*,*,人,ジン,ジン
たち	名詞,接尾,一般,*,*,*,たち,タチ,タチ
に	助詞,格助詞,一般,*,*,*,に,ニ,ニ
それ	名詞,代名詞,一般,*,*,*,それ,ソレ,ソレ
を	助詞,格助詞,一般,*,*,*,を,ヲ,ヲ
与え	動詞,自立,*,*,一段,連用形,与える,アタエ,アタエ
て	助詞,接続助詞,*,*,*,*,て,テ,テ
，	記号,読点,*,*,*,*,，,，,，
エホバ	名詞,一般,*,*,*,*,エホバ,エホバ,エホバ
が	助詞,格助詞,一般,*,*,*,が,ガ,ガ
モー	名詞,固有名詞,人名,姓,*,*,モー,モー,モー
セ	名詞,一般,*,*,*,*,セ,セ,セ
に	助詞,格助詞,一般,*,*,*,に,ニ,ニ
命じ	動詞,自立,*,*,一段,連用形,命じる,メイジ,メイジ
た	助動詞,*,*,*,特殊・タ,基本形,た,タ,タ
とおり	名詞,非自立,副詞可能,*,*,*,とおり,トオリ,トーリ
に	助詞,格助詞,一般,*,*,*,に,ニ,ニ
し	動詞,自立,*,*,サ変・スル,連用形,する,シ,シ
た	助動詞,*,*,*,特殊・タ,基本形,た,タ,タ
。	記号,句点,*,*,*,*,。,。,。
する	動詞,自立,*,*,サ変・スル,基本形,する,スル,スル
と	助詞,接続助詞,*,*,*,*,と,ト,ト
，	記号,読点,*,*,*,*,，,，,，
軍	名詞,一般,*,*,*,*,軍,グン,グン
の	助詞,連体化,*,*,*,*,の,ノ,ノ
千	名詞,数,*,*,*,*,千,セン,セン
人	名詞,接尾,助数詞,*,*,*,人,ニン,ニン
隊	名詞,接尾,一般,*,*,*,隊,タイ,タイ
に	助詞,格助詞,一般,*,*,*,に,ニ,ニ
所属	名詞,サ変接続,*,*,*,*,所属,ショゾク,ショゾク
する	動詞,自立,*,*,サ変・スル,基本形,する,スル,スル
任命	名詞,サ変接続,*,*,*,*,任命,ニンメイ,ニンメイ
さ	動詞,自立,*,*,サ変・スル,未然レル接続,する,サ,サ
れ	動詞,接尾,*,*,一段,連用形,れる,レ,レ
た	助動詞,*,*,*,特殊・タ,基本形,た,タ,タ
人々	名詞,一般,*,*,*,*,人々,ヒトビト,ヒトビト
，	記号,読点,*,*,*,*,，,，,，
すなわち	接続詞,*,*,*,*,*,すなわち,スナワチ,スナワチ
千	名詞,数,*,*,*,*,千,セン,セン
人	名詞,接尾,助数詞,*,*,*,人,ニン,ニン
の	助詞,連体化,*,*,*,*,の,ノ,ノ
長	名詞,一般,*,*,*,*,長,チョウ,チョー
と	助詞,並立助詞,*,*,*,*,と,ト,ト
百	名詞,数,*,*,*,*,百,ヒャク,ヒャク
人	名詞,接尾,助数詞,*,*,*,人,ニン,ニン
の	助詞,連体化,*,*,*,*,の,ノ,ノ
長	名詞,一般,*,*,*,*,長,チョウ,チョー
たち	名詞,接尾,一般,*,*,*,たち,タチ,タチ
が	助詞,格助詞,一般,*,*,*,が,ガ,ガ
モー	名詞,固有名詞,人名,姓,*,*,モー,モー,モー
セ	名詞,一般,*,*,*,*,セ,セ,セ
に	助詞,格助詞,一般,*,*,*,に,ニ,ニ
近づい	動詞,自立,*,*,五段・カ行イ音便,連用タ接続,近づく,チカヅイ,チカズイ
て	助詞,接続助詞,*,*,*,*,て,テ,テ
来	動詞,非自立,*,*,カ変・来ル,連用形,来る,キ,キ
て	助詞,接続助詞,*,*,*,*,て,テ,テ
，	記号,読点,*,*,*,*,，,，,，
モー	名詞,固有名詞,人名,姓,*,*,モー,モー,モー
セ	名詞,一般,*,*,*,*,セ,セ,セ
に	助詞,格助詞,一般,*,*,*,に,ニ,ニ
こう	副詞,助詞類接続,*,*,*,*,こう,コウ,コー
言っ	動詞,自立,*,*,五段・ワ行促音便,連用タ接続,言う,イッ,イッ
た	助動詞,*,*,*,特殊・タ,基本形,た,タ,タ
。	記号,句点,*,*,*,*,。,。,。
「	記号,括弧開,*,*,*,*,「,「,「
僕	名詞,代名詞,一般,*,*,*,僕,ボク,ボク
たち	名詞,接尾,一般,*,*,*,たち,タチ,タチ
は	助詞,係助詞,*,*,*,*,は,ハ,ワ
，	記号,読点,*,*,*,*,，,，,，
自分	名詞,一般,*,*,*,*,自分,ジブン,ジブン
たち	名詞,接尾,一般,*,*,*,たち,タチ,タチ
に	助詞,格助詞,一般,*,*,*,に,ニ,ニ
ゆだね	動詞,自立,*,*,一段,未然形,ゆだねる,ユダネ,ユダネ
られ	動詞,接尾,*,*,一段,連用形,られる,ラレ,ラレ
て	助詞,接続助詞,*,*,*,*,て,テ,テ
いる	動詞,非自立,*,*,一段,基本形,いる,イル,イル
戦	名詞,一般,*,*,*,*,戦,セン,セン
人	名詞,接尾,一般,*,*,*,人,ジン,ジン
の	助詞,連体化,*,*,*,*,の,ノ,ノ
総数	名詞,一般,*,*,*,*,総数,ソウスウ,ソースー
を	助詞,格助詞,一般,*,*,*,を,ヲ,ヲ
調べ	動詞,自立,*,*,一段,連用形,調べる,シラベ,シラベ
て	助詞,接続助詞,*,*,*,*,て,テ,テ
み	動詞,非自立,*,*,一段,連用形,みる,ミ,ミ
まし	助動詞,*,*,*,特殊・マス,連用形,ます,マシ,マシ
た	助動詞,*,*,*,特殊・タ,基本形,た,タ,タ
が	助詞,接続助詞,*,*,*,*,が,ガ,ガ
，	記号,読点,*,*,*,*,，,，,，
失わ	動詞,自立,*,*,五段・ワ行促音便,未然形,失う,ウシナワ,ウシナワ
れ	動詞,接尾,*,*,一段,連用形,れる,レ,レ
た	助動詞,*,*,*,特殊・タ,基本形,た,タ,タ
者	名詞,非自立,一般,*,*,*,者,モノ,モノ
は	助詞,係助詞,*,*,*,*,は,ハ,ワ
一	名詞,数,*,*,*,*,一,イチ,イチ
人	名詞,接尾,助数詞,*,*,*,人,ニン,ニン
も	助詞,係助詞,*,*,*,*,も,モ,モ
報告	名詞,サ変接続,*,*,*,*,報告,ホウコク,ホーコク
さ	動詞,自立,*,*,サ変・スル,未然レル接続,する,サ,サ
れ	動詞,接尾,*,*,一段,連用形,れる,レ,レ
て	助詞,接続助詞,*,*,*,*,て,テ,テ
おり	動詞,非自立,*,*,五段・ラ行,連用形,おる,オリ,オリ
ませ	助動詞,*,*,*,特殊・マス,未然形,ます,マセ,マセ
ん	助動詞,*,*,*,不変化型,基本形,ん,ン,ン
。	記号,句点,*,*,*,*,。,。,。
です	助動詞,*,*,*,特殊・デス,基本形,です,デス,デス
から	助詞,接続助詞,*,*,*,*,から,カラ,カラ
，	記号,読点,*,*,*,*,，,，,，
わたし	名詞,代名詞,一般,*,*,*,わたし,ワタシ,ワタシ
たち	名詞,接尾,一般,*,*,*,たち,タチ,タチ
ひとりひとり	名詞,副詞可能,*,*,*,*,ひとりひとり,ヒトリヒトリ,ヒトリヒトリ
に	助詞,格助詞,一般,*,*,*,に,ニ,ニ
，	記号,読点,*,*,*,*,，,，,，
自分	名詞,一般,*,*,*,*,自分,ジブン,ジブン
の	助詞,連体化,*,*,*,*,の,ノ,ノ
見つけ	動詞,自立,*,*,一段,連用形,見つける,ミツケ,ミツケ
た	助動詞,*,*,*,特殊・タ,基本形,た,タ,タ
もの	名詞,非自立,一般,*,*,*,もの,モノ,モノ
を	助詞,格助詞,一般,*,*,*,を,ヲ,ヲ
，	記号,読点,*,*,*,*,，,，,，
すなわち	接続詞,*,*,*,*,*,すなわち,スナワチ,スナワチ
金	名詞,一般,*,*,*,*,金,キン,キン
の	助詞,連体化,*,*,*,*,の,ノ,ノ
品	名詞,一般,*,*,*,*,品,シナ,シナ
，	記号,読点,*,*,*,*,，,，,，
足首	名詞,一般,*,*,*,*,足首,アシクビ,アシクビ
の	助詞,連体化,*,*,*,*,の,ノ,ノ
鎖	名詞,一般,*,*,*,*,鎖,クサリ,クサリ
飾り	動詞,自立,*,*,五段・ラ行,連用形,飾る,カザリ,カザリ
，	記号,読点,*,*,*,*,，,，,，
また	接続詞,*,*,*,*,*,また,マタ,マタ
腕輪	名詞,一般,*,*,*,*,腕輪,ウデワ,ウデワ
，	記号,読点,*,*,*,*,，,，,，
認印	名詞,一般,*,*,*,*,認印,ミトメイン,ミトメイン
指輪	名詞,一般,*,*,*,*,指輪,ユビワ,ユビワ
，	記号,読点,*,*,*,*,，,，,，
耳輪	名詞,一般,*,*,*,*,耳輪,ミミワ,ミミワ
，	記号,読点,*,*,*,*,，,，,，
そして	接続詞,*,*,*,*,*,そして,ソシテ,ソシテ
婦人	名詞,一般,*,*,*,*,婦人,フジン,フジン
の	助詞,連体化,*,*,*,*,の,ノ,ノ
飾り	名詞,一般,*,*,*,*,飾り,カザリ,カザリ
を	助詞,格助詞,一般,*,*,*,を,ヲ,ヲ
エホバ	名詞,一般,*,*,*,*,エホバ,エホバ,エホバ
へ	助詞,格助詞,一般,*,*,*,へ,ヘ,エ
の	助詞,連体化,*,*,*,*,の,ノ,ノ
捧げ	動詞,自立,*,*,一段,連用形,捧げる,ササゲ,ササゲ
物	名詞,接尾,一般,*,*,*,物,ブツ,ブツ
として	助詞,格助詞,連語,*,*,*,として,トシテ,トシテ
差し出さ	動詞,自立,*,*,五段・サ行,未然形,差し出す,サシダサ,サシダサ
せ	動詞,接尾,*,*,一段,連用形,せる,セ,セ
て	助詞,接続助詞,*,*,*,*,て,テ,テ
ください	動詞,非自立,*,*,五段・ラ行特殊,命令ｉ,くださる,クダサイ,クダサイ
。	記号,句点,*,*,*,*,。,。,。
それ	名詞,代名詞,一般,*,*,*,それ,ソレ,ソレ
によって	助詞,格助詞,連語,*,*,*,によって,ニヨッテ,ニヨッテ
，	記号,読点,*,*,*,*,，,，,，
エホバ	名詞,一般,*,*,*,*,エホバ,エホバ,エホバ
の	助詞,連体化,*,*,*,*,の,ノ,ノ
前	名詞,副詞可能,*,*,*,*,前,マエ,マエ
で	助詞,格助詞,一般,*,*,*,で,デ,デ
わたし	名詞,代名詞,一般,*,*,*,わたし,ワタシ,ワタシ
たち	名詞,接尾,一般,*,*,*,たち,タチ,タチ
の	助詞,連体化,*,*,*,*,の,ノ,ノ
魂	名詞,一般,*,*,*,*,魂,タマシイ,タマシー
の	助詞,連体化,*,*,*,*,の,ノ,ノ
ため	名詞,非自立,副詞可能,*,*,*,ため,タメ,タメ
の	助詞,連体化,*,*,*,*,の,ノ,ノ
贖罪	名詞,一般,*,*,*,*,贖罪,ショクザイ,ショクザイ
を	助詞,格助詞,一般,*,*,*,を,ヲ,ヲ
する	動詞,自立,*,*,サ変・スル,基本形,する,スル,スル
の	名詞,非自立,一般,*,*,*,の,ノ,ノ
です	助動詞,*,*,*,特殊・デス,基本形,です,デス,デス
」	記号,括弧閉,*,*,*,*,」,」,」
。	記号,句点,*,*,*,*,。,。,。
そこで	接続詞,*,*,*,*,*,そこで,ソコデ,ソコデ
モー	名詞,固有名詞,人名,姓,*,*,モー,モー,モー
セ	名詞,一般,*,*,*,*,セ,セ,セ
と	助詞,並立助詞,*,*,*,*,と,ト,ト
祭司	名詞,一般,*,*,*,*,祭司,サイシ,サイシ
エレアザル	名詞,一般,*,*,*,*,*
は	助詞,係助詞,*,*,*,*,は,ハ,ワ
，	記号,読点,*,*,*,*,，,，,，
彼ら	名詞,代名詞,一般,*,*,*,彼ら,カレラ,カレラ
から	助詞,格助詞,一般,*,*,*,から,カラ,カラ
金	名詞,一般,*,*,*,*,金,キン,キン
を	助詞,格助詞,一般,*,*,*,を,ヲ,ヲ
，	記号,読点,*,*,*,*,，,，,，
装身具	名詞,一般,*,*,*,*,装身具,ソウシング,ソーシング
類	名詞,接尾,一般,*,*,*,類,ルイ,ルイ
の	助詞,連体化,*,*,*,*,の,ノ,ノ
すべて	名詞,副詞可能,*,*,*,*,すべて,スベテ,スベテ
を	助詞,格助詞,一般,*,*,*,を,ヲ,ヲ
受け取っ	動詞,自立,*,*,五段・ラ行,連用タ接続,受け取る,ウケトッ,ウケトッ
た	助動詞,*,*,*,特殊・タ,基本形,た,タ,タ
。	記号,句点,*,*,*,*,。,。,。
そして	接続詞,*,*,*,*,*,そして,ソシテ,ソシテ
，	記号,読点,*,*,*,*,，,，,，
彼ら	名詞,代名詞,一般,*,*,*,彼ら,カレラ,カレラ
が	助詞,格助詞,一般,*,*,*,が,ガ,ガ
エホバ	名詞,一般,*,*,*,*,エホバ,エホバ,エホバ
に	助詞,格助詞,一般,*,*,*,に,ニ,ニ
	記号,一般,*,*,*,*,*
EOS
	記号,一般,*,*,*,*,*
進	名詞,固有名詞,人名,名,*,*,進,ススム,ススム
し	動詞,自立,*,*,サ変・スル,連用形,する,シ,シ
た	助動詞,*,*,*,特殊・タ,基本形,た,タ,タ
その	連体詞,*,*,*,*,*,その,ソノ,ソノ
寄進	名詞,サ変接続,*,*,*,*,寄進,キシン,キシン
物	名詞,接尾,一般,*,*,*,物,ブツ,ブツ
の	助詞,連体化,*,*,*,*,の,ノ,ノ
金	名詞,一般,*,*,*,*,金,キン,キン
は	助詞,係助詞,*,*,*,*,は,ハ,ワ
全部	名詞,副詞可能,*,*,*,*,全部,ゼンブ,ゼンブ
で	助詞,格助詞,一般,*,*,*,で,デ,デ
一	名詞,数,*,*,*,*,一,イチ,イチ
万	名詞,数,*,*,*,*,万,マン,マン
六	名詞,数,*,*,*,*,六,ロク,ロク
千	名詞,数,*,*,*,*,千,セン,セン
七	名詞,数,*,*,*,*,七,ナナ,ナナ
百	名詞,数,*,*,*,*,百,ヒャク,ヒャク
五	名詞,数,*,*,*,*,五,ゴ,ゴ
十	名詞,数,*,*,*,*,十,ジュウ,ジュー
シェケル	名詞,一般,*,*,*,*,*
と	助詞,格助詞,一般,*,*,*,と,ト,ト
なっ	動詞,自立,*,*,五段・ラ行,連用タ接続,なる,ナッ,ナッ
た	助動詞,*,*,*,特殊・タ,基本形,た,タ,タ
。	記号,句点,*,*,*,*,。,。,。
それ	名詞,代名詞,一般,*,*,*,それ,ソレ,ソレ
は	助詞,係助詞,*,*,*,*,は,ハ,ワ
千	名詞,数,*,*,*,*,千,セン,セン
人	名詞,接尾,助数詞,*,*,*,人,ニン,ニン
の	助詞,連体化,*,*,*,*,の,ノ,ノ
長	名詞,一般,*,*,*,*,長,チョウ,チョー
と	助詞,並立助詞,*,*,*,*,と,ト,ト
百	名詞,数,*,*,*,*,百,ヒャク,ヒャク
人	名詞,接尾,助数詞,*,*,*,人,ニン,ニン
の	助詞,連体化,*,*,*,*,の,ノ,ノ
長	名詞,一般,*,*,*,*,長,チョウ,チョー
たち	名詞,接尾,一般,*,*,*,たち,タチ,タチ
から	助詞,格助詞,一般,*,*,*,から,カラ,カラ
の	助詞,連体化,*,*,*,*,の,ノ,ノ
もの	名詞,非自立,一般,*,*,*,もの,モノ,モノ
で	助動詞,*,*,*,特殊・ダ,連用形,だ,デ,デ
あっ	助動詞,*,*,*,五段・ラ行アル,連用タ接続,ある,アッ,アッ
た	助動詞,*,*,*,特殊・タ,基本形,た,タ,タ
。	記号,句点,*,*,*,*,。,。,。
軍隊	名詞,一般,*,*,*,*,軍隊,グンタイ,グンタイ
に	助詞,格助詞,一般,*,*,*,に,ニ,ニ
属し	動詞,自立,*,*,五段・サ行,連用形,属す,ゾクシ,ゾクシ
た	助動詞,*,*,*,特殊・タ,基本形,た,タ,タ
人々	名詞,一般,*,*,*,*,人々,ヒトビト,ヒトビト
は	助詞,係助詞,*,*,*,*,は,ハ,ワ
それぞれ	名詞,副詞可能,*,*,*,*,それぞれ,ソレゾレ,ソレゾレ
自分	名詞,一般,*,*,*,*,自分,ジブン,ジブン
の	助詞,連体化,*,*,*,*,の,ノ,ノ
強奪	名詞,サ変接続,*,*,*,*,強奪,ゴウダツ,ゴーダツ
物	名詞,接尾,一般,*,*,*,物,ブツ,ブツ
を	助詞,格助詞,一般,*,*,*,を,ヲ,ヲ
取っ	動詞,自立,*,*,五段・ラ行,連用タ接続,取る,トッ,トッ
て	助詞,接続助詞,*,*,*,*,て,テ,テ
い	動詞,非自立,*,*,一段,連用形,いる,イ,イ
た	助動詞,*,*,*,特殊・タ,基本形,た,タ,タ
の	名詞,非自立,一般,*,*,*,の,ノ,ノ
で	助動詞,*,*,*,特殊・ダ,連用形,だ,デ,デ
ある	助動詞,*,*,*,五段・ラ行アル,基本形,ある,アル,アル
。	記号,句点,*,*,*,*,。,。,。
それで	接続詞,*,*,*,*,*,それで,ソレデ,ソレデ
モー	名詞,固有名詞,人名,姓,*,*,モー,モー,モー
セ	名詞,一般,*,*,*,*,セ,セ,セ
と	助詞,並立助詞,*,*,*,*,と,ト,ト
祭司	名詞,一般,*,*,*,*,祭司,サイシ,サイシ
エレアザル	名詞,一般,*,*,*,*,*
は	助詞,係助詞,*,*,*,*,は,ハ,ワ
，	記号,読点,*,*,*,*,，,，,，
千	名詞,数,*,*,*,*,千,セン,セン
人	名詞,接尾,助数詞,*,*,*,人,ニン,ニン
また	接続詞,*,*,*,*,*,また,マタ,マタ
百	名詞,数,*,*,*,*,百,ヒャク,ヒャク
人	名詞,接尾,助数詞,*,*,*,人,ニン,ニン
の	助詞,連体化,*,*,*,*,の,ノ,ノ
長	名詞,一般,*,*,*,*,長,チョウ,チョー
たち	名詞,接尾,一般,*,*,*,たち,タチ,タチ
から	助詞,格助詞,一般,*,*,*,から,カラ,カラ
金	名詞,一般,*,*,*,*,金,キン,キン
を	助詞,格助詞,一般,*,*,*,を,ヲ,ヲ
受け取っ	動詞,自立,*,*,五段・ラ行,連用タ接続,受け取る,ウケトッ,ウケトッ
て	助詞,接続助詞,*,*,*,*,て,テ,テ
会見	名詞,サ変接続,*,*,*,*,会見,カイケン,カイケン
の	助詞,連体化,*,*,*,*,の,ノ,ノ
天幕	名詞,一般,*,*,*,*,天幕,テンマク,テンマク
の	助詞,連体化,*,*,*,*,の,ノ,ノ
中	名詞,非自立,副詞可能,*,*,*,中,ナカ,ナカ
に	助詞,格助詞,一般,*,*,*,に,ニ,ニ
携え	動詞,自立,*,*,一段,連用形,携える,タズサエ,タズサエ
て	助詞,接続助詞,*,*,*,*,て,テ,テ
行き	動詞,非自立,*,*,五段・カ行促音便,連用形,行く,イキ,イキ
，	記号,読点,*,*,*,*,，,，,，
エホバ	名詞,一般,*,*,*,*,エホバ,エホバ,エホバ
の	助詞,連体化,*,*,*,*,の,ノ,ノ
前	名詞,副詞可能,*,*,*,*,前,マエ,マエ
で	助詞,格助詞,一般,*,*,*,で,デ,デ
イスラエル	名詞,固有名詞,地域,国,*,*,イスラエル,イスラエル,イスラエル
の	助詞,連体化,*,*,*,*,の,ノ,ノ
子	名詞,一般,*,*,*,*,子,コ,コ
ら	名詞,接尾,一般,*,*,*,ら,ラ,ラ
の	助詞,連体化,*,*,*,*,の,ノ,ノ
ため	名詞,非自立,副詞可能,*,*,*,ため,タメ,タメ
の	助詞,連体化,*,*,*,*,の,ノ,ノ
記念	名詞,サ変接続,*,*,*,*,記念,キネン,キネン
と	助詞,格助詞,一般,*,*,*,と,ト,ト
し	動詞,自立,*,*,サ変・スル,連用形,する,シ,シ
た	助動詞,*,*,*,特殊・タ,基本形,た,タ,タ
。	記号,句点,*,*,*,*,。,。,。
EOS
