その後	名詞,副詞可能,*,*,*,*,その後,ソノゴ,ソノゴ
，	記号,読点,*,*,*,*,，,，,，
わたし	名詞,代名詞,一般,*,*,*,わたし,ワタシ,ワタシ
は	助詞,係助詞,*,*,*,*,は,ハ,ワ
再び	副詞,助詞類接続,*,*,*,*,再び,フタタビ,フタタビ
目	名詞,一般,*,*,*,*,目,メ,メ
を	助詞,格助詞,一般,*,*,*,を,ヲ,ヲ
上げ	動詞,自立,*,*,一段,連用形,上げる,アゲ,アゲ
て	助詞,接続助詞,*,*,*,*,て,テ,テ
見	動詞,自立,*,*,一段,連用形,見る,ミ,ミ
た	助動詞,*,*,*,特殊・タ,基本形,た,タ,タ
。	記号,句点,*,*,*,*,。,。,。
する	動詞,自立,*,*,サ変・スル,基本形,する,スル,スル
と	助詞,接続助詞,*,*,*,*,と,ト,ト
，	記号,読点,*,*,*,*,，,，,，
見よ	動詞,自立,*,*,一段,命令ｙｏ,見る,ミヨ,ミヨ
，	記号,読点,*,*,*,*,，,，,，
四	名詞,数,*,*,*,*,四,ヨン,ヨン
台	名詞,接尾,助数詞,*,*,*,台,ダイ,ダイ
の	助詞,連体化,*,*,*,*,の,ノ,ノ
兵	名詞,一般,*,*,*,*,兵,ヘイ,ヘイ
車	名詞,接尾,一般,*,*,*,車,シャ,シャ
が	助詞,格助詞,一般,*,*,*,が,ガ,ガ
二つ	名詞,一般,*,*,*,*,二つ,フタツ,フタツ
の	助詞,連体化,*,*,*,*,の,ノ,ノ
山	名詞,一般,*,*,*,*,山,ヤマ,ヤマ
の	助詞,連体化,*,*,*,*,の,ノ,ノ
間	名詞,一般,*,*,*,*,間,マ,マ
から	助詞,格助詞,一般,*,*,*,から,カラ,カラ
出	動詞,自立,*,*,一段,連用形,出る,デ,デ
て	助詞,接続助詞,*,*,*,*,て,テ,テ
来る	動詞,非自立,*,*,カ変・来ル,基本形,来る,クル,クル
の	名詞,非自立,一般,*,*,*,の,ノ,ノ
で	助動詞,*,*,*,特殊・ダ,連用形,だ,デ,デ
あっ	助動詞,*,*,*,五段・ラ行アル,連用タ接続,ある,アッ,アッ
た	助動詞,*,*,*,特殊・タ,基本形,た,タ,タ
。	記号,句点,*,*,*,*,。,。,。
それら	名詞,代名詞,一般,*,*,*,それら,ソレラ,ソレラ
の	助詞,連体化,*,*,*,*,の,ノ,ノ
山	名詞,一般,*,*,*,*,山,ヤマ,ヤマ
は	助詞,係助詞,*,*,*,*,は,ハ,ワ
銅	名詞,一般,*,*,*,*,銅,ドウ,ドー
の	助詞,連体化,*,*,*,*,の,ノ,ノ
山	名詞,一般,*,*,*,*,山,ヤマ,ヤマ
で	助動詞,*,*,*,特殊・ダ,連用形,だ,デ,デ
あっ	助動詞,*,*,*,五段・ラ行アル,連用タ接続,ある,アッ,アッ
た	助動詞,*,*,*,特殊・タ,基本形,た,タ,タ
。	記号,句点,*,*,*,*,。,。,。
第	接頭詞,数接続,*,*,*,*,第,ダイ,ダイ
一	名詞,数,*,*,*,*,一,イチ,イチ
の	助詞,連体化,*,*,*,*,の,ノ,ノ
兵	名詞,一般,*,*,*,*,兵,ヘイ,ヘイ
車	名詞,接尾,一般,*,*,*,車,シャ,シャ
に	助詞,格助詞,一般,*,*,*,に,ニ,ニ
は	助詞,係助詞,*,*,*,*,は,ハ,ワ
赤い	形容詞,自立,*,*,形容詞・アウオ段,基本形,赤い,アカイ,アカイ
馬	名詞,一般,*,*,*,*,馬,ウマ,ウマ
，	記号,読点,*,*,*,*,，,，,，
第	接頭詞,数接続,*,*,*,*,第,ダイ,ダイ
二	名詞,数,*,*,*,*,二,ニ,ニ
の	助詞,連体化,*,*,*,*,の,ノ,ノ
兵	名詞,一般,*,*,*,*,兵,ヘイ,ヘイ
車	名詞,接尾,一般,*,*,*,車,シャ,シャ
に	助詞,格助詞,一般,*,*,*,に,ニ,ニ
は	助詞,係助詞,*,*,*,*,は,ハ,ワ
黒い	形容詞,自立,*,*,形容詞・アウオ段,基本形,黒い,クロイ,クロイ
馬	名詞,一般,*,*,*,*,馬,ウマ,ウマ
が	助詞,格助詞,一般,*,*,*,が,ガ,ガ
並ん	動詞,自立,*,*,五段・バ行,連用タ接続,並ぶ,ナラン,ナラン
で	助詞,接続助詞,*,*,*,*,で,デ,デ
い	動詞,非自立,*,*,一段,連用形,いる,イ,イ
た	助動詞,*,*,*,特殊・タ,基本形,た,タ,タ
。	記号,句点,*,*,*,*,。,。,。
また	接続詞,*,*,*,*,*,また,マタ,マタ
，	記号,読点,*,*,*,*,，,，,，
第	接頭詞,数接続,*,*,*,*,第,ダイ,ダイ
三	名詞,数,*,*,*,*,三,サン,サン
の	助詞,連体化,*,*,*,*,の,ノ,ノ
兵	名詞,一般,*,*,*,*,兵,ヘイ,ヘイ
車	名詞,接尾,一般,*,*,*,車,シャ,シャ
に	助詞,格助詞,一般,*,*,*,に,ニ,ニ
は	助詞,係助詞,*,*,*,*,は,ハ,ワ
白い	形容詞,自立,*,*,形容詞・アウオ段,基本形,白い,シロイ,シロイ
馬	名詞,一般,*,*,*,*,馬,ウマ,ウマ
，	記号,読点,*,*,*,*,，,，,，
第	接頭詞,数接続,*,*,*,*,第,ダイ,ダイ
四	名詞,数,*,*,*,*,四,ヨン,ヨン
の	助詞,連体化,*,*,*,*,の,ノ,ノ
兵	名詞,一般,*,*,*,*,兵,ヘイ,ヘイ
車	名詞,接尾,一般,*,*,*,車,シャ,シャ
に	助詞,格助詞,一般,*,*,*,に,ニ,ニ
は	助詞,係助詞,*,*,*,*,は,ハ,ワ
，	記号,読点,*,*,*,*,，,，,，
ぶち	動詞,自立,*,*,五段・タ行,連用形,ぶつ,ブチ,ブチ
で	助詞,接続助詞,*,*,*,*,で,デ,デ
さまざま	名詞,形容動詞語幹,*,*,*,*,さまざま,サマザマ,サマザマ
な	助動詞,*,*,*,特殊・ダ,体言接続,だ,ナ,ナ
色	名詞,一般,*,*,*,*,色,イロ,イロ
の	助詞,連体化,*,*,*,*,の,ノ,ノ
馬	名詞,一般,*,*,*,*,馬,ウマ,ウマ
が	助詞,格助詞,一般,*,*,*,が,ガ,ガ
並ん	動詞,自立,*,*,五段・バ行,連用タ接続,並ぶ,ナラン,ナラン
で	助詞,接続助詞,*,*,*,*,で,デ,デ
い	動詞,非自立,*,*,一段,連用形,いる,イ,イ
た	助動詞,*,*,*,特殊・タ,基本形,た,タ,タ
。	記号,句点,*,*,*,*,。,。,。
そこで	接続詞,*,*,*,*,*,そこで,ソコデ,ソコデ
わたし	名詞,代名詞,一般,*,*,*,わたし,ワタシ,ワタシ
は	助詞,係助詞,*,*,*,*,は,ハ,ワ
自分	名詞,一般,*,*,*,*,自分,ジブン,ジブン
と	助詞,格助詞,引用,*,*,*,と,ト,ト
話し	動詞,自立,*,*,五段・サ行,連用形,話す,ハナシ,ハナシ
て	助詞,接続助詞,*,*,*,*,て,テ,テ
い	動詞,非自立,*,*,一段,連用形,いる,イ,イ
た	助動詞,*,*,*,特殊・タ,基本形,た,タ,タ
み	接頭詞,名詞接続,*,*,*,*,み,ミ,ミ
使い	名詞,一般,*,*,*,*,使い,ツカイ,ツカイ
に	助詞,格助詞,一般,*,*,*,に,ニ,ニ
答え	動詞,自立,*,*,一段,連用形,答える,コタエ,コタエ
て	助詞,接続助詞,*,*,*,*,て,テ,テ
言っ	動詞,自立,*,*,五段・ワ行促音便,連用タ接続,言う,イッ,イッ
た	助動詞,*,*,*,特殊・タ,基本形,た,タ,タ
，	記号,読点,*,*,*,*,，,，,，
「	記号,括弧開,*,*,*,*,「,「,「
我が	連体詞,*,*,*,*,*,我が,ワガ,ワガ
主	名詞,形容動詞語幹,*,*,*,*,主,オモ,オモ
よ	助詞,終助詞,*,*,*,*,よ,ヨ,ヨ
，	記号,読点,*,*,*,*,，,，,，
これら	名詞,代名詞,一般,*,*,*,これら,コレラ,コレラ
は	助詞,係助詞,*,*,*,*,は,ハ,ワ
何	名詞,代名詞,一般,*,*,*,何,ナニ,ナニ
でしょ	助動詞,*,*,*,特殊・デス,未然形,です,デショ,デショ
う	助動詞,*,*,*,不変化型,基本形,う,ウ,ウ
か	助詞,副助詞／並立助詞／終助詞,*,*,*,*,か,カ,カ
」	記号,括弧閉,*,*,*,*,」,」,」
。	記号,句点,*,*,*,*,。,。,。
すると	接続詞,*,*,*,*,*,すると,スルト,スルト
み	接頭詞,名詞接続,*,*,*,*,み,ミ,ミ
使い	名詞,一般,*,*,*,*,使い,ツカイ,ツカイ
は	助詞,係助詞,*,*,*,*,は,ハ,ワ
答え	動詞,自立,*,*,一段,連用形,答える,コタエ,コタエ
て	助詞,接続助詞,*,*,*,*,て,テ,テ
言っ	動詞,自立,*,*,五段・ワ行促音便,連用タ接続,言う,イッ,イッ
た	助動詞,*,*,*,特殊・タ,基本形,た,タ,タ
，	記号,読点,*,*,*,*,，,，,，
「	記号,括弧開,*,*,*,*,「,「,「
これら	名詞,代名詞,一般,*,*,*,これら,コレラ,コレラ
は	助詞,係助詞,*,*,*,*,は,ハ,ワ
天	名詞,一般,*,*,*,*,天,テン,テン
の	助詞,連体化,*,*,*,*,の,ノ,ノ
四つ	名詞,一般,*,*,*,*,四つ,ヨッツ,ヨッツ
の	助詞,連体化,*,*,*,*,の,ノ,ノ
霊	名詞,一般,*,*,*,*,霊,レイ,レイ
で	助動詞,*,*,*,特殊・ダ,連用形,だ,デ,デ
あり	助動詞,*,*,*,五段・ラ行アル,連用形,ある,アリ,アリ
，	記号,読点,*,*,*,*,，,，,，
全	接頭詞,名詞接続,*,*,*,*,全,ゼン,ゼン
地	名詞,一般,*,*,*,*,地,チ,チ
の	助詞,連体化,*,*,*,*,の,ノ,ノ
主	名詞,一般,*,*,*,*,主,アルジ,アルジ
の	助詞,連体化,*,*,*,*,の,ノ,ノ
前	名詞,副詞可能,*,*,*,*,前,マエ,マエ
で	助詞,格助詞,一般,*,*,*,で,デ,デ
自分	名詞,一般,*,*,*,*,自分,ジブン,ジブン
の	助詞,連体化,*,*,*,*,の,ノ,ノ
持ち場	名詞,一般,*,*,*,*,持ち場,モチバ,モチバ
に	助詞,格助詞,一般,*,*,*,に,ニ,ニ
つい	動詞,自立,*,*,五段・カ行イ音便,連用タ接続,つく,ツイ,ツイ
た	助動詞,*,*,*,特殊・タ,基本形,た,タ,タ
後	名詞,非自立,副詞可能,*,*,*,後,ノチ,ノチ
に	助詞,格助詞,一般,*,*,*,に,ニ,ニ
こうして	接続詞,*,*,*,*,*,こうして,コウシテ,コーシテ
出	動詞,自立,*,*,一段,連用形,出る,デ,デ
て	助詞,接続助詞,*,*,*,*,て,テ,テ
行く	動詞,非自立,*,*,五段・カ行促音便,基本形,行く,イク,イク
の	名詞,非自立,一般,*,*,*,の,ノ,ノ
で	助動詞,*,*,*,特殊・ダ,連用形,だ,デ,デ
ある	助動詞,*,*,*,五段・ラ行アル,基本形,ある,アル,アル
。	記号,句点,*,*,*,*,。,。,。
黒い	形容詞,自立,*,*,形容詞・アウオ段,基本形,黒い,クロイ,クロイ
馬	名詞,一般,*,*,*,*,馬,ウマ,ウマ
の	助詞,格助詞,一般,*,*,*,の,ノ,ノ
並ん	動詞,自立,*,*,五段・バ行,連用タ接続,並ぶ,ナラン,ナラン
で	助詞,接続助詞,*,*,*,*,で,デ,デ
いる	動詞,非自立,*,*,一段,基本形,いる,イル,イル
もの	名詞,非自立,一般,*,*,*,もの,モノ,モノ
，	記号,読点,*,*,*,*,，,，,，
それら	名詞,代名詞,一般,*,*,*,それら,ソレラ,ソレラ
は	助詞,係助詞,*,*,*,*,は,ハ,ワ
北	名詞,一般,*,*,*,*,北,キタ,キタ
の	助詞,連体化,*,*,*,*,の,ノ,ノ
地	名詞,一般,*,*,*,*,地,チ,チ
に	助詞,格助詞,一般,*,*,*,に,ニ,ニ
向かっ	動詞,自立,*,*,五段・ワ行促音便,連用タ接続,向かう,ムカッ,ムカッ
て	助詞,接続助詞,*,*,*,*,て,テ,テ
出	動詞,自立,*,*,一段,連用形,出る,デ,デ
て	助詞,接続助詞,*,*,*,*,て,テ,テ
行く	動詞,非自立,*,*,五段・カ行促音便,基本形,行く,イク,イク
。	記号,句点,*,*,*,*,。,。,。
白い	形容詞,自立,*,*,形容詞・アウオ段,基本形,白い,シロイ,シロイ
色	名詞,一般,*,*,*,*,色,イロ,イロ
の	助詞,連体化,*,*,*,*,の,ノ,ノ
もの	名詞,非自立,一般,*,*,*,もの,モノ,モノ
，	記号,読点,*,*,*,*,，,，,，
それら	名詞,代名詞,一般,*,*,*,それら,ソレラ,ソレラ
は	助詞,係助詞,*,*,*,*,は,ハ,ワ
海	名詞,一般,*,*,*,*,海,ウミ,ウミ
の	助詞,連体化,*,*,*,*,の,ノ,ノ
後ろ	名詞,一般,*,*,*,*,後ろ,ウシロ,ウシロ
に	助詞,格助詞,一般,*,*,*,に,ニ,ニ
向かっ	動詞,自立,*,*,五段・ワ行促音便,連用タ接続,向かう,ムカッ,ムカッ
て	助詞,接続助詞,*,*,*,*,て,テ,テ
出	動詞,自立,*,*,一段,連用形,出る,デ,デ
て	助詞,接続助詞,*,*,*,*,て,テ,テ
行か	動詞,非自立,*,*,五段・カ行促音便,未然形,行く,イカ,イカ
ね	助動詞,*,*,*,特殊・ヌ,仮定形,ぬ,ネ,ネ
ば	助詞,接続助詞,*,*,*,*,ば,バ,バ
なら	動詞,非自立,*,*,五段・ラ行,未然形,なる,ナラ,ナラ
ない	助動詞,*,*,*,特殊・ナイ,基本形,ない,ナイ,ナイ
。	記号,句点,*,*,*,*,。,。,。
ぶち	動詞,自立,*,*,五段・タ行,連用形,ぶつ,ブチ,ブチ
に	助詞,格助詞,一般,*,*,*,に,ニ,ニ
なっ	動詞,自立,*,*,五段・ラ行,連用タ接続,なる,ナッ,ナッ
た	助動詞,*,*,*,特殊・タ,基本形,た,タ,タ
もの	名詞,非自立,一般,*,*,*,もの,モノ,モノ
，	記号,読点,*,*,*,*,，,，,，
それら	名詞,代名詞,一般,*,*,*,それら,ソレラ,ソレラ
は	助詞,係助詞,*,*,*,*,は,ハ,ワ
南	名詞,一般,*,*,*,*,南,ミナミ,ミナミ
の	助詞,連体化,*,*,*,*,の,ノ,ノ
地	名詞,一般,*,*,*,*,地,チ,チ
に	助詞,格助詞,一般,*,*,*,に,ニ,ニ
向かっ	動詞,自立,*,*,五段・ワ行促音便,連用タ接続,向かう,ムカッ,ムカッ
て	助詞,接続助詞,*,*,*,*,て,テ,テ
出	動詞,自立,*,*,一段,連用形,出る,デ,デ
て	助詞,接続助詞,*,*,*,*,て,テ,テ
行か	動詞,非自立,*,*,五段・カ行促音便,未然形,行く,イカ,イカ
ね	助動詞,*,*,*,特殊・ヌ,仮定形,ぬ,ネ,ネ
ば	助詞,接続助詞,*,*,*,*,ば,バ,バ
なら	動詞,非自立,*,*,五段・ラ行,未然形,なる,ナラ,ナラ
ない	助動詞,*,*,*,特殊・ナイ,基本形,ない,ナイ,ナイ
。	記号,句点,*,*,*,*,。,。,。
また	接続詞,*,*,*,*,*,また,マタ,マタ
，	記号,読点,*,*,*,*,，,，,，
さまざま	名詞,形容動詞語幹,*,*,*,*,さまざま,サマザマ,サマザマ
な	助動詞,*,*,*,特殊・ダ,体言接続,だ,ナ,ナ
色	名詞,一般,*,*,*,*,色,イロ,イロ
の	助詞,連体化,*,*,*,*,の,ノ,ノ
もの	名詞,非自立,一般,*,*,*,もの,モノ,モノ
，	記号,読点,*,*,*,*,，,，,，
それら	名詞,代名詞,一般,*,*,*,それら,ソレラ,ソレラ
は	助詞,係助詞,*,*,*,*,は,ハ,ワ
出	動詞,自立,*,*,一段,連用形,出る,デ,デ
て	助詞,接続助詞,*,*,*,*,て,テ,テ
行っ	動詞,非自立,*,*,五段・カ行促音便,連用タ接続,行く,イッ,イッ
て	助詞,接続助詞,*,*,*,*,て,テ,テ
，	記号,読点,*,*,*,*,，,，,，
進む	動詞,自立,*,*,五段・マ行,基本形,進む,ススム,ススム
べき	助動詞,*,*,*,文語・ベシ,体言接続,べし,ベキ,ベキ
[	名詞,サ変接続,*,*,*,*,*
所	名詞,接尾,一般,*,*,*,所,ショ,ショ
]	名詞,サ変接続,*,*,*,*,*
を	助詞,格助詞,一般,*,*,*,を,ヲ,ヲ
常に	副詞,一般,*,*,*,*,常に,ツネニ,ツネニ
求め	動詞,自立,*,*,一段,連用形,求める,モトメ,モトメ
，	記号,読点,*,*,*,*,，,，,，
こうして	接続詞,*,*,*,*,*,こうして,コウシテ,コーシテ
地	名詞,一般,*,*,*,*,地,チ,チ
を	助詞,格助詞,一般,*,*,*,を,ヲ,ヲ
行き	動詞,自立,*,*,五段・カ行促音便,連用形,行く,イキ,イキ
巡ら	動詞,自立,*,*,五段・ラ行,未然形,巡る,メグラ,メグラ
ね	助動詞,*,*,*,特殊・ヌ,仮定形,ぬ,ネ,ネ
ば	助詞,接続助詞,*,*,*,*,ば,バ,バ
なら	動詞,非自立,*,*,五段・ラ行,未然形,なる,ナラ,ナラ
ない	助動詞,*,*,*,特殊・ナイ,基本形,ない,ナイ,ナイ
」	記号,括弧閉,*,*,*,*,」,」,」
。	記号,句点,*,*,*,*,。,。,。
それから	接続詞,*,*,*,*,*,それから,ソレカラ,ソレカラ
彼	名詞,代名詞,一般,*,*,*,彼,カレ,カレ
は	助詞,係助詞,*,*,*,*,は,ハ,ワ
言っ	動詞,自立,*,*,五段・ワ行促音便,連用タ接続,言う,イッ,イッ
た	助動詞,*,*,*,特殊・タ,基本形,た,タ,タ
，	記号,読点,*,*,*,*,，,，,，
「	記号,括弧開,*,*,*,*,「,「,「
行っ	動詞,自立,*,*,五段・ワ行促音便,連用タ接続,行う,オコナッ,オコナッ
て	助詞,接続助詞,*,*,*,*,て,テ,テ
，	記号,読点,*,*,*,*,，,，,，
地	名詞,一般,*,*,*,*,地,チ,チ
を	助詞,格助詞,一般,*,*,*,を,ヲ,ヲ
歩き回れ	動詞,自立,*,*,五段・ラ行,命令ｅ,歩き回る,アルキマワレ,アルキマワレ
」	記号,括弧閉,*,*,*,*,」,」,」
。	記号,句点,*,*,*,*,。,。,。
する	動詞,自立,*,*,サ変・スル,基本形,する,スル,スル
と	助詞,接続助詞,*,*,*,*,と,ト,ト
，	記号,読点,*,*,*,*,，,，,，
それら	名詞,代名詞,一般,*,*,*,それら,ソレラ,ソレラ
は	助詞,係助詞,*,*,*,*,は,ハ,ワ
地	名詞,一般,*,*,*,*,地,チ,チ
を	助詞,格助詞,一般,*,*,*,を,ヲ,ヲ
歩き回る	動詞,自立,*,*,五段・ラ行,基本形,歩き回る,アルキマワル,アルキマワル
よう	名詞,非自立,助動詞語幹,*,*,*,よう,ヨウ,ヨー
に	助詞,格助詞,一般,*,*,*,に,ニ,ニ
なっ	動詞,自立,*,*,五段・ラ行,連用タ接続,なる,ナッ,ナッ
た	助動詞,*,*,*,特殊・タ,基本形,た,タ,タ
。	記号,句点,*,*,*,*,。,。,。
その	連体詞,*,*,*,*,*,その,ソノ,ソノ
のち	名詞,非自立,副詞可能,*,*,*,のち,ノチ,ノチ
彼	名詞,代名詞,一般,*,*,*,彼,カレ,カレ
は	助詞,係助詞,*,*,*,*,は,ハ,ワ
わたし	名詞,代名詞,一般,*,*,*,わたし,ワタシ,ワタシ
に	助詞,格助詞,一般,*,*,*,に,ニ,ニ
向かっ	動詞,自立,*,*,五段・ワ行促音便,連用タ接続,向かう,ムカッ,ムカッ
て	助詞,接続助詞,*,*,*,*,て,テ,テ
叫び	動詞,自立,*,*,五段・バ行,連用形,叫ぶ,サケビ,サケビ
，	記号,読点,*,*,*,*,，,，,，
わたし	名詞,代名詞,一般,*,*,*,わたし,ワタシ,ワタシ
に	助詞,格助詞,一般,*,*,*,に,ニ,ニ
話し	動詞,自立,*,*,五段・サ行,連用形,話す,ハナシ,ハナシ
て	助詞,接続助詞,*,*,*,*,て,テ,テ
こう	副詞,助詞類接続,*,*,*,*,こう,コウ,コー
言っ	動詞,自立,*,*,五段・ワ行促音便,連用タ接続,言う,イッ,イッ
た	助動詞,*,*,*,特殊・タ,基本形,た,タ,タ
。	記号,句点,*,*,*,*,。,。,。
「	記号,括弧開,*,*,*,*,「,「,「
見	動詞,自立,*,*,一段,連用形,見る,ミ,ミ
なさい	動詞,非自立,*,*,五段・ラ行特殊,命令ｉ,なさる,ナサイ,ナサイ
，	記号,読点,*,*,*,*,，,，,，
北	名詞,一般,*,*,*,*,北,キタ,キタ
の	助詞,連体化,*,*,*,*,の,ノ,ノ
地	名詞,一般,*,*,*,*,地,チ,チ
に	助詞,格助詞,一般,*,*,*,に,ニ,ニ
向かっ	動詞,自立,*,*,五段・ワ行促音便,連用タ接続,向かう,ムカッ,ムカッ
て	助詞,接続助詞,*,*,*,*,て,テ,テ
出	動詞,自立,*,*,一段,連用形,出る,デ,デ
て	助詞,接続助詞,*,*,*,*,て,テ,テ
行く	動詞,非自立,*,*,五段・カ行促音便,基本形,行く,イク,イク
もの	名詞,非自立,一般,*,*,*,もの,モノ,モノ
，	記号,読点,*,*,*,*,，,，,，
それ	名詞,代名詞,一般,*,*,*,それ,ソレ,ソレ
は	助詞,係助詞,*,*,*,*,は,ハ,ワ
エホバ	名詞,一般,*,*,*,*,エホバ,エホバ,エホバ
の	助詞,連体化,*,*,*,*,の,ノ,ノ
霊	名詞,一般,*,*,*,*,霊,レイ,レイ
を	助詞,格助詞,一般,*,*,*,を,ヲ,ヲ
北	名詞,一般,*,*,*,*,北,キタ,キタ
の	助詞,連体化,*,*,*,*,の,ノ,ノ
地	名詞,一般,*,*,*,*,地,チ,チ
に	助詞,格助詞,一般,*,*,*,に,ニ,ニ
とどまら	動詞,自立,*,*,五段・ラ行,未然形,とどまる,トドマラ,トドマラ
せ	動詞,接尾,*,*,一段,連用形,せる,セ,セ
た	助動詞,*,*,*,特殊・タ,基本形,た,タ,タ
者	名詞,一般,*,*,*,*,者,モノ,モノ
たち	名詞,接尾,一般,*,*,*,たち,タチ,タチ
で	助動詞,*,*,*,特殊・ダ,連用形,だ,デ,デ
ある	助動詞,*,*,*,五段・ラ行アル,基本形,ある,アル,アル
」	記号,括弧閉,*,*,*,*,」,」,」
。	記号,句点,*,*,*,*,。,。,。
エホバ	名詞,一般,*,*,*,*,エホバ,エホバ,エホバ
の	助詞,連体化,*,*,*,*,の,ノ,ノ
言葉	名詞,一般,*,*,*,*,言葉,コトバ,コトバ
が	助詞,格助詞,一般,*,*,*,が,ガ,ガ
引き続き	副詞,一般,*,*,*,*,引き続き,ヒキツヅキ,ヒキツズキ
わたし	名詞,代名詞,一般,*,*,*,わたし,ワタシ,ワタシ
に	助詞,格助詞,一般,*,*,*,に,ニ,ニ
臨ん	動詞,自立,*,*,五段・マ行,連用タ接続,臨む,ノゾン,ノゾン
で	助詞,接続助詞,*,*,*,*,で,デ,デ
こう	副詞,助詞類接続,*,*,*,*,こう,コウ,コー
言っ	動詞,自立,*,*,五段・ワ行促音便,連用タ接続,言う,イッ,イッ
た	助動詞,*,*,*,特殊・タ,基本形,た,タ,タ
。	記号,句点,*,*,*,*,。,。,。
「	記号,括弧開,*,*,*,*,「,「,「
流刑	名詞,一般,*,*,*,*,流刑,ルケイ,ルケイ
に	助詞,格助詞,一般,*,*,*,に,ニ,ニ
さ	動詞,自立,*,*,サ変・スル,未然レル接続,する,サ,サ
れ	動詞,接尾,*,*,一段,連用形,れる,レ,レ
た	助動詞,*,*,*,特殊・タ,基本形,た,タ,タ
民	名詞,一般,*,*,*,*,民,ミン,ミン
から	助詞,格助詞,一般,*,*,*,から,カラ,カラ
，	記号,読点,*,*,*,*,，,，,，
[	名詞,サ変接続,*,*,*,*,*
すなわち	接続詞,*,*,*,*,*,すなわち,スナワチ,スナワチ
]	名詞,サ変接続,*,*,*,*,*
ヘルダイ	名詞,一般,*,*,*,*,*
と	助詞,並立助詞,*,*,*,*,と,ト,ト
トビヤ	名詞,一般,*,*,*,*,*
と	助詞,並立助詞,*,*,*,*,と,ト,ト
エダヤ	名詞,一般,*,*,*,*,*
から	助詞,格助詞,一般,*,*,*,から,カラ,カラ
，	記号,読点,*,*,*,*,，,，,，
幾らか	副詞,一般,*,*,*,*,幾らか,イクラカ,イクラカ
の	助詞,連体化,*,*,*,*,の,ノ,ノ
もの	名詞,非自立,一般,*,*,*,もの,モノ,モノ
を	助詞,格助詞,一般,*,*,*,を,ヲ,ヲ
取る	動詞,自立,*,*,五段・ラ行,基本形,取る,トル,トル
よう	名詞,非自立,助動詞語幹,*,*,*,よう,ヨウ,ヨー
に	助詞,格助詞,一般,*,*,*,に,ニ,ニ
。	記号,句点,*,*,*,*,。,。,。
そして	接続詞,*,*,*,*,*,そして,ソシテ,ソシテ
あなた	名詞,代名詞,一般,*,*,*,あなた,アナタ,アナタ
も	助詞,係助詞,*,*,*,*,も,モ,モ
，	記号,読点,*,*,*,*,，,，,，
その	連体詞,*,*,*,*,*,その,ソノ,ソノ
日	名詞,非自立,副詞可能,*,*,*,日,ヒ,ヒ
に	助詞,格助詞,一般,*,*,*,に,ニ,ニ
は	助詞,係助詞,*,*,*,*,は,ハ,ワ
来	動詞,自立,*,*,カ変・来ル,連用形,来る,キ,キ
て	助詞,接続助詞,*,*,*,*,て,テ,テ
，	記号,読点,*,*,*,*,，,，,，
バビロン	名詞,一般,*,*,*,*,*
から	助詞,格助詞,一般,*,*,*,から,カラ,カラ
来	動詞,自立,*,*,カ変・来ル,連用形,来る,キ,キ
た	助動詞,*,*,*,特殊・タ,基本形,た,タ,タ
[	名詞,サ変接続,*,*,*,*,*
これら	名詞,代名詞,一般,*,*,*,これら,コレラ,コレラ
の	助詞,連体化,*,*,*,*,の,ノ,ノ
者	名詞,非自立,一般,*,*,*,者,モノ,モノ
と共に	助詞,格助詞,連語,*,*,*,と共に,トトモニ,トトモニ
]	名詞,サ変接続,*,*,*,*,*
ゼパニヤ	名詞,一般,*,*,*,*,*
の	助詞,連体化,*,*,*,*,の,ノ,ノ
子	接頭詞,名詞接続,*,*,*,*,子,コ,コ
ヨシヤ	名詞,一般,*,*,*,*,*
の	助詞,連体化,*,*,*,*,の,ノ,ノ
家	名詞,一般,*,*,*,*,家,イエ,イエ
に	助詞,格助詞,一般,*,*,*,に,ニ,ニ
入ら	動詞,自立,*,*,五段・ラ行,未然形,入る,ハイラ,ハイラ
ね	助動詞,*,*,*,特殊・ヌ,仮定形,ぬ,ネ,ネ
ば	助詞,接続助詞,*,*,*,*,ば,バ,バ
なら	動詞,非自立,*,*,五段・ラ行,未然形,なる,ナラ,ナラ
ない	助動詞,*,*,*,特殊・ナイ,基本形,ない,ナイ,ナイ
。	記号,句点,*,*,*,*,。,。,。
そして	接続詞,*,*,*,*,*,そして,ソシテ,ソシテ
あなた	名詞,代名詞,一般,*,*,*,あなた,アナタ,アナタ
は	助詞,係助詞,*,*,*,*,は,ハ,ワ
銀	名詞,一般,*,*,*,*,銀,ギン,ギン
と	助詞,並立助詞,*,*,*,*,と,ト,ト
金	名詞,一般,*,*,*,*,金,キン,キン
を	助詞,格助詞,一般,*,*,*,を,ヲ,ヲ
取っ	動詞,自立,*,*,五段・ラ行,連用タ接続,取る,トッ,トッ
て	助詞,接続助詞,*,*,*,*,て,テ,テ
壮麗	名詞,形容動詞語幹,*,*,*,*,壮麗,ソウレイ,ソーレイ
な	助動詞,*,*,*,特殊・ダ,体言接続,だ,ナ,ナ
冠	名詞,一般,*,*,*,*,冠,カンムリ,カンムリ
を	助詞,格助詞,一般,*,*,*,を,ヲ,ヲ
作り	動詞,自立,*,*,五段・ラ行,連用形,作る,ツクリ,ツクリ
，	記号,読点,*,*,*,*,，,，,，
[	名詞,サ変接続,*,*,*,*,*
それ	名詞,代名詞,一般,*,*,*,それ,ソレ,ソレ
を	助詞,格助詞,一般,*,*,*,を,ヲ,ヲ
]	名詞,サ変接続,*,*,*,*,*
大	接頭詞,名詞接続,*,*,*,*,大,ダイ,ダイ
祭司	名詞,一般,*,*,*,*,祭司,サイシ,サイシ
エホツァダク	名詞,一般,*,*,*,*,*
の	助詞,連体化,*,*,*,*,の,ノ,ノ
子	接頭詞,名詞接続,*,*,*,*,子,コ,コ
ヨシュア	名詞,一般,*,*,*,*,*
の	助詞,連体化,*,*,*,*,の,ノ,ノ
頭	名詞,一般,*,*,*,*,頭,アタマ,アタマ
に	助詞,格助詞,一般,*,*,*,に,ニ,ニ
載せ	動詞,自立,*,*,一段,未然形,載せる,ノセ,ノセ
なけれ	助動詞,*,*,*,特殊・ナイ,仮定形,ない,ナケレ,ナケレ
ば	助詞,接続助詞,*,*,*,*,ば,バ,バ
なら	動詞,非自立,*,*,五段・ラ行,未然形,なる,ナラ,ナラ
ない	助動詞,*,*,*,特殊・ナイ,基本形,ない,ナイ,ナイ
。	記号,句点,*,*,*,*,。,。,。
そして	接続詞,*,*,*,*,*,そして,ソシテ,ソシテ
彼	名詞,代名詞,一般,*,*,*,彼,カレ,カレ
に	助詞,格助詞,一般,*,*,*,に,ニ,ニ
こう	副詞,助詞類接続,*,*,*,*,こう,コウ,コー
言う	動詞,自立,*,*,五段・ワ行促音便,基本形,言う,イウ,イウ
の	名詞,非自立,一般,*,*,*,の,ノ,ノ
で	助動詞,*,*,*,特殊・ダ,連用形,だ,デ,デ
ある	助動詞,*,*,*,五段・ラ行アル,基本形,ある,アル,アル
。	記号,句点,*,*,*,*,。,。,。
こうして	接続詞,*,*,*,*,*,こうして,コウシテ,コーシテ
彼	名詞,代名詞,一般,*,*,*,彼,カレ,カレ
は	助詞,係助詞,*,*,*,*,は,ハ,ワ
エホバ	名詞,一般,*,*,*,*,エホバ,エホバ,エホバ
の	助詞,連体化,*,*,*,*,の,ノ,ノ
神殿	名詞,一般,*,*,*,*,神殿,シンデン,シンデン
を	助詞,格助詞,一般,*,*,*,を,ヲ,ヲ
建て	動詞,自立,*,*,一段,連用形,建てる,タテ,タテ
，	記号,読点,*,*,*,*,，,，,，
自ら	名詞,副詞可能,*,*,*,*,自ら,ミズカラ,ミズカラ
も	助詞,係助詞,*,*,*,*,も,モ,モ
尊厳	名詞,一般,*,*,*,*,尊厳,ソンゲン,ソンゲン
を	助詞,格助詞,一般,*,*,*,を,ヲ,ヲ
帯びる	動詞,自立,*,*,一段,基本形,帯びる,オビル,オビル
。	記号,句点,*,*,*,*,。,。,。
彼	名詞,代名詞,一般,*,*,*,彼,カレ,カレ
は	助詞,係助詞,*,*,*,*,は,ハ,ワ
腰	名詞,一般,*,*,*,*,腰,コシ,コシ
を	助詞,格助詞,一般,*,*,*,を,ヲ,ヲ
下ろし	動詞,自立,*,*,五段・サ行,連用形,下ろす,オロシ,オロシ
て	助詞,接続助詞,*,*,*,*,て,テ,テ
その	連体詞,*,*,*,*,*,その,ソノ,ソノ
王座	名詞,一般,*,*,*,*,王座,オウザ,オーザ
から	助詞,格助詞,一般,*,*,*,から,カラ,カラ
治め	動詞,自立,*,*,一段,連用形,治める,オサメ,オサメ
，	記号,読点,*,*,*,*,，,，,，
その	連体詞,*,*,*,*,*,その,ソノ,ソノ
王座	名詞,一般,*,*,*,*,王座,オウザ,オーザ
に	助詞,格助詞,一般,*,*,*,に,ニ,ニ
あっ	動詞,自立,*,*,五段・ラ行,連用タ接続,ある,アッ,アッ
て	助詞,接続助詞,*,*,*,*,て,テ,テ
祭司	名詞,一般,*,*,*,*,祭司,サイシ,サイシ
と	助詞,格助詞,一般,*,*,*,と,ト,ト
なる	動詞,自立,*,*,五段・ラ行,基本形,なる,ナル,ナル
の	名詞,非自立,一般,*,*,*,の,ノ,ノ
で	助動詞,*,*,*,特殊・ダ,連用形,だ,デ,デ
ある	助動詞,*,*,*,五段・ラ行アル,基本形,ある,アル,アル
。	記号,句点,*,*,*,*,。,。,。
平和	名詞,形容動詞語幹,*,*,*,*,平和,ヘイワ,ヘイワ
の	助詞,連体化,*,*,*,*,の,ノ,ノ
諭し	動詞,自立,*,*,五段・サ行,連用形,諭す,サトシ,サトシ
が	助詞,格助詞,一般,*,*,*,が,ガ,ガ
それら	名詞,代名詞,一般,*,*,*,それら,ソレラ,ソレラ
二つ	名詞,一般,*,*,*,*,二つ,フタツ,フタツ
の	助詞,連体化,*,*,*,*,の,ノ,ノ
間	名詞,一般,*,*,*,*,間,マ,マ
に	助詞,格助詞,一般,*,*,*,に,ニ,ニ
ある	動詞,自立,*,*,五段・ラ行,基本形,ある,アル,アル
で	助動詞,*,*,*,特殊・ダ,連用形,だ,デ,デ
あろ	助動詞,*,*,*,五段・ラ行アル,未然ウ接続,ある,アロ,アロ
う	助動詞,*,*,*,不変化型,基本形,う,ウ,ウ
。	記号,句点,*,*,*,*,。,。,。
そして	接続詞,*,*,*,*,*,そして,ソシテ,ソシテ
，	記号,読点,*,*,*,*,，,，,，
その	連体詞,*,*,*,*,*,その,ソノ,ソノ
壮麗	名詞,形容動詞語幹,*,*,*,*,壮麗,ソウレイ,ソーレイ
な	助動詞,*,*,*,特殊・ダ,体言接続,だ,ナ,ナ
冠	名詞,一般,*,*,*,*,冠,カンムリ,カンムリ
は	助詞,係助詞,*,*,*,*,は,ハ,ワ
，	記号,読点,*,*,*,*,，,，,，
エホバ	名詞,一般,*,*,*,*,エホバ,エホバ,エホバ
の	助詞,連体化,*,*,*,*,の,ノ,ノ
神殿	名詞,一般,*,*,*,*,神殿,シンデン,シンデン
内	名詞,接尾,一般,*,*,*,内,ナイ,ナイ
の	助詞,連体化,*,*,*,*,の,ノ,ノ
記念	名詞,サ変接続,*,*,*,*,記念,キネン,キネン
と	助詞,格助詞,一般,*,*,*,と,ト,ト
なり	動詞,自立,*,*,五段・ラ行,連用形,なる,ナリ,ナリ
，	記号,読点,*,*,*,*,，,，,，
ヘレム	名詞,一般,*,*,*,*,*
，	記号,読点,*,*,*,*,，,，,，
トビヤ	名詞,一般,*,*,*,*,*
，	記号,読点,*,*,*,*,，,，,，
エダヤ	名詞,一般,*,*,*,*,*
，	記号,読点,*,*,*,*,，,，,，
また	接続詞,*,*,*,*,*,また,マタ,マタ
ゼパニヤ	名詞,一般,*,*,*,*,*
の	助詞,連体化,*,*,*,*,の,ノ,ノ
子	接頭詞,名詞接続,*,*,*,*,子,コ,コ
ヘン	名詞,一般,*,*,*,*,ヘン,ヘン,ヘン
の	助詞,連体化,*,*,*,*,の,ノ,ノ
もの	名詞,非自立,一般,*,*,*,もの,モノ,モノ
と	助詞,格助詞,一般,*,*,*,と,ト,ト
なる	動詞,自立,*,*,五段・ラ行,基本形,なる,ナル,ナル
。	記号,句点,*,*,*,*,。,。,。
そして	接続詞,*,*,*,*,*,そして,ソシテ,ソシテ
，	記号,読点,*,*,*,*,，,，,，
遠く	形容詞,自立,*,*,形容詞・アウオ段,連用テ接続,遠い,トオク,トーク
離れ	動詞,自立,*,*,一段,連用形,離れる,ハナレ,ハナレ
た	助動詞,*,*,*,特殊・タ,基本形,た,タ,タ
者	名詞,一般,*,*,*,*,者,モノ,モノ
たち	名詞,接尾,一般,*,*,*,たち,タチ,タチ
も	助詞,係助詞,*,*,*,*,も,モ,モ
やって来	動詞,自立,*,*,カ変・来ル,連用形,やって来る,ヤッテキ,ヤッテキ
て	助詞,接続助詞,*,*,*,*,て,テ,テ
，	記号,読点,*,*,*,*,，,，,，
エホバ	名詞,一般,*,*,*,*,エホバ,エホバ,エホバ
の	助詞,連体化,*,*,*,*,の,ノ,ノ
神殿	名詞,一般,*,*,*,*,神殿,シンデン,シンデン
で	助詞,格助詞,一般,*,*,*,で,デ,デ
まさに	副詞,一般,*,*,*,*,まさに,マサニ,マサニ
築く	動詞,自立,*,*,五段・カ行イ音便,基本形,築く,キズク,キズク
業	名詞,接尾,一般,*,*,*,業,ギョウ,ギョー
を	助詞,格助詞,一般,*,*,*,を,ヲ,ヲ
行なう	動詞,自立,*,*,五段・ワ行促音便,基本形,行なう,オコナウ,オコナウ
で	助動詞,*,*,*,特殊・ダ,連用形,だ,デ,デ
あろ	助動詞,*,*,*,五段・ラ行アル,未然ウ接続,ある,アロ,アロ
う	助動詞,*,*,*,不変化型,基本形,う,ウ,ウ
」	記号,括弧閉,*,*,*,*,」,」,」
。	記号,句点,*,*,*,*,。,。,。
こうして	接続詞,*,*,*,*,*,こうして,コウシテ,コーシテ
あなた	名詞,代名詞,一般,*,*,*,あなた,アナタ,アナタ
方	名詞,接尾,一般,*,*,*,方,カタ,カタ
は	助詞,係助詞,*,*,*,*,は,ハ,ワ
，	記号,読点,*,*,*,*,，,，,，
万	名詞,数,*,*,*,*,万,マン,マン
軍	名詞,接尾,一般,*,*,*,軍,グン,グン
の	助詞,連体化,*,*,*,*,の,ノ,ノ
エホバ	名詞,一般,*,*,*,*,エホバ,エホバ,エホバ
が	助詞,格助詞,一般,*,*,*,が,ガ,ガ
わたし	名詞,代名詞,一般,*,*,*,わたし,ワタシ,ワタシ
を	助詞,格助詞,一般,*,*,*,を,ヲ,ヲ
あなた	名詞,代名詞,一般,*,*,*,あなた,アナタ,アナタ
方	名詞,接尾,一般,*,*,*,方,カタ,カタ
の	助詞,連体化,*,*,*,*,の,ノ,ノ
もと	名詞,非自立,一般,*,*,*,もと,モト,モト
に	助詞,格助詞,一般,*,*,*,に,ニ,ニ
遣わさ	動詞,自立,*,*,五段・サ行,未然形,遣わす,ツカワサ,ツカワサ
れ	動詞,接尾,*,*,一段,連用形,れる,レ,レ
た	助動詞,*,*,*,特殊・タ,基本形,た,タ,タ
こと	名詞,非自立,一般,*,*,*,こと,コト,コト
を	助詞,格助詞,一般,*,*,*,を,ヲ,ヲ
必ず	副詞,助詞類接続,*,*,*,*,必ず,カナラズ,カナラズ
知る	動詞,自立,*,*,五段・ラ行,基本形,知る,シル,シル
で	助動詞,*,*,*,特殊・ダ,連用形,だ,デ,デ
あろ	助動詞,*,*,*,五段・ラ行アル,未然ウ接続,ある,アロ,アロ
う	助動詞,*,*,*,不変化型,基本形,う,ウ,ウ
。	記号,句点,*,*,*,*,。,。,。
そして	接続詞,*,*,*,*,*,そして,ソシテ,ソシテ
，	記号,読点,*,*,*,*,，,，,，
必ず	副詞,助詞類接続,*,*,*,*,必ず,カナラズ,カナラズ
そう	副詞,助詞類接続,*,*,*,*,そう,ソウ,ソー
なる	動詞,自立,*,*,五段・ラ行,基本形,なる,ナル,ナル
の	名詞,非自立,一般,*,*,*,の,ノ,ノ
で	助動詞,*,*,*,特殊・ダ,連用形,だ,デ,デ
ある	助動詞,*,*,*,五段・ラ行アル,基本形,ある,アル,アル
―	記号,一般,*,*,*,*,―,―,―
あなた	名詞,代名詞,一般,*,*,*,あなた,アナタ,アナタ
方	名詞,接尾,一般,*,*,*,方,カタ,カタ
が	助詞,格助詞,一般,*,*,*,が,ガ,ガ
あなた	名詞,代名詞,一般,*,*,*,あなた,アナタ,アナタ
方	名詞,接尾,一般,*,*,*,方,カタ,カタ
の	助詞,連体化,*,*,*,*,の,ノ,ノ
神	名詞,一般,*,*,*,*,神,カミ,カミ
エホバ	名詞,一般,*,*,*,*,エホバ,エホバ,エホバ
の	助詞,連体化,*,*,*,*,の,ノ,ノ
声	名詞,一般,*,*,*,*,声,コエ,コエ
に	助詞,格助詞,一般,*,*,*,に,ニ,ニ
確か	名詞,形容動詞語幹,*,*,*,*,確か,タシカ,タシカ
に	助詞,副詞化,*,*,*,*,に,ニ,ニ
聴き	動詞,自立,*,*,五段・カ行イ音便,連用形,聴く,キキ,キキ
従う	動詞,自立,*,*,五段・ワ行促音便,基本形,従う,シタガウ,シタガウ
なら	助動詞,*,*,*,特殊・ダ,仮定形,だ,ナラ,ナラ
ば	助詞,接続助詞,*,*,*,*,ば,バ,バ
』	記号,括弧閉,*,*,*,*,』,』,』
」	記号,括弧閉,*,*,*,*,」,」,」
。	記号,句点,*,*,*,*,。,。,。
EOS
