やがて	副詞,一般,*,*,*,*,やがて,ヤガテ,ヤガテ
エルバアル	名詞,一般,*,*,*,*,*
の	助詞,連体化,*,*,*,*,の,ノ,ノ
子	接頭詞,名詞接続,*,*,*,*,子,コ,コ
アビメレク	名詞,一般,*,*,*,*,*
は	助詞,係助詞,*,*,*,*,は,ハ,ワ
シェケム	名詞,一般,*,*,*,*,*
に	助詞,格助詞,一般,*,*,*,に,ニ,ニ
いる	動詞,自立,*,*,一段,基本形,いる,イル,イル
自分	名詞,一般,*,*,*,*,自分,ジブン,ジブン
の	助詞,連体化,*,*,*,*,の,ノ,ノ
母	名詞,一般,*,*,*,*,母,ハハ,ハハ
の	助詞,連体化,*,*,*,*,の,ノ,ノ
兄弟	名詞,一般,*,*,*,*,兄弟,キョウダイ,キョーダイ
たち	名詞,接尾,一般,*,*,*,たち,タチ,タチ
の	助詞,連体化,*,*,*,*,の,ノ,ノ
ところ	名詞,非自立,副詞可能,*,*,*,ところ,トコロ,トコロ
に	助詞,格助詞,一般,*,*,*,に,ニ,ニ
行き	動詞,自立,*,*,五段・カ行促音便,連用形,行く,イキ,イキ
，	記号,読点,*,*,*,*,，,，,，
彼ら	名詞,代名詞,一般,*,*,*,彼ら,カレラ,カレラ
および	接続詞,*,*,*,*,*,および,オヨビ,オヨビ
自分	名詞,一般,*,*,*,*,自分,ジブン,ジブン
の	助詞,連体化,*,*,*,*,の,ノ,ノ
母	名詞,一般,*,*,*,*,母,ハハ,ハハ
の	助詞,連体化,*,*,*,*,の,ノ,ノ
父	名詞,一般,*,*,*,*,父,チチ,チチ
の	助詞,連体化,*,*,*,*,の,ノ,ノ
家	名詞,一般,*,*,*,*,家,イエ,イエ
の	助詞,連体化,*,*,*,*,の,ノ,ノ
全	接頭詞,名詞接続,*,*,*,*,全,ゼン,ゼン
家族	名詞,一般,*,*,*,*,家族,カゾク,カゾク
に	助詞,格助詞,一般,*,*,*,に,ニ,ニ
語りかけ	動詞,自立,*,*,一段,連用形,語りかける,カタリカケ,カタリカケ
て	助詞,接続助詞,*,*,*,*,て,テ,テ
こう	副詞,助詞類接続,*,*,*,*,こう,コウ,コー
言っ	動詞,自立,*,*,五段・ワ行促音便,連用タ接続,言う,イッ,イッ
た	助動詞,*,*,*,特殊・タ,基本形,た,タ,タ
。	記号,句点,*,*,*,*,。,。,。
「	記号,括弧開,*,*,*,*,「,「,「
シェケム	名詞,一般,*,*,*,*,*
の	助詞,連体化,*,*,*,*,の,ノ,ノ
土地	名詞,一般,*,*,*,*,土地,トチ,トチ
所有	名詞,サ変接続,*,*,*,*,所有,ショユウ,ショユー
者	名詞,接尾,一般,*,*,*,者,シャ,シャ
すべて	名詞,副詞可能,*,*,*,*,すべて,スベテ,スベテ
の	助詞,連体化,*,*,*,*,の,ノ,ノ
聞く	動詞,自立,*,*,五段・カ行イ音便,基本形,聞く,キク,キク
ところ	名詞,非自立,副詞可能,*,*,*,ところ,トコロ,トコロ
で	助詞,格助詞,一般,*,*,*,で,デ,デ
，	記号,読点,*,*,*,*,，,，,，
どう	副詞,助詞類接続,*,*,*,*,どう,ドウ,ドー
か	助詞,副助詞／並立助詞／終助詞,*,*,*,*,か,カ,カ
こう	副詞,助詞類接続,*,*,*,*,こう,コウ,コー
話し	動詞,自立,*,*,五段・サ行,連用形,話す,ハナシ,ハナシ
て	助詞,接続助詞,*,*,*,*,て,テ,テ
ください	動詞,非自立,*,*,五段・ラ行特殊,命令ｉ,くださる,クダサイ,クダサイ
。	記号,句点,*,*,*,*,。,。,。
『	記号,括弧開,*,*,*,*,『,『,『
七	名詞,数,*,*,*,*,七,ナナ,ナナ
十	名詞,数,*,*,*,*,十,ジュウ,ジュー
人	名詞,接尾,助数詞,*,*,*,人,ニン,ニン
が	助詞,格助詞,一般,*,*,*,が,ガ,ガ
，	記号,読点,*,*,*,*,，,，,，
すなわち	接続詞,*,*,*,*,*,すなわち,スナワチ,スナワチ
エルバアル	名詞,一般,*,*,*,*,*
の	助詞,連体化,*,*,*,*,の,ノ,ノ
息子	名詞,一般,*,*,*,*,息子,ムスコ,ムスコ
たち	名詞,接尾,一般,*,*,*,たち,タチ,タチ
全員	名詞,一般,*,*,*,*,全員,ゼンイン,ゼンイン
が	助詞,格助詞,一般,*,*,*,が,ガ,ガ
あなた	名詞,代名詞,一般,*,*,*,あなた,アナタ,アナタ
方	名詞,接尾,一般,*,*,*,方,カタ,カタ
を	助詞,格助詞,一般,*,*,*,を,ヲ,ヲ
支配	名詞,サ変接続,*,*,*,*,支配,シハイ,シハイ
する	動詞,自立,*,*,サ変・スル,基本形,する,スル,スル
の	名詞,非自立,一般,*,*,*,の,ノ,ノ
と	助詞,並立助詞,*,*,*,*,と,ト,ト
，	記号,読点,*,*,*,*,，,，,，
一	名詞,数,*,*,*,*,一,イチ,イチ
人	名詞,接尾,助数詞,*,*,*,人,ニン,ニン
の	助詞,連体化,*,*,*,*,の,ノ,ノ
者	名詞,非自立,一般,*,*,*,者,モノ,モノ
が	助詞,格助詞,一般,*,*,*,が,ガ,ガ
支配	名詞,サ変接続,*,*,*,*,支配,シハイ,シハイ
する	動詞,自立,*,*,サ変・スル,基本形,する,スル,スル
の	名詞,非自立,一般,*,*,*,の,ノ,ノ
と	助詞,格助詞,一般,*,*,*,と,ト,ト
で	助詞,格助詞,一般,*,*,*,で,デ,デ
は	助詞,係助詞,*,*,*,*,は,ハ,ワ
，	記号,読点,*,*,*,*,，,，,，
どちら	名詞,代名詞,一般,*,*,*,どちら,ドチラ,ドチラ
が	助詞,格助詞,一般,*,*,*,が,ガ,ガ
あなた	名詞,代名詞,一般,*,*,*,あなた,アナタ,アナタ
方	名詞,接尾,一般,*,*,*,方,カタ,カタ
にとって	助詞,格助詞,連語,*,*,*,にとって,ニトッテ,ニトッテ
良い	形容詞,自立,*,*,形容詞・アウオ段,基本形,良い,ヨイ,ヨイ
だろ	助動詞,*,*,*,特殊・ダ,未然形,だ,ダロ,ダロ
う	助動詞,*,*,*,不変化型,基本形,う,ウ,ウ
か	助詞,副助詞／並立助詞／終助詞,*,*,*,*,か,カ,カ
。	記号,句点,*,*,*,*,。,。,。
そして	接続詞,*,*,*,*,*,そして,ソシテ,ソシテ
，	記号,読点,*,*,*,*,，,，,，
わたし	名詞,代名詞,一般,*,*,*,わたし,ワタシ,ワタシ
が	助詞,格助詞,一般,*,*,*,が,ガ,ガ
あなた	名詞,代名詞,一般,*,*,*,あなた,アナタ,アナタ
方	名詞,接尾,一般,*,*,*,方,カタ,カタ
の	助詞,連体化,*,*,*,*,の,ノ,ノ
骨肉	名詞,一般,*,*,*,*,骨肉,コツニク,コツニク
だ	助動詞,*,*,*,特殊・ダ,基本形,だ,ダ,ダ
という	助詞,格助詞,連語,*,*,*,という,トイウ,トユウ
こと	名詞,非自立,一般,*,*,*,こと,コト,コト
を	助詞,格助詞,一般,*,*,*,を,ヲ,ヲ
，	記号,読点,*,*,*,*,，,，,，
ぜひ	副詞,一般,*,*,*,*,ぜひ,ゼヒ,ゼヒ
覚え	動詞,自立,*,*,一段,連用形,覚える,オボエ,オボエ
て	助詞,接続助詞,*,*,*,*,て,テ,テ
い	動詞,非自立,*,*,一段,連用形,いる,イ,イ
て	助詞,接続助詞,*,*,*,*,て,テ,テ
もらい	動詞,非自立,*,*,五段・ワ行促音便,連用形,もらう,モライ,モライ
たい	助動詞,*,*,*,特殊・タイ,基本形,たい,タイ,タイ
』	記号,括弧閉,*,*,*,*,』,』,』
」	記号,括弧閉,*,*,*,*,」,」,」
。	記号,句点,*,*,*,*,。,。,。
そこで	接続詞,*,*,*,*,*,そこで,ソコデ,ソコデ
彼	名詞,代名詞,一般,*,*,*,彼,カレ,カレ
の	助詞,連体化,*,*,*,*,の,ノ,ノ
母	名詞,一般,*,*,*,*,母,ハハ,ハハ
の	助詞,連体化,*,*,*,*,の,ノ,ノ
兄弟	名詞,一般,*,*,*,*,兄弟,キョウダイ,キョーダイ
たち	名詞,接尾,一般,*,*,*,たち,タチ,タチ
は	助詞,係助詞,*,*,*,*,は,ハ,ワ
，	記号,読点,*,*,*,*,，,，,，
シェケム	名詞,一般,*,*,*,*,*
の	助詞,連体化,*,*,*,*,の,ノ,ノ
すべて	名詞,副詞可能,*,*,*,*,すべて,スベテ,スベテ
の	助詞,連体化,*,*,*,*,の,ノ,ノ
土地	名詞,一般,*,*,*,*,土地,トチ,トチ
所有	名詞,サ変接続,*,*,*,*,所有,ショユウ,ショユー
者	名詞,接尾,一般,*,*,*,者,シャ,シャ
たち	名詞,接尾,一般,*,*,*,たち,タチ,タチ
の	助詞,格助詞,一般,*,*,*,の,ノ,ノ
聞く	動詞,自立,*,*,五段・カ行イ音便,基本形,聞く,キク,キク
ところ	名詞,非自立,副詞可能,*,*,*,ところ,トコロ,トコロ
で	助詞,格助詞,一般,*,*,*,で,デ,デ
，	記号,読点,*,*,*,*,，,，,，
彼	名詞,代名詞,一般,*,*,*,彼,カレ,カレ
に関する	助詞,格助詞,連語,*,*,*,に関する,ニカンスル,ニカンスル
これら	名詞,代名詞,一般,*,*,*,これら,コレラ,コレラ
の	助詞,連体化,*,*,*,*,の,ノ,ノ
言葉	名詞,一般,*,*,*,*,言葉,コトバ,コトバ
を	助詞,格助詞,一般,*,*,*,を,ヲ,ヲ
すべて	名詞,副詞可能,*,*,*,*,すべて,スベテ,スベテ
話し	動詞,自立,*,*,五段・サ行,連用形,話す,ハナシ,ハナシ
て	助詞,接続助詞,*,*,*,*,て,テ,テ
いっ	動詞,非自立,*,*,五段・カ行促音便,連用タ接続,いく,イッ,イッ
た	助動詞,*,*,*,特殊・タ,基本形,た,タ,タ
。	記号,句点,*,*,*,*,。,。,。
その	連体詞,*,*,*,*,*,その,ソノ,ソノ
ため	名詞,非自立,副詞可能,*,*,*,ため,タメ,タメ
彼ら	名詞,代名詞,一般,*,*,*,彼ら,カレラ,カレラ
の	助詞,連体化,*,*,*,*,の,ノ,ノ
心	名詞,一般,*,*,*,*,心,ココロ,ココロ
は	助詞,係助詞,*,*,*,*,は,ハ,ワ
アビメレク	名詞,一般,*,*,*,*,*
に	助詞,格助詞,一般,*,*,*,に,ニ,ニ
傾く	動詞,自立,*,*,五段・カ行イ音便,基本形,傾く,カタムク,カタムク
よう	名詞,非自立,助動詞語幹,*,*,*,よう,ヨウ,ヨー
に	助詞,格助詞,一般,*,*,*,に,ニ,ニ
なっ	動詞,自立,*,*,五段・ラ行,連用タ接続,なる,ナッ,ナッ
た	助動詞,*,*,*,特殊・タ,基本形,た,タ,タ
。	記号,句点,*,*,*,*,。,。,。
「	記号,括弧開,*,*,*,*,「,「,「
彼	名詞,代名詞,一般,*,*,*,彼,カレ,カレ
は	助詞,係助詞,*,*,*,*,は,ハ,ワ
我々	名詞,代名詞,一般,*,*,*,我々,ワレワレ,ワレワレ
の	助詞,連体化,*,*,*,*,の,ノ,ノ
兄弟	名詞,一般,*,*,*,*,兄弟,キョウダイ,キョーダイ
な	助動詞,*,*,*,特殊・ダ,体言接続,だ,ナ,ナ
の	名詞,非自立,一般,*,*,*,の,ノ,ノ
だ	助動詞,*,*,*,特殊・ダ,基本形,だ,ダ,ダ
」	記号,括弧閉,*,*,*,*,」,」,」
と	助詞,格助詞,引用,*,*,*,と,ト,ト
彼ら	名詞,代名詞,一般,*,*,*,彼ら,カレラ,カレラ
は	助詞,係助詞,*,*,*,*,は,ハ,ワ
言う	動詞,自立,*,*,五段・ワ行促音便,基本形,言う,イウ,イウ
の	名詞,非自立,一般,*,*,*,の,ノ,ノ
で	助動詞,*,*,*,特殊・ダ,連用形,だ,デ,デ
あっ	助動詞,*,*,*,五段・ラ行アル,連用タ接続,ある,アッ,アッ
た	助動詞,*,*,*,特殊・タ,基本形,た,タ,タ
。	記号,句点,*,*,*,*,。,。,。
そう	副詞,助詞類接続,*,*,*,*,そう,ソウ,ソー
し	動詞,自立,*,*,サ変・スル,連用形,する,シ,シ
て	助詞,接続助詞,*,*,*,*,て,テ,テ
彼ら	名詞,代名詞,一般,*,*,*,彼ら,カレラ,カレラ
は	助詞,係助詞,*,*,*,*,は,ハ,ワ
バアル	名詞,一般,*,*,*,*,*
･	名詞,サ変接続,*,*,*,*,*
ベリト	名詞,一般,*,*,*,*,*
の	助詞,連体化,*,*,*,*,の,ノ,ノ
家	名詞,一般,*,*,*,*,家,イエ,イエ
から	助詞,格助詞,一般,*,*,*,から,カラ,カラ
銀	名詞,一般,*,*,*,*,銀,ギン,ギン
七	名詞,数,*,*,*,*,七,ナナ,ナナ
十	名詞,数,*,*,*,*,十,ジュウ,ジュー
枚	名詞,接尾,助数詞,*,*,*,枚,マイ,マイ
を	助詞,格助詞,一般,*,*,*,を,ヲ,ヲ
彼	名詞,代名詞,一般,*,*,*,彼,カレ,カレ
に	助詞,格助詞,一般,*,*,*,に,ニ,ニ
与え	動詞,自立,*,*,一段,連用形,与える,アタエ,アタエ
た	助動詞,*,*,*,特殊・タ,基本形,た,タ,タ
。	記号,句点,*,*,*,*,。,。,。
アビメレク	名詞,一般,*,*,*,*,*
は	助詞,係助詞,*,*,*,*,は,ハ,ワ
それ	名詞,代名詞,一般,*,*,*,それ,ソレ,ソレ
を	助詞,格助詞,一般,*,*,*,を,ヲ,ヲ
もっ	動詞,自立,*,*,五段・タ行,連用タ接続,もつ,モッ,モッ
て	助詞,接続助詞,*,*,*,*,て,テ,テ
怠惰	名詞,形容動詞語幹,*,*,*,*,怠惰,タイダ,タイダ
で	助動詞,*,*,*,特殊・ダ,連用形,だ,デ,デ
不遜	名詞,形容動詞語幹,*,*,*,*,不遜,フソン,フソン
な	助動詞,*,*,*,特殊・ダ,体言接続,だ,ナ,ナ
男	名詞,一般,*,*,*,*,男,オトコ,オトコ
たち	名詞,接尾,一般,*,*,*,たち,タチ,タチ
を	助詞,格助詞,一般,*,*,*,を,ヲ,ヲ
雇い	動詞,自立,*,*,五段・ワ行促音便,連用形,雇う,ヤトイ,ヤトイ
入れ	動詞,自立,*,*,一段,連用形,入れる,イレ,イレ
た	助動詞,*,*,*,特殊・タ,基本形,た,タ,タ
。	記号,句点,*,*,*,*,。,。,。
自分	名詞,一般,*,*,*,*,自分,ジブン,ジブン
に	助詞,格助詞,一般,*,*,*,に,ニ,ニ
付き添わ	動詞,自立,*,*,五段・ワ行促音便,未然形,付き添う,ツキソワ,ツキソワ
せる	動詞,接尾,*,*,一段,基本形,せる,セル,セル
ため	名詞,非自立,副詞可能,*,*,*,ため,タメ,タメ
で	助動詞,*,*,*,特殊・ダ,連用形,だ,デ,デ
あっ	助動詞,*,*,*,五段・ラ行アル,連用タ接続,ある,アッ,アッ
た	助動詞,*,*,*,特殊・タ,基本形,た,タ,タ
。	記号,句点,*,*,*,*,。,。,。
その	連体詞,*,*,*,*,*,その,ソノ,ソノ
のち	名詞,非自立,副詞可能,*,*,*,のち,ノチ,ノチ
彼	名詞,代名詞,一般,*,*,*,彼,カレ,カレ
は	助詞,係助詞,*,*,*,*,は,ハ,ワ
オフラ	名詞,一般,*,*,*,*,*
に	助詞,格助詞,一般,*,*,*,に,ニ,ニ
ある	動詞,自立,*,*,五段・ラ行,基本形,ある,アル,アル
自分	名詞,一般,*,*,*,*,自分,ジブン,ジブン
の	助詞,連体化,*,*,*,*,の,ノ,ノ
父	名詞,一般,*,*,*,*,父,チチ,チチ
の	助詞,連体化,*,*,*,*,の,ノ,ノ
家	名詞,一般,*,*,*,*,家,イエ,イエ
に	助詞,格助詞,一般,*,*,*,に,ニ,ニ
行き	動詞,自立,*,*,五段・カ行促音便,連用形,行く,イキ,イキ
，	記号,読点,*,*,*,*,，,，,，
自分	名詞,一般,*,*,*,*,自分,ジブン,ジブン
の	助詞,連体化,*,*,*,*,の,ノ,ノ
兄弟	名詞,一般,*,*,*,*,兄弟,キョウダイ,キョーダイ
たち	名詞,接尾,一般,*,*,*,たち,タチ,タチ
，	記号,読点,*,*,*,*,，,，,，
エルバアル	名詞,一般,*,*,*,*,*
の	助詞,連体化,*,*,*,*,の,ノ,ノ
息子	名詞,一般,*,*,*,*,息子,ムスコ,ムスコ
たち	名詞,接尾,一般,*,*,*,たち,タチ,タチ
七	名詞,数,*,*,*,*,七,ナナ,ナナ
十	名詞,数,*,*,*,*,十,ジュウ,ジュー
人	名詞,接尾,助数詞,*,*,*,人,ニン,ニン
を	助詞,格助詞,一般,*,*,*,を,ヲ,ヲ
一つ	名詞,一般,*,*,*,*,一つ,ヒトツ,ヒトツ
の	助詞,連体化,*,*,*,*,の,ノ,ノ
石	名詞,一般,*,*,*,*,石,イシ,イシ
の	助詞,連体化,*,*,*,*,の,ノ,ノ
上	名詞,非自立,副詞可能,*,*,*,上,ウエ,ウエ
で	助詞,格助詞,一般,*,*,*,で,デ,デ
殺し	動詞,自立,*,*,五段・サ行,連用形,殺す,コロシ,コロシ
た	助動詞,*,*,*,特殊・タ,基本形,た,タ,タ
。	記号,句点,*,*,*,*,。,。,。
しかし	接続詞,*,*,*,*,*,しかし,シカシ,シカシ
，	記号,読点,*,*,*,*,，,，,，
エルバアル	名詞,一般,*,*,*,*,*
の	助詞,連体化,*,*,*,*,の,ノ,ノ
一番	名詞,副詞可能,*,*,*,*,一番,イチバン,イチバン
下	名詞,接尾,一般,*,*,*,下,カ,カ
の	助詞,連体化,*,*,*,*,の,ノ,ノ
息子	名詞,一般,*,*,*,*,息子,ムスコ,ムスコ
ヨタム	名詞,一般,*,*,*,*,*
だけ	助詞,副助詞,*,*,*,*,だけ,ダケ,ダケ
は	助詞,係助詞,*,*,*,*,は,ハ,ワ
残っ	動詞,自立,*,*,五段・ラ行,連用タ接続,残る,ノコッ,ノコッ
た	助動詞,*,*,*,特殊・タ,基本形,た,タ,タ
。	記号,句点,*,*,*,*,。,。,。
彼	名詞,代名詞,一般,*,*,*,彼,カレ,カレ
は	助詞,係助詞,*,*,*,*,は,ハ,ワ
隠れ	動詞,自立,*,*,一段,連用形,隠れる,カクレ,カクレ
て	助詞,接続助詞,*,*,*,*,て,テ,テ
い	動詞,非自立,*,*,一段,連用形,いる,イ,イ
た	助動詞,*,*,*,特殊・タ,基本形,た,タ,タ
の	名詞,非自立,一般,*,*,*,の,ノ,ノ
で	助動詞,*,*,*,特殊・ダ,連用形,だ,デ,デ
ある	助動詞,*,*,*,五段・ラ行アル,基本形,ある,アル,アル
。	記号,句点,*,*,*,*,。,。,。
その後	名詞,副詞可能,*,*,*,*,その後,ソノゴ,ソノゴ
すぐ	副詞,助詞類接続,*,*,*,*,すぐ,スグ,スグ
シェケム	名詞,一般,*,*,*,*,*
の	助詞,連体化,*,*,*,*,の,ノ,ノ
土地	名詞,一般,*,*,*,*,土地,トチ,トチ
所有	名詞,サ変接続,*,*,*,*,所有,ショユウ,ショユー
者	名詞,接尾,一般,*,*,*,者,シャ,シャ
すべて	名詞,副詞可能,*,*,*,*,すべて,スベテ,スベテ
と	助詞,並立助詞,*,*,*,*,と,ト,ト
ミロ	名詞,一般,*,*,*,*,*
の	助詞,連体化,*,*,*,*,の,ノ,ノ
全	接頭詞,名詞接続,*,*,*,*,全,ゼン,ゼン
家	名詞,一般,*,*,*,*,家,イエ,イエ
は	助詞,係助詞,*,*,*,*,は,ハ,ワ
共に	副詞,一般,*,*,*,*,共に,トモニ,トモニ
集まり	動詞,自立,*,*,五段・ラ行,連用形,集まる,アツマリ,アツマリ
，	記号,読点,*,*,*,*,，,，,，
行っ	動詞,自立,*,*,五段・ワ行促音便,連用タ接続,行う,オコナッ,オコナッ
て	助詞,接続助詞,*,*,*,*,て,テ,テ
，	記号,読点,*,*,*,*,，,，,，
アビメレク	名詞,一般,*,*,*,*,*
が	助詞,格助詞,一般,*,*,*,が,ガ,ガ
王	名詞,一般,*,*,*,*,王,オウ,オー
として	助詞,格助詞,連語,*,*,*,として,トシテ,トシテ
統治	名詞,サ変接続,*,*,*,*,統治,トウチ,トーチ
する	動詞,自立,*,*,サ変・スル,基本形,する,スル,スル
よう	名詞,非自立,助動詞語幹,*,*,*,よう,ヨウ,ヨー
に	助詞,格助詞,一般,*,*,*,に,ニ,ニ
し	動詞,自立,*,*,サ変・スル,連用形,する,シ,シ
た	助動詞,*,*,*,特殊・タ,基本形,た,タ,タ
。	記号,句点,*,*,*,*,。,。,。
それ	名詞,代名詞,一般,*,*,*,それ,ソレ,ソレ
は	助詞,係助詞,*,*,*,*,は,ハ,ワ
大木	名詞,一般,*,*,*,*,大木,タイボク,タイボク
，	記号,読点,*,*,*,*,，,，,，
すなわち	接続詞,*,*,*,*,*,すなわち,スナワチ,スナワチ
シェケム	名詞,一般,*,*,*,*,*
の	助詞,連体化,*,*,*,*,の,ノ,ノ
柱	名詞,一般,*,*,*,*,柱,ハシラ,ハシラ
の	助詞,連体化,*,*,*,*,の,ノ,ノ
すぐ	副詞,助詞類接続,*,*,*,*,すぐ,スグ,スグ
近く	名詞,副詞可能,*,*,*,*,近く,チカク,チカク
で	助詞,格助詞,一般,*,*,*,で,デ,デ
の	助詞,連体化,*,*,*,*,の,ノ,ノ
こと	名詞,非自立,一般,*,*,*,こと,コト,コト
で	助動詞,*,*,*,特殊・ダ,連用形,だ,デ,デ
あっ	助動詞,*,*,*,五段・ラ行アル,連用タ接続,ある,アッ,アッ
た	助動詞,*,*,*,特殊・タ,基本形,た,タ,タ
。	記号,句点,*,*,*,*,。,。,。
人々	名詞,一般,*,*,*,*,人々,ヒトビト,ヒトビト
が	助詞,格助詞,一般,*,*,*,が,ガ,ガ
その	連体詞,*,*,*,*,*,その,ソノ,ソノ
こと	名詞,非自立,一般,*,*,*,こと,コト,コト
を	助詞,格助詞,一般,*,*,*,を,ヲ,ヲ
伝える	動詞,自立,*,*,一段,基本形,伝える,ツタエル,ツタエル
と	助詞,接続助詞,*,*,*,*,と,ト,ト
，	記号,読点,*,*,*,*,，,，,，
ヨタム	名詞,一般,*,*,*,*,*
は	助詞,係助詞,*,*,*,*,は,ハ,ワ
すぐさま	副詞,一般,*,*,*,*,すぐさま,スグサマ,スグサマ
行っ	動詞,自立,*,*,五段・カ行促音便,連用タ接続,行く,イッ,イッ
て	助詞,接続助詞,*,*,*,*,て,テ,テ
ゲリジム	名詞,固有名詞,地域,一般,*,*,*
山	名詞,接尾,地域,*,*,*,山,サン,サン
の	助詞,連体化,*,*,*,*,の,ノ,ノ
頂	名詞,一般,*,*,*,*,頂,イタダキ,イタダキ
に	助詞,格助詞,一般,*,*,*,に,ニ,ニ
立ち	動詞,自立,*,*,五段・タ行,連用形,立つ,タチ,タチ
，	記号,読点,*,*,*,*,，,，,，
声	名詞,一般,*,*,*,*,声,コエ,コエ
を	助詞,格助詞,一般,*,*,*,を,ヲ,ヲ
上げ	動詞,自立,*,*,一段,連用形,上げる,アゲ,アゲ
て	助詞,接続助詞,*,*,*,*,て,テ,テ
呼ばわり	動詞,自立,*,*,五段・ラ行,連用形,呼ばわる,ヨバワリ,ヨバワリ
，	記号,読点,*,*,*,*,，,，,，
人々	名詞,一般,*,*,*,*,人々,ヒトビト,ヒトビト
に	助詞,格助詞,一般,*,*,*,に,ニ,ニ
こう	副詞,助詞類接続,*,*,*,*,こう,コウ,コー
言っ	動詞,自立,*,*,五段・ワ行促音便,連用タ接続,言う,イッ,イッ
た	助動詞,*,*,*,特殊・タ,基本形,た,タ,タ
。	記号,句点,*,*,*,*,。,。,。
「	記号,括弧開,*,*,*,*,「,「,「
シェケム	名詞,一般,*,*,*,*,*
の	助詞,連体化,*,*,*,*,の,ノ,ノ
土地	名詞,一般,*,*,*,*,土地,トチ,トチ
所有	名詞,サ変接続,*,*,*,*,所有,ショユウ,ショユー
者	名詞,接尾,一般,*,*,*,者,シャ,シャ
たち	名詞,接尾,一般,*,*,*,たち,タチ,タチ
，	記号,読点,*,*,*,*,，,，,，
わたし	名詞,代名詞,一般,*,*,*,わたし,ワタシ,ワタシ
[	名詞,サ変接続,*,*,*,*,*
の	助詞,格助詞,一般,*,*,*,の,ノ,ノ
言う	動詞,自立,*,*,五段・ワ行促音便,基本形,言う,イウ,イウ
ところ	名詞,非自立,副詞可能,*,*,*,ところ,トコロ,トコロ
]	名詞,サ変接続,*,*,*,*,*
を	助詞,格助詞,一般,*,*,*,を,ヲ,ヲ
聴け	動詞,自立,*,*,五段・カ行イ音便,命令ｅ,聴く,キケ,キケ
。	記号,句点,*,*,*,*,。,。,。
そして	接続詞,*,*,*,*,*,そして,ソシテ,ソシテ
，	記号,読点,*,*,*,*,，,，,，
神	名詞,一般,*,*,*,*,神,カミ,カミ
も	助詞,係助詞,*,*,*,*,も,モ,モ
あなた	名詞,代名詞,一般,*,*,*,あなた,アナタ,アナタ
方	名詞,接尾,一般,*,*,*,方,カタ,カタ
[	名詞,サ変接続,*,*,*,*,*
の	助詞,格助詞,一般,*,*,*,の,ノ,ノ
言う	動詞,自立,*,*,五段・ワ行促音便,基本形,言う,イウ,イウ
ところ	名詞,非自立,副詞可能,*,*,*,ところ,トコロ,トコロ
]	名詞,サ変接続,*,*,*,*,*
を	助詞,格助詞,一般,*,*,*,を,ヲ,ヲ
聴か	動詞,自立,*,*,五段・カ行イ音便,未然形,聴く,キカ,キカ
れる	動詞,接尾,*,*,一段,基本形,れる,レル,レル
よう	名詞,非自立,助動詞語幹,*,*,*,よう,ヨウ,ヨー
に	助詞,格助詞,一般,*,*,*,に,ニ,ニ
。	記号,句点,*,*,*,*,。,。,。
「	記号,括弧開,*,*,*,*,「,「,「
昔	名詞,副詞可能,*,*,*,*,昔,ムカシ,ムカシ
，	記号,読点,*,*,*,*,，,，,，
木々	名詞,一般,*,*,*,*,木々,キギ,キギ
が	助詞,格助詞,一般,*,*,*,が,ガ,ガ
自分	名詞,一般,*,*,*,*,自分,ジブン,ジブン
たち	名詞,接尾,一般,*,*,*,たち,タチ,タチ
を	助詞,格助詞,一般,*,*,*,を,ヲ,ヲ
治める	動詞,自立,*,*,一段,基本形,治める,オサメル,オサメル
王	名詞,一般,*,*,*,*,王,オウ,オー
に	助詞,格助詞,一般,*,*,*,に,ニ,ニ
油	名詞,一般,*,*,*,*,油,アブラ,アブラ
を	助詞,格助詞,一般,*,*,*,を,ヲ,ヲ
そそぐ	動詞,自立,*,*,五段・ガ行,基本形,そそぐ,ソソグ,ソソグ
ため	名詞,非自立,副詞可能,*,*,*,ため,タメ,タメ
に	助詞,格助詞,一般,*,*,*,に,ニ,ニ
出かけ	動詞,自立,*,*,一段,連用形,出かける,デカケ,デカケ
て	助詞,接続助詞,*,*,*,*,て,テ,テ
行っ	動詞,非自立,*,*,五段・カ行促音便,連用タ接続,行く,イッ,イッ
た	助動詞,*,*,*,特殊・タ,基本形,た,タ,タ
。	記号,句点,*,*,*,*,。,。,。
そう	副詞,助詞類接続,*,*,*,*,そう,ソウ,ソー
し	動詞,自立,*,*,サ変・スル,連用形,する,シ,シ
て	助詞,接続助詞,*,*,*,*,て,テ,テ
彼ら	名詞,代名詞,一般,*,*,*,彼ら,カレラ,カレラ
は	助詞,係助詞,*,*,*,*,は,ハ,ワ
オリーブ	名詞,一般,*,*,*,*,オリーブ,オリーブ,オリーブ
の	助詞,連体化,*,*,*,*,の,ノ,ノ
木	名詞,一般,*,*,*,*,木,キ,キ
に	助詞,格助詞,一般,*,*,*,に,ニ,ニ
こう	副詞,助詞類接続,*,*,*,*,こう,コウ,コー
言っ	動詞,自立,*,*,五段・ワ行促音便,連用タ接続,言う,イッ,イッ
た	助動詞,*,*,*,特殊・タ,基本形,た,タ,タ
。	記号,句点,*,*,*,*,。,。,。
『	記号,括弧開,*,*,*,*,『,『,『
是非とも	副詞,一般,*,*,*,*,是非とも,ゼヒトモ,ゼヒトモ
わたし	名詞,代名詞,一般,*,*,*,わたし,ワタシ,ワタシ
たち	名詞,接尾,一般,*,*,*,たち,タチ,タチ
を	助詞,格助詞,一般,*,*,*,を,ヲ,ヲ
治める	動詞,自立,*,*,一段,基本形,治める,オサメル,オサメル
王	名詞,一般,*,*,*,*,王,オウ,オー
に	助詞,格助詞,一般,*,*,*,に,ニ,ニ
なっ	動詞,自立,*,*,五段・ラ行,連用タ接続,なる,ナッ,ナッ
て	助詞,接続助詞,*,*,*,*,て,テ,テ
ください	動詞,非自立,*,*,五段・ラ行特殊,命令ｉ,くださる,クダサイ,クダサイ
』	記号,括弧閉,*,*,*,*,』,』,』
。	記号,句点,*,*,*,*,。,。,。
しかし	接続詞,*,*,*,*,*,しかし,シカシ,シカシ
オリーブ	名詞,一般,*,*,*,*,オリーブ,オリーブ,オリーブ
の	助詞,連体化,*,*,*,*,の,ノ,ノ
木	名詞,一般,*,*,*,*,木,キ,キ
は	助詞,係助詞,*,*,*,*,は,ハ,ワ
彼ら	名詞,代名詞,一般,*,*,*,彼ら,カレラ,カレラ
に	助詞,格助詞,一般,*,*,*,に,ニ,ニ
言っ	動詞,自立,*,*,五段・ワ行促音便,連用タ接続,言う,イッ,イッ
た	助動詞,*,*,*,特殊・タ,基本形,た,タ,タ
，	記号,読点,*,*,*,*,，,，,，
『	記号,括弧開,*,*,*,*,『,『,『
わたし	名詞,代名詞,一般,*,*,*,わたし,ワタシ,ワタシ
は	助詞,係助詞,*,*,*,*,は,ハ,ワ
神	名詞,一般,*,*,*,*,神,カミ,カミ
と	助詞,並立助詞,*,*,*,*,と,ト,ト
人	名詞,一般,*,*,*,*,人,ヒト,ヒト
と	助詞,格助詞,一般,*,*,*,と,ト,ト
の	助詞,連体化,*,*,*,*,の,ノ,ノ
栄光	名詞,一般,*,*,*,*,栄光,エイコウ,エイコー
と	助詞,格助詞,一般,*,*,*,と,ト,ト
なる	動詞,自立,*,*,五段・ラ行,基本形,なる,ナル,ナル
わたし	名詞,代名詞,一般,*,*,*,わたし,ワタシ,ワタシ
の	助詞,格助詞,一般,*,*,*,の,ノ,ノ
肥え	動詞,自立,*,*,一段,連用形,肥える,コエ,コエ
た	助動詞,*,*,*,特殊・タ,基本形,た,タ,タ
もの	名詞,非自立,一般,*,*,*,もの,モノ,モノ
を	助詞,格助詞,一般,*,*,*,を,ヲ,ヲ
捨て	動詞,自立,*,*,一段,連用形,捨てる,ステ,ステ
て	助詞,接続助詞,*,*,*,*,て,テ,テ
，	記号,読点,*,*,*,*,，,，,，
他	名詞,一般,*,*,*,*,他,タ,タ
の	助詞,連体化,*,*,*,*,の,ノ,ノ
木々	名詞,一般,*,*,*,*,木々,キギ,キギ
の	助詞,連体化,*,*,*,*,の,ノ,ノ
上	名詞,非自立,副詞可能,*,*,*,上,ウエ,ウエ
に	助詞,格助詞,一般,*,*,*,に,ニ,ニ
揺れ動く	動詞,自立,*,*,五段・カ行イ音便,基本形,揺れ動く,ユレウゴク,ユレウゴク
ため	名詞,非自立,副詞可能,*,*,*,ため,タメ,タメ
に	助詞,格助詞,一般,*,*,*,に,ニ,ニ
出かけ	動詞,自立,*,*,一段,連用形,出かける,デカケ,デカケ
て	助詞,接続助詞,*,*,*,*,て,テ,テ
行か	動詞,非自立,*,*,五段・カ行促音便,未然形,行く,イカ,イカ
なけれ	助動詞,*,*,*,特殊・ナイ,仮定形,ない,ナケレ,ナケレ
ば	助詞,接続助詞,*,*,*,*,ば,バ,バ
なら	動詞,非自立,*,*,五段・ラ行,未然形,なる,ナラ,ナラ
ない	助動詞,*,*,*,特殊・ナイ,基本形,ない,ナイ,ナイ
の	名詞,非自立,一般,*,*,*,の,ノ,ノ
か	助詞,副助詞／並立助詞／終助詞,*,*,*,*,か,カ,カ
』	記号,括弧閉,*,*,*,*,』,』,』
。	記号,句点,*,*,*,*,。,。,。
そこで	接続詞,*,*,*,*,*,そこで,ソコデ,ソコデ
木々	名詞,一般,*,*,*,*,木々,キギ,キギ
は	助詞,係助詞,*,*,*,*,は,ハ,ワ
いちじく	名詞,一般,*,*,*,*,いちじく,イチジク,イチジク
の	助詞,連体化,*,*,*,*,の,ノ,ノ
木	名詞,一般,*,*,*,*,木,キ,キ
に	助詞,格助詞,一般,*,*,*,に,ニ,ニ
言っ	動詞,自立,*,*,五段・ワ行促音便,連用タ接続,言う,イッ,イッ
た	助動詞,*,*,*,特殊・タ,基本形,た,タ,タ
，	記号,読点,*,*,*,*,，,，,，
『	記号,括弧開,*,*,*,*,『,『,『
あなた	名詞,代名詞,一般,*,*,*,あなた,アナタ,アナタ
が	助詞,格助詞,一般,*,*,*,が,ガ,ガ
来	動詞,自立,*,*,カ変・来ル,連用形,来る,キ,キ
て	助詞,接続助詞,*,*,*,*,て,テ,テ
，	記号,読点,*,*,*,*,，,，,，
わたし	名詞,代名詞,一般,*,*,*,わたし,ワタシ,ワタシ
たち	名詞,接尾,一般,*,*,*,たち,タチ,タチ
の	助詞,連体化,*,*,*,*,の,ノ,ノ
上	名詞,非自立,副詞可能,*,*,*,上,ウエ,ウエ
に	助詞,格助詞,一般,*,*,*,に,ニ,ニ
女王	名詞,一般,*,*,*,*,女王,ジョオウ,ジョオー
と	助詞,格助詞,一般,*,*,*,と,ト,ト
なっ	動詞,自立,*,*,五段・ラ行,連用タ接続,なる,ナッ,ナッ
て	助詞,接続助詞,*,*,*,*,て,テ,テ
ください	動詞,非自立,*,*,五段・ラ行特殊,命令ｉ,くださる,クダサイ,クダサイ
』	記号,括弧閉,*,*,*,*,』,』,』
。	記号,句点,*,*,*,*,。,。,。
ところが	接続詞,*,*,*,*,*,ところが,トコロガ,トコロガ
いちじく	名詞,一般,*,*,*,*,いちじく,イチジク,イチジク
の	助詞,連体化,*,*,*,*,の,ノ,ノ
木	名詞,一般,*,*,*,*,木,キ,キ
は	助詞,係助詞,*,*,*,*,は,ハ,ワ
言っ	動詞,自立,*,*,五段・ワ行促音便,連用タ接続,言う,イッ,イッ
た	助動詞,*,*,*,特殊・タ,基本形,た,タ,タ
，	記号,読点,*,*,*,*,，,，,，
『	記号,括弧開,*,*,*,*,『,『,『
わたし	名詞,代名詞,一般,*,*,*,わたし,ワタシ,ワタシ
は	助詞,係助詞,*,*,*,*,は,ハ,ワ
自分	名詞,一般,*,*,*,*,自分,ジブン,ジブン
の	助詞,連体化,*,*,*,*,の,ノ,ノ
甘み	名詞,一般,*,*,*,*,甘み,アマミ,アマミ
と	助詞,並立助詞,*,*,*,*,と,ト,ト
良い	形容詞,自立,*,*,形容詞・アウオ段,基本形,良い,ヨイ,ヨイ
産物	名詞,一般,*,*,*,*,産物,サンブツ,サンブツ
と	助詞,並立助詞,*,*,*,*,と,ト,ト
を	助詞,格助詞,一般,*,*,*,を,ヲ,ヲ
捨て	動詞,自立,*,*,一段,連用形,捨てる,ステ,ステ
て	助詞,接続助詞,*,*,*,*,て,テ,テ
，	記号,読点,*,*,*,*,，,，,，
他	名詞,一般,*,*,*,*,他,タ,タ
の	助詞,連体化,*,*,*,*,の,ノ,ノ
木々	名詞,一般,*,*,*,*,木々,キギ,キギ
の	助詞,連体化,*,*,*,*,の,ノ,ノ
上	名詞,非自立,副詞可能,*,*,*,上,ウエ,ウエ
に	助詞,格助詞,一般,*,*,*,に,ニ,ニ
揺れ動く	動詞,自立,*,*,五段・カ行イ音便,基本形,揺れ動く,ユレウゴク,ユレウゴク
ため	名詞,非自立,副詞可能,*,*,*,ため,タメ,タメ
に	助詞,格助詞,一般,*,*,*,に,ニ,ニ
出かけ	動詞,自立,*,*,一段,連用形,出かける,デカケ,デカケ
て	助詞,接続助詞,*,*,*,*,て,テ,テ
行か	動詞,非自立,*,*,五段・カ行促音便,未然形,行く,イカ,イカ
なけれ	助動詞,*,*,*,特殊・ナイ,仮定形,ない,ナケレ,ナケレ
ば	助詞,接続助詞,*,*,*,*,ば,バ,バ
なら	動詞,非自立,*,*,五段・ラ行,未然形,なる,ナラ,ナラ
ない	助動詞,*,*,*,特殊・ナイ,基本形,ない,ナイ,ナイ
の	名詞,非自立,一般,*,*,*,の,ノ,ノ
でしょ	助動詞,*,*,*,特殊・デス,未然形,です,デショ,デショ
う	助動詞,*,*,*,不変化型,基本形,う,ウ,ウ
か	助詞,副助詞／並立助詞／終助詞,*,*,*,*,か,カ,カ
』	記号,括弧閉,*,*,*,*,』,』,』
。	記号,句点,*,*,*,*,。,。,。
次に	副詞,一般,*,*,*,*,次に,ツギニ,ツギニ
木々	名詞,一般,*,*,*,*,木々,キギ,キギ
は	助詞,係助詞,*,*,*,*,は,ハ,ワ
ぶどう	名詞,一般,*,*,*,*,ぶどう,ブドウ,ブドー
の	助詞,連体化,*,*,*,*,の,ノ,ノ
木	名詞,一般,*,*,*,*,木,キ,キ
に	助詞,格助詞,一般,*,*,*,に,ニ,ニ
言っ	動詞,自立,*,*,五段・ワ行促音便,連用タ接続,言う,イッ,イッ
た	助動詞,*,*,*,特殊・タ,基本形,た,タ,タ
，	記号,読点,*,*,*,*,，,，,，
『	記号,括弧開,*,*,*,*,『,『,『
あなた	名詞,代名詞,一般,*,*,*,あなた,アナタ,アナタ
が	助詞,格助詞,一般,*,*,*,が,ガ,ガ
来	動詞,自立,*,*,カ変・来ル,連用形,来る,キ,キ
て	助詞,接続助詞,*,*,*,*,て,テ,テ
，	記号,読点,*,*,*,*,，,，,，
わたし	名詞,代名詞,一般,*,*,*,わたし,ワタシ,ワタシ
たち	名詞,接尾,一般,*,*,*,たち,タチ,タチ
の	助詞,連体化,*,*,*,*,の,ノ,ノ
上	名詞,非自立,副詞可能,*,*,*,上,ウエ,ウエ
に	助詞,格助詞,一般,*,*,*,に,ニ,ニ
女王	名詞,一般,*,*,*,*,女王,ジョオウ,ジョオー
と	助詞,格助詞,一般,*,*,*,と,ト,ト
なっ	動詞,自立,*,*,五段・ラ行,連用タ接続,なる,ナッ,ナッ
て	助詞,接続助詞,*,*,*,*,て,テ,テ
ください	動詞,非自立,*,*,五段・ラ行特殊,命令ｉ,くださる,クダサイ,クダサイ
』	記号,括弧閉,*,*,*,*,』,』,』
。	記号,句点,*,*,*,*,。,。,。
それ	名詞,代名詞,一般,*,*,*,それ,ソレ,ソレ
に対して	助詞,格助詞,連語,*,*,*,に対して,ニタイシテ,ニタイシテ
ぶどう	名詞,一般,*,*,*,*,ぶどう,ブドウ,ブドー
の	助詞,連体化,*,*,*,*,の,ノ,ノ
木	名詞,一般,*,*,*,*,木,キ,キ
は	助詞,係助詞,*,*,*,*,は,ハ,ワ
言っ	動詞,自立,*,*,五段・ワ行促音便,連用タ接続,言う,イッ,イッ
た	助動詞,*,*,*,特殊・タ,基本形,た,タ,タ
，	記号,読点,*,*,*,*,，,，,，
『	記号,括弧開,*,*,*,*,『,『,『
わたし	名詞,代名詞,一般,*,*,*,わたし,ワタシ,ワタシ
は	助詞,係助詞,*,*,*,*,は,ハ,ワ
神	名詞,一般,*,*,*,*,神,カミ,カミ
と	助詞,並立助詞,*,*,*,*,と,ト,ト
人	名詞,一般,*,*,*,*,人,ヒト,ヒト
と	助詞,並立助詞,*,*,*,*,と,ト,ト
を	助詞,格助詞,一般,*,*,*,を,ヲ,ヲ
歓ば	動詞,自立,*,*,五段・バ行,未然形,歓ぶ,ヨロコバ,ヨロコバ
せる	動詞,接尾,*,*,一段,基本形,せる,セル,セル
わたし	名詞,代名詞,一般,*,*,*,わたし,ワタシ,ワタシ
の	助詞,連体化,*,*,*,*,の,ノ,ノ
新しい	形容詞,自立,*,*,形容詞・イ段,基本形,新しい,アタラシイ,アタラシイ
ぶどう酒	名詞,一般,*,*,*,*,ぶどう酒,ブドウシュ,ブドーシュ
を	助詞,格助詞,一般,*,*,*,を,ヲ,ヲ
捨て	動詞,自立,*,*,一段,連用形,捨てる,ステ,ステ
て	助詞,接続助詞,*,*,*,*,て,テ,テ
，	記号,読点,*,*,*,*,，,，,，
他	名詞,一般,*,*,*,*,他,タ,タ
の	助詞,連体化,*,*,*,*,の,ノ,ノ
木々	名詞,一般,*,*,*,*,木々,キギ,キギ
の	助詞,連体化,*,*,*,*,の,ノ,ノ
上	名詞,非自立,副詞可能,*,*,*,上,ウエ,ウエ
に	助詞,格助詞,一般,*,*,*,に,ニ,ニ
揺れ動く	動詞,自立,*,*,五段・カ行イ音便,基本形,揺れ動く,ユレウゴク,ユレウゴク
ため	名詞,非自立,副詞可能,*,*,*,ため,タメ,タメ
に	助詞,格助詞,一般,*,*,*,に,ニ,ニ
出かけ	動詞,自立,*,*,一段,連用形,出かける,デカケ,デカケ
て	助詞,接続助詞,*,*,*,*,て,テ,テ
行か	動詞,非自立,*,*,五段・カ行促音便,未然形,行く,イカ,イカ
なけれ	助動詞,*,*,*,特殊・ナイ,仮定形,ない,ナケレ,ナケレ
ば	助詞,接続助詞,*,*,*,*,ば,バ,バ
なら	動詞,非自立,*,*,五段・ラ行,未然形,なる,ナラ,ナラ
ない	助動詞,*,*,*,特殊・ナイ,基本形,ない,ナイ,ナイ
でしょ	助動詞,*,*,*,特殊・デス,未然形,です,デショ,デショ
う	助動詞,*,*,*,不変化型,基本形,う,ウ,ウ
か	助詞,副助詞／並立助詞／終助詞,*,*,*,*,か,カ,カ
』	記号,括弧閉,*,*,*,*,』,』,』
。	記号,句点,*,*,*,*,。,。,。
最後	名詞,一般,*,*,*,*,最後,サイゴ,サイゴ
に	助詞,格助詞,一般,*,*,*,に,ニ,ニ
他	名詞,一般,*,*,*,*,他,タ,タ
の	助詞,連体化,*,*,*,*,の,ノ,ノ
すべて	名詞,副詞可能,*,*,*,*,すべて,スベテ,スベテ
の	助詞,連体化,*,*,*,*,の,ノ,ノ
木	名詞,一般,*,*,*,*,木,キ,キ
は	助詞,係助詞,*,*,*,*,は,ハ,ワ
野	名詞,一般,*,*,*,*,野,ノ,ノ
いばら	名詞,一般,*,*,*,*,いばら,イバラ,イバラ
に	助詞,格助詞,一般,*,*,*,に,ニ,ニ
言っ	動詞,自立,*,*,五段・ワ行促音便,連用タ接続,言う,イッ,イッ
た	助動詞,*,*,*,特殊・タ,基本形,た,タ,タ
，	記号,読点,*,*,*,*,，,，,，
『	記号,括弧開,*,*,*,*,『,『,『
あなた	名詞,代名詞,一般,*,*,*,あなた,アナタ,アナタ
が	助詞,格助詞,一般,*,*,*,が,ガ,ガ
来	動詞,自立,*,*,カ変・来ル,連用形,来る,キ,キ
て	助詞,接続助詞,*,*,*,*,て,テ,テ
，	記号,読点,*,*,*,*,，,，,，
わたし	名詞,代名詞,一般,*,*,*,わたし,ワタシ,ワタシ
たち	名詞,接尾,一般,*,*,*,たち,タチ,タチ
の	助詞,連体化,*,*,*,*,の,ノ,ノ
上	名詞,非自立,副詞可能,*,*,*,上,ウエ,ウエ
に	助詞,格助詞,一般,*,*,*,に,ニ,ニ
王	名詞,一般,*,*,*,*,王,オウ,オー
と	助詞,格助詞,一般,*,*,*,と,ト,ト
なっ	動詞,自立,*,*,五段・ラ行,連用タ接続,なる,ナッ,ナッ
て	助詞,接続助詞,*,*,*,*,て,テ,テ
ください	動詞,非自立,*,*,五段・ラ行特殊,命令ｉ,くださる,クダサイ,クダサイ
』	記号,括弧閉,*,*,*,*,』,』,』
。	記号,句点,*,*,*,*,。,。,。
これ	名詞,代名詞,一般,*,*,*,これ,コレ,コレ
に対し	助詞,格助詞,連語,*,*,*,に対し,ニタイシ,ニタイシ
野	名詞,一般,*,*,*,*,野,ノ,ノ
いばら	名詞,一般,*,*,*,*,いばら,イバラ,イバラ
は	助詞,係助詞,*,*,*,*,は,ハ,ワ
木々	名詞,一般,*,*,*,*,木々,キギ,キギ
に	助詞,格助詞,一般,*,*,*,に,ニ,ニ
言っ	動詞,自立,*,*,五段・ワ行促音便,連用タ接続,言う,イッ,イッ
た	助動詞,*,*,*,特殊・タ,基本形,た,タ,タ
，	記号,読点,*,*,*,*,，,，,，
『	記号,括弧開,*,*,*,*,『,『,『
あなた	名詞,代名詞,一般,*,*,*,あなた,アナタ,アナタ
方	名詞,接尾,一般,*,*,*,方,カタ,カタ
が	助詞,格助詞,一般,*,*,*,が,ガ,ガ
わたし	名詞,代名詞,一般,*,*,*,わたし,ワタシ,ワタシ
に	助詞,格助詞,一般,*,*,*,に,ニ,ニ
油	名詞,一般,*,*,*,*,油,アブラ,アブラ
を	助詞,格助詞,一般,*,*,*,を,ヲ,ヲ
そそい	動詞,自立,*,*,五段・ガ行,連用タ接続,そそぐ,ソソイ,ソソイ
で	助詞,接続助詞,*,*,*,*,で,デ,デ
あなた	名詞,代名詞,一般,*,*,*,あなた,アナタ,アナタ
方	名詞,接尾,一般,*,*,*,方,カタ,カタ
の	助詞,連体化,*,*,*,*,の,ノ,ノ
王	名詞,一般,*,*,*,*,王,オウ,オー
に	助詞,格助詞,一般,*,*,*,に,ニ,ニ
する	動詞,自立,*,*,サ変・スル,基本形,する,スル,スル
という	助詞,格助詞,連語,*,*,*,という,トイウ,トユウ
の	名詞,非自立,一般,*,*,*,の,ノ,ノ
が	助詞,格助詞,一般,*,*,*,が,ガ,ガ
真実	名詞,一般,*,*,*,*,真実,シンジツ,シンジツ
で	助動詞,*,*,*,特殊・ダ,連用形,だ,デ,デ
ある	助動詞,*,*,*,五段・ラ行アル,基本形,ある,アル,アル
なら	助動詞,*,*,*,特殊・ダ,仮定形,だ,ナラ,ナラ
，	記号,読点,*,*,*,*,，,，,，
来	動詞,自立,*,*,カ変・来ル,連用形,来る,キ,キ
て	助詞,接続助詞,*,*,*,*,て,テ,テ
わたし	名詞,代名詞,一般,*,*,*,わたし,ワタシ,ワタシ
の	助詞,連体化,*,*,*,*,の,ノ,ノ
影	名詞,一般,*,*,*,*,影,カゲ,カゲ
の	助詞,連体化,*,*,*,*,の,ノ,ノ
下	名詞,一般,*,*,*,*,下,シタ,シタ
に	助詞,格助詞,一般,*,*,*,に,ニ,ニ
避難	名詞,サ変接続,*,*,*,*,避難,ヒナン,ヒナン
し	動詞,自立,*,*,サ変・スル,連用形,する,シ,シ
たら	助動詞,*,*,*,特殊・タ,仮定形,た,タラ,タラ
よい	形容詞,自立,*,*,形容詞・アウオ段,基本形,よい,ヨイ,ヨイ
だろ	助動詞,*,*,*,特殊・ダ,未然形,だ,ダロ,ダロ
う	助動詞,*,*,*,不変化型,基本形,う,ウ,ウ
。	記号,句点,*,*,*,*,。,。,。
だが	接続詞,*,*,*,*,*,だが,ダガ,ダガ
，	記号,読点,*,*,*,*,，,，,，
もし	副詞,一般,*,*,*,*,もし,モシ,モシ
そう	副詞,助詞類接続,*,*,*,*,そう,ソウ,ソー
で	助動詞,*,*,*,特殊・ダ,連用形,だ,デ,デ
ない	助動詞,*,*,*,特殊・ナイ,基本形,ない,ナイ,ナイ
の	名詞,非自立,一般,*,*,*,の,ノ,ノ
なら	助動詞,*,*,*,特殊・ダ,仮定形,だ,ナラ,ナラ
，	記号,読点,*,*,*,*,，,，,，
火	名詞,一般,*,*,*,*,火,ヒ,ヒ
が	助詞,格助詞,一般,*,*,*,が,ガ,ガ
この	連体詞,*,*,*,*,*,この,コノ,コノ
野	名詞,一般,*,*,*,*,野,ノ,ノ
いばら	名詞,一般,*,*,*,*,いばら,イバラ,イバラ
から	助詞,格助詞,一般,*,*,*,から,カラ,カラ
出	動詞,自立,*,*,一段,連用形,出る,デ,デ
て	助詞,接続助詞,*,*,*,*,て,テ,テ
，	記号,読点,*,*,*,*,，,，,，
レバノン	名詞,固有名詞,地域,国,*,*,レバノン,レバノン,レバノン
の	助詞,連体化,*,*,*,*,の,ノ,ノ
杉	名詞,一般,*,*,*,*,杉,スギ,スギ
を	助詞,格助詞,一般,*,*,*,を,ヲ,ヲ
も	助詞,係助詞,*,*,*,*,も,モ,モ
焼き	動詞,自立,*,*,五段・カ行イ音便,連用形,焼く,ヤキ,ヤキ
尽くす	動詞,非自立,*,*,五段・サ行,基本形,尽くす,ツクス,ツクス
よう	名詞,非自立,助動詞語幹,*,*,*,よう,ヨウ,ヨー
に	助詞,副詞化,*,*,*,*,に,ニ,ニ
』	記号,括弧閉,*,*,*,*,』,』,』
。	記号,句点,*,*,*,*,。,。,。
「	記号,括弧開,*,*,*,*,「,「,「
それで	接続詞,*,*,*,*,*,それで,ソレデ,ソレデ
今	名詞,副詞可能,*,*,*,*,今,イマ,イマ
，	記号,読点,*,*,*,*,，,，,，
あなた	名詞,代名詞,一般,*,*,*,あなた,アナタ,アナタ
方	名詞,接尾,一般,*,*,*,方,カタ,カタ
の	助詞,連体化,*,*,*,*,の,ノ,ノ
行動	名詞,サ変接続,*,*,*,*,行動,コウドウ,コードー
が	助詞,格助詞,一般,*,*,*,が,ガ,ガ
，	記号,読点,*,*,*,*,，,，,，
そして	接続詞,*,*,*,*,*,そして,ソシテ,ソシテ
アビメレク	名詞,一般,*,*,*,*,*
を	助詞,格助詞,一般,*,*,*,を,ヲ,ヲ
王	名詞,一般,*,*,*,*,王,オウ,オー
に	助詞,格助詞,一般,*,*,*,に,ニ,ニ
し	動詞,自立,*,*,サ変・スル,連用形,する,シ,シ
た	助動詞,*,*,*,特殊・タ,基本形,た,タ,タ
こと	名詞,非自立,一般,*,*,*,こと,コト,コト
が	助詞,格助詞,一般,*,*,*,が,ガ,ガ
，	記号,読点,*,*,*,*,，,，,，
真実	名詞,一般,*,*,*,*,真実,シンジツ,シンジツ
から	助詞,格助詞,一般,*,*,*,から,カラ,カラ
出	動詞,自立,*,*,一段,連用形,出る,デ,デ
た	助動詞,*,*,*,特殊・タ,基本形,た,タ,タ
，	記号,読点,*,*,*,*,，,，,，
と	助詞,格助詞,引用,*,*,*,と,ト,ト
が	接続詞,*,*,*,*,*,が,ガ,ガ
の	助詞,格助詞,一般,*,*,*,の,ノ,ノ
ない	形容詞,自立,*,*,形容詞・アウオ段,基本形,ない,ナイ,ナイ
こと	名詞,非自立,一般,*,*,*,こと,コト,コト
で	助動詞,*,*,*,特殊・ダ,連用形,だ,デ,デ
ある	助動詞,*,*,*,五段・ラ行アル,基本形,ある,アル,アル
の	名詞,非自立,一般,*,*,*,の,ノ,ノ
なら	助動詞,*,*,*,特殊・ダ,仮定形,だ,ナラ,ナラ
，	記号,読点,*,*,*,*,，,，,，
また	接続詞,*,*,*,*,*,また,マタ,マタ
あなた	名詞,代名詞,一般,*,*,*,あなた,アナタ,アナタ
方	名詞,接尾,一般,*,*,*,方,カタ,カタ
が	助詞,格助詞,一般,*,*,*,が,ガ,ガ
エルバアル	名詞,一般,*,*,*,*,*
と	助詞,格助詞,一般,*,*,*,と,ト,ト
その	連体詞,*,*,*,*,*,その,ソノ,ソノ
家	名詞,一般,*,*,*,*,家,イエ,イエ
の	助詞,連体化,*,*,*,*,の,ノ,ノ
者	名詞,一般,*,*,*,*,者,モノ,モノ
たち	名詞,接尾,一般,*,*,*,たち,タチ,タチ
に	助詞,格助詞,一般,*,*,*,に,ニ,ニ
行なっ	動詞,自立,*,*,五段・ワ行促音便,連用タ接続,行なう,オコナッ,オコナッ
た	助動詞,*,*,*,特殊・タ,基本形,た,タ,タ
の	名詞,非自立,一般,*,*,*,の,ノ,ノ
が	助詞,格助詞,一般,*,*,*,が,ガ,ガ
善い	形容詞,自立,*,*,形容詞・アウオ段,基本形,善い,ヨイ,ヨイ
こと	名詞,非自立,一般,*,*,*,こと,コト,コト
で	助動詞,*,*,*,特殊・ダ,連用形,だ,デ,デ
あっ	助動詞,*,*,*,五段・ラ行アル,連用タ接続,ある,アッ,アッ
た	助動詞,*,*,*,特殊・タ,基本形,た,タ,タ
の	名詞,非自立,一般,*,*,*,の,ノ,ノ
なら	助動詞,*,*,*,特殊・ダ,仮定形,だ,ナラ,ナラ
，	記号,読点,*,*,*,*,，,，,，
さらに	副詞,助詞類接続,*,*,*,*,さらに,サラニ,サラニ
彼	名詞,代名詞,一般,*,*,*,彼,カレ,カレ
に対し	助詞,格助詞,連語,*,*,*,に対し,ニタイシ,ニタイシ
その	連体詞,*,*,*,*,*,その,ソノ,ソノ
手	名詞,一般,*,*,*,*,手,テ,テ
の	助詞,連体化,*,*,*,*,の,ノ,ノ
働き	名詞,一般,*,*,*,*,働き,ハタラキ,ハタラキ
に	助詞,格助詞,一般,*,*,*,に,ニ,ニ
価する	動詞,自立,*,*,サ変・−スル,基本形,価する,アタイスル,アタイスル
とおり	名詞,非自立,副詞可能,*,*,*,とおり,トオリ,トーリ
の	助詞,連体化,*,*,*,*,の,ノ,ノ
こと	名詞,非自立,一般,*,*,*,こと,コト,コト
を	助詞,格助詞,一般,*,*,*,を,ヲ,ヲ
行なっ	動詞,自立,*,*,五段・ワ行促音便,連用タ接続,行なう,オコナッ,オコナッ
た	助動詞,*,*,*,特殊・タ,基本形,た,タ,タ
の	名詞,非自立,一般,*,*,*,の,ノ,ノ
で	助動詞,*,*,*,特殊・ダ,連用形,だ,デ,デ
あれ	助動詞,*,*,*,五段・ラ行アル,仮定形,ある,アレ,アレ
ば	助詞,接続助詞,*,*,*,*,ば,バ,バ
―	記号,一般,*,*,*,*,―,―,―
わたし	名詞,代名詞,一般,*,*,*,わたし,ワタシ,ワタシ
の	助詞,連体化,*,*,*,*,の,ノ,ノ
父	名詞,一般,*,*,*,*,父,チチ,チチ
は	助詞,係助詞,*,*,*,*,は,ハ,ワ
あなた	名詞,代名詞,一般,*,*,*,あなた,アナタ,アナタ
方	名詞,接尾,一般,*,*,*,方,カタ,カタ
の	助詞,連体化,*,*,*,*,の,ノ,ノ
ため	名詞,非自立,副詞可能,*,*,*,ため,タメ,タメ
に	助詞,格助詞,一般,*,*,*,に,ニ,ニ
戦い	動詞,自立,*,*,五段・ワ行促音便,連用形,戦う,タタカイ,タタカイ
，	記号,読点,*,*,*,*,，,，,，
あなた	名詞,代名詞,一般,*,*,*,あなた,アナタ,アナタ
方	名詞,接尾,一般,*,*,*,方,カタ,カタ
を	助詞,格助詞,一般,*,*,*,を,ヲ,ヲ
ミディアン	名詞,一般,*,*,*,*,*
の	助詞,連体化,*,*,*,*,の,ノ,ノ
手	名詞,一般,*,*,*,*,手,テ,テ
から	助詞,格助詞,一般,*,*,*,から,カラ,カラ
救い出そ	動詞,自立,*,*,五段・サ行,未然ウ接続,救い出す,スクイダソ,スクイダソ
う	助動詞,*,*,*,不変化型,基本形,う,ウ,ウ
と	助詞,格助詞,引用,*,*,*,と,ト,ト
自分	名詞,一般,*,*,*,*,自分,ジブン,ジブン
の	助詞,連体化,*,*,*,*,の,ノ,ノ
魂	名詞,一般,*,*,*,*,魂,タマシイ,タマシー
を	助詞,格助詞,一般,*,*,*,を,ヲ,ヲ
さえ	助詞,係助詞,*,*,*,*,さえ,サエ,サエ
危うく	形容詞,自立,*,*,形容詞・アウオ段,連用テ接続,危うい,アヤウク,アヤウク
し	動詞,自立,*,*,サ変・スル,連用形,する,シ,シ
た	助動詞,*,*,*,特殊・タ,基本形,た,タ,タ
。	記号,句点,*,*,*,*,。,。,。
それなのに	接続詞,*,*,*,*,*,それなのに,ソレナノニ,ソレナノニ
あなた	名詞,代名詞,一般,*,*,*,あなた,アナタ,アナタ
方	名詞,接尾,一般,*,*,*,方,カタ,カタ
は	助詞,係助詞,*,*,*,*,は,ハ,ワ
今日	名詞,副詞可能,*,*,*,*,今日,キョウ,キョー
わたし	名詞,代名詞,一般,*,*,*,わたし,ワタシ,ワタシ
の	助詞,連体化,*,*,*,*,の,ノ,ノ
父	名詞,一般,*,*,*,*,父,チチ,チチ
の	助詞,連体化,*,*,*,*,の,ノ,ノ
家	名詞,一般,*,*,*,*,家,イエ,イエ
の	助詞,連体化,*,*,*,*,の,ノ,ノ
者	名詞,一般,*,*,*,*,者,モノ,モノ
たち	名詞,接尾,一般,*,*,*,たち,タチ,タチ
に	助詞,格助詞,一般,*,*,*,に,ニ,ニ
敵し	動詞,自立,*,*,五段・サ行,連用形,敵す,テキシ,テキシ
て	助詞,接続助詞,*,*,*,*,て,テ,テ
立ち上がり	動詞,自立,*,*,五段・ラ行,連用形,立ち上がる,タチアガリ,タチアガリ
，	記号,読点,*,*,*,*,，,，,，
その	連体詞,*,*,*,*,*,その,ソノ,ソノ
子	名詞,一般,*,*,*,*,子,コ,コ
ら	名詞,接尾,一般,*,*,*,ら,ラ,ラ
七	名詞,数,*,*,*,*,七,ナナ,ナナ
十	名詞,数,*,*,*,*,十,ジュウ,ジュー
人	名詞,接尾,助数詞,*,*,*,人,ニン,ニン
を	助詞,格助詞,一般,*,*,*,を,ヲ,ヲ
一つ	名詞,一般,*,*,*,*,一つ,ヒトツ,ヒトツ
の	助詞,連体化,*,*,*,*,の,ノ,ノ
石	名詞,一般,*,*,*,*,石,イシ,イシ
の	助詞,連体化,*,*,*,*,の,ノ,ノ
上	名詞,非自立,副詞可能,*,*,*,上,ウエ,ウエ
で	助詞,格助詞,一般,*,*,*,で,デ,デ
殺し	動詞,自立,*,*,五段・サ行,連用形,殺す,コロシ,コロシ
，	記号,読点,*,*,*,*,，,，,，
奴隷	名詞,一般,*,*,*,*,奴隷,ドレイ,ドレイ
女の子	名詞,一般,*,*,*,*,女の子,オンナノコ,オンナノコ
アビメレク	名詞,一般,*,*,*,*,*
を	助詞,格助詞,一般,*,*,*,を,ヲ,ヲ
，	記号,読点,*,*,*,*,，,，,，
それ	名詞,代名詞,一般,*,*,*,それ,ソレ,ソレ
が	助詞,格助詞,一般,*,*,*,が,ガ,ガ
ただ	接続詞,*,*,*,*,*,ただ,タダ,タダ
自分	名詞,一般,*,*,*,*,自分,ジブン,ジブン
たち	名詞,接尾,一般,*,*,*,たち,タチ,タチ
の	助詞,連体化,*,*,*,*,の,ノ,ノ
兄弟	名詞,一般,*,*,*,*,兄弟,キョウダイ,キョーダイ
で	助動詞,*,*,*,特殊・ダ,連用形,だ,デ,デ
ある	助動詞,*,*,*,五段・ラ行アル,基本形,ある,アル,アル
と	助詞,格助詞,引用,*,*,*,と,ト,ト
いう	動詞,自立,*,*,五段・ワ行促音便,基本形,いう,イウ,イウ
だけ	助詞,副助詞,*,*,*,*,だけ,ダケ,ダケ
で	助動詞,*,*,*,特殊・ダ,連用形,だ,デ,デ
，	記号,読点,*,*,*,*,，,，,，
シェケム	名詞,一般,*,*,*,*,*
の	助詞,連体化,*,*,*,*,の,ノ,ノ
土地	名詞,一般,*,*,*,*,土地,トチ,トチ
所有	名詞,サ変接続,*,*,*,*,所有,ショユウ,ショユー
者	名詞,接尾,一般,*,*,*,者,シャ,シャ
たち	名詞,接尾,一般,*,*,*,たち,タチ,タチ
の	助詞,連体化,*,*,*,*,の,ノ,ノ
王	名詞,一般,*,*,*,*,王,オウ,オー
に	助詞,格助詞,一般,*,*,*,に,ニ,ニ
なら	動詞,自立,*,*,五段・ラ行,未然形,なる,ナラ,ナラ
せよ	動詞,接尾,*,*,一段,未然ウ接続,せる,セヨ,セヨ
う	助動詞,*,*,*,不変化型,基本形,う,ウ,ウ
と	助詞,格助詞,引用,*,*,*,と,ト,ト
し	動詞,自立,*,*,サ変・スル,連用形,する,シ,シ
た	助動詞,*,*,*,特殊・タ,基本形,た,タ,タ
。	記号,句点,*,*,*,*,。,。,。
そう	副詞,助詞類接続,*,*,*,*,そう,ソウ,ソー
だ	助動詞,*,*,*,特殊・ダ,基本形,だ,ダ,ダ
，	記号,読点,*,*,*,*,，,，,，
あなた	名詞,代名詞,一般,*,*,*,あなた,アナタ,アナタ
方	名詞,接尾,一般,*,*,*,方,カタ,カタ
が	助詞,格助詞,一般,*,*,*,が,ガ,ガ
エルバアル	名詞,一般,*,*,*,*,*
と	助詞,格助詞,一般,*,*,*,と,ト,ト
その	連体詞,*,*,*,*,*,その,ソノ,ソノ
家	名詞,一般,*,*,*,*,家,イエ,イエ
の	助詞,連体化,*,*,*,*,の,ノ,ノ
者	名詞,一般,*,*,*,*,者,モノ,モノ
たち	名詞,接尾,一般,*,*,*,たち,タチ,タチ
に対して	助詞,格助詞,連語,*,*,*,に対して,ニタイシテ,ニタイシテ
今日	名詞,副詞可能,*,*,*,*,今日,キョウ,キョー
この	連体詞,*,*,*,*,*,この,コノ,コノ
日	名詞,非自立,副詞可能,*,*,*,日,ヒ,ヒ
に	助詞,格助詞,一般,*,*,*,に,ニ,ニ
行なっ	動詞,自立,*,*,五段・ワ行促音便,連用タ接続,行なう,オコナッ,オコナッ
た	助動詞,*,*,*,特殊・タ,基本形,た,タ,タ
こと	名詞,非自立,一般,*,*,*,こと,コト,コト
が	助詞,格助詞,一般,*,*,*,が,ガ,ガ
真実	名詞,一般,*,*,*,*,真実,シンジツ,シンジツ
から	助詞,格助詞,一般,*,*,*,から,カラ,カラ
出	動詞,自立,*,*,一段,連用形,出る,デ,デ
た	助動詞,*,*,*,特殊・タ,基本形,た,タ,タ
，	記号,読点,*,*,*,*,，,，,，
と	助詞,格助詞,引用,*,*,*,と,ト,ト
が	接続詞,*,*,*,*,*,が,ガ,ガ
の	助詞,格助詞,一般,*,*,*,の,ノ,ノ
ない	形容詞,自立,*,*,形容詞・アウオ段,基本形,ない,ナイ,ナイ
こと	名詞,非自立,一般,*,*,*,こと,コト,コト
で	助動詞,*,*,*,特殊・ダ,連用形,だ,デ,デ
あっ	助動詞,*,*,*,五段・ラ行アル,連用タ接続,ある,アッ,アッ
た	助動詞,*,*,*,特殊・タ,基本形,た,タ,タ
と	助詞,格助詞,引用,*,*,*,と,ト,ト
いう	動詞,自立,*,*,五段・ワ行促音便,基本形,いう,イウ,イウ
なら	助動詞,*,*,*,特殊・ダ,仮定形,だ,ナラ,ナラ
，	記号,読点,*,*,*,*,，,，,，
アビメレク	名詞,一般,*,*,*,*,*
の	助詞,連体化,*,*,*,*,の,ノ,ノ
こと	名詞,非自立,一般,*,*,*,こと,コト,コト
を	助詞,格助詞,一般,*,*,*,を,ヲ,ヲ
歓び	動詞,自立,*,*,五段・バ行,連用形,歓ぶ,ヨロコビ,ヨロコビ
，	記号,読点,*,*,*,*,，,，,，
彼	名詞,代名詞,一般,*,*,*,彼,カレ,カレ
も	助詞,係助詞,*,*,*,*,も,モ,モ
また	接続詞,*,*,*,*,*,また,マタ,マタ
あなた	名詞,代名詞,一般,*,*,*,あなた,アナタ,アナタ
方	名詞,接尾,一般,*,*,*,方,カタ,カタ
の	助詞,連体化,*,*,*,*,の,ノ,ノ
こと	名詞,非自立,一般,*,*,*,こと,コト,コト
を	助詞,格助詞,一般,*,*,*,を,ヲ,ヲ
歓ぶ	動詞,自立,*,*,五段・バ行,基本形,歓ぶ,ヨロコブ,ヨロコブ
が	助詞,接続助詞,*,*,*,*,が,ガ,ガ
よい	形容詞,自立,*,*,形容詞・アウオ段,基本形,よい,ヨイ,ヨイ
。	記号,句点,*,*,*,*,。,。,。
だが	接続詞,*,*,*,*,*,だが,ダガ,ダガ
，	記号,読点,*,*,*,*,，,，,，
もし	副詞,一般,*,*,*,*,もし,モシ,モシ
そう	副詞,助詞類接続,*,*,*,*,そう,ソウ,ソー
で	助動詞,*,*,*,特殊・ダ,連用形,だ,デ,デ
ない	助動詞,*,*,*,特殊・ナイ,基本形,ない,ナイ,ナイ
の	名詞,非自立,一般,*,*,*,の,ノ,ノ
で	助動詞,*,*,*,特殊・ダ,連用形,だ,デ,デ
あれ	助動詞,*,*,*,五段・ラ行アル,仮定形,ある,アレ,アレ
ば	助詞,接続助詞,*,*,*,*,ば,バ,バ
，	記号,読点,*,*,*,*,，,，,，
火	名詞,一般,*,*,*,*,火,ヒ,ヒ
が	助詞,格助詞,一般,*,*,*,が,ガ,ガ
アビメレク	名詞,一般,*,*,*,*,*
から	助詞,格助詞,一般,*,*,*,から,カラ,カラ
出	動詞,自立,*,*,一段,連用形,出る,デ,デ
て	助詞,接続助詞,*,*,*,*,て,テ,テ
，	記号,読点,*,*,*,*,，,，,，
シェケム	名詞,一般,*,*,*,*,*
の	助詞,連体化,*,*,*,*,の,ノ,ノ
土地	名詞,一般,*,*,*,*,土地,トチ,トチ
所有	名詞,サ変接続,*,*,*,*,所有,ショユウ,ショユー
者	名詞,接尾,一般,*,*,*,者,シャ,シャ
たち	名詞,接尾,一般,*,*,*,たち,タチ,タチ
と	助詞,並立助詞,*,*,*,*,と,ト,ト
ミロ	名詞,一般,*,*,*,*,*
の	助詞,連体化,*,*,*,*,の,ノ,ノ
家	名詞,一般,*,*,*,*,家,イエ,イエ
と	助詞,並立助詞,*,*,*,*,と,ト,ト
を	助詞,格助詞,一般,*,*,*,を,ヲ,ヲ
焼き	動詞,自立,*,*,五段・カ行イ音便,連用形,焼く,ヤキ,ヤキ
，	記号,読点,*,*,*,*,，,，,，
また	接続詞,*,*,*,*,*,また,マタ,マタ
シェケム	名詞,一般,*,*,*,*,*
の	助詞,連体化,*,*,*,*,の,ノ,ノ
土地	名詞,一般,*,*,*,*,土地,トチ,トチ
所有	名詞,サ変接続,*,*,*,*,所有,ショユウ,ショユー
者	名詞,接尾,一般,*,*,*,者,シャ,シャ
たち	名詞,接尾,一般,*,*,*,たち,タチ,タチ
と	助詞,並立助詞,*,*,*,*,と,ト,ト
ミロ	名詞,一般,*,*,*,*,*
の	助詞,連体化,*,*,*,*,の,ノ,ノ
家	名詞,一般,*,*,*,*,家,イエ,イエ
から	助詞,格助詞,一般,*,*,*,から,カラ,カラ
も	助詞,係助詞,*,*,*,*,も,モ,モ
火	名詞,一般,*,*,*,*,火,ヒ,ヒ
が	助詞,格助詞,一般,*,*,*,が,ガ,ガ
出	動詞,自立,*,*,一段,連用形,出る,デ,デ
て	助詞,接続助詞,*,*,*,*,て,テ,テ
アビメレク	名詞,一般,*,*,*,*,*
を	助詞,格助詞,一般,*,*,*,を,ヲ,ヲ
焼き	動詞,自立,*,*,五段・カ行イ音便,連用形,焼く,ヤキ,ヤキ
尽くす	動詞,非自立,*,*,五段・サ行,基本形,尽くす,ツクス,ツクス
よう	名詞,非自立,助動詞語幹,*,*,*,よう,ヨウ,ヨー
に	助詞,副詞化,*,*,*,*,に,ニ,ニ
」	記号,括弧閉,*,*,*,*,」,」,」
。	記号,句点,*,*,*,*,。,。,。
その後	名詞,副詞可能,*,*,*,*,その後,ソノゴ,ソノゴ
ヨタム	名詞,一般,*,*,*,*,*
は	助詞,係助詞,*,*,*,*,は,ハ,ワ
逃走	名詞,サ変接続,*,*,*,*,逃走,トウソウ,トーソー
し	動詞,自立,*,*,サ変・スル,連用形,する,シ,シ
，	記号,読点,*,*,*,*,，,，,，
逃げ	動詞,自立,*,*,一段,連用形,逃げる,ニゲ,ニゲ
て	助詞,接続助詞,*,*,*,*,て,テ,テ
ベエル	名詞,一般,*,*,*,*,*
に	助詞,格助詞,一般,*,*,*,に,ニ,ニ
行き	動詞,自立,*,*,五段・カ行促音便,連用形,行く,イキ,イキ
，	記号,読点,*,*,*,*,，,，,，
その	連体詞,*,*,*,*,*,その,ソノ,ソノ
兄弟	名詞,一般,*,*,*,*,兄弟,キョウダイ,キョーダイ
アビメレク	名詞,一般,*,*,*,*,*
の	助詞,連体化,*,*,*,*,の,ノ,ノ
ゆえ	名詞,非自立,副詞可能,*,*,*,ゆえ,ユエ,ユエ
に	助詞,格助詞,一般,*,*,*,に,ニ,ニ
そこ	名詞,代名詞,一般,*,*,*,そこ,ソコ,ソコ
に	助詞,格助詞,一般,*,*,*,に,ニ,ニ
住む	動詞,自立,*,*,五段・マ行,基本形,住む,スム,スム
よう	名詞,非自立,助動詞語幹,*,*,*,よう,ヨウ,ヨー
に	助詞,格助詞,一般,*,*,*,に,ニ,ニ
なっ	動詞,自立,*,*,五段・ラ行,連用タ接続,なる,ナッ,ナッ
た	助動詞,*,*,*,特殊・タ,基本形,た,タ,タ
。	記号,句点,*,*,*,*,。,。,。
そして	接続詞,*,*,*,*,*,そして,ソシテ,ソシテ
アビメレク	名詞,一般,*,*,*,*,*
は	助詞,係助詞,*,*,*,*,は,ハ,ワ
イスラエル	名詞,固有名詞,地域,国,*,*,イスラエル,イスラエル,イスラエル
に対して	助詞,格助詞,連語,*,*,*,に対して,ニタイシテ,ニタイシテ
三	名詞,数,*,*,*,*,三,サン,サン
年	名詞,接尾,助数詞,*,*,*,年,ネン,ネン
の	助詞,連体化,*,*,*,*,の,ノ,ノ
あいだ	名詞,副詞可能,*,*,*,*,あいだ,アイダ,アイダ
君	名詞,接尾,人名,*,*,*,君,クン,クン
として	助詞,格助詞,連語,*,*,*,として,トシテ,トシテ
振る舞っ	動詞,自立,*,*,五段・ワ行促音便,連用タ接続,振る舞う,フルマッ,フルマッ
た	助動詞,*,*,*,特殊・タ,基本形,た,タ,タ
。	記号,句点,*,*,*,*,。,。,。
その	連体詞,*,*,*,*,*,その,ソノ,ソノ
のち	名詞,非自立,副詞可能,*,*,*,のち,ノチ,ノチ
神	名詞,一般,*,*,*,*,神,カミ,カミ
は	助詞,係助詞,*,*,*,*,は,ハ,ワ
アビメレク	名詞,一般,*,*,*,*,*
と	助詞,並立助詞,*,*,*,*,と,ト,ト
シェケム	名詞,一般,*,*,*,*,*
の	助詞,連体化,*,*,*,*,の,ノ,ノ
土地	名詞,一般,*,*,*,*,土地,トチ,トチ
所有	名詞,サ変接続,*,*,*,*,所有,ショユウ,ショユー
者	名詞,接尾,一般,*,*,*,者,シャ,シャ
たち	名詞,接尾,一般,*,*,*,たち,タチ,タチ
と	助詞,格助詞,一般,*,*,*,と,ト,ト
の	助詞,連体化,*,*,*,*,の,ノ,ノ
間	名詞,一般,*,*,*,*,間,マ,マ
に	助詞,格助詞,一般,*,*,*,に,ニ,ニ
険悪	名詞,形容動詞語幹,*,*,*,*,険悪,ケンアク,ケンアク
な	助動詞,*,*,*,特殊・ダ,体言接続,だ,ナ,ナ
霊	名詞,一般,*,*,*,*,霊,レイ,レイ
を	助詞,格助詞,一般,*,*,*,を,ヲ,ヲ
生じ	動詞,自立,*,*,一段,未然形,生じる,ショウジ,ショージ
させ	動詞,接尾,*,*,一段,連用形,させる,サセ,サセ
，	記号,読点,*,*,*,*,，,，,，
シェケム	名詞,一般,*,*,*,*,*
の	助詞,連体化,*,*,*,*,の,ノ,ノ
土地	名詞,一般,*,*,*,*,土地,トチ,トチ
所有	名詞,サ変接続,*,*,*,*,所有,ショユウ,ショユー
者	名詞,接尾,一般,*,*,*,者,シャ,シャ
たち	名詞,接尾,一般,*,*,*,たち,タチ,タチ
は	助詞,係助詞,*,*,*,*,は,ハ,ワ
アビメレク	名詞,固有名詞,組織,*,*,*,*
に対して	助詞,格助詞,連語,*,*,*,に対して,ニタイシテ,ニタイシテ
不実	名詞,一般,*,*,*,*,不実,フジツ,フジツ
な	助動詞,*,*,*,特殊・ダ,体言接続,だ,ナ,ナ
態度	名詞,一般,*,*,*,*,態度,タイド,タイド
を	助詞,格助詞,一般,*,*,*,を,ヲ,ヲ
取る	動詞,自立,*,*,五段・ラ行,基本形,取る,トル,トル
よう	名詞,非自立,助動詞語幹,*,*,*,よう,ヨウ,ヨー
に	助詞,格助詞,一般,*,*,*,に,ニ,ニ
なっ	動詞,自立,*,*,五段・ラ行,連用タ接続,なる,ナッ,ナッ
た	助動詞,*,*,*,特殊・タ,基本形,た,タ,タ
。	記号,句点,*,*,*,*,。,。,。
これ	名詞,代名詞,一般,*,*,*,これ,コレ,コレ
は	助詞,係助詞,*,*,*,*,は,ハ,ワ
，	記号,読点,*,*,*,*,，,，,，
エルバアル	名詞,一般,*,*,*,*,*
の	助詞,連体化,*,*,*,*,の,ノ,ノ
七	名詞,数,*,*,*,*,七,ナナ,ナナ
十	名詞,数,*,*,*,*,十,ジュウ,ジュー
人	名詞,接尾,助数詞,*,*,*,人,ニン,ニン
の	助詞,連体化,*,*,*,*,の,ノ,ノ
子	名詞,一般,*,*,*,*,子,コ,コ
ら	名詞,接尾,一般,*,*,*,ら,ラ,ラ
に対して	助詞,格助詞,連語,*,*,*,に対して,ニタイシテ,ニタイシテ
なさ	動詞,自立,*,*,五段・サ行,未然形,なす,ナサ,ナサ
れ	動詞,接尾,*,*,一段,連用形,れる,レ,レ
た	助動詞,*,*,*,特殊・タ,基本形,た,タ,タ
暴虐	名詞,一般,*,*,*,*,暴虐,ボウギャク,ボーギャク
[	名詞,サ変接続,*,*,*,*,*
の	助詞,連体化,*,*,*,*,の,ノ,ノ
報い	名詞,一般,*,*,*,*,報い,ムクイ,ムクイ
]	名詞,サ変接続,*,*,*,*,*
が	助詞,格助詞,一般,*,*,*,が,ガ,ガ
臨む	動詞,自立,*,*,五段・マ行,基本形,臨む,ノゾム,ノゾム
ため	名詞,非自立,副詞可能,*,*,*,ため,タメ,タメ
，	記号,読点,*,*,*,*,，,，,，
彼ら	名詞,代名詞,一般,*,*,*,彼ら,カレラ,カレラ
の	助詞,連体化,*,*,*,*,の,ノ,ノ
血	名詞,一般,*,*,*,*,血,チ,チ
を	助詞,格助詞,一般,*,*,*,を,ヲ,ヲ
，	記号,読点,*,*,*,*,，,，,，
それ	名詞,代名詞,一般,*,*,*,それ,ソレ,ソレ
を	助詞,格助詞,一般,*,*,*,を,ヲ,ヲ
殺し	動詞,自立,*,*,五段・サ行,連用形,殺す,コロシ,コロシ
た	助動詞,*,*,*,特殊・タ,基本形,た,タ,タ
その	連体詞,*,*,*,*,*,その,ソノ,ソノ
兄弟	名詞,一般,*,*,*,*,兄弟,キョウダイ,キョーダイ
アビメレク	名詞,一般,*,*,*,*,*
の	助詞,連体化,*,*,*,*,の,ノ,ノ
上	名詞,非自立,副詞可能,*,*,*,上,ウエ,ウエ
に	助詞,格助詞,一般,*,*,*,に,ニ,ニ
帰さ	動詞,自立,*,*,五段・サ行,未然形,帰す,キサ,キサ
せる	動詞,接尾,*,*,一段,基本形,せる,セル,セル
ため	名詞,非自立,副詞可能,*,*,*,ため,タメ,タメ
で	助動詞,*,*,*,特殊・ダ,連用形,だ,デ,デ
あっ	助動詞,*,*,*,五段・ラ行アル,連用タ接続,ある,アッ,アッ
た	助動詞,*,*,*,特殊・タ,基本形,た,タ,タ
。	記号,句点,*,*,*,*,。,。,。
また	接続詞,*,*,*,*,*,また,マタ,マタ
，	記号,読点,*,*,*,*,，,，,，
彼	名詞,代名詞,一般,*,*,*,彼,カレ,カレ
の	助詞,連体化,*,*,*,*,の,ノ,ノ
手	名詞,一般,*,*,*,*,手,テ,テ
を	助詞,格助詞,一般,*,*,*,を,ヲ,ヲ
強め	動詞,自立,*,*,一段,連用形,強める,ツヨメ,ツヨメ
て	助詞,接続助詞,*,*,*,*,て,テ,テ
その	連体詞,*,*,*,*,*,その,ソノ,ソノ
兄弟	名詞,一般,*,*,*,*,兄弟,キョウダイ,キョーダイ
たち	名詞,接尾,一般,*,*,*,たち,タチ,タチ
を	助詞,格助詞,一般,*,*,*,を,ヲ,ヲ
殺さ	動詞,自立,*,*,五段・サ行,未然形,殺す,コロサ,コロサ
せ	動詞,接尾,*,*,一段,連用形,せる,セ,セ
た	助動詞,*,*,*,特殊・タ,基本形,た,タ,タ
シェケム	名詞,一般,*,*,*,*,*
の	助詞,連体化,*,*,*,*,の,ノ,ノ
土地	名詞,一般,*,*,*,*,土地,トチ,トチ
所有	名詞,サ変接続,*,*,*,*,所有,ショユウ,ショユー
者	名詞,接尾,一般,*,*,*,者,シャ,シャ
たち	名詞,接尾,一般,*,*,*,たち,タチ,タチ
の	助詞,連体化,*,*,*,*,の,ノ,ノ
上	名詞,非自立,副詞可能,*,*,*,上,ウエ,ウエ
に	助詞,格助詞,一般,*,*,*,に,ニ,ニ
も	助詞,係助詞,*,*,*,*,も,モ,モ
[	名詞,サ変接続,*,*,*,*,*
帰さ	動詞,自立,*,*,五段・サ行,未然形,帰す,キサ,キサ
せる	動詞,接尾,*,*,一段,基本形,せる,セル,セル
ため	名詞,非自立,副詞可能,*,*,*,ため,タメ,タメ
で	助動詞,*,*,*,特殊・ダ,連用形,だ,デ,デ
あっ	助動詞,*,*,*,五段・ラ行アル,連用タ接続,ある,アッ,アッ
た	助動詞,*,*,*,特殊・タ,基本形,た,タ,タ
]。	名詞,サ変接続,*,*,*,*,*
それ	名詞,代名詞,一般,*,*,*,それ,ソレ,ソレ
で	助詞,格助詞,一般,*,*,*,で,デ,デ
シェケム	名詞,一般,*,*,*,*,*
の	助詞,連体化,*,*,*,*,の,ノ,ノ
土地	名詞,一般,*,*,*,*,土地,トチ,トチ
所有	名詞,サ変接続,*,*,*,*,所有,ショユウ,ショユー
者	名詞,接尾,一般,*,*,*,者,シャ,シャ
たち	名詞,接尾,一般,*,*,*,たち,タチ,タチ
は	助詞,係助詞,*,*,*,*,は,ハ,ワ
山々	名詞,一般,*,*,*,*,山々,ヤマヤマ,ヤマヤマ
の	助詞,連体化,*,*,*,*,の,ノ,ノ
頂	名詞,一般,*,*,*,*,頂,イタダキ,イタダキ
に	助詞,格助詞,一般,*,*,*,に,ニ,ニ
彼	名詞,代名詞,一般,*,*,*,彼,カレ,カレ
に対する	助詞,格助詞,連語,*,*,*,に対する,ニタイスル,ニタイスル
待ち伏せ	名詞,一般,*,*,*,*,待ち伏せ,マチブセ,マチブセ
の	助詞,連体化,*,*,*,*,の,ノ,ノ
者	名詞,非自立,一般,*,*,*,者,モノ,モノ
を	助詞,格助詞,一般,*,*,*,を,ヲ,ヲ
置き	動詞,自立,*,*,五段・カ行イ音便,連用形,置く,オキ,オキ
，	記号,読点,*,*,*,*,，,，,，
その	連体詞,*,*,*,*,*,その,ソノ,ソノ
者	名詞,一般,*,*,*,*,者,モノ,モノ
たち	名詞,接尾,一般,*,*,*,たち,タチ,タチ
は	助詞,係助詞,*,*,*,*,は,ハ,ワ
，	記号,読点,*,*,*,*,，,，,，
道	名詞,一般,*,*,*,*,道,ミチ,ミチ
を	助詞,格助詞,一般,*,*,*,を,ヲ,ヲ
来	動詞,自立,*,*,カ変・来ル,連用形,来る,キ,キ
て	助詞,接続助詞,*,*,*,*,て,テ,テ
そば	名詞,一般,*,*,*,*,そば,ソバ,ソバ
を	助詞,格助詞,一般,*,*,*,を,ヲ,ヲ
通る	動詞,自立,*,*,五段・ラ行,基本形,通る,トオル,トール
すべて	名詞,副詞可能,*,*,*,*,すべて,スベテ,スベテ
の	助詞,連体化,*,*,*,*,の,ノ,ノ
者	名詞,非自立,一般,*,*,*,者,モノ,モノ
に対して	助詞,格助詞,連語,*,*,*,に対して,ニタイシテ,ニタイシテ
強奪	名詞,サ変接続,*,*,*,*,強奪,ゴウダツ,ゴーダツ
を	助詞,格助詞,一般,*,*,*,を,ヲ,ヲ
働く	動詞,自立,*,*,五段・カ行イ音便,基本形,働く,ハタラク,ハタラク
の	名詞,非自立,一般,*,*,*,の,ノ,ノ
で	助動詞,*,*,*,特殊・ダ,連用形,だ,デ,デ
あっ	助動詞,*,*,*,五段・ラ行アル,連用タ接続,ある,アッ,アッ
た	助動詞,*,*,*,特殊・タ,基本形,た,タ,タ
。	記号,句点,*,*,*,*,。,。,。
やがて	副詞,一般,*,*,*,*,やがて,ヤガテ,ヤガテ
その	連体詞,*,*,*,*,*,その,ソノ,ソノ
こと	名詞,非自立,一般,*,*,*,こと,コト,コト
は	助詞,係助詞,*,*,*,*,は,ハ,ワ
アビメレク	名詞,一般,*,*,*,*,*
に	助詞,格助詞,一般,*,*,*,に,ニ,ニ
伝え	動詞,自立,*,*,一段,未然形,伝える,ツタエ,ツタエ
られ	動詞,接尾,*,*,一段,連用形,られる,ラレ,ラレ
た	助動詞,*,*,*,特殊・タ,基本形,た,タ,タ
。	記号,句点,*,*,*,*,。,。,。
その	連体詞,*,*,*,*,*,その,ソノ,ソノ
時	名詞,非自立,副詞可能,*,*,*,時,トキ,トキ
エベド	名詞,一般,*,*,*,*,*
の	助詞,連体化,*,*,*,*,の,ノ,ノ
子	接頭詞,名詞接続,*,*,*,*,子,コ,コ
ガアル	名詞,一般,*,*,*,*,*
と	助詞,格助詞,一般,*,*,*,と,ト,ト
その	連体詞,*,*,*,*,*,その,ソノ,ソノ
兄弟	名詞,一般,*,*,*,*,兄弟,キョウダイ,キョーダイ
たち	名詞,接尾,一般,*,*,*,たち,タチ,タチ
が	助詞,格助詞,一般,*,*,*,が,ガ,ガ
やって来	動詞,自立,*,*,カ変・来ル,連用形,やって来る,ヤッテキ,ヤッテキ
た	助動詞,*,*,*,特殊・タ,基本形,た,タ,タ
。	記号,句点,*,*,*,*,。,。,。
彼ら	名詞,代名詞,一般,*,*,*,彼ら,カレラ,カレラ
は	助詞,係助詞,*,*,*,*,は,ハ,ワ
渡っ	動詞,自立,*,*,五段・ラ行,連用タ接続,渡る,ワタッ,ワタッ
て	助詞,接続助詞,*,*,*,*,て,テ,テ
来	動詞,非自立,*,*,カ変・来ル,連用形,来る,キ,キ
て	助詞,接続助詞,*,*,*,*,て,テ,テ
シェケム	名詞,一般,*,*,*,*,*
に	助詞,格助詞,一般,*,*,*,に,ニ,ニ
入っ	動詞,自立,*,*,五段・ラ行,連用タ接続,入る,ハイッ,ハイッ
た	助動詞,*,*,*,特殊・タ,基本形,た,タ,タ
。	記号,句点,*,*,*,*,。,。,。
やがて	副詞,一般,*,*,*,*,やがて,ヤガテ,ヤガテ
シェケム	名詞,一般,*,*,*,*,*
の	助詞,連体化,*,*,*,*,の,ノ,ノ
土地	名詞,一般,*,*,*,*,土地,トチ,トチ
所有	名詞,サ変接続,*,*,*,*,所有,ショユウ,ショユー
者	名詞,接尾,一般,*,*,*,者,シャ,シャ
たち	名詞,接尾,一般,*,*,*,たち,タチ,タチ
は	助詞,係助詞,*,*,*,*,は,ハ,ワ
彼	名詞,代名詞,一般,*,*,*,彼,カレ,カレ
を	助詞,格助詞,一般,*,*,*,を,ヲ,ヲ
信頼	名詞,サ変接続,*,*,*,*,信頼,シンライ,シンライ
する	動詞,自立,*,*,サ変・スル,基本形,する,スル,スル
よう	名詞,非自立,助動詞語幹,*,*,*,よう,ヨウ,ヨー
に	助詞,格助詞,一般,*,*,*,に,ニ,ニ
なっ	動詞,自立,*,*,五段・ラ行,連用タ接続,なる,ナッ,ナッ
た	助動詞,*,*,*,特殊・タ,基本形,た,タ,タ
。	記号,句点,*,*,*,*,。,。,。
後	名詞,接尾,副詞可能,*,*,*,後,ゴ,ゴ
に	助詞,格助詞,一般,*,*,*,に,ニ,ニ
彼ら	名詞,代名詞,一般,*,*,*,彼ら,カレラ,カレラ
は	助詞,係助詞,*,*,*,*,は,ハ,ワ
いつも	副詞,一般,*,*,*,*,いつも,イツモ,イツモ
の	助詞,連体化,*,*,*,*,の,ノ,ノ
よう	名詞,非自立,助動詞語幹,*,*,*,よう,ヨウ,ヨー
に	助詞,副詞化,*,*,*,*,に,ニ,ニ
野	名詞,一般,*,*,*,*,野,ノ,ノ
に	助詞,格助詞,一般,*,*,*,に,ニ,ニ
出	動詞,自立,*,*,一段,連用形,出る,デ,デ
て	助詞,接続助詞,*,*,*,*,て,テ,テ
行き	動詞,非自立,*,*,五段・カ行促音便,連用形,行く,イキ,イキ
，	記号,読点,*,*,*,*,，,，,，
自分	名詞,一般,*,*,*,*,自分,ジブン,ジブン
たち	名詞,接尾,一般,*,*,*,たち,タチ,タチ
の	助詞,連体化,*,*,*,*,の,ノ,ノ
ぶどう	名詞,一般,*,*,*,*,ぶどう,ブドウ,ブドー
園	名詞,接尾,一般,*,*,*,園,エン,エン
から	助詞,格助詞,一般,*,*,*,から,カラ,カラ
ぶどう	名詞,一般,*,*,*,*,ぶどう,ブドウ,ブドー
を	助詞,格助詞,一般,*,*,*,を,ヲ,ヲ
取り集め	動詞,自立,*,*,一段,連用形,取り集める,トリアツメ,トリアツメ
て	助詞,接続助詞,*,*,*,*,て,テ,テ
それ	名詞,代名詞,一般,*,*,*,それ,ソレ,ソレ
を	助詞,格助詞,一般,*,*,*,を,ヲ,ヲ
踏み	動詞,自立,*,*,五段・マ行,連用形,踏む,フミ,フミ
，	記号,読点,*,*,*,*,，,，,，
祭り	名詞,一般,*,*,*,*,祭り,マツリ,マツリ
の	助詞,連体化,*,*,*,*,の,ノ,ノ
歓喜	名詞,サ変接続,*,*,*,*,歓喜,カンキ,カンキ
に	助詞,格助詞,一般,*,*,*,に,ニ,ニ
ふけり	動詞,自立,*,*,五段・ラ行,連用形,ふける,フケリ,フケリ
，	記号,読点,*,*,*,*,，,，,，
その	連体詞,*,*,*,*,*,その,ソノ,ソノ
のち	名詞,非自立,副詞可能,*,*,*,のち,ノチ,ノチ
自分	名詞,一般,*,*,*,*,自分,ジブン,ジブン
たち	名詞,接尾,一般,*,*,*,たち,タチ,タチ
の	助詞,連体化,*,*,*,*,の,ノ,ノ
神	名詞,一般,*,*,*,*,神,カミ,カミ
の	助詞,連体化,*,*,*,*,の,ノ,ノ
家	名詞,一般,*,*,*,*,家,イエ,イエ
に	助詞,格助詞,一般,*,*,*,に,ニ,ニ
入っ	動詞,自立,*,*,五段・ラ行,連用タ接続,入る,ハイッ,ハイッ
て	助詞,接続助詞,*,*,*,*,て,テ,テ
食い	動詞,自立,*,*,五段・ワ行促音便,連用形,食う,クイ,クイ
飲み	動詞,自立,*,*,五段・マ行,連用形,飲む,ノミ,ノミ
し	動詞,自立,*,*,サ変・スル,連用形,する,シ,シ
，	記号,読点,*,*,*,*,，,，,，
アビメレク	名詞,一般,*,*,*,*,*
の	助詞,連体化,*,*,*,*,の,ノ,ノ
上	名詞,非自立,副詞可能,*,*,*,上,ウエ,ウエ
に	助詞,格助詞,一般,*,*,*,に,ニ,ニ
災い	名詞,サ変接続,*,*,*,*,災い,ワザワイ,ワザワイ
を	助詞,格助詞,一般,*,*,*,を,ヲ,ヲ
呼び	動詞,自立,*,*,五段・バ行,連用形,呼ぶ,ヨビ,ヨビ
求め	動詞,自立,*,*,一段,連用形,求める,モトメ,モトメ
た	助動詞,*,*,*,特殊・タ,基本形,た,タ,タ
。	記号,句点,*,*,*,*,。,。,。
する	動詞,自立,*,*,サ変・スル,基本形,する,スル,スル
と	助詞,接続助詞,*,*,*,*,と,ト,ト
，	記号,読点,*,*,*,*,，,，,，
エベド	名詞,一般,*,*,*,*,*
の	助詞,連体化,*,*,*,*,の,ノ,ノ
子	接頭詞,名詞接続,*,*,*,*,子,コ,コ
ガアル	名詞,一般,*,*,*,*,*
は	助詞,係助詞,*,*,*,*,は,ハ,ワ
さらに	副詞,助詞類接続,*,*,*,*,さらに,サラニ,サラニ
こう	副詞,助詞類接続,*,*,*,*,こう,コウ,コー
言っ	動詞,自立,*,*,五段・ワ行促音便,連用タ接続,言う,イッ,イッ
た	助動詞,*,*,*,特殊・タ,基本形,た,タ,タ
。	記号,句点,*,*,*,*,。,。,。
「	記号,括弧開,*,*,*,*,「,「,「
アビメレク	名詞,一般,*,*,*,*,*
が	助詞,格助詞,一般,*,*,*,が,ガ,ガ
何者	名詞,一般,*,*,*,*,何者,ナニモノ,ナニモノ
，	記号,読点,*,*,*,*,，,，,，
シェケム	名詞,一般,*,*,*,*,*
が	助詞,格助詞,一般,*,*,*,が,ガ,ガ
何者	名詞,一般,*,*,*,*,何者,ナニモノ,ナニモノ
だ	助動詞,*,*,*,特殊・ダ,基本形,だ,ダ,ダ
と	助詞,格助詞,引用,*,*,*,と,ト,ト
いう	動詞,自立,*,*,五段・ワ行促音便,基本形,いう,イウ,イウ
ので	助詞,接続助詞,*,*,*,*,ので,ノデ,ノデ
，	記号,読点,*,*,*,*,，,，,，
我々	名詞,代名詞,一般,*,*,*,我々,ワレワレ,ワレワレ
は	助詞,係助詞,*,*,*,*,は,ハ,ワ
これ	名詞,代名詞,一般,*,*,*,これ,コレ,コレ
に	助詞,格助詞,一般,*,*,*,に,ニ,ニ
仕える	動詞,自立,*,*,一段,基本形,仕える,ツカエル,ツカエル
べき	助動詞,*,*,*,文語・ベシ,体言接続,べし,ベキ,ベキ
な	助動詞,*,*,*,特殊・ダ,体言接続,だ,ナ,ナ
の	名詞,非自立,一般,*,*,*,の,ノ,ノ
か	助詞,副助詞／並立助詞／終助詞,*,*,*,*,か,カ,カ
。	記号,句点,*,*,*,*,。,。,。
彼	名詞,代名詞,一般,*,*,*,彼,カレ,カレ
は	助詞,係助詞,*,*,*,*,は,ハ,ワ
エルバアル	名詞,一般,*,*,*,*,*
の	助詞,連体化,*,*,*,*,の,ノ,ノ
子	名詞,一般,*,*,*,*,子,コ,コ
，	記号,読点,*,*,*,*,，,，,，
ゼブル	名詞,一般,*,*,*,*,*
は	助詞,係助詞,*,*,*,*,は,ハ,ワ
その	連体詞,*,*,*,*,*,その,ソノ,ソノ
事務	名詞,一般,*,*,*,*,事務,ジム,ジム
官	名詞,接尾,一般,*,*,*,官,カン,カン
で	助詞,格助詞,一般,*,*,*,で,デ,デ
は	助詞,係助詞,*,*,*,*,は,ハ,ワ
ない	助動詞,*,*,*,特殊・ナイ,基本形,ない,ナイ,ナイ
か	助詞,副助詞／並立助詞／終助詞,*,*,*,*,か,カ,カ
。	記号,句点,*,*,*,*,。,。,。
他	名詞,一般,*,*,*,*,他,タ,タ
の	助詞,連体化,*,*,*,*,の,ノ,ノ
者	名詞,一般,*,*,*,*,者,モノ,モノ
たち	名詞,接尾,一般,*,*,*,たち,タチ,タチ
が	助詞,格助詞,一般,*,*,*,が,ガ,ガ
シェケム	名詞,一般,*,*,*,*,*
の	助詞,連体化,*,*,*,*,の,ノ,ノ
父	名詞,一般,*,*,*,*,父,チチ,チチ
ハモル	名詞,一般,*,*,*,*,*
に	助詞,格助詞,一般,*,*,*,に,ニ,ニ
属する	動詞,自立,*,*,サ変・−スル,基本形,属する,ゾクスル,ゾクスル
人々	名詞,一般,*,*,*,*,人々,ヒトビト,ヒトビト
に	助詞,格助詞,一般,*,*,*,に,ニ,ニ
仕える	動詞,自立,*,*,一段,基本形,仕える,ツカエル,ツカエル
の	名詞,非自立,一般,*,*,*,の,ノ,ノ
は	助詞,係助詞,*,*,*,*,は,ハ,ワ
よい	形容詞,自立,*,*,形容詞・アウオ段,基本形,よい,ヨイ,ヨイ
。	記号,句点,*,*,*,*,。,。,。
しかし	接続詞,*,*,*,*,*,しかし,シカシ,シカシ
，	記号,読点,*,*,*,*,，,，,，
どうして	副詞,一般,*,*,*,*,どうして,ドウシテ,ドーシテ
この	連体詞,*,*,*,*,*,この,コノ,コノ
我々	名詞,代名詞,一般,*,*,*,我々,ワレワレ,ワレワレ
が	助詞,格助詞,一般,*,*,*,が,ガ,ガ
彼	名詞,代名詞,一般,*,*,*,彼,カレ,カレ
に	助詞,格助詞,一般,*,*,*,に,ニ,ニ
仕える	動詞,自立,*,*,一段,基本形,仕える,ツカエル,ツカエル
べき	助動詞,*,*,*,文語・ベシ,体言接続,べし,ベキ,ベキ
な	助動詞,*,*,*,特殊・ダ,体言接続,だ,ナ,ナ
の	名詞,非自立,一般,*,*,*,の,ノ,ノ
か	助詞,副助詞／並立助詞／終助詞,*,*,*,*,か,カ,カ
。	記号,句点,*,*,*,*,。,。,。
もし	副詞,一般,*,*,*,*,もし,モシ,モシ
この	連体詞,*,*,*,*,*,この,コノ,コノ
民	名詞,一般,*,*,*,*,民,ミン,ミン
が	助詞,格助詞,一般,*,*,*,が,ガ,ガ
わたし	名詞,代名詞,一般,*,*,*,わたし,ワタシ,ワタシ
の	助詞,連体化,*,*,*,*,の,ノ,ノ
手のうち	名詞,一般,*,*,*,*,手のうち,テノウチ,テノウチ
に	助詞,格助詞,一般,*,*,*,に,ニ,ニ
あっ	動詞,自立,*,*,五段・ラ行,連用タ接続,ある,アッ,アッ
た	助動詞,*,*,*,特殊・タ,基本形,た,タ,タ
なら	助動詞,*,*,*,特殊・ダ,仮定形,だ,ナラ,ナラ
！	記号,一般,*,*,*,*,！,！,！
そうしたら	接続詞,*,*,*,*,*,そうしたら,ソウシタラ,ソーシタラ
わたし	名詞,代名詞,一般,*,*,*,わたし,ワタシ,ワタシ
は	助詞,係助詞,*,*,*,*,は,ハ,ワ
，	記号,読点,*,*,*,*,，,，,，
アビメレク	名詞,一般,*,*,*,*,*
を	助詞,格助詞,一般,*,*,*,を,ヲ,ヲ
除き	動詞,自立,*,*,五段・カ行イ音便,連用形,除く,ノゾキ,ノゾキ
去っ	動詞,自立,*,*,五段・ラ行,連用タ接続,去る,サッ,サッ
て	助詞,接続助詞,*,*,*,*,て,テ,テ
しまう	動詞,非自立,*,*,五段・ワ行促音便,基本形,しまう,シマウ,シマウ
の	名詞,非自立,一般,*,*,*,の,ノ,ノ
だ	助動詞,*,*,*,特殊・ダ,基本形,だ,ダ,ダ
が	助詞,接続助詞,*,*,*,*,が,ガ,ガ
」	記号,括弧閉,*,*,*,*,」,」,」
。	記号,句点,*,*,*,*,。,。,。
そして	接続詞,*,*,*,*,*,そして,ソシテ,ソシテ
彼	名詞,代名詞,一般,*,*,*,彼,カレ,カレ
は	助詞,係助詞,*,*,*,*,は,ハ,ワ
アビメレク	名詞,固有名詞,組織,*,*,*,*
に対して	助詞,格助詞,連語,*,*,*,に対して,ニタイシテ,ニタイシテ
さらに	副詞,助詞類接続,*,*,*,*,さらに,サラニ,サラニ
こう	副詞,助詞類接続,*,*,*,*,こう,コウ,コー
言っ	動詞,自立,*,*,五段・ワ行促音便,連用タ接続,言う,イッ,イッ
た	助動詞,*,*,*,特殊・タ,基本形,た,タ,タ
。	記号,句点,*,*,*,*,。,。,。
「	記号,括弧開,*,*,*,*,「,「,「
お前	名詞,代名詞,一般,*,*,*,お前,オマエ,オマエ
の	助詞,連体化,*,*,*,*,の,ノ,ノ
軍隊	名詞,一般,*,*,*,*,軍隊,グンタイ,グンタイ
を	助詞,格助詞,一般,*,*,*,を,ヲ,ヲ
多く	形容詞,自立,*,*,形容詞・アウオ段,連用テ接続,多い,オオク,オーク
し	動詞,自立,*,*,サ変・スル,連用形,する,シ,シ
て	助詞,接続助詞,*,*,*,*,て,テ,テ
出	動詞,自立,*,*,一段,連用形,出る,デ,デ
て	助詞,接続助詞,*,*,*,*,て,テ,テ
来る	動詞,非自立,*,*,カ変・来ル,基本形,来る,クル,クル
が	助詞,接続助詞,*,*,*,*,が,ガ,ガ
よい	形容詞,非自立,*,*,形容詞・アウオ段,基本形,よい,ヨイ,ヨイ
」	記号,括弧閉,*,*,*,*,」,」,」
。	記号,句点,*,*,*,*,。,。,。
さて	接続詞,*,*,*,*,*,さて,サテ,サテ
，	記号,読点,*,*,*,*,，,，,，
その	連体詞,*,*,*,*,*,その,ソノ,ソノ
都市	名詞,一般,*,*,*,*,都市,トシ,トシ
の	助詞,連体化,*,*,*,*,の,ノ,ノ
君	名詞,代名詞,一般,*,*,*,君,キミ,キミ
ゼブル	名詞,一般,*,*,*,*,*
は	助詞,係助詞,*,*,*,*,は,ハ,ワ
エベド	名詞,一般,*,*,*,*,*
の	助詞,連体化,*,*,*,*,の,ノ,ノ
子	接頭詞,名詞接続,*,*,*,*,子,コ,コ
ガアル	名詞,一般,*,*,*,*,*
の	助詞,連体化,*,*,*,*,の,ノ,ノ
この	連体詞,*,*,*,*,*,この,コノ,コノ
言葉	名詞,一般,*,*,*,*,言葉,コトバ,コトバ
を	助詞,格助詞,一般,*,*,*,を,ヲ,ヲ
聞い	動詞,自立,*,*,五段・カ行イ音便,連用タ接続,聞く,キイ,キイ
た	助動詞,*,*,*,特殊・タ,基本形,た,タ,タ
。	記号,句点,*,*,*,*,。,。,。
その	連体詞,*,*,*,*,*,その,ソノ,ソノ
ため	名詞,非自立,副詞可能,*,*,*,ため,タメ,タメ
彼	名詞,代名詞,一般,*,*,*,彼,カレ,カレ
の	助詞,連体化,*,*,*,*,の,ノ,ノ
怒り	名詞,一般,*,*,*,*,怒り,イカリ,イカリ
は	助詞,係助詞,*,*,*,*,は,ハ,ワ
燃え	動詞,自立,*,*,一段,連用形,燃える,モエ,モエ
た	助動詞,*,*,*,特殊・タ,基本形,た,タ,タ
。	記号,句点,*,*,*,*,。,。,。
それで	接続詞,*,*,*,*,*,それで,ソレデ,ソレデ
彼	名詞,代名詞,一般,*,*,*,彼,カレ,カレ
は	助詞,係助詞,*,*,*,*,は,ハ,ワ
上	名詞,一般,*,*,*,*,上,ウエ,ウエ
べ	助詞,終助詞,*,*,*,*,べ,ベ,ベ
を	助詞,格助詞,一般,*,*,*,を,ヲ,ヲ
装い	動詞,自立,*,*,五段・ワ行促音便,連用形,装う,ヨソオイ,ヨソオイ
つつ	助詞,接続助詞,*,*,*,*,つつ,ツツ,ツツ
使者	名詞,一般,*,*,*,*,使者,シシャ,シシャ
を	助詞,格助詞,一般,*,*,*,を,ヲ,ヲ
アビメレク	名詞,一般,*,*,*,*,*
の	助詞,連体化,*,*,*,*,の,ノ,ノ
もと	名詞,非自立,一般,*,*,*,もと,モト,モト
に	助詞,格助詞,一般,*,*,*,に,ニ,ニ
送っ	動詞,自立,*,*,五段・ラ行,連用タ接続,送る,オクッ,オクッ
て	助詞,接続助詞,*,*,*,*,て,テ,テ
，	記号,読点,*,*,*,*,，,，,，
こう	副詞,助詞類接続,*,*,*,*,こう,コウ,コー
言っ	動詞,自立,*,*,五段・ワ行促音便,連用タ接続,言う,イッ,イッ
た	助動詞,*,*,*,特殊・タ,基本形,た,タ,タ
。	記号,句点,*,*,*,*,。,。,。
「	記号,括弧開,*,*,*,*,「,「,「
ご覧	名詞,一般,*,*,*,*,ご覧,ゴラン,ゴラン
ください	動詞,自立,*,*,五段・ラ行特殊,連用形,くださる,クダサイ,クダサイ
，	記号,読点,*,*,*,*,，,，,，
エベド	名詞,一般,*,*,*,*,*
の	助詞,連体化,*,*,*,*,の,ノ,ノ
子	接頭詞,名詞接続,*,*,*,*,子,コ,コ
ガアル	名詞,一般,*,*,*,*,*
と	助詞,格助詞,一般,*,*,*,と,ト,ト
その	連体詞,*,*,*,*,*,その,ソノ,ソノ
兄弟	名詞,一般,*,*,*,*,兄弟,キョウダイ,キョーダイ
たち	名詞,接尾,一般,*,*,*,たち,タチ,タチ
が	助詞,格助詞,一般,*,*,*,が,ガ,ガ
シェケム	名詞,一般,*,*,*,*,*
に	助詞,格助詞,一般,*,*,*,に,ニ,ニ
来	動詞,自立,*,*,カ変・来ル,連用形,来る,キ,キ
て	助詞,接続助詞,*,*,*,*,て,テ,テ
い	動詞,非自立,*,*,一段,連用形,いる,イ,イ
ます	助動詞,*,*,*,特殊・マス,基本形,ます,マス,マス
。	記号,句点,*,*,*,*,。,。,。
そして	接続詞,*,*,*,*,*,そして,ソシテ,ソシテ
，	記号,読点,*,*,*,*,，,，,，
見	動詞,自立,*,*,一段,連用形,見る,ミ,ミ
て	助詞,接続助詞,*,*,*,*,て,テ,テ
ください	動詞,非自立,*,*,五段・ラ行特殊,命令ｉ,くださる,クダサイ,クダサイ
，	記号,読点,*,*,*,*,，,，,，
この	連体詞,*,*,*,*,*,この,コノ,コノ
都市	名詞,一般,*,*,*,*,都市,トシ,トシ
[	名詞,サ変接続,*,*,*,*,*
の	助詞,連体化,*,*,*,*,の,ノ,ノ
人々	名詞,一般,*,*,*,*,人々,ヒトビト,ヒトビト
]	名詞,サ変接続,*,*,*,*,*
を	助詞,格助詞,一般,*,*,*,を,ヲ,ヲ
結集	名詞,サ変接続,*,*,*,*,結集,ケッシュウ,ケッシュー
さ	動詞,自立,*,*,サ変・スル,未然レル接続,する,サ,サ
せ	動詞,接尾,*,*,一段,連用形,せる,セ,セ
て	助詞,接続助詞,*,*,*,*,て,テ,テ
あなた	名詞,代名詞,一般,*,*,*,あなた,アナタ,アナタ
に	助詞,格助詞,一般,*,*,*,に,ニ,ニ
逆らわ	動詞,自立,*,*,五段・ワ行促音便,未然形,逆らう,サカラワ,サカラワ
せよ	動詞,接尾,*,*,一段,未然ウ接続,せる,セヨ,セヨ
う	助動詞,*,*,*,不変化型,基本形,う,ウ,ウ
と	助詞,格助詞,引用,*,*,*,と,ト,ト
し	動詞,自立,*,*,サ変・スル,連用形,する,シ,シ
て	助詞,接続助詞,*,*,*,*,て,テ,テ
い	動詞,非自立,*,*,一段,連用形,いる,イ,イ
ます	助動詞,*,*,*,特殊・マス,基本形,ます,マス,マス
。	記号,句点,*,*,*,*,。,。,。
です	助動詞,*,*,*,特殊・デス,基本形,です,デス,デス
から	助詞,接続助詞,*,*,*,*,から,カラ,カラ
今	名詞,副詞可能,*,*,*,*,今,イマ,イマ
，	記号,読点,*,*,*,*,，,，,，
あなた	名詞,代名詞,一般,*,*,*,あなた,アナタ,アナタ
も	助詞,係助詞,*,*,*,*,も,モ,モ
あなた	名詞,代名詞,一般,*,*,*,あなた,アナタ,アナタ
と共に	助詞,格助詞,連語,*,*,*,と共に,トトモニ,トトモニ
いる	動詞,自立,*,*,一段,基本形,いる,イル,イル
民	名詞,一般,*,*,*,*,民,ミン,ミン
も	助詞,係助詞,*,*,*,*,も,モ,モ
，	記号,読点,*,*,*,*,，,，,，
夜	名詞,副詞可能,*,*,*,*,夜,ヨル,ヨル
の	助詞,連体化,*,*,*,*,の,ノ,ノ
うち	名詞,非自立,副詞可能,*,*,*,うち,ウチ,ウチ
に	助詞,格助詞,一般,*,*,*,に,ニ,ニ
立ち上がり	動詞,自立,*,*,五段・ラ行,連用形,立ち上がる,タチアガリ,タチアガリ
，	記号,読点,*,*,*,*,，,，,，
野	名詞,一般,*,*,*,*,野,ノ,ノ
で	助詞,格助詞,一般,*,*,*,で,デ,デ
待ち伏せ	動詞,自立,*,*,一段,連用形,待ち伏せる,マチブセ,マチブセ
し	動詞,自立,*,*,サ変・スル,連用形,する,シ,シ
て	助詞,接続助詞,*,*,*,*,て,テ,テ
ください	動詞,非自立,*,*,五段・ラ行特殊,命令ｉ,くださる,クダサイ,クダサイ
。	記号,句点,*,*,*,*,。,。,。
そして	接続詞,*,*,*,*,*,そして,ソシテ,ソシテ
，	記号,読点,*,*,*,*,，,，,，
朝	名詞,副詞可能,*,*,*,*,朝,アサ,アサ
，	名詞,数,*,*,*,*,，,，,，
日	名詞,接尾,助数詞,*,*,*,日,ニチ,ニチ
が	助詞,格助詞,一般,*,*,*,が,ガ,ガ
照り	動詞,自立,*,*,五段・ラ行,連用形,照る,テリ,テリ
出し	動詞,非自立,*,*,五段・サ行,連用形,出す,ダシ,ダシ
たら	助動詞,*,*,*,特殊・タ,仮定形,た,タラ,タラ
，	記号,読点,*,*,*,*,，,，,，
あなた	名詞,代名詞,一般,*,*,*,あなた,アナタ,アナタ
は	助詞,係助詞,*,*,*,*,は,ハ,ワ
早く	形容詞,自立,*,*,形容詞・アウオ段,連用テ接続,早い,ハヤク,ハヤク
身	名詞,一般,*,*,*,*,身,ミ,ミ
を	助詞,格助詞,一般,*,*,*,を,ヲ,ヲ
起こす	動詞,自立,*,*,五段・サ行,基本形,起こす,オコス,オコス
の	名詞,非自立,一般,*,*,*,の,ノ,ノ
です	助動詞,*,*,*,特殊・デス,基本形,です,デス,デス
。	記号,句点,*,*,*,*,。,。,。
そして	接続詞,*,*,*,*,*,そして,ソシテ,ソシテ
，	記号,読点,*,*,*,*,，,，,，
是非	名詞,サ変接続,*,*,*,*,是非,ゼヒ,ゼヒ
とも	助詞,副助詞,*,*,*,*,とも,トモ,トモ
この	連体詞,*,*,*,*,*,この,コノ,コノ
都市	名詞,一般,*,*,*,*,都市,トシ,トシ
に	助詞,格助詞,一般,*,*,*,に,ニ,ニ
向かっ	動詞,自立,*,*,五段・ワ行促音便,連用タ接続,向かう,ムカッ,ムカッ
て	助詞,接続助詞,*,*,*,*,て,テ,テ
突き進ん	動詞,自立,*,*,五段・マ行,連用タ接続,突き進む,ツキススン,ツキススン
で	助詞,接続助詞,*,*,*,*,で,デ,デ
ください	動詞,非自立,*,*,五段・ラ行特殊,命令ｉ,くださる,クダサイ,クダサイ
	記号,一般,*,*,*,*,*
EOS
	記号,一般,*,*,*,*,*
彼	名詞,代名詞,一般,*,*,*,彼,カレ,カレ
および	接続詞,*,*,*,*,*,および,オヨビ,オヨビ
共に	副詞,一般,*,*,*,*,共に,トモニ,トモニ
いる	動詞,自立,*,*,一段,基本形,いる,イル,イル
民	名詞,一般,*,*,*,*,民,ミン,ミン
が	助詞,格助詞,一般,*,*,*,が,ガ,ガ
向かっ	動詞,自立,*,*,五段・ワ行促音便,連用タ接続,向かう,ムカッ,ムカッ
て	助詞,接続助詞,*,*,*,*,て,テ,テ
出	動詞,自立,*,*,一段,連用形,出る,デ,デ
て	助詞,接続助詞,*,*,*,*,て,テ,テ
来	動詞,非自立,*,*,カ変・来ル,連用形,来る,キ,キ
たら	助動詞,*,*,*,特殊・タ,仮定形,た,タラ,タラ
，	記号,読点,*,*,*,*,，,，,，
あなた	名詞,代名詞,一般,*,*,*,あなた,アナタ,アナタ
も	助詞,係助詞,*,*,*,*,も,モ,モ
自分	名詞,一般,*,*,*,*,自分,ジブン,ジブン
の	助詞,連体化,*,*,*,*,の,ノ,ノ
手	名詞,一般,*,*,*,*,手,テ,テ
に	助詞,格助詞,一般,*,*,*,に,ニ,ニ
可能	名詞,形容動詞語幹,*,*,*,*,可能,カノウ,カノー
な	助動詞,*,*,*,特殊・ダ,体言接続,だ,ナ,ナ
限り	名詞,非自立,副詞可能,*,*,*,限り,カギリ,カギリ
の	助詞,連体化,*,*,*,*,の,ノ,ノ
こと	名詞,非自立,一般,*,*,*,こと,コト,コト
を	助詞,格助詞,一般,*,*,*,を,ヲ,ヲ
是非	副詞,一般,*,*,*,*,是非,ゼヒ,ゼヒ
これ	名詞,代名詞,一般,*,*,*,これ,コレ,コレ
に	助詞,格助詞,一般,*,*,*,に,ニ,ニ
行なっ	動詞,自立,*,*,五段・ワ行促音便,連用タ接続,行なう,オコナッ,オコナッ
て	助詞,接続助詞,*,*,*,*,て,テ,テ
ください	動詞,非自立,*,*,五段・ラ行特殊,命令ｉ,くださる,クダサイ,クダサイ
」	記号,括弧閉,*,*,*,*,」,」,」
。	記号,句点,*,*,*,*,。,。,。
そこで	接続詞,*,*,*,*,*,そこで,ソコデ,ソコデ
アビメレク	名詞,一般,*,*,*,*,*
および	接続詞,*,*,*,*,*,および,オヨビ,オヨビ
共に	副詞,一般,*,*,*,*,共に,トモニ,トモニ
い	動詞,自立,*,*,一段,連用形,いる,イ,イ
た	助動詞,*,*,*,特殊・タ,基本形,た,タ,タ
すべて	名詞,副詞可能,*,*,*,*,すべて,スベテ,スベテ
の	助詞,連体化,*,*,*,*,の,ノ,ノ
民	名詞,一般,*,*,*,*,民,ミン,ミン
は	助詞,係助詞,*,*,*,*,は,ハ,ワ
夜	名詞,副詞可能,*,*,*,*,夜,ヨル,ヨル
の	助詞,連体化,*,*,*,*,の,ノ,ノ
うち	名詞,非自立,副詞可能,*,*,*,うち,ウチ,ウチ
に	助詞,格助詞,一般,*,*,*,に,ニ,ニ
立ち上がり	動詞,自立,*,*,五段・ラ行,連用形,立ち上がる,タチアガリ,タチアガリ
，	記号,読点,*,*,*,*,，,，,，
四つ	名詞,一般,*,*,*,*,四つ,ヨッツ,ヨッツ
の	助詞,連体化,*,*,*,*,の,ノ,ノ
隊	名詞,一般,*,*,*,*,隊,タイ,タイ
に	助詞,格助詞,一般,*,*,*,に,ニ,ニ
なっ	動詞,自立,*,*,五段・ラ行,連用タ接続,なる,ナッ,ナッ
て	助詞,接続助詞,*,*,*,*,て,テ,テ
シェケム	名詞,一般,*,*,*,*,*
に対する	助詞,格助詞,連語,*,*,*,に対する,ニタイスル,ニタイスル
待ち伏せ	名詞,一般,*,*,*,*,待ち伏せ,マチブセ,マチブセ
を	助詞,格助詞,一般,*,*,*,を,ヲ,ヲ
始め	動詞,自立,*,*,一段,連用形,始める,ハジメ,ハジメ
た	助動詞,*,*,*,特殊・タ,基本形,た,タ,タ
。	記号,句点,*,*,*,*,。,。,。
その後	名詞,副詞可能,*,*,*,*,その後,ソノゴ,ソノゴ
エベド	名詞,一般,*,*,*,*,*
の	助詞,連体化,*,*,*,*,の,ノ,ノ
子	接頭詞,名詞接続,*,*,*,*,子,コ,コ
ガアル	名詞,一般,*,*,*,*,*
は	助詞,係助詞,*,*,*,*,は,ハ,ワ
出	動詞,自立,*,*,一段,連用形,出る,デ,デ
て	助詞,接続助詞,*,*,*,*,て,テ,テ
来	動詞,非自立,*,*,カ変・来ル,連用形,来る,キ,キ
て	助詞,接続助詞,*,*,*,*,て,テ,テ
，	記号,読点,*,*,*,*,，,，,，
その	連体詞,*,*,*,*,*,その,ソノ,ソノ
都市	名詞,一般,*,*,*,*,都市,トシ,トシ
の	助詞,連体化,*,*,*,*,の,ノ,ノ
城門	名詞,一般,*,*,*,*,城門,ジョウモン,ジョーモン
の	助詞,連体化,*,*,*,*,の,ノ,ノ
入口	名詞,一般,*,*,*,*,入口,イリグチ,イリグチ
に	助詞,格助詞,一般,*,*,*,に,ニ,ニ
立っ	動詞,自立,*,*,五段・タ行,連用タ接続,立つ,タッ,タッ
た	助動詞,*,*,*,特殊・タ,基本形,た,タ,タ
。	記号,句点,*,*,*,*,。,。,。
そこで	接続詞,*,*,*,*,*,そこで,ソコデ,ソコデ
アビメレク	名詞,一般,*,*,*,*,*
および	接続詞,*,*,*,*,*,および,オヨビ,オヨビ
これ	名詞,代名詞,一般,*,*,*,これ,コレ,コレ
と	助詞,格助詞,一般,*,*,*,と,ト,ト
共に	副詞,一般,*,*,*,*,共に,トモニ,トモニ
い	動詞,自立,*,*,一段,連用形,いる,イ,イ
た	助動詞,*,*,*,特殊・タ,基本形,た,タ,タ
民	名詞,一般,*,*,*,*,民,ミン,ミン
は	助詞,係助詞,*,*,*,*,は,ハ,ワ
その	連体詞,*,*,*,*,*,その,ソノ,ソノ
待ち伏せ	名詞,一般,*,*,*,*,待ち伏せ,マチブセ,マチブセ
の	助詞,連体化,*,*,*,*,の,ノ,ノ
場所	名詞,一般,*,*,*,*,場所,バショ,バショ
から	助詞,格助詞,一般,*,*,*,から,カラ,カラ
立ち上がっ	動詞,自立,*,*,五段・ラ行,連用タ接続,立ち上がる,タチアガッ,タチアガッ
た	助動詞,*,*,*,特殊・タ,基本形,た,タ,タ
。	記号,句点,*,*,*,*,。,。,。
ガアル	名詞,一般,*,*,*,*,*
は	助詞,係助詞,*,*,*,*,は,ハ,ワ
その	連体詞,*,*,*,*,*,その,ソノ,ソノ
民	名詞,一般,*,*,*,*,民,ミン,ミン
を	助詞,格助詞,一般,*,*,*,を,ヲ,ヲ
見かける	動詞,自立,*,*,一段,基本形,見かける,ミカケル,ミカケル
と	助詞,接続助詞,*,*,*,*,と,ト,ト
，	記号,読点,*,*,*,*,，,，,，
すぐ	副詞,助詞類接続,*,*,*,*,すぐ,スグ,スグ
に	助詞,副詞化,*,*,*,*,に,ニ,ニ
ゼブル	名詞,一般,*,*,*,*,*
に	助詞,格助詞,一般,*,*,*,に,ニ,ニ
言っ	動詞,自立,*,*,五段・ワ行促音便,連用タ接続,言う,イッ,イッ
た	助動詞,*,*,*,特殊・タ,基本形,た,タ,タ
，	記号,読点,*,*,*,*,，,，,，
「	記号,括弧開,*,*,*,*,「,「,「
見よ	動詞,自立,*,*,一段,命令ｙｏ,見る,ミヨ,ミヨ
，	記号,読点,*,*,*,*,，,，,，
民	名詞,一般,*,*,*,*,民,ミン,ミン
が	助詞,格助詞,一般,*,*,*,が,ガ,ガ
山々	名詞,一般,*,*,*,*,山々,ヤマヤマ,ヤマヤマ
の	助詞,連体化,*,*,*,*,の,ノ,ノ
頂	名詞,一般,*,*,*,*,頂,イタダキ,イタダキ
から	助詞,格助詞,一般,*,*,*,から,カラ,カラ
下り	動詞,自立,*,*,一段,連用形,下りる,オリ,オリ
て	助詞,接続助詞,*,*,*,*,て,テ,テ
来る	動詞,非自立,*,*,カ変・来ル,基本形,来る,クル,クル
で	助動詞,*,*,*,特殊・ダ,連用形,だ,デ,デ
は	助詞,係助詞,*,*,*,*,は,ハ,ワ
ない	助動詞,*,*,*,特殊・ナイ,基本形,ない,ナイ,ナイ
か	助詞,副助詞／並立助詞／終助詞,*,*,*,*,か,カ,カ
」	記号,括弧閉,*,*,*,*,」,」,」
。	記号,句点,*,*,*,*,。,。,。
しかし	接続詞,*,*,*,*,*,しかし,シカシ,シカシ
ゼブル	名詞,一般,*,*,*,*,*
は	助詞,係助詞,*,*,*,*,は,ハ,ワ
言っ	動詞,自立,*,*,五段・ワ行促音便,連用タ接続,言う,イッ,イッ
た	助動詞,*,*,*,特殊・タ,基本形,た,タ,タ
，	記号,読点,*,*,*,*,，,，,，
「	記号,括弧開,*,*,*,*,「,「,「
山影	名詞,固有名詞,人名,姓,*,*,山影,ヤマカゲ,ヤマカゲ
が	助詞,格助詞,一般,*,*,*,が,ガ,ガ
人	名詞,一般,*,*,*,*,人,ヒト,ヒト
の	助詞,連体化,*,*,*,*,の,ノ,ノ
よう	名詞,非自立,助動詞語幹,*,*,*,よう,ヨウ,ヨー
に	助詞,副詞化,*,*,*,*,に,ニ,ニ
見える	動詞,自立,*,*,一段,基本形,見える,ミエル,ミエル
の	名詞,非自立,一般,*,*,*,の,ノ,ノ
です	助動詞,*,*,*,特殊・デス,基本形,です,デス,デス
」	記号,括弧閉,*,*,*,*,」,」,」
。	記号,句点,*,*,*,*,。,。,。
後	名詞,接尾,副詞可能,*,*,*,後,ゴ,ゴ
に	助詞,格助詞,一般,*,*,*,に,ニ,ニ
ガアル	名詞,一般,*,*,*,*,*
は	助詞,係助詞,*,*,*,*,は,ハ,ワ
もう一度	副詞,一般,*,*,*,*,もう一度,モウイチド,モーイチド
話し	動詞,自立,*,*,五段・サ行,連用形,話す,ハナシ,ハナシ
て	助詞,接続助詞,*,*,*,*,て,テ,テ
言っ	動詞,自立,*,*,五段・ワ行促音便,連用タ接続,言う,イッ,イッ
た	助動詞,*,*,*,特殊・タ,基本形,た,タ,タ
，	記号,読点,*,*,*,*,，,，,，
「	記号,括弧開,*,*,*,*,「,「,「
見よ	動詞,自立,*,*,一段,命令ｙｏ,見る,ミヨ,ミヨ
，	記号,読点,*,*,*,*,，,，,，
民	名詞,一般,*,*,*,*,民,ミン,ミン
が	助詞,格助詞,一般,*,*,*,が,ガ,ガ
地	名詞,一般,*,*,*,*,地,チ,チ
の	助詞,連体化,*,*,*,*,の,ノ,ノ
中央	名詞,一般,*,*,*,*,中央,チュウオウ,チューオー
から	助詞,格助詞,一般,*,*,*,から,カラ,カラ
下り	動詞,自立,*,*,一段,連用形,下りる,オリ,オリ
て	助詞,接続助詞,*,*,*,*,て,テ,テ
来る	動詞,非自立,*,*,カ変・来ル,基本形,来る,クル,クル
。	記号,句点,*,*,*,*,。,。,。
一	名詞,数,*,*,*,*,一,イチ,イチ
隊	名詞,接尾,一般,*,*,*,隊,タイ,タイ
は	助詞,係助詞,*,*,*,*,は,ハ,ワ
メオネニム	名詞,一般,*,*,*,*,*
の	助詞,連体化,*,*,*,*,の,ノ,ノ
大木	名詞,一般,*,*,*,*,大木,タイボク,タイボク
の	助詞,連体化,*,*,*,*,の,ノ,ノ
ところ	名詞,非自立,副詞可能,*,*,*,ところ,トコロ,トコロ
を	助詞,格助詞,一般,*,*,*,を,ヲ,ヲ
通っ	動詞,自立,*,*,五段・ラ行,連用タ接続,通る,トオッ,トーッ
て	助詞,接続助詞,*,*,*,*,て,テ,テ
やっ	動詞,非自立,*,*,五段・ラ行,連用タ接続,やる,ヤッ,ヤッ
て	助詞,接続助詞,*,*,*,*,て,テ,テ
来る	動詞,非自立,*,*,カ変・来ル,基本形,来る,クル,クル
で	助動詞,*,*,*,特殊・ダ,連用形,だ,デ,デ
は	助詞,係助詞,*,*,*,*,は,ハ,ワ
ない	助動詞,*,*,*,特殊・ナイ,基本形,ない,ナイ,ナイ
か	助詞,副助詞／並立助詞／終助詞,*,*,*,*,か,カ,カ
」	記号,括弧閉,*,*,*,*,」,」,」
。	記号,句点,*,*,*,*,。,。,。
すると	接続詞,*,*,*,*,*,すると,スルト,スルト
ゼブル	名詞,一般,*,*,*,*,*
は	助詞,係助詞,*,*,*,*,は,ハ,ワ
言っ	動詞,自立,*,*,五段・ワ行促音便,連用タ接続,言う,イッ,イッ
た	助動詞,*,*,*,特殊・タ,基本形,た,タ,タ
，	記号,読点,*,*,*,*,，,，,，
「	記号,括弧開,*,*,*,*,「,「,「
あなた	名詞,代名詞,一般,*,*,*,あなた,アナタ,アナタ
が	助詞,格助詞,一般,*,*,*,が,ガ,ガ
口	名詞,一般,*,*,*,*,口,クチ,クチ
に	助詞,格助詞,一般,*,*,*,に,ニ,ニ
さ	動詞,自立,*,*,サ変・スル,未然レル接続,する,サ,サ
れ	動詞,接尾,*,*,一段,連用形,れる,レ,レ
た	助動詞,*,*,*,特殊・タ,基本形,た,タ,タ
，	記号,読点,*,*,*,*,，,，,，
『	記号,括弧開,*,*,*,*,『,『,『
アビメレク	名詞,一般,*,*,*,*,*
が	助詞,格助詞,一般,*,*,*,が,ガ,ガ
何者	名詞,一般,*,*,*,*,何者,ナニモノ,ナニモノ
だ	助動詞,*,*,*,特殊・ダ,基本形,だ,ダ,ダ
と	助詞,格助詞,引用,*,*,*,と,ト,ト
いう	動詞,自立,*,*,五段・ワ行促音便,基本形,いう,イウ,イウ
ので	助詞,接続助詞,*,*,*,*,ので,ノデ,ノデ
，	記号,読点,*,*,*,*,，,，,，
我々	名詞,代名詞,一般,*,*,*,我々,ワレワレ,ワレワレ
は	助詞,係助詞,*,*,*,*,は,ハ,ワ
これ	名詞,代名詞,一般,*,*,*,これ,コレ,コレ
に	助詞,格助詞,一般,*,*,*,に,ニ,ニ
仕える	動詞,自立,*,*,一段,基本形,仕える,ツカエル,ツカエル
べき	助動詞,*,*,*,文語・ベシ,体言接続,べし,ベキ,ベキ
な	助動詞,*,*,*,特殊・ダ,体言接続,だ,ナ,ナ
の	名詞,非自立,一般,*,*,*,の,ノ,ノ
か	助詞,副助詞／並立助詞／終助詞,*,*,*,*,か,カ,カ
』	記号,括弧閉,*,*,*,*,』,』,』
という	助詞,格助詞,連語,*,*,*,という,トイウ,トユウ
その	連体詞,*,*,*,*,*,その,ソノ,ソノ
言葉	名詞,一般,*,*,*,*,言葉,コトバ,コトバ
は	助詞,係助詞,*,*,*,*,は,ハ,ワ
今	名詞,副詞可能,*,*,*,*,今,イマ,イマ
どこ	名詞,代名詞,一般,*,*,*,どこ,ドコ,ドコ
に	助詞,格助詞,一般,*,*,*,に,ニ,ニ
ある	動詞,自立,*,*,五段・ラ行,基本形,ある,アル,アル
の	名詞,非自立,一般,*,*,*,の,ノ,ノ
です	助動詞,*,*,*,特殊・デス,基本形,です,デス,デス
か	助詞,副助詞／並立助詞／終助詞,*,*,*,*,か,カ,カ
。	記号,句点,*,*,*,*,。,。,。
これ	名詞,代名詞,一般,*,*,*,これ,コレ,コレ
こそ	助詞,係助詞,*,*,*,*,こそ,コソ,コソ
あなた	名詞,代名詞,一般,*,*,*,あなた,アナタ,アナタ
が	助詞,格助詞,一般,*,*,*,が,ガ,ガ
退け	動詞,自立,*,*,一段,連用形,退ける,シリゾケ,シリゾケ
た	助動詞,*,*,*,特殊・タ,基本形,た,タ,タ
民	名詞,一般,*,*,*,*,民,ミン,ミン
で	助詞,格助詞,一般,*,*,*,で,デ,デ
は	助詞,係助詞,*,*,*,*,は,ハ,ワ
あり	動詞,自立,*,*,五段・ラ行,連用形,ある,アリ,アリ
ませ	助動詞,*,*,*,特殊・マス,未然形,ます,マセ,マセ
ん	助動詞,*,*,*,不変化型,基本形,ん,ン,ン
か	助詞,副助詞／並立助詞／終助詞,*,*,*,*,か,カ,カ
。	記号,句点,*,*,*,*,。,。,。
さあ	感動詞,*,*,*,*,*,さあ,サア,サー
，	記号,読点,*,*,*,*,，,，,，
いま	名詞,副詞可能,*,*,*,*,いま,イマ,イマ
出	動詞,自立,*,*,一段,連用形,出る,デ,デ
て	助詞,接続助詞,*,*,*,*,て,テ,テ
行っ	動詞,非自立,*,*,五段・カ行促音便,連用タ接続,行く,イッ,イッ
て	助詞,接続助詞,*,*,*,*,て,テ,テ
，	記号,読点,*,*,*,*,，,，,，
彼ら	名詞,代名詞,一般,*,*,*,彼ら,カレラ,カレラ
と	助詞,格助詞,一般,*,*,*,と,ト,ト
戦っ	動詞,自立,*,*,五段・ワ行促音便,連用タ接続,戦う,タタカッ,タタカッ
て	助詞,接続助詞,*,*,*,*,て,テ,テ
ごらん	名詞,動詞非自立的,*,*,*,*,ごらん,ゴラン,ゴラン
なさい	動詞,自立,*,*,五段・ラ行特殊,命令ｉ,なさる,ナサイ,ナサイ
」	記号,括弧閉,*,*,*,*,」,」,」
。	記号,句点,*,*,*,*,。,。,。
それで	接続詞,*,*,*,*,*,それで,ソレデ,ソレデ
ガアル	名詞,一般,*,*,*,*,*
は	助詞,係助詞,*,*,*,*,は,ハ,ワ
シェケム	名詞,一般,*,*,*,*,*
の	助詞,連体化,*,*,*,*,の,ノ,ノ
土地	名詞,一般,*,*,*,*,土地,トチ,トチ
所有	名詞,サ変接続,*,*,*,*,所有,ショユウ,ショユー
者	名詞,接尾,一般,*,*,*,者,シャ,シャ
たち	名詞,接尾,一般,*,*,*,たち,タチ,タチ
の	助詞,連体化,*,*,*,*,の,ノ,ノ
先頭	名詞,一般,*,*,*,*,先頭,セントウ,セントー
に	助詞,格助詞,一般,*,*,*,に,ニ,ニ
立っ	動詞,自立,*,*,五段・タ行,連用タ接続,立つ,タッ,タッ
て	助詞,接続助詞,*,*,*,*,て,テ,テ
出	動詞,自立,*,*,一段,連用形,出る,デ,デ
て	助詞,接続助詞,*,*,*,*,て,テ,テ
行き	動詞,非自立,*,*,五段・カ行促音便,連用形,行く,イキ,イキ
，	記号,読点,*,*,*,*,，,，,，
アビメレク	名詞,固有名詞,組織,*,*,*,*
に対して	助詞,格助詞,連語,*,*,*,に対して,ニタイシテ,ニタイシテ
戦い	動詞,自立,*,*,五段・ワ行促音便,連用形,戦う,タタカイ,タタカイ
はじめ	動詞,非自立,*,*,一段,連用形,はじめる,ハジメ,ハジメ
た	助動詞,*,*,*,特殊・タ,基本形,た,タ,タ
。	記号,句点,*,*,*,*,。,。,。
しかし	接続詞,*,*,*,*,*,しかし,シカシ,シカシ
，	記号,読点,*,*,*,*,，,，,，
アビメレク	名詞,一般,*,*,*,*,*
は	助詞,係助詞,*,*,*,*,は,ハ,ワ
彼	名詞,代名詞,一般,*,*,*,彼,カレ,カレ
の	助詞,連体化,*,*,*,*,の,ノ,ノ
後	名詞,非自立,副詞可能,*,*,*,後,ノチ,ノチ
を	助詞,格助詞,一般,*,*,*,を,ヲ,ヲ
追い	動詞,自立,*,*,五段・ワ行促音便,連用形,追う,オイ,オイ
，	記号,読点,*,*,*,*,，,，,，
彼	名詞,代名詞,一般,*,*,*,彼,カレ,カレ
は	助詞,係助詞,*,*,*,*,は,ハ,ワ
その	連体詞,*,*,*,*,*,その,ソノ,ソノ
前	名詞,副詞可能,*,*,*,*,前,マエ,マエ
を	助詞,格助詞,一般,*,*,*,を,ヲ,ヲ
逃げだし	動詞,自立,*,*,五段・サ行,連用形,逃げだす,ニゲダシ,ニゲダシ
た	助動詞,*,*,*,特殊・タ,基本形,た,タ,タ
。	記号,句点,*,*,*,*,。,。,。
打ち殺さ	動詞,自立,*,*,五段・サ行,未然形,打ち殺す,ウチコロサ,ウチコロサ
れ	動詞,接尾,*,*,一段,連用形,れる,レ,レ
た	助動詞,*,*,*,特殊・タ,基本形,た,タ,タ
者	名詞,非自立,一般,*,*,*,者,モノ,モノ
が	助詞,格助詞,一般,*,*,*,が,ガ,ガ
次々	副詞,助詞類接続,*,*,*,*,次々,ツギツギ,ツギツギ
と	助詞,副詞化,*,*,*,*,と,ト,ト
大勢	名詞,一般,*,*,*,*,大勢,タイセイ,タイセイ
倒れ	動詞,自立,*,*,一段,連用形,倒れる,タオレ,タオレ
て	助詞,接続助詞,*,*,*,*,て,テ,テ
城門	名詞,一般,*,*,*,*,城門,ジョウモン,ジョーモン
の	助詞,連体化,*,*,*,*,の,ノ,ノ
入口	名詞,一般,*,*,*,*,入口,イリグチ,イリグチ
の	助詞,連体化,*,*,*,*,の,ノ,ノ
ところ	名詞,非自立,副詞可能,*,*,*,ところ,トコロ,トコロ
に	助詞,格助詞,一般,*,*,*,に,ニ,ニ
まで	助詞,副助詞,*,*,*,*,まで,マデ,マデ
及ん	動詞,自立,*,*,五段・バ行,連用タ接続,及ぶ,オヨン,オヨン
だ	助動詞,*,*,*,特殊・タ,基本形,だ,ダ,ダ
。	記号,句点,*,*,*,*,。,。,。
そして	接続詞,*,*,*,*,*,そして,ソシテ,ソシテ
アビメレク	名詞,一般,*,*,*,*,*
は	助詞,係助詞,*,*,*,*,は,ハ,ワ
その後	名詞,副詞可能,*,*,*,*,その後,ソノゴ,ソノゴ
も	助詞,係助詞,*,*,*,*,も,モ,モ
アルマ	名詞,一般,*,*,*,*,*
に	助詞,格助詞,一般,*,*,*,に,ニ,ニ
とどまり	動詞,自立,*,*,五段・ラ行,連用形,とどまる,トドマリ,トドマリ
，	記号,読点,*,*,*,*,，,，,，
ゼブル	名詞,一般,*,*,*,*,*
は	助詞,係助詞,*,*,*,*,は,ハ,ワ
ガアル	名詞,一般,*,*,*,*,*
と	助詞,格助詞,一般,*,*,*,と,ト,ト
その	連体詞,*,*,*,*,*,その,ソノ,ソノ
兄弟	名詞,一般,*,*,*,*,兄弟,キョウダイ,キョーダイ
たち	名詞,接尾,一般,*,*,*,たち,タチ,タチ
を	助詞,格助詞,一般,*,*,*,を,ヲ,ヲ
追い出し	動詞,自立,*,*,五段・サ行,連用形,追い出す,オイダシ,オイダシ
て	助詞,接続助詞,*,*,*,*,て,テ,テ
シェケム	名詞,一般,*,*,*,*,*
に	助詞,格助詞,一般,*,*,*,に,ニ,ニ
住まわせ	動詞,自立,*,*,一段,未然形,住まわせる,スマワセ,スマワセ
ない	助動詞,*,*,*,特殊・ナイ,基本形,ない,ナイ,ナイ
よう	名詞,非自立,助動詞語幹,*,*,*,よう,ヨウ,ヨー
に	助詞,格助詞,一般,*,*,*,に,ニ,ニ
し	動詞,自立,*,*,サ変・スル,連用形,する,シ,シ
た	助動詞,*,*,*,特殊・タ,基本形,た,タ,タ
。	記号,句点,*,*,*,*,。,。,。
だが	接続詞,*,*,*,*,*,だが,ダガ,ダガ
その	連体詞,*,*,*,*,*,その,ソノ,ソノ
次	名詞,一般,*,*,*,*,次,ツギ,ツギ
の	助詞,連体化,*,*,*,*,の,ノ,ノ
日	名詞,非自立,副詞可能,*,*,*,日,ヒ,ヒ
に	助詞,格助詞,一般,*,*,*,に,ニ,ニ
も	助詞,係助詞,*,*,*,*,も,モ,モ
民	名詞,一般,*,*,*,*,民,ミン,ミン
は	助詞,係助詞,*,*,*,*,は,ハ,ワ
野	名詞,一般,*,*,*,*,野,ノ,ノ
に	助詞,格助詞,一般,*,*,*,に,ニ,ニ
出	動詞,自立,*,*,一段,連用形,出る,デ,デ
て	助詞,接続助詞,*,*,*,*,て,テ,テ
行こ	動詞,非自立,*,*,五段・カ行促音便,未然ウ接続,行く,イコ,イコ
う	助動詞,*,*,*,不変化型,基本形,う,ウ,ウ
と	助詞,格助詞,引用,*,*,*,と,ト,ト
し	動詞,自立,*,*,サ変・スル,連用形,する,シ,シ
た	助動詞,*,*,*,特殊・タ,基本形,た,タ,タ
。	記号,句点,*,*,*,*,。,。,。
それで	接続詞,*,*,*,*,*,それで,ソレデ,ソレデ
人々	名詞,一般,*,*,*,*,人々,ヒトビト,ヒトビト
は	助詞,係助詞,*,*,*,*,は,ハ,ワ
アビメレク	名詞,一般,*,*,*,*,*
に	助詞,格助詞,一般,*,*,*,に,ニ,ニ
告げ	動詞,自立,*,*,一段,連用形,告げる,ツゲ,ツゲ
た	助動詞,*,*,*,特殊・タ,基本形,た,タ,タ
。	記号,句点,*,*,*,*,。,。,。
そこで	接続詞,*,*,*,*,*,そこで,ソコデ,ソコデ
彼	名詞,代名詞,一般,*,*,*,彼,カレ,カレ
は	助詞,係助詞,*,*,*,*,は,ハ,ワ
民	名詞,一般,*,*,*,*,民,ミン,ミン
を	助詞,格助詞,一般,*,*,*,を,ヲ,ヲ
連れ	動詞,自立,*,*,一段,連用形,連れる,ツレ,ツレ
て	助詞,接続助詞,*,*,*,*,て,テ,テ
行き	動詞,非自立,*,*,五段・カ行促音便,連用形,行く,イキ,イキ
，	記号,読点,*,*,*,*,，,，,，
それ	名詞,代名詞,一般,*,*,*,それ,ソレ,ソレ
を	助詞,格助詞,一般,*,*,*,を,ヲ,ヲ
三つ	名詞,一般,*,*,*,*,三つ,ミッツ,ミッツ
の	助詞,連体化,*,*,*,*,の,ノ,ノ
隊	名詞,一般,*,*,*,*,隊,タイ,タイ
に	助詞,格助詞,一般,*,*,*,に,ニ,ニ
分け	動詞,自立,*,*,一段,連用形,分ける,ワケ,ワケ
，	記号,読点,*,*,*,*,，,，,，
野	名詞,一般,*,*,*,*,野,ノ,ノ
で	助詞,格助詞,一般,*,*,*,で,デ,デ
待ち伏せ	名詞,一般,*,*,*,*,待ち伏せ,マチブセ,マチブセ
を	助詞,格助詞,一般,*,*,*,を,ヲ,ヲ
始め	動詞,自立,*,*,一段,連用形,始める,ハジメ,ハジメ
た	助動詞,*,*,*,特殊・タ,基本形,た,タ,タ
。	記号,句点,*,*,*,*,。,。,。
そして	接続詞,*,*,*,*,*,そして,ソシテ,ソシテ
彼	名詞,代名詞,一般,*,*,*,彼,カレ,カレ
が	助詞,格助詞,一般,*,*,*,が,ガ,ガ
見る	動詞,自立,*,*,一段,基本形,見る,ミル,ミル
と	助詞,接続助詞,*,*,*,*,と,ト,ト
，	記号,読点,*,*,*,*,，,，,，
民	名詞,一般,*,*,*,*,民,ミン,ミン
は	助詞,係助詞,*,*,*,*,は,ハ,ワ
都市	名詞,一般,*,*,*,*,都市,トシ,トシ
から	助詞,格助詞,一般,*,*,*,から,カラ,カラ
出	動詞,自立,*,*,一段,連用形,出る,デ,デ
て	助詞,接続助詞,*,*,*,*,て,テ,テ
来る	動詞,非自立,*,*,カ変・来ル,基本形,来る,クル,クル
の	名詞,非自立,一般,*,*,*,の,ノ,ノ
で	助動詞,*,*,*,特殊・ダ,連用形,だ,デ,デ
あっ	助動詞,*,*,*,五段・ラ行アル,連用タ接続,ある,アッ,アッ
た	助動詞,*,*,*,特殊・タ,基本形,た,タ,タ
。	記号,句点,*,*,*,*,。,。,。
そこで	接続詞,*,*,*,*,*,そこで,ソコデ,ソコデ
彼	名詞,代名詞,一般,*,*,*,彼,カレ,カレ
は	助詞,係助詞,*,*,*,*,は,ハ,ワ
立ち上がっ	動詞,自立,*,*,五段・ラ行,連用タ接続,立ち上がる,タチアガッ,タチアガッ
て	助詞,接続助詞,*,*,*,*,て,テ,テ
彼ら	名詞,代名詞,一般,*,*,*,彼ら,カレラ,カレラ
を	助詞,格助詞,一般,*,*,*,を,ヲ,ヲ
攻め	動詞,自立,*,*,一段,連用形,攻める,セメ,セメ
，	記号,読点,*,*,*,*,，,，,，
これ	名詞,代名詞,一般,*,*,*,これ,コレ,コレ
を	助詞,格助詞,一般,*,*,*,を,ヲ,ヲ
討ち	動詞,自立,*,*,五段・タ行,連用形,討つ,ウチ,ウチ
倒し	動詞,自立,*,*,五段・サ行,連用形,倒す,タオシ,タオシ
た	助動詞,*,*,*,特殊・タ,基本形,た,タ,タ
。	記号,句点,*,*,*,*,。,。,。
そして	接続詞,*,*,*,*,*,そして,ソシテ,ソシテ
アビメレク	名詞,一般,*,*,*,*,*
および	接続詞,*,*,*,*,*,および,オヨビ,オヨビ
これ	名詞,代名詞,一般,*,*,*,これ,コレ,コレ
と	助詞,格助詞,一般,*,*,*,と,ト,ト
共に	副詞,一般,*,*,*,*,共に,トモニ,トモニ
い	動詞,自立,*,*,一段,連用形,いる,イ,イ
た	助動詞,*,*,*,特殊・タ,基本形,た,タ,タ
隊	名詞,一般,*,*,*,*,隊,タイ,タイ
は	助詞,係助詞,*,*,*,*,は,ハ,ワ
その	連体詞,*,*,*,*,*,その,ソノ,ソノ
都市	名詞,一般,*,*,*,*,都市,トシ,トシ
の	助詞,連体化,*,*,*,*,の,ノ,ノ
城門	名詞,一般,*,*,*,*,城門,ジョウモン,ジョーモン
の	助詞,連体化,*,*,*,*,の,ノ,ノ
入口	名詞,一般,*,*,*,*,入口,イリグチ,イリグチ
に	助詞,格助詞,一般,*,*,*,に,ニ,ニ
立と	動詞,自立,*,*,五段・タ行,未然ウ接続,立つ,タト,タト
う	助動詞,*,*,*,不変化型,基本形,う,ウ,ウ
として	助詞,格助詞,連語,*,*,*,として,トシテ,トシテ
突き進み	動詞,自立,*,*,五段・マ行,連用形,突き進む,ツキススミ,ツキススミ
，	記号,読点,*,*,*,*,，,，,，
一方	接続詞,*,*,*,*,*,一方,イッポウ,イッポー
二つ	名詞,一般,*,*,*,*,二つ,フタツ,フタツ
の	助詞,連体化,*,*,*,*,の,ノ,ノ
隊	名詞,一般,*,*,*,*,隊,タイ,タイ
は	助詞,係助詞,*,*,*,*,は,ハ,ワ
野	名詞,一般,*,*,*,*,野,ノ,ノ
に	助詞,格助詞,一般,*,*,*,に,ニ,ニ
いる	動詞,自立,*,*,一段,基本形,いる,イル,イル
すべて	名詞,副詞可能,*,*,*,*,すべて,スベテ,スベテ
の	助詞,連体化,*,*,*,*,の,ノ,ノ
者	名詞,非自立,一般,*,*,*,者,モノ,モノ
に	助詞,格助詞,一般,*,*,*,に,ニ,ニ
向かっ	動詞,自立,*,*,五段・ワ行促音便,連用タ接続,向かう,ムカッ,ムカッ
て	助詞,接続助詞,*,*,*,*,て,テ,テ
突き進み	動詞,自立,*,*,五段・マ行,連用形,突き進む,ツキススミ,ツキススミ
，	記号,読点,*,*,*,*,，,，,，
これ	名詞,代名詞,一般,*,*,*,これ,コレ,コレ
を	助詞,格助詞,一般,*,*,*,を,ヲ,ヲ
討ち	動詞,自立,*,*,五段・タ行,連用形,討つ,ウチ,ウチ
倒し	動詞,自立,*,*,五段・サ行,連用形,倒す,タオシ,タオシ
て	助詞,接続助詞,*,*,*,*,て,テ,テ
いっ	動詞,非自立,*,*,五段・カ行促音便,連用タ接続,いく,イッ,イッ
た	助動詞,*,*,*,特殊・タ,基本形,た,タ,タ
。	記号,句点,*,*,*,*,。,。,。
そして	接続詞,*,*,*,*,*,そして,ソシテ,ソシテ
アビメレク	名詞,一般,*,*,*,*,*
は	助詞,係助詞,*,*,*,*,は,ハ,ワ
その	連体詞,*,*,*,*,*,その,ソノ,ソノ
日	名詞,非自立,副詞可能,*,*,*,日,ヒ,ヒ
一	名詞,数,*,*,*,*,一,イチ,イチ
日	名詞,接尾,助数詞,*,*,*,日,ニチ,ニチ
その	連体詞,*,*,*,*,*,その,ソノ,ソノ
都市	名詞,一般,*,*,*,*,都市,トシ,トシ
に対して	助詞,格助詞,連語,*,*,*,に対して,ニタイシテ,ニタイシテ
戦っ	動詞,自立,*,*,五段・ワ行促音便,連用タ接続,戦う,タタカッ,タタカッ
て	助詞,接続助詞,*,*,*,*,て,テ,テ
，	記号,読点,*,*,*,*,，,，,，
ついに	副詞,一般,*,*,*,*,ついに,ツイニ,ツイニ
その	連体詞,*,*,*,*,*,その,ソノ,ソノ
都市	名詞,一般,*,*,*,*,都市,トシ,トシ
を	助詞,格助詞,一般,*,*,*,を,ヲ,ヲ
攻略	名詞,サ変接続,*,*,*,*,攻略,コウリャク,コーリャク
し	動詞,自立,*,*,サ変・スル,連用形,する,シ,シ
た	助動詞,*,*,*,特殊・タ,基本形,た,タ,タ
。	記号,句点,*,*,*,*,。,。,。
その	連体詞,*,*,*,*,*,その,ソノ,ソノ
中	名詞,非自立,副詞可能,*,*,*,中,ナカ,ナカ
に	助詞,格助詞,一般,*,*,*,に,ニ,ニ
い	動詞,自立,*,*,一段,連用形,いる,イ,イ
た	助動詞,*,*,*,特殊・タ,基本形,た,タ,タ
民	名詞,一般,*,*,*,*,民,ミン,ミン
を	助詞,格助詞,一般,*,*,*,を,ヲ,ヲ
殺し	動詞,自立,*,*,五段・サ行,連用形,殺す,コロシ,コロシ
，	記号,読点,*,*,*,*,，,，,，
その後	名詞,副詞可能,*,*,*,*,その後,ソノゴ,ソノゴ
その	連体詞,*,*,*,*,*,その,ソノ,ソノ
都市	名詞,一般,*,*,*,*,都市,トシ,トシ
を	助詞,格助詞,一般,*,*,*,を,ヲ,ヲ
打ち	動詞,自立,*,*,五段・タ行,連用形,打つ,ウチ,ウチ
崩し	動詞,自立,*,*,五段・サ行,連用形,崩す,クズシ,クズシ
て	助詞,接続助詞,*,*,*,*,て,テ,テ
，	記号,読点,*,*,*,*,，,，,，
そこ	名詞,代名詞,一般,*,*,*,そこ,ソコ,ソコ
に	助詞,格助詞,一般,*,*,*,に,ニ,ニ
塩	名詞,一般,*,*,*,*,塩,シオ,シオ
を	助詞,格助詞,一般,*,*,*,を,ヲ,ヲ
まい	動詞,自立,*,*,五段・カ行イ音便,連用タ接続,まく,マイ,マイ
た	助動詞,*,*,*,特殊・タ,基本形,た,タ,タ
。	記号,句点,*,*,*,*,。,。,。
シェケム	名詞,一般,*,*,*,*,*
の	助詞,連体化,*,*,*,*,の,ノ,ノ
塔	名詞,一般,*,*,*,*,塔,トウ,トー
の	助詞,連体化,*,*,*,*,の,ノ,ノ
土地	名詞,一般,*,*,*,*,土地,トチ,トチ
所有	名詞,サ変接続,*,*,*,*,所有,ショユウ,ショユー
者	名詞,接尾,一般,*,*,*,者,シャ,シャ
たち	名詞,接尾,一般,*,*,*,たち,タチ,タチ
すべて	名詞,副詞可能,*,*,*,*,すべて,スベテ,スベテ
は	助詞,係助詞,*,*,*,*,は,ハ,ワ
，	記号,読点,*,*,*,*,，,，,，
その	連体詞,*,*,*,*,*,その,ソノ,ソノ
事	名詞,非自立,一般,*,*,*,事,コト,コト
について	助詞,格助詞,連語,*,*,*,について,ニツイテ,ニツイテ
聞く	動詞,自立,*,*,五段・カ行イ音便,基本形,聞く,キク,キク
と	助詞,接続助詞,*,*,*,*,と,ト,ト
，	記号,読点,*,*,*,*,，,，,，
すぐ	副詞,助詞類接続,*,*,*,*,すぐ,スグ,スグ
に	助詞,副詞化,*,*,*,*,に,ニ,ニ
エル	名詞,固有名詞,人名,名,*,*,エル,エル,エル
･	名詞,サ変接続,*,*,*,*,*
ベリト	名詞,一般,*,*,*,*,*
の	助詞,連体化,*,*,*,*,の,ノ,ノ
家	名詞,一般,*,*,*,*,家,イエ,イエ
の	助詞,連体化,*,*,*,*,の,ノ,ノ
丸天井	名詞,一般,*,*,*,*,丸天井,マルテンジョウ,マルテンジョー
広間	名詞,一般,*,*,*,*,広間,ヒロマ,ヒロマ
に	助詞,格助詞,一般,*,*,*,に,ニ,ニ
行っ	動詞,自立,*,*,五段・カ行促音便,連用タ接続,行く,イッ,イッ
た	助動詞,*,*,*,特殊・タ,基本形,た,タ,タ
。	記号,句点,*,*,*,*,。,。,。
それで	接続詞,*,*,*,*,*,それで,ソレデ,ソレデ
，	記号,読点,*,*,*,*,，,，,，
シェケム	名詞,一般,*,*,*,*,*
の	助詞,連体化,*,*,*,*,の,ノ,ノ
塔	名詞,一般,*,*,*,*,塔,トウ,トー
の	助詞,連体化,*,*,*,*,の,ノ,ノ
土地	名詞,一般,*,*,*,*,土地,トチ,トチ
所有	名詞,サ変接続,*,*,*,*,所有,ショユウ,ショユー
者	名詞,接尾,一般,*,*,*,者,シャ,シャ
たち	名詞,接尾,一般,*,*,*,たち,タチ,タチ
が	助詞,格助詞,一般,*,*,*,が,ガ,ガ
みな	名詞,代名詞,一般,*,*,*,みな,ミナ,ミナ
集まっ	動詞,自立,*,*,五段・ラ行,連用タ接続,集まる,アツマッ,アツマッ
て	助詞,接続助詞,*,*,*,*,て,テ,テ
いる	動詞,非自立,*,*,一段,基本形,いる,イル,イル
，	記号,読点,*,*,*,*,，,，,，
という	助詞,格助詞,連語,*,*,*,という,トイウ,トユウ
こと	名詞,非自立,一般,*,*,*,こと,コト,コト
が	助詞,格助詞,一般,*,*,*,が,ガ,ガ
アビメレク	名詞,一般,*,*,*,*,*
の	助詞,連体化,*,*,*,*,の,ノ,ノ
もと	名詞,非自立,一般,*,*,*,もと,モト,モト
に	助詞,格助詞,一般,*,*,*,に,ニ,ニ
伝え	動詞,自立,*,*,一段,未然形,伝える,ツタエ,ツタエ
られ	動詞,接尾,*,*,一段,連用形,られる,ラレ,ラレ
た	助動詞,*,*,*,特殊・タ,基本形,た,タ,タ
。	記号,句点,*,*,*,*,。,。,。
そこで	接続詞,*,*,*,*,*,そこで,ソコデ,ソコデ
アビメレク	名詞,一般,*,*,*,*,*
は	助詞,係助詞,*,*,*,*,は,ハ,ワ
ツァルモン	名詞,固有名詞,地域,一般,*,*,*
山	名詞,接尾,地域,*,*,*,山,サン,サン
に	助詞,格助詞,一般,*,*,*,に,ニ,ニ
上っ	動詞,自立,*,*,五段・ラ行,連用タ接続,上る,ノボッ,ノボッ
て	助詞,接続助詞,*,*,*,*,て,テ,テ
行っ	動詞,非自立,*,*,五段・カ行促音便,連用タ接続,行く,イッ,イッ
た	助動詞,*,*,*,特殊・タ,基本形,た,タ,タ
。	記号,句点,*,*,*,*,。,。,。
彼	名詞,代名詞,一般,*,*,*,彼,カレ,カレ
および	接続詞,*,*,*,*,*,および,オヨビ,オヨビ
それ	名詞,代名詞,一般,*,*,*,それ,ソレ,ソレ
と	助詞,格助詞,一般,*,*,*,と,ト,ト
共に	副詞,一般,*,*,*,*,共に,トモニ,トモニ
い	動詞,自立,*,*,一段,連用形,いる,イ,イ
た	助動詞,*,*,*,特殊・タ,基本形,た,タ,タ
すべて	名詞,副詞可能,*,*,*,*,すべて,スベテ,スベテ
の	助詞,連体化,*,*,*,*,の,ノ,ノ
民	名詞,一般,*,*,*,*,民,ミン,ミン
で	助動詞,*,*,*,特殊・ダ,連用形,だ,デ,デ
ある	助動詞,*,*,*,五段・ラ行アル,基本形,ある,アル,アル
。	記号,句点,*,*,*,*,。,。,。
そして	接続詞,*,*,*,*,*,そして,ソシテ,ソシテ
アビメレク	名詞,一般,*,*,*,*,*
は	助詞,係助詞,*,*,*,*,は,ハ,ワ
手	名詞,一般,*,*,*,*,手,テ,テ
に	助詞,格助詞,一般,*,*,*,に,ニ,ニ
斧	名詞,一般,*,*,*,*,斧,オノ,オノ
を	助詞,格助詞,一般,*,*,*,を,ヲ,ヲ
取り	動詞,自立,*,*,五段・ラ行,連用形,取る,トリ,トリ
，	記号,読点,*,*,*,*,，,，,，
樹木	名詞,一般,*,*,*,*,樹木,ジュモク,ジュモク
の	助詞,連体化,*,*,*,*,の,ノ,ノ
枝	名詞,一般,*,*,*,*,枝,エダ,エダ
一	名詞,数,*,*,*,*,一,イチ,イチ
本	名詞,接尾,助数詞,*,*,*,本,ホン,ホン
を	助詞,格助詞,一般,*,*,*,を,ヲ,ヲ
切り落とし	動詞,自立,*,*,五段・サ行,連用形,切り落とす,キリオトシ,キリオトシ
て	助詞,接続助詞,*,*,*,*,て,テ,テ
持ち上げ	動詞,自立,*,*,一段,連用形,持ち上げる,モチアゲ,モチアゲ
，	記号,読点,*,*,*,*,，,，,，
それ	名詞,代名詞,一般,*,*,*,それ,ソレ,ソレ
を	助詞,格助詞,一般,*,*,*,を,ヲ,ヲ
肩	名詞,一般,*,*,*,*,肩,カタ,カタ
に	助詞,格助詞,一般,*,*,*,に,ニ,ニ
載せ	動詞,自立,*,*,一段,連用形,載せる,ノセ,ノセ
，	記号,読点,*,*,*,*,，,，,，
共に	副詞,一般,*,*,*,*,共に,トモニ,トモニ
いる	動詞,自立,*,*,一段,基本形,いる,イル,イル
民	名詞,一般,*,*,*,*,民,ミン,ミン
に	助詞,格助詞,一般,*,*,*,に,ニ,ニ
こう	副詞,助詞類接続,*,*,*,*,こう,コウ,コー
言っ	動詞,自立,*,*,五段・ワ行促音便,連用タ接続,言う,イッ,イッ
た	助動詞,*,*,*,特殊・タ,基本形,た,タ,タ
。	記号,句点,*,*,*,*,。,。,。
「	記号,括弧開,*,*,*,*,「,「,「
わたし	名詞,代名詞,一般,*,*,*,わたし,ワタシ,ワタシ
が	助詞,格助詞,一般,*,*,*,が,ガ,ガ
し	動詞,自立,*,*,サ変・スル,連用形,する,シ,シ
て	助詞,接続助詞,*,*,*,*,て,テ,テ
いる	動詞,非自立,*,*,一段,基本形,いる,イル,イル
の	名詞,非自立,一般,*,*,*,の,ノ,ノ
を	助詞,格助詞,一般,*,*,*,を,ヲ,ヲ
見	動詞,自立,*,*,一段,連用形,見る,ミ,ミ
た	助動詞,*,*,*,特殊・タ,基本形,た,タ,タ
とおり	名詞,非自立,副詞可能,*,*,*,とおり,トオリ,トーリ
―	記号,一般,*,*,*,*,―,―,―
急い	動詞,自立,*,*,五段・ガ行,連用タ接続,急ぐ,イソイ,イソイ
で	助詞,接続助詞,*,*,*,*,で,デ,デ
わたし	名詞,代名詞,一般,*,*,*,わたし,ワタシ,ワタシ
と	助詞,格助詞,一般,*,*,*,と,ト,ト
同じ	連体詞,*,*,*,*,*,同じ,オナジ,オナジ
よう	名詞,非自立,助動詞語幹,*,*,*,よう,ヨウ,ヨー
に	助詞,副詞化,*,*,*,*,に,ニ,ニ
行なえ	動詞,自立,*,*,五段・ワ行促音便,命令ｅ,行なう,オコナエ,オコナエ
！	記号,一般,*,*,*,*,！,！,！
」	記号,括弧閉,*,*,*,*,」,」,」
それ	名詞,代名詞,一般,*,*,*,それ,ソレ,ソレ
で	助詞,格助詞,一般,*,*,*,で,デ,デ
民	名詞,一般,*,*,*,*,民,ミン,ミン
すべて	名詞,副詞可能,*,*,*,*,すべて,スベテ,スベテ
も	助詞,係助詞,*,*,*,*,も,モ,モ
それぞれ	名詞,副詞可能,*,*,*,*,それぞれ,ソレゾレ,ソレゾレ
自分	名詞,一般,*,*,*,*,自分,ジブン,ジブン
の	助詞,連体化,*,*,*,*,の,ノ,ノ
ため	名詞,非自立,副詞可能,*,*,*,ため,タメ,タメ
に	助詞,格助詞,一般,*,*,*,に,ニ,ニ
枝	名詞,一般,*,*,*,*,枝,エダ,エダ
一	名詞,数,*,*,*,*,一,イチ,イチ
本	名詞,接尾,助数詞,*,*,*,本,ホン,ホン
を	助詞,格助詞,一般,*,*,*,を,ヲ,ヲ
切り落とし	動詞,自立,*,*,五段・サ行,連用形,切り落とす,キリオトシ,キリオトシ
て	助詞,接続助詞,*,*,*,*,て,テ,テ
，	記号,読点,*,*,*,*,，,，,，
アビメレク	名詞,一般,*,*,*,*,*
の	助詞,連体化,*,*,*,*,の,ノ,ノ
後	名詞,非自立,副詞可能,*,*,*,後,ノチ,ノチ
に	助詞,格助詞,一般,*,*,*,に,ニ,ニ
付い	動詞,自立,*,*,五段・カ行イ音便,連用タ接続,付く,ツイ,ツイ
て	助詞,接続助詞,*,*,*,*,て,テ,テ
行っ	動詞,非自立,*,*,五段・カ行促音便,連用タ接続,行く,イッ,イッ
た	助動詞,*,*,*,特殊・タ,基本形,た,タ,タ
。	記号,句点,*,*,*,*,。,。,。
そう	副詞,助詞類接続,*,*,*,*,そう,ソウ,ソー
し	動詞,自立,*,*,サ変・スル,連用形,する,シ,シ
て	助詞,接続助詞,*,*,*,*,て,テ,テ
彼ら	名詞,代名詞,一般,*,*,*,彼ら,カレラ,カレラ
は	助詞,係助詞,*,*,*,*,は,ハ,ワ
それ	名詞,代名詞,一般,*,*,*,それ,ソレ,ソレ
を	助詞,格助詞,一般,*,*,*,を,ヲ,ヲ
丸天井	名詞,一般,*,*,*,*,丸天井,マルテンジョウ,マルテンジョー
広間	名詞,一般,*,*,*,*,広間,ヒロマ,ヒロマ
に対して	助詞,格助詞,連語,*,*,*,に対して,ニタイシテ,ニタイシテ
積み上げ	動詞,自立,*,*,一段,連用形,積み上げる,ツミアゲ,ツミアゲ
，	記号,読点,*,*,*,*,，,，,，
それ	名詞,代名詞,一般,*,*,*,それ,ソレ,ソレ
を	助詞,格助詞,一般,*,*,*,を,ヲ,ヲ
燃やし	動詞,自立,*,*,五段・サ行,連用形,燃やす,モヤシ,モヤシ
て	助詞,接続助詞,*,*,*,*,て,テ,テ
丸天井	名詞,一般,*,*,*,*,丸天井,マルテンジョウ,マルテンジョー
広間	名詞,一般,*,*,*,*,広間,ヒロマ,ヒロマ
に	助詞,格助詞,一般,*,*,*,に,ニ,ニ
火	名詞,一般,*,*,*,*,火,ヒ,ヒ
を	助詞,格助詞,一般,*,*,*,を,ヲ,ヲ
かけ	動詞,自立,*,*,一段,連用形,かける,カケ,カケ
た	助動詞,*,*,*,特殊・タ,基本形,た,タ,タ
。	記号,句点,*,*,*,*,。,。,。
その	連体詞,*,*,*,*,*,その,ソノ,ソノ
ため	名詞,非自立,副詞可能,*,*,*,ため,タメ,タメ
に	助詞,格助詞,一般,*,*,*,に,ニ,ニ
シェケム	名詞,一般,*,*,*,*,*
の	助詞,連体化,*,*,*,*,の,ノ,ノ
塔	名詞,一般,*,*,*,*,塔,トウ,トー
の	助詞,連体化,*,*,*,*,の,ノ,ノ
すべて	名詞,副詞可能,*,*,*,*,すべて,スベテ,スベテ
の	助詞,連体化,*,*,*,*,の,ノ,ノ
人々	名詞,一般,*,*,*,*,人々,ヒトビト,ヒトビト
は	助詞,係助詞,*,*,*,*,は,ハ,ワ
死ん	動詞,自立,*,*,五段・ナ行,連用タ接続,死ぬ,シン,シン
だ	助動詞,*,*,*,特殊・タ,基本形,だ,ダ,ダ
。	記号,句点,*,*,*,*,。,。,。
約	接頭詞,数接続,*,*,*,*,約,ヤク,ヤク
一	名詞,数,*,*,*,*,一,イチ,イチ
千	名詞,数,*,*,*,*,千,セン,セン
人	名詞,接尾,助数詞,*,*,*,人,ニン,ニン
の	助詞,連体化,*,*,*,*,の,ノ,ノ
男女	名詞,一般,*,*,*,*,男女,ダンジョ,ダンジョ
で	助動詞,*,*,*,特殊・ダ,連用形,だ,デ,デ
あっ	助動詞,*,*,*,五段・ラ行アル,連用タ接続,ある,アッ,アッ
た	助動詞,*,*,*,特殊・タ,基本形,た,タ,タ
。	記号,句点,*,*,*,*,。,。,。
それから	接続詞,*,*,*,*,*,それから,ソレカラ,ソレカラ
アビメレク	名詞,一般,*,*,*,*,*
は	助詞,係助詞,*,*,*,*,は,ハ,ワ
テベツ	名詞,一般,*,*,*,*,*
に	助詞,格助詞,一般,*,*,*,に,ニ,ニ
行き	動詞,自立,*,*,五段・カ行促音便,連用形,行く,イキ,イキ
，	記号,読点,*,*,*,*,，,，,，
テベツ	名詞,固有名詞,組織,*,*,*,*
に対して	助詞,格助詞,連語,*,*,*,に対して,ニタイシテ,ニタイシテ
陣営	名詞,一般,*,*,*,*,陣営,ジンエイ,ジンエイ
を	助詞,格助詞,一般,*,*,*,を,ヲ,ヲ
敷い	動詞,自立,*,*,五段・カ行イ音便,連用タ接続,敷く,シイ,シイ
て	助詞,接続助詞,*,*,*,*,て,テ,テ
これ	名詞,代名詞,一般,*,*,*,これ,コレ,コレ
を	助詞,格助詞,一般,*,*,*,を,ヲ,ヲ
攻め	動詞,自立,*,*,一段,連用形,攻める,セメ,セメ
取ろ	動詞,自立,*,*,五段・ラ行,未然ウ接続,取る,トロ,トロ
う	助動詞,*,*,*,不変化型,基本形,う,ウ,ウ
と	助詞,格助詞,引用,*,*,*,と,ト,ト
し	動詞,自立,*,*,サ変・スル,連用形,する,シ,シ
た	助動詞,*,*,*,特殊・タ,基本形,た,タ,タ
。	記号,句点,*,*,*,*,。,。,。
強固	名詞,形容動詞語幹,*,*,*,*,強固,キョウコ,キョーコ
な	助動詞,*,*,*,特殊・ダ,体言接続,だ,ナ,ナ
塔	名詞,一般,*,*,*,*,塔,トウ,トー
が	助詞,格助詞,一般,*,*,*,が,ガ,ガ
その	連体詞,*,*,*,*,*,その,ソノ,ソノ
都市	名詞,一般,*,*,*,*,都市,トシ,トシ
の	助詞,連体化,*,*,*,*,の,ノ,ノ
真ん中	名詞,一般,*,*,*,*,真ん中,マンナカ,マンナカ
に	助詞,格助詞,一般,*,*,*,に,ニ,ニ
あっ	動詞,自立,*,*,五段・ラ行,連用タ接続,ある,アッ,アッ
た	助動詞,*,*,*,特殊・タ,基本形,た,タ,タ
ため	名詞,非自立,副詞可能,*,*,*,ため,タメ,タメ
，	記号,読点,*,*,*,*,，,，,，
そこ	名詞,代名詞,一般,*,*,*,そこ,ソコ,ソコ
へ	助詞,格助詞,一般,*,*,*,へ,ヘ,エ
すべて	名詞,副詞可能,*,*,*,*,すべて,スベテ,スベテ
の	助詞,連体化,*,*,*,*,の,ノ,ノ
男	名詞,一般,*,*,*,*,男,オトコ,オトコ
，	名詞,数,*,*,*,*,，,，,，
女	名詞,接尾,助数詞,*,*,*,女,ジョ,ジョ
，	記号,読点,*,*,*,*,，,，,，
また	接続詞,*,*,*,*,*,また,マタ,マタ
その	連体詞,*,*,*,*,*,その,ソノ,ソノ
都市	名詞,一般,*,*,*,*,都市,トシ,トシ
の	助詞,連体化,*,*,*,*,の,ノ,ノ
すべて	名詞,副詞可能,*,*,*,*,すべて,スベテ,スベテ
の	助詞,連体化,*,*,*,*,の,ノ,ノ
土地	名詞,一般,*,*,*,*,土地,トチ,トチ
所有	名詞,サ変接続,*,*,*,*,所有,ショユウ,ショユー
者	名詞,接尾,一般,*,*,*,者,シャ,シャ
たち	名詞,接尾,一般,*,*,*,たち,タチ,タチ
が	助詞,格助詞,一般,*,*,*,が,ガ,ガ
逃げ込み	動詞,自立,*,*,五段・マ行,連用形,逃げ込む,ニゲコミ,ニゲコミ
，	記号,読点,*,*,*,*,，,，,，
その	連体詞,*,*,*,*,*,その,ソノ,ソノ
のち	名詞,非自立,副詞可能,*,*,*,のち,ノチ,ノチ
自分	名詞,一般,*,*,*,*,自分,ジブン,ジブン
たち	名詞,接尾,一般,*,*,*,たち,タチ,タチ
の	助詞,連体化,*,*,*,*,の,ノ,ノ
後ろ	名詞,一般,*,*,*,*,後ろ,ウシロ,ウシロ
で	助詞,格助詞,一般,*,*,*,で,デ,デ
そこ	名詞,代名詞,一般,*,*,*,そこ,ソコ,ソコ
を	助詞,格助詞,一般,*,*,*,を,ヲ,ヲ
閉ざし	動詞,自立,*,*,五段・サ行,連用形,閉ざす,トザシ,トザシ
て	助詞,接続助詞,*,*,*,*,て,テ,テ
，	記号,読点,*,*,*,*,，,，,，
塔	名詞,一般,*,*,*,*,塔,トウ,トー
の	助詞,連体化,*,*,*,*,の,ノ,ノ
屋上	名詞,一般,*,*,*,*,屋上,オクジョウ,オクジョー
に	助詞,格助詞,一般,*,*,*,に,ニ,ニ
登っ	動詞,自立,*,*,五段・ラ行,連用タ接続,登る,ノボッ,ノボッ
た	助動詞,*,*,*,特殊・タ,基本形,た,タ,タ
。	記号,句点,*,*,*,*,。,。,。
それで	接続詞,*,*,*,*,*,それで,ソレデ,ソレデ
アビメレク	名詞,一般,*,*,*,*,*
も	助詞,係助詞,*,*,*,*,も,モ,モ
その	連体詞,*,*,*,*,*,その,ソノ,ソノ
塔	名詞,一般,*,*,*,*,塔,トウ,トー
に	助詞,格助詞,一般,*,*,*,に,ニ,ニ
進ん	動詞,自立,*,*,五段・マ行,連用タ接続,進む,ススン,ススン
で	助詞,接続助詞,*,*,*,*,で,デ,デ
戦い	名詞,一般,*,*,*,*,戦い,タタカイ,タタカイ
を	助詞,格助詞,一般,*,*,*,を,ヲ,ヲ
しかけ	動詞,自立,*,*,一段,連用形,しかける,シカケ,シカケ
，	記号,読点,*,*,*,*,，,，,，
塔	名詞,一般,*,*,*,*,塔,トウ,トー
の	助詞,連体化,*,*,*,*,の,ノ,ノ
入口	名詞,一般,*,*,*,*,入口,イリグチ,イリグチ
の	助詞,連体化,*,*,*,*,の,ノ,ノ
すぐ	副詞,助詞類接続,*,*,*,*,すぐ,スグ,スグ
近く	名詞,副詞可能,*,*,*,*,近く,チカク,チカク
に	助詞,格助詞,一般,*,*,*,に,ニ,ニ
まで	助詞,副助詞,*,*,*,*,まで,マデ,マデ
行っ	動詞,自立,*,*,五段・カ行促音便,連用タ接続,行く,イッ,イッ
て	助詞,接続助詞,*,*,*,*,て,テ,テ
，	記号,読点,*,*,*,*,，,，,，
それ	名詞,代名詞,一般,*,*,*,それ,ソレ,ソレ
を	助詞,格助詞,一般,*,*,*,を,ヲ,ヲ
火	名詞,一般,*,*,*,*,火,ヒ,ヒ
で	助詞,格助詞,一般,*,*,*,で,デ,デ
焼こ	動詞,自立,*,*,五段・カ行イ音便,未然ウ接続,焼く,ヤコ,ヤコ
う	助動詞,*,*,*,不変化型,基本形,う,ウ,ウ
と	助詞,格助詞,引用,*,*,*,と,ト,ト
し	動詞,自立,*,*,サ変・スル,連用形,する,シ,シ
た	助動詞,*,*,*,特殊・タ,基本形,た,タ,タ
。	記号,句点,*,*,*,*,。,。,。
その	連体詞,*,*,*,*,*,その,ソノ,ソノ
時	名詞,非自立,副詞可能,*,*,*,時,トキ,トキ
，	記号,読点,*,*,*,*,，,，,，
ひとり	名詞,一般,*,*,*,*,ひとり,ヒトリ,ヒトリ
の	助詞,連体化,*,*,*,*,の,ノ,ノ
女	名詞,一般,*,*,*,*,女,オンナ,オンナ
が	助詞,格助詞,一般,*,*,*,が,ガ,ガ
臼	名詞,一般,*,*,*,*,臼,ウス,ウス
の	助詞,連体化,*,*,*,*,の,ノ,ノ
上石	名詞,固有名詞,人名,姓,*,*,上石,カミイシ,カミイシ
を	助詞,格助詞,一般,*,*,*,を,ヲ,ヲ
アビメレク	名詞,一般,*,*,*,*,*
の	助詞,連体化,*,*,*,*,の,ノ,ノ
頭	名詞,一般,*,*,*,*,頭,アタマ,アタマ
の	助詞,連体化,*,*,*,*,の,ノ,ノ
上	名詞,非自立,副詞可能,*,*,*,上,ウエ,ウエ
に	助詞,格助詞,一般,*,*,*,に,ニ,ニ
投げつけ	動詞,自立,*,*,一段,連用形,投げつける,ナゲツケ,ナゲツケ
，	記号,読点,*,*,*,*,，,，,，
彼	名詞,代名詞,一般,*,*,*,彼,カレ,カレ
の	助詞,連体化,*,*,*,*,の,ノ,ノ
頭蓋骨	名詞,一般,*,*,*,*,頭蓋骨,ズガイコツ,ズガイコツ
を	助詞,格助詞,一般,*,*,*,を,ヲ,ヲ
砕い	動詞,自立,*,*,五段・カ行イ音便,連用タ接続,砕く,クダイ,クダイ
た	助動詞,*,*,*,特殊・タ,基本形,た,タ,タ
。	記号,句点,*,*,*,*,。,。,。
すると	接続詞,*,*,*,*,*,すると,スルト,スルト
彼	名詞,代名詞,一般,*,*,*,彼,カレ,カレ
は	助詞,係助詞,*,*,*,*,は,ハ,ワ
自分	名詞,一般,*,*,*,*,自分,ジブン,ジブン
の	助詞,連体化,*,*,*,*,の,ノ,ノ
武器	名詞,一般,*,*,*,*,武器,ブキ,ブキ
を	助詞,格助詞,一般,*,*,*,を,ヲ,ヲ
携える	動詞,自立,*,*,一段,基本形,携える,タズサエル,タズサエル
従者	名詞,一般,*,*,*,*,従者,ジュウシャ,ジューシャ
を	助詞,格助詞,一般,*,*,*,を,ヲ,ヲ
急い	動詞,自立,*,*,五段・ガ行,連用タ接続,急ぐ,イソイ,イソイ
で	助詞,接続助詞,*,*,*,*,で,デ,デ
呼ん	動詞,自立,*,*,五段・バ行,連用タ接続,呼ぶ,ヨン,ヨン
で	助詞,接続助詞,*,*,*,*,で,デ,デ
こう	副詞,助詞類接続,*,*,*,*,こう,コウ,コー
言っ	動詞,自立,*,*,五段・ワ行促音便,連用タ接続,言う,イッ,イッ
た	助動詞,*,*,*,特殊・タ,基本形,た,タ,タ
。	記号,句点,*,*,*,*,。,。,。
「	記号,括弧開,*,*,*,*,「,「,「
お前	名詞,代名詞,一般,*,*,*,お前,オマエ,オマエ
の	助詞,連体化,*,*,*,*,の,ノ,ノ
剣	名詞,一般,*,*,*,*,剣,ケン,ケン
を	助詞,格助詞,一般,*,*,*,を,ヲ,ヲ
抜い	動詞,自立,*,*,五段・カ行イ音便,連用タ接続,抜く,ヌイ,ヌイ
て	助詞,接続助詞,*,*,*,*,て,テ,テ
，	記号,読点,*,*,*,*,，,，,，
わたし	名詞,代名詞,一般,*,*,*,わたし,ワタシ,ワタシ
を	助詞,格助詞,一般,*,*,*,を,ヲ,ヲ
死な	動詞,自立,*,*,五段・ナ行,未然形,死ぬ,シナ,シナ
せ	動詞,接尾,*,*,一段,連用形,せる,セ,セ
て	助詞,接続助詞,*,*,*,*,て,テ,テ
くれ	動詞,非自立,*,*,一段・クレル,連用形,くれる,クレ,クレ
。	記号,句点,*,*,*,*,。,。,。
わたし	名詞,代名詞,一般,*,*,*,わたし,ワタシ,ワタシ
について	助詞,格助詞,連語,*,*,*,について,ニツイテ,ニツイテ
，	記号,読点,*,*,*,*,，,，,，
『	記号,括弧開,*,*,*,*,『,『,『
女	名詞,一般,*,*,*,*,女,オンナ,オンナ
が	助詞,格助詞,一般,*,*,*,が,ガ,ガ
彼	名詞,代名詞,一般,*,*,*,彼,カレ,カレ
を	助詞,格助詞,一般,*,*,*,を,ヲ,ヲ
殺し	動詞,自立,*,*,五段・サ行,連用形,殺す,コロシ,コロシ
た	助動詞,*,*,*,特殊・タ,基本形,た,タ,タ
』	記号,括弧閉,*,*,*,*,』,』,』
など	助詞,副助詞,*,*,*,*,など,ナド,ナド
と	助詞,格助詞,引用,*,*,*,と,ト,ト
言わ	動詞,自立,*,*,五段・ワ行促音便,未然形,言う,イワ,イワ
れる	動詞,接尾,*,*,一段,基本形,れる,レル,レル
こと	名詞,非自立,一般,*,*,*,こと,コト,コト
が	助詞,格助詞,一般,*,*,*,が,ガ,ガ
あっ	動詞,自立,*,*,五段・ラ行,連用タ接続,ある,アッ,アッ
て	助詞,接続助詞,*,*,*,*,て,テ,テ
は	助詞,係助詞,*,*,*,*,は,ハ,ワ
いけ	動詞,非自立,*,*,一段,未然形,いける,イケ,イケ
ない	助動詞,*,*,*,特殊・ナイ,基本形,ない,ナイ,ナイ
」	記号,括弧閉,*,*,*,*,」,」,」
。	記号,句点,*,*,*,*,。,。,。
すぐ	副詞,助詞類接続,*,*,*,*,すぐ,スグ,スグ
に	助詞,副詞化,*,*,*,*,に,ニ,ニ
従者	名詞,一般,*,*,*,*,従者,ジュウシャ,ジューシャ
は	助詞,係助詞,*,*,*,*,は,ハ,ワ
彼	名詞,代名詞,一般,*,*,*,彼,カレ,カレ
を	助詞,格助詞,一般,*,*,*,を,ヲ,ヲ
刺し通し	動詞,自立,*,*,五段・サ行,連用形,刺し通す,サシトオシ,サシトーシ
，	記号,読点,*,*,*,*,，,，,，
こうして	接続詞,*,*,*,*,*,こうして,コウシテ,コーシテ
彼	名詞,代名詞,一般,*,*,*,彼,カレ,カレ
は	助詞,係助詞,*,*,*,*,は,ハ,ワ
死ん	動詞,自立,*,*,五段・ナ行,連用タ接続,死ぬ,シン,シン
だ	助動詞,*,*,*,特殊・タ,基本形,だ,ダ,ダ
。	記号,句点,*,*,*,*,。,。,。
イスラエル	名詞,固有名詞,地域,国,*,*,イスラエル,イスラエル,イスラエル
の	助詞,連体化,*,*,*,*,の,ノ,ノ
人々	名詞,一般,*,*,*,*,人々,ヒトビト,ヒトビト
は	助詞,係助詞,*,*,*,*,は,ハ,ワ
，	記号,読点,*,*,*,*,，,，,，
アビメレク	名詞,一般,*,*,*,*,*
が	助詞,格助詞,一般,*,*,*,が,ガ,ガ
死ん	動詞,自立,*,*,五段・ナ行,連用タ接続,死ぬ,シン,シン
だ	助動詞,*,*,*,特殊・タ,基本形,だ,ダ,ダ
の	名詞,非自立,一般,*,*,*,の,ノ,ノ
を	助詞,格助詞,一般,*,*,*,を,ヲ,ヲ
知る	動詞,自立,*,*,五段・ラ行,基本形,知る,シル,シル
と	助詞,接続助詞,*,*,*,*,と,ト,ト
，	記号,読点,*,*,*,*,，,，,，
それぞれ	名詞,副詞可能,*,*,*,*,それぞれ,ソレゾレ,ソレゾレ
自分	名詞,一般,*,*,*,*,自分,ジブン,ジブン
の	助詞,連体化,*,*,*,*,の,ノ,ノ
所	名詞,非自立,副詞可能,*,*,*,所,トコロ,トコロ
に	助詞,格助詞,一般,*,*,*,に,ニ,ニ
戻っ	動詞,自立,*,*,五段・ラ行,連用タ接続,戻る,モドッ,モドッ
て	助詞,接続助詞,*,*,*,*,て,テ,テ
行っ	動詞,非自立,*,*,五段・カ行促音便,連用タ接続,行く,イッ,イッ
た	助動詞,*,*,*,特殊・タ,基本形,た,タ,タ
。	記号,句点,*,*,*,*,。,。,。
こうして	接続詞,*,*,*,*,*,こうして,コウシテ,コーシテ
神	名詞,一般,*,*,*,*,神,カミ,カミ
は	助詞,係助詞,*,*,*,*,は,ハ,ワ
，	記号,読点,*,*,*,*,，,，,，
アビメレク	名詞,一般,*,*,*,*,*
が	助詞,格助詞,一般,*,*,*,が,ガ,ガ
自分	名詞,一般,*,*,*,*,自分,ジブン,ジブン
の	助詞,連体化,*,*,*,*,の,ノ,ノ
七	名詞,数,*,*,*,*,七,ナナ,ナナ
十	名詞,数,*,*,*,*,十,ジュウ,ジュー
人	名詞,接尾,助数詞,*,*,*,人,ニン,ニン
の	助詞,連体化,*,*,*,*,の,ノ,ノ
兄弟	名詞,一般,*,*,*,*,兄弟,キョウダイ,キョーダイ
を	助詞,格助詞,一般,*,*,*,を,ヲ,ヲ
殺し	動詞,自立,*,*,五段・サ行,連用形,殺す,コロシ,コロシ
て	助詞,接続助詞,*,*,*,*,て,テ,テ
その	連体詞,*,*,*,*,*,その,ソノ,ソノ
父	名詞,一般,*,*,*,*,父,チチ,チチ
に対して	助詞,格助詞,連語,*,*,*,に対して,ニタイシテ,ニタイシテ
行なっ	動詞,自立,*,*,五段・ワ行促音便,連用タ接続,行なう,オコナッ,オコナッ
た	助動詞,*,*,*,特殊・タ,基本形,た,タ,タ
悪事	名詞,一般,*,*,*,*,悪事,アクジ,アクジ
を	助詞,格助詞,一般,*,*,*,を,ヲ,ヲ
帰り	動詞,自立,*,*,五段・ラ行,連用形,帰る,カエリ,カエリ
来	動詞,非自立,*,*,カ変・来ル,連用形,来る,キ,キ
たら	助動詞,*,*,*,特殊・タ,仮定形,た,タラ,タラ
せ	動詞,接尾,*,*,一段,連用形,せる,セ,セ
た	助動詞,*,*,*,特殊・タ,基本形,た,タ,タ
。	記号,句点,*,*,*,*,。,。,。
また	接続詞,*,*,*,*,*,また,マタ,マタ
神	名詞,一般,*,*,*,*,神,カミ,カミ
は	助詞,係助詞,*,*,*,*,は,ハ,ワ
シェケム	名詞,一般,*,*,*,*,*
の	助詞,連体化,*,*,*,*,の,ノ,ノ
人々	名詞,一般,*,*,*,*,人々,ヒトビト,ヒトビト
の	助詞,連体化,*,*,*,*,の,ノ,ノ
すべて	名詞,副詞可能,*,*,*,*,すべて,スベテ,スベテ
の	助詞,連体化,*,*,*,*,の,ノ,ノ
悪事	名詞,一般,*,*,*,*,悪事,アクジ,アクジ
も	助詞,係助詞,*,*,*,*,も,モ,モ
彼ら	名詞,代名詞,一般,*,*,*,彼ら,カレラ,カレラ
自身	名詞,一般,*,*,*,*,自身,ジシン,ジシン
の	助詞,連体化,*,*,*,*,の,ノ,ノ
頭	名詞,一般,*,*,*,*,頭,アタマ,アタマ
に	助詞,格助詞,一般,*,*,*,に,ニ,ニ
帰さ	動詞,自立,*,*,五段・サ行,未然形,帰す,キサ,キサ
せ	動詞,接尾,*,*,一段,連用形,せる,セ,セ
た	助動詞,*,*,*,特殊・タ,基本形,た,タ,タ
。	記号,句点,*,*,*,*,。,。,。
エルバアル	名詞,一般,*,*,*,*,*
の	助詞,連体化,*,*,*,*,の,ノ,ノ
子	接頭詞,名詞接続,*,*,*,*,子,コ,コ
ヨタム	名詞,一般,*,*,*,*,*
の	助詞,連体化,*,*,*,*,の,ノ,ノ
呪い	名詞,一般,*,*,*,*,呪い,ノロイ,ノロイ
が	助詞,格助詞,一般,*,*,*,が,ガ,ガ
彼ら	名詞,代名詞,一般,*,*,*,彼ら,カレラ,カレラ
に	助詞,格助詞,一般,*,*,*,に,ニ,ニ
臨む	動詞,自立,*,*,五段・マ行,基本形,臨む,ノゾム,ノゾム
ため	名詞,非自立,副詞可能,*,*,*,ため,タメ,タメ
で	助動詞,*,*,*,特殊・ダ,連用形,だ,デ,デ
あっ	助動詞,*,*,*,五段・ラ行アル,連用タ接続,ある,アッ,アッ
た	助動詞,*,*,*,特殊・タ,基本形,た,タ,タ
。	記号,句点,*,*,*,*,。,。,。
EOS
