次いで	接続詞,*,*,*,*,*,次いで,ツイデ,ツイデ
エルバアル	名詞,一般,*,*,*,*,*
つまり	名詞,一般,*,*,*,*,つまり,ツマリ,ツマリ
ギデオン	名詞,一般,*,*,*,*,*
，	記号,読点,*,*,*,*,，,，,，
および	接続詞,*,*,*,*,*,および,オヨビ,オヨビ
それ	名詞,代名詞,一般,*,*,*,それ,ソレ,ソレ
と	助詞,格助詞,一般,*,*,*,と,ト,ト
共に	副詞,一般,*,*,*,*,共に,トモニ,トモニ
い	動詞,自立,*,*,一段,連用形,いる,イ,イ
た	助動詞,*,*,*,特殊・タ,基本形,た,タ,タ
すべて	名詞,副詞可能,*,*,*,*,すべて,スベテ,スベテ
の	助詞,連体化,*,*,*,*,の,ノ,ノ
民	名詞,一般,*,*,*,*,民,ミン,ミン
は	助詞,係助詞,*,*,*,*,は,ハ,ワ
，	記号,読点,*,*,*,*,，,，,，
早く	形容詞,自立,*,*,形容詞・アウオ段,連用テ接続,早い,ハヤク,ハヤク
起き	動詞,自立,*,*,一段,連用形,起きる,オキ,オキ
て	助詞,接続助詞,*,*,*,*,て,テ,テ
，	記号,読点,*,*,*,*,，,，,，
ハロド	名詞,一般,*,*,*,*,*
の	助詞,連体化,*,*,*,*,の,ノ,ノ
井戸	名詞,一般,*,*,*,*,井戸,イド,イド
の	助詞,連体化,*,*,*,*,の,ノ,ノ
ところ	名詞,非自立,副詞可能,*,*,*,ところ,トコロ,トコロ
に	助詞,格助詞,一般,*,*,*,に,ニ,ニ
陣営	名詞,一般,*,*,*,*,陣営,ジンエイ,ジンエイ
を	助詞,格助詞,一般,*,*,*,を,ヲ,ヲ
敷い	動詞,自立,*,*,五段・カ行イ音便,連用タ接続,敷く,シイ,シイ
た	助動詞,*,*,*,特殊・タ,基本形,た,タ,タ
。	記号,句点,*,*,*,*,。,。,。
そして	接続詞,*,*,*,*,*,そして,ソシテ,ソシテ
ミディアン	名詞,一般,*,*,*,*,*
の	助詞,連体化,*,*,*,*,の,ノ,ノ
陣営	名詞,一般,*,*,*,*,陣営,ジンエイ,ジンエイ
は	助詞,係助詞,*,*,*,*,は,ハ,ワ
彼	名詞,代名詞,一般,*,*,*,彼,カレ,カレ
の	助詞,連体化,*,*,*,*,の,ノ,ノ
北	名詞,一般,*,*,*,*,北,キタ,キタ
，	記号,読点,*,*,*,*,，,，,，
低地	名詞,一般,*,*,*,*,低地,テイチ,テイチ
平原	名詞,一般,*,*,*,*,平原,ヘイゲン,ヘイゲン
の	助詞,連体化,*,*,*,*,の,ノ,ノ
中	名詞,非自立,副詞可能,*,*,*,中,ナカ,ナカ
の	助詞,連体化,*,*,*,*,の,ノ,ノ
モレ	名詞,一般,*,*,*,*,*
の	助詞,連体化,*,*,*,*,の,ノ,ノ
丘	名詞,一般,*,*,*,*,丘,オカ,オカ
に	助詞,格助詞,一般,*,*,*,に,ニ,ニ
あっ	動詞,自立,*,*,五段・ラ行,連用タ接続,ある,アッ,アッ
た	助動詞,*,*,*,特殊・タ,基本形,た,タ,タ
。	記号,句点,*,*,*,*,。,。,。
この	連体詞,*,*,*,*,*,この,コノ,コノ
時	名詞,非自立,副詞可能,*,*,*,時,トキ,トキ
エホバ	名詞,一般,*,*,*,*,エホバ,エホバ,エホバ
は	助詞,係助詞,*,*,*,*,は,ハ,ワ
ギデオン	名詞,一般,*,*,*,*,*
に	助詞,格助詞,一般,*,*,*,に,ニ,ニ
言わ	動詞,自立,*,*,五段・ワ行促音便,未然形,言う,イワ,イワ
れ	動詞,接尾,*,*,一段,連用形,れる,レ,レ
た	助動詞,*,*,*,特殊・タ,基本形,た,タ,タ
，	記号,読点,*,*,*,*,，,，,，
「	記号,括弧開,*,*,*,*,「,「,「
あなた	名詞,代名詞,一般,*,*,*,あなた,アナタ,アナタ
と共に	助詞,格助詞,連語,*,*,*,と共に,トトモニ,トトモニ
いる	動詞,自立,*,*,一段,基本形,いる,イル,イル
民	名詞,一般,*,*,*,*,民,ミン,ミン
は	助詞,係助詞,*,*,*,*,は,ハ,ワ
，	記号,読点,*,*,*,*,，,，,，
わたし	名詞,代名詞,一般,*,*,*,わたし,ワタシ,ワタシ
が	助詞,格助詞,一般,*,*,*,が,ガ,ガ
ミディアン	名詞,一般,*,*,*,*,*
を	助詞,格助詞,一般,*,*,*,を,ヲ,ヲ
その	連体詞,*,*,*,*,*,その,ソノ,ソノ
手	名詞,一般,*,*,*,*,手,テ,テ
に	助詞,格助詞,一般,*,*,*,に,ニ,ニ
与える	動詞,自立,*,*,一段,基本形,与える,アタエル,アタエル
に	助詞,格助詞,一般,*,*,*,に,ニ,ニ
は	助詞,係助詞,*,*,*,*,は,ハ,ワ
多	形容詞,自立,*,*,形容詞・アウオ段,ガル接続,多い,オオ,オー
すぎる	動詞,非自立,*,*,一段,基本形,すぎる,スギル,スギル
。	記号,句点,*,*,*,*,。,。,。
イスラエル	名詞,固有名詞,地域,国,*,*,イスラエル,イスラエル,イスラエル
は	助詞,係助詞,*,*,*,*,は,ハ,ワ
わたし	名詞,代名詞,一般,*,*,*,わたし,ワタシ,ワタシ
に	助詞,格助詞,一般,*,*,*,に,ニ,ニ
向かっ	動詞,自立,*,*,五段・ワ行促音便,連用タ接続,向かう,ムカッ,ムカッ
て	助詞,接続助詞,*,*,*,*,て,テ,テ
自慢	名詞,サ変接続,*,*,*,*,自慢,ジマン,ジマン
し	動詞,自立,*,*,サ変・スル,連用形,する,シ,シ
，	記号,読点,*,*,*,*,，,，,，
『	記号,括弧開,*,*,*,*,『,『,『
自分	名詞,一般,*,*,*,*,自分,ジブン,ジブン
の	助詞,連体化,*,*,*,*,の,ノ,ノ
この	連体詞,*,*,*,*,*,この,コノ,コノ
手	名詞,一般,*,*,*,*,手,テ,テ
が	助詞,格助詞,一般,*,*,*,が,ガ,ガ
わたし	名詞,代名詞,一般,*,*,*,わたし,ワタシ,ワタシ
を	助詞,格助詞,一般,*,*,*,を,ヲ,ヲ
救っ	動詞,自立,*,*,五段・ワ行促音便,連用タ接続,救う,スクッ,スクッ
た	助動詞,*,*,*,特殊・タ,基本形,た,タ,タ
の	名詞,非自立,一般,*,*,*,の,ノ,ノ
だ	助動詞,*,*,*,特殊・ダ,基本形,だ,ダ,ダ
』	記号,括弧閉,*,*,*,*,』,』,』
と	助詞,格助詞,引用,*,*,*,と,ト,ト
言う	動詞,自立,*,*,五段・ワ行促音便,基本形,言う,イウ,イウ
かも	助詞,副助詞,*,*,*,*,かも,カモ,カモ
しれ	動詞,自立,*,*,一段,未然形,しれる,シレ,シレ
ない	助動詞,*,*,*,特殊・ナイ,基本形,ない,ナイ,ナイ
。	記号,句点,*,*,*,*,。,。,。
それで	接続詞,*,*,*,*,*,それで,ソレデ,ソレデ
今	名詞,副詞可能,*,*,*,*,今,イマ,イマ
，	記号,読点,*,*,*,*,，,，,，
さあ	感動詞,*,*,*,*,*,さあ,サア,サー
，	記号,読点,*,*,*,*,，,，,，
民	名詞,一般,*,*,*,*,民,ミン,ミン
の	助詞,格助詞,一般,*,*,*,の,ノ,ノ
聞く	動詞,自立,*,*,五段・カ行イ音便,基本形,聞く,キク,キク
ところ	名詞,非自立,副詞可能,*,*,*,ところ,トコロ,トコロ
で	助詞,格助詞,一般,*,*,*,で,デ,デ
呼ばわり	動詞,自立,*,*,五段・ラ行,連用形,呼ばわる,ヨバワリ,ヨバワリ
，	記号,読点,*,*,*,*,，,，,，
『	記号,括弧開,*,*,*,*,『,『,『
だれ	名詞,代名詞,一般,*,*,*,だれ,ダレ,ダレ
か	助詞,副助詞／並立助詞／終助詞,*,*,*,*,か,カ,カ
恐れ	動詞,自立,*,*,一段,連用形,恐れる,オソレ,オソレ
て	助詞,接続助詞,*,*,*,*,て,テ,テ
おののい	動詞,自立,*,*,五段・カ行イ音便,連用タ接続,おののく,オノノイ,オノノイ
て	助詞,接続助詞,*,*,*,*,て,テ,テ
いる	動詞,非自立,*,*,一段,基本形,いる,イル,イル
者	名詞,非自立,一般,*,*,*,者,モノ,モノ
が	助詞,格助詞,一般,*,*,*,が,ガ,ガ
いる	動詞,自立,*,*,一段,基本形,いる,イル,イル
か	助詞,副助詞／並立助詞／終助詞,*,*,*,*,か,カ,カ
。	記号,句点,*,*,*,*,。,。,。
その	連体詞,*,*,*,*,*,その,ソノ,ソノ
者	名詞,非自立,一般,*,*,*,者,モノ,モノ
は	助詞,係助詞,*,*,*,*,は,ハ,ワ
引き下がれ	動詞,自立,*,*,五段・ラ行,命令ｅ,引き下がる,ヒキサガレ,ヒキサガレ
』	記号,括弧閉,*,*,*,*,』,』,』
と	助詞,格助詞,引用,*,*,*,と,ト,ト
言い	動詞,自立,*,*,五段・ワ行促音便,連用形,言う,イイ,イイ
なさい	動詞,非自立,*,*,五段・ラ行特殊,命令ｉ,なさる,ナサイ,ナサイ
」	記号,括弧閉,*,*,*,*,」,」,」
。	記号,句点,*,*,*,*,。,。,。
それで	接続詞,*,*,*,*,*,それで,ソレデ,ソレデ
ギデオン	名詞,一般,*,*,*,*,*
は	助詞,係助詞,*,*,*,*,は,ハ,ワ
彼ら	名詞,代名詞,一般,*,*,*,彼ら,カレラ,カレラ
を	助詞,格助詞,一般,*,*,*,を,ヲ,ヲ
試し	動詞,自立,*,*,五段・サ行,連用形,試す,タメシ,タメシ
て	助詞,接続助詞,*,*,*,*,て,テ,テ
み	動詞,非自立,*,*,一段,連用形,みる,ミ,ミ
た	助動詞,*,*,*,特殊・タ,基本形,た,タ,タ
。	記号,句点,*,*,*,*,。,。,。
それ	名詞,代名詞,一般,*,*,*,それ,ソレ,ソレ
によって	助詞,格助詞,連語,*,*,*,によって,ニヨッテ,ニヨッテ
民	名詞,一般,*,*,*,*,民,ミン,ミン
の	助詞,連体化,*,*,*,*,の,ノ,ノ
うち	名詞,非自立,副詞可能,*,*,*,うち,ウチ,ウチ
二	名詞,数,*,*,*,*,二,ニ,ニ
万	名詞,数,*,*,*,*,万,マン,マン
二	名詞,数,*,*,*,*,二,ニ,ニ
千	名詞,数,*,*,*,*,千,セン,セン
人	名詞,接尾,助数詞,*,*,*,人,ニン,ニン
が	助詞,格助詞,一般,*,*,*,が,ガ,ガ
退き	動詞,自立,*,*,五段・カ行イ音便,連用形,退く,シリゾキ,シリゾキ
，	記号,読点,*,*,*,*,，,，,，
一	名詞,数,*,*,*,*,一,イチ,イチ
万	名詞,数,*,*,*,*,万,マン,マン
人	名詞,接尾,助数詞,*,*,*,人,ニン,ニン
が	助詞,格助詞,一般,*,*,*,が,ガ,ガ
残っ	動詞,自立,*,*,五段・ラ行,連用タ接続,残る,ノコッ,ノコッ
た	助動詞,*,*,*,特殊・タ,基本形,た,タ,タ
。	記号,句点,*,*,*,*,。,。,。
なおも	副詞,一般,*,*,*,*,なおも,ナオモ,ナオモ
エホバ	名詞,一般,*,*,*,*,エホバ,エホバ,エホバ
は	助詞,係助詞,*,*,*,*,は,ハ,ワ
ギデオン	名詞,一般,*,*,*,*,*
に	助詞,格助詞,一般,*,*,*,に,ニ,ニ
言わ	動詞,自立,*,*,五段・ワ行促音便,未然形,言う,イワ,イワ
れ	動詞,接尾,*,*,一段,連用形,れる,レ,レ
た	助動詞,*,*,*,特殊・タ,基本形,た,タ,タ
，	記号,読点,*,*,*,*,，,，,，
「	記号,括弧開,*,*,*,*,「,「,「
民	名詞,一般,*,*,*,*,民,ミン,ミン
は	助詞,係助詞,*,*,*,*,は,ハ,ワ
まだ	副詞,助詞類接続,*,*,*,*,まだ,マダ,マダ
多	形容詞,自立,*,*,形容詞・アウオ段,ガル接続,多い,オオ,オー
すぎる	動詞,非自立,*,*,一段,基本形,すぎる,スギル,スギル
。	記号,句点,*,*,*,*,。,。,。
彼ら	名詞,代名詞,一般,*,*,*,彼ら,カレラ,カレラ
を	助詞,格助詞,一般,*,*,*,を,ヲ,ヲ
水	名詞,一般,*,*,*,*,水,ミズ,ミズ
の	助詞,連体化,*,*,*,*,の,ノ,ノ
ところ	名詞,非自立,副詞可能,*,*,*,ところ,トコロ,トコロ
に	助詞,格助詞,一般,*,*,*,に,ニ,ニ
下ら	動詞,自立,*,*,五段・ラ行,未然形,下る,クダラ,クダラ
せ	動詞,接尾,*,*,一段,連用形,せる,セ,セ
よ	助詞,終助詞,*,*,*,*,よ,ヨ,ヨ
。	記号,句点,*,*,*,*,。,。,。
あなた	名詞,代名詞,一般,*,*,*,あなた,アナタ,アナタ
の	助詞,連体化,*,*,*,*,の,ノ,ノ
ため	名詞,非自立,副詞可能,*,*,*,ため,タメ,タメ
に	助詞,格助詞,一般,*,*,*,に,ニ,ニ
わたし	名詞,代名詞,一般,*,*,*,わたし,ワタシ,ワタシ
が	助詞,格助詞,一般,*,*,*,が,ガ,ガ
そこ	名詞,代名詞,一般,*,*,*,そこ,ソコ,ソコ
で	助詞,格助詞,一般,*,*,*,で,デ,デ
彼ら	名詞,代名詞,一般,*,*,*,彼ら,カレラ,カレラ
を	助詞,格助詞,一般,*,*,*,を,ヲ,ヲ
試す	動詞,自立,*,*,五段・サ行,基本形,試す,タメス,タメス
ため	名詞,非自立,副詞可能,*,*,*,ため,タメ,タメ
で	助動詞,*,*,*,特殊・ダ,連用形,だ,デ,デ
ある	助動詞,*,*,*,五段・ラ行アル,基本形,ある,アル,アル
。	記号,句点,*,*,*,*,。,。,。
そして	接続詞,*,*,*,*,*,そして,ソシテ,ソシテ
，	記号,読点,*,*,*,*,，,，,，
だれ	名詞,代名詞,一般,*,*,*,だれ,ダレ,ダレ
でも	助詞,副助詞,*,*,*,*,でも,デモ,デモ
『	記号,括弧開,*,*,*,*,『,『,『
これ	名詞,代名詞,一般,*,*,*,これ,コレ,コレ
は	助詞,係助詞,*,*,*,*,は,ハ,ワ
あなた	名詞,代名詞,一般,*,*,*,あなた,アナタ,アナタ
と	助詞,格助詞,一般,*,*,*,と,ト,ト
共に	副詞,一般,*,*,*,*,共に,トモニ,トモニ
行く	動詞,自立,*,*,五段・カ行促音便,基本形,行く,イク,イク
』	記号,括弧閉,*,*,*,*,』,』,』
と	助詞,格助詞,引用,*,*,*,と,ト,ト
わたし	名詞,代名詞,一般,*,*,*,わたし,ワタシ,ワタシ
が	助詞,格助詞,一般,*,*,*,が,ガ,ガ
言う	動詞,自立,*,*,五段・ワ行促音便,基本形,言う,イウ,イウ
者	名詞,非自立,一般,*,*,*,者,モノ,モノ
，	記号,読点,*,*,*,*,，,，,，
その	連体詞,*,*,*,*,*,その,ソノ,ソノ
者	名詞,非自立,一般,*,*,*,者,モノ,モノ
は	助詞,係助詞,*,*,*,*,は,ハ,ワ
あなた	名詞,代名詞,一般,*,*,*,あなた,アナタ,アナタ
と	助詞,格助詞,一般,*,*,*,と,ト,ト
共に	副詞,一般,*,*,*,*,共に,トモニ,トモニ
行く	動詞,自立,*,*,五段・カ行促音便,基本形,行く,イク,イク
が	助詞,接続助詞,*,*,*,*,が,ガ,ガ
，	記号,読点,*,*,*,*,，,，,，
すべて	名詞,副詞可能,*,*,*,*,すべて,スベテ,スベテ
『	記号,括弧開,*,*,*,*,『,『,『
これ	名詞,代名詞,一般,*,*,*,これ,コレ,コレ
は	助詞,係助詞,*,*,*,*,は,ハ,ワ
あなた	名詞,代名詞,一般,*,*,*,あなた,アナタ,アナタ
と共に	助詞,格助詞,連語,*,*,*,と共に,トトモニ,トトモニ
は	助詞,係助詞,*,*,*,*,は,ハ,ワ
行か	動詞,自立,*,*,五段・カ行促音便,未然形,行く,イカ,イカ
ない	助動詞,*,*,*,特殊・ナイ,基本形,ない,ナイ,ナイ
』	記号,括弧閉,*,*,*,*,』,』,』
と	助詞,格助詞,引用,*,*,*,と,ト,ト
わたし	名詞,代名詞,一般,*,*,*,わたし,ワタシ,ワタシ
が	助詞,格助詞,一般,*,*,*,が,ガ,ガ
言う	動詞,自立,*,*,五段・ワ行促音便,基本形,言う,イウ,イウ
者	名詞,非自立,一般,*,*,*,者,モノ,モノ
，	記号,読点,*,*,*,*,，,，,，
その	連体詞,*,*,*,*,*,その,ソノ,ソノ
者	名詞,非自立,一般,*,*,*,者,モノ,モノ
は	助詞,係助詞,*,*,*,*,は,ハ,ワ
一緒	名詞,サ変接続,*,*,*,*,一緒,イッショ,イッショ
に	助詞,格助詞,一般,*,*,*,に,ニ,ニ
行か	動詞,自立,*,*,五段・カ行促音便,未然形,行く,イカ,イカ
ない	助動詞,*,*,*,特殊・ナイ,基本形,ない,ナイ,ナイ
者	名詞,非自立,一般,*,*,*,者,モノ,モノ
で	助動詞,*,*,*,特殊・ダ,連用形,だ,デ,デ
ある	助動詞,*,*,*,五段・ラ行アル,基本形,ある,アル,アル
」	記号,括弧閉,*,*,*,*,」,」,」
。	記号,句点,*,*,*,*,。,。,。
それで	接続詞,*,*,*,*,*,それで,ソレデ,ソレデ
彼	名詞,代名詞,一般,*,*,*,彼,カレ,カレ
は	助詞,係助詞,*,*,*,*,は,ハ,ワ
民	名詞,一般,*,*,*,*,民,ミン,ミン
を	助詞,格助詞,一般,*,*,*,を,ヲ,ヲ
水	名詞,一般,*,*,*,*,水,ミズ,ミズ
の	助詞,連体化,*,*,*,*,の,ノ,ノ
ところ	名詞,非自立,副詞可能,*,*,*,ところ,トコロ,トコロ
に	助詞,格助詞,一般,*,*,*,に,ニ,ニ
下ら	動詞,自立,*,*,五段・ラ行,未然形,下る,クダラ,クダラ
せ	動詞,接尾,*,*,一段,連用形,せる,セ,セ
た	助動詞,*,*,*,特殊・タ,基本形,た,タ,タ
。	記号,句点,*,*,*,*,。,。,。
する	動詞,自立,*,*,サ変・スル,基本形,する,スル,スル
と	助詞,接続助詞,*,*,*,*,と,ト,ト
，	記号,読点,*,*,*,*,，,，,，
手	名詞,一般,*,*,*,*,手,テ,テ
を	助詞,格助詞,一般,*,*,*,を,ヲ,ヲ
口	名詞,一般,*,*,*,*,口,クチ,クチ
に	助詞,格助詞,一般,*,*,*,に,ニ,ニ
当て	動詞,自立,*,*,一段,連用形,当てる,アテ,アテ
て	助詞,接続助詞,*,*,*,*,て,テ,テ
なめ	動詞,自立,*,*,一段,連用形,なめる,ナメ,ナメ
た	助動詞,*,*,*,特殊・タ,基本形,た,タ,タ
者	名詞,非自立,一般,*,*,*,者,モノ,モノ
の	助詞,連体化,*,*,*,*,の,ノ,ノ
数	名詞,一般,*,*,*,*,数,カズ,カズ
は	助詞,係助詞,*,*,*,*,は,ハ,ワ
三	名詞,数,*,*,*,*,三,サン,サン
百	名詞,数,*,*,*,*,百,ヒャク,ヒャク
人	名詞,接尾,助数詞,*,*,*,人,ニン,ニン
と	助詞,格助詞,一般,*,*,*,と,ト,ト
なっ	動詞,自立,*,*,五段・ラ行,連用タ接続,なる,ナッ,ナッ
た	助動詞,*,*,*,特殊・タ,基本形,た,タ,タ
。	記号,句点,*,*,*,*,。,。,。
残り	名詞,一般,*,*,*,*,残り,ノコリ,ノコリ
の	助詞,連体化,*,*,*,*,の,ノ,ノ
すべて	名詞,副詞可能,*,*,*,*,すべて,スベテ,スベテ
の	助詞,連体化,*,*,*,*,の,ノ,ノ
民	名詞,一般,*,*,*,*,民,ミン,ミン
は	助詞,係助詞,*,*,*,*,は,ハ,ワ
かがみ	動詞,自立,*,*,五段・マ行,連用形,かがむ,カガミ,カガミ
込ん	動詞,非自立,*,*,五段・マ行,連用タ接続,込む,コン,コン
で	助詞,接続助詞,*,*,*,*,で,デ,デ
ひざ	名詞,一般,*,*,*,*,ひざ,ヒザ,ヒザ
を	助詞,格助詞,一般,*,*,*,を,ヲ,ヲ
つい	動詞,自立,*,*,五段・カ行イ音便,連用タ接続,つく,ツイ,ツイ
て	助詞,接続助詞,*,*,*,*,て,テ,テ
水	名詞,一般,*,*,*,*,水,ミズ,ミズ
を	助詞,格助詞,一般,*,*,*,を,ヲ,ヲ
飲ん	動詞,自立,*,*,五段・マ行,連用タ接続,飲む,ノン,ノン
だ	助動詞,*,*,*,特殊・タ,基本形,だ,ダ,ダ
。	記号,句点,*,*,*,*,。,。,。
この	連体詞,*,*,*,*,*,この,コノ,コノ
時	名詞,非自立,副詞可能,*,*,*,時,トキ,トキ
エホバ	名詞,一般,*,*,*,*,エホバ,エホバ,エホバ
は	助詞,係助詞,*,*,*,*,は,ハ,ワ
ギデオン	名詞,一般,*,*,*,*,*
に	助詞,格助詞,一般,*,*,*,に,ニ,ニ
言わ	動詞,自立,*,*,五段・ワ行促音便,未然形,言う,イワ,イワ
れ	動詞,接尾,*,*,一段,連用形,れる,レ,レ
た	助動詞,*,*,*,特殊・タ,基本形,た,タ,タ
，	記号,読点,*,*,*,*,，,，,，
「	記号,括弧開,*,*,*,*,「,「,「
なめる	動詞,自立,*,*,一段,基本形,なめる,ナメル,ナメル
よう	名詞,非自立,助動詞語幹,*,*,*,よう,ヨウ,ヨー
に	助詞,格助詞,一般,*,*,*,に,ニ,ニ
し	動詞,自立,*,*,サ変・スル,連用形,する,シ,シ
た	助動詞,*,*,*,特殊・タ,基本形,た,タ,タ
三	名詞,数,*,*,*,*,三,サン,サン
百	名詞,数,*,*,*,*,百,ヒャク,ヒャク
人	名詞,接尾,助数詞,*,*,*,人,ニン,ニン
の	助詞,連体化,*,*,*,*,の,ノ,ノ
者	名詞,非自立,一般,*,*,*,者,モノ,モノ
によって	助詞,格助詞,連語,*,*,*,によって,ニヨッテ,ニヨッテ
わたし	名詞,代名詞,一般,*,*,*,わたし,ワタシ,ワタシ
は	助詞,係助詞,*,*,*,*,は,ハ,ワ
あなた	名詞,代名詞,一般,*,*,*,あなた,アナタ,アナタ
方	名詞,接尾,一般,*,*,*,方,カタ,カタ
を	助詞,格助詞,一般,*,*,*,を,ヲ,ヲ
救い	動詞,自立,*,*,五段・ワ行促音便,連用形,救う,スクイ,スクイ
，	記号,読点,*,*,*,*,，,，,，
ミディアン	名詞,一般,*,*,*,*,*
を	助詞,格助詞,一般,*,*,*,を,ヲ,ヲ
あなた	名詞,代名詞,一般,*,*,*,あなた,アナタ,アナタ
の	助詞,連体化,*,*,*,*,の,ノ,ノ
手	名詞,一般,*,*,*,*,手,テ,テ
に	助詞,格助詞,一般,*,*,*,に,ニ,ニ
与える	動詞,自立,*,*,一段,基本形,与える,アタエル,アタエル
。	記号,句点,*,*,*,*,。,。,。
他	名詞,一般,*,*,*,*,他,タ,タ
の	助詞,連体化,*,*,*,*,の,ノ,ノ
すべて	名詞,副詞可能,*,*,*,*,すべて,スベテ,スベテ
の	助詞,連体化,*,*,*,*,の,ノ,ノ
民	名詞,一般,*,*,*,*,民,ミン,ミン
は	助詞,係助詞,*,*,*,*,は,ハ,ワ
，	記号,読点,*,*,*,*,，,，,，
これ	名詞,代名詞,一般,*,*,*,これ,コレ,コレ
を	助詞,格助詞,一般,*,*,*,を,ヲ,ヲ
それぞれ	名詞,副詞可能,*,*,*,*,それぞれ,ソレゾレ,ソレゾレ
自分	名詞,一般,*,*,*,*,自分,ジブン,ジブン
の	助詞,連体化,*,*,*,*,の,ノ,ノ
所	名詞,非自立,副詞可能,*,*,*,所,トコロ,トコロ
に	助詞,格助詞,一般,*,*,*,に,ニ,ニ
行か	動詞,自立,*,*,五段・カ行促音便,未然形,行く,イカ,イカ
せよ	動詞,自立,*,*,サ変・スル,命令ｙｏ,する,セヨ,セヨ
」	記号,括弧閉,*,*,*,*,」,」,」
。	記号,句点,*,*,*,*,。,。,。
それで	接続詞,*,*,*,*,*,それで,ソレデ,ソレデ
彼ら	名詞,代名詞,一般,*,*,*,彼ら,カレラ,カレラ
は	助詞,係助詞,*,*,*,*,は,ハ,ワ
民	名詞,一般,*,*,*,*,民,ミン,ミン
の	助詞,連体化,*,*,*,*,の,ノ,ノ
食糧	名詞,一般,*,*,*,*,食糧,ショクリョウ,ショクリョー
を	助詞,格助詞,一般,*,*,*,を,ヲ,ヲ
その	連体詞,*,*,*,*,*,その,ソノ,ソノ
手	名詞,一般,*,*,*,*,手,テ,テ
に	助詞,格助詞,一般,*,*,*,に,ニ,ニ
取り	動詞,自立,*,*,五段・ラ行,連用形,取る,トリ,トリ
，	記号,読点,*,*,*,*,，,，,，
また	接続詞,*,*,*,*,*,また,マタ,マタ
その	連体詞,*,*,*,*,*,その,ソノ,ソノ
角笛	名詞,一般,*,*,*,*,角笛,ツノブエ,ツノブエ
を	助詞,格助詞,一般,*,*,*,を,ヲ,ヲ
[	名詞,サ変接続,*,*,*,*,*
手	名詞,接尾,一般,*,*,*,手,シュ,シュ
に	助詞,格助詞,一般,*,*,*,に,ニ,ニ
取っ	動詞,自立,*,*,五段・ラ行,連用タ接続,取る,トッ,トッ
た	助動詞,*,*,*,特殊・タ,基本形,た,タ,タ
]。	名詞,サ変接続,*,*,*,*,*
そして	接続詞,*,*,*,*,*,そして,ソシテ,ソシテ
彼	名詞,代名詞,一般,*,*,*,彼,カレ,カレ
は	助詞,係助詞,*,*,*,*,は,ハ,ワ
イスラエル	名詞,固有名詞,地域,国,*,*,イスラエル,イスラエル,イスラエル
の	助詞,連体化,*,*,*,*,の,ノ,ノ
すべて	名詞,副詞可能,*,*,*,*,すべて,スベテ,スベテ
の	助詞,連体化,*,*,*,*,の,ノ,ノ
者	名詞,非自立,一般,*,*,*,者,モノ,モノ
を	助詞,格助詞,一般,*,*,*,を,ヲ,ヲ
それぞれ	名詞,副詞可能,*,*,*,*,それぞれ,ソレゾレ,ソレゾレ
自分	名詞,一般,*,*,*,*,自分,ジブン,ジブン
の	助詞,連体化,*,*,*,*,の,ノ,ノ
家	名詞,一般,*,*,*,*,家,イエ,イエ
に	助詞,格助詞,一般,*,*,*,に,ニ,ニ
去ら	動詞,自立,*,*,五段・ラ行,未然形,去る,サラ,サラ
せ	動詞,接尾,*,*,一段,連用形,せる,セ,セ
た	助動詞,*,*,*,特殊・タ,基本形,た,タ,タ
。	記号,句点,*,*,*,*,。,。,。
ただ	名詞,一般,*,*,*,*,ただ,タダ,タダ
三	名詞,数,*,*,*,*,三,サン,サン
百	名詞,数,*,*,*,*,百,ヒャク,ヒャク
人	名詞,接尾,助数詞,*,*,*,人,ニン,ニン
を	助詞,格助詞,一般,*,*,*,を,ヲ,ヲ
引き	動詞,自立,*,*,五段・カ行イ音便,連用形,引く,ヒキ,ヒキ
とどめ	動詞,自立,*,*,一段,連用形,とどめる,トドメ,トドメ
て	助詞,接続助詞,*,*,*,*,て,テ,テ
おい	動詞,非自立,*,*,五段・カ行イ音便,連用タ接続,おく,オイ,オイ
た	助動詞,*,*,*,特殊・タ,基本形,た,タ,タ
。	記号,句点,*,*,*,*,。,。,。
一方	接続詞,*,*,*,*,*,一方,イッポウ,イッポー
ミディアン	名詞,一般,*,*,*,*,*
の	助詞,連体化,*,*,*,*,の,ノ,ノ
陣営	名詞,一般,*,*,*,*,陣営,ジンエイ,ジンエイ
は	助詞,係助詞,*,*,*,*,は,ハ,ワ
，	記号,読点,*,*,*,*,，,，,，
低地	名詞,一般,*,*,*,*,低地,テイチ,テイチ
平原	名詞,一般,*,*,*,*,平原,ヘイゲン,ヘイゲン
の	助詞,連体化,*,*,*,*,の,ノ,ノ
中	名詞,非自立,副詞可能,*,*,*,中,ナカ,ナカ
，	記号,読点,*,*,*,*,，,，,，
ちょうど	副詞,一般,*,*,*,*,ちょうど,チョウド,チョード
彼	名詞,代名詞,一般,*,*,*,彼,カレ,カレ
の	助詞,連体化,*,*,*,*,の,ノ,ノ
下方	名詞,一般,*,*,*,*,下方,カホウ,カホー
に	助詞,格助詞,一般,*,*,*,に,ニ,ニ
あっ	動詞,自立,*,*,五段・ラ行,連用タ接続,ある,アッ,アッ
た	助動詞,*,*,*,特殊・タ,基本形,た,タ,タ
。	記号,句点,*,*,*,*,。,。,。
次いで	接続詞,*,*,*,*,*,次いで,ツイデ,ツイデ
その	連体詞,*,*,*,*,*,その,ソノ,ソノ
夜	名詞,副詞可能,*,*,*,*,夜,ヨル,ヨル
の	助詞,連体化,*,*,*,*,の,ノ,ノ
こと	名詞,非自立,一般,*,*,*,こと,コト,コト
，	記号,読点,*,*,*,*,，,，,，
エホバ	名詞,一般,*,*,*,*,エホバ,エホバ,エホバ
は	助詞,係助詞,*,*,*,*,は,ハ,ワ
彼	名詞,代名詞,一般,*,*,*,彼,カレ,カレ
に	助詞,格助詞,一般,*,*,*,に,ニ,ニ
こう	副詞,助詞類接続,*,*,*,*,こう,コウ,コー
言わ	動詞,自立,*,*,五段・ワ行促音便,未然形,言う,イワ,イワ
れ	動詞,接尾,*,*,一段,連用形,れる,レ,レ
た	助動詞,*,*,*,特殊・タ,基本形,た,タ,タ
。	記号,句点,*,*,*,*,。,。,。
「	記号,括弧開,*,*,*,*,「,「,「
立っ	動詞,自立,*,*,五段・タ行,連用タ接続,立つ,タッ,タッ
て	助詞,接続助詞,*,*,*,*,て,テ,テ
，	記号,読点,*,*,*,*,，,，,，
その	連体詞,*,*,*,*,*,その,ソノ,ソノ
陣営	名詞,一般,*,*,*,*,陣営,ジンエイ,ジンエイ
に	助詞,格助詞,一般,*,*,*,に,ニ,ニ
向かっ	動詞,自立,*,*,五段・ワ行促音便,連用タ接続,向かう,ムカッ,ムカッ
て	助詞,接続助詞,*,*,*,*,て,テ,テ
下れ	動詞,自立,*,*,五段・ラ行,命令ｅ,下る,クダレ,クダレ
。	記号,句点,*,*,*,*,。,。,。
わたし	名詞,代名詞,一般,*,*,*,わたし,ワタシ,ワタシ
は	助詞,係助詞,*,*,*,*,は,ハ,ワ
それ	名詞,代名詞,一般,*,*,*,それ,ソレ,ソレ
を	助詞,格助詞,一般,*,*,*,を,ヲ,ヲ
あなた	名詞,代名詞,一般,*,*,*,あなた,アナタ,アナタ
の	助詞,連体化,*,*,*,*,の,ノ,ノ
手	名詞,一般,*,*,*,*,手,テ,テ
に	助詞,格助詞,一般,*,*,*,に,ニ,ニ
与え	動詞,自立,*,*,一段,連用形,与える,アタエ,アタエ
た	助動詞,*,*,*,特殊・タ,基本形,た,タ,タ
から	助詞,接続助詞,*,*,*,*,から,カラ,カラ
で	助動詞,*,*,*,特殊・ダ,連用形,だ,デ,デ
ある	助動詞,*,*,*,五段・ラ行アル,基本形,ある,アル,アル
。	記号,句点,*,*,*,*,。,。,。
しかし	接続詞,*,*,*,*,*,しかし,シカシ,シカシ
，	記号,読点,*,*,*,*,，,，,，
下っ	動詞,自立,*,*,五段・ラ行,連用タ接続,下る,クダッ,クダッ
て	助詞,接続助詞,*,*,*,*,て,テ,テ
行く	動詞,非自立,*,*,五段・カ行促音便,基本形,行く,イク,イク
こと	名詞,非自立,一般,*,*,*,こと,コト,コト
に	助詞,格助詞,一般,*,*,*,に,ニ,ニ
恐れ	名詞,一般,*,*,*,*,恐れ,オソレ,オソレ
を	助詞,格助詞,一般,*,*,*,を,ヲ,ヲ
感じる	動詞,自立,*,*,一段,基本形,感じる,カンジル,カンジル
の	名詞,非自立,一般,*,*,*,の,ノ,ノ
で	助動詞,*,*,*,特殊・ダ,連用形,だ,デ,デ
あれ	助動詞,*,*,*,五段・ラ行アル,仮定形,ある,アレ,アレ
ば	助詞,接続助詞,*,*,*,*,ば,バ,バ
，	記号,読点,*,*,*,*,，,，,，
従者	名詞,一般,*,*,*,*,従者,ジュウシャ,ジューシャ
プラ	名詞,一般,*,*,*,*,*
と	助詞,格助詞,一般,*,*,*,と,ト,ト
一緒	名詞,サ変接続,*,*,*,*,一緒,イッショ,イッショ
に	助詞,格助詞,一般,*,*,*,に,ニ,ニ
その	連体詞,*,*,*,*,*,その,ソノ,ソノ
陣営	名詞,一般,*,*,*,*,陣営,ジンエイ,ジンエイ
に	助詞,格助詞,一般,*,*,*,に,ニ,ニ
下っ	動詞,自立,*,*,五段・ラ行,連用タ接続,下る,クダッ,クダッ
て	助詞,接続助詞,*,*,*,*,て,テ,テ
行け	動詞,非自立,*,*,五段・カ行促音便,命令ｅ,行く,イケ,イケ
。	記号,句点,*,*,*,*,。,。,。
そして	接続詞,*,*,*,*,*,そして,ソシテ,ソシテ
あなた	名詞,代名詞,一般,*,*,*,あなた,アナタ,アナタ
は	助詞,係助詞,*,*,*,*,は,ハ,ワ
彼ら	名詞,代名詞,一般,*,*,*,彼ら,カレラ,カレラ
が	助詞,格助詞,一般,*,*,*,が,ガ,ガ
話す	動詞,自立,*,*,五段・サ行,基本形,話す,ハナス,ハナス
こと	名詞,非自立,一般,*,*,*,こと,コト,コト
を	助詞,格助詞,一般,*,*,*,を,ヲ,ヲ
聴く	動詞,自立,*,*,五段・カ行イ音便,基本形,聴く,キク,キク
よう	名詞,非自立,助動詞語幹,*,*,*,よう,ヨウ,ヨー
に	助詞,格助詞,一般,*,*,*,に,ニ,ニ
。	記号,句点,*,*,*,*,。,。,。
そう	副詞,助詞類接続,*,*,*,*,そう,ソウ,ソー
すれ	動詞,自立,*,*,サ変・スル,仮定形,する,スレ,スレ
ば	助詞,接続助詞,*,*,*,*,ば,バ,バ
，	記号,読点,*,*,*,*,，,，,，
その後	名詞,副詞可能,*,*,*,*,その後,ソノゴ,ソノゴ
あなた	名詞,代名詞,一般,*,*,*,あなた,アナタ,アナタ
の	助詞,連体化,*,*,*,*,の,ノ,ノ
手	名詞,一般,*,*,*,*,手,テ,テ
は	助詞,係助詞,*,*,*,*,は,ハ,ワ
必ず	副詞,助詞類接続,*,*,*,*,必ず,カナラズ,カナラズ
強く	形容詞,自立,*,*,形容詞・アウオ段,連用テ接続,強い,ツヨク,ツヨク
なり	動詞,自立,*,*,五段・ラ行,連用形,なる,ナリ,ナリ
，	記号,読点,*,*,*,*,，,，,，
あなた	名詞,代名詞,一般,*,*,*,あなた,アナタ,アナタ
は	助詞,係助詞,*,*,*,*,は,ハ,ワ
必ず	副詞,助詞類接続,*,*,*,*,必ず,カナラズ,カナラズ
その	連体詞,*,*,*,*,*,その,ソノ,ソノ
陣営	名詞,一般,*,*,*,*,陣営,ジンエイ,ジンエイ
に	助詞,格助詞,一般,*,*,*,に,ニ,ニ
向かっ	動詞,自立,*,*,五段・ワ行促音便,連用タ接続,向かう,ムカッ,ムカッ
て	助詞,接続助詞,*,*,*,*,て,テ,テ
下っ	動詞,自立,*,*,五段・ラ行,連用タ接続,下る,クダッ,クダッ
て	助詞,接続助詞,*,*,*,*,て,テ,テ
行く	動詞,非自立,*,*,五段・カ行促音便,基本形,行く,イク,イク
で	助動詞,*,*,*,特殊・ダ,連用形,だ,デ,デ
あろ	助動詞,*,*,*,五段・ラ行アル,未然ウ接続,ある,アロ,アロ
う	助動詞,*,*,*,不変化型,基本形,う,ウ,ウ
」	記号,括弧閉,*,*,*,*,」,」,」
。	記号,句点,*,*,*,*,。,。,。
そこで	接続詞,*,*,*,*,*,そこで,ソコデ,ソコデ
彼	名詞,代名詞,一般,*,*,*,彼,カレ,カレ
と	助詞,格助詞,一般,*,*,*,と,ト,ト
その	連体詞,*,*,*,*,*,その,ソノ,ソノ
従者	名詞,一般,*,*,*,*,従者,ジュウシャ,ジューシャ
プラ	名詞,一般,*,*,*,*,*
と	助詞,格助詞,一般,*,*,*,と,ト,ト
は	助詞,係助詞,*,*,*,*,は,ハ,ワ
，	記号,読点,*,*,*,*,，,，,，
陣営	名詞,一般,*,*,*,*,陣営,ジンエイ,ジンエイ
に	助詞,格助詞,一般,*,*,*,に,ニ,ニ
あっ	動詞,自立,*,*,五段・ラ行,連用タ接続,ある,アッ,アッ
て	助詞,接続助詞,*,*,*,*,て,テ,テ
戦闘	名詞,サ変接続,*,*,*,*,戦闘,セントウ,セントー
隊形	名詞,一般,*,*,*,*,隊形,タイケイ,タイケイ
を	助詞,格助詞,一般,*,*,*,を,ヲ,ヲ
組む	動詞,自立,*,*,五段・マ行,基本形,組む,クム,クム
者	名詞,一般,*,*,*,*,者,モノ,モノ
たち	名詞,接尾,一般,*,*,*,たち,タチ,タチ
の	助詞,連体化,*,*,*,*,の,ノ,ノ
端	名詞,一般,*,*,*,*,端,ハジ,ハジ
の	助詞,連体化,*,*,*,*,の,ノ,ノ
ほう	名詞,非自立,一般,*,*,*,ほう,ホウ,ホー
に	助詞,格助詞,一般,*,*,*,に,ニ,ニ
下っ	動詞,自立,*,*,五段・ラ行,連用タ接続,下る,クダッ,クダッ
て	助詞,接続助詞,*,*,*,*,て,テ,テ
行っ	動詞,非自立,*,*,五段・カ行促音便,連用タ接続,行く,イッ,イッ
た	助動詞,*,*,*,特殊・タ,基本形,た,タ,タ
。	記号,句点,*,*,*,*,。,。,。
さて	接続詞,*,*,*,*,*,さて,サテ,サテ
，	記号,読点,*,*,*,*,，,，,，
ミディアン	名詞,一般,*,*,*,*,*
と	助詞,並立助詞,*,*,*,*,と,ト,ト
アマレク	名詞,一般,*,*,*,*,*
および	接続詞,*,*,*,*,*,および,オヨビ,オヨビ
東	名詞,一般,*,*,*,*,東,ヒガシ,ヒガシ
の	助詞,連体化,*,*,*,*,の,ノ,ノ
すべて	名詞,副詞可能,*,*,*,*,すべて,スベテ,スベテ
の	助詞,連体化,*,*,*,*,の,ノ,ノ
者	名詞,一般,*,*,*,*,者,モノ,モノ
たち	名詞,接尾,一般,*,*,*,たち,タチ,タチ
は	助詞,係助詞,*,*,*,*,は,ハ,ワ
いなご	名詞,一般,*,*,*,*,いなご,イナゴ,イナゴ
の	助詞,連体化,*,*,*,*,の,ノ,ノ
よう	名詞,非自立,助動詞語幹,*,*,*,よう,ヨウ,ヨー
な	助動詞,*,*,*,特殊・ダ,体言接続,だ,ナ,ナ
大群	名詞,一般,*,*,*,*,大群,タイグン,タイグン
と	助詞,格助詞,一般,*,*,*,と,ト,ト
なっ	動詞,自立,*,*,五段・ラ行,連用タ接続,なる,ナッ,ナッ
て	助詞,接続助詞,*,*,*,*,て,テ,テ
低地	名詞,一般,*,*,*,*,低地,テイチ,テイチ
平原	名詞,一般,*,*,*,*,平原,ヘイゲン,ヘイゲン
に	助詞,格助詞,一般,*,*,*,に,ニ,ニ
どっかり	副詞,助詞類接続,*,*,*,*,どっかり,ドッカリ,ドッカリ
と	助詞,副詞化,*,*,*,*,と,ト,ト
伏し	動詞,自立,*,*,五段・サ行,連用形,伏す,フシ,フシ
て	助詞,接続助詞,*,*,*,*,て,テ,テ
い	動詞,非自立,*,*,一段,連用形,いる,イ,イ
た	助動詞,*,*,*,特殊・タ,基本形,た,タ,タ
。	記号,句点,*,*,*,*,。,。,。
その	連体詞,*,*,*,*,*,その,ソノ,ソノ
らくだ	名詞,一般,*,*,*,*,らくだ,ラクダ,ラクダ
は	助詞,係助詞,*,*,*,*,は,ハ,ワ
数	名詞,数,*,*,*,*,数,スウ,スー
知れ	動詞,自立,*,*,一段,未然形,知れる,シレ,シレ
ず	助動詞,*,*,*,特殊・ヌ,連用ニ接続,ぬ,ズ,ズ
，	記号,読点,*,*,*,*,，,，,，
海辺	名詞,一般,*,*,*,*,海辺,ウミベ,ウミベ
の	助詞,連体化,*,*,*,*,の,ノ,ノ
砂粒	名詞,一般,*,*,*,*,砂粒,サリュウ,サリュー
の	助詞,連体化,*,*,*,*,の,ノ,ノ
よう	名詞,非自立,助動詞語幹,*,*,*,よう,ヨウ,ヨー
に	助詞,副詞化,*,*,*,*,に,ニ,ニ
多かっ	形容詞,自立,*,*,形容詞・アウオ段,連用タ接続,多い,オオカッ,オーカッ
た	助動詞,*,*,*,特殊・タ,基本形,た,タ,タ
。	記号,句点,*,*,*,*,。,。,。
さて	接続詞,*,*,*,*,*,さて,サテ,サテ
，	記号,読点,*,*,*,*,，,，,，
ギデオン	名詞,一般,*,*,*,*,*
が	助詞,格助詞,一般,*,*,*,が,ガ,ガ
来	動詞,自立,*,*,カ変・来ル,連用形,来る,キ,キ
て	助詞,接続助詞,*,*,*,*,て,テ,テ
みる	動詞,非自立,*,*,一段,基本形,みる,ミル,ミル
と	助詞,接続助詞,*,*,*,*,と,ト,ト
，	記号,読点,*,*,*,*,，,，,，
見よ	動詞,自立,*,*,一段,命令ｙｏ,見る,ミヨ,ミヨ
，	記号,読点,*,*,*,*,，,，,，
ひとり	名詞,一般,*,*,*,*,ひとり,ヒトリ,ヒトリ
の	助詞,連体化,*,*,*,*,の,ノ,ノ
男	名詞,一般,*,*,*,*,男,オトコ,オトコ
が	助詞,格助詞,一般,*,*,*,が,ガ,ガ
自分	名詞,一般,*,*,*,*,自分,ジブン,ジブン
の	助詞,連体化,*,*,*,*,の,ノ,ノ
同僚	名詞,一般,*,*,*,*,同僚,ドウリョウ,ドーリョー
に	助詞,格助詞,一般,*,*,*,に,ニ,ニ
ある	動詞,自立,*,*,五段・ラ行,基本形,ある,アル,アル
夢	名詞,一般,*,*,*,*,夢,ユメ,ユメ
について	助詞,格助詞,連語,*,*,*,について,ニツイテ,ニツイテ
話し	動詞,自立,*,*,五段・サ行,連用形,話す,ハナシ,ハナシ
て	助詞,接続助詞,*,*,*,*,て,テ,テ
いる	動詞,非自立,*,*,一段,基本形,いる,イル,イル
の	名詞,非自立,一般,*,*,*,の,ノ,ノ
で	助動詞,*,*,*,特殊・ダ,連用形,だ,デ,デ
あっ	助動詞,*,*,*,五段・ラ行アル,連用タ接続,ある,アッ,アッ
た	助動詞,*,*,*,特殊・タ,基本形,た,タ,タ
。	記号,句点,*,*,*,*,。,。,。
その	連体詞,*,*,*,*,*,その,ソノ,ソノ
者	名詞,非自立,一般,*,*,*,者,モノ,モノ
は	助詞,係助詞,*,*,*,*,は,ハ,ワ
こう	副詞,助詞類接続,*,*,*,*,こう,コウ,コー
言っ	動詞,自立,*,*,五段・ワ行促音便,連用タ接続,言う,イッ,イッ
た	助動詞,*,*,*,特殊・タ,基本形,た,タ,タ
。	記号,句点,*,*,*,*,。,。,。
「	記号,括弧開,*,*,*,*,「,「,「
わたし	名詞,代名詞,一般,*,*,*,わたし,ワタシ,ワタシ
が	助詞,格助詞,一般,*,*,*,が,ガ,ガ
見	動詞,自立,*,*,一段,連用形,見る,ミ,ミ
た	助動詞,*,*,*,特殊・タ,基本形,た,タ,タ
夢	名詞,一般,*,*,*,*,夢,ユメ,ユメ
は	助詞,係助詞,*,*,*,*,は,ハ,ワ
こう	副詞,助詞類接続,*,*,*,*,こう,コウ,コー
だ	助動詞,*,*,*,特殊・ダ,基本形,だ,ダ,ダ
。	記号,句点,*,*,*,*,。,。,。
見よ	動詞,自立,*,*,一段,命令ｙｏ,見る,ミヨ,ミヨ
，	記号,読点,*,*,*,*,，,，,，
丸い	形容詞,自立,*,*,形容詞・アウオ段,基本形,丸い,マルイ,マルイ
大麦	名詞,一般,*,*,*,*,大麦,オオムギ,オームギ
の	助詞,連体化,*,*,*,*,の,ノ,ノ
パン	名詞,一般,*,*,*,*,パン,パン,パン
菓子	名詞,一般,*,*,*,*,菓子,カシ,カシ
が	助詞,格助詞,一般,*,*,*,が,ガ,ガ
あり	動詞,自立,*,*,五段・ラ行,連用形,ある,アリ,アリ
，	記号,読点,*,*,*,*,，,，,，
ぐるぐる	副詞,一般,*,*,*,*,ぐるぐる,グルグル,グルグル
と	助詞,格助詞,一般,*,*,*,と,ト,ト
転がっ	動詞,自立,*,*,五段・ラ行,連用タ接続,転がる,コロガッ,コロガッ
て	助詞,接続助詞,*,*,*,*,て,テ,テ
ミディアン	名詞,一般,*,*,*,*,*
の	助詞,連体化,*,*,*,*,の,ノ,ノ
陣営	名詞,一般,*,*,*,*,陣営,ジンエイ,ジンエイ
に	助詞,格助詞,一般,*,*,*,に,ニ,ニ
入っ	動詞,自立,*,*,五段・ラ行,連用タ接続,入る,ハイッ,ハイッ
て	助詞,接続助詞,*,*,*,*,て,テ,テ
来	動詞,非自立,*,*,カ変・来ル,連用形,来る,キ,キ
た	助動詞,*,*,*,特殊・タ,基本形,た,タ,タ
。	記号,句点,*,*,*,*,。,。,。
そして	接続詞,*,*,*,*,*,そして,ソシテ,ソシテ
それ	名詞,代名詞,一般,*,*,*,それ,ソレ,ソレ
が	助詞,格助詞,一般,*,*,*,が,ガ,ガ
天幕	名詞,一般,*,*,*,*,天幕,テンマク,テンマク
の	助詞,連体化,*,*,*,*,の,ノ,ノ
ところ	名詞,非自立,副詞可能,*,*,*,ところ,トコロ,トコロ
に	助詞,格助詞,一般,*,*,*,に,ニ,ニ
来	動詞,自立,*,*,カ変・来ル,連用形,来る,キ,キ
て	助詞,接続助詞,*,*,*,*,て,テ,テ
ぶつかっ	動詞,自立,*,*,五段・ラ行,連用タ接続,ぶつかる,ブツカッ,ブツカッ
た	助動詞,*,*,*,特殊・タ,基本形,た,タ,タ
ため	名詞,非自立,副詞可能,*,*,*,ため,タメ,タメ
に	助詞,格助詞,一般,*,*,*,に,ニ,ニ
その	連体詞,*,*,*,*,*,その,ソノ,ソノ
[	名詞,サ変接続,*,*,*,*,*
天幕	名詞,一般,*,*,*,*,天幕,テンマク,テンマク
]	名詞,サ変接続,*,*,*,*,*
は	助詞,係助詞,*,*,*,*,は,ハ,ワ
倒れ	動詞,自立,*,*,一段,連用形,倒れる,タオレ,タオレ
，	記号,読点,*,*,*,*,，,，,，
これ	名詞,代名詞,一般,*,*,*,これ,コレ,コレ
を	助詞,格助詞,一般,*,*,*,を,ヲ,ヲ
逆様	名詞,形容動詞語幹,*,*,*,*,逆様,サカサマ,サカサマ
に	助詞,格助詞,一般,*,*,*,に,ニ,ニ
し	動詞,自立,*,*,サ変・スル,連用形,する,シ,シ
た	助動詞,*,*,*,特殊・タ,基本形,た,タ,タ
ので	助詞,接続助詞,*,*,*,*,ので,ノデ,ノデ
，	記号,読点,*,*,*,*,，,，,，
その	連体詞,*,*,*,*,*,その,ソノ,ソノ
天幕	名詞,一般,*,*,*,*,天幕,テンマク,テンマク
は	助詞,係助詞,*,*,*,*,は,ハ,ワ
つぶれ	動詞,自立,*,*,一段,連用形,つぶれる,ツブレ,ツブレ
て	助詞,接続助詞,*,*,*,*,て,テ,テ
しまっ	動詞,非自立,*,*,五段・ワ行促音便,連用タ接続,しまう,シマッ,シマッ
た	助動詞,*,*,*,特殊・タ,基本形,た,タ,タ
」	記号,括弧閉,*,*,*,*,」,」,」
。	記号,句点,*,*,*,*,。,。,。
すると	接続詞,*,*,*,*,*,すると,スルト,スルト
その	連体詞,*,*,*,*,*,その,ソノ,ソノ
同僚	名詞,一般,*,*,*,*,同僚,ドウリョウ,ドーリョー
は	助詞,係助詞,*,*,*,*,は,ハ,ワ
答え	動詞,自立,*,*,一段,連用形,答える,コタエ,コタエ
て	助詞,接続助詞,*,*,*,*,て,テ,テ
言っ	動詞,自立,*,*,五段・ワ行促音便,連用タ接続,言う,イッ,イッ
た	助動詞,*,*,*,特殊・タ,基本形,た,タ,タ
，	記号,読点,*,*,*,*,，,，,，
「	記号,括弧開,*,*,*,*,「,「,「
それ	名詞,代名詞,一般,*,*,*,それ,ソレ,ソレ
は	助詞,係助詞,*,*,*,*,は,ハ,ワ
，	記号,読点,*,*,*,*,，,，,，
イスラエル	名詞,固有名詞,地域,国,*,*,イスラエル,イスラエル,イスラエル
の	助詞,連体化,*,*,*,*,の,ノ,ノ
人	名詞,一般,*,*,*,*,人,ヒト,ヒト
，	記号,読点,*,*,*,*,，,，,，
ヨアシュ	名詞,一般,*,*,*,*,*
の	助詞,連体化,*,*,*,*,の,ノ,ノ
子	接頭詞,名詞接続,*,*,*,*,子,コ,コ
ギデオン	名詞,一般,*,*,*,*,*
の	助詞,連体化,*,*,*,*,の,ノ,ノ
剣	名詞,一般,*,*,*,*,剣,ケン,ケン
に	助詞,格助詞,一般,*,*,*,に,ニ,ニ
ほかなら	動詞,自立,*,*,五段・ラ行,未然形,ほかなる,ホカナラ,ホカナラ
ない	助動詞,*,*,*,特殊・ナイ,基本形,ない,ナイ,ナイ
。	記号,句点,*,*,*,*,。,。,。
[	名詞,サ変接続,*,*,*,*,*
ま	フィラー,*,*,*,*,*,ま,マ,マ
こと	名詞,非自立,一般,*,*,*,こと,コト,コト
の	助詞,連体化,*,*,*,*,の,ノ,ノ
]	名詞,サ変接続,*,*,*,*,*
神	名詞,接尾,一般,*,*,*,神,シン,シン
は	助詞,係助詞,*,*,*,*,は,ハ,ワ
ミディアン	名詞,一般,*,*,*,*,*
と	助詞,格助詞,一般,*,*,*,と,ト,ト
その	連体詞,*,*,*,*,*,その,ソノ,ソノ
全	接頭詞,名詞接続,*,*,*,*,全,ゼン,ゼン
陣営	名詞,一般,*,*,*,*,陣営,ジンエイ,ジンエイ
を	助詞,格助詞,一般,*,*,*,を,ヲ,ヲ
彼	名詞,代名詞,一般,*,*,*,彼,カレ,カレ
の	助詞,連体化,*,*,*,*,の,ノ,ノ
手	名詞,一般,*,*,*,*,手,テ,テ
に	助詞,格助詞,一般,*,*,*,に,ニ,ニ
与え	動詞,自立,*,*,一段,連用形,与える,アタエ,アタエ
た	助動詞,*,*,*,特殊・タ,基本形,た,タ,タ
の	名詞,非自立,一般,*,*,*,の,ノ,ノ
だ	助動詞,*,*,*,特殊・ダ,基本形,だ,ダ,ダ
」	記号,括弧閉,*,*,*,*,」,」,」
。	記号,句点,*,*,*,*,。,。,。
こうして	接続詞,*,*,*,*,*,こうして,コウシテ,コーシテ
夢	名詞,一般,*,*,*,*,夢,ユメ,ユメ
と	助詞,格助詞,一般,*,*,*,と,ト,ト
その	連体詞,*,*,*,*,*,その,ソノ,ソノ
説明	名詞,サ変接続,*,*,*,*,説明,セツメイ,セツメイ
と	助詞,並立助詞,*,*,*,*,と,ト,ト
が	助詞,格助詞,一般,*,*,*,が,ガ,ガ
話さ	動詞,自立,*,*,五段・サ行,未然形,話す,ハナサ,ハナサ
れる	動詞,接尾,*,*,一段,基本形,れる,レル,レル
の	名詞,非自立,一般,*,*,*,の,ノ,ノ
を	助詞,格助詞,一般,*,*,*,を,ヲ,ヲ
聞く	動詞,自立,*,*,五段・カ行イ音便,基本形,聞く,キク,キク
と	助詞,接続助詞,*,*,*,*,と,ト,ト
，	記号,読点,*,*,*,*,，,，,，
ギデオン	名詞,一般,*,*,*,*,*
は	助詞,係助詞,*,*,*,*,は,ハ,ワ
そこ	名詞,代名詞,一般,*,*,*,そこ,ソコ,ソコ
で	助詞,格助詞,一般,*,*,*,で,デ,デ
すぐ	副詞,助詞類接続,*,*,*,*,すぐ,スグ,スグ
に	助詞,副詞化,*,*,*,*,に,ニ,ニ
伏し拝む	動詞,自立,*,*,五段・マ行,基本形,伏し拝む,フシオガム,フシオガム
の	名詞,非自立,一般,*,*,*,の,ノ,ノ
で	助動詞,*,*,*,特殊・ダ,連用形,だ,デ,デ
あっ	助動詞,*,*,*,五段・ラ行アル,連用タ接続,ある,アッ,アッ
た	助動詞,*,*,*,特殊・タ,基本形,た,タ,タ
。	記号,句点,*,*,*,*,。,。,。
その	連体詞,*,*,*,*,*,その,ソノ,ソノ
のち	名詞,非自立,副詞可能,*,*,*,のち,ノチ,ノチ
彼	名詞,代名詞,一般,*,*,*,彼,カレ,カレ
は	助詞,係助詞,*,*,*,*,は,ハ,ワ
イスラエル	名詞,固有名詞,地域,国,*,*,イスラエル,イスラエル,イスラエル
の	助詞,連体化,*,*,*,*,の,ノ,ノ
陣営	名詞,一般,*,*,*,*,陣営,ジンエイ,ジンエイ
に	助詞,格助詞,一般,*,*,*,に,ニ,ニ
戻っ	動詞,自立,*,*,五段・ラ行,連用タ接続,戻る,モドッ,モドッ
て	助詞,接続助詞,*,*,*,*,て,テ,テ
来	動詞,非自立,*,*,カ変・来ル,連用形,来る,キ,キ
て	助詞,接続助詞,*,*,*,*,て,テ,テ
，	記号,読点,*,*,*,*,，,，,，
こう	副詞,助詞類接続,*,*,*,*,こう,コウ,コー
言っ	動詞,自立,*,*,五段・ワ行促音便,連用タ接続,言う,イッ,イッ
た	助動詞,*,*,*,特殊・タ,基本形,た,タ,タ
。	記号,句点,*,*,*,*,。,。,。
「	記号,括弧開,*,*,*,*,「,「,「
立ち	動詞,自立,*,*,五段・タ行,連用形,立つ,タチ,タチ
なさい	動詞,非自立,*,*,五段・ラ行特殊,命令ｉ,なさる,ナサイ,ナサイ
。	記号,句点,*,*,*,*,。,。,。
エホバ	名詞,一般,*,*,*,*,エホバ,エホバ,エホバ
は	助詞,係助詞,*,*,*,*,は,ハ,ワ
ミディアン	名詞,一般,*,*,*,*,*
の	助詞,連体化,*,*,*,*,の,ノ,ノ
陣営	名詞,一般,*,*,*,*,陣営,ジンエイ,ジンエイ
を	助詞,格助詞,一般,*,*,*,を,ヲ,ヲ
あなた	名詞,代名詞,一般,*,*,*,あなた,アナタ,アナタ
方	名詞,接尾,一般,*,*,*,方,カタ,カタ
の	助詞,連体化,*,*,*,*,の,ノ,ノ
手	名詞,一般,*,*,*,*,手,テ,テ
に	助詞,格助詞,一般,*,*,*,に,ニ,ニ
お	接頭詞,名詞接続,*,*,*,*,お,オ,オ
与え	動詞,自立,*,*,一段,連用形,与える,アタエ,アタエ
に	助詞,格助詞,一般,*,*,*,に,ニ,ニ
なっ	動詞,自立,*,*,五段・ラ行,連用タ接続,なる,ナッ,ナッ
た	助動詞,*,*,*,特殊・タ,基本形,た,タ,タ
の	名詞,非自立,一般,*,*,*,の,ノ,ノ
です	助動詞,*,*,*,特殊・デス,基本形,です,デス,デス
」	記号,括弧閉,*,*,*,*,」,」,」
。	記号,句点,*,*,*,*,。,。,。
次いで	接続詞,*,*,*,*,*,次いで,ツイデ,ツイデ
彼	名詞,代名詞,一般,*,*,*,彼,カレ,カレ
は	助詞,係助詞,*,*,*,*,は,ハ,ワ
三	名詞,数,*,*,*,*,三,サン,サン
百	名詞,数,*,*,*,*,百,ヒャク,ヒャク
人	名詞,接尾,助数詞,*,*,*,人,ニン,ニン
の	助詞,連体化,*,*,*,*,の,ノ,ノ
者	名詞,非自立,一般,*,*,*,者,モノ,モノ
を	助詞,格助詞,一般,*,*,*,を,ヲ,ヲ
三つ	名詞,一般,*,*,*,*,三つ,ミッツ,ミッツ
の	助詞,連体化,*,*,*,*,の,ノ,ノ
隊	名詞,一般,*,*,*,*,隊,タイ,タイ
に	助詞,格助詞,一般,*,*,*,に,ニ,ニ
分け	動詞,自立,*,*,一段,連用形,分ける,ワケ,ワケ
，	記号,読点,*,*,*,*,，,，,，
全員	名詞,一般,*,*,*,*,全員,ゼンイン,ゼンイン
の	助詞,連体化,*,*,*,*,の,ノ,ノ
手	名詞,一般,*,*,*,*,手,テ,テ
に	助詞,格助詞,一般,*,*,*,に,ニ,ニ
角笛	名詞,一般,*,*,*,*,角笛,ツノブエ,ツノブエ
を	助詞,格助詞,一般,*,*,*,を,ヲ,ヲ
，	記号,読点,*,*,*,*,，,，,，
また	接続詞,*,*,*,*,*,また,マタ,マタ
大きな	連体詞,*,*,*,*,*,大きな,オオキナ,オーキナ
空	名詞,一般,*,*,*,*,空,ソラ,ソラ
の	助詞,連体化,*,*,*,*,の,ノ,ノ
かめ	名詞,一般,*,*,*,*,かめ,カメ,カメ
を	助詞,格助詞,一般,*,*,*,を,ヲ,ヲ
持た	動詞,自立,*,*,五段・タ行,未然形,持つ,モタ,モタ
せ	動詞,接尾,*,*,一段,連用形,せる,セ,セ
た	助動詞,*,*,*,特殊・タ,基本形,た,タ,タ
。	記号,句点,*,*,*,*,。,。,。
その	連体詞,*,*,*,*,*,その,ソノ,ソノ
大	接頭詞,名詞接続,*,*,*,*,大,ダイ,ダイ
がめ	名詞,一般,*,*,*,*,がめ,ガメ,ガメ
の	助詞,連体化,*,*,*,*,の,ノ,ノ
中	名詞,非自立,副詞可能,*,*,*,中,ナカ,ナカ
に	助詞,格助詞,一般,*,*,*,に,ニ,ニ
は	助詞,係助詞,*,*,*,*,は,ハ,ワ
たいまつ	名詞,一般,*,*,*,*,たいまつ,タイマツ,タイマツ
を	助詞,格助詞,一般,*,*,*,を,ヲ,ヲ
入れ	動詞,自立,*,*,一段,連用形,入れる,イレ,イレ
た	助動詞,*,*,*,特殊・タ,基本形,た,タ,タ
。	記号,句点,*,*,*,*,。,。,。
彼	名詞,代名詞,一般,*,*,*,彼,カレ,カレ
は	助詞,係助詞,*,*,*,*,は,ハ,ワ
さらに	副詞,助詞類接続,*,*,*,*,さらに,サラニ,サラニ
こう	副詞,助詞類接続,*,*,*,*,こう,コウ,コー
言っ	動詞,自立,*,*,五段・ワ行促音便,連用タ接続,言う,イッ,イッ
た	助動詞,*,*,*,特殊・タ,基本形,た,タ,タ
。	記号,句点,*,*,*,*,。,。,。
「	記号,括弧開,*,*,*,*,「,「,「
あなた	名詞,代名詞,一般,*,*,*,あなた,アナタ,アナタ
方	名詞,接尾,一般,*,*,*,方,カタ,カタ
は	助詞,係助詞,*,*,*,*,は,ハ,ワ
わたし	名詞,代名詞,一般,*,*,*,わたし,ワタシ,ワタシ
を	助詞,格助詞,一般,*,*,*,を,ヲ,ヲ
よく	副詞,一般,*,*,*,*,よく,ヨク,ヨク
見習い	動詞,自立,*,*,五段・ワ行促音便,連用形,見習う,ミナライ,ミナライ
，	記号,読点,*,*,*,*,，,，,，
その	連体詞,*,*,*,*,*,その,ソノ,ソノ
とおり	名詞,非自立,副詞可能,*,*,*,とおり,トオリ,トーリ
に	助詞,格助詞,一般,*,*,*,に,ニ,ニ
する	動詞,自立,*,*,サ変・スル,基本形,する,スル,スル
べき	助動詞,*,*,*,文語・ベシ,体言接続,べし,ベキ,ベキ
です	助動詞,*,*,*,特殊・デス,基本形,です,デス,デス
。	記号,句点,*,*,*,*,。,。,。
そして	接続詞,*,*,*,*,*,そして,ソシテ,ソシテ
，	記号,読点,*,*,*,*,，,，,，
陣営	名詞,一般,*,*,*,*,陣営,ジンエイ,ジンエイ
の	助詞,連体化,*,*,*,*,の,ノ,ノ
端	名詞,一般,*,*,*,*,端,ハジ,ハジ
に	助詞,格助詞,一般,*,*,*,に,ニ,ニ
来	動詞,自立,*,*,カ変・来ル,連用形,来る,キ,キ
たら	助動詞,*,*,*,特殊・タ,仮定形,た,タラ,タラ
，	記号,読点,*,*,*,*,，,，,，
是非	副詞,一般,*,*,*,*,是非,ゼヒ,ゼヒ
わたし	名詞,代名詞,一般,*,*,*,わたし,ワタシ,ワタシ
が	助詞,格助詞,一般,*,*,*,が,ガ,ガ
する	動詞,自立,*,*,サ変・スル,基本形,する,スル,スル
とおり	名詞,非自立,副詞可能,*,*,*,とおり,トオリ,トーリ
に	助詞,格助詞,一般,*,*,*,に,ニ,ニ
行なう	動詞,自立,*,*,五段・ワ行促音便,基本形,行なう,オコナウ,オコナウ
よう	名詞,非自立,助動詞語幹,*,*,*,よう,ヨウ,ヨー
に	助詞,格助詞,一般,*,*,*,に,ニ,ニ
し	動詞,自立,*,*,サ変・スル,連用形,する,シ,シ
て	助詞,接続助詞,*,*,*,*,て,テ,テ
ください	動詞,非自立,*,*,五段・ラ行特殊,命令ｉ,くださる,クダサイ,クダサイ
。	記号,句点,*,*,*,*,。,。,。
わたし	名詞,代名詞,一般,*,*,*,わたし,ワタシ,ワタシ
が	助詞,格助詞,一般,*,*,*,が,ガ,ガ
，	記号,読点,*,*,*,*,，,，,，
つまり	接続詞,*,*,*,*,*,つまり,ツマリ,ツマリ
わたし	名詞,代名詞,一般,*,*,*,わたし,ワタシ,ワタシ
と	助詞,並立助詞,*,*,*,*,と,ト,ト
，	記号,読点,*,*,*,*,，,，,，
共に	副詞,一般,*,*,*,*,共に,トモニ,トモニ
いる	動詞,自立,*,*,一段,基本形,いる,イル,イル
すべて	名詞,副詞可能,*,*,*,*,すべて,スベテ,スベテ
の	助詞,連体化,*,*,*,*,の,ノ,ノ
者	名詞,非自立,一般,*,*,*,者,モノ,モノ
と	助詞,並立助詞,*,*,*,*,と,ト,ト
が	助詞,格助詞,一般,*,*,*,が,ガ,ガ
角笛	名詞,一般,*,*,*,*,角笛,ツノブエ,ツノブエ
を	助詞,格助詞,一般,*,*,*,を,ヲ,ヲ
吹い	動詞,自立,*,*,五段・カ行イ音便,連用タ接続,吹く,フイ,フイ
たら	助動詞,*,*,*,特殊・タ,仮定形,た,タラ,タラ
，	記号,読点,*,*,*,*,，,，,，
あなた	名詞,代名詞,一般,*,*,*,あなた,アナタ,アナタ
方	名詞,接尾,一般,*,*,*,方,カタ,カタ
も	助詞,係助詞,*,*,*,*,も,モ,モ
角笛	名詞,一般,*,*,*,*,角笛,ツノブエ,ツノブエ
を	助詞,格助詞,一般,*,*,*,を,ヲ,ヲ
吹く	動詞,自立,*,*,五段・カ行イ音便,基本形,吹く,フク,フク
の	名詞,非自立,一般,*,*,*,の,ノ,ノ
です	助動詞,*,*,*,特殊・デス,基本形,です,デス,デス
。	記号,句点,*,*,*,*,。,。,。
陣営	名詞,一般,*,*,*,*,陣営,ジンエイ,ジンエイ
の	助詞,連体化,*,*,*,*,の,ノ,ノ
周り	名詞,一般,*,*,*,*,周り,マワリ,マワリ
一帯	名詞,一般,*,*,*,*,一帯,イッタイ,イッタイ
で	助詞,格助詞,一般,*,*,*,で,デ,デ
あなた	名詞,代名詞,一般,*,*,*,あなた,アナタ,アナタ
方	名詞,接尾,一般,*,*,*,方,カタ,カタ
も	助詞,係助詞,*,*,*,*,も,モ,モ
。	記号,句点,*,*,*,*,。,。,。
そして	接続詞,*,*,*,*,*,そして,ソシテ,ソシテ
，	記号,読点,*,*,*,*,，,，,，
『	記号,括弧開,*,*,*,*,『,『,『
エホバ	名詞,一般,*,*,*,*,エホバ,エホバ,エホバ
の	助詞,連体化,*,*,*,*,の,ノ,ノ
もの	名詞,非自立,一般,*,*,*,もの,モノ,モノ
，	記号,読点,*,*,*,*,，,，,，
ギデオン	名詞,一般,*,*,*,*,*
の	助詞,連体化,*,*,*,*,の,ノ,ノ
もの	名詞,非自立,一般,*,*,*,もの,モノ,モノ
！	記号,一般,*,*,*,*,！,！,！
』	記号,括弧閉,*,*,*,*,』,』,』
と	助詞,格助詞,引用,*,*,*,と,ト,ト
言わ	動詞,自立,*,*,五段・ワ行促音便,未然形,言う,イワ,イワ
なけれ	助動詞,*,*,*,特殊・ナイ,仮定形,ない,ナケレ,ナケレ
ば	助詞,接続助詞,*,*,*,*,ば,バ,バ
なり	動詞,非自立,*,*,五段・ラ行,連用形,なる,ナリ,ナリ
ませ	助動詞,*,*,*,特殊・マス,未然形,ます,マセ,マセ
ん	助動詞,*,*,*,不変化型,基本形,ん,ン,ン
」	記号,括弧閉,*,*,*,*,」,」,」
。	記号,句点,*,*,*,*,。,。,。
やがて	副詞,一般,*,*,*,*,やがて,ヤガテ,ヤガテ
ギデオン	名詞,一般,*,*,*,*,*
は	助詞,係助詞,*,*,*,*,は,ハ,ワ
自分	名詞,一般,*,*,*,*,自分,ジブン,ジブン
と	助詞,格助詞,一般,*,*,*,と,ト,ト
一緒	名詞,サ変接続,*,*,*,*,一緒,イッショ,イッショ
に	助詞,格助詞,一般,*,*,*,に,ニ,ニ
い	動詞,自立,*,*,一段,連用形,いる,イ,イ
た	助動詞,*,*,*,特殊・タ,基本形,た,タ,タ
百	名詞,数,*,*,*,*,百,ヒャク,ヒャク
人	名詞,接尾,助数詞,*,*,*,人,ニン,ニン
の	助詞,連体化,*,*,*,*,の,ノ,ノ
者	名詞,非自立,一般,*,*,*,者,モノ,モノ
と共に	助詞,格助詞,連語,*,*,*,と共に,トトモニ,トトモニ
陣営	名詞,一般,*,*,*,*,陣営,ジンエイ,ジンエイ
の	助詞,連体化,*,*,*,*,の,ノ,ノ
端	名詞,一般,*,*,*,*,端,ハジ,ハジ
の	助詞,連体化,*,*,*,*,の,ノ,ノ
ところ	名詞,非自立,副詞可能,*,*,*,ところ,トコロ,トコロ
に	助詞,格助詞,一般,*,*,*,に,ニ,ニ
来	動詞,自立,*,*,カ変・来ル,連用形,来る,キ,キ
た	助動詞,*,*,*,特殊・タ,基本形,た,タ,タ
。	記号,句点,*,*,*,*,。,。,。
それ	名詞,代名詞,一般,*,*,*,それ,ソレ,ソレ
は	助詞,係助詞,*,*,*,*,は,ハ,ワ
夜半	名詞,副詞可能,*,*,*,*,夜半,ヤハン,ヤハン
の	助詞,連体化,*,*,*,*,の,ノ,ノ
見張り	名詞,一般,*,*,*,*,見張り,ミハリ,ミハリ
時	名詞,接尾,副詞可能,*,*,*,時,ジ,ジ
の	助詞,連体化,*,*,*,*,の,ノ,ノ
初め	名詞,副詞可能,*,*,*,*,初め,ハジメ,ハジメ
で	助動詞,*,*,*,特殊・ダ,連用形,だ,デ,デ
あり	助動詞,*,*,*,五段・ラ行アル,連用形,ある,アリ,アリ
，	記号,読点,*,*,*,*,，,，,，
ちょうど	副詞,一般,*,*,*,*,ちょうど,チョウド,チョード
歩哨	名詞,一般,*,*,*,*,歩哨,ホショウ,ホショー
を	助詞,格助詞,一般,*,*,*,を,ヲ,ヲ
それぞれ	名詞,副詞可能,*,*,*,*,それぞれ,ソレゾレ,ソレゾレ
の	助詞,連体化,*,*,*,*,の,ノ,ノ
位置	名詞,サ変接続,*,*,*,*,位置,イチ,イチ
に	助詞,格助詞,一般,*,*,*,に,ニ,ニ
就か	動詞,自立,*,*,五段・カ行イ音便,未然形,就く,ツカ,ツカ
せ	動詞,接尾,*,*,一段,連用形,せる,セ,セ
た	助動詞,*,*,*,特殊・タ,基本形,た,タ,タ
ところ	名詞,非自立,副詞可能,*,*,*,ところ,トコロ,トコロ
で	助動詞,*,*,*,特殊・ダ,連用形,だ,デ,デ
あっ	助動詞,*,*,*,五段・ラ行アル,連用タ接続,ある,アッ,アッ
た	助動詞,*,*,*,特殊・タ,基本形,た,タ,タ
。	記号,句点,*,*,*,*,。,。,。
そこで	接続詞,*,*,*,*,*,そこで,ソコデ,ソコデ
彼ら	名詞,代名詞,一般,*,*,*,彼ら,カレラ,カレラ
は	助詞,係助詞,*,*,*,*,は,ハ,ワ
角笛	名詞,一般,*,*,*,*,角笛,ツノブエ,ツノブエ
を	助詞,格助詞,一般,*,*,*,を,ヲ,ヲ
吹き	動詞,自立,*,*,五段・カ行イ音便,連用形,吹く,フキ,フキ
はじめ	動詞,非自立,*,*,一段,連用形,はじめる,ハジメ,ハジメ
た	助動詞,*,*,*,特殊・タ,基本形,た,タ,タ
。	記号,句点,*,*,*,*,。,。,。
また	接続詞,*,*,*,*,*,また,マタ,マタ
，	記号,読点,*,*,*,*,，,，,，
その	連体詞,*,*,*,*,*,その,ソノ,ソノ
手	名詞,一般,*,*,*,*,手,テ,テ
に	助詞,格助詞,一般,*,*,*,に,ニ,ニ
あっ	動詞,自立,*,*,五段・ラ行,連用タ接続,ある,アッ,アッ
た	助動詞,*,*,*,特殊・タ,基本形,た,タ,タ
大きな	連体詞,*,*,*,*,*,大きな,オオキナ,オーキナ
水がめ	名詞,一般,*,*,*,*,水がめ,ミズガメ,ミズガメ
は	助詞,係助詞,*,*,*,*,は,ハ,ワ
粉々	名詞,一般,*,*,*,*,粉々,コナゴナ,コナゴナ
に	助詞,格助詞,一般,*,*,*,に,ニ,ニ
砕か	動詞,自立,*,*,五段・カ行イ音便,未然形,砕く,クダカ,クダカ
れ	動詞,接尾,*,*,一段,連用形,れる,レ,レ
た	助動詞,*,*,*,特殊・タ,基本形,た,タ,タ
。	記号,句点,*,*,*,*,。,。,。
それ	名詞,代名詞,一般,*,*,*,それ,ソレ,ソレ
を	助詞,格助詞,一般,*,*,*,を,ヲ,ヲ
聞い	動詞,自立,*,*,五段・カ行イ音便,連用タ接続,聞く,キイ,キイ
て	助詞,接続助詞,*,*,*,*,て,テ,テ
三つ	名詞,一般,*,*,*,*,三つ,ミッツ,ミッツ
の	助詞,連体化,*,*,*,*,の,ノ,ノ
隊	名詞,一般,*,*,*,*,隊,タイ,タイ
が	助詞,格助詞,一般,*,*,*,が,ガ,ガ
ともに	副詞,一般,*,*,*,*,ともに,トモニ,トモニ
角笛	名詞,一般,*,*,*,*,角笛,ツノブエ,ツノブエ
を	助詞,格助詞,一般,*,*,*,を,ヲ,ヲ
吹き	動詞,自立,*,*,五段・カ行イ音便,連用形,吹く,フキ,フキ
，	記号,読点,*,*,*,*,，,，,，
大	接頭詞,名詞接続,*,*,*,*,大,ダイ,ダイ
がめ	名詞,一般,*,*,*,*,がめ,ガメ,ガメ
を	助詞,格助詞,一般,*,*,*,を,ヲ,ヲ
みじん	名詞,一般,*,*,*,*,みじん,ミジン,ミジン
に	助詞,格助詞,一般,*,*,*,に,ニ,ニ
砕き	動詞,自立,*,*,五段・カ行イ音便,連用形,砕く,クダキ,クダキ
，	記号,読点,*,*,*,*,，,，,，
たいまつ	名詞,一般,*,*,*,*,たいまつ,タイマツ,タイマツ
を	助詞,格助詞,一般,*,*,*,を,ヲ,ヲ
左手	名詞,一般,*,*,*,*,左手,ヒダリテ,ヒダリテ
に	助詞,格助詞,一般,*,*,*,に,ニ,ニ
持ち直し	動詞,自立,*,*,五段・サ行,連用形,持ち直す,モチナオシ,モチナオシ
，	記号,読点,*,*,*,*,，,，,，
右手	名詞,一般,*,*,*,*,右手,ミギテ,ミギテ
に	助詞,格助詞,一般,*,*,*,に,ニ,ニ
は	助詞,係助詞,*,*,*,*,は,ハ,ワ
角笛	名詞,一般,*,*,*,*,角笛,ツノブエ,ツノブエ
を	助詞,格助詞,一般,*,*,*,を,ヲ,ヲ
持っ	動詞,自立,*,*,五段・タ行,連用タ接続,持つ,モッ,モッ
て	助詞,接続助詞,*,*,*,*,て,テ,テ
それ	名詞,代名詞,一般,*,*,*,それ,ソレ,ソレ
を	助詞,格助詞,一般,*,*,*,を,ヲ,ヲ
吹き	動詞,自立,*,*,五段・カ行イ音便,連用形,吹く,フキ,フキ
，	記号,読点,*,*,*,*,，,，,，
「	記号,括弧開,*,*,*,*,「,「,「
エホバ	名詞,一般,*,*,*,*,エホバ,エホバ,エホバ
の	助詞,連体化,*,*,*,*,の,ノ,ノ
剣	名詞,一般,*,*,*,*,剣,ケン,ケン
，	記号,読点,*,*,*,*,，,，,，
ギデオン	名詞,一般,*,*,*,*,*
の	助詞,連体化,*,*,*,*,の,ノ,ノ
もの	名詞,非自立,一般,*,*,*,もの,モノ,モノ
！	記号,一般,*,*,*,*,！,！,！
」	記号,括弧閉,*,*,*,*,」,」,」
と	助詞,格助詞,引用,*,*,*,と,ト,ト
叫び	動詞,自立,*,*,五段・バ行,連用形,叫ぶ,サケビ,サケビ
だし	動詞,非自立,*,*,五段・サ行,連用形,だす,ダシ,ダシ
た	助動詞,*,*,*,特殊・タ,基本形,た,タ,タ
。	記号,句点,*,*,*,*,。,。,。
その間	名詞,副詞可能,*,*,*,*,その間,ソノカン,ソノカン
ずっと	副詞,一般,*,*,*,*,ずっと,ズット,ズット
彼ら	名詞,代名詞,一般,*,*,*,彼ら,カレラ,カレラ
は	助詞,係助詞,*,*,*,*,は,ハ,ワ
陣営	名詞,一般,*,*,*,*,陣営,ジンエイ,ジンエイ
の	助詞,連体化,*,*,*,*,の,ノ,ノ
周囲	名詞,一般,*,*,*,*,周囲,シュウイ,シューイ
一帯	名詞,一般,*,*,*,*,一帯,イッタイ,イッタイ
で	助詞,格助詞,一般,*,*,*,で,デ,デ
それぞれ	名詞,副詞可能,*,*,*,*,それぞれ,ソレゾレ,ソレゾレ
自分	名詞,一般,*,*,*,*,自分,ジブン,ジブン
の	助詞,連体化,*,*,*,*,の,ノ,ノ
場所	名詞,一般,*,*,*,*,場所,バショ,バショ
に	助詞,格助詞,一般,*,*,*,に,ニ,ニ
立っ	動詞,自立,*,*,五段・タ行,連用タ接続,立つ,タッ,タッ
て	助詞,接続助詞,*,*,*,*,て,テ,テ
い	動詞,非自立,*,*,一段,連用形,いる,イ,イ
た	助動詞,*,*,*,特殊・タ,基本形,た,タ,タ
の	名詞,非自立,一般,*,*,*,の,ノ,ノ
で	助動詞,*,*,*,特殊・ダ,連用形,だ,デ,デ
ある	助動詞,*,*,*,五段・ラ行アル,基本形,ある,アル,アル
が	助詞,接続助詞,*,*,*,*,が,ガ,ガ
，	記号,読点,*,*,*,*,，,，,，
陣営	名詞,一般,*,*,*,*,陣営,ジンエイ,ジンエイ
の	助詞,連体化,*,*,*,*,の,ノ,ノ
ほう	名詞,非自立,一般,*,*,*,ほう,ホウ,ホー
は	助詞,係助詞,*,*,*,*,は,ハ,ワ
全体	名詞,副詞可能,*,*,*,*,全体,ゼンタイ,ゼンタイ
が	助詞,格助詞,一般,*,*,*,が,ガ,ガ
走り回り	動詞,自立,*,*,五段・ラ行,連用形,走り回る,ハシリマワリ,ハシリマワリ
，	記号,読点,*,*,*,*,，,，,，
怒鳴り	動詞,自立,*,*,五段・ラ行,連用形,怒鳴る,ドナリ,ドナリ
声	名詞,接尾,一般,*,*,*,声,ゴエ,ゴエ
を	助詞,格助詞,一般,*,*,*,を,ヲ,ヲ
上げ	動詞,自立,*,*,一段,連用形,上げる,アゲ,アゲ
たり	助詞,並立助詞,*,*,*,*,たり,タリ,タリ
逃げまどっ	動詞,自立,*,*,五段・ワ行促音便,連用タ接続,逃げまどう,ニゲマドッ,ニゲマドッ
たり	助詞,並立助詞,*,*,*,*,たり,タリ,タリ
する	動詞,自立,*,*,サ変・スル,基本形,する,スル,スル
の	名詞,非自立,一般,*,*,*,の,ノ,ノ
で	助動詞,*,*,*,特殊・ダ,連用形,だ,デ,デ
あっ	助動詞,*,*,*,五段・ラ行アル,連用タ接続,ある,アッ,アッ
た	助動詞,*,*,*,特殊・タ,基本形,た,タ,タ
。	記号,句点,*,*,*,*,。,。,。
それで	接続詞,*,*,*,*,*,それで,ソレデ,ソレデ
三	名詞,数,*,*,*,*,三,サン,サン
百	名詞,数,*,*,*,*,百,ヒャク,ヒャク
人	名詞,接尾,助数詞,*,*,*,人,ニン,ニン
が	助詞,格助詞,一般,*,*,*,が,ガ,ガ
角笛	名詞,一般,*,*,*,*,角笛,ツノブエ,ツノブエ
を	助詞,格助詞,一般,*,*,*,を,ヲ,ヲ
吹き	動詞,自立,*,*,五段・カ行イ音便,連用形,吹く,フキ,フキ
続ける	動詞,非自立,*,*,一段,基本形,続ける,ツヅケル,ツズケル
と	助詞,接続助詞,*,*,*,*,と,ト,ト
，	記号,読点,*,*,*,*,，,，,，
エホバ	名詞,一般,*,*,*,*,エホバ,エホバ,エホバ
は	助詞,係助詞,*,*,*,*,は,ハ,ワ
その	連体詞,*,*,*,*,*,その,ソノ,ソノ
陣営	名詞,一般,*,*,*,*,陣営,ジンエイ,ジンエイ
の	助詞,格助詞,一般,*,*,*,の,ノ,ノ
至る	動詞,自立,*,*,五段・ラ行,基本形,至る,イタル,イタル
所	名詞,非自立,副詞可能,*,*,*,所,トコロ,トコロ
で	助詞,格助詞,一般,*,*,*,で,デ,デ
それぞれ	名詞,副詞可能,*,*,*,*,それぞれ,ソレゾレ,ソレゾレ
の	助詞,連体化,*,*,*,*,の,ノ,ノ
剣	名詞,一般,*,*,*,*,剣,ケン,ケン
が	助詞,格助詞,一般,*,*,*,が,ガ,ガ
互いに	副詞,一般,*,*,*,*,互いに,タガイニ,タガイニ
向かい合う	動詞,自立,*,*,五段・ワ行促音便,基本形,向かい合う,ムカイアウ,ムカイアウ
よう	名詞,非自立,助動詞語幹,*,*,*,よう,ヨウ,ヨー
に	助詞,格助詞,一般,*,*,*,に,ニ,ニ
さ	動詞,自立,*,*,サ変・スル,未然レル接続,する,サ,サ
れ	動詞,接尾,*,*,一段,連用形,れる,レ,レ
た	助動詞,*,*,*,特殊・タ,基本形,た,タ,タ
。	記号,句点,*,*,*,*,。,。,。
その	連体詞,*,*,*,*,*,その,ソノ,ソノ
ため	名詞,非自立,副詞可能,*,*,*,ため,タメ,タメ
その	連体詞,*,*,*,*,*,その,ソノ,ソノ
陣営	名詞,一般,*,*,*,*,陣営,ジンエイ,ジンエイ
の	助詞,連体化,*,*,*,*,の,ノ,ノ
者	名詞,一般,*,*,*,*,者,モノ,モノ
たち	名詞,接尾,一般,*,*,*,たち,タチ,タチ
は	助詞,係助詞,*,*,*,*,は,ハ,ワ
ベト	名詞,固有名詞,人名,名,*,*,ベト,ベト,ベト
･	名詞,サ変接続,*,*,*,*,*
シタ	名詞,一般,*,*,*,*,*
まで	助詞,副助詞,*,*,*,*,まで,マデ,マデ
，	記号,読点,*,*,*,*,，,，,，
さらに	副詞,助詞類接続,*,*,*,*,さらに,サラニ,サラニ
ツェレラ	名詞,一般,*,*,*,*,*
，	記号,読点,*,*,*,*,，,，,，
また	接続詞,*,*,*,*,*,また,マタ,マタ
タバト	名詞,一般,*,*,*,*,*
に	助詞,格助詞,一般,*,*,*,に,ニ,ニ
近い	形容詞,自立,*,*,形容詞・アウオ段,基本形,近い,チカイ,チカイ
アベル	名詞,固有名詞,人名,姓,*,*,アベル,アベル,アベル
･	名詞,サ変接続,*,*,*,*,*
メホラ	名詞,一般,*,*,*,*,*
の	助詞,連体化,*,*,*,*,の,ノ,ノ
外れ	名詞,一般,*,*,*,*,外れ,ハズレ,ハズレ
に	助詞,格助詞,一般,*,*,*,に,ニ,ニ
まで	助詞,副助詞,*,*,*,*,まで,マデ,マデ
逃げ	動詞,自立,*,*,一段,連用形,逃げる,ニゲ,ニゲ
て	助詞,接続助詞,*,*,*,*,て,テ,テ
行っ	動詞,非自立,*,*,五段・カ行促音便,連用タ接続,行く,イッ,イッ
た	助動詞,*,*,*,特殊・タ,基本形,た,タ,タ
。	記号,句点,*,*,*,*,。,。,。
そう	副詞,助詞類接続,*,*,*,*,そう,ソウ,ソー
し	動詞,自立,*,*,サ変・スル,連用形,する,シ,シ
て	助詞,接続助詞,*,*,*,*,て,テ,テ
いる	動詞,非自立,*,*,一段,基本形,いる,イル,イル
間	名詞,一般,*,*,*,*,間,マ,マ
に	助詞,格助詞,一般,*,*,*,に,ニ,ニ
イスラエル	名詞,固有名詞,地域,国,*,*,イスラエル,イスラエル,イスラエル
の	助詞,連体化,*,*,*,*,の,ノ,ノ
人々	名詞,一般,*,*,*,*,人々,ヒトビト,ヒトビト
が	助詞,格助詞,一般,*,*,*,が,ガ,ガ
ナフタリ	名詞,一般,*,*,*,*,*
と	助詞,並立助詞,*,*,*,*,と,ト,ト
アシェル	名詞,一般,*,*,*,*,*
および	接続詞,*,*,*,*,*,および,オヨビ,オヨビ
全	接頭詞,名詞接続,*,*,*,*,全,ゼン,ゼン
マナセ	名詞,一般,*,*,*,*,*
から	助詞,格助詞,一般,*,*,*,から,カラ,カラ
呼び	動詞,自立,*,*,五段・バ行,連用形,呼ぶ,ヨビ,ヨビ
集め	動詞,自立,*,*,一段,未然形,集める,アツメ,アツメ
られ	動詞,接尾,*,*,一段,連用形,られる,ラレ,ラレ
，	記号,読点,*,*,*,*,，,，,，
それら	名詞,代名詞,一般,*,*,*,それら,ソレラ,ソレラ
の	助詞,連体化,*,*,*,*,の,ノ,ノ
者	名詞,一般,*,*,*,*,者,モノ,モノ
たち	名詞,接尾,一般,*,*,*,たち,タチ,タチ
も	助詞,係助詞,*,*,*,*,も,モ,モ
ミディアン	名詞,一般,*,*,*,*,*
を	助詞,格助詞,一般,*,*,*,を,ヲ,ヲ
追撃	名詞,サ変接続,*,*,*,*,追撃,ツイゲキ,ツイゲキ
し	動詞,自立,*,*,サ変・スル,連用形,する,シ,シ
て	助詞,接続助詞,*,*,*,*,て,テ,テ
行っ	動詞,非自立,*,*,五段・カ行促音便,連用タ接続,行く,イッ,イッ
た	助動詞,*,*,*,特殊・タ,基本形,た,タ,タ
。	記号,句点,*,*,*,*,。,。,。
さらに	副詞,助詞類接続,*,*,*,*,さらに,サラニ,サラニ
ギデオン	名詞,一般,*,*,*,*,*
は	助詞,係助詞,*,*,*,*,は,ハ,ワ
エフライム	名詞,一般,*,*,*,*,*
の	助詞,連体化,*,*,*,*,の,ノ,ノ
山地	名詞,一般,*,*,*,*,山地,サンチ,サンチ
全域	名詞,一般,*,*,*,*,全域,ゼンイキ,ゼンイキ
に	助詞,格助詞,一般,*,*,*,に,ニ,ニ
使者	名詞,一般,*,*,*,*,使者,シシャ,シシャ
を	助詞,格助詞,一般,*,*,*,を,ヲ,ヲ
送っ	動詞,自立,*,*,五段・ラ行,連用タ接続,送る,オクッ,オクッ
て	助詞,接続助詞,*,*,*,*,て,テ,テ
こう	副詞,助詞類接続,*,*,*,*,こう,コウ,コー
言っ	動詞,自立,*,*,五段・ワ行促音便,連用タ接続,言う,イッ,イッ
た	助動詞,*,*,*,特殊・タ,基本形,た,タ,タ
。	記号,句点,*,*,*,*,。,。,。
「	記号,括弧開,*,*,*,*,「,「,「
下っ	動詞,自立,*,*,五段・ラ行,連用タ接続,下る,クダッ,クダッ
て	助詞,接続助詞,*,*,*,*,て,テ,テ
行っ	動詞,非自立,*,*,五段・カ行促音便,連用タ接続,行く,イッ,イッ
て	助詞,接続助詞,*,*,*,*,て,テ,テ
ミディアン	名詞,一般,*,*,*,*,*
を	助詞,格助詞,一般,*,*,*,を,ヲ,ヲ
迎え	動詞,自立,*,*,一段,連用形,迎える,ムカエ,ムカエ
，	記号,読点,*,*,*,*,，,，,，
彼ら	名詞,代名詞,一般,*,*,*,彼ら,カレラ,カレラ
より	助詞,格助詞,一般,*,*,*,より,ヨリ,ヨリ
先	名詞,一般,*,*,*,*,先,サキ,サキ
に	助詞,格助詞,一般,*,*,*,に,ニ,ニ
水	名詞,一般,*,*,*,*,水,ミズ,ミズ
場	名詞,接尾,一般,*,*,*,場,ジョウ,ジョー
を	助詞,格助詞,一般,*,*,*,を,ヲ,ヲ
ベト	名詞,固有名詞,人名,名,*,*,ベト,ベト,ベト
･	名詞,サ変接続,*,*,*,*,*
バラ	名詞,一般,*,*,*,*,バラ,バラ,バラ
まで	助詞,副助詞,*,*,*,*,まで,マデ,マデ
，	記号,読点,*,*,*,*,，,，,，
そして	接続詞,*,*,*,*,*,そして,ソシテ,ソシテ
ヨルダン	名詞,固有名詞,地域,国,*,*,ヨルダン,ヨルダン,ヨルダン
を	助詞,格助詞,一般,*,*,*,を,ヲ,ヲ
攻略	名詞,サ変接続,*,*,*,*,攻略,コウリャク,コーリャク
し	動詞,自立,*,*,サ変・スル,連用形,する,シ,シ
て	助詞,接続助詞,*,*,*,*,て,テ,テ
ください	動詞,非自立,*,*,五段・ラ行特殊,命令ｉ,くださる,クダサイ,クダサイ
」	記号,括弧閉,*,*,*,*,」,」,」
。	記号,句点,*,*,*,*,。,。,。
それで	接続詞,*,*,*,*,*,それで,ソレデ,ソレデ
エフライム	名詞,一般,*,*,*,*,*
の	助詞,連体化,*,*,*,*,の,ノ,ノ
すべて	名詞,副詞可能,*,*,*,*,すべて,スベテ,スベテ
の	助詞,連体化,*,*,*,*,の,ノ,ノ
人々	名詞,一般,*,*,*,*,人々,ヒトビト,ヒトビト
が	助詞,格助詞,一般,*,*,*,が,ガ,ガ
呼び	動詞,自立,*,*,五段・バ行,連用形,呼ぶ,ヨビ,ヨビ
集め	動詞,自立,*,*,一段,未然形,集める,アツメ,アツメ
られ	動詞,接尾,*,*,一段,連用形,られる,ラレ,ラレ
，	記号,読点,*,*,*,*,，,，,，
その	連体詞,*,*,*,*,*,その,ソノ,ソノ
者	名詞,一般,*,*,*,*,者,モノ,モノ
たち	名詞,接尾,一般,*,*,*,たち,タチ,タチ
は	助詞,係助詞,*,*,*,*,は,ハ,ワ
水	名詞,一般,*,*,*,*,水,ミズ,ミズ
場	名詞,接尾,一般,*,*,*,場,ジョウ,ジョー
を	助詞,格助詞,一般,*,*,*,を,ヲ,ヲ
ベト	名詞,固有名詞,人名,名,*,*,ベト,ベト,ベト
･	名詞,サ変接続,*,*,*,*,*
バラ	名詞,一般,*,*,*,*,バラ,バラ,バラ
まで	助詞,副助詞,*,*,*,*,まで,マデ,マデ
，	記号,読点,*,*,*,*,，,，,，
そして	接続詞,*,*,*,*,*,そして,ソシテ,ソシテ
ヨルダン	名詞,固有名詞,地域,国,*,*,ヨルダン,ヨルダン,ヨルダン
を	助詞,格助詞,一般,*,*,*,を,ヲ,ヲ
攻略	名詞,サ変接続,*,*,*,*,攻略,コウリャク,コーリャク
し	動詞,自立,*,*,サ変・スル,連用形,する,シ,シ
た	助動詞,*,*,*,特殊・タ,基本形,た,タ,タ
。	記号,句点,*,*,*,*,。,。,。
彼ら	名詞,代名詞,一般,*,*,*,彼ら,カレラ,カレラ
は	助詞,係助詞,*,*,*,*,は,ハ,ワ
また	接続詞,*,*,*,*,*,また,マタ,マタ
，	記号,読点,*,*,*,*,，,，,，
ミディアン	名詞,一般,*,*,*,*,*
の	助詞,連体化,*,*,*,*,の,ノ,ノ
二	名詞,数,*,*,*,*,二,ニ,ニ
人	名詞,接尾,助数詞,*,*,*,人,ニン,ニン
の	助詞,連体化,*,*,*,*,の,ノ,ノ
君	名詞,代名詞,一般,*,*,*,君,キミ,キミ
，	記号,読点,*,*,*,*,，,，,，
すなわち	接続詞,*,*,*,*,*,すなわち,スナワチ,スナワチ
オレブ	名詞,一般,*,*,*,*,*
と	助詞,並立助詞,*,*,*,*,と,ト,ト
ゼエブ	名詞,一般,*,*,*,*,*
を	助詞,格助詞,一般,*,*,*,を,ヲ,ヲ
とりこ	名詞,一般,*,*,*,*,とりこ,トリコ,トリコ
に	助詞,格助詞,一般,*,*,*,に,ニ,ニ
し	動詞,自立,*,*,サ変・スル,連用形,する,シ,シ
た	助動詞,*,*,*,特殊・タ,基本形,た,タ,タ
。	記号,句点,*,*,*,*,。,。,。
そして	接続詞,*,*,*,*,*,そして,ソシテ,ソシテ
，	記号,読点,*,*,*,*,，,，,，
オレブ	名詞,一般,*,*,*,*,*
を	助詞,格助詞,一般,*,*,*,を,ヲ,ヲ
オレブ	名詞,一般,*,*,*,*,*
の	助詞,連体化,*,*,*,*,の,ノ,ノ
岩	名詞,一般,*,*,*,*,岩,イワ,イワ
の	助詞,連体化,*,*,*,*,の,ノ,ノ
上	名詞,非自立,副詞可能,*,*,*,上,ウエ,ウエ
で	助詞,格助詞,一般,*,*,*,で,デ,デ
殺し	動詞,自立,*,*,五段・サ行,連用形,殺す,コロシ,コロシ
，	記号,読点,*,*,*,*,，,，,，
また	接続詞,*,*,*,*,*,また,マタ,マタ
ゼエブ	名詞,一般,*,*,*,*,*
を	助詞,格助詞,一般,*,*,*,を,ヲ,ヲ
ゼエブ	名詞,一般,*,*,*,*,*
の	助詞,連体化,*,*,*,*,の,ノ,ノ
酒	名詞,一般,*,*,*,*,酒,サケ,サケ
おけ	動詞,自立,*,*,一段,連用形,おける,オケ,オケ
の	助詞,連体化,*,*,*,*,の,ノ,ノ
ところ	名詞,非自立,副詞可能,*,*,*,ところ,トコロ,トコロ
で	助詞,格助詞,一般,*,*,*,で,デ,デ
殺し	動詞,自立,*,*,五段・サ行,連用形,殺す,コロシ,コロシ
た	助動詞,*,*,*,特殊・タ,基本形,た,タ,タ
。	記号,句点,*,*,*,*,。,。,。
彼ら	名詞,代名詞,一般,*,*,*,彼ら,カレラ,カレラ
は	助詞,係助詞,*,*,*,*,は,ハ,ワ
ミディアン	名詞,一般,*,*,*,*,*
を	助詞,格助詞,一般,*,*,*,を,ヲ,ヲ
なおも	副詞,一般,*,*,*,*,なおも,ナオモ,ナオモ
追跡	名詞,サ変接続,*,*,*,*,追跡,ツイセキ,ツイセキ
し	動詞,自立,*,*,サ変・スル,連用形,する,シ,シ
て	助詞,接続助詞,*,*,*,*,て,テ,テ
行き	動詞,非自立,*,*,五段・カ行促音便,連用形,行く,イキ,イキ
，	記号,読点,*,*,*,*,，,，,，
また	接続詞,*,*,*,*,*,また,マタ,マタ
オレブ	名詞,一般,*,*,*,*,*
と	助詞,並立助詞,*,*,*,*,と,ト,ト
ゼエブ	名詞,一般,*,*,*,*,*
の	助詞,連体化,*,*,*,*,の,ノ,ノ
首	名詞,一般,*,*,*,*,首,クビ,クビ
を	助詞,格助詞,一般,*,*,*,を,ヲ,ヲ
ヨルダン	名詞,固有名詞,地域,国,*,*,ヨルダン,ヨルダン,ヨルダン
地方	名詞,一般,*,*,*,*,地方,チホウ,チホー
に	助詞,格助詞,一般,*,*,*,に,ニ,ニ
い	動詞,自立,*,*,一段,連用形,いる,イ,イ
た	助動詞,*,*,*,特殊・タ,基本形,た,タ,タ
ギデオン	名詞,一般,*,*,*,*,*
の	助詞,連体化,*,*,*,*,の,ノ,ノ
ところ	名詞,非自立,副詞可能,*,*,*,ところ,トコロ,トコロ
へ	助詞,格助詞,一般,*,*,*,へ,ヘ,エ
携え	動詞,自立,*,*,一段,連用形,携える,タズサエ,タズサエ
て	助詞,接続助詞,*,*,*,*,て,テ,テ
来	動詞,非自立,*,*,カ変・来ル,連用形,来る,キ,キ
た	助動詞,*,*,*,特殊・タ,基本形,た,タ,タ
。	記号,句点,*,*,*,*,。,。,。
EOS
