また	接続詞,*,*,*,*,*,また,マタ,マタ
その	連体詞,*,*,*,*,*,その,ソノ,ソノ
日	名詞,非自立,副詞可能,*,*,*,日,ヒ,ヒ
，	記号,読点,*,*,*,*,，,，,，
デボラ	名詞,一般,*,*,*,*,*
は	助詞,係助詞,*,*,*,*,は,ハ,ワ
アビノアム	名詞,一般,*,*,*,*,*
の	助詞,連体化,*,*,*,*,の,ノ,ノ
子	接頭詞,名詞接続,*,*,*,*,子,コ,コ
バラク	名詞,一般,*,*,*,*,*
と	助詞,格助詞,一般,*,*,*,と,ト,ト
一緒	名詞,サ変接続,*,*,*,*,一緒,イッショ,イッショ
に	助詞,格助詞,一般,*,*,*,に,ニ,ニ
歌い	動詞,自立,*,*,五段・ワ行促音便,連用形,歌う,ウタイ,ウタイ
だし	動詞,非自立,*,*,五段・サ行,連用形,だす,ダシ,ダシ
て	助詞,接続助詞,*,*,*,*,て,テ,テ
こう	副詞,助詞類接続,*,*,*,*,こう,コウ,コー
言っ	動詞,自立,*,*,五段・ワ行促音便,連用タ接続,言う,イッ,イッ
た	助動詞,*,*,*,特殊・タ,基本形,た,タ,タ
。	記号,句点,*,*,*,*,。,。,。
 	記号,一般,*,*,*,*,*
「[	名詞,サ変接続,*,*,*,*,*
戦い	名詞,一般,*,*,*,*,戦い,タタカイ,タタカイ
の	助詞,連体化,*,*,*,*,の,ノ,ノ
ため	名詞,非自立,副詞可能,*,*,*,ため,タメ,タメ
に	助詞,格助詞,一般,*,*,*,に,ニ,ニ
]	名詞,サ変接続,*,*,*,*,*
イスラエル	名詞,固有名詞,地域,国,*,*,イスラエル,イスラエル,イスラエル
において	助詞,格助詞,連語,*,*,*,において,ニオイテ,ニオイテ
髪	名詞,一般,*,*,*,*,髪,カミ,カミ
を	助詞,格助詞,一般,*,*,*,を,ヲ,ヲ
垂らし	動詞,自立,*,*,五段・サ行,連用形,垂らす,タラシ,タラシ
た	助動詞,*,*,*,特殊・タ,基本形,た,タ,タ
こと	名詞,非自立,一般,*,*,*,こと,コト,コト
の	助詞,連体化,*,*,*,*,の,ノ,ノ
ゆえ	名詞,非自立,副詞可能,*,*,*,ゆえ,ユエ,ユエ
，	記号,読点,*,*,*,*,，,，,，
 	記号,一般,*,*,*,*,*
王	名詞,一般,*,*,*,*,王,オウ,オー
たち	名詞,接尾,一般,*,*,*,たち,タチ,タチ
よ	助詞,終助詞,*,*,*,*,よ,ヨ,ヨ
，	記号,読点,*,*,*,*,，,，,，
聴け	動詞,自立,*,*,五段・カ行イ音便,命令ｅ,聴く,キケ,キケ
。	記号,句点,*,*,*,*,。,。,。
高官	名詞,一般,*,*,*,*,高官,コウカン,コーカン
たち	名詞,接尾,一般,*,*,*,たち,タチ,タチ
よ	助詞,終助詞,*,*,*,*,よ,ヨ,ヨ
，	記号,読点,*,*,*,*,，,，,，
耳	名詞,一般,*,*,*,*,耳,ミミ,ミミ
を	助詞,格助詞,一般,*,*,*,を,ヲ,ヲ
向け	動詞,自立,*,*,一段,連用形,向ける,ムケ,ムケ
よ	助詞,終助詞,*,*,*,*,よ,ヨ,ヨ
。	記号,句点,*,*,*,*,。,。,。
 	記号,一般,*,*,*,*,*
エホバ	名詞,一般,*,*,*,*,エホバ,エホバ,エホバ
よ	助詞,終助詞,*,*,*,*,よ,ヨ,ヨ
，	記号,読点,*,*,*,*,，,，,，
あなた	名詞,代名詞,一般,*,*,*,あなた,アナタ,アナタ
が	助詞,格助詞,一般,*,*,*,が,ガ,ガ
セイル	名詞,一般,*,*,*,*,*
から	助詞,格助詞,一般,*,*,*,から,カラ,カラ
進み出	動詞,自立,*,*,一段,連用形,進み出る,ススミデ,ススミデ
，	記号,読点,*,*,*,*,，,，,，
 	記号,一般,*,*,*,*,*
山々	名詞,一般,*,*,*,*,山々,ヤマヤマ,ヤマヤマ
は	助詞,係助詞,*,*,*,*,は,ハ,ワ
エホバ	名詞,一般,*,*,*,*,エホバ,エホバ,エホバ
のみ	助詞,副助詞,*,*,*,*,のみ,ノミ,ノミ
顔	名詞,一般,*,*,*,*,顔,カオ,カオ
から	助詞,格助詞,一般,*,*,*,から,カラ,カラ
流れ	動詞,自立,*,*,一段,連用形,流れる,ナガレ,ナガレ
去り	動詞,自立,*,*,五段・ラ行,連用形,去る,サリ,サリ
，	記号,読点,*,*,*,*,，,，,，
 	記号,一般,*,*,*,*,*
アナト	名詞,一般,*,*,*,*,*
の	助詞,連体化,*,*,*,*,の,ノ,ノ
子	接頭詞,名詞接続,*,*,*,*,子,コ,コ
シャムガル	名詞,一般,*,*,*,*,*
の	助詞,連体化,*,*,*,*,の,ノ,ノ
日	名詞,非自立,副詞可能,*,*,*,日,ヒ,ヒ
に	助詞,格助詞,一般,*,*,*,に,ニ,ニ
，	記号,読点,*,*,*,*,，,，,，
 	記号,一般,*,*,*,*,*
広野	名詞,一般,*,*,*,*,広野,コウヤ,コーヤ
に	助詞,格助詞,一般,*,*,*,に,ニ,ニ
住む	動詞,自立,*,*,五段・マ行,基本形,住む,スム,スム
者	名詞,非自立,一般,*,*,*,者,モノ,モノ
は	助詞,係助詞,*,*,*,*,は,ハ,ワ
絶え	動詞,自立,*,*,一段,連用形,絶える,タエ,タエ
，	記号,読点,*,*,*,*,，,，,，
イスラエル	名詞,固有名詞,地域,国,*,*,イスラエル,イスラエル,イスラエル
において	助詞,格助詞,連語,*,*,*,において,ニオイテ,ニオイテ
それ	名詞,代名詞,一般,*,*,*,それ,ソレ,ソレ
は	助詞,係助詞,*,*,*,*,は,ハ,ワ
絶え	動詞,自立,*,*,一段,連用形,絶える,タエ,タエ
た	助動詞,*,*,*,特殊・タ,基本形,た,タ,タ
。	記号,句点,*,*,*,*,。,。,。
 	記号,一般,*,*,*,*,*
彼ら	名詞,代名詞,一般,*,*,*,彼ら,カレラ,カレラ
は	助詞,係助詞,*,*,*,*,は,ハ,ワ
新しい	形容詞,自立,*,*,形容詞・イ段,基本形,新しい,アタラシイ,アタラシイ
神	名詞,一般,*,*,*,*,神,カミ,カミ
々	記号,一般,*,*,*,*,々,々,々
を	助詞,格助詞,一般,*,*,*,を,ヲ,ヲ
選ぶ	動詞,自立,*,*,五段・バ行,基本形,選ぶ,エラブ,エラブ
よう	名詞,非自立,助動詞語幹,*,*,*,よう,ヨウ,ヨー
に	助詞,格助詞,一般,*,*,*,に,ニ,ニ
なっ	動詞,自立,*,*,五段・ラ行,連用タ接続,なる,ナッ,ナッ
た	助動詞,*,*,*,特殊・タ,基本形,た,タ,タ
。	記号,句点,*,*,*,*,。,。,。
 	記号,一般,*,*,*,*,*
わたし	名詞,代名詞,一般,*,*,*,わたし,ワタシ,ワタシ
の	助詞,連体化,*,*,*,*,の,ノ,ノ
心	名詞,一般,*,*,*,*,心,ココロ,ココロ
は	助詞,係助詞,*,*,*,*,は,ハ,ワ
イスラエル	名詞,固有名詞,地域,国,*,*,イスラエル,イスラエル,イスラエル
の	助詞,連体化,*,*,*,*,の,ノ,ノ
司令	名詞,サ変接続,*,*,*,*,司令,シレイ,シレイ
者	名詞,接尾,一般,*,*,*,者,シャ,シャ
たち	名詞,接尾,一般,*,*,*,たち,タチ,タチ
と共に	助詞,格助詞,連語,*,*,*,と共に,トトモニ,トトモニ
ある	動詞,自立,*,*,五段・ラ行,基本形,ある,アル,アル
。	記号,句点,*,*,*,*,。,。,。
黄	名詞,一般,*,*,*,*,黄,キ,キ
赤	名詞,一般,*,*,*,*,赤,アカ,アカ
の	助詞,連体化,*,*,*,*,の,ノ,ノ
雌	名詞,一般,*,*,*,*,雌,メス,メス
ろば	名詞,一般,*,*,*,*,ろば,ロバ,ロバ
に	助詞,格助詞,一般,*,*,*,に,ニ,ニ
乗る	動詞,自立,*,*,五段・ラ行,基本形,乗る,ノル,ノル
者	名詞,非自立,一般,*,*,*,者,モノ,モノ
たち	動詞,自立,*,*,五段・タ行,連用形,たつ,タチ,タチ
，	記号,読点,*,*,*,*,，,，,，
水	名詞,一般,*,*,*,*,水,ミズ,ミズ
くみ	名詞,接尾,一般,*,*,*,くみ,クミ,クミ
場	名詞,接尾,一般,*,*,*,場,ジョウ,ジョー
で	助詞,格助詞,一般,*,*,*,で,デ,デ
水	名詞,一般,*,*,*,*,水,ミズ,ミズ
を	助詞,格助詞,一般,*,*,*,を,ヲ,ヲ
配る	動詞,自立,*,*,五段・ラ行,基本形,配る,クバル,クバル
者	名詞,一般,*,*,*,*,者,モノ,モノ
たち	名詞,接尾,一般,*,*,*,たち,タチ,タチ
の	助詞,連体化,*,*,*,*,の,ノ,ノ
幾ら	名詞,一般,*,*,*,*,幾ら,イクラ,イクラ
か	助詞,副助詞／並立助詞／終助詞,*,*,*,*,か,カ,カ
の	助詞,連体化,*,*,*,*,の,ノ,ノ
声	名詞,一般,*,*,*,*,声,コエ,コエ
，	記号,読点,*,*,*,*,，,，,，
覚めよ	動詞,自立,*,*,一段,命令ｙｏ,覚める,サメヨ,サメヨ
，	記号,読点,*,*,*,*,，,，,，
覚めよ	動詞,自立,*,*,一段,命令ｙｏ,覚める,サメヨ,サメヨ
，	記号,読点,*,*,*,*,，,，,，
おお	感動詞,*,*,*,*,*,おお,オオ,オー
デ	助詞,格助詞,一般,*,*,*,デ,デ,デ
ボラ	名詞,一般,*,*,*,*,ボラ,ボラ,ボラ
。	記号,句点,*,*,*,*,。,。,。
その	連体詞,*,*,*,*,*,その,ソノ,ソノ
時	名詞,非自立,副詞可能,*,*,*,時,トキ,トキ
に	助詞,格助詞,一般,*,*,*,に,ニ,ニ
，	記号,読点,*,*,*,*,，,，,，
生き残っ	動詞,自立,*,*,五段・ラ行,連用タ接続,生き残る,イキノコッ,イキノコッ
た	助動詞,*,*,*,特殊・タ,基本形,た,タ,タ
者	名詞,一般,*,*,*,*,者,モノ,モノ
たち	名詞,接尾,一般,*,*,*,たち,タチ,タチ
は	助詞,係助詞,*,*,*,*,は,ハ,ワ
威光	名詞,一般,*,*,*,*,威光,イコウ,イコー
ある	動詞,自立,*,*,五段・ラ行,基本形,ある,アル,アル
者	名詞,一般,*,*,*,*,者,モノ,モノ
たち	名詞,接尾,一般,*,*,*,たち,タチ,タチ
の	助詞,連体化,*,*,*,*,の,ノ,ノ
ところ	名詞,非自立,副詞可能,*,*,*,ところ,トコロ,トコロ
に	助詞,格助詞,一般,*,*,*,に,ニ,ニ
下っ	動詞,自立,*,*,五段・ラ行,連用タ接続,下る,クダッ,クダッ
た	助動詞,*,*,*,特殊・タ,基本形,た,タ,タ
。	記号,句点,*,*,*,*,。,。,。
彼ら	名詞,代名詞,一般,*,*,*,彼ら,カレラ,カレラ
の	助詞,連体化,*,*,*,*,の,ノ,ノ
出身	名詞,一般,*,*,*,*,出身,シュッシン,シュッシン
は	助詞,係助詞,*,*,*,*,は,ハ,ワ
エフライム	名詞,一般,*,*,*,*,*
，	記号,読点,*,*,*,*,，,，,，
その	連体詞,*,*,*,*,*,その,ソノ,ソノ
低地	名詞,一般,*,*,*,*,低地,テイチ,テイチ
平原	名詞,一般,*,*,*,*,平原,ヘイゲン,ヘイゲン
から	助詞,格助詞,一般,*,*,*,から,カラ,カラ
。	記号,句点,*,*,*,*,。,。,。
また	接続詞,*,*,*,*,*,また,マタ,マタ
イッサカル	名詞,一般,*,*,*,*,*
の	助詞,連体化,*,*,*,*,の,ノ,ノ
君たち	名詞,代名詞,一般,*,*,*,君たち,キミタチ,キミタチ
は	助詞,係助詞,*,*,*,*,は,ハ,ワ
デボラ	名詞,固有名詞,組織,*,*,*,*
と共に	助詞,格助詞,連語,*,*,*,と共に,トトモニ,トトモニ
おり	動詞,非自立,*,*,五段・ラ行,連用形,おる,オリ,オリ
，	記号,読点,*,*,*,*,，,，,，
なぜ	副詞,助詞類接続,*,*,*,*,なぜ,ナゼ,ナゼ
あなた	名詞,代名詞,一般,*,*,*,あなた,アナタ,アナタ
は	助詞,係助詞,*,*,*,*,は,ハ,ワ
二つ	名詞,一般,*,*,*,*,二つ,フタツ,フタツ
の	助詞,連体化,*,*,*,*,の,ノ,ノ
鞍	名詞,一般,*,*,*,*,鞍,クラ,クラ
袋	名詞,接尾,一般,*,*,*,袋,ブクロ,ブクロ
の	助詞,連体化,*,*,*,*,の,ノ,ノ
間	名詞,一般,*,*,*,*,間,マ,マ
に	助詞,格助詞,一般,*,*,*,に,ニ,ニ
座り	動詞,自立,*,*,五段・ラ行,連用形,座る,スワリ,スワリ
，	記号,読点,*,*,*,*,，,，,，
ギレアデ	名詞,一般,*,*,*,*,*
は	助詞,係助詞,*,*,*,*,は,ハ,ワ
ヨルダン	名詞,固有名詞,地域,国,*,*,ヨルダン,ヨルダン,ヨルダン
の	助詞,連体化,*,*,*,*,の,ノ,ノ
向こう	名詞,一般,*,*,*,*,向こう,ムコウ,ムコー
で	助詞,格助詞,一般,*,*,*,で,デ,デ
自分	名詞,一般,*,*,*,*,自分,ジブン,ジブン
の	助詞,連体化,*,*,*,*,の,ノ,ノ
住まい	名詞,一般,*,*,*,*,住まい,スマイ,スマイ
に	助詞,格助詞,一般,*,*,*,に,ニ,ニ
とどまっ	動詞,自立,*,*,五段・ラ行,連用タ接続,とどまる,トドマッ,トドマッ
て	助詞,接続助詞,*,*,*,*,て,テ,テ
い	動詞,非自立,*,*,一段,連用形,いる,イ,イ
た	助動詞,*,*,*,特殊・タ,基本形,た,タ,タ
。	記号,句点,*,*,*,*,。,。,。
ゼブルン	名詞,一般,*,*,*,*,*
は	助詞,係助詞,*,*,*,*,は,ハ,ワ
死	名詞,一般,*,*,*,*,死,シ,シ
に	助詞,格助詞,一般,*,*,*,に,ニ,ニ
至る	動詞,自立,*,*,五段・ラ行,基本形,至る,イタル,イタル
まで	助詞,副助詞,*,*,*,*,まで,マデ,マデ
も	助詞,係助詞,*,*,*,*,も,モ,モ
自分	名詞,一般,*,*,*,*,自分,ジブン,ジブン
の	助詞,連体化,*,*,*,*,の,ノ,ノ
魂	名詞,一般,*,*,*,*,魂,タマシイ,タマシー
を	助詞,格助詞,一般,*,*,*,を,ヲ,ヲ
軽	形容詞,自立,*,*,形容詞・アウオ段,ガル接続,軽い,カル,カル
ん	名詞,非自立,一般,*,*,*,ん,ン,ン
じ	助動詞,*,*,*,不変化型,基本形,じ,ジ,ジ
た	助動詞,*,*,*,特殊・タ,基本形,た,タ,タ
民	名詞,一般,*,*,*,*,民,ミン,ミン
。	記号,句点,*,*,*,*,。,。,。
王	名詞,一般,*,*,*,*,王,オウ,オー
たち	名詞,接尾,一般,*,*,*,たち,タチ,タチ
は	助詞,係助詞,*,*,*,*,は,ハ,ワ
来	動詞,自立,*,*,カ変・来ル,連用形,来る,キ,キ
て	助詞,接続助詞,*,*,*,*,て,テ,テ
戦っ	動詞,自立,*,*,五段・ワ行促音便,連用タ接続,戦う,タタカッ,タタカッ
た	助動詞,*,*,*,特殊・タ,基本形,た,タ,タ
。	記号,句点,*,*,*,*,。,。,。
天	名詞,一般,*,*,*,*,天,テン,テン
から	助詞,格助詞,一般,*,*,*,から,カラ,カラ
星	名詞,一般,*,*,*,*,星,ホシ,ホシ
が	助詞,格助詞,一般,*,*,*,が,ガ,ガ
戦い	名詞,一般,*,*,*,*,戦い,タタカイ,タタカイ
，	記号,読点,*,*,*,*,，,，,，
キショ	形容詞,自立,*,*,形容詞・アウオ段,ガル接続,キショい,キショ,キショ
ン	名詞,非自立,一般,*,*,*,ン,ン,ン
の	助詞,連体化,*,*,*,*,の,ノ,ノ
奔流	名詞,一般,*,*,*,*,奔流,ホンリュウ,ホンリュー
が	助詞,格助詞,一般,*,*,*,が,ガ,ガ
彼ら	名詞,代名詞,一般,*,*,*,彼ら,カレラ,カレラ
を	助詞,格助詞,一般,*,*,*,を,ヲ,ヲ
洗い	動詞,自立,*,*,五段・ワ行促音便,連用形,洗う,アライ,アライ
去っ	動詞,自立,*,*,五段・ラ行,連用タ接続,去る,サッ,サッ
た	助動詞,*,*,*,特殊・タ,基本形,た,タ,タ
。	記号,句点,*,*,*,*,。,。,。
その	連体詞,*,*,*,*,*,その,ソノ,ソノ
時	名詞,非自立,副詞可能,*,*,*,時,トキ,トキ
に	助詞,格助詞,一般,*,*,*,に,ニ,ニ
馬	名詞,一般,*,*,*,*,馬,ウマ,ウマ
の	助詞,連体化,*,*,*,*,の,ノ,ノ
ひ	動詞,自立,*,*,一段,連用形,ひる,ヒ,ヒ
づめは	名詞,一般,*,*,*,*,*
[	名詞,サ変接続,*,*,*,*,*
地	名詞,接尾,一般,*,*,*,地,チ,チ
を	助詞,格助詞,一般,*,*,*,を,ヲ,ヲ
]	名詞,サ変接続,*,*,*,*,*
かい	動詞,自立,*,*,五段・カ行イ音便,連用タ接続,かく,カイ,カイ
た	助動詞,*,*,*,特殊・タ,基本形,た,タ,タ
。	記号,句点,*,*,*,*,。,。,。
『	記号,括弧開,*,*,*,*,『,『,『
メロズ	名詞,一般,*,*,*,*,*
を	助詞,格助詞,一般,*,*,*,を,ヲ,ヲ
のろえ	動詞,自立,*,*,五段・ワ行促音便,命令ｅ,のろう,ノロエ,ノロエ
』	記号,括弧閉,*,*,*,*,』,』,』
と	助詞,格助詞,引用,*,*,*,と,ト,ト
エホバ	名詞,一般,*,*,*,*,エホバ,エホバ,エホバ
の	助詞,連体化,*,*,*,*,の,ノ,ノ
使い	名詞,一般,*,*,*,*,使い,ツカイ,ツカイ
は	助詞,係助詞,*,*,*,*,は,ハ,ワ
言っ	動詞,自立,*,*,五段・ワ行促音便,連用タ接続,言う,イッ,イッ
た	助動詞,*,*,*,特殊・タ,基本形,た,タ,タ
，	記号,読点,*,*,*,*,，,，,，
ケニ	名詞,一般,*,*,*,*,*
人	名詞,接尾,一般,*,*,*,人,ジン,ジン
ヘ	助詞,格助詞,一般,*,*,*,ヘ,ヘ,エ
ベル	名詞,一般,*,*,*,*,ベル,ベル,ベル
の	助詞,連体化,*,*,*,*,の,ノ,ノ
妻	名詞,一般,*,*,*,*,妻,ツマ,ツマ
ヤエル	名詞,一般,*,*,*,*,*
は	助詞,係助詞,*,*,*,*,は,ハ,ワ
女	名詞,一般,*,*,*,*,女,オンナ,オンナ
の	助詞,連体化,*,*,*,*,の,ノ,ノ
うち	名詞,非自立,副詞可能,*,*,*,うち,ウチ,ウチ
最も	副詞,一般,*,*,*,*,最も,モットモ,モットモ
祝福	名詞,サ変接続,*,*,*,*,祝福,シュクフク,シュクフク
さ	動詞,自立,*,*,サ変・スル,未然レル接続,する,サ,サ
れ	動詞,接尾,*,*,一段,連用形,れる,レ,レ
た	助動詞,*,*,*,特殊・タ,基本形,た,タ,タ
者	名詞,非自立,一般,*,*,*,者,モノ,モノ
と	助詞,格助詞,一般,*,*,*,と,ト,ト
なる	動詞,自立,*,*,五段・ラ行,基本形,なる,ナル,ナル
。	記号,句点,*,*,*,*,。,。,。
彼	名詞,代名詞,一般,*,*,*,彼,カレ,カレ
は	助詞,係助詞,*,*,*,*,は,ハ,ワ
水	名詞,一般,*,*,*,*,水,ミズ,ミズ
を	助詞,格助詞,一般,*,*,*,を,ヲ,ヲ
求め	動詞,自立,*,*,一段,連用形,求める,モトメ,モトメ
，	記号,読点,*,*,*,*,，,，,，
彼女	名詞,代名詞,一般,*,*,*,彼女,カノジョ,カノジョ
は	助詞,係助詞,*,*,*,*,は,ハ,ワ
乳	名詞,一般,*,*,*,*,乳,チチ,チチ
を	助詞,格助詞,一般,*,*,*,を,ヲ,ヲ
与え	動詞,自立,*,*,一段,連用形,与える,アタエ,アタエ
た	助動詞,*,*,*,特殊・タ,基本形,た,タ,タ
。	記号,句点,*,*,*,*,。,。,。
次いで	接続詞,*,*,*,*,*,次いで,ツイデ,ツイデ
その	連体詞,*,*,*,*,*,その,ソノ,ソノ
手	名詞,一般,*,*,*,*,手,テ,テ
を	助詞,格助詞,一般,*,*,*,を,ヲ,ヲ
天幕	名詞,一般,*,*,*,*,天幕,テンマク,テンマク
の	助詞,連体化,*,*,*,*,の,ノ,ノ
留め	名詞,一般,*,*,*,*,留め,トメ,トメ
杭	名詞,一般,*,*,*,*,杭,クイ,クイ
に	助詞,格助詞,一般,*,*,*,に,ニ,ニ
突き出し	動詞,自立,*,*,五段・サ行,連用形,突き出す,ツキダシ,ツキダシ
た	助動詞,*,*,*,特殊・タ,基本形,た,タ,タ
。	記号,句点,*,*,*,*,。,。,。
彼女	名詞,代名詞,一般,*,*,*,彼女,カノジョ,カノジョ
の	助詞,連体化,*,*,*,*,の,ノ,ノ
足	名詞,一般,*,*,*,*,足,アシ,アシ
の	助詞,連体化,*,*,*,*,の,ノ,ノ
間	名詞,一般,*,*,*,*,間,マ,マ
に	助詞,格助詞,一般,*,*,*,に,ニ,ニ
彼	名詞,代名詞,一般,*,*,*,彼,カレ,カレ
は	助詞,係助詞,*,*,*,*,は,ハ,ワ
崩れ	動詞,自立,*,*,一段,連用形,崩れる,クズレ,クズレ
，	記号,読点,*,*,*,*,，,，,，
倒れ	動詞,自立,*,*,一段,連用形,倒れる,タオレ,タオレ
，	記号,読点,*,*,*,*,，,，,，
横たわっ	動詞,自立,*,*,五段・ラ行,連用タ接続,横たわる,ヨコタワッ,ヨコタワッ
た	助動詞,*,*,*,特殊・タ,基本形,た,タ,タ
。	記号,句点,*,*,*,*,。,。,。
窓	名詞,一般,*,*,*,*,窓,マド,マド
から	助詞,格助詞,一般,*,*,*,から,カラ,カラ
ひとり	名詞,一般,*,*,*,*,ひとり,ヒトリ,ヒトリ
の	助詞,連体化,*,*,*,*,の,ノ,ノ
女	名詞,一般,*,*,*,*,女,オンナ,オンナ
が	助詞,格助詞,一般,*,*,*,が,ガ,ガ
外	名詞,一般,*,*,*,*,外,ソト,ソト
を	助詞,格助詞,一般,*,*,*,を,ヲ,ヲ
見	動詞,自立,*,*,一段,連用形,見る,ミ,ミ
，	記号,読点,*,*,*,*,，,，,，
しきりに	副詞,一般,*,*,*,*,しきりに,シキリニ,シキリニ
彼	名詞,代名詞,一般,*,*,*,彼,カレ,カレ
を	助詞,格助詞,一般,*,*,*,を,ヲ,ヲ
待ちわび	動詞,自立,*,*,一段,連用形,待ちわびる,マチワビ,マチワビ
た	助動詞,*,*,*,特殊・タ,基本形,た,タ,タ
。	記号,句点,*,*,*,*,。,。,。
高貴	名詞,形容動詞語幹,*,*,*,*,高貴,コウキ,コーキ
な	助動詞,*,*,*,特殊・ダ,体言接続,だ,ナ,ナ
婦人	名詞,一般,*,*,*,*,婦人,フジン,フジン
の	助詞,連体化,*,*,*,*,の,ノ,ノ
うち	名詞,非自立,副詞可能,*,*,*,うち,ウチ,ウチ
の	助詞,連体化,*,*,*,*,の,ノ,ノ
知恵	名詞,一般,*,*,*,*,知恵,チエ,チエ
ある	動詞,自立,*,*,五段・ラ行,基本形,ある,アル,アル
者	名詞,一般,*,*,*,*,者,モノ,モノ
たち	名詞,接尾,一般,*,*,*,たち,タチ,タチ
が	助詞,格助詞,一般,*,*,*,が,ガ,ガ
彼女	名詞,代名詞,一般,*,*,*,彼女,カノジョ,カノジョ
に	助詞,格助詞,一般,*,*,*,に,ニ,ニ
答える	動詞,自立,*,*,一段,基本形,答える,コタエル,コタエル
。	記号,句点,*,*,*,*,。,。,。
『	記号,括弧開,*,*,*,*,『,『,『
彼ら	名詞,代名詞,一般,*,*,*,彼ら,カレラ,カレラ
は	助詞,係助詞,*,*,*,*,は,ハ,ワ
見つける	動詞,自立,*,*,一段,基本形,見つける,ミツケル,ミツケル
はず	名詞,非自立,一般,*,*,*,はず,ハズ,ハズ
で	助動詞,*,*,*,特殊・ダ,連用形,だ,デ,デ
は	助詞,係助詞,*,*,*,*,は,ハ,ワ
ない	助動詞,*,*,*,特殊・ナイ,基本形,ない,ナイ,ナイ
か	助詞,副助詞／並立助詞／終助詞,*,*,*,*,か,カ,カ
。	記号,句点,*,*,*,*,。,。,。
彼ら	名詞,代名詞,一般,*,*,*,彼ら,カレラ,カレラ
は	助詞,係助詞,*,*,*,*,は,ハ,ワ
分捕り	動詞,自立,*,*,五段・ラ行,連用形,分捕る,ブンドリ,ブンドリ
物	名詞,接尾,一般,*,*,*,物,ブツ,ブツ
を	助詞,格助詞,一般,*,*,*,を,ヲ,ヲ
分配	名詞,サ変接続,*,*,*,*,分配,ブンパイ,ブンパイ
する	動詞,自立,*,*,サ変・スル,基本形,する,スル,スル
はず	名詞,非自立,一般,*,*,*,はず,ハズ,ハズ
で	助動詞,*,*,*,特殊・ダ,連用形,だ,デ,デ
は	助詞,係助詞,*,*,*,*,は,ハ,ワ
ない	助動詞,*,*,*,特殊・ナイ,基本形,ない,ナイ,ナイ
か	助詞,副助詞／並立助詞／終助詞,*,*,*,*,か,カ,カ
。	記号,句点,*,*,*,*,。,。,。
エホバ	名詞,一般,*,*,*,*,エホバ,エホバ,エホバ
よ	助詞,終助詞,*,*,*,*,よ,ヨ,ヨ
，	記号,読点,*,*,*,*,，,，,，
あなた	名詞,代名詞,一般,*,*,*,あなた,アナタ,アナタ
の	助詞,連体化,*,*,*,*,の,ノ,ノ
敵	名詞,一般,*,*,*,*,敵,テキ,テキ
は	助詞,係助詞,*,*,*,*,は,ハ,ワ
皆	名詞,代名詞,一般,*,*,*,皆,ミナ,ミナ
こうして	副詞,一般,*,*,*,*,こうして,コウシテ,コーシテ
滅びる	動詞,自立,*,*,一段,基本形,滅びる,ホロビル,ホロビル
よう	名詞,非自立,助動詞語幹,*,*,*,よう,ヨウ,ヨー
に	助詞,格助詞,一般,*,*,*,に,ニ,ニ
。	記号,句点,*,*,*,*,。,。,。
EOS
