次いで	接続詞,*,*,*,*,*,次いで,ツイデ,ツイデ
レビ	名詞,固有名詞,人名,姓,*,*,レビ,レビ,レビ
人	名詞,接尾,一般,*,*,*,人,ジン,ジン
の	助詞,連体化,*,*,*,*,の,ノ,ノ
父	名詞,一般,*,*,*,*,父,チチ,チチ
の	助詞,連体化,*,*,*,*,の,ノ,ノ
頭	名詞,一般,*,*,*,*,頭,アタマ,アタマ
たち	名詞,接尾,一般,*,*,*,たち,タチ,タチ
が	助詞,格助詞,一般,*,*,*,が,ガ,ガ
，	記号,読点,*,*,*,*,，,，,，
祭司	名詞,一般,*,*,*,*,祭司,サイシ,サイシ
エレアザル	名詞,一般,*,*,*,*,*
と	助詞,並立助詞,*,*,*,*,と,ト,ト
ヌン	名詞,一般,*,*,*,*,*
の	助詞,連体化,*,*,*,*,の,ノ,ノ
子	接頭詞,名詞接続,*,*,*,*,子,コ,コ
ヨシュア	名詞,一般,*,*,*,*,*
および	接続詞,*,*,*,*,*,および,オヨビ,オヨビ
イスラエル	名詞,固有名詞,地域,国,*,*,イスラエル,イスラエル,イスラエル
の	助詞,連体化,*,*,*,*,の,ノ,ノ
子	名詞,一般,*,*,*,*,子,コ,コ
ら	名詞,接尾,一般,*,*,*,ら,ラ,ラ
の	助詞,連体化,*,*,*,*,の,ノ,ノ
各	接頭詞,名詞接続,*,*,*,*,各,カク,カク
部族	名詞,一般,*,*,*,*,部族,ブゾク,ブゾク
の	助詞,連体化,*,*,*,*,の,ノ,ノ
父	名詞,一般,*,*,*,*,父,チチ,チチ
たち	名詞,接尾,一般,*,*,*,たち,タチ,タチ
の	助詞,連体化,*,*,*,*,の,ノ,ノ
頭	名詞,一般,*,*,*,*,頭,アタマ,アタマ
に	助詞,格助詞,一般,*,*,*,に,ニ,ニ
近づき	動詞,自立,*,*,五段・カ行イ音便,連用形,近づく,チカヅキ,チカズキ
，	記号,読点,*,*,*,*,，,，,，
カナン	名詞,固有名詞,地域,一般,*,*,カナン,カナン,カナン
の	助詞,連体化,*,*,*,*,の,ノ,ノ
地	名詞,一般,*,*,*,*,地,チ,チ
の	助詞,連体化,*,*,*,*,の,ノ,ノ
シロ	名詞,一般,*,*,*,*,シロ,シロ,シロ
で	助詞,格助詞,一般,*,*,*,で,デ,デ
彼ら	名詞,代名詞,一般,*,*,*,彼ら,カレラ,カレラ
に	助詞,格助詞,一般,*,*,*,に,ニ,ニ
話し	動詞,自立,*,*,五段・サ行,連用形,話す,ハナシ,ハナシ
て	助詞,接続助詞,*,*,*,*,て,テ,テ
こう	副詞,助詞類接続,*,*,*,*,こう,コウ,コー
言っ	動詞,自立,*,*,五段・ワ行促音便,連用タ接続,言う,イッ,イッ
た	助動詞,*,*,*,特殊・タ,基本形,た,タ,タ
。	記号,句点,*,*,*,*,。,。,。
「	記号,括弧開,*,*,*,*,「,「,「
エホバ	名詞,一般,*,*,*,*,エホバ,エホバ,エホバ
は	助詞,係助詞,*,*,*,*,は,ハ,ワ
モー	名詞,固有名詞,人名,姓,*,*,モー,モー,モー
セ	名詞,一般,*,*,*,*,セ,セ,セ
により	助詞,格助詞,連語,*,*,*,により,ニヨリ,ニヨリ
，	記号,読点,*,*,*,*,，,，,，
住む	動詞,自立,*,*,五段・マ行,基本形,住む,スム,スム
べき	助動詞,*,*,*,文語・ベシ,体言接続,べし,ベキ,ベキ
都市	名詞,一般,*,*,*,*,都市,トシ,トシ
を	助詞,格助詞,一般,*,*,*,を,ヲ,ヲ
，	記号,読点,*,*,*,*,，,，,，
そして	接続詞,*,*,*,*,*,そして,ソシテ,ソシテ
家畜	名詞,一般,*,*,*,*,家畜,カチク,カチク
の	助詞,連体化,*,*,*,*,の,ノ,ノ
ため	名詞,非自立,副詞可能,*,*,*,ため,タメ,タメ
の	助詞,連体化,*,*,*,*,の,ノ,ノ
その	連体詞,*,*,*,*,*,その,ソノ,ソノ
牧草	名詞,一般,*,*,*,*,牧草,ボクソウ,ボクソー
地	名詞,接尾,一般,*,*,*,地,チ,チ
を	助詞,格助詞,一般,*,*,*,を,ヲ,ヲ
わたし	名詞,代名詞,一般,*,*,*,わたし,ワタシ,ワタシ
たち	名詞,接尾,一般,*,*,*,たち,タチ,タチ
に	助詞,格助詞,一般,*,*,*,に,ニ,ニ
与える	動詞,自立,*,*,一段,基本形,与える,アタエル,アタエル
よう	名詞,非自立,助動詞語幹,*,*,*,よう,ヨウ,ヨー
に	助詞,副詞化,*,*,*,*,に,ニ,ニ
と	助詞,格助詞,引用,*,*,*,と,ト,ト
お	接頭詞,名詞接続,*,*,*,*,お,オ,オ
命じ	動詞,自立,*,*,一段,連用形,命じる,メイジ,メイジ
に	助詞,格助詞,一般,*,*,*,に,ニ,ニ
なり	動詞,自立,*,*,五段・ラ行,連用形,なる,ナリ,ナリ
まし	助動詞,*,*,*,特殊・マス,連用形,ます,マシ,マシ
た	助動詞,*,*,*,特殊・タ,基本形,た,タ,タ
」	記号,括弧閉,*,*,*,*,」,」,」
。	記号,句点,*,*,*,*,。,。,。
それで	接続詞,*,*,*,*,*,それで,ソレデ,ソレデ
イスラエル	名詞,固有名詞,地域,国,*,*,イスラエル,イスラエル,イスラエル
の	助詞,連体化,*,*,*,*,の,ノ,ノ
子	名詞,一般,*,*,*,*,子,コ,コ
ら	名詞,接尾,一般,*,*,*,ら,ラ,ラ
は	助詞,係助詞,*,*,*,*,は,ハ,ワ
，	記号,読点,*,*,*,*,，,，,，
エホバ	名詞,一般,*,*,*,*,エホバ,エホバ,エホバ
の	助詞,連体化,*,*,*,*,の,ノ,ノ
指示	名詞,サ変接続,*,*,*,*,指示,シジ,シジ
どおり	名詞,接尾,一般,*,*,*,どおり,ドオリ,ドーリ
，	記号,読点,*,*,*,*,，,，,，
自分	名詞,一般,*,*,*,*,自分,ジブン,ジブン
たち	名詞,接尾,一般,*,*,*,たち,タチ,タチ
の	助詞,連体化,*,*,*,*,の,ノ,ノ
相続	名詞,サ変接続,*,*,*,*,相続,ソウゾク,ソーゾク
地	名詞,接尾,一般,*,*,*,地,チ,チ
の	助詞,連体化,*,*,*,*,の,ノ,ノ
中	名詞,非自立,副詞可能,*,*,*,中,ナカ,ナカ
から	助詞,格助詞,一般,*,*,*,から,カラ,カラ
，	記号,読点,*,*,*,*,，,，,，
これら	名詞,代名詞,一般,*,*,*,これら,コレラ,コレラ
の	助詞,連体化,*,*,*,*,の,ノ,ノ
都市	名詞,一般,*,*,*,*,都市,トシ,トシ
と	助詞,並立助詞,*,*,*,*,と,ト,ト
それ	名詞,代名詞,一般,*,*,*,それ,ソレ,ソレ
に	助詞,格助詞,一般,*,*,*,に,ニ,ニ
伴う	動詞,自立,*,*,五段・ワ行促音便,基本形,伴う,トモナウ,トモナウ
牧草	名詞,一般,*,*,*,*,牧草,ボクソウ,ボクソー
地	名詞,接尾,一般,*,*,*,地,チ,チ
と	助詞,格助詞,一般,*,*,*,と,ト,ト
を	助詞,格助詞,一般,*,*,*,を,ヲ,ヲ
レビ	名詞,固有名詞,人名,姓,*,*,レビ,レビ,レビ
人	名詞,接尾,一般,*,*,*,人,ジン,ジン
に	助詞,格助詞,一般,*,*,*,に,ニ,ニ
与え	動詞,自立,*,*,一段,連用形,与える,アタエ,アタエ
た	助動詞,*,*,*,特殊・タ,基本形,た,タ,タ
。	記号,句点,*,*,*,*,。,。,。
さて	接続詞,*,*,*,*,*,さて,サテ,サテ
，	記号,読点,*,*,*,*,，,，,，
コハト	名詞,一般,*,*,*,*,*
人	名詞,接尾,一般,*,*,*,人,ジン,ジン
の	助詞,連体化,*,*,*,*,の,ノ,ノ
諸	接頭詞,名詞接続,*,*,*,*,諸,ショ,ショ
家族	名詞,一般,*,*,*,*,家族,カゾク,カゾク
の	助詞,連体化,*,*,*,*,の,ノ,ノ
ため	名詞,非自立,副詞可能,*,*,*,ため,タメ,タメ
に	助詞,格助詞,一般,*,*,*,に,ニ,ニ
くじ	名詞,一般,*,*,*,*,くじ,クジ,クジ
が	助詞,格助詞,一般,*,*,*,が,ガ,ガ
出	動詞,自立,*,*,一段,連用形,出る,デ,デ
た	助動詞,*,*,*,特殊・タ,基本形,た,タ,タ
。	記号,句点,*,*,*,*,。,。,。
そして	接続詞,*,*,*,*,*,そして,ソシテ,ソシテ
，	記号,読点,*,*,*,*,，,，,，
ユダ	名詞,一般,*,*,*,*,*
の	助詞,連体化,*,*,*,*,の,ノ,ノ
部族	名詞,一般,*,*,*,*,部族,ブゾク,ブゾク
から	助詞,格助詞,一般,*,*,*,から,カラ,カラ
，	記号,読点,*,*,*,*,，,，,，
シメオン	名詞,一般,*,*,*,*,*
人	名詞,接尾,一般,*,*,*,人,ジン,ジン
の	助詞,連体化,*,*,*,*,の,ノ,ノ
部族	名詞,一般,*,*,*,*,部族,ブゾク,ブゾク
から	助詞,格助詞,一般,*,*,*,から,カラ,カラ
，	記号,読点,*,*,*,*,，,，,，
ベニヤ	名詞,一般,*,*,*,*,ベニヤ,ベニヤ,ベニヤ
ミン	名詞,固有名詞,一般,*,*,*,ミン,ミン,ミン
の	助詞,連体化,*,*,*,*,の,ノ,ノ
部族	名詞,一般,*,*,*,*,部族,ブゾク,ブゾク
から	助詞,格助詞,一般,*,*,*,から,カラ,カラ
，	記号,読点,*,*,*,*,，,，,，
くじ	名詞,一般,*,*,*,*,くじ,クジ,クジ
によって	助詞,格助詞,連語,*,*,*,によって,ニヨッテ,ニヨッテ
十	名詞,数,*,*,*,*,十,ジュウ,ジュー
三	名詞,数,*,*,*,*,三,サン,サン
の	助詞,連体化,*,*,*,*,の,ノ,ノ
都市	名詞,一般,*,*,*,*,都市,トシ,トシ
が	助詞,格助詞,一般,*,*,*,が,ガ,ガ
レビ	名詞,固有名詞,人名,姓,*,*,レビ,レビ,レビ
人	名詞,接尾,一般,*,*,*,人,ジン,ジン
の	助詞,連体化,*,*,*,*,の,ノ,ノ
うち	名詞,非自立,副詞可能,*,*,*,うち,ウチ,ウチ
の	助詞,連体化,*,*,*,*,の,ノ,ノ
祭司	名詞,一般,*,*,*,*,祭司,サイシ,サイシ
アロン	名詞,一般,*,*,*,*,アロン,アロン,アロン
の	助詞,連体化,*,*,*,*,の,ノ,ノ
子	名詞,一般,*,*,*,*,子,コ,コ
ら	名詞,接尾,一般,*,*,*,ら,ラ,ラ
に	助詞,格助詞,一般,*,*,*,に,ニ,ニ
属する	動詞,自立,*,*,サ変・−スル,基本形,属する,ゾクスル,ゾクスル
こと	名詞,非自立,一般,*,*,*,こと,コト,コト
に	助詞,格助詞,一般,*,*,*,に,ニ,ニ
なっ	動詞,自立,*,*,五段・ラ行,連用タ接続,なる,ナッ,ナッ
た	助動詞,*,*,*,特殊・タ,基本形,た,タ,タ
。	記号,句点,*,*,*,*,。,。,。
そして	接続詞,*,*,*,*,*,そして,ソシテ,ソシテ
，	記号,読点,*,*,*,*,，,，,，
コハト	名詞,一般,*,*,*,*,*
の	助詞,連体化,*,*,*,*,の,ノ,ノ
ほか	名詞,副詞可能,*,*,*,*,ほか,ホカ,ホカ
の	助詞,連体化,*,*,*,*,の,ノ,ノ
子	名詞,一般,*,*,*,*,子,コ,コ
ら	名詞,接尾,一般,*,*,*,ら,ラ,ラ
の	助詞,連体化,*,*,*,*,の,ノ,ノ
ため	名詞,非自立,副詞可能,*,*,*,ため,タメ,タメ
に	助詞,格助詞,一般,*,*,*,に,ニ,ニ
は	助詞,係助詞,*,*,*,*,は,ハ,ワ
，	記号,読点,*,*,*,*,，,，,，
エフライム	名詞,一般,*,*,*,*,*
の	助詞,連体化,*,*,*,*,の,ノ,ノ
部族	名詞,一般,*,*,*,*,部族,ブゾク,ブゾク
の	助詞,連体化,*,*,*,*,の,ノ,ノ
諸	接頭詞,名詞接続,*,*,*,*,諸,ショ,ショ
家族	名詞,一般,*,*,*,*,家族,カゾク,カゾク
から	助詞,格助詞,一般,*,*,*,から,カラ,カラ
，	記号,読点,*,*,*,*,，,，,，
ダン	名詞,一般,*,*,*,*,ダン,ダン,ダン
の	助詞,連体化,*,*,*,*,の,ノ,ノ
部族	名詞,一般,*,*,*,*,部族,ブゾク,ブゾク
から	助詞,格助詞,一般,*,*,*,から,カラ,カラ
，	記号,読点,*,*,*,*,，,，,，
マナセ	名詞,一般,*,*,*,*,*
の	助詞,連体化,*,*,*,*,の,ノ,ノ
半	接頭詞,名詞接続,*,*,*,*,半,ハン,ハン
部族	名詞,一般,*,*,*,*,部族,ブゾク,ブゾク
から	助詞,格助詞,一般,*,*,*,から,カラ,カラ
，	記号,読点,*,*,*,*,，,，,，
くじ	名詞,一般,*,*,*,*,くじ,クジ,クジ
によって	助詞,格助詞,連語,*,*,*,によって,ニヨッテ,ニヨッテ
十	名詞,数,*,*,*,*,十,ジュウ,ジュー
の	助詞,連体化,*,*,*,*,の,ノ,ノ
都市	名詞,一般,*,*,*,*,都市,トシ,トシ
が	助詞,格助詞,一般,*,*,*,が,ガ,ガ
あて	動詞,自立,*,*,一段,未然形,あてる,アテ,アテ
られ	動詞,接尾,*,*,一段,連用形,られる,ラレ,ラレ
た	助動詞,*,*,*,特殊・タ,基本形,た,タ,タ
。	記号,句点,*,*,*,*,。,。,。
また	接続詞,*,*,*,*,*,また,マタ,マタ
，	記号,読点,*,*,*,*,，,，,，
ゲルション	名詞,一般,*,*,*,*,*
の	助詞,連体化,*,*,*,*,の,ノ,ノ
子	名詞,一般,*,*,*,*,子,コ,コ
ら	名詞,接尾,一般,*,*,*,ら,ラ,ラ
の	助詞,連体化,*,*,*,*,の,ノ,ノ
ため	名詞,非自立,副詞可能,*,*,*,ため,タメ,タメ
に	助詞,格助詞,一般,*,*,*,に,ニ,ニ
は	助詞,係助詞,*,*,*,*,は,ハ,ワ
，	記号,読点,*,*,*,*,，,，,，
イッサカル	名詞,一般,*,*,*,*,*
の	助詞,連体化,*,*,*,*,の,ノ,ノ
部族	名詞,一般,*,*,*,*,部族,ブゾク,ブゾク
の	助詞,連体化,*,*,*,*,の,ノ,ノ
諸	接頭詞,名詞接続,*,*,*,*,諸,ショ,ショ
家族	名詞,一般,*,*,*,*,家族,カゾク,カゾク
から	助詞,格助詞,一般,*,*,*,から,カラ,カラ
，	記号,読点,*,*,*,*,，,，,，
アシェル	名詞,一般,*,*,*,*,*
の	助詞,連体化,*,*,*,*,の,ノ,ノ
部族	名詞,一般,*,*,*,*,部族,ブゾク,ブゾク
から	助詞,格助詞,一般,*,*,*,から,カラ,カラ
，	記号,読点,*,*,*,*,，,，,，
ナフタリ	名詞,一般,*,*,*,*,*
の	助詞,連体化,*,*,*,*,の,ノ,ノ
部族	名詞,一般,*,*,*,*,部族,ブゾク,ブゾク
から	助詞,格助詞,一般,*,*,*,から,カラ,カラ
，	記号,読点,*,*,*,*,，,，,，
バシャン	名詞,一般,*,*,*,*,*
に	助詞,格助詞,一般,*,*,*,に,ニ,ニ
いる	動詞,自立,*,*,一段,基本形,いる,イル,イル
マナセ	名詞,一般,*,*,*,*,*
の	助詞,連体化,*,*,*,*,の,ノ,ノ
半	接頭詞,名詞接続,*,*,*,*,半,ハン,ハン
部族	名詞,一般,*,*,*,*,部族,ブゾク,ブゾク
から	助詞,格助詞,一般,*,*,*,から,カラ,カラ
，	記号,読点,*,*,*,*,，,，,，
くじ	名詞,一般,*,*,*,*,くじ,クジ,クジ
によって	助詞,格助詞,連語,*,*,*,によって,ニヨッテ,ニヨッテ
十	名詞,数,*,*,*,*,十,ジュウ,ジュー
三	名詞,数,*,*,*,*,三,サン,サン
の	助詞,連体化,*,*,*,*,の,ノ,ノ
都市	名詞,一般,*,*,*,*,都市,トシ,トシ
が	助詞,格助詞,一般,*,*,*,が,ガ,ガ
あて	動詞,自立,*,*,一段,未然形,あてる,アテ,アテ
られ	動詞,接尾,*,*,一段,連用形,られる,ラレ,ラレ
た	助動詞,*,*,*,特殊・タ,基本形,た,タ,タ
。	記号,句点,*,*,*,*,。,。,。
メラリ	名詞,一般,*,*,*,*,*
の	助詞,連体化,*,*,*,*,の,ノ,ノ
子	名詞,一般,*,*,*,*,子,コ,コ
ら	名詞,接尾,一般,*,*,*,ら,ラ,ラ
，	記号,読点,*,*,*,*,，,，,，
その	連体詞,*,*,*,*,*,その,ソノ,ソノ
諸	接頭詞,名詞接続,*,*,*,*,諸,ショ,ショ
家族	名詞,一般,*,*,*,*,家族,カゾク,カゾク
の	助詞,連体化,*,*,*,*,の,ノ,ノ
ため	名詞,非自立,副詞可能,*,*,*,ため,タメ,タメ
に	助詞,格助詞,一般,*,*,*,に,ニ,ニ
は	助詞,係助詞,*,*,*,*,は,ハ,ワ
，	記号,読点,*,*,*,*,，,，,，
ルベン	名詞,一般,*,*,*,*,*
の	助詞,連体化,*,*,*,*,の,ノ,ノ
部族	名詞,一般,*,*,*,*,部族,ブゾク,ブゾク
から	助詞,格助詞,一般,*,*,*,から,カラ,カラ
，	記号,読点,*,*,*,*,，,，,，
ガド	名詞,一般,*,*,*,*,*
の	助詞,連体化,*,*,*,*,の,ノ,ノ
部族	名詞,一般,*,*,*,*,部族,ブゾク,ブゾク
から	助詞,格助詞,一般,*,*,*,から,カラ,カラ
，	記号,読点,*,*,*,*,，,，,，
ゼブルン	名詞,一般,*,*,*,*,*
の	助詞,連体化,*,*,*,*,の,ノ,ノ
部族	名詞,一般,*,*,*,*,部族,ブゾク,ブゾク
から	助詞,格助詞,一般,*,*,*,から,カラ,カラ
十	名詞,数,*,*,*,*,十,ジュウ,ジュー
二	名詞,数,*,*,*,*,二,ニ,ニ
の	助詞,連体化,*,*,*,*,の,ノ,ノ
都市	名詞,一般,*,*,*,*,都市,トシ,トシ
が	助詞,格助詞,一般,*,*,*,が,ガ,ガ
あて	動詞,自立,*,*,一段,未然形,あてる,アテ,アテ
られ	動詞,接尾,*,*,一段,連用形,られる,ラレ,ラレ
た	助動詞,*,*,*,特殊・タ,基本形,た,タ,タ
。	記号,句点,*,*,*,*,。,。,。
こうして	接続詞,*,*,*,*,*,こうして,コウシテ,コーシテ
イスラエル	名詞,固有名詞,地域,国,*,*,イスラエル,イスラエル,イスラエル
の	助詞,連体化,*,*,*,*,の,ノ,ノ
子	名詞,一般,*,*,*,*,子,コ,コ
ら	名詞,接尾,一般,*,*,*,ら,ラ,ラ
は	助詞,係助詞,*,*,*,*,は,ハ,ワ
これら	名詞,代名詞,一般,*,*,*,これら,コレラ,コレラ
の	助詞,連体化,*,*,*,*,の,ノ,ノ
都市	名詞,一般,*,*,*,*,都市,トシ,トシ
と	助詞,並立助詞,*,*,*,*,と,ト,ト
それ	名詞,代名詞,一般,*,*,*,それ,ソレ,ソレ
に	助詞,格助詞,一般,*,*,*,に,ニ,ニ
伴う	動詞,自立,*,*,五段・ワ行促音便,基本形,伴う,トモナウ,トモナウ
牧草	名詞,一般,*,*,*,*,牧草,ボクソウ,ボクソー
地	名詞,接尾,一般,*,*,*,地,チ,チ
と	助詞,格助詞,一般,*,*,*,と,ト,ト
を	助詞,格助詞,一般,*,*,*,を,ヲ,ヲ
くじ	名詞,一般,*,*,*,*,くじ,クジ,クジ
で	助詞,格助詞,一般,*,*,*,で,デ,デ
レビ	名詞,固有名詞,人名,姓,*,*,レビ,レビ,レビ
人	名詞,接尾,一般,*,*,*,人,ジン,ジン
に	助詞,格助詞,一般,*,*,*,に,ニ,ニ
与え	動詞,自立,*,*,一段,連用形,与える,アタエ,アタエ
，	記号,読点,*,*,*,*,，,，,，
エホバ	名詞,一般,*,*,*,*,エホバ,エホバ,エホバ
が	助詞,格助詞,一般,*,*,*,が,ガ,ガ
モー	名詞,固有名詞,人名,姓,*,*,モー,モー,モー
セ	名詞,一般,*,*,*,*,セ,セ,セ
によって	助詞,格助詞,連語,*,*,*,によって,ニヨッテ,ニヨッテ
命じ	動詞,自立,*,*,一段,連用形,命じる,メイジ,メイジ
た	助動詞,*,*,*,特殊・タ,基本形,た,タ,タ
とおり	名詞,非自立,副詞可能,*,*,*,とおり,トオリ,トーリ
に	助詞,格助詞,一般,*,*,*,に,ニ,ニ
し	動詞,自立,*,*,サ変・スル,連用形,する,シ,シ
た	助動詞,*,*,*,特殊・タ,基本形,た,タ,タ
。	記号,句点,*,*,*,*,。,。,。
それで	接続詞,*,*,*,*,*,それで,ソレデ,ソレデ
，	記号,読点,*,*,*,*,，,，,，
ユダ	名詞,一般,*,*,*,*,*
の	助詞,連体化,*,*,*,*,の,ノ,ノ
子	名詞,一般,*,*,*,*,子,コ,コ
ら	名詞,接尾,一般,*,*,*,ら,ラ,ラ
の	助詞,連体化,*,*,*,*,の,ノ,ノ
部族	名詞,一般,*,*,*,*,部族,ブゾク,ブゾク
から	助詞,格助詞,一般,*,*,*,から,カラ,カラ
，	記号,読点,*,*,*,*,，,，,，
また	接続詞,*,*,*,*,*,また,マタ,マタ
シメオン	名詞,一般,*,*,*,*,*
の	助詞,連体化,*,*,*,*,の,ノ,ノ
子	名詞,一般,*,*,*,*,子,コ,コ
ら	名詞,接尾,一般,*,*,*,ら,ラ,ラ
の	助詞,連体化,*,*,*,*,の,ノ,ノ
部族	名詞,一般,*,*,*,*,部族,ブゾク,ブゾク
から	助詞,格助詞,一般,*,*,*,から,カラ,カラ
，	名詞,数,*,*,*,*,，,，,，
名	名詞,接尾,助数詞,*,*,*,名,メイ,メイ
を	助詞,格助詞,一般,*,*,*,を,ヲ,ヲ
挙げ	動詞,自立,*,*,一段,連用形,挙げる,アゲ,アゲ
て	助詞,接続助詞,*,*,*,*,て,テ,テ
呼ば	動詞,自立,*,*,五段・バ行,未然形,呼ぶ,ヨバ,ヨバ
れ	動詞,接尾,*,*,一段,連用形,れる,レ,レ
た	助動詞,*,*,*,特殊・タ,基本形,た,タ,タ
これら	名詞,代名詞,一般,*,*,*,これら,コレラ,コレラ
の	助詞,連体化,*,*,*,*,の,ノ,ノ
都市	名詞,一般,*,*,*,*,都市,トシ,トシ
を	助詞,格助詞,一般,*,*,*,を,ヲ,ヲ
与え	動詞,自立,*,*,一段,連用形,与える,アタエ,アタエ
，	記号,読点,*,*,*,*,，,，,，
それ	名詞,代名詞,一般,*,*,*,それ,ソレ,ソレ
は	助詞,係助詞,*,*,*,*,は,ハ,ワ
，	記号,読点,*,*,*,*,，,，,，
レビ	名詞,固有名詞,人名,姓,*,*,レビ,レビ,レビ
の	助詞,連体化,*,*,*,*,の,ノ,ノ
子	名詞,一般,*,*,*,*,子,コ,コ
の	助詞,連体化,*,*,*,*,の,ノ,ノ
コハト	名詞,一般,*,*,*,*,*
人	名詞,接尾,一般,*,*,*,人,ジン,ジン
の	助詞,連体化,*,*,*,*,の,ノ,ノ
諸	接頭詞,名詞接続,*,*,*,*,諸,ショ,ショ
家族	名詞,一般,*,*,*,*,家族,カゾク,カゾク
の	助詞,連体化,*,*,*,*,の,ノ,ノ
うち	名詞,非自立,副詞可能,*,*,*,うち,ウチ,ウチ
，	記号,読点,*,*,*,*,，,，,，
アロン	名詞,一般,*,*,*,*,アロン,アロン,アロン
の	助詞,連体化,*,*,*,*,の,ノ,ノ
子	名詞,一般,*,*,*,*,子,コ,コ
ら	名詞,接尾,一般,*,*,*,ら,ラ,ラ
に	助詞,格助詞,一般,*,*,*,に,ニ,ニ
属する	動詞,自立,*,*,サ変・−スル,基本形,属する,ゾクスル,ゾクスル
こと	名詞,非自立,一般,*,*,*,こと,コト,コト
に	助詞,格助詞,一般,*,*,*,に,ニ,ニ
なっ	動詞,自立,*,*,五段・ラ行,連用タ接続,なる,ナッ,ナッ
た	助動詞,*,*,*,特殊・タ,基本形,た,タ,タ
。	記号,句点,*,*,*,*,。,。,。
最初	名詞,一般,*,*,*,*,最初,サイショ,サイショ
の	助詞,連体化,*,*,*,*,の,ノ,ノ
くじ	名詞,一般,*,*,*,*,くじ,クジ,クジ
は	助詞,係助詞,*,*,*,*,は,ハ,ワ
彼ら	名詞,代名詞,一般,*,*,*,彼ら,カレラ,カレラ
の	助詞,連体化,*,*,*,*,の,ノ,ノ
もの	名詞,非自立,一般,*,*,*,もの,モノ,モノ
と	助詞,格助詞,一般,*,*,*,と,ト,ト
なっ	動詞,自立,*,*,五段・ラ行,連用タ接続,なる,ナッ,ナッ
た	助動詞,*,*,*,特殊・タ,基本形,た,タ,タ
から	助詞,接続助詞,*,*,*,*,から,カラ,カラ
で	助動詞,*,*,*,特殊・ダ,連用形,だ,デ,デ
ある	助動詞,*,*,*,五段・ラ行アル,基本形,ある,アル,アル
。	記号,句点,*,*,*,*,。,。,。
こうして	接続詞,*,*,*,*,*,こうして,コウシテ,コーシテ
彼ら	名詞,代名詞,一般,*,*,*,彼ら,カレラ,カレラ
に	助詞,格助詞,一般,*,*,*,に,ニ,ニ
キルヤト	名詞,一般,*,*,*,*,*
･	名詞,サ変接続,*,*,*,*,*
アルバ	名詞,一般,*,*,*,*,*
（[	名詞,サ変接続,*,*,*,*,*
アルバ	名詞,一般,*,*,*,*,*
は	助詞,係助詞,*,*,*,*,は,ハ,ワ
]	名詞,サ変接続,*,*,*,*,*
アナク	名詞,一般,*,*,*,*,*
の	助詞,連体化,*,*,*,*,の,ノ,ノ
父	名詞,一般,*,*,*,*,父,チチ,チチ
[	名詞,サ変接続,*,*,*,*,*
と	助詞,格助詞,引用,*,*,*,と,ト,ト
言わ	動詞,自立,*,*,五段・ワ行促音便,未然形,言う,イワ,イワ
れ	動詞,接尾,*,*,一段,連用形,れる,レ,レ
て	助詞,接続助詞,*,*,*,*,て,テ,テ
いる	動詞,非自立,*,*,一段,基本形,いる,イル,イル
]），	名詞,サ変接続,*,*,*,*,*
つまり	名詞,一般,*,*,*,*,つまり,ツマリ,ツマリ
ユダ	名詞,一般,*,*,*,*,*
の	助詞,連体化,*,*,*,*,の,ノ,ノ
山地	名詞,一般,*,*,*,*,山地,サンチ,サンチ
の	助詞,連体化,*,*,*,*,の,ノ,ノ
ヘブロン	名詞,固有名詞,地域,一般,*,*,ヘブロン,ヘブロン,ヘブロン
と	助詞,格助詞,一般,*,*,*,と,ト,ト
その	連体詞,*,*,*,*,*,その,ソノ,ソノ
周囲	名詞,一般,*,*,*,*,周囲,シュウイ,シューイ
の	助詞,連体化,*,*,*,*,の,ノ,ノ
牧草	名詞,一般,*,*,*,*,牧草,ボクソウ,ボクソー
地	名詞,接尾,一般,*,*,*,地,チ,チ
を	助詞,格助詞,一般,*,*,*,を,ヲ,ヲ
与え	動詞,自立,*,*,一段,連用形,与える,アタエ,アタエ
た	助動詞,*,*,*,特殊・タ,基本形,た,タ,タ
。	記号,句点,*,*,*,*,。,。,。
だが	接続詞,*,*,*,*,*,だが,ダガ,ダガ
，	記号,読点,*,*,*,*,，,，,，
その	連体詞,*,*,*,*,*,その,ソノ,ソノ
都市	名詞,一般,*,*,*,*,都市,トシ,トシ
の	助詞,連体化,*,*,*,*,の,ノ,ノ
野	名詞,一般,*,*,*,*,野,ノ,ノ
と	助詞,並立助詞,*,*,*,*,と,ト,ト
付近	名詞,一般,*,*,*,*,付近,フキン,フキン
の	助詞,連体化,*,*,*,*,の,ノ,ノ
集落	名詞,一般,*,*,*,*,集落,シュウラク,シューラク
と	助詞,格助詞,一般,*,*,*,と,ト,ト
は	助詞,係助詞,*,*,*,*,は,ハ,ワ
エフネ	名詞,一般,*,*,*,*,*
の	助詞,連体化,*,*,*,*,の,ノ,ノ
子	接頭詞,名詞接続,*,*,*,*,子,コ,コ
カレブ	名詞,一般,*,*,*,*,*
の	助詞,連体化,*,*,*,*,の,ノ,ノ
所有	名詞,サ変接続,*,*,*,*,所有,ショユウ,ショユー
地	名詞,接尾,一般,*,*,*,地,チ,チ
として	助詞,格助詞,連語,*,*,*,として,トシテ,トシテ
与え	動詞,自立,*,*,一段,連用形,与える,アタエ,アタエ
た	助動詞,*,*,*,特殊・タ,基本形,た,タ,タ
。	記号,句点,*,*,*,*,。,。,。
それで	接続詞,*,*,*,*,*,それで,ソレデ,ソレデ
，	記号,読点,*,*,*,*,，,，,，
祭司	名詞,一般,*,*,*,*,祭司,サイシ,サイシ
アロン	名詞,一般,*,*,*,*,アロン,アロン,アロン
の	助詞,連体化,*,*,*,*,の,ノ,ノ
子	名詞,一般,*,*,*,*,子,コ,コ
ら	名詞,接尾,一般,*,*,*,ら,ラ,ラ
に	助詞,格助詞,一般,*,*,*,に,ニ,ニ
，	名詞,数,*,*,*,*,，,，,，
人	名詞,接尾,助数詞,*,*,*,人,ニン,ニン
を	助詞,格助詞,一般,*,*,*,を,ヲ,ヲ
殺し	動詞,自立,*,*,五段・サ行,連用形,殺す,コロシ,コロシ
た	助動詞,*,*,*,特殊・タ,基本形,た,タ,タ
者	名詞,非自立,一般,*,*,*,者,モノ,モノ
の	助詞,連体化,*,*,*,*,の,ノ,ノ
ため	名詞,非自立,副詞可能,*,*,*,ため,タメ,タメ
の	助詞,連体化,*,*,*,*,の,ノ,ノ
避難	名詞,サ変接続,*,*,*,*,避難,ヒナン,ヒナン
都市	名詞,一般,*,*,*,*,都市,トシ,トシ
すなわち	接続詞,*,*,*,*,*,すなわち,スナワチ,スナワチ
ヘブロン	名詞,固有名詞,地域,一般,*,*,ヘブロン,ヘブロン,ヘブロン
と	助詞,格助詞,一般,*,*,*,と,ト,ト
その	連体詞,*,*,*,*,*,その,ソノ,ソノ
牧草	名詞,一般,*,*,*,*,牧草,ボクソウ,ボクソー
地	名詞,接尾,一般,*,*,*,地,チ,チ
を	助詞,格助詞,一般,*,*,*,を,ヲ,ヲ
与え	動詞,自立,*,*,一段,連用形,与える,アタエ,アタエ
，	記号,読点,*,*,*,*,，,，,，
また	接続詞,*,*,*,*,*,また,マタ,マタ
リブナ	名詞,一般,*,*,*,*,*
と	助詞,格助詞,一般,*,*,*,と,ト,ト
その	連体詞,*,*,*,*,*,その,ソノ,ソノ
牧草	名詞,一般,*,*,*,*,牧草,ボクソウ,ボクソー
地	名詞,接尾,一般,*,*,*,地,チ,チ
，	記号,読点,*,*,*,*,，,，,，
ヤティル	名詞,一般,*,*,*,*,*
と	助詞,格助詞,一般,*,*,*,と,ト,ト
その	連体詞,*,*,*,*,*,その,ソノ,ソノ
牧草	名詞,一般,*,*,*,*,牧草,ボクソウ,ボクソー
地	名詞,接尾,一般,*,*,*,地,チ,チ
，	記号,読点,*,*,*,*,，,，,，
エシュテモア	名詞,一般,*,*,*,*,*
と	助詞,格助詞,一般,*,*,*,と,ト,ト
その	連体詞,*,*,*,*,*,その,ソノ,ソノ
牧草	名詞,一般,*,*,*,*,牧草,ボクソウ,ボクソー
地	名詞,接尾,一般,*,*,*,地,チ,チ
，	記号,読点,*,*,*,*,，,，,，
ホロン	名詞,一般,*,*,*,*,*
と	助詞,格助詞,一般,*,*,*,と,ト,ト
その	連体詞,*,*,*,*,*,その,ソノ,ソノ
牧草	名詞,一般,*,*,*,*,牧草,ボクソウ,ボクソー
地	名詞,接尾,一般,*,*,*,地,チ,チ
，	記号,読点,*,*,*,*,，,，,，
デビル	名詞,一般,*,*,*,*,*
と	助詞,格助詞,一般,*,*,*,と,ト,ト
その	連体詞,*,*,*,*,*,その,ソノ,ソノ
牧草	名詞,一般,*,*,*,*,牧草,ボクソウ,ボクソー
地	名詞,接尾,一般,*,*,*,地,チ,チ
，	記号,読点,*,*,*,*,，,，,，
アイン	名詞,固有名詞,人名,姓,*,*,アイン,アイン,アイン
と	助詞,格助詞,一般,*,*,*,と,ト,ト
その	連体詞,*,*,*,*,*,その,ソノ,ソノ
牧草	名詞,一般,*,*,*,*,牧草,ボクソウ,ボクソー
地	名詞,接尾,一般,*,*,*,地,チ,チ
，	記号,読点,*,*,*,*,，,，,，
ユタ	名詞,固有名詞,地域,一般,*,*,ユタ,ユタ,ユタ
と	助詞,格助詞,一般,*,*,*,と,ト,ト
その	連体詞,*,*,*,*,*,その,ソノ,ソノ
牧草	名詞,一般,*,*,*,*,牧草,ボクソウ,ボクソー
地	名詞,接尾,一般,*,*,*,地,チ,チ
，	記号,読点,*,*,*,*,，,，,，
ベト	名詞,固有名詞,人名,名,*,*,ベト,ベト,ベト
･	名詞,サ変接続,*,*,*,*,*
シェメシュ	名詞,一般,*,*,*,*,*
と	助詞,格助詞,一般,*,*,*,と,ト,ト
その	連体詞,*,*,*,*,*,その,ソノ,ソノ
牧草	名詞,一般,*,*,*,*,牧草,ボクソウ,ボクソー
地	名詞,接尾,一般,*,*,*,地,チ,チ
を	助詞,格助詞,一般,*,*,*,を,ヲ,ヲ
[	名詞,サ変接続,*,*,*,*,*
与え	動詞,自立,*,*,一段,連用形,与える,アタエ,アタエ
た	助動詞,*,*,*,特殊・タ,基本形,た,タ,タ
]。	名詞,サ変接続,*,*,*,*,*
これら	名詞,代名詞,一般,*,*,*,これら,コレラ,コレラ
二つ	名詞,一般,*,*,*,*,二つ,フタツ,フタツ
の	助詞,連体化,*,*,*,*,の,ノ,ノ
部族	名詞,一般,*,*,*,*,部族,ブゾク,ブゾク
から	助詞,格助詞,一般,*,*,*,から,カラ,カラ
九つ	名詞,一般,*,*,*,*,九つ,ココノツ,ココノツ
の	助詞,連体化,*,*,*,*,の,ノ,ノ
都市	名詞,一般,*,*,*,*,都市,トシ,トシ
で	助動詞,*,*,*,特殊・ダ,連用形,だ,デ,デ
ある	助動詞,*,*,*,五段・ラ行アル,基本形,ある,アル,アル
。	記号,句点,*,*,*,*,。,。,。
また	接続詞,*,*,*,*,*,また,マタ,マタ
，	記号,読点,*,*,*,*,，,，,，
ベニヤ	名詞,一般,*,*,*,*,ベニヤ,ベニヤ,ベニヤ
ミン	名詞,固有名詞,一般,*,*,*,ミン,ミン,ミン
の	助詞,連体化,*,*,*,*,の,ノ,ノ
部族	名詞,一般,*,*,*,*,部族,ブゾク,ブゾク
から	助詞,格助詞,一般,*,*,*,から,カラ,カラ
は	助詞,係助詞,*,*,*,*,は,ハ,ワ
，	記号,読点,*,*,*,*,，,，,，
ギベオン	名詞,一般,*,*,*,*,*
と	助詞,格助詞,一般,*,*,*,と,ト,ト
その	連体詞,*,*,*,*,*,その,ソノ,ソノ
牧草	名詞,一般,*,*,*,*,牧草,ボクソウ,ボクソー
地	名詞,接尾,一般,*,*,*,地,チ,チ
，	記号,読点,*,*,*,*,，,，,，
ゲバ	名詞,一般,*,*,*,*,ゲバ,ゲバ,ゲバ
と	助詞,格助詞,一般,*,*,*,と,ト,ト
その	連体詞,*,*,*,*,*,その,ソノ,ソノ
牧草	名詞,一般,*,*,*,*,牧草,ボクソウ,ボクソー
地	名詞,接尾,一般,*,*,*,地,チ,チ
，	記号,読点,*,*,*,*,，,，,，
アナトテ	名詞,一般,*,*,*,*,*
と	助詞,格助詞,一般,*,*,*,と,ト,ト
その	連体詞,*,*,*,*,*,その,ソノ,ソノ
牧草	名詞,一般,*,*,*,*,牧草,ボクソウ,ボクソー
地	名詞,接尾,一般,*,*,*,地,チ,チ
，	記号,読点,*,*,*,*,，,，,，
アルモン	名詞,一般,*,*,*,*,*
と	助詞,格助詞,一般,*,*,*,と,ト,ト
その	連体詞,*,*,*,*,*,その,ソノ,ソノ
牧草	名詞,一般,*,*,*,*,牧草,ボクソウ,ボクソー
地	名詞,接尾,一般,*,*,*,地,チ,チ
。	記号,句点,*,*,*,*,。,。,。
四つ	名詞,一般,*,*,*,*,四つ,ヨッツ,ヨッツ
の	助詞,連体化,*,*,*,*,の,ノ,ノ
都市	名詞,一般,*,*,*,*,都市,トシ,トシ
で	助動詞,*,*,*,特殊・ダ,連用形,だ,デ,デ
ある	助動詞,*,*,*,五段・ラ行アル,基本形,ある,アル,アル
。	記号,句点,*,*,*,*,。,。,。
祭司	名詞,一般,*,*,*,*,祭司,サイシ,サイシ
で	助動詞,*,*,*,特殊・ダ,連用形,だ,デ,デ
ある	助動詞,*,*,*,五段・ラ行アル,基本形,ある,アル,アル
アロン	名詞,一般,*,*,*,*,アロン,アロン,アロン
の	助詞,連体化,*,*,*,*,の,ノ,ノ
子	名詞,一般,*,*,*,*,子,コ,コ
ら	名詞,接尾,一般,*,*,*,ら,ラ,ラ
の	助詞,連体化,*,*,*,*,の,ノ,ノ
都市	名詞,一般,*,*,*,*,都市,トシ,トシ
は	助詞,係助詞,*,*,*,*,は,ハ,ワ
，	記号,読点,*,*,*,*,，,，,，
全部	名詞,副詞可能,*,*,*,*,全部,ゼンブ,ゼンブ
で	助詞,格助詞,一般,*,*,*,で,デ,デ
十	名詞,数,*,*,*,*,十,ジュウ,ジュー
三	名詞,数,*,*,*,*,三,サン,サン
の	助詞,連体化,*,*,*,*,の,ノ,ノ
都市	名詞,一般,*,*,*,*,都市,トシ,トシ
と	助詞,格助詞,一般,*,*,*,と,ト,ト
その	連体詞,*,*,*,*,*,その,ソノ,ソノ
牧草	名詞,一般,*,*,*,*,牧草,ボクソウ,ボクソー
地	名詞,接尾,一般,*,*,*,地,チ,チ
で	助動詞,*,*,*,特殊・ダ,連用形,だ,デ,デ
あっ	助動詞,*,*,*,五段・ラ行アル,連用タ接続,ある,アッ,アッ
た	助動詞,*,*,*,特殊・タ,基本形,た,タ,タ
。	記号,句点,*,*,*,*,。,。,。
また	接続詞,*,*,*,*,*,また,マタ,マタ
，	記号,読点,*,*,*,*,，,，,，
コハト	名詞,一般,*,*,*,*,*
の	助詞,連体化,*,*,*,*,の,ノ,ノ
子	名詞,一般,*,*,*,*,子,コ,コ
ら	名詞,接尾,一般,*,*,*,ら,ラ,ラ
の	助詞,連体化,*,*,*,*,の,ノ,ノ
諸	接頭詞,名詞接続,*,*,*,*,諸,ショ,ショ
家族	名詞,一般,*,*,*,*,家族,カゾク,カゾク
，	記号,読点,*,*,*,*,，,，,，
コハト	名詞,一般,*,*,*,*,*
の	助詞,連体化,*,*,*,*,の,ノ,ノ
子	名詞,一般,*,*,*,*,子,コ,コ
ら	名詞,接尾,一般,*,*,*,ら,ラ,ラ
の	助詞,連体化,*,*,*,*,の,ノ,ノ
うち	名詞,非自立,副詞可能,*,*,*,うち,ウチ,ウチ
の	助詞,連体化,*,*,*,*,の,ノ,ノ
残り	名詞,一般,*,*,*,*,残り,ノコリ,ノコリ
の	助詞,連体化,*,*,*,*,の,ノ,ノ
レビ	名詞,固有名詞,人名,姓,*,*,レビ,レビ,レビ
人	名詞,接尾,一般,*,*,*,人,ジン,ジン
の	助詞,連体化,*,*,*,*,の,ノ,ノ
ため	名詞,非自立,副詞可能,*,*,*,ため,タメ,タメ
に	助詞,格助詞,一般,*,*,*,に,ニ,ニ
は	助詞,係助詞,*,*,*,*,は,ハ,ワ
，	記号,読点,*,*,*,*,，,，,，
くじ	名詞,一般,*,*,*,*,くじ,クジ,クジ
によって	助詞,格助詞,連語,*,*,*,によって,ニヨッテ,ニヨッテ
，	記号,読点,*,*,*,*,，,，,，
エフライム	名詞,一般,*,*,*,*,*
の	助詞,連体化,*,*,*,*,の,ノ,ノ
部族	名詞,一般,*,*,*,*,部族,ブゾク,ブゾク
の	助詞,連体化,*,*,*,*,の,ノ,ノ
都市	名詞,一般,*,*,*,*,都市,トシ,トシ
が	助詞,格助詞,一般,*,*,*,が,ガ,ガ
あて	動詞,自立,*,*,一段,未然形,あてる,アテ,アテ
られる	動詞,接尾,*,*,一段,基本形,られる,ラレル,ラレル
こと	名詞,非自立,一般,*,*,*,こと,コト,コト
に	助詞,格助詞,一般,*,*,*,に,ニ,ニ
なっ	動詞,自立,*,*,五段・ラ行,連用タ接続,なる,ナッ,ナッ
た	助動詞,*,*,*,特殊・タ,基本形,た,タ,タ
。	記号,句点,*,*,*,*,。,。,。
それで	接続詞,*,*,*,*,*,それで,ソレデ,ソレデ
彼ら	名詞,代名詞,一般,*,*,*,彼ら,カレラ,カレラ
は	助詞,係助詞,*,*,*,*,は,ハ,ワ
，	記号,読点,*,*,*,*,，,，,，
人	名詞,一般,*,*,*,*,人,ヒト,ヒト
を	助詞,格助詞,一般,*,*,*,を,ヲ,ヲ
殺し	動詞,自立,*,*,五段・サ行,連用形,殺す,コロシ,コロシ
た	助動詞,*,*,*,特殊・タ,基本形,た,タ,タ
者	名詞,非自立,一般,*,*,*,者,モノ,モノ
の	助詞,連体化,*,*,*,*,の,ノ,ノ
ため	名詞,非自立,副詞可能,*,*,*,ため,タメ,タメ
の	助詞,連体化,*,*,*,*,の,ノ,ノ
避難	名詞,サ変接続,*,*,*,*,避難,ヒナン,ヒナン
都市	名詞,一般,*,*,*,*,都市,トシ,トシ
すなわち	接続詞,*,*,*,*,*,すなわち,スナワチ,スナワチ
エフライム	名詞,一般,*,*,*,*,*
の	助詞,連体化,*,*,*,*,の,ノ,ノ
山地	名詞,一般,*,*,*,*,山地,サンチ,サンチ
に	助詞,格助詞,一般,*,*,*,に,ニ,ニ
ある	動詞,自立,*,*,五段・ラ行,基本形,ある,アル,アル
シェケム	名詞,一般,*,*,*,*,*
と	助詞,格助詞,一般,*,*,*,と,ト,ト
その	連体詞,*,*,*,*,*,その,ソノ,ソノ
牧草	名詞,一般,*,*,*,*,牧草,ボクソウ,ボクソー
地	名詞,接尾,一般,*,*,*,地,チ,チ
，	記号,読点,*,*,*,*,，,，,，
また	接続詞,*,*,*,*,*,また,マタ,マタ
ゲゼル	名詞,一般,*,*,*,*,*
と	助詞,格助詞,一般,*,*,*,と,ト,ト
その	連体詞,*,*,*,*,*,その,ソノ,ソノ
牧草	名詞,一般,*,*,*,*,牧草,ボクソウ,ボクソー
地	名詞,接尾,一般,*,*,*,地,チ,チ
，	記号,読点,*,*,*,*,，,，,，
キブツァイム	名詞,一般,*,*,*,*,*
と	助詞,格助詞,一般,*,*,*,と,ト,ト
その	連体詞,*,*,*,*,*,その,ソノ,ソノ
牧草	名詞,一般,*,*,*,*,牧草,ボクソウ,ボクソー
地	名詞,接尾,一般,*,*,*,地,チ,チ
，	記号,読点,*,*,*,*,，,，,，
ベト	名詞,固有名詞,人名,名,*,*,ベト,ベト,ベト
･	名詞,サ変接続,*,*,*,*,*
ホロン	名詞,一般,*,*,*,*,*
と	助詞,格助詞,一般,*,*,*,と,ト,ト
その	連体詞,*,*,*,*,*,その,ソノ,ソノ
牧草	名詞,一般,*,*,*,*,牧草,ボクソウ,ボクソー
地	名詞,接尾,一般,*,*,*,地,チ,チ
を	助詞,格助詞,一般,*,*,*,を,ヲ,ヲ
これ	名詞,代名詞,一般,*,*,*,これ,コレ,コレ
に	助詞,格助詞,一般,*,*,*,に,ニ,ニ
与え	動詞,自立,*,*,一段,連用形,与える,アタエ,アタエ
た	助動詞,*,*,*,特殊・タ,基本形,た,タ,タ
。	記号,句点,*,*,*,*,。,。,。
四つ	名詞,一般,*,*,*,*,四つ,ヨッツ,ヨッツ
の	助詞,連体化,*,*,*,*,の,ノ,ノ
都市	名詞,一般,*,*,*,*,都市,トシ,トシ
で	助動詞,*,*,*,特殊・ダ,連用形,だ,デ,デ
ある	助動詞,*,*,*,五段・ラ行アル,基本形,ある,アル,アル
。	記号,句点,*,*,*,*,。,。,。
そして	接続詞,*,*,*,*,*,そして,ソシテ,ソシテ
，	記号,読点,*,*,*,*,，,，,，
ダン	名詞,一般,*,*,*,*,ダン,ダン,ダン
の	助詞,連体化,*,*,*,*,の,ノ,ノ
部族	名詞,一般,*,*,*,*,部族,ブゾク,ブゾク
から	助詞,格助詞,一般,*,*,*,から,カラ,カラ
は	助詞,係助詞,*,*,*,*,は,ハ,ワ
，	記号,読点,*,*,*,*,，,，,，
エルテケ	名詞,一般,*,*,*,*,*
と	助詞,格助詞,一般,*,*,*,と,ト,ト
その	連体詞,*,*,*,*,*,その,ソノ,ソノ
牧草	名詞,一般,*,*,*,*,牧草,ボクソウ,ボクソー
地	名詞,接尾,一般,*,*,*,地,チ,チ
，	記号,読点,*,*,*,*,，,，,，
ギベトン	名詞,一般,*,*,*,*,*
と	助詞,格助詞,一般,*,*,*,と,ト,ト
その	連体詞,*,*,*,*,*,その,ソノ,ソノ
牧草	名詞,一般,*,*,*,*,牧草,ボクソウ,ボクソー
地	名詞,接尾,一般,*,*,*,地,チ,チ
，	記号,読点,*,*,*,*,，,，,，
アヤロン	名詞,一般,*,*,*,*,*
と	助詞,格助詞,一般,*,*,*,と,ト,ト
その	連体詞,*,*,*,*,*,その,ソノ,ソノ
牧草	名詞,一般,*,*,*,*,牧草,ボクソウ,ボクソー
地	名詞,接尾,一般,*,*,*,地,チ,チ
，	記号,読点,*,*,*,*,，,，,，
ガト	名詞,一般,*,*,*,*,*
･	名詞,サ変接続,*,*,*,*,*
リモン	名詞,一般,*,*,*,*,*
と	助詞,格助詞,一般,*,*,*,と,ト,ト
その	連体詞,*,*,*,*,*,その,ソノ,ソノ
牧草	名詞,一般,*,*,*,*,牧草,ボクソウ,ボクソー
地	名詞,接尾,一般,*,*,*,地,チ,チ
。	記号,句点,*,*,*,*,。,。,。
四つ	名詞,一般,*,*,*,*,四つ,ヨッツ,ヨッツ
の	助詞,連体化,*,*,*,*,の,ノ,ノ
都市	名詞,一般,*,*,*,*,都市,トシ,トシ
で	助動詞,*,*,*,特殊・ダ,連用形,だ,デ,デ
ある	助動詞,*,*,*,五段・ラ行アル,基本形,ある,アル,アル
。	記号,句点,*,*,*,*,。,。,。
また	接続詞,*,*,*,*,*,また,マタ,マタ
，	記号,読点,*,*,*,*,，,，,，
マナセ	名詞,一般,*,*,*,*,*
の	助詞,連体化,*,*,*,*,の,ノ,ノ
半	接頭詞,名詞接続,*,*,*,*,半,ハン,ハン
部族	名詞,一般,*,*,*,*,部族,ブゾク,ブゾク
から	助詞,格助詞,一般,*,*,*,から,カラ,カラ
は	助詞,係助詞,*,*,*,*,は,ハ,ワ
，	記号,読点,*,*,*,*,，,，,，
タアナク	名詞,一般,*,*,*,*,*
と	助詞,格助詞,一般,*,*,*,と,ト,ト
その	連体詞,*,*,*,*,*,その,ソノ,ソノ
牧草	名詞,一般,*,*,*,*,牧草,ボクソウ,ボクソー
地	名詞,接尾,一般,*,*,*,地,チ,チ
，	記号,読点,*,*,*,*,，,，,，
ガト	名詞,一般,*,*,*,*,*
･	名詞,サ変接続,*,*,*,*,*
リモン	名詞,一般,*,*,*,*,*
と	助詞,格助詞,一般,*,*,*,と,ト,ト
その	連体詞,*,*,*,*,*,その,ソノ,ソノ
牧草	名詞,一般,*,*,*,*,牧草,ボクソウ,ボクソー
地	名詞,接尾,一般,*,*,*,地,チ,チ
。	記号,句点,*,*,*,*,。,。,。
二つ	名詞,一般,*,*,*,*,二つ,フタツ,フタツ
の	助詞,連体化,*,*,*,*,の,ノ,ノ
都市	名詞,一般,*,*,*,*,都市,トシ,トシ
で	助動詞,*,*,*,特殊・ダ,連用形,だ,デ,デ
ある	助動詞,*,*,*,五段・ラ行アル,基本形,ある,アル,アル
。	記号,句点,*,*,*,*,。,。,。
コハト	名詞,一般,*,*,*,*,*
の	助詞,連体化,*,*,*,*,の,ノ,ノ
子	名詞,一般,*,*,*,*,子,コ,コ
ら	名詞,接尾,一般,*,*,*,ら,ラ,ラ
の	助詞,連体化,*,*,*,*,の,ノ,ノ
諸	接頭詞,名詞接続,*,*,*,*,諸,ショ,ショ
家族	名詞,一般,*,*,*,*,家族,カゾク,カゾク
の	助詞,格助詞,一般,*,*,*,の,ノ,ノ
残っ	動詞,自立,*,*,五段・ラ行,連用タ接続,残る,ノコッ,ノコッ
て	助詞,接続助詞,*,*,*,*,て,テ,テ
い	動詞,非自立,*,*,一段,連用形,いる,イ,イ
た	助動詞,*,*,*,特殊・タ,基本形,た,タ,タ
者	名詞,一般,*,*,*,*,者,モノ,モノ
たち	名詞,接尾,一般,*,*,*,たち,タチ,タチ
が	助詞,格助詞,一般,*,*,*,が,ガ,ガ
得	動詞,自立,*,*,一段,連用形,得る,エ,エ
た	助動詞,*,*,*,特殊・タ,基本形,た,タ,タ
都市	名詞,一般,*,*,*,*,都市,トシ,トシ
と	助詞,格助詞,一般,*,*,*,と,ト,ト
その	連体詞,*,*,*,*,*,その,ソノ,ソノ
牧草	名詞,一般,*,*,*,*,牧草,ボクソウ,ボクソー
地	名詞,接尾,一般,*,*,*,地,チ,チ
は	助詞,係助詞,*,*,*,*,は,ハ,ワ
全部	名詞,副詞可能,*,*,*,*,全部,ゼンブ,ゼンブ
で	助詞,格助詞,一般,*,*,*,で,デ,デ
十	名詞,数,*,*,*,*,十,ジュウ,ジュー
で	助動詞,*,*,*,特殊・ダ,連用形,だ,デ,デ
あっ	助動詞,*,*,*,五段・ラ行アル,連用タ接続,ある,アッ,アッ
た	助動詞,*,*,*,特殊・タ,基本形,た,タ,タ
。	記号,句点,*,*,*,*,。,。,。
また	接続詞,*,*,*,*,*,また,マタ,マタ
，	記号,読点,*,*,*,*,，,，,，
レビ	名詞,固有名詞,人名,姓,*,*,レビ,レビ,レビ
人	名詞,接尾,一般,*,*,*,人,ジン,ジン
の	助詞,連体化,*,*,*,*,の,ノ,ノ
諸	接頭詞,名詞接続,*,*,*,*,諸,ショ,ショ
家族	名詞,一般,*,*,*,*,家族,カゾク,カゾク
に	助詞,格助詞,一般,*,*,*,に,ニ,ニ
属する	動詞,自立,*,*,サ変・−スル,基本形,属する,ゾクスル,ゾクスル
ゲルション	名詞,一般,*,*,*,*,*
の	助詞,連体化,*,*,*,*,の,ノ,ノ
子	名詞,一般,*,*,*,*,子,コ,コ
ら	名詞,接尾,一般,*,*,*,ら,ラ,ラ
の	助詞,連体化,*,*,*,*,の,ノ,ノ
ため	名詞,非自立,副詞可能,*,*,*,ため,タメ,タメ
に	助詞,格助詞,一般,*,*,*,に,ニ,ニ
は	助詞,係助詞,*,*,*,*,は,ハ,ワ
，	記号,読点,*,*,*,*,，,，,，
マナセ	名詞,一般,*,*,*,*,*
の	助詞,連体化,*,*,*,*,の,ノ,ノ
半	接頭詞,名詞接続,*,*,*,*,半,ハン,ハン
部族	名詞,一般,*,*,*,*,部族,ブゾク,ブゾク
から	助詞,格助詞,一般,*,*,*,から,カラ,カラ
，	名詞,数,*,*,*,*,，,，,，
人	名詞,接尾,助数詞,*,*,*,人,ニン,ニン
を	助詞,格助詞,一般,*,*,*,を,ヲ,ヲ
殺し	動詞,自立,*,*,五段・サ行,連用形,殺す,コロシ,コロシ
た	助動詞,*,*,*,特殊・タ,基本形,た,タ,タ
者	名詞,非自立,一般,*,*,*,者,モノ,モノ
の	助詞,連体化,*,*,*,*,の,ノ,ノ
ため	名詞,非自立,副詞可能,*,*,*,ため,タメ,タメ
の	助詞,連体化,*,*,*,*,の,ノ,ノ
避難	名詞,サ変接続,*,*,*,*,避難,ヒナン,ヒナン
都市	名詞,一般,*,*,*,*,都市,トシ,トシ
すなわち	接続詞,*,*,*,*,*,すなわち,スナワチ,スナワチ
バシャン	名詞,一般,*,*,*,*,*
の	助詞,連体化,*,*,*,*,の,ノ,ノ
ゴラン	名詞,固有名詞,地域,一般,*,*,ゴラン,ゴラン,ゴラン
と	助詞,格助詞,一般,*,*,*,と,ト,ト
その	連体詞,*,*,*,*,*,その,ソノ,ソノ
牧草	名詞,一般,*,*,*,*,牧草,ボクソウ,ボクソー
地	名詞,接尾,一般,*,*,*,地,チ,チ
，	記号,読点,*,*,*,*,，,，,，
そして	接続詞,*,*,*,*,*,そして,ソシテ,ソシテ
ベエシュテラ	名詞,一般,*,*,*,*,*
と	助詞,格助詞,一般,*,*,*,と,ト,ト
その	連体詞,*,*,*,*,*,その,ソノ,ソノ
牧草	名詞,一般,*,*,*,*,牧草,ボクソウ,ボクソー
地	名詞,接尾,一般,*,*,*,地,チ,チ
が	助詞,格助詞,一般,*,*,*,が,ガ,ガ
あて	動詞,自立,*,*,一段,未然形,あてる,アテ,アテ
られ	動詞,接尾,*,*,一段,連用形,られる,ラレ,ラレ
た	助動詞,*,*,*,特殊・タ,基本形,た,タ,タ
。	記号,句点,*,*,*,*,。,。,。
二つ	名詞,一般,*,*,*,*,二つ,フタツ,フタツ
の	助詞,連体化,*,*,*,*,の,ノ,ノ
都市	名詞,一般,*,*,*,*,都市,トシ,トシ
で	助動詞,*,*,*,特殊・ダ,連用形,だ,デ,デ
ある	助動詞,*,*,*,五段・ラ行アル,基本形,ある,アル,アル
。	記号,句点,*,*,*,*,。,。,。
そして	接続詞,*,*,*,*,*,そして,ソシテ,ソシテ
，	記号,読点,*,*,*,*,，,，,，
イッサカル	名詞,一般,*,*,*,*,*
の	助詞,連体化,*,*,*,*,の,ノ,ノ
部族	名詞,一般,*,*,*,*,部族,ブゾク,ブゾク
から	助詞,格助詞,一般,*,*,*,から,カラ,カラ
は	助詞,係助詞,*,*,*,*,は,ハ,ワ
，	記号,読点,*,*,*,*,，,，,，
キショ	形容詞,自立,*,*,形容詞・アウオ段,ガル接続,キショい,キショ,キショ
ン	名詞,非自立,一般,*,*,*,ン,ン,ン
と	助詞,格助詞,一般,*,*,*,と,ト,ト
その	連体詞,*,*,*,*,*,その,ソノ,ソノ
牧草	名詞,一般,*,*,*,*,牧草,ボクソウ,ボクソー
地	名詞,接尾,一般,*,*,*,地,チ,チ
，	記号,読点,*,*,*,*,，,，,，
ダベラト	名詞,一般,*,*,*,*,*
と	助詞,格助詞,一般,*,*,*,と,ト,ト
その	連体詞,*,*,*,*,*,その,ソノ,ソノ
牧草	名詞,一般,*,*,*,*,牧草,ボクソウ,ボクソー
地	名詞,接尾,一般,*,*,*,地,チ,チ
，	記号,読点,*,*,*,*,，,，,，
ヤルムト	名詞,一般,*,*,*,*,*
と	助詞,格助詞,一般,*,*,*,と,ト,ト
その	連体詞,*,*,*,*,*,その,ソノ,ソノ
牧草	名詞,一般,*,*,*,*,牧草,ボクソウ,ボクソー
地	名詞,接尾,一般,*,*,*,地,チ,チ
，	記号,読点,*,*,*,*,，,，,，
エン	名詞,固有名詞,一般,*,*,*,エン,エン,エン
･	名詞,サ変接続,*,*,*,*,*
ガニム	名詞,一般,*,*,*,*,*
と	助詞,格助詞,一般,*,*,*,と,ト,ト
その	連体詞,*,*,*,*,*,その,ソノ,ソノ
牧草	名詞,一般,*,*,*,*,牧草,ボクソウ,ボクソー
地	名詞,接尾,一般,*,*,*,地,チ,チ
。	記号,句点,*,*,*,*,。,。,。
四つ	名詞,一般,*,*,*,*,四つ,ヨッツ,ヨッツ
の	助詞,連体化,*,*,*,*,の,ノ,ノ
都市	名詞,一般,*,*,*,*,都市,トシ,トシ
で	助動詞,*,*,*,特殊・ダ,連用形,だ,デ,デ
ある	助動詞,*,*,*,五段・ラ行アル,基本形,ある,アル,アル
。	記号,句点,*,*,*,*,。,。,。
また	接続詞,*,*,*,*,*,また,マタ,マタ
，	記号,読点,*,*,*,*,，,，,，
アシェル	名詞,一般,*,*,*,*,*
の	助詞,連体化,*,*,*,*,の,ノ,ノ
部族	名詞,一般,*,*,*,*,部族,ブゾク,ブゾク
から	助詞,格助詞,一般,*,*,*,から,カラ,カラ
は	助詞,係助詞,*,*,*,*,は,ハ,ワ
，	記号,読点,*,*,*,*,，,，,，
ミシュアル	名詞,一般,*,*,*,*,*
と	助詞,格助詞,一般,*,*,*,と,ト,ト
その	連体詞,*,*,*,*,*,その,ソノ,ソノ
牧草	名詞,一般,*,*,*,*,牧草,ボクソウ,ボクソー
地	名詞,接尾,一般,*,*,*,地,チ,チ
，	記号,読点,*,*,*,*,，,，,，
アブ	名詞,一般,*,*,*,*,アブ,アブ,アブ
ドン	名詞,一般,*,*,*,*,ドン,ドン,ドン
と	助詞,格助詞,一般,*,*,*,と,ト,ト
その	連体詞,*,*,*,*,*,その,ソノ,ソノ
牧草	名詞,一般,*,*,*,*,牧草,ボクソウ,ボクソー
地	名詞,接尾,一般,*,*,*,地,チ,チ
，	記号,読点,*,*,*,*,，,，,，
ヘルカト	名詞,一般,*,*,*,*,*
と	助詞,格助詞,一般,*,*,*,と,ト,ト
その	連体詞,*,*,*,*,*,その,ソノ,ソノ
牧草	名詞,一般,*,*,*,*,牧草,ボクソウ,ボクソー
地	名詞,接尾,一般,*,*,*,地,チ,チ
，	記号,読点,*,*,*,*,，,，,，
レホブ	名詞,一般,*,*,*,*,*
と	助詞,格助詞,一般,*,*,*,と,ト,ト
その	連体詞,*,*,*,*,*,その,ソノ,ソノ
牧草	名詞,一般,*,*,*,*,牧草,ボクソウ,ボクソー
地	名詞,接尾,一般,*,*,*,地,チ,チ
。	記号,句点,*,*,*,*,。,。,。
四つ	名詞,一般,*,*,*,*,四つ,ヨッツ,ヨッツ
の	助詞,連体化,*,*,*,*,の,ノ,ノ
都市	名詞,一般,*,*,*,*,都市,トシ,トシ
で	助動詞,*,*,*,特殊・ダ,連用形,だ,デ,デ
ある	助動詞,*,*,*,五段・ラ行アル,基本形,ある,アル,アル
。	記号,句点,*,*,*,*,。,。,。
そして	接続詞,*,*,*,*,*,そして,ソシテ,ソシテ
，	記号,読点,*,*,*,*,，,，,，
ナフタリ	名詞,一般,*,*,*,*,*
の	助詞,連体化,*,*,*,*,の,ノ,ノ
部族	名詞,一般,*,*,*,*,部族,ブゾク,ブゾク
から	助詞,格助詞,一般,*,*,*,から,カラ,カラ
は	助詞,係助詞,*,*,*,*,は,ハ,ワ
，	記号,読点,*,*,*,*,，,，,，
人	名詞,一般,*,*,*,*,人,ヒト,ヒト
を	助詞,格助詞,一般,*,*,*,を,ヲ,ヲ
殺し	動詞,自立,*,*,五段・サ行,連用形,殺す,コロシ,コロシ
た	助動詞,*,*,*,特殊・タ,基本形,た,タ,タ
者	名詞,非自立,一般,*,*,*,者,モノ,モノ
の	助詞,連体化,*,*,*,*,の,ノ,ノ
ため	名詞,非自立,副詞可能,*,*,*,ため,タメ,タメ
の	助詞,連体化,*,*,*,*,の,ノ,ノ
避難	名詞,サ変接続,*,*,*,*,避難,ヒナン,ヒナン
都市	名詞,一般,*,*,*,*,都市,トシ,トシ
すなわち	接続詞,*,*,*,*,*,すなわち,スナワチ,スナワチ
ガリラヤ	名詞,一般,*,*,*,*,*
の	助詞,連体化,*,*,*,*,の,ノ,ノ
ケデシュ	名詞,一般,*,*,*,*,*
と	助詞,格助詞,一般,*,*,*,と,ト,ト
その	連体詞,*,*,*,*,*,その,ソノ,ソノ
牧草	名詞,一般,*,*,*,*,牧草,ボクソウ,ボクソー
地	名詞,接尾,一般,*,*,*,地,チ,チ
，	記号,読点,*,*,*,*,，,，,，
また	接続詞,*,*,*,*,*,また,マタ,マタ
ハモト	名詞,一般,*,*,*,*,*
･	名詞,サ変接続,*,*,*,*,*
ドル	名詞,一般,*,*,*,*,ドル,ドル,ドル
と	助詞,格助詞,一般,*,*,*,と,ト,ト
その	連体詞,*,*,*,*,*,その,ソノ,ソノ
牧草	名詞,一般,*,*,*,*,牧草,ボクソウ,ボクソー
地	名詞,接尾,一般,*,*,*,地,チ,チ
，	記号,読点,*,*,*,*,，,，,，
カルタン	名詞,一般,*,*,*,*,*
と	助詞,格助詞,一般,*,*,*,と,ト,ト
その	連体詞,*,*,*,*,*,その,ソノ,ソノ
牧草	名詞,一般,*,*,*,*,牧草,ボクソウ,ボクソー
地	名詞,接尾,一般,*,*,*,地,チ,チ
。	記号,句点,*,*,*,*,。,。,。
三つ	名詞,一般,*,*,*,*,三つ,ミッツ,ミッツ
の	助詞,連体化,*,*,*,*,の,ノ,ノ
都市	名詞,一般,*,*,*,*,都市,トシ,トシ
で	助動詞,*,*,*,特殊・ダ,連用形,だ,デ,デ
ある	助動詞,*,*,*,五段・ラ行アル,基本形,ある,アル,アル
。	記号,句点,*,*,*,*,。,。,。
ゲルション	名詞,一般,*,*,*,*,*
人	名詞,接尾,一般,*,*,*,人,ジン,ジン
，	記号,読点,*,*,*,*,，,，,，
その	連体詞,*,*,*,*,*,その,ソノ,ソノ
諸	接頭詞,名詞接続,*,*,*,*,諸,ショ,ショ
家族	名詞,一般,*,*,*,*,家族,カゾク,カゾク
の	助詞,連体化,*,*,*,*,の,ノ,ノ
都市	名詞,一般,*,*,*,*,都市,トシ,トシ
は	助詞,係助詞,*,*,*,*,は,ハ,ワ
，	記号,読点,*,*,*,*,，,，,，
全部	名詞,副詞可能,*,*,*,*,全部,ゼンブ,ゼンブ
で	助詞,格助詞,一般,*,*,*,で,デ,デ
十	名詞,数,*,*,*,*,十,ジュウ,ジュー
三	名詞,数,*,*,*,*,三,サン,サン
の	助詞,連体化,*,*,*,*,の,ノ,ノ
都市	名詞,一般,*,*,*,*,都市,トシ,トシ
と	助詞,格助詞,一般,*,*,*,と,ト,ト
その	連体詞,*,*,*,*,*,その,ソノ,ソノ
牧草	名詞,一般,*,*,*,*,牧草,ボクソウ,ボクソー
地	名詞,接尾,一般,*,*,*,地,チ,チ
で	助動詞,*,*,*,特殊・ダ,連用形,だ,デ,デ
あっ	助動詞,*,*,*,五段・ラ行アル,連用タ接続,ある,アッ,アッ
た	助動詞,*,*,*,特殊・タ,基本形,た,タ,タ
。	記号,句点,*,*,*,*,。,。,。
また	接続詞,*,*,*,*,*,また,マタ,マタ
，	記号,読点,*,*,*,*,，,，,，
メラリ	名詞,一般,*,*,*,*,*
の	助詞,連体化,*,*,*,*,の,ノ,ノ
子	名詞,一般,*,*,*,*,子,コ,コ
ら	名詞,接尾,一般,*,*,*,ら,ラ,ラ
の	助詞,連体化,*,*,*,*,の,ノ,ノ
諸	接頭詞,名詞接続,*,*,*,*,諸,ショ,ショ
家族	名詞,一般,*,*,*,*,家族,カゾク,カゾク
，	記号,読点,*,*,*,*,，,，,，
レビ	名詞,固有名詞,人名,姓,*,*,レビ,レビ,レビ
人	名詞,接尾,一般,*,*,*,人,ジン,ジン
の	助詞,連体化,*,*,*,*,の,ノ,ノ
うち	名詞,非自立,一般,*,*,*,うち,ウチ,ウチ
の	助詞,格助詞,一般,*,*,*,の,ノ,ノ
残さ	動詞,自立,*,*,五段・サ行,未然形,残す,ノコサ,ノコサ
れ	動詞,接尾,*,*,一段,連用形,れる,レ,レ
て	助詞,接続助詞,*,*,*,*,て,テ,テ
い	動詞,非自立,*,*,一段,連用形,いる,イ,イ
た	助動詞,*,*,*,特殊・タ,基本形,た,タ,タ
者	名詞,一般,*,*,*,*,者,モノ,モノ
たち	名詞,接尾,一般,*,*,*,たち,タチ,タチ
は	助詞,係助詞,*,*,*,*,は,ハ,ワ
，	記号,読点,*,*,*,*,，,，,，
ゼブルン	名詞,一般,*,*,*,*,*
の	助詞,連体化,*,*,*,*,の,ノ,ノ
部族	名詞,一般,*,*,*,*,部族,ブゾク,ブゾク
から	助詞,格助詞,一般,*,*,*,から,カラ,カラ
ヨクネアム	名詞,一般,*,*,*,*,*
と	助詞,格助詞,一般,*,*,*,と,ト,ト
その	連体詞,*,*,*,*,*,その,ソノ,ソノ
牧草	名詞,一般,*,*,*,*,牧草,ボクソウ,ボクソー
地	名詞,接尾,一般,*,*,*,地,チ,チ
，	記号,読点,*,*,*,*,，,，,，
カルタ	名詞,一般,*,*,*,*,*
と	助詞,格助詞,一般,*,*,*,と,ト,ト
その	連体詞,*,*,*,*,*,その,ソノ,ソノ
牧草	名詞,一般,*,*,*,*,牧草,ボクソウ,ボクソー
地	名詞,接尾,一般,*,*,*,地,チ,チ
，	記号,読点,*,*,*,*,，,，,，
ディムナ	名詞,一般,*,*,*,*,*
と	助詞,格助詞,一般,*,*,*,と,ト,ト
その	連体詞,*,*,*,*,*,その,ソノ,ソノ
牧草	名詞,一般,*,*,*,*,牧草,ボクソウ,ボクソー
地	名詞,接尾,一般,*,*,*,地,チ,チ
，	記号,読点,*,*,*,*,，,，,，
ナハラル	名詞,一般,*,*,*,*,*
と	助詞,格助詞,一般,*,*,*,と,ト,ト
その	連体詞,*,*,*,*,*,その,ソノ,ソノ
牧草	名詞,一般,*,*,*,*,牧草,ボクソウ,ボクソー
地	名詞,接尾,一般,*,*,*,地,チ,チ
を	助詞,格助詞,一般,*,*,*,を,ヲ,ヲ
得	動詞,自立,*,*,一段,連用形,得る,エ,エ
た	助動詞,*,*,*,特殊・タ,基本形,た,タ,タ
。	記号,句点,*,*,*,*,。,。,。
四つ	名詞,一般,*,*,*,*,四つ,ヨッツ,ヨッツ
の	助詞,連体化,*,*,*,*,の,ノ,ノ
都市	名詞,一般,*,*,*,*,都市,トシ,トシ
で	助動詞,*,*,*,特殊・ダ,連用形,だ,デ,デ
ある	助動詞,*,*,*,五段・ラ行アル,基本形,ある,アル,アル
。	記号,句点,*,*,*,*,。,。,。
そして	接続詞,*,*,*,*,*,そして,ソシテ,ソシテ
，	記号,読点,*,*,*,*,，,，,，
ルベン	名詞,一般,*,*,*,*,*
の	助詞,連体化,*,*,*,*,の,ノ,ノ
部族	名詞,一般,*,*,*,*,部族,ブゾク,ブゾク
から	助詞,格助詞,一般,*,*,*,から,カラ,カラ
は	助詞,係助詞,*,*,*,*,は,ハ,ワ
，	記号,読点,*,*,*,*,，,，,，
ベツェル	名詞,一般,*,*,*,*,*
と	助詞,格助詞,一般,*,*,*,と,ト,ト
その	連体詞,*,*,*,*,*,その,ソノ,ソノ
牧草	名詞,一般,*,*,*,*,牧草,ボクソウ,ボクソー
地	名詞,接尾,一般,*,*,*,地,チ,チ
，	記号,読点,*,*,*,*,，,，,，
ヤハツ	名詞,一般,*,*,*,*,*
と	助詞,格助詞,一般,*,*,*,と,ト,ト
その	連体詞,*,*,*,*,*,その,ソノ,ソノ
牧草	名詞,一般,*,*,*,*,牧草,ボクソウ,ボクソー
地	名詞,接尾,一般,*,*,*,地,チ,チ
，	記号,読点,*,*,*,*,，,，,，
ケデモト	名詞,一般,*,*,*,*,*
と	助詞,格助詞,一般,*,*,*,と,ト,ト
その	連体詞,*,*,*,*,*,その,ソノ,ソノ
牧草	名詞,一般,*,*,*,*,牧草,ボクソウ,ボクソー
地	名詞,接尾,一般,*,*,*,地,チ,チ
，	記号,読点,*,*,*,*,，,，,，
メファアト	名詞,一般,*,*,*,*,*
と	助詞,格助詞,一般,*,*,*,と,ト,ト
その	連体詞,*,*,*,*,*,その,ソノ,ソノ
牧草	名詞,一般,*,*,*,*,牧草,ボクソウ,ボクソー
地	名詞,接尾,一般,*,*,*,地,チ,チ
。	記号,句点,*,*,*,*,。,。,。
四つ	名詞,一般,*,*,*,*,四つ,ヨッツ,ヨッツ
の	助詞,連体化,*,*,*,*,の,ノ,ノ
都市	名詞,一般,*,*,*,*,都市,トシ,トシ
で	助動詞,*,*,*,特殊・ダ,連用形,だ,デ,デ
ある	助動詞,*,*,*,五段・ラ行アル,基本形,ある,アル,アル
。	記号,句点,*,*,*,*,。,。,。
そして	接続詞,*,*,*,*,*,そして,ソシテ,ソシテ
，	記号,読点,*,*,*,*,，,，,，
ガド	名詞,一般,*,*,*,*,*
の	助詞,連体化,*,*,*,*,の,ノ,ノ
部族	名詞,一般,*,*,*,*,部族,ブゾク,ブゾク
から	助詞,格助詞,一般,*,*,*,から,カラ,カラ
は	助詞,係助詞,*,*,*,*,は,ハ,ワ
，	記号,読点,*,*,*,*,，,，,，
人	名詞,一般,*,*,*,*,人,ヒト,ヒト
を	助詞,格助詞,一般,*,*,*,を,ヲ,ヲ
殺し	動詞,自立,*,*,五段・サ行,連用形,殺す,コロシ,コロシ
た	助動詞,*,*,*,特殊・タ,基本形,た,タ,タ
者	名詞,非自立,一般,*,*,*,者,モノ,モノ
の	助詞,連体化,*,*,*,*,の,ノ,ノ
ため	名詞,非自立,副詞可能,*,*,*,ため,タメ,タメ
の	助詞,連体化,*,*,*,*,の,ノ,ノ
避難	名詞,サ変接続,*,*,*,*,避難,ヒナン,ヒナン
都市	名詞,一般,*,*,*,*,都市,トシ,トシ
すなわち	接続詞,*,*,*,*,*,すなわち,スナワチ,スナワチ
ギレアデ	名詞,一般,*,*,*,*,*
の	助詞,連体化,*,*,*,*,の,ノ,ノ
ラモト	名詞,一般,*,*,*,*,*
と	助詞,格助詞,一般,*,*,*,と,ト,ト
その	連体詞,*,*,*,*,*,その,ソノ,ソノ
牧草	名詞,一般,*,*,*,*,牧草,ボクソウ,ボクソー
地	名詞,接尾,一般,*,*,*,地,チ,チ
，	記号,読点,*,*,*,*,，,，,，
また	接続詞,*,*,*,*,*,また,マタ,マタ
マハナイム	名詞,一般,*,*,*,*,*
と	助詞,格助詞,一般,*,*,*,と,ト,ト
その	連体詞,*,*,*,*,*,その,ソノ,ソノ
牧草	名詞,一般,*,*,*,*,牧草,ボクソウ,ボクソー
地	名詞,接尾,一般,*,*,*,地,チ,チ
，	記号,読点,*,*,*,*,，,，,，
ヘシュボン	名詞,一般,*,*,*,*,*
と	助詞,格助詞,一般,*,*,*,と,ト,ト
その	連体詞,*,*,*,*,*,その,ソノ,ソノ
牧草	名詞,一般,*,*,*,*,牧草,ボクソウ,ボクソー
地	名詞,接尾,一般,*,*,*,地,チ,チ
，	記号,読点,*,*,*,*,，,，,，
ヤゼル	名詞,一般,*,*,*,*,*
と	助詞,格助詞,一般,*,*,*,と,ト,ト
その	連体詞,*,*,*,*,*,その,ソノ,ソノ
牧草	名詞,一般,*,*,*,*,牧草,ボクソウ,ボクソー
地	名詞,接尾,一般,*,*,*,地,チ,チ
。	記号,句点,*,*,*,*,。,。,。
その	連体詞,*,*,*,*,*,その,ソノ,ソノ
都市	名詞,一般,*,*,*,*,都市,トシ,トシ
は	助詞,係助詞,*,*,*,*,は,ハ,ワ
全部	名詞,副詞可能,*,*,*,*,全部,ゼンブ,ゼンブ
で	助詞,格助詞,一般,*,*,*,で,デ,デ
四つ	名詞,一般,*,*,*,*,四つ,ヨッツ,ヨッツ
で	助動詞,*,*,*,特殊・ダ,連用形,だ,デ,デ
ある	助動詞,*,*,*,五段・ラ行アル,基本形,ある,アル,アル
。	記号,句点,*,*,*,*,。,。,。
レビ	名詞,固有名詞,人名,姓,*,*,レビ,レビ,レビ
人	名詞,接尾,一般,*,*,*,人,ジン,ジン
の	助詞,連体化,*,*,*,*,の,ノ,ノ
諸	接頭詞,名詞接続,*,*,*,*,諸,ショ,ショ
家族	名詞,一般,*,*,*,*,家族,カゾク,カゾク
の	助詞,連体化,*,*,*,*,の,ノ,ノ
うち	名詞,非自立,副詞可能,*,*,*,うち,ウチ,ウチ
残さ	動詞,自立,*,*,五段・サ行,未然形,残す,ノコサ,ノコサ
れ	動詞,接尾,*,*,一段,連用形,れる,レ,レ
て	助詞,接続助詞,*,*,*,*,て,テ,テ
い	動詞,非自立,*,*,一段,連用形,いる,イ,イ
た	助動詞,*,*,*,特殊・タ,基本形,た,タ,タ
メラリ	名詞,一般,*,*,*,*,*
の	助詞,連体化,*,*,*,*,の,ノ,ノ
子	名詞,一般,*,*,*,*,子,コ,コ
ら	名詞,接尾,一般,*,*,*,ら,ラ,ラ
の	助詞,連体化,*,*,*,*,の,ノ,ノ
諸	接頭詞,名詞接続,*,*,*,*,諸,ショ,ショ
家族	名詞,一般,*,*,*,*,家族,カゾク,カゾク
に	助詞,格助詞,一般,*,*,*,に,ニ,ニ
属する	動詞,自立,*,*,サ変・−スル,基本形,属する,ゾクスル,ゾクスル
こと	名詞,非自立,一般,*,*,*,こと,コト,コト
に	助詞,格助詞,一般,*,*,*,に,ニ,ニ
なっ	動詞,自立,*,*,五段・ラ行,連用タ接続,なる,ナッ,ナッ
た	助動詞,*,*,*,特殊・タ,基本形,た,タ,タ
都市	名詞,一般,*,*,*,*,都市,トシ,トシ
は	助詞,係助詞,*,*,*,*,は,ハ,ワ
，	記号,読点,*,*,*,*,，,，,，
くじ	名詞,一般,*,*,*,*,くじ,クジ,クジ
による	助詞,格助詞,連語,*,*,*,による,ニヨル,ニヨル
割り当て	名詞,サ変接続,*,*,*,*,割り当て,ワリアテ,ワリアテ
分	名詞,接尾,一般,*,*,*,分,ブン,ブン
として	助詞,格助詞,連語,*,*,*,として,トシテ,トシテ
，	記号,読点,*,*,*,*,，,，,，
全部	名詞,副詞可能,*,*,*,*,全部,ゼンブ,ゼンブ
で	助詞,格助詞,一般,*,*,*,で,デ,デ
十	名詞,数,*,*,*,*,十,ジュウ,ジュー
二	名詞,数,*,*,*,*,二,ニ,ニ
の	助詞,連体化,*,*,*,*,の,ノ,ノ
都市	名詞,一般,*,*,*,*,都市,トシ,トシ
で	助動詞,*,*,*,特殊・ダ,連用形,だ,デ,デ
あっ	助動詞,*,*,*,五段・ラ行アル,連用タ接続,ある,アッ,アッ
た	助動詞,*,*,*,特殊・タ,基本形,た,タ,タ
。	記号,句点,*,*,*,*,。,。,。
イスラエル	名詞,固有名詞,地域,国,*,*,イスラエル,イスラエル,イスラエル
の	助詞,連体化,*,*,*,*,の,ノ,ノ
子	名詞,一般,*,*,*,*,子,コ,コ
ら	名詞,接尾,一般,*,*,*,ら,ラ,ラ
の	助詞,連体化,*,*,*,*,の,ノ,ノ
所有	名詞,サ変接続,*,*,*,*,所有,ショユウ,ショユー
地	名詞,接尾,一般,*,*,*,地,チ,チ
の	助詞,連体化,*,*,*,*,の,ノ,ノ
中	名詞,非自立,副詞可能,*,*,*,中,ナカ,ナカ
の	助詞,連体化,*,*,*,*,の,ノ,ノ
レビ	名詞,固有名詞,人名,姓,*,*,レビ,レビ,レビ
人	名詞,接尾,一般,*,*,*,人,ジン,ジン
の	助詞,連体化,*,*,*,*,の,ノ,ノ
都市	名詞,一般,*,*,*,*,都市,トシ,トシ
は	助詞,係助詞,*,*,*,*,は,ハ,ワ
，	記号,読点,*,*,*,*,，,，,，
全部	名詞,副詞可能,*,*,*,*,全部,ゼンブ,ゼンブ
で	助詞,格助詞,一般,*,*,*,で,デ,デ
四	名詞,数,*,*,*,*,四,ヨン,ヨン
十	名詞,数,*,*,*,*,十,ジュウ,ジュー
八	名詞,数,*,*,*,*,八,ハチ,ハチ
の	助詞,連体化,*,*,*,*,の,ノ,ノ
都市	名詞,一般,*,*,*,*,都市,トシ,トシ
と	助詞,格助詞,一般,*,*,*,と,ト,ト
その	連体詞,*,*,*,*,*,その,ソノ,ソノ
牧草	名詞,一般,*,*,*,*,牧草,ボクソウ,ボクソー
地	名詞,接尾,一般,*,*,*,地,チ,チ
で	助動詞,*,*,*,特殊・ダ,連用形,だ,デ,デ
あっ	助動詞,*,*,*,五段・ラ行アル,連用タ接続,ある,アッ,アッ
た	助動詞,*,*,*,特殊・タ,基本形,た,タ,タ
。	記号,句点,*,*,*,*,。,。,。
これら	名詞,代名詞,一般,*,*,*,これら,コレラ,コレラ
の	助詞,連体化,*,*,*,*,の,ノ,ノ
都市	名詞,一般,*,*,*,*,都市,トシ,トシ
は	助詞,係助詞,*,*,*,*,は,ハ,ワ
，	記号,読点,*,*,*,*,，,，,，
それぞれ	名詞,副詞可能,*,*,*,*,それぞれ,ソレゾレ,ソレゾレ
その	連体詞,*,*,*,*,*,その,ソノ,ソノ
周囲	名詞,一般,*,*,*,*,周囲,シュウイ,シューイ
に	助詞,格助詞,一般,*,*,*,に,ニ,ニ
牧草	名詞,一般,*,*,*,*,牧草,ボクソウ,ボクソー
地	名詞,接尾,一般,*,*,*,地,チ,チ
を	助詞,格助詞,一般,*,*,*,を,ヲ,ヲ
持つ	動詞,自立,*,*,五段・タ行,基本形,持つ,モツ,モツ
都市	名詞,一般,*,*,*,*,都市,トシ,トシ
と	助詞,格助詞,一般,*,*,*,と,ト,ト
なっ	動詞,自立,*,*,五段・ラ行,連用タ接続,なる,ナッ,ナッ
た	助動詞,*,*,*,特殊・タ,基本形,た,タ,タ
。	記号,句点,*,*,*,*,。,。,。
これら	名詞,代名詞,一般,*,*,*,これら,コレラ,コレラ
の	助詞,連体化,*,*,*,*,の,ノ,ノ
すべて	名詞,副詞可能,*,*,*,*,すべて,スベテ,スベテ
の	助詞,連体化,*,*,*,*,の,ノ,ノ
都市	名詞,一般,*,*,*,*,都市,トシ,トシ
が	助詞,格助詞,一般,*,*,*,が,ガ,ガ
そう	副詞,助詞類接続,*,*,*,*,そう,ソウ,ソー
で	助動詞,*,*,*,特殊・ダ,連用形,だ,デ,デ
あっ	助動詞,*,*,*,五段・ラ行アル,連用タ接続,ある,アッ,アッ
た	助動詞,*,*,*,特殊・タ,基本形,た,タ,タ
。	記号,句点,*,*,*,*,。,。,。
こうして	接続詞,*,*,*,*,*,こうして,コウシテ,コーシテ
エホバ	名詞,一般,*,*,*,*,エホバ,エホバ,エホバ
は	助詞,係助詞,*,*,*,*,は,ハ,ワ
，	記号,読点,*,*,*,*,，,，,，
その	連体詞,*,*,*,*,*,その,ソノ,ソノ
父祖	名詞,一般,*,*,*,*,父祖,フソ,フソ
たち	名詞,接尾,一般,*,*,*,たち,タチ,タチ
に	助詞,格助詞,一般,*,*,*,に,ニ,ニ
与える	動詞,自立,*,*,一段,基本形,与える,アタエル,アタエル
こと	名詞,非自立,一般,*,*,*,こと,コト,コト
を	助詞,格助詞,一般,*,*,*,を,ヲ,ヲ
誓っ	動詞,自立,*,*,五段・ワ行促音便,連用タ接続,誓う,チカッ,チカッ
た	助動詞,*,*,*,特殊・タ,基本形,た,タ,タ
すべて	名詞,副詞可能,*,*,*,*,すべて,スベテ,スベテ
の	助詞,連体化,*,*,*,*,の,ノ,ノ
土地	名詞,一般,*,*,*,*,土地,トチ,トチ
を	助詞,格助詞,一般,*,*,*,を,ヲ,ヲ
イスラエル	名詞,固有名詞,地域,国,*,*,イスラエル,イスラエル,イスラエル
に	助詞,格助詞,一般,*,*,*,に,ニ,ニ
与え	動詞,自立,*,*,一段,連用形,与える,アタエ,アタエ
，	記号,読点,*,*,*,*,，,，,，
彼ら	名詞,代名詞,一般,*,*,*,彼ら,カレラ,カレラ
は	助詞,係助詞,*,*,*,*,は,ハ,ワ
それ	名詞,代名詞,一般,*,*,*,それ,ソレ,ソレ
を	助詞,格助詞,一般,*,*,*,を,ヲ,ヲ
取得	名詞,サ変接続,*,*,*,*,取得,シュトク,シュトク
し	動詞,自立,*,*,サ変・スル,連用形,する,シ,シ
て	助詞,接続助詞,*,*,*,*,て,テ,テ
そこ	名詞,代名詞,一般,*,*,*,そこ,ソコ,ソコ
に	助詞,格助詞,一般,*,*,*,に,ニ,ニ
住む	動詞,自立,*,*,五段・マ行,基本形,住む,スム,スム
よう	名詞,非自立,助動詞語幹,*,*,*,よう,ヨウ,ヨー
に	助詞,格助詞,一般,*,*,*,に,ニ,ニ
なっ	動詞,自立,*,*,五段・ラ行,連用タ接続,なる,ナッ,ナッ
た	助動詞,*,*,*,特殊・タ,基本形,た,タ,タ
。	記号,句点,*,*,*,*,。,。,。
さらに	副詞,助詞類接続,*,*,*,*,さらに,サラニ,サラニ
また	接続詞,*,*,*,*,*,また,マタ,マタ
，	記号,読点,*,*,*,*,，,，,，
エホバ	名詞,一般,*,*,*,*,エホバ,エホバ,エホバ
は	助詞,係助詞,*,*,*,*,は,ハ,ワ
周囲	名詞,一般,*,*,*,*,周囲,シュウイ,シューイ
一帯	名詞,一般,*,*,*,*,一帯,イッタイ,イッタイ
にわたって	助詞,格助詞,連語,*,*,*,にわたって,ニワタッテ,ニワタッテ
彼ら	名詞,代名詞,一般,*,*,*,彼ら,カレラ,カレラ
に	助詞,格助詞,一般,*,*,*,に,ニ,ニ
休み	名詞,一般,*,*,*,*,休み,ヤスミ,ヤスミ
を	助詞,格助詞,一般,*,*,*,を,ヲ,ヲ
与え	動詞,自立,*,*,一段,連用形,与える,アタエ,アタエ
，	記号,読点,*,*,*,*,，,，,，
すべて	名詞,副詞可能,*,*,*,*,すべて,スベテ,スベテ
その	連体詞,*,*,*,*,*,その,ソノ,ソノ
父祖	名詞,一般,*,*,*,*,父祖,フソ,フソ
たち	名詞,接尾,一般,*,*,*,たち,タチ,タチ
に	助詞,格助詞,一般,*,*,*,に,ニ,ニ
誓わ	動詞,自立,*,*,五段・ワ行促音便,未然形,誓う,チカワ,チカワ
れ	動詞,接尾,*,*,一段,連用形,れる,レ,レ
た	助動詞,*,*,*,特殊・タ,基本形,た,タ,タ
とおり	名詞,非自立,副詞可能,*,*,*,とおり,トオリ,トーリ
に	助詞,格助詞,一般,*,*,*,に,ニ,ニ
さ	動詞,自立,*,*,サ変・スル,未然レル接続,する,サ,サ
れ	動詞,接尾,*,*,一段,連用形,れる,レ,レ
，	記号,読点,*,*,*,*,，,，,，
その	連体詞,*,*,*,*,*,その,ソノ,ソノ
すべて	名詞,副詞可能,*,*,*,*,すべて,スベテ,スベテ
の	助詞,連体化,*,*,*,*,の,ノ,ノ
敵	名詞,一般,*,*,*,*,敵,テキ,テキ
の	助詞,連体化,*,*,*,*,の,ノ,ノ
うち	名詞,非自立,副詞可能,*,*,*,うち,ウチ,ウチ
一	名詞,数,*,*,*,*,一,イチ,イチ
人	名詞,接尾,助数詞,*,*,*,人,ニン,ニン
として	助詞,格助詞,連語,*,*,*,として,トシテ,トシテ
彼ら	名詞,代名詞,一般,*,*,*,彼ら,カレラ,カレラ
の	助詞,連体化,*,*,*,*,の,ノ,ノ
前	名詞,副詞可能,*,*,*,*,前,マエ,マエ
に	助詞,格助詞,一般,*,*,*,に,ニ,ニ
立ち向かう	動詞,自立,*,*,五段・ワ行促音便,基本形,立ち向かう,タチムカウ,タチムカウ
者	名詞,非自立,一般,*,*,*,者,モノ,モノ
は	助詞,係助詞,*,*,*,*,は,ハ,ワ
い	動詞,非自立,*,*,一段,未然形,いる,イ,イ
なかっ	助動詞,*,*,*,特殊・ナイ,連用タ接続,ない,ナカッ,ナカッ
た	助動詞,*,*,*,特殊・タ,基本形,た,タ,タ
。	記号,句点,*,*,*,*,。,。,。
その	連体詞,*,*,*,*,*,その,ソノ,ソノ
すべて	名詞,副詞可能,*,*,*,*,すべて,スベテ,スベテ
の	助詞,連体化,*,*,*,*,の,ノ,ノ
敵	名詞,一般,*,*,*,*,敵,テキ,テキ
を	助詞,格助詞,一般,*,*,*,を,ヲ,ヲ
エホバ	名詞,一般,*,*,*,*,エホバ,エホバ,エホバ
は	助詞,係助詞,*,*,*,*,は,ハ,ワ
彼ら	名詞,代名詞,一般,*,*,*,彼ら,カレラ,カレラ
の	助詞,連体化,*,*,*,*,の,ノ,ノ
手	名詞,一般,*,*,*,*,手,テ,テ
に	助詞,格助詞,一般,*,*,*,に,ニ,ニ
お	接頭詞,名詞接続,*,*,*,*,お,オ,オ
与え	動詞,自立,*,*,一段,連用形,与える,アタエ,アタエ
に	助詞,格助詞,一般,*,*,*,に,ニ,ニ
なっ	動詞,自立,*,*,五段・ラ行,連用タ接続,なる,ナッ,ナッ
た	助動詞,*,*,*,特殊・タ,基本形,た,タ,タ
。	記号,句点,*,*,*,*,。,。,。
エホバ	名詞,一般,*,*,*,*,エホバ,エホバ,エホバ
が	助詞,格助詞,一般,*,*,*,が,ガ,ガ
イスラエル	名詞,固有名詞,地域,国,*,*,イスラエル,イスラエル,イスラエル
の	助詞,連体化,*,*,*,*,の,ノ,ノ
家	名詞,一般,*,*,*,*,家,イエ,イエ
に	助詞,格助詞,一般,*,*,*,に,ニ,ニ
なさっ	動詞,自立,*,*,五段・ラ行特殊,連用タ接続,なさる,ナサッ,ナサッ
た	助動詞,*,*,*,特殊・タ,基本形,た,タ,タ
すべて	名詞,副詞可能,*,*,*,*,すべて,スベテ,スベテ
の	助詞,連体化,*,*,*,*,の,ノ,ノ
良い	形容詞,自立,*,*,形容詞・アウオ段,基本形,良い,ヨイ,ヨイ
約束	名詞,サ変接続,*,*,*,*,約束,ヤクソク,ヤクソク
は	助詞,係助詞,*,*,*,*,は,ハ,ワ
，	記号,読点,*,*,*,*,，,，,，
ひとつ	名詞,副詞可能,*,*,*,*,ひとつ,ヒトツ,ヒトツ
の	助詞,連体化,*,*,*,*,の,ノ,ノ
約束	名詞,サ変接続,*,*,*,*,約束,ヤクソク,ヤクソク
と	助詞,格助詞,引用,*,*,*,と,ト,ト
いえ	動詞,自立,*,*,五段・ワ行促音便,仮定形,いう,イエ,イエ
ども	助詞,接続助詞,*,*,*,*,ども,ドモ,ドモ
果たさ	動詞,自立,*,*,五段・サ行,未然形,果たす,ハタサ,ハタサ
れ	動詞,接尾,*,*,一段,未然形,れる,レ,レ
ない	助動詞,*,*,*,特殊・ナイ,基本形,ない,ナイ,ナイ
もの	名詞,非自立,一般,*,*,*,もの,モノ,モノ
は	助詞,係助詞,*,*,*,*,は,ハ,ワ
なかっ	形容詞,自立,*,*,形容詞・アウオ段,連用タ接続,ない,ナカッ,ナカッ
た	助動詞,*,*,*,特殊・タ,基本形,た,タ,タ
。	記号,句点,*,*,*,*,。,。,。
すべて	名詞,副詞可能,*,*,*,*,すべて,スベテ,スベテ
その	連体詞,*,*,*,*,*,その,ソノ,ソノ
とおり	名詞,非自立,副詞可能,*,*,*,とおり,トオリ,トーリ
に	助詞,格助詞,一般,*,*,*,に,ニ,ニ
なっ	動詞,自立,*,*,五段・ラ行,連用タ接続,なる,ナッ,ナッ
た	助動詞,*,*,*,特殊・タ,基本形,た,タ,タ
。	記号,句点,*,*,*,*,。,。,。
EOS
