その	連体詞,*,*,*,*,*,その,ソノ,ソノ
時	名詞,非自立,副詞可能,*,*,*,時,トキ,トキ
エホバ	名詞,一般,*,*,*,*,エホバ,エホバ,エホバ
は	助詞,係助詞,*,*,*,*,は,ハ,ワ
ヨシュア	名詞,一般,*,*,*,*,*
に	助詞,格助詞,一般,*,*,*,に,ニ,ニ
話し	動詞,自立,*,*,五段・サ行,連用形,話す,ハナシ,ハナシ
て	助詞,接続助詞,*,*,*,*,て,テ,テ
こう	副詞,助詞類接続,*,*,*,*,こう,コウ,コー
言わ	動詞,自立,*,*,五段・ワ行促音便,未然形,言う,イワ,イワ
れ	動詞,接尾,*,*,一段,連用形,れる,レ,レ
た	助動詞,*,*,*,特殊・タ,基本形,た,タ,タ
。	記号,句点,*,*,*,*,。,。,。
「	記号,括弧開,*,*,*,*,「,「,「
イスラエル	名詞,固有名詞,地域,国,*,*,イスラエル,イスラエル,イスラエル
の	助詞,連体化,*,*,*,*,の,ノ,ノ
子	名詞,一般,*,*,*,*,子,コ,コ
ら	名詞,接尾,一般,*,*,*,ら,ラ,ラ
に	助詞,格助詞,一般,*,*,*,に,ニ,ニ
話し	動詞,自立,*,*,五段・サ行,連用形,話す,ハナシ,ハナシ
て	助詞,接続助詞,*,*,*,*,て,テ,テ
言い	動詞,自立,*,*,五段・ワ行促音便,連用形,言う,イイ,イイ
なさい	動詞,非自立,*,*,五段・ラ行特殊,命令ｉ,なさる,ナサイ,ナサイ
，	記号,読点,*,*,*,*,，,，,，
『	記号,括弧開,*,*,*,*,『,『,『
自分	名詞,一般,*,*,*,*,自分,ジブン,ジブン
たち	名詞,接尾,一般,*,*,*,たち,タチ,タチ
の	助詞,連体化,*,*,*,*,の,ノ,ノ
ため	名詞,非自立,副詞可能,*,*,*,ため,タメ,タメ
に	助詞,格助詞,一般,*,*,*,に,ニ,ニ
，	記号,読点,*,*,*,*,，,，,，
わたし	名詞,代名詞,一般,*,*,*,わたし,ワタシ,ワタシ
が	助詞,格助詞,一般,*,*,*,が,ガ,ガ
モー	名詞,固有名詞,人名,姓,*,*,モー,モー,モー
セ	名詞,一般,*,*,*,*,セ,セ,セ
によって	助詞,格助詞,連語,*,*,*,によって,ニヨッテ,ニヨッテ
話し	動詞,自立,*,*,五段・サ行,連用形,話す,ハナシ,ハナシ
た	助動詞,*,*,*,特殊・タ,基本形,た,タ,タ
避難	名詞,サ変接続,*,*,*,*,避難,ヒナン,ヒナン
都市	名詞,一般,*,*,*,*,都市,トシ,トシ
を	助詞,格助詞,一般,*,*,*,を,ヲ,ヲ
定め	動詞,自立,*,*,一段,連用形,定める,サダメ,サダメ
なさい	動詞,非自立,*,*,五段・ラ行特殊,命令ｉ,なさる,ナサイ,ナサイ
。	記号,句点,*,*,*,*,。,。,。
意図	名詞,サ変接続,*,*,*,*,意図,イト,イト
せ	動詞,自立,*,*,サ変・スル,未然ヌ接続,する,セ,セ
ず	助動詞,*,*,*,特殊・ヌ,連用ニ接続,ぬ,ズ,ズ
，	記号,読点,*,*,*,*,，,，,，
それ	名詞,代名詞,一般,*,*,*,それ,ソレ,ソレ
と	助詞,格助詞,一般,*,*,*,と,ト,ト
知ら	動詞,自立,*,*,五段・ラ行,未然形,知る,シラ,シラ
ず	助動詞,*,*,*,特殊・ヌ,連用ニ接続,ぬ,ズ,ズ
に	助詞,格助詞,一般,*,*,*,に,ニ,ニ
魂	名詞,一般,*,*,*,*,魂,タマシイ,タマシー
を	助詞,格助詞,一般,*,*,*,を,ヲ,ヲ
打っ	動詞,自立,*,*,五段・タ行,連用タ接続,打つ,ウッ,ウッ
て	助詞,接続助詞,*,*,*,*,て,テ,テ
死な	動詞,自立,*,*,五段・ナ行,未然形,死ぬ,シナ,シナ
せ	動詞,接尾,*,*,一段,連用形,せる,セ,セ
た	助動詞,*,*,*,特殊・タ,基本形,た,タ,タ
殺人	名詞,一般,*,*,*,*,殺人,サツジン,サツジン
者	名詞,接尾,一般,*,*,*,者,シャ,シャ
が	助詞,格助詞,一般,*,*,*,が,ガ,ガ
そこ	名詞,代名詞,一般,*,*,*,そこ,ソコ,ソコ
に	助詞,格助詞,一般,*,*,*,に,ニ,ニ
逃げる	動詞,自立,*,*,一段,基本形,逃げる,ニゲル,ニゲル
ため	名詞,非自立,副詞可能,*,*,*,ため,タメ,タメ
で	助動詞,*,*,*,特殊・ダ,連用形,だ,デ,デ
ある	助動詞,*,*,*,五段・ラ行アル,基本形,ある,アル,アル
。	記号,句点,*,*,*,*,。,。,。
それ	名詞,代名詞,一般,*,*,*,それ,ソレ,ソレ
は	助詞,係助詞,*,*,*,*,は,ハ,ワ
あなた	名詞,代名詞,一般,*,*,*,あなた,アナタ,アナタ
方	名詞,接尾,一般,*,*,*,方,カタ,カタ
の	助詞,連体化,*,*,*,*,の,ノ,ノ
ため	名詞,非自立,副詞可能,*,*,*,ため,タメ,タメ
，	記号,読点,*,*,*,*,，,，,，
血	名詞,一般,*,*,*,*,血,チ,チ
の	助詞,連体化,*,*,*,*,の,ノ,ノ
復しゅう	名詞,サ変接続,*,*,*,*,復しゅう,フクシュウ,フクシュー
者	名詞,接尾,一般,*,*,*,者,シャ,シャ
から	助詞,格助詞,一般,*,*,*,から,カラ,カラ
の	助詞,連体化,*,*,*,*,の,ノ,ノ
避難	名詞,サ変接続,*,*,*,*,避難,ヒナン,ヒナン
所	名詞,接尾,一般,*,*,*,所,ショ,ショ
と	助詞,格助詞,一般,*,*,*,と,ト,ト
なる	動詞,自立,*,*,五段・ラ行,基本形,なる,ナル,ナル
。	記号,句点,*,*,*,*,。,。,。
ゆえに	接続詞,*,*,*,*,*,ゆえに,ユエニ,ユエニ
その	連体詞,*,*,*,*,*,その,ソノ,ソノ
者	名詞,非自立,一般,*,*,*,者,モノ,モノ
は	助詞,係助詞,*,*,*,*,は,ハ,ワ
それら	名詞,代名詞,一般,*,*,*,それら,ソレラ,ソレラ
の	助詞,連体化,*,*,*,*,の,ノ,ノ
都市	名詞,一般,*,*,*,*,都市,トシ,トシ
の	助詞,連体化,*,*,*,*,の,ノ,ノ
一つ	名詞,一般,*,*,*,*,一つ,ヒトツ,ヒトツ
に	助詞,格助詞,一般,*,*,*,に,ニ,ニ
逃げ	動詞,自立,*,*,一段,連用形,逃げる,ニゲ,ニゲ
，	記号,読点,*,*,*,*,，,，,，
その	連体詞,*,*,*,*,*,その,ソノ,ソノ
都市	名詞,一般,*,*,*,*,都市,トシ,トシ
の	助詞,連体化,*,*,*,*,の,ノ,ノ
門	名詞,一般,*,*,*,*,門,モン,モン
の	助詞,連体化,*,*,*,*,の,ノ,ノ
入口	名詞,一般,*,*,*,*,入口,イリグチ,イリグチ
に	助詞,格助詞,一般,*,*,*,に,ニ,ニ
立ち	動詞,自立,*,*,五段・タ行,連用形,立つ,タチ,タチ
，	記号,読点,*,*,*,*,，,，,，
都市	名詞,一般,*,*,*,*,都市,トシ,トシ
の	助詞,連体化,*,*,*,*,の,ノ,ノ
年長	名詞,一般,*,*,*,*,年長,ネンチョウ,ネンチョー
者	名詞,接尾,一般,*,*,*,者,シャ,シャ
たち	名詞,接尾,一般,*,*,*,たち,タチ,タチ
の	助詞,格助詞,一般,*,*,*,の,ノ,ノ
聞く	動詞,自立,*,*,五段・カ行イ音便,基本形,聞く,キク,キク
ところ	名詞,非自立,副詞可能,*,*,*,ところ,トコロ,トコロ
で	助詞,格助詞,一般,*,*,*,で,デ,デ
自分	名詞,一般,*,*,*,*,自分,ジブン,ジブン
の	助詞,連体化,*,*,*,*,の,ノ,ノ
言葉	名詞,一般,*,*,*,*,言葉,コトバ,コトバ
を	助詞,格助詞,一般,*,*,*,を,ヲ,ヲ
述べ	動詞,自立,*,*,一段,未然形,述べる,ノベ,ノベ
なけれ	助動詞,*,*,*,特殊・ナイ,仮定形,ない,ナケレ,ナケレ
ば	助詞,接続助詞,*,*,*,*,ば,バ,バ
なら	動詞,非自立,*,*,五段・ラ行,未然形,なる,ナラ,ナラ
ない	助動詞,*,*,*,特殊・ナイ,基本形,ない,ナイ,ナイ
。	記号,句点,*,*,*,*,。,。,。
彼ら	名詞,代名詞,一般,*,*,*,彼ら,カレラ,カレラ
は	助詞,係助詞,*,*,*,*,は,ハ,ワ
その	連体詞,*,*,*,*,*,その,ソノ,ソノ
者	名詞,非自立,一般,*,*,*,者,モノ,モノ
を	助詞,格助詞,一般,*,*,*,を,ヲ,ヲ
その	連体詞,*,*,*,*,*,その,ソノ,ソノ
都市	名詞,一般,*,*,*,*,都市,トシ,トシ
の	助詞,連体化,*,*,*,*,の,ノ,ノ
中	名詞,非自立,副詞可能,*,*,*,中,ナカ,ナカ
，	記号,読点,*,*,*,*,，,，,，
自分	名詞,一般,*,*,*,*,自分,ジブン,ジブン
たち	名詞,接尾,一般,*,*,*,たち,タチ,タチ
の	助詞,連体化,*,*,*,*,の,ノ,ノ
もと	名詞,非自立,一般,*,*,*,もと,モト,モト
に	助詞,格助詞,一般,*,*,*,に,ニ,ニ
迎え入れ	動詞,自立,*,*,一段,連用形,迎え入れる,ムカエイレ,ムカエイレ
て	助詞,接続助詞,*,*,*,*,て,テ,テ
場所	名詞,一般,*,*,*,*,場所,バショ,バショ
を	助詞,格助詞,一般,*,*,*,を,ヲ,ヲ
与え	動詞,自立,*,*,一段,連用形,与える,アタエ,アタエ
，	記号,読点,*,*,*,*,，,，,，
その	連体詞,*,*,*,*,*,その,ソノ,ソノ
者	名詞,非自立,一般,*,*,*,者,モノ,モノ
は	助詞,係助詞,*,*,*,*,は,ハ,ワ
彼ら	名詞,代名詞,一般,*,*,*,彼ら,カレラ,カレラ
と	助詞,格助詞,一般,*,*,*,と,ト,ト
共に	副詞,一般,*,*,*,*,共に,トモニ,トモニ
住む	動詞,自立,*,*,五段・マ行,基本形,住む,スム,スム
こと	名詞,非自立,一般,*,*,*,こと,コト,コト
に	助詞,格助詞,一般,*,*,*,に,ニ,ニ
なる	動詞,自立,*,*,五段・ラ行,基本形,なる,ナル,ナル
。	記号,句点,*,*,*,*,。,。,。
そして	接続詞,*,*,*,*,*,そして,ソシテ,ソシテ
，	記号,読点,*,*,*,*,，,，,，
血	名詞,一般,*,*,*,*,血,チ,チ
の	助詞,連体化,*,*,*,*,の,ノ,ノ
復しゅう	名詞,サ変接続,*,*,*,*,復しゅう,フクシュウ,フクシュー
者	名詞,接尾,一般,*,*,*,者,シャ,シャ
が	助詞,格助詞,一般,*,*,*,が,ガ,ガ
追いかけ	動詞,自立,*,*,一段,連用形,追いかける,オイカケ,オイカケ
て	助詞,接続助詞,*,*,*,*,て,テ,テ
来る	動詞,非自立,*,*,カ変・来ル,基本形,来る,クル,クル
場合	名詞,副詞可能,*,*,*,*,場合,バアイ,バアイ
でも	助詞,副助詞,*,*,*,*,でも,デモ,デモ
，	記号,読点,*,*,*,*,，,，,，
その	連体詞,*,*,*,*,*,その,ソノ,ソノ
殺人	名詞,一般,*,*,*,*,殺人,サツジン,サツジン
者	名詞,接尾,一般,*,*,*,者,シャ,シャ
を	助詞,格助詞,一般,*,*,*,を,ヲ,ヲ
その	連体詞,*,*,*,*,*,その,ソノ,ソノ
手	名詞,一般,*,*,*,*,手,テ,テ
に	助詞,格助詞,一般,*,*,*,に,ニ,ニ
引き渡し	動詞,自立,*,*,五段・サ行,連用形,引き渡す,ヒキワタシ,ヒキワタシ
て	助詞,接続助詞,*,*,*,*,て,テ,テ
は	助詞,係助詞,*,*,*,*,は,ハ,ワ
いけ	動詞,非自立,*,*,一段,未然形,いける,イケ,イケ
ない	助動詞,*,*,*,特殊・ナイ,基本形,ない,ナイ,ナイ
。	記号,句点,*,*,*,*,。,。,。
それ	名詞,代名詞,一般,*,*,*,それ,ソレ,ソレ
と	助詞,格助詞,一般,*,*,*,と,ト,ト
知ら	動詞,自立,*,*,五段・ラ行,未然形,知る,シラ,シラ
ず	助動詞,*,*,*,特殊・ヌ,連用ニ接続,ぬ,ズ,ズ
に	助詞,格助詞,一般,*,*,*,に,ニ,ニ
仲間	名詞,一般,*,*,*,*,仲間,ナカマ,ナカマ
の	助詞,連体化,*,*,*,*,の,ノ,ノ
者	名詞,非自立,一般,*,*,*,者,モノ,モノ
を	助詞,格助詞,一般,*,*,*,を,ヲ,ヲ
打っ	動詞,自立,*,*,五段・タ行,連用タ接続,打つ,ウッ,ウッ
て	助詞,接続助詞,*,*,*,*,て,テ,テ
死な	動詞,自立,*,*,五段・ナ行,未然形,死ぬ,シナ,シナ
せ	動詞,接尾,*,*,一段,連用形,せる,セ,セ
た	助動詞,*,*,*,特殊・タ,基本形,た,タ,タ
の	名詞,非自立,一般,*,*,*,の,ノ,ノ
で	助動詞,*,*,*,特殊・ダ,連用形,だ,デ,デ
あり	助動詞,*,*,*,五段・ラ行アル,連用形,ある,アリ,アリ
，	記号,読点,*,*,*,*,，,，,，
これ	名詞,代名詞,一般,*,*,*,これ,コレ,コレ
を	助詞,格助詞,一般,*,*,*,を,ヲ,ヲ
以前	名詞,副詞可能,*,*,*,*,以前,イゼン,イゼン
から	助詞,格助詞,一般,*,*,*,から,カラ,カラ
憎ん	動詞,自立,*,*,五段・マ行,連用タ接続,憎む,ニクン,ニクン
で	助詞,接続助詞,*,*,*,*,で,デ,デ
い	動詞,非自立,*,*,一段,連用形,いる,イ,イ
た	助動詞,*,*,*,特殊・タ,基本形,た,タ,タ
の	名詞,非自立,一般,*,*,*,の,ノ,ノ
で	助動詞,*,*,*,特殊・ダ,連用形,だ,デ,デ
は	助詞,係助詞,*,*,*,*,は,ハ,ワ
ない	形容詞,自立,*,*,形容詞・アウオ段,基本形,ない,ナイ,ナイ
から	助詞,接続助詞,*,*,*,*,から,カラ,カラ
で	助動詞,*,*,*,特殊・ダ,連用形,だ,デ,デ
ある	助動詞,*,*,*,五段・ラ行アル,基本形,ある,アル,アル
。	記号,句点,*,*,*,*,。,。,。
そして	接続詞,*,*,*,*,*,そして,ソシテ,ソシテ
その	連体詞,*,*,*,*,*,その,ソノ,ソノ
者	名詞,非自立,一般,*,*,*,者,モノ,モノ
は	助詞,係助詞,*,*,*,*,は,ハ,ワ
，	記号,読点,*,*,*,*,，,，,，
裁き	名詞,一般,*,*,*,*,裁き,サバキ,サバキ
の	助詞,連体化,*,*,*,*,の,ノ,ノ
ため	名詞,非自立,副詞可能,*,*,*,ため,タメ,タメ
に	助詞,格助詞,一般,*,*,*,に,ニ,ニ
集会	名詞,サ変接続,*,*,*,*,集会,シュウカイ,シューカイ
の	助詞,連体化,*,*,*,*,の,ノ,ノ
前	名詞,副詞可能,*,*,*,*,前,マエ,マエ
に	助詞,格助詞,一般,*,*,*,に,ニ,ニ
立つ	動詞,自立,*,*,五段・タ行,基本形,立つ,タツ,タツ
まで	助詞,副助詞,*,*,*,*,まで,マデ,マデ
，	記号,読点,*,*,*,*,，,，,，
その	連体詞,*,*,*,*,*,その,ソノ,ソノ
時	名詞,非自立,副詞可能,*,*,*,時,トキ,トキ
に	助詞,格助詞,一般,*,*,*,に,ニ,ニ
いる	動詞,自立,*,*,一段,基本形,いる,イル,イル
大	接頭詞,名詞接続,*,*,*,*,大,ダイ,ダイ
祭司	名詞,一般,*,*,*,*,祭司,サイシ,サイシ
の	助詞,連体化,*,*,*,*,の,ノ,ノ
死	名詞,一般,*,*,*,*,死,シ,シ
まで	助詞,副助詞,*,*,*,*,まで,マデ,マデ
その	連体詞,*,*,*,*,*,その,ソノ,ソノ
都市	名詞,一般,*,*,*,*,都市,トシ,トシ
に	助詞,格助詞,一般,*,*,*,に,ニ,ニ
住ん	動詞,自立,*,*,五段・マ行,連用タ接続,住む,スン,スン
で	助詞,接続助詞,*,*,*,*,で,デ,デ
い	動詞,非自立,*,*,一段,未然形,いる,イ,イ
なけれ	助動詞,*,*,*,特殊・ナイ,仮定形,ない,ナケレ,ナケレ
ば	助詞,接続助詞,*,*,*,*,ば,バ,バ
なら	動詞,非自立,*,*,五段・ラ行,未然形,なる,ナラ,ナラ
ない	助動詞,*,*,*,特殊・ナイ,基本形,ない,ナイ,ナイ
。	記号,句点,*,*,*,*,。,。,。
こうして	接続詞,*,*,*,*,*,こうして,コウシテ,コーシテ
後	名詞,接尾,副詞可能,*,*,*,後,ゴ,ゴ
に	助詞,格助詞,一般,*,*,*,に,ニ,ニ
その	連体詞,*,*,*,*,*,その,ソノ,ソノ
殺人	名詞,一般,*,*,*,*,殺人,サツジン,サツジン
者	名詞,接尾,一般,*,*,*,者,シャ,シャ
は	助詞,係助詞,*,*,*,*,は,ハ,ワ
戻っ	動詞,自立,*,*,五段・ラ行,連用タ接続,戻る,モドッ,モドッ
て	助詞,接続助詞,*,*,*,*,て,テ,テ
よい	形容詞,非自立,*,*,形容詞・アウオ段,基本形,よい,ヨイ,ヨイ
。	記号,句点,*,*,*,*,。,。,。
その	連体詞,*,*,*,*,*,その,ソノ,ソノ
者	名詞,非自立,一般,*,*,*,者,モノ,モノ
は	助詞,係助詞,*,*,*,*,は,ハ,ワ
自分	名詞,一般,*,*,*,*,自分,ジブン,ジブン
の	助詞,連体化,*,*,*,*,の,ノ,ノ
都市	名詞,一般,*,*,*,*,都市,トシ,トシ
，	記号,読点,*,*,*,*,，,，,，
自分	名詞,一般,*,*,*,*,自分,ジブン,ジブン
の	助詞,連体化,*,*,*,*,の,ノ,ノ
家	名詞,一般,*,*,*,*,家,イエ,イエ
へ	助詞,格助詞,一般,*,*,*,へ,ヘ,エ
，	記号,読点,*,*,*,*,，,，,，
自分	名詞,一般,*,*,*,*,自分,ジブン,ジブン
が	助詞,格助詞,一般,*,*,*,が,ガ,ガ
逃げ	動詞,自立,*,*,一段,連用形,逃げる,ニゲ,ニゲ
て	助詞,接続助詞,*,*,*,*,て,テ,テ
来	動詞,非自立,*,*,カ変・来ル,連用形,来る,キ,キ
た	助動詞,*,*,*,特殊・タ,基本形,た,タ,タ
もと	名詞,非自立,一般,*,*,*,もと,モト,モト
の	助詞,連体化,*,*,*,*,の,ノ,ノ
都市	名詞,一般,*,*,*,*,都市,トシ,トシ
に	助詞,格助詞,一般,*,*,*,に,ニ,ニ
入る	動詞,自立,*,*,五段・ラ行,基本形,入る,ハイル,ハイル
こと	名詞,非自立,一般,*,*,*,こと,コト,コト
に	助詞,格助詞,一般,*,*,*,に,ニ,ニ
なる	動詞,自立,*,*,五段・ラ行,基本形,なる,ナル,ナル
』	記号,括弧閉,*,*,*,*,』,』,』
」	記号,括弧閉,*,*,*,*,」,」,」
。	記号,句点,*,*,*,*,。,。,。
そこで	接続詞,*,*,*,*,*,そこで,ソコデ,ソコデ
彼ら	名詞,代名詞,一般,*,*,*,彼ら,カレラ,カレラ
は	助詞,係助詞,*,*,*,*,は,ハ,ワ
，	記号,読点,*,*,*,*,，,，,，
ナフタリ	名詞,一般,*,*,*,*,*
の	助詞,連体化,*,*,*,*,の,ノ,ノ
山地	名詞,一般,*,*,*,*,山地,サンチ,サンチ
に	助詞,格助詞,一般,*,*,*,に,ニ,ニ
ある	動詞,自立,*,*,五段・ラ行,基本形,ある,アル,アル
ガリラヤ	名詞,一般,*,*,*,*,*
の	助詞,連体化,*,*,*,*,の,ノ,ノ
ケデシュ	名詞,一般,*,*,*,*,*
，	記号,読点,*,*,*,*,，,，,，
エフライム	名詞,一般,*,*,*,*,*
の	助詞,連体化,*,*,*,*,の,ノ,ノ
山地	名詞,一般,*,*,*,*,山地,サンチ,サンチ
の	助詞,連体化,*,*,*,*,の,ノ,ノ
シェケム	名詞,一般,*,*,*,*,*
，	記号,読点,*,*,*,*,，,，,，
ユダ	名詞,一般,*,*,*,*,*
の	助詞,連体化,*,*,*,*,の,ノ,ノ
山地	名詞,一般,*,*,*,*,山地,サンチ,サンチ
に	助詞,格助詞,一般,*,*,*,に,ニ,ニ
ある	動詞,自立,*,*,五段・ラ行,基本形,ある,アル,アル
キルヤト	名詞,一般,*,*,*,*,*
･	名詞,サ変接続,*,*,*,*,*
アルバ	名詞,一般,*,*,*,*,*
つまり	名詞,一般,*,*,*,*,つまり,ツマリ,ツマリ
ヘブロン	名詞,固有名詞,地域,一般,*,*,ヘブロン,ヘブロン,ヘブロン
に	助詞,格助詞,一般,*,*,*,に,ニ,ニ
神聖	名詞,形容動詞語幹,*,*,*,*,神聖,シンセイ,シンセイ
な	助動詞,*,*,*,特殊・ダ,体言接続,だ,ナ,ナ
地位	名詞,一般,*,*,*,*,地位,チイ,チイ
を	助詞,格助詞,一般,*,*,*,を,ヲ,ヲ
与え	動詞,自立,*,*,一段,連用形,与える,アタエ,アタエ
た	助動詞,*,*,*,特殊・タ,基本形,た,タ,タ
。	記号,句点,*,*,*,*,。,。,。
また	接続詞,*,*,*,*,*,また,マタ,マタ
，	記号,読点,*,*,*,*,，,，,，
ヨルダン	名詞,固有名詞,地域,国,*,*,ヨルダン,ヨルダン,ヨルダン
の	助詞,連体化,*,*,*,*,の,ノ,ノ
地方	名詞,一般,*,*,*,*,地方,チホウ,チホー
，	記号,読点,*,*,*,*,，,，,，
エリコ	名詞,固有名詞,地域,一般,*,*,エリコ,エリコ,エリコ
の	助詞,連体化,*,*,*,*,の,ノ,ノ
ところ	名詞,非自立,副詞可能,*,*,*,ところ,トコロ,トコロ
，	記号,読点,*,*,*,*,，,，,，
その	連体詞,*,*,*,*,*,その,ソノ,ソノ
東側	名詞,一般,*,*,*,*,東側,ヒガシガワ,ヒガシガワ
で	助詞,格助詞,一般,*,*,*,で,デ,デ
は	助詞,係助詞,*,*,*,*,は,ハ,ワ
，	記号,読点,*,*,*,*,，,，,，
ルベン	名詞,一般,*,*,*,*,*
の	助詞,連体化,*,*,*,*,の,ノ,ノ
部族	名詞,一般,*,*,*,*,部族,ブゾク,ブゾク
から	助詞,格助詞,一般,*,*,*,から,カラ,カラ
台地	名詞,一般,*,*,*,*,台地,ダイチ,ダイチ
の	助詞,連体化,*,*,*,*,の,ノ,ノ
荒野	名詞,一般,*,*,*,*,荒野,アラノ,アラノ
に	助詞,格助詞,一般,*,*,*,に,ニ,ニ
ある	動詞,自立,*,*,五段・ラ行,基本形,ある,アル,アル
ベツェル	名詞,一般,*,*,*,*,*
，	記号,読点,*,*,*,*,，,，,，
ガド	名詞,一般,*,*,*,*,*
の	助詞,連体化,*,*,*,*,の,ノ,ノ
部族	名詞,一般,*,*,*,*,部族,ブゾク,ブゾク
から	助詞,格助詞,一般,*,*,*,から,カラ,カラ
ギレアデ	名詞,一般,*,*,*,*,*
の	助詞,連体化,*,*,*,*,の,ノ,ノ
ラモト	名詞,一般,*,*,*,*,*
，	記号,読点,*,*,*,*,，,，,，
マナセ	名詞,一般,*,*,*,*,*
の	助詞,連体化,*,*,*,*,の,ノ,ノ
部族	名詞,一般,*,*,*,*,部族,ブゾク,ブゾク
から	助詞,格助詞,一般,*,*,*,から,カラ,カラ
バシャン	名詞,一般,*,*,*,*,*
の	助詞,連体化,*,*,*,*,の,ノ,ノ
ゴラン	名詞,固有名詞,地域,一般,*,*,ゴラン,ゴラン,ゴラン
を	助詞,格助詞,一般,*,*,*,を,ヲ,ヲ
与え	動詞,自立,*,*,一段,連用形,与える,アタエ,アタエ
た	助動詞,*,*,*,特殊・タ,基本形,た,タ,タ
。	記号,句点,*,*,*,*,。,。,。
これら	名詞,代名詞,一般,*,*,*,これら,コレラ,コレラ
は	助詞,係助詞,*,*,*,*,は,ハ,ワ
，	記号,読点,*,*,*,*,，,，,，
イスラエル	名詞,固有名詞,地域,国,*,*,イスラエル,イスラエル,イスラエル
の	助詞,連体化,*,*,*,*,の,ノ,ノ
すべて	名詞,副詞可能,*,*,*,*,すべて,スベテ,スベテ
の	助詞,連体化,*,*,*,*,の,ノ,ノ
子	名詞,一般,*,*,*,*,子,コ,コ
ら	名詞,接尾,一般,*,*,*,ら,ラ,ラ
の	助詞,連体化,*,*,*,*,の,ノ,ノ
ため	名詞,非自立,副詞可能,*,*,*,ため,タメ,タメ
，	記号,読点,*,*,*,*,，,，,，
また	接続詞,*,*,*,*,*,また,マタ,マタ
その	連体詞,*,*,*,*,*,その,ソノ,ソノ
中	名詞,非自立,副詞可能,*,*,*,中,ナカ,ナカ
に	助詞,格助詞,一般,*,*,*,に,ニ,ニ
外国	名詞,一般,*,*,*,*,外国,ガイコク,ガイコク
人	名詞,接尾,一般,*,*,*,人,ジン,ジン
として	助詞,格助詞,連語,*,*,*,として,トシテ,トシテ
住む	動詞,自立,*,*,五段・マ行,基本形,住む,スム,スム
外人	名詞,一般,*,*,*,*,外人,ガイジン,ガイジン
居留	名詞,サ変接続,*,*,*,*,居留,キョリュウ,キョリュー
者	名詞,接尾,一般,*,*,*,者,シャ,シャ
の	助詞,連体化,*,*,*,*,の,ノ,ノ
ため	名詞,非自立,副詞可能,*,*,*,ため,タメ,タメ
に	助詞,格助詞,一般,*,*,*,に,ニ,ニ
定め	動詞,自立,*,*,一段,未然形,定める,サダメ,サダメ
られ	動詞,接尾,*,*,一段,連用形,られる,ラレ,ラレ
た	助動詞,*,*,*,特殊・タ,基本形,た,タ,タ
都市	名詞,一般,*,*,*,*,都市,トシ,トシ
と	助詞,格助詞,一般,*,*,*,と,ト,ト
なっ	動詞,自立,*,*,五段・ラ行,連用タ接続,なる,ナッ,ナッ
た	助動詞,*,*,*,特殊・タ,基本形,た,タ,タ
。	記号,句点,*,*,*,*,。,。,。
すべて	名詞,副詞可能,*,*,*,*,すべて,スベテ,スベテ
意図	名詞,サ変接続,*,*,*,*,意図,イト,イト
せ	動詞,自立,*,*,サ変・スル,未然ヌ接続,する,セ,セ
ず	助動詞,*,*,*,特殊・ヌ,連用ニ接続,ぬ,ズ,ズ
に	助詞,格助詞,一般,*,*,*,に,ニ,ニ
魂	名詞,一般,*,*,*,*,魂,タマシイ,タマシー
を	助詞,格助詞,一般,*,*,*,を,ヲ,ヲ
打っ	動詞,自立,*,*,五段・タ行,連用タ接続,打つ,ウッ,ウッ
て	助詞,接続助詞,*,*,*,*,て,テ,テ
死な	動詞,自立,*,*,五段・ナ行,未然形,死ぬ,シナ,シナ
せ	動詞,接尾,*,*,一段,連用形,せる,セ,セ
た	助動詞,*,*,*,特殊・タ,基本形,た,タ,タ
者	名詞,非自立,一般,*,*,*,者,モノ,モノ
が	助詞,格助詞,一般,*,*,*,が,ガ,ガ
そこ	名詞,代名詞,一般,*,*,*,そこ,ソコ,ソコ
に	助詞,格助詞,一般,*,*,*,に,ニ,ニ
逃げる	動詞,自立,*,*,一段,基本形,逃げる,ニゲル,ニゲル
ため	名詞,非自立,副詞可能,*,*,*,ため,タメ,タメ
，	記号,読点,*,*,*,*,，,，,，
その	連体詞,*,*,*,*,*,その,ソノ,ソノ
者	名詞,非自立,一般,*,*,*,者,モノ,モノ
が	助詞,格助詞,一般,*,*,*,が,ガ,ガ
集会	名詞,サ変接続,*,*,*,*,集会,シュウカイ,シューカイ
の	助詞,連体化,*,*,*,*,の,ノ,ノ
前	名詞,副詞可能,*,*,*,*,前,マエ,マエ
に	助詞,格助詞,一般,*,*,*,に,ニ,ニ
立つ	動詞,自立,*,*,五段・タ行,基本形,立つ,タツ,タツ
まで	助詞,副助詞,*,*,*,*,まで,マデ,マデ
に	助詞,格助詞,一般,*,*,*,に,ニ,ニ
血	名詞,一般,*,*,*,*,血,チ,チ
の	助詞,連体化,*,*,*,*,の,ノ,ノ
復しゅう	名詞,サ変接続,*,*,*,*,復しゅう,フクシュウ,フクシュー
者	名詞,接尾,一般,*,*,*,者,シャ,シャ
の	助詞,連体化,*,*,*,*,の,ノ,ノ
手	名詞,一般,*,*,*,*,手,テ,テ
に	助詞,格助詞,一般,*,*,*,に,ニ,ニ
かかっ	動詞,自立,*,*,五段・ラ行,連用タ接続,かかる,カカッ,カカッ
て	助詞,接続助詞,*,*,*,*,て,テ,テ
死ぬ	動詞,自立,*,*,五段・ナ行,基本形,死ぬ,シヌ,シヌ
こと	名詞,非自立,一般,*,*,*,こと,コト,コト
の	助詞,格助詞,一般,*,*,*,の,ノ,ノ
ない	形容詞,自立,*,*,形容詞・アウオ段,基本形,ない,ナイ,ナイ
ため	名詞,非自立,副詞可能,*,*,*,ため,タメ,タメ
で	助動詞,*,*,*,特殊・ダ,連用形,だ,デ,デ
ある	助動詞,*,*,*,五段・ラ行アル,基本形,ある,アル,アル
。	記号,句点,*,*,*,*,。,。,。
EOS
