兄弟	名詞,一般,*,*,*,*,兄弟,キョウダイ,キョーダイ
たち	名詞,接尾,一般,*,*,*,たち,タチ,タチ
，	記号,読点,*,*,*,*,，,，,，
確か	名詞,形容動詞語幹,*,*,*,*,確か,タシカ,タシカ
に	助詞,副詞化,*,*,*,*,に,ニ,ニ
あなた	名詞,代名詞,一般,*,*,*,あなた,アナタ,アナタ
方	名詞,接尾,一般,*,*,*,方,カタ,カタ
自身	名詞,一般,*,*,*,*,自身,ジシン,ジシン
が	助詞,格助詞,一般,*,*,*,が,ガ,ガ
知っ	動詞,自立,*,*,五段・ラ行,連用タ接続,知る,シッ,シッ
て	助詞,接続助詞,*,*,*,*,て,テ,テ
いる	動詞,非自立,*,*,一段,基本形,いる,イル,イル
とおり	名詞,非自立,副詞可能,*,*,*,とおり,トオリ,トーリ
です	助動詞,*,*,*,特殊・デス,基本形,です,デス,デス
が	助詞,接続助詞,*,*,*,*,が,ガ,ガ
，	記号,読点,*,*,*,*,，,，,，
わたし	名詞,代名詞,一般,*,*,*,わたし,ワタシ,ワタシ
たち	名詞,接尾,一般,*,*,*,たち,タチ,タチ
が	助詞,格助詞,一般,*,*,*,が,ガ,ガ
あなた	名詞,代名詞,一般,*,*,*,あなた,アナタ,アナタ
方	名詞,接尾,一般,*,*,*,方,カタ,カタ
を	助詞,格助詞,一般,*,*,*,を,ヲ,ヲ
訪ね	動詞,自立,*,*,一段,連用形,訪ねる,タズネ,タズネ
た	助動詞,*,*,*,特殊・タ,基本形,た,タ,タ
こと	名詞,非自立,一般,*,*,*,こと,コト,コト
は	助詞,係助詞,*,*,*,*,は,ハ,ワ
無駄	名詞,形容動詞語幹,*,*,*,*,無駄,ムダ,ムダ
で	助動詞,*,*,*,特殊・ダ,連用形,だ,デ,デ
は	助詞,係助詞,*,*,*,*,は,ハ,ワ
あり	動詞,自立,*,*,五段・ラ行,連用形,ある,アリ,アリ
ませ	助動詞,*,*,*,特殊・マス,未然形,ます,マセ,マセ
ん	助動詞,*,*,*,不変化型,基本形,ん,ン,ン
でし	助動詞,*,*,*,特殊・デス,連用形,です,デシ,デシ
た	助動詞,*,*,*,特殊・タ,基本形,た,タ,タ
。	記号,句点,*,*,*,*,。,。,。
むしろ	副詞,一般,*,*,*,*,むしろ,ムシロ,ムシロ
わたし	名詞,代名詞,一般,*,*,*,わたし,ワタシ,ワタシ
たち	名詞,接尾,一般,*,*,*,たち,タチ,タチ
は	助詞,係助詞,*,*,*,*,は,ハ,ワ
，	記号,読点,*,*,*,*,，,，,，
初め	名詞,副詞可能,*,*,*,*,初め,ハジメ,ハジメ
に	助詞,格助詞,一般,*,*,*,に,ニ,ニ
フィリピ	名詞,一般,*,*,*,*,*
で	助詞,格助詞,一般,*,*,*,で,デ,デ
苦しみ	名詞,一般,*,*,*,*,苦しみ,クルシミ,クルシミ
に	助詞,格助詞,一般,*,*,*,に,ニ,ニ
遭っ	動詞,自立,*,*,五段・ワ行促音便,連用タ接続,遭う,アッ,アッ
て	助詞,接続助詞,*,*,*,*,て,テ,テ
不遜	名詞,形容動詞語幹,*,*,*,*,不遜,フソン,フソン
に	助詞,副詞化,*,*,*,*,に,ニ,ニ
あしらわ	動詞,自立,*,*,五段・ワ行促音便,未然形,あしらう,アシラワ,アシラワ
れ	動詞,接尾,*,*,一段,連用形,れる,レ,レ
た	助動詞,*,*,*,特殊・タ,基本形,た,タ,タ
後	名詞,非自立,副詞可能,*,*,*,後,ノチ,ノチ
でし	助動詞,*,*,*,特殊・デス,連用形,です,デシ,デシ
た	助動詞,*,*,*,特殊・タ,基本形,た,タ,タ
が	助詞,接続助詞,*,*,*,*,が,ガ,ガ
（	記号,括弧開,*,*,*,*,（,（,（
あなた	名詞,代名詞,一般,*,*,*,あなた,アナタ,アナタ
方	名詞,接尾,一般,*,*,*,方,カタ,カタ
が	助詞,格助詞,一般,*,*,*,が,ガ,ガ
知っ	動詞,自立,*,*,五段・ラ行,連用タ接続,知る,シッ,シッ
て	助詞,接続助詞,*,*,*,*,て,テ,テ
いる	動詞,非自立,*,*,一段,基本形,いる,イル,イル
とおり	名詞,非自立,副詞可能,*,*,*,とおり,トオリ,トーリ
です	助動詞,*,*,*,特殊・デス,基本形,です,デス,デス
）	記号,括弧閉,*,*,*,*,）,）,）
，	記号,読点,*,*,*,*,，,，,，
わたし	名詞,代名詞,一般,*,*,*,わたし,ワタシ,ワタシ
たち	名詞,接尾,一般,*,*,*,たち,タチ,タチ
の	助詞,連体化,*,*,*,*,の,ノ,ノ
神	名詞,一般,*,*,*,*,神,カミ,カミ
によって	助詞,格助詞,連語,*,*,*,によって,ニヨッテ,ニヨッテ
大胆	名詞,形容動詞語幹,*,*,*,*,大胆,ダイタン,ダイタン
さ	名詞,接尾,特殊,*,*,*,さ,サ,サ
を	助詞,格助詞,一般,*,*,*,を,ヲ,ヲ
奮い起こし	動詞,自立,*,*,五段・サ行,連用形,奮い起こす,フルイオコシ,フルイオコシ
，	記号,読点,*,*,*,*,，,，,，
非常	名詞,形容動詞語幹,*,*,*,*,非常,ヒジョウ,ヒジョー
な	助動詞,*,*,*,特殊・ダ,体言接続,だ,ナ,ナ
苦闘	名詞,サ変接続,*,*,*,*,苦闘,クトウ,クトー
の	助詞,連体化,*,*,*,*,の,ノ,ノ
中	名詞,非自立,副詞可能,*,*,*,中,ナカ,ナカ
で	助詞,格助詞,一般,*,*,*,で,デ,デ
あなた	名詞,代名詞,一般,*,*,*,あなた,アナタ,アナタ
方	名詞,接尾,一般,*,*,*,方,カタ,カタ
に	助詞,格助詞,一般,*,*,*,に,ニ,ニ
神	名詞,一般,*,*,*,*,神,カミ,カミ
の	助詞,格助詞,一般,*,*,*,の,ノ,ノ
良い	形容詞,自立,*,*,形容詞・アウオ段,基本形,良い,ヨイ,ヨイ
たより	名詞,ナイ形容詞語幹,*,*,*,*,たより,タヨリ,タヨリ
を	助詞,格助詞,一般,*,*,*,を,ヲ,ヲ
語っ	動詞,自立,*,*,五段・ラ行,連用タ接続,語る,カタッ,カタッ
た	助動詞,*,*,*,特殊・タ,基本形,た,タ,タ
の	名詞,非自立,一般,*,*,*,の,ノ,ノ
です	助動詞,*,*,*,特殊・デス,基本形,です,デス,デス
。	記号,句点,*,*,*,*,。,。,。
わたし	名詞,代名詞,一般,*,*,*,わたし,ワタシ,ワタシ
たち	名詞,接尾,一般,*,*,*,たち,タチ,タチ
が	助詞,格助詞,一般,*,*,*,が,ガ,ガ
する	動詞,自立,*,*,サ変・スル,基本形,する,スル,スル
勧め	名詞,一般,*,*,*,*,勧め,ススメ,ススメ
は	助詞,係助詞,*,*,*,*,は,ハ,ワ
，	記号,読点,*,*,*,*,，,，,，
誤り	名詞,一般,*,*,*,*,誤り,アヤマリ,アヤマリ
や	助詞,並立助詞,*,*,*,*,や,ヤ,ヤ
汚れ	名詞,一般,*,*,*,*,汚れ,ヨゴレ,ヨゴレ
から	助詞,格助詞,一般,*,*,*,から,カラ,カラ
出る	動詞,自立,*,*,一段,基本形,出る,デル,デル
もの	名詞,非自立,一般,*,*,*,もの,モノ,モノ
で	助動詞,*,*,*,特殊・ダ,連用形,だ,デ,デ
も	助詞,係助詞,*,*,*,*,も,モ,モ
，	記号,読点,*,*,*,*,，,，,，
欺まん	名詞,サ変接続,*,*,*,*,欺まん,ギマン,ギマン
を	助詞,格助詞,一般,*,*,*,を,ヲ,ヲ
伴う	動詞,自立,*,*,五段・ワ行促音便,基本形,伴う,トモナウ,トモナウ
もの	名詞,非自立,一般,*,*,*,もの,モノ,モノ
で	助動詞,*,*,*,特殊・ダ,連用形,だ,デ,デ
も	助詞,係助詞,*,*,*,*,も,モ,モ
あり	動詞,自立,*,*,五段・ラ行,連用形,ある,アリ,アリ
ませ	助動詞,*,*,*,特殊・マス,未然形,ます,マセ,マセ
ん	助動詞,*,*,*,不変化型,基本形,ん,ン,ン
。	記号,句点,*,*,*,*,。,。,。
わたし	名詞,代名詞,一般,*,*,*,わたし,ワタシ,ワタシ
たち	名詞,接尾,一般,*,*,*,たち,タチ,タチ
は	助詞,係助詞,*,*,*,*,は,ハ,ワ
，	記号,読点,*,*,*,*,，,，,，
自分	名詞,一般,*,*,*,*,自分,ジブン,ジブン
が	助詞,格助詞,一般,*,*,*,が,ガ,ガ
神	名詞,一般,*,*,*,*,神,カミ,カミ
によって	助詞,格助詞,連語,*,*,*,によって,ニヨッテ,ニヨッテ
吟味	名詞,サ変接続,*,*,*,*,吟味,ギンミ,ギンミ
さ	動詞,自立,*,*,サ変・スル,未然レル接続,する,サ,サ
れ	動詞,接尾,*,*,一段,連用形,れる,レ,レ
，	記号,読点,*,*,*,*,，,，,，
良い	形容詞,自立,*,*,形容詞・アウオ段,基本形,良い,ヨイ,ヨイ
たより	名詞,ナイ形容詞語幹,*,*,*,*,たより,タヨリ,タヨリ
を	助詞,格助詞,一般,*,*,*,を,ヲ,ヲ
託さ	動詞,自立,*,*,五段・サ行,未然形,託す,タクサ,タクサ
れる	動詞,接尾,*,*,一段,基本形,れる,レル,レル
に	助詞,格助詞,一般,*,*,*,に,ニ,ニ
ふさわしい	形容詞,自立,*,*,形容詞・イ段,基本形,ふさわしい,フサワシイ,フサワシイ
者	名詞,非自立,一般,*,*,*,者,モノ,モノ
と	助詞,格助詞,引用,*,*,*,と,ト,ト
さ	動詞,自立,*,*,サ変・スル,未然レル接続,する,サ,サ
れ	動詞,接尾,*,*,一段,連用形,れる,レ,レ
た	助動詞,*,*,*,特殊・タ,基本形,た,タ,タ
こと	名詞,非自立,一般,*,*,*,こと,コト,コト
に	助詞,格助詞,一般,*,*,*,に,ニ,ニ
したがっ	動詞,自立,*,*,五段・ワ行促音便,連用タ接続,したがう,シタガッ,シタガッ
て	助詞,接続助詞,*,*,*,*,て,テ,テ
，	記号,読点,*,*,*,*,，,，,，
人間	名詞,一般,*,*,*,*,人間,ニンゲン,ニンゲン
で	助詞,格助詞,一般,*,*,*,で,デ,デ
は	助詞,係助詞,*,*,*,*,は,ハ,ワ
なく	助動詞,*,*,*,特殊・ナイ,連用テ接続,ない,ナク,ナク
，	記号,読点,*,*,*,*,，,，,，
わたし	名詞,代名詞,一般,*,*,*,わたし,ワタシ,ワタシ
たち	名詞,接尾,一般,*,*,*,たち,タチ,タチ
の	助詞,連体化,*,*,*,*,の,ノ,ノ
心	名詞,一般,*,*,*,*,心,ココロ,ココロ
を	助詞,格助詞,一般,*,*,*,を,ヲ,ヲ
吟味	名詞,サ変接続,*,*,*,*,吟味,ギンミ,ギンミ
さ	動詞,自立,*,*,サ変・スル,未然レル接続,する,サ,サ
れる	動詞,接尾,*,*,一段,基本形,れる,レル,レル
神	名詞,一般,*,*,*,*,神,カミ,カミ
を	助詞,格助詞,一般,*,*,*,を,ヲ,ヲ
喜ば	動詞,自立,*,*,五段・バ行,未然形,喜ぶ,ヨロコバ,ヨロコバ
せる	動詞,接尾,*,*,一段,基本形,せる,セル,セル
者	名詞,非自立,一般,*,*,*,者,モノ,モノ
として	助詞,格助詞,連語,*,*,*,として,トシテ,トシテ
語る	動詞,自立,*,*,五段・ラ行,基本形,語る,カタル,カタル
の	名詞,非自立,一般,*,*,*,の,ノ,ノ
です	助動詞,*,*,*,特殊・デス,基本形,です,デス,デス
。	記号,句点,*,*,*,*,。,。,。
実際	副詞,助詞類接続,*,*,*,*,実際,ジッサイ,ジッサイ
わたし	名詞,代名詞,一般,*,*,*,わたし,ワタシ,ワタシ
たち	名詞,接尾,一般,*,*,*,たち,タチ,タチ
は	助詞,係助詞,*,*,*,*,は,ハ,ワ
，	記号,読点,*,*,*,*,，,，,，
どんな	連体詞,*,*,*,*,*,どんな,ドンナ,ドンナ
場合	名詞,副詞可能,*,*,*,*,場合,バアイ,バアイ
に	助詞,格助詞,一般,*,*,*,に,ニ,ニ
も	助詞,係助詞,*,*,*,*,も,モ,モ
へつらい	動詞,自立,*,*,五段・ワ行促音便,連用形,へつらう,ヘツライ,ヘツライ
の	助詞,連体化,*,*,*,*,の,ノ,ノ
ことば	名詞,一般,*,*,*,*,ことば,コトバ,コトバ
で	助詞,格助詞,一般,*,*,*,で,デ,デ
現われ	動詞,自立,*,*,一段,連用形,現われる,アラワレ,アラワレ
た	助動詞,*,*,*,特殊・タ,基本形,た,タ,タ
こと	名詞,非自立,一般,*,*,*,こと,コト,コト
は	助詞,係助詞,*,*,*,*,は,ハ,ワ
なく	助動詞,*,*,*,特殊・ナイ,連用テ接続,ない,ナク,ナク
（	記号,括弧開,*,*,*,*,（,（,（
あなた	名詞,代名詞,一般,*,*,*,あなた,アナタ,アナタ
方	名詞,接尾,一般,*,*,*,方,カタ,カタ
が	助詞,格助詞,一般,*,*,*,が,ガ,ガ
知っ	動詞,自立,*,*,五段・ラ行,連用タ接続,知る,シッ,シッ
て	助詞,接続助詞,*,*,*,*,て,テ,テ
いる	動詞,非自立,*,*,一段,基本形,いる,イル,イル
とおり	名詞,非自立,副詞可能,*,*,*,とおり,トオリ,トーリ
です	助動詞,*,*,*,特殊・デス,基本形,です,デス,デス
）	記号,括弧閉,*,*,*,*,）,）,）
，	記号,読点,*,*,*,*,，,，,，
また	接続詞,*,*,*,*,*,また,マタ,マタ
強欲	名詞,形容動詞語幹,*,*,*,*,強欲,ゴウヨク,ゴーヨク
さ	名詞,接尾,特殊,*,*,*,さ,サ,サ
を	助詞,格助詞,一般,*,*,*,を,ヲ,ヲ
隠す	動詞,自立,*,*,五段・サ行,基本形,隠す,カクス,カクス
見せかけ	名詞,一般,*,*,*,*,見せかけ,ミセカケ,ミセカケ
を	助詞,格助詞,一般,*,*,*,を,ヲ,ヲ
もっ	動詞,自立,*,*,五段・タ行,連用タ接続,もつ,モッ,モッ
て	助詞,接続助詞,*,*,*,*,て,テ,テ
現われ	動詞,自立,*,*,一段,連用形,現われる,アラワレ,アラワレ
た	助動詞,*,*,*,特殊・タ,基本形,た,タ,タ
こと	名詞,非自立,一般,*,*,*,こと,コト,コト
も	助詞,係助詞,*,*,*,*,も,モ,モ
あり	動詞,自立,*,*,五段・ラ行,連用形,ある,アリ,アリ
ませ	助動詞,*,*,*,特殊・マス,未然形,ます,マセ,マセ
ん	助動詞,*,*,*,不変化型,基本形,ん,ン,ン
。	記号,句点,*,*,*,*,。,。,。
神	名詞,一般,*,*,*,*,神,カミ,カミ
が	助詞,格助詞,一般,*,*,*,が,ガ,ガ
証人	名詞,一般,*,*,*,*,証人,ショウニン,ショーニン
と	助詞,格助詞,一般,*,*,*,と,ト,ト
なっ	動詞,自立,*,*,五段・ラ行,連用タ接続,なる,ナッ,ナッ
て	助詞,接続助詞,*,*,*,*,て,テ,テ
くださる	動詞,非自立,*,*,五段・ラ行特殊,基本形,くださる,クダサル,クダサル
の	名詞,非自立,一般,*,*,*,の,ノ,ノ
です	助動詞,*,*,*,特殊・デス,基本形,です,デス,デス
！	記号,一般,*,*,*,*,！,！,！
また	接続詞,*,*,*,*,*,また,マタ,マタ
，	記号,読点,*,*,*,*,，,，,，
人間	名詞,一般,*,*,*,*,人間,ニンゲン,ニンゲン
から	助詞,格助詞,一般,*,*,*,から,カラ,カラ
の	助詞,連体化,*,*,*,*,の,ノ,ノ
栄光	名詞,一般,*,*,*,*,栄光,エイコウ,エイコー
を	助詞,格助詞,一般,*,*,*,を,ヲ,ヲ
求め	動詞,自立,*,*,一段,連用形,求める,モトメ,モトメ
て	助詞,接続助詞,*,*,*,*,て,テ,テ
も	助詞,係助詞,*,*,*,*,も,モ,モ
き	動詞,自立,*,*,カ変・クル,連用形,くる,キ,キ
ませ	助動詞,*,*,*,特殊・マス,未然形,ます,マセ,マセ
ん	助動詞,*,*,*,不変化型,基本形,ん,ン,ン
でし	助動詞,*,*,*,特殊・デス,連用形,です,デシ,デシ
た	助動詞,*,*,*,特殊・タ,基本形,た,タ,タ
。	記号,句点,*,*,*,*,。,。,。
そう	副詞,助詞類接続,*,*,*,*,そう,ソウ,ソー
です	助動詞,*,*,*,特殊・デス,基本形,です,デス,デス
，	記号,読点,*,*,*,*,，,，,，
あなた	名詞,代名詞,一般,*,*,*,あなた,アナタ,アナタ
方	名詞,接尾,一般,*,*,*,方,カタ,カタ
から	助詞,格助詞,一般,*,*,*,から,カラ,カラ
も	助詞,係助詞,*,*,*,*,も,モ,モ
，	記号,読点,*,*,*,*,，,，,，
また	接続詞,*,*,*,*,*,また,マタ,マタ
他	名詞,一般,*,*,*,*,他,タ,タ
の	助詞,連体化,*,*,*,*,の,ノ,ノ
人々	名詞,一般,*,*,*,*,人々,ヒトビト,ヒトビト
から	助詞,格助詞,一般,*,*,*,から,カラ,カラ
も	助詞,係助詞,*,*,*,*,も,モ,モ
です	助動詞,*,*,*,特殊・デス,基本形,です,デス,デス
。	記号,句点,*,*,*,*,。,。,。
キリスト	名詞,固有名詞,一般,*,*,*,キリスト,キリスト,キリスト
の	助詞,連体化,*,*,*,*,の,ノ,ノ
使徒	名詞,一般,*,*,*,*,使徒,シト,シト
として	助詞,格助詞,連語,*,*,*,として,トシテ,トシテ
，	記号,読点,*,*,*,*,，,，,，
費用	名詞,一般,*,*,*,*,費用,ヒヨウ,ヒヨー
の	助詞,連体化,*,*,*,*,の,ノ,ノ
面	名詞,一般,*,*,*,*,面,メン,メン
で	助詞,格助詞,一般,*,*,*,で,デ,デ
重荷	名詞,一般,*,*,*,*,重荷,オモニ,オモニ
を	助詞,格助詞,一般,*,*,*,を,ヲ,ヲ
負わ	動詞,自立,*,*,五段・ワ行促音便,未然形,負う,オワ,オワ
せ	動詞,接尾,*,*,一段,連用形,せる,セ,セ
て	助詞,接続助詞,*,*,*,*,て,テ,テ
も	助詞,係助詞,*,*,*,*,も,モ,モ
よかっ	形容詞,自立,*,*,形容詞・アウオ段,連用タ接続,よい,ヨカッ,ヨカッ
た	助動詞,*,*,*,特殊・タ,基本形,た,タ,タ
の	名詞,非自立,一般,*,*,*,の,ノ,ノ
です	助動詞,*,*,*,特殊・デス,基本形,です,デス,デス
が	助詞,接続助詞,*,*,*,*,が,ガ,ガ
，	記号,読点,*,*,*,*,，,，,，
[	名詞,サ変接続,*,*,*,*,*
その	連体詞,*,*,*,*,*,その,ソノ,ソノ
よう	名詞,非自立,助動詞語幹,*,*,*,よう,ヨウ,ヨー
に	助詞,格助詞,一般,*,*,*,に,ニ,ニ
は	助詞,係助詞,*,*,*,*,は,ハ,ワ
し	動詞,自立,*,*,サ変・スル,連用形,する,シ,シ
ませ	助動詞,*,*,*,特殊・マス,未然形,ます,マセ,マセ
ん	助動詞,*,*,*,不変化型,基本形,ん,ン,ン
でし	助動詞,*,*,*,特殊・デス,連用形,です,デシ,デシ
た	助動詞,*,*,*,特殊・タ,基本形,た,タ,タ
]。	名詞,サ変接続,*,*,*,*,*
それどころか	接続詞,*,*,*,*,*,それどころか,ソレドコロカ,ソレドコロカ
，	記号,読点,*,*,*,*,，,，,，
乳	名詞,一般,*,*,*,*,乳,チチ,チチ
を	助詞,格助詞,一般,*,*,*,を,ヲ,ヲ
ふくま	動詞,自立,*,*,五段・マ行,未然形,ふくむ,フクマ,フクマ
せる	動詞,接尾,*,*,一段,基本形,せる,セル,セル
母親	名詞,一般,*,*,*,*,母親,ハハオヤ,ハハオヤ
が	助詞,格助詞,一般,*,*,*,が,ガ,ガ
自分	名詞,一般,*,*,*,*,自分,ジブン,ジブン
の	助詞,連体化,*,*,*,*,の,ノ,ノ
子供	名詞,一般,*,*,*,*,子供,コドモ,コドモ
を	助詞,格助詞,一般,*,*,*,を,ヲ,ヲ
慈しむ	動詞,自立,*,*,五段・マ行,基本形,慈しむ,イツクシム,イツクシム
とき	名詞,非自立,副詞可能,*,*,*,とき,トキ,トキ
の	助詞,連体化,*,*,*,*,の,ノ,ノ
よう	名詞,非自立,助動詞語幹,*,*,*,よう,ヨウ,ヨー
に	助詞,副詞化,*,*,*,*,に,ニ,ニ
，	記号,読点,*,*,*,*,，,，,，
あなた	名詞,代名詞,一般,*,*,*,あなた,アナタ,アナタ
方	名詞,接尾,一般,*,*,*,方,カタ,カタ
の	助詞,連体化,*,*,*,*,の,ノ,ノ
中	名詞,非自立,副詞可能,*,*,*,中,ナカ,ナカ
に	助詞,格助詞,一般,*,*,*,に,ニ,ニ
あっ	動詞,自立,*,*,五段・ラ行,連用タ接続,ある,アッ,アッ
て	助詞,接続助詞,*,*,*,*,て,テ,テ
物柔らか	名詞,形容動詞語幹,*,*,*,*,物柔らか,モノヤワラカ,モノヤワラカ
な	助動詞,*,*,*,特殊・ダ,体言接続,だ,ナ,ナ
者	名詞,非自立,一般,*,*,*,者,モノ,モノ
と	助詞,格助詞,一般,*,*,*,と,ト,ト
なり	動詞,自立,*,*,五段・ラ行,連用形,なる,ナリ,ナリ
まし	助動詞,*,*,*,特殊・マス,連用形,ます,マシ,マシ
た	助動詞,*,*,*,特殊・タ,基本形,た,タ,タ
。	記号,句点,*,*,*,*,。,。,。
こうして	接続詞,*,*,*,*,*,こうして,コウシテ,コーシテ
，	記号,読点,*,*,*,*,，,，,，
あなた	名詞,代名詞,一般,*,*,*,あなた,アナタ,アナタ
方	名詞,接尾,一般,*,*,*,方,カタ,カタ
に	助詞,格助詞,一般,*,*,*,に,ニ,ニ
優しい	形容詞,自立,*,*,形容詞・イ段,基本形,優しい,ヤサシイ,ヤサシイ
愛情	名詞,一般,*,*,*,*,愛情,アイジョウ,アイジョー
を	助詞,格助詞,一般,*,*,*,を,ヲ,ヲ
抱い	動詞,自立,*,*,五段・カ行イ音便,連用タ接続,抱く,ダイ,ダイ
た	助動詞,*,*,*,特殊・タ,基本形,た,タ,タ
わたし	名詞,代名詞,一般,*,*,*,わたし,ワタシ,ワタシ
たち	名詞,接尾,一般,*,*,*,たち,タチ,タチ
は	助詞,係助詞,*,*,*,*,は,ハ,ワ
，	記号,読点,*,*,*,*,，,，,，
神	名詞,一般,*,*,*,*,神,カミ,カミ
の	助詞,格助詞,一般,*,*,*,の,ノ,ノ
良い	形容詞,自立,*,*,形容詞・アウオ段,基本形,良い,ヨイ,ヨイ
たより	名詞,一般,*,*,*,*,たより,タヨリ,タヨリ
だけ	助詞,副助詞,*,*,*,*,だけ,ダケ,ダケ
で	助動詞,*,*,*,特殊・ダ,連用形,だ,デ,デ
なく	助動詞,*,*,*,特殊・ナイ,連用テ接続,ない,ナク,ナク
，	記号,読点,*,*,*,*,，,，,，
自分	名詞,一般,*,*,*,*,自分,ジブン,ジブン
の	助詞,連体化,*,*,*,*,の,ノ,ノ
魂	名詞,一般,*,*,*,*,魂,タマシイ,タマシー
を	助詞,格助詞,一般,*,*,*,を,ヲ,ヲ
さえ	助詞,係助詞,*,*,*,*,さえ,サエ,サエ
分け与える	動詞,自立,*,*,一段,基本形,分け与える,ワケアタエル,ワケアタエル
こと	名詞,非自立,一般,*,*,*,こと,コト,コト
を	助詞,格助詞,一般,*,*,*,を,ヲ,ヲ
大いに	副詞,一般,*,*,*,*,大いに,オオイニ,オーイニ
喜び	名詞,一般,*,*,*,*,喜び,ヨロコビ,ヨロコビ
と	助詞,格助詞,一般,*,*,*,と,ト,ト
し	動詞,自立,*,*,サ変・スル,連用形,する,シ,シ
た	助動詞,*,*,*,特殊・タ,基本形,た,タ,タ
の	名詞,非自立,一般,*,*,*,の,ノ,ノ
です	助動詞,*,*,*,特殊・デス,基本形,です,デス,デス
。	記号,句点,*,*,*,*,。,。,。
あなた	名詞,代名詞,一般,*,*,*,あなた,アナタ,アナタ
方	名詞,接尾,一般,*,*,*,方,カタ,カタ
が	助詞,格助詞,一般,*,*,*,が,ガ,ガ
，	記号,読点,*,*,*,*,，,，,，
わたし	名詞,代名詞,一般,*,*,*,わたし,ワタシ,ワタシ
たち	名詞,接尾,一般,*,*,*,たち,タチ,タチ
の	助詞,格助詞,一般,*,*,*,の,ノ,ノ
愛する	動詞,自立,*,*,サ変・−スル,基本形,愛する,アイスル,アイスル
者	名詞,非自立,一般,*,*,*,者,モノ,モノ
と	助詞,格助詞,一般,*,*,*,と,ト,ト
なっ	動詞,自立,*,*,五段・ラ行,連用タ接続,なる,ナッ,ナッ
た	助動詞,*,*,*,特殊・タ,基本形,た,タ,タ
から	助詞,接続助詞,*,*,*,*,から,カラ,カラ
です	助動詞,*,*,*,特殊・デス,基本形,です,デス,デス
。	記号,句点,*,*,*,*,。,。,。
兄弟	名詞,一般,*,*,*,*,兄弟,キョウダイ,キョーダイ
たち	名詞,接尾,一般,*,*,*,たち,タチ,タチ
，	記号,読点,*,*,*,*,，,，,，
あなた	名詞,代名詞,一般,*,*,*,あなた,アナタ,アナタ
方	名詞,接尾,一般,*,*,*,方,カタ,カタ
は	助詞,係助詞,*,*,*,*,は,ハ,ワ
，	記号,読点,*,*,*,*,，,，,，
わたし	名詞,代名詞,一般,*,*,*,わたし,ワタシ,ワタシ
たち	名詞,接尾,一般,*,*,*,たち,タチ,タチ
の	助詞,連体化,*,*,*,*,の,ノ,ノ
労	名詞,一般,*,*,*,*,労,ロウ,ロー
と	助詞,格助詞,一般,*,*,*,と,ト,ト
刻苦	名詞,サ変接続,*,*,*,*,刻苦,コック,コック
と	助詞,並立助詞,*,*,*,*,と,ト,ト
を	助詞,格助詞,一般,*,*,*,を,ヲ,ヲ
覚え	動詞,自立,*,*,一段,連用形,覚える,オボエ,オボエ
て	助詞,接続助詞,*,*,*,*,て,テ,テ
いる	動詞,非自立,*,*,一段,基本形,いる,イル,イル
はず	名詞,非自立,一般,*,*,*,はず,ハズ,ハズ
です	助動詞,*,*,*,特殊・デス,基本形,です,デス,デス
。	記号,句点,*,*,*,*,。,。,。
わたし	名詞,代名詞,一般,*,*,*,わたし,ワタシ,ワタシ
たち	名詞,接尾,一般,*,*,*,たち,タチ,タチ
は	助詞,係助詞,*,*,*,*,は,ハ,ワ
神	名詞,一般,*,*,*,*,神,カミ,カミ
の	助詞,格助詞,一般,*,*,*,の,ノ,ノ
良い	形容詞,自立,*,*,形容詞・アウオ段,基本形,良い,ヨイ,ヨイ
たより	名詞,ナイ形容詞語幹,*,*,*,*,たより,タヨリ,タヨリ
を	助詞,格助詞,一般,*,*,*,を,ヲ,ヲ
あなた	名詞,代名詞,一般,*,*,*,あなた,アナタ,アナタ
方	名詞,接尾,一般,*,*,*,方,カタ,カタ
に	助詞,格助詞,一般,*,*,*,に,ニ,ニ
宣	名詞,サ変接続,*,*,*,*,宣,セン,セン
べ	助詞,終助詞,*,*,*,*,べ,ベ,ベ
伝え	動詞,自立,*,*,一段,連用形,伝える,ツタエ,ツタエ
まし	助動詞,*,*,*,特殊・マス,連用形,ます,マシ,マシ
た	助動詞,*,*,*,特殊・タ,基本形,た,タ,タ
が	助詞,接続助詞,*,*,*,*,が,ガ,ガ
，	記号,読点,*,*,*,*,，,，,，
それ	名詞,代名詞,一般,*,*,*,それ,ソレ,ソレ
は	助詞,係助詞,*,*,*,*,は,ハ,ワ
，	記号,読点,*,*,*,*,，,，,，
あなた	名詞,代名詞,一般,*,*,*,あなた,アナタ,アナタ
方	名詞,接尾,一般,*,*,*,方,カタ,カタ
の	助詞,連体化,*,*,*,*,の,ノ,ノ
だれ	名詞,代名詞,一般,*,*,*,だれ,ダレ,ダレ
に	助詞,格助詞,一般,*,*,*,に,ニ,ニ
も	助詞,係助詞,*,*,*,*,も,モ,モ
費用	名詞,一般,*,*,*,*,費用,ヒヨウ,ヒヨー
の	助詞,連体化,*,*,*,*,の,ノ,ノ
面	名詞,一般,*,*,*,*,面,メン,メン
で	助詞,格助詞,一般,*,*,*,で,デ,デ
重荷	名詞,一般,*,*,*,*,重荷,オモニ,オモニ
を	助詞,格助詞,一般,*,*,*,を,ヲ,ヲ
負わ	動詞,自立,*,*,五段・ワ行促音便,未然形,負う,オワ,オワ
せ	動詞,接尾,*,*,一段,未然形,せる,セ,セ
ない	助動詞,*,*,*,特殊・ナイ,基本形,ない,ナイ,ナイ
よう	名詞,非自立,助動詞語幹,*,*,*,よう,ヨウ,ヨー
に	助詞,格助詞,一般,*,*,*,に,ニ,ニ
する	動詞,自立,*,*,サ変・スル,基本形,する,スル,スル
ため	名詞,非自立,副詞可能,*,*,*,ため,タメ,タメ
に	助詞,格助詞,一般,*,*,*,に,ニ,ニ
，	記号,読点,*,*,*,*,，,，,，
夜昼	名詞,一般,*,*,*,*,夜昼,ヨルヒル,ヨルヒル
働き	動詞,自立,*,*,五段・カ行イ音便,連用形,働く,ハタラキ,ハタラキ
ながら	助詞,接続助詞,*,*,*,*,ながら,ナガラ,ナガラ
の	助詞,連体化,*,*,*,*,の,ノ,ノ
こと	名詞,非自立,一般,*,*,*,こと,コト,コト
でし	助動詞,*,*,*,特殊・デス,連用形,です,デシ,デシ
た	助動詞,*,*,*,特殊・タ,基本形,た,タ,タ
。	記号,句点,*,*,*,*,。,。,。
あなた	名詞,代名詞,一般,*,*,*,あなた,アナタ,アナタ
方	名詞,接尾,一般,*,*,*,方,カタ,カタ
が	助詞,格助詞,一般,*,*,*,が,ガ,ガ
証人	名詞,一般,*,*,*,*,証人,ショウニン,ショーニン
で	助動詞,*,*,*,特殊・ダ,連用形,だ,デ,デ
あり	助動詞,*,*,*,五段・ラ行アル,連用形,ある,アリ,アリ
，	記号,読点,*,*,*,*,，,，,，
また	接続詞,*,*,*,*,*,また,マタ,マタ
神	名詞,一般,*,*,*,*,神,カミ,カミ
も	助詞,係助詞,*,*,*,*,も,モ,モ
[	名詞,サ変接続,*,*,*,*,*
証人	名詞,一般,*,*,*,*,証人,ショウニン,ショーニン
]	名詞,サ変接続,*,*,*,*,*
と	助詞,格助詞,一般,*,*,*,と,ト,ト
なっ	動詞,自立,*,*,五段・ラ行,連用タ接続,なる,ナッ,ナッ
て	助詞,接続助詞,*,*,*,*,て,テ,テ
くださる	動詞,非自立,*,*,五段・ラ行特殊,基本形,くださる,クダサル,クダサル
こと	名詞,非自立,一般,*,*,*,こと,コト,コト
です	助動詞,*,*,*,特殊・デス,基本形,です,デス,デス
が	助詞,接続助詞,*,*,*,*,が,ガ,ガ
，	記号,読点,*,*,*,*,，,，,，
わたし	名詞,代名詞,一般,*,*,*,わたし,ワタシ,ワタシ
たち	名詞,接尾,一般,*,*,*,たち,タチ,タチ
は	助詞,係助詞,*,*,*,*,は,ハ,ワ
あなた	名詞,代名詞,一般,*,*,*,あなた,アナタ,アナタ
方	名詞,接尾,一般,*,*,*,方,カタ,カタ
信者	名詞,一般,*,*,*,*,信者,シンジャ,シンジャ
に対し	助詞,格助詞,連語,*,*,*,に対し,ニタイシ,ニタイシ
，	記号,読点,*,*,*,*,，,，,，
忠節	名詞,一般,*,*,*,*,忠節,チュウセツ,チューセツ
で	助詞,格助詞,一般,*,*,*,で,デ,デ
，	記号,読点,*,*,*,*,，,，,，
義	名詞,形容動詞語幹,*,*,*,*,義,ギ,ギ
に	助詞,副詞化,*,*,*,*,に,ニ,ニ
かない	動詞,自立,*,*,五段・ワ行促音便,連用形,かなう,カナイ,カナイ
，	記号,読点,*,*,*,*,，,，,，
責め	動詞,自立,*,*,一段,未然形,責める,セメ,セメ
られる	動詞,接尾,*,*,一段,基本形,られる,ラレル,ラレル
ところ	名詞,非自立,副詞可能,*,*,*,ところ,トコロ,トコロ
の	助詞,格助詞,一般,*,*,*,の,ノ,ノ
ない	形容詞,自立,*,*,形容詞・アウオ段,基本形,ない,ナイ,ナイ
者	名詞,非自立,一般,*,*,*,者,モノ,モノ
と	助詞,格助詞,一般,*,*,*,と,ト,ト
なり	動詞,自立,*,*,五段・ラ行,連用形,なる,ナリ,ナリ
まし	助動詞,*,*,*,特殊・マス,連用形,ます,マシ,マシ
た	助動詞,*,*,*,特殊・タ,基本形,た,タ,タ
。	記号,句点,*,*,*,*,。,。,。
それ	名詞,代名詞,一般,*,*,*,それ,ソレ,ソレ
と	助詞,格助詞,一般,*,*,*,と,ト,ト
同じく	副詞,一般,*,*,*,*,同じく,オナジク,オナジク
あなた	名詞,代名詞,一般,*,*,*,あなた,アナタ,アナタ
方	名詞,接尾,一般,*,*,*,方,カタ,カタ
が	助詞,格助詞,一般,*,*,*,が,ガ,ガ
よく	副詞,一般,*,*,*,*,よく,ヨク,ヨク
知っ	動詞,自立,*,*,五段・ラ行,連用タ接続,知る,シッ,シッ
て	助詞,接続助詞,*,*,*,*,て,テ,テ
いる	動詞,非自立,*,*,一段,基本形,いる,イル,イル
こと	名詞,非自立,一般,*,*,*,こと,コト,コト
です	助動詞,*,*,*,特殊・デス,基本形,です,デス,デス
が	助詞,接続助詞,*,*,*,*,が,ガ,ガ
，	記号,読点,*,*,*,*,，,，,，
わたし	名詞,代名詞,一般,*,*,*,わたし,ワタシ,ワタシ
たち	名詞,接尾,一般,*,*,*,たち,タチ,タチ
は	助詞,係助詞,*,*,*,*,は,ハ,ワ
，	記号,読点,*,*,*,*,，,，,，
父親	名詞,一般,*,*,*,*,父親,チチオヤ,チチオヤ
が	助詞,格助詞,一般,*,*,*,が,ガ,ガ
自分	名詞,一般,*,*,*,*,自分,ジブン,ジブン
の	助詞,連体化,*,*,*,*,の,ノ,ノ
子供	名詞,一般,*,*,*,*,子供,コドモ,コドモ
に	助詞,格助詞,一般,*,*,*,に,ニ,ニ
する	動詞,自立,*,*,サ変・スル,基本形,する,スル,スル
よう	名詞,非自立,助動詞語幹,*,*,*,よう,ヨウ,ヨー
に	助詞,副詞化,*,*,*,*,に,ニ,ニ
，	記号,読点,*,*,*,*,，,，,，
あなた	名詞,代名詞,一般,*,*,*,あなた,アナタ,アナタ
方	名詞,接尾,一般,*,*,*,方,カタ,カタ
一	名詞,数,*,*,*,*,一,イチ,イチ
人	名詞,接尾,助数詞,*,*,*,人,ニン,ニン
一	名詞,数,*,*,*,*,一,イチ,イチ
人	名詞,接尾,助数詞,*,*,*,人,ニン,ニン
に	助詞,格助詞,一般,*,*,*,に,ニ,ニ
終始	副詞,一般,*,*,*,*,終始,シュウシ,シューシ
説き	動詞,自立,*,*,五段・カ行イ音便,連用形,説く,トキ,トキ
勧め	動詞,自立,*,*,一段,連用形,勧める,ススメ,ススメ
，	記号,読点,*,*,*,*,，,，,，
また	接続詞,*,*,*,*,*,また,マタ,マタ
慰め	動詞,自立,*,*,一段,連用形,慰める,ナグサメ,ナグサメ
たり	助詞,並立助詞,*,*,*,*,たり,タリ,タリ
証し	動詞,自立,*,*,五段・サ行,連用形,証す,アカシ,アカシ
し	動詞,自立,*,*,サ変・スル,連用形,する,シ,シ
たり	助詞,並立助詞,*,*,*,*,たり,タリ,タリ
し	動詞,自立,*,*,サ変・スル,連用形,する,シ,シ
まし	助動詞,*,*,*,特殊・マス,連用形,ます,マシ,マシ
た	助動詞,*,*,*,特殊・タ,基本形,た,タ,タ
。	記号,句点,*,*,*,*,。,。,。
それ	名詞,代名詞,一般,*,*,*,それ,ソレ,ソレ
は	助詞,係助詞,*,*,*,*,は,ハ,ワ
あなた	名詞,代名詞,一般,*,*,*,あなた,アナタ,アナタ
方	名詞,接尾,一般,*,*,*,方,カタ,カタ
が	助詞,格助詞,一般,*,*,*,が,ガ,ガ
，	記号,読点,*,*,*,*,，,，,，
あなた	名詞,代名詞,一般,*,*,*,あなた,アナタ,アナタ
方	名詞,接尾,一般,*,*,*,方,カタ,カタ
を	助詞,格助詞,一般,*,*,*,を,ヲ,ヲ
ご	接頭詞,名詞接続,*,*,*,*,ご,ゴ,ゴ
自分	名詞,一般,*,*,*,*,自分,ジブン,ジブン
の	助詞,連体化,*,*,*,*,の,ノ,ノ
王国	名詞,一般,*,*,*,*,王国,オウコク,オーコク
と	助詞,並立助詞,*,*,*,*,と,ト,ト
栄光	名詞,一般,*,*,*,*,栄光,エイコウ,エイコー
と	助詞,並立助詞,*,*,*,*,と,ト,ト
に	助詞,格助詞,一般,*,*,*,に,ニ,ニ
召し	動詞,自立,*,*,五段・サ行,連用形,召す,メシ,メシ
て	助詞,接続助詞,*,*,*,*,て,テ,テ
おら	動詞,自立,*,*,五段・ラ行,未然形,おる,オラ,オラ
れる	動詞,接尾,*,*,一段,基本形,れる,レル,レル
神	名詞,一般,*,*,*,*,神,カミ,カミ
に	助詞,格助詞,一般,*,*,*,に,ニ,ニ
ふさわしく	形容詞,自立,*,*,形容詞・イ段,連用テ接続,ふさわしい,フサワシク,フサワシク
歩ん	動詞,自立,*,*,五段・マ行,連用タ接続,歩む,アユン,アユン
で	助詞,接続助詞,*,*,*,*,で,デ,デ
ゆく	動詞,非自立,*,*,五段・カ行促音便ユク,基本形,ゆく,ユク,ユク
ため	名詞,非自立,副詞可能,*,*,*,ため,タメ,タメ
でし	助動詞,*,*,*,特殊・デス,連用形,です,デシ,デシ
た	助動詞,*,*,*,特殊・タ,基本形,た,タ,タ
。	記号,句点,*,*,*,*,。,。,。
まさに	副詞,一般,*,*,*,*,まさに,マサニ,マサニ
この	連体詞,*,*,*,*,*,この,コノ,コノ
ゆえ	名詞,非自立,副詞可能,*,*,*,ゆえ,ユエ,ユエ
に	助詞,格助詞,一般,*,*,*,に,ニ,ニ
も	助詞,係助詞,*,*,*,*,も,モ,モ
，	記号,読点,*,*,*,*,，,，,，
わたし	名詞,代名詞,一般,*,*,*,わたし,ワタシ,ワタシ
たち	名詞,接尾,一般,*,*,*,たち,タチ,タチ
は	助詞,係助詞,*,*,*,*,は,ハ,ワ
絶えず	副詞,一般,*,*,*,*,絶えず,タエズ,タエズ
神	名詞,一般,*,*,*,*,神,カミ,カミ
に	助詞,格助詞,一般,*,*,*,に,ニ,ニ
感謝	名詞,サ変接続,*,*,*,*,感謝,カンシャ,カンシャ
し	動詞,自立,*,*,サ変・スル,連用形,する,シ,シ
て	助詞,接続助詞,*,*,*,*,て,テ,テ
い	動詞,非自立,*,*,一段,連用形,いる,イ,イ
ます	助動詞,*,*,*,特殊・マス,基本形,ます,マス,マス
。	記号,句点,*,*,*,*,。,。,。
わたし	名詞,代名詞,一般,*,*,*,わたし,ワタシ,ワタシ
たち	名詞,接尾,一般,*,*,*,たち,タチ,タチ
から	助詞,格助詞,一般,*,*,*,から,カラ,カラ
聞い	動詞,自立,*,*,五段・カ行イ音便,連用タ接続,聞く,キイ,キイ
て	助詞,接続助詞,*,*,*,*,て,テ,テ
神	名詞,一般,*,*,*,*,神,カミ,カミ
の	助詞,連体化,*,*,*,*,の,ノ,ノ
言葉	名詞,一般,*,*,*,*,言葉,コトバ,コトバ
を	助詞,格助詞,一般,*,*,*,を,ヲ,ヲ
受け	動詞,自立,*,*,一段,連用形,受ける,ウケ,ウケ
た	助動詞,*,*,*,特殊・タ,基本形,た,タ,タ
時	名詞,非自立,副詞可能,*,*,*,時,トキ,トキ
，	記号,読点,*,*,*,*,，,，,，
あなた	名詞,代名詞,一般,*,*,*,あなた,アナタ,アナタ
方	名詞,接尾,一般,*,*,*,方,カタ,カタ
は	助詞,係助詞,*,*,*,*,は,ハ,ワ
それ	名詞,代名詞,一般,*,*,*,それ,ソレ,ソレ
を	助詞,格助詞,一般,*,*,*,を,ヲ,ヲ
，	記号,読点,*,*,*,*,，,，,，
人間	名詞,一般,*,*,*,*,人間,ニンゲン,ニンゲン
の	助詞,連体化,*,*,*,*,の,ノ,ノ
言葉	名詞,一般,*,*,*,*,言葉,コトバ,コトバ
として	助詞,格助詞,連語,*,*,*,として,トシテ,トシテ
で	助動詞,*,*,*,特殊・ダ,連用形,だ,デ,デ
は	助詞,係助詞,*,*,*,*,は,ハ,ワ
なく	助動詞,*,*,*,特殊・ナイ,連用テ接続,ない,ナク,ナク
，	記号,読点,*,*,*,*,，,，,，
事実	名詞,副詞可能,*,*,*,*,事実,ジジツ,ジジツ
どおり	名詞,接尾,一般,*,*,*,どおり,ドオリ,ドーリ
神	名詞,接尾,一般,*,*,*,神,シン,シン
の	助詞,連体化,*,*,*,*,の,ノ,ノ
言葉	名詞,一般,*,*,*,*,言葉,コトバ,コトバ
として	助詞,格助詞,連語,*,*,*,として,トシテ,トシテ
受け入れ	動詞,自立,*,*,一段,連用形,受け入れる,ウケイレ,ウケイレ
た	助動詞,*,*,*,特殊・タ,基本形,た,タ,タ
から	助詞,接続助詞,*,*,*,*,から,カラ,カラ
です	助動詞,*,*,*,特殊・デス,基本形,です,デス,デス
。	記号,句点,*,*,*,*,。,。,。
それ	名詞,代名詞,一般,*,*,*,それ,ソレ,ソレ
は	助詞,係助詞,*,*,*,*,は,ハ,ワ
また	副詞,助詞類接続,*,*,*,*,また,マタ,マタ
あなた	名詞,代名詞,一般,*,*,*,あなた,アナタ,アナタ
方	名詞,接尾,助数詞,*,*,*,方,ポウ,ポー
信じる	動詞,自立,*,*,一段,基本形,信じる,シンジル,シンジル
者	名詞,非自立,一般,*,*,*,者,モノ,モノ
の	助詞,連体化,*,*,*,*,の,ノ,ノ
中	名詞,非自立,副詞可能,*,*,*,中,ナカ,ナカ
で	助詞,格助詞,一般,*,*,*,で,デ,デ
働い	動詞,自立,*,*,五段・カ行イ音便,連用タ接続,働く,ハタライ,ハタライ
て	助詞,接続助詞,*,*,*,*,て,テ,テ
い	動詞,非自立,*,*,一段,連用形,いる,イ,イ
ます	助動詞,*,*,*,特殊・マス,基本形,ます,マス,マス
。	記号,句点,*,*,*,*,。,。,。
兄弟	名詞,一般,*,*,*,*,兄弟,キョウダイ,キョーダイ
たち	名詞,接尾,一般,*,*,*,たち,タチ,タチ
，	記号,読点,*,*,*,*,，,，,，
あなた	名詞,代名詞,一般,*,*,*,あなた,アナタ,アナタ
方	名詞,接尾,一般,*,*,*,方,カタ,カタ
は	助詞,係助詞,*,*,*,*,は,ハ,ワ
，	記号,読点,*,*,*,*,，,，,，
ユダヤ	名詞,固有名詞,地域,一般,*,*,ユダヤ,ユダヤ,ユダヤ
に	助詞,格助詞,一般,*,*,*,に,ニ,ニ
ある	動詞,自立,*,*,五段・ラ行,基本形,ある,アル,アル
，	記号,読点,*,*,*,*,，,，,，
キリスト	名詞,固有名詞,一般,*,*,*,キリスト,キリスト,キリスト
･	名詞,サ変接続,*,*,*,*,*
イエス	名詞,一般,*,*,*,*,イエス,イエス,イエス
と	助詞,格助詞,引用,*,*,*,と,ト,ト
結ば	動詞,自立,*,*,五段・バ行,未然形,結ぶ,ムスバ,ムスバ
れ	動詞,接尾,*,*,一段,連用形,れる,レ,レ
た	助動詞,*,*,*,特殊・タ,基本形,た,タ,タ
神	名詞,一般,*,*,*,*,神,カミ,カミ
の	助詞,連体化,*,*,*,*,の,ノ,ノ
諸	接頭詞,名詞接続,*,*,*,*,諸,ショ,ショ
会衆	名詞,一般,*,*,*,*,会衆,カイシュウ,カイシュー
に	助詞,格助詞,一般,*,*,*,に,ニ,ニ
見倣う	動詞,自立,*,*,五段・ワ行促音便,基本形,見倣う,ミナラウ,ミナラウ
者	名詞,非自立,一般,*,*,*,者,モノ,モノ
と	助詞,格助詞,一般,*,*,*,と,ト,ト
なっ	動詞,自立,*,*,五段・ラ行,連用タ接続,なる,ナッ,ナッ
た	助動詞,*,*,*,特殊・タ,基本形,た,タ,タ
の	名詞,非自立,一般,*,*,*,の,ノ,ノ
です	助動詞,*,*,*,特殊・デス,基本形,です,デス,デス
。	記号,句点,*,*,*,*,。,。,。
という	助詞,格助詞,連語,*,*,*,という,トイウ,トユウ
の	名詞,非自立,一般,*,*,*,の,ノ,ノ
は	助詞,係助詞,*,*,*,*,は,ハ,ワ
，	記号,読点,*,*,*,*,，,，,，
彼ら	名詞,代名詞,一般,*,*,*,彼ら,カレラ,カレラ
が	助詞,格助詞,一般,*,*,*,が,ガ,ガ
ユダヤ	名詞,固有名詞,地域,一般,*,*,ユダヤ,ユダヤ,ユダヤ
人	名詞,接尾,一般,*,*,*,人,ジン,ジン
の	助詞,連体化,*,*,*,*,の,ノ,ノ
手	名詞,一般,*,*,*,*,手,テ,テ
から	助詞,格助詞,一般,*,*,*,から,カラ,カラ
[	名詞,サ変接続,*,*,*,*,*
受け	動詞,自立,*,*,一段,連用形,受ける,ウケ,ウケ
て	助詞,接続助詞,*,*,*,*,て,テ,テ
いる	動詞,非自立,*,*,一段,基本形,いる,イル,イル
]	名詞,サ変接続,*,*,*,*,*
の	名詞,非自立,一般,*,*,*,の,ノ,ノ
と	助詞,格助詞,一般,*,*,*,と,ト,ト
同じ	連体詞,*,*,*,*,*,同じ,オナジ,オナジ
苦しみ	名詞,一般,*,*,*,*,苦しみ,クルシミ,クルシミ
を	助詞,格助詞,一般,*,*,*,を,ヲ,ヲ
，	記号,読点,*,*,*,*,，,，,，
あなた	名詞,代名詞,一般,*,*,*,あなた,アナタ,アナタ
方	名詞,接尾,一般,*,*,*,方,カタ,カタ
も	助詞,係助詞,*,*,*,*,も,モ,モ
自分	名詞,一般,*,*,*,*,自分,ジブン,ジブン
の	助詞,連体化,*,*,*,*,の,ノ,ノ
同国	名詞,一般,*,*,*,*,同国,ドウコク,ドーコク
人	名詞,接尾,一般,*,*,*,人,ジン,ジン
から	助詞,格助詞,一般,*,*,*,から,カラ,カラ
受ける	動詞,自立,*,*,一段,基本形,受ける,ウケル,ウケル
よう	名詞,非自立,助動詞語幹,*,*,*,よう,ヨウ,ヨー
に	助詞,格助詞,一般,*,*,*,に,ニ,ニ
なっ	動詞,自立,*,*,五段・ラ行,連用タ接続,なる,ナッ,ナッ
た	助動詞,*,*,*,特殊・タ,基本形,た,タ,タ
から	助詞,接続助詞,*,*,*,*,から,カラ,カラ
です	助動詞,*,*,*,特殊・デス,基本形,です,デス,デス
。	記号,句点,*,*,*,*,。,。,。
[	名詞,サ変接続,*,*,*,*,*
ユダヤ	名詞,固有名詞,地域,一般,*,*,ユダヤ,ユダヤ,ユダヤ
人	名詞,接尾,一般,*,*,*,人,ジン,ジン
]	名詞,サ変接続,*,*,*,*,*
は	助詞,係助詞,*,*,*,*,は,ハ,ワ
主	接頭詞,名詞接続,*,*,*,*,主,シュ,シュ
イエス	名詞,一般,*,*,*,*,イエス,イエス,イエス
を	助詞,格助詞,一般,*,*,*,を,ヲ,ヲ
も	助詞,係助詞,*,*,*,*,も,モ,モ
預言	名詞,サ変接続,*,*,*,*,預言,ヨゲン,ヨゲン
者	名詞,接尾,一般,*,*,*,者,シャ,シャ
たち	名詞,接尾,一般,*,*,*,たち,タチ,タチ
を	助詞,格助詞,一般,*,*,*,を,ヲ,ヲ
も	助詞,係助詞,*,*,*,*,も,モ,モ
殺し	動詞,自立,*,*,五段・サ行,連用形,殺す,コロシ,コロシ
，	記号,読点,*,*,*,*,，,，,，
そして	接続詞,*,*,*,*,*,そして,ソシテ,ソシテ
わたし	名詞,代名詞,一般,*,*,*,わたし,ワタシ,ワタシ
たち	名詞,接尾,一般,*,*,*,たち,タチ,タチ
を	助詞,格助詞,一般,*,*,*,を,ヲ,ヲ
迫害	名詞,サ変接続,*,*,*,*,迫害,ハクガイ,ハクガイ
し	動詞,自立,*,*,サ変・スル,連用形,する,シ,シ
た	助動詞,*,*,*,特殊・タ,基本形,た,タ,タ
の	名詞,非自立,一般,*,*,*,の,ノ,ノ
です	助動詞,*,*,*,特殊・デス,基本形,です,デス,デス
。	記号,句点,*,*,*,*,。,。,。
さらに	副詞,助詞類接続,*,*,*,*,さらに,サラニ,サラニ
，	記号,読点,*,*,*,*,，,，,，
彼ら	名詞,代名詞,一般,*,*,*,彼ら,カレラ,カレラ
は	助詞,係助詞,*,*,*,*,は,ハ,ワ
神	名詞,一般,*,*,*,*,神,カミ,カミ
を	助詞,格助詞,一般,*,*,*,を,ヲ,ヲ
喜ば	動詞,自立,*,*,五段・バ行,未然形,喜ぶ,ヨロコバ,ヨロコバ
せ	動詞,接尾,*,*,一段,連用形,せる,セ,セ
て	助詞,接続助詞,*,*,*,*,て,テ,テ
はおら	動詞,自立,*,*,五段・ラ行,未然形,はおる,ハオラ,ハオラ
ず	助動詞,*,*,*,特殊・ヌ,連用ニ接続,ぬ,ズ,ズ
，	記号,読点,*,*,*,*,，,，,，
むしろ	副詞,一般,*,*,*,*,むしろ,ムシロ,ムシロ
すべて	名詞,副詞可能,*,*,*,*,すべて,スベテ,スベテ
の	助詞,連体化,*,*,*,*,の,ノ,ノ
人	名詞,一般,*,*,*,*,人,ヒト,ヒト
[	名詞,サ変接続,*,*,*,*,*
の	助詞,連体化,*,*,*,*,の,ノ,ノ
利益	名詞,一般,*,*,*,*,利益,リエキ,リエキ
]	名詞,サ変接続,*,*,*,*,*
に	助詞,格助詞,一般,*,*,*,に,ニ,ニ
逆らっ	動詞,自立,*,*,五段・ワ行促音便,連用タ接続,逆らう,サカラッ,サカラッ
て	助詞,接続助詞,*,*,*,*,て,テ,テ
い	動詞,非自立,*,*,一段,連用形,いる,イ,イ
ます	助動詞,*,*,*,特殊・マス,基本形,ます,マス,マス
。	記号,句点,*,*,*,*,。,。,。
諸国	名詞,一般,*,*,*,*,諸国,ショコク,ショコク
の	助詞,連体化,*,*,*,*,の,ノ,ノ
人	名詞,一般,*,*,*,*,人,ヒト,ヒト
たち	名詞,接尾,一般,*,*,*,たち,タチ,タチ
が	助詞,格助詞,一般,*,*,*,が,ガ,ガ
救わ	動詞,自立,*,*,五段・ワ行促音便,未然形,救う,スクワ,スクワ
れる	動詞,接尾,*,*,一段,基本形,れる,レル,レル
ため	名詞,非自立,副詞可能,*,*,*,ため,タメ,タメ
に	助詞,格助詞,一般,*,*,*,に,ニ,ニ
わたし	名詞,代名詞,一般,*,*,*,わたし,ワタシ,ワタシ
たち	名詞,接尾,一般,*,*,*,たち,タチ,タチ
が	助詞,格助詞,一般,*,*,*,が,ガ,ガ
その	連体詞,*,*,*,*,*,その,ソノ,ソノ
人	名詞,一般,*,*,*,*,人,ヒト,ヒト
たち	名詞,接尾,一般,*,*,*,たち,タチ,タチ
に	助詞,格助詞,一般,*,*,*,に,ニ,ニ
語りかける	動詞,自立,*,*,一段,基本形,語りかける,カタリカケル,カタリカケル
の	名詞,非自立,一般,*,*,*,の,ノ,ノ
を	助詞,格助詞,一般,*,*,*,を,ヲ,ヲ
，	記号,読点,*,*,*,*,，,，,，
彼ら	名詞,代名詞,一般,*,*,*,彼ら,カレラ,カレラ
は	助詞,係助詞,*,*,*,*,は,ハ,ワ
妨げよ	動詞,自立,*,*,一段,未然ウ接続,妨げる,サマタゲヨ,サマタゲヨ
う	助動詞,*,*,*,不変化型,基本形,う,ウ,ウ
と	助詞,格助詞,引用,*,*,*,と,ト,ト
し	動詞,自立,*,*,サ変・スル,連用形,する,シ,シ
て	助詞,接続助詞,*,*,*,*,て,テ,テ
いる	動詞,非自立,*,*,一段,基本形,いる,イル,イル
から	助詞,接続助詞,*,*,*,*,から,カラ,カラ
です	助動詞,*,*,*,特殊・デス,基本形,です,デス,デス
。	記号,句点,*,*,*,*,。,。,。
その	連体詞,*,*,*,*,*,その,ソノ,ソノ
結果	名詞,副詞可能,*,*,*,*,結果,ケッカ,ケッカ
，	記号,読点,*,*,*,*,，,，,，
彼ら	名詞,代名詞,一般,*,*,*,彼ら,カレラ,カレラ
は	助詞,係助詞,*,*,*,*,は,ハ,ワ
常に	副詞,一般,*,*,*,*,常に,ツネニ,ツネニ
自分	名詞,一般,*,*,*,*,自分,ジブン,ジブン
たち	名詞,接尾,一般,*,*,*,たち,タチ,タチ
の	助詞,連体化,*,*,*,*,の,ノ,ノ
罪	名詞,一般,*,*,*,*,罪,ツミ,ツミ
を	助詞,格助詞,一般,*,*,*,を,ヲ,ヲ
満たし	動詞,自立,*,*,五段・サ行,連用形,満たす,ミタシ,ミタシ
て	助詞,接続助詞,*,*,*,*,て,テ,テ
い	動詞,非自立,*,*,一段,連用形,いる,イ,イ
ます	助動詞,*,*,*,特殊・マス,基本形,ます,マス,マス
。	記号,句点,*,*,*,*,。,。,。
しかし	接続詞,*,*,*,*,*,しかし,シカシ,シカシ
，	記号,読点,*,*,*,*,，,，,，
[	名詞,サ変接続,*,*,*,*,*
神	名詞,接尾,一般,*,*,*,神,シン,シン
]	名詞,サ変接続,*,*,*,*,*
の	助詞,連体化,*,*,*,*,の,ノ,ノ
憤り	動詞,自立,*,*,五段・ラ行,連用形,憤る,イキドオリ,イキドーリ
は	助詞,係助詞,*,*,*,*,は,ハ,ワ
ついに	副詞,一般,*,*,*,*,ついに,ツイニ,ツイニ
彼ら	名詞,代名詞,一般,*,*,*,彼ら,カレラ,カレラ
の	助詞,連体化,*,*,*,*,の,ノ,ノ
上	名詞,非自立,副詞可能,*,*,*,上,ウエ,ウエ
に	助詞,格助詞,一般,*,*,*,に,ニ,ニ
臨ん	動詞,自立,*,*,五段・マ行,連用タ接続,臨む,ノゾン,ノゾン
で	助詞,接続助詞,*,*,*,*,で,デ,デ
いる	動詞,非自立,*,*,一段,基本形,いる,イル,イル
の	名詞,非自立,一般,*,*,*,の,ノ,ノ
です	助動詞,*,*,*,特殊・デス,基本形,です,デス,デス
。	記号,句点,*,*,*,*,。,。,。
兄弟	名詞,一般,*,*,*,*,兄弟,キョウダイ,キョーダイ
たち	名詞,接尾,一般,*,*,*,たち,タチ,タチ
，	記号,読点,*,*,*,*,，,，,，
ほんの	連体詞,*,*,*,*,*,ほんの,ホンノ,ホンノ
しばらく	副詞,助詞類接続,*,*,*,*,しばらく,シバラク,シバラク
あなた	名詞,代名詞,一般,*,*,*,あなた,アナタ,アナタ
方	名詞,接尾,一般,*,*,*,方,カタ,カタ
から	助詞,格助詞,一般,*,*,*,から,カラ,カラ
引き離さ	動詞,自立,*,*,五段・サ行,未然形,引き離す,ヒキハナサ,ヒキハナサ
れ	動詞,接尾,*,*,一段,連用形,れる,レ,レ
た	助動詞,*,*,*,特殊・タ,基本形,た,タ,タ
時	名詞,非自立,副詞可能,*,*,*,時,トキ,トキ
，	記号,読点,*,*,*,*,，,，,，
[	名詞,サ変接続,*,*,*,*,*
と	助詞,格助詞,引用,*,*,*,と,ト,ト
いっ	動詞,自立,*,*,五段・ワ行促音便,連用タ接続,いう,イッ,イッ
て	助詞,接続助詞,*,*,*,*,て,テ,テ
も	助詞,係助詞,*,*,*,*,も,モ,モ
]	名詞,サ変接続,*,*,*,*,*
身	名詞,一般,*,*,*,*,身,ミ,ミ
において	助詞,格助詞,連語,*,*,*,において,ニオイテ,ニオイテ
で	助動詞,*,*,*,特殊・ダ,連用形,だ,デ,デ
あっ	助動詞,*,*,*,五段・ラ行アル,連用タ接続,ある,アッ,アッ
て	助詞,接続助詞,*,*,*,*,て,テ,テ
心	名詞,一般,*,*,*,*,心,ココロ,ココロ
において	助詞,格助詞,連語,*,*,*,において,ニオイテ,ニオイテ
で	助動詞,*,*,*,特殊・ダ,連用形,だ,デ,デ
は	助詞,係助詞,*,*,*,*,は,ハ,ワ
あり	動詞,自立,*,*,五段・ラ行,連用形,ある,アリ,アリ
ませ	助動詞,*,*,*,特殊・マス,未然形,ます,マセ,マセ
ん	助動詞,*,*,*,不変化型,基本形,ん,ン,ン
でし	助動詞,*,*,*,特殊・デス,連用形,です,デシ,デシ
た	助動詞,*,*,*,特殊・タ,基本形,た,タ,タ
が	助詞,接続助詞,*,*,*,*,が,ガ,ガ
，	記号,読点,*,*,*,*,，,，,，
わたし	名詞,代名詞,一般,*,*,*,わたし,ワタシ,ワタシ
たち	名詞,接尾,一般,*,*,*,たち,タチ,タチ
として	助詞,格助詞,連語,*,*,*,として,トシテ,トシテ
は	助詞,係助詞,*,*,*,*,は,ハ,ワ
，	記号,読点,*,*,*,*,，,，,，
あなた	名詞,代名詞,一般,*,*,*,あなた,アナタ,アナタ
方	名詞,接尾,一般,*,*,*,方,カタ,カタ
の	助詞,連体化,*,*,*,*,の,ノ,ノ
顔	名詞,一般,*,*,*,*,顔,カオ,カオ
を	助詞,格助詞,一般,*,*,*,を,ヲ,ヲ
見よ	動詞,自立,*,*,一段,未然ウ接続,見る,ミヨ,ミヨ
う	助動詞,*,*,*,不変化型,基本形,う,ウ,ウ
と	助詞,接続助詞,*,*,*,*,と,ト,ト
，	記号,読点,*,*,*,*,，,，,，
非常	名詞,形容動詞語幹,*,*,*,*,非常,ヒジョウ,ヒジョー
な	助動詞,*,*,*,特殊・ダ,体言接続,だ,ナ,ナ
願い	名詞,一般,*,*,*,*,願い,ネガイ,ネガイ
を	助詞,格助詞,一般,*,*,*,を,ヲ,ヲ
抱い	動詞,自立,*,*,五段・カ行イ音便,連用タ接続,抱く,ダイ,ダイ
て	助詞,接続助詞,*,*,*,*,て,テ,テ
普通	名詞,形容動詞語幹,*,*,*,*,普通,フツウ,フツー
を	助詞,格助詞,一般,*,*,*,を,ヲ,ヲ
はるか	名詞,形容動詞語幹,*,*,*,*,はるか,ハルカ,ハルカ
に	助詞,副詞化,*,*,*,*,に,ニ,ニ
超え	動詞,自立,*,*,一段,連用形,超える,コエ,コエ
た	助動詞,*,*,*,特殊・タ,基本形,た,タ,タ
努力	名詞,サ変接続,*,*,*,*,努力,ドリョク,ドリョク
を	助詞,格助詞,一般,*,*,*,を,ヲ,ヲ
し	動詞,自立,*,*,サ変・スル,連用形,する,シ,シ
まし	助動詞,*,*,*,特殊・マス,連用形,ます,マシ,マシ
た	助動詞,*,*,*,特殊・タ,基本形,た,タ,タ
。	記号,句点,*,*,*,*,。,。,。
その	連体詞,*,*,*,*,*,その,ソノ,ソノ
よう	名詞,非自立,助動詞語幹,*,*,*,よう,ヨウ,ヨー
な	助動詞,*,*,*,特殊・ダ,体言接続,だ,ナ,ナ
わけ	名詞,非自立,一般,*,*,*,わけ,ワケ,ワケ
で	助動詞,*,*,*,特殊・ダ,連用形,だ,デ,デ
，	記号,読点,*,*,*,*,，,，,，
わたし	名詞,代名詞,一般,*,*,*,わたし,ワタシ,ワタシ
たち	名詞,接尾,一般,*,*,*,たち,タチ,タチ
は	助詞,係助詞,*,*,*,*,は,ハ,ワ
あなた	名詞,代名詞,一般,*,*,*,あなた,アナタ,アナタ
方	名詞,接尾,一般,*,*,*,方,カタ,カタ
の	助詞,連体化,*,*,*,*,の,ノ,ノ
ところ	名詞,非自立,副詞可能,*,*,*,ところ,トコロ,トコロ
に	助詞,格助詞,一般,*,*,*,に,ニ,ニ
行こ	動詞,自立,*,*,五段・カ行促音便,未然ウ接続,行く,イコ,イコ
う	助動詞,*,*,*,不変化型,基本形,う,ウ,ウ
と	助詞,格助詞,引用,*,*,*,と,ト,ト
思い	動詞,自立,*,*,五段・ワ行促音便,連用形,思う,オモイ,オモイ
まし	助動詞,*,*,*,特殊・マス,連用形,ます,マシ,マシ
た	助動詞,*,*,*,特殊・タ,基本形,た,タ,タ
。	記号,句点,*,*,*,*,。,。,。
そう	副詞,助詞類接続,*,*,*,*,そう,ソウ,ソー
です	助動詞,*,*,*,特殊・デス,基本形,です,デス,デス
，	記号,読点,*,*,*,*,，,，,，
私	名詞,代名詞,一般,*,*,*,私,ワタシ,ワタシ
パウロ	名詞,固有名詞,人名,名,*,*,パウロ,パウロ,パウロ
が	助詞,格助詞,一般,*,*,*,が,ガ,ガ
です	助動詞,*,*,*,特殊・デス,基本形,です,デス,デス
。	記号,句点,*,*,*,*,。,。,。
それ	名詞,代名詞,一般,*,*,*,それ,ソレ,ソレ
も	助詞,係助詞,*,*,*,*,も,モ,モ
，	記号,読点,*,*,*,*,，,，,，
一	名詞,数,*,*,*,*,一,イチ,イチ
度	名詞,接尾,助数詞,*,*,*,度,ド,ド
で	助動詞,*,*,*,特殊・ダ,連用形,だ,デ,デ
は	助詞,係助詞,*,*,*,*,は,ハ,ワ
なく	助動詞,*,*,*,特殊・ナイ,連用テ接続,ない,ナク,ナク
二	名詞,数,*,*,*,*,二,ニ,ニ
度	名詞,接尾,助数詞,*,*,*,度,ド,ド
も	助詞,係助詞,*,*,*,*,も,モ,モ
です	助動詞,*,*,*,特殊・デス,基本形,です,デス,デス
。	記号,句点,*,*,*,*,。,。,。
しかし	接続詞,*,*,*,*,*,しかし,シカシ,シカシ
サタン	名詞,一般,*,*,*,*,サタン,サタン,サタン
が	助詞,格助詞,一般,*,*,*,が,ガ,ガ
わたし	名詞,代名詞,一般,*,*,*,わたし,ワタシ,ワタシ
たち	名詞,接尾,一般,*,*,*,たち,タチ,タチ
の	助詞,連体化,*,*,*,*,の,ノ,ノ
進路	名詞,一般,*,*,*,*,進路,シンロ,シンロ
を	助詞,格助詞,一般,*,*,*,を,ヲ,ヲ
さえぎり	動詞,自立,*,*,五段・ラ行,連用形,さえぎる,サエギリ,サエギリ
まし	助動詞,*,*,*,特殊・マス,連用形,ます,マシ,マシ
た	助動詞,*,*,*,特殊・タ,基本形,た,タ,タ
。	記号,句点,*,*,*,*,。,。,。
わたし	名詞,代名詞,一般,*,*,*,わたし,ワタシ,ワタシ
たち	名詞,接尾,一般,*,*,*,たち,タチ,タチ
の	助詞,連体化,*,*,*,*,の,ノ,ノ
主	接頭詞,名詞接続,*,*,*,*,主,シュ,シュ
イエス	名詞,一般,*,*,*,*,イエス,イエス,イエス
のみ	助詞,副助詞,*,*,*,*,のみ,ノミ,ノミ
前	名詞,副詞可能,*,*,*,*,前,マエ,マエ
，	記号,読点,*,*,*,*,，,，,，
その	連体詞,*,*,*,*,*,その,ソノ,ソノ
臨在	名詞,一般,*,*,*,*,*
の	助詞,連体化,*,*,*,*,の,ノ,ノ
際	名詞,非自立,副詞可能,*,*,*,際,サイ,サイ
に	助詞,格助詞,一般,*,*,*,に,ニ,ニ
，	記号,読点,*,*,*,*,，,，,，
わたし	名詞,代名詞,一般,*,*,*,わたし,ワタシ,ワタシ
たち	名詞,接尾,一般,*,*,*,たち,タチ,タチ
の	助詞,連体化,*,*,*,*,の,ノ,ノ
希望	名詞,サ変接続,*,*,*,*,希望,キボウ,キボー
，	記号,読点,*,*,*,*,，,，,，
喜び	動詞,自立,*,*,五段・バ行,連用形,喜ぶ,ヨロコビ,ヨロコビ
，	記号,読点,*,*,*,*,，,，,，
また	接続詞,*,*,*,*,*,また,マタ,マタ
歓喜	名詞,サ変接続,*,*,*,*,歓喜,カンキ,カンキ
の	助詞,連体化,*,*,*,*,の,ノ,ノ
冠	名詞,一般,*,*,*,*,冠,カンムリ,カンムリ
と	助詞,格助詞,一般,*,*,*,と,ト,ト
なる	動詞,自立,*,*,五段・ラ行,基本形,なる,ナル,ナル
もの	名詞,非自立,一般,*,*,*,もの,モノ,モノ
は	助詞,係助詞,*,*,*,*,は,ハ,ワ
何	名詞,代名詞,一般,*,*,*,何,ナニ,ナニ
でしょ	助動詞,*,*,*,特殊・デス,未然形,です,デショ,デショ
う	助動詞,*,*,*,不変化型,基本形,う,ウ,ウ
か	助詞,副助詞／並立助詞／終助詞,*,*,*,*,か,カ,カ
―	記号,一般,*,*,*,*,―,―,―
それ	名詞,代名詞,一般,*,*,*,それ,ソレ,ソレ
は	助詞,係助詞,*,*,*,*,は,ハ,ワ
実に	副詞,一般,*,*,*,*,実に,ジツニ,ジツニ
あなた	名詞,代名詞,一般,*,*,*,あなた,アナタ,アナタ
方	名詞,接尾,一般,*,*,*,方,カタ,カタ
で	助詞,格助詞,一般,*,*,*,で,デ,デ
は	助詞,係助詞,*,*,*,*,は,ハ,ワ
あり	動詞,自立,*,*,五段・ラ行,連用形,ある,アリ,アリ
ませ	助動詞,*,*,*,特殊・マス,未然形,ます,マセ,マセ
ん	助動詞,*,*,*,不変化型,基本形,ん,ン,ン
か	助詞,副助詞／並立助詞／終助詞,*,*,*,*,か,カ,カ
。	記号,句点,*,*,*,*,。,。,。
確か	名詞,形容動詞語幹,*,*,*,*,確か,タシカ,タシカ
に	助詞,副詞化,*,*,*,*,に,ニ,ニ
あなた	名詞,代名詞,一般,*,*,*,あなた,アナタ,アナタ
方	名詞,接尾,一般,*,*,*,方,カタ,カタ
は	助詞,係助詞,*,*,*,*,は,ハ,ワ
，	記号,読点,*,*,*,*,，,，,，
わたし	名詞,代名詞,一般,*,*,*,わたし,ワタシ,ワタシ
たち	名詞,接尾,一般,*,*,*,たち,タチ,タチ
の	助詞,連体化,*,*,*,*,の,ノ,ノ
栄光	名詞,一般,*,*,*,*,栄光,エイコウ,エイコー
また	接続詞,*,*,*,*,*,また,マタ,マタ
喜び	名詞,一般,*,*,*,*,喜び,ヨロコビ,ヨロコビ
な	助動詞,*,*,*,特殊・ダ,体言接続,だ,ナ,ナ
の	名詞,非自立,一般,*,*,*,の,ノ,ノ
です	助動詞,*,*,*,特殊・デス,基本形,です,デス,デス
。	記号,句点,*,*,*,*,。,。,。
EOS
