さらに	副詞,助詞類接続,*,*,*,*,さらに,サラニ,サラニ
，	記号,読点,*,*,*,*,，,，,，
ダビデ	名詞,一般,*,*,*,*,*
と	助詞,格助詞,一般,*,*,*,と,ト,ト
奉仕	名詞,サ変接続,*,*,*,*,奉仕,ホウシ,ホーシ
の	助詞,連体化,*,*,*,*,の,ノ,ノ
分団	名詞,一般,*,*,*,*,分団,ブンダン,ブンダン
の	助詞,連体化,*,*,*,*,の,ノ,ノ
長	名詞,一般,*,*,*,*,長,チョウ,チョー
たち	名詞,接尾,一般,*,*,*,たち,タチ,タチ
は	助詞,係助詞,*,*,*,*,は,ハ,ワ
，	記号,読点,*,*,*,*,，,，,，
たて	名詞,一般,*,*,*,*,たて,タテ,タテ
琴	名詞,一般,*,*,*,*,琴,キン,キン
と	助詞,並立助詞,*,*,*,*,と,ト,ト
，	記号,読点,*,*,*,*,，,，,，
弦楽器	名詞,一般,*,*,*,*,弦楽器,ゲンガッキ,ゲンガッキ
と	助詞,並立助詞,*,*,*,*,と,ト,ト
シンバル	名詞,一般,*,*,*,*,シンバル,シンバル,シンバル
を	助詞,格助詞,一般,*,*,*,を,ヲ,ヲ
もっ	動詞,自立,*,*,五段・タ行,連用タ接続,もつ,モッ,モッ
て	助詞,接続助詞,*,*,*,*,て,テ,テ
預言	名詞,サ変接続,*,*,*,*,預言,ヨゲン,ヨゲン
する	動詞,自立,*,*,サ変・スル,基本形,する,スル,スル
者	名詞,非自立,一般,*,*,*,者,モノ,モノ
で	助動詞,*,*,*,特殊・ダ,連用形,だ,デ,デ
ある	助動詞,*,*,*,五段・ラ行アル,基本形,ある,アル,アル
アサフ	名詞,一般,*,*,*,*,*
，	記号,読点,*,*,*,*,，,，,，
ヘマン	名詞,一般,*,*,*,*,*
，	記号,読点,*,*,*,*,，,，,，
それ	名詞,代名詞,一般,*,*,*,それ,ソレ,ソレ
に	助詞,格助詞,一般,*,*,*,に,ニ,ニ
エドトン	名詞,一般,*,*,*,*,*
の	助詞,連体化,*,*,*,*,の,ノ,ノ
子	名詞,一般,*,*,*,*,子,コ,コ
ら	名詞,接尾,一般,*,*,*,ら,ラ,ラ
の	助詞,連体化,*,*,*,*,の,ノ,ノ
一部	名詞,副詞可能,*,*,*,*,一部,イチブ,イチブ
の	助詞,連体化,*,*,*,*,の,ノ,ノ
者	名詞,非自立,一般,*,*,*,者,モノ,モノ
を	助詞,格助詞,一般,*,*,*,を,ヲ,ヲ
奉仕	名詞,サ変接続,*,*,*,*,奉仕,ホウシ,ホーシ
の	助詞,連体化,*,*,*,*,の,ノ,ノ
ため	名詞,非自立,副詞可能,*,*,*,ため,タメ,タメ
に	助詞,格助詞,一般,*,*,*,に,ニ,ニ
取り分け	動詞,自立,*,*,一段,連用形,取り分ける,トリワケ,トリワケ
た	助動詞,*,*,*,特殊・タ,基本形,た,タ,タ
。	記号,句点,*,*,*,*,。,。,。
そして	接続詞,*,*,*,*,*,そして,ソシテ,ソシテ
，	記号,読点,*,*,*,*,，,，,，
その	連体詞,*,*,*,*,*,その,ソノ,ソノ
数	名詞,一般,*,*,*,*,数,カズ,カズ
の	助詞,連体化,*,*,*,*,の,ノ,ノ
うち	名詞,非自立,副詞可能,*,*,*,うち,ウチ,ウチ
，	記号,読点,*,*,*,*,，,，,，
彼ら	名詞,代名詞,一般,*,*,*,彼ら,カレラ,カレラ
の	助詞,連体化,*,*,*,*,の,ノ,ノ
奉仕	名詞,サ変接続,*,*,*,*,奉仕,ホウシ,ホーシ
の	助詞,連体化,*,*,*,*,の,ノ,ノ
ため	名詞,非自立,副詞可能,*,*,*,ため,タメ,タメ
の	助詞,連体化,*,*,*,*,の,ノ,ノ
正式	名詞,形容動詞語幹,*,*,*,*,正式,セイシキ,セイシキ
の	助詞,連体化,*,*,*,*,の,ノ,ノ
担当	名詞,サ変接続,*,*,*,*,担当,タントウ,タントー
者	名詞,接尾,一般,*,*,*,者,シャ,シャ
は	助詞,係助詞,*,*,*,*,は,ハ,ワ
[	名詞,サ変接続,*,*,*,*,*
次	名詞,接尾,一般,*,*,*,次,ジ,ジ
の	助詞,連体化,*,*,*,*,の,ノ,ノ
通り	名詞,一般,*,*,*,*,通り,トオリ,トーリ
で	助詞,格助詞,一般,*,*,*,で,デ,デ
]	名詞,サ変接続,*,*,*,*,*
あっ	動詞,自立,*,*,五段・ラ行,連用タ接続,ある,アッ,アッ
た	助動詞,*,*,*,特殊・タ,基本形,た,タ,タ
。	記号,句点,*,*,*,*,。,。,。
アサフ	名詞,一般,*,*,*,*,*
の	助詞,連体化,*,*,*,*,の,ノ,ノ
子	名詞,一般,*,*,*,*,子,コ,コ
ら	名詞,接尾,一般,*,*,*,ら,ラ,ラ
で	助詞,格助詞,一般,*,*,*,で,デ,デ
は	助詞,係助詞,*,*,*,*,は,ハ,ワ
，	記号,読点,*,*,*,*,，,，,，
ザクル	名詞,一般,*,*,*,*,*
，	記号,読点,*,*,*,*,，,，,，
ヨセフ	名詞,一般,*,*,*,*,*
，	記号,読点,*,*,*,*,，,，,，
ネタヌヤ	名詞,一般,*,*,*,*,*
，	記号,読点,*,*,*,*,，,，,，
アシャルエラ	名詞,一般,*,*,*,*,*
。	記号,句点,*,*,*,*,。,。,。
アサフ	名詞,一般,*,*,*,*,*
の	助詞,連体化,*,*,*,*,の,ノ,ノ
子	名詞,一般,*,*,*,*,子,コ,コ
ら	名詞,接尾,一般,*,*,*,ら,ラ,ラ
で	助詞,格助詞,一般,*,*,*,で,デ,デ
，	記号,読点,*,*,*,*,，,，,，
王	名詞,一般,*,*,*,*,王,オウ,オー
の	助詞,連体化,*,*,*,*,の,ノ,ノ
指揮	名詞,サ変接続,*,*,*,*,指揮,シキ,シキ
下	名詞,接尾,一般,*,*,*,下,カ,カ
で	助詞,格助詞,一般,*,*,*,で,デ,デ
預言	名詞,サ変接続,*,*,*,*,預言,ヨゲン,ヨゲン
する	動詞,自立,*,*,サ変・スル,基本形,する,スル,スル
者	名詞,非自立,一般,*,*,*,者,モノ,モノ
で	助動詞,*,*,*,特殊・ダ,連用形,だ,デ,デ
あっ	助動詞,*,*,*,五段・ラ行アル,連用タ接続,ある,アッ,アッ
た	助動詞,*,*,*,特殊・タ,基本形,た,タ,タ
アサフ	名詞,一般,*,*,*,*,*
の	助詞,連体化,*,*,*,*,の,ノ,ノ
指揮	名詞,サ変接続,*,*,*,*,指揮,シキ,シキ
下	名詞,接尾,一般,*,*,*,下,カ,カ
に	助詞,格助詞,一般,*,*,*,に,ニ,ニ
あっ	動詞,自立,*,*,五段・ラ行,連用タ接続,ある,アッ,アッ
た	助動詞,*,*,*,特殊・タ,基本形,た,タ,タ
。	記号,句点,*,*,*,*,。,。,。
エドトン	名詞,一般,*,*,*,*,*
について	助詞,格助詞,連語,*,*,*,について,ニツイテ,ニツイテ
。	記号,句点,*,*,*,*,。,。,。
エドトン	名詞,一般,*,*,*,*,*
の	助詞,連体化,*,*,*,*,の,ノ,ノ
子	名詞,一般,*,*,*,*,子,コ,コ
ら	名詞,接尾,一般,*,*,*,ら,ラ,ラ
は	助詞,係助詞,*,*,*,*,は,ハ,ワ
ゲダリヤ	名詞,一般,*,*,*,*,*
，	記号,読点,*,*,*,*,，,，,，
ツェリ	名詞,一般,*,*,*,*,*
，	記号,読点,*,*,*,*,，,，,，
エシャヤ	名詞,一般,*,*,*,*,*
，[	名詞,サ変接続,*,*,*,*,*
それ	名詞,代名詞,一般,*,*,*,それ,ソレ,ソレ
に	助詞,格助詞,一般,*,*,*,に,ニ,ニ
シムイ	名詞,一般,*,*,*,*,*
]，	名詞,サ変接続,*,*,*,*,*
ハシャブヤ	名詞,一般,*,*,*,*,*
，	記号,読点,*,*,*,*,，,，,，
マタテヤ	名詞,一般,*,*,*,*,*
の	助詞,連体化,*,*,*,*,の,ノ,ノ
六	名詞,数,*,*,*,*,六,ロク,ロク
人	名詞,接尾,助数詞,*,*,*,人,ニン,ニン
で	助動詞,*,*,*,特殊・ダ,連用形,だ,デ,デ
，	記号,読点,*,*,*,*,，,，,，
エホバ	名詞,一般,*,*,*,*,エホバ,エホバ,エホバ
に	助詞,格助詞,一般,*,*,*,に,ニ,ニ
感謝	名詞,サ変接続,*,*,*,*,感謝,カンシャ,カンシャ
し	動詞,自立,*,*,サ変・スル,連用形,する,シ,シ
，	記号,読点,*,*,*,*,，,，,，
これ	名詞,代名詞,一般,*,*,*,これ,コレ,コレ
を	助詞,格助詞,一般,*,*,*,を,ヲ,ヲ
賛美	名詞,サ変接続,*,*,*,*,賛美,サンビ,サンビ
する	動詞,自立,*,*,サ変・スル,基本形,する,スル,スル
ため	名詞,非自立,副詞可能,*,*,*,ため,タメ,タメ
に	助詞,格助詞,一般,*,*,*,に,ニ,ニ
，	記号,読点,*,*,*,*,，,，,，
たて	名詞,一般,*,*,*,*,たて,タテ,タテ
琴	名詞,一般,*,*,*,*,琴,キン,キン
を	助詞,格助詞,一般,*,*,*,を,ヲ,ヲ
もっ	動詞,自立,*,*,五段・タ行,連用タ接続,もつ,モッ,モッ
て	助詞,接続助詞,*,*,*,*,て,テ,テ
預言	名詞,サ変接続,*,*,*,*,預言,ヨゲン,ヨゲン
する	動詞,自立,*,*,サ変・スル,基本形,する,スル,スル
彼ら	名詞,代名詞,一般,*,*,*,彼ら,カレラ,カレラ
の	助詞,連体化,*,*,*,*,の,ノ,ノ
父	名詞,一般,*,*,*,*,父,チチ,チチ
エドトン	名詞,一般,*,*,*,*,*
の	助詞,連体化,*,*,*,*,の,ノ,ノ
指揮	名詞,サ変接続,*,*,*,*,指揮,シキ,シキ
下	名詞,接尾,一般,*,*,*,下,カ,カ
に	助詞,格助詞,一般,*,*,*,に,ニ,ニ
あっ	動詞,自立,*,*,五段・ラ行,連用タ接続,ある,アッ,アッ
た	助動詞,*,*,*,特殊・タ,基本形,た,タ,タ
。	記号,句点,*,*,*,*,。,。,。
ヘマン	名詞,一般,*,*,*,*,*
について	助詞,格助詞,連語,*,*,*,について,ニツイテ,ニツイテ
。	記号,句点,*,*,*,*,。,。,。
ヘマン	名詞,一般,*,*,*,*,*
の	助詞,連体化,*,*,*,*,の,ノ,ノ
子	名詞,一般,*,*,*,*,子,コ,コ
ら	名詞,接尾,一般,*,*,*,ら,ラ,ラ
は	助詞,係助詞,*,*,*,*,は,ハ,ワ
ブキヤ	名詞,一般,*,*,*,*,*
，	記号,読点,*,*,*,*,，,，,，
マタヌヤ	名詞,一般,*,*,*,*,*
，	記号,読点,*,*,*,*,，,，,，
ウジ	名詞,一般,*,*,*,*,ウジ,ウジ,ウジ
エル	名詞,固有名詞,人名,名,*,*,エル,エル,エル
，	記号,読点,*,*,*,*,，,，,，
シェブエル	名詞,一般,*,*,*,*,*
，	記号,読点,*,*,*,*,，,，,，
それ	名詞,代名詞,一般,*,*,*,それ,ソレ,ソレ
に	助詞,格助詞,一般,*,*,*,に,ニ,ニ
エリ	名詞,一般,*,*,*,*,エリ,エリ,エリ
モト	名詞,固有名詞,人名,名,*,*,モト,モト,モト
，	記号,読点,*,*,*,*,，,，,，
ハナニヤ	名詞,一般,*,*,*,*,*
，	記号,読点,*,*,*,*,，,，,，
ハナニ	名詞,一般,*,*,*,*,*
，	記号,読点,*,*,*,*,，,，,，
エリアタ	名詞,一般,*,*,*,*,*
，	記号,読点,*,*,*,*,，,，,，
ギダルティ	名詞,一般,*,*,*,*,*
，	記号,読点,*,*,*,*,，,，,，
それ	名詞,代名詞,一般,*,*,*,それ,ソレ,ソレ
に	助詞,格助詞,一般,*,*,*,に,ニ,ニ
ロマムティ	名詞,一般,*,*,*,*,*
･	名詞,サ変接続,*,*,*,*,*
エゼル	名詞,一般,*,*,*,*,*
，	記号,読点,*,*,*,*,，,，,，
ヨシュベカシャ	名詞,一般,*,*,*,*,*
，	記号,読点,*,*,*,*,，,，,，
マロティ	名詞,一般,*,*,*,*,*
，	記号,読点,*,*,*,*,，,，,，
ホティル	名詞,一般,*,*,*,*,*
，	記号,読点,*,*,*,*,，,，,，
マハジオト	名詞,一般,*,*,*,*,*
。	記号,句点,*,*,*,*,。,。,。
これら	名詞,代名詞,一般,*,*,*,これら,コレラ,コレラ
は	助詞,係助詞,*,*,*,*,は,ハ,ワ
皆	名詞,代名詞,一般,*,*,*,皆,ミナ,ミナ
，	記号,読点,*,*,*,*,，,，,，
[	名詞,サ変接続,*,*,*,*,*
ま	フィラー,*,*,*,*,*,ま,マ,マ
こと	名詞,非自立,一般,*,*,*,こと,コト,コト
の	助詞,連体化,*,*,*,*,の,ノ,ノ
]	名詞,サ変接続,*,*,*,*,*
神	名詞,接尾,一般,*,*,*,神,シン,シン
の	助詞,連体化,*,*,*,*,の,ノ,ノ
事柄	名詞,一般,*,*,*,*,事柄,コトガラ,コトガラ
で	助詞,格助詞,一般,*,*,*,で,デ,デ
角笛	名詞,一般,*,*,*,*,角笛,ツノブエ,ツノブエ
を	助詞,格助詞,一般,*,*,*,を,ヲ,ヲ
高く	形容詞,自立,*,*,形容詞・アウオ段,連用テ接続,高い,タカク,タカク
上げる	動詞,自立,*,*,一段,基本形,上げる,アゲル,アゲル
，	記号,読点,*,*,*,*,，,，,，
王	名詞,一般,*,*,*,*,王,オウ,オー
の	助詞,連体化,*,*,*,*,の,ノ,ノ
幻	名詞,一般,*,*,*,*,幻,マボロシ,マボロシ
を	助詞,格助詞,一般,*,*,*,を,ヲ,ヲ
見る	動詞,自立,*,*,一段,基本形,見る,ミル,ミル
者	名詞,非自立,一般,*,*,*,者,モノ,モノ
で	助動詞,*,*,*,特殊・ダ,連用形,だ,デ,デ
ある	助動詞,*,*,*,五段・ラ行アル,基本形,ある,アル,アル
ヘマン	名詞,一般,*,*,*,*,*
の	助詞,連体化,*,*,*,*,の,ノ,ノ
子	名詞,一般,*,*,*,*,子,コ,コ
ら	名詞,接尾,一般,*,*,*,ら,ラ,ラ
で	助動詞,*,*,*,特殊・ダ,連用形,だ,デ,デ
あっ	助動詞,*,*,*,五段・ラ行アル,連用タ接続,ある,アッ,アッ
た	助動詞,*,*,*,特殊・タ,基本形,た,タ,タ
。	記号,句点,*,*,*,*,。,。,。
この	連体詞,*,*,*,*,*,この,コノ,コノ
よう	名詞,非自立,助動詞語幹,*,*,*,よう,ヨウ,ヨー
に	助詞,副詞化,*,*,*,*,に,ニ,ニ
，	記号,読点,*,*,*,*,，,，,，
[	名詞,サ変接続,*,*,*,*,*
ま	フィラー,*,*,*,*,*,ま,マ,マ
こと	名詞,非自立,一般,*,*,*,こと,コト,コト
の	助詞,連体化,*,*,*,*,の,ノ,ノ
]	名詞,サ変接続,*,*,*,*,*
神	名詞,接尾,一般,*,*,*,神,シン,シン
は	助詞,係助詞,*,*,*,*,は,ハ,ワ
ヘマン	名詞,一般,*,*,*,*,*
に	助詞,格助詞,一般,*,*,*,に,ニ,ニ
息子	名詞,一般,*,*,*,*,息子,ムスコ,ムスコ
十	名詞,数,*,*,*,*,十,ジュウ,ジュー
四	名詞,数,*,*,*,*,四,ヨン,ヨン
人	名詞,接尾,助数詞,*,*,*,人,ニン,ニン
と	助詞,並立助詞,*,*,*,*,と,ト,ト
娘	名詞,一般,*,*,*,*,娘,ムスメ,ムスメ
三	名詞,数,*,*,*,*,三,サン,サン
人	名詞,接尾,助数詞,*,*,*,人,ニン,ニン
を	助詞,格助詞,一般,*,*,*,を,ヲ,ヲ
与え	動詞,自立,*,*,一段,未然形,与える,アタエ,アタエ
られ	動詞,接尾,*,*,一段,連用形,られる,ラレ,ラレ
た	助動詞,*,*,*,特殊・タ,基本形,た,タ,タ
。	記号,句点,*,*,*,*,。,。,。
これら	名詞,代名詞,一般,*,*,*,これら,コレラ,コレラ
は	助詞,係助詞,*,*,*,*,は,ハ,ワ
皆	名詞,代名詞,一般,*,*,*,皆,ミナ,ミナ
，	記号,読点,*,*,*,*,，,，,，
その	連体詞,*,*,*,*,*,その,ソノ,ソノ
父	名詞,一般,*,*,*,*,父,チチ,チチ
の	助詞,連体化,*,*,*,*,の,ノ,ノ
指揮	名詞,サ変接続,*,*,*,*,指揮,シキ,シキ
下	名詞,接尾,一般,*,*,*,下,カ,カ
に	助詞,格助詞,一般,*,*,*,に,ニ,ニ
あっ	動詞,自立,*,*,五段・ラ行,連用タ接続,ある,アッ,アッ
て	助詞,接続助詞,*,*,*,*,て,テ,テ
，	記号,読点,*,*,*,*,，,，,，
シンバル	名詞,一般,*,*,*,*,シンバル,シンバル,シンバル
，	記号,読点,*,*,*,*,，,，,，
弦楽器	名詞,一般,*,*,*,*,弦楽器,ゲンガッキ,ゲンガッキ
および	接続詞,*,*,*,*,*,および,オヨビ,オヨビ
たて	名詞,一般,*,*,*,*,たて,タテ,タテ
琴	名詞,一般,*,*,*,*,琴,キン,キン
を	助詞,格助詞,一般,*,*,*,を,ヲ,ヲ
もっ	動詞,自立,*,*,五段・タ行,連用タ接続,もつ,モッ,モッ
て	助詞,接続助詞,*,*,*,*,て,テ,テ
エホバ	名詞,一般,*,*,*,*,エホバ,エホバ,エホバ
の	助詞,連体化,*,*,*,*,の,ノ,ノ
家	名詞,一般,*,*,*,*,家,イエ,イエ
で	助詞,格助詞,一般,*,*,*,で,デ,デ
歌い	動詞,自立,*,*,五段・ワ行促音便,連用形,歌う,ウタイ,ウタイ
，	記号,読点,*,*,*,*,，,，,，
[	名詞,サ変接続,*,*,*,*,*
ま	フィラー,*,*,*,*,*,ま,マ,マ
こと	名詞,非自立,一般,*,*,*,こと,コト,コト
の	助詞,連体化,*,*,*,*,の,ノ,ノ
]	名詞,サ変接続,*,*,*,*,*
神	名詞,接尾,一般,*,*,*,神,シン,シン
の	助詞,連体化,*,*,*,*,の,ノ,ノ
家	名詞,一般,*,*,*,*,家,イエ,イエ
の	助詞,連体化,*,*,*,*,の,ノ,ノ
奉仕	名詞,サ変接続,*,*,*,*,奉仕,ホウシ,ホーシ
に	助詞,格助詞,一般,*,*,*,に,ニ,ニ
当たっ	動詞,自立,*,*,五段・ラ行,連用タ接続,当たる,アタッ,アタッ
た	助動詞,*,*,*,特殊・タ,基本形,た,タ,タ
。	記号,句点,*,*,*,*,。,。,。
そして	接続詞,*,*,*,*,*,そして,ソシテ,ソシテ
，	記号,読点,*,*,*,*,，,，,，
彼ら	名詞,代名詞,一般,*,*,*,彼ら,カレラ,カレラ
および	接続詞,*,*,*,*,*,および,オヨビ,オヨビ
エホバ	名詞,一般,*,*,*,*,エホバ,エホバ,エホバ
へ	助詞,格助詞,一般,*,*,*,へ,ヘ,エ
の	助詞,連体化,*,*,*,*,の,ノ,ノ
歌	名詞,一般,*,*,*,*,歌,ウタ,ウタ
の	助詞,連体化,*,*,*,*,の,ノ,ノ
訓練	名詞,サ変接続,*,*,*,*,訓練,クンレン,クンレン
を	助詞,格助詞,一般,*,*,*,を,ヲ,ヲ
受け	動詞,自立,*,*,一段,連用形,受ける,ウケ,ウケ
た	助動詞,*,*,*,特殊・タ,基本形,た,タ,タ
その	連体詞,*,*,*,*,*,その,ソノ,ソノ
兄弟	名詞,一般,*,*,*,*,兄弟,キョウダイ,キョーダイ
たち	名詞,接尾,一般,*,*,*,たち,タチ,タチ
，	記号,読点,*,*,*,*,，,，,，
彼ら	名詞,代名詞,一般,*,*,*,彼ら,カレラ,カレラ
は	助詞,係助詞,*,*,*,*,は,ハ,ワ
みな	名詞,代名詞,一般,*,*,*,みな,ミナ,ミナ
専門	名詞,一般,*,*,*,*,専門,センモン,センモン
家	名詞,接尾,一般,*,*,*,家,カ,カ
で	助動詞,*,*,*,特殊・ダ,連用形,だ,デ,デ
ある	助動詞,*,*,*,五段・ラ行アル,基本形,ある,アル,アル
が	助詞,接続助詞,*,*,*,*,が,ガ,ガ
，	記号,読点,*,*,*,*,，,，,，
その	連体詞,*,*,*,*,*,その,ソノ,ソノ
数	名詞,一般,*,*,*,*,数,カズ,カズ
は	助詞,係助詞,*,*,*,*,は,ハ,ワ
二	名詞,数,*,*,*,*,二,ニ,ニ
百	名詞,数,*,*,*,*,百,ヒャク,ヒャク
八	名詞,数,*,*,*,*,八,ハチ,ハチ
十	名詞,数,*,*,*,*,十,ジュウ,ジュー
八	名詞,数,*,*,*,*,八,ハチ,ハチ
人	名詞,接尾,助数詞,*,*,*,人,ニン,ニン
で	助動詞,*,*,*,特殊・ダ,連用形,だ,デ,デ
あっ	助動詞,*,*,*,五段・ラ行アル,連用タ接続,ある,アッ,アッ
た	助動詞,*,*,*,特殊・タ,基本形,た,タ,タ
。	記号,句点,*,*,*,*,。,。,。
そこで	接続詞,*,*,*,*,*,そこで,ソコデ,ソコデ
，	記号,読点,*,*,*,*,，,，,，
彼ら	名詞,代名詞,一般,*,*,*,彼ら,カレラ,カレラ
は	助詞,係助詞,*,*,*,*,は,ハ,ワ
，	記号,読点,*,*,*,*,，,，,，
小	名詞,一般,*,*,*,*,小,ショウ,ショー
なる	動詞,自立,*,*,五段・ラ行,基本形,なる,ナル,ナル
者	名詞,非自立,一般,*,*,*,者,モノ,モノ
も	助詞,係助詞,*,*,*,*,も,モ,モ
大	名詞,一般,*,*,*,*,大,ダイ,ダイ
なる	動詞,自立,*,*,五段・ラ行,基本形,なる,ナル,ナル
者	名詞,非自立,一般,*,*,*,者,モノ,モノ
と	助詞,格助詞,一般,*,*,*,と,ト,ト
同じ	連体詞,*,*,*,*,*,同じ,オナジ,オナジ
よう	名詞,非自立,助動詞語幹,*,*,*,よう,ヨウ,ヨー
に	助詞,副詞化,*,*,*,*,に,ニ,ニ
，	記号,読点,*,*,*,*,，,，,，
専門	名詞,一般,*,*,*,*,専門,センモン,センモン
家	名詞,接尾,一般,*,*,*,家,カ,カ
も	助詞,係助詞,*,*,*,*,も,モ,モ
学ぶ	動詞,自立,*,*,五段・バ行,基本形,学ぶ,マナブ,マナブ
者	名詞,非自立,一般,*,*,*,者,モノ,モノ
も	助詞,係助詞,*,*,*,*,も,モ,モ
一緒	名詞,サ変接続,*,*,*,*,一緒,イッショ,イッショ
に	助詞,格助詞,一般,*,*,*,に,ニ,ニ
，	記号,読点,*,*,*,*,，,，,，
処理	名詞,サ変接続,*,*,*,*,処理,ショリ,ショリ
さ	動詞,自立,*,*,サ変・スル,未然レル接続,する,サ,サ
れる	動詞,接尾,*,*,一段,基本形,れる,レル,レル
べき	助動詞,*,*,*,文語・ベシ,体言接続,べし,ベキ,ベキ
事柄	名詞,一般,*,*,*,*,事柄,コトガラ,コトガラ
に関して	助詞,格助詞,連語,*,*,*,に関して,ニカンシテ,ニカンシテ
くじ	名詞,一般,*,*,*,*,くじ,クジ,クジ
を	助詞,格助詞,一般,*,*,*,を,ヲ,ヲ
引い	動詞,自立,*,*,五段・カ行イ音便,連用タ接続,引く,ヒイ,ヒイ
た	助動詞,*,*,*,特殊・タ,基本形,た,タ,タ
。	記号,句点,*,*,*,*,。,。,。
こうして	接続詞,*,*,*,*,*,こうして,コウシテ,コーシテ
，	記号,読点,*,*,*,*,，,，,，
くじ	名詞,一般,*,*,*,*,くじ,クジ,クジ
が	助詞,格助詞,一般,*,*,*,が,ガ,ガ
出	動詞,自立,*,*,一段,連用形,出る,デ,デ
た	助動詞,*,*,*,特殊・タ,基本形,た,タ,タ
。	記号,句点,*,*,*,*,。,。,。
すなわち	接続詞,*,*,*,*,*,すなわち,スナワチ,スナワチ
，	記号,読点,*,*,*,*,，,，,，
アサフ	名詞,一般,*,*,*,*,*
に	助詞,格助詞,一般,*,*,*,に,ニ,ニ
属する	動詞,自立,*,*,サ変・−スル,基本形,属する,ゾクスル,ゾクスル
第	接頭詞,数接続,*,*,*,*,第,ダイ,ダイ
一	名詞,数,*,*,*,*,一,イチ,イチ
[	名詞,サ変接続,*,*,*,*,*
の	助詞,連体化,*,*,*,*,の,ノ,ノ
くじ	名詞,一般,*,*,*,*,くじ,クジ,クジ
]	名詞,サ変接続,*,*,*,*,*
は	助詞,係助詞,*,*,*,*,は,ハ,ワ
ヨセフ	名詞,一般,*,*,*,*,*
に	助詞,格助詞,一般,*,*,*,に,ニ,ニ
，	記号,読点,*,*,*,*,，,，,，
第	接頭詞,数接続,*,*,*,*,第,ダイ,ダイ
二	名詞,数,*,*,*,*,二,ニ,ニ
は	助詞,係助詞,*,*,*,*,は,ハ,ワ
ゲダリヤ	名詞,一般,*,*,*,*,*
に	助詞,格助詞,一般,*,*,*,に,ニ,ニ
（	記号,括弧開,*,*,*,*,（,（,（
彼	名詞,代名詞,一般,*,*,*,彼,カレ,カレ
と	助詞,格助詞,一般,*,*,*,と,ト,ト
兄弟	名詞,一般,*,*,*,*,兄弟,キョウダイ,キョーダイ
たち	名詞,接尾,一般,*,*,*,たち,タチ,タチ
，	記号,読点,*,*,*,*,，,，,，
および	接続詞,*,*,*,*,*,および,オヨビ,オヨビ
その	連体詞,*,*,*,*,*,その,ソノ,ソノ
子	名詞,一般,*,*,*,*,子,コ,コ
ら	名詞,接尾,一般,*,*,*,ら,ラ,ラ
は	助詞,係助詞,*,*,*,*,は,ハ,ワ
十	名詞,数,*,*,*,*,十,ジュウ,ジュー
二	名詞,数,*,*,*,*,二,ニ,ニ
人	名詞,接尾,助数詞,*,*,*,人,ニン,ニン
で	助動詞,*,*,*,特殊・ダ,連用形,だ,デ,デ
あっ	助動詞,*,*,*,五段・ラ行アル,連用タ接続,ある,アッ,アッ
た	助動詞,*,*,*,特殊・タ,基本形,た,タ,タ
）	記号,括弧閉,*,*,*,*,）,）,）
。	記号,句点,*,*,*,*,。,。,。
第	接頭詞,数接続,*,*,*,*,第,ダイ,ダイ
三	名詞,数,*,*,*,*,三,サン,サン
は	助詞,係助詞,*,*,*,*,は,ハ,ワ
ザクル	名詞,一般,*,*,*,*,*
に	助詞,格助詞,一般,*,*,*,に,ニ,ニ
。	記号,句点,*,*,*,*,。,。,。
その	連体詞,*,*,*,*,*,その,ソノ,ソノ
子	名詞,一般,*,*,*,*,子,コ,コ
ら	名詞,接尾,一般,*,*,*,ら,ラ,ラ
，	記号,読点,*,*,*,*,，,，,，
および	接続詞,*,*,*,*,*,および,オヨビ,オヨビ
その	連体詞,*,*,*,*,*,その,ソノ,ソノ
兄弟	名詞,一般,*,*,*,*,兄弟,キョウダイ,キョーダイ
たち	名詞,接尾,一般,*,*,*,たち,タチ,タチ
，	名詞,数,*,*,*,*,，,，,，
十	名詞,数,*,*,*,*,十,ジュウ,ジュー
二	名詞,数,*,*,*,*,二,ニ,ニ
人	名詞,接尾,助数詞,*,*,*,人,ニン,ニン
。	記号,句点,*,*,*,*,。,。,。
第	接頭詞,数接続,*,*,*,*,第,ダイ,ダイ
四	名詞,数,*,*,*,*,四,ヨン,ヨン
は	助詞,係助詞,*,*,*,*,は,ハ,ワ
イツリ	名詞,一般,*,*,*,*,*
に	助詞,格助詞,一般,*,*,*,に,ニ,ニ
。	記号,句点,*,*,*,*,。,。,。
その	連体詞,*,*,*,*,*,その,ソノ,ソノ
子	名詞,一般,*,*,*,*,子,コ,コ
ら	名詞,接尾,一般,*,*,*,ら,ラ,ラ
，	記号,読点,*,*,*,*,，,，,，
および	接続詞,*,*,*,*,*,および,オヨビ,オヨビ
その	連体詞,*,*,*,*,*,その,ソノ,ソノ
兄弟	名詞,一般,*,*,*,*,兄弟,キョウダイ,キョーダイ
たち	名詞,接尾,一般,*,*,*,たち,タチ,タチ
，	名詞,数,*,*,*,*,，,，,，
十	名詞,数,*,*,*,*,十,ジュウ,ジュー
二	名詞,数,*,*,*,*,二,ニ,ニ
人	名詞,接尾,助数詞,*,*,*,人,ニン,ニン
。	記号,句点,*,*,*,*,。,。,。
第	接頭詞,数接続,*,*,*,*,第,ダイ,ダイ
五	名詞,数,*,*,*,*,五,ゴ,ゴ
は	助詞,係助詞,*,*,*,*,は,ハ,ワ
ネタヌヤ	名詞,一般,*,*,*,*,*
に	助詞,格助詞,一般,*,*,*,に,ニ,ニ
。	記号,句点,*,*,*,*,。,。,。
その	連体詞,*,*,*,*,*,その,ソノ,ソノ
子	名詞,一般,*,*,*,*,子,コ,コ
ら	名詞,接尾,一般,*,*,*,ら,ラ,ラ
，	記号,読点,*,*,*,*,，,，,，
および	接続詞,*,*,*,*,*,および,オヨビ,オヨビ
その	連体詞,*,*,*,*,*,その,ソノ,ソノ
兄弟	名詞,一般,*,*,*,*,兄弟,キョウダイ,キョーダイ
たち	名詞,接尾,一般,*,*,*,たち,タチ,タチ
，	名詞,数,*,*,*,*,，,，,，
十	名詞,数,*,*,*,*,十,ジュウ,ジュー
二	名詞,数,*,*,*,*,二,ニ,ニ
人	名詞,接尾,助数詞,*,*,*,人,ニン,ニン
。	記号,句点,*,*,*,*,。,。,。
第	接頭詞,数接続,*,*,*,*,第,ダイ,ダイ
六	名詞,数,*,*,*,*,六,ロク,ロク
は	助詞,係助詞,*,*,*,*,は,ハ,ワ
ブキヤ	名詞,一般,*,*,*,*,*
に	助詞,格助詞,一般,*,*,*,に,ニ,ニ
。	記号,句点,*,*,*,*,。,。,。
その	連体詞,*,*,*,*,*,その,ソノ,ソノ
子	名詞,一般,*,*,*,*,子,コ,コ
ら	名詞,接尾,一般,*,*,*,ら,ラ,ラ
，	記号,読点,*,*,*,*,，,，,，
および	接続詞,*,*,*,*,*,および,オヨビ,オヨビ
その	連体詞,*,*,*,*,*,その,ソノ,ソノ
兄弟	名詞,一般,*,*,*,*,兄弟,キョウダイ,キョーダイ
たち	名詞,接尾,一般,*,*,*,たち,タチ,タチ
，	名詞,数,*,*,*,*,，,，,，
十	名詞,数,*,*,*,*,十,ジュウ,ジュー
二	名詞,数,*,*,*,*,二,ニ,ニ
人	名詞,接尾,助数詞,*,*,*,人,ニン,ニン
。	記号,句点,*,*,*,*,。,。,。
第	接頭詞,数接続,*,*,*,*,第,ダイ,ダイ
七	名詞,数,*,*,*,*,七,ナナ,ナナ
は	助詞,係助詞,*,*,*,*,は,ハ,ワ
エシャルエラ	名詞,一般,*,*,*,*,*
に	助詞,格助詞,一般,*,*,*,に,ニ,ニ
。	記号,句点,*,*,*,*,。,。,。
その	連体詞,*,*,*,*,*,その,ソノ,ソノ
子	名詞,一般,*,*,*,*,子,コ,コ
ら	名詞,接尾,一般,*,*,*,ら,ラ,ラ
，	記号,読点,*,*,*,*,，,，,，
および	接続詞,*,*,*,*,*,および,オヨビ,オヨビ
その	連体詞,*,*,*,*,*,その,ソノ,ソノ
兄弟	名詞,一般,*,*,*,*,兄弟,キョウダイ,キョーダイ
たち	名詞,接尾,一般,*,*,*,たち,タチ,タチ
，	名詞,数,*,*,*,*,，,，,，
十	名詞,数,*,*,*,*,十,ジュウ,ジュー
二	名詞,数,*,*,*,*,二,ニ,ニ
人	名詞,接尾,助数詞,*,*,*,人,ニン,ニン
。	記号,句点,*,*,*,*,。,。,。
第	接頭詞,数接続,*,*,*,*,第,ダイ,ダイ
八	名詞,数,*,*,*,*,八,ハチ,ハチ
は	助詞,係助詞,*,*,*,*,は,ハ,ワ
エシャヤ	名詞,一般,*,*,*,*,*
に	助詞,格助詞,一般,*,*,*,に,ニ,ニ
。	記号,句点,*,*,*,*,。,。,。
その	連体詞,*,*,*,*,*,その,ソノ,ソノ
子	名詞,一般,*,*,*,*,子,コ,コ
ら	名詞,接尾,一般,*,*,*,ら,ラ,ラ
，	記号,読点,*,*,*,*,，,，,，
および	接続詞,*,*,*,*,*,および,オヨビ,オヨビ
その	連体詞,*,*,*,*,*,その,ソノ,ソノ
兄弟	名詞,一般,*,*,*,*,兄弟,キョウダイ,キョーダイ
たち	名詞,接尾,一般,*,*,*,たち,タチ,タチ
，	名詞,数,*,*,*,*,，,，,，
十	名詞,数,*,*,*,*,十,ジュウ,ジュー
二	名詞,数,*,*,*,*,二,ニ,ニ
人	名詞,接尾,助数詞,*,*,*,人,ニン,ニン
。	記号,句点,*,*,*,*,。,。,。
第	接頭詞,数接続,*,*,*,*,第,ダイ,ダイ
九	名詞,数,*,*,*,*,九,キュウ,キュー
は	助詞,係助詞,*,*,*,*,は,ハ,ワ
マタヌヤ	名詞,一般,*,*,*,*,*
に	助詞,格助詞,一般,*,*,*,に,ニ,ニ
。	記号,句点,*,*,*,*,。,。,。
その	連体詞,*,*,*,*,*,その,ソノ,ソノ
子	名詞,一般,*,*,*,*,子,コ,コ
ら	名詞,接尾,一般,*,*,*,ら,ラ,ラ
，	記号,読点,*,*,*,*,，,，,，
および	接続詞,*,*,*,*,*,および,オヨビ,オヨビ
その	連体詞,*,*,*,*,*,その,ソノ,ソノ
兄弟	名詞,一般,*,*,*,*,兄弟,キョウダイ,キョーダイ
たち	名詞,接尾,一般,*,*,*,たち,タチ,タチ
，	名詞,数,*,*,*,*,，,，,，
十	名詞,数,*,*,*,*,十,ジュウ,ジュー
二	名詞,数,*,*,*,*,二,ニ,ニ
人	名詞,接尾,助数詞,*,*,*,人,ニン,ニン
。	記号,句点,*,*,*,*,。,。,。
第	接頭詞,数接続,*,*,*,*,第,ダイ,ダイ
十	名詞,数,*,*,*,*,十,ジュウ,ジュー
は	助詞,係助詞,*,*,*,*,は,ハ,ワ
シムイ	名詞,一般,*,*,*,*,*
に	助詞,格助詞,一般,*,*,*,に,ニ,ニ
。	記号,句点,*,*,*,*,。,。,。
その	連体詞,*,*,*,*,*,その,ソノ,ソノ
子	名詞,一般,*,*,*,*,子,コ,コ
ら	名詞,接尾,一般,*,*,*,ら,ラ,ラ
，	記号,読点,*,*,*,*,，,，,，
および	接続詞,*,*,*,*,*,および,オヨビ,オヨビ
その	連体詞,*,*,*,*,*,その,ソノ,ソノ
兄弟	名詞,一般,*,*,*,*,兄弟,キョウダイ,キョーダイ
たち	名詞,接尾,一般,*,*,*,たち,タチ,タチ
，	名詞,数,*,*,*,*,，,，,，
十	名詞,数,*,*,*,*,十,ジュウ,ジュー
二	名詞,数,*,*,*,*,二,ニ,ニ
人	名詞,接尾,助数詞,*,*,*,人,ニン,ニン
。	記号,句点,*,*,*,*,。,。,。
第	接頭詞,数接続,*,*,*,*,第,ダイ,ダイ
十	名詞,数,*,*,*,*,十,ジュウ,ジュー
一	名詞,数,*,*,*,*,一,イチ,イチ
は	助詞,係助詞,*,*,*,*,は,ハ,ワ
アザルエル	名詞,一般,*,*,*,*,*
に	助詞,格助詞,一般,*,*,*,に,ニ,ニ
。	記号,句点,*,*,*,*,。,。,。
その	連体詞,*,*,*,*,*,その,ソノ,ソノ
子	名詞,一般,*,*,*,*,子,コ,コ
ら	名詞,接尾,一般,*,*,*,ら,ラ,ラ
，	記号,読点,*,*,*,*,，,，,，
および	接続詞,*,*,*,*,*,および,オヨビ,オヨビ
その	連体詞,*,*,*,*,*,その,ソノ,ソノ
兄弟	名詞,一般,*,*,*,*,兄弟,キョウダイ,キョーダイ
たち	名詞,接尾,一般,*,*,*,たち,タチ,タチ
，	名詞,数,*,*,*,*,，,，,，
十	名詞,数,*,*,*,*,十,ジュウ,ジュー
二	名詞,数,*,*,*,*,二,ニ,ニ
人	名詞,接尾,助数詞,*,*,*,人,ニン,ニン
。	記号,句点,*,*,*,*,。,。,。
第	接頭詞,数接続,*,*,*,*,第,ダイ,ダイ
十	名詞,数,*,*,*,*,十,ジュウ,ジュー
二	名詞,数,*,*,*,*,二,ニ,ニ
は	助詞,係助詞,*,*,*,*,は,ハ,ワ
ハシャブヤ	名詞,一般,*,*,*,*,*
に	助詞,格助詞,一般,*,*,*,に,ニ,ニ
。	記号,句点,*,*,*,*,。,。,。
その	連体詞,*,*,*,*,*,その,ソノ,ソノ
子	名詞,一般,*,*,*,*,子,コ,コ
ら	名詞,接尾,一般,*,*,*,ら,ラ,ラ
，	記号,読点,*,*,*,*,，,，,，
および	接続詞,*,*,*,*,*,および,オヨビ,オヨビ
その	連体詞,*,*,*,*,*,その,ソノ,ソノ
兄弟	名詞,一般,*,*,*,*,兄弟,キョウダイ,キョーダイ
たち	名詞,接尾,一般,*,*,*,たち,タチ,タチ
，	名詞,数,*,*,*,*,，,，,，
十	名詞,数,*,*,*,*,十,ジュウ,ジュー
二	名詞,数,*,*,*,*,二,ニ,ニ
人	名詞,接尾,助数詞,*,*,*,人,ニン,ニン
。	記号,句点,*,*,*,*,。,。,。
第	接頭詞,数接続,*,*,*,*,第,ダイ,ダイ
十	名詞,数,*,*,*,*,十,ジュウ,ジュー
三	名詞,数,*,*,*,*,三,サン,サン
は	助詞,係助詞,*,*,*,*,は,ハ,ワ
シュバエル	名詞,一般,*,*,*,*,*
。	記号,句点,*,*,*,*,。,。,。
その	連体詞,*,*,*,*,*,その,ソノ,ソノ
子	名詞,一般,*,*,*,*,子,コ,コ
ら	名詞,接尾,一般,*,*,*,ら,ラ,ラ
，	記号,読点,*,*,*,*,，,，,，
および	接続詞,*,*,*,*,*,および,オヨビ,オヨビ
その	連体詞,*,*,*,*,*,その,ソノ,ソノ
兄弟	名詞,一般,*,*,*,*,兄弟,キョウダイ,キョーダイ
たち	名詞,接尾,一般,*,*,*,たち,タチ,タチ
，	名詞,数,*,*,*,*,，,，,，
十	名詞,数,*,*,*,*,十,ジュウ,ジュー
二	名詞,数,*,*,*,*,二,ニ,ニ
人	名詞,接尾,助数詞,*,*,*,人,ニン,ニン
。	記号,句点,*,*,*,*,。,。,。
第	接頭詞,数接続,*,*,*,*,第,ダイ,ダイ
十	名詞,数,*,*,*,*,十,ジュウ,ジュー
四	名詞,数,*,*,*,*,四,ヨン,ヨン
は	助詞,係助詞,*,*,*,*,は,ハ,ワ
マタテヤ	名詞,一般,*,*,*,*,*
。	記号,句点,*,*,*,*,。,。,。
その	連体詞,*,*,*,*,*,その,ソノ,ソノ
子	名詞,一般,*,*,*,*,子,コ,コ
ら	名詞,接尾,一般,*,*,*,ら,ラ,ラ
，	記号,読点,*,*,*,*,，,，,，
および	接続詞,*,*,*,*,*,および,オヨビ,オヨビ
その	連体詞,*,*,*,*,*,その,ソノ,ソノ
兄弟	名詞,一般,*,*,*,*,兄弟,キョウダイ,キョーダイ
たち	名詞,接尾,一般,*,*,*,たち,タチ,タチ
，	名詞,数,*,*,*,*,，,，,，
十	名詞,数,*,*,*,*,十,ジュウ,ジュー
二	名詞,数,*,*,*,*,二,ニ,ニ
人	名詞,接尾,助数詞,*,*,*,人,ニン,ニン
。	記号,句点,*,*,*,*,。,。,。
第	接頭詞,数接続,*,*,*,*,第,ダイ,ダイ
十	名詞,数,*,*,*,*,十,ジュウ,ジュー
五	名詞,数,*,*,*,*,五,ゴ,ゴ
は	助詞,係助詞,*,*,*,*,は,ハ,ワ
エレモト	名詞,一般,*,*,*,*,*
に	助詞,格助詞,一般,*,*,*,に,ニ,ニ
。	記号,句点,*,*,*,*,。,。,。
その	連体詞,*,*,*,*,*,その,ソノ,ソノ
子	名詞,一般,*,*,*,*,子,コ,コ
ら	名詞,接尾,一般,*,*,*,ら,ラ,ラ
，	記号,読点,*,*,*,*,，,，,，
および	接続詞,*,*,*,*,*,および,オヨビ,オヨビ
その	連体詞,*,*,*,*,*,その,ソノ,ソノ
兄弟	名詞,一般,*,*,*,*,兄弟,キョウダイ,キョーダイ
たち	名詞,接尾,一般,*,*,*,たち,タチ,タチ
，	名詞,数,*,*,*,*,，,，,，
十	名詞,数,*,*,*,*,十,ジュウ,ジュー
二	名詞,数,*,*,*,*,二,ニ,ニ
人	名詞,接尾,助数詞,*,*,*,人,ニン,ニン
。	記号,句点,*,*,*,*,。,。,。
第	接頭詞,数接続,*,*,*,*,第,ダイ,ダイ
十	名詞,数,*,*,*,*,十,ジュウ,ジュー
六	名詞,数,*,*,*,*,六,ロク,ロク
は	助詞,係助詞,*,*,*,*,は,ハ,ワ
ハナニヤ	名詞,一般,*,*,*,*,*
に	助詞,格助詞,一般,*,*,*,に,ニ,ニ
。	記号,句点,*,*,*,*,。,。,。
その	連体詞,*,*,*,*,*,その,ソノ,ソノ
子	名詞,一般,*,*,*,*,子,コ,コ
ら	名詞,接尾,一般,*,*,*,ら,ラ,ラ
，	記号,読点,*,*,*,*,，,，,，
および	接続詞,*,*,*,*,*,および,オヨビ,オヨビ
その	連体詞,*,*,*,*,*,その,ソノ,ソノ
兄弟	名詞,一般,*,*,*,*,兄弟,キョウダイ,キョーダイ
たち	名詞,接尾,一般,*,*,*,たち,タチ,タチ
，	名詞,数,*,*,*,*,，,，,，
十	名詞,数,*,*,*,*,十,ジュウ,ジュー
二	名詞,数,*,*,*,*,二,ニ,ニ
人	名詞,接尾,助数詞,*,*,*,人,ニン,ニン
。	記号,句点,*,*,*,*,。,。,。
第	接頭詞,数接続,*,*,*,*,第,ダイ,ダイ
十	名詞,数,*,*,*,*,十,ジュウ,ジュー
七	名詞,数,*,*,*,*,七,ナナ,ナナ
は	助詞,係助詞,*,*,*,*,は,ハ,ワ
ヨシュベカシャ	名詞,一般,*,*,*,*,*
に	助詞,格助詞,一般,*,*,*,に,ニ,ニ
。	記号,句点,*,*,*,*,。,。,。
その	連体詞,*,*,*,*,*,その,ソノ,ソノ
子	名詞,一般,*,*,*,*,子,コ,コ
ら	名詞,接尾,一般,*,*,*,ら,ラ,ラ
，	記号,読点,*,*,*,*,，,，,，
および	接続詞,*,*,*,*,*,および,オヨビ,オヨビ
その	連体詞,*,*,*,*,*,その,ソノ,ソノ
兄弟	名詞,一般,*,*,*,*,兄弟,キョウダイ,キョーダイ
たち	名詞,接尾,一般,*,*,*,たち,タチ,タチ
，	名詞,数,*,*,*,*,，,，,，
十	名詞,数,*,*,*,*,十,ジュウ,ジュー
二	名詞,数,*,*,*,*,二,ニ,ニ
人	名詞,接尾,助数詞,*,*,*,人,ニン,ニン
。	記号,句点,*,*,*,*,。,。,。
第	接頭詞,数接続,*,*,*,*,第,ダイ,ダイ
十	名詞,数,*,*,*,*,十,ジュウ,ジュー
八	名詞,数,*,*,*,*,八,ハチ,ハチ
は	助詞,係助詞,*,*,*,*,は,ハ,ワ
ハナニ	名詞,一般,*,*,*,*,*
に	助詞,格助詞,一般,*,*,*,に,ニ,ニ
。	記号,句点,*,*,*,*,。,。,。
その	連体詞,*,*,*,*,*,その,ソノ,ソノ
子	名詞,一般,*,*,*,*,子,コ,コ
ら	名詞,接尾,一般,*,*,*,ら,ラ,ラ
，	記号,読点,*,*,*,*,，,，,，
および	接続詞,*,*,*,*,*,および,オヨビ,オヨビ
その	連体詞,*,*,*,*,*,その,ソノ,ソノ
兄弟	名詞,一般,*,*,*,*,兄弟,キョウダイ,キョーダイ
たち	名詞,接尾,一般,*,*,*,たち,タチ,タチ
，	名詞,数,*,*,*,*,，,，,，
十	名詞,数,*,*,*,*,十,ジュウ,ジュー
二	名詞,数,*,*,*,*,二,ニ,ニ
人	名詞,接尾,助数詞,*,*,*,人,ニン,ニン
。	記号,句点,*,*,*,*,。,。,。
第	接頭詞,数接続,*,*,*,*,第,ダイ,ダイ
十	名詞,数,*,*,*,*,十,ジュウ,ジュー
九	名詞,数,*,*,*,*,九,キュウ,キュー
は	助詞,係助詞,*,*,*,*,は,ハ,ワ
マロティ	名詞,一般,*,*,*,*,*
に	助詞,格助詞,一般,*,*,*,に,ニ,ニ
。	記号,句点,*,*,*,*,。,。,。
その	連体詞,*,*,*,*,*,その,ソノ,ソノ
子	名詞,一般,*,*,*,*,子,コ,コ
ら	名詞,接尾,一般,*,*,*,ら,ラ,ラ
，	記号,読点,*,*,*,*,，,，,，
および	接続詞,*,*,*,*,*,および,オヨビ,オヨビ
その	連体詞,*,*,*,*,*,その,ソノ,ソノ
兄弟	名詞,一般,*,*,*,*,兄弟,キョウダイ,キョーダイ
たち	名詞,接尾,一般,*,*,*,たち,タチ,タチ
，	名詞,数,*,*,*,*,，,，,，
十	名詞,数,*,*,*,*,十,ジュウ,ジュー
二	名詞,数,*,*,*,*,二,ニ,ニ
人	名詞,接尾,助数詞,*,*,*,人,ニン,ニン
。	記号,句点,*,*,*,*,。,。,。
第	接頭詞,数接続,*,*,*,*,第,ダイ,ダイ
二	名詞,数,*,*,*,*,二,ニ,ニ
十	名詞,数,*,*,*,*,十,ジュウ,ジュー
は	助詞,係助詞,*,*,*,*,は,ハ,ワ
エリアタ	名詞,一般,*,*,*,*,*
に	助詞,格助詞,一般,*,*,*,に,ニ,ニ
。	記号,句点,*,*,*,*,。,。,。
その	連体詞,*,*,*,*,*,その,ソノ,ソノ
子	名詞,一般,*,*,*,*,子,コ,コ
ら	名詞,接尾,一般,*,*,*,ら,ラ,ラ
，	記号,読点,*,*,*,*,，,，,，
および	接続詞,*,*,*,*,*,および,オヨビ,オヨビ
その	連体詞,*,*,*,*,*,その,ソノ,ソノ
兄弟	名詞,一般,*,*,*,*,兄弟,キョウダイ,キョーダイ
たち	名詞,接尾,一般,*,*,*,たち,タチ,タチ
，	名詞,数,*,*,*,*,，,，,，
十	名詞,数,*,*,*,*,十,ジュウ,ジュー
二	名詞,数,*,*,*,*,二,ニ,ニ
人	名詞,接尾,助数詞,*,*,*,人,ニン,ニン
。	記号,句点,*,*,*,*,。,。,。
第	接頭詞,数接続,*,*,*,*,第,ダイ,ダイ
二	名詞,数,*,*,*,*,二,ニ,ニ
十	名詞,数,*,*,*,*,十,ジュウ,ジュー
一	名詞,数,*,*,*,*,一,イチ,イチ
は	助詞,係助詞,*,*,*,*,は,ハ,ワ
ホティル	名詞,一般,*,*,*,*,*
に	助詞,格助詞,一般,*,*,*,に,ニ,ニ
。	記号,句点,*,*,*,*,。,。,。
その	連体詞,*,*,*,*,*,その,ソノ,ソノ
子	名詞,一般,*,*,*,*,子,コ,コ
ら	名詞,接尾,一般,*,*,*,ら,ラ,ラ
，	記号,読点,*,*,*,*,，,，,，
および	接続詞,*,*,*,*,*,および,オヨビ,オヨビ
その	連体詞,*,*,*,*,*,その,ソノ,ソノ
兄弟	名詞,一般,*,*,*,*,兄弟,キョウダイ,キョーダイ
たち	名詞,接尾,一般,*,*,*,たち,タチ,タチ
，	名詞,数,*,*,*,*,，,，,，
十	名詞,数,*,*,*,*,十,ジュウ,ジュー
二	名詞,数,*,*,*,*,二,ニ,ニ
人	名詞,接尾,助数詞,*,*,*,人,ニン,ニン
。	記号,句点,*,*,*,*,。,。,。
第	接頭詞,数接続,*,*,*,*,第,ダイ,ダイ
二	名詞,数,*,*,*,*,二,ニ,ニ
十	名詞,数,*,*,*,*,十,ジュウ,ジュー
二	名詞,数,*,*,*,*,二,ニ,ニ
は	助詞,係助詞,*,*,*,*,は,ハ,ワ
ギダルティ	名詞,一般,*,*,*,*,*
に	助詞,格助詞,一般,*,*,*,に,ニ,ニ
。	記号,句点,*,*,*,*,。,。,。
その	連体詞,*,*,*,*,*,その,ソノ,ソノ
子	名詞,一般,*,*,*,*,子,コ,コ
ら	名詞,接尾,一般,*,*,*,ら,ラ,ラ
，	記号,読点,*,*,*,*,，,，,，
および	接続詞,*,*,*,*,*,および,オヨビ,オヨビ
その	連体詞,*,*,*,*,*,その,ソノ,ソノ
兄弟	名詞,一般,*,*,*,*,兄弟,キョウダイ,キョーダイ
たち	名詞,接尾,一般,*,*,*,たち,タチ,タチ
，	名詞,数,*,*,*,*,，,，,，
十	名詞,数,*,*,*,*,十,ジュウ,ジュー
二	名詞,数,*,*,*,*,二,ニ,ニ
人	名詞,接尾,助数詞,*,*,*,人,ニン,ニン
。	記号,句点,*,*,*,*,。,。,。
第	接頭詞,数接続,*,*,*,*,第,ダイ,ダイ
二	名詞,数,*,*,*,*,二,ニ,ニ
十	名詞,数,*,*,*,*,十,ジュウ,ジュー
三	名詞,数,*,*,*,*,三,サン,サン
は	助詞,係助詞,*,*,*,*,は,ハ,ワ
マハジオト	名詞,一般,*,*,*,*,*
に	助詞,格助詞,一般,*,*,*,に,ニ,ニ
。	記号,句点,*,*,*,*,。,。,。
その	連体詞,*,*,*,*,*,その,ソノ,ソノ
子	名詞,一般,*,*,*,*,子,コ,コ
ら	名詞,接尾,一般,*,*,*,ら,ラ,ラ
，	記号,読点,*,*,*,*,，,，,，
および	接続詞,*,*,*,*,*,および,オヨビ,オヨビ
その	連体詞,*,*,*,*,*,その,ソノ,ソノ
兄弟	名詞,一般,*,*,*,*,兄弟,キョウダイ,キョーダイ
たち	名詞,接尾,一般,*,*,*,たち,タチ,タチ
，	名詞,数,*,*,*,*,，,，,，
十	名詞,数,*,*,*,*,十,ジュウ,ジュー
二	名詞,数,*,*,*,*,二,ニ,ニ
人	名詞,接尾,助数詞,*,*,*,人,ニン,ニン
。	記号,句点,*,*,*,*,。,。,。
第	接頭詞,数接続,*,*,*,*,第,ダイ,ダイ
二	名詞,数,*,*,*,*,二,ニ,ニ
十	名詞,数,*,*,*,*,十,ジュウ,ジュー
四	名詞,数,*,*,*,*,四,ヨン,ヨン
は	助詞,係助詞,*,*,*,*,は,ハ,ワ
ロマムティ	名詞,一般,*,*,*,*,*
･	名詞,サ変接続,*,*,*,*,*
エゼル	名詞,一般,*,*,*,*,*
に	助詞,格助詞,一般,*,*,*,に,ニ,ニ
。	記号,句点,*,*,*,*,。,。,。
その	連体詞,*,*,*,*,*,その,ソノ,ソノ
子	名詞,一般,*,*,*,*,子,コ,コ
ら	名詞,接尾,一般,*,*,*,ら,ラ,ラ
，	記号,読点,*,*,*,*,，,，,，
および	接続詞,*,*,*,*,*,および,オヨビ,オヨビ
その	連体詞,*,*,*,*,*,その,ソノ,ソノ
兄弟	名詞,一般,*,*,*,*,兄弟,キョウダイ,キョーダイ
たち	名詞,接尾,一般,*,*,*,たち,タチ,タチ
，	名詞,数,*,*,*,*,，,，,，
十	名詞,数,*,*,*,*,十,ジュウ,ジュー
二	名詞,数,*,*,*,*,二,ニ,ニ
人	名詞,接尾,助数詞,*,*,*,人,ニン,ニン
。	記号,句点,*,*,*,*,。,。,。
EOS
