そこで	接続詞,*,*,*,*,*,そこで,ソコデ,ソコデ
，	記号,読点,*,*,*,*,，,，,，
ダビデ	名詞,一般,*,*,*,*,*
は	助詞,係助詞,*,*,*,*,は,ハ,ワ
言っ	動詞,自立,*,*,五段・ワ行促音便,連用タ接続,言う,イッ,イッ
た	助動詞,*,*,*,特殊・タ,基本形,た,タ,タ
，	記号,読点,*,*,*,*,，,，,，
「	記号,括弧開,*,*,*,*,「,「,「
これ	名詞,代名詞,一般,*,*,*,これ,コレ,コレ
こそ	助詞,係助詞,*,*,*,*,こそ,コソ,コソ
，	記号,読点,*,*,*,*,，,，,，
[	名詞,サ変接続,*,*,*,*,*
ま	フィラー,*,*,*,*,*,ま,マ,マ
こと	名詞,非自立,一般,*,*,*,こと,コト,コト
の	助詞,連体化,*,*,*,*,の,ノ,ノ
]	名詞,サ変接続,*,*,*,*,*
神	名詞,接尾,一般,*,*,*,神,シン,シン
エホバ	名詞,一般,*,*,*,*,エホバ,エホバ,エホバ
の	助詞,連体化,*,*,*,*,の,ノ,ノ
家	名詞,一般,*,*,*,*,家,イエ,イエ
だ	助動詞,*,*,*,特殊・ダ,基本形,だ,ダ,ダ
。	記号,句点,*,*,*,*,。,。,。
これ	名詞,代名詞,一般,*,*,*,これ,コレ,コレ
こそ	助詞,係助詞,*,*,*,*,こそ,コソ,コソ
，	記号,読点,*,*,*,*,，,，,，
イスラエル	名詞,固有名詞,地域,国,*,*,イスラエル,イスラエル,イスラエル
の	助詞,連体化,*,*,*,*,の,ノ,ノ
ため	名詞,非自立,副詞可能,*,*,*,ため,タメ,タメ
の	助詞,連体化,*,*,*,*,の,ノ,ノ
焼	接頭詞,名詞接続,*,*,*,*,焼,ショウ,ショー
燔	名詞,一般,*,*,*,*,*
の	助詞,連体化,*,*,*,*,の,ノ,ノ
捧げ	動詞,自立,*,*,一段,連用形,捧げる,ササゲ,ササゲ
物	名詞,接尾,一般,*,*,*,物,ブツ,ブツ
の	助詞,連体化,*,*,*,*,の,ノ,ノ
ため	名詞,非自立,副詞可能,*,*,*,ため,タメ,タメ
の	助詞,連体化,*,*,*,*,の,ノ,ノ
祭壇	名詞,一般,*,*,*,*,祭壇,サイダン,サイダン
だ	助動詞,*,*,*,特殊・ダ,基本形,だ,ダ,ダ
」	記号,括弧閉,*,*,*,*,」,」,」
。	記号,句点,*,*,*,*,。,。,。
さて	接続詞,*,*,*,*,*,さて,サテ,サテ
，	記号,読点,*,*,*,*,，,，,，
ダビデ	名詞,一般,*,*,*,*,*
は	助詞,係助詞,*,*,*,*,は,ハ,ワ
イスラエル	名詞,固有名詞,地域,国,*,*,イスラエル,イスラエル,イスラエル
の	助詞,連体化,*,*,*,*,の,ノ,ノ
地	名詞,一般,*,*,*,*,地,チ,チ
に	助詞,格助詞,一般,*,*,*,に,ニ,ニ
いる	動詞,自立,*,*,一段,基本形,いる,イル,イル
外人	名詞,一般,*,*,*,*,外人,ガイジン,ガイジン
居留	名詞,サ変接続,*,*,*,*,居留,キョリュウ,キョリュー
者	名詞,接尾,一般,*,*,*,者,シャ,シャ
を	助詞,格助詞,一般,*,*,*,を,ヲ,ヲ
集める	動詞,自立,*,*,一段,基本形,集める,アツメル,アツメル
よう	名詞,非自立,助動詞語幹,*,*,*,よう,ヨウ,ヨー
に	助詞,副詞化,*,*,*,*,に,ニ,ニ
と	助詞,格助詞,引用,*,*,*,と,ト,ト
言い	動詞,自立,*,*,五段・ワ行促音便,連用形,言う,イイ,イイ
，	記号,読点,*,*,*,*,，,，,，
それから	接続詞,*,*,*,*,*,それから,ソレカラ,ソレカラ
彼ら	名詞,代名詞,一般,*,*,*,彼ら,カレラ,カレラ
を	助詞,格助詞,一般,*,*,*,を,ヲ,ヲ
[	名詞,サ変接続,*,*,*,*,*
ま	フィラー,*,*,*,*,*,ま,マ,マ
こと	名詞,非自立,一般,*,*,*,こと,コト,コト
の	助詞,連体化,*,*,*,*,の,ノ,ノ
]	名詞,サ変接続,*,*,*,*,*
神	名詞,接尾,一般,*,*,*,神,シン,シン
の	助詞,連体化,*,*,*,*,の,ノ,ノ
家	名詞,一般,*,*,*,*,家,イエ,イエ
を	助詞,格助詞,一般,*,*,*,を,ヲ,ヲ
建てる	動詞,自立,*,*,一段,基本形,建てる,タテル,タテル
の	名詞,非自立,一般,*,*,*,の,ノ,ノ
に	助詞,格助詞,一般,*,*,*,に,ニ,ニ
用いる	動詞,自立,*,*,一段,基本形,用いる,モチイル,モチイル
四角	名詞,一般,*,*,*,*,四角,シカク,シカク
に	助詞,格助詞,一般,*,*,*,に,ニ,ニ
切っ	動詞,自立,*,*,五段・ラ行,連用タ接続,切る,キッ,キッ
た	助動詞,*,*,*,特殊・タ,基本形,た,タ,タ
石	名詞,一般,*,*,*,*,石,イシ,イシ
を	助詞,格助詞,一般,*,*,*,を,ヲ,ヲ
切り出す	動詞,自立,*,*,五段・サ行,基本形,切り出す,キリダス,キリダス
石工	名詞,一般,*,*,*,*,石工,セッコウ,セッコー
に	助詞,格助詞,一般,*,*,*,に,ニ,ニ
任じ	動詞,自立,*,*,一段,連用形,任じる,ニンジ,ニンジ
た	助動詞,*,*,*,特殊・タ,基本形,た,タ,タ
。	記号,句点,*,*,*,*,。,。,。
そして	接続詞,*,*,*,*,*,そして,ソシテ,ソシテ
，	記号,読点,*,*,*,*,，,，,，
門	名詞,一般,*,*,*,*,門,モン,モン
の	助詞,連体化,*,*,*,*,の,ノ,ノ
扉	名詞,一般,*,*,*,*,扉,トビラ,トビラ
に	助詞,格助詞,一般,*,*,*,に,ニ,ニ
用いる	動詞,自立,*,*,一段,基本形,用いる,モチイル,モチイル
くぎ	名詞,一般,*,*,*,*,くぎ,クギ,クギ
や	助詞,並立助詞,*,*,*,*,や,ヤ,ヤ
留め	名詞,一般,*,*,*,*,留め,トメ,トメ
金	名詞,接尾,一般,*,*,*,金,キン,キン
の	助詞,連体化,*,*,*,*,の,ノ,ノ
ため	名詞,非自立,副詞可能,*,*,*,ため,タメ,タメ
の	助詞,連体化,*,*,*,*,の,ノ,ノ
鉄	名詞,一般,*,*,*,*,鉄,テツ,テツ
を	助詞,格助詞,一般,*,*,*,を,ヲ,ヲ
ダビデ	名詞,一般,*,*,*,*,*
は	助詞,係助詞,*,*,*,*,は,ハ,ワ
おびただしく	形容詞,自立,*,*,形容詞・イ段,連用テ接続,おびただしい,オビタダシク,オビタダシク
用意	名詞,サ変接続,*,*,*,*,用意,ヨウイ,ヨーイ
し	動詞,自立,*,*,サ変・スル,連用形,する,シ,シ
，	記号,読点,*,*,*,*,，,，,，
また	接続詞,*,*,*,*,*,また,マタ,マタ
銅	名詞,一般,*,*,*,*,銅,ドウ,ドー
も	助詞,係助詞,*,*,*,*,も,モ,モ
量り	動詞,自立,*,*,五段・ラ行,連用形,量る,ハカリ,ハカリ
きれ	動詞,非自立,*,*,一段,未然形,きれる,キレ,キレ
ない	助動詞,*,*,*,特殊・ナイ,基本形,ない,ナイ,ナイ
ほど	助詞,副助詞,*,*,*,*,ほど,ホド,ホド
おびただしく	形容詞,自立,*,*,形容詞・イ段,連用テ接続,おびただしい,オビタダシク,オビタダシク
[	名詞,サ変接続,*,*,*,*,*
用意	名詞,サ変接続,*,*,*,*,用意,ヨウイ,ヨーイ
し	動詞,自立,*,*,サ変・スル,連用形,する,シ,シ
た	助動詞,*,*,*,特殊・タ,基本形,た,タ,タ
]。	名詞,サ変接続,*,*,*,*,*
また	接続詞,*,*,*,*,*,また,マタ,マタ
，	記号,読点,*,*,*,*,，,，,，
杉	名詞,一般,*,*,*,*,杉,スギ,スギ
材	名詞,接尾,一般,*,*,*,材,ザイ,ザイ
も	助詞,係助詞,*,*,*,*,も,モ,モ
数え	動詞,自立,*,*,一段,連用形,数える,カゾエ,カゾエ
きれ	動詞,非自立,*,*,一段,未然形,きれる,キレ,キレ
ない	助動詞,*,*,*,特殊・ナイ,基本形,ない,ナイ,ナイ
ほど	助詞,副助詞,*,*,*,*,ほど,ホド,ホド
[	名詞,サ変接続,*,*,*,*,*
用意	名詞,サ変接続,*,*,*,*,用意,ヨウイ,ヨーイ
し	動詞,自立,*,*,サ変・スル,連用形,する,シ,シ
た	助動詞,*,*,*,特殊・タ,基本形,た,タ,タ
]。	名詞,サ変接続,*,*,*,*,*
シドン	名詞,一般,*,*,*,*,*
人	名詞,接尾,一般,*,*,*,人,ジン,ジン
と	助詞,並立助詞,*,*,*,*,と,ト,ト
ティルス	名詞,一般,*,*,*,*,*
人	名詞,接尾,一般,*,*,*,人,ジン,ジン
が	助詞,格助詞,一般,*,*,*,が,ガ,ガ
ダビデ	名詞,一般,*,*,*,*,*
の	助詞,連体化,*,*,*,*,の,ノ,ノ
もと	名詞,非自立,一般,*,*,*,もと,モト,モト
に	助詞,格助詞,一般,*,*,*,に,ニ,ニ
杉	名詞,一般,*,*,*,*,杉,スギ,スギ
材	名詞,接尾,一般,*,*,*,材,ザイ,ザイ
を	助詞,格助詞,一般,*,*,*,を,ヲ,ヲ
おびただしく	形容詞,自立,*,*,形容詞・イ段,連用テ接続,おびただしい,オビタダシク,オビタダシク
持っ	動詞,自立,*,*,五段・タ行,連用タ接続,持つ,モッ,モッ
て	助詞,接続助詞,*,*,*,*,て,テ,テ
来	動詞,非自立,*,*,カ変・来ル,連用形,来る,キ,キ
た	助動詞,*,*,*,特殊・タ,基本形,た,タ,タ
から	助詞,接続助詞,*,*,*,*,から,カラ,カラ
で	助動詞,*,*,*,特殊・ダ,連用形,だ,デ,デ
ある	助動詞,*,*,*,五段・ラ行アル,基本形,ある,アル,アル
。	記号,句点,*,*,*,*,。,。,。
そこで	接続詞,*,*,*,*,*,そこで,ソコデ,ソコデ
ダビデ	名詞,一般,*,*,*,*,*
は	助詞,係助詞,*,*,*,*,は,ハ,ワ
言っ	動詞,自立,*,*,五段・ワ行促音便,連用タ接続,言う,イッ,イッ
た	助動詞,*,*,*,特殊・タ,基本形,た,タ,タ
，	記号,読点,*,*,*,*,，,，,，
「	記号,括弧開,*,*,*,*,「,「,「
我が	連体詞,*,*,*,*,*,我が,ワガ,ワガ
子	名詞,一般,*,*,*,*,子,コ,コ
ソロモン	名詞,固有名詞,地域,国,*,*,ソロモン,ソロモン,ソロモン
は	助詞,係助詞,*,*,*,*,は,ハ,ワ
若く	形容詞,自立,*,*,形容詞・アウオ段,連用テ接続,若い,ワカク,ワカク
て	助詞,接続助詞,*,*,*,*,て,テ,テ
，	記号,読点,*,*,*,*,，,，,，
か弱い	形容詞,自立,*,*,形容詞・アウオ段,基本形,か弱い,カヨワイ,カヨワイ
。	記号,句点,*,*,*,*,。,。,。
しかも	接続詞,*,*,*,*,*,しかも,シカモ,シカモ
，	記号,読点,*,*,*,*,，,，,，
エホバ	名詞,一般,*,*,*,*,エホバ,エホバ,エホバ
の	助詞,連体化,*,*,*,*,の,ノ,ノ
ため	名詞,非自立,副詞可能,*,*,*,ため,タメ,タメ
に	助詞,格助詞,一般,*,*,*,に,ニ,ニ
建て	動詞,自立,*,*,一段,未然形,建てる,タテ,タテ
られる	動詞,接尾,*,*,一段,基本形,られる,ラレル,ラレル
家	名詞,一般,*,*,*,*,家,イエ,イエ
は	助詞,係助詞,*,*,*,*,は,ハ,ワ
全	接頭詞,名詞接続,*,*,*,*,全,ゼン,ゼン
地	名詞,一般,*,*,*,*,地,チ,チ
に対し	助詞,格助詞,連語,*,*,*,に対し,ニタイシ,ニタイシ
，	記号,読点,*,*,*,*,，,，,，
麗しい	形容詞,自立,*,*,形容詞・イ段,基本形,麗しい,ウルワシイ,ウルワシイ
栄誉	名詞,一般,*,*,*,*,栄誉,エイヨ,エイヨ
の	助詞,連体化,*,*,*,*,の,ノ,ノ
点	名詞,非自立,一般,*,*,*,点,テン,テン
で	助詞,格助詞,一般,*,*,*,で,デ,デ
並外れ	動詞,自立,*,*,一段,連用形,並外れる,ナミハズレ,ナミハズレ
て	助詞,接続助詞,*,*,*,*,て,テ,テ
壮大	名詞,形容動詞語幹,*,*,*,*,壮大,ソウダイ,ソーダイ
な	助動詞,*,*,*,特殊・ダ,体言接続,だ,ナ,ナ
もの	名詞,非自立,一般,*,*,*,もの,モノ,モノ
と	助詞,格助詞,一般,*,*,*,と,ト,ト
なる	動詞,自立,*,*,五段・ラ行,基本形,なる,ナル,ナル
べき	助動詞,*,*,*,文語・ベシ,体言接続,べし,ベキ,ベキ
で	助動詞,*,*,*,特殊・ダ,連用形,だ,デ,デ
ある	助動詞,*,*,*,五段・ラ行アル,基本形,ある,アル,アル
。	記号,句点,*,*,*,*,。,。,。
それで	接続詞,*,*,*,*,*,それで,ソレデ,ソレデ
，	記号,読点,*,*,*,*,，,，,，
わたし	名詞,代名詞,一般,*,*,*,わたし,ワタシ,ワタシ
は	助詞,係助詞,*,*,*,*,は,ハ,ワ
彼	名詞,代名詞,一般,*,*,*,彼,カレ,カレ
の	助詞,連体化,*,*,*,*,の,ノ,ノ
ため	名詞,非自立,副詞可能,*,*,*,ため,タメ,タメ
に	助詞,格助詞,一般,*,*,*,に,ニ,ニ
用意	名詞,サ変接続,*,*,*,*,用意,ヨウイ,ヨーイ
を	助詞,格助詞,一般,*,*,*,を,ヲ,ヲ
し	動詞,自立,*,*,サ変・スル,連用形,する,シ,シ
て	助詞,接続助詞,*,*,*,*,て,テ,テ
おこ	動詞,非自立,*,*,五段・カ行イ音便,未然ウ接続,おく,オコ,オコ
う	助動詞,*,*,*,不変化型,基本形,う,ウ,ウ
」	記号,括弧閉,*,*,*,*,」,」,」
。	記号,句点,*,*,*,*,。,。,。
こうして	接続詞,*,*,*,*,*,こうして,コウシテ,コーシテ
，	記号,読点,*,*,*,*,，,，,，
ダビデ	名詞,一般,*,*,*,*,*
は	助詞,係助詞,*,*,*,*,は,ハ,ワ
死ぬ	動詞,自立,*,*,五段・ナ行,基本形,死ぬ,シヌ,シヌ
前	名詞,副詞可能,*,*,*,*,前,マエ,マエ
に	助詞,格助詞,一般,*,*,*,に,ニ,ニ
おびただしく	形容詞,自立,*,*,形容詞・イ段,連用テ接続,おびただしい,オビタダシク,オビタダシク
用意	名詞,サ変接続,*,*,*,*,用意,ヨウイ,ヨーイ
を	助詞,格助詞,一般,*,*,*,を,ヲ,ヲ
し	動詞,自立,*,*,サ変・スル,連用形,する,シ,シ
た	助動詞,*,*,*,特殊・タ,基本形,た,タ,タ
。	記号,句点,*,*,*,*,。,。,。
その	連体詞,*,*,*,*,*,その,ソノ,ソノ
上	名詞,非自立,副詞可能,*,*,*,上,ウエ,ウエ
，	記号,読点,*,*,*,*,，,，,，
彼	名詞,代名詞,一般,*,*,*,彼,カレ,カレ
は	助詞,係助詞,*,*,*,*,は,ハ,ワ
その	連体詞,*,*,*,*,*,その,ソノ,ソノ
子	名詞,一般,*,*,*,*,子,コ,コ
ソロモン	名詞,固有名詞,地域,一般,*,*,ソロモン,ソロモン,ソロモン
を	助詞,格助詞,一般,*,*,*,を,ヲ,ヲ
呼ん	動詞,自立,*,*,五段・バ行,連用タ接続,呼ぶ,ヨン,ヨン
だ	助動詞,*,*,*,特殊・タ,基本形,だ,ダ,ダ
。	記号,句点,*,*,*,*,。,。,。
イスラエル	名詞,固有名詞,地域,国,*,*,イスラエル,イスラエル,イスラエル
の	助詞,連体化,*,*,*,*,の,ノ,ノ
神	名詞,一般,*,*,*,*,神,カミ,カミ
エホバ	名詞,一般,*,*,*,*,エホバ,エホバ,エホバ
の	助詞,連体化,*,*,*,*,の,ノ,ノ
ため	名詞,非自立,副詞可能,*,*,*,ため,タメ,タメ
に	助詞,格助詞,一般,*,*,*,に,ニ,ニ
家	名詞,一般,*,*,*,*,家,イエ,イエ
を	助詞,格助詞,一般,*,*,*,を,ヲ,ヲ
建てる	動詞,自立,*,*,一段,基本形,建てる,タテル,タテル
よう	名詞,非自立,助動詞語幹,*,*,*,よう,ヨウ,ヨー
彼	名詞,代名詞,一般,*,*,*,彼,カレ,カレ
に	助詞,格助詞,一般,*,*,*,に,ニ,ニ
命じる	動詞,自立,*,*,一段,基本形,命じる,メイジル,メイジル
ため	名詞,非自立,副詞可能,*,*,*,ため,タメ,タメ
で	助動詞,*,*,*,特殊・ダ,連用形,だ,デ,デ
あっ	助動詞,*,*,*,五段・ラ行アル,連用タ接続,ある,アッ,アッ
た	助動詞,*,*,*,特殊・タ,基本形,た,タ,タ
。	記号,句点,*,*,*,*,。,。,。
そこで	接続詞,*,*,*,*,*,そこで,ソコデ,ソコデ
ダビデ	名詞,一般,*,*,*,*,*
は	助詞,係助詞,*,*,*,*,は,ハ,ワ
その	連体詞,*,*,*,*,*,その,ソノ,ソノ
子	名詞,一般,*,*,*,*,子,コ,コ
ソロモン	名詞,固有名詞,地域,国,*,*,ソロモン,ソロモン,ソロモン
に	助詞,格助詞,一般,*,*,*,に,ニ,ニ
言っ	動詞,自立,*,*,五段・ワ行促音便,連用タ接続,言う,イッ,イッ
た	助動詞,*,*,*,特殊・タ,基本形,た,タ,タ
，	記号,読点,*,*,*,*,，,，,，
「	記号,括弧開,*,*,*,*,「,「,「
わたし	名詞,代名詞,一般,*,*,*,わたし,ワタシ,ワタシ
として	助詞,格助詞,連語,*,*,*,として,トシテ,トシテ
は	助詞,係助詞,*,*,*,*,は,ハ,ワ
，	記号,読点,*,*,*,*,，,，,，
我が	連体詞,*,*,*,*,*,我が,ワガ,ワガ
神	名詞,一般,*,*,*,*,神,カミ,カミ
エホバ	名詞,一般,*,*,*,*,エホバ,エホバ,エホバ
のみ	助詞,副助詞,*,*,*,*,のみ,ノミ,ノミ
名	名詞,一般,*,*,*,*,名,ナ,ナ
の	助詞,連体化,*,*,*,*,の,ノ,ノ
ため	名詞,非自立,副詞可能,*,*,*,ため,タメ,タメ
に	助詞,格助詞,一般,*,*,*,に,ニ,ニ
家	名詞,一般,*,*,*,*,家,イエ,イエ
を	助詞,格助詞,一般,*,*,*,を,ヲ,ヲ
建てる	動詞,自立,*,*,一段,基本形,建てる,タテル,タテル
こと	名詞,非自立,一般,*,*,*,こと,コト,コト
が	助詞,格助詞,一般,*,*,*,が,ガ,ガ
心	名詞,一般,*,*,*,*,心,ココロ,ココロ
に	助詞,格助詞,一般,*,*,*,に,ニ,ニ
掛かっ	動詞,自立,*,*,五段・ラ行,連用タ接続,掛かる,カカッ,カカッ
て	助詞,接続助詞,*,*,*,*,て,テ,テ
い	動詞,非自立,*,*,一段,連用形,いる,イ,イ
た	助動詞,*,*,*,特殊・タ,基本形,た,タ,タ
。	記号,句点,*,*,*,*,。,。,。
しかし	接続詞,*,*,*,*,*,しかし,シカシ,シカシ
，	記号,読点,*,*,*,*,，,，,，
エホバ	名詞,一般,*,*,*,*,エホバ,エホバ,エホバ
の	助詞,連体化,*,*,*,*,の,ノ,ノ
言葉	名詞,一般,*,*,*,*,言葉,コトバ,コトバ
が	助詞,格助詞,一般,*,*,*,が,ガ,ガ
わたし	名詞,代名詞,一般,*,*,*,わたし,ワタシ,ワタシ
に	助詞,格助詞,一般,*,*,*,に,ニ,ニ
臨ん	動詞,自立,*,*,五段・マ行,連用タ接続,臨む,ノゾン,ノゾン
で	助詞,接続助詞,*,*,*,*,で,デ,デ
言っ	動詞,自立,*,*,五段・ワ行促音便,連用タ接続,言う,イッ,イッ
た	助動詞,*,*,*,特殊・タ,基本形,た,タ,タ
，	記号,読点,*,*,*,*,，,，,，
『	記号,括弧開,*,*,*,*,『,『,『
あなた	名詞,代名詞,一般,*,*,*,あなた,アナタ,アナタ
は	助詞,係助詞,*,*,*,*,は,ハ,ワ
おびただしく	形容詞,自立,*,*,形容詞・イ段,連用テ接続,おびただしい,オビタダシク,オビタダシク
血	名詞,一般,*,*,*,*,血,チ,チ
を	助詞,格助詞,一般,*,*,*,を,ヲ,ヲ
流し	動詞,自立,*,*,五段・サ行,連用形,流す,ナガシ,ナガシ
，	記号,読点,*,*,*,*,，,，,，
大きな	連体詞,*,*,*,*,*,大きな,オオキナ,オーキナ
戦い	名詞,一般,*,*,*,*,戦い,タタカイ,タタカイ
を	助詞,格助詞,一般,*,*,*,を,ヲ,ヲ
し	動詞,自立,*,*,サ変・スル,連用形,する,シ,シ
て	助詞,接続助詞,*,*,*,*,て,テ,テ
き	動詞,非自立,*,*,カ変・クル,連用形,くる,キ,キ
た	助動詞,*,*,*,特殊・タ,基本形,た,タ,タ
。	記号,句点,*,*,*,*,。,。,。
あなた	名詞,代名詞,一般,*,*,*,あなた,アナタ,アナタ
が	助詞,格助詞,一般,*,*,*,が,ガ,ガ
わたし	名詞,代名詞,一般,*,*,*,わたし,ワタシ,ワタシ
の	助詞,連体化,*,*,*,*,の,ノ,ノ
名	名詞,一般,*,*,*,*,名,ナ,ナ
の	助詞,連体化,*,*,*,*,の,ノ,ノ
ため	名詞,非自立,副詞可能,*,*,*,ため,タメ,タメ
に	助詞,格助詞,一般,*,*,*,に,ニ,ニ
家	名詞,一般,*,*,*,*,家,イエ,イエ
を	助詞,格助詞,一般,*,*,*,を,ヲ,ヲ
建てる	動詞,自立,*,*,一段,基本形,建てる,タテル,タテル
こと	名詞,非自立,一般,*,*,*,こと,コト,コト
は	助詞,係助詞,*,*,*,*,は,ハ,ワ
ない	助動詞,*,*,*,特殊・ナイ,基本形,ない,ナイ,ナイ
。	記号,句点,*,*,*,*,。,。,。
あなた	名詞,代名詞,一般,*,*,*,あなた,アナタ,アナタ
は	助詞,係助詞,*,*,*,*,は,ハ,ワ
わたし	名詞,代名詞,一般,*,*,*,わたし,ワタシ,ワタシ
の	助詞,連体化,*,*,*,*,の,ノ,ノ
前	名詞,副詞可能,*,*,*,*,前,マエ,マエ
で	助詞,格助詞,一般,*,*,*,で,デ,デ
地	名詞,一般,*,*,*,*,地,チ,チ
に	助詞,格助詞,一般,*,*,*,に,ニ,ニ
たくさん	名詞,副詞可能,*,*,*,*,たくさん,タクサン,タクサン
の	助詞,連体化,*,*,*,*,の,ノ,ノ
血	名詞,一般,*,*,*,*,血,チ,チ
を	助詞,格助詞,一般,*,*,*,を,ヲ,ヲ
流し	動詞,自立,*,*,五段・サ行,連用形,流す,ナガシ,ナガシ
た	助動詞,*,*,*,特殊・タ,基本形,た,タ,タ
から	助詞,接続助詞,*,*,*,*,から,カラ,カラ
で	助動詞,*,*,*,特殊・ダ,連用形,だ,デ,デ
ある	助動詞,*,*,*,五段・ラ行アル,基本形,ある,アル,アル
。	記号,句点,*,*,*,*,。,。,。
見よ	動詞,自立,*,*,一段,命令ｙｏ,見る,ミヨ,ミヨ
，	記号,読点,*,*,*,*,，,，,，
あなた	名詞,代名詞,一般,*,*,*,あなた,アナタ,アナタ
に	助詞,格助詞,一般,*,*,*,に,ニ,ニ
男の子	名詞,一般,*,*,*,*,男の子,オトコノコ,オトコノコ
が	助詞,格助詞,一般,*,*,*,が,ガ,ガ
生まれる	動詞,自立,*,*,一段,基本形,生まれる,ウマレル,ウマレル
。	記号,句点,*,*,*,*,。,。,。
彼	名詞,代名詞,一般,*,*,*,彼,カレ,カレ
は	助詞,係助詞,*,*,*,*,は,ハ,ワ
，	記号,読点,*,*,*,*,，,，,，
穏やか	名詞,形容動詞語幹,*,*,*,*,穏やか,オダヤカ,オダヤカ
な	助動詞,*,*,*,特殊・ダ,体言接続,だ,ナ,ナ
人となり	名詞,一般,*,*,*,*,人となり,ヒトトナリ,ヒトトナリ
，	記号,読点,*,*,*,*,，,，,，
わたし	名詞,代名詞,一般,*,*,*,わたし,ワタシ,ワタシ
は	助詞,係助詞,*,*,*,*,は,ハ,ワ
必ず	副詞,助詞類接続,*,*,*,*,必ず,カナラズ,カナラズ
その	連体詞,*,*,*,*,*,その,ソノ,ソノ
周囲	名詞,一般,*,*,*,*,周囲,シュウイ,シューイ
の	助詞,連体化,*,*,*,*,の,ノ,ノ
すべて	名詞,副詞可能,*,*,*,*,すべて,スベテ,スベテ
の	助詞,連体化,*,*,*,*,の,ノ,ノ
敵	名詞,一般,*,*,*,*,敵,テキ,テキ
から	助詞,格助詞,一般,*,*,*,から,カラ,カラ
彼	名詞,代名詞,一般,*,*,*,彼,カレ,カレ
を	助詞,格助詞,一般,*,*,*,を,ヲ,ヲ
守っ	動詞,自立,*,*,五段・ラ行,連用タ接続,守る,マモッ,マモッ
て	助詞,接続助詞,*,*,*,*,て,テ,テ
休ま	動詞,自立,*,*,五段・マ行,未然形,休む,ヤスマ,ヤスマ
せる	動詞,接尾,*,*,一段,基本形,せる,セル,セル
。	記号,句点,*,*,*,*,。,。,。
彼	名詞,代名詞,一般,*,*,*,彼,カレ,カレ
の	助詞,連体化,*,*,*,*,の,ノ,ノ
名	名詞,一般,*,*,*,*,名,ナ,ナ
は	助詞,係助詞,*,*,*,*,は,ハ,ワ
ソロモン	名詞,固有名詞,地域,国,*,*,ソロモン,ソロモン,ソロモン
と	助詞,格助詞,引用,*,*,*,と,ト,ト
呼ば	動詞,自立,*,*,五段・バ行,未然形,呼ぶ,ヨバ,ヨバ
れ	動詞,接尾,*,*,一段,連用形,れる,レ,レ
，	記号,読点,*,*,*,*,，,，,，
わたし	名詞,代名詞,一般,*,*,*,わたし,ワタシ,ワタシ
は	助詞,係助詞,*,*,*,*,は,ハ,ワ
彼	名詞,代名詞,一般,*,*,*,彼,カレ,カレ
の	助詞,連体化,*,*,*,*,の,ノ,ノ
時代	名詞,一般,*,*,*,*,時代,ジダイ,ジダイ
に	助詞,格助詞,一般,*,*,*,に,ニ,ニ
イスラエル	名詞,固有名詞,地域,国,*,*,イスラエル,イスラエル,イスラエル
に	助詞,格助詞,一般,*,*,*,に,ニ,ニ
平和	名詞,形容動詞語幹,*,*,*,*,平和,ヘイワ,ヘイワ
と	助詞,格助詞,引用,*,*,*,と,ト,ト
平穏	名詞,形容動詞語幹,*,*,*,*,平穏,ヘイオン,ヘイオン
を	助詞,格助詞,一般,*,*,*,を,ヲ,ヲ
与える	動詞,自立,*,*,一段,基本形,与える,アタエル,アタエル
から	助詞,接続助詞,*,*,*,*,から,カラ,カラ
で	助動詞,*,*,*,特殊・ダ,連用形,だ,デ,デ
ある	助動詞,*,*,*,五段・ラ行アル,基本形,ある,アル,アル
。	記号,句点,*,*,*,*,。,。,。
彼	名詞,代名詞,一般,*,*,*,彼,カレ,カレ
が	助詞,格助詞,一般,*,*,*,が,ガ,ガ
わたし	名詞,代名詞,一般,*,*,*,わたし,ワタシ,ワタシ
の	助詞,連体化,*,*,*,*,の,ノ,ノ
名	名詞,一般,*,*,*,*,名,ナ,ナ
の	助詞,連体化,*,*,*,*,の,ノ,ノ
ため	名詞,非自立,副詞可能,*,*,*,ため,タメ,タメ
に	助詞,格助詞,一般,*,*,*,に,ニ,ニ
家	名詞,一般,*,*,*,*,家,イエ,イエ
を	助詞,格助詞,一般,*,*,*,を,ヲ,ヲ
建て	動詞,自立,*,*,一段,連用形,建てる,タテ,タテ
，	記号,読点,*,*,*,*,，,，,，
彼	名詞,代名詞,一般,*,*,*,彼,カレ,カレ
は	助詞,係助詞,*,*,*,*,は,ハ,ワ
わたし	名詞,代名詞,一般,*,*,*,わたし,ワタシ,ワタシ
にとって	助詞,格助詞,連語,*,*,*,にとって,ニトッテ,ニトッテ
子	名詞,一般,*,*,*,*,子,コ,コ
と	助詞,格助詞,一般,*,*,*,と,ト,ト
なり	動詞,自立,*,*,五段・ラ行,連用形,なる,ナリ,ナリ
，	記号,読点,*,*,*,*,，,，,，
わたし	名詞,代名詞,一般,*,*,*,わたし,ワタシ,ワタシ
は	助詞,係助詞,*,*,*,*,は,ハ,ワ
彼	名詞,代名詞,一般,*,*,*,彼,カレ,カレ
にとって	助詞,格助詞,連語,*,*,*,にとって,ニトッテ,ニトッテ
父	名詞,一般,*,*,*,*,父,チチ,チチ
と	助詞,格助詞,一般,*,*,*,と,ト,ト
なる	動詞,自立,*,*,五段・ラ行,基本形,なる,ナル,ナル
。	記号,句点,*,*,*,*,。,。,。
そして	接続詞,*,*,*,*,*,そして,ソシテ,ソシテ
，	記号,読点,*,*,*,*,，,，,，
わたし	名詞,代名詞,一般,*,*,*,わたし,ワタシ,ワタシ
は	助詞,係助詞,*,*,*,*,は,ハ,ワ
必ず	副詞,助詞類接続,*,*,*,*,必ず,カナラズ,カナラズ
イスラエル	名詞,固有名詞,地域,国,*,*,イスラエル,イスラエル,イスラエル
の	助詞,連体化,*,*,*,*,の,ノ,ノ
上	名詞,非自立,副詞可能,*,*,*,上,ウエ,ウエ
に	助詞,格助詞,一般,*,*,*,に,ニ,ニ
彼	名詞,代名詞,一般,*,*,*,彼,カレ,カレ
の	助詞,連体化,*,*,*,*,の,ノ,ノ
王権	名詞,一般,*,*,*,*,王権,オウケン,オーケン
の	助詞,連体化,*,*,*,*,の,ノ,ノ
座	名詞,一般,*,*,*,*,座,ザ,ザ
を	助詞,格助詞,一般,*,*,*,を,ヲ,ヲ
定め	名詞,一般,*,*,*,*,定め,サダメ,サダメ
の	助詞,格助詞,一般,*,*,*,の,ノ,ノ
ない	形容詞,自立,*,*,形容詞・アウオ段,基本形,ない,ナイ,ナイ
時	名詞,非自立,副詞可能,*,*,*,時,トキ,トキ
まで	助詞,副助詞,*,*,*,*,まで,マデ,マデ
も	助詞,係助詞,*,*,*,*,も,モ,モ
堅く	形容詞,自立,*,*,形容詞・アウオ段,連用テ接続,堅い,カタク,カタク
立てる	動詞,自立,*,*,一段,基本形,立てる,タテル,タテル
』	記号,括弧閉,*,*,*,*,』,』,』
。	記号,句点,*,*,*,*,。,。,。
「	記号,括弧開,*,*,*,*,「,「,「
そこで	接続詞,*,*,*,*,*,そこで,ソコデ,ソコデ
，	記号,読点,*,*,*,*,，,，,，
我が	連体詞,*,*,*,*,*,我が,ワガ,ワガ
子	名詞,一般,*,*,*,*,子,コ,コ
よ	助詞,終助詞,*,*,*,*,よ,ヨ,ヨ
，	記号,読点,*,*,*,*,，,，,，
エホバ	名詞,一般,*,*,*,*,エホバ,エホバ,エホバ
が	助詞,格助詞,一般,*,*,*,が,ガ,ガ
あなた	名詞,代名詞,一般,*,*,*,あなた,アナタ,アナタ
と	助詞,格助詞,一般,*,*,*,と,ト,ト
共に	副詞,一般,*,*,*,*,共に,トモニ,トモニ
い	動詞,自立,*,*,一段,連用形,いる,イ,イ
て	助詞,接続助詞,*,*,*,*,て,テ,テ
くだ	名詞,一般,*,*,*,*,くだ,クダ,クダ
さり	動詞,自立,*,*,五段・ラ行,連用形,さる,サリ,サリ
，	記号,読点,*,*,*,*,，,，,，
あなた	名詞,代名詞,一般,*,*,*,あなた,アナタ,アナタ
について	助詞,格助詞,連語,*,*,*,について,ニツイテ,ニツイテ
語ら	動詞,自立,*,*,五段・ラ行,未然形,語る,カタラ,カタラ
れ	動詞,接尾,*,*,一段,連用形,れる,レ,レ
た	助動詞,*,*,*,特殊・タ,基本形,た,タ,タ
通り	名詞,一般,*,*,*,*,通り,トオリ,トーリ
，	記号,読点,*,*,*,*,，,，,，
あなた	名詞,代名詞,一般,*,*,*,あなた,アナタ,アナタ
が	助詞,格助詞,一般,*,*,*,が,ガ,ガ
成功	名詞,サ変接続,*,*,*,*,成功,セイコウ,セイコー
を	助詞,格助詞,一般,*,*,*,を,ヲ,ヲ
収め	動詞,自立,*,*,一段,連用形,収める,オサメ,オサメ
，	記号,読点,*,*,*,*,，,，,，
あなた	名詞,代名詞,一般,*,*,*,あなた,アナタ,アナタ
の	助詞,連体化,*,*,*,*,の,ノ,ノ
神	名詞,一般,*,*,*,*,神,カミ,カミ
エホバ	名詞,一般,*,*,*,*,エホバ,エホバ,エホバ
の	助詞,連体化,*,*,*,*,の,ノ,ノ
家	名詞,一般,*,*,*,*,家,イエ,イエ
を	助詞,格助詞,一般,*,*,*,を,ヲ,ヲ
建てる	動詞,自立,*,*,一段,基本形,建てる,タテル,タテル
よう	名詞,非自立,助動詞語幹,*,*,*,よう,ヨウ,ヨー
に	助詞,格助詞,一般,*,*,*,に,ニ,ニ
。	記号,句点,*,*,*,*,。,。,。
ただ	接続詞,*,*,*,*,*,ただ,タダ,タダ
，	記号,読点,*,*,*,*,，,，,，
エホバ	名詞,一般,*,*,*,*,エホバ,エホバ,エホバ
が	助詞,格助詞,一般,*,*,*,が,ガ,ガ
あなた	名詞,代名詞,一般,*,*,*,あなた,アナタ,アナタ
に	助詞,格助詞,一般,*,*,*,に,ニ,ニ
思慮	名詞,一般,*,*,*,*,思慮,シリョ,シリョ
深	形容詞,自立,*,*,形容詞・アウオ段,ガル接続,深い,フカ,フカ
さ	名詞,接尾,特殊,*,*,*,さ,サ,サ
と	助詞,並立助詞,*,*,*,*,と,ト,ト
理解	名詞,サ変接続,*,*,*,*,理解,リカイ,リカイ
力	名詞,接尾,一般,*,*,*,力,リョク,リョク
を	助詞,格助詞,一般,*,*,*,を,ヲ,ヲ
賜わり	動詞,自立,*,*,五段・ラ行,連用形,賜わる,タマワリ,タマワリ
，	記号,読点,*,*,*,*,，,，,，
あなた	名詞,代名詞,一般,*,*,*,あなた,アナタ,アナタ
に	助詞,格助詞,一般,*,*,*,に,ニ,ニ
イスラエル	名詞,固有名詞,地域,国,*,*,イスラエル,イスラエル,イスラエル
に関する	助詞,格助詞,連語,*,*,*,に関する,ニカンスル,ニカンスル
おき	動詞,自立,*,*,一段,連用形,おきる,オキ,オキ
て	助詞,接続助詞,*,*,*,*,て,テ,テ
を	助詞,格助詞,一般,*,*,*,を,ヲ,ヲ
与え	動詞,自立,*,*,一段,連用形,与える,アタエ,アタエ
て	助詞,接続助詞,*,*,*,*,て,テ,テ
，	記号,読点,*,*,*,*,，,，,，
あなた	名詞,代名詞,一般,*,*,*,あなた,アナタ,アナタ
の	助詞,連体化,*,*,*,*,の,ノ,ノ
神	名詞,一般,*,*,*,*,神,カミ,カミ
エホバ	名詞,一般,*,*,*,*,エホバ,エホバ,エホバ
の	助詞,連体化,*,*,*,*,の,ノ,ノ
律	名詞,一般,*,*,*,*,律,リツ,リツ
法	名詞,接尾,一般,*,*,*,法,ホウ,ホー
を	助詞,格助詞,一般,*,*,*,を,ヲ,ヲ
守ら	動詞,自立,*,*,五段・ラ行,未然形,守る,マモラ,マモラ
せ	動詞,接尾,*,*,一段,連用形,せる,セ,セ
て	助詞,接続助詞,*,*,*,*,て,テ,テ
くださる	動詞,非自立,*,*,五段・ラ行特殊,基本形,くださる,クダサル,クダサル
よう	名詞,非自立,助動詞語幹,*,*,*,よう,ヨウ,ヨー
に	助詞,格助詞,一般,*,*,*,に,ニ,ニ
。	記号,句点,*,*,*,*,。,。,。
もし	副詞,一般,*,*,*,*,もし,モシ,モシ
，	記号,読点,*,*,*,*,，,，,，
エホバ	名詞,一般,*,*,*,*,エホバ,エホバ,エホバ
が	助詞,格助詞,一般,*,*,*,が,ガ,ガ
イスラエル	名詞,固有名詞,地域,国,*,*,イスラエル,イスラエル,イスラエル
に関して	助詞,格助詞,連語,*,*,*,に関して,ニカンシテ,ニカンシテ
モー	名詞,固有名詞,人名,姓,*,*,モー,モー,モー
セ	名詞,一般,*,*,*,*,セ,セ,セ
に	助詞,格助詞,一般,*,*,*,に,ニ,ニ
命じ	動詞,自立,*,*,一段,未然形,命じる,メイジ,メイジ
られ	動詞,接尾,*,*,一段,連用形,られる,ラレ,ラレ
た	助動詞,*,*,*,特殊・タ,基本形,た,タ,タ
規定	名詞,サ変接続,*,*,*,*,規定,キテイ,キテイ
と	助詞,並立助詞,*,*,*,*,と,ト,ト
司法	名詞,一般,*,*,*,*,司法,シホウ,シホー
上	名詞,接尾,副詞可能,*,*,*,上,ジョウ,ジョー
の	助詞,連体化,*,*,*,*,の,ノ,ノ
定め	名詞,一般,*,*,*,*,定め,サダメ,サダメ
を	助詞,格助詞,一般,*,*,*,を,ヲ,ヲ
あなた	名詞,代名詞,一般,*,*,*,あなた,アナタ,アナタ
が	助詞,格助詞,一般,*,*,*,が,ガ,ガ
守り	動詞,自立,*,*,五段・ラ行,連用形,守る,マモリ,マモリ
行なう	動詞,自立,*,*,五段・ワ行促音便,基本形,行なう,オコナウ,オコナウ
なら	助動詞,*,*,*,特殊・ダ,仮定形,だ,ナラ,ナラ
，	記号,読点,*,*,*,*,，,，,，
その	連体詞,*,*,*,*,*,その,ソノ,ソノ
とき	名詞,非自立,副詞可能,*,*,*,とき,トキ,トキ
あなた	名詞,代名詞,一般,*,*,*,あなた,アナタ,アナタ
は	助詞,係助詞,*,*,*,*,は,ハ,ワ
成功	名詞,サ変接続,*,*,*,*,成功,セイコウ,セイコー
を	助詞,格助詞,一般,*,*,*,を,ヲ,ヲ
収める	動詞,自立,*,*,一段,基本形,収める,オサメル,オサメル
。	記号,句点,*,*,*,*,。,。,。
勇気	名詞,一般,*,*,*,*,勇気,ユウキ,ユーキ
を	助詞,格助詞,一般,*,*,*,を,ヲ,ヲ
出し	動詞,自立,*,*,五段・サ行,連用形,出す,ダシ,ダシ
，	記号,読点,*,*,*,*,，,，,，
強く	形容詞,自立,*,*,形容詞・アウオ段,連用テ接続,強い,ツヨク,ツヨク
あれ	動詞,自立,*,*,五段・ラ行,命令ｅ,ある,アレ,アレ
。	記号,句点,*,*,*,*,。,。,。
恐れ	動詞,自立,*,*,一段,連用形,恐れる,オソレ,オソレ
て	助詞,接続助詞,*,*,*,*,て,テ,テ
は	助詞,係助詞,*,*,*,*,は,ハ,ワ
なら	動詞,自立,*,*,五段・ラ行,未然形,なる,ナラ,ナラ
ず	助動詞,*,*,*,特殊・ヌ,連用ニ接続,ぬ,ズ,ズ
，	記号,読点,*,*,*,*,，,，,，
おびえ	動詞,自立,*,*,一段,連用形,おびえる,オビエ,オビエ
て	助詞,接続助詞,*,*,*,*,て,テ,テ
も	助詞,係助詞,*,*,*,*,も,モ,モ
なら	動詞,自立,*,*,五段・ラ行,未然形,なる,ナラ,ナラ
ない	助動詞,*,*,*,特殊・ナイ,基本形,ない,ナイ,ナイ
。	記号,句点,*,*,*,*,。,。,。
それで	接続詞,*,*,*,*,*,それで,ソレデ,ソレデ
，	記号,読点,*,*,*,*,，,，,，
見よ	動詞,自立,*,*,一段,命令ｙｏ,見る,ミヨ,ミヨ
，	記号,読点,*,*,*,*,，,，,，
悩み	名詞,一般,*,*,*,*,悩み,ナヤミ,ナヤミ
の	助詞,連体化,*,*,*,*,の,ノ,ノ
うち	名詞,非自立,副詞可能,*,*,*,うち,ウチ,ウチ
に	助詞,格助詞,一般,*,*,*,に,ニ,ニ
あっ	動詞,自立,*,*,五段・ラ行,連用タ接続,ある,アッ,アッ
て	助詞,接続助詞,*,*,*,*,て,テ,テ
，	記号,読点,*,*,*,*,，,，,，
わたし	名詞,代名詞,一般,*,*,*,わたし,ワタシ,ワタシ
は	助詞,係助詞,*,*,*,*,は,ハ,ワ
エホバ	名詞,一般,*,*,*,*,エホバ,エホバ,エホバ
の	助詞,連体化,*,*,*,*,の,ノ,ノ
家	名詞,一般,*,*,*,*,家,イエ,イエ
の	助詞,連体化,*,*,*,*,の,ノ,ノ
ため	名詞,非自立,副詞可能,*,*,*,ため,タメ,タメ
に	助詞,格助詞,一般,*,*,*,に,ニ,ニ
金	名詞,一般,*,*,*,*,金,キン,キン
十	名詞,数,*,*,*,*,十,ジュウ,ジュー
万	名詞,数,*,*,*,*,万,マン,マン
タラント	名詞,一般,*,*,*,*,*
，	記号,読点,*,*,*,*,，,，,，
銀	名詞,一般,*,*,*,*,銀,ギン,ギン
百	名詞,数,*,*,*,*,百,ヒャク,ヒャク
万	名詞,数,*,*,*,*,万,マン,マン
タラント	名詞,一般,*,*,*,*,*
を	助詞,格助詞,一般,*,*,*,を,ヲ,ヲ
用意	名詞,サ変接続,*,*,*,*,用意,ヨウイ,ヨーイ
し	動詞,自立,*,*,サ変・スル,連用形,する,シ,シ
た	助動詞,*,*,*,特殊・タ,基本形,た,タ,タ
。	記号,句点,*,*,*,*,。,。,。
銅	名詞,一般,*,*,*,*,銅,ドウ,ドー
と	助詞,並立助詞,*,*,*,*,と,ト,ト
鉄	名詞,一般,*,*,*,*,鉄,テツ,テツ
は	助詞,係助詞,*,*,*,*,は,ハ,ワ
，	記号,読点,*,*,*,*,，,，,，
おびただしく	形容詞,自立,*,*,形容詞・イ段,連用テ接続,おびただしい,オビタダシク,オビタダシク
ある	動詞,自立,*,*,五段・ラ行,基本形,ある,アル,アル
ため	名詞,非自立,副詞可能,*,*,*,ため,タメ,タメ
量り	動詞,自立,*,*,五段・ラ行,連用形,量る,ハカリ,ハカリ
きれ	動詞,非自立,*,*,一段,未然形,きれる,キレ,キレ
ない	助動詞,*,*,*,特殊・ナイ,基本形,ない,ナイ,ナイ
。	記号,句点,*,*,*,*,。,。,。
また	接続詞,*,*,*,*,*,また,マタ,マタ
，	記号,読点,*,*,*,*,，,，,，
材木	名詞,一般,*,*,*,*,材木,ザイモク,ザイモク
と	助詞,並立助詞,*,*,*,*,と,ト,ト
石	名詞,一般,*,*,*,*,石,イシ,イシ
も	助詞,係助詞,*,*,*,*,も,モ,モ
用意	名詞,サ変接続,*,*,*,*,用意,ヨウイ,ヨーイ
し	動詞,自立,*,*,サ変・スル,連用形,する,シ,シ
た	助動詞,*,*,*,特殊・タ,基本形,た,タ,タ
が	助詞,接続助詞,*,*,*,*,が,ガ,ガ
，	記号,読点,*,*,*,*,，,，,，
これら	名詞,代名詞,一般,*,*,*,これら,コレラ,コレラ
に	助詞,格助詞,一般,*,*,*,に,ニ,ニ
あなた	名詞,代名詞,一般,*,*,*,あなた,アナタ,アナタ
が	助詞,格助詞,一般,*,*,*,が,ガ,ガ
もっと	副詞,一般,*,*,*,*,もっと,モット,モット
加える	動詞,自立,*,*,一段,基本形,加える,クワエル,クワエル
こと	名詞,非自立,一般,*,*,*,こと,コト,コト
に	助詞,格助詞,一般,*,*,*,に,ニ,ニ
なる	動詞,自立,*,*,五段・ラ行,基本形,なる,ナル,ナル
。	記号,句点,*,*,*,*,。,。,。
そして	接続詞,*,*,*,*,*,そして,ソシテ,ソシテ
，	記号,読点,*,*,*,*,，,，,，
あなた	名詞,代名詞,一般,*,*,*,あなた,アナタ,アナタ
の	助詞,連体化,*,*,*,*,の,ノ,ノ
もと	名詞,非自立,一般,*,*,*,もと,モト,モト
に	助詞,格助詞,一般,*,*,*,に,ニ,ニ
は	助詞,係助詞,*,*,*,*,は,ハ,ワ
仕事	名詞,サ変接続,*,*,*,*,仕事,シゴト,シゴト
を	助詞,格助詞,一般,*,*,*,を,ヲ,ヲ
する	動詞,自立,*,*,サ変・スル,基本形,する,スル,スル
者	名詞,非自立,一般,*,*,*,者,モノ,モノ
，	記号,読点,*,*,*,*,，,，,，
すなわち	接続詞,*,*,*,*,*,すなわち,スナワチ,スナワチ
石工	名詞,一般,*,*,*,*,石工,セッコウ,セッコー
，	名詞,数,*,*,*,*,，,，,，
石	名詞,接尾,助数詞,*,*,*,石,セキ,セキ
や	助詞,並立助詞,*,*,*,*,や,ヤ,ヤ
木	名詞,一般,*,*,*,*,木,キ,キ
の	助詞,連体化,*,*,*,*,の,ノ,ノ
細工	名詞,一般,*,*,*,*,細工,ザイク,ザイク
師	名詞,接尾,一般,*,*,*,師,シ,シ
が	助詞,格助詞,一般,*,*,*,が,ガ,ガ
大勢	名詞,一般,*,*,*,*,大勢,タイセイ,タイセイ
おり	動詞,非自立,*,*,五段・ラ行,連用形,おる,オリ,オリ
，	記号,読点,*,*,*,*,，,，,，
すべて	名詞,副詞可能,*,*,*,*,すべて,スベテ,スベテ
各種	名詞,一般,*,*,*,*,各種,カクシュ,カクシュ
の	助詞,連体化,*,*,*,*,の,ノ,ノ
仕事	名詞,サ変接続,*,*,*,*,仕事,シゴト,シゴト
に	助詞,格助詞,一般,*,*,*,に,ニ,ニ
熟練	名詞,サ変接続,*,*,*,*,熟練,ジュクレン,ジュクレン
し	動詞,自立,*,*,サ変・スル,連用形,する,シ,シ
た	助動詞,*,*,*,特殊・タ,基本形,た,タ,タ
者	名詞,非自立,一般,*,*,*,者,モノ,モノ
で	助動詞,*,*,*,特殊・ダ,連用形,だ,デ,デ
ある	助動詞,*,*,*,五段・ラ行アル,基本形,ある,アル,アル
。	記号,句点,*,*,*,*,。,。,。
金	名詞,固有名詞,人名,姓,*,*,金,キム,キム
，	記号,読点,*,*,*,*,，,，,，
銀	名詞,一般,*,*,*,*,銀,ギン,ギン
，	記号,読点,*,*,*,*,，,，,，
それ	名詞,代名詞,一般,*,*,*,それ,ソレ,ソレ
に	助詞,格助詞,一般,*,*,*,に,ニ,ニ
銅	名詞,一般,*,*,*,*,銅,ドウ,ドー
や	助詞,並立助詞,*,*,*,*,や,ヤ,ヤ
鉄	名詞,一般,*,*,*,*,鉄,テツ,テツ
は	助詞,係助詞,*,*,*,*,は,ハ,ワ
数え	動詞,自立,*,*,一段,連用形,数える,カゾエ,カゾエ
きれ	動詞,非自立,*,*,一段,未然形,きれる,キレ,キレ
ない	助動詞,*,*,*,特殊・ナイ,基本形,ない,ナイ,ナイ
。	記号,句点,*,*,*,*,。,。,。
立ち上がっ	動詞,自立,*,*,五段・ラ行,連用タ接続,立ち上がる,タチアガッ,タチアガッ
て	助詞,接続助詞,*,*,*,*,て,テ,テ
，	記号,読点,*,*,*,*,，,，,，
行ない	動詞,自立,*,*,五段・ワ行促音便,連用形,行なう,オコナイ,オコナイ
なさい	動詞,非自立,*,*,五段・ラ行特殊,命令ｉ,なさる,ナサイ,ナサイ
。	記号,句点,*,*,*,*,。,。,。
エホバ	名詞,一般,*,*,*,*,エホバ,エホバ,エホバ
が	助詞,格助詞,一般,*,*,*,が,ガ,ガ
あなた	名詞,代名詞,一般,*,*,*,あなた,アナタ,アナタ
と共に	助詞,格助詞,連語,*,*,*,と共に,トトモニ,トトモニ
おら	動詞,自立,*,*,五段・ラ行,未然形,おる,オラ,オラ
れる	動詞,接尾,*,*,一段,基本形,れる,レル,レル
よう	名詞,非自立,助動詞語幹,*,*,*,よう,ヨウ,ヨー
に	助詞,副詞化,*,*,*,*,に,ニ,ニ
」	記号,括弧閉,*,*,*,*,」,」,」
。	記号,句点,*,*,*,*,。,。,。
次いで	接続詞,*,*,*,*,*,次いで,ツイデ,ツイデ
ダビデ	名詞,一般,*,*,*,*,*
は	助詞,係助詞,*,*,*,*,は,ハ,ワ
，	記号,読点,*,*,*,*,，,，,，
イスラエル	名詞,固有名詞,地域,国,*,*,イスラエル,イスラエル,イスラエル
の	助詞,連体化,*,*,*,*,の,ノ,ノ
すべて	名詞,副詞可能,*,*,*,*,すべて,スベテ,スベテ
の	助詞,連体化,*,*,*,*,の,ノ,ノ
君たち	名詞,代名詞,一般,*,*,*,君たち,キミタチ,キミタチ
に	助詞,格助詞,一般,*,*,*,に,ニ,ニ
，	記号,読点,*,*,*,*,，,，,，
その子	名詞,固有名詞,人名,名,*,*,その子,ソノコ,ソノコ
ソロモン	名詞,固有名詞,地域,国,*,*,ソロモン,ソロモン,ソロモン
を	助詞,格助詞,一般,*,*,*,を,ヲ,ヲ
助ける	動詞,自立,*,*,一段,基本形,助ける,タスケル,タスケル
よう	名詞,非自立,助動詞語幹,*,*,*,よう,ヨウ,ヨー
，	記号,読点,*,*,*,*,，,，,，
こう	副詞,助詞類接続,*,*,*,*,こう,コウ,コー
命じ	動詞,自立,*,*,一段,連用形,命じる,メイジ,メイジ
た	助動詞,*,*,*,特殊・タ,基本形,た,タ,タ
。	記号,句点,*,*,*,*,。,。,。
「	記号,括弧開,*,*,*,*,「,「,「
あなた	名詞,代名詞,一般,*,*,*,あなた,アナタ,アナタ
方	名詞,接尾,一般,*,*,*,方,カタ,カタ
の	助詞,連体化,*,*,*,*,の,ノ,ノ
神	名詞,一般,*,*,*,*,神,カミ,カミ
エホバ	名詞,一般,*,*,*,*,エホバ,エホバ,エホバ
は	助詞,係助詞,*,*,*,*,は,ハ,ワ
あなた	名詞,代名詞,一般,*,*,*,あなた,アナタ,アナタ
方	名詞,接尾,一般,*,*,*,方,カタ,カタ
と共に	助詞,格助詞,連語,*,*,*,と共に,トトモニ,トトモニ
おら	動詞,自立,*,*,五段・ラ行,未然形,おる,オラ,オラ
れ	動詞,接尾,*,*,一段,連用形,れる,レ,レ
，	記号,読点,*,*,*,*,，,，,，
周り	名詞,一般,*,*,*,*,周り,マワリ,マワリ
の	助詞,格助詞,一般,*,*,*,の,ノ,ノ
至る	動詞,自立,*,*,五段・ラ行,基本形,至る,イタル,イタル
所	名詞,非自立,副詞可能,*,*,*,所,トコロ,トコロ
で	助詞,格助詞,一般,*,*,*,で,デ,デ
あなた	名詞,代名詞,一般,*,*,*,あなた,アナタ,アナタ
方	名詞,接尾,一般,*,*,*,方,カタ,カタ
を	助詞,格助詞,一般,*,*,*,を,ヲ,ヲ
休ま	動詞,自立,*,*,五段・マ行,未然形,休む,ヤスマ,ヤスマ
せ	動詞,接尾,*,*,一段,連用形,せる,セ,セ
て	助詞,接続助詞,*,*,*,*,て,テ,テ
くださっ	動詞,非自立,*,*,五段・ラ行特殊,連用タ接続,くださる,クダサッ,クダサッ
た	助動詞,*,*,*,特殊・タ,基本形,た,タ,タ
で	助動詞,*,*,*,特殊・ダ,連用形,だ,デ,デ
は	助詞,係助詞,*,*,*,*,は,ハ,ワ
あり	動詞,自立,*,*,五段・ラ行,連用形,ある,アリ,アリ
ませ	助動詞,*,*,*,特殊・マス,未然形,ます,マセ,マセ
ん	助動詞,*,*,*,不変化型,基本形,ん,ン,ン
か	助詞,副助詞／並立助詞／終助詞,*,*,*,*,か,カ,カ
。	記号,句点,*,*,*,*,。,。,。
[	名詞,サ変接続,*,*,*,*,*
神	名詞,接尾,一般,*,*,*,神,シン,シン
]	名詞,サ変接続,*,*,*,*,*
は	助詞,係助詞,*,*,*,*,は,ハ,ワ
この	連体詞,*,*,*,*,*,この,コノ,コノ
地	名詞,一般,*,*,*,*,地,チ,チ
の	助詞,連体化,*,*,*,*,の,ノ,ノ
住民	名詞,一般,*,*,*,*,住民,ジュウミン,ジューミン
を	助詞,格助詞,一般,*,*,*,を,ヲ,ヲ
わたし	名詞,代名詞,一般,*,*,*,わたし,ワタシ,ワタシ
の	助詞,連体化,*,*,*,*,の,ノ,ノ
手	名詞,一般,*,*,*,*,手,テ,テ
に	助詞,格助詞,一般,*,*,*,に,ニ,ニ
渡さ	動詞,自立,*,*,五段・サ行,未然形,渡す,ワタサ,ワタサ
れ	動詞,接尾,*,*,一段,連用形,れる,レ,レ
，	記号,読点,*,*,*,*,，,，,，
この	連体詞,*,*,*,*,*,この,コノ,コノ
地	名詞,一般,*,*,*,*,地,チ,チ
は	助詞,係助詞,*,*,*,*,は,ハ,ワ
エホバ	名詞,一般,*,*,*,*,エホバ,エホバ,エホバ
の	助詞,連体化,*,*,*,*,の,ノ,ノ
前	名詞,副詞可能,*,*,*,*,前,マエ,マエ
と	助詞,格助詞,一般,*,*,*,と,ト,ト
その	連体詞,*,*,*,*,*,その,ソノ,ソノ
民	名詞,一般,*,*,*,*,民,ミン,ミン
の	助詞,連体化,*,*,*,*,の,ノ,ノ
前	名詞,副詞可能,*,*,*,*,前,マエ,マエ
に	助詞,格助詞,一般,*,*,*,に,ニ,ニ
服さ	動詞,自立,*,*,五段・サ行,未然形,服す,フクサ,フクサ
せ	動詞,接尾,*,*,一段,未然形,せる,セ,セ
られ	動詞,接尾,*,*,一段,連用形,られる,ラレ,ラレ
た	助動詞,*,*,*,特殊・タ,基本形,た,タ,タ
から	助詞,接続助詞,*,*,*,*,から,カラ,カラ
です	助動詞,*,*,*,特殊・デス,基本形,です,デス,デス
。	記号,句点,*,*,*,*,。,。,。
今	名詞,副詞可能,*,*,*,*,今,イマ,イマ
，	記号,読点,*,*,*,*,，,，,，
あなた	名詞,代名詞,一般,*,*,*,あなた,アナタ,アナタ
方	名詞,接尾,一般,*,*,*,方,カタ,カタ
の	助詞,連体化,*,*,*,*,の,ノ,ノ
心	名詞,一般,*,*,*,*,心,ココロ,ココロ
と	助詞,並立助詞,*,*,*,*,と,ト,ト
魂	名詞,一般,*,*,*,*,魂,タマシイ,タマシー
を	助詞,格助詞,一般,*,*,*,を,ヲ,ヲ
向け	動詞,自立,*,*,一段,連用形,向ける,ムケ,ムケ
て	助詞,接続助詞,*,*,*,*,て,テ,テ
，	記号,読点,*,*,*,*,，,，,，
あなた	名詞,代名詞,一般,*,*,*,あなた,アナタ,アナタ
方	名詞,接尾,一般,*,*,*,方,カタ,カタ
の	助詞,連体化,*,*,*,*,の,ノ,ノ
神	名詞,一般,*,*,*,*,神,カミ,カミ
エホバ	名詞,一般,*,*,*,*,エホバ,エホバ,エホバ
を	助詞,格助詞,一般,*,*,*,を,ヲ,ヲ
尋ね	動詞,自立,*,*,一段,連用形,尋ねる,タズネ,タズネ
，	記号,読点,*,*,*,*,，,，,，
立ち上がっ	動詞,自立,*,*,五段・ラ行,連用タ接続,立ち上がる,タチアガッ,タチアガッ
て	助詞,接続助詞,*,*,*,*,て,テ,テ
，	記号,読点,*,*,*,*,，,，,，
[	名詞,サ変接続,*,*,*,*,*
ま	フィラー,*,*,*,*,*,ま,マ,マ
こと	名詞,非自立,一般,*,*,*,こと,コト,コト
の	助詞,連体化,*,*,*,*,の,ノ,ノ
]	名詞,サ変接続,*,*,*,*,*
神	名詞,接尾,一般,*,*,*,神,シン,シン
エホバ	名詞,一般,*,*,*,*,エホバ,エホバ,エホバ
の	助詞,連体化,*,*,*,*,の,ノ,ノ
聖なる	連体詞,*,*,*,*,*,聖なる,セイナル,セイナル
所	名詞,非自立,副詞可能,*,*,*,所,トコロ,トコロ
を	助詞,格助詞,一般,*,*,*,を,ヲ,ヲ
建て	動詞,自立,*,*,一段,連用形,建てる,タテ,タテ
，	記号,読点,*,*,*,*,，,，,，
エホバ	名詞,一般,*,*,*,*,エホバ,エホバ,エホバ
のみ	助詞,副助詞,*,*,*,*,のみ,ノミ,ノミ
名	名詞,一般,*,*,*,*,名,ナ,ナ
の	助詞,連体化,*,*,*,*,の,ノ,ノ
ため	名詞,非自立,副詞可能,*,*,*,ため,タメ,タメ
に	助詞,格助詞,一般,*,*,*,に,ニ,ニ
建て	動詞,自立,*,*,一段,未然形,建てる,タテ,タテ
られ	動詞,接尾,*,*,一段,連用形,られる,ラレ,ラレ
た	助動詞,*,*,*,特殊・タ,基本形,た,タ,タ
家	名詞,一般,*,*,*,*,家,イエ,イエ
に	助詞,格助詞,一般,*,*,*,に,ニ,ニ
エホバ	名詞,一般,*,*,*,*,エホバ,エホバ,エホバ
の	助詞,連体化,*,*,*,*,の,ノ,ノ
契約	名詞,サ変接続,*,*,*,*,契約,ケイヤク,ケイヤク
の	助詞,連体化,*,*,*,*,の,ノ,ノ
箱	名詞,一般,*,*,*,*,箱,ハコ,ハコ
と	助詞,格助詞,一般,*,*,*,と,ト,ト
[	名詞,サ変接続,*,*,*,*,*
ま	フィラー,*,*,*,*,*,ま,マ,マ
こと	名詞,非自立,一般,*,*,*,こと,コト,コト
の	助詞,連体化,*,*,*,*,の,ノ,ノ
]	名詞,サ変接続,*,*,*,*,*
神	名詞,接尾,一般,*,*,*,神,シン,シン
の	助詞,連体化,*,*,*,*,の,ノ,ノ
聖なる	連体詞,*,*,*,*,*,聖なる,セイナル,セイナル
器具	名詞,一般,*,*,*,*,器具,キグ,キグ
を	助詞,格助詞,一般,*,*,*,を,ヲ,ヲ
運び	動詞,自立,*,*,五段・バ行,連用形,運ぶ,ハコビ,ハコビ
入れ	動詞,自立,*,*,一段,連用形,入れる,イレ,イレ
なさい	動詞,非自立,*,*,五段・ラ行特殊,命令ｉ,なさる,ナサイ,ナサイ
」	記号,括弧閉,*,*,*,*,」,」,」
。	記号,句点,*,*,*,*,。,。,。
EOS
