イスラエル	名詞,固有名詞,地域,国,*,*,イスラエル,イスラエル,イスラエル
の	助詞,連体化,*,*,*,*,の,ノ,ノ
子	名詞,一般,*,*,*,*,子,コ,コ
ら	名詞,接尾,一般,*,*,*,ら,ラ,ラ
について	助詞,格助詞,連語,*,*,*,について,ニツイテ,ニツイテ
は	助詞,係助詞,*,*,*,*,は,ハ,ワ
，	記号,読点,*,*,*,*,，,，,，
その	連体詞,*,*,*,*,*,その,ソノ,ソノ
数	名詞,一般,*,*,*,*,数,カズ,カズ
に	助詞,格助詞,一般,*,*,*,に,ニ,ニ
よれ	動詞,自立,*,*,五段・ラ行,仮定形,よる,ヨレ,ヨレ
ば	助詞,接続助詞,*,*,*,*,ば,バ,バ
，	記号,読点,*,*,*,*,，,，,，
父方	名詞,一般,*,*,*,*,父方,チチカタ,チチカタ
の	助詞,連体化,*,*,*,*,の,ノ,ノ
家	名詞,一般,*,*,*,*,家,イエ,イエ
の	助詞,連体化,*,*,*,*,の,ノ,ノ
頭	名詞,一般,*,*,*,*,頭,アタマ,アタマ
たち	名詞,接尾,一般,*,*,*,たち,タチ,タチ
，	名詞,数,*,*,*,*,，,，,，
千	名詞,数,*,*,*,*,千,セン,セン
人	名詞,接尾,助数詞,*,*,*,人,ニン,ニン
隊	名詞,接尾,一般,*,*,*,隊,タイ,タイ
と	助詞,並立助詞,*,*,*,*,と,ト,ト
百	名詞,数,*,*,*,*,百,ヒャク,ヒャク
人	名詞,接尾,助数詞,*,*,*,人,ニン,ニン
隊	名詞,接尾,一般,*,*,*,隊,タイ,タイ
の	助詞,連体化,*,*,*,*,の,ノ,ノ
長	名詞,一般,*,*,*,*,長,チョウ,チョー
たち	名詞,接尾,一般,*,*,*,たち,タチ,タチ
，	記号,読点,*,*,*,*,，,，,，
および	接続詞,*,*,*,*,*,および,オヨビ,オヨビ
一	名詞,数,*,*,*,*,一,イチ,イチ
年	名詞,接尾,助数詞,*,*,*,年,ネン,ネン
の	助詞,連体化,*,*,*,*,の,ノ,ノ
すべて	名詞,副詞可能,*,*,*,*,すべて,スベテ,スベテ
の	助詞,連体化,*,*,*,*,の,ノ,ノ
月	名詞,一般,*,*,*,*,月,ツキ,ツキ
を通じて	助詞,格助詞,連語,*,*,*,を通じて,ヲツウジテ,ヲツージテ
月	名詞,一般,*,*,*,*,月,ツキ,ツキ
ごと	名詞,接尾,一般,*,*,*,ごと,ゴト,ゴト
に	助詞,格助詞,一般,*,*,*,に,ニ,ニ
入っ	動詞,自立,*,*,五段・ラ行,連用タ接続,入る,ハイッ,ハイッ
たり	助詞,並立助詞,*,*,*,*,たり,タリ,タリ
出	動詞,自立,*,*,一段,連用形,出る,デ,デ
たり	助詞,並立助詞,*,*,*,*,たり,タリ,タリ
する	動詞,自立,*,*,サ変・スル,基本形,する,スル,スル
者	名詞,一般,*,*,*,*,者,モノ,モノ
たち	名詞,接尾,一般,*,*,*,たち,タチ,タチ
の	助詞,連体化,*,*,*,*,の,ノ,ノ
組	名詞,一般,*,*,*,*,組,クミ,クミ
について	助詞,格助詞,連語,*,*,*,について,ニツイテ,ニツイテ
の	助詞,連体化,*,*,*,*,の,ノ,ノ
すべて	名詞,副詞可能,*,*,*,*,すべて,スベテ,スベテ
の	助詞,連体化,*,*,*,*,の,ノ,ノ
事柄	名詞,一般,*,*,*,*,事柄,コトガラ,コトガラ
で	助詞,格助詞,一般,*,*,*,で,デ,デ
王	名詞,一般,*,*,*,*,王,オウ,オー
に	助詞,格助詞,一般,*,*,*,に,ニ,ニ
奉仕	名詞,サ変接続,*,*,*,*,奉仕,ホウシ,ホーシ
し	動詞,自立,*,*,サ変・スル,連用形,する,シ,シ
た	助動詞,*,*,*,特殊・タ,基本形,た,タ,タ
彼ら	名詞,代名詞,一般,*,*,*,彼ら,カレラ,カレラ
の	助詞,連体化,*,*,*,*,の,ノ,ノ
つかさ	名詞,固有名詞,人名,名,*,*,つかさ,ツカサ,ツカサ
人	名詞,接尾,一般,*,*,*,人,ジン,ジン
について	助詞,格助詞,連語,*,*,*,について,ニツイテ,ニツイテ
は	助詞,係助詞,*,*,*,*,は,ハ,ワ
，	記号,読点,*,*,*,*,，,，,，
各々	名詞,一般,*,*,*,*,各々,オノオノ,オノオノ
の	助詞,連体化,*,*,*,*,の,ノ,ノ
組	名詞,一般,*,*,*,*,組,クミ,クミ
は	助詞,係助詞,*,*,*,*,は,ハ,ワ
二	名詞,数,*,*,*,*,二,ニ,ニ
万	名詞,数,*,*,*,*,万,マン,マン
四	名詞,数,*,*,*,*,四,ヨン,ヨン
千	名詞,数,*,*,*,*,千,セン,セン
人	名詞,接尾,助数詞,*,*,*,人,ニン,ニン
で	助動詞,*,*,*,特殊・ダ,連用形,だ,デ,デ
あっ	助動詞,*,*,*,五段・ラ行アル,連用タ接続,ある,アッ,アッ
た	助動詞,*,*,*,特殊・タ,基本形,た,タ,タ
。	記号,句点,*,*,*,*,。,。,。
第	接頭詞,数接続,*,*,*,*,第,ダイ,ダイ
一	名詞,数,*,*,*,*,一,イチ,イチ
の	助詞,連体化,*,*,*,*,の,ノ,ノ
月	名詞,一般,*,*,*,*,月,ツキ,ツキ
の	助詞,連体化,*,*,*,*,の,ノ,ノ
第	接頭詞,数接続,*,*,*,*,第,ダイ,ダイ
一	名詞,数,*,*,*,*,一,イチ,イチ
の	助詞,連体化,*,*,*,*,の,ノ,ノ
組	名詞,一般,*,*,*,*,組,クミ,クミ
を	助詞,格助詞,一般,*,*,*,を,ヲ,ヲ
つかさどっ	動詞,自立,*,*,五段・ラ行,連用タ接続,つかさどる,ツカサドッ,ツカサドッ
た	助動詞,*,*,*,特殊・タ,基本形,た,タ,タ
の	名詞,非自立,一般,*,*,*,の,ノ,ノ
は	助詞,係助詞,*,*,*,*,は,ハ,ワ
ザブディエル	名詞,一般,*,*,*,*,*
の	助詞,連体化,*,*,*,*,の,ノ,ノ
子	接頭詞,名詞接続,*,*,*,*,子,コ,コ
ヤショブアム	名詞,一般,*,*,*,*,*
で	助動詞,*,*,*,特殊・ダ,連用形,だ,デ,デ
あり	助動詞,*,*,*,五段・ラ行アル,連用形,ある,アリ,アリ
，	記号,読点,*,*,*,*,，,，,，
その	連体詞,*,*,*,*,*,その,ソノ,ソノ
組	名詞,一般,*,*,*,*,組,クミ,クミ
に	助詞,格助詞,一般,*,*,*,に,ニ,ニ
は	助詞,係助詞,*,*,*,*,は,ハ,ワ
二	名詞,数,*,*,*,*,二,ニ,ニ
万	名詞,数,*,*,*,*,万,マン,マン
四	名詞,数,*,*,*,*,四,ヨン,ヨン
千	名詞,数,*,*,*,*,千,セン,セン
人	名詞,接尾,助数詞,*,*,*,人,ニン,ニン
い	動詞,自立,*,*,一段,連用形,いる,イ,イ
た	助動詞,*,*,*,特殊・タ,基本形,た,タ,タ
。	記号,句点,*,*,*,*,。,。,。
奉仕	名詞,サ変接続,*,*,*,*,奉仕,ホウシ,ホーシ
の	助詞,連体化,*,*,*,*,の,ノ,ノ
分団	名詞,一般,*,*,*,*,分団,ブンダン,ブンダン
の	助詞,連体化,*,*,*,*,の,ノ,ノ
すべて	名詞,副詞可能,*,*,*,*,すべて,スベテ,スベテ
の	助詞,連体化,*,*,*,*,の,ノ,ノ
長	名詞,一般,*,*,*,*,長,チョウ,チョー
の	助詞,連体化,*,*,*,*,の,ノ,ノ
頭	名詞,一般,*,*,*,*,頭,アタマ,アタマ
で	助動詞,*,*,*,特殊・ダ,連用形,だ,デ,デ
ある	助動詞,*,*,*,五段・ラ行アル,基本形,ある,アル,アル
ペレツ	名詞,一般,*,*,*,*,*
の	助詞,連体化,*,*,*,*,の,ノ,ノ
子	名詞,一般,*,*,*,*,子,コ,コ
ら	名詞,接尾,一般,*,*,*,ら,ラ,ラ
の	助詞,格助詞,一般,*,*,*,の,ノ,ノ
ある	動詞,自立,*,*,五段・ラ行,基本形,ある,アル,アル
者	名詞,非自立,一般,*,*,*,者,モノ,モノ
は	助詞,係助詞,*,*,*,*,は,ハ,ワ
第	接頭詞,数接続,*,*,*,*,第,ダイ,ダイ
一	名詞,数,*,*,*,*,一,イチ,イチ
の	助詞,連体化,*,*,*,*,の,ノ,ノ
月	名詞,一般,*,*,*,*,月,ツキ,ツキ
を	助詞,格助詞,一般,*,*,*,を,ヲ,ヲ
担当	名詞,サ変接続,*,*,*,*,担当,タントウ,タントー
し	動詞,自立,*,*,サ変・スル,連用形,する,シ,シ
た	助動詞,*,*,*,特殊・タ,基本形,た,タ,タ
。	記号,句点,*,*,*,*,。,。,。
そして	接続詞,*,*,*,*,*,そして,ソシテ,ソシテ
，	記号,読点,*,*,*,*,，,，,，
第	接頭詞,数接続,*,*,*,*,第,ダイ,ダイ
二	名詞,数,*,*,*,*,二,ニ,ニ
の	助詞,連体化,*,*,*,*,の,ノ,ノ
月	名詞,一般,*,*,*,*,月,ツキ,ツキ
の	助詞,連体化,*,*,*,*,の,ノ,ノ
組	名詞,一般,*,*,*,*,組,クミ,クミ
を	助詞,格助詞,一般,*,*,*,を,ヲ,ヲ
つかさどっ	動詞,自立,*,*,五段・ラ行,連用タ接続,つかさどる,ツカサドッ,ツカサドッ
た	助動詞,*,*,*,特殊・タ,基本形,た,タ,タ
の	名詞,非自立,一般,*,*,*,の,ノ,ノ
は	助詞,係助詞,*,*,*,*,は,ハ,ワ
その	連体詞,*,*,*,*,*,その,ソノ,ソノ
組	名詞,一般,*,*,*,*,組,クミ,クミ
を	助詞,格助詞,一般,*,*,*,を,ヲ,ヲ
率いる	動詞,自立,*,*,一段,基本形,率いる,ヒキイル,ヒキイル
アホアハ	名詞,一般,*,*,*,*,*
人	名詞,接尾,一般,*,*,*,人,ジン,ジン
ドダイ	名詞,一般,*,*,*,*,*
で	助動詞,*,*,*,特殊・ダ,連用形,だ,デ,デ
あり	助動詞,*,*,*,五段・ラ行アル,連用形,ある,アリ,アリ
，	記号,読点,*,*,*,*,，,，,，
ミクロト	名詞,一般,*,*,*,*,*
が	助詞,格助詞,一般,*,*,*,が,ガ,ガ
指揮	名詞,サ変接続,*,*,*,*,指揮,シキ,シキ
者	名詞,接尾,一般,*,*,*,者,シャ,シャ
で	助詞,格助詞,一般,*,*,*,で,デ,デ
，	記号,読点,*,*,*,*,，,，,，
その	連体詞,*,*,*,*,*,その,ソノ,ソノ
組	名詞,一般,*,*,*,*,組,クミ,クミ
に	助詞,格助詞,一般,*,*,*,に,ニ,ニ
は	助詞,係助詞,*,*,*,*,は,ハ,ワ
二	名詞,数,*,*,*,*,二,ニ,ニ
万	名詞,数,*,*,*,*,万,マン,マン
四	名詞,数,*,*,*,*,四,ヨン,ヨン
千	名詞,数,*,*,*,*,千,セン,セン
人	名詞,接尾,助数詞,*,*,*,人,ニン,ニン
い	動詞,自立,*,*,一段,連用形,いる,イ,イ
た	助動詞,*,*,*,特殊・タ,基本形,た,タ,タ
。	記号,句点,*,*,*,*,。,。,。
第	接頭詞,数接続,*,*,*,*,第,ダイ,ダイ
三	名詞,数,*,*,*,*,三,サン,サン
の	助詞,連体化,*,*,*,*,の,ノ,ノ
月	名詞,一般,*,*,*,*,月,ツキ,ツキ
の	助詞,連体化,*,*,*,*,の,ノ,ノ
ため	名詞,非自立,副詞可能,*,*,*,ため,タメ,タメ
の	助詞,連体化,*,*,*,*,の,ノ,ノ
第	接頭詞,数接続,*,*,*,*,第,ダイ,ダイ
三	名詞,数,*,*,*,*,三,サン,サン
の	助詞,連体化,*,*,*,*,の,ノ,ノ
奉仕	名詞,サ変接続,*,*,*,*,奉仕,ホウシ,ホーシ
の	助詞,連体化,*,*,*,*,の,ノ,ノ
分団	名詞,一般,*,*,*,*,分団,ブンダン,ブンダン
の	助詞,連体化,*,*,*,*,の,ノ,ノ
長	名詞,一般,*,*,*,*,長,チョウ,チョー
は	助詞,係助詞,*,*,*,*,は,ハ,ワ
祭司	名詞,一般,*,*,*,*,祭司,サイシ,サイシ
長	名詞,接尾,一般,*,*,*,長,チョウ,チョー
エホヤダ	名詞,一般,*,*,*,*,*
の	助詞,連体化,*,*,*,*,の,ノ,ノ
子	接頭詞,名詞接続,*,*,*,*,子,コ,コ
ベナヤ	名詞,一般,*,*,*,*,*
で	助動詞,*,*,*,特殊・ダ,連用形,だ,デ,デ
あり	助動詞,*,*,*,五段・ラ行アル,連用形,ある,アリ,アリ
，	記号,読点,*,*,*,*,，,，,，
その	連体詞,*,*,*,*,*,その,ソノ,ソノ
組	名詞,一般,*,*,*,*,組,クミ,クミ
に	助詞,格助詞,一般,*,*,*,に,ニ,ニ
は	助詞,係助詞,*,*,*,*,は,ハ,ワ
二	名詞,数,*,*,*,*,二,ニ,ニ
万	名詞,数,*,*,*,*,万,マン,マン
四	名詞,数,*,*,*,*,四,ヨン,ヨン
千	名詞,数,*,*,*,*,千,セン,セン
人	名詞,接尾,助数詞,*,*,*,人,ニン,ニン
い	動詞,自立,*,*,一段,連用形,いる,イ,イ
た	助動詞,*,*,*,特殊・タ,基本形,た,タ,タ
。	記号,句点,*,*,*,*,。,。,。
この	連体詞,*,*,*,*,*,この,コノ,コノ
ベナヤ	名詞,一般,*,*,*,*,*
は	助詞,係助詞,*,*,*,*,は,ハ,ワ
あの	フィラー,*,*,*,*,*,あの,アノ,アノ
三	名詞,数,*,*,*,*,三,サン,サン
十	名詞,数,*,*,*,*,十,ジュウ,ジュー
人	名詞,接尾,助数詞,*,*,*,人,ニン,ニン
の	助詞,連体化,*,*,*,*,の,ノ,ノ
力	名詞,一般,*,*,*,*,力,チカラ,チカラ
ある	動詞,自立,*,*,五段・ラ行,基本形,ある,アル,アル
者	名詞,非自立,一般,*,*,*,者,モノ,モノ
の	助詞,連体化,*,*,*,*,の,ノ,ノ
ひとり	名詞,一般,*,*,*,*,ひとり,ヒトリ,ヒトリ
で	助詞,格助詞,一般,*,*,*,で,デ,デ
，	記号,読点,*,*,*,*,，,，,，
三	名詞,数,*,*,*,*,三,サン,サン
十	名詞,数,*,*,*,*,十,ジュウ,ジュー
人	名詞,接尾,助数詞,*,*,*,人,ニン,ニン
を	助詞,格助詞,一般,*,*,*,を,ヲ,ヲ
つかさどっ	動詞,自立,*,*,五段・ラ行,連用タ接続,つかさどる,ツカサドッ,ツカサドッ
て	助詞,接続助詞,*,*,*,*,て,テ,テ
い	動詞,非自立,*,*,一段,連用形,いる,イ,イ
た	助動詞,*,*,*,特殊・タ,基本形,た,タ,タ
。	記号,句点,*,*,*,*,。,。,。
その	連体詞,*,*,*,*,*,その,ソノ,ソノ
組	名詞,一般,*,*,*,*,組,クミ,クミ
[	名詞,サ変接続,*,*,*,*,*
を	助詞,格助詞,一般,*,*,*,を,ヲ,ヲ
つかさどっ	動詞,自立,*,*,五段・ラ行,連用タ接続,つかさどる,ツカサドッ,ツカサドッ
た	助動詞,*,*,*,特殊・タ,基本形,た,タ,タ
の	助詞,連体化,*,*,*,*,の,ノ,ノ
]	名詞,サ変接続,*,*,*,*,*
は	助詞,係助詞,*,*,*,*,は,ハ,ワ
その	連体詞,*,*,*,*,*,その,ソノ,ソノ
子	名詞,一般,*,*,*,*,子,コ,コ
アミザバド	名詞,一般,*,*,*,*,*
で	助動詞,*,*,*,特殊・ダ,連用形,だ,デ,デ
あっ	助動詞,*,*,*,五段・ラ行アル,連用タ接続,ある,アッ,アッ
た	助動詞,*,*,*,特殊・タ,基本形,た,タ,タ
。	記号,句点,*,*,*,*,。,。,。
第	接頭詞,数接続,*,*,*,*,第,ダイ,ダイ
四	名詞,数,*,*,*,*,四,ヨン,ヨン
の	助詞,連体化,*,*,*,*,の,ノ,ノ
月	名詞,一般,*,*,*,*,月,ツキ,ツキ
の	助詞,連体化,*,*,*,*,の,ノ,ノ
ため	名詞,非自立,副詞可能,*,*,*,ため,タメ,タメ
の	助詞,連体化,*,*,*,*,の,ノ,ノ
第	接頭詞,数接続,*,*,*,*,第,ダイ,ダイ
四	名詞,数,*,*,*,*,四,ヨン,ヨン
[	名詞,サ変接続,*,*,*,*,*
の	助詞,連体化,*,*,*,*,の,ノ,ノ
長	接頭詞,名詞接続,*,*,*,*,長,チョウ,チョー
]	名詞,サ変接続,*,*,*,*,*
は	助詞,係助詞,*,*,*,*,は,ハ,ワ
ヨ	名詞,固有名詞,組織,*,*,*,ヨ,ヨ,ヨ
アブ	名詞,一般,*,*,*,*,アブ,アブ,アブ
の	助詞,連体化,*,*,*,*,の,ノ,ノ
兄弟	名詞,一般,*,*,*,*,兄弟,キョウダイ,キョーダイ
アサエル	名詞,一般,*,*,*,*,*
で	助詞,格助詞,一般,*,*,*,で,デ,デ
，	記号,読点,*,*,*,*,，,，,，
その	連体詞,*,*,*,*,*,その,ソノ,ソノ
子	名詞,一般,*,*,*,*,子,コ,コ
ゼバドヤ	名詞,一般,*,*,*,*,*
が	助詞,格助詞,一般,*,*,*,が,ガ,ガ
これ	名詞,代名詞,一般,*,*,*,これ,コレ,コレ
を	助詞,格助詞,一般,*,*,*,を,ヲ,ヲ
継ぎ	動詞,自立,*,*,五段・ガ行,連用形,継ぐ,ツギ,ツギ
，	記号,読点,*,*,*,*,，,，,，
その	連体詞,*,*,*,*,*,その,ソノ,ソノ
組	名詞,一般,*,*,*,*,組,クミ,クミ
に	助詞,格助詞,一般,*,*,*,に,ニ,ニ
は	助詞,係助詞,*,*,*,*,は,ハ,ワ
二	名詞,数,*,*,*,*,二,ニ,ニ
万	名詞,数,*,*,*,*,万,マン,マン
四	名詞,数,*,*,*,*,四,ヨン,ヨン
千	名詞,数,*,*,*,*,千,セン,セン
人	名詞,接尾,助数詞,*,*,*,人,ニン,ニン
い	動詞,自立,*,*,一段,連用形,いる,イ,イ
た	助動詞,*,*,*,特殊・タ,基本形,た,タ,タ
。	記号,句点,*,*,*,*,。,。,。
第	接頭詞,数接続,*,*,*,*,第,ダイ,ダイ
五	名詞,数,*,*,*,*,五,ゴ,ゴ
の	助詞,連体化,*,*,*,*,の,ノ,ノ
月	名詞,一般,*,*,*,*,月,ツキ,ツキ
の	助詞,連体化,*,*,*,*,の,ノ,ノ
ため	名詞,非自立,副詞可能,*,*,*,ため,タメ,タメ
の	助詞,連体化,*,*,*,*,の,ノ,ノ
第	接頭詞,数接続,*,*,*,*,第,ダイ,ダイ
五	名詞,数,*,*,*,*,五,ゴ,ゴ
の	助詞,連体化,*,*,*,*,の,ノ,ノ
長	名詞,一般,*,*,*,*,長,チョウ,チョー
は	助詞,係助詞,*,*,*,*,は,ハ,ワ
イズラハ	名詞,一般,*,*,*,*,*
人	名詞,接尾,一般,*,*,*,人,ジン,ジン
シャムフト	名詞,一般,*,*,*,*,*
で	助詞,格助詞,一般,*,*,*,で,デ,デ
，	記号,読点,*,*,*,*,，,，,，
その	連体詞,*,*,*,*,*,その,ソノ,ソノ
組	名詞,一般,*,*,*,*,組,クミ,クミ
に	助詞,格助詞,一般,*,*,*,に,ニ,ニ
は	助詞,係助詞,*,*,*,*,は,ハ,ワ
二	名詞,数,*,*,*,*,二,ニ,ニ
万	名詞,数,*,*,*,*,万,マン,マン
四	名詞,数,*,*,*,*,四,ヨン,ヨン
千	名詞,数,*,*,*,*,千,セン,セン
人	名詞,接尾,助数詞,*,*,*,人,ニン,ニン
い	動詞,自立,*,*,一段,連用形,いる,イ,イ
た	助動詞,*,*,*,特殊・タ,基本形,た,タ,タ
。	記号,句点,*,*,*,*,。,。,。
第	接頭詞,数接続,*,*,*,*,第,ダイ,ダイ
六	名詞,数,*,*,*,*,六,ロク,ロク
の	助詞,連体化,*,*,*,*,の,ノ,ノ
月	名詞,一般,*,*,*,*,月,ツキ,ツキ
の	助詞,連体化,*,*,*,*,の,ノ,ノ
ため	名詞,非自立,副詞可能,*,*,*,ため,タメ,タメ
の	助詞,連体化,*,*,*,*,の,ノ,ノ
第	接頭詞,数接続,*,*,*,*,第,ダイ,ダイ
六	名詞,数,*,*,*,*,六,ロク,ロク
[	名詞,サ変接続,*,*,*,*,*
の	助詞,連体化,*,*,*,*,の,ノ,ノ
長	接頭詞,名詞接続,*,*,*,*,長,チョウ,チョー
]	名詞,サ変接続,*,*,*,*,*
は	助詞,係助詞,*,*,*,*,は,ハ,ワ
テコア	名詞,一般,*,*,*,*,*
人	名詞,接尾,一般,*,*,*,人,ジン,ジン
イケシュ	名詞,一般,*,*,*,*,*
の	助詞,連体化,*,*,*,*,の,ノ,ノ
子	接頭詞,名詞接続,*,*,*,*,子,コ,コ
イラ	名詞,固有名詞,人名,名,*,*,イラ,イラ,イラ
で	助動詞,*,*,*,特殊・ダ,連用形,だ,デ,デ
，	記号,読点,*,*,*,*,，,，,，
その	連体詞,*,*,*,*,*,その,ソノ,ソノ
組	名詞,一般,*,*,*,*,組,クミ,クミ
に	助詞,格助詞,一般,*,*,*,に,ニ,ニ
は	助詞,係助詞,*,*,*,*,は,ハ,ワ
二	名詞,数,*,*,*,*,二,ニ,ニ
万	名詞,数,*,*,*,*,万,マン,マン
四	名詞,数,*,*,*,*,四,ヨン,ヨン
千	名詞,数,*,*,*,*,千,セン,セン
人	名詞,接尾,助数詞,*,*,*,人,ニン,ニン
い	動詞,自立,*,*,一段,連用形,いる,イ,イ
た	助動詞,*,*,*,特殊・タ,基本形,た,タ,タ
。	記号,句点,*,*,*,*,。,。,。
第	接頭詞,数接続,*,*,*,*,第,ダイ,ダイ
七	名詞,数,*,*,*,*,七,ナナ,ナナ
の	助詞,連体化,*,*,*,*,の,ノ,ノ
月	名詞,一般,*,*,*,*,月,ツキ,ツキ
の	助詞,連体化,*,*,*,*,の,ノ,ノ
ため	名詞,非自立,副詞可能,*,*,*,ため,タメ,タメ
の	助詞,連体化,*,*,*,*,の,ノ,ノ
第	接頭詞,数接続,*,*,*,*,第,ダイ,ダイ
七	名詞,数,*,*,*,*,七,ナナ,ナナ
[	名詞,サ変接続,*,*,*,*,*
の	助詞,連体化,*,*,*,*,の,ノ,ノ
長	接頭詞,名詞接続,*,*,*,*,長,チョウ,チョー
]	名詞,サ変接続,*,*,*,*,*
は	助詞,係助詞,*,*,*,*,は,ハ,ワ
エフライム	名詞,一般,*,*,*,*,*
の	助詞,連体化,*,*,*,*,の,ノ,ノ
子	名詞,一般,*,*,*,*,子,コ,コ
ら	名詞,接尾,一般,*,*,*,ら,ラ,ラ
の	助詞,連体化,*,*,*,*,の,ノ,ノ
出	名詞,一般,*,*,*,*,出,シュツ,シュツ
の	助詞,連体化,*,*,*,*,の,ノ,ノ
ペロン	名詞,一般,*,*,*,*,*
人	名詞,接尾,一般,*,*,*,人,ジン,ジン
ヘレツ	名詞,一般,*,*,*,*,*
で	助詞,格助詞,一般,*,*,*,で,デ,デ
，	記号,読点,*,*,*,*,，,，,，
その	連体詞,*,*,*,*,*,その,ソノ,ソノ
組	名詞,一般,*,*,*,*,組,クミ,クミ
に	助詞,格助詞,一般,*,*,*,に,ニ,ニ
は	助詞,係助詞,*,*,*,*,は,ハ,ワ
二	名詞,数,*,*,*,*,二,ニ,ニ
万	名詞,数,*,*,*,*,万,マン,マン
四	名詞,数,*,*,*,*,四,ヨン,ヨン
千	名詞,数,*,*,*,*,千,セン,セン
人	名詞,接尾,助数詞,*,*,*,人,ニン,ニン
い	動詞,自立,*,*,一段,連用形,いる,イ,イ
た	助動詞,*,*,*,特殊・タ,基本形,た,タ,タ
。	記号,句点,*,*,*,*,。,。,。
第	接頭詞,数接続,*,*,*,*,第,ダイ,ダイ
八	名詞,数,*,*,*,*,八,ハチ,ハチ
の	助詞,連体化,*,*,*,*,の,ノ,ノ
月	名詞,一般,*,*,*,*,月,ツキ,ツキ
の	助詞,連体化,*,*,*,*,の,ノ,ノ
ため	名詞,非自立,副詞可能,*,*,*,ため,タメ,タメ
の	助詞,連体化,*,*,*,*,の,ノ,ノ
第	接頭詞,数接続,*,*,*,*,第,ダイ,ダイ
八	名詞,数,*,*,*,*,八,ハチ,ハチ
[	名詞,サ変接続,*,*,*,*,*
の	助詞,連体化,*,*,*,*,の,ノ,ノ
長	接頭詞,名詞接続,*,*,*,*,長,チョウ,チョー
]	名詞,サ変接続,*,*,*,*,*
は	助詞,係助詞,*,*,*,*,は,ハ,ワ
ゼラハ	名詞,一般,*,*,*,*,*
人	名詞,接尾,一般,*,*,*,人,ジン,ジン
に	助詞,格助詞,一般,*,*,*,に,ニ,ニ
属する	動詞,自立,*,*,サ変・−スル,基本形,属する,ゾクスル,ゾクスル
フシャ	名詞,一般,*,*,*,*,*
人	名詞,接尾,一般,*,*,*,人,ジン,ジン
シベカイ	名詞,一般,*,*,*,*,*
で	助詞,格助詞,一般,*,*,*,で,デ,デ
，	記号,読点,*,*,*,*,，,，,，
その	連体詞,*,*,*,*,*,その,ソノ,ソノ
組	名詞,一般,*,*,*,*,組,クミ,クミ
に	助詞,格助詞,一般,*,*,*,に,ニ,ニ
は	助詞,係助詞,*,*,*,*,は,ハ,ワ
二	名詞,数,*,*,*,*,二,ニ,ニ
万	名詞,数,*,*,*,*,万,マン,マン
四	名詞,数,*,*,*,*,四,ヨン,ヨン
千	名詞,数,*,*,*,*,千,セン,セン
人	名詞,接尾,助数詞,*,*,*,人,ニン,ニン
い	動詞,自立,*,*,一段,連用形,いる,イ,イ
た	助動詞,*,*,*,特殊・タ,基本形,た,タ,タ
。	記号,句点,*,*,*,*,。,。,。
第	接頭詞,数接続,*,*,*,*,第,ダイ,ダイ
九	名詞,数,*,*,*,*,九,キュウ,キュー
の	助詞,連体化,*,*,*,*,の,ノ,ノ
月	名詞,一般,*,*,*,*,月,ツキ,ツキ
の	助詞,連体化,*,*,*,*,の,ノ,ノ
ため	名詞,非自立,副詞可能,*,*,*,ため,タメ,タメ
の	助詞,連体化,*,*,*,*,の,ノ,ノ
第	接頭詞,数接続,*,*,*,*,第,ダイ,ダイ
九	名詞,数,*,*,*,*,九,キュウ,キュー
[	名詞,サ変接続,*,*,*,*,*
の	助詞,連体化,*,*,*,*,の,ノ,ノ
長	接頭詞,名詞接続,*,*,*,*,長,チョウ,チョー
]	名詞,サ変接続,*,*,*,*,*
は	助詞,係助詞,*,*,*,*,は,ハ,ワ
ベニヤ	名詞,一般,*,*,*,*,ベニヤ,ベニヤ,ベニヤ
ミン	名詞,固有名詞,一般,*,*,*,ミン,ミン,ミン
人	名詞,接尾,一般,*,*,*,人,ジン,ジン
に	助詞,格助詞,一般,*,*,*,に,ニ,ニ
属する	動詞,自立,*,*,サ変・−スル,基本形,属する,ゾクスル,ゾクスル
アナトテ	名詞,一般,*,*,*,*,*
人	名詞,接尾,一般,*,*,*,人,ジン,ジン
アビ	名詞,一般,*,*,*,*,*
･	名詞,サ変接続,*,*,*,*,*
エゼル	名詞,一般,*,*,*,*,*
で	助詞,格助詞,一般,*,*,*,で,デ,デ
，	記号,読点,*,*,*,*,，,，,，
その	連体詞,*,*,*,*,*,その,ソノ,ソノ
組	名詞,一般,*,*,*,*,組,クミ,クミ
に	助詞,格助詞,一般,*,*,*,に,ニ,ニ
は	助詞,係助詞,*,*,*,*,は,ハ,ワ
二	名詞,数,*,*,*,*,二,ニ,ニ
万	名詞,数,*,*,*,*,万,マン,マン
四	名詞,数,*,*,*,*,四,ヨン,ヨン
千	名詞,数,*,*,*,*,千,セン,セン
人	名詞,接尾,助数詞,*,*,*,人,ニン,ニン
い	動詞,自立,*,*,一段,連用形,いる,イ,イ
た	助動詞,*,*,*,特殊・タ,基本形,た,タ,タ
。	記号,句点,*,*,*,*,。,。,。
第	接頭詞,数接続,*,*,*,*,第,ダイ,ダイ
十	名詞,数,*,*,*,*,十,ジュウ,ジュー
の	助詞,連体化,*,*,*,*,の,ノ,ノ
月	名詞,一般,*,*,*,*,月,ツキ,ツキ
の	助詞,連体化,*,*,*,*,の,ノ,ノ
ため	名詞,非自立,副詞可能,*,*,*,ため,タメ,タメ
の	助詞,連体化,*,*,*,*,の,ノ,ノ
第	接頭詞,数接続,*,*,*,*,第,ダイ,ダイ
十	名詞,数,*,*,*,*,十,ジュウ,ジュー
[	名詞,サ変接続,*,*,*,*,*
の	助詞,連体化,*,*,*,*,の,ノ,ノ
長	接頭詞,名詞接続,*,*,*,*,長,チョウ,チョー
]	名詞,サ変接続,*,*,*,*,*
は	助詞,係助詞,*,*,*,*,は,ハ,ワ
ゼラハ	名詞,一般,*,*,*,*,*
人	名詞,接尾,一般,*,*,*,人,ジン,ジン
に	助詞,格助詞,一般,*,*,*,に,ニ,ニ
属する	動詞,自立,*,*,サ変・−スル,基本形,属する,ゾクスル,ゾクスル
ネトファ	名詞,一般,*,*,*,*,*
人	名詞,接尾,一般,*,*,*,人,ジン,ジン
マハライ	名詞,一般,*,*,*,*,*
で	助詞,格助詞,一般,*,*,*,で,デ,デ
，	記号,読点,*,*,*,*,，,，,，
その	連体詞,*,*,*,*,*,その,ソノ,ソノ
組	名詞,一般,*,*,*,*,組,クミ,クミ
に	助詞,格助詞,一般,*,*,*,に,ニ,ニ
は	助詞,係助詞,*,*,*,*,は,ハ,ワ
二	名詞,数,*,*,*,*,二,ニ,ニ
万	名詞,数,*,*,*,*,万,マン,マン
四	名詞,数,*,*,*,*,四,ヨン,ヨン
千	名詞,数,*,*,*,*,千,セン,セン
人	名詞,接尾,助数詞,*,*,*,人,ニン,ニン
い	動詞,自立,*,*,一段,連用形,いる,イ,イ
た	助動詞,*,*,*,特殊・タ,基本形,た,タ,タ
。	記号,句点,*,*,*,*,。,。,。
第	接頭詞,数接続,*,*,*,*,第,ダイ,ダイ
十	名詞,数,*,*,*,*,十,ジュウ,ジュー
一	名詞,数,*,*,*,*,一,イチ,イチ
の	助詞,連体化,*,*,*,*,の,ノ,ノ
月	名詞,一般,*,*,*,*,月,ツキ,ツキ
の	助詞,連体化,*,*,*,*,の,ノ,ノ
ため	名詞,非自立,副詞可能,*,*,*,ため,タメ,タメ
の	助詞,連体化,*,*,*,*,の,ノ,ノ
第	接頭詞,数接続,*,*,*,*,第,ダイ,ダイ
十	名詞,数,*,*,*,*,十,ジュウ,ジュー
一	名詞,数,*,*,*,*,一,イチ,イチ
[	名詞,サ変接続,*,*,*,*,*
の	助詞,連体化,*,*,*,*,の,ノ,ノ
長	接頭詞,名詞接続,*,*,*,*,長,チョウ,チョー
]	名詞,サ変接続,*,*,*,*,*
は	助詞,係助詞,*,*,*,*,は,ハ,ワ
エフライム	名詞,一般,*,*,*,*,*
の	助詞,連体化,*,*,*,*,の,ノ,ノ
子	名詞,一般,*,*,*,*,子,コ,コ
ら	名詞,接尾,一般,*,*,*,ら,ラ,ラ
の	助詞,連体化,*,*,*,*,の,ノ,ノ
出	名詞,一般,*,*,*,*,出,シュツ,シュツ
の	助詞,連体化,*,*,*,*,の,ノ,ノ
ピルアトン	名詞,一般,*,*,*,*,*
人	名詞,接尾,一般,*,*,*,人,ジン,ジン
ベナヤ	名詞,一般,*,*,*,*,*
で	助詞,格助詞,一般,*,*,*,で,デ,デ
，	記号,読点,*,*,*,*,，,，,，
その	連体詞,*,*,*,*,*,その,ソノ,ソノ
組	名詞,一般,*,*,*,*,組,クミ,クミ
に	助詞,格助詞,一般,*,*,*,に,ニ,ニ
は	助詞,係助詞,*,*,*,*,は,ハ,ワ
二	名詞,数,*,*,*,*,二,ニ,ニ
万	名詞,数,*,*,*,*,万,マン,マン
四	名詞,数,*,*,*,*,四,ヨン,ヨン
千	名詞,数,*,*,*,*,千,セン,セン
人	名詞,接尾,助数詞,*,*,*,人,ニン,ニン
い	動詞,自立,*,*,一段,連用形,いる,イ,イ
た	助動詞,*,*,*,特殊・タ,基本形,た,タ,タ
。	記号,句点,*,*,*,*,。,。,。
第	接頭詞,数接続,*,*,*,*,第,ダイ,ダイ
十	名詞,数,*,*,*,*,十,ジュウ,ジュー
二	名詞,数,*,*,*,*,二,ニ,ニ
の	助詞,連体化,*,*,*,*,の,ノ,ノ
月	名詞,一般,*,*,*,*,月,ツキ,ツキ
の	助詞,連体化,*,*,*,*,の,ノ,ノ
ため	名詞,非自立,副詞可能,*,*,*,ため,タメ,タメ
の	助詞,連体化,*,*,*,*,の,ノ,ノ
第	接頭詞,数接続,*,*,*,*,第,ダイ,ダイ
十	名詞,数,*,*,*,*,十,ジュウ,ジュー
二	名詞,数,*,*,*,*,二,ニ,ニ
[	名詞,サ変接続,*,*,*,*,*
の	助詞,連体化,*,*,*,*,の,ノ,ノ
長	接頭詞,名詞接続,*,*,*,*,長,チョウ,チョー
]	名詞,サ変接続,*,*,*,*,*
は	助詞,係助詞,*,*,*,*,は,ハ,ワ
オテニエル	名詞,一般,*,*,*,*,*
に	助詞,格助詞,一般,*,*,*,に,ニ,ニ
属する	動詞,自立,*,*,サ変・−スル,基本形,属する,ゾクスル,ゾクスル
ネトファ	名詞,一般,*,*,*,*,*
人	名詞,接尾,一般,*,*,*,人,ジン,ジン
ヘルダイ	名詞,一般,*,*,*,*,*
で	助詞,格助詞,一般,*,*,*,で,デ,デ
，	記号,読点,*,*,*,*,，,，,，
その	連体詞,*,*,*,*,*,その,ソノ,ソノ
組	名詞,一般,*,*,*,*,組,クミ,クミ
に	助詞,格助詞,一般,*,*,*,に,ニ,ニ
は	助詞,係助詞,*,*,*,*,は,ハ,ワ
二	名詞,数,*,*,*,*,二,ニ,ニ
万	名詞,数,*,*,*,*,万,マン,マン
四	名詞,数,*,*,*,*,四,ヨン,ヨン
千	名詞,数,*,*,*,*,千,セン,セン
人	名詞,接尾,助数詞,*,*,*,人,ニン,ニン
い	動詞,自立,*,*,一段,連用形,いる,イ,イ
た	助動詞,*,*,*,特殊・タ,基本形,た,タ,タ
。	記号,句点,*,*,*,*,。,。,。
そして	接続詞,*,*,*,*,*,そして,ソシテ,ソシテ
，	記号,読点,*,*,*,*,，,，,，
イスラエル	名詞,固有名詞,地域,国,*,*,イスラエル,イスラエル,イスラエル
の	助詞,連体化,*,*,*,*,の,ノ,ノ
各	接頭詞,名詞接続,*,*,*,*,各,カク,カク
部族	名詞,一般,*,*,*,*,部族,ブゾク,ブゾク
を	助詞,格助詞,一般,*,*,*,を,ヲ,ヲ
つかさどっ	動詞,自立,*,*,五段・ラ行,連用タ接続,つかさどる,ツカサドッ,ツカサドッ
た	助動詞,*,*,*,特殊・タ,基本形,た,タ,タ
の	名詞,非自立,一般,*,*,*,の,ノ,ノ
は	助詞,係助詞,*,*,*,*,は,ハ,ワ
，	記号,読点,*,*,*,*,，,，,，
ルベン	名詞,一般,*,*,*,*,*
人	名詞,接尾,一般,*,*,*,人,ジン,ジン
で	助詞,格助詞,一般,*,*,*,で,デ,デ
は	助詞,係助詞,*,*,*,*,は,ハ,ワ
，	記号,読点,*,*,*,*,，,，,，
ジクリ	名詞,一般,*,*,*,*,*
の	助詞,連体化,*,*,*,*,の,ノ,ノ
子	接頭詞,名詞接続,*,*,*,*,子,コ,コ
エリエゼル	名詞,一般,*,*,*,*,*
が	助詞,格助詞,一般,*,*,*,が,ガ,ガ
指揮	名詞,サ変接続,*,*,*,*,指揮,シキ,シキ
者	名詞,接尾,一般,*,*,*,者,シャ,シャ
で	助動詞,*,*,*,特殊・ダ,連用形,だ,デ,デ
あっ	助動詞,*,*,*,五段・ラ行アル,連用タ接続,ある,アッ,アッ
た	助動詞,*,*,*,特殊・タ,基本形,た,タ,タ
。	記号,句点,*,*,*,*,。,。,。
シメオン	名詞,一般,*,*,*,*,*
人	名詞,接尾,一般,*,*,*,人,ジン,ジン
で	助詞,格助詞,一般,*,*,*,で,デ,デ
は	助詞,係助詞,*,*,*,*,は,ハ,ワ
マアカ	名詞,一般,*,*,*,*,*
の	助詞,連体化,*,*,*,*,の,ノ,ノ
子	接頭詞,名詞接続,*,*,*,*,子,コ,コ
シェファトヤ	名詞,一般,*,*,*,*,*
。	記号,句点,*,*,*,*,。,。,。
レビ	名詞,固有名詞,人名,姓,*,*,レビ,レビ,レビ
で	助詞,格助詞,一般,*,*,*,で,デ,デ
は	助詞,係助詞,*,*,*,*,は,ハ,ワ
ケムエル	名詞,一般,*,*,*,*,*
の	助詞,連体化,*,*,*,*,の,ノ,ノ
子	接頭詞,名詞接続,*,*,*,*,子,コ,コ
ハシャブヤ	名詞,一般,*,*,*,*,*
。	記号,句点,*,*,*,*,。,。,。
アロン	名詞,一般,*,*,*,*,アロン,アロン,アロン
で	助詞,格助詞,一般,*,*,*,で,デ,デ
は	助詞,係助詞,*,*,*,*,は,ハ,ワ
ザドク	名詞,一般,*,*,*,*,*
。	記号,句点,*,*,*,*,。,。,。
ユダ	名詞,一般,*,*,*,*,*
で	助詞,格助詞,一般,*,*,*,で,デ,デ
は	助詞,係助詞,*,*,*,*,は,ハ,ワ
ダビデ	名詞,一般,*,*,*,*,*
の	助詞,連体化,*,*,*,*,の,ノ,ノ
兄弟	名詞,一般,*,*,*,*,兄弟,キョウダイ,キョーダイ
の	助詞,連体化,*,*,*,*,の,ノ,ノ
一	名詞,数,*,*,*,*,一,イチ,イチ
人	名詞,接尾,助数詞,*,*,*,人,ニン,ニン
エリフ	名詞,一般,*,*,*,*,*
。	記号,句点,*,*,*,*,。,。,。
イッサカル	名詞,一般,*,*,*,*,*
で	助詞,格助詞,一般,*,*,*,で,デ,デ
は	助詞,係助詞,*,*,*,*,は,ハ,ワ
ミ	名詞,一般,*,*,*,*,ミ,ミ,ミ
カエル	名詞,一般,*,*,*,*,カエル,カエル,カエル
の	助詞,連体化,*,*,*,*,の,ノ,ノ
子	接頭詞,名詞接続,*,*,*,*,子,コ,コ
オムリ	名詞,一般,*,*,*,*,*
。	記号,句点,*,*,*,*,。,。,。
ゼブルン	名詞,一般,*,*,*,*,*
で	助詞,格助詞,一般,*,*,*,で,デ,デ
は	助詞,係助詞,*,*,*,*,は,ハ,ワ
オバデヤ	名詞,一般,*,*,*,*,*
の	助詞,連体化,*,*,*,*,の,ノ,ノ
子	接頭詞,名詞接続,*,*,*,*,子,コ,コ
イシュマヤ	名詞,一般,*,*,*,*,*
。	記号,句点,*,*,*,*,。,。,。
ナフタリ	名詞,一般,*,*,*,*,*
で	助詞,格助詞,一般,*,*,*,で,デ,デ
は	助詞,係助詞,*,*,*,*,は,ハ,ワ
アズリエル	名詞,一般,*,*,*,*,*
の	助詞,連体化,*,*,*,*,の,ノ,ノ
子	接頭詞,名詞接続,*,*,*,*,子,コ,コ
エリモト	名詞,一般,*,*,*,*,*
。	記号,句点,*,*,*,*,。,。,。
エフライム	名詞,一般,*,*,*,*,*
の	助詞,連体化,*,*,*,*,の,ノ,ノ
子	名詞,一般,*,*,*,*,子,コ,コ
ら	名詞,接尾,一般,*,*,*,ら,ラ,ラ
で	助詞,格助詞,一般,*,*,*,で,デ,デ
は	助詞,係助詞,*,*,*,*,は,ハ,ワ
アザズヤ	名詞,一般,*,*,*,*,*
の	助詞,連体化,*,*,*,*,の,ノ,ノ
子	接頭詞,名詞接続,*,*,*,*,子,コ,コ
ホシェア	名詞,一般,*,*,*,*,*
。	記号,句点,*,*,*,*,。,。,。
マナセ	名詞,一般,*,*,*,*,*
の	助詞,連体化,*,*,*,*,の,ノ,ノ
半	接頭詞,名詞接続,*,*,*,*,半,ハン,ハン
部族	名詞,一般,*,*,*,*,部族,ブゾク,ブゾク
で	助詞,格助詞,一般,*,*,*,で,デ,デ
は	助詞,係助詞,*,*,*,*,は,ハ,ワ
ペダヤ	名詞,一般,*,*,*,*,*
の	助詞,連体化,*,*,*,*,の,ノ,ノ
子	接頭詞,名詞接続,*,*,*,*,子,コ,コ
ヨエル	名詞,一般,*,*,*,*,*
。	記号,句点,*,*,*,*,。,。,。
ギレアデ	名詞,一般,*,*,*,*,*
の	助詞,連体化,*,*,*,*,の,ノ,ノ
マナセ	名詞,一般,*,*,*,*,*
の	助詞,連体化,*,*,*,*,の,ノ,ノ
半	接頭詞,名詞接続,*,*,*,*,半,ハン,ハン
部族	名詞,一般,*,*,*,*,部族,ブゾク,ブゾク
で	助詞,格助詞,一般,*,*,*,で,デ,デ
は	助詞,係助詞,*,*,*,*,は,ハ,ワ
ゼカリヤ	名詞,一般,*,*,*,*,*
の	助詞,連体化,*,*,*,*,の,ノ,ノ
子	接頭詞,名詞接続,*,*,*,*,子,コ,コ
イド	名詞,一般,*,*,*,*,*
。	記号,句点,*,*,*,*,。,。,。
ベニヤ	名詞,一般,*,*,*,*,ベニヤ,ベニヤ,ベニヤ
ミン	名詞,固有名詞,一般,*,*,*,ミン,ミン,ミン
で	助詞,格助詞,一般,*,*,*,で,デ,デ
は	助詞,係助詞,*,*,*,*,は,ハ,ワ
アブ	名詞,一般,*,*,*,*,アブ,アブ,アブ
ネル	名詞,一般,*,*,*,*,ネル,ネル,ネル
の	助詞,連体化,*,*,*,*,の,ノ,ノ
子	接頭詞,名詞接続,*,*,*,*,子,コ,コ
ヤアシエル	名詞,一般,*,*,*,*,*
。	記号,句点,*,*,*,*,。,。,。
ダン	名詞,一般,*,*,*,*,ダン,ダン,ダン
で	助詞,格助詞,一般,*,*,*,で,デ,デ
は	助詞,係助詞,*,*,*,*,は,ハ,ワ
エロハム	名詞,一般,*,*,*,*,*
の	助詞,連体化,*,*,*,*,の,ノ,ノ
子	接頭詞,名詞接続,*,*,*,*,子,コ,コ
アザルエル	名詞,一般,*,*,*,*,*
。	記号,句点,*,*,*,*,。,。,。
これら	名詞,代名詞,一般,*,*,*,これら,コレラ,コレラ
は	助詞,係助詞,*,*,*,*,は,ハ,ワ
イスラエル	名詞,固有名詞,地域,国,*,*,イスラエル,イスラエル,イスラエル
の	助詞,連体化,*,*,*,*,の,ノ,ノ
各	接頭詞,名詞接続,*,*,*,*,各,カク,カク
部族	名詞,一般,*,*,*,*,部族,ブゾク,ブゾク
の	助詞,連体化,*,*,*,*,の,ノ,ノ
君	名詞,代名詞,一般,*,*,*,君,キミ,キミ
たち	名詞,接尾,一般,*,*,*,たち,タチ,タチ
で	助動詞,*,*,*,特殊・ダ,連用形,だ,デ,デ
あっ	助動詞,*,*,*,五段・ラ行アル,連用タ接続,ある,アッ,アッ
た	助動詞,*,*,*,特殊・タ,基本形,た,タ,タ
。	記号,句点,*,*,*,*,。,。,。
ところで	接続詞,*,*,*,*,*,ところで,トコロデ,トコロデ
，	記号,読点,*,*,*,*,，,，,，
ダビデ	名詞,一般,*,*,*,*,*
は	助詞,係助詞,*,*,*,*,は,ハ,ワ
二	名詞,数,*,*,*,*,二,ニ,ニ
十	名詞,数,*,*,*,*,十,ジュウ,ジュー
歳	名詞,接尾,助数詞,*,*,*,歳,サイ,サイ
以下	名詞,非自立,副詞可能,*,*,*,以下,イカ,イカ
の	助詞,連体化,*,*,*,*,の,ノ,ノ
者	名詞,非自立,一般,*,*,*,者,モノ,モノ
の	助詞,連体化,*,*,*,*,の,ノ,ノ
数	名詞,一般,*,*,*,*,数,カズ,カズ
は	助詞,係助詞,*,*,*,*,は,ハ,ワ
調べ	動詞,自立,*,*,一段,未然形,調べる,シラベ,シラベ
なかっ	助動詞,*,*,*,特殊・ナイ,連用タ接続,ない,ナカッ,ナカッ
た	助動詞,*,*,*,特殊・タ,基本形,た,タ,タ
。	記号,句点,*,*,*,*,。,。,。
エホバ	名詞,一般,*,*,*,*,エホバ,エホバ,エホバ
が	助詞,格助詞,一般,*,*,*,が,ガ,ガ
イスラエル	名詞,固有名詞,地域,国,*,*,イスラエル,イスラエル,イスラエル
を	助詞,格助詞,一般,*,*,*,を,ヲ,ヲ
天	名詞,一般,*,*,*,*,天,テン,テン
の	助詞,連体化,*,*,*,*,の,ノ,ノ
星	名詞,一般,*,*,*,*,星,ホシ,ホシ
の	助詞,連体化,*,*,*,*,の,ノ,ノ
よう	名詞,非自立,助動詞語幹,*,*,*,よう,ヨウ,ヨー
に	助詞,副詞化,*,*,*,*,に,ニ,ニ
多く	形容詞,自立,*,*,形容詞・アウオ段,連用テ接続,多い,オオク,オーク
する	動詞,自立,*,*,サ変・スル,基本形,する,スル,スル
と	助詞,格助詞,引用,*,*,*,と,ト,ト
約束	名詞,サ変接続,*,*,*,*,約束,ヤクソク,ヤクソク
さ	動詞,自立,*,*,サ変・スル,未然レル接続,する,サ,サ
れ	動詞,接尾,*,*,一段,連用形,れる,レ,レ
た	助動詞,*,*,*,特殊・タ,基本形,た,タ,タ
から	助詞,接続助詞,*,*,*,*,から,カラ,カラ
で	助動詞,*,*,*,特殊・ダ,連用形,だ,デ,デ
ある	助動詞,*,*,*,五段・ラ行アル,基本形,ある,アル,アル
。	記号,句点,*,*,*,*,。,。,。
ツェルヤ	名詞,一般,*,*,*,*,*
の	助詞,連体化,*,*,*,*,の,ノ,ノ
子	接頭詞,名詞接続,*,*,*,*,子,コ,コ
ヨアブ	名詞,一般,*,*,*,*,*
は	助詞,係助詞,*,*,*,*,は,ハ,ワ
数え	動詞,自立,*,*,一段,連用形,数える,カゾエ,カゾエ
始め	動詞,非自立,*,*,一段,連用形,始める,ハジメ,ハジメ
た	助動詞,*,*,*,特殊・タ,基本形,た,タ,タ
が	助詞,接続助詞,*,*,*,*,が,ガ,ガ
，	記号,読点,*,*,*,*,，,，,，
し	動詞,自立,*,*,サ変・スル,連用形,する,シ,シ
終え	動詞,非自立,*,*,一段,未然形,終える,オエ,オエ
なかっ	助動詞,*,*,*,特殊・ナイ,連用タ接続,ない,ナカッ,ナカッ
た	助動詞,*,*,*,特殊・タ,基本形,た,タ,タ
。	記号,句点,*,*,*,*,。,。,。
この	連体詞,*,*,*,*,*,この,コノ,コノ
ため	名詞,非自立,副詞可能,*,*,*,ため,タメ,タメ
，	記号,読点,*,*,*,*,，,，,，
憤り	動詞,自立,*,*,五段・ラ行,連用形,憤る,イキドオリ,イキドーリ
が	助詞,格助詞,一般,*,*,*,が,ガ,ガ
イスラエル	名詞,固有名詞,地域,国,*,*,イスラエル,イスラエル,イスラエル
に	助詞,格助詞,一般,*,*,*,に,ニ,ニ
臨み	動詞,自立,*,*,五段・マ行,連用形,臨む,ノゾミ,ノゾミ
，	記号,読点,*,*,*,*,，,，,，
その	連体詞,*,*,*,*,*,その,ソノ,ソノ
数	名詞,一般,*,*,*,*,数,カズ,カズ
は	助詞,係助詞,*,*,*,*,は,ハ,ワ
ダビデ	名詞,一般,*,*,*,*,*
王	名詞,接尾,一般,*,*,*,王,オウ,オー
の	助詞,連体化,*,*,*,*,の,ノ,ノ
時代	名詞,一般,*,*,*,*,時代,ジダイ,ジダイ
の	助詞,連体化,*,*,*,*,の,ノ,ノ
事績	名詞,一般,*,*,*,*,事績,ジセキ,ジセキ
の	助詞,連体化,*,*,*,*,の,ノ,ノ
記録	名詞,サ変接続,*,*,*,*,記録,キロク,キロク
に	助詞,格助詞,一般,*,*,*,に,ニ,ニ
は	助詞,係助詞,*,*,*,*,は,ハ,ワ
載ら	動詞,自立,*,*,五段・ラ行,未然形,載る,ノラ,ノラ
なかっ	助動詞,*,*,*,特殊・ナイ,連用タ接続,ない,ナカッ,ナカッ
た	助動詞,*,*,*,特殊・タ,基本形,た,タ,タ
。	記号,句点,*,*,*,*,。,。,。
そして	接続詞,*,*,*,*,*,そして,ソシテ,ソシテ
，	記号,読点,*,*,*,*,，,，,，
王	名詞,一般,*,*,*,*,王,オウ,オー
の	助詞,連体化,*,*,*,*,の,ノ,ノ
宝物	名詞,一般,*,*,*,*,宝物,ホウモツ,ホーモツ
倉	名詞,一般,*,*,*,*,倉,クラ,クラ
を	助詞,格助詞,一般,*,*,*,を,ヲ,ヲ
つかさどっ	動詞,自立,*,*,五段・ラ行,連用タ接続,つかさどる,ツカサドッ,ツカサドッ
た	助動詞,*,*,*,特殊・タ,基本形,た,タ,タ
の	名詞,非自立,一般,*,*,*,の,ノ,ノ
は	助詞,係助詞,*,*,*,*,は,ハ,ワ
アディエル	名詞,一般,*,*,*,*,*
の	助詞,連体化,*,*,*,*,の,ノ,ノ
子	接頭詞,名詞接続,*,*,*,*,子,コ,コ
アズマベト	名詞,一般,*,*,*,*,*
で	助動詞,*,*,*,特殊・ダ,連用形,だ,デ,デ
あっ	助動詞,*,*,*,五段・ラ行アル,連用タ接続,ある,アッ,アッ
た	助動詞,*,*,*,特殊・タ,基本形,た,タ,タ
。	記号,句点,*,*,*,*,。,。,。
また	接続詞,*,*,*,*,*,また,マタ,マタ
，	記号,読点,*,*,*,*,，,，,，
野	名詞,一般,*,*,*,*,野,ノ,ノ
や	助詞,並立助詞,*,*,*,*,や,ヤ,ヤ
，	記号,読点,*,*,*,*,，,，,，
諸	接頭詞,名詞接続,*,*,*,*,諸,ショ,ショ
都市	名詞,一般,*,*,*,*,都市,トシ,トシ
や	助詞,並立助詞,*,*,*,*,や,ヤ,ヤ
村	名詞,一般,*,*,*,*,村,ムラ,ムラ
々	記号,一般,*,*,*,*,々,々,々
や	助詞,並立助詞,*,*,*,*,や,ヤ,ヤ
，	記号,読点,*,*,*,*,，,，,，
もろもろ	名詞,一般,*,*,*,*,もろもろ,モロモロ,モロモロ
の	助詞,連体化,*,*,*,*,の,ノ,ノ
塔	名詞,一般,*,*,*,*,塔,トウ,トー
に	助詞,格助詞,一般,*,*,*,に,ニ,ニ
ある	動詞,自立,*,*,五段・ラ行,基本形,ある,アル,アル
宝物	名詞,一般,*,*,*,*,宝物,ホウモツ,ホーモツ
倉	名詞,一般,*,*,*,*,倉,クラ,クラ
を	助詞,格助詞,一般,*,*,*,を,ヲ,ヲ
つかさどっ	動詞,自立,*,*,五段・ラ行,連用タ接続,つかさどる,ツカサドッ,ツカサドッ
た	助動詞,*,*,*,特殊・タ,基本形,た,タ,タ
の	名詞,非自立,一般,*,*,*,の,ノ,ノ
は	助詞,係助詞,*,*,*,*,は,ハ,ワ
ウジヤ	名詞,一般,*,*,*,*,*
の	助詞,連体化,*,*,*,*,の,ノ,ノ
子	接頭詞,名詞接続,*,*,*,*,子,コ,コ
ヨナタン	名詞,一般,*,*,*,*,*
で	助動詞,*,*,*,特殊・ダ,連用形,だ,デ,デ
あっ	助動詞,*,*,*,五段・ラ行アル,連用タ接続,ある,アッ,アッ
た	助動詞,*,*,*,特殊・タ,基本形,た,タ,タ
。	記号,句点,*,*,*,*,。,。,。
また	接続詞,*,*,*,*,*,また,マタ,マタ
，	記号,読点,*,*,*,*,，,，,，
野	名詞,一般,*,*,*,*,野,ノ,ノ
の	助詞,連体化,*,*,*,*,の,ノ,ノ
仕事	名詞,サ変接続,*,*,*,*,仕事,シゴト,シゴト
を	助詞,格助詞,一般,*,*,*,を,ヲ,ヲ
し	動詞,自立,*,*,サ変・スル,連用形,する,シ,シ
て	助詞,接続助詞,*,*,*,*,て,テ,テ
，	記号,読点,*,*,*,*,，,，,，
土地	名詞,一般,*,*,*,*,土地,トチ,トチ
の	助詞,連体化,*,*,*,*,の,ノ,ノ
耕作	名詞,サ変接続,*,*,*,*,耕作,コウサク,コーサク
に	助詞,格助詞,一般,*,*,*,に,ニ,ニ
当たっ	動詞,自立,*,*,五段・ラ行,連用タ接続,当たる,アタッ,アタッ
た	助動詞,*,*,*,特殊・タ,基本形,た,タ,タ
者	名詞,非自立,一般,*,*,*,者,モノ,モノ
を	助詞,格助詞,一般,*,*,*,を,ヲ,ヲ
つかさどっ	動詞,自立,*,*,五段・ラ行,連用タ接続,つかさどる,ツカサドッ,ツカサドッ
た	助動詞,*,*,*,特殊・タ,基本形,た,タ,タ
の	名詞,非自立,一般,*,*,*,の,ノ,ノ
は	助詞,係助詞,*,*,*,*,は,ハ,ワ
，	記号,読点,*,*,*,*,，,，,，
ケルブ	名詞,一般,*,*,*,*,*
の	助詞,連体化,*,*,*,*,の,ノ,ノ
子	接頭詞,名詞接続,*,*,*,*,子,コ,コ
エズリ	名詞,一般,*,*,*,*,*
で	助動詞,*,*,*,特殊・ダ,連用形,だ,デ,デ
あっ	助動詞,*,*,*,五段・ラ行アル,連用タ接続,ある,アッ,アッ
た	助動詞,*,*,*,特殊・タ,基本形,た,タ,タ
。	記号,句点,*,*,*,*,。,。,。
そして	接続詞,*,*,*,*,*,そして,ソシテ,ソシテ
，	記号,読点,*,*,*,*,，,，,，
ぶどう	名詞,一般,*,*,*,*,ぶどう,ブドウ,ブドー
園	名詞,接尾,一般,*,*,*,園,エン,エン
を	助詞,格助詞,一般,*,*,*,を,ヲ,ヲ
つかさどっ	動詞,自立,*,*,五段・ラ行,連用タ接続,つかさどる,ツカサドッ,ツカサドッ
た	助動詞,*,*,*,特殊・タ,基本形,た,タ,タ
の	名詞,非自立,一般,*,*,*,の,ノ,ノ
は	助詞,係助詞,*,*,*,*,は,ハ,ワ
ラマ	名詞,固有名詞,人名,一般,*,*,ラマ,ラマ,ラマ
人	名詞,接尾,一般,*,*,*,人,ジン,ジン
シムイ	名詞,一般,*,*,*,*,*
で	助動詞,*,*,*,特殊・ダ,連用形,だ,デ,デ
あっ	助動詞,*,*,*,五段・ラ行アル,連用タ接続,ある,アッ,アッ
た	助動詞,*,*,*,特殊・タ,基本形,た,タ,タ
。	記号,句点,*,*,*,*,。,。,。
ぶどう酒	名詞,一般,*,*,*,*,ぶどう酒,ブドウシュ,ブドーシュ
の	助詞,連体化,*,*,*,*,の,ノ,ノ
貯蔵	名詞,サ変接続,*,*,*,*,貯蔵,チョゾウ,チョゾー
品	名詞,接尾,一般,*,*,*,品,ヒン,ヒン
の	助詞,連体化,*,*,*,*,の,ノ,ノ
ため	名詞,非自立,副詞可能,*,*,*,ため,タメ,タメ
ぶどう	名詞,一般,*,*,*,*,ぶどう,ブドウ,ブドー
園	名詞,接尾,一般,*,*,*,園,エン,エン
に	助詞,格助詞,一般,*,*,*,に,ニ,ニ
ある	動詞,自立,*,*,五段・ラ行,基本形,ある,アル,アル
もの	名詞,非自立,一般,*,*,*,もの,モノ,モノ
を	助詞,格助詞,一般,*,*,*,を,ヲ,ヲ
つかさどっ	動詞,自立,*,*,五段・ラ行,連用タ接続,つかさどる,ツカサドッ,ツカサドッ
た	助動詞,*,*,*,特殊・タ,基本形,た,タ,タ
の	名詞,非自立,一般,*,*,*,の,ノ,ノ
は	助詞,係助詞,*,*,*,*,は,ハ,ワ
シフム	名詞,一般,*,*,*,*,*
人	名詞,接尾,一般,*,*,*,人,ジン,ジン
ザブディ	名詞,一般,*,*,*,*,*
で	助動詞,*,*,*,特殊・ダ,連用形,だ,デ,デ
あっ	助動詞,*,*,*,五段・ラ行アル,連用タ接続,ある,アッ,アッ
た	助動詞,*,*,*,特殊・タ,基本形,た,タ,タ
。	記号,句点,*,*,*,*,。,。,。
そして	接続詞,*,*,*,*,*,そして,ソシテ,ソシテ
，	記号,読点,*,*,*,*,，,，,，
シェフェラ	名詞,一般,*,*,*,*,*
に	助詞,格助詞,一般,*,*,*,に,ニ,ニ
ある	動詞,自立,*,*,五段・ラ行,基本形,ある,アル,アル
オリーブ	名詞,一般,*,*,*,*,オリーブ,オリーブ,オリーブ
畑	名詞,一般,*,*,*,*,畑,ハタケ,ハタケ
と	助詞,並立助詞,*,*,*,*,と,ト,ト
エジプト	名詞,固有名詞,地域,国,*,*,エジプト,エジプト,エジプト
いちじく	名詞,一般,*,*,*,*,いちじく,イチジク,イチジク
の	助詞,連体化,*,*,*,*,の,ノ,ノ
木	名詞,一般,*,*,*,*,木,キ,キ
を	助詞,格助詞,一般,*,*,*,を,ヲ,ヲ
つかさどっ	動詞,自立,*,*,五段・ラ行,連用タ接続,つかさどる,ツカサドッ,ツカサドッ
た	助動詞,*,*,*,特殊・タ,基本形,た,タ,タ
の	名詞,非自立,一般,*,*,*,の,ノ,ノ
は	助詞,係助詞,*,*,*,*,は,ハ,ワ
ゲデル	名詞,一般,*,*,*,*,*
人	名詞,接尾,一般,*,*,*,人,ジン,ジン
バアル	名詞,一般,*,*,*,*,*
･	名詞,サ変接続,*,*,*,*,*
ハナン	名詞,一般,*,*,*,*,*
で	助動詞,*,*,*,特殊・ダ,連用形,だ,デ,デ
あっ	助動詞,*,*,*,五段・ラ行アル,連用タ接続,ある,アッ,アッ
た	助動詞,*,*,*,特殊・タ,基本形,た,タ,タ
。	記号,句点,*,*,*,*,。,。,。
油	名詞,一般,*,*,*,*,油,アブラ,アブラ
の	助詞,連体化,*,*,*,*,の,ノ,ノ
貯蔵	名詞,サ変接続,*,*,*,*,貯蔵,チョゾウ,チョゾー
品	名詞,接尾,一般,*,*,*,品,ヒン,ヒン
を	助詞,格助詞,一般,*,*,*,を,ヲ,ヲ
つかさどっ	動詞,自立,*,*,五段・ラ行,連用タ接続,つかさどる,ツカサドッ,ツカサドッ
た	助動詞,*,*,*,特殊・タ,基本形,た,タ,タ
の	名詞,非自立,一般,*,*,*,の,ノ,ノ
は	助詞,係助詞,*,*,*,*,は,ハ,ワ
ヨアシュ	名詞,一般,*,*,*,*,*
で	助動詞,*,*,*,特殊・ダ,連用形,だ,デ,デ
あっ	助動詞,*,*,*,五段・ラ行アル,連用タ接続,ある,アッ,アッ
た	助動詞,*,*,*,特殊・タ,基本形,た,タ,タ
。	記号,句点,*,*,*,*,。,。,。
そして	接続詞,*,*,*,*,*,そして,ソシテ,ソシテ
，	記号,読点,*,*,*,*,，,，,，
シャロン	名詞,固有名詞,人名,名,*,*,シャロン,シャロン,シャロン
で	助詞,格助詞,一般,*,*,*,で,デ,デ
草	名詞,一般,*,*,*,*,草,クサ,クサ
を	助詞,格助詞,一般,*,*,*,を,ヲ,ヲ
食べる	動詞,自立,*,*,一段,基本形,食べる,タベル,タベル
牛	名詞,一般,*,*,*,*,牛,ウシ,ウシ
の	助詞,連体化,*,*,*,*,の,ノ,ノ
群れ	名詞,一般,*,*,*,*,群れ,ムレ,ムレ
を	助詞,格助詞,一般,*,*,*,を,ヲ,ヲ
つかさどっ	動詞,自立,*,*,五段・ラ行,連用タ接続,つかさどる,ツカサドッ,ツカサドッ
た	助動詞,*,*,*,特殊・タ,基本形,た,タ,タ
の	名詞,非自立,一般,*,*,*,の,ノ,ノ
は	助詞,係助詞,*,*,*,*,は,ハ,ワ
シャロン	名詞,固有名詞,人名,名,*,*,シャロン,シャロン,シャロン
人	名詞,接尾,一般,*,*,*,人,ジン,ジン
シトライ	名詞,一般,*,*,*,*,*
で	助動詞,*,*,*,特殊・ダ,連用形,だ,デ,デ
あっ	助動詞,*,*,*,五段・ラ行アル,連用タ接続,ある,アッ,アッ
た	助動詞,*,*,*,特殊・タ,基本形,た,タ,タ
。	記号,句点,*,*,*,*,。,。,。
低地	名詞,一般,*,*,*,*,低地,テイチ,テイチ
平原	名詞,一般,*,*,*,*,平原,ヘイゲン,ヘイゲン
の	助詞,連体化,*,*,*,*,の,ノ,ノ
牛	名詞,一般,*,*,*,*,牛,ウシ,ウシ
の	助詞,連体化,*,*,*,*,の,ノ,ノ
群れ	名詞,一般,*,*,*,*,群れ,ムレ,ムレ
を	助詞,格助詞,一般,*,*,*,を,ヲ,ヲ
つかさどっ	動詞,自立,*,*,五段・ラ行,連用タ接続,つかさどる,ツカサドッ,ツカサドッ
た	助動詞,*,*,*,特殊・タ,基本形,た,タ,タ
の	名詞,非自立,一般,*,*,*,の,ノ,ノ
は	助詞,係助詞,*,*,*,*,は,ハ,ワ
アド	名詞,一般,*,*,*,*,アド,アド,アド
ライ	名詞,一般,*,*,*,*,ライ,ライ,ライ
の	助詞,連体化,*,*,*,*,の,ノ,ノ
子	接頭詞,名詞接続,*,*,*,*,子,コ,コ
シャファト	名詞,一般,*,*,*,*,*
で	助動詞,*,*,*,特殊・ダ,連用形,だ,デ,デ
あっ	助動詞,*,*,*,五段・ラ行アル,連用タ接続,ある,アッ,アッ
た	助動詞,*,*,*,特殊・タ,基本形,た,タ,タ
。	記号,句点,*,*,*,*,。,。,。
また	接続詞,*,*,*,*,*,また,マタ,マタ
，	記号,読点,*,*,*,*,，,，,，
らくだ	名詞,一般,*,*,*,*,らくだ,ラクダ,ラクダ
を	助詞,格助詞,一般,*,*,*,を,ヲ,ヲ
つかさどっ	動詞,自立,*,*,五段・ラ行,連用タ接続,つかさどる,ツカサドッ,ツカサドッ
た	助動詞,*,*,*,特殊・タ,基本形,た,タ,タ
の	名詞,非自立,一般,*,*,*,の,ノ,ノ
は	助詞,係助詞,*,*,*,*,は,ハ,ワ
イシュマエル	名詞,一般,*,*,*,*,*
人	名詞,接尾,一般,*,*,*,人,ジン,ジン
オビル	名詞,一般,*,*,*,*,*
で	助動詞,*,*,*,特殊・ダ,連用形,だ,デ,デ
あっ	助動詞,*,*,*,五段・ラ行アル,連用タ接続,ある,アッ,アッ
た	助動詞,*,*,*,特殊・タ,基本形,た,タ,タ
。	記号,句点,*,*,*,*,。,。,。
雌	名詞,一般,*,*,*,*,雌,メス,メス
ろば	名詞,一般,*,*,*,*,ろば,ロバ,ロバ
を	助詞,格助詞,一般,*,*,*,を,ヲ,ヲ
つかさどっ	動詞,自立,*,*,五段・ラ行,連用タ接続,つかさどる,ツカサドッ,ツカサドッ
た	助動詞,*,*,*,特殊・タ,基本形,た,タ,タ
の	名詞,非自立,一般,*,*,*,の,ノ,ノ
は	助詞,係助詞,*,*,*,*,は,ハ,ワ
メロノト	名詞,一般,*,*,*,*,*
人	名詞,接尾,一般,*,*,*,人,ジン,ジン
エフデヤ	名詞,一般,*,*,*,*,*
で	助動詞,*,*,*,特殊・ダ,連用形,だ,デ,デ
あっ	助動詞,*,*,*,五段・ラ行アル,連用タ接続,ある,アッ,アッ
た	助動詞,*,*,*,特殊・タ,基本形,た,タ,タ
。	記号,句点,*,*,*,*,。,。,。
それ	名詞,代名詞,一般,*,*,*,それ,ソレ,ソレ
に	助詞,格助詞,一般,*,*,*,に,ニ,ニ
，	記号,読点,*,*,*,*,，,，,，
羊	名詞,一般,*,*,*,*,羊,ヒツジ,ヒツジ
の	助詞,連体化,*,*,*,*,の,ノ,ノ
群れ	名詞,一般,*,*,*,*,群れ,ムレ,ムレ
を	助詞,格助詞,一般,*,*,*,を,ヲ,ヲ
つかさどっ	動詞,自立,*,*,五段・ラ行,連用タ接続,つかさどる,ツカサドッ,ツカサドッ
た	助動詞,*,*,*,特殊・タ,基本形,た,タ,タ
の	名詞,非自立,一般,*,*,*,の,ノ,ノ
は	助詞,係助詞,*,*,*,*,は,ハ,ワ
ハグリ	名詞,一般,*,*,*,*,*
人	名詞,接尾,一般,*,*,*,人,ジン,ジン
ヤジズ	名詞,一般,*,*,*,*,*
で	助動詞,*,*,*,特殊・ダ,連用形,だ,デ,デ
あっ	助動詞,*,*,*,五段・ラ行アル,連用タ接続,ある,アッ,アッ
た	助動詞,*,*,*,特殊・タ,基本形,た,タ,タ
。	記号,句点,*,*,*,*,。,。,。
これら	名詞,代名詞,一般,*,*,*,これら,コレラ,コレラ
は	助詞,係助詞,*,*,*,*,は,ハ,ワ
皆	名詞,代名詞,一般,*,*,*,皆,ミナ,ミナ
，	記号,読点,*,*,*,*,，,，,，
ダビデ	名詞,一般,*,*,*,*,*
王	名詞,接尾,一般,*,*,*,王,オウ,オー
に	助詞,格助詞,一般,*,*,*,に,ニ,ニ
属する	動詞,自立,*,*,サ変・−スル,基本形,属する,ゾクスル,ゾクスル
財産	名詞,一般,*,*,*,*,財産,ザイサン,ザイサン
の	助詞,連体化,*,*,*,*,の,ノ,ノ
つかさ	名詞,固有名詞,人名,名,*,*,つかさ,ツカサ,ツカサ
で	助動詞,*,*,*,特殊・ダ,連用形,だ,デ,デ
あっ	助動詞,*,*,*,五段・ラ行アル,連用タ接続,ある,アッ,アッ
た	助動詞,*,*,*,特殊・タ,基本形,た,タ,タ
。	記号,句点,*,*,*,*,。,。,。
そして	接続詞,*,*,*,*,*,そして,ソシテ,ソシテ
，	記号,読点,*,*,*,*,，,，,，
ダビデ	名詞,一般,*,*,*,*,*
の	助詞,連体化,*,*,*,*,の,ノ,ノ
おい	名詞,一般,*,*,*,*,おい,オイ,オイ
ヨナタン	名詞,一般,*,*,*,*,*
は	助詞,係助詞,*,*,*,*,は,ハ,ワ
顧問	名詞,一般,*,*,*,*,顧問,コモン,コモン
官	名詞,接尾,一般,*,*,*,官,カン,カン
で	助詞,格助詞,一般,*,*,*,で,デ,デ
，	記号,読点,*,*,*,*,，,，,，
理解	名詞,サ変接続,*,*,*,*,理解,リカイ,リカイ
力	名詞,接尾,一般,*,*,*,力,リョク,リョク
の	助詞,格助詞,一般,*,*,*,の,ノ,ノ
ある	動詞,自立,*,*,五段・ラ行,基本形,ある,アル,アル
人	名詞,一般,*,*,*,*,人,ヒト,ヒト
で	助動詞,*,*,*,特殊・ダ,連用形,だ,デ,デ
あり	助動詞,*,*,*,五段・ラ行アル,連用形,ある,アリ,アリ
，	記号,読点,*,*,*,*,，,，,，
彼	名詞,代名詞,一般,*,*,*,彼,カレ,カレ
は	助詞,係助詞,*,*,*,*,は,ハ,ワ
また	接続詞,*,*,*,*,*,また,マタ,マタ
書記官	名詞,一般,*,*,*,*,書記官,ショキカン,ショキカン
でも	助詞,副助詞,*,*,*,*,でも,デモ,デモ
あっ	動詞,自立,*,*,五段・ラ行,連用タ接続,ある,アッ,アッ
た	助動詞,*,*,*,特殊・タ,基本形,た,タ,タ
。	記号,句点,*,*,*,*,。,。,。
ハクモニ	名詞,一般,*,*,*,*,*
の	助詞,連体化,*,*,*,*,の,ノ,ノ
子	接頭詞,名詞接続,*,*,*,*,子,コ,コ
エヒエル	名詞,一般,*,*,*,*,*
は	助詞,係助詞,*,*,*,*,は,ハ,ワ
王	名詞,一般,*,*,*,*,王,オウ,オー
の	助詞,連体化,*,*,*,*,の,ノ,ノ
子	名詞,一般,*,*,*,*,子,コ,コ
ら	名詞,接尾,一般,*,*,*,ら,ラ,ラ
と共に	助詞,格助詞,連語,*,*,*,と共に,トトモニ,トトモニ
い	動詞,自立,*,*,一段,連用形,いる,イ,イ
た	助動詞,*,*,*,特殊・タ,基本形,た,タ,タ
。	記号,句点,*,*,*,*,。,。,。
そして	接続詞,*,*,*,*,*,そして,ソシテ,ソシテ
，	記号,読点,*,*,*,*,，,，,，
アヒトフェル	名詞,一般,*,*,*,*,*
は	助詞,係助詞,*,*,*,*,は,ハ,ワ
王	名詞,一般,*,*,*,*,王,オウ,オー
の	助詞,連体化,*,*,*,*,の,ノ,ノ
顧問	名詞,一般,*,*,*,*,顧問,コモン,コモン
官	名詞,接尾,一般,*,*,*,官,カン,カン
で	助動詞,*,*,*,特殊・ダ,連用形,だ,デ,デ
あっ	助動詞,*,*,*,五段・ラ行アル,連用タ接続,ある,アッ,アッ
た	助動詞,*,*,*,特殊・タ,基本形,た,タ,タ
。	記号,句点,*,*,*,*,。,。,。
アルキ	名詞,一般,*,*,*,*,*
人	名詞,接尾,一般,*,*,*,人,ジン,ジン
フシャイ	名詞,一般,*,*,*,*,*
は	助詞,係助詞,*,*,*,*,は,ハ,ワ
王	名詞,一般,*,*,*,*,王,オウ,オー
の	助詞,連体化,*,*,*,*,の,ノ,ノ
友	名詞,一般,*,*,*,*,友,トモ,トモ
で	助動詞,*,*,*,特殊・ダ,連用形,だ,デ,デ
あっ	助動詞,*,*,*,五段・ラ行アル,連用タ接続,ある,アッ,アッ
た	助動詞,*,*,*,特殊・タ,基本形,た,タ,タ
。	記号,句点,*,*,*,*,。,。,。
そして	接続詞,*,*,*,*,*,そして,ソシテ,ソシテ
，	記号,読点,*,*,*,*,，,，,，
アヒトフェル	名詞,一般,*,*,*,*,*
を	助詞,格助詞,一般,*,*,*,を,ヲ,ヲ
継い	動詞,自立,*,*,五段・ガ行,連用タ接続,継ぐ,ツイ,ツイ
だ	助動詞,*,*,*,特殊・タ,基本形,だ,ダ,ダ
の	名詞,非自立,一般,*,*,*,の,ノ,ノ
は	助詞,係助詞,*,*,*,*,は,ハ,ワ
ベナヤ	名詞,一般,*,*,*,*,*
の	助詞,連体化,*,*,*,*,の,ノ,ノ
子	接頭詞,名詞接続,*,*,*,*,子,コ,コ
エホヤダ	名詞,一般,*,*,*,*,*
と	助詞,並立助詞,*,*,*,*,と,ト,ト
アビヤタル	名詞,一般,*,*,*,*,*
で	助動詞,*,*,*,特殊・ダ,連用形,だ,デ,デ
あり	助動詞,*,*,*,五段・ラ行アル,連用形,ある,アリ,アリ
，	記号,読点,*,*,*,*,，,，,，
ヨ	名詞,固有名詞,組織,*,*,*,ヨ,ヨ,ヨ
アブ	名詞,一般,*,*,*,*,アブ,アブ,アブ
は	助詞,係助詞,*,*,*,*,は,ハ,ワ
王	名詞,一般,*,*,*,*,王,オウ,オー
の	助詞,連体化,*,*,*,*,の,ノ,ノ
軍	名詞,一般,*,*,*,*,軍,グン,グン
の	助詞,連体化,*,*,*,*,の,ノ,ノ
長	名詞,一般,*,*,*,*,長,チョウ,チョー
で	助動詞,*,*,*,特殊・ダ,連用形,だ,デ,デ
あっ	助動詞,*,*,*,五段・ラ行アル,連用タ接続,ある,アッ,アッ
た	助動詞,*,*,*,特殊・タ,基本形,た,タ,タ
。	記号,句点,*,*,*,*,。,。,。
EOS
