終わり	動詞,自立,*,*,五段・ラ行,連用形,終わる,オワリ,オワリ
に	助詞,格助詞,一般,*,*,*,に,ニ,ニ
サムエル	名詞,一般,*,*,*,*,*
は	助詞,係助詞,*,*,*,*,は,ハ,ワ
全	接頭詞,名詞接続,*,*,*,*,全,ゼン,ゼン
イスラエル	名詞,固有名詞,地域,国,*,*,イスラエル,イスラエル,イスラエル
に	助詞,格助詞,一般,*,*,*,に,ニ,ニ
言っ	動詞,自立,*,*,五段・ワ行促音便,連用タ接続,言う,イッ,イッ
た	助動詞,*,*,*,特殊・タ,基本形,た,タ,タ
，	記号,読点,*,*,*,*,，,，,，
「	記号,括弧開,*,*,*,*,「,「,「
見よ	動詞,自立,*,*,一段,命令ｙｏ,見る,ミヨ,ミヨ
，	記号,読点,*,*,*,*,，,，,，
わたし	名詞,代名詞,一般,*,*,*,わたし,ワタシ,ワタシ
は	助詞,係助詞,*,*,*,*,は,ハ,ワ
，	記号,読点,*,*,*,*,，,，,，
あなた	名詞,代名詞,一般,*,*,*,あなた,アナタ,アナタ
方	名詞,接尾,一般,*,*,*,方,カタ,カタ
が	助詞,格助詞,一般,*,*,*,が,ガ,ガ
わたし	名詞,代名詞,一般,*,*,*,わたし,ワタシ,ワタシ
に	助詞,格助詞,一般,*,*,*,に,ニ,ニ
言っ	動詞,自立,*,*,五段・ワ行促音便,連用タ接続,言う,イッ,イッ
た	助動詞,*,*,*,特殊・タ,基本形,た,タ,タ
すべて	名詞,副詞可能,*,*,*,*,すべて,スベテ,スベテ
の	助詞,連体化,*,*,*,*,の,ノ,ノ
こと	名詞,非自立,一般,*,*,*,こと,コト,コト
に関し	助詞,格助詞,連語,*,*,*,に関し,ニカンシ,ニカンシ
，	記号,読点,*,*,*,*,，,，,，
あなた	名詞,代名詞,一般,*,*,*,あなた,アナタ,アナタ
方	名詞,接尾,一般,*,*,*,方,カタ,カタ
の	助詞,連体化,*,*,*,*,の,ノ,ノ
声	名詞,一般,*,*,*,*,声,コエ,コエ
に	助詞,格助詞,一般,*,*,*,に,ニ,ニ
聴き	動詞,自立,*,*,五段・カ行イ音便,連用形,聴く,キキ,キキ
従い	動詞,自立,*,*,五段・ワ行促音便,連用形,従う,シタガイ,シタガイ
，	記号,読点,*,*,*,*,，,，,，
ひとり	名詞,一般,*,*,*,*,ひとり,ヒトリ,ヒトリ
の	助詞,連体化,*,*,*,*,の,ノ,ノ
王	名詞,一般,*,*,*,*,王,オウ,オー
に	助詞,格助詞,一般,*,*,*,に,ニ,ニ
あなた	名詞,代名詞,一般,*,*,*,あなた,アナタ,アナタ
方	名詞,接尾,一般,*,*,*,方,カタ,カタ
を	助詞,格助詞,一般,*,*,*,を,ヲ,ヲ
治め	動詞,自立,*,*,一段,未然形,治める,オサメ,オサメ
させ	動詞,接尾,*,*,一段,連用形,させる,サセ,サセ
まし	助動詞,*,*,*,特殊・マス,連用形,ます,マシ,マシ
た	助動詞,*,*,*,特殊・タ,基本形,た,タ,タ
。	記号,句点,*,*,*,*,。,。,。
そして	接続詞,*,*,*,*,*,そして,ソシテ,ソシテ
今	名詞,副詞可能,*,*,*,*,今,イマ,イマ
，	記号,読点,*,*,*,*,，,，,，
見よ	動詞,自立,*,*,一段,命令ｙｏ,見る,ミヨ,ミヨ
，	記号,読点,*,*,*,*,，,，,，
王	名詞,固有名詞,人名,姓,*,*,王,オウ,オー
が	助詞,格助詞,一般,*,*,*,が,ガ,ガ
あなた	名詞,代名詞,一般,*,*,*,あなた,アナタ,アナタ
方	名詞,接尾,一般,*,*,*,方,カタ,カタ
の	助詞,連体化,*,*,*,*,の,ノ,ノ
前	名詞,副詞可能,*,*,*,*,前,マエ,マエ
を	助詞,格助詞,一般,*,*,*,を,ヲ,ヲ
歩ん	動詞,自立,*,*,五段・マ行,連用タ接続,歩む,アユン,アユン
で	助詞,接続助詞,*,*,*,*,で,デ,デ
い	動詞,非自立,*,*,一段,連用形,いる,イ,イ
ます	助動詞,*,*,*,特殊・マス,基本形,ます,マス,マス
！	記号,一般,*,*,*,*,！,！,！
しかし	接続詞,*,*,*,*,*,しかし,シカシ,シカシ
わたし	名詞,代名詞,一般,*,*,*,わたし,ワタシ,ワタシ
は	助詞,係助詞,*,*,*,*,は,ハ,ワ
，	記号,読点,*,*,*,*,，,，,，
年老い	動詞,自立,*,*,一段,連用形,年老いる,トシオイ,トシオイ
て	助詞,接続助詞,*,*,*,*,て,テ,テ
白髪	名詞,一般,*,*,*,*,白髪,ハクハツ,ハクハツ
に	助詞,格助詞,一般,*,*,*,に,ニ,ニ
なり	動詞,自立,*,*,五段・ラ行,連用形,なる,ナリ,ナリ
まし	助動詞,*,*,*,特殊・マス,連用形,ます,マシ,マシ
た	助動詞,*,*,*,特殊・タ,基本形,た,タ,タ
が	助詞,接続助詞,*,*,*,*,が,ガ,ガ
，	記号,読点,*,*,*,*,，,，,，
見よ	動詞,自立,*,*,一段,命令ｙｏ,見る,ミヨ,ミヨ
，	記号,読点,*,*,*,*,，,，,，
わたし	名詞,代名詞,一般,*,*,*,わたし,ワタシ,ワタシ
の	助詞,連体化,*,*,*,*,の,ノ,ノ
息子	名詞,一般,*,*,*,*,息子,ムスコ,ムスコ
たち	名詞,接尾,一般,*,*,*,たち,タチ,タチ
は	助詞,係助詞,*,*,*,*,は,ハ,ワ
あなた	名詞,代名詞,一般,*,*,*,あなた,アナタ,アナタ
方	名詞,接尾,一般,*,*,*,方,カタ,カタ
と共に	助詞,格助詞,連語,*,*,*,と共に,トトモニ,トトモニ
い	動詞,自立,*,*,一段,連用形,いる,イ,イ
ます	助動詞,*,*,*,特殊・マス,基本形,ます,マス,マス
。	記号,句点,*,*,*,*,。,。,。
それに	接続詞,*,*,*,*,*,それに,ソレニ,ソレニ
わたし	名詞,代名詞,一般,*,*,*,わたし,ワタシ,ワタシ
は	助詞,係助詞,*,*,*,*,は,ハ,ワ
―	記号,一般,*,*,*,*,―,―,―
若い	形容詞,自立,*,*,形容詞・アウオ段,基本形,若い,ワカイ,ワカイ
時	名詞,非自立,副詞可能,*,*,*,時,トキ,トキ
から	助詞,格助詞,一般,*,*,*,から,カラ,カラ
今日	名詞,副詞可能,*,*,*,*,今日,キョウ,キョー
に	助詞,格助詞,一般,*,*,*,に,ニ,ニ
至る	動詞,自立,*,*,五段・ラ行,基本形,至る,イタル,イタル
まで	助詞,副助詞,*,*,*,*,まで,マデ,マデ
あなた	名詞,代名詞,一般,*,*,*,あなた,アナタ,アナタ
方	名詞,接尾,一般,*,*,*,方,カタ,カタ
の	助詞,連体化,*,*,*,*,の,ノ,ノ
前	名詞,副詞可能,*,*,*,*,前,マエ,マエ
を	助詞,格助詞,一般,*,*,*,を,ヲ,ヲ
歩ん	動詞,自立,*,*,五段・マ行,連用タ接続,歩む,アユン,アユン
で	助詞,接続助詞,*,*,*,*,で,デ,デ
き	動詞,非自立,*,*,カ変・クル,連用形,くる,キ,キ
まし	助動詞,*,*,*,特殊・マス,連用形,ます,マシ,マシ
た	助動詞,*,*,*,特殊・タ,基本形,た,タ,タ
。	記号,句点,*,*,*,*,。,。,。
わたし	名詞,代名詞,一般,*,*,*,わたし,ワタシ,ワタシ
は	助詞,係助詞,*,*,*,*,は,ハ,ワ
ここ	名詞,代名詞,一般,*,*,*,ここ,ココ,ココ
に	助詞,格助詞,一般,*,*,*,に,ニ,ニ
い	動詞,自立,*,*,一段,連用形,いる,イ,イ
ます	助動詞,*,*,*,特殊・マス,基本形,ます,マス,マス
。	記号,句点,*,*,*,*,。,。,。
エホバ	名詞,一般,*,*,*,*,エホバ,エホバ,エホバ
の	助詞,連体化,*,*,*,*,の,ノ,ノ
前	名詞,副詞可能,*,*,*,*,前,マエ,マエ
と	助詞,並立助詞,*,*,*,*,と,ト,ト
，	記号,読点,*,*,*,*,，,，,，
その	連体詞,*,*,*,*,*,その,ソノ,ソノ
油	名詞,一般,*,*,*,*,油,アブラ,アブラ
そそが	動詞,自立,*,*,五段・ガ行,未然形,そそぐ,ソソガ,ソソガ
れ	動詞,接尾,*,*,一段,連用形,れる,レ,レ
た	助動詞,*,*,*,特殊・タ,基本形,た,タ,タ
者	名詞,非自立,一般,*,*,*,者,モノ,モノ
の	助詞,連体化,*,*,*,*,の,ノ,ノ
前	名詞,副詞可能,*,*,*,*,前,マエ,マエ
で	助詞,格助詞,一般,*,*,*,で,デ,デ
わたし	名詞,代名詞,一般,*,*,*,わたし,ワタシ,ワタシ
に対して	助詞,格助詞,連語,*,*,*,に対して,ニタイシテ,ニタイシテ
答え	動詞,自立,*,*,一段,連用形,答える,コタエ,コタエ
なさい	動詞,非自立,*,*,五段・ラ行特殊,命令ｉ,なさる,ナサイ,ナサイ
。	記号,句点,*,*,*,*,。,。,。
わたし	名詞,代名詞,一般,*,*,*,わたし,ワタシ,ワタシ
が	助詞,格助詞,一般,*,*,*,が,ガ,ガ
だれ	名詞,代名詞,一般,*,*,*,だれ,ダレ,ダレ
の	助詞,連体化,*,*,*,*,の,ノ,ノ
牛	名詞,一般,*,*,*,*,牛,ウシ,ウシ
を	助詞,格助詞,一般,*,*,*,を,ヲ,ヲ
取り	動詞,自立,*,*,五段・ラ行,連用形,取る,トリ,トリ
まし	助動詞,*,*,*,特殊・マス,連用形,ます,マシ,マシ
た	助動詞,*,*,*,特殊・タ,基本形,た,タ,タ
か	助詞,副助詞／並立助詞／終助詞,*,*,*,*,か,カ,カ
。	記号,句点,*,*,*,*,。,。,。
だれ	名詞,代名詞,一般,*,*,*,だれ,ダレ,ダレ
の	助詞,連体化,*,*,*,*,の,ノ,ノ
ろば	名詞,一般,*,*,*,*,ろば,ロバ,ロバ
を	助詞,格助詞,一般,*,*,*,を,ヲ,ヲ
取り	動詞,自立,*,*,五段・ラ行,連用形,取る,トリ,トリ
まし	助動詞,*,*,*,特殊・マス,連用形,ます,マシ,マシ
た	助動詞,*,*,*,特殊・タ,基本形,た,タ,タ
か	助詞,副助詞／並立助詞／終助詞,*,*,*,*,か,カ,カ
。	記号,句点,*,*,*,*,。,。,。
だれ	名詞,代名詞,一般,*,*,*,だれ,ダレ,ダレ
から	助詞,格助詞,一般,*,*,*,から,カラ,カラ
だまし取り	動詞,自立,*,*,五段・ラ行,連用形,だまし取る,ダマシトリ,ダマシトリ
まし	助動詞,*,*,*,特殊・マス,連用形,ます,マシ,マシ
た	助動詞,*,*,*,特殊・タ,基本形,た,タ,タ
か	助詞,副助詞／並立助詞／終助詞,*,*,*,*,か,カ,カ
。	記号,句点,*,*,*,*,。,。,。
だれ	名詞,代名詞,一般,*,*,*,だれ,ダレ,ダレ
を	助詞,格助詞,一般,*,*,*,を,ヲ,ヲ
虐げ	動詞,自立,*,*,一段,連用形,虐げる,シイタゲ,シータゲ
まし	助動詞,*,*,*,特殊・マス,連用形,ます,マシ,マシ
た	助動詞,*,*,*,特殊・タ,基本形,た,タ,タ
か	助詞,副助詞／並立助詞／終助詞,*,*,*,*,か,カ,カ
。	記号,句点,*,*,*,*,。,。,。
だれ	名詞,代名詞,一般,*,*,*,だれ,ダレ,ダレ
の	助詞,連体化,*,*,*,*,の,ノ,ノ
手	名詞,一般,*,*,*,*,手,テ,テ
から	助詞,格助詞,一般,*,*,*,から,カラ,カラ
口止め	名詞,一般,*,*,*,*,口止め,クチドメ,クチドメ
金	名詞,接尾,一般,*,*,*,金,キン,キン
を	助詞,格助詞,一般,*,*,*,を,ヲ,ヲ
受け取っ	動詞,自立,*,*,五段・ラ行,連用タ接続,受け取る,ウケトッ,ウケトッ
て	助詞,接続助詞,*,*,*,*,て,テ,テ
，	記号,読点,*,*,*,*,，,，,，
それで	接続詞,*,*,*,*,*,それで,ソレデ,ソレデ
自分	名詞,一般,*,*,*,*,自分,ジブン,ジブン
の	助詞,連体化,*,*,*,*,の,ノ,ノ
目	名詞,一般,*,*,*,*,目,メ,メ
を	助詞,格助詞,一般,*,*,*,を,ヲ,ヲ
覆っ	動詞,自立,*,*,五段・ワ行促音便,連用タ接続,覆う,オオッ,オオッ
た	助動詞,*,*,*,特殊・タ,基本形,た,タ,タ
でしょ	助動詞,*,*,*,特殊・デス,未然形,です,デショ,デショ
う	助動詞,*,*,*,不変化型,基本形,う,ウ,ウ
か	助詞,副助詞／並立助詞／終助詞,*,*,*,*,か,カ,カ
。	記号,句点,*,*,*,*,。,。,。
もし	副詞,一般,*,*,*,*,もし,モシ,モシ
そう	副詞,助詞類接続,*,*,*,*,そう,ソウ,ソー
なら	助動詞,*,*,*,特殊・ダ,仮定形,だ,ナラ,ナラ
，	記号,読点,*,*,*,*,，,，,，
わたし	名詞,代名詞,一般,*,*,*,わたし,ワタシ,ワタシ
は	助詞,係助詞,*,*,*,*,は,ハ,ワ
あなた	名詞,代名詞,一般,*,*,*,あなた,アナタ,アナタ
方	名詞,接尾,一般,*,*,*,方,カタ,カタ
に	助詞,格助詞,一般,*,*,*,に,ニ,ニ
お返し	名詞,サ変接続,*,*,*,*,お返し,オカエシ,オカエシ
し	動詞,自立,*,*,サ変・スル,連用形,する,シ,シ
ましょ	助動詞,*,*,*,特殊・マス,未然ウ接続,ます,マショ,マショ
う	助動詞,*,*,*,不変化型,基本形,う,ウ,ウ
」	記号,括弧閉,*,*,*,*,」,」,」
。	記号,句点,*,*,*,*,。,。,。
これ	名詞,代名詞,一般,*,*,*,これ,コレ,コレ
に対して	助詞,格助詞,連語,*,*,*,に対して,ニタイシテ,ニタイシテ
彼ら	名詞,代名詞,一般,*,*,*,彼ら,カレラ,カレラ
は	助詞,係助詞,*,*,*,*,は,ハ,ワ
言っ	動詞,自立,*,*,五段・ワ行促音便,連用タ接続,言う,イッ,イッ
た	助動詞,*,*,*,特殊・タ,基本形,た,タ,タ
，	記号,読点,*,*,*,*,，,，,，
「	記号,括弧開,*,*,*,*,「,「,「
あなた	名詞,代名詞,一般,*,*,*,あなた,アナタ,アナタ
は	助詞,係助詞,*,*,*,*,は,ハ,ワ
わたし	名詞,代名詞,一般,*,*,*,わたし,ワタシ,ワタシ
たち	名詞,接尾,一般,*,*,*,たち,タチ,タチ
から	助詞,格助詞,一般,*,*,*,から,カラ,カラ
だまし取っ	動詞,自立,*,*,五段・ラ行,連用タ接続,だまし取る,ダマシトッ,ダマシトッ
た	助動詞,*,*,*,特殊・タ,基本形,た,タ,タ
こと	名詞,非自立,一般,*,*,*,こと,コト,コト
も	助詞,係助詞,*,*,*,*,も,モ,モ
，	記号,読点,*,*,*,*,，,，,，
わたし	名詞,代名詞,一般,*,*,*,わたし,ワタシ,ワタシ
たち	名詞,接尾,一般,*,*,*,たち,タチ,タチ
を	助詞,格助詞,一般,*,*,*,を,ヲ,ヲ
虐げ	動詞,自立,*,*,一段,連用形,虐げる,シイタゲ,シータゲ
た	助動詞,*,*,*,特殊・タ,基本形,た,タ,タ
こと	名詞,非自立,一般,*,*,*,こと,コト,コト
も	助詞,係助詞,*,*,*,*,も,モ,モ
，	記号,読点,*,*,*,*,，,，,，
ただ	名詞,一般,*,*,*,*,ただ,タダ,タダ
の	助詞,連体化,*,*,*,*,の,ノ,ノ
一	名詞,数,*,*,*,*,一,イチ,イチ
人	名詞,接尾,助数詞,*,*,*,人,ニン,ニン
の	助詞,連体化,*,*,*,*,の,ノ,ノ
人	名詞,一般,*,*,*,*,人,ヒト,ヒト
の	助詞,連体化,*,*,*,*,の,ノ,ノ
手	名詞,一般,*,*,*,*,手,テ,テ
から	助詞,格助詞,一般,*,*,*,から,カラ,カラ
何	名詞,代名詞,一般,*,*,*,何,ナニ,ナニ
か	助詞,副助詞／並立助詞／終助詞,*,*,*,*,か,カ,カ
を	助詞,格助詞,一般,*,*,*,を,ヲ,ヲ
受け取っ	動詞,自立,*,*,五段・ラ行,連用タ接続,受け取る,ウケトッ,ウケトッ
た	助動詞,*,*,*,特殊・タ,基本形,た,タ,タ
こと	名詞,非自立,一般,*,*,*,こと,コト,コト
も	助詞,係助詞,*,*,*,*,も,モ,モ
あり	動詞,自立,*,*,五段・ラ行,連用形,ある,アリ,アリ
ませ	助動詞,*,*,*,特殊・マス,未然形,ます,マセ,マセ
ん	助動詞,*,*,*,不変化型,基本形,ん,ン,ン
」	記号,括弧閉,*,*,*,*,」,」,」
。	記号,句点,*,*,*,*,。,。,。
そこで	接続詞,*,*,*,*,*,そこで,ソコデ,ソコデ
彼	名詞,代名詞,一般,*,*,*,彼,カレ,カレ
は	助詞,係助詞,*,*,*,*,は,ハ,ワ
言っ	動詞,自立,*,*,五段・ワ行促音便,連用タ接続,言う,イッ,イッ
た	助動詞,*,*,*,特殊・タ,基本形,た,タ,タ
，	記号,読点,*,*,*,*,，,，,，
「	記号,括弧開,*,*,*,*,「,「,「
あなた	名詞,代名詞,一般,*,*,*,あなた,アナタ,アナタ
方	名詞,接尾,一般,*,*,*,方,カタ,カタ
が	助詞,格助詞,一般,*,*,*,が,ガ,ガ
わたし	名詞,代名詞,一般,*,*,*,わたし,ワタシ,ワタシ
の	助詞,連体化,*,*,*,*,の,ノ,ノ
手	名詞,一般,*,*,*,*,手,テ,テ
に	助詞,格助詞,一般,*,*,*,に,ニ,ニ
何	名詞,代名詞,一般,*,*,*,何,ナニ,ナニ
も	助詞,係助詞,*,*,*,*,も,モ,モ
見いださ	動詞,自立,*,*,五段・サ行,未然形,見いだす,ミイダサ,ミイダサ
なかっ	助動詞,*,*,*,特殊・ナイ,連用タ接続,ない,ナカッ,ナカッ
た	助動詞,*,*,*,特殊・タ,基本形,た,タ,タ
こと	名詞,非自立,一般,*,*,*,こと,コト,コト
について	助詞,格助詞,連語,*,*,*,について,ニツイテ,ニツイテ
は	助詞,係助詞,*,*,*,*,は,ハ,ワ
，	記号,読点,*,*,*,*,，,，,，
今日	名詞,副詞可能,*,*,*,*,今日,キョウ,キョー
，	記号,読点,*,*,*,*,，,，,，
エホバ	名詞,一般,*,*,*,*,エホバ,エホバ,エホバ
が	助詞,格助詞,一般,*,*,*,が,ガ,ガ
あなた	名詞,代名詞,一般,*,*,*,あなた,アナタ,アナタ
方	名詞,接尾,一般,*,*,*,方,カタ,カタ
に対する	助詞,格助詞,連語,*,*,*,に対する,ニタイスル,ニタイスル
証人	名詞,一般,*,*,*,*,証人,ショウニン,ショーニン
です	助動詞,*,*,*,特殊・デス,基本形,です,デス,デス
し	助詞,接続助詞,*,*,*,*,し,シ,シ
，	記号,読点,*,*,*,*,，,，,，
その	連体詞,*,*,*,*,*,その,ソノ,ソノ
油	名詞,一般,*,*,*,*,油,アブラ,アブラ
そそが	動詞,自立,*,*,五段・ガ行,未然形,そそぐ,ソソガ,ソソガ
れ	動詞,接尾,*,*,一段,連用形,れる,レ,レ
た	助動詞,*,*,*,特殊・タ,基本形,た,タ,タ
者	名詞,非自立,一般,*,*,*,者,モノ,モノ
も	助詞,係助詞,*,*,*,*,も,モ,モ
証人	名詞,一般,*,*,*,*,証人,ショウニン,ショーニン
です	助動詞,*,*,*,特殊・デス,基本形,です,デス,デス
」	記号,括弧閉,*,*,*,*,」,」,」
。	記号,句点,*,*,*,*,。,。,。
これ	名詞,代名詞,一般,*,*,*,これ,コレ,コレ
に対して	助詞,格助詞,連語,*,*,*,に対して,ニタイシテ,ニタイシテ
彼ら	名詞,代名詞,一般,*,*,*,彼ら,カレラ,カレラ
は	助詞,係助詞,*,*,*,*,は,ハ,ワ
言っ	動詞,自立,*,*,五段・ワ行促音便,連用タ接続,言う,イッ,イッ
た	助動詞,*,*,*,特殊・タ,基本形,た,タ,タ
，	記号,読点,*,*,*,*,，,，,，
「	記号,括弧開,*,*,*,*,「,「,「
その	連体詞,*,*,*,*,*,その,ソノ,ソノ
方	名詞,非自立,一般,*,*,*,方,ホウ,ホー
が	助詞,格助詞,一般,*,*,*,が,ガ,ガ
証人	名詞,一般,*,*,*,*,証人,ショウニン,ショーニン
です	助動詞,*,*,*,特殊・デス,基本形,です,デス,デス
」	記号,括弧閉,*,*,*,*,」,」,」
。	記号,句点,*,*,*,*,。,。,。
そして	接続詞,*,*,*,*,*,そして,ソシテ,ソシテ
サムエル	名詞,一般,*,*,*,*,*
は	助詞,係助詞,*,*,*,*,は,ハ,ワ
さらに	副詞,助詞類接続,*,*,*,*,さらに,サラニ,サラニ
民	名詞,一般,*,*,*,*,民,ミン,ミン
に	助詞,格助詞,一般,*,*,*,に,ニ,ニ
言っ	動詞,自立,*,*,五段・ワ行促音便,連用タ接続,言う,イッ,イッ
た	助動詞,*,*,*,特殊・タ,基本形,た,タ,タ
，	記号,読点,*,*,*,*,，,，,，
「	記号,括弧開,*,*,*,*,「,「,「
モー	名詞,固有名詞,人名,姓,*,*,モー,モー,モー
セ	名詞,一般,*,*,*,*,セ,セ,セ
と	助詞,並立助詞,*,*,*,*,と,ト,ト
アロン	名詞,一般,*,*,*,*,アロン,アロン,アロン
を	助詞,格助詞,一般,*,*,*,を,ヲ,ヲ
用い	動詞,自立,*,*,一段,連用形,用いる,モチイ,モチイ
，	記号,読点,*,*,*,*,，,，,，
あなた	名詞,代名詞,一般,*,*,*,あなた,アナタ,アナタ
方	名詞,接尾,一般,*,*,*,方,カタ,カタ
の	助詞,連体化,*,*,*,*,の,ノ,ノ
父祖	名詞,一般,*,*,*,*,父祖,フソ,フソ
たち	名詞,接尾,一般,*,*,*,たち,タチ,タチ
を	助詞,格助詞,一般,*,*,*,を,ヲ,ヲ
エジプト	名詞,固有名詞,地域,国,*,*,エジプト,エジプト,エジプト
の	助詞,連体化,*,*,*,*,の,ノ,ノ
地	名詞,一般,*,*,*,*,地,チ,チ
から	助詞,格助詞,一般,*,*,*,から,カラ,カラ
連れ	動詞,自立,*,*,一段,連用形,連れる,ツレ,ツレ
上ら	動詞,自立,*,*,五段・ラ行,未然形,上る,ノボラ,ノボラ
れ	動詞,接尾,*,*,一段,連用形,れる,レ,レ
た	助動詞,*,*,*,特殊・タ,基本形,た,タ,タ
エホバ	名詞,一般,*,*,*,*,エホバ,エホバ,エホバ
が	助詞,格助詞,一般,*,*,*,が,ガ,ガ
[	名詞,サ変接続,*,*,*,*,*
証人	名詞,一般,*,*,*,*,証人,ショウニン,ショーニン
です	助動詞,*,*,*,特殊・デス,基本形,です,デス,デス
]。	名詞,サ変接続,*,*,*,*,*
それ	名詞,代名詞,一般,*,*,*,それ,ソレ,ソレ
で	助詞,格助詞,一般,*,*,*,で,デ,デ
今	名詞,副詞可能,*,*,*,*,今,イマ,イマ
，	記号,読点,*,*,*,*,，,，,，
立ち	動詞,自立,*,*,五段・タ行,連用形,立つ,タチ,タチ
なさい	動詞,非自立,*,*,五段・ラ行特殊,命令ｉ,なさる,ナサイ,ナサイ
。	記号,句点,*,*,*,*,。,。,。
わたし	名詞,代名詞,一般,*,*,*,わたし,ワタシ,ワタシ
は	助詞,係助詞,*,*,*,*,は,ハ,ワ
エホバ	名詞,一般,*,*,*,*,エホバ,エホバ,エホバ
のみ	助詞,副助詞,*,*,*,*,のみ,ノミ,ノミ
前	名詞,副詞可能,*,*,*,*,前,マエ,マエ
で	助詞,格助詞,一般,*,*,*,で,デ,デ
あなた	名詞,代名詞,一般,*,*,*,あなた,アナタ,アナタ
方	名詞,接尾,一般,*,*,*,方,カタ,カタ
を	助詞,格助詞,一般,*,*,*,を,ヲ,ヲ
裁き	動詞,自立,*,*,五段・カ行イ音便,連用形,裁く,サバキ,サバキ
，	記号,読点,*,*,*,*,，,，,，
エホバ	名詞,一般,*,*,*,*,エホバ,エホバ,エホバ
が	助詞,格助詞,一般,*,*,*,が,ガ,ガ
あなた	名詞,代名詞,一般,*,*,*,あなた,アナタ,アナタ
方	名詞,接尾,一般,*,*,*,方,カタ,カタ
と	助詞,並立助詞,*,*,*,*,と,ト,ト
あなた	名詞,代名詞,一般,*,*,*,あなた,アナタ,アナタ
方	名詞,接尾,一般,*,*,*,方,カタ,カタ
の	助詞,連体化,*,*,*,*,の,ノ,ノ
父祖	名詞,一般,*,*,*,*,父祖,フソ,フソ
たち	名詞,接尾,一般,*,*,*,たち,タチ,タチ
と	助詞,並立助詞,*,*,*,*,と,ト,ト
に	助詞,格助詞,一般,*,*,*,に,ニ,ニ
行なわ	動詞,自立,*,*,五段・ワ行促音便,未然形,行なう,オコナワ,オコナワ
れ	動詞,接尾,*,*,一段,連用形,れる,レ,レ
た	助動詞,*,*,*,特殊・タ,基本形,た,タ,タ
その	連体詞,*,*,*,*,*,その,ソノ,ソノ
すべて	名詞,副詞可能,*,*,*,*,すべて,スベテ,スベテ
の	助詞,連体化,*,*,*,*,の,ノ,ノ
義	名詞,一般,*,*,*,*,義,ギ,ギ
の	助詞,連体化,*,*,*,*,の,ノ,ノ
働き	名詞,一般,*,*,*,*,働き,ハタラキ,ハタラキ
を	助詞,格助詞,一般,*,*,*,を,ヲ,ヲ
[	名詞,サ変接続,*,*,*,*,*
詳しく	形容詞,自立,*,*,形容詞・イ段,連用テ接続,詳しい,クワシク,クワシク
話し	動詞,自立,*,*,五段・サ行,連用形,話す,ハナシ,ハナシ
]	名詞,サ変接続,*,*,*,*,*
ましょ	助動詞,*,*,*,特殊・マス,未然ウ接続,ます,マショ,マショ
う	助動詞,*,*,*,不変化型,基本形,う,ウ,ウ
。	記号,句点,*,*,*,*,。,。,。
「	記号,括弧開,*,*,*,*,「,「,「
ヤコブ	名詞,一般,*,*,*,*,*
が	助詞,格助詞,一般,*,*,*,が,ガ,ガ
エジプト	名詞,固有名詞,地域,国,*,*,エジプト,エジプト,エジプト
に	助詞,格助詞,一般,*,*,*,に,ニ,ニ
入り	動詞,自立,*,*,五段・ラ行,連用形,入る,ハイリ,ハイリ
，	記号,読点,*,*,*,*,，,，,，
あなた	名詞,代名詞,一般,*,*,*,あなた,アナタ,アナタ
方	名詞,接尾,一般,*,*,*,方,カタ,カタ
の	助詞,連体化,*,*,*,*,の,ノ,ノ
父祖	名詞,一般,*,*,*,*,父祖,フソ,フソ
たち	名詞,接尾,一般,*,*,*,たち,タチ,タチ
が	助詞,格助詞,一般,*,*,*,が,ガ,ガ
エホバ	名詞,一般,*,*,*,*,エホバ,エホバ,エホバ
に	助詞,格助詞,一般,*,*,*,に,ニ,ニ
援助	名詞,サ変接続,*,*,*,*,援助,エンジョ,エンジョ
を	助詞,格助詞,一般,*,*,*,を,ヲ,ヲ
呼び	動詞,自立,*,*,五段・バ行,連用形,呼ぶ,ヨビ,ヨビ
求める	動詞,自立,*,*,一段,基本形,求める,モトメル,モトメル
よう	名詞,非自立,助動詞語幹,*,*,*,よう,ヨウ,ヨー
に	助詞,格助詞,一般,*,*,*,に,ニ,ニ
なる	動詞,自立,*,*,五段・ラ行,基本形,なる,ナル,ナル
と	助詞,接続助詞,*,*,*,*,と,ト,ト
，	記号,読点,*,*,*,*,，,，,，
エホバ	名詞,一般,*,*,*,*,エホバ,エホバ,エホバ
は	助詞,係助詞,*,*,*,*,は,ハ,ワ
モー	名詞,固有名詞,人名,姓,*,*,モー,モー,モー
セ	名詞,一般,*,*,*,*,セ,セ,セ
と	助詞,並立助詞,*,*,*,*,と,ト,ト
アロン	名詞,一般,*,*,*,*,アロン,アロン,アロン
を	助詞,格助詞,一般,*,*,*,を,ヲ,ヲ
遣わさ	動詞,自立,*,*,五段・サ行,未然形,遣わす,ツカワサ,ツカワサ
れ	動詞,接尾,*,*,一段,連用形,れる,レ,レ
，	記号,読点,*,*,*,*,，,，,，
彼ら	名詞,代名詞,一般,*,*,*,彼ら,カレラ,カレラ
は	助詞,係助詞,*,*,*,*,は,ハ,ワ
あなた	名詞,代名詞,一般,*,*,*,あなた,アナタ,アナタ
方	名詞,接尾,一般,*,*,*,方,カタ,カタ
の	助詞,連体化,*,*,*,*,の,ノ,ノ
父祖	名詞,一般,*,*,*,*,父祖,フソ,フソ
たち	名詞,接尾,一般,*,*,*,たち,タチ,タチ
を	助詞,格助詞,一般,*,*,*,を,ヲ,ヲ
エジプト	名詞,固有名詞,地域,国,*,*,エジプト,エジプト,エジプト
から	助詞,格助詞,一般,*,*,*,から,カラ,カラ
導き出し	動詞,自立,*,*,五段・サ行,連用形,導き出す,ミチビキダシ,ミチビキダシ
て	助詞,接続助詞,*,*,*,*,て,テ,テ
，	記号,読点,*,*,*,*,，,，,，
この	連体詞,*,*,*,*,*,この,コノ,コノ
場所	名詞,一般,*,*,*,*,場所,バショ,バショ
に	助詞,格助詞,一般,*,*,*,に,ニ,ニ
住まわ	動詞,自立,*,*,五段・ワ行促音便,未然形,住まう,スマワ,スマワ
せ	動詞,接尾,*,*,一段,連用形,せる,セ,セ
まし	助動詞,*,*,*,特殊・マス,連用形,ます,マシ,マシ
た	助動詞,*,*,*,特殊・タ,基本形,た,タ,タ
。	記号,句点,*,*,*,*,。,。,。
ところが	接続詞,*,*,*,*,*,ところが,トコロガ,トコロガ
，	記号,読点,*,*,*,*,，,，,，
彼ら	名詞,代名詞,一般,*,*,*,彼ら,カレラ,カレラ
は	助詞,係助詞,*,*,*,*,は,ハ,ワ
自分	名詞,一般,*,*,*,*,自分,ジブン,ジブン
たち	名詞,接尾,一般,*,*,*,たち,タチ,タチ
の	助詞,連体化,*,*,*,*,の,ノ,ノ
神	名詞,一般,*,*,*,*,神,カミ,カミ
エホバ	名詞,一般,*,*,*,*,エホバ,エホバ,エホバ
を	助詞,格助詞,一般,*,*,*,を,ヲ,ヲ
忘れる	動詞,自立,*,*,一段,基本形,忘れる,ワスレル,ワスレル
よう	名詞,非自立,助動詞語幹,*,*,*,よう,ヨウ,ヨー
に	助詞,格助詞,一般,*,*,*,に,ニ,ニ
なっ	動詞,自立,*,*,五段・ラ行,連用タ接続,なる,ナッ,ナッ
た	助動詞,*,*,*,特殊・タ,基本形,た,タ,タ
ので	助詞,接続助詞,*,*,*,*,ので,ノデ,ノデ
，	記号,読点,*,*,*,*,，,，,，
[	名詞,サ変接続,*,*,*,*,*
神	名詞,接尾,一般,*,*,*,神,シン,シン
]	名詞,サ変接続,*,*,*,*,*
は	助詞,係助詞,*,*,*,*,は,ハ,ワ
彼ら	名詞,代名詞,一般,*,*,*,彼ら,カレラ,カレラ
を	助詞,格助詞,一般,*,*,*,を,ヲ,ヲ
ハツォル	名詞,一般,*,*,*,*,*
の	助詞,連体化,*,*,*,*,の,ノ,ノ
軍	名詞,一般,*,*,*,*,軍,グン,グン
の	助詞,連体化,*,*,*,*,の,ノ,ノ
長	接頭詞,名詞接続,*,*,*,*,長,チョウ,チョー
シセラ	名詞,一般,*,*,*,*,*
の	助詞,連体化,*,*,*,*,の,ノ,ノ
手	名詞,一般,*,*,*,*,手,テ,テ
，	記号,読点,*,*,*,*,，,，,，
フィリスティア	名詞,一般,*,*,*,*,*
人	名詞,接尾,一般,*,*,*,人,ジン,ジン
の	助詞,連体化,*,*,*,*,の,ノ,ノ
手	名詞,一般,*,*,*,*,手,テ,テ
，	記号,読点,*,*,*,*,，,，,，
モアブ	名詞,一般,*,*,*,*,*
の	助詞,連体化,*,*,*,*,の,ノ,ノ
王	名詞,一般,*,*,*,*,王,オウ,オー
の	助詞,連体化,*,*,*,*,の,ノ,ノ
手	名詞,一般,*,*,*,*,手,テ,テ
に	助詞,格助詞,一般,*,*,*,に,ニ,ニ
売り渡し	動詞,自立,*,*,五段・サ行,連用形,売り渡す,ウリワタシ,ウリワタシ
，	記号,読点,*,*,*,*,，,，,，
それら	名詞,代名詞,一般,*,*,*,それら,ソレラ,ソレラ
の	助詞,連体化,*,*,*,*,の,ノ,ノ
者	名詞,非自立,一般,*,*,*,者,モノ,モノ
が	助詞,格助詞,一般,*,*,*,が,ガ,ガ
彼ら	名詞,代名詞,一般,*,*,*,彼ら,カレラ,カレラ
と	助詞,格助詞,一般,*,*,*,と,ト,ト
戦い	動詞,自立,*,*,五段・ワ行促音便,連用形,戦う,タタカイ,タタカイ
続け	動詞,非自立,*,*,一段,連用形,続ける,ツヅケ,ツズケ
まし	助動詞,*,*,*,特殊・マス,連用形,ます,マシ,マシ
た	助動詞,*,*,*,特殊・タ,基本形,た,タ,タ
。	記号,句点,*,*,*,*,。,。,。
そこで	接続詞,*,*,*,*,*,そこで,ソコデ,ソコデ
彼ら	名詞,代名詞,一般,*,*,*,彼ら,カレラ,カレラ
は	助詞,係助詞,*,*,*,*,は,ハ,ワ
エホバ	名詞,一般,*,*,*,*,エホバ,エホバ,エホバ
に	助詞,格助詞,一般,*,*,*,に,ニ,ニ
援助	名詞,サ変接続,*,*,*,*,援助,エンジョ,エンジョ
を	助詞,格助詞,一般,*,*,*,を,ヲ,ヲ
呼び	動詞,自立,*,*,五段・バ行,連用形,呼ぶ,ヨビ,ヨビ
求め	動詞,自立,*,*,一段,連用形,求める,モトメ,モトメ
て	助詞,接続助詞,*,*,*,*,て,テ,テ
，	記号,読点,*,*,*,*,，,，,，
こう	副詞,助詞類接続,*,*,*,*,こう,コウ,コー
言い	動詞,自立,*,*,五段・ワ行促音便,連用形,言う,イイ,イイ
だし	動詞,非自立,*,*,五段・サ行,連用形,だす,ダシ,ダシ
まし	助動詞,*,*,*,特殊・マス,連用形,ます,マシ,マシ
た	助動詞,*,*,*,特殊・タ,基本形,た,タ,タ
。	記号,句点,*,*,*,*,。,。,。
『	記号,括弧開,*,*,*,*,『,『,『
私	名詞,代名詞,一般,*,*,*,私,ワタシ,ワタシ
たち	名詞,接尾,一般,*,*,*,たち,タチ,タチ
は	助詞,係助詞,*,*,*,*,は,ハ,ワ
罪	名詞,一般,*,*,*,*,罪,ツミ,ツミ
を	助詞,格助詞,一般,*,*,*,を,ヲ,ヲ
おかし	動詞,自立,*,*,五段・サ行,連用形,おかす,オカシ,オカシ
まし	助動詞,*,*,*,特殊・マス,連用形,ます,マシ,マシ
た	助動詞,*,*,*,特殊・タ,基本形,た,タ,タ
。	記号,句点,*,*,*,*,。,。,。
私	名詞,代名詞,一般,*,*,*,私,ワタシ,ワタシ
たち	名詞,接尾,一般,*,*,*,たち,タチ,タチ
は	助詞,係助詞,*,*,*,*,は,ハ,ワ
エホバ	名詞,一般,*,*,*,*,エホバ,エホバ,エホバ
を	助詞,格助詞,一般,*,*,*,を,ヲ,ヲ
捨て	動詞,自立,*,*,一段,連用形,捨てる,ステ,ステ
て	助詞,接続助詞,*,*,*,*,て,テ,テ
，	記号,読点,*,*,*,*,，,，,，
バアル	名詞,一般,*,*,*,*,*
や	助詞,並立助詞,*,*,*,*,や,ヤ,ヤ
アシュトレテ	名詞,一般,*,*,*,*,*
の	助詞,連体化,*,*,*,*,の,ノ,ノ
像	名詞,一般,*,*,*,*,像,ゾウ,ゾー
に	助詞,格助詞,一般,*,*,*,に,ニ,ニ
仕え	動詞,自立,*,*,一段,連用形,仕える,ツカエ,ツカエ
た	助動詞,*,*,*,特殊・タ,基本形,た,タ,タ
から	助詞,接続助詞,*,*,*,*,から,カラ,カラ
です	助動詞,*,*,*,特殊・デス,基本形,です,デス,デス
。	記号,句点,*,*,*,*,。,。,。
今	名詞,副詞可能,*,*,*,*,今,イマ,イマ
，	記号,読点,*,*,*,*,，,，,，
私	名詞,代名詞,一般,*,*,*,私,ワタシ,ワタシ
たち	名詞,接尾,一般,*,*,*,たち,タチ,タチ
を	助詞,格助詞,一般,*,*,*,を,ヲ,ヲ
敵	名詞,一般,*,*,*,*,敵,テキ,テキ
の	助詞,連体化,*,*,*,*,の,ノ,ノ
手	名詞,一般,*,*,*,*,手,テ,テ
から	助詞,格助詞,一般,*,*,*,から,カラ,カラ
救い出し	動詞,自立,*,*,五段・サ行,連用形,救い出す,スクイダシ,スクイダシ
て	助詞,接続助詞,*,*,*,*,て,テ,テ
，	記号,読点,*,*,*,*,，,，,，
あなた	名詞,代名詞,一般,*,*,*,あなた,アナタ,アナタ
に	助詞,格助詞,一般,*,*,*,に,ニ,ニ
仕え	動詞,自立,*,*,一段,未然形,仕える,ツカエ,ツカエ
させ	動詞,接尾,*,*,一段,連用形,させる,サセ,サセ
て	助詞,接続助詞,*,*,*,*,て,テ,テ
ください	動詞,非自立,*,*,五段・ラ行特殊,命令ｉ,くださる,クダサイ,クダサイ
』	記号,括弧閉,*,*,*,*,』,』,』
。	記号,句点,*,*,*,*,。,。,。
そこで	接続詞,*,*,*,*,*,そこで,ソコデ,ソコデ
エホバ	名詞,一般,*,*,*,*,エホバ,エホバ,エホバ
は	助詞,係助詞,*,*,*,*,は,ハ,ワ
エルバアル	名詞,一般,*,*,*,*,*
と	助詞,並立助詞,*,*,*,*,と,ト,ト
ベダン	名詞,一般,*,*,*,*,*
と	助詞,並立助詞,*,*,*,*,と,ト,ト
エフタ	名詞,一般,*,*,*,*,*
と	助詞,並立助詞,*,*,*,*,と,ト,ト
サムエル	名詞,一般,*,*,*,*,*
を	助詞,格助詞,一般,*,*,*,を,ヲ,ヲ
遣わし	動詞,自立,*,*,五段・サ行,連用形,遣わす,ツカワシ,ツカワシ
，	記号,読点,*,*,*,*,，,，,，
あなた	名詞,代名詞,一般,*,*,*,あなた,アナタ,アナタ
方	名詞,接尾,一般,*,*,*,方,カタ,カタ
を	助詞,格助詞,一般,*,*,*,を,ヲ,ヲ
周囲	名詞,一般,*,*,*,*,周囲,シュウイ,シューイ
の	助詞,連体化,*,*,*,*,の,ノ,ノ
敵	名詞,一般,*,*,*,*,敵,テキ,テキ
の	助詞,連体化,*,*,*,*,の,ノ,ノ
手	名詞,一般,*,*,*,*,手,テ,テ
から	助詞,格助詞,一般,*,*,*,から,カラ,カラ
救い出し	動詞,自立,*,*,五段・サ行,連用形,救い出す,スクイダシ,スクイダシ
て	助詞,接続助詞,*,*,*,*,て,テ,テ
，	記号,読点,*,*,*,*,，,，,，
あなた	名詞,代名詞,一般,*,*,*,あなた,アナタ,アナタ
方	名詞,接尾,一般,*,*,*,方,カタ,カタ
が	助詞,格助詞,一般,*,*,*,が,ガ,ガ
安らか	名詞,形容動詞語幹,*,*,*,*,安らか,ヤスラカ,ヤスラカ
に	助詞,副詞化,*,*,*,*,に,ニ,ニ
住める	動詞,自立,*,*,一段,基本形,住める,スメル,スメル
よう	名詞,非自立,助動詞語幹,*,*,*,よう,ヨウ,ヨー
に	助詞,格助詞,一般,*,*,*,に,ニ,ニ
し	動詞,自立,*,*,サ変・スル,連用形,する,シ,シ
て	助詞,接続助詞,*,*,*,*,て,テ,テ
くださっ	動詞,非自立,*,*,五段・ラ行特殊,連用タ接続,くださる,クダサッ,クダサッ
た	助動詞,*,*,*,特殊・タ,基本形,た,タ,タ
の	名詞,非自立,一般,*,*,*,の,ノ,ノ
です	助動詞,*,*,*,特殊・デス,基本形,です,デス,デス
。	記号,句点,*,*,*,*,。,。,。
あなた	名詞,代名詞,一般,*,*,*,あなた,アナタ,アナタ
方	名詞,接尾,一般,*,*,*,方,カタ,カタ
は	助詞,係助詞,*,*,*,*,は,ハ,ワ
アンモン	名詞,一般,*,*,*,*,*
の	助詞,連体化,*,*,*,*,の,ノ,ノ
子	名詞,一般,*,*,*,*,子,コ,コ
ら	名詞,接尾,一般,*,*,*,ら,ラ,ラ
の	助詞,連体化,*,*,*,*,の,ノ,ノ
王	名詞,一般,*,*,*,*,王,オウ,オー
ナハシュ	名詞,一般,*,*,*,*,*
が	助詞,格助詞,一般,*,*,*,が,ガ,ガ
あなた	名詞,代名詞,一般,*,*,*,あなた,アナタ,アナタ
方	名詞,接尾,一般,*,*,*,方,カタ,カタ
に	助詞,格助詞,一般,*,*,*,に,ニ,ニ
攻め	動詞,自立,*,*,一段,連用形,攻める,セメ,セメ
て	助詞,接続助詞,*,*,*,*,て,テ,テ
来る	動詞,非自立,*,*,カ変・来ル,基本形,来る,クル,クル
の	名詞,非自立,一般,*,*,*,の,ノ,ノ
を	助詞,格助詞,一般,*,*,*,を,ヲ,ヲ
見る	動詞,自立,*,*,一段,基本形,見る,ミル,ミル
と	助詞,接続助詞,*,*,*,*,と,ト,ト
，	記号,読点,*,*,*,*,，,，,，
『	記号,括弧開,*,*,*,*,『,『,『
いや	接続詞,*,*,*,*,*,いや,イヤ,イヤ
，	記号,読点,*,*,*,*,，,，,，
王	名詞,固有名詞,人名,姓,*,*,王,オウ,オー
が	助詞,格助詞,一般,*,*,*,が,ガ,ガ
わたし	名詞,代名詞,一般,*,*,*,わたし,ワタシ,ワタシ
たち	名詞,接尾,一般,*,*,*,たち,タチ,タチ
を	助詞,格助詞,一般,*,*,*,を,ヲ,ヲ
治める	動詞,自立,*,*,一段,基本形,治める,オサメル,オサメル
べき	助動詞,*,*,*,文語・ベシ,体言接続,べし,ベキ,ベキ
だ	助動詞,*,*,*,特殊・ダ,基本形,だ,ダ,ダ
！	記号,一般,*,*,*,*,！,！,！
』	記号,括弧閉,*,*,*,*,』,』,』
と	助詞,格助詞,引用,*,*,*,と,ト,ト
，	記号,読点,*,*,*,*,，,，,，
わたし	名詞,代名詞,一般,*,*,*,わたし,ワタシ,ワタシ
に	助詞,格助詞,一般,*,*,*,に,ニ,ニ
言い	動詞,自立,*,*,五段・ワ行促音便,連用形,言う,イイ,イイ
続け	動詞,非自立,*,*,一段,連用形,続ける,ツヅケ,ツズケ
まし	助動詞,*,*,*,特殊・マス,連用形,ます,マシ,マシ
た	助動詞,*,*,*,特殊・タ,基本形,た,タ,タ
が	助詞,接続助詞,*,*,*,*,が,ガ,ガ
，	記号,読点,*,*,*,*,，,，,，
その間	名詞,副詞可能,*,*,*,*,その間,ソノカン,ソノカン
ずっと	副詞,一般,*,*,*,*,ずっと,ズット,ズット
，	記号,読点,*,*,*,*,，,，,，
あなた	名詞,代名詞,一般,*,*,*,あなた,アナタ,アナタ
方	名詞,接尾,一般,*,*,*,方,カタ,カタ
の	助詞,連体化,*,*,*,*,の,ノ,ノ
神	名詞,一般,*,*,*,*,神,カミ,カミ
エホバ	名詞,一般,*,*,*,*,エホバ,エホバ,エホバ
が	助詞,格助詞,一般,*,*,*,が,ガ,ガ
あなた	名詞,代名詞,一般,*,*,*,あなた,アナタ,アナタ
方	名詞,接尾,一般,*,*,*,方,カタ,カタ
の	助詞,連体化,*,*,*,*,の,ノ,ノ
王	名詞,一般,*,*,*,*,王,オウ,オー
だっ	助動詞,*,*,*,特殊・ダ,連用タ接続,だ,ダッ,ダッ
た	助動詞,*,*,*,特殊・タ,基本形,た,タ,タ
の	名詞,非自立,一般,*,*,*,の,ノ,ノ
です	助動詞,*,*,*,特殊・デス,基本形,です,デス,デス
。	記号,句点,*,*,*,*,。,。,。
そして	接続詞,*,*,*,*,*,そして,ソシテ,ソシテ
今	名詞,副詞可能,*,*,*,*,今,イマ,イマ
，	記号,読点,*,*,*,*,，,，,，
見	動詞,自立,*,*,一段,連用形,見る,ミ,ミ
なさい	動詞,非自立,*,*,五段・ラ行特殊,命令ｉ,なさる,ナサイ,ナサイ
，	記号,読点,*,*,*,*,，,，,，
あなた	名詞,代名詞,一般,*,*,*,あなた,アナタ,アナタ
方	名詞,接尾,一般,*,*,*,方,カタ,カタ
が	助詞,格助詞,一般,*,*,*,が,ガ,ガ
選び	動詞,自立,*,*,五段・バ行,連用形,選ぶ,エラビ,エラビ
，	記号,読点,*,*,*,*,，,，,，
あなた	名詞,代名詞,一般,*,*,*,あなた,アナタ,アナタ
方	名詞,接尾,一般,*,*,*,方,カタ,カタ
が	助詞,格助詞,一般,*,*,*,が,ガ,ガ
求め	動詞,自立,*,*,一段,連用形,求める,モトメ,モトメ
た	助動詞,*,*,*,特殊・タ,基本形,た,タ,タ
王	名詞,固有名詞,人名,姓,*,*,王,オウ,オー
が	助詞,格助詞,一般,*,*,*,が,ガ,ガ
い	動詞,自立,*,*,一段,連用形,いる,イ,イ
ます	助動詞,*,*,*,特殊・マス,基本形,ます,マス,マス
。	記号,句点,*,*,*,*,。,。,。
見	動詞,自立,*,*,一段,連用形,見る,ミ,ミ
なさい	動詞,非自立,*,*,五段・ラ行特殊,命令ｉ,なさる,ナサイ,ナサイ
，	記号,読点,*,*,*,*,，,，,，
エホバ	名詞,一般,*,*,*,*,エホバ,エホバ,エホバ
は	助詞,係助詞,*,*,*,*,は,ハ,ワ
あなた	名詞,代名詞,一般,*,*,*,あなた,アナタ,アナタ
方	名詞,接尾,一般,*,*,*,方,カタ,カタ
の	助詞,連体化,*,*,*,*,の,ノ,ノ
上	名詞,非自立,副詞可能,*,*,*,上,ウエ,ウエ
に	助詞,格助詞,一般,*,*,*,に,ニ,ニ
王	名詞,一般,*,*,*,*,王,オウ,オー
を	助詞,格助詞,一般,*,*,*,を,ヲ,ヲ
置か	動詞,自立,*,*,五段・カ行イ音便,未然形,置く,オカ,オカ
れ	動詞,接尾,*,*,一段,連用形,れる,レ,レ
まし	助動詞,*,*,*,特殊・マス,連用形,ます,マシ,マシ
た	助動詞,*,*,*,特殊・タ,基本形,た,タ,タ
。	記号,句点,*,*,*,*,。,。,。
もし	副詞,一般,*,*,*,*,もし,モシ,モシ
あなた	名詞,代名詞,一般,*,*,*,あなた,アナタ,アナタ
方	名詞,接尾,一般,*,*,*,方,カタ,カタ
が	助詞,格助詞,一般,*,*,*,が,ガ,ガ
エホバ	名詞,一般,*,*,*,*,エホバ,エホバ,エホバ
を	助詞,格助詞,一般,*,*,*,を,ヲ,ヲ
恐れ	動詞,自立,*,*,一段,連用形,恐れる,オソレ,オソレ
，	記号,読点,*,*,*,*,，,，,，
実際	副詞,助詞類接続,*,*,*,*,実際,ジッサイ,ジッサイ
この	連体詞,*,*,*,*,*,この,コノ,コノ
方	名詞,非自立,一般,*,*,*,方,ホウ,ホー
に	助詞,格助詞,一般,*,*,*,に,ニ,ニ
仕え	動詞,自立,*,*,一段,連用形,仕える,ツカエ,ツカエ
て	助詞,接続助詞,*,*,*,*,て,テ,テ
その	連体詞,*,*,*,*,*,その,ソノ,ソノ
声	名詞,一般,*,*,*,*,声,コエ,コエ
に従い	助詞,格助詞,連語,*,*,*,に従い,ニシタガイ,ニシタガイ
，	記号,読点,*,*,*,*,，,，,，
エホバ	名詞,一般,*,*,*,*,エホバ,エホバ,エホバ
の	助詞,連体化,*,*,*,*,の,ノ,ノ
命令	名詞,サ変接続,*,*,*,*,命令,メイレイ,メイレイ
に	助詞,格助詞,一般,*,*,*,に,ニ,ニ
背か	動詞,自立,*,*,五段・カ行イ音便,未然形,背く,ソムカ,ソムカ
ない	助動詞,*,*,*,特殊・ナイ,基本形,ない,ナイ,ナイ
なら	助動詞,*,*,*,特殊・ダ,仮定形,だ,ナラ,ナラ
，	記号,読点,*,*,*,*,，,，,，
あなた	名詞,代名詞,一般,*,*,*,あなた,アナタ,アナタ
方	名詞,接尾,一般,*,*,*,方,カタ,カタ
も	助詞,係助詞,*,*,*,*,も,モ,モ
，	記号,読点,*,*,*,*,，,，,，
また	接続詞,*,*,*,*,*,また,マタ,マタ
あなた	名詞,代名詞,一般,*,*,*,あなた,アナタ,アナタ
方	名詞,接尾,一般,*,*,*,方,カタ,カタ
を	助詞,格助詞,一般,*,*,*,を,ヲ,ヲ
治める	動詞,自立,*,*,一段,基本形,治める,オサメル,オサメル
こと	名詞,非自立,一般,*,*,*,こと,コト,コト
に	助詞,格助詞,一般,*,*,*,に,ニ,ニ
なっ	動詞,自立,*,*,五段・ラ行,連用タ接続,なる,ナッ,ナッ
て	助詞,接続助詞,*,*,*,*,て,テ,テ
いる	動詞,非自立,*,*,一段,基本形,いる,イル,イル
王	名詞,一般,*,*,*,*,王,オウ,オー
も	助詞,係助詞,*,*,*,*,も,モ,モ
必ず	副詞,助詞類接続,*,*,*,*,必ず,カナラズ,カナラズ
，	記号,読点,*,*,*,*,，,，,，
あなた	名詞,代名詞,一般,*,*,*,あなた,アナタ,アナタ
方	名詞,接尾,一般,*,*,*,方,カタ,カタ
の	助詞,連体化,*,*,*,*,の,ノ,ノ
神	名詞,一般,*,*,*,*,神,カミ,カミ
エホバ	名詞,一般,*,*,*,*,エホバ,エホバ,エホバ
に	助詞,格助詞,一般,*,*,*,に,ニ,ニ
従う	動詞,自立,*,*,五段・ワ行促音便,基本形,従う,シタガウ,シタガウ
者	名詞,非自立,一般,*,*,*,者,モノ,モノ
と	助詞,格助詞,一般,*,*,*,と,ト,ト
なる	動詞,自立,*,*,五段・ラ行,基本形,なる,ナル,ナル
でしょ	助動詞,*,*,*,特殊・デス,未然形,です,デショ,デショ
う	助動詞,*,*,*,不変化型,基本形,う,ウ,ウ
。	記号,句点,*,*,*,*,。,。,。
しかし	接続詞,*,*,*,*,*,しかし,シカシ,シカシ
，	記号,読点,*,*,*,*,，,，,，
もし	副詞,一般,*,*,*,*,もし,モシ,モシ
あなた	名詞,代名詞,一般,*,*,*,あなた,アナタ,アナタ
方	名詞,接尾,一般,*,*,*,方,カタ,カタ
が	助詞,格助詞,一般,*,*,*,が,ガ,ガ
エホバ	名詞,一般,*,*,*,*,エホバ,エホバ,エホバ
の	助詞,連体化,*,*,*,*,の,ノ,ノ
声	名詞,一般,*,*,*,*,声,コエ,コエ
に	助詞,格助詞,一般,*,*,*,に,ニ,ニ
従わ	動詞,自立,*,*,五段・ワ行促音便,未然形,従う,シタガワ,シタガワ
ず	助動詞,*,*,*,特殊・ヌ,連用ニ接続,ぬ,ズ,ズ
，	記号,読点,*,*,*,*,，,，,，
実際	副詞,助詞類接続,*,*,*,*,実際,ジッサイ,ジッサイ
，	記号,読点,*,*,*,*,，,，,，
エホバ	名詞,一般,*,*,*,*,エホバ,エホバ,エホバ
の	助詞,連体化,*,*,*,*,の,ノ,ノ
命令	名詞,サ変接続,*,*,*,*,命令,メイレイ,メイレイ
に	助詞,格助詞,一般,*,*,*,に,ニ,ニ
背く	動詞,自立,*,*,五段・カ行イ音便,基本形,背く,ソムク,ソムク
なら	助動詞,*,*,*,特殊・ダ,仮定形,だ,ナラ,ナラ
ば	助詞,接続助詞,*,*,*,*,ば,バ,バ
，	記号,読点,*,*,*,*,，,，,，
エホバ	名詞,一般,*,*,*,*,エホバ,エホバ,エホバ
の	助詞,連体化,*,*,*,*,の,ノ,ノ
手	名詞,一般,*,*,*,*,手,テ,テ
は	助詞,係助詞,*,*,*,*,は,ハ,ワ
必ず	副詞,助詞類接続,*,*,*,*,必ず,カナラズ,カナラズ
あなた	名詞,代名詞,一般,*,*,*,あなた,アナタ,アナタ
方	名詞,接尾,一般,*,*,*,方,カタ,カタ
と	助詞,並立助詞,*,*,*,*,と,ト,ト
あなた	名詞,代名詞,一般,*,*,*,あなた,アナタ,アナタ
方	名詞,接尾,一般,*,*,*,方,カタ,カタ
の	助詞,連体化,*,*,*,*,の,ノ,ノ
父	名詞,一般,*,*,*,*,父,チチ,チチ
たち	名詞,接尾,一般,*,*,*,たち,タチ,タチ
に	助詞,格助詞,一般,*,*,*,に,ニ,ニ
向かう	動詞,自立,*,*,五段・ワ行促音便,基本形,向かう,ムカウ,ムカウ
よう	名詞,非自立,助動詞語幹,*,*,*,よう,ヨウ,ヨー
に	助詞,格助詞,一般,*,*,*,に,ニ,ニ
なり	動詞,自立,*,*,五段・ラ行,連用形,なる,ナリ,ナリ
ます	助動詞,*,*,*,特殊・マス,基本形,ます,マス,マス
。	記号,句点,*,*,*,*,。,。,。
今	名詞,副詞可能,*,*,*,*,今,イマ,イマ
，	記号,読点,*,*,*,*,，,，,，
また	接続詞,*,*,*,*,*,また,マタ,マタ
，	記号,読点,*,*,*,*,，,，,，
立っ	動詞,自立,*,*,五段・タ行,連用タ接続,立つ,タッ,タッ
て	助詞,接続助詞,*,*,*,*,て,テ,テ
，	記号,読点,*,*,*,*,，,，,，
エホバ	名詞,一般,*,*,*,*,エホバ,エホバ,エホバ
が	助詞,格助詞,一般,*,*,*,が,ガ,ガ
あなた	名詞,代名詞,一般,*,*,*,あなた,アナタ,アナタ
方	名詞,接尾,一般,*,*,*,方,カタ,カタ
の	助詞,連体化,*,*,*,*,の,ノ,ノ
目	名詞,一般,*,*,*,*,目,メ,メ
の	助詞,連体化,*,*,*,*,の,ノ,ノ
前	名詞,副詞可能,*,*,*,*,前,マエ,マエ
で	助詞,格助詞,一般,*,*,*,で,デ,デ
行なわ	動詞,自立,*,*,五段・ワ行促音便,未然形,行なう,オコナワ,オコナワ
れる	動詞,接尾,*,*,一段,基本形,れる,レル,レル
この	連体詞,*,*,*,*,*,この,コノ,コノ
大いなる	連体詞,*,*,*,*,*,大いなる,オオイナル,オーイナル
事	名詞,非自立,一般,*,*,*,事,コト,コト
を	助詞,格助詞,一般,*,*,*,を,ヲ,ヲ
見	動詞,自立,*,*,一段,連用形,見る,ミ,ミ
なさい	動詞,非自立,*,*,五段・ラ行特殊,命令ｉ,なさる,ナサイ,ナサイ
。	記号,句点,*,*,*,*,。,。,。
今日	名詞,副詞可能,*,*,*,*,今日,キョウ,キョー
は	助詞,係助詞,*,*,*,*,は,ハ,ワ
小麦	名詞,一般,*,*,*,*,小麦,コムギ,コムギ
の	助詞,連体化,*,*,*,*,の,ノ,ノ
収穫	名詞,サ変接続,*,*,*,*,収穫,シュウカク,シューカク
の	助詞,連体化,*,*,*,*,の,ノ,ノ
時	名詞,非自立,副詞可能,*,*,*,時,トキ,トキ
で	助詞,格助詞,一般,*,*,*,で,デ,デ
は	助詞,係助詞,*,*,*,*,は,ハ,ワ
あり	動詞,自立,*,*,五段・ラ行,連用形,ある,アリ,アリ
ませ	助動詞,*,*,*,特殊・マス,未然形,ます,マセ,マセ
ん	助動詞,*,*,*,不変化型,基本形,ん,ン,ン
か	助詞,副助詞／並立助詞／終助詞,*,*,*,*,か,カ,カ
。	記号,句点,*,*,*,*,。,。,。
わたし	名詞,代名詞,一般,*,*,*,わたし,ワタシ,ワタシ
が	助詞,格助詞,一般,*,*,*,が,ガ,ガ
エホバ	名詞,一般,*,*,*,*,エホバ,エホバ,エホバ
に	助詞,格助詞,一般,*,*,*,に,ニ,ニ
呼び	動詞,自立,*,*,五段・バ行,連用形,呼ぶ,ヨビ,ヨビ
求める	動詞,自立,*,*,一段,基本形,求める,モトメル,モトメル
と	助詞,接続助詞,*,*,*,*,と,ト,ト
，	記号,読点,*,*,*,*,，,，,，
雷	名詞,一般,*,*,*,*,雷,カミナリ,カミナリ
と	助詞,並立助詞,*,*,*,*,と,ト,ト
雨	名詞,一般,*,*,*,*,雨,アメ,アメ
と	助詞,並立助詞,*,*,*,*,と,ト,ト
を	助詞,格助詞,一般,*,*,*,を,ヲ,ヲ
お	接頭詞,名詞接続,*,*,*,*,お,オ,オ
与え	動詞,自立,*,*,一段,連用形,与える,アタエ,アタエ
に	助詞,格助詞,一般,*,*,*,に,ニ,ニ
なり	動詞,自立,*,*,五段・ラ行,連用形,なる,ナリ,ナリ
ます	助動詞,*,*,*,特殊・マス,基本形,ます,マス,マス
。	記号,句点,*,*,*,*,。,。,。
その	連体詞,*,*,*,*,*,その,ソノ,ソノ
とき	名詞,非自立,副詞可能,*,*,*,とき,トキ,トキ
，	記号,読点,*,*,*,*,，,，,，
あなた	名詞,代名詞,一般,*,*,*,あなた,アナタ,アナタ
方	名詞,接尾,一般,*,*,*,方,カタ,カタ
は	助詞,係助詞,*,*,*,*,は,ハ,ワ
自分	名詞,一般,*,*,*,*,自分,ジブン,ジブン
たち	名詞,接尾,一般,*,*,*,たち,タチ,タチ
の	助詞,連体化,*,*,*,*,の,ノ,ノ
ため	名詞,非自立,副詞可能,*,*,*,ため,タメ,タメ
に	助詞,格助詞,一般,*,*,*,に,ニ,ニ
王	名詞,一般,*,*,*,*,王,オウ,オー
を	助詞,格助詞,一般,*,*,*,を,ヲ,ヲ
求める	動詞,自立,*,*,一段,基本形,求める,モトメル,モトメル
こと	名詞,非自立,一般,*,*,*,こと,コト,コト
によって	助詞,格助詞,連語,*,*,*,によって,ニヨッテ,ニヨッテ
エホバ	名詞,一般,*,*,*,*,エホバ,エホバ,エホバ
の	助詞,連体化,*,*,*,*,の,ノ,ノ
目	名詞,一般,*,*,*,*,目,メ,メ
に	助詞,格助詞,一般,*,*,*,に,ニ,ニ
行なっ	動詞,自立,*,*,五段・ワ行促音便,連用タ接続,行なう,オコナッ,オコナッ
た	助動詞,*,*,*,特殊・タ,基本形,た,タ,タ
あなた	名詞,代名詞,一般,*,*,*,あなた,アナタ,アナタ
方	名詞,接尾,一般,*,*,*,方,カタ,カタ
の	助詞,連体化,*,*,*,*,の,ノ,ノ
悪	名詞,一般,*,*,*,*,悪,アク,アク
が	助詞,格助詞,一般,*,*,*,が,ガ,ガ
おびただしい	形容詞,自立,*,*,形容詞・イ段,基本形,おびただしい,オビタダシイ,オビタダシイ
もの	名詞,非自立,一般,*,*,*,もの,モノ,モノ
で	助動詞,*,*,*,特殊・ダ,連用形,だ,デ,デ
ある	助動詞,*,*,*,五段・ラ行アル,基本形,ある,アル,アル
こと	名詞,非自立,一般,*,*,*,こと,コト,コト
を	助詞,格助詞,一般,*,*,*,を,ヲ,ヲ
知り	動詞,自立,*,*,五段・ラ行,連用形,知る,シリ,シリ
，	記号,読点,*,*,*,*,，,，,，
わきまえ	動詞,自立,*,*,一段,連用形,わきまえる,ワキマエ,ワキマエ
なさい	動詞,非自立,*,*,五段・ラ行特殊,命令ｉ,なさる,ナサイ,ナサイ
」	記号,括弧閉,*,*,*,*,」,」,」
。	記号,句点,*,*,*,*,。,。,。
そこで	接続詞,*,*,*,*,*,そこで,ソコデ,ソコデ
サムエル	名詞,一般,*,*,*,*,*
が	助詞,格助詞,一般,*,*,*,が,ガ,ガ
エホバ	名詞,一般,*,*,*,*,エホバ,エホバ,エホバ
に	助詞,格助詞,一般,*,*,*,に,ニ,ニ
呼び	動詞,自立,*,*,五段・バ行,連用形,呼ぶ,ヨビ,ヨビ
求める	動詞,自立,*,*,一段,基本形,求める,モトメル,モトメル
と	助詞,接続助詞,*,*,*,*,と,ト,ト
，	記号,読点,*,*,*,*,，,，,，
エホバ	名詞,一般,*,*,*,*,エホバ,エホバ,エホバ
は	助詞,係助詞,*,*,*,*,は,ハ,ワ
その	連体詞,*,*,*,*,*,その,ソノ,ソノ
日	名詞,非自立,副詞可能,*,*,*,日,ヒ,ヒ
，	記号,読点,*,*,*,*,，,，,，
雷	名詞,一般,*,*,*,*,雷,カミナリ,カミナリ
と	助詞,並立助詞,*,*,*,*,と,ト,ト
雨	名詞,一般,*,*,*,*,雨,アメ,アメ
と	助詞,並立助詞,*,*,*,*,と,ト,ト
を	助詞,格助詞,一般,*,*,*,を,ヲ,ヲ
お	接頭詞,名詞接続,*,*,*,*,お,オ,オ
与え	動詞,自立,*,*,一段,連用形,与える,アタエ,アタエ
に	助詞,格助詞,一般,*,*,*,に,ニ,ニ
なっ	動詞,自立,*,*,五段・ラ行,連用タ接続,なる,ナッ,ナッ
た	助動詞,*,*,*,特殊・タ,基本形,た,タ,タ
。	記号,句点,*,*,*,*,。,。,。
それで	接続詞,*,*,*,*,*,それで,ソレデ,ソレデ
民	名詞,一般,*,*,*,*,民,ミン,ミン
は	助詞,係助詞,*,*,*,*,は,ハ,ワ
皆	名詞,代名詞,一般,*,*,*,皆,ミナ,ミナ
，	記号,読点,*,*,*,*,，,，,，
エホバ	名詞,一般,*,*,*,*,エホバ,エホバ,エホバ
と	助詞,並立助詞,*,*,*,*,と,ト,ト
サムエル	名詞,一般,*,*,*,*,*
と	助詞,並立助詞,*,*,*,*,と,ト,ト
を	助詞,格助詞,一般,*,*,*,を,ヲ,ヲ
大いに	副詞,一般,*,*,*,*,大いに,オオイニ,オーイニ
恐れ	動詞,自立,*,*,一段,連用形,恐れる,オソレ,オソレ
た	助動詞,*,*,*,特殊・タ,基本形,た,タ,タ
。	記号,句点,*,*,*,*,。,。,。
そして	接続詞,*,*,*,*,*,そして,ソシテ,ソシテ
民	名詞,一般,*,*,*,*,民,ミン,ミン
は	助詞,係助詞,*,*,*,*,は,ハ,ワ
皆	名詞,代名詞,一般,*,*,*,皆,ミナ,ミナ
，	記号,読点,*,*,*,*,，,，,，
サムエル	名詞,一般,*,*,*,*,*
に	助詞,格助詞,一般,*,*,*,に,ニ,ニ
こう	副詞,助詞類接続,*,*,*,*,こう,コウ,コー
言い	動詞,自立,*,*,五段・ワ行促音便,連用形,言う,イイ,イイ
だし	動詞,非自立,*,*,五段・サ行,連用形,だす,ダシ,ダシ
た	助動詞,*,*,*,特殊・タ,基本形,た,タ,タ
。	記号,句点,*,*,*,*,。,。,。
「	記号,括弧開,*,*,*,*,「,「,「
この	連体詞,*,*,*,*,*,この,コノ,コノ
僕	名詞,代名詞,一般,*,*,*,僕,ボク,ボク
ども	名詞,接尾,一般,*,*,*,ども,ドモ,ドモ
の	助詞,連体化,*,*,*,*,の,ノ,ノ
ため	名詞,非自立,副詞可能,*,*,*,ため,タメ,タメ
に	助詞,格助詞,一般,*,*,*,に,ニ,ニ
あなた	名詞,代名詞,一般,*,*,*,あなた,アナタ,アナタ
の	助詞,連体化,*,*,*,*,の,ノ,ノ
神	名詞,一般,*,*,*,*,神,カミ,カミ
エホバ	名詞,一般,*,*,*,*,エホバ,エホバ,エホバ
に	助詞,格助詞,一般,*,*,*,に,ニ,ニ
祈っ	動詞,自立,*,*,五段・ラ行,連用タ接続,祈る,イノッ,イノッ
て	助詞,接続助詞,*,*,*,*,て,テ,テ
ください	動詞,非自立,*,*,五段・ラ行特殊,命令ｉ,くださる,クダサイ,クダサイ
。	記号,句点,*,*,*,*,。,。,。
私	名詞,代名詞,一般,*,*,*,私,ワタシ,ワタシ
たち	名詞,接尾,一般,*,*,*,たち,タチ,タチ
は	助詞,係助詞,*,*,*,*,は,ハ,ワ
死に	動詞,自立,*,*,五段・ナ行,連用形,死ぬ,シニ,シニ
たく	助動詞,*,*,*,特殊・タイ,連用テ接続,たい,タク,タク
ない	助動詞,*,*,*,特殊・ナイ,基本形,ない,ナイ,ナイ
から	助詞,接続助詞,*,*,*,*,から,カラ,カラ
です	助動詞,*,*,*,特殊・デス,基本形,です,デス,デス
。	記号,句点,*,*,*,*,。,。,。
私	名詞,代名詞,一般,*,*,*,私,ワタシ,ワタシ
たち	名詞,接尾,一般,*,*,*,たち,タチ,タチ
は	助詞,係助詞,*,*,*,*,は,ハ,ワ
自分	名詞,一般,*,*,*,*,自分,ジブン,ジブン
たち	名詞,接尾,一般,*,*,*,たち,タチ,タチ
の	助詞,連体化,*,*,*,*,の,ノ,ノ
ため	名詞,非自立,副詞可能,*,*,*,ため,タメ,タメ
に	助詞,格助詞,一般,*,*,*,に,ニ,ニ
王	名詞,一般,*,*,*,*,王,オウ,オー
を	助詞,格助詞,一般,*,*,*,を,ヲ,ヲ
求める	動詞,自立,*,*,一段,基本形,求める,モトメル,モトメル
こと	名詞,非自立,一般,*,*,*,こと,コト,コト
によって	助詞,格助詞,連語,*,*,*,によって,ニヨッテ,ニヨッテ
，	記号,読点,*,*,*,*,，,，,，
私	名詞,代名詞,一般,*,*,*,私,ワタシ,ワタシ
たち	名詞,接尾,一般,*,*,*,たち,タチ,タチ
の	助詞,連体化,*,*,*,*,の,ノ,ノ
あらゆる	連体詞,*,*,*,*,*,あらゆる,アラユル,アラユル
罪	名詞,一般,*,*,*,*,罪,ツミ,ツミ
の	助詞,連体化,*,*,*,*,の,ノ,ノ
上	名詞,非自立,副詞可能,*,*,*,上,ウエ,ウエ
に	助詞,格助詞,一般,*,*,*,に,ニ,ニ
悪	名詞,一般,*,*,*,*,悪,アク,アク
を	助詞,格助詞,一般,*,*,*,を,ヲ,ヲ
加え	動詞,自立,*,*,一段,連用形,加える,クワエ,クワエ
た	助動詞,*,*,*,特殊・タ,基本形,た,タ,タ
から	助詞,接続助詞,*,*,*,*,から,カラ,カラ
です	助動詞,*,*,*,特殊・デス,基本形,です,デス,デス
」	記号,括弧閉,*,*,*,*,」,」,」
。	記号,句点,*,*,*,*,。,。,。
それで	接続詞,*,*,*,*,*,それで,ソレデ,ソレデ
サムエル	名詞,一般,*,*,*,*,*
は	助詞,係助詞,*,*,*,*,は,ハ,ワ
民	名詞,一般,*,*,*,*,民,ミン,ミン
に	助詞,格助詞,一般,*,*,*,に,ニ,ニ
言っ	動詞,自立,*,*,五段・ワ行促音便,連用タ接続,言う,イッ,イッ
た	助動詞,*,*,*,特殊・タ,基本形,た,タ,タ
，	記号,読点,*,*,*,*,，,，,，
「	記号,括弧開,*,*,*,*,「,「,「
恐れ	動詞,自立,*,*,一段,連用形,恐れる,オソレ,オソレ
て	助詞,接続助詞,*,*,*,*,て,テ,テ
は	助詞,係助詞,*,*,*,*,は,ハ,ワ
なり	動詞,非自立,*,*,五段・ラ行,連用形,なる,ナリ,ナリ
ませ	助動詞,*,*,*,特殊・マス,未然形,ます,マセ,マセ
ん	助動詞,*,*,*,不変化型,基本形,ん,ン,ン
。	記号,句点,*,*,*,*,。,。,。
あなた	名詞,代名詞,一般,*,*,*,あなた,アナタ,アナタ
方	名詞,接尾,一般,*,*,*,方,カタ,カタ
は	助詞,係助詞,*,*,*,*,は,ハ,ワ
―	記号,一般,*,*,*,*,―,―,―
この	連体詞,*,*,*,*,*,この,コノ,コノ
すべて	名詞,副詞可能,*,*,*,*,すべて,スベテ,スベテ
の	助詞,連体化,*,*,*,*,の,ノ,ノ
悪	名詞,一般,*,*,*,*,悪,アク,アク
を	助詞,格助詞,一般,*,*,*,を,ヲ,ヲ
行ない	動詞,自立,*,*,五段・ワ行促音便,連用形,行なう,オコナイ,オコナイ
まし	助動詞,*,*,*,特殊・マス,連用形,ます,マシ,マシ
た	助動詞,*,*,*,特殊・タ,基本形,た,タ,タ
。	記号,句点,*,*,*,*,。,。,。
ただ	接続詞,*,*,*,*,*,ただ,タダ,タダ
，	記号,読点,*,*,*,*,，,，,，
エホバ	名詞,一般,*,*,*,*,エホバ,エホバ,エホバ
に	助詞,格助詞,一般,*,*,*,に,ニ,ニ
従う	動詞,自立,*,*,五段・ワ行促音便,基本形,従う,シタガウ,シタガウ
の	名詞,非自立,一般,*,*,*,の,ノ,ノ
を	助詞,格助詞,一般,*,*,*,を,ヲ,ヲ
やめ	動詞,自立,*,*,一段,連用形,やめる,ヤメ,ヤメ
て	助詞,接続助詞,*,*,*,*,て,テ,テ
は	助詞,係助詞,*,*,*,*,は,ハ,ワ
なり	動詞,非自立,*,*,五段・ラ行,連用形,なる,ナリ,ナリ
ませ	助動詞,*,*,*,特殊・マス,未然形,ます,マセ,マセ
ん	助動詞,*,*,*,不変化型,基本形,ん,ン,ン
。	記号,句点,*,*,*,*,。,。,。
あなた	名詞,代名詞,一般,*,*,*,あなた,アナタ,アナタ
方	名詞,接尾,一般,*,*,*,方,カタ,カタ
は	助詞,係助詞,*,*,*,*,は,ハ,ワ
心	名詞,一般,*,*,*,*,心,ココロ,ココロ
を	助詞,格助詞,一般,*,*,*,を,ヲ,ヲ
つくし	動詞,自立,*,*,五段・サ行,連用形,つくす,ツクシ,ツクシ
て	助詞,接続助詞,*,*,*,*,て,テ,テ
エホバ	名詞,一般,*,*,*,*,エホバ,エホバ,エホバ
に	助詞,格助詞,一般,*,*,*,に,ニ,ニ
仕え	動詞,自立,*,*,一段,未然形,仕える,ツカエ,ツカエ
なけれ	助動詞,*,*,*,特殊・ナイ,仮定形,ない,ナケレ,ナケレ
ば	助詞,接続助詞,*,*,*,*,ば,バ,バ
なり	動詞,非自立,*,*,五段・ラ行,連用形,なる,ナリ,ナリ
ませ	助動詞,*,*,*,特殊・マス,未然形,ます,マセ,マセ
ん	助動詞,*,*,*,不変化型,基本形,ん,ン,ン
。	記号,句点,*,*,*,*,。,。,。
また	接続詞,*,*,*,*,*,また,マタ,マタ
，	記号,読点,*,*,*,*,，,，,，
あなた	名詞,代名詞,一般,*,*,*,あなた,アナタ,アナタ
方	名詞,接尾,一般,*,*,*,方,カタ,カタ
は	助詞,係助詞,*,*,*,*,は,ハ,ワ
それ	動詞,自立,*,*,一段,連用形,それる,ソレ,ソレ
て	助詞,接続助詞,*,*,*,*,て,テ,テ
行っ	動詞,非自立,*,*,五段・カ行促音便,連用タ接続,行く,イッ,イッ
て	助詞,接続助詞,*,*,*,*,て,テ,テ
，	名詞,数,*,*,*,*,，,，,，
役	名詞,接尾,助数詞,*,*,*,役,ヤク,ヤク
に	助詞,格助詞,一般,*,*,*,に,ニ,ニ
も	助詞,係助詞,*,*,*,*,も,モ,モ
立た	動詞,自立,*,*,五段・タ行,未然形,立つ,タタ,タタ
ず	助動詞,*,*,*,特殊・ヌ,連用ニ接続,ぬ,ズ,ズ
，	記号,読点,*,*,*,*,，,，,，
救い出し	動詞,自立,*,*,五段・サ行,連用形,救い出す,スクイダシ,スクイダシ
も	助詞,係助詞,*,*,*,*,も,モ,モ
し	動詞,自立,*,*,サ変・スル,未然形,する,シ,シ
ない	助動詞,*,*,*,特殊・ナイ,基本形,ない,ナイ,ナイ
，	記号,読点,*,*,*,*,，,，,，
実在	名詞,サ変接続,*,*,*,*,実在,ジツザイ,ジツザイ
し	動詞,自立,*,*,サ変・スル,未然形,する,シ,シ
ない	助動詞,*,*,*,特殊・ナイ,基本形,ない,ナイ,ナイ
もの	名詞,非自立,一般,*,*,*,もの,モノ,モノ
に従って	助詞,格助詞,連語,*,*,*,に従って,ニシタガッテ,ニシタガッテ
は	助詞,係助詞,*,*,*,*,は,ハ,ワ
なり	動詞,非自立,*,*,五段・ラ行,連用形,なる,ナリ,ナリ
ませ	助動詞,*,*,*,特殊・マス,未然形,ます,マセ,マセ
ん	助動詞,*,*,*,不変化型,基本形,ん,ン,ン
。	記号,句点,*,*,*,*,。,。,。
それら	名詞,代名詞,一般,*,*,*,それら,ソレラ,ソレラ
は	助詞,係助詞,*,*,*,*,は,ハ,ワ
実在	名詞,サ変接続,*,*,*,*,実在,ジツザイ,ジツザイ
し	動詞,自立,*,*,サ変・スル,未然形,する,シ,シ
ない	助動詞,*,*,*,特殊・ナイ,基本形,ない,ナイ,ナイ
もの	名詞,非自立,一般,*,*,*,もの,モノ,モノ
だ	助動詞,*,*,*,特殊・ダ,基本形,だ,ダ,ダ
から	助詞,接続助詞,*,*,*,*,から,カラ,カラ
です	助動詞,*,*,*,特殊・デス,基本形,です,デス,デス
。	記号,句点,*,*,*,*,。,。,。
エホバ	名詞,一般,*,*,*,*,エホバ,エホバ,エホバ
は	助詞,係助詞,*,*,*,*,は,ハ,ワ
その	連体詞,*,*,*,*,*,その,ソノ,ソノ
偉大	名詞,形容動詞語幹,*,*,*,*,偉大,イダイ,イダイ
なみ	名詞,接尾,一般,*,*,*,なみ,ナミ,ナミ
名	名詞,接尾,一般,*,*,*,名,メイ,メイ
の	助詞,連体化,*,*,*,*,の,ノ,ノ
ため	名詞,非自立,副詞可能,*,*,*,ため,タメ,タメ
に	助詞,格助詞,一般,*,*,*,に,ニ,ニ
ご	接頭詞,名詞接続,*,*,*,*,ご,ゴ,ゴ
自分	名詞,一般,*,*,*,*,自分,ジブン,ジブン
の	助詞,連体化,*,*,*,*,の,ノ,ノ
民	名詞,一般,*,*,*,*,民,ミン,ミン
を	助詞,格助詞,一般,*,*,*,を,ヲ,ヲ
捨て去る	動詞,自立,*,*,五段・ラ行,基本形,捨て去る,ステサル,ステサル
こと	名詞,非自立,一般,*,*,*,こと,コト,コト
は	助詞,係助詞,*,*,*,*,は,ハ,ワ
さ	動詞,自立,*,*,サ変・スル,未然レル接続,する,サ,サ
れ	動詞,接尾,*,*,一段,未然形,れる,レ,レ
ない	助動詞,*,*,*,特殊・ナイ,基本形,ない,ナイ,ナイ
の	名詞,非自立,一般,*,*,*,の,ノ,ノ
です	助動詞,*,*,*,特殊・デス,基本形,です,デス,デス
。	記号,句点,*,*,*,*,。,。,。
エホバ	名詞,一般,*,*,*,*,エホバ,エホバ,エホバ
は	助詞,係助詞,*,*,*,*,は,ハ,ワ
あえて	副詞,一般,*,*,*,*,あえて,アエテ,アエテ
あなた	名詞,代名詞,一般,*,*,*,あなた,アナタ,アナタ
方	名詞,接尾,一般,*,*,*,方,カタ,カタ
を	助詞,格助詞,一般,*,*,*,を,ヲ,ヲ
ご	接頭詞,名詞接続,*,*,*,*,ご,ゴ,ゴ
自分	名詞,一般,*,*,*,*,自分,ジブン,ジブン
の	助詞,連体化,*,*,*,*,の,ノ,ノ
民	名詞,一般,*,*,*,*,民,ミン,ミン
と	助詞,格助詞,一般,*,*,*,と,ト,ト
さ	動詞,自立,*,*,サ変・スル,未然レル接続,する,サ,サ
れ	動詞,接尾,*,*,一段,連用形,れる,レ,レ
た	助動詞,*,*,*,特殊・タ,基本形,た,タ,タ
から	助詞,接続助詞,*,*,*,*,から,カラ,カラ
です	助動詞,*,*,*,特殊・デス,基本形,です,デス,デス
。	記号,句点,*,*,*,*,。,。,。
わたし	名詞,代名詞,一般,*,*,*,わたし,ワタシ,ワタシ
も	助詞,係助詞,*,*,*,*,も,モ,モ
また	接続詞,*,*,*,*,*,また,マタ,マタ
，	記号,読点,*,*,*,*,，,，,，
あなた	名詞,代名詞,一般,*,*,*,あなた,アナタ,アナタ
方	名詞,接尾,一般,*,*,*,方,カタ,カタ
の	助詞,連体化,*,*,*,*,の,ノ,ノ
ため	名詞,非自立,副詞可能,*,*,*,ため,タメ,タメ
に	助詞,格助詞,一般,*,*,*,に,ニ,ニ
祈る	動詞,自立,*,*,五段・ラ行,基本形,祈る,イノル,イノル
の	名詞,非自立,一般,*,*,*,の,ノ,ノ
を	助詞,格助詞,一般,*,*,*,を,ヲ,ヲ
やめ	動詞,自立,*,*,一段,連用形,やめる,ヤメ,ヤメ
て	助詞,接続助詞,*,*,*,*,て,テ,テ
エホバ	名詞,一般,*,*,*,*,エホバ,エホバ,エホバ
に対して	助詞,格助詞,連語,*,*,*,に対して,ニタイシテ,ニタイシテ
罪	名詞,一般,*,*,*,*,罪,ツミ,ツミ
を	助詞,格助詞,一般,*,*,*,を,ヲ,ヲ
おかす	動詞,自立,*,*,五段・サ行,基本形,おかす,オカス,オカス
こと	名詞,非自立,一般,*,*,*,こと,コト,コト
など	助詞,副助詞,*,*,*,*,など,ナド,ナド
，	記号,読点,*,*,*,*,，,，,，
わたし	名詞,代名詞,一般,*,*,*,わたし,ワタシ,ワタシ
に	助詞,格助詞,一般,*,*,*,に,ニ,ニ
は	助詞,係助詞,*,*,*,*,は,ハ,ワ
考え	動詞,自立,*,*,一段,未然形,考える,カンガエ,カンガエ
られ	動詞,接尾,*,*,一段,未然形,られる,ラレ,ラレ
ない	助動詞,*,*,*,特殊・ナイ,基本形,ない,ナイ,ナイ
こと	名詞,非自立,一般,*,*,*,こと,コト,コト
です	助動詞,*,*,*,特殊・デス,基本形,です,デス,デス
。	記号,句点,*,*,*,*,。,。,。
わたし	名詞,代名詞,一般,*,*,*,わたし,ワタシ,ワタシ
は	助詞,係助詞,*,*,*,*,は,ハ,ワ
あなた	名詞,代名詞,一般,*,*,*,あなた,アナタ,アナタ
方	名詞,接尾,一般,*,*,*,方,カタ,カタ
に	助詞,格助詞,一般,*,*,*,に,ニ,ニ
善い	形容詞,自立,*,*,形容詞・アウオ段,基本形,善い,ヨイ,ヨイ
正しい	形容詞,自立,*,*,形容詞・イ段,基本形,正しい,タダシイ,タダシイ
道	名詞,一般,*,*,*,*,道,ミチ,ミチ
を	助詞,格助詞,一般,*,*,*,を,ヲ,ヲ
教え諭さ	動詞,自立,*,*,五段・サ行,未然形,教え諭す,オシエサトサ,オシエサトサ
なけれ	助動詞,*,*,*,特殊・ナイ,仮定形,ない,ナケレ,ナケレ
ば	助詞,接続助詞,*,*,*,*,ば,バ,バ
なり	動詞,非自立,*,*,五段・ラ行,連用形,なる,ナリ,ナリ
ませ	助動詞,*,*,*,特殊・マス,未然形,ます,マセ,マセ
ん	助動詞,*,*,*,不変化型,基本形,ん,ン,ン
。	記号,句点,*,*,*,*,。,。,。
ただ	接続詞,*,*,*,*,*,ただ,タダ,タダ
，	記号,読点,*,*,*,*,，,，,，
エホバ	名詞,一般,*,*,*,*,エホバ,エホバ,エホバ
を	助詞,格助詞,一般,*,*,*,を,ヲ,ヲ
恐れ	動詞,自立,*,*,一段,連用形,恐れる,オソレ,オソレ
なさい	動詞,非自立,*,*,五段・ラ行特殊,命令ｉ,なさる,ナサイ,ナサイ
。	記号,句点,*,*,*,*,。,。,。
あなた	名詞,代名詞,一般,*,*,*,あなた,アナタ,アナタ
方	名詞,接尾,一般,*,*,*,方,カタ,カタ
は	助詞,係助詞,*,*,*,*,は,ハ,ワ
心	名詞,一般,*,*,*,*,心,ココロ,ココロ
を	助詞,格助詞,一般,*,*,*,を,ヲ,ヲ
つくし	動詞,自立,*,*,五段・サ行,連用形,つくす,ツクシ,ツクシ
，	記号,読点,*,*,*,*,，,，,，
真実	名詞,一般,*,*,*,*,真実,シンジツ,シンジツ
を	助詞,格助詞,一般,*,*,*,を,ヲ,ヲ
もっ	動詞,自立,*,*,五段・タ行,連用タ接続,もつ,モッ,モッ
て	助詞,接続助詞,*,*,*,*,て,テ,テ
この	連体詞,*,*,*,*,*,この,コノ,コノ
方	名詞,非自立,一般,*,*,*,方,ホウ,ホー
に	助詞,格助詞,一般,*,*,*,に,ニ,ニ
仕え	動詞,自立,*,*,一段,未然形,仕える,ツカエ,ツカエ
なけれ	助動詞,*,*,*,特殊・ナイ,仮定形,ない,ナケレ,ナケレ
ば	助詞,接続助詞,*,*,*,*,ば,バ,バ
なり	動詞,非自立,*,*,五段・ラ行,連用形,なる,ナリ,ナリ
ませ	助動詞,*,*,*,特殊・マス,未然形,ます,マセ,マセ
ん	助動詞,*,*,*,不変化型,基本形,ん,ン,ン
。	記号,句点,*,*,*,*,。,。,。
あなた	名詞,代名詞,一般,*,*,*,あなた,アナタ,アナタ
方	名詞,接尾,一般,*,*,*,方,カタ,カタ
の	助詞,連体化,*,*,*,*,の,ノ,ノ
ため	名詞,非自立,副詞可能,*,*,*,ため,タメ,タメ
に	助詞,格助詞,一般,*,*,*,に,ニ,ニ
どんなに	副詞,一般,*,*,*,*,どんなに,ドンナニ,ドンナニ
大きな	連体詞,*,*,*,*,*,大きな,オオキナ,オーキナ
こと	名詞,非自立,一般,*,*,*,こと,コト,コト
を	助詞,格助詞,一般,*,*,*,を,ヲ,ヲ
行なわ	動詞,自立,*,*,五段・ワ行促音便,未然形,行なう,オコナワ,オコナワ
れ	動詞,接尾,*,*,一段,連用形,れる,レ,レ
た	助動詞,*,*,*,特殊・タ,基本形,た,タ,タ
か	助詞,副助詞／並立助詞／終助詞,*,*,*,*,か,カ,カ
を	助詞,格助詞,一般,*,*,*,を,ヲ,ヲ
見	動詞,自立,*,*,一段,連用形,見る,ミ,ミ
なさい	動詞,非自立,*,*,五段・ラ行特殊,命令ｉ,なさる,ナサイ,ナサイ
。	記号,句点,*,*,*,*,。,。,。
しかし	接続詞,*,*,*,*,*,しかし,シカシ,シカシ
，	記号,読点,*,*,*,*,，,，,，
もし	副詞,一般,*,*,*,*,もし,モシ,モシ
あなた	名詞,代名詞,一般,*,*,*,あなた,アナタ,アナタ
方	名詞,接尾,一般,*,*,*,方,カタ,カタ
が	助詞,格助詞,一般,*,*,*,が,ガ,ガ
悪い	形容詞,自立,*,*,形容詞・アウオ段,基本形,悪い,ワルイ,ワルイ
こと	名詞,非自立,一般,*,*,*,こと,コト,コト
を	助詞,格助詞,一般,*,*,*,を,ヲ,ヲ
はなはだしく	形容詞,自立,*,*,形容詞・イ段,連用テ接続,はなはだしい,ハナハダシク,ハナハダシク
行なう	動詞,自立,*,*,五段・ワ行促音便,基本形,行なう,オコナウ,オコナウ
なら	助動詞,*,*,*,特殊・ダ,仮定形,だ,ナラ,ナラ
，	記号,読点,*,*,*,*,，,，,，
あなた	名詞,代名詞,一般,*,*,*,あなた,アナタ,アナタ
方	名詞,接尾,一般,*,*,*,方,カタ,カタ
は	助詞,係助詞,*,*,*,*,は,ハ,ワ
，	記号,読点,*,*,*,*,，,，,，
あなた	名詞,代名詞,一般,*,*,*,あなた,アナタ,アナタ
方	名詞,接尾,一般,*,*,*,方,カタ,カタ
も	助詞,係助詞,*,*,*,*,も,モ,モ
あなた	名詞,代名詞,一般,*,*,*,あなた,アナタ,アナタ
方	名詞,接尾,一般,*,*,*,方,カタ,カタ
の	助詞,連体化,*,*,*,*,の,ノ,ノ
王	名詞,一般,*,*,*,*,王,オウ,オー
も	助詞,係助詞,*,*,*,*,も,モ,モ
，	記号,読点,*,*,*,*,，,，,，
一掃	名詞,サ変接続,*,*,*,*,一掃,イッソウ,イッソー
さ	動詞,自立,*,*,サ変・スル,未然レル接続,する,サ,サ
れる	動詞,接尾,*,*,一段,基本形,れる,レル,レル
でしょ	助動詞,*,*,*,特殊・デス,未然形,です,デショ,デショ
う	助動詞,*,*,*,不変化型,基本形,う,ウ,ウ
」	記号,括弧閉,*,*,*,*,」,」,」
。	記号,句点,*,*,*,*,。,。,。
EOS
