そして	接続詞,*,*,*,*,*,そして,ソシテ,ソシテ
，	記号,読点,*,*,*,*,，,，,，
ある	連体詞,*,*,*,*,*,ある,アル,アル
日	名詞,非自立,副詞可能,*,*,*,日,ヒ,ヒ
の	助詞,連体化,*,*,*,*,の,ノ,ノ
こと	名詞,非自立,一般,*,*,*,こと,コト,コト
，	記号,読点,*,*,*,*,，,，,，
サウル	名詞,一般,*,*,*,*,*
の	助詞,連体化,*,*,*,*,の,ノ,ノ
子	接頭詞,名詞接続,*,*,*,*,子,コ,コ
ヨナタン	名詞,一般,*,*,*,*,*
は	助詞,係助詞,*,*,*,*,は,ハ,ワ
，	記号,読点,*,*,*,*,，,，,，
その	連体詞,*,*,*,*,*,その,ソノ,ソノ
武器	名詞,一般,*,*,*,*,武器,ブキ,ブキ
を	助詞,格助詞,一般,*,*,*,を,ヲ,ヲ
携える	動詞,自立,*,*,一段,基本形,携える,タズサエル,タズサエル
従者	名詞,一般,*,*,*,*,従者,ジュウシャ,ジューシャ
に	助詞,格助詞,一般,*,*,*,に,ニ,ニ
言っ	動詞,自立,*,*,五段・ワ行促音便,連用タ接続,言う,イッ,イッ
た	助動詞,*,*,*,特殊・タ,基本形,た,タ,タ
，	記号,読点,*,*,*,*,，,，,，
「	記号,括弧開,*,*,*,*,「,「,「
さあ	感動詞,*,*,*,*,*,さあ,サア,サー
，	記号,読点,*,*,*,*,，,，,，
向こう	名詞,一般,*,*,*,*,向こう,ムコウ,ムコー
側	名詞,接尾,一般,*,*,*,側,ガワ,ガワ
に	助詞,格助詞,一般,*,*,*,に,ニ,ニ
いる	動詞,自立,*,*,一段,基本形,いる,イル,イル
フィリスティア	名詞,一般,*,*,*,*,*
人	名詞,接尾,一般,*,*,*,人,ジン,ジン
の	助詞,連体化,*,*,*,*,の,ノ,ノ
前哨	名詞,一般,*,*,*,*,前哨,ゼンショウ,ゼンショー
部隊	名詞,一般,*,*,*,*,部隊,ブタイ,ブタイ
の	助詞,連体化,*,*,*,*,の,ノ,ノ
ところ	名詞,非自立,副詞可能,*,*,*,ところ,トコロ,トコロ
へ	助詞,格助詞,一般,*,*,*,へ,ヘ,エ
渡っ	動詞,自立,*,*,五段・ラ行,連用タ接続,渡る,ワタッ,ワタッ
て	助詞,接続助詞,*,*,*,*,て,テ,テ
行こ	動詞,非自立,*,*,五段・カ行促音便,未然ウ接続,行く,イコ,イコ
う	助動詞,*,*,*,不変化型,基本形,う,ウ,ウ
」	記号,括弧閉,*,*,*,*,」,」,」
。	記号,句点,*,*,*,*,。,。,。
しかし	接続詞,*,*,*,*,*,しかし,シカシ,シカシ
彼	名詞,代名詞,一般,*,*,*,彼,カレ,カレ
は	助詞,係助詞,*,*,*,*,は,ハ,ワ
父	名詞,一般,*,*,*,*,父,チチ,チチ
に	助詞,格助詞,一般,*,*,*,に,ニ,ニ
は	助詞,係助詞,*,*,*,*,は,ハ,ワ
その	連体詞,*,*,*,*,*,その,ソノ,ソノ
こと	名詞,非自立,一般,*,*,*,こと,コト,コト
を	助詞,格助詞,一般,*,*,*,を,ヲ,ヲ
告げ	動詞,自立,*,*,一段,未然形,告げる,ツゲ,ツゲ
なかっ	助動詞,*,*,*,特殊・ナイ,連用タ接続,ない,ナカッ,ナカッ
た	助動詞,*,*,*,特殊・タ,基本形,た,タ,タ
。	記号,句点,*,*,*,*,。,。,。
とき	名詞,非自立,副詞可能,*,*,*,とき,トキ,トキ
に	助詞,格助詞,一般,*,*,*,に,ニ,ニ
，	記号,読点,*,*,*,*,，,，,，
サウル	名詞,一般,*,*,*,*,*
は	助詞,係助詞,*,*,*,*,は,ハ,ワ
ギベア	名詞,一般,*,*,*,*,*
の	助詞,連体化,*,*,*,*,の,ノ,ノ
外れ	名詞,一般,*,*,*,*,外れ,ハズレ,ハズレ
の	助詞,連体化,*,*,*,*,の,ノ,ノ
，	記号,読点,*,*,*,*,，,，,，
ミグロン	名詞,一般,*,*,*,*,*
に	助詞,格助詞,一般,*,*,*,に,ニ,ニ
ある	動詞,自立,*,*,五段・ラ行,基本形,ある,アル,アル
，	記号,読点,*,*,*,*,，,，,，
ざくろ	名詞,一般,*,*,*,*,ざくろ,ザクロ,ザクロ
の	助詞,連体化,*,*,*,*,の,ノ,ノ
木の下	名詞,一般,*,*,*,*,木の下,コノシタ,コノシタ
に	助詞,格助詞,一般,*,*,*,に,ニ,ニ
とどまっ	動詞,自立,*,*,五段・ラ行,連用タ接続,とどまる,トドマッ,トドマッ
て	助詞,接続助詞,*,*,*,*,て,テ,テ
い	動詞,非自立,*,*,一段,連用形,いる,イ,イ
た	助動詞,*,*,*,特殊・タ,基本形,た,タ,タ
。	記号,句点,*,*,*,*,。,。,。
彼	名詞,代名詞,一般,*,*,*,彼,カレ,カレ
と	助詞,格助詞,一般,*,*,*,と,ト,ト
共に	副詞,一般,*,*,*,*,共に,トモニ,トモニ
い	動詞,自立,*,*,一段,連用形,いる,イ,イ
た	助動詞,*,*,*,特殊・タ,基本形,た,タ,タ
民	名詞,一般,*,*,*,*,民,ミン,ミン
は	助詞,係助詞,*,*,*,*,は,ハ,ワ
およそ	副詞,助詞類接続,*,*,*,*,およそ,オヨソ,オヨソ
六	名詞,数,*,*,*,*,六,ロク,ロク
百	名詞,数,*,*,*,*,百,ヒャク,ヒャク
人	名詞,接尾,助数詞,*,*,*,人,ニン,ニン
で	助動詞,*,*,*,特殊・ダ,連用形,だ,デ,デ
あっ	助動詞,*,*,*,五段・ラ行アル,連用タ接続,ある,アッ,アッ
た	助動詞,*,*,*,特殊・タ,基本形,た,タ,タ
。	記号,句点,*,*,*,*,。,。,。
（	記号,括弧開,*,*,*,*,（,（,（
そして	接続詞,*,*,*,*,*,そして,ソシテ,ソシテ
シロ	名詞,一般,*,*,*,*,シロ,シロ,シロ
で	助詞,格助詞,一般,*,*,*,で,デ,デ
エホバ	名詞,一般,*,*,*,*,エホバ,エホバ,エホバ
の	助詞,連体化,*,*,*,*,の,ノ,ノ
祭司	名詞,一般,*,*,*,*,祭司,サイシ,サイシ
で	助動詞,*,*,*,特殊・ダ,連用形,だ,デ,デ
あっ	助動詞,*,*,*,五段・ラ行アル,連用タ接続,ある,アッ,アッ
た	助動詞,*,*,*,特殊・タ,基本形,た,タ,タ
エリ	名詞,一般,*,*,*,*,エリ,エリ,エリ
の	助詞,連体化,*,*,*,*,の,ノ,ノ
子	接頭詞,名詞接続,*,*,*,*,子,コ,コ
ピネハス	名詞,一般,*,*,*,*,*
の	助詞,連体化,*,*,*,*,の,ノ,ノ
子	接頭詞,名詞接続,*,*,*,*,子,コ,コ
イカボド	名詞,一般,*,*,*,*,*
の	助詞,連体化,*,*,*,*,の,ノ,ノ
兄弟	名詞,一般,*,*,*,*,兄弟,キョウダイ,キョーダイ
アヒトブ	名詞,一般,*,*,*,*,*
の	助詞,連体化,*,*,*,*,の,ノ,ノ
子	接頭詞,名詞接続,*,*,*,*,子,コ,コ
アヒヤ	名詞,一般,*,*,*,*,*
が	助詞,格助詞,一般,*,*,*,が,ガ,ガ
，	記号,読点,*,*,*,*,，,，,，
エフォド	名詞,一般,*,*,*,*,*
を	助詞,格助詞,一般,*,*,*,を,ヲ,ヲ
携え	動詞,自立,*,*,一段,連用形,携える,タズサエ,タズサエ
て	助詞,接続助詞,*,*,*,*,て,テ,テ
い	動詞,非自立,*,*,一段,連用形,いる,イ,イ
た	助動詞,*,*,*,特殊・タ,基本形,た,タ,タ
。	記号,句点,*,*,*,*,。,。,。
）	記号,括弧閉,*,*,*,*,）,）,）
そして	接続詞,*,*,*,*,*,そして,ソシテ,ソシテ
民	名詞,一般,*,*,*,*,民,ミン,ミン
も	助詞,係助詞,*,*,*,*,も,モ,モ
，	記号,読点,*,*,*,*,，,，,，
ヨナタン	名詞,一般,*,*,*,*,*
が	助詞,格助詞,一般,*,*,*,が,ガ,ガ
出	動詞,自立,*,*,一段,連用形,出る,デ,デ
て	助詞,接続助詞,*,*,*,*,て,テ,テ
行っ	動詞,非自立,*,*,五段・カ行促音便,連用タ接続,行く,イッ,イッ
た	助動詞,*,*,*,特殊・タ,基本形,た,タ,タ
こと	名詞,非自立,一般,*,*,*,こと,コト,コト
を	助詞,格助詞,一般,*,*,*,を,ヲ,ヲ
知ら	動詞,自立,*,*,五段・ラ行,未然形,知る,シラ,シラ
なかっ	助動詞,*,*,*,特殊・ナイ,連用タ接続,ない,ナカッ,ナカッ
た	助動詞,*,*,*,特殊・タ,基本形,た,タ,タ
。	記号,句点,*,*,*,*,。,。,。
さて	接続詞,*,*,*,*,*,さて,サテ,サテ
，	記号,読点,*,*,*,*,，,，,，
ヨナタン	名詞,一般,*,*,*,*,*
が	助詞,格助詞,一般,*,*,*,が,ガ,ガ
フィリスティア	名詞,一般,*,*,*,*,*
人	名詞,接尾,一般,*,*,*,人,ジン,ジン
の	助詞,連体化,*,*,*,*,の,ノ,ノ
前哨	名詞,一般,*,*,*,*,前哨,ゼンショウ,ゼンショー
部隊	名詞,一般,*,*,*,*,部隊,ブタイ,ブタイ
に	助詞,格助詞,一般,*,*,*,に,ニ,ニ
向かっ	動詞,自立,*,*,五段・ワ行促音便,連用タ接続,向かう,ムカッ,ムカッ
て	助詞,接続助詞,*,*,*,*,て,テ,テ
渡っ	動詞,自立,*,*,五段・ラ行,連用タ接続,渡る,ワタッ,ワタッ
て	助詞,接続助詞,*,*,*,*,て,テ,テ
行こ	動詞,非自立,*,*,五段・カ行促音便,未然ウ接続,行く,イコ,イコ
う	助動詞,*,*,*,不変化型,基本形,う,ウ,ウ
として	助詞,格助詞,連語,*,*,*,として,トシテ,トシテ
捜し	動詞,自立,*,*,五段・サ行,連用形,捜す,サガシ,サガシ
た	助動詞,*,*,*,特殊・タ,基本形,た,タ,タ
通路	名詞,一般,*,*,*,*,通路,ツウロ,ツーロ
の	助詞,連体化,*,*,*,*,の,ノ,ノ
間	名詞,一般,*,*,*,*,間,マ,マ
に	助詞,格助詞,一般,*,*,*,に,ニ,ニ
は	助詞,係助詞,*,*,*,*,は,ハ,ワ
，	記号,読点,*,*,*,*,，,，,，
こちら	名詞,代名詞,一般,*,*,*,こちら,コチラ,コチラ
側	名詞,接尾,一般,*,*,*,側,ガワ,ガワ
に	助詞,格助詞,一般,*,*,*,に,ニ,ニ
歯	名詞,一般,*,*,*,*,歯,ハ,ハ
の	助詞,連体化,*,*,*,*,の,ノ,ノ
よう	名詞,非自立,助動詞語幹,*,*,*,よう,ヨウ,ヨー
な	助動詞,*,*,*,特殊・ダ,体言接続,だ,ナ,ナ
大岩	名詞,固有名詞,人名,姓,*,*,大岩,オオイワ,オーイワ
が	助詞,格助詞,一般,*,*,*,が,ガ,ガ
あり	動詞,自立,*,*,五段・ラ行,連用形,ある,アリ,アリ
，	記号,読点,*,*,*,*,，,，,，
向こう	名詞,一般,*,*,*,*,向こう,ムコウ,ムコー
側	名詞,接尾,一般,*,*,*,側,ガワ,ガワ
に	助詞,格助詞,一般,*,*,*,に,ニ,ニ
も	助詞,係助詞,*,*,*,*,も,モ,モ
歯	名詞,一般,*,*,*,*,歯,ハ,ハ
の	助詞,連体化,*,*,*,*,の,ノ,ノ
よう	名詞,非自立,助動詞語幹,*,*,*,よう,ヨウ,ヨー
な	助動詞,*,*,*,特殊・ダ,体言接続,だ,ナ,ナ
大岩	名詞,固有名詞,人名,姓,*,*,大岩,オオイワ,オーイワ
が	助詞,格助詞,一般,*,*,*,が,ガ,ガ
あっ	動詞,自立,*,*,五段・ラ行,連用タ接続,ある,アッ,アッ
て	助詞,接続助詞,*,*,*,*,て,テ,テ
，	記号,読点,*,*,*,*,，,，,，
一方	名詞,副詞可能,*,*,*,*,一方,イッポウ,イッポー
の	助詞,連体化,*,*,*,*,の,ノ,ノ
名	名詞,一般,*,*,*,*,名,ナ,ナ
は	助詞,係助詞,*,*,*,*,は,ハ,ワ
ボツェツ	名詞,一般,*,*,*,*,*
と	助詞,格助詞,引用,*,*,*,と,ト,ト
いい	動詞,自立,*,*,五段・ワ行促音便,連用形,いう,イイ,イイ
，	記号,読点,*,*,*,*,，,，,，
他方	名詞,一般,*,*,*,*,他方,タホウ,タホー
の	助詞,連体化,*,*,*,*,の,ノ,ノ
名	名詞,一般,*,*,*,*,名,ナ,ナ
は	助詞,係助詞,*,*,*,*,は,ハ,ワ
セネ	名詞,一般,*,*,*,*,*
と	助詞,格助詞,引用,*,*,*,と,ト,ト
いっ	動詞,自立,*,*,五段・ワ行促音便,連用タ接続,いう,イッ,イッ
た	助動詞,*,*,*,特殊・タ,基本形,た,タ,タ
。	記号,句点,*,*,*,*,。,。,。
一方	名詞,副詞可能,*,*,*,*,一方,イッポウ,イッポー
の	助詞,連体化,*,*,*,*,の,ノ,ノ
歯	名詞,一般,*,*,*,*,歯,ハ,ハ
は	助詞,係助詞,*,*,*,*,は,ハ,ワ
ミクマシュ	名詞,一般,*,*,*,*,*
に	助詞,格助詞,一般,*,*,*,に,ニ,ニ
面し	動詞,自立,*,*,五段・サ行,連用形,面す,メンシ,メンシ
て	助詞,接続助詞,*,*,*,*,て,テ,テ
北方	名詞,一般,*,*,*,*,北方,ホッポウ,ホッポー
に	助詞,格助詞,一般,*,*,*,に,ニ,ニ
，	記号,読点,*,*,*,*,，,，,，
他方	名詞,一般,*,*,*,*,他方,タホウ,タホー
の	助詞,連体化,*,*,*,*,の,ノ,ノ
[	名詞,サ変接続,*,*,*,*,*
歯	名詞,一般,*,*,*,*,歯,ハ,ハ
]	名詞,サ変接続,*,*,*,*,*
は	助詞,係助詞,*,*,*,*,は,ハ,ワ
ゲバ	名詞,一般,*,*,*,*,ゲバ,ゲバ,ゲバ
に	助詞,格助詞,一般,*,*,*,に,ニ,ニ
面し	動詞,自立,*,*,五段・サ行,連用形,面す,メンシ,メンシ
て	助詞,接続助詞,*,*,*,*,て,テ,テ
南方	名詞,一般,*,*,*,*,南方,ナンポウ,ナンポー
に	助詞,格助詞,一般,*,*,*,に,ニ,ニ
ある	動詞,自立,*,*,五段・ラ行,基本形,ある,アル,アル
柱	名詞,一般,*,*,*,*,柱,ハシラ,ハシラ
で	助動詞,*,*,*,特殊・ダ,連用形,だ,デ,デ
あっ	助動詞,*,*,*,五段・ラ行アル,連用タ接続,ある,アッ,アッ
た	助動詞,*,*,*,特殊・タ,基本形,た,タ,タ
。	記号,句点,*,*,*,*,。,。,。
そこで	接続詞,*,*,*,*,*,そこで,ソコデ,ソコデ
ヨナタン	名詞,一般,*,*,*,*,*
は	助詞,係助詞,*,*,*,*,は,ハ,ワ
，	記号,読点,*,*,*,*,，,，,，
その	連体詞,*,*,*,*,*,その,ソノ,ソノ
武具	名詞,一般,*,*,*,*,武具,ブグ,ブグ
持ち	名詞,接尾,一般,*,*,*,持ち,モチ,モチ
の	助詞,連体化,*,*,*,*,の,ノ,ノ
従者	名詞,一般,*,*,*,*,従者,ジュウシャ,ジューシャ
に	助詞,格助詞,一般,*,*,*,に,ニ,ニ
言っ	動詞,自立,*,*,五段・ワ行促音便,連用タ接続,言う,イッ,イッ
た	助動詞,*,*,*,特殊・タ,基本形,た,タ,タ
，	記号,読点,*,*,*,*,，,，,，
「	記号,括弧開,*,*,*,*,「,「,「
さあ	感動詞,*,*,*,*,*,さあ,サア,サー
，	記号,読点,*,*,*,*,，,，,，
これら	名詞,代名詞,一般,*,*,*,これら,コレラ,コレラ
割礼	名詞,一般,*,*,*,*,割礼,カツレイ,カツレイ
を	助詞,格助詞,一般,*,*,*,を,ヲ,ヲ
受け	動詞,自立,*,*,一段,連用形,受ける,ウケ,ウケ
て	助詞,接続助詞,*,*,*,*,て,テ,テ
い	動詞,非自立,*,*,一段,未然形,いる,イ,イ
ない	助動詞,*,*,*,特殊・ナイ,基本形,ない,ナイ,ナイ
者	名詞,一般,*,*,*,*,者,モノ,モノ
たち	名詞,接尾,一般,*,*,*,たち,タチ,タチ
の	助詞,連体化,*,*,*,*,の,ノ,ノ
前哨	名詞,一般,*,*,*,*,前哨,ゼンショウ,ゼンショー
部隊	名詞,一般,*,*,*,*,部隊,ブタイ,ブタイ
の	助詞,連体化,*,*,*,*,の,ノ,ノ
ところ	名詞,非自立,副詞可能,*,*,*,ところ,トコロ,トコロ
へ	助詞,格助詞,一般,*,*,*,へ,ヘ,エ
渡っ	動詞,自立,*,*,五段・ラ行,連用タ接続,渡る,ワタッ,ワタッ
て	助詞,接続助詞,*,*,*,*,て,テ,テ
行き	動詞,非自立,*,*,五段・カ行促音便,連用形,行く,イキ,イキ
ましょ	助動詞,*,*,*,特殊・マス,未然ウ接続,ます,マショ,マショ
う	助動詞,*,*,*,不変化型,基本形,う,ウ,ウ
。	記号,句点,*,*,*,*,。,。,。
多分	副詞,一般,*,*,*,*,多分,タブン,タブン
，	記号,読点,*,*,*,*,，,，,，
エホバ	名詞,一般,*,*,*,*,エホバ,エホバ,エホバ
は	助詞,係助詞,*,*,*,*,は,ハ,ワ
わたし	名詞,代名詞,一般,*,*,*,わたし,ワタシ,ワタシ
たち	名詞,接尾,一般,*,*,*,たち,タチ,タチ
の	助詞,連体化,*,*,*,*,の,ノ,ノ
ため	名詞,非自立,副詞可能,*,*,*,ため,タメ,タメ
に	助詞,格助詞,一般,*,*,*,に,ニ,ニ
働か	動詞,自立,*,*,五段・カ行イ音便,未然形,働く,ハタラカ,ハタラカ
れる	動詞,接尾,*,*,一段,基本形,れる,レル,レル
でしょ	助動詞,*,*,*,特殊・デス,未然形,です,デショ,デショ
う	助動詞,*,*,*,不変化型,基本形,う,ウ,ウ
。	記号,句点,*,*,*,*,。,。,。
多数	名詞,副詞可能,*,*,*,*,多数,タスウ,タスー
の	助詞,連体化,*,*,*,*,の,ノ,ノ
者	名詞,非自立,一般,*,*,*,者,モノ,モノ
による	助詞,格助詞,連語,*,*,*,による,ニヨル,ニヨル
の	名詞,非自立,一般,*,*,*,の,ノ,ノ
で	助動詞,*,*,*,特殊・ダ,連用形,だ,デ,デ
あっ	助動詞,*,*,*,五段・ラ行アル,連用タ接続,ある,アッ,アッ
て	助詞,接続助詞,*,*,*,*,て,テ,テ
も	助詞,係助詞,*,*,*,*,も,モ,モ
，	記号,読点,*,*,*,*,，,，,，
少数	名詞,一般,*,*,*,*,少数,ショウスウ,ショースー
の	助詞,連体化,*,*,*,*,の,ノ,ノ
者	名詞,非自立,一般,*,*,*,者,モノ,モノ
による	助詞,格助詞,連語,*,*,*,による,ニヨル,ニヨル
の	名詞,非自立,一般,*,*,*,の,ノ,ノ
で	助動詞,*,*,*,特殊・ダ,連用形,だ,デ,デ
あっ	助動詞,*,*,*,五段・ラ行アル,連用タ接続,ある,アッ,アッ
て	助詞,接続助詞,*,*,*,*,て,テ,テ
も	助詞,係助詞,*,*,*,*,も,モ,モ
，	記号,読点,*,*,*,*,，,，,，
エホバ	名詞,一般,*,*,*,*,エホバ,エホバ,エホバ
にとって	助詞,格助詞,連語,*,*,*,にとって,ニトッテ,ニトッテ
は	助詞,係助詞,*,*,*,*,は,ハ,ワ
救う	動詞,自立,*,*,五段・ワ行促音便,基本形,救う,スクウ,スクウ
のに	助詞,接続助詞,*,*,*,*,のに,ノニ,ノニ
何	名詞,代名詞,一般,*,*,*,何,ナニ,ナニ
の	助詞,連体化,*,*,*,*,の,ノ,ノ
妨げ	名詞,一般,*,*,*,*,妨げ,サマタゲ,サマタゲ
も	助詞,係助詞,*,*,*,*,も,モ,モ
ない	形容詞,自立,*,*,形容詞・アウオ段,基本形,ない,ナイ,ナイ
から	助詞,接続助詞,*,*,*,*,から,カラ,カラ
です	助動詞,*,*,*,特殊・デス,基本形,です,デス,デス
」	記号,括弧閉,*,*,*,*,」,」,」
。	記号,句点,*,*,*,*,。,。,。
そこで	接続詞,*,*,*,*,*,そこで,ソコデ,ソコデ
，	記号,読点,*,*,*,*,，,，,，
その	連体詞,*,*,*,*,*,その,ソノ,ソノ
武具	名詞,一般,*,*,*,*,武具,ブグ,ブグ
持ち	名詞,接尾,一般,*,*,*,持ち,モチ,モチ
は	助詞,係助詞,*,*,*,*,は,ハ,ワ
彼	名詞,代名詞,一般,*,*,*,彼,カレ,カレ
に	助詞,格助詞,一般,*,*,*,に,ニ,ニ
言っ	動詞,自立,*,*,五段・ワ行促音便,連用タ接続,言う,イッ,イッ
た	助動詞,*,*,*,特殊・タ,基本形,た,タ,タ
，	記号,読点,*,*,*,*,，,，,，
「	記号,括弧開,*,*,*,*,「,「,「
何でも	副詞,助詞類接続,*,*,*,*,何でも,ナンデモ,ナンデモ
あなた	名詞,代名詞,一般,*,*,*,あなた,アナタ,アナタ
の	助詞,連体化,*,*,*,*,の,ノ,ノ
心	名詞,一般,*,*,*,*,心,ココロ,ココロ
に	助詞,格助詞,一般,*,*,*,に,ニ,ニ
ある	動詞,自立,*,*,五段・ラ行,基本形,ある,アル,アル
こと	名詞,非自立,一般,*,*,*,こと,コト,コト
を	助詞,格助詞,一般,*,*,*,を,ヲ,ヲ
行なっ	動詞,自立,*,*,五段・ワ行促音便,連用タ接続,行なう,オコナッ,オコナッ
て	助詞,接続助詞,*,*,*,*,て,テ,テ
ください	動詞,非自立,*,*,五段・ラ行特殊,命令ｉ,くださる,クダサイ,クダサイ
。	記号,句点,*,*,*,*,。,。,。
お	接頭詞,名詞接続,*,*,*,*,お,オ,オ
望み	名詞,一般,*,*,*,*,望み,ノゾミ,ノゾミ
の	助詞,連体化,*,*,*,*,の,ノ,ノ
ところ	名詞,非自立,副詞可能,*,*,*,ところ,トコロ,トコロ
へ	助詞,格助詞,一般,*,*,*,へ,ヘ,エ
向かっ	動詞,自立,*,*,五段・ワ行促音便,連用タ接続,向かう,ムカッ,ムカッ
て	助詞,接続助詞,*,*,*,*,て,テ,テ
ください	動詞,非自立,*,*,五段・ラ行特殊,命令ｉ,くださる,クダサイ,クダサイ
。	記号,句点,*,*,*,*,。,。,。
私	名詞,代名詞,一般,*,*,*,私,ワタシ,ワタシ
は	助詞,係助詞,*,*,*,*,は,ハ,ワ
あなた	名詞,代名詞,一般,*,*,*,あなた,アナタ,アナタ
の	助詞,連体化,*,*,*,*,の,ノ,ノ
心	名詞,一般,*,*,*,*,心,ココロ,ココロ
と	助詞,格助詞,一般,*,*,*,と,ト,ト
一致	名詞,サ変接続,*,*,*,*,一致,イッチ,イッチ
し	動詞,自立,*,*,サ変・スル,連用形,する,シ,シ
て	助詞,接続助詞,*,*,*,*,て,テ,テ
あなた	名詞,代名詞,一般,*,*,*,あなた,アナタ,アナタ
と共に	助詞,格助詞,連語,*,*,*,と共に,トトモニ,トトモニ
ここ	名詞,代名詞,一般,*,*,*,ここ,ココ,ココ
に	助詞,格助詞,一般,*,*,*,に,ニ,ニ
い	動詞,自立,*,*,一段,連用形,いる,イ,イ
ます	助動詞,*,*,*,特殊・マス,基本形,ます,マス,マス
」	記号,括弧閉,*,*,*,*,」,」,」
。	記号,句点,*,*,*,*,。,。,。
それで	接続詞,*,*,*,*,*,それで,ソレデ,ソレデ
ヨナタン	名詞,一般,*,*,*,*,*
は	助詞,係助詞,*,*,*,*,は,ハ,ワ
言っ	動詞,自立,*,*,五段・ワ行促音便,連用タ接続,言う,イッ,イッ
た	助動詞,*,*,*,特殊・タ,基本形,た,タ,タ
，	記号,読点,*,*,*,*,，,，,，
「	記号,括弧開,*,*,*,*,「,「,「
さあ	感動詞,*,*,*,*,*,さあ,サア,サー
，	記号,読点,*,*,*,*,，,，,，
わたし	名詞,代名詞,一般,*,*,*,わたし,ワタシ,ワタシ
たち	名詞,接尾,一般,*,*,*,たち,タチ,タチ
は	助詞,係助詞,*,*,*,*,は,ハ,ワ
あの	連体詞,*,*,*,*,*,あの,アノ,アノ
人々	名詞,一般,*,*,*,*,人々,ヒトビト,ヒトビト
の	助詞,連体化,*,*,*,*,の,ノ,ノ
ところ	名詞,非自立,副詞可能,*,*,*,ところ,トコロ,トコロ
へ	助詞,格助詞,一般,*,*,*,へ,ヘ,エ
渡っ	動詞,自立,*,*,五段・ラ行,連用タ接続,渡る,ワタッ,ワタッ
て	助詞,接続助詞,*,*,*,*,て,テ,テ
行っ	動詞,非自立,*,*,五段・カ行促音便,連用タ接続,行く,イッ,イッ
て	助詞,接続助詞,*,*,*,*,て,テ,テ
，	記号,読点,*,*,*,*,，,，,，
彼ら	名詞,代名詞,一般,*,*,*,彼ら,カレラ,カレラ
に	助詞,格助詞,一般,*,*,*,に,ニ,ニ
身	名詞,一般,*,*,*,*,身,ミ,ミ
を	助詞,格助詞,一般,*,*,*,を,ヲ,ヲ
現	接頭詞,名詞接続,*,*,*,*,現,ゲン,ゲン
わし	名詞,一般,*,*,*,*,わし,ワシ,ワシ
ましょ	助動詞,*,*,*,特殊・マス,未然ウ接続,ます,マショ,マショ
う	助動詞,*,*,*,不変化型,基本形,う,ウ,ウ
。	記号,句点,*,*,*,*,。,。,。
もしも	副詞,助詞類接続,*,*,*,*,もしも,モシモ,モシモ
彼ら	名詞,代名詞,一般,*,*,*,彼ら,カレラ,カレラ
が	助詞,格助詞,一般,*,*,*,が,ガ,ガ
わたし	名詞,代名詞,一般,*,*,*,わたし,ワタシ,ワタシ
たち	名詞,接尾,一般,*,*,*,たち,タチ,タチ
に	助詞,格助詞,一般,*,*,*,に,ニ,ニ
向かっ	動詞,自立,*,*,五段・ワ行促音便,連用タ接続,向かう,ムカッ,ムカッ
て	助詞,接続助詞,*,*,*,*,て,テ,テ
，	記号,読点,*,*,*,*,，,，,，
『	記号,括弧開,*,*,*,*,『,『,『
我々	名詞,代名詞,一般,*,*,*,我々,ワレワレ,ワレワレ
が	助詞,格助詞,一般,*,*,*,が,ガ,ガ
お前	名詞,代名詞,一般,*,*,*,お前,オマエ,オマエ
たち	名詞,接尾,一般,*,*,*,たち,タチ,タチ
と	助詞,格助詞,引用,*,*,*,と,ト,ト
接する	動詞,自立,*,*,サ変・−スル,基本形,接する,セッスル,セッスル
まで	助詞,副助詞,*,*,*,*,まで,マデ,マデ
じっと	副詞,一般,*,*,*,*,じっと,ジット,ジット
立っ	動詞,自立,*,*,五段・タ行,連用タ接続,立つ,タッ,タッ
て	助詞,接続助詞,*,*,*,*,て,テ,テ
いろ	動詞,非自立,*,*,一段,命令ｒｏ,いる,イロ,イロ
！	記号,一般,*,*,*,*,！,！,！
』	記号,括弧閉,*,*,*,*,』,』,』
という	助詞,格助詞,連語,*,*,*,という,トイウ,トユウ
よう	名詞,非自立,助動詞語幹,*,*,*,よう,ヨウ,ヨー
に	助詞,副詞化,*,*,*,*,に,ニ,ニ
言っ	動詞,自立,*,*,五段・ワ行促音便,連用タ接続,言う,イッ,イッ
た	助動詞,*,*,*,特殊・タ,基本形,た,タ,タ
なら	助動詞,*,*,*,特殊・ダ,仮定形,だ,ナラ,ナラ
，	記号,読点,*,*,*,*,，,，,，
わたし	名詞,代名詞,一般,*,*,*,わたし,ワタシ,ワタシ
たち	名詞,接尾,一般,*,*,*,たち,タチ,タチ
は	助詞,係助詞,*,*,*,*,は,ハ,ワ
自分	名詞,一般,*,*,*,*,自分,ジブン,ジブン
たち	名詞,接尾,一般,*,*,*,たち,タチ,タチ
の	助詞,格助詞,一般,*,*,*,の,ノ,ノ
いる	動詞,自立,*,*,一段,基本形,いる,イル,イル
ところ	名詞,非自立,副詞可能,*,*,*,ところ,トコロ,トコロ
に	助詞,格助詞,一般,*,*,*,に,ニ,ニ
立っ	動詞,自立,*,*,五段・タ行,連用タ接続,立つ,タッ,タッ
て	助詞,接続助詞,*,*,*,*,て,テ,テ
い	動詞,非自立,*,*,一段,未然形,いる,イ,イ
なけれ	助動詞,*,*,*,特殊・ナイ,仮定形,ない,ナケレ,ナケレ
ば	助詞,接続助詞,*,*,*,*,ば,バ,バ
なら	動詞,非自立,*,*,五段・ラ行,未然形,なる,ナラ,ナラ
ず	助動詞,*,*,*,特殊・ヌ,連用ニ接続,ぬ,ズ,ズ
，	記号,読点,*,*,*,*,，,，,，
彼ら	名詞,代名詞,一般,*,*,*,彼ら,カレラ,カレラ
の	助詞,連体化,*,*,*,*,の,ノ,ノ
ところ	名詞,非自立,副詞可能,*,*,*,ところ,トコロ,トコロ
に	助詞,格助詞,一般,*,*,*,に,ニ,ニ
上っ	動詞,自立,*,*,五段・ラ行,連用タ接続,上る,ノボッ,ノボッ
て	助詞,接続助詞,*,*,*,*,て,テ,テ
行く	動詞,非自立,*,*,五段・カ行促音便,基本形,行く,イク,イク
べき	助動詞,*,*,*,文語・ベシ,体言接続,べし,ベキ,ベキ
で	助動詞,*,*,*,特殊・ダ,連用形,だ,デ,デ
は	助詞,係助詞,*,*,*,*,は,ハ,ワ
あり	動詞,自立,*,*,五段・ラ行,連用形,ある,アリ,アリ
ませ	助動詞,*,*,*,特殊・マス,未然形,ます,マセ,マセ
ん	助動詞,*,*,*,不変化型,基本形,ん,ン,ン
。	記号,句点,*,*,*,*,。,。,。
しかし	接続詞,*,*,*,*,*,しかし,シカシ,シカシ
，	記号,読点,*,*,*,*,，,，,，
もしも	副詞,助詞類接続,*,*,*,*,もしも,モシモ,モシモ
彼ら	名詞,代名詞,一般,*,*,*,彼ら,カレラ,カレラ
が	助詞,格助詞,一般,*,*,*,が,ガ,ガ
，	記号,読点,*,*,*,*,，,，,，
『	記号,括弧開,*,*,*,*,『,『,『
我々	名詞,代名詞,一般,*,*,*,我々,ワレワレ,ワレワレ
に	助詞,格助詞,一般,*,*,*,に,ニ,ニ
向かっ	動詞,自立,*,*,五段・ワ行促音便,連用タ接続,向かう,ムカッ,ムカッ
て	助詞,接続助詞,*,*,*,*,て,テ,テ
上っ	動詞,自立,*,*,五段・ラ行,連用タ接続,上る,ノボッ,ノボッ
て	助詞,接続助詞,*,*,*,*,て,テ,テ
来い	動詞,非自立,*,*,カ変・来ル,命令ｉ,来る,コイ,コイ
！	記号,一般,*,*,*,*,！,！,！
』	記号,括弧閉,*,*,*,*,』,』,』
という	助詞,格助詞,連語,*,*,*,という,トイウ,トユウ
よう	名詞,非自立,助動詞語幹,*,*,*,よう,ヨウ,ヨー
に	助詞,副詞化,*,*,*,*,に,ニ,ニ
言っ	動詞,自立,*,*,五段・ワ行促音便,連用タ接続,言う,イッ,イッ
た	助動詞,*,*,*,特殊・タ,基本形,た,タ,タ
なら	助動詞,*,*,*,特殊・ダ,仮定形,だ,ナラ,ナラ
，	記号,読点,*,*,*,*,，,，,，
わたし	名詞,代名詞,一般,*,*,*,わたし,ワタシ,ワタシ
たち	名詞,接尾,一般,*,*,*,たち,タチ,タチ
は	助詞,係助詞,*,*,*,*,は,ハ,ワ
上っ	動詞,自立,*,*,五段・ラ行,連用タ接続,上る,ノボッ,ノボッ
て	助詞,接続助詞,*,*,*,*,て,テ,テ
行か	動詞,非自立,*,*,五段・カ行促音便,未然形,行く,イカ,イカ
なけれ	助動詞,*,*,*,特殊・ナイ,仮定形,ない,ナケレ,ナケレ
ば	助詞,接続助詞,*,*,*,*,ば,バ,バ
なり	動詞,非自立,*,*,五段・ラ行,連用形,なる,ナリ,ナリ
ませ	助動詞,*,*,*,特殊・マス,未然形,ます,マセ,マセ
ん	助動詞,*,*,*,不変化型,基本形,ん,ン,ン
。	記号,句点,*,*,*,*,。,。,。
エホバ	名詞,一般,*,*,*,*,エホバ,エホバ,エホバ
は	助詞,係助詞,*,*,*,*,は,ハ,ワ
必ず	副詞,助詞類接続,*,*,*,*,必ず,カナラズ,カナラズ
彼ら	名詞,代名詞,一般,*,*,*,彼ら,カレラ,カレラ
を	助詞,格助詞,一般,*,*,*,を,ヲ,ヲ
わたし	名詞,代名詞,一般,*,*,*,わたし,ワタシ,ワタシ
たち	名詞,接尾,一般,*,*,*,たち,タチ,タチ
の	助詞,連体化,*,*,*,*,の,ノ,ノ
手	名詞,一般,*,*,*,*,手,テ,テ
に	助詞,格助詞,一般,*,*,*,に,ニ,ニ
渡さ	動詞,自立,*,*,五段・サ行,未然形,渡す,ワタサ,ワタサ
れる	動詞,接尾,*,*,一段,基本形,れる,レル,レル
から	助詞,接続助詞,*,*,*,*,から,カラ,カラ
です	助動詞,*,*,*,特殊・デス,基本形,です,デス,デス
。	記号,句点,*,*,*,*,。,。,。
これ	名詞,代名詞,一般,*,*,*,これ,コレ,コレ
は	助詞,係助詞,*,*,*,*,は,ハ,ワ
わたし	名詞,代名詞,一般,*,*,*,わたし,ワタシ,ワタシ
たち	名詞,接尾,一般,*,*,*,たち,タチ,タチ
の	助詞,連体化,*,*,*,*,の,ノ,ノ
ため	名詞,非自立,副詞可能,*,*,*,ため,タメ,タメ
の	助詞,連体化,*,*,*,*,の,ノ,ノ
しるし	名詞,一般,*,*,*,*,しるし,シルシ,シルシ
です	助動詞,*,*,*,特殊・デス,基本形,です,デス,デス
」	記号,括弧閉,*,*,*,*,」,」,」
。	記号,句点,*,*,*,*,。,。,。
こうして	接続詞,*,*,*,*,*,こうして,コウシテ,コーシテ
，	記号,読点,*,*,*,*,，,，,，
彼ら	名詞,代名詞,一般,*,*,*,彼ら,カレラ,カレラ
二	名詞,数,*,*,*,*,二,ニ,ニ
人	名詞,接尾,助数詞,*,*,*,人,ニン,ニン
は	助詞,係助詞,*,*,*,*,は,ハ,ワ
フィリスティア	名詞,一般,*,*,*,*,*
人	名詞,接尾,一般,*,*,*,人,ジン,ジン
の	助詞,連体化,*,*,*,*,の,ノ,ノ
前哨	名詞,一般,*,*,*,*,前哨,ゼンショウ,ゼンショー
部隊	名詞,一般,*,*,*,*,部隊,ブタイ,ブタイ
に	助詞,格助詞,一般,*,*,*,に,ニ,ニ
身	名詞,一般,*,*,*,*,身,ミ,ミ
を	助詞,格助詞,一般,*,*,*,を,ヲ,ヲ
現	接頭詞,名詞接続,*,*,*,*,現,ゲン,ゲン
わし	名詞,一般,*,*,*,*,わし,ワシ,ワシ
た	助動詞,*,*,*,特殊・タ,基本形,た,タ,タ
。	記号,句点,*,*,*,*,。,。,。
すると	接続詞,*,*,*,*,*,すると,スルト,スルト
フィリスティア	名詞,一般,*,*,*,*,*
人	名詞,接尾,一般,*,*,*,人,ジン,ジン
は	助詞,係助詞,*,*,*,*,は,ハ,ワ
言い	動詞,自立,*,*,五段・ワ行促音便,連用形,言う,イイ,イイ
だし	動詞,非自立,*,*,五段・サ行,連用形,だす,ダシ,ダシ
た	助動詞,*,*,*,特殊・タ,基本形,た,タ,タ
，	記号,読点,*,*,*,*,，,，,，
「	記号,括弧開,*,*,*,*,「,「,「
やあ	感動詞,*,*,*,*,*,やあ,ヤア,ヤー
，	記号,読点,*,*,*,*,，,，,，
ヘブライ	名詞,固有名詞,一般,*,*,*,ヘブライ,ヘブライ,ヘブライ
人	名詞,接尾,一般,*,*,*,人,ジン,ジン
が	助詞,格助詞,一般,*,*,*,が,ガ,ガ
，	記号,読点,*,*,*,*,，,，,，
隠れ	動詞,自立,*,*,一段,連用形,隠れる,カクレ,カクレ
て	助詞,接続助詞,*,*,*,*,て,テ,テ
い	動詞,非自立,*,*,一段,連用形,いる,イ,イ
た	助動詞,*,*,*,特殊・タ,基本形,た,タ,タ
穴	名詞,一般,*,*,*,*,穴,アナ,アナ
から	助詞,格助詞,一般,*,*,*,から,カラ,カラ
出	動詞,自立,*,*,一段,連用形,出る,デ,デ
て	助詞,接続助詞,*,*,*,*,て,テ,テ
来る	動詞,非自立,*,*,カ変・来ル,基本形,来る,クル,クル
ぞ	助詞,終助詞,*,*,*,*,ぞ,ゾ,ゾ
」	記号,括弧閉,*,*,*,*,」,」,」
。	記号,句点,*,*,*,*,。,。,。
それで	接続詞,*,*,*,*,*,それで,ソレデ,ソレデ
前哨	名詞,一般,*,*,*,*,前哨,ゼンショウ,ゼンショー
部隊	名詞,一般,*,*,*,*,部隊,ブタイ,ブタイ
の	助詞,連体化,*,*,*,*,の,ノ,ノ
者	名詞,一般,*,*,*,*,者,モノ,モノ
たち	名詞,接尾,一般,*,*,*,たち,タチ,タチ
は	助詞,係助詞,*,*,*,*,は,ハ,ワ
ヨナタン	名詞,一般,*,*,*,*,*
と	助詞,格助詞,一般,*,*,*,と,ト,ト
その	連体詞,*,*,*,*,*,その,ソノ,ソノ
武具	名詞,一般,*,*,*,*,武具,ブグ,ブグ
持ち	名詞,接尾,一般,*,*,*,持ち,モチ,モチ
に	助詞,格助詞,一般,*,*,*,に,ニ,ニ
答え	動詞,自立,*,*,一段,連用形,答える,コタエ,コタエ
て	助詞,接続助詞,*,*,*,*,て,テ,テ
言っ	動詞,自立,*,*,五段・ワ行促音便,連用タ接続,言う,イッ,イッ
た	助動詞,*,*,*,特殊・タ,基本形,た,タ,タ
，	記号,読点,*,*,*,*,，,，,，
「	記号,括弧開,*,*,*,*,「,「,「
我々	名詞,代名詞,一般,*,*,*,我々,ワレワレ,ワレワレ
の	助詞,連体化,*,*,*,*,の,ノ,ノ
ところ	名詞,非自立,副詞可能,*,*,*,ところ,トコロ,トコロ
に	助詞,格助詞,一般,*,*,*,に,ニ,ニ
上っ	動詞,自立,*,*,五段・ラ行,連用タ接続,上る,ノボッ,ノボッ
て	助詞,接続助詞,*,*,*,*,て,テ,テ
来い	動詞,非自立,*,*,カ変・来ル,命令ｉ,来る,コイ,コイ
。	記号,句点,*,*,*,*,。,。,。
そうしたら	接続詞,*,*,*,*,*,そうしたら,ソウシタラ,ソーシタラ
，	記号,読点,*,*,*,*,，,，,，
お前	名詞,代名詞,一般,*,*,*,お前,オマエ,オマエ
たち	名詞,接尾,一般,*,*,*,たち,タチ,タチ
に	助詞,格助詞,一般,*,*,*,に,ニ,ニ
思い知らせ	動詞,自立,*,*,一段,連用形,思い知らせる,オモイシラセ,オモイシラセ
て	助詞,接続助詞,*,*,*,*,て,テ,テ
やる	動詞,非自立,*,*,五段・ラ行,基本形,やる,ヤル,ヤル
！	記号,一般,*,*,*,*,！,！,！
」	記号,括弧閉,*,*,*,*,」,」,」
ヨナタン	名詞,一般,*,*,*,*,*
は	助詞,係助詞,*,*,*,*,は,ハ,ワ
直ちに	副詞,一般,*,*,*,*,直ちに,タダチニ,タダチニ
その	連体詞,*,*,*,*,*,その,ソノ,ソノ
武具	名詞,一般,*,*,*,*,武具,ブグ,ブグ
持ち	名詞,接尾,一般,*,*,*,持ち,モチ,モチ
に	助詞,格助詞,一般,*,*,*,に,ニ,ニ
言っ	動詞,自立,*,*,五段・ワ行促音便,連用タ接続,言う,イッ,イッ
た	助動詞,*,*,*,特殊・タ,基本形,た,タ,タ
，	記号,読点,*,*,*,*,，,，,，
「	記号,括弧開,*,*,*,*,「,「,「
わたし	名詞,代名詞,一般,*,*,*,わたし,ワタシ,ワタシ
に	助詞,格助詞,一般,*,*,*,に,ニ,ニ
付い	動詞,自立,*,*,五段・カ行イ音便,連用タ接続,付く,ツイ,ツイ
て	助詞,接続助詞,*,*,*,*,て,テ,テ
上っ	動詞,自立,*,*,五段・ラ行,連用タ接続,上る,ノボッ,ノボッ
て	助詞,接続助詞,*,*,*,*,て,テ,テ
来	動詞,非自立,*,*,カ変・来ル,連用形,来る,キ,キ
なさい	動詞,非自立,*,*,五段・ラ行特殊,命令ｉ,なさる,ナサイ,ナサイ
。	記号,句点,*,*,*,*,。,。,。
エホバ	名詞,一般,*,*,*,*,エホバ,エホバ,エホバ
は	助詞,係助詞,*,*,*,*,は,ハ,ワ
必ず	副詞,助詞類接続,*,*,*,*,必ず,カナラズ,カナラズ
彼ら	名詞,代名詞,一般,*,*,*,彼ら,カレラ,カレラ
を	助詞,格助詞,一般,*,*,*,を,ヲ,ヲ
イスラエル	名詞,固有名詞,地域,国,*,*,イスラエル,イスラエル,イスラエル
の	助詞,連体化,*,*,*,*,の,ノ,ノ
手	名詞,一般,*,*,*,*,手,テ,テ
に	助詞,格助詞,一般,*,*,*,に,ニ,ニ
渡さ	動詞,自立,*,*,五段・サ行,未然形,渡す,ワタサ,ワタサ
れる	動詞,接尾,*,*,一段,基本形,れる,レル,レル
から	助詞,接続助詞,*,*,*,*,から,カラ,カラ
です	助動詞,*,*,*,特殊・デス,基本形,です,デス,デス
」	記号,括弧閉,*,*,*,*,」,」,」
。	記号,句点,*,*,*,*,。,。,。
そして	接続詞,*,*,*,*,*,そして,ソシテ,ソシテ
ヨナタン	名詞,一般,*,*,*,*,*
は	助詞,係助詞,*,*,*,*,は,ハ,ワ
手足	名詞,一般,*,*,*,*,手足,テアシ,テアシ
を	助詞,格助詞,一般,*,*,*,を,ヲ,ヲ
使っ	動詞,自立,*,*,五段・ワ行促音便,連用タ接続,使う,ツカッ,ツカッ
て	助詞,接続助詞,*,*,*,*,て,テ,テ
上っ	動詞,自立,*,*,五段・ラ行,連用タ接続,上る,ノボッ,ノボッ
て	助詞,接続助詞,*,*,*,*,て,テ,テ
行き	動詞,非自立,*,*,五段・カ行促音便,連用形,行く,イキ,イキ
，	記号,読点,*,*,*,*,，,，,，
その	連体詞,*,*,*,*,*,その,ソノ,ソノ
武具	名詞,一般,*,*,*,*,武具,ブグ,ブグ
持ち	名詞,接尾,一般,*,*,*,持ち,モチ,モチ
も	助詞,係助詞,*,*,*,*,も,モ,モ
彼	名詞,代名詞,一般,*,*,*,彼,カレ,カレ
に	助詞,格助詞,一般,*,*,*,に,ニ,ニ
付い	動詞,自立,*,*,五段・カ行イ音便,連用タ接続,付く,ツイ,ツイ
て	助詞,接続助詞,*,*,*,*,て,テ,テ
[	名詞,サ変接続,*,*,*,*,*
行っ	動詞,自立,*,*,五段・ワ行促音便,連用タ接続,行う,オコナッ,オコナッ
た	助動詞,*,*,*,特殊・タ,基本形,た,タ,タ
]。	名詞,サ変接続,*,*,*,*,*
そして	接続詞,*,*,*,*,*,そして,ソシテ,ソシテ
彼ら	名詞,代名詞,一般,*,*,*,彼ら,カレラ,カレラ
は	助詞,係助詞,*,*,*,*,は,ハ,ワ
ヨナタン	名詞,一般,*,*,*,*,*
の	助詞,連体化,*,*,*,*,の,ノ,ノ
前	名詞,副詞可能,*,*,*,*,前,マエ,マエ
に	助詞,格助詞,一般,*,*,*,に,ニ,ニ
倒れ	動詞,自立,*,*,一段,連用形,倒れる,タオレ,タオレ
はじめ	動詞,非自立,*,*,一段,連用形,はじめる,ハジメ,ハジメ
，	記号,読点,*,*,*,*,，,，,，
その	連体詞,*,*,*,*,*,その,ソノ,ソノ
武具	名詞,一般,*,*,*,*,武具,ブグ,ブグ
持ち	名詞,接尾,一般,*,*,*,持ち,モチ,モチ
は	助詞,係助詞,*,*,*,*,は,ハ,ワ
彼	名詞,代名詞,一般,*,*,*,彼,カレ,カレ
の	助詞,連体化,*,*,*,*,の,ノ,ノ
後ろ	名詞,一般,*,*,*,*,後ろ,ウシロ,ウシロ
で	助詞,格助詞,一般,*,*,*,で,デ,デ
彼ら	名詞,代名詞,一般,*,*,*,彼ら,カレラ,カレラ
を	助詞,格助詞,一般,*,*,*,を,ヲ,ヲ
殺し	動詞,自立,*,*,五段・サ行,連用形,殺す,コロシ,コロシ
て	助詞,接続助詞,*,*,*,*,て,テ,テ
いっ	動詞,非自立,*,*,五段・カ行促音便,連用タ接続,いく,イッ,イッ
た	助動詞,*,*,*,特殊・タ,基本形,た,タ,タ
。	記号,句点,*,*,*,*,。,。,。
そして	接続詞,*,*,*,*,*,そして,ソシテ,ソシテ
ヨナタン	名詞,一般,*,*,*,*,*
と	助詞,格助詞,一般,*,*,*,と,ト,ト
その	連体詞,*,*,*,*,*,その,ソノ,ソノ
武具	名詞,一般,*,*,*,*,武具,ブグ,ブグ
持ち	名詞,接尾,一般,*,*,*,持ち,モチ,モチ
が	助詞,格助詞,一般,*,*,*,が,ガ,ガ
彼ら	名詞,代名詞,一般,*,*,*,彼ら,カレラ,カレラ
を	助詞,格助詞,一般,*,*,*,を,ヲ,ヲ
討ち	動詞,自立,*,*,五段・タ行,連用形,討つ,ウチ,ウチ
倒し	動詞,自立,*,*,五段・サ行,連用形,倒す,タオシ,タオシ
た	助動詞,*,*,*,特殊・タ,基本形,た,タ,タ
その	連体詞,*,*,*,*,*,その,ソノ,ソノ
最初	名詞,一般,*,*,*,*,最初,サイショ,サイショ
の	助詞,連体化,*,*,*,*,の,ノ,ノ
殺りく	名詞,サ変接続,*,*,*,*,殺りく,サツリク,サツリク
[	名詞,サ変接続,*,*,*,*,*
で	助詞,格助詞,一般,*,*,*,で,デ,デ
殺し	動詞,自立,*,*,五段・サ行,連用形,殺す,コロシ,コロシ
た	助動詞,*,*,*,特殊・タ,基本形,た,タ,タ
の	助詞,連体化,*,*,*,*,の,ノ,ノ
]	名詞,サ変接続,*,*,*,*,*
は	助詞,係助詞,*,*,*,*,は,ハ,ワ
，	記号,読点,*,*,*,*,，,，,，
一	名詞,数,*,*,*,*,一,イチ,イチ
エーカー	名詞,接尾,助数詞,*,*,*,エーカー,エーカー,エーカー
の	助詞,連体化,*,*,*,*,の,ノ,ノ
畑	名詞,一般,*,*,*,*,畑,ハタケ,ハタケ
の	助詞,連体化,*,*,*,*,の,ノ,ノ
すき	名詞,一般,*,*,*,*,すき,スキ,スキ
道	名詞,接尾,一般,*,*,*,道,ドウ,ドー
の	助詞,連体化,*,*,*,*,の,ノ,ノ
およそ	連体詞,*,*,*,*,*,およそ,オヨソ,オヨソ
半分	名詞,副詞可能,*,*,*,*,半分,ハンブン,ハンブン
以内	名詞,非自立,副詞可能,*,*,*,以内,イナイ,イナイ
の	助詞,連体化,*,*,*,*,の,ノ,ノ
ところ	名詞,非自立,副詞可能,*,*,*,ところ,トコロ,トコロ
で	助詞,格助詞,一般,*,*,*,で,デ,デ
，	記号,読点,*,*,*,*,，,，,，
およそ	副詞,助詞類接続,*,*,*,*,およそ,オヨソ,オヨソ
二	名詞,数,*,*,*,*,二,ニ,ニ
十	名詞,数,*,*,*,*,十,ジュウ,ジュー
人	名詞,接尾,助数詞,*,*,*,人,ニン,ニン
で	助動詞,*,*,*,特殊・ダ,連用形,だ,デ,デ
あっ	助動詞,*,*,*,五段・ラ行アル,連用タ接続,ある,アッ,アッ
た	助動詞,*,*,*,特殊・タ,基本形,た,タ,タ
。	記号,句点,*,*,*,*,。,。,。
それで	接続詞,*,*,*,*,*,それで,ソレデ,ソレデ
野	名詞,一般,*,*,*,*,野,ノ,ノ
の	助詞,連体化,*,*,*,*,の,ノ,ノ
陣営	名詞,一般,*,*,*,*,陣営,ジンエイ,ジンエイ
で	助詞,格助詞,一般,*,*,*,で,デ,デ
も	助詞,係助詞,*,*,*,*,も,モ,モ
，	記号,読点,*,*,*,*,，,，,，
前哨	名詞,一般,*,*,*,*,前哨,ゼンショウ,ゼンショー
部隊	名詞,一般,*,*,*,*,部隊,ブタイ,ブタイ
の	助詞,連体化,*,*,*,*,の,ノ,ノ
すべて	名詞,副詞可能,*,*,*,*,すべて,スベテ,スベテ
の	助詞,連体化,*,*,*,*,の,ノ,ノ
民	名詞,一般,*,*,*,*,民,ミン,ミン
の	助詞,連体化,*,*,*,*,の,ノ,ノ
間	名詞,一般,*,*,*,*,間,マ,マ
でも	助詞,副助詞,*,*,*,*,でも,デモ,デモ
おののき	動詞,自立,*,*,五段・カ行イ音便,連用形,おののく,オノノキ,オノノキ
が	助詞,格助詞,一般,*,*,*,が,ガ,ガ
生じ	動詞,自立,*,*,一段,連用形,生じる,ショウジ,ショージ
，	記号,読点,*,*,*,*,，,，,，
略奪	名詞,サ変接続,*,*,*,*,略奪,リャクダツ,リャクダツ
隊	名詞,接尾,一般,*,*,*,隊,タイ,タイ
も	助詞,係助詞,*,*,*,*,も,モ,モ
，	記号,読点,*,*,*,*,，,，,，
彼ら	名詞,代名詞,一般,*,*,*,彼ら,カレラ,カレラ
さえ	助詞,係助詞,*,*,*,*,さえ,サエ,サエ
も	助詞,係助詞,*,*,*,*,も,モ,モ
，	記号,読点,*,*,*,*,，,，,，
おののい	動詞,自立,*,*,五段・カ行イ音便,連用タ接続,おののく,オノノイ,オノノイ
た	助動詞,*,*,*,特殊・タ,基本形,た,タ,タ
。	記号,句点,*,*,*,*,。,。,。
地	名詞,一般,*,*,*,*,地,チ,チ
は	助詞,係助詞,*,*,*,*,は,ハ,ワ
震い	動詞,自立,*,*,五段・ワ行促音便,連用形,震う,フルイ,フルイ
動きだし	動詞,自立,*,*,五段・サ行,連用形,動きだす,ウゴキダシ,ウゴキダシ
，	記号,読点,*,*,*,*,，,，,，
それ	名詞,代名詞,一般,*,*,*,それ,ソレ,ソレ
は	助詞,係助詞,*,*,*,*,は,ハ,ワ
神	名詞,一般,*,*,*,*,神,カミ,カミ
から	助詞,格助詞,一般,*,*,*,から,カラ,カラ
の	助詞,連体化,*,*,*,*,の,ノ,ノ
おののき	動詞,自立,*,*,五段・カ行イ音便,連用形,おののく,オノノキ,オノノキ
と	助詞,格助詞,引用,*,*,*,と,ト,ト
なっ	動詞,自立,*,*,五段・ラ行,連用タ接続,なる,ナッ,ナッ
た	助動詞,*,*,*,特殊・タ,基本形,た,タ,タ
。	記号,句点,*,*,*,*,。,。,。
そして	接続詞,*,*,*,*,*,そして,ソシテ,ソシテ
，	記号,読点,*,*,*,*,，,，,，
ベニヤ	名詞,一般,*,*,*,*,ベニヤ,ベニヤ,ベニヤ
ミン	名詞,固有名詞,一般,*,*,*,ミン,ミン,ミン
の	助詞,連体化,*,*,*,*,の,ノ,ノ
ギベア	名詞,一般,*,*,*,*,*
に	助詞,格助詞,一般,*,*,*,に,ニ,ニ
いる	動詞,自立,*,*,一段,基本形,いる,イル,イル
サウル	名詞,一般,*,*,*,*,*
の	助詞,連体化,*,*,*,*,の,ノ,ノ
見張り	名詞,一般,*,*,*,*,見張り,ミハリ,ミハリ
の	助詞,連体化,*,*,*,*,の,ノ,ノ
者	名詞,一般,*,*,*,*,者,モノ,モノ
たち	名詞,接尾,一般,*,*,*,たち,タチ,タチ
が	助詞,格助詞,一般,*,*,*,が,ガ,ガ
それ	名詞,代名詞,一般,*,*,*,それ,ソレ,ソレ
を	助詞,格助詞,一般,*,*,*,を,ヲ,ヲ
見る	動詞,自立,*,*,一段,基本形,見る,ミル,ミル
と	助詞,接続助詞,*,*,*,*,と,ト,ト
，	記号,読点,*,*,*,*,，,，,，
見よ	動詞,自立,*,*,一段,命令ｙｏ,見る,ミヨ,ミヨ
，	記号,読点,*,*,*,*,，,，,，
その	連体詞,*,*,*,*,*,その,ソノ,ソノ
騒ぎ	名詞,一般,*,*,*,*,騒ぎ,サワギ,サワギ
は	助詞,係助詞,*,*,*,*,は,ハ,ワ
あちこち	名詞,代名詞,一般,*,*,*,あちこち,アチコチ,アチコチ
に	助詞,格助詞,一般,*,*,*,に,ニ,ニ
波及	名詞,サ変接続,*,*,*,*,波及,ハキュウ,ハキュー
し	動詞,自立,*,*,サ変・スル,連用形,する,シ,シ
て	助詞,接続助詞,*,*,*,*,て,テ,テ
い	動詞,非自立,*,*,一段,連用形,いる,イ,イ
た	助動詞,*,*,*,特殊・タ,基本形,た,タ,タ
。	記号,句点,*,*,*,*,。,。,。
そこで	接続詞,*,*,*,*,*,そこで,ソコデ,ソコデ
サウル	名詞,一般,*,*,*,*,*
は	助詞,係助詞,*,*,*,*,は,ハ,ワ
彼	名詞,代名詞,一般,*,*,*,彼,カレ,カレ
と共に	助詞,格助詞,連語,*,*,*,と共に,トトモニ,トトモニ
いる	動詞,自立,*,*,一段,基本形,いる,イル,イル
民	名詞,一般,*,*,*,*,民,ミン,ミン
に	助詞,格助詞,一般,*,*,*,に,ニ,ニ
言っ	動詞,自立,*,*,五段・ワ行促音便,連用タ接続,言う,イッ,イッ
た	助動詞,*,*,*,特殊・タ,基本形,た,タ,タ
，	記号,読点,*,*,*,*,，,，,，
「	記号,括弧開,*,*,*,*,「,「,「
どう	副詞,助詞類接続,*,*,*,*,どう,ドウ,ドー
か	助詞,副助詞／並立助詞／終助詞,*,*,*,*,か,カ,カ
数	名詞,一般,*,*,*,*,数,カズ,カズ
を	助詞,格助詞,一般,*,*,*,を,ヲ,ヲ
調べ	動詞,自立,*,*,一段,連用形,調べる,シラベ,シラベ
て	助詞,接続助詞,*,*,*,*,て,テ,テ
，	記号,読点,*,*,*,*,，,，,，
だれ	名詞,代名詞,一般,*,*,*,だれ,ダレ,ダレ
が	助詞,格助詞,一般,*,*,*,が,ガ,ガ
わたし	名詞,代名詞,一般,*,*,*,わたし,ワタシ,ワタシ
たち	名詞,接尾,一般,*,*,*,たち,タチ,タチ
の	助詞,連体化,*,*,*,*,の,ノ,ノ
ところ	名詞,非自立,副詞可能,*,*,*,ところ,トコロ,トコロ
から	助詞,格助詞,一般,*,*,*,から,カラ,カラ
出	動詞,自立,*,*,一段,連用形,出る,デ,デ
て	助詞,接続助詞,*,*,*,*,て,テ,テ
行っ	動詞,非自立,*,*,五段・カ行促音便,連用タ接続,行く,イッ,イッ
た	助動詞,*,*,*,特殊・タ,基本形,た,タ,タ
の	名詞,非自立,一般,*,*,*,の,ノ,ノ
か	助詞,副助詞／並立助詞／終助詞,*,*,*,*,か,カ,カ
を	助詞,格助詞,一般,*,*,*,を,ヲ,ヲ
見	動詞,自立,*,*,一段,連用形,見る,ミ,ミ
て	助詞,接続助詞,*,*,*,*,て,テ,テ
もらい	動詞,非自立,*,*,五段・ワ行促音便,連用形,もらう,モライ,モライ
たい	助動詞,*,*,*,特殊・タイ,基本形,たい,タイ,タイ
」	記号,括弧閉,*,*,*,*,」,」,」
。	記号,句点,*,*,*,*,。,。,。
彼ら	名詞,代名詞,一般,*,*,*,彼ら,カレラ,カレラ
が	助詞,格助詞,一般,*,*,*,が,ガ,ガ
数	名詞,一般,*,*,*,*,数,カズ,カズ
を	助詞,格助詞,一般,*,*,*,を,ヲ,ヲ
調べる	動詞,自立,*,*,一段,基本形,調べる,シラベル,シラベル
と	助詞,接続助詞,*,*,*,*,と,ト,ト
，	記号,読点,*,*,*,*,，,，,，
何と	副詞,一般,*,*,*,*,何と,ナント,ナント
，	記号,読点,*,*,*,*,，,，,，
見よ	動詞,自立,*,*,一段,命令ｙｏ,見る,ミヨ,ミヨ
，	記号,読点,*,*,*,*,，,，,，
ヨナタン	名詞,一般,*,*,*,*,*
と	助詞,格助詞,一般,*,*,*,と,ト,ト
その	連体詞,*,*,*,*,*,その,ソノ,ソノ
武具	名詞,一般,*,*,*,*,武具,ブグ,ブグ
持ち	名詞,接尾,一般,*,*,*,持ち,モチ,モチ
が	助詞,格助詞,一般,*,*,*,が,ガ,ガ
い	動詞,自立,*,*,一段,未然形,いる,イ,イ
なかっ	助動詞,*,*,*,特殊・ナイ,連用タ接続,ない,ナカッ,ナカッ
た	助動詞,*,*,*,特殊・タ,基本形,た,タ,タ
。	記号,句点,*,*,*,*,。,。,。
サウル	名詞,一般,*,*,*,*,*
は	助詞,係助詞,*,*,*,*,は,ハ,ワ
そこ	名詞,代名詞,一般,*,*,*,そこ,ソコ,ソコ
で	助詞,格助詞,一般,*,*,*,で,デ,デ
アヒヤ	名詞,一般,*,*,*,*,*
に	助詞,格助詞,一般,*,*,*,に,ニ,ニ
言っ	動詞,自立,*,*,五段・ワ行促音便,連用タ接続,言う,イッ,イッ
た	助動詞,*,*,*,特殊・タ,基本形,た,タ,タ
，	記号,読点,*,*,*,*,，,，,，
「	記号,括弧開,*,*,*,*,「,「,「
どう	副詞,助詞類接続,*,*,*,*,どう,ドウ,ドー
か	助詞,副助詞／並立助詞／終助詞,*,*,*,*,か,カ,カ
，	記号,読点,*,*,*,*,，,，,，
[	名詞,サ変接続,*,*,*,*,*
ま	フィラー,*,*,*,*,*,ま,マ,マ
こと	名詞,非自立,一般,*,*,*,こと,コト,コト
の	助詞,連体化,*,*,*,*,の,ノ,ノ
]	名詞,サ変接続,*,*,*,*,*
神	名詞,接尾,一般,*,*,*,神,シン,シン
の	助詞,連体化,*,*,*,*,の,ノ,ノ
箱	名詞,一般,*,*,*,*,箱,ハコ,ハコ
を	助詞,格助詞,一般,*,*,*,を,ヲ,ヲ
そば	名詞,一般,*,*,*,*,そば,ソバ,ソバ
に	助詞,格助詞,一般,*,*,*,に,ニ,ニ
持っ	動詞,自立,*,*,五段・タ行,連用タ接続,持つ,モッ,モッ
て	助詞,接続助詞,*,*,*,*,て,テ,テ
来	動詞,非自立,*,*,カ変・来ル,連用形,来る,キ,キ
て	助詞,接続助詞,*,*,*,*,て,テ,テ
ください	動詞,非自立,*,*,五段・ラ行特殊,命令ｉ,くださる,クダサイ,クダサイ
！	記号,一般,*,*,*,*,！,！,！
」（[	名詞,サ変接続,*,*,*,*,*
ま	フィラー,*,*,*,*,*,ま,マ,マ
こと	名詞,非自立,一般,*,*,*,こと,コト,コト
の	助詞,連体化,*,*,*,*,の,ノ,ノ
]	名詞,サ変接続,*,*,*,*,*
神	名詞,接尾,一般,*,*,*,神,シン,シン
の	助詞,連体化,*,*,*,*,の,ノ,ノ
箱	名詞,一般,*,*,*,*,箱,ハコ,ハコ
は	助詞,係助詞,*,*,*,*,は,ハ,ワ
その	連体詞,*,*,*,*,*,その,ソノ,ソノ
日	名詞,非自立,副詞可能,*,*,*,日,ヒ,ヒ
，	記号,読点,*,*,*,*,，,，,，
イスラエル	名詞,固有名詞,地域,国,*,*,イスラエル,イスラエル,イスラエル
の	助詞,連体化,*,*,*,*,の,ノ,ノ
子	名詞,一般,*,*,*,*,子,コ,コ
ら	名詞,接尾,一般,*,*,*,ら,ラ,ラ
と共に	助詞,格助詞,連語,*,*,*,と共に,トトモニ,トトモニ
あっ	動詞,自立,*,*,五段・ラ行,連用タ接続,ある,アッ,アッ
た	助動詞,*,*,*,特殊・タ,基本形,た,タ,タ
から	助詞,接続助詞,*,*,*,*,から,カラ,カラ
で	助動詞,*,*,*,特殊・ダ,連用形,だ,デ,デ
ある	助動詞,*,*,*,五段・ラ行アル,基本形,ある,アル,アル
。	記号,句点,*,*,*,*,。,。,。
）	記号,括弧閉,*,*,*,*,）,）,）
そして	接続詞,*,*,*,*,*,そして,ソシテ,ソシテ
，	記号,読点,*,*,*,*,，,，,，
サウル	名詞,一般,*,*,*,*,*
が	助詞,格助詞,一般,*,*,*,が,ガ,ガ
祭司	名詞,一般,*,*,*,*,祭司,サイシ,サイシ
と	助詞,格助詞,引用,*,*,*,と,ト,ト
話し	動詞,自立,*,*,五段・サ行,連用形,話す,ハナシ,ハナシ
て	助詞,接続助詞,*,*,*,*,て,テ,テ
いる	動詞,非自立,*,*,一段,基本形,いる,イル,イル
間	名詞,一般,*,*,*,*,間,マ,マ
に	助詞,格助詞,一般,*,*,*,に,ニ,ニ
も	助詞,係助詞,*,*,*,*,も,モ,モ
，	記号,読点,*,*,*,*,，,，,，
フィリスティア	名詞,一般,*,*,*,*,*
人	名詞,接尾,一般,*,*,*,人,ジン,ジン
の	助詞,連体化,*,*,*,*,の,ノ,ノ
陣営	名詞,一般,*,*,*,*,陣営,ジンエイ,ジンエイ
で	助詞,格助詞,一般,*,*,*,で,デ,デ
生じ	動詞,自立,*,*,一段,連用形,生じる,ショウジ,ショージ
た	助動詞,*,*,*,特殊・タ,基本形,た,タ,タ
騒ぎ	名詞,一般,*,*,*,*,騒ぎ,サワギ,サワギ
は	助詞,係助詞,*,*,*,*,は,ハ,ワ
続き	動詞,自立,*,*,五段・カ行イ音便,連用形,続く,ツヅキ,ツズキ
，	記号,読点,*,*,*,*,，,，,，
ますます	副詞,助詞類接続,*,*,*,*,ますます,マスマス,マスマス
大きく	形容詞,自立,*,*,形容詞・イ段,連用テ接続,大きい,オオキク,オーキク
なっ	動詞,自立,*,*,五段・ラ行,連用タ接続,なる,ナッ,ナッ
て	助詞,接続助詞,*,*,*,*,て,テ,テ
ゆく	動詞,非自立,*,*,五段・カ行促音便ユク,基本形,ゆく,ユク,ユク
の	名詞,非自立,一般,*,*,*,の,ノ,ノ
で	助動詞,*,*,*,特殊・ダ,連用形,だ,デ,デ
あっ	助動詞,*,*,*,五段・ラ行アル,連用タ接続,ある,アッ,アッ
た	助動詞,*,*,*,特殊・タ,基本形,た,タ,タ
。	記号,句点,*,*,*,*,。,。,。
そこで	接続詞,*,*,*,*,*,そこで,ソコデ,ソコデ
サウル	名詞,一般,*,*,*,*,*
は	助詞,係助詞,*,*,*,*,は,ハ,ワ
祭司	名詞,一般,*,*,*,*,祭司,サイシ,サイシ
に	助詞,格助詞,一般,*,*,*,に,ニ,ニ
，	記号,読点,*,*,*,*,，,，,，
「	記号,括弧開,*,*,*,*,「,「,「
あなた	名詞,代名詞,一般,*,*,*,あなた,アナタ,アナタ
の	助詞,連体化,*,*,*,*,の,ノ,ノ
手	名詞,一般,*,*,*,*,手,テ,テ
を	助詞,格助詞,一般,*,*,*,を,ヲ,ヲ
引い	動詞,自立,*,*,五段・カ行イ音便,連用タ接続,引く,ヒイ,ヒイ
て	助詞,接続助詞,*,*,*,*,て,テ,テ
ください	動詞,非自立,*,*,五段・ラ行特殊,命令ｉ,くださる,クダサイ,クダサイ
」	記号,括弧閉,*,*,*,*,」,」,」
と	助詞,格助詞,引用,*,*,*,と,ト,ト
言っ	動詞,自立,*,*,五段・ワ行促音便,連用タ接続,言う,イッ,イッ
た	助動詞,*,*,*,特殊・タ,基本形,た,タ,タ
。	記号,句点,*,*,*,*,。,。,。
こうして	接続詞,*,*,*,*,*,こうして,コウシテ,コーシテ
サウル	名詞,一般,*,*,*,*,*
と	助詞,並立助詞,*,*,*,*,と,ト,ト
，	記号,読点,*,*,*,*,，,，,，
彼	名詞,代名詞,一般,*,*,*,彼,カレ,カレ
と	助詞,格助詞,一般,*,*,*,と,ト,ト
共に	副詞,一般,*,*,*,*,共に,トモニ,トモニ
い	動詞,自立,*,*,一段,連用形,いる,イ,イ
た	助動詞,*,*,*,特殊・タ,基本形,た,タ,タ
民	名詞,一般,*,*,*,*,民,ミン,ミン
は	助詞,係助詞,*,*,*,*,は,ハ,ワ
みな	名詞,副詞可能,*,*,*,*,みな,ミナ,ミナ
呼び出さ	動詞,自立,*,*,五段・サ行,未然形,呼び出す,ヨビダサ,ヨビダサ
れ	動詞,接尾,*,*,一段,連用形,れる,レ,レ
た	助動詞,*,*,*,特殊・タ,基本形,た,タ,タ
。	記号,句点,*,*,*,*,。,。,。
それで	接続詞,*,*,*,*,*,それで,ソレデ,ソレデ
彼ら	名詞,代名詞,一般,*,*,*,彼ら,カレラ,カレラ
が	助詞,格助詞,一般,*,*,*,が,ガ,ガ
戦場	名詞,一般,*,*,*,*,戦場,センジョウ,センジョー
まで	助詞,副助詞,*,*,*,*,まで,マデ,マデ
来る	動詞,自立,*,*,カ変・来ル,基本形,来る,クル,クル
と	助詞,接続助詞,*,*,*,*,と,ト,ト
，	記号,読点,*,*,*,*,，,，,，
見よ	動詞,自立,*,*,一段,命令ｙｏ,見る,ミヨ,ミヨ
，	記号,読点,*,*,*,*,，,，,，
各人	名詞,一般,*,*,*,*,各人,カクジン,カクジン
の	助詞,連体化,*,*,*,*,の,ノ,ノ
剣	名詞,一般,*,*,*,*,剣,ケン,ケン
が	助詞,格助詞,一般,*,*,*,が,ガ,ガ
仲間	名詞,一般,*,*,*,*,仲間,ナカマ,ナカマ
の	助詞,連体化,*,*,*,*,の,ノ,ノ
者	名詞,非自立,一般,*,*,*,者,モノ,モノ
に	助詞,格助詞,一般,*,*,*,に,ニ,ニ
向かっ	動詞,自立,*,*,五段・ワ行促音便,連用タ接続,向かう,ムカッ,ムカッ
て	助詞,接続助詞,*,*,*,*,て,テ,テ
おり	動詞,非自立,*,*,五段・ラ行,連用形,おる,オリ,オリ
，	記号,読点,*,*,*,*,，,，,，
その	連体詞,*,*,*,*,*,その,ソノ,ソノ
敗走	名詞,サ変接続,*,*,*,*,敗走,ハイソウ,ハイソー
は	助詞,係助詞,*,*,*,*,は,ハ,ワ
非常	名詞,形容動詞語幹,*,*,*,*,非常,ヒジョウ,ヒジョー
に	助詞,副詞化,*,*,*,*,に,ニ,ニ
大きかっ	形容詞,自立,*,*,形容詞・イ段,連用タ接続,大きい,オオキカッ,オーキカッ
た	助動詞,*,*,*,特殊・タ,基本形,た,タ,タ
。	記号,句点,*,*,*,*,。,。,。
そして	接続詞,*,*,*,*,*,そして,ソシテ,ソシテ
，	記号,読点,*,*,*,*,，,，,，
以前	名詞,副詞可能,*,*,*,*,以前,イゼン,イゼン
フィリスティア	名詞,一般,*,*,*,*,*
人	名詞,接尾,一般,*,*,*,人,ジン,ジン
に	助詞,格助詞,一般,*,*,*,に,ニ,ニ
付い	動詞,自立,*,*,五段・カ行イ音便,連用タ接続,付く,ツイ,ツイ
て	助詞,接続助詞,*,*,*,*,て,テ,テ
，	記号,読点,*,*,*,*,，,，,，
彼ら	名詞,代名詞,一般,*,*,*,彼ら,カレラ,カレラ
と共に	助詞,格助詞,連語,*,*,*,と共に,トトモニ,トトモニ
周り	名詞,一般,*,*,*,*,周り,マワリ,マワリ
の	助詞,連体化,*,*,*,*,の,ノ,ノ
陣営	名詞,一般,*,*,*,*,陣営,ジンエイ,ジンエイ
に	助詞,格助詞,一般,*,*,*,に,ニ,ニ
上っ	動詞,自立,*,*,五段・ラ行,連用タ接続,上る,ノボッ,ノボッ
て	助詞,接続助詞,*,*,*,*,て,テ,テ
来	動詞,非自立,*,*,カ変・来ル,連用形,来る,キ,キ
て	助詞,接続助詞,*,*,*,*,て,テ,テ
い	動詞,非自立,*,*,一段,連用形,いる,イ,イ
た	助動詞,*,*,*,特殊・タ,基本形,た,タ,タ
ヘブライ	名詞,固有名詞,一般,*,*,*,ヘブライ,ヘブライ,ヘブライ
人	名詞,接尾,一般,*,*,*,人,ジン,ジン
が	助詞,格助詞,一般,*,*,*,が,ガ,ガ
，	記号,読点,*,*,*,*,，,，,，
彼ら	名詞,代名詞,一般,*,*,*,彼ら,カレラ,カレラ
まで	助詞,副助詞,*,*,*,*,まで,マデ,マデ
が	助詞,格助詞,一般,*,*,*,が,ガ,ガ
，	記号,読点,*,*,*,*,，,，,，
サウル	名詞,一般,*,*,*,*,*
や	助詞,並立助詞,*,*,*,*,や,ヤ,ヤ
ヨナタン	名詞,一般,*,*,*,*,*
と共に	助詞,格助詞,連語,*,*,*,と共に,トトモニ,トトモニ
い	動詞,自立,*,*,一段,連用形,いる,イ,イ
た	助動詞,*,*,*,特殊・タ,基本形,た,タ,タ
イスラエル	名詞,固有名詞,地域,国,*,*,イスラエル,イスラエル,イスラエル
と共に	助詞,格助詞,連語,*,*,*,と共に,トトモニ,トトモニ
いる	動詞,自立,*,*,一段,基本形,いる,イル,イル
者	名詞,非自立,一般,*,*,*,者,モノ,モノ
で	助動詞,*,*,*,特殊・ダ,連用形,だ,デ,デ
ある	助動詞,*,*,*,五段・ラ行アル,基本形,ある,アル,アル
こと	名詞,非自立,一般,*,*,*,こと,コト,コト
を	助詞,格助詞,一般,*,*,*,を,ヲ,ヲ
示そ	動詞,自立,*,*,五段・サ行,未然ウ接続,示す,シメソ,シメソ
う	助動詞,*,*,*,不変化型,基本形,う,ウ,ウ
と	助詞,格助詞,引用,*,*,*,と,ト,ト
し	動詞,自立,*,*,サ変・スル,連用形,する,シ,シ
た	助動詞,*,*,*,特殊・タ,基本形,た,タ,タ
。	記号,句点,*,*,*,*,。,。,。
また	接続詞,*,*,*,*,*,また,マタ,マタ
，	記号,読点,*,*,*,*,，,，,，
エフライム	名詞,一般,*,*,*,*,*
の	助詞,連体化,*,*,*,*,の,ノ,ノ
山地	名詞,一般,*,*,*,*,山地,サンチ,サンチ
に	助詞,格助詞,一般,*,*,*,に,ニ,ニ
隠れ	動詞,自立,*,*,一段,連用形,隠れる,カクレ,カクレ
て	助詞,接続助詞,*,*,*,*,て,テ,テ
い	動詞,非自立,*,*,一段,連用形,いる,イ,イ
た	助動詞,*,*,*,特殊・タ,基本形,た,タ,タ
イスラエル	名詞,固有名詞,地域,国,*,*,イスラエル,イスラエル,イスラエル
の	助詞,連体化,*,*,*,*,の,ノ,ノ
人々	名詞,一般,*,*,*,*,人々,ヒトビト,ヒトビト
も	助詞,係助詞,*,*,*,*,も,モ,モ
皆	名詞,代名詞,一般,*,*,*,皆,ミナ,ミナ
，	記号,読点,*,*,*,*,，,，,，
フィリスティア	名詞,一般,*,*,*,*,*
人	名詞,接尾,一般,*,*,*,人,ジン,ジン
が	助詞,格助詞,一般,*,*,*,が,ガ,ガ
逃げ	動詞,自立,*,*,一段,連用形,逃げる,ニゲ,ニゲ
去っ	動詞,自立,*,*,五段・ラ行,連用タ接続,去る,サッ,サッ
た	助動詞,*,*,*,特殊・タ,基本形,た,タ,タ
こと	名詞,非自立,一般,*,*,*,こと,コト,コト
を	助詞,格助詞,一般,*,*,*,を,ヲ,ヲ
聞き	動詞,自立,*,*,五段・カ行イ音便,連用形,聞く,キキ,キキ
，	記号,読点,*,*,*,*,，,，,，
彼ら	名詞,代名詞,一般,*,*,*,彼ら,カレラ,カレラ
も	助詞,係助詞,*,*,*,*,も,モ,モ
また	接続詞,*,*,*,*,*,また,マタ,マタ
その	連体詞,*,*,*,*,*,その,ソノ,ソノ
跡	名詞,一般,*,*,*,*,跡,アト,アト
に	助詞,格助詞,一般,*,*,*,に,ニ,ニ
追い	動詞,自立,*,*,五段・ワ行促音便,連用形,追う,オイ,オイ
迫っ	動詞,自立,*,*,五段・ラ行,連用タ接続,迫る,セマッ,セマッ
て	助詞,接続助詞,*,*,*,*,て,テ,テ
戦い	名詞,一般,*,*,*,*,戦い,タタカイ,タタカイ
に	助詞,格助詞,一般,*,*,*,に,ニ,ニ
加わっ	動詞,自立,*,*,五段・ラ行,連用タ接続,加わる,クワワッ,クワワッ
た	助動詞,*,*,*,特殊・タ,基本形,た,タ,タ
。	記号,句点,*,*,*,*,。,。,。
こうして	接続詞,*,*,*,*,*,こうして,コウシテ,コーシテ
エホバ	名詞,一般,*,*,*,*,エホバ,エホバ,エホバ
は	助詞,係助詞,*,*,*,*,は,ハ,ワ
その	連体詞,*,*,*,*,*,その,ソノ,ソノ
日	名詞,非自立,副詞可能,*,*,*,日,ヒ,ヒ
，	記号,読点,*,*,*,*,，,，,，
イスラエル	名詞,固有名詞,地域,国,*,*,イスラエル,イスラエル,イスラエル
を	助詞,格助詞,一般,*,*,*,を,ヲ,ヲ
救い	動詞,自立,*,*,五段・ワ行促音便,連用形,救う,スクイ,スクイ
，	記号,読点,*,*,*,*,，,，,，
戦い	名詞,一般,*,*,*,*,戦い,タタカイ,タタカイ
は	助詞,係助詞,*,*,*,*,は,ハ,ワ
ベト	名詞,固有名詞,人名,名,*,*,ベト,ベト,ベト
･	名詞,サ変接続,*,*,*,*,*
アベン	名詞,一般,*,*,*,*,*
に	助詞,格助詞,一般,*,*,*,に,ニ,ニ
移っ	動詞,自立,*,*,五段・ラ行,連用タ接続,移る,ウツッ,ウツッ
た	助動詞,*,*,*,特殊・タ,基本形,た,タ,タ
。	記号,句点,*,*,*,*,。,。,。
とき	名詞,非自立,副詞可能,*,*,*,とき,トキ,トキ
に	助詞,格助詞,一般,*,*,*,に,ニ,ニ
，	記号,読点,*,*,*,*,，,，,，
イスラエル	名詞,固有名詞,地域,国,*,*,イスラエル,イスラエル,イスラエル
の	助詞,連体化,*,*,*,*,の,ノ,ノ
人々	名詞,一般,*,*,*,*,人々,ヒトビト,ヒトビト
は	助詞,係助詞,*,*,*,*,は,ハ,ワ
，	記号,読点,*,*,*,*,，,，,，
その	連体詞,*,*,*,*,*,その,ソノ,ソノ
日	名詞,非自立,副詞可能,*,*,*,日,ヒ,ヒ
，	記号,読点,*,*,*,*,，,，,，
ひどく	形容詞,自立,*,*,形容詞・アウオ段,連用テ接続,ひどい,ヒドク,ヒドク
圧迫	名詞,サ変接続,*,*,*,*,圧迫,アッパク,アッパク
さ	動詞,自立,*,*,サ変・スル,未然レル接続,する,サ,サ
れ	動詞,接尾,*,*,一段,連用形,れる,レ,レ
た	助動詞,*,*,*,特殊・タ,基本形,た,タ,タ
。	記号,句点,*,*,*,*,。,。,。
それなのに	接続詞,*,*,*,*,*,それなのに,ソレナノニ,ソレナノニ
，	記号,読点,*,*,*,*,，,，,，
サウル	名詞,一般,*,*,*,*,*
は	助詞,係助詞,*,*,*,*,は,ハ,ワ
民	名詞,一般,*,*,*,*,民,ミン,ミン
に	助詞,格助詞,一般,*,*,*,に,ニ,ニ
誓約	名詞,サ変接続,*,*,*,*,誓約,セイヤク,セイヤク
を	助詞,格助詞,一般,*,*,*,を,ヲ,ヲ
立て	動詞,自立,*,*,一段,未然形,立てる,タテ,タテ
させ	動詞,接尾,*,*,一段,連用形,させる,サセ,サセ
て	助詞,接続助詞,*,*,*,*,て,テ,テ
言っ	動詞,自立,*,*,五段・ワ行促音便,連用タ接続,言う,イッ,イッ
た	助動詞,*,*,*,特殊・タ,基本形,た,タ,タ
，	記号,読点,*,*,*,*,，,，,，
「	記号,括弧開,*,*,*,*,「,「,「
夕方	名詞,副詞可能,*,*,*,*,夕方,ユウガタ,ユーガタ
に	助詞,格助詞,一般,*,*,*,に,ニ,ニ
なる	動詞,自立,*,*,五段・ラ行,基本形,なる,ナル,ナル
前	名詞,副詞可能,*,*,*,*,前,マエ,マエ
に	助詞,格助詞,一般,*,*,*,に,ニ,ニ
，	記号,読点,*,*,*,*,，,，,，
わたし	名詞,代名詞,一般,*,*,*,わたし,ワタシ,ワタシ
が	助詞,格助詞,一般,*,*,*,が,ガ,ガ
敵	名詞,一般,*,*,*,*,敵,テキ,テキ
に	助詞,格助詞,一般,*,*,*,に,ニ,ニ
復しゅう	名詞,サ変接続,*,*,*,*,復しゅう,フクシュウ,フクシュー
を	助詞,格助詞,一般,*,*,*,を,ヲ,ヲ
する	動詞,自立,*,*,サ変・スル,基本形,する,スル,スル
まで	助詞,副助詞,*,*,*,*,まで,マデ,マデ
，	記号,読点,*,*,*,*,，,，,，
パン	名詞,一般,*,*,*,*,パン,パン,パン
を	助詞,格助詞,一般,*,*,*,を,ヲ,ヲ
食べる	動詞,自立,*,*,一段,基本形,食べる,タベル,タベル
者	名詞,非自立,一般,*,*,*,者,モノ,モノ
は	助詞,係助詞,*,*,*,*,は,ハ,ワ
，	記号,読点,*,*,*,*,，,，,，
のろわ	動詞,自立,*,*,五段・ワ行促音便,未然形,のろう,ノロワ,ノロワ
れよ	動詞,接尾,*,*,一段,命令ｙｏ,れる,レヨ,レヨ
！	記号,一般,*,*,*,*,！,！,！
」	記号,括弧閉,*,*,*,*,」,」,」
それ	名詞,代名詞,一般,*,*,*,それ,ソレ,ソレ
で	助詞,格助詞,一般,*,*,*,で,デ,デ
民	名詞,一般,*,*,*,*,民,ミン,ミン
は	助詞,係助詞,*,*,*,*,は,ハ,ワ
だれ	名詞,代名詞,一般,*,*,*,だれ,ダレ,ダレ
も	助詞,係助詞,*,*,*,*,も,モ,モ
パン	名詞,一般,*,*,*,*,パン,パン,パン
を	助詞,格助詞,一般,*,*,*,を,ヲ,ヲ
味見	名詞,サ変接続,*,*,*,*,味見,アジミ,アジミ
し	動詞,自立,*,*,サ変・スル,未然形,する,シ,シ
なかっ	助動詞,*,*,*,特殊・ナイ,連用タ接続,ない,ナカッ,ナカッ
た	助動詞,*,*,*,特殊・タ,基本形,た,タ,タ
。	記号,句点,*,*,*,*,。,。,。
ところで	接続詞,*,*,*,*,*,ところで,トコロデ,トコロデ
，	記号,読点,*,*,*,*,，,，,，
地	名詞,一般,*,*,*,*,地,チ,チ
の	助詞,連体化,*,*,*,*,の,ノ,ノ
者	名詞,一般,*,*,*,*,者,モノ,モノ
たち	名詞,接尾,一般,*,*,*,たち,タチ,タチ
が	助詞,格助詞,一般,*,*,*,が,ガ,ガ
みな	名詞,副詞可能,*,*,*,*,みな,ミナ,ミナ
森	名詞,一般,*,*,*,*,森,モリ,モリ
に	助詞,格助詞,一般,*,*,*,に,ニ,ニ
入る	動詞,自立,*,*,五段・ラ行,基本形,入る,ハイル,ハイル
と	助詞,接続助詞,*,*,*,*,と,ト,ト
，	記号,読点,*,*,*,*,，,，,，
蜜	名詞,一般,*,*,*,*,蜜,ミツ,ミツ
が	助詞,格助詞,一般,*,*,*,が,ガ,ガ
野	名詞,一般,*,*,*,*,野,ノ,ノ
の	助詞,連体化,*,*,*,*,の,ノ,ノ
表	名詞,一般,*,*,*,*,表,ヒョウ,ヒョー
の	助詞,格助詞,一般,*,*,*,の,ノ,ノ
至る	動詞,自立,*,*,五段・ラ行,基本形,至る,イタル,イタル
所	名詞,非自立,副詞可能,*,*,*,所,トコロ,トコロ
に	助詞,格助詞,一般,*,*,*,に,ニ,ニ
あっ	動詞,自立,*,*,五段・ラ行,連用タ接続,ある,アッ,アッ
た	助動詞,*,*,*,特殊・タ,基本形,た,タ,タ
。	記号,句点,*,*,*,*,。,。,。
民	名詞,一般,*,*,*,*,民,ミン,ミン
が	助詞,格助詞,一般,*,*,*,が,ガ,ガ
森	名詞,一般,*,*,*,*,森,モリ,モリ
に	助詞,格助詞,一般,*,*,*,に,ニ,ニ
入っ	動詞,自立,*,*,五段・ラ行,連用タ接続,入る,ハイッ,ハイッ
た	助動詞,*,*,*,特殊・タ,基本形,た,タ,タ
とき	名詞,非自立,副詞可能,*,*,*,とき,トキ,トキ
，	記号,読点,*,*,*,*,，,，,，
何と	副詞,一般,*,*,*,*,何と,ナント,ナント
，	記号,読点,*,*,*,*,，,，,，
見よ	動詞,自立,*,*,一段,命令ｙｏ,見る,ミヨ,ミヨ
，	記号,読点,*,*,*,*,，,，,，
蜜	名詞,一般,*,*,*,*,蜜,ミツ,ミツ
が	助詞,格助詞,一般,*,*,*,が,ガ,ガ
滴り	動詞,自立,*,*,五段・ラ行,連用形,滴る,シタタリ,シタタリ
落ち	動詞,自立,*,*,一段,連用形,落ちる,オチ,オチ
て	助詞,接続助詞,*,*,*,*,て,テ,テ
い	動詞,非自立,*,*,一段,連用形,いる,イ,イ
た	助動詞,*,*,*,特殊・タ,基本形,た,タ,タ
が	助詞,接続助詞,*,*,*,*,が,ガ,ガ
，	記号,読点,*,*,*,*,，,，,，
だれ	名詞,代名詞,一般,*,*,*,だれ,ダレ,ダレ
ひとり	名詞,一般,*,*,*,*,ひとり,ヒトリ,ヒトリ
として	助詞,格助詞,連語,*,*,*,として,トシテ,トシテ
手	名詞,一般,*,*,*,*,手,テ,テ
を	助詞,格助詞,一般,*,*,*,を,ヲ,ヲ
口	名詞,一般,*,*,*,*,口,クチ,クチ
に	助詞,格助詞,一般,*,*,*,に,ニ,ニ
付ける	動詞,自立,*,*,一段,基本形,付ける,ツケル,ツケル
者	名詞,非自立,一般,*,*,*,者,モノ,モノ
は	助詞,係助詞,*,*,*,*,は,ハ,ワ
い	動詞,非自立,*,*,一段,未然形,いる,イ,イ
なかっ	助動詞,*,*,*,特殊・ナイ,連用タ接続,ない,ナカッ,ナカッ
た	助動詞,*,*,*,特殊・タ,基本形,た,タ,タ
。	記号,句点,*,*,*,*,。,。,。
民	名詞,一般,*,*,*,*,民,ミン,ミン
は	助詞,係助詞,*,*,*,*,は,ハ,ワ
誓い	動詞,自立,*,*,五段・ワ行促音便,連用形,誓う,チカイ,チカイ
を	助詞,格助詞,一般,*,*,*,を,ヲ,ヲ
恐れ	動詞,自立,*,*,一段,連用形,恐れる,オソレ,オソレ
て	助詞,接続助詞,*,*,*,*,て,テ,テ
い	動詞,非自立,*,*,一段,連用形,いる,イ,イ
た	助動詞,*,*,*,特殊・タ,基本形,た,タ,タ
から	助詞,接続助詞,*,*,*,*,から,カラ,カラ
で	助動詞,*,*,*,特殊・ダ,連用形,だ,デ,デ
ある	助動詞,*,*,*,五段・ラ行アル,基本形,ある,アル,アル
。	記号,句点,*,*,*,*,。,。,。
しかし	接続詞,*,*,*,*,*,しかし,シカシ,シカシ
ヨナタン	名詞,一般,*,*,*,*,*
は	助詞,係助詞,*,*,*,*,は,ハ,ワ
，	記号,読点,*,*,*,*,，,，,，
父	名詞,一般,*,*,*,*,父,チチ,チチ
が	助詞,格助詞,一般,*,*,*,が,ガ,ガ
民	名詞,一般,*,*,*,*,民,ミン,ミン
に	助詞,格助詞,一般,*,*,*,に,ニ,ニ
誓い	動詞,自立,*,*,五段・ワ行促音便,連用形,誓う,チカイ,チカイ
を	助詞,格助詞,一般,*,*,*,を,ヲ,ヲ
立て	動詞,自立,*,*,一段,未然形,立てる,タテ,タテ
させ	動詞,接尾,*,*,一段,連用形,させる,サセ,サセ
た	助動詞,*,*,*,特殊・タ,基本形,た,タ,タ
とき	名詞,非自立,副詞可能,*,*,*,とき,トキ,トキ
，	記号,読点,*,*,*,*,，,，,，
聴い	動詞,自立,*,*,五段・カ行イ音便,連用タ接続,聴く,キイ,キイ
て	助詞,接続助詞,*,*,*,*,て,テ,テ
い	動詞,非自立,*,*,一段,未然形,いる,イ,イ
なかっ	助動詞,*,*,*,特殊・ナイ,連用タ接続,ない,ナカッ,ナカッ
た	助動詞,*,*,*,特殊・タ,基本形,た,タ,タ
ので	助詞,接続助詞,*,*,*,*,ので,ノデ,ノデ
，	記号,読点,*,*,*,*,，,，,，
彼	名詞,代名詞,一般,*,*,*,彼,カレ,カレ
は	助詞,係助詞,*,*,*,*,は,ハ,ワ
手	名詞,一般,*,*,*,*,手,テ,テ
に	助詞,格助詞,一般,*,*,*,に,ニ,ニ
あっ	動詞,自立,*,*,五段・ラ行,連用タ接続,ある,アッ,アッ
た	助動詞,*,*,*,特殊・タ,基本形,た,タ,タ
杖	名詞,一般,*,*,*,*,杖,ツエ,ツエ
の	助詞,連体化,*,*,*,*,の,ノ,ノ
先	名詞,一般,*,*,*,*,先,サキ,サキ
を	助詞,格助詞,一般,*,*,*,を,ヲ,ヲ
伸ばし	動詞,自立,*,*,五段・サ行,連用形,伸ばす,ノバシ,ノバシ
，	記号,読点,*,*,*,*,，,，,，
それ	名詞,代名詞,一般,*,*,*,それ,ソレ,ソレ
を	助詞,格助詞,一般,*,*,*,を,ヲ,ヲ
蜜	名詞,一般,*,*,*,*,蜜,ミツ,ミツ
ば	助詞,接続助詞,*,*,*,*,ば,バ,バ
ちの	名詞,固有名詞,地域,一般,*,*,ちの,チノ,チノ
巣	名詞,一般,*,*,*,*,巣,ス,ス
に	助詞,格助詞,一般,*,*,*,に,ニ,ニ
浸し	動詞,自立,*,*,五段・サ行,連用形,浸す,ヒタシ,ヒタシ
て	助詞,接続助詞,*,*,*,*,て,テ,テ
，	記号,読点,*,*,*,*,，,，,，
その	連体詞,*,*,*,*,*,その,ソノ,ソノ
手	名詞,一般,*,*,*,*,手,テ,テ
を	助詞,格助詞,一般,*,*,*,を,ヲ,ヲ
口	名詞,一般,*,*,*,*,口,クチ,クチ
に	助詞,格助詞,一般,*,*,*,に,ニ,ニ
持っ	動詞,自立,*,*,五段・タ行,連用タ接続,持つ,モッ,モッ
て	助詞,接続助詞,*,*,*,*,て,テ,テ
いっ	動詞,非自立,*,*,五段・カ行促音便,連用タ接続,いく,イッ,イッ
た	助動詞,*,*,*,特殊・タ,基本形,た,タ,タ
ところ	名詞,非自立,副詞可能,*,*,*,ところ,トコロ,トコロ
，	記号,読点,*,*,*,*,，,，,，
彼	名詞,代名詞,一般,*,*,*,彼,カレ,カレ
の	助詞,連体化,*,*,*,*,の,ノ,ノ
目	名詞,一般,*,*,*,*,目,メ,メ
は	助詞,係助詞,*,*,*,*,は,ハ,ワ
輝き	動詞,自立,*,*,五段・カ行イ音便,連用形,輝く,カガヤキ,カガヤキ
だし	動詞,非自立,*,*,五段・サ行,連用形,だす,ダシ,ダシ
た	助動詞,*,*,*,特殊・タ,基本形,た,タ,タ
。	記号,句点,*,*,*,*,。,。,。
する	動詞,自立,*,*,サ変・スル,基本形,する,スル,スル
と	助詞,接続助詞,*,*,*,*,と,ト,ト
，	記号,読点,*,*,*,*,，,，,，
民	名詞,一般,*,*,*,*,民,ミン,ミン
の	助詞,連体化,*,*,*,*,の,ノ,ノ
一	名詞,数,*,*,*,*,一,イチ,イチ
人	名詞,接尾,助数詞,*,*,*,人,ニン,ニン
が	助詞,格助詞,一般,*,*,*,が,ガ,ガ
答え	動詞,自立,*,*,一段,連用形,答える,コタエ,コタエ
て	助詞,接続助詞,*,*,*,*,て,テ,テ
言っ	動詞,自立,*,*,五段・ワ行促音便,連用タ接続,言う,イッ,イッ
た	助動詞,*,*,*,特殊・タ,基本形,た,タ,タ
，	記号,読点,*,*,*,*,，,，,，
「	記号,括弧開,*,*,*,*,「,「,「
あなた	名詞,代名詞,一般,*,*,*,あなた,アナタ,アナタ
の	助詞,連体化,*,*,*,*,の,ノ,ノ
父上	名詞,一般,*,*,*,*,父上,チチウエ,チチウエ
は	助詞,係助詞,*,*,*,*,は,ハ,ワ
厳重	名詞,形容動詞語幹,*,*,*,*,厳重,ゲンジュウ,ゲンジュー
に	助詞,副詞化,*,*,*,*,に,ニ,ニ
民	名詞,一般,*,*,*,*,民,ミン,ミン
に	助詞,格助詞,一般,*,*,*,に,ニ,ニ
誓い	動詞,自立,*,*,五段・ワ行促音便,連用形,誓う,チカイ,チカイ
を	助詞,格助詞,一般,*,*,*,を,ヲ,ヲ
立て	動詞,自立,*,*,一段,未然形,立てる,タテ,タテ
させ	動詞,接尾,*,*,一段,連用形,させる,サセ,サセ
て	助詞,接続助詞,*,*,*,*,て,テ,テ
，	記号,読点,*,*,*,*,，,，,，
『	記号,括弧開,*,*,*,*,『,『,『
今日	名詞,副詞可能,*,*,*,*,今日,キョウ,キョー
，	記号,読点,*,*,*,*,，,，,，
パン	名詞,一般,*,*,*,*,パン,パン,パン
を	助詞,格助詞,一般,*,*,*,を,ヲ,ヲ
食べる	動詞,自立,*,*,一段,基本形,食べる,タベル,タベル
者	名詞,非自立,一般,*,*,*,者,モノ,モノ
は	助詞,係助詞,*,*,*,*,は,ハ,ワ
のろわ	動詞,自立,*,*,五段・ワ行促音便,未然形,のろう,ノロワ,ノロワ
れよ	動詞,接尾,*,*,一段,命令ｙｏ,れる,レヨ,レヨ
！	記号,一般,*,*,*,*,！,！,！
』	記号,括弧閉,*,*,*,*,』,』,』
と	助詞,格助詞,引用,*,*,*,と,ト,ト
言わ	動詞,自立,*,*,五段・ワ行促音便,未然形,言う,イワ,イワ
れ	動詞,接尾,*,*,一段,連用形,れる,レ,レ
まし	助動詞,*,*,*,特殊・マス,連用形,ます,マシ,マシ
た	助動詞,*,*,*,特殊・タ,基本形,た,タ,タ
」	記号,括弧閉,*,*,*,*,」,」,」
。	記号,句点,*,*,*,*,。,。,。
（	記号,括弧開,*,*,*,*,（,（,（
それで	接続詞,*,*,*,*,*,それで,ソレデ,ソレデ
民	名詞,一般,*,*,*,*,民,ミン,ミン
は	助詞,係助詞,*,*,*,*,は,ハ,ワ
疲れ	動詞,自立,*,*,一段,連用形,疲れる,ツカレ,ツカレ
だし	動詞,非自立,*,*,五段・サ行,連用形,だす,ダシ,ダシ
た	助動詞,*,*,*,特殊・タ,基本形,た,タ,タ
。	記号,句点,*,*,*,*,。,。,。
）	記号,括弧閉,*,*,*,*,）,）,）
しかし	接続詞,*,*,*,*,*,しかし,シカシ,シカシ
ヨナタン	名詞,一般,*,*,*,*,*
は	助詞,係助詞,*,*,*,*,は,ハ,ワ
言っ	動詞,自立,*,*,五段・ワ行促音便,連用タ接続,言う,イッ,イッ
た	助動詞,*,*,*,特殊・タ,基本形,た,タ,タ
，	記号,読点,*,*,*,*,，,，,，
「	記号,括弧開,*,*,*,*,「,「,「
わたし	名詞,代名詞,一般,*,*,*,わたし,ワタシ,ワタシ
の	助詞,連体化,*,*,*,*,の,ノ,ノ
父	名詞,一般,*,*,*,*,父,チチ,チチ
は	助詞,係助詞,*,*,*,*,は,ハ,ワ
この	連体詞,*,*,*,*,*,この,コノ,コノ
地	名詞,一般,*,*,*,*,地,チ,チ
を	助詞,格助詞,一般,*,*,*,を,ヲ,ヲ
のけ者	名詞,一般,*,*,*,*,のけ者,ノケモノ,ノケモノ
に	助詞,格助詞,一般,*,*,*,に,ニ,ニ
なら	動詞,自立,*,*,五段・ラ行,未然形,なる,ナラ,ナラ
せ	動詞,接尾,*,*,一段,連用形,せる,セ,セ
まし	助動詞,*,*,*,特殊・マス,連用形,ます,マシ,マシ
た	助動詞,*,*,*,特殊・タ,基本形,た,タ,タ
。	記号,句点,*,*,*,*,。,。,。
どう	副詞,助詞類接続,*,*,*,*,どう,ドウ,ドー
か	助詞,副助詞／並立助詞／終助詞,*,*,*,*,か,カ,カ
，	記号,読点,*,*,*,*,，,，,，
ご覧	名詞,動詞非自立的,*,*,*,*,ご覧,ゴラン,ゴラン
なさい	動詞,自立,*,*,五段・ラ行特殊,命令ｉ,なさる,ナサイ,ナサイ
。	記号,句点,*,*,*,*,。,。,。
この	連体詞,*,*,*,*,*,この,コノ,コノ
蜜	名詞,一般,*,*,*,*,蜜,ミツ,ミツ
を	助詞,格助詞,一般,*,*,*,を,ヲ,ヲ
ほんの	連体詞,*,*,*,*,*,ほんの,ホンノ,ホンノ
少し	副詞,助詞類接続,*,*,*,*,少し,スコシ,スコシ
味見	名詞,サ変接続,*,*,*,*,味見,アジミ,アジミ
し	動詞,自立,*,*,サ変・スル,連用形,する,シ,シ
た	助動詞,*,*,*,特殊・タ,基本形,た,タ,タ
だけ	助詞,副助詞,*,*,*,*,だけ,ダケ,ダケ
で	助動詞,*,*,*,特殊・ダ,連用形,だ,デ,デ
，	記号,読点,*,*,*,*,，,，,，
わたし	名詞,代名詞,一般,*,*,*,わたし,ワタシ,ワタシ
の	助詞,連体化,*,*,*,*,の,ノ,ノ
目	名詞,一般,*,*,*,*,目,メ,メ
は	助詞,係助詞,*,*,*,*,は,ハ,ワ
何と	副詞,一般,*,*,*,*,何と,ナント,ナント
輝い	動詞,自立,*,*,五段・カ行イ音便,連用タ接続,輝く,カガヤイ,カガヤイ
て	助詞,接続助詞,*,*,*,*,て,テ,テ
いる	動詞,非自立,*,*,一段,基本形,いる,イル,イル
の	名詞,非自立,一般,*,*,*,の,ノ,ノ
でしょ	助動詞,*,*,*,特殊・デス,未然形,です,デショ,デショ
う	助動詞,*,*,*,不変化型,基本形,う,ウ,ウ
。	記号,句点,*,*,*,*,。,。,。
まして	副詞,一般,*,*,*,*,まして,マシテ,マシテ
民	名詞,一般,*,*,*,*,民,ミン,ミン
が	助詞,格助詞,一般,*,*,*,が,ガ,ガ
今日	名詞,副詞可能,*,*,*,*,今日,キョウ,キョー
，	記号,読点,*,*,*,*,，,，,，
自分	名詞,一般,*,*,*,*,自分,ジブン,ジブン
たち	名詞,接尾,一般,*,*,*,たち,タチ,タチ
の	助詞,連体化,*,*,*,*,の,ノ,ノ
見つけ	動詞,自立,*,*,一段,連用形,見つける,ミツケ,ミツケ
た	助動詞,*,*,*,特殊・タ,基本形,た,タ,タ
，	記号,読点,*,*,*,*,，,，,，
敵	名詞,一般,*,*,*,*,敵,テキ,テキ
の	助詞,連体化,*,*,*,*,の,ノ,ノ
分捕り	動詞,自立,*,*,五段・ラ行,連用形,分捕る,ブンドリ,ブンドリ
物	名詞,接尾,一般,*,*,*,物,ブツ,ブツ
から	助詞,格助詞,一般,*,*,*,から,カラ,カラ
取っ	動詞,自立,*,*,五段・ラ行,連用タ接続,取る,トッ,トッ
て	助詞,接続助詞,*,*,*,*,て,テ,テ
食べ	動詞,自立,*,*,一段,連用形,食べる,タベ,タベ
て	助詞,接続助詞,*,*,*,*,て,テ,テ
さえ	助詞,係助詞,*,*,*,*,さえ,サエ,サエ
い	動詞,自立,*,*,一段,連用形,いる,イ,イ
た	助動詞,*,*,*,特殊・タ,基本形,た,タ,タ
なら	助動詞,*,*,*,特殊・ダ,仮定形,だ,ナラ,ナラ
，	記号,読点,*,*,*,*,，,，,，
なおさら	副詞,助詞類接続,*,*,*,*,なおさら,ナオサラ,ナオサラ
の	助詞,連体化,*,*,*,*,の,ノ,ノ
こと	名詞,非自立,一般,*,*,*,こと,コト,コト
だっ	助動詞,*,*,*,特殊・ダ,連用タ接続,だ,ダッ,ダッ
た	助動詞,*,*,*,特殊・タ,基本形,た,タ,タ
でしょ	助動詞,*,*,*,特殊・デス,未然形,です,デショ,デショ
う	助動詞,*,*,*,不変化型,基本形,う,ウ,ウ
！	記号,一般,*,*,*,*,！,！,！
今	名詞,副詞可能,*,*,*,*,今,イマ,イマ
も	助詞,係助詞,*,*,*,*,も,モ,モ
フィリスティア	名詞,一般,*,*,*,*,*
人	名詞,接尾,一般,*,*,*,人,ジン,ジン
に対する	助詞,格助詞,連語,*,*,*,に対する,ニタイスル,ニタイスル
殺りく	名詞,サ変接続,*,*,*,*,殺りく,サツリク,サツリク
は	助詞,係助詞,*,*,*,*,は,ハ,ワ
大きく	形容詞,自立,*,*,形容詞・イ段,連用テ接続,大きい,オオキク,オーキク
は	助詞,係助詞,*,*,*,*,は,ハ,ワ
ない	形容詞,自立,*,*,形容詞・アウオ段,基本形,ない,ナイ,ナイ
から	助詞,接続助詞,*,*,*,*,から,カラ,カラ
です	助動詞,*,*,*,特殊・デス,基本形,です,デス,デス
」	記号,括弧閉,*,*,*,*,」,」,」
。	記号,句点,*,*,*,*,。,。,。
そして	接続詞,*,*,*,*,*,そして,ソシテ,ソシテ
，	記号,読点,*,*,*,*,，,，,，
その	連体詞,*,*,*,*,*,その,ソノ,ソノ
日	名詞,非自立,副詞可能,*,*,*,日,ヒ,ヒ
，	記号,読点,*,*,*,*,，,，,，
彼ら	名詞,代名詞,一般,*,*,*,彼ら,カレラ,カレラ
は	助詞,係助詞,*,*,*,*,は,ハ,ワ
ミクマシュ	名詞,一般,*,*,*,*,*
から	助詞,格助詞,一般,*,*,*,から,カラ,カラ
アヤロン	名詞,一般,*,*,*,*,*
に	助詞,格助詞,一般,*,*,*,に,ニ,ニ
至る	動詞,自立,*,*,五段・ラ行,基本形,至る,イタル,イタル
まで	助詞,副助詞,*,*,*,*,まで,マデ,マデ
フィリスティア	名詞,一般,*,*,*,*,*
人	名詞,接尾,一般,*,*,*,人,ジン,ジン
を	助詞,格助詞,一般,*,*,*,を,ヲ,ヲ
討ち	動詞,自立,*,*,五段・タ行,連用形,討つ,ウチ,ウチ
倒し	動詞,自立,*,*,五段・サ行,連用形,倒す,タオシ,タオシ
て	助詞,接続助詞,*,*,*,*,て,テ,テ
いっ	動詞,非自立,*,*,五段・カ行促音便,連用タ接続,いく,イッ,イッ
た	助動詞,*,*,*,特殊・タ,基本形,た,タ,タ
。	記号,句点,*,*,*,*,。,。,。
それで	接続詞,*,*,*,*,*,それで,ソレデ,ソレデ
民	名詞,一般,*,*,*,*,民,ミン,ミン
は	助詞,係助詞,*,*,*,*,は,ハ,ワ
非常	名詞,形容動詞語幹,*,*,*,*,非常,ヒジョウ,ヒジョー
に	助詞,副詞化,*,*,*,*,に,ニ,ニ
疲れ	動詞,自立,*,*,一段,連用形,疲れる,ツカレ,ツカレ
た	助動詞,*,*,*,特殊・タ,基本形,た,タ,タ
。	記号,句点,*,*,*,*,。,。,。
そこで	接続詞,*,*,*,*,*,そこで,ソコデ,ソコデ
民	名詞,一般,*,*,*,*,民,ミン,ミン
は	助詞,係助詞,*,*,*,*,は,ハ,ワ
貪欲	名詞,形容動詞語幹,*,*,*,*,貪欲,ドンヨク,ドンヨク
に	助詞,格助詞,一般,*,*,*,に,ニ,ニ
も	助詞,係助詞,*,*,*,*,も,モ,モ
分捕り	動詞,自立,*,*,五段・ラ行,連用形,分捕る,ブンドリ,ブンドリ
物	名詞,接尾,一般,*,*,*,物,ブツ,ブツ
に	助詞,格助詞,一般,*,*,*,に,ニ,ニ
飛び	動詞,自立,*,*,五段・バ行,連用形,飛ぶ,トビ,トビ
掛かっ	動詞,自立,*,*,五段・ラ行,連用タ接続,掛かる,カカッ,カカッ
て	助詞,接続助詞,*,*,*,*,て,テ,テ
，	記号,読点,*,*,*,*,，,，,，
羊	名詞,一般,*,*,*,*,羊,ヒツジ,ヒツジ
や	助詞,並立助詞,*,*,*,*,や,ヤ,ヤ
牛	名詞,一般,*,*,*,*,牛,ウシ,ウシ
や	助詞,並立助詞,*,*,*,*,や,ヤ,ヤ
子	接頭詞,名詞接続,*,*,*,*,子,コ,コ
牛	名詞,一般,*,*,*,*,牛,ウシ,ウシ
を	助詞,格助詞,一般,*,*,*,を,ヲ,ヲ
取り	動詞,自立,*,*,五段・ラ行,連用形,取る,トリ,トリ
，	記号,読点,*,*,*,*,，,，,，
それ	名詞,代名詞,一般,*,*,*,それ,ソレ,ソレ
を	助詞,格助詞,一般,*,*,*,を,ヲ,ヲ
地	名詞,一般,*,*,*,*,地,チ,チ
の	助詞,連体化,*,*,*,*,の,ノ,ノ
上	名詞,非自立,副詞可能,*,*,*,上,ウエ,ウエ
に	助詞,格助詞,一般,*,*,*,に,ニ,ニ
ほふり	動詞,自立,*,*,五段・ラ行,連用形,ほふる,ホフリ,ホフリ
はじめ	動詞,非自立,*,*,一段,連用形,はじめる,ハジメ,ハジメ
，	記号,読点,*,*,*,*,，,，,，
民	名詞,一般,*,*,*,*,民,ミン,ミン
は	助詞,係助詞,*,*,*,*,は,ハ,ワ
血	名詞,一般,*,*,*,*,血,チ,チ
の	助詞,連体化,*,*,*,*,の,ノ,ノ
まま	名詞,非自立,副詞可能,*,*,*,まま,ママ,ママ
で	助詞,格助詞,一般,*,*,*,で,デ,デ
食べ	動詞,自立,*,*,一段,連用形,食べる,タベ,タベ
だし	動詞,非自立,*,*,五段・サ行,連用形,だす,ダシ,ダシ
た	助動詞,*,*,*,特殊・タ,基本形,た,タ,タ
。	記号,句点,*,*,*,*,。,。,。
それで	接続詞,*,*,*,*,*,それで,ソレデ,ソレデ
，	記号,読点,*,*,*,*,，,，,，
人々	名詞,一般,*,*,*,*,人々,ヒトビト,ヒトビト
は	助詞,係助詞,*,*,*,*,は,ハ,ワ
サウル	名詞,一般,*,*,*,*,*
に	助詞,格助詞,一般,*,*,*,に,ニ,ニ
告げ	動詞,自立,*,*,一段,連用形,告げる,ツゲ,ツゲ
て	助詞,接続助詞,*,*,*,*,て,テ,テ
言っ	動詞,自立,*,*,五段・ワ行促音便,連用タ接続,言う,イッ,イッ
た	助動詞,*,*,*,特殊・タ,基本形,た,タ,タ
，	記号,読点,*,*,*,*,，,，,，
「	記号,括弧開,*,*,*,*,「,「,「
ご覧	名詞,一般,*,*,*,*,ご覧,ゴラン,ゴラン
なさい	動詞,自立,*,*,五段・ラ行特殊,命令ｉ,なさる,ナサイ,ナサイ
。	記号,句点,*,*,*,*,。,。,。
民	名詞,一般,*,*,*,*,民,ミン,ミン
は	助詞,係助詞,*,*,*,*,は,ハ,ワ
血	名詞,一般,*,*,*,*,血,チ,チ
の	助詞,連体化,*,*,*,*,の,ノ,ノ
まま	名詞,非自立,副詞可能,*,*,*,まま,ママ,ママ
で	助詞,格助詞,一般,*,*,*,で,デ,デ
食べ	動詞,自立,*,*,一段,連用形,食べる,タベ,タベ
て	助詞,接続助詞,*,*,*,*,て,テ,テ
，	記号,読点,*,*,*,*,，,，,，
エホバ	名詞,一般,*,*,*,*,エホバ,エホバ,エホバ
に対して	助詞,格助詞,連語,*,*,*,に対して,ニタイシテ,ニタイシテ
罪	名詞,一般,*,*,*,*,罪,ツミ,ツミ
を	助詞,格助詞,一般,*,*,*,を,ヲ,ヲ
おかし	動詞,自立,*,*,五段・サ行,連用形,おかす,オカシ,オカシ
て	助詞,接続助詞,*,*,*,*,て,テ,テ
い	動詞,非自立,*,*,一段,連用形,いる,イ,イ
ます	助動詞,*,*,*,特殊・マス,基本形,ます,マス,マス
」	記号,括弧閉,*,*,*,*,」,」,」
。	記号,句点,*,*,*,*,。,。,。
そこで	接続詞,*,*,*,*,*,そこで,ソコデ,ソコデ
彼	名詞,代名詞,一般,*,*,*,彼,カレ,カレ
は	助詞,係助詞,*,*,*,*,は,ハ,ワ
言っ	動詞,自立,*,*,五段・ワ行促音便,連用タ接続,言う,イッ,イッ
た	助動詞,*,*,*,特殊・タ,基本形,た,タ,タ
，	記号,読点,*,*,*,*,，,，,，
「	記号,括弧開,*,*,*,*,「,「,「
あなた	名詞,代名詞,一般,*,*,*,あなた,アナタ,アナタ
方	名詞,接尾,一般,*,*,*,方,カタ,カタ
は	助詞,係助詞,*,*,*,*,は,ハ,ワ
不実	名詞,一般,*,*,*,*,不実,フジツ,フジツ
な	助動詞,*,*,*,特殊・ダ,体言接続,だ,ナ,ナ
こと	名詞,非自立,一般,*,*,*,こと,コト,コト
を	助詞,格助詞,一般,*,*,*,を,ヲ,ヲ
し	動詞,自立,*,*,サ変・スル,連用形,する,シ,シ
た	助動詞,*,*,*,特殊・タ,基本形,た,タ,タ
。	記号,句点,*,*,*,*,。,。,。
何	名詞,代名詞,一般,*,*,*,何,ナニ,ナニ
より	助詞,格助詞,一般,*,*,*,より,ヨリ,ヨリ
も	助詞,係助詞,*,*,*,*,も,モ,モ
まず	副詞,一般,*,*,*,*,まず,マズ,マズ
，	記号,読点,*,*,*,*,，,，,，
わたし	名詞,代名詞,一般,*,*,*,わたし,ワタシ,ワタシ
の	助詞,連体化,*,*,*,*,の,ノ,ノ
もと	名詞,非自立,一般,*,*,*,もと,モト,モト
に	助詞,格助詞,一般,*,*,*,に,ニ,ニ
大きな	連体詞,*,*,*,*,*,大きな,オオキナ,オーキナ
石	名詞,一般,*,*,*,*,石,イシ,イシ
を	助詞,格助詞,一般,*,*,*,を,ヲ,ヲ
転がし	動詞,自立,*,*,五段・サ行,連用形,転がす,コロガシ,コロガシ
て	助詞,接続助詞,*,*,*,*,て,テ,テ
来	動詞,非自立,*,*,カ変・来ル,連用形,来る,キ,キ
なさい	動詞,非自立,*,*,五段・ラ行特殊,命令ｉ,なさる,ナサイ,ナサイ
」	記号,括弧閉,*,*,*,*,」,」,」
。	記号,句点,*,*,*,*,。,。,。
その後	名詞,副詞可能,*,*,*,*,その後,ソノゴ,ソノゴ
，	記号,読点,*,*,*,*,，,，,，
サウル	名詞,一般,*,*,*,*,*
は	助詞,係助詞,*,*,*,*,は,ハ,ワ
言っ	動詞,自立,*,*,五段・ワ行促音便,連用タ接続,言う,イッ,イッ
た	助動詞,*,*,*,特殊・タ,基本形,た,タ,タ
，	記号,読点,*,*,*,*,，,，,，
「	記号,括弧開,*,*,*,*,「,「,「
民	名詞,一般,*,*,*,*,民,ミン,ミン
の	助詞,連体化,*,*,*,*,の,ノ,ノ
中	名詞,非自立,副詞可能,*,*,*,中,ナカ,ナカ
に	助詞,格助詞,一般,*,*,*,に,ニ,ニ
散っ	動詞,自立,*,*,五段・ラ行,連用タ接続,散る,チッ,チッ
て	助詞,接続助詞,*,*,*,*,て,テ,テ
行っ	動詞,非自立,*,*,五段・カ行促音便,連用タ接続,行く,イッ,イッ
て	助詞,接続助詞,*,*,*,*,て,テ,テ
，	記号,読点,*,*,*,*,，,，,，
あなた	名詞,代名詞,一般,*,*,*,あなた,アナタ,アナタ
方	名詞,接尾,一般,*,*,*,方,カタ,カタ
は	助詞,係助詞,*,*,*,*,は,ハ,ワ
言い	動詞,自立,*,*,五段・ワ行促音便,連用形,言う,イイ,イイ
なさい	動詞,非自立,*,*,五段・ラ行特殊,命令ｉ,なさる,ナサイ,ナサイ
，	記号,読点,*,*,*,*,，,，,，
『	記号,括弧開,*,*,*,*,『,『,『
あなた	名詞,代名詞,一般,*,*,*,あなた,アナタ,アナタ
方	名詞,接尾,一般,*,*,*,方,カタ,カタ
は	助詞,係助詞,*,*,*,*,は,ハ,ワ
各々	名詞,副詞可能,*,*,*,*,各々,オノオノ,オノオノ
，	記号,読点,*,*,*,*,，,，,，
自分	名詞,一般,*,*,*,*,自分,ジブン,ジブン
の	助詞,連体化,*,*,*,*,の,ノ,ノ
牛	名詞,一般,*,*,*,*,牛,ウシ,ウシ
を	助詞,格助詞,一般,*,*,*,を,ヲ,ヲ
，	記号,読点,*,*,*,*,，,，,，
また	接続詞,*,*,*,*,*,また,マタ,マタ
各々	副詞,一般,*,*,*,*,各々,オノオノ,オノオノ
，	記号,読点,*,*,*,*,，,，,，
自分	名詞,一般,*,*,*,*,自分,ジブン,ジブン
の	助詞,連体化,*,*,*,*,の,ノ,ノ
羊	名詞,一般,*,*,*,*,羊,ヒツジ,ヒツジ
を	助詞,格助詞,一般,*,*,*,を,ヲ,ヲ
わたし	名詞,代名詞,一般,*,*,*,わたし,ワタシ,ワタシ
の	助詞,連体化,*,*,*,*,の,ノ,ノ
そば	名詞,一般,*,*,*,*,そば,ソバ,ソバ
に	助詞,格助詞,一般,*,*,*,に,ニ,ニ
連れ	動詞,自立,*,*,一段,連用形,連れる,ツレ,ツレ
て	助詞,接続助詞,*,*,*,*,て,テ,テ
来	動詞,非自立,*,*,カ変・来ル,連用形,来る,キ,キ
て	助詞,接続助詞,*,*,*,*,て,テ,テ
，	記号,読点,*,*,*,*,，,，,，
ここ	名詞,代名詞,一般,*,*,*,ここ,ココ,ココ
で	助詞,格助詞,一般,*,*,*,で,デ,デ
ほふっ	動詞,自立,*,*,五段・ラ行,連用タ接続,ほふる,ホフッ,ホフッ
て	助詞,接続助詞,*,*,*,*,て,テ,テ
食べ	動詞,自立,*,*,一段,連用形,食べる,タベ,タベ
なさい	動詞,非自立,*,*,五段・ラ行特殊,命令ｉ,なさる,ナサイ,ナサイ
。	記号,句点,*,*,*,*,。,。,。
あなた	名詞,代名詞,一般,*,*,*,あなた,アナタ,アナタ
方	名詞,接尾,一般,*,*,*,方,カタ,カタ
EOS
は	助詞,係助詞,*,*,*,*,は,ハ,ワ
血	名詞,一般,*,*,*,*,血,チ,チ
の	助詞,連体化,*,*,*,*,の,ノ,ノ
まま	名詞,非自立,副詞可能,*,*,*,まま,ママ,ママ
で	助詞,格助詞,一般,*,*,*,で,デ,デ
食べ	動詞,自立,*,*,一段,連用形,食べる,タベ,タベ
て	助詞,接続助詞,*,*,*,*,て,テ,テ
エホバ	名詞,一般,*,*,*,*,エホバ,エホバ,エホバ
に対して	助詞,格助詞,連語,*,*,*,に対して,ニタイシテ,ニタイシテ
罪	名詞,一般,*,*,*,*,罪,ツミ,ツミ
を	助詞,格助詞,一般,*,*,*,を,ヲ,ヲ
おかし	動詞,自立,*,*,五段・サ行,連用形,おかす,オカシ,オカシ
て	助詞,接続助詞,*,*,*,*,て,テ,テ
は	助詞,係助詞,*,*,*,*,は,ハ,ワ
なら	動詞,非自立,*,*,五段・ラ行,未然形,なる,ナラ,ナラ
ない	助動詞,*,*,*,特殊・ナイ,基本形,ない,ナイ,ナイ
』	記号,括弧閉,*,*,*,*,』,』,』
」	記号,括弧閉,*,*,*,*,」,」,」
。	記号,句点,*,*,*,*,。,。,。
そこで	接続詞,*,*,*,*,*,そこで,ソコデ,ソコデ
民	名詞,一般,*,*,*,*,民,ミン,ミン
は	助詞,係助詞,*,*,*,*,は,ハ,ワ
皆	名詞,代名詞,一般,*,*,*,皆,ミナ,ミナ
，	記号,読点,*,*,*,*,，,，,，
その	連体詞,*,*,*,*,*,その,ソノ,ソノ
夜	名詞,副詞可能,*,*,*,*,夜,ヨル,ヨル
，	記号,読点,*,*,*,*,，,，,，
各々	副詞,一般,*,*,*,*,各々,オノオノ,オノオノ
自分	名詞,一般,*,*,*,*,自分,ジブン,ジブン
の	助詞,連体化,*,*,*,*,の,ノ,ノ
手	名詞,一般,*,*,*,*,手,テ,テ
に	助詞,格助詞,一般,*,*,*,に,ニ,ニ
ある	動詞,自立,*,*,五段・ラ行,基本形,ある,アル,アル
牛	名詞,一般,*,*,*,*,牛,ウシ,ウシ
を	助詞,格助詞,一般,*,*,*,を,ヲ,ヲ
そば	名詞,一般,*,*,*,*,そば,ソバ,ソバ
に	助詞,格助詞,一般,*,*,*,に,ニ,ニ
連れ	動詞,自立,*,*,一段,連用形,連れる,ツレ,ツレ
て	助詞,接続助詞,*,*,*,*,て,テ,テ
来	動詞,非自立,*,*,カ変・来ル,連用形,来る,キ,キ
て	助詞,接続助詞,*,*,*,*,て,テ,テ
，	記号,読点,*,*,*,*,，,，,，
そこ	名詞,代名詞,一般,*,*,*,そこ,ソコ,ソコ
で	助詞,格助詞,一般,*,*,*,で,デ,デ
ほふっ	動詞,自立,*,*,五段・ラ行,連用タ接続,ほふる,ホフッ,ホフッ
た	助動詞,*,*,*,特殊・タ,基本形,た,タ,タ
。	記号,句点,*,*,*,*,。,。,。
こうして	接続詞,*,*,*,*,*,こうして,コウシテ,コーシテ
サウル	名詞,一般,*,*,*,*,*
は	助詞,係助詞,*,*,*,*,は,ハ,ワ
エホバ	名詞,一般,*,*,*,*,エホバ,エホバ,エホバ
の	助詞,連体化,*,*,*,*,の,ノ,ノ
ため	名詞,非自立,副詞可能,*,*,*,ため,タメ,タメ
に	助詞,格助詞,一般,*,*,*,に,ニ,ニ
祭壇	名詞,一般,*,*,*,*,祭壇,サイダン,サイダン
を	助詞,格助詞,一般,*,*,*,を,ヲ,ヲ
築い	動詞,自立,*,*,五段・カ行イ音便,連用タ接続,築く,キズイ,キズイ
た	助動詞,*,*,*,特殊・タ,基本形,た,タ,タ
。	記号,句点,*,*,*,*,。,。,。
これ	名詞,代名詞,一般,*,*,*,これ,コレ,コレ
を	助詞,格助詞,一般,*,*,*,を,ヲ,ヲ
もっ	動詞,自立,*,*,五段・タ行,連用タ接続,もつ,モッ,モッ
て	助詞,接続助詞,*,*,*,*,て,テ,テ
彼	名詞,代名詞,一般,*,*,*,彼,カレ,カレ
は	助詞,係助詞,*,*,*,*,は,ハ,ワ
エホバ	名詞,一般,*,*,*,*,エホバ,エホバ,エホバ
の	助詞,連体化,*,*,*,*,の,ノ,ノ
ため	名詞,非自立,副詞可能,*,*,*,ため,タメ,タメ
に	助詞,格助詞,一般,*,*,*,に,ニ,ニ
祭壇	名詞,一般,*,*,*,*,祭壇,サイダン,サイダン
を	助詞,格助詞,一般,*,*,*,を,ヲ,ヲ
築く	動詞,自立,*,*,五段・カ行イ音便,基本形,築く,キズク,キズク
こと	名詞,非自立,一般,*,*,*,こと,コト,コト
を	助詞,格助詞,一般,*,*,*,を,ヲ,ヲ
始め	動詞,自立,*,*,一段,連用形,始める,ハジメ,ハジメ
た	助動詞,*,*,*,特殊・タ,基本形,た,タ,タ
。	記号,句点,*,*,*,*,。,。,。
後	名詞,接尾,副詞可能,*,*,*,後,ゴ,ゴ
に	助詞,格助詞,一般,*,*,*,に,ニ,ニ
サウル	名詞,一般,*,*,*,*,*
は	助詞,係助詞,*,*,*,*,は,ハ,ワ
言っ	動詞,自立,*,*,五段・ワ行促音便,連用タ接続,言う,イッ,イッ
た	助動詞,*,*,*,特殊・タ,基本形,た,タ,タ
，	記号,読点,*,*,*,*,，,，,，
「	記号,括弧開,*,*,*,*,「,「,「
夜	名詞,副詞可能,*,*,*,*,夜,ヨル,ヨル
の	助詞,連体化,*,*,*,*,の,ノ,ノ
うち	名詞,非自立,副詞可能,*,*,*,うち,ウチ,ウチ
に	助詞,格助詞,一般,*,*,*,に,ニ,ニ
フィリスティア	名詞,一般,*,*,*,*,*
人	名詞,接尾,一般,*,*,*,人,ジン,ジン
を	助詞,格助詞,一般,*,*,*,を,ヲ,ヲ
追って	接続詞,*,*,*,*,*,追って,オッテ,オッテ
下り	接頭詞,名詞接続,*,*,*,*,下り,クダリ,クダリ
，	名詞,数,*,*,*,*,，,，,，
夜	名詞,接尾,助数詞,*,*,*,夜,ヤ,ヤ
が	助詞,格助詞,一般,*,*,*,が,ガ,ガ
明ける	動詞,自立,*,*,一段,基本形,明ける,アケル,アケル
まで	助詞,副助詞,*,*,*,*,まで,マデ,マデ
彼ら	名詞,代名詞,一般,*,*,*,彼ら,カレラ,カレラ
[	名詞,サ変接続,*,*,*,*,*
の	助詞,連体化,*,*,*,*,の,ノ,ノ
もの	名詞,非自立,一般,*,*,*,もの,モノ,モノ
]	名詞,サ変接続,*,*,*,*,*
を	助詞,格助詞,一般,*,*,*,を,ヲ,ヲ
強奪	名詞,サ変接続,*,*,*,*,強奪,ゴウダツ,ゴーダツ
し	動詞,自立,*,*,サ変・スル,連用形,する,シ,シ
，	記号,読点,*,*,*,*,，,，,，
彼ら	名詞,代名詞,一般,*,*,*,彼ら,カレラ,カレラ
の	助詞,連体化,*,*,*,*,の,ノ,ノ
中	名詞,非自立,副詞可能,*,*,*,中,ナカ,ナカ
に	助詞,格助詞,一般,*,*,*,に,ニ,ニ
ただ	名詞,一般,*,*,*,*,ただ,タダ,タダ
の	助詞,連体化,*,*,*,*,の,ノ,ノ
ひとり	名詞,一般,*,*,*,*,ひとり,ヒトリ,ヒトリ
も	助詞,係助詞,*,*,*,*,も,モ,モ
残さ	動詞,自立,*,*,五段・サ行,未然形,残す,ノコサ,ノコサ
ない	助動詞,*,*,*,特殊・ナイ,基本形,ない,ナイ,ナイ
よう	名詞,非自立,助動詞語幹,*,*,*,よう,ヨウ,ヨー
に	助詞,格助詞,一般,*,*,*,に,ニ,ニ
しよ	動詞,自立,*,*,サ変・スル,未然ウ接続,する,シヨ,シヨ
う	助動詞,*,*,*,不変化型,基本形,う,ウ,ウ
」	記号,括弧閉,*,*,*,*,」,」,」
。	記号,句点,*,*,*,*,。,。,。
これ	名詞,代名詞,一般,*,*,*,これ,コレ,コレ
に対して	助詞,格助詞,連語,*,*,*,に対して,ニタイシテ,ニタイシテ
彼ら	名詞,代名詞,一般,*,*,*,彼ら,カレラ,カレラ
は	助詞,係助詞,*,*,*,*,は,ハ,ワ
言っ	動詞,自立,*,*,五段・ワ行促音便,連用タ接続,言う,イッ,イッ
た	助動詞,*,*,*,特殊・タ,基本形,た,タ,タ
，	記号,読点,*,*,*,*,，,，,，
「	記号,括弧開,*,*,*,*,「,「,「
何でも	副詞,助詞類接続,*,*,*,*,何でも,ナンデモ,ナンデモ
あなた	名詞,代名詞,一般,*,*,*,あなた,アナタ,アナタ
の	助詞,連体化,*,*,*,*,の,ノ,ノ
目	名詞,一般,*,*,*,*,目,メ,メ
に	助詞,格助詞,一般,*,*,*,に,ニ,ニ
善い	形容詞,自立,*,*,形容詞・アウオ段,基本形,善い,ヨイ,ヨイ
こと	名詞,非自立,一般,*,*,*,こと,コト,コト
を	助詞,格助詞,一般,*,*,*,を,ヲ,ヲ
し	動詞,自立,*,*,サ変・スル,連用形,する,シ,シ
て	助詞,接続助詞,*,*,*,*,て,テ,テ
ください	動詞,非自立,*,*,五段・ラ行特殊,命令ｉ,くださる,クダサイ,クダサイ
」	記号,括弧閉,*,*,*,*,」,」,」
。	記号,句点,*,*,*,*,。,。,。
それから	接続詞,*,*,*,*,*,それから,ソレカラ,ソレカラ
祭司	名詞,一般,*,*,*,*,祭司,サイシ,サイシ
は	助詞,係助詞,*,*,*,*,は,ハ,ワ
言っ	動詞,自立,*,*,五段・ワ行促音便,連用タ接続,言う,イッ,イッ
た	助動詞,*,*,*,特殊・タ,基本形,た,タ,タ
，	記号,読点,*,*,*,*,，,，,，
「	記号,括弧開,*,*,*,*,「,「,「
ここ	名詞,代名詞,一般,*,*,*,ここ,ココ,ココ
で	助詞,格助詞,一般,*,*,*,で,デ,デ
[	名詞,サ変接続,*,*,*,*,*
ま	フィラー,*,*,*,*,*,ま,マ,マ
こと	名詞,非自立,一般,*,*,*,こと,コト,コト
の	助詞,連体化,*,*,*,*,の,ノ,ノ
]	名詞,サ変接続,*,*,*,*,*
神	名詞,接尾,一般,*,*,*,神,シン,シン
に	助詞,格助詞,一般,*,*,*,に,ニ,ニ
近づき	動詞,自立,*,*,五段・カ行イ音便,連用形,近づく,チカヅキ,チカズキ
ましょ	助動詞,*,*,*,特殊・マス,未然ウ接続,ます,マショ,マショ
う	助動詞,*,*,*,不変化型,基本形,う,ウ,ウ
」	記号,括弧閉,*,*,*,*,」,」,」
。	記号,句点,*,*,*,*,。,。,。
それで	接続詞,*,*,*,*,*,それで,ソレデ,ソレデ
サウル	名詞,一般,*,*,*,*,*
は	助詞,係助詞,*,*,*,*,は,ハ,ワ
神	名詞,一般,*,*,*,*,神,カミ,カミ
に	助詞,格助詞,一般,*,*,*,に,ニ,ニ
伺い	動詞,自立,*,*,五段・ワ行促音便,連用形,伺う,ウカガイ,ウカガイ
はじめ	動詞,非自立,*,*,一段,連用形,はじめる,ハジメ,ハジメ
た	助動詞,*,*,*,特殊・タ,基本形,た,タ,タ
，	記号,読点,*,*,*,*,，,，,，
「	記号,括弧開,*,*,*,*,「,「,「
私	名詞,代名詞,一般,*,*,*,私,ワタシ,ワタシ
は	助詞,係助詞,*,*,*,*,は,ハ,ワ
フィリスティア	名詞,一般,*,*,*,*,*
人	名詞,接尾,一般,*,*,*,人,ジン,ジン
を	助詞,格助詞,一般,*,*,*,を,ヲ,ヲ
追って	接続詞,*,*,*,*,*,追って,オッテ,オッテ
下っ	動詞,自立,*,*,五段・ラ行,連用タ接続,下る,クダッ,クダッ
て	助詞,接続助詞,*,*,*,*,て,テ,テ
行き	動詞,非自立,*,*,五段・カ行促音便,連用形,行く,イキ,イキ
ましょ	助動詞,*,*,*,特殊・マス,未然ウ接続,ます,マショ,マショ
う	助動詞,*,*,*,不変化型,基本形,う,ウ,ウ
か	助詞,副助詞／並立助詞／終助詞,*,*,*,*,か,カ,カ
。	記号,句点,*,*,*,*,。,。,。
あなた	名詞,代名詞,一般,*,*,*,あなた,アナタ,アナタ
は	助詞,係助詞,*,*,*,*,は,ハ,ワ
彼ら	名詞,代名詞,一般,*,*,*,彼ら,カレラ,カレラ
を	助詞,格助詞,一般,*,*,*,を,ヲ,ヲ
イスラエル	名詞,固有名詞,地域,国,*,*,イスラエル,イスラエル,イスラエル
の	助詞,連体化,*,*,*,*,の,ノ,ノ
手	名詞,一般,*,*,*,*,手,テ,テ
に	助詞,格助詞,一般,*,*,*,に,ニ,ニ
渡さ	動詞,自立,*,*,五段・サ行,未然形,渡す,ワタサ,ワタサ
れる	動詞,接尾,*,*,一段,基本形,れる,レル,レル
でしょ	助動詞,*,*,*,特殊・デス,未然形,です,デショ,デショ
う	助動詞,*,*,*,不変化型,基本形,う,ウ,ウ
か	助詞,副助詞／並立助詞／終助詞,*,*,*,*,か,カ,カ
」	記号,括弧閉,*,*,*,*,」,」,」
。	記号,句点,*,*,*,*,。,。,。
ところが	接続詞,*,*,*,*,*,ところが,トコロガ,トコロガ
，	記号,読点,*,*,*,*,，,，,，
その	連体詞,*,*,*,*,*,その,ソノ,ソノ
日	名詞,非自立,副詞可能,*,*,*,日,ヒ,ヒ
は	助詞,係助詞,*,*,*,*,は,ハ,ワ
彼	名詞,代名詞,一般,*,*,*,彼,カレ,カレ
に	助詞,格助詞,一般,*,*,*,に,ニ,ニ
お答え	名詞,サ変接続,*,*,*,*,お答え,オコタエ,オコタエ
に	助詞,格助詞,一般,*,*,*,に,ニ,ニ
なら	動詞,自立,*,*,五段・ラ行,未然形,なる,ナラ,ナラ
なかっ	助動詞,*,*,*,特殊・ナイ,連用タ接続,ない,ナカッ,ナカッ
た	助動詞,*,*,*,特殊・タ,基本形,た,タ,タ
。	記号,句点,*,*,*,*,。,。,。
そこで	接続詞,*,*,*,*,*,そこで,ソコデ,ソコデ
サウル	名詞,一般,*,*,*,*,*
は	助詞,係助詞,*,*,*,*,は,ハ,ワ
言っ	動詞,自立,*,*,五段・ワ行促音便,連用タ接続,言う,イッ,イッ
た	助動詞,*,*,*,特殊・タ,基本形,た,タ,タ
，	記号,読点,*,*,*,*,，,，,，
「	記号,括弧開,*,*,*,*,「,「,「
民	名詞,一般,*,*,*,*,民,ミン,ミン
の	助詞,連体化,*,*,*,*,の,ノ,ノ
要人	名詞,一般,*,*,*,*,要人,ヨウジン,ヨージン
たち	名詞,接尾,一般,*,*,*,たち,タチ,タチ
は	助詞,係助詞,*,*,*,*,は,ハ,ワ
皆	名詞,代名詞,一般,*,*,*,皆,ミナ,ミナ
，	記号,読点,*,*,*,*,，,，,，
ここ	名詞,代名詞,一般,*,*,*,ここ,ココ,ココ
に	助詞,格助詞,一般,*,*,*,に,ニ,ニ
近寄り	動詞,自立,*,*,五段・ラ行,連用形,近寄る,チカヨリ,チカヨリ
なさい	動詞,非自立,*,*,五段・ラ行特殊,命令ｉ,なさる,ナサイ,ナサイ
。	記号,句点,*,*,*,*,。,。,。
今日	名詞,副詞可能,*,*,*,*,今日,キョウ,キョー
，	記号,読点,*,*,*,*,，,，,，
どの	連体詞,*,*,*,*,*,どの,ドノ,ドノ
よう	名詞,非自立,助動詞語幹,*,*,*,よう,ヨウ,ヨー
に	助詞,格助詞,一般,*,*,*,に,ニ,ニ
し	動詞,自立,*,*,サ変・スル,連用形,する,シ,シ
て	助詞,接続助詞,*,*,*,*,て,テ,テ
この	連体詞,*,*,*,*,*,この,コノ,コノ
罪	名詞,一般,*,*,*,*,罪,ツミ,ツミ
が	助詞,格助詞,一般,*,*,*,が,ガ,ガ
起き	動詞,自立,*,*,一段,連用形,起きる,オキ,オキ
た	助動詞,*,*,*,特殊・タ,基本形,た,タ,タ
か	助詞,副助詞／並立助詞／終助詞,*,*,*,*,か,カ,カ
を	助詞,格助詞,一般,*,*,*,を,ヲ,ヲ
確かめ	動詞,自立,*,*,一段,連用形,確かめる,タシカメ,タシカメ
，	記号,読点,*,*,*,*,，,，,，
見定め	動詞,自立,*,*,一段,連用形,見定める,ミサダメ,ミサダメ
なさい	動詞,非自立,*,*,五段・ラ行特殊,命令ｉ,なさる,ナサイ,ナサイ
。	記号,句点,*,*,*,*,。,。,。
イスラエル	名詞,固有名詞,地域,国,*,*,イスラエル,イスラエル,イスラエル
を	助詞,格助詞,一般,*,*,*,を,ヲ,ヲ
救い出す	動詞,自立,*,*,五段・サ行,基本形,救い出す,スクイダス,スクイダス
方	名詞,非自立,一般,*,*,*,方,ホウ,ホー
で	助動詞,*,*,*,特殊・ダ,連用形,だ,デ,デ
ある	助動詞,*,*,*,五段・ラ行アル,基本形,ある,アル,アル
エホバ	名詞,一般,*,*,*,*,エホバ,エホバ,エホバ
は	助詞,係助詞,*,*,*,*,は,ハ,ワ
生き	動詞,自立,*,*,一段,連用形,生きる,イキ,イキ
て	助詞,接続助詞,*,*,*,*,て,テ,テ
おら	動詞,自立,*,*,五段・ラ行,未然形,おる,オラ,オラ
れる	動詞,接尾,*,*,一段,基本形,れる,レル,レル
ので	助詞,接続助詞,*,*,*,*,ので,ノデ,ノデ
，	記号,読点,*,*,*,*,，,，,，
たとえ	副詞,一般,*,*,*,*,たとえ,タトエ,タトエ
それ	名詞,代名詞,一般,*,*,*,それ,ソレ,ソレ
が	助詞,格助詞,一般,*,*,*,が,ガ,ガ
わたし	名詞,代名詞,一般,*,*,*,わたし,ワタシ,ワタシ
の	助詞,連体化,*,*,*,*,の,ノ,ノ
子	接頭詞,名詞接続,*,*,*,*,子,コ,コ
ヨナタン	名詞,一般,*,*,*,*,*
に	助詞,格助詞,一般,*,*,*,に,ニ,ニ
あっ	動詞,自立,*,*,五段・ラ行,連用タ接続,ある,アッ,アッ
て	助詞,接続助詞,*,*,*,*,て,テ,テ
も	助詞,係助詞,*,*,*,*,も,モ,モ
，	記号,読点,*,*,*,*,，,，,，
やはり	副詞,一般,*,*,*,*,やはり,ヤハリ,ヤハリ
彼	名詞,代名詞,一般,*,*,*,彼,カレ,カレ
は	助詞,係助詞,*,*,*,*,は,ハ,ワ
必ず	副詞,助詞類接続,*,*,*,*,必ず,カナラズ,カナラズ
死ぬ	動詞,自立,*,*,五段・ナ行,基本形,死ぬ,シヌ,シヌ
こと	名詞,非自立,一般,*,*,*,こと,コト,コト
に	助詞,格助詞,一般,*,*,*,に,ニ,ニ
なる	動詞,自立,*,*,五段・ラ行,基本形,なる,ナル,ナル
」	記号,括弧閉,*,*,*,*,」,」,」
。	記号,句点,*,*,*,*,。,。,。
しかし	接続詞,*,*,*,*,*,しかし,シカシ,シカシ
民	名詞,一般,*,*,*,*,民,ミン,ミン
すべて	名詞,副詞可能,*,*,*,*,すべて,スベテ,スベテ
の	助詞,連体化,*,*,*,*,の,ノ,ノ
中	名詞,非自立,副詞可能,*,*,*,中,ナカ,ナカ
で	助詞,格助詞,一般,*,*,*,で,デ,デ
彼	名詞,代名詞,一般,*,*,*,彼,カレ,カレ
に	助詞,格助詞,一般,*,*,*,に,ニ,ニ
答える	動詞,自立,*,*,一段,基本形,答える,コタエル,コタエル
者	名詞,非自立,一般,*,*,*,者,モノ,モノ
は	助詞,係助詞,*,*,*,*,は,ハ,ワ
ひとり	名詞,一般,*,*,*,*,ひとり,ヒトリ,ヒトリ
も	助詞,係助詞,*,*,*,*,も,モ,モ
い	動詞,自立,*,*,一段,未然形,いる,イ,イ
なかっ	助動詞,*,*,*,特殊・ナイ,連用タ接続,ない,ナカッ,ナカッ
た	助動詞,*,*,*,特殊・タ,基本形,た,タ,タ
。	記号,句点,*,*,*,*,。,。,。
そして	接続詞,*,*,*,*,*,そして,ソシテ,ソシテ
彼	名詞,代名詞,一般,*,*,*,彼,カレ,カレ
は	助詞,係助詞,*,*,*,*,は,ハ,ワ
全	接頭詞,名詞接続,*,*,*,*,全,ゼン,ゼン
イスラエル	名詞,固有名詞,地域,国,*,*,イスラエル,イスラエル,イスラエル
に	助詞,格助詞,一般,*,*,*,に,ニ,ニ
さらに	副詞,助詞類接続,*,*,*,*,さらに,サラニ,サラニ
言っ	動詞,自立,*,*,五段・ワ行促音便,連用タ接続,言う,イッ,イッ
た	助動詞,*,*,*,特殊・タ,基本形,た,タ,タ
，	記号,読点,*,*,*,*,，,，,，
「	記号,括弧開,*,*,*,*,「,「,「
あなた	名詞,代名詞,一般,*,*,*,あなた,アナタ,アナタ
方	名詞,接尾,一般,*,*,*,方,カタ,カタ
は	助詞,係助詞,*,*,*,*,は,ハ,ワ
一方	名詞,副詞可能,*,*,*,*,一方,イッポウ,イッポー
の	助詞,連体化,*,*,*,*,の,ノ,ノ
側	名詞,一般,*,*,*,*,側,ガワ,ガワ
に	助詞,格助詞,一般,*,*,*,に,ニ,ニ
おり	動詞,自立,*,*,五段・ラ行,連用形,おる,オリ,オリ
，	記号,読点,*,*,*,*,，,，,，
わたし	名詞,代名詞,一般,*,*,*,わたし,ワタシ,ワタシ
と	助詞,格助詞,一般,*,*,*,と,ト,ト
わたし	名詞,代名詞,一般,*,*,*,わたし,ワタシ,ワタシ
の	助詞,連体化,*,*,*,*,の,ノ,ノ
子	接頭詞,名詞接続,*,*,*,*,子,コ,コ
ヨナタン	名詞,一般,*,*,*,*,*
は	助詞,係助詞,*,*,*,*,は,ハ,ワ
―	記号,一般,*,*,*,*,―,―,―
他方	名詞,一般,*,*,*,*,他方,タホウ,タホー
の	助詞,連体化,*,*,*,*,の,ノ,ノ
側	名詞,一般,*,*,*,*,側,ガワ,ガワ
に	助詞,格助詞,一般,*,*,*,に,ニ,ニ
いる	動詞,自立,*,*,一段,基本形,いる,イル,イル
こと	名詞,非自立,一般,*,*,*,こと,コト,コト
に	助詞,格助詞,一般,*,*,*,に,ニ,ニ
する	動詞,自立,*,*,サ変・スル,基本形,する,スル,スル
」	記号,括弧閉,*,*,*,*,」,」,」
。	記号,句点,*,*,*,*,。,。,。
そこで	接続詞,*,*,*,*,*,そこで,ソコデ,ソコデ
民	名詞,一般,*,*,*,*,民,ミン,ミン
は	助詞,係助詞,*,*,*,*,は,ハ,ワ
サウル	名詞,一般,*,*,*,*,*
に	助詞,格助詞,一般,*,*,*,に,ニ,ニ
言っ	動詞,自立,*,*,五段・ワ行促音便,連用タ接続,言う,イッ,イッ
た	助動詞,*,*,*,特殊・タ,基本形,た,タ,タ
，	記号,読点,*,*,*,*,，,，,，
「	記号,括弧開,*,*,*,*,「,「,「
あなた	名詞,代名詞,一般,*,*,*,あなた,アナタ,アナタ
の	助詞,連体化,*,*,*,*,の,ノ,ノ
目	名詞,一般,*,*,*,*,目,メ,メ
に	助詞,格助詞,一般,*,*,*,に,ニ,ニ
善い	形容詞,自立,*,*,形容詞・アウオ段,基本形,善い,ヨイ,ヨイ
こと	名詞,非自立,一般,*,*,*,こと,コト,コト
を	助詞,格助詞,一般,*,*,*,を,ヲ,ヲ
し	動詞,自立,*,*,サ変・スル,連用形,する,シ,シ
て	助詞,接続助詞,*,*,*,*,て,テ,テ
ください	動詞,非自立,*,*,五段・ラ行特殊,命令ｉ,くださる,クダサイ,クダサイ
」	記号,括弧閉,*,*,*,*,」,」,」
。	記号,句点,*,*,*,*,。,。,。
次いで	接続詞,*,*,*,*,*,次いで,ツイデ,ツイデ
サウル	名詞,一般,*,*,*,*,*
は	助詞,係助詞,*,*,*,*,は,ハ,ワ
エホバ	名詞,一般,*,*,*,*,エホバ,エホバ,エホバ
に	助詞,格助詞,一般,*,*,*,に,ニ,ニ
言っ	動詞,自立,*,*,五段・ワ行促音便,連用タ接続,言う,イッ,イッ
た	助動詞,*,*,*,特殊・タ,基本形,た,タ,タ
，	記号,読点,*,*,*,*,，,，,，
「	記号,括弧開,*,*,*,*,「,「,「
イスラエル	名詞,固有名詞,地域,国,*,*,イスラエル,イスラエル,イスラエル
の	助詞,連体化,*,*,*,*,の,ノ,ノ
神	名詞,一般,*,*,*,*,神,カミ,カミ
よ	助詞,終助詞,*,*,*,*,よ,ヨ,ヨ
，	記号,読点,*,*,*,*,，,，,，
どうか	副詞,一般,*,*,*,*,どうか,ドウカ,ドーカ
トンミム	名詞,一般,*,*,*,*,*
を	助詞,格助詞,一般,*,*,*,を,ヲ,ヲ
お	接頭詞,名詞接続,*,*,*,*,お,オ,オ
与え	動詞,自立,*,*,一段,連用形,与える,アタエ,アタエ
ください	動詞,非自立,*,*,五段・ラ行特殊,命令ｉ,くださる,クダサイ,クダサイ
！	記号,一般,*,*,*,*,！,！,！
」	記号,括弧閉,*,*,*,*,」,」,」
する	動詞,自立,*,*,サ変・スル,基本形,する,スル,スル
と	助詞,接続助詞,*,*,*,*,と,ト,ト
ヨナタン	名詞,一般,*,*,*,*,*
と	助詞,並立助詞,*,*,*,*,と,ト,ト
サウル	名詞,一般,*,*,*,*,*
が	助詞,格助詞,一般,*,*,*,が,ガ,ガ
取り分け	動詞,自立,*,*,一段,未然形,取り分ける,トリワケ,トリワケ
られ	動詞,接尾,*,*,一段,連用形,られる,ラレ,ラレ
，	記号,読点,*,*,*,*,，,，,，
民	名詞,一般,*,*,*,*,民,ミン,ミン
の	助詞,連体化,*,*,*,*,の,ノ,ノ
ほう	名詞,非自立,一般,*,*,*,ほう,ホウ,ホー
は	助詞,係助詞,*,*,*,*,は,ハ,ワ
退い	動詞,自立,*,*,五段・カ行イ音便,連用タ接続,退く,シリゾイ,シリゾイ
た	助動詞,*,*,*,特殊・タ,基本形,た,タ,タ
。	記号,句点,*,*,*,*,。,。,。
そこで	接続詞,*,*,*,*,*,そこで,ソコデ,ソコデ
サウル	名詞,一般,*,*,*,*,*
は	助詞,係助詞,*,*,*,*,は,ハ,ワ
言っ	動詞,自立,*,*,五段・ワ行促音便,連用タ接続,言う,イッ,イッ
た	助動詞,*,*,*,特殊・タ,基本形,た,タ,タ
，	記号,読点,*,*,*,*,，,，,，
「	記号,括弧開,*,*,*,*,「,「,「
くじ	名詞,一般,*,*,*,*,くじ,クジ,クジ
を	助詞,格助詞,一般,*,*,*,を,ヲ,ヲ
引い	動詞,自立,*,*,五段・カ行イ音便,連用タ接続,引く,ヒイ,ヒイ
て	助詞,接続助詞,*,*,*,*,て,テ,テ
，	記号,読点,*,*,*,*,，,，,，
わたし	名詞,代名詞,一般,*,*,*,わたし,ワタシ,ワタシ
か	助詞,副助詞／並立助詞／終助詞,*,*,*,*,か,カ,カ
わたし	名詞,代名詞,一般,*,*,*,わたし,ワタシ,ワタシ
の	助詞,連体化,*,*,*,*,の,ノ,ノ
子	接頭詞,名詞接続,*,*,*,*,子,コ,コ
ヨナタン	名詞,一般,*,*,*,*,*
か	助詞,副助詞／並立助詞／終助詞,*,*,*,*,か,カ,カ
を	助詞,格助詞,一般,*,*,*,を,ヲ,ヲ
決め	動詞,自立,*,*,一段,連用形,決める,キメ,キメ
なさい	動詞,非自立,*,*,五段・ラ行特殊,命令ｉ,なさる,ナサイ,ナサイ
」	記号,括弧閉,*,*,*,*,」,」,」
。	記号,句点,*,*,*,*,。,。,。
すると	接続詞,*,*,*,*,*,すると,スルト,スルト
ヨナタン	名詞,一般,*,*,*,*,*
が	助詞,格助詞,一般,*,*,*,が,ガ,ガ
取り分け	動詞,自立,*,*,一段,未然形,取り分ける,トリワケ,トリワケ
られ	動詞,接尾,*,*,一段,連用形,られる,ラレ,ラレ
た	助動詞,*,*,*,特殊・タ,基本形,た,タ,タ
。	記号,句点,*,*,*,*,。,。,。
そこで	接続詞,*,*,*,*,*,そこで,ソコデ,ソコデ
サウル	名詞,一般,*,*,*,*,*
は	助詞,係助詞,*,*,*,*,は,ハ,ワ
ヨナタン	名詞,一般,*,*,*,*,*
に	助詞,格助詞,一般,*,*,*,に,ニ,ニ
言っ	動詞,自立,*,*,五段・ワ行促音便,連用タ接続,言う,イッ,イッ
た	助動詞,*,*,*,特殊・タ,基本形,た,タ,タ
，	記号,読点,*,*,*,*,，,，,，
「	記号,括弧開,*,*,*,*,「,「,「
何	名詞,代名詞,一般,*,*,*,何,ナニ,ナニ
を	助詞,格助詞,一般,*,*,*,を,ヲ,ヲ
し	動詞,自立,*,*,サ変・スル,連用形,する,シ,シ
た	助動詞,*,*,*,特殊・タ,基本形,た,タ,タ
の	名詞,非自立,一般,*,*,*,の,ノ,ノ
か	助詞,副助詞／並立助詞／終助詞,*,*,*,*,か,カ,カ
，	記号,読点,*,*,*,*,，,，,，
ぜひ	副詞,一般,*,*,*,*,ぜひ,ゼヒ,ゼヒ
わたし	名詞,代名詞,一般,*,*,*,わたし,ワタシ,ワタシ
に	助詞,格助詞,一般,*,*,*,に,ニ,ニ
告げ	動詞,自立,*,*,一段,連用形,告げる,ツゲ,ツゲ
なさい	動詞,非自立,*,*,五段・ラ行特殊,命令ｉ,なさる,ナサイ,ナサイ
」	記号,括弧閉,*,*,*,*,」,」,」
。	記号,句点,*,*,*,*,。,。,。
それで	接続詞,*,*,*,*,*,それで,ソレデ,ソレデ
ヨナタン	名詞,一般,*,*,*,*,*
は	助詞,係助詞,*,*,*,*,は,ハ,ワ
彼	名詞,代名詞,一般,*,*,*,彼,カレ,カレ
に	助詞,格助詞,一般,*,*,*,に,ニ,ニ
告げ	動詞,自立,*,*,一段,連用形,告げる,ツゲ,ツゲ
て	助詞,接続助詞,*,*,*,*,て,テ,テ
言っ	動詞,自立,*,*,五段・ワ行促音便,連用タ接続,言う,イッ,イッ
た	助動詞,*,*,*,特殊・タ,基本形,た,タ,タ
，	記号,読点,*,*,*,*,，,，,，
「	記号,括弧開,*,*,*,*,「,「,「
私	名詞,代名詞,一般,*,*,*,私,ワタシ,ワタシ
は	助詞,係助詞,*,*,*,*,は,ハ,ワ
手	名詞,一般,*,*,*,*,手,テ,テ
に	助詞,格助詞,一般,*,*,*,に,ニ,ニ
ある	動詞,自立,*,*,五段・ラ行,基本形,ある,アル,アル
杖	名詞,一般,*,*,*,*,杖,ツエ,ツエ
の	助詞,連体化,*,*,*,*,の,ノ,ノ
先	名詞,一般,*,*,*,*,先,サキ,サキ
で	助詞,格助詞,一般,*,*,*,で,デ,デ
少し	副詞,助詞類接続,*,*,*,*,少し,スコシ,スコシ
ばかり	助詞,副助詞,*,*,*,*,ばかり,バカリ,バカリ
の	助詞,連体化,*,*,*,*,の,ノ,ノ
蜜	名詞,一般,*,*,*,*,蜜,ミツ,ミツ
を	助詞,格助詞,一般,*,*,*,を,ヲ,ヲ
確か	名詞,形容動詞語幹,*,*,*,*,確か,タシカ,タシカ
に	助詞,副詞化,*,*,*,*,に,ニ,ニ
味見	名詞,サ変接続,*,*,*,*,味見,アジミ,アジミ
し	動詞,自立,*,*,サ変・スル,連用形,する,シ,シ
まし	助動詞,*,*,*,特殊・マス,連用形,ます,マシ,マシ
た	助動詞,*,*,*,特殊・タ,基本形,た,タ,タ
。	記号,句点,*,*,*,*,。,。,。
私	名詞,代名詞,一般,*,*,*,私,ワタシ,ワタシ
は	助詞,係助詞,*,*,*,*,は,ハ,ワ
ここ	名詞,代名詞,一般,*,*,*,ここ,ココ,ココ
に	助詞,格助詞,一般,*,*,*,に,ニ,ニ
い	動詞,自立,*,*,一段,連用形,いる,イ,イ
ます	助動詞,*,*,*,特殊・マス,基本形,ます,マス,マス
！	記号,一般,*,*,*,*,！,！,！
私	名詞,代名詞,一般,*,*,*,私,ワタシ,ワタシ
を	助詞,格助詞,一般,*,*,*,を,ヲ,ヲ
死な	動詞,自立,*,*,五段・ナ行,未然形,死ぬ,シナ,シナ
せ	動詞,接尾,*,*,一段,連用形,せる,セ,セ
て	助詞,接続助詞,*,*,*,*,て,テ,テ
ください	動詞,非自立,*,*,五段・ラ行特殊,命令ｉ,くださる,クダサイ,クダサイ
！	記号,一般,*,*,*,*,！,！,！
」	記号,括弧閉,*,*,*,*,」,」,」
そこ	名詞,代名詞,一般,*,*,*,そこ,ソコ,ソコ
で	助詞,格助詞,一般,*,*,*,で,デ,デ
サウル	名詞,一般,*,*,*,*,*
は	助詞,係助詞,*,*,*,*,は,ハ,ワ
言っ	動詞,自立,*,*,五段・ワ行促音便,連用タ接続,言う,イッ,イッ
た	助動詞,*,*,*,特殊・タ,基本形,た,タ,タ
，	記号,読点,*,*,*,*,，,，,，
「	記号,括弧開,*,*,*,*,「,「,「
ヨナタン	名詞,固有名詞,組織,*,*,*,*
，	記号,読点,*,*,*,*,，,，,，
もし	副詞,一般,*,*,*,*,もし,モシ,モシ
お前	名詞,代名詞,一般,*,*,*,お前,オマエ,オマエ
が	助詞,格助詞,一般,*,*,*,が,ガ,ガ
どうしても	副詞,一般,*,*,*,*,どうしても,ドウシテモ,ドーシテモ
死な	動詞,自立,*,*,五段・ナ行,未然形,死ぬ,シナ,シナ
ない	助動詞,*,*,*,特殊・ナイ,基本形,ない,ナイ,ナイ
なら	助動詞,*,*,*,特殊・ダ,仮定形,だ,ナラ,ナラ
，	記号,読点,*,*,*,*,，,，,，
神	名詞,一般,*,*,*,*,神,カミ,カミ
が	助詞,格助詞,一般,*,*,*,が,ガ,ガ
その	連体詞,*,*,*,*,*,その,ソノ,ソノ
よう	名詞,非自立,助動詞語幹,*,*,*,よう,ヨウ,ヨー
に	助詞,副詞化,*,*,*,*,に,ニ,ニ
なさ	動詞,自立,*,*,五段・サ行,未然形,なす,ナサ,ナサ
り	助動詞,*,*,*,文語・リ,基本形,り,リ,リ
，	記号,読点,*,*,*,*,，,，,，
重ね	動詞,自立,*,*,一段,連用形,重ねる,カサネ,カサネ
て	助詞,接続助詞,*,*,*,*,て,テ,テ
その	連体詞,*,*,*,*,*,その,ソノ,ソノ
よう	名詞,非自立,助動詞語幹,*,*,*,よう,ヨウ,ヨー
に	助詞,副詞化,*,*,*,*,に,ニ,ニ
なさる	動詞,自立,*,*,五段・ラ行特殊,基本形,なさる,ナサル,ナサル
よう	名詞,非自立,助動詞語幹,*,*,*,よう,ヨウ,ヨー
に	助詞,副詞化,*,*,*,*,に,ニ,ニ
」	記号,括弧閉,*,*,*,*,」,」,」
。	記号,句点,*,*,*,*,。,。,。
しかし	接続詞,*,*,*,*,*,しかし,シカシ,シカシ
民	名詞,一般,*,*,*,*,民,ミン,ミン
は	助詞,係助詞,*,*,*,*,は,ハ,ワ
サウル	名詞,一般,*,*,*,*,*
に	助詞,格助詞,一般,*,*,*,に,ニ,ニ
こう	副詞,助詞類接続,*,*,*,*,こう,コウ,コー
言っ	動詞,自立,*,*,五段・ワ行促音便,連用タ接続,言う,イッ,イッ
た	助動詞,*,*,*,特殊・タ,基本形,た,タ,タ
。	記号,句点,*,*,*,*,。,。,。
「	記号,括弧開,*,*,*,*,「,「,「
イスラエル	名詞,固有名詞,地域,国,*,*,イスラエル,イスラエル,イスラエル
で	助詞,格助詞,一般,*,*,*,で,デ,デ
この	連体詞,*,*,*,*,*,この,コノ,コノ
よう	名詞,非自立,助動詞語幹,*,*,*,よう,ヨウ,ヨー
な	助動詞,*,*,*,特殊・ダ,体言接続,だ,ナ,ナ
大いなる	連体詞,*,*,*,*,*,大いなる,オオイナル,オーイナル
救い	名詞,一般,*,*,*,*,救い,スクイ,スクイ
を	助詞,格助詞,一般,*,*,*,を,ヲ,ヲ
施し	動詞,自立,*,*,五段・サ行,連用形,施す,ホドコシ,ホドコシ
た	助動詞,*,*,*,特殊・タ,基本形,た,タ,タ
ヨナタン	名詞,一般,*,*,*,*,*
が	助詞,格助詞,一般,*,*,*,が,ガ,ガ
死な	動詞,自立,*,*,五段・ナ行,未然形,死ぬ,シナ,シナ
なけれ	助動詞,*,*,*,特殊・ナイ,仮定形,ない,ナケレ,ナケレ
ば	助詞,接続助詞,*,*,*,*,ば,バ,バ
なら	動詞,非自立,*,*,五段・ラ行,未然形,なる,ナラ,ナラ
ない	助動詞,*,*,*,特殊・ナイ,基本形,ない,ナイ,ナイ
の	名詞,非自立,一般,*,*,*,の,ノ,ノ
です	助動詞,*,*,*,特殊・デス,基本形,です,デス,デス
か	助詞,副助詞／並立助詞／終助詞,*,*,*,*,か,カ,カ
。	記号,句点,*,*,*,*,。,。,。
それ	名詞,代名詞,一般,*,*,*,それ,ソレ,ソレ
は	助詞,係助詞,*,*,*,*,は,ハ,ワ
考え	動詞,自立,*,*,一段,未然形,考える,カンガエ,カンガエ
られ	動詞,接尾,*,*,一段,未然形,られる,ラレ,ラレ
ない	助動詞,*,*,*,特殊・ナイ,基本形,ない,ナイ,ナイ
こと	名詞,非自立,一般,*,*,*,こと,コト,コト
です	助動詞,*,*,*,特殊・デス,基本形,です,デス,デス
！	記号,一般,*,*,*,*,！,！,！
エホバ	名詞,一般,*,*,*,*,エホバ,エホバ,エホバ
は	助詞,係助詞,*,*,*,*,は,ハ,ワ
生き	動詞,自立,*,*,一段,連用形,生きる,イキ,イキ
て	助詞,接続助詞,*,*,*,*,て,テ,テ
おら	動詞,自立,*,*,五段・ラ行,未然形,おる,オラ,オラ
れ	動詞,接尾,*,*,一段,連用形,れる,レ,レ
ます	助動詞,*,*,*,特殊・マス,基本形,ます,マス,マス
。	記号,句点,*,*,*,*,。,。,。
[	名詞,サ変接続,*,*,*,*,*
ヨナタン	名詞,一般,*,*,*,*,*
]	名詞,サ変接続,*,*,*,*,*
の	助詞,連体化,*,*,*,*,の,ノ,ノ
髪の毛	名詞,一般,*,*,*,*,髪の毛,カミノケ,カミノケ
は	助詞,係助詞,*,*,*,*,は,ハ,ワ
ただ	名詞,一般,*,*,*,*,ただ,タダ,タダ
の	助詞,連体化,*,*,*,*,の,ノ,ノ
一	名詞,数,*,*,*,*,一,イチ,イチ
本	名詞,接尾,助数詞,*,*,*,本,ホン,ホン
も	助詞,係助詞,*,*,*,*,も,モ,モ
地	名詞,一般,*,*,*,*,地,チ,チ
に	助詞,格助詞,一般,*,*,*,に,ニ,ニ
落ちる	動詞,自立,*,*,一段,基本形,落ちる,オチル,オチル
こと	名詞,非自立,一般,*,*,*,こと,コト,コト
は	助詞,係助詞,*,*,*,*,は,ハ,ワ
あり	動詞,自立,*,*,五段・ラ行,連用形,ある,アリ,アリ
ませ	助動詞,*,*,*,特殊・マス,未然形,ます,マセ,マセ
ん	助動詞,*,*,*,不変化型,基本形,ん,ン,ン
。	記号,句点,*,*,*,*,。,。,。
彼	名詞,代名詞,一般,*,*,*,彼,カレ,カレ
は	助詞,係助詞,*,*,*,*,は,ハ,ワ
今日	名詞,副詞可能,*,*,*,*,今日,キョウ,キョー
，	記号,読点,*,*,*,*,，,，,，
神	名詞,一般,*,*,*,*,神,カミ,カミ
と共に	助詞,格助詞,連語,*,*,*,と共に,トトモニ,トトモニ
働い	動詞,自立,*,*,五段・カ行イ音便,連用タ接続,働く,ハタライ,ハタライ
た	助動詞,*,*,*,特殊・タ,基本形,た,タ,タ
から	助詞,接続助詞,*,*,*,*,から,カラ,カラ
です	助動詞,*,*,*,特殊・デス,基本形,です,デス,デス
」	記号,括弧閉,*,*,*,*,」,」,」
。	記号,句点,*,*,*,*,。,。,。
こうして	接続詞,*,*,*,*,*,こうして,コウシテ,コーシテ
民	名詞,一般,*,*,*,*,民,ミン,ミン
は	助詞,係助詞,*,*,*,*,は,ハ,ワ
ヨナタン	名詞,一般,*,*,*,*,*
を	助詞,格助詞,一般,*,*,*,を,ヲ,ヲ
請け	動詞,自立,*,*,一段,連用形,請ける,ウケ,ウケ
戻し	動詞,自立,*,*,五段・サ行,連用形,戻す,モドシ,モドシ
た	助動詞,*,*,*,特殊・タ,基本形,た,タ,タ
ので	助詞,接続助詞,*,*,*,*,ので,ノデ,ノデ
，	記号,読点,*,*,*,*,，,，,，
彼	名詞,代名詞,一般,*,*,*,彼,カレ,カレ
は	助詞,係助詞,*,*,*,*,は,ハ,ワ
死な	動詞,自立,*,*,五段・ナ行,未然形,死ぬ,シナ,シナ
なかっ	助動詞,*,*,*,特殊・ナイ,連用タ接続,ない,ナカッ,ナカッ
た	助動詞,*,*,*,特殊・タ,基本形,た,タ,タ
。	記号,句点,*,*,*,*,。,。,。
それで	接続詞,*,*,*,*,*,それで,ソレデ,ソレデ
サウル	名詞,一般,*,*,*,*,*
は	助詞,係助詞,*,*,*,*,は,ハ,ワ
フィリスティア	名詞,一般,*,*,*,*,*
人	名詞,接尾,一般,*,*,*,人,ジン,ジン
を	助詞,格助詞,一般,*,*,*,を,ヲ,ヲ
追う	動詞,自立,*,*,五段・ワ行促音便,基本形,追う,オウ,オウ
の	名詞,非自立,一般,*,*,*,の,ノ,ノ
を	助詞,格助詞,一般,*,*,*,を,ヲ,ヲ
やめ	動詞,自立,*,*,一段,連用形,やめる,ヤメ,ヤメ
て	助詞,接続助詞,*,*,*,*,て,テ,テ
引き揚げ	動詞,自立,*,*,一段,連用形,引き揚げる,ヒキアゲ,ヒキアゲ
，	記号,読点,*,*,*,*,，,，,，
フィリスティア	名詞,一般,*,*,*,*,*
人	名詞,接尾,一般,*,*,*,人,ジン,ジン
は	助詞,係助詞,*,*,*,*,は,ハ,ワ
自分	名詞,一般,*,*,*,*,自分,ジブン,ジブン
たち	名詞,接尾,一般,*,*,*,たち,タチ,タチ
の	助詞,連体化,*,*,*,*,の,ノ,ノ
所	名詞,非自立,副詞可能,*,*,*,所,トコロ,トコロ
へ	助詞,格助詞,一般,*,*,*,へ,ヘ,エ
戻っ	動詞,自立,*,*,五段・ラ行,連用タ接続,戻る,モドッ,モドッ
て	助詞,接続助詞,*,*,*,*,て,テ,テ
行っ	動詞,非自立,*,*,五段・カ行促音便,連用タ接続,行く,イッ,イッ
た	助動詞,*,*,*,特殊・タ,基本形,た,タ,タ
。	記号,句点,*,*,*,*,。,。,。
そして	接続詞,*,*,*,*,*,そして,ソシテ,ソシテ
サウル	名詞,一般,*,*,*,*,*
は	助詞,係助詞,*,*,*,*,は,ハ,ワ
，	記号,読点,*,*,*,*,，,，,，
イスラエル	名詞,固有名詞,地域,国,*,*,イスラエル,イスラエル,イスラエル
の	助詞,連体化,*,*,*,*,の,ノ,ノ
上	名詞,非自立,副詞可能,*,*,*,上,ウエ,ウエ
に	助詞,格助詞,一般,*,*,*,に,ニ,ニ
王権	名詞,一般,*,*,*,*,王権,オウケン,オーケン
を	助詞,格助詞,一般,*,*,*,を,ヲ,ヲ
執り	動詞,自立,*,*,五段・ラ行,連用形,執る,トリ,トリ
，	記号,読点,*,*,*,*,，,，,，
周り	名詞,一般,*,*,*,*,周り,マワリ,マワリ
の	助詞,連体化,*,*,*,*,の,ノ,ノ
すべて	名詞,副詞可能,*,*,*,*,すべて,スベテ,スベテ
の	助詞,連体化,*,*,*,*,の,ノ,ノ
敵	名詞,一般,*,*,*,*,敵,テキ,テキ
，	記号,読点,*,*,*,*,，,，,，
すなわち	接続詞,*,*,*,*,*,すなわち,スナワチ,スナワチ
モアブ	名詞,一般,*,*,*,*,*
，	記号,読点,*,*,*,*,，,，,，
アンモン	名詞,一般,*,*,*,*,*
の	助詞,連体化,*,*,*,*,の,ノ,ノ
子	名詞,一般,*,*,*,*,子,コ,コ
ら	名詞,接尾,一般,*,*,*,ら,ラ,ラ
，	記号,読点,*,*,*,*,，,，,，
エドム	名詞,一般,*,*,*,*,*
，	記号,読点,*,*,*,*,，,，,，
ツォバ	名詞,一般,*,*,*,*,*
の	助詞,連体化,*,*,*,*,の,ノ,ノ
王	名詞,一般,*,*,*,*,王,オウ,オー
たち	名詞,接尾,一般,*,*,*,たち,タチ,タチ
，	記号,読点,*,*,*,*,，,，,，
フィリスティア	名詞,一般,*,*,*,*,*
人	名詞,接尾,一般,*,*,*,人,ジン,ジン
と	助詞,格助詞,一般,*,*,*,と,ト,ト
戦う	動詞,自立,*,*,五段・ワ行促音便,基本形,戦う,タタカウ,タタカウ
こと	名詞,非自立,一般,*,*,*,こと,コト,コト
に	助詞,格助詞,一般,*,*,*,に,ニ,ニ
なっ	動詞,自立,*,*,五段・ラ行,連用タ接続,なる,ナッ,ナッ
た	助動詞,*,*,*,特殊・タ,基本形,た,タ,タ
。	記号,句点,*,*,*,*,。,。,。
彼	名詞,代名詞,一般,*,*,*,彼,カレ,カレ
は	助詞,係助詞,*,*,*,*,は,ハ,ワ
どこ	名詞,代名詞,一般,*,*,*,どこ,ドコ,ドコ
へ	助詞,格助詞,一般,*,*,*,へ,ヘ,エ
向かっ	動詞,自立,*,*,五段・ワ行促音便,連用タ接続,向かう,ムカッ,ムカッ
て	助詞,接続助詞,*,*,*,*,て,テ,テ
も	助詞,係助詞,*,*,*,*,も,モ,モ
，	記号,読点,*,*,*,*,，,，,，
有罪	名詞,一般,*,*,*,*,有罪,ユウザイ,ユーザイ
宣告	名詞,サ変接続,*,*,*,*,宣告,センコク,センコク
を	助詞,格助詞,一般,*,*,*,を,ヲ,ヲ
もたらし	動詞,自立,*,*,五段・サ行,連用形,もたらす,モタラシ,モタラシ
た	助動詞,*,*,*,特殊・タ,基本形,た,タ,タ
。	記号,句点,*,*,*,*,。,。,。
そして	接続詞,*,*,*,*,*,そして,ソシテ,ソシテ
彼	名詞,代名詞,一般,*,*,*,彼,カレ,カレ
は	助詞,係助詞,*,*,*,*,は,ハ,ワ
引き続き	副詞,一般,*,*,*,*,引き続き,ヒキツヅキ,ヒキツズキ
勇敢	名詞,形容動詞語幹,*,*,*,*,勇敢,ユウカン,ユーカン
に	助詞,副詞化,*,*,*,*,に,ニ,ニ
行動	名詞,サ変接続,*,*,*,*,行動,コウドウ,コードー
し	動詞,自立,*,*,サ変・スル,連用形,する,シ,シ
，	記号,読点,*,*,*,*,，,，,，
アマレク	名詞,一般,*,*,*,*,*
を	助詞,格助詞,一般,*,*,*,を,ヲ,ヲ
討ち	動詞,自立,*,*,五段・タ行,連用形,討つ,ウチ,ウチ
倒し	動詞,自立,*,*,五段・サ行,連用形,倒す,タオシ,タオシ
て	助詞,接続助詞,*,*,*,*,て,テ,テ
，	記号,読点,*,*,*,*,，,，,，
イスラエル	名詞,固有名詞,地域,国,*,*,イスラエル,イスラエル,イスラエル
を	助詞,格助詞,一般,*,*,*,を,ヲ,ヲ
略奪	名詞,サ変接続,*,*,*,*,略奪,リャクダツ,リャクダツ
者	名詞,接尾,一般,*,*,*,者,シャ,シャ
の	助詞,連体化,*,*,*,*,の,ノ,ノ
手	名詞,一般,*,*,*,*,手,テ,テ
から	助詞,格助詞,一般,*,*,*,から,カラ,カラ
救い出し	動詞,自立,*,*,五段・サ行,連用形,救い出す,スクイダシ,スクイダシ
た	助動詞,*,*,*,特殊・タ,基本形,た,タ,タ
。	記号,句点,*,*,*,*,。,。,。
ところで	接続詞,*,*,*,*,*,ところで,トコロデ,トコロデ
，	記号,読点,*,*,*,*,，,，,，
サウル	名詞,一般,*,*,*,*,*
の	助詞,連体化,*,*,*,*,の,ノ,ノ
息子	名詞,一般,*,*,*,*,息子,ムスコ,ムスコ
は	助詞,係助詞,*,*,*,*,は,ハ,ワ
ヨナタン	名詞,一般,*,*,*,*,*
，	記号,読点,*,*,*,*,，,，,，
イシュビ	名詞,一般,*,*,*,*,*
，	記号,読点,*,*,*,*,，,，,，
マルキ	名詞,一般,*,*,*,*,*
･	名詞,サ変接続,*,*,*,*,*
シュア	名詞,一般,*,*,*,*,*
で	助動詞,*,*,*,特殊・ダ,連用形,だ,デ,デ
あり	助動詞,*,*,*,五段・ラ行アル,連用形,ある,アリ,アリ
，	記号,読点,*,*,*,*,，,，,，
その	連体詞,*,*,*,*,*,その,ソノ,ソノ
二	名詞,数,*,*,*,*,二,ニ,ニ
人	名詞,接尾,助数詞,*,*,*,人,ニン,ニン
の	助詞,連体化,*,*,*,*,の,ノ,ノ
娘	名詞,一般,*,*,*,*,娘,ムスメ,ムスメ
の	助詞,連体化,*,*,*,*,の,ノ,ノ
名	名詞,一般,*,*,*,*,名,ナ,ナ
は	助詞,係助詞,*,*,*,*,は,ハ,ワ
，	記号,読点,*,*,*,*,，,，,，
最初	名詞,一般,*,*,*,*,最初,サイショ,サイショ
に	助詞,格助詞,一般,*,*,*,に,ニ,ニ
生まれ	動詞,自立,*,*,一段,連用形,生まれる,ウマレ,ウマレ
た	助動詞,*,*,*,特殊・タ,基本形,た,タ,タ
者	名詞,非自立,一般,*,*,*,者,モノ,モノ
の	助詞,連体化,*,*,*,*,の,ノ,ノ
名	名詞,一般,*,*,*,*,名,ナ,ナ
が	助詞,格助詞,一般,*,*,*,が,ガ,ガ
メラブ	名詞,一般,*,*,*,*,*
，	記号,読点,*,*,*,*,，,，,，
年下	名詞,一般,*,*,*,*,年下,トシシタ,トシシタ
の	助詞,連体化,*,*,*,*,の,ノ,ノ
者	名詞,非自立,一般,*,*,*,者,モノ,モノ
の	助詞,連体化,*,*,*,*,の,ノ,ノ
名	名詞,一般,*,*,*,*,名,ナ,ナ
は	助詞,係助詞,*,*,*,*,は,ハ,ワ
ミカル	名詞,一般,*,*,*,*,*
で	助動詞,*,*,*,特殊・ダ,連用形,だ,デ,デ
あっ	助動詞,*,*,*,五段・ラ行アル,連用タ接続,ある,アッ,アッ
た	助動詞,*,*,*,特殊・タ,基本形,た,タ,タ
。	記号,句点,*,*,*,*,。,。,。
また	接続詞,*,*,*,*,*,また,マタ,マタ
，	記号,読点,*,*,*,*,，,，,，
サウル	名詞,一般,*,*,*,*,*
の	助詞,連体化,*,*,*,*,の,ノ,ノ
妻	名詞,一般,*,*,*,*,妻,ツマ,ツマ
の	助詞,連体化,*,*,*,*,の,ノ,ノ
名	名詞,一般,*,*,*,*,名,ナ,ナ
は	助詞,係助詞,*,*,*,*,は,ハ,ワ
アヒノアム	名詞,一般,*,*,*,*,*
と	助詞,格助詞,引用,*,*,*,と,ト,ト
いい	動詞,自立,*,*,五段・ワ行促音便,連用形,いう,イイ,イイ
，	記号,読点,*,*,*,*,，,，,，
アヒマアツ	名詞,一般,*,*,*,*,*
の	助詞,連体化,*,*,*,*,の,ノ,ノ
娘	名詞,一般,*,*,*,*,娘,ムスメ,ムスメ
で	助動詞,*,*,*,特殊・ダ,連用形,だ,デ,デ
あっ	助動詞,*,*,*,五段・ラ行アル,連用タ接続,ある,アッ,アッ
た	助動詞,*,*,*,特殊・タ,基本形,た,タ,タ
。	記号,句点,*,*,*,*,。,。,。
その	連体詞,*,*,*,*,*,その,ソノ,ソノ
軍	名詞,一般,*,*,*,*,軍,グン,グン
の	助詞,連体化,*,*,*,*,の,ノ,ノ
長	名詞,一般,*,*,*,*,長,チョウ,チョー
の	助詞,連体化,*,*,*,*,の,ノ,ノ
名	名詞,一般,*,*,*,*,名,ナ,ナ
は	助詞,係助詞,*,*,*,*,は,ハ,ワ
アブ	名詞,一般,*,*,*,*,アブ,アブ,アブ
ネル	名詞,一般,*,*,*,*,ネル,ネル,ネル
と	助詞,格助詞,引用,*,*,*,と,ト,ト
いい	動詞,自立,*,*,五段・ワ行促音便,連用形,いう,イイ,イイ
，	記号,読点,*,*,*,*,，,，,，
サウル	名詞,一般,*,*,*,*,*
の	助詞,連体化,*,*,*,*,の,ノ,ノ
おじ	名詞,一般,*,*,*,*,おじ,オジ,オジ
，	記号,読点,*,*,*,*,，,，,，
ネル	名詞,一般,*,*,*,*,ネル,ネル,ネル
の	助詞,連体化,*,*,*,*,の,ノ,ノ
子	名詞,一般,*,*,*,*,子,コ,コ
で	助動詞,*,*,*,特殊・ダ,連用形,だ,デ,デ
あっ	助動詞,*,*,*,五段・ラ行アル,連用タ接続,ある,アッ,アッ
た	助動詞,*,*,*,特殊・タ,基本形,た,タ,タ
。	記号,句点,*,*,*,*,。,。,。
また	接続詞,*,*,*,*,*,また,マタ,マタ
，	記号,読点,*,*,*,*,，,，,，
キシュ	名詞,一般,*,*,*,*,*
は	助詞,係助詞,*,*,*,*,は,ハ,ワ
サウル	名詞,一般,*,*,*,*,*
の	助詞,連体化,*,*,*,*,の,ノ,ノ
父	名詞,一般,*,*,*,*,父,チチ,チチ
で	助動詞,*,*,*,特殊・ダ,連用形,だ,デ,デ
あり	助動詞,*,*,*,五段・ラ行アル,連用形,ある,アリ,アリ
，	記号,読点,*,*,*,*,，,，,，
アブ	名詞,一般,*,*,*,*,アブ,アブ,アブ
ネル	名詞,一般,*,*,*,*,ネル,ネル,ネル
の	助詞,連体化,*,*,*,*,の,ノ,ノ
父	名詞,一般,*,*,*,*,父,チチ,チチ
ネル	名詞,一般,*,*,*,*,ネル,ネル,ネル
は	助詞,係助詞,*,*,*,*,は,ハ,ワ
アビエル	名詞,一般,*,*,*,*,*
の	助詞,連体化,*,*,*,*,の,ノ,ノ
子	名詞,一般,*,*,*,*,子,コ,コ
で	助動詞,*,*,*,特殊・ダ,連用形,だ,デ,デ
あっ	助動詞,*,*,*,五段・ラ行アル,連用タ接続,ある,アッ,アッ
た	助動詞,*,*,*,特殊・タ,基本形,た,タ,タ
。	記号,句点,*,*,*,*,。,。,。
そして	接続詞,*,*,*,*,*,そして,ソシテ,ソシテ
，	記号,読点,*,*,*,*,，,，,，
サウル	名詞,一般,*,*,*,*,*
の	助詞,連体化,*,*,*,*,の,ノ,ノ
時代	名詞,一般,*,*,*,*,時代,ジダイ,ジダイ
中	名詞,接尾,副詞可能,*,*,*,中,チュウ,チュー
ずっと	副詞,一般,*,*,*,*,ずっと,ズット,ズット
，	記号,読点,*,*,*,*,，,，,，
フィリスティア	名詞,一般,*,*,*,*,*
人	名詞,接尾,一般,*,*,*,人,ジン,ジン
と	助詞,格助詞,一般,*,*,*,と,ト,ト
の	助詞,連体化,*,*,*,*,の,ノ,ノ
戦い	名詞,一般,*,*,*,*,戦い,タタカイ,タタカイ
は	助詞,係助詞,*,*,*,*,は,ハ,ワ
激しく	形容詞,自立,*,*,形容詞・イ段,連用テ接続,激しい,ハゲシク,ハゲシク
続い	動詞,自立,*,*,五段・カ行イ音便,連用タ接続,続く,ツヅイ,ツズイ
た	助動詞,*,*,*,特殊・タ,基本形,た,タ,タ
。	記号,句点,*,*,*,*,。,。,。
サウル	名詞,一般,*,*,*,*,*
は	助詞,係助詞,*,*,*,*,は,ハ,ワ
力	名詞,一般,*,*,*,*,力,チカラ,チカラ
の	助詞,格助詞,一般,*,*,*,の,ノ,ノ
ある	動詞,自立,*,*,五段・ラ行,基本形,ある,アル,アル
者	名詞,非自立,一般,*,*,*,者,モノ,モノ
や	助詞,並立助詞,*,*,*,*,や,ヤ,ヤ
勇敢	名詞,形容動詞語幹,*,*,*,*,勇敢,ユウカン,ユーカン
な	助動詞,*,*,*,特殊・ダ,体言接続,だ,ナ,ナ
者	名詞,非自立,一般,*,*,*,者,モノ,モノ
を	助詞,格助詞,一般,*,*,*,を,ヲ,ヲ
見る	動詞,自立,*,*,一段,基本形,見る,ミル,ミル
と	助詞,接続助詞,*,*,*,*,と,ト,ト
，	記号,読点,*,*,*,*,，,，,，
だれ	名詞,代名詞,一般,*,*,*,だれ,ダレ,ダレ
でも	助詞,副助詞,*,*,*,*,でも,デモ,デモ
自分	名詞,一般,*,*,*,*,自分,ジブン,ジブン
の	助詞,連体化,*,*,*,*,の,ノ,ノ
もと	名詞,非自立,一般,*,*,*,もと,モト,モト
に	助詞,格助詞,一般,*,*,*,に,ニ,ニ
集める	動詞,自立,*,*,一段,基本形,集める,アツメル,アツメル
の	名詞,非自立,一般,*,*,*,の,ノ,ノ
で	助動詞,*,*,*,特殊・ダ,連用形,だ,デ,デ
あっ	助動詞,*,*,*,五段・ラ行アル,連用タ接続,ある,アッ,アッ
た	助動詞,*,*,*,特殊・タ,基本形,た,タ,タ
。	記号,句点,*,*,*,*,。,。,。
EOS
