それで	接続詞,*,*,*,*,*,それで,ソレデ,ソレデ
，	記号,読点,*,*,*,*,，,，,，
ダビデ	名詞,一般,*,*,*,*,*
は	助詞,係助詞,*,*,*,*,は,ハ,ワ
さらに	副詞,助詞類接続,*,*,*,*,さらに,サラニ,サラニ
そこ	名詞,代名詞,一般,*,*,*,そこ,ソコ,ソコ
から	助詞,格助詞,一般,*,*,*,から,カラ,カラ
去っ	動詞,自立,*,*,五段・ラ行,連用タ接続,去る,サッ,サッ
て	助詞,接続助詞,*,*,*,*,て,テ,テ
，	記号,読点,*,*,*,*,，,，,，
アド	名詞,一般,*,*,*,*,アド,アド,アド
ラム	名詞,一般,*,*,*,*,ラム,ラム,ラム
の	助詞,連体化,*,*,*,*,の,ノ,ノ
洞くつ	名詞,一般,*,*,*,*,洞くつ,ドウクツ,ドークツ
に	助詞,格助詞,一般,*,*,*,に,ニ,ニ
逃れ	動詞,自立,*,*,一段,連用形,逃れる,ノガレ,ノガレ
た	助動詞,*,*,*,特殊・タ,基本形,た,タ,タ
。	記号,句点,*,*,*,*,。,。,。
彼	名詞,代名詞,一般,*,*,*,彼,カレ,カレ
の	助詞,連体化,*,*,*,*,の,ノ,ノ
兄弟	名詞,一般,*,*,*,*,兄弟,キョウダイ,キョーダイ
たち	名詞,接尾,一般,*,*,*,たち,タチ,タチ
と	助詞,格助詞,一般,*,*,*,と,ト,ト
その	連体詞,*,*,*,*,*,その,ソノ,ソノ
父	名詞,一般,*,*,*,*,父,チチ,チチ
の	助詞,連体化,*,*,*,*,の,ノ,ノ
全	接頭詞,名詞接続,*,*,*,*,全,ゼン,ゼン
家	名詞,一般,*,*,*,*,家,イエ,イエ
は	助詞,係助詞,*,*,*,*,は,ハ,ワ
その	連体詞,*,*,*,*,*,その,ソノ,ソノ
こと	名詞,非自立,一般,*,*,*,こと,コト,コト
を	助詞,格助詞,一般,*,*,*,を,ヲ,ヲ
聞き	動詞,自立,*,*,五段・カ行イ音便,連用形,聞く,キキ,キキ
，	記号,読点,*,*,*,*,，,，,，
そこ	名詞,代名詞,一般,*,*,*,そこ,ソコ,ソコ
に	助詞,格助詞,一般,*,*,*,に,ニ,ニ
，	記号,読点,*,*,*,*,，,，,，
彼	名詞,代名詞,一般,*,*,*,彼,カレ,カレ
の	助詞,連体化,*,*,*,*,の,ノ,ノ
もと	名詞,非自立,一般,*,*,*,もと,モト,モト
に	助詞,格助詞,一般,*,*,*,に,ニ,ニ
下っ	動詞,自立,*,*,五段・ラ行,連用タ接続,下る,クダッ,クダッ
て	助詞,接続助詞,*,*,*,*,て,テ,テ
来	動詞,非自立,*,*,カ変・来ル,連用形,来る,キ,キ
た	助動詞,*,*,*,特殊・タ,基本形,た,タ,タ
。	記号,句点,*,*,*,*,。,。,。
そして	接続詞,*,*,*,*,*,そして,ソシテ,ソシテ
，	記号,読点,*,*,*,*,，,，,，
困窮	名詞,サ変接続,*,*,*,*,困窮,コンキュウ,コンキュー
し	動詞,自立,*,*,サ変・スル,連用形,する,シ,シ
て	助詞,接続助詞,*,*,*,*,て,テ,テ
いる	動詞,非自立,*,*,一段,基本形,いる,イル,イル
者	名詞,非自立,一般,*,*,*,者,モノ,モノ
，	記号,読点,*,*,*,*,，,，,，
債権	名詞,一般,*,*,*,*,債権,サイケン,サイケン
者	名詞,接尾,一般,*,*,*,者,シャ,シャ
の	助詞,格助詞,一般,*,*,*,の,ノ,ノ
いる	動詞,自立,*,*,一段,基本形,いる,イル,イル
者	名詞,非自立,一般,*,*,*,者,モノ,モノ
，	記号,読点,*,*,*,*,，,，,，
魂	名詞,一般,*,*,*,*,魂,タマシイ,タマシー
の	助詞,格助詞,一般,*,*,*,の,ノ,ノ
苦しむ	動詞,自立,*,*,五段・マ行,基本形,苦しむ,クルシム,クルシム
者	名詞,非自立,一般,*,*,*,者,モノ,モノ
は	助詞,係助詞,*,*,*,*,は,ハ,ワ
皆	名詞,代名詞,一般,*,*,*,皆,ミナ,ミナ
，	記号,読点,*,*,*,*,，,，,，
彼	名詞,代名詞,一般,*,*,*,彼,カレ,カレ
の	助詞,連体化,*,*,*,*,の,ノ,ノ
もと	名詞,非自立,一般,*,*,*,もと,モト,モト
に	助詞,格助詞,一般,*,*,*,に,ニ,ニ
集まる	動詞,自立,*,*,五段・ラ行,基本形,集まる,アツマル,アツマル
よう	名詞,非自立,助動詞語幹,*,*,*,よう,ヨウ,ヨー
に	助詞,格助詞,一般,*,*,*,に,ニ,ニ
なり	動詞,自立,*,*,五段・ラ行,連用形,なる,ナリ,ナリ
，	記号,読点,*,*,*,*,，,，,，
彼	名詞,代名詞,一般,*,*,*,彼,カレ,カレ
は	助詞,係助詞,*,*,*,*,は,ハ,ワ
それら	名詞,代名詞,一般,*,*,*,それら,ソレラ,ソレラ
の	助詞,連体化,*,*,*,*,の,ノ,ノ
者	名詞,非自立,一般,*,*,*,者,モノ,モノ
の	助詞,連体化,*,*,*,*,の,ノ,ノ
長	名詞,一般,*,*,*,*,長,チョウ,チョー
と	助詞,格助詞,一般,*,*,*,と,ト,ト
なっ	動詞,自立,*,*,五段・ラ行,連用タ接続,なる,ナッ,ナッ
た	助動詞,*,*,*,特殊・タ,基本形,た,タ,タ
。	記号,句点,*,*,*,*,。,。,。
およそ	副詞,助詞類接続,*,*,*,*,およそ,オヨソ,オヨソ
四	名詞,数,*,*,*,*,四,ヨン,ヨン
百	名詞,数,*,*,*,*,百,ヒャク,ヒャク
人	名詞,接尾,助数詞,*,*,*,人,ニン,ニン
の	助詞,連体化,*,*,*,*,の,ノ,ノ
者	名詞,非自立,一般,*,*,*,者,モノ,モノ
が	助詞,格助詞,一般,*,*,*,が,ガ,ガ
彼	名詞,代名詞,一般,*,*,*,彼,カレ,カレ
と共に	助詞,格助詞,連語,*,*,*,と共に,トトモニ,トトモニ
いる	動詞,自立,*,*,一段,基本形,いる,イル,イル
よう	名詞,非自立,助動詞語幹,*,*,*,よう,ヨウ,ヨー
に	助詞,格助詞,一般,*,*,*,に,ニ,ニ
なっ	動詞,自立,*,*,五段・ラ行,連用タ接続,なる,ナッ,ナッ
た	助動詞,*,*,*,特殊・タ,基本形,た,タ,タ
。	記号,句点,*,*,*,*,。,。,。
後	名詞,接尾,副詞可能,*,*,*,後,ゴ,ゴ
に	助詞,格助詞,一般,*,*,*,に,ニ,ニ
，	記号,読点,*,*,*,*,，,，,，
ダビデ	名詞,一般,*,*,*,*,*
は	助詞,係助詞,*,*,*,*,は,ハ,ワ
そこ	名詞,代名詞,一般,*,*,*,そこ,ソコ,ソコ
から	助詞,格助詞,一般,*,*,*,から,カラ,カラ
モアブ	名詞,一般,*,*,*,*,*
の	助詞,連体化,*,*,*,*,の,ノ,ノ
ミツペ	名詞,一般,*,*,*,*,*
に	助詞,格助詞,一般,*,*,*,に,ニ,ニ
行き	動詞,自立,*,*,五段・カ行促音便,連用形,行く,イキ,イキ
，	記号,読点,*,*,*,*,，,，,，
モアブ	名詞,一般,*,*,*,*,*
の	助詞,連体化,*,*,*,*,の,ノ,ノ
王	名詞,一般,*,*,*,*,王,オウ,オー
に	助詞,格助詞,一般,*,*,*,に,ニ,ニ
言っ	動詞,自立,*,*,五段・ワ行促音便,連用タ接続,言う,イッ,イッ
た	助動詞,*,*,*,特殊・タ,基本形,た,タ,タ
，	記号,読点,*,*,*,*,，,，,，
「	記号,括弧開,*,*,*,*,「,「,「
神	名詞,一般,*,*,*,*,神,カミ,カミ
が	助詞,格助詞,一般,*,*,*,が,ガ,ガ
わたし	名詞,代名詞,一般,*,*,*,わたし,ワタシ,ワタシ
に	助詞,格助詞,一般,*,*,*,に,ニ,ニ
何	名詞,代名詞,一般,*,*,*,何,ナニ,ナニ
を	助詞,格助詞,一般,*,*,*,を,ヲ,ヲ
なさる	動詞,自立,*,*,五段・ラ行特殊,基本形,なさる,ナサル,ナサル
か	助詞,副助詞／並立助詞／終助詞,*,*,*,*,か,カ,カ
が	助詞,格助詞,一般,*,*,*,が,ガ,ガ
分かる	動詞,自立,*,*,五段・ラ行,基本形,分かる,ワカル,ワカル
まで	助詞,副助詞,*,*,*,*,まで,マデ,マデ
，	記号,読点,*,*,*,*,，,，,，
どう	副詞,助詞類接続,*,*,*,*,どう,ドウ,ドー
か	助詞,副助詞／並立助詞／終助詞,*,*,*,*,か,カ,カ
，	記号,読点,*,*,*,*,，,，,，
わたし	名詞,代名詞,一般,*,*,*,わたし,ワタシ,ワタシ
の	助詞,連体化,*,*,*,*,の,ノ,ノ
父	名詞,一般,*,*,*,*,父,チチ,チチ
と	助詞,並立助詞,*,*,*,*,と,ト,ト
母	名詞,一般,*,*,*,*,母,ハハ,ハハ
を	助詞,格助詞,一般,*,*,*,を,ヲ,ヲ
あなた	名詞,代名詞,一般,*,*,*,あなた,アナタ,アナタ
方	名詞,接尾,一般,*,*,*,方,カタ,カタ
の	助詞,連体化,*,*,*,*,の,ノ,ノ
もと	名詞,非自立,一般,*,*,*,もと,モト,モト
に	助詞,格助詞,一般,*,*,*,に,ニ,ニ
住ま	動詞,自立,*,*,五段・マ行,未然形,住む,スマ,スマ
せ	動詞,接尾,*,*,一段,連用形,せる,セ,セ
て	助詞,接続助詞,*,*,*,*,て,テ,テ
ください	動詞,非自立,*,*,五段・ラ行特殊,命令ｉ,くださる,クダサイ,クダサイ
」	記号,括弧閉,*,*,*,*,」,」,」
。	記号,句点,*,*,*,*,。,。,。
こうして	接続詞,*,*,*,*,*,こうして,コウシテ,コーシテ
，	記号,読点,*,*,*,*,，,，,，
彼	名詞,代名詞,一般,*,*,*,彼,カレ,カレ
は	助詞,係助詞,*,*,*,*,は,ハ,ワ
ふたり	名詞,一般,*,*,*,*,ふたり,フタリ,フタリ
を	助詞,格助詞,一般,*,*,*,を,ヲ,ヲ
モアブ	名詞,一般,*,*,*,*,*
の	助詞,連体化,*,*,*,*,の,ノ,ノ
王	名詞,一般,*,*,*,*,王,オウ,オー
の	助詞,連体化,*,*,*,*,の,ノ,ノ
前	名詞,副詞可能,*,*,*,*,前,マエ,マエ
に	助詞,格助詞,一般,*,*,*,に,ニ,ニ
住まわせ	動詞,自立,*,*,一段,連用形,住まわせる,スマワセ,スマワセ
た	助動詞,*,*,*,特殊・タ,基本形,た,タ,タ
ので	助詞,接続助詞,*,*,*,*,ので,ノデ,ノデ
，	記号,読点,*,*,*,*,，,，,，
ふたり	名詞,一般,*,*,*,*,ふたり,フタリ,フタリ
は	助詞,係助詞,*,*,*,*,は,ハ,ワ
ダビデ	名詞,一般,*,*,*,*,*
が	助詞,格助詞,一般,*,*,*,が,ガ,ガ
近づき	動詞,自立,*,*,五段・カ行イ音便,連用形,近づく,チカヅキ,チカズキ
難い	形容詞,非自立,*,*,形容詞・アウオ段,基本形,難い,ガタイ,ガタイ
所	名詞,非自立,副詞可能,*,*,*,所,トコロ,トコロ
に	助詞,格助詞,一般,*,*,*,に,ニ,ニ
い	動詞,自立,*,*,一段,連用形,いる,イ,イ
た	助動詞,*,*,*,特殊・タ,基本形,た,タ,タ
期間	名詞,一般,*,*,*,*,期間,キカン,キカン
中	名詞,接尾,副詞可能,*,*,*,中,チュウ,チュー
ずっと	副詞,一般,*,*,*,*,ずっと,ズット,ズット
彼	名詞,代名詞,一般,*,*,*,彼,カレ,カレ
の	助詞,連体化,*,*,*,*,の,ノ,ノ
もと	名詞,非自立,一般,*,*,*,もと,モト,モト
に	助詞,格助詞,一般,*,*,*,に,ニ,ニ
住ん	動詞,自立,*,*,五段・マ行,連用タ接続,住む,スン,スン
で	助詞,接続助詞,*,*,*,*,で,デ,デ
い	動詞,非自立,*,*,一段,連用形,いる,イ,イ
た	助動詞,*,*,*,特殊・タ,基本形,た,タ,タ
。	記号,句点,*,*,*,*,。,。,。
やがて	副詞,一般,*,*,*,*,やがて,ヤガテ,ヤガテ
預言	名詞,サ変接続,*,*,*,*,預言,ヨゲン,ヨゲン
者	名詞,接尾,一般,*,*,*,者,シャ,シャ
ガド	名詞,一般,*,*,*,*,*
は	助詞,係助詞,*,*,*,*,は,ハ,ワ
ダビデ	名詞,一般,*,*,*,*,*
に	助詞,格助詞,一般,*,*,*,に,ニ,ニ
言っ	動詞,自立,*,*,五段・ワ行促音便,連用タ接続,言う,イッ,イッ
た	助動詞,*,*,*,特殊・タ,基本形,た,タ,タ
，	記号,読点,*,*,*,*,，,，,，
「	記号,括弧開,*,*,*,*,「,「,「
近づき	動詞,自立,*,*,五段・カ行イ音便,連用形,近づく,チカヅキ,チカズキ
難い	形容詞,非自立,*,*,形容詞・アウオ段,基本形,難い,ガタイ,ガタイ
所	名詞,非自立,副詞可能,*,*,*,所,トコロ,トコロ
に	助詞,格助詞,一般,*,*,*,に,ニ,ニ
ずっと	副詞,一般,*,*,*,*,ずっと,ズット,ズット
住ん	動詞,自立,*,*,五段・マ行,連用タ接続,住む,スン,スン
で	助詞,接続助詞,*,*,*,*,で,デ,デ
い	動詞,非自立,*,*,一段,連用形,いる,イ,イ
て	助詞,接続助詞,*,*,*,*,て,テ,テ
は	助詞,係助詞,*,*,*,*,は,ハ,ワ
なり	動詞,非自立,*,*,五段・ラ行,連用形,なる,ナリ,ナリ
ませ	助動詞,*,*,*,特殊・マス,未然形,ます,マセ,マセ
ん	助動詞,*,*,*,不変化型,基本形,ん,ン,ン
。	記号,句点,*,*,*,*,。,。,。
去っ	動詞,自立,*,*,五段・ラ行,連用タ接続,去る,サッ,サッ
て	助詞,接続助詞,*,*,*,*,て,テ,テ
，	記号,読点,*,*,*,*,，,，,，
あなた	名詞,代名詞,一般,*,*,*,あなた,アナタ,アナタ
は	助詞,係助詞,*,*,*,*,は,ハ,ワ
ユダ	名詞,一般,*,*,*,*,*
の	助詞,連体化,*,*,*,*,の,ノ,ノ
地	名詞,一般,*,*,*,*,地,チ,チ
に	助詞,格助詞,一般,*,*,*,に,ニ,ニ
行か	動詞,自立,*,*,五段・カ行促音便,未然形,行く,イカ,イカ
なく	助動詞,*,*,*,特殊・ナイ,連用テ接続,ない,ナク,ナク
て	助詞,接続助詞,*,*,*,*,て,テ,テ
は	助詞,係助詞,*,*,*,*,は,ハ,ワ
なり	動詞,非自立,*,*,五段・ラ行,連用形,なる,ナリ,ナリ
ませ	助動詞,*,*,*,特殊・マス,未然形,ます,マセ,マセ
ん	助動詞,*,*,*,不変化型,基本形,ん,ン,ン
」	記号,括弧閉,*,*,*,*,」,」,」
。	記号,句点,*,*,*,*,。,。,。
そこで	接続詞,*,*,*,*,*,そこで,ソコデ,ソコデ
ダビデ	名詞,一般,*,*,*,*,*
は	助詞,係助詞,*,*,*,*,は,ハ,ワ
去っ	動詞,自立,*,*,五段・ラ行,連用タ接続,去る,サッ,サッ
て	助詞,接続助詞,*,*,*,*,て,テ,テ
，	記号,読点,*,*,*,*,，,，,，
ヘレト	名詞,一般,*,*,*,*,*
の	助詞,連体化,*,*,*,*,の,ノ,ノ
森	名詞,一般,*,*,*,*,森,モリ,モリ
へ	助詞,格助詞,一般,*,*,*,へ,ヘ,エ
行っ	動詞,自立,*,*,五段・カ行促音便,連用タ接続,行く,イッ,イッ
た	助動詞,*,*,*,特殊・タ,基本形,た,タ,タ
。	記号,句点,*,*,*,*,。,。,。
とき	名詞,非自立,副詞可能,*,*,*,とき,トキ,トキ
に	助詞,格助詞,一般,*,*,*,に,ニ,ニ
サウル	名詞,一般,*,*,*,*,*
は	助詞,係助詞,*,*,*,*,は,ハ,ワ
，	記号,読点,*,*,*,*,，,，,，
ダビデ	名詞,一般,*,*,*,*,*
と	助詞,並立助詞,*,*,*,*,と,ト,ト
彼	名詞,代名詞,一般,*,*,*,彼,カレ,カレ
と共に	助詞,格助詞,連語,*,*,*,と共に,トトモニ,トトモニ
いる	動詞,自立,*,*,一段,基本形,いる,イル,イル
者	名詞,一般,*,*,*,*,者,モノ,モノ
たち	名詞,接尾,一般,*,*,*,たち,タチ,タチ
が	助詞,格助詞,一般,*,*,*,が,ガ,ガ
見つかっ	動詞,自立,*,*,五段・ラ行,連用タ接続,見つかる,ミツカッ,ミツカッ
た	助動詞,*,*,*,特殊・タ,基本形,た,タ,タ
という	助詞,格助詞,連語,*,*,*,という,トイウ,トユウ
こと	名詞,非自立,一般,*,*,*,こと,コト,コト
を	助詞,格助詞,一般,*,*,*,を,ヲ,ヲ
聞い	動詞,自立,*,*,五段・カ行イ音便,連用タ接続,聞く,キイ,キイ
た	助動詞,*,*,*,特殊・タ,基本形,た,タ,タ
。	記号,句点,*,*,*,*,。,。,。
その	連体詞,*,*,*,*,*,その,ソノ,ソノ
とき	名詞,非自立,副詞可能,*,*,*,とき,トキ,トキ
，	記号,読点,*,*,*,*,，,，,，
サウル	名詞,一般,*,*,*,*,*
は	助詞,係助詞,*,*,*,*,は,ハ,ワ
ギベア	名詞,一般,*,*,*,*,*
の	助詞,連体化,*,*,*,*,の,ノ,ノ
高き	形容詞,自立,*,*,形容詞・アウオ段,体言接続,高い,タカキ,タカキ
所	名詞,非自立,副詞可能,*,*,*,所,トコロ,トコロ
の	助詞,連体化,*,*,*,*,の,ノ,ノ
ぎょ	感動詞,*,*,*,*,*,ぎょ,ギョ,ギョ
りゅう	名詞,一般,*,*,*,*,りゅう,リュウ,リュー
の	助詞,連体化,*,*,*,*,の,ノ,ノ
木の下	名詞,一般,*,*,*,*,木の下,コノシタ,コノシタ
で	助詞,格助詞,一般,*,*,*,で,デ,デ
槍	名詞,一般,*,*,*,*,槍,ヤリ,ヤリ
を	助詞,格助詞,一般,*,*,*,を,ヲ,ヲ
手	名詞,一般,*,*,*,*,手,テ,テ
に	助詞,格助詞,一般,*,*,*,に,ニ,ニ
し	動詞,自立,*,*,サ変・スル,連用形,する,シ,シ
て	助詞,接続助詞,*,*,*,*,て,テ,テ
座し	動詞,自立,*,*,五段・サ行,連用形,座す,ザシ,ザシ
て	助詞,接続助詞,*,*,*,*,て,テ,テ
おり	動詞,非自立,*,*,五段・ラ行,連用形,おる,オリ,オリ
，	記号,読点,*,*,*,*,，,，,，
その	連体詞,*,*,*,*,*,その,ソノ,ソノ
僕	名詞,代名詞,一般,*,*,*,僕,ボク,ボク
たち	名詞,接尾,一般,*,*,*,たち,タチ,タチ
は	助詞,係助詞,*,*,*,*,は,ハ,ワ
みな	名詞,代名詞,一般,*,*,*,みな,ミナ,ミナ
彼	名詞,代名詞,一般,*,*,*,彼,カレ,カレ
の	助詞,連体化,*,*,*,*,の,ノ,ノ
周り	名詞,一般,*,*,*,*,周り,マワリ,マワリ
に	助詞,格助詞,一般,*,*,*,に,ニ,ニ
立っ	動詞,自立,*,*,五段・タ行,連用タ接続,立つ,タッ,タッ
て	助詞,接続助詞,*,*,*,*,て,テ,テ
い	動詞,非自立,*,*,一段,連用形,いる,イ,イ
た	助動詞,*,*,*,特殊・タ,基本形,た,タ,タ
。	記号,句点,*,*,*,*,。,。,。
する	動詞,自立,*,*,サ変・スル,基本形,する,スル,スル
と	助詞,接続助詞,*,*,*,*,と,ト,ト
，	記号,読点,*,*,*,*,，,，,，
サウル	名詞,一般,*,*,*,*,*
は	助詞,係助詞,*,*,*,*,は,ハ,ワ
周り	名詞,一般,*,*,*,*,周り,マワリ,マワリ
に	助詞,格助詞,一般,*,*,*,に,ニ,ニ
立っ	動詞,自立,*,*,五段・タ行,連用タ接続,立つ,タッ,タッ
て	助詞,接続助詞,*,*,*,*,て,テ,テ
い	動詞,非自立,*,*,一段,連用形,いる,イ,イ
た	助動詞,*,*,*,特殊・タ,基本形,た,タ,タ
僕	名詞,代名詞,一般,*,*,*,僕,ボク,ボク
たち	名詞,接尾,一般,*,*,*,たち,タチ,タチ
に	助詞,格助詞,一般,*,*,*,に,ニ,ニ
言っ	動詞,自立,*,*,五段・ワ行促音便,連用タ接続,言う,イッ,イッ
た	助動詞,*,*,*,特殊・タ,基本形,た,タ,タ
，	記号,読点,*,*,*,*,，,，,，
「	記号,括弧開,*,*,*,*,「,「,「
ベニヤ	名詞,一般,*,*,*,*,ベニヤ,ベニヤ,ベニヤ
ミン	名詞,固有名詞,一般,*,*,*,ミン,ミン,ミン
人	名詞,接尾,一般,*,*,*,人,ジン,ジン
よ	助詞,終助詞,*,*,*,*,よ,ヨ,ヨ
，	記号,読点,*,*,*,*,，,，,，
どう	副詞,助詞類接続,*,*,*,*,どう,ドウ,ドー
か	助詞,副助詞／並立助詞／終助詞,*,*,*,*,か,カ,カ
，	記号,読点,*,*,*,*,，,，,，
聴い	動詞,自立,*,*,五段・カ行イ音便,連用タ接続,聴く,キイ,キイ
て	助詞,接続助詞,*,*,*,*,て,テ,テ
もらい	動詞,非自立,*,*,五段・ワ行促音便,連用形,もらう,モライ,モライ
たい	助動詞,*,*,*,特殊・タイ,基本形,たい,タイ,タイ
。	記号,句点,*,*,*,*,。,。,。
エッ	感動詞,*,*,*,*,*,エッ,エッ,エッ
サイ	名詞,一般,*,*,*,*,サイ,サイ,サイ
の	助詞,連体化,*,*,*,*,の,ノ,ノ
子	名詞,一般,*,*,*,*,子,コ,コ
も	助詞,係助詞,*,*,*,*,も,モ,モ
，	記号,読点,*,*,*,*,，,，,，
あなた	名詞,代名詞,一般,*,*,*,あなた,アナタ,アナタ
方	名詞,接尾,一般,*,*,*,方,カタ,カタ
すべて	名詞,副詞可能,*,*,*,*,すべて,スベテ,スベテ
に	助詞,格助詞,一般,*,*,*,に,ニ,ニ
畑	名詞,一般,*,*,*,*,畑,ハタケ,ハタケ
や	助詞,並立助詞,*,*,*,*,や,ヤ,ヤ
ぶどう	名詞,一般,*,*,*,*,ぶどう,ブドウ,ブドー
園	名詞,接尾,一般,*,*,*,園,エン,エン
を	助詞,格助詞,一般,*,*,*,を,ヲ,ヲ
与える	動詞,自立,*,*,一段,基本形,与える,アタエル,アタエル
だろ	助動詞,*,*,*,特殊・ダ,未然形,だ,ダロ,ダロ
う	助動詞,*,*,*,不変化型,基本形,う,ウ,ウ
か	助詞,副助詞／並立助詞／終助詞,*,*,*,*,か,カ,カ
。	記号,句点,*,*,*,*,。,。,。
彼	名詞,代名詞,一般,*,*,*,彼,カレ,カレ
は	助詞,係助詞,*,*,*,*,は,ハ,ワ
あなた	名詞,代名詞,一般,*,*,*,あなた,アナタ,アナタ
方	名詞,接尾,一般,*,*,*,方,カタ,カタ
すべて	名詞,副詞可能,*,*,*,*,すべて,スベテ,スベテ
を	助詞,格助詞,一般,*,*,*,を,ヲ,ヲ
千	名詞,数,*,*,*,*,千,セン,セン
人	名詞,接尾,助数詞,*,*,*,人,ニン,ニン
の	助詞,連体化,*,*,*,*,の,ノ,ノ
長	接頭詞,名詞接続,*,*,*,*,長,チョウ,チョー
，	名詞,数,*,*,*,*,，,，,，
百	名詞,数,*,*,*,*,百,ヒャク,ヒャク
人	名詞,接尾,助数詞,*,*,*,人,ニン,ニン
の	助詞,連体化,*,*,*,*,の,ノ,ノ
長	名詞,一般,*,*,*,*,長,チョウ,チョー
に	助詞,格助詞,一般,*,*,*,に,ニ,ニ
任	名詞,一般,*,*,*,*,任,ニン,ニン
ずる	名詞,一般,*,*,*,*,ずる,ズル,ズル
だろ	助動詞,*,*,*,特殊・ダ,未然形,だ,ダロ,ダロ
う	助動詞,*,*,*,不変化型,基本形,う,ウ,ウ
か	助詞,副助詞／並立助詞／終助詞,*,*,*,*,か,カ,カ
。	記号,句点,*,*,*,*,。,。,。
お前	名詞,代名詞,一般,*,*,*,お前,オマエ,オマエ
たち	名詞,接尾,一般,*,*,*,たち,タチ,タチ
は	助詞,係助詞,*,*,*,*,は,ハ,ワ
，	記号,読点,*,*,*,*,，,，,，
お前	名詞,代名詞,一般,*,*,*,お前,オマエ,オマエ
たち	名詞,接尾,一般,*,*,*,たち,タチ,タチ
は	助詞,係助詞,*,*,*,*,は,ハ,ワ
皆	名詞,代名詞,一般,*,*,*,皆,ミナ,ミナ
，	記号,読点,*,*,*,*,，,，,，
わたし	名詞,代名詞,一般,*,*,*,わたし,ワタシ,ワタシ
に対して	助詞,格助詞,連語,*,*,*,に対して,ニタイシテ,ニタイシテ
陰謀	名詞,一般,*,*,*,*,陰謀,インボウ,インボー
を	助詞,格助詞,一般,*,*,*,を,ヲ,ヲ
企て	動詞,自立,*,*,一段,連用形,企てる,クワダテ,クワダテ
た	助動詞,*,*,*,特殊・タ,基本形,た,タ,タ
の	名詞,非自立,一般,*,*,*,の,ノ,ノ
だ	助動詞,*,*,*,特殊・ダ,基本形,だ,ダ,ダ
。	記号,句点,*,*,*,*,。,。,。
わたし	名詞,代名詞,一般,*,*,*,わたし,ワタシ,ワタシ
の	助詞,連体化,*,*,*,*,の,ノ,ノ
息子	名詞,一般,*,*,*,*,息子,ムスコ,ムスコ
が	助詞,格助詞,一般,*,*,*,が,ガ,ガ
エッサイ	名詞,一般,*,*,*,*,*
の	助詞,連体化,*,*,*,*,の,ノ,ノ
子	名詞,一般,*,*,*,*,子,コ,コ
と	助詞,格助詞,一般,*,*,*,と,ト,ト
[	名詞,サ変接続,*,*,*,*,*
契約	名詞,サ変接続,*,*,*,*,契約,ケイヤク,ケイヤク
を	助詞,格助詞,一般,*,*,*,を,ヲ,ヲ
]	名詞,サ変接続,*,*,*,*,*
結ん	動詞,自立,*,*,五段・バ行,連用タ接続,結ぶ,ムスン,ムスン
で	助詞,接続助詞,*,*,*,*,で,デ,デ
も	助詞,係助詞,*,*,*,*,も,モ,モ
，	記号,読点,*,*,*,*,，,，,，
それ	名詞,代名詞,一般,*,*,*,それ,ソレ,ソレ
を	助詞,格助詞,一般,*,*,*,を,ヲ,ヲ
わたし	名詞,代名詞,一般,*,*,*,わたし,ワタシ,ワタシ
の	助詞,連体化,*,*,*,*,の,ノ,ノ
耳	名詞,一般,*,*,*,*,耳,ミミ,ミミ
に	助詞,格助詞,一般,*,*,*,に,ニ,ニ
打ち明ける	動詞,自立,*,*,一段,基本形,打ち明ける,ウチアケル,ウチアケル
者	名詞,非自立,一般,*,*,*,者,モノ,モノ
は	助詞,係助詞,*,*,*,*,は,ハ,ワ
ひとり	名詞,一般,*,*,*,*,ひとり,ヒトリ,ヒトリ
も	助詞,係助詞,*,*,*,*,も,モ,モ
なく	形容詞,自立,*,*,形容詞・アウオ段,連用テ接続,ない,ナク,ナク
，	記号,読点,*,*,*,*,，,，,，
また	接続詞,*,*,*,*,*,また,マタ,マタ
わたし	名詞,代名詞,一般,*,*,*,わたし,ワタシ,ワタシ
の	助詞,連体化,*,*,*,*,の,ノ,ノ
ため	名詞,非自立,副詞可能,*,*,*,ため,タメ,タメ
に	助詞,格助詞,一般,*,*,*,に,ニ,ニ
同情	名詞,サ変接続,*,*,*,*,同情,ドウジョウ,ドージョー
し	動詞,自立,*,*,サ変・スル,連用形,する,シ,シ
，	記号,読点,*,*,*,*,，,，,，
わたし	名詞,代名詞,一般,*,*,*,わたし,ワタシ,ワタシ
の	助詞,連体化,*,*,*,*,の,ノ,ノ
息子	名詞,一般,*,*,*,*,息子,ムスコ,ムスコ
が	助詞,格助詞,一般,*,*,*,が,ガ,ガ
わたし	名詞,代名詞,一般,*,*,*,わたし,ワタシ,ワタシ
の	助詞,連体化,*,*,*,*,の,ノ,ノ
僕	名詞,代名詞,一般,*,*,*,僕,ボク,ボク
を	助詞,格助詞,一般,*,*,*,を,ヲ,ヲ
この	連体詞,*,*,*,*,*,この,コノ,コノ
日	名詞,非自立,副詞可能,*,*,*,日,ヒ,ヒ
の	助詞,連体化,*,*,*,*,の,ノ,ノ
よう	名詞,非自立,助動詞語幹,*,*,*,よう,ヨウ,ヨー
に	助詞,副詞化,*,*,*,*,に,ニ,ニ
待ち伏せ	動詞,自立,*,*,一段,連用形,待ち伏せる,マチブセ,マチブセ
する	動詞,自立,*,*,サ変・スル,基本形,する,スル,スル
者	名詞,非自立,一般,*,*,*,者,モノ,モノ
として	助詞,格助詞,連語,*,*,*,として,トシテ,トシテ
わたし	名詞,代名詞,一般,*,*,*,わたし,ワタシ,ワタシ
に	助詞,格助詞,一般,*,*,*,に,ニ,ニ
向かっ	動詞,自立,*,*,五段・ワ行促音便,連用タ接続,向かう,ムカッ,ムカッ
て	助詞,接続助詞,*,*,*,*,て,テ,テ
立ち上がら	動詞,自立,*,*,五段・ラ行,未然形,立ち上がる,タチアガラ,タチアガラ
せ	動詞,接尾,*,*,一段,連用形,せる,セ,セ
た	助動詞,*,*,*,特殊・タ,基本形,た,タ,タ
こと	名詞,非自立,一般,*,*,*,こと,コト,コト
を	助詞,格助詞,一般,*,*,*,を,ヲ,ヲ
わたし	名詞,代名詞,一般,*,*,*,わたし,ワタシ,ワタシ
の	助詞,連体化,*,*,*,*,の,ノ,ノ
耳	名詞,一般,*,*,*,*,耳,ミミ,ミミ
に	助詞,格助詞,一般,*,*,*,に,ニ,ニ
打ち明ける	動詞,自立,*,*,一段,基本形,打ち明ける,ウチアケル,ウチアケル
者	名詞,非自立,一般,*,*,*,者,モノ,モノ
も	助詞,係助詞,*,*,*,*,も,モ,モ
，	記号,読点,*,*,*,*,，,，,，
お前	名詞,代名詞,一般,*,*,*,お前,オマエ,オマエ
たち	名詞,接尾,一般,*,*,*,たち,タチ,タチ
の	助詞,連体化,*,*,*,*,の,ノ,ノ
うち	名詞,非自立,副詞可能,*,*,*,うち,ウチ,ウチ
に	助詞,格助詞,一般,*,*,*,に,ニ,ニ
は	助詞,係助詞,*,*,*,*,は,ハ,ワ
ひとり	名詞,一般,*,*,*,*,ひとり,ヒトリ,ヒトリ
も	助詞,係助詞,*,*,*,*,も,モ,モ
い	動詞,自立,*,*,一段,未然形,いる,イ,イ
ない	助動詞,*,*,*,特殊・ナイ,基本形,ない,ナイ,ナイ
」	記号,括弧閉,*,*,*,*,」,」,」
。	記号,句点,*,*,*,*,。,。,。
そこで	接続詞,*,*,*,*,*,そこで,ソコデ,ソコデ
エドム	名詞,一般,*,*,*,*,*
人	名詞,接尾,一般,*,*,*,人,ジン,ジン
ドエグ	名詞,一般,*,*,*,*,*
は	助詞,係助詞,*,*,*,*,は,ハ,ワ
，	記号,読点,*,*,*,*,，,，,，
サウル	名詞,一般,*,*,*,*,*
の	助詞,連体化,*,*,*,*,の,ノ,ノ
僕	名詞,代名詞,一般,*,*,*,僕,ボク,ボク
たち	名詞,接尾,一般,*,*,*,たち,タチ,タチ
の	助詞,連体化,*,*,*,*,の,ノ,ノ
上	名詞,非自立,副詞可能,*,*,*,上,ウエ,ウエ
に	助詞,格助詞,一般,*,*,*,に,ニ,ニ
立て	動詞,自立,*,*,一段,未然形,立てる,タテ,タテ
られ	動詞,接尾,*,*,一段,連用形,られる,ラレ,ラレ
て	助詞,接続助詞,*,*,*,*,て,テ,テ
い	動詞,非自立,*,*,一段,連用形,いる,イ,イ
た	助動詞,*,*,*,特殊・タ,基本形,た,タ,タ
ので	助詞,接続助詞,*,*,*,*,ので,ノデ,ノデ
，	記号,読点,*,*,*,*,，,，,，
答え	動詞,自立,*,*,一段,連用形,答える,コタエ,コタエ
て	助詞,接続助詞,*,*,*,*,て,テ,テ
言っ	動詞,自立,*,*,五段・ワ行促音便,連用タ接続,言う,イッ,イッ
た	助動詞,*,*,*,特殊・タ,基本形,た,タ,タ
，	記号,読点,*,*,*,*,，,，,，
「	記号,括弧開,*,*,*,*,「,「,「
わたし	名詞,代名詞,一般,*,*,*,わたし,ワタシ,ワタシ
は	助詞,係助詞,*,*,*,*,は,ハ,ワ
エッサイ	名詞,一般,*,*,*,*,*
の	助詞,連体化,*,*,*,*,の,ノ,ノ
子	名詞,一般,*,*,*,*,子,コ,コ
が	助詞,格助詞,一般,*,*,*,が,ガ,ガ
ノブ	名詞,一般,*,*,*,*,ノブ,ノブ,ノブ
の	助詞,連体化,*,*,*,*,の,ノ,ノ
アヒトブ	名詞,一般,*,*,*,*,*
の	助詞,連体化,*,*,*,*,の,ノ,ノ
子	接頭詞,名詞接続,*,*,*,*,子,コ,コ
アヒメレク	名詞,一般,*,*,*,*,*
の	助詞,連体化,*,*,*,*,の,ノ,ノ
ところ	名詞,非自立,副詞可能,*,*,*,ところ,トコロ,トコロ
に	助詞,格助詞,一般,*,*,*,に,ニ,ニ
来る	動詞,自立,*,*,カ変・来ル,基本形,来る,クル,クル
の	名詞,非自立,一般,*,*,*,の,ノ,ノ
を	助詞,格助詞,一般,*,*,*,を,ヲ,ヲ
見	動詞,自立,*,*,一段,連用形,見る,ミ,ミ
まし	助動詞,*,*,*,特殊・マス,連用形,ます,マシ,マシ
た	助動詞,*,*,*,特殊・タ,基本形,た,タ,タ
。	記号,句点,*,*,*,*,。,。,。
する	動詞,自立,*,*,サ変・スル,基本形,する,スル,スル
と	助詞,接続助詞,*,*,*,*,と,ト,ト
，	記号,読点,*,*,*,*,，,，,，
[	名詞,サ変接続,*,*,*,*,*
アヒメレク	名詞,一般,*,*,*,*,*
]	名詞,サ変接続,*,*,*,*,*
は	助詞,係助詞,*,*,*,*,は,ハ,ワ
彼	名詞,代名詞,一般,*,*,*,彼,カレ,カレ
の	助詞,連体化,*,*,*,*,の,ノ,ノ
ため	名詞,非自立,副詞可能,*,*,*,ため,タメ,タメ
に	助詞,格助詞,一般,*,*,*,に,ニ,ニ
エホバ	名詞,一般,*,*,*,*,エホバ,エホバ,エホバ
に	助詞,格助詞,一般,*,*,*,に,ニ,ニ
伺い	動詞,自立,*,*,五段・ワ行促音便,連用形,伺う,ウカガイ,ウカガイ
，	記号,読点,*,*,*,*,，,，,，
食糧	名詞,一般,*,*,*,*,食糧,ショクリョウ,ショクリョー
を	助詞,格助詞,一般,*,*,*,を,ヲ,ヲ
彼	名詞,代名詞,一般,*,*,*,彼,カレ,カレ
に	助詞,格助詞,一般,*,*,*,に,ニ,ニ
与え	動詞,自立,*,*,一段,連用形,与える,アタエ,アタエ
，	記号,読点,*,*,*,*,，,，,，
フィリスティア	名詞,一般,*,*,*,*,*
人	名詞,接尾,一般,*,*,*,人,ジン,ジン
ゴリ	名詞,一般,*,*,*,*,ゴリ,ゴリ,ゴリ
アテ	名詞,一般,*,*,*,*,アテ,アテ,アテ
の	助詞,連体化,*,*,*,*,の,ノ,ノ
剣	名詞,一般,*,*,*,*,剣,ケン,ケン
も	助詞,係助詞,*,*,*,*,も,モ,モ
彼	名詞,代名詞,一般,*,*,*,彼,カレ,カレ
に	助詞,格助詞,一般,*,*,*,に,ニ,ニ
与え	動詞,自立,*,*,一段,連用形,与える,アタエ,アタエ
まし	助動詞,*,*,*,特殊・マス,連用形,ます,マシ,マシ
た	助動詞,*,*,*,特殊・タ,基本形,た,タ,タ
」	記号,括弧閉,*,*,*,*,」,」,」
。	記号,句点,*,*,*,*,。,。,。
直ちに	副詞,一般,*,*,*,*,直ちに,タダチニ,タダチニ
王	名詞,一般,*,*,*,*,王,オウ,オー
は	助詞,係助詞,*,*,*,*,は,ハ,ワ
人	名詞,一般,*,*,*,*,人,ヒト,ヒト
を	助詞,格助詞,一般,*,*,*,を,ヲ,ヲ
やっ	動詞,自立,*,*,五段・ラ行,連用タ接続,やる,ヤッ,ヤッ
て	助詞,接続助詞,*,*,*,*,て,テ,テ
アヒトブ	名詞,一般,*,*,*,*,*
の	助詞,連体化,*,*,*,*,の,ノ,ノ
子	名詞,一般,*,*,*,*,子,コ,コ
，	記号,読点,*,*,*,*,，,，,，
祭司	名詞,一般,*,*,*,*,祭司,サイシ,サイシ
アヒメレク	名詞,一般,*,*,*,*,*
と	助詞,格助詞,一般,*,*,*,と,ト,ト
その	連体詞,*,*,*,*,*,その,ソノ,ソノ
父	名詞,一般,*,*,*,*,父,チチ,チチ
の	助詞,連体化,*,*,*,*,の,ノ,ノ
全	接頭詞,名詞接続,*,*,*,*,全,ゼン,ゼン
家	名詞,一般,*,*,*,*,家,イエ,イエ
，	記号,読点,*,*,*,*,，,，,，
つまり	接続詞,*,*,*,*,*,つまり,ツマリ,ツマリ
ノブ	名詞,一般,*,*,*,*,ノブ,ノブ,ノブ
に	助詞,格助詞,一般,*,*,*,に,ニ,ニ
いる	動詞,自立,*,*,一段,基本形,いる,イル,イル
祭司	名詞,一般,*,*,*,*,祭司,サイシ,サイシ
たち	名詞,接尾,一般,*,*,*,たち,タチ,タチ
を	助詞,格助詞,一般,*,*,*,を,ヲ,ヲ
呼ん	動詞,自立,*,*,五段・バ行,連用タ接続,呼ぶ,ヨン,ヨン
だ	助動詞,*,*,*,特殊・タ,基本形,だ,ダ,ダ
。	記号,句点,*,*,*,*,。,。,。
それで	接続詞,*,*,*,*,*,それで,ソレデ,ソレデ
，	記号,読点,*,*,*,*,，,，,，
彼ら	名詞,代名詞,一般,*,*,*,彼ら,カレラ,カレラ
は	助詞,係助詞,*,*,*,*,は,ハ,ワ
みな	名詞,代名詞,一般,*,*,*,みな,ミナ,ミナ
王	名詞,接尾,一般,*,*,*,王,オウ,オー
の	助詞,連体化,*,*,*,*,の,ノ,ノ
もと	名詞,非自立,一般,*,*,*,もと,モト,モト
に	助詞,格助詞,一般,*,*,*,に,ニ,ニ
来	動詞,自立,*,*,カ変・来ル,連用形,来る,キ,キ
た	助動詞,*,*,*,特殊・タ,基本形,た,タ,タ
。	記号,句点,*,*,*,*,。,。,。
そこで	接続詞,*,*,*,*,*,そこで,ソコデ,ソコデ
サウル	名詞,一般,*,*,*,*,*
は	助詞,係助詞,*,*,*,*,は,ハ,ワ
言っ	動詞,自立,*,*,五段・ワ行促音便,連用タ接続,言う,イッ,イッ
た	助動詞,*,*,*,特殊・タ,基本形,た,タ,タ
，	記号,読点,*,*,*,*,，,，,，
「	記号,括弧開,*,*,*,*,「,「,「
アヒトブ	名詞,一般,*,*,*,*,*
の	助詞,連体化,*,*,*,*,の,ノ,ノ
子	名詞,一般,*,*,*,*,子,コ,コ
よ	助詞,終助詞,*,*,*,*,よ,ヨ,ヨ
，	記号,読点,*,*,*,*,，,，,，
どう	副詞,助詞類接続,*,*,*,*,どう,ドウ,ドー
か	助詞,副助詞／並立助詞／終助詞,*,*,*,*,か,カ,カ
，	記号,読点,*,*,*,*,，,，,，
聴い	動詞,自立,*,*,五段・カ行イ音便,連用タ接続,聴く,キイ,キイ
て	助詞,接続助詞,*,*,*,*,て,テ,テ
もらい	動詞,非自立,*,*,五段・ワ行促音便,連用形,もらう,モライ,モライ
たい	助動詞,*,*,*,特殊・タイ,基本形,たい,タイ,タイ
！	記号,一般,*,*,*,*,！,！,！
」	記号,括弧閉,*,*,*,*,」,」,」
それ	名詞,代名詞,一般,*,*,*,それ,ソレ,ソレ
に対して	助詞,格助詞,連語,*,*,*,に対して,ニタイシテ,ニタイシテ
彼	名詞,代名詞,一般,*,*,*,彼,カレ,カレ
は	助詞,係助詞,*,*,*,*,は,ハ,ワ
言っ	動詞,自立,*,*,五段・ワ行促音便,連用タ接続,言う,イッ,イッ
た	助動詞,*,*,*,特殊・タ,基本形,た,タ,タ
，	記号,読点,*,*,*,*,，,，,，
「	記号,括弧開,*,*,*,*,「,「,「
我が	連体詞,*,*,*,*,*,我が,ワガ,ワガ
主	名詞,形容動詞語幹,*,*,*,*,主,オモ,オモ
よ	助詞,終助詞,*,*,*,*,よ,ヨ,ヨ
，	記号,読点,*,*,*,*,，,，,，
わたし	名詞,代名詞,一般,*,*,*,わたし,ワタシ,ワタシ
は	助詞,係助詞,*,*,*,*,は,ハ,ワ
ここ	名詞,代名詞,一般,*,*,*,ここ,ココ,ココ
に	助詞,格助詞,一般,*,*,*,に,ニ,ニ
おり	動詞,自立,*,*,一段,連用形,おりる,オリ,オリ
ます	助動詞,*,*,*,特殊・マス,基本形,ます,マス,マス
」	記号,括弧閉,*,*,*,*,」,」,」
。	記号,句点,*,*,*,*,。,。,。
次いで	接続詞,*,*,*,*,*,次いで,ツイデ,ツイデ
サウル	名詞,一般,*,*,*,*,*
は	助詞,係助詞,*,*,*,*,は,ハ,ワ
彼	名詞,代名詞,一般,*,*,*,彼,カレ,カレ
に	助詞,格助詞,一般,*,*,*,に,ニ,ニ
言っ	動詞,自立,*,*,五段・ワ行促音便,連用タ接続,言う,イッ,イッ
た	助動詞,*,*,*,特殊・タ,基本形,た,タ,タ
，	記号,読点,*,*,*,*,，,，,，
「	記号,括弧開,*,*,*,*,「,「,「
お前	名詞,代名詞,一般,*,*,*,お前,オマエ,オマエ
たち	名詞,接尾,一般,*,*,*,たち,タチ,タチ
は	助詞,係助詞,*,*,*,*,は,ハ,ワ
，	記号,読点,*,*,*,*,，,，,，
お前	名詞,代名詞,一般,*,*,*,お前,オマエ,オマエ
と	助詞,格助詞,一般,*,*,*,と,ト,ト
エッサイ	名詞,一般,*,*,*,*,*
の	助詞,連体化,*,*,*,*,の,ノ,ノ
子	名詞,一般,*,*,*,*,子,コ,コ
は	助詞,係助詞,*,*,*,*,は,ハ,ワ
，	記号,読点,*,*,*,*,，,，,，
お前	名詞,代名詞,一般,*,*,*,お前,オマエ,オマエ
が	助詞,格助詞,一般,*,*,*,が,ガ,ガ
彼	名詞,代名詞,一般,*,*,*,彼,カレ,カレ
に	助詞,格助詞,一般,*,*,*,に,ニ,ニ
パン	名詞,一般,*,*,*,*,パン,パン,パン
と	助詞,並立助詞,*,*,*,*,と,ト,ト
剣	名詞,一般,*,*,*,*,剣,ケン,ケン
を	助詞,格助詞,一般,*,*,*,を,ヲ,ヲ
与え	動詞,自立,*,*,一段,連用形,与える,アタエ,アタエ
，	記号,読点,*,*,*,*,，,，,，
また	接続詞,*,*,*,*,*,また,マタ,マタ
彼	名詞,代名詞,一般,*,*,*,彼,カレ,カレ
の	助詞,連体化,*,*,*,*,の,ノ,ノ
ため	名詞,非自立,副詞可能,*,*,*,ため,タメ,タメ
に	助詞,格助詞,一般,*,*,*,に,ニ,ニ
神	名詞,一般,*,*,*,*,神,カミ,カミ
に	助詞,格助詞,一般,*,*,*,に,ニ,ニ
伺う	動詞,自立,*,*,五段・ワ行促音便,基本形,伺う,ウカガウ,ウカガウ
など	助詞,副助詞,*,*,*,*,など,ナド,ナド
し	動詞,自立,*,*,サ変・スル,連用形,する,シ,シ
て	助詞,接続助詞,*,*,*,*,て,テ,テ
，	記号,読点,*,*,*,*,，,，,，
この	連体詞,*,*,*,*,*,この,コノ,コノ
日	名詞,非自立,副詞可能,*,*,*,日,ヒ,ヒ
の	助詞,連体化,*,*,*,*,の,ノ,ノ
よう	名詞,非自立,助動詞語幹,*,*,*,よう,ヨウ,ヨー
に	助詞,副詞化,*,*,*,*,に,ニ,ニ
，	記号,読点,*,*,*,*,，,，,，
待ち伏せ	名詞,一般,*,*,*,*,待ち伏せ,マチブセ,マチブセ
する	動詞,自立,*,*,サ変・スル,基本形,する,スル,スル
者	名詞,非自立,一般,*,*,*,者,モノ,モノ
として	助詞,格助詞,連語,*,*,*,として,トシテ,トシテ
わたし	名詞,代名詞,一般,*,*,*,わたし,ワタシ,ワタシ
に	助詞,格助詞,一般,*,*,*,に,ニ,ニ
向かっ	動詞,自立,*,*,五段・ワ行促音便,連用タ接続,向かう,ムカッ,ムカッ
て	助詞,接続助詞,*,*,*,*,て,テ,テ
立ち上がら	動詞,自立,*,*,五段・ラ行,未然形,立ち上がる,タチアガラ,タチアガラ
せ	動詞,接尾,*,*,一段,連用形,せる,セ,セ
て	助詞,接続助詞,*,*,*,*,て,テ,テ
，	記号,読点,*,*,*,*,，,，,，
どうして	副詞,一般,*,*,*,*,どうして,ドウシテ,ドーシテ
わたし	名詞,代名詞,一般,*,*,*,わたし,ワタシ,ワタシ
に対して	助詞,格助詞,連語,*,*,*,に対して,ニタイシテ,ニタイシテ
陰謀	名詞,一般,*,*,*,*,陰謀,インボウ,インボー
を	助詞,格助詞,一般,*,*,*,を,ヲ,ヲ
企て	動詞,自立,*,*,一段,連用形,企てる,クワダテ,クワダテ
た	助動詞,*,*,*,特殊・タ,基本形,た,タ,タ
の	名詞,非自立,一般,*,*,*,の,ノ,ノ
だ	助動詞,*,*,*,特殊・ダ,基本形,だ,ダ,ダ
」	記号,括弧閉,*,*,*,*,」,」,」
。	記号,句点,*,*,*,*,。,。,。
そこで	接続詞,*,*,*,*,*,そこで,ソコデ,ソコデ
アヒメレク	名詞,一般,*,*,*,*,*
は	助詞,係助詞,*,*,*,*,は,ハ,ワ
王	名詞,一般,*,*,*,*,王,オウ,オー
に	助詞,格助詞,一般,*,*,*,に,ニ,ニ
答え	動詞,自立,*,*,一段,連用形,答える,コタエ,コタエ
て	助詞,接続助詞,*,*,*,*,て,テ,テ
言っ	動詞,自立,*,*,五段・ワ行促音便,連用タ接続,言う,イッ,イッ
た	助動詞,*,*,*,特殊・タ,基本形,た,タ,タ
，	記号,読点,*,*,*,*,，,，,，
「	記号,括弧開,*,*,*,*,「,「,「
ですが	接続詞,*,*,*,*,*,ですが,デスガ,デスガ
，	記号,読点,*,*,*,*,，,，,，
あなた	名詞,代名詞,一般,*,*,*,あなた,アナタ,アナタ
の	助詞,連体化,*,*,*,*,の,ノ,ノ
すべて	名詞,副詞可能,*,*,*,*,すべて,スベテ,スベテ
の	助詞,連体化,*,*,*,*,の,ノ,ノ
僕	名詞,代名詞,一般,*,*,*,僕,ボク,ボク
の	助詞,連体化,*,*,*,*,の,ノ,ノ
中	名詞,非自立,副詞可能,*,*,*,中,ナカ,ナカ
で	助詞,格助詞,一般,*,*,*,で,デ,デ
だれ	名詞,代名詞,一般,*,*,*,だれ,ダレ,ダレ
が	助詞,格助詞,一般,*,*,*,が,ガ,ガ
ダビデ	名詞,一般,*,*,*,*,*
の	助詞,連体化,*,*,*,*,の,ノ,ノ
よう	名詞,非自立,助動詞語幹,*,*,*,よう,ヨウ,ヨー
に	助詞,副詞化,*,*,*,*,に,ニ,ニ
忠実	名詞,形容動詞語幹,*,*,*,*,忠実,チュウジツ,チュージツ
でしょ	助動詞,*,*,*,特殊・デス,未然形,です,デショ,デショ
う	助動詞,*,*,*,不変化型,基本形,う,ウ,ウ
か	助詞,副助詞／並立助詞／終助詞,*,*,*,*,か,カ,カ
。	記号,句点,*,*,*,*,。,。,。
しかも	接続詞,*,*,*,*,*,しかも,シカモ,シカモ
彼	名詞,代名詞,一般,*,*,*,彼,カレ,カレ
は	助詞,係助詞,*,*,*,*,は,ハ,ワ
王	名詞,一般,*,*,*,*,王,オウ,オー
の	助詞,連体化,*,*,*,*,の,ノ,ノ
婿	名詞,一般,*,*,*,*,婿,ムコ,ムコ
で	助詞,格助詞,一般,*,*,*,で,デ,デ
，	記号,読点,*,*,*,*,，,，,，
あなた	名詞,代名詞,一般,*,*,*,あなた,アナタ,アナタ
の	助詞,連体化,*,*,*,*,の,ノ,ノ
護衛	名詞,サ変接続,*,*,*,*,護衛,ゴエイ,ゴエイ
の	助詞,連体化,*,*,*,*,の,ノ,ノ
長	名詞,一般,*,*,*,*,長,チョウ,チョー
です	助動詞,*,*,*,特殊・デス,基本形,です,デス,デス
し	助詞,接続助詞,*,*,*,*,し,シ,シ
，	記号,読点,*,*,*,*,，,，,，
あなた	名詞,代名詞,一般,*,*,*,あなた,アナタ,アナタ
の	助詞,連体化,*,*,*,*,の,ノ,ノ
家	名詞,一般,*,*,*,*,家,イエ,イエ
で	助詞,格助詞,一般,*,*,*,で,デ,デ
敬わ	動詞,自立,*,*,五段・ワ行促音便,未然形,敬う,ウヤマワ,ウヤマワ
れ	動詞,接尾,*,*,一段,連用形,れる,レ,レ
て	助詞,接続助詞,*,*,*,*,て,テ,テ
いる	動詞,非自立,*,*,一段,基本形,いる,イル,イル
の	名詞,非自立,一般,*,*,*,の,ノ,ノ
です	助動詞,*,*,*,特殊・デス,基本形,です,デス,デス
。	記号,句点,*,*,*,*,。,。,。
わたし	名詞,代名詞,一般,*,*,*,わたし,ワタシ,ワタシ
が	助詞,格助詞,一般,*,*,*,が,ガ,ガ
彼	名詞,代名詞,一般,*,*,*,彼,カレ,カレ
の	助詞,連体化,*,*,*,*,の,ノ,ノ
ため	名詞,非自立,副詞可能,*,*,*,ため,タメ,タメ
に	助詞,格助詞,一般,*,*,*,に,ニ,ニ
神	名詞,一般,*,*,*,*,神,カミ,カミ
に	助詞,格助詞,一般,*,*,*,に,ニ,ニ
伺う	動詞,自立,*,*,五段・ワ行促音便,基本形,伺う,ウカガウ,ウカガウ
の	名詞,非自立,一般,*,*,*,の,ノ,ノ
は	助詞,係助詞,*,*,*,*,は,ハ,ワ
，	記号,読点,*,*,*,*,，,，,，
今日	名詞,副詞可能,*,*,*,*,今日,キョウ,キョー
に	助詞,格助詞,一般,*,*,*,に,ニ,ニ
始まっ	動詞,自立,*,*,五段・ラ行,連用タ接続,始まる,ハジマッ,ハジマッ
た	助動詞,*,*,*,特殊・タ,基本形,た,タ,タ
こと	名詞,非自立,一般,*,*,*,こと,コト,コト
でしょ	助動詞,*,*,*,特殊・デス,未然形,です,デショ,デショ
う	助動詞,*,*,*,不変化型,基本形,う,ウ,ウ
か	助詞,副助詞／並立助詞／終助詞,*,*,*,*,か,カ,カ
。	記号,句点,*,*,*,*,。,。,。
わたし	名詞,代名詞,一般,*,*,*,わたし,ワタシ,ワタシ
に	助詞,格助詞,一般,*,*,*,に,ニ,ニ
は	助詞,係助詞,*,*,*,*,は,ハ,ワ
それ	名詞,代名詞,一般,*,*,*,それ,ソレ,ソレ
は	助詞,係助詞,*,*,*,*,は,ハ,ワ
考え	動詞,自立,*,*,一段,未然形,考える,カンガエ,カンガエ
られ	動詞,接尾,*,*,一段,未然形,られる,ラレ,ラレ
ない	助動詞,*,*,*,特殊・ナイ,基本形,ない,ナイ,ナイ
こと	名詞,非自立,一般,*,*,*,こと,コト,コト
です	助動詞,*,*,*,特殊・デス,基本形,です,デス,デス
！	記号,一般,*,*,*,*,！,！,！
王	名詞,固有名詞,人名,姓,*,*,王,オウ,オー
が	助詞,格助詞,一般,*,*,*,が,ガ,ガ
この	連体詞,*,*,*,*,*,この,コノ,コノ
僕	名詞,代名詞,一般,*,*,*,僕,ボク,ボク
[	名詞,サ変接続,*,*,*,*,*
と	助詞,並立助詞,*,*,*,*,と,ト,ト
]	名詞,サ変接続,*,*,*,*,*
わたし	名詞,代名詞,一般,*,*,*,わたし,ワタシ,ワタシ
の	助詞,連体化,*,*,*,*,の,ノ,ノ
父	名詞,一般,*,*,*,*,父,チチ,チチ
の	助詞,連体化,*,*,*,*,の,ノ,ノ
全	接頭詞,名詞接続,*,*,*,*,全,ゼン,ゼン
家	名詞,一般,*,*,*,*,家,イエ,イエ
に	助詞,格助詞,一般,*,*,*,に,ニ,ニ
何	名詞,代名詞,一般,*,*,*,何,ナニ,ナニ
を	助詞,格助詞,一般,*,*,*,を,ヲ,ヲ
も	助詞,係助詞,*,*,*,*,も,モ,モ
負わ	動詞,自立,*,*,五段・ワ行促音便,未然形,負う,オワ,オワ
せ	動詞,接尾,*,*,一段,連用形,せる,セ,セ
ませ	助動詞,*,*,*,特殊・マス,未然形,ます,マセ,マセ
ん	助動詞,*,*,*,不変化型,基本形,ん,ン,ン
よう	名詞,非自立,助動詞語幹,*,*,*,よう,ヨウ,ヨー
に	助詞,格助詞,一般,*,*,*,に,ニ,ニ
。	記号,句点,*,*,*,*,。,。,。
この	連体詞,*,*,*,*,*,この,コノ,コノ
すべて	名詞,副詞可能,*,*,*,*,すべて,スベテ,スベテ
の	助詞,連体化,*,*,*,*,の,ノ,ノ
こと	名詞,非自立,一般,*,*,*,こと,コト,コト
で	助動詞,*,*,*,特殊・ダ,連用形,だ,デ,デ
，	記号,読点,*,*,*,*,，,，,，
この	連体詞,*,*,*,*,*,この,コノ,コノ
僕	名詞,代名詞,一般,*,*,*,僕,ボク,ボク
は	助詞,係助詞,*,*,*,*,は,ハ,ワ
大小	名詞,一般,*,*,*,*,大小,ダイショウ,ダイショー
を	助詞,格助詞,一般,*,*,*,を,ヲ,ヲ
問わ	動詞,自立,*,*,五段・ワ行促音便,未然形,問う,トワ,トワ
ず	助動詞,*,*,*,特殊・ヌ,連用ニ接続,ぬ,ズ,ズ
何事	名詞,一般,*,*,*,*,何事,ナニゴト,ナニゴト
も	助詞,係助詞,*,*,*,*,も,モ,モ
知ら	動詞,自立,*,*,五段・ラ行,未然形,知る,シラ,シラ
なかっ	助動詞,*,*,*,特殊・ナイ,連用タ接続,ない,ナカッ,ナカッ
た	助動詞,*,*,*,特殊・タ,基本形,た,タ,タ
の	名詞,非自立,一般,*,*,*,の,ノ,ノ
です	助動詞,*,*,*,特殊・デス,基本形,です,デス,デス
から	助詞,接続助詞,*,*,*,*,から,カラ,カラ
」	記号,括弧閉,*,*,*,*,」,」,」
。	記号,句点,*,*,*,*,。,。,。
しかし	接続詞,*,*,*,*,*,しかし,シカシ,シカシ
王	名詞,一般,*,*,*,*,王,オウ,オー
は	助詞,係助詞,*,*,*,*,は,ハ,ワ
言っ	動詞,自立,*,*,五段・ワ行促音便,連用タ接続,言う,イッ,イッ
た	助動詞,*,*,*,特殊・タ,基本形,た,タ,タ
，	記号,読点,*,*,*,*,，,，,，
「	記号,括弧開,*,*,*,*,「,「,「
アヒメレク	名詞,固有名詞,組織,*,*,*,*
，	記号,読点,*,*,*,*,，,，,，
お前	名詞,代名詞,一般,*,*,*,お前,オマエ,オマエ
は	助詞,係助詞,*,*,*,*,は,ハ,ワ
必ず	副詞,助詞類接続,*,*,*,*,必ず,カナラズ,カナラズ
死ぬ	動詞,自立,*,*,五段・ナ行,基本形,死ぬ,シヌ,シヌ
。	記号,句点,*,*,*,*,。,。,。
お前	名詞,代名詞,一般,*,*,*,お前,オマエ,オマエ
も	助詞,係助詞,*,*,*,*,も,モ,モ
，	記号,読点,*,*,*,*,，,，,，
お前	名詞,代名詞,一般,*,*,*,お前,オマエ,オマエ
の	助詞,連体化,*,*,*,*,の,ノ,ノ
父	名詞,一般,*,*,*,*,父,チチ,チチ
の	助詞,連体化,*,*,*,*,の,ノ,ノ
全	接頭詞,名詞接続,*,*,*,*,全,ゼン,ゼン
家	名詞,一般,*,*,*,*,家,イエ,イエ
も	助詞,係助詞,*,*,*,*,も,モ,モ
だ	助動詞,*,*,*,特殊・ダ,基本形,だ,ダ,ダ
」	記号,括弧閉,*,*,*,*,」,」,」
。	記号,句点,*,*,*,*,。,。,。
そうして	接続詞,*,*,*,*,*,そうして,ソウシテ,ソーシテ
，	記号,読点,*,*,*,*,，,，,，
王	名詞,一般,*,*,*,*,王,オウ,オー
は	助詞,係助詞,*,*,*,*,は,ハ,ワ
周り	名詞,一般,*,*,*,*,周り,マワリ,マワリ
に	助詞,格助詞,一般,*,*,*,に,ニ,ニ
立っ	動詞,自立,*,*,五段・タ行,連用タ接続,立つ,タッ,タッ
て	助詞,接続助詞,*,*,*,*,て,テ,テ
いる	動詞,非自立,*,*,一段,基本形,いる,イル,イル
走者	名詞,一般,*,*,*,*,走者,ソウシャ,ソーシャ
たち	名詞,接尾,一般,*,*,*,たち,タチ,タチ
に	助詞,格助詞,一般,*,*,*,に,ニ,ニ
言っ	動詞,自立,*,*,五段・ワ行促音便,連用タ接続,言う,イッ,イッ
た	助動詞,*,*,*,特殊・タ,基本形,た,タ,タ
，	記号,読点,*,*,*,*,，,，,，
「	記号,括弧開,*,*,*,*,「,「,「
向かっ	動詞,自立,*,*,五段・ワ行促音便,連用タ接続,向かう,ムカッ,ムカッ
て	助詞,接続助詞,*,*,*,*,て,テ,テ
行っ	動詞,非自立,*,*,五段・カ行促音便,連用タ接続,行く,イッ,イッ
て	助詞,接続助詞,*,*,*,*,て,テ,テ
，	記号,読点,*,*,*,*,，,，,，
エホバ	名詞,一般,*,*,*,*,エホバ,エホバ,エホバ
の	助詞,連体化,*,*,*,*,の,ノ,ノ
祭司	名詞,一般,*,*,*,*,祭司,サイシ,サイシ
たち	名詞,接尾,一般,*,*,*,たち,タチ,タチ
を	助詞,格助詞,一般,*,*,*,を,ヲ,ヲ
殺せ	動詞,自立,*,*,五段・サ行,命令ｅ,殺す,コロセ,コロセ
。	記号,句点,*,*,*,*,。,。,。
彼ら	名詞,代名詞,一般,*,*,*,彼ら,カレラ,カレラ
の	助詞,連体化,*,*,*,*,の,ノ,ノ
手	名詞,一般,*,*,*,*,手,テ,テ
も	助詞,係助詞,*,*,*,*,も,モ,モ
また	接続詞,*,*,*,*,*,また,マタ,マタ
ダビデ	名詞,一般,*,*,*,*,*
と	助詞,格助詞,一般,*,*,*,と,ト,ト
共に	副詞,一般,*,*,*,*,共に,トモニ,トモニ
あり	動詞,自立,*,*,五段・ラ行,連用形,ある,アリ,アリ
，	記号,読点,*,*,*,*,，,，,，
彼ら	名詞,代名詞,一般,*,*,*,彼ら,カレラ,カレラ
は	助詞,係助詞,*,*,*,*,は,ハ,ワ
[	名詞,サ変接続,*,*,*,*,*
ダビデ	名詞,一般,*,*,*,*,*
]	名詞,サ変接続,*,*,*,*,*
が	助詞,格助詞,一般,*,*,*,が,ガ,ガ
逃亡	名詞,サ変接続,*,*,*,*,逃亡,トウボウ,トーボー
者	名詞,接尾,一般,*,*,*,者,シャ,シャ
で	助動詞,*,*,*,特殊・ダ,連用形,だ,デ,デ
ある	助動詞,*,*,*,五段・ラ行アル,基本形,ある,アル,アル
こと	名詞,非自立,一般,*,*,*,こと,コト,コト
を	助詞,格助詞,一般,*,*,*,を,ヲ,ヲ
知り	動詞,自立,*,*,五段・ラ行,連用形,知る,シリ,シリ
ながら	助詞,接続助詞,*,*,*,*,ながら,ナガラ,ナガラ
，	記号,読点,*,*,*,*,，,，,，
それ	名詞,代名詞,一般,*,*,*,それ,ソレ,ソレ
を	助詞,格助詞,一般,*,*,*,を,ヲ,ヲ
わたし	名詞,代名詞,一般,*,*,*,わたし,ワタシ,ワタシ
の	助詞,連体化,*,*,*,*,の,ノ,ノ
耳	名詞,一般,*,*,*,*,耳,ミミ,ミミ
に	助詞,格助詞,一般,*,*,*,に,ニ,ニ
打ち明け	動詞,自立,*,*,一段,未然形,打ち明ける,ウチアケ,ウチアケ
なかっ	助動詞,*,*,*,特殊・ナイ,連用タ接続,ない,ナカッ,ナカッ
た	助動詞,*,*,*,特殊・タ,基本形,た,タ,タ
から	助詞,接続助詞,*,*,*,*,から,カラ,カラ
だ	助動詞,*,*,*,特殊・ダ,基本形,だ,ダ,ダ
！	記号,一般,*,*,*,*,！,！,！
」	記号,括弧閉,*,*,*,*,」,」,」
ところが	接続詞,*,*,*,*,*,ところが,トコロガ,トコロガ
，	記号,読点,*,*,*,*,，,，,，
王	名詞,一般,*,*,*,*,王,オウ,オー
の	助詞,連体化,*,*,*,*,の,ノ,ノ
僕	名詞,代名詞,一般,*,*,*,僕,ボク,ボク
たち	名詞,接尾,一般,*,*,*,たち,タチ,タチ
は	助詞,係助詞,*,*,*,*,は,ハ,ワ
手	名詞,一般,*,*,*,*,手,テ,テ
を	助詞,格助詞,一般,*,*,*,を,ヲ,ヲ
出し	動詞,自立,*,*,五段・サ行,連用形,出す,ダシ,ダシ
て	助詞,接続助詞,*,*,*,*,て,テ,テ
エホバ	名詞,一般,*,*,*,*,エホバ,エホバ,エホバ
の	助詞,連体化,*,*,*,*,の,ノ,ノ
祭司	名詞,一般,*,*,*,*,祭司,サイシ,サイシ
たち	名詞,接尾,一般,*,*,*,たち,タチ,タチ
を	助詞,格助詞,一般,*,*,*,を,ヲ,ヲ
襲い	動詞,自立,*,*,五段・ワ行促音便,連用形,襲う,オソイ,オソイ
たい	助動詞,*,*,*,特殊・タイ,基本形,たい,タイ,タイ
と	助詞,格助詞,引用,*,*,*,と,ト,ト
は	助詞,係助詞,*,*,*,*,は,ハ,ワ
思わ	動詞,自立,*,*,五段・ワ行促音便,未然形,思う,オモワ,オモワ
なかっ	助動詞,*,*,*,特殊・ナイ,連用タ接続,ない,ナカッ,ナカッ
た	助動詞,*,*,*,特殊・タ,基本形,た,タ,タ
。	記号,句点,*,*,*,*,。,。,。
ついに	副詞,一般,*,*,*,*,ついに,ツイニ,ツイニ
王	名詞,一般,*,*,*,*,王,オウ,オー
は	助詞,係助詞,*,*,*,*,は,ハ,ワ
ドエグ	名詞,一般,*,*,*,*,*
に	助詞,格助詞,一般,*,*,*,に,ニ,ニ
言っ	動詞,自立,*,*,五段・ワ行促音便,連用タ接続,言う,イッ,イッ
た	助動詞,*,*,*,特殊・タ,基本形,た,タ,タ
，	記号,読点,*,*,*,*,，,，,，
「	記号,括弧開,*,*,*,*,「,「,「
お前	名詞,代名詞,一般,*,*,*,お前,オマエ,オマエ
が	助詞,格助詞,一般,*,*,*,が,ガ,ガ
向かっ	動詞,自立,*,*,五段・ワ行促音便,連用タ接続,向かう,ムカッ,ムカッ
て	助詞,接続助詞,*,*,*,*,て,テ,テ
行っ	動詞,非自立,*,*,五段・カ行促音便,連用タ接続,行く,イッ,イッ
て	助詞,接続助詞,*,*,*,*,て,テ,テ
，	記号,読点,*,*,*,*,，,，,，
祭司	名詞,一般,*,*,*,*,祭司,サイシ,サイシ
たち	名詞,接尾,一般,*,*,*,たち,タチ,タチ
を	助詞,格助詞,一般,*,*,*,を,ヲ,ヲ
襲え	動詞,自立,*,*,五段・ワ行促音便,命令ｅ,襲う,オソエ,オソエ
！	記号,一般,*,*,*,*,！,！,！
」	記号,括弧閉,*,*,*,*,」,」,」
エドム	名詞,一般,*,*,*,*,*
人	名詞,接尾,一般,*,*,*,人,ジン,ジン
ドエグ	名詞,一般,*,*,*,*,*
は	助詞,係助詞,*,*,*,*,は,ハ,ワ
直ちに	副詞,一般,*,*,*,*,直ちに,タダチニ,タダチニ
向かっ	動詞,自立,*,*,五段・ワ行促音便,連用タ接続,向かう,ムカッ,ムカッ
て	助詞,接続助詞,*,*,*,*,て,テ,テ
行っ	動詞,非自立,*,*,五段・カ行促音便,連用タ接続,行く,イッ,イッ
て	助詞,接続助詞,*,*,*,*,て,テ,テ
，	記号,読点,*,*,*,*,，,，,，
自ら	名詞,副詞可能,*,*,*,*,自ら,ミズカラ,ミズカラ
祭司	名詞,一般,*,*,*,*,祭司,サイシ,サイシ
たち	名詞,接尾,一般,*,*,*,たち,タチ,タチ
を	助詞,格助詞,一般,*,*,*,を,ヲ,ヲ
襲い	動詞,自立,*,*,五段・ワ行促音便,連用形,襲う,オソイ,オソイ
，	記号,読点,*,*,*,*,，,，,，
その	連体詞,*,*,*,*,*,その,ソノ,ソノ
日	名詞,非自立,副詞可能,*,*,*,日,ヒ,ヒ
，	記号,読点,*,*,*,*,，,，,，
亜麻	名詞,一般,*,*,*,*,亜麻,アマ,アマ
布	名詞,一般,*,*,*,*,布,ヌノ,ヌノ
の	助詞,連体化,*,*,*,*,の,ノ,ノ
エフォド	名詞,一般,*,*,*,*,*
を	助詞,格助詞,一般,*,*,*,を,ヲ,ヲ
着け	動詞,自立,*,*,一段,連用形,着ける,ツケ,ツケ
て	助詞,接続助詞,*,*,*,*,て,テ,テ
い	動詞,非自立,*,*,一段,連用形,いる,イ,イ
た	助動詞,*,*,*,特殊・タ,基本形,た,タ,タ
八	名詞,数,*,*,*,*,八,ハチ,ハチ
十	名詞,数,*,*,*,*,十,ジュウ,ジュー
五	名詞,数,*,*,*,*,五,ゴ,ゴ
人	名詞,接尾,助数詞,*,*,*,人,ニン,ニン
の	助詞,連体化,*,*,*,*,の,ノ,ノ
人	名詞,一般,*,*,*,*,人,ヒト,ヒト
を	助詞,格助詞,一般,*,*,*,を,ヲ,ヲ
殺し	動詞,自立,*,*,五段・サ行,連用形,殺す,コロシ,コロシ
た	助動詞,*,*,*,特殊・タ,基本形,た,タ,タ
。	記号,句点,*,*,*,*,。,。,。
祭司	名詞,一般,*,*,*,*,祭司,サイシ,サイシ
たち	名詞,接尾,一般,*,*,*,たち,タチ,タチ
の	助詞,連体化,*,*,*,*,の,ノ,ノ
都市	名詞,一般,*,*,*,*,都市,トシ,トシ
ノブ	名詞,一般,*,*,*,*,ノブ,ノブ,ノブ
を	助詞,格助詞,一般,*,*,*,を,ヲ,ヲ
さえ	動詞,自立,*,*,一段,連用形,さえる,サエ,サエ
，	記号,読点,*,*,*,*,，,，,，
彼	名詞,代名詞,一般,*,*,*,彼,カレ,カレ
は	助詞,係助詞,*,*,*,*,は,ハ,ワ
剣	名詞,一般,*,*,*,*,剣,ケン,ケン
の	助詞,連体化,*,*,*,*,の,ノ,ノ
刃	名詞,一般,*,*,*,*,刃,ハ,ハ
で	助詞,格助詞,一般,*,*,*,で,デ,デ
討ち	動詞,自立,*,*,五段・タ行,連用形,討つ,ウチ,ウチ
，	記号,読点,*,*,*,*,，,，,，
男	名詞,一般,*,*,*,*,男,オトコ,オトコ
も	助詞,係助詞,*,*,*,*,も,モ,モ
女	名詞,一般,*,*,*,*,女,オンナ,オンナ
も	助詞,係助詞,*,*,*,*,も,モ,モ
，	記号,読点,*,*,*,*,，,，,，
子供	名詞,一般,*,*,*,*,子供,コドモ,コドモ
も	助詞,係助詞,*,*,*,*,も,モ,モ
乳飲み子	名詞,一般,*,*,*,*,乳飲み子,チノミゴ,チノミゴ
も	助詞,係助詞,*,*,*,*,も,モ,モ
牛	名詞,一般,*,*,*,*,牛,ウシ,ウシ
も	助詞,係助詞,*,*,*,*,も,モ,モ
ろば	名詞,一般,*,*,*,*,ろば,ロバ,ロバ
も	助詞,係助詞,*,*,*,*,も,モ,モ
羊	名詞,一般,*,*,*,*,羊,ヒツジ,ヒツジ
も	助詞,係助詞,*,*,*,*,も,モ,モ
剣	名詞,一般,*,*,*,*,剣,ケン,ケン
の	助詞,連体化,*,*,*,*,の,ノ,ノ
刃	名詞,一般,*,*,*,*,刃,ハ,ハ
で	助詞,格助詞,一般,*,*,*,で,デ,デ
[	名詞,サ変接続,*,*,*,*,*
討っ	動詞,自立,*,*,五段・タ行,連用タ接続,討つ,ウッ,ウッ
た	助動詞,*,*,*,特殊・タ,基本形,た,タ,タ
]。	名詞,サ変接続,*,*,*,*,*
しか	助詞,係助詞,*,*,*,*,しか,シカ,シカ
し	動詞,自立,*,*,サ変・スル,連用形,する,シ,シ
，	記号,読点,*,*,*,*,，,，,，
アヒトブ	名詞,一般,*,*,*,*,*
の	助詞,連体化,*,*,*,*,の,ノ,ノ
子	接頭詞,名詞接続,*,*,*,*,子,コ,コ
アヒメレク	名詞,一般,*,*,*,*,*
の	助詞,連体化,*,*,*,*,の,ノ,ノ
，	名詞,数,*,*,*,*,，,，,，
名	名詞,接尾,助数詞,*,*,*,名,メイ,メイ
を	助詞,格助詞,一般,*,*,*,を,ヲ,ヲ
アビヤタル	名詞,固有名詞,組織,*,*,*,*
という	助詞,格助詞,連語,*,*,*,という,トイウ,トユウ
一	名詞,数,*,*,*,*,一,イチ,イチ
人	名詞,接尾,助数詞,*,*,*,人,ニン,ニン
の	助詞,連体化,*,*,*,*,の,ノ,ノ
息子	名詞,一般,*,*,*,*,息子,ムスコ,ムスコ
が	助詞,格助詞,一般,*,*,*,が,ガ,ガ
逃れ	動詞,自立,*,*,一段,連用形,逃れる,ノガレ,ノガレ
，	記号,読点,*,*,*,*,，,，,，
ダビデ	名詞,一般,*,*,*,*,*
を	助詞,格助詞,一般,*,*,*,を,ヲ,ヲ
追って	接続詞,*,*,*,*,*,追って,オッテ,オッテ
逃げ	動詞,自立,*,*,一段,連用形,逃げる,ニゲ,ニゲ
て	助詞,接続助詞,*,*,*,*,て,テ,テ
来	動詞,非自立,*,*,カ変・来ル,連用形,来る,キ,キ
た	助動詞,*,*,*,特殊・タ,基本形,た,タ,タ
。	記号,句点,*,*,*,*,。,。,。
そこで	接続詞,*,*,*,*,*,そこで,ソコデ,ソコデ
アビヤタル	名詞,一般,*,*,*,*,*
は	助詞,係助詞,*,*,*,*,は,ハ,ワ
ダビデ	名詞,一般,*,*,*,*,*
に	助詞,格助詞,一般,*,*,*,に,ニ,ニ
，	記号,読点,*,*,*,*,，,，,，
「	記号,括弧開,*,*,*,*,「,「,「
サウル	名詞,一般,*,*,*,*,*
は	助詞,係助詞,*,*,*,*,は,ハ,ワ
エホバ	名詞,一般,*,*,*,*,エホバ,エホバ,エホバ
の	助詞,連体化,*,*,*,*,の,ノ,ノ
祭司	名詞,一般,*,*,*,*,祭司,サイシ,サイシ
たち	名詞,接尾,一般,*,*,*,たち,タチ,タチ
を	助詞,格助詞,一般,*,*,*,を,ヲ,ヲ
殺し	動詞,自立,*,*,五段・サ行,連用形,殺す,コロシ,コロシ
まし	助動詞,*,*,*,特殊・マス,連用形,ます,マシ,マシ
た	助動詞,*,*,*,特殊・タ,基本形,た,タ,タ
」	記号,括弧閉,*,*,*,*,」,」,」
と	助詞,格助詞,引用,*,*,*,と,ト,ト
告げ	動詞,自立,*,*,一段,連用形,告げる,ツゲ,ツゲ
た	助動詞,*,*,*,特殊・タ,基本形,た,タ,タ
。	記号,句点,*,*,*,*,。,。,。
ここ	名詞,代名詞,一般,*,*,*,ここ,ココ,ココ
において	助詞,格助詞,連語,*,*,*,において,ニオイテ,ニオイテ
ダビデ	名詞,一般,*,*,*,*,*
は	助詞,係助詞,*,*,*,*,は,ハ,ワ
アビヤタル	名詞,一般,*,*,*,*,*
に	助詞,格助詞,一般,*,*,*,に,ニ,ニ
言っ	動詞,自立,*,*,五段・ワ行促音便,連用タ接続,言う,イッ,イッ
た	助動詞,*,*,*,特殊・タ,基本形,た,タ,タ
，	記号,読点,*,*,*,*,，,，,，
「	記号,括弧開,*,*,*,*,「,「,「
わたし	名詞,代名詞,一般,*,*,*,わたし,ワタシ,ワタシ
は	助詞,係助詞,*,*,*,*,は,ハ,ワ
あの	連体詞,*,*,*,*,*,あの,アノ,アノ
日	名詞,非自立,副詞可能,*,*,*,日,ヒ,ヒ
，	記号,読点,*,*,*,*,，,，,，
エドム	名詞,一般,*,*,*,*,*
人	名詞,接尾,一般,*,*,*,人,ジン,ジン
ドエグ	名詞,一般,*,*,*,*,*
が	助詞,格助詞,一般,*,*,*,が,ガ,ガ
そこ	名詞,代名詞,一般,*,*,*,そこ,ソコ,ソコ
に	助詞,格助詞,一般,*,*,*,に,ニ,ニ
い	動詞,自立,*,*,一段,連用形,いる,イ,イ
た	助動詞,*,*,*,特殊・タ,基本形,た,タ,タ
ので	助詞,接続助詞,*,*,*,*,ので,ノデ,ノデ
，	記号,読点,*,*,*,*,，,，,，
彼	名詞,代名詞,一般,*,*,*,彼,カレ,カレ
が	助詞,格助詞,一般,*,*,*,が,ガ,ガ
必ず	副詞,助詞類接続,*,*,*,*,必ず,カナラズ,カナラズ
サウル	名詞,一般,*,*,*,*,*
に	助詞,格助詞,一般,*,*,*,に,ニ,ニ
告げる	動詞,自立,*,*,一段,基本形,告げる,ツゲル,ツゲル
という	助詞,格助詞,連語,*,*,*,という,トイウ,トユウ
こと	名詞,非自立,一般,*,*,*,こと,コト,コト
を	助詞,格助詞,一般,*,*,*,を,ヲ,ヲ
よく	副詞,一般,*,*,*,*,よく,ヨク,ヨク
知っ	動詞,自立,*,*,五段・ラ行,連用タ接続,知る,シッ,シッ
て	助詞,接続助詞,*,*,*,*,て,テ,テ
い	動詞,非自立,*,*,一段,連用形,いる,イ,イ
た	助動詞,*,*,*,特殊・タ,基本形,た,タ,タ
。	記号,句点,*,*,*,*,。,。,。
わたし	名詞,代名詞,一般,*,*,*,わたし,ワタシ,ワタシ
として	助詞,格助詞,連語,*,*,*,として,トシテ,トシテ
は	助詞,係助詞,*,*,*,*,は,ハ,ワ
あなた	名詞,代名詞,一般,*,*,*,あなた,アナタ,アナタ
の	助詞,連体化,*,*,*,*,の,ノ,ノ
父	名詞,一般,*,*,*,*,父,チチ,チチ
の	助詞,連体化,*,*,*,*,の,ノ,ノ
家	名詞,一般,*,*,*,*,家,イエ,イエ
の	助詞,連体化,*,*,*,*,の,ノ,ノ
すべて	名詞,副詞可能,*,*,*,*,すべて,スベテ,スベテ
の	助詞,連体化,*,*,*,*,の,ノ,ノ
魂	名詞,一般,*,*,*,*,魂,タマシイ,タマシー
に	助詞,格助詞,一般,*,*,*,に,ニ,ニ
悪い	形容詞,自立,*,*,形容詞・アウオ段,基本形,悪い,ワルイ,ワルイ
こと	名詞,非自立,一般,*,*,*,こと,コト,コト
を	助詞,格助詞,一般,*,*,*,を,ヲ,ヲ
し	動詞,自立,*,*,サ変・スル,連用形,する,シ,シ
た	助動詞,*,*,*,特殊・タ,基本形,た,タ,タ
。	記号,句点,*,*,*,*,。,。,。
とにかく	副詞,一般,*,*,*,*,とにかく,トニカク,トニカク
，	記号,読点,*,*,*,*,，,，,，
わたし	名詞,代名詞,一般,*,*,*,わたし,ワタシ,ワタシ
の	助詞,連体化,*,*,*,*,の,ノ,ノ
もと	名詞,非自立,一般,*,*,*,もと,モト,モト
に	助詞,格助詞,一般,*,*,*,に,ニ,ニ
とどまり	動詞,自立,*,*,五段・ラ行,連用形,とどまる,トドマリ,トドマリ
なさい	動詞,非自立,*,*,五段・ラ行特殊,命令ｉ,なさる,ナサイ,ナサイ
。	記号,句点,*,*,*,*,。,。,。
恐れる	動詞,自立,*,*,一段,基本形,恐れる,オソレル,オソレル
こと	名詞,非自立,一般,*,*,*,こと,コト,コト
は	助詞,係助詞,*,*,*,*,は,ハ,ワ
ない	助動詞,*,*,*,特殊・ナイ,基本形,ない,ナイ,ナイ
。	記号,句点,*,*,*,*,。,。,。
だれ	名詞,代名詞,一般,*,*,*,だれ,ダレ,ダレ
でも	助詞,副助詞,*,*,*,*,でも,デモ,デモ
わたし	名詞,代名詞,一般,*,*,*,わたし,ワタシ,ワタシ
の	助詞,連体化,*,*,*,*,の,ノ,ノ
魂	名詞,一般,*,*,*,*,魂,タマシイ,タマシー
を	助詞,格助詞,一般,*,*,*,を,ヲ,ヲ
求める	動詞,自立,*,*,一段,基本形,求める,モトメル,モトメル
者	名詞,非自立,一般,*,*,*,者,モノ,モノ
は	助詞,係助詞,*,*,*,*,は,ハ,ワ
あなた	名詞,代名詞,一般,*,*,*,あなた,アナタ,アナタ
の	助詞,連体化,*,*,*,*,の,ノ,ノ
魂	名詞,一般,*,*,*,*,魂,タマシイ,タマシー
も	助詞,係助詞,*,*,*,*,も,モ,モ
求める	動詞,自立,*,*,一段,基本形,求める,モトメル,モトメル
から	助詞,接続助詞,*,*,*,*,から,カラ,カラ
だ	助動詞,*,*,*,特殊・ダ,基本形,だ,ダ,ダ
。	記号,句点,*,*,*,*,。,。,。
あなた	名詞,代名詞,一般,*,*,*,あなた,アナタ,アナタ
は	助詞,係助詞,*,*,*,*,は,ハ,ワ
わたし	名詞,代名詞,一般,*,*,*,わたし,ワタシ,ワタシ
と共に	助詞,格助詞,連語,*,*,*,と共に,トトモニ,トトモニ
保護	名詞,サ変接続,*,*,*,*,保護,ホゴ,ホゴ
を	助詞,格助詞,一般,*,*,*,を,ヲ,ヲ
必要	名詞,形容動詞語幹,*,*,*,*,必要,ヒツヨウ,ヒツヨー
と	助詞,格助詞,一般,*,*,*,と,ト,ト
する	動詞,自立,*,*,サ変・スル,基本形,する,スル,スル
者	名詞,非自立,一般,*,*,*,者,モノ,モノ
な	助動詞,*,*,*,特殊・ダ,体言接続,だ,ナ,ナ
の	名詞,非自立,一般,*,*,*,の,ノ,ノ
だ	助動詞,*,*,*,特殊・ダ,基本形,だ,ダ,ダ
」	記号,括弧閉,*,*,*,*,」,」,」
。	記号,句点,*,*,*,*,。,。,。
EOS
