「	記号,括弧開,*,*,*,*,「,「,「
地上	名詞,一般,*,*,*,*,地上,チジョウ,チジョー
の	助詞,格助詞,一般,*,*,*,の,ノ,ノ
死す	動詞,自立,*,*,五段・サ行,基本形,死す,シス,シス
べき	助動詞,*,*,*,文語・ベシ,体言接続,べし,ベキ,ベキ
人間	名詞,一般,*,*,*,*,人間,ニンゲン,ニンゲン
に	助詞,格助詞,一般,*,*,*,に,ニ,ニ
は	助詞,係助詞,*,*,*,*,は,ハ,ワ
強制	名詞,サ変接続,*,*,*,*,強制,キョウセイ,キョーセイ
労働	名詞,サ変接続,*,*,*,*,労働,ロウドウ,ロードー
が	助詞,格助詞,一般,*,*,*,が,ガ,ガ
ある	動詞,自立,*,*,五段・ラ行,基本形,ある,アル,アル
で	助動詞,*,*,*,特殊・ダ,連用形,だ,デ,デ
は	助詞,係助詞,*,*,*,*,は,ハ,ワ
ない	助動詞,*,*,*,特殊・ナイ,基本形,ない,ナイ,ナイ
か	助詞,副助詞／並立助詞／終助詞,*,*,*,*,か,カ,カ
。	記号,句点,*,*,*,*,。,。,。
 	記号,一般,*,*,*,*,*
奴隷	名詞,一般,*,*,*,*,奴隷,ドレイ,ドレイ
の	助詞,連体化,*,*,*,*,の,ノ,ノ
よう	名詞,非自立,助動詞語幹,*,*,*,よう,ヨウ,ヨー
に	助詞,副詞化,*,*,*,*,に,ニ,ニ
人	名詞,一般,*,*,*,*,人,ヒト,ヒト
は	助詞,係助詞,*,*,*,*,は,ハ,ワ
陰	名詞,一般,*,*,*,*,陰,カゲ,カゲ
を	助詞,格助詞,一般,*,*,*,を,ヲ,ヲ
あえぎ	動詞,自立,*,*,五段・ガ行,連用形,あえぐ,アエギ,アエギ
求め	動詞,自立,*,*,一段,連用形,求める,モトメ,モトメ
，	記号,読点,*,*,*,*,，,，,，
 	記号,一般,*,*,*,*,*
かく	動詞,自立,*,*,五段・カ行イ音便,基本形,かく,カク,カク
て	助詞,接続助詞,*,*,*,*,て,テ,テ
，	記号,読点,*,*,*,*,，,，,，
わたし	名詞,代名詞,一般,*,*,*,わたし,ワタシ,ワタシ
は	助詞,係助詞,*,*,*,*,は,ハ,ワ
無駄	名詞,形容動詞語幹,*,*,*,*,無駄,ムダ,ムダ
な	助動詞,*,*,*,特殊・ダ,体言接続,だ,ナ,ナ
太陰	名詞,一般,*,*,*,*,太陰,タイイン,タイイン
月	名詞,一般,*,*,*,*,月,ツキ,ツキ
を	助詞,格助詞,一般,*,*,*,を,ヲ,ヲ
所有	名詞,サ変接続,*,*,*,*,所有,ショユウ,ショユー
さ	動詞,自立,*,*,サ変・スル,未然レル接続,する,サ,サ
せ	動詞,接尾,*,*,一段,未然形,せる,セ,セ
られ	動詞,接尾,*,*,一段,連用形,られる,ラレ,ラレ
，	記号,読点,*,*,*,*,，,，,，
 	記号,一般,*,*,*,*,*
横	名詞,一般,*,*,*,*,横,ヨコ,ヨコ
に	助詞,格助詞,一般,*,*,*,に,ニ,ニ
なっ	動詞,自立,*,*,五段・ラ行,連用タ接続,なる,ナッ,ナッ
た	助動詞,*,*,*,特殊・タ,基本形,た,タ,タ
とき	名詞,非自立,副詞可能,*,*,*,とき,トキ,トキ
，	記号,読点,*,*,*,*,，,，,，
わたし	名詞,代名詞,一般,*,*,*,わたし,ワタシ,ワタシ
は	助詞,係助詞,*,*,*,*,は,ハ,ワ
また	副詞,助詞類接続,*,*,*,*,また,マタ,マタ
言っ	動詞,自立,*,*,五段・ワ行促音便,連用タ接続,言う,イッ,イッ
た	助動詞,*,*,*,特殊・タ,基本形,た,タ,タ
，	記号,読点,*,*,*,*,，,，,，
『	記号,括弧開,*,*,*,*,『,『,『
わたし	名詞,代名詞,一般,*,*,*,わたし,ワタシ,ワタシ
は	助詞,係助詞,*,*,*,*,は,ハ,ワ
いつ	名詞,代名詞,一般,*,*,*,いつ,イツ,イツ
起き	動詞,自立,*,*,一段,未然形,起きる,オキ,オキ
られる	動詞,接尾,*,*,一段,基本形,られる,ラレル,ラレル
だろ	助動詞,*,*,*,特殊・ダ,未然形,だ,ダロ,ダロ
う	助動詞,*,*,*,不変化型,基本形,う,ウ,ウ
か	助詞,副助詞／並立助詞／終助詞,*,*,*,*,か,カ,カ
』	記号,括弧閉,*,*,*,*,』,』,』
と	助詞,格助詞,引用,*,*,*,と,ト,ト
。	記号,句点,*,*,*,*,。,。,。
 	記号,一般,*,*,*,*,*
わたし	名詞,代名詞,一般,*,*,*,わたし,ワタシ,ワタシ
の	助詞,連体化,*,*,*,*,の,ノ,ノ
肉	名詞,一般,*,*,*,*,肉,ニク,ニク
は	助詞,係助詞,*,*,*,*,は,ハ,ワ
うじ	名詞,一般,*,*,*,*,うじ,ウジ,ウジ
と	助詞,並立助詞,*,*,*,*,と,ト,ト
土	名詞,一般,*,*,*,*,土,ド,ド
くれ	動詞,自立,*,*,一段・クレル,連用形,くれる,クレ,クレ
を	助詞,格助詞,一般,*,*,*,を,ヲ,ヲ
まとっ	動詞,自立,*,*,五段・ワ行促音便,連用タ接続,まとう,マトッ,マトッ
た	助動詞,*,*,*,特殊・タ,基本形,た,タ,タ
。	記号,句点,*,*,*,*,。,。,。
 	記号,一般,*,*,*,*,*
わたし	名詞,代名詞,一般,*,*,*,わたし,ワタシ,ワタシ
の	助詞,連体化,*,*,*,*,の,ノ,ノ
日々	名詞,副詞可能,*,*,*,*,日々,ヒビ,ヒビ
は	助詞,係助詞,*,*,*,*,は,ハ,ワ
，	記号,読点,*,*,*,*,，,，,，
織り	動詞,自立,*,*,五段・ラ行,連用形,織る,オリ,オリ
手	名詞,接尾,一般,*,*,*,手,シュ,シュ
の	助詞,連体化,*,*,*,*,の,ノ,ノ
杼	名詞,一般,*,*,*,*,杼,ヒ,ヒ
より	助詞,格助詞,一般,*,*,*,より,ヨリ,ヨリ
も	助詞,係助詞,*,*,*,*,も,モ,モ
速く	形容詞,自立,*,*,形容詞・アウオ段,連用テ接続,速い,ハヤク,ハヤク
なっ	動詞,自立,*,*,五段・ラ行,連用タ接続,なる,ナッ,ナッ
た	助動詞,*,*,*,特殊・タ,基本形,た,タ,タ
。	記号,句点,*,*,*,*,。,。,。
 	記号,一般,*,*,*,*,*
私	名詞,代名詞,一般,*,*,*,私,ワタシ,ワタシ
の	助詞,連体化,*,*,*,*,の,ノ,ノ
命	名詞,一般,*,*,*,*,命,イノチ,イノチ
は	助詞,係助詞,*,*,*,*,は,ハ,ワ
風	名詞,一般,*,*,*,*,風,カゼ,カゼ
に	助詞,格助詞,一般,*,*,*,に,ニ,ニ
過ぎ	動詞,自立,*,*,一段,未然形,過ぎる,スギ,スギ
ない	助動詞,*,*,*,特殊・ナイ,基本形,ない,ナイ,ナイ
こと	名詞,非自立,一般,*,*,*,こと,コト,コト
を	助詞,格助詞,一般,*,*,*,を,ヲ,ヲ
思い出し	動詞,自立,*,*,五段・サ行,連用形,思い出す,オモイダシ,オモイダシ
て	助詞,接続助詞,*,*,*,*,て,テ,テ
ください	動詞,非自立,*,*,五段・ラ行特殊,命令ｉ,くださる,クダサイ,クダサイ
。	記号,句点,*,*,*,*,。,。,。
 	記号,一般,*,*,*,*,*
わたし	名詞,代名詞,一般,*,*,*,わたし,ワタシ,ワタシ
を	助詞,格助詞,一般,*,*,*,を,ヲ,ヲ
見る	動詞,自立,*,*,一段,基本形,見る,ミル,ミル
者	名詞,非自立,一般,*,*,*,者,モノ,モノ
の	助詞,連体化,*,*,*,*,の,ノ,ノ
目	名詞,一般,*,*,*,*,目,メ,メ
は	助詞,係助詞,*,*,*,*,は,ハ,ワ
わたし	名詞,代名詞,一般,*,*,*,わたし,ワタシ,ワタシ
を	助詞,格助詞,一般,*,*,*,を,ヲ,ヲ
眺める	動詞,自立,*,*,一段,基本形,眺める,ナガメル,ナガメル
こと	名詞,非自立,一般,*,*,*,こと,コト,コト
は	助詞,係助詞,*,*,*,*,は,ハ,ワ
あり	動詞,自立,*,*,五段・ラ行,連用形,ある,アリ,アリ
ませ	助動詞,*,*,*,特殊・マス,未然形,ます,マセ,マセ
ん	助動詞,*,*,*,不変化型,基本形,ん,ン,ン
。	記号,句点,*,*,*,*,。,。,。
 	記号,一般,*,*,*,*,*
雲	名詞,一般,*,*,*,*,雲,クモ,クモ
は	助詞,係助詞,*,*,*,*,は,ハ,ワ
必ず	副詞,助詞類接続,*,*,*,*,必ず,カナラズ,カナラズ
尽き	動詞,自立,*,*,一段,連用形,尽きる,ツキ,ツキ
て	助詞,接続助詞,*,*,*,*,て,テ,テ
去っ	動詞,自立,*,*,五段・ラ行,連用タ接続,去る,サッ,サッ
て	助詞,接続助詞,*,*,*,*,て,テ,テ
行き	動詞,非自立,*,*,五段・カ行促音便,連用形,行く,イキ,イキ
ます	助動詞,*,*,*,特殊・マス,基本形,ます,マス,マス
。	記号,句点,*,*,*,*,。,。,。
彼	名詞,代名詞,一般,*,*,*,彼,カレ,カレ
は	助詞,係助詞,*,*,*,*,は,ハ,ワ
もう	副詞,一般,*,*,*,*,もう,モウ,モー
自分	名詞,一般,*,*,*,*,自分,ジブン,ジブン
の	助詞,連体化,*,*,*,*,の,ノ,ノ
家	名詞,一般,*,*,*,*,家,イエ,イエ
に	助詞,格助詞,一般,*,*,*,に,ニ,ニ
帰る	動詞,自立,*,*,五段・ラ行,基本形,帰る,カエル,カエル
こと	名詞,非自立,一般,*,*,*,こと,コト,コト
は	助詞,係助詞,*,*,*,*,は,ハ,ワ
なく	助動詞,*,*,*,特殊・ナイ,連用テ接続,ない,ナク,ナク
，	記号,読点,*,*,*,*,，,，,，
この	連体詞,*,*,*,*,*,この,コノ,コノ
私	名詞,代名詞,一般,*,*,*,私,ワタシ,ワタシ
も	助詞,係助詞,*,*,*,*,も,モ,モ
，	記号,読点,*,*,*,*,，,，,，
私	名詞,代名詞,一般,*,*,*,私,ワタシ,ワタシ
も	助詞,係助詞,*,*,*,*,も,モ,モ
自分	名詞,一般,*,*,*,*,自分,ジブン,ジブン
の	助詞,連体化,*,*,*,*,の,ノ,ノ
口	名詞,一般,*,*,*,*,口,クチ,クチ
を	助詞,格助詞,一般,*,*,*,を,ヲ,ヲ
制する	動詞,自立,*,*,サ変・−スル,基本形,制する,セイスル,セイスル
こと	名詞,非自立,一般,*,*,*,こと,コト,コト
を	助詞,格助詞,一般,*,*,*,を,ヲ,ヲ
し	動詞,自立,*,*,サ変・スル,連用形,する,シ,シ
ませ	助動詞,*,*,*,特殊・マス,未然形,ます,マセ,マセ
ん	助動詞,*,*,*,不変化型,基本形,ん,ン,ン
。	記号,句点,*,*,*,*,。,。,。
私	名詞,代名詞,一般,*,*,*,私,ワタシ,ワタシ
は	助詞,係助詞,*,*,*,*,は,ハ,ワ
海	名詞,一般,*,*,*,*,海,ウミ,ウミ
でしょ	助動詞,*,*,*,特殊・デス,未然形,です,デショ,デショ
う	助動詞,*,*,*,不変化型,基本形,う,ウ,ウ
か	助詞,副助詞／並立助詞／終助詞,*,*,*,*,か,カ,カ
，	記号,読点,*,*,*,*,，,，,，
それとも	接続詞,*,*,*,*,*,それとも,ソレトモ,ソレトモ
海	名詞,一般,*,*,*,*,海,ウミ,ウミ
の	助詞,連体化,*,*,*,*,の,ノ,ノ
巨獣	名詞,一般,*,*,*,*,*
でしょ	助動詞,*,*,*,特殊・デス,未然形,です,デショ,デショ
う	助動詞,*,*,*,不変化型,基本形,う,ウ,ウ
か	助詞,副助詞／並立助詞／終助詞,*,*,*,*,か,カ,カ
。	記号,句点,*,*,*,*,。,。,。
『	記号,括弧開,*,*,*,*,『,『,『
わたし	名詞,代名詞,一般,*,*,*,わたし,ワタシ,ワタシ
の	助詞,連体化,*,*,*,*,の,ノ,ノ
寝床	名詞,一般,*,*,*,*,寝床,ネドコ,ネドコ
は	助詞,係助詞,*,*,*,*,は,ハ,ワ
わたし	名詞,代名詞,一般,*,*,*,わたし,ワタシ,ワタシ
を	助詞,格助詞,一般,*,*,*,を,ヲ,ヲ
慰め	動詞,自立,*,*,一段,連用形,慰める,ナグサメ,ナグサメ
，	記号,読点,*,*,*,*,，,，,，
あなた	名詞,代名詞,一般,*,*,*,あなた,アナタ,アナタ
は	助詞,係助詞,*,*,*,*,は,ハ,ワ
夢	名詞,一般,*,*,*,*,夢,ユメ,ユメ
で	助詞,格助詞,一般,*,*,*,で,デ,デ
私	名詞,代名詞,一般,*,*,*,私,ワタシ,ワタシ
を	助詞,格助詞,一般,*,*,*,を,ヲ,ヲ
おびえ	動詞,自立,*,*,一段,未然形,おびえる,オビエ,オビエ
させ	動詞,接尾,*,*,一段,連用形,させる,サセ,サセ
まし	助動詞,*,*,*,特殊・マス,連用形,ます,マシ,マシ
た	助動詞,*,*,*,特殊・タ,基本形,た,タ,タ
。	記号,句点,*,*,*,*,。,。,。
それで	接続詞,*,*,*,*,*,それで,ソレデ,ソレデ
私	名詞,代名詞,一般,*,*,*,私,ワタシ,ワタシ
の	助詞,連体化,*,*,*,*,の,ノ,ノ
魂	名詞,一般,*,*,*,*,魂,タマシイ,タマシー
は	助詞,係助詞,*,*,*,*,は,ハ,ワ
窒息	名詞,サ変接続,*,*,*,*,窒息,チッソク,チッソク
を	助詞,格助詞,一般,*,*,*,を,ヲ,ヲ
選び	動詞,自立,*,*,五段・バ行,連用形,選ぶ,エラビ,エラビ
，	記号,読点,*,*,*,*,，,，,，
私	名詞,代名詞,一般,*,*,*,私,ワタシ,ワタシ
は	助詞,係助詞,*,*,*,*,は,ハ,ワ
[	名詞,サ変接続,*,*,*,*,*
それ	名詞,代名詞,一般,*,*,*,それ,ソレ,ソレ
を	助詞,格助詞,一般,*,*,*,を,ヲ,ヲ
]	名詞,サ変接続,*,*,*,*,*
退け	動詞,自立,*,*,一段,連用形,退ける,シリゾケ,シリゾケ
まし	助動詞,*,*,*,特殊・マス,連用形,ます,マシ,マシ
た	助動詞,*,*,*,特殊・タ,基本形,た,タ,タ
。	記号,句点,*,*,*,*,。,。,。
定め	名詞,一般,*,*,*,*,定め,サダメ,サダメ
の	助詞,格助詞,一般,*,*,*,の,ノ,ノ
ない	形容詞,自立,*,*,形容詞・アウオ段,基本形,ない,ナイ,ナイ
時	名詞,非自立,副詞可能,*,*,*,時,トキ,トキ
まで	助詞,副助詞,*,*,*,*,まで,マデ,マデ
も	助詞,係助詞,*,*,*,*,も,モ,モ
生き	動詞,自立,*,*,一段,連用形,生きる,イキ,イキ
たい	助動詞,*,*,*,特殊・タイ,基本形,たい,タイ,タイ
と	助詞,格助詞,引用,*,*,*,と,ト,ト
は	助詞,係助詞,*,*,*,*,は,ハ,ワ
思い	動詞,自立,*,*,五段・ワ行促音便,連用形,思う,オモイ,オモイ
ませ	助動詞,*,*,*,特殊・マス,未然形,ます,マセ,マセ
ん	助動詞,*,*,*,不変化型,基本形,ん,ン,ン
。	記号,句点,*,*,*,*,。,。,。
死す	動詞,自立,*,*,五段・サ行,基本形,死す,シス,シス
べき	助動詞,*,*,*,文語・ベシ,体言接続,べし,ベキ,ベキ
人間	名詞,一般,*,*,*,*,人間,ニンゲン,ニンゲン
は	助詞,係助詞,*,*,*,*,は,ハ,ワ
何者	名詞,一般,*,*,*,*,何者,ナニモノ,ナニモノ
な	助動詞,*,*,*,特殊・ダ,体言接続,だ,ナ,ナ
ので	助詞,接続助詞,*,*,*,*,ので,ノデ,ノデ
，	記号,読点,*,*,*,*,，,，,，
あなた	名詞,代名詞,一般,*,*,*,あなた,アナタ,アナタ
は	助詞,係助詞,*,*,*,*,は,ハ,ワ
これ	名詞,代名詞,一般,*,*,*,これ,コレ,コレ
を	助詞,格助詞,一般,*,*,*,を,ヲ,ヲ
育て	動詞,自立,*,*,一段,連用形,育てる,ソダテ,ソダテ
，	記号,読点,*,*,*,*,，,，,，
また	接続詞,*,*,*,*,*,また,マタ,マタ
，	記号,読点,*,*,*,*,，,，,，
朝	名詞,固有名詞,地域,国,*,*,朝,チョウ,チョー
ごと	名詞,接尾,一般,*,*,*,ごと,ゴト,ゴト
に	助詞,格助詞,一般,*,*,*,に,ニ,ニ
これ	名詞,代名詞,一般,*,*,*,これ,コレ,コレ
に	助詞,格助詞,一般,*,*,*,に,ニ,ニ
注意	名詞,サ変接続,*,*,*,*,注意,チュウイ,チューイ
を	助詞,格助詞,一般,*,*,*,を,ヲ,ヲ
払い	動詞,自立,*,*,五段・ワ行促音便,連用形,払う,ハライ,ハライ
，	記号,読点,*,*,*,*,，,，,，
どうして	副詞,一般,*,*,*,*,どうして,ドウシテ,ドーシテ
あなた	名詞,代名詞,一般,*,*,*,あなた,アナタ,アナタ
は	助詞,係助詞,*,*,*,*,は,ハ,ワ
私	名詞,代名詞,一般,*,*,*,私,ワタシ,ワタシ
から	助詞,格助詞,一般,*,*,*,から,カラ,カラ
視線	名詞,一般,*,*,*,*,視線,シセン,シセン
を	助詞,格助詞,一般,*,*,*,を,ヲ,ヲ
そらさ	動詞,自立,*,*,五段・サ行,未然形,そらす,ソラサ,ソラサ
れ	動詞,接尾,*,*,一段,未然形,れる,レ,レ
ない	助動詞,*,*,*,特殊・ナイ,基本形,ない,ナイ,ナイ
の	名詞,非自立,一般,*,*,*,の,ノ,ノ
です	助動詞,*,*,*,特殊・デス,基本形,です,デス,デス
か	助詞,副助詞／並立助詞／終助詞,*,*,*,*,か,カ,カ
。	記号,句点,*,*,*,*,。,。,。
私	名詞,代名詞,一般,*,*,*,私,ワタシ,ワタシ
が	助詞,格助詞,一般,*,*,*,が,ガ,ガ
罪	名詞,一般,*,*,*,*,罪,ツミ,ツミ
を	助詞,格助詞,一般,*,*,*,を,ヲ,ヲ
おかし	動詞,自立,*,*,五段・サ行,連用形,おかす,オカシ,オカシ
た	助動詞,*,*,*,特殊・タ,基本形,た,タ,タ
の	名詞,非自立,一般,*,*,*,の,ノ,ノ
でし	助動詞,*,*,*,特殊・デス,連用形,です,デシ,デシ
たら	助動詞,*,*,*,特殊・タ,仮定形,た,タラ,タラ
，	記号,読点,*,*,*,*,，,，,，
人間	名詞,一般,*,*,*,*,人間,ニンゲン,ニンゲン
を	助詞,格助詞,一般,*,*,*,を,ヲ,ヲ
見守る	動詞,自立,*,*,五段・ラ行,基本形,見守る,ミマモル,ミマモル
方	名詞,非自立,一般,*,*,*,方,ホウ,ホー
よ	助詞,終助詞,*,*,*,*,よ,ヨ,ヨ
，	記号,読点,*,*,*,*,，,，,，
私	名詞,代名詞,一般,*,*,*,私,ワタシ,ワタシ
は	助詞,係助詞,*,*,*,*,は,ハ,ワ
あなた	名詞,代名詞,一般,*,*,*,あなた,アナタ,アナタ
に対して	助詞,格助詞,連語,*,*,*,に対して,ニタイシテ,ニタイシテ
何	名詞,代名詞,一般,*,*,*,何,ナニ,ナニ
を	助詞,格助詞,一般,*,*,*,を,ヲ,ヲ
成し遂げ	動詞,自立,*,*,一段,未然形,成し遂げる,ナシトゲ,ナシトゲ
られる	動詞,接尾,*,*,一段,基本形,られる,ラレル,ラレル
でしょ	助動詞,*,*,*,特殊・デス,未然形,です,デショ,デショ
う	助動詞,*,*,*,不変化型,基本形,う,ウ,ウ
。	記号,句点,*,*,*,*,。,。,。
それ	名詞,代名詞,一般,*,*,*,それ,ソレ,ソレ
に	助詞,格助詞,一般,*,*,*,に,ニ,ニ
，	記号,読点,*,*,*,*,，,，,，
どうして	副詞,一般,*,*,*,*,どうして,ドウシテ,ドーシテ
あなた	名詞,代名詞,一般,*,*,*,あなた,アナタ,アナタ
は	助詞,係助詞,*,*,*,*,は,ハ,ワ
私	名詞,代名詞,一般,*,*,*,私,ワタシ,ワタシ
の	助詞,連体化,*,*,*,*,の,ノ,ノ
違犯	名詞,サ変接続,*,*,*,*,違犯,イハン,イハン
を	助詞,格助詞,一般,*,*,*,を,ヲ,ヲ
赦さ	動詞,自立,*,*,五段・サ行,未然形,赦す,ユルサ,ユルサ
ず	助動詞,*,*,*,特殊・ヌ,連用ニ接続,ぬ,ズ,ズ
，	記号,読点,*,*,*,*,，,，,，
EOS
