そこで	接続詞,*,*,*,*,*,そこで,ソコデ,ソコデ
テマン	名詞,一般,*,*,*,*,*
人	名詞,接尾,一般,*,*,*,人,ジン,ジン
エリパズ	名詞,一般,*,*,*,*,*
は	助詞,係助詞,*,*,*,*,は,ハ,ワ
答え	動詞,自立,*,*,一段,連用形,答える,コタエ,コタエ
て	助詞,接続助詞,*,*,*,*,て,テ,テ
言っ	動詞,自立,*,*,五段・ワ行促音便,連用タ接続,言う,イッ,イッ
た	助動詞,*,*,*,特殊・タ,基本形,た,タ,タ
，	記号,読点,*,*,*,*,，,，,，
 	記号,一般,*,*,*,*,*
「	記号,括弧開,*,*,*,*,「,「,「
知者	名詞,一般,*,*,*,*,知者,チシャ,チシャ
は	助詞,係助詞,*,*,*,*,は,ハ,ワ
，	記号,読点,*,*,*,*,，,，,，
風	名詞,一般,*,*,*,*,風,カゼ,カゼ
の	助詞,連体化,*,*,*,*,の,ノ,ノ
よう	名詞,非自立,助動詞語幹,*,*,*,よう,ヨウ,ヨー
な	助動詞,*,*,*,特殊・ダ,体言接続,だ,ナ,ナ
知識	名詞,一般,*,*,*,*,知識,チシキ,チシキ
を	助詞,格助詞,一般,*,*,*,を,ヲ,ヲ
もっ	動詞,自立,*,*,五段・タ行,連用タ接続,もつ,モッ,モッ
て	助詞,接続助詞,*,*,*,*,て,テ,テ
答える	動詞,自立,*,*,一段,基本形,答える,コタエル,コタエル
だろ	助動詞,*,*,*,特殊・ダ,未然形,だ,ダロ,ダロ
う	助動詞,*,*,*,不変化型,基本形,う,ウ,ウ
か	助詞,副助詞／並立助詞／終助詞,*,*,*,*,か,カ,カ
。	記号,句点,*,*,*,*,。,。,。
 	記号,一般,*,*,*,*,*
単に	副詞,一般,*,*,*,*,単に,タンニ,タンニ
言葉	名詞,一般,*,*,*,*,言葉,コトバ,コトバ
を	助詞,格助詞,一般,*,*,*,を,ヲ,ヲ
もっ	動詞,自立,*,*,五段・タ行,連用タ接続,もつ,モッ,モッ
て	助詞,接続助詞,*,*,*,*,て,テ,テ
戒める	動詞,自立,*,*,一段,基本形,戒める,イマシメル,イマシメル
こと	名詞,非自立,一般,*,*,*,こと,コト,コト
は	助詞,係助詞,*,*,*,*,は,ハ,ワ
役に立た	動詞,自立,*,*,五段・タ行,未然形,役に立つ,ヤクニタタ,ヤクニタタ
ず	助動詞,*,*,*,特殊・ヌ,連用ニ接続,ぬ,ズ,ズ
，	記号,読点,*,*,*,*,，,，,，
 	記号,一般,*,*,*,*,*
ところが	接続詞,*,*,*,*,*,ところが,トコロガ,トコロガ
，	記号,読点,*,*,*,*,，,，,，
あなた	名詞,代名詞,一般,*,*,*,あなた,アナタ,アナタ
は	助詞,係助詞,*,*,*,*,は,ハ,ワ
，	記号,読点,*,*,*,*,，,，,，
[	名詞,サ変接続,*,*,*,*,*
神	名詞,接尾,一般,*,*,*,神,シン,シン
の	助詞,連体化,*,*,*,*,の,ノ,ノ
前	名詞,副詞可能,*,*,*,*,前,マエ,マエ
に	助詞,格助詞,一般,*,*,*,に,ニ,ニ
]	名詞,サ変接続,*,*,*,*,*
恐れ	名詞,一般,*,*,*,*,恐れ,オソレ,オソレ
を	助詞,格助詞,一般,*,*,*,を,ヲ,ヲ
無力	名詞,形容動詞語幹,*,*,*,*,無力,ムリョク,ムリョク
に	助詞,格助詞,一般,*,*,*,に,ニ,ニ
さ	動詞,自立,*,*,サ変・スル,未然レル接続,する,サ,サ
せ	動詞,接尾,*,*,一段,連用形,せる,セ,セ
，	記号,読点,*,*,*,*,，,，,，
 	記号,一般,*,*,*,*,*
それ	名詞,代名詞,一般,*,*,*,それ,ソレ,ソレ
は	助詞,係助詞,*,*,*,*,は,ハ,ワ
，	記号,読点,*,*,*,*,，,，,，
あなた	名詞,代名詞,一般,*,*,*,あなた,アナタ,アナタ
の	名詞,非自立,一般,*,*,*,の,ノ,ノ
と	助詞,並立助詞,*,*,*,*,と,ト,ト
が	助詞,格助詞,一般,*,*,*,が,ガ,ガ
が	助詞,格助詞,一般,*,*,*,が,ガ,ガ
あなた	名詞,代名詞,一般,*,*,*,あなた,アナタ,アナタ
の	助詞,連体化,*,*,*,*,の,ノ,ノ
口	名詞,一般,*,*,*,*,口,クチ,クチ
を	助詞,格助詞,一般,*,*,*,を,ヲ,ヲ
鍛え	動詞,自立,*,*,一段,連用形,鍛える,キタエ,キタエ
，	記号,読点,*,*,*,*,，,，,，
 	記号,一般,*,*,*,*,*
あなた	名詞,代名詞,一般,*,*,*,あなた,アナタ,アナタ
の	助詞,連体化,*,*,*,*,の,ノ,ノ
口	名詞,一般,*,*,*,*,口,クチ,クチ
は	助詞,係助詞,*,*,*,*,は,ハ,ワ
あなた	名詞,代名詞,一般,*,*,*,あなた,アナタ,アナタ
を	助詞,格助詞,一般,*,*,*,を,ヲ,ヲ
邪悪	名詞,形容動詞語幹,*,*,*,*,邪悪,ジャアク,ジャアク
な	助動詞,*,*,*,特殊・ダ,体言接続,だ,ナ,ナ
者	名詞,非自立,一般,*,*,*,者,モノ,モノ
と	助詞,格助詞,一般,*,*,*,と,ト,ト
する	動詞,自立,*,*,サ変・スル,基本形,する,スル,スル
。	記号,句点,*,*,*,*,。,。,。
わたし	名詞,代名詞,一般,*,*,*,わたし,ワタシ,ワタシ
で	助詞,格助詞,一般,*,*,*,で,デ,デ
は	助詞,係助詞,*,*,*,*,は,ハ,ワ
ない	助動詞,*,*,*,特殊・ナイ,基本形,ない,ナイ,ナイ
。	記号,句点,*,*,*,*,。,。,。
 	記号,一般,*,*,*,*,*
あなた	名詞,代名詞,一般,*,*,*,あなた,アナタ,アナタ
は	助詞,係助詞,*,*,*,*,は,ハ,ワ
生まれ	動詞,自立,*,*,一段,連用形,生まれる,ウマレ,ウマレ
た	助動詞,*,*,*,特殊・タ,基本形,た,タ,タ
最初	名詞,一般,*,*,*,*,最初,サイショ,サイショ
の	助詞,連体化,*,*,*,*,の,ノ,ノ
人	名詞,一般,*,*,*,*,人,ヒト,ヒト
だっ	助動詞,*,*,*,特殊・ダ,連用タ接続,だ,ダッ,ダッ
た	助動詞,*,*,*,特殊・タ,基本形,た,タ,タ
の	名詞,非自立,一般,*,*,*,の,ノ,ノ
か	助詞,副助詞／並立助詞／終助詞,*,*,*,*,か,カ,カ
。	記号,句点,*,*,*,*,。,。,。
 	記号,一般,*,*,*,*,*
神	名詞,一般,*,*,*,*,神,カミ,カミ
の	助詞,連体化,*,*,*,*,の,ノ,ノ
内密	名詞,一般,*,*,*,*,内密,ナイミツ,ナイミツ
の	助詞,連体化,*,*,*,*,の,ノ,ノ
話し合い	名詞,サ変接続,*,*,*,*,話し合い,ハナシアイ,ハナシアイ
を	助詞,格助詞,一般,*,*,*,を,ヲ,ヲ
あなた	名詞,代名詞,一般,*,*,*,あなた,アナタ,アナタ
は	助詞,係助詞,*,*,*,*,は,ハ,ワ
聴き	動詞,自立,*,*,五段・カ行イ音便,連用形,聴く,キキ,キキ
，	記号,読点,*,*,*,*,，,，,，
 	記号,一般,*,*,*,*,*
あなた	名詞,代名詞,一般,*,*,*,あなた,アナタ,アナタ
は	助詞,係助詞,*,*,*,*,は,ハ,ワ
実際	副詞,助詞類接続,*,*,*,*,実際,ジッサイ,ジッサイ
，	記号,読点,*,*,*,*,，,，,，
我々	名詞,代名詞,一般,*,*,*,我々,ワレワレ,ワレワレ
の	助詞,格助詞,一般,*,*,*,の,ノ,ノ
知ら	動詞,自立,*,*,五段・ラ行,未然形,知る,シラ,シラ
ない	助動詞,*,*,*,特殊・ナイ,基本形,ない,ナイ,ナイ
どんな	連体詞,*,*,*,*,*,どんな,ドンナ,ドンナ
こと	名詞,非自立,一般,*,*,*,こと,コト,コト
を	助詞,格助詞,一般,*,*,*,を,ヲ,ヲ
知っ	動詞,自立,*,*,五段・ラ行,連用タ接続,知る,シッ,シッ
て	助詞,接続助詞,*,*,*,*,て,テ,テ
いる	動詞,非自立,*,*,一段,基本形,いる,イル,イル
の	名詞,非自立,一般,*,*,*,の,ノ,ノ
か	助詞,副助詞／並立助詞／終助詞,*,*,*,*,か,カ,カ
。	記号,句点,*,*,*,*,。,。,。
白髪	名詞,一般,*,*,*,*,白髪,ハクハツ,ハクハツ
の	助詞,連体化,*,*,*,*,の,ノ,ノ
者	名詞,非自立,一般,*,*,*,者,モノ,モノ
も	助詞,係助詞,*,*,*,*,も,モ,モ
老人	名詞,一般,*,*,*,*,老人,ロウジン,ロージン
も	助詞,係助詞,*,*,*,*,も,モ,モ
我々	名詞,代名詞,一般,*,*,*,我々,ワレワレ,ワレワレ
と共に	助詞,格助詞,連語,*,*,*,と共に,トトモニ,トトモニ
おり	動詞,非自立,*,*,五段・ラ行,連用形,おる,オリ,オリ
，	記号,読点,*,*,*,*,，,，,，
神	名詞,一般,*,*,*,*,神,カミ,カミ
の	助詞,連体化,*,*,*,*,の,ノ,ノ
慰め	名詞,一般,*,*,*,*,慰め,ナグサメ,ナグサメ
は	助詞,係助詞,*,*,*,*,は,ハ,ワ
あなた	名詞,代名詞,一般,*,*,*,あなた,アナタ,アナタ
にとって	助詞,格助詞,連語,*,*,*,にとって,ニトッテ,ニトッテ
十分	名詞,形容動詞語幹,*,*,*,*,十分,ジュウブン,ジューブン
で	助動詞,*,*,*,特殊・ダ,連用形,だ,デ,デ
は	助詞,係助詞,*,*,*,*,は,ハ,ワ
ない	形容詞,自立,*,*,形容詞・アウオ段,基本形,ない,ナイ,ナイ
の	名詞,非自立,一般,*,*,*,の,ノ,ノ
か	助詞,副助詞／並立助詞／終助詞,*,*,*,*,か,カ,カ
。	記号,句点,*,*,*,*,。,。,。
どうして	副詞,一般,*,*,*,*,どうして,ドウシテ,ドーシテ
あなた	名詞,代名詞,一般,*,*,*,あなた,アナタ,アナタ
の	助詞,連体化,*,*,*,*,の,ノ,ノ
心	名詞,一般,*,*,*,*,心,ココロ,ココロ
は	助詞,係助詞,*,*,*,*,は,ハ,ワ
あなた	名詞,代名詞,一般,*,*,*,あなた,アナタ,アナタ
を	助詞,格助詞,一般,*,*,*,を,ヲ,ヲ
奪う	動詞,自立,*,*,五段・ワ行促音便,基本形,奪う,ウバウ,ウバウ
の	名詞,非自立,一般,*,*,*,の,ノ,ノ
か	助詞,副助詞／並立助詞／終助詞,*,*,*,*,か,カ,カ
。	記号,句点,*,*,*,*,。,。,。
それ	名詞,代名詞,一般,*,*,*,それ,ソレ,ソレ
は	助詞,係助詞,*,*,*,*,は,ハ,ワ
，	記号,読点,*,*,*,*,，,，,，
あなた	名詞,代名詞,一般,*,*,*,あなた,アナタ,アナタ
が	助詞,格助詞,一般,*,*,*,が,ガ,ガ
自分	名詞,一般,*,*,*,*,自分,ジブン,ジブン
の	助詞,連体化,*,*,*,*,の,ノ,ノ
霊	名詞,一般,*,*,*,*,霊,レイ,レイ
を	助詞,格助詞,一般,*,*,*,を,ヲ,ヲ
神	名詞,一般,*,*,*,*,神,カミ,カミ
に	助詞,格助詞,一般,*,*,*,に,ニ,ニ
背か	動詞,自立,*,*,五段・カ行イ音便,未然形,背く,ソムカ,ソムカ
せ	動詞,接尾,*,*,一段,連用形,せる,セ,セ
，	記号,読点,*,*,*,*,，,，,，
死す	動詞,自立,*,*,五段・サ行,基本形,死す,シス,シス
べき	助動詞,*,*,*,文語・ベシ,体言接続,べし,ベキ,ベキ
人間	名詞,一般,*,*,*,*,人間,ニンゲン,ニンゲン
は	助詞,係助詞,*,*,*,*,は,ハ,ワ
どうして	副詞,一般,*,*,*,*,どうして,ドウシテ,ドーシテ
清かろ	形容詞,自立,*,*,形容詞・アウオ段,未然ウ接続,清い,キヨカロ,キヨカロ
う	助動詞,*,*,*,不変化型,基本形,う,ウ,ウ
か	助詞,副助詞／並立助詞／終助詞,*,*,*,*,か,カ,カ
。	記号,句点,*,*,*,*,。,。,。
見よ	動詞,自立,*,*,一段,命令ｙｏ,見る,ミヨ,ミヨ
，	記号,読点,*,*,*,*,，,，,，
ご	接頭詞,名詞接続,*,*,*,*,ご,ゴ,ゴ
自分	名詞,一般,*,*,*,*,自分,ジブン,ジブン
の	助詞,連体化,*,*,*,*,の,ノ,ノ
聖なる	連体詞,*,*,*,*,*,聖なる,セイナル,セイナル
者	名詞,一般,*,*,*,*,者,モノ,モノ
たち	名詞,接尾,一般,*,*,*,たち,タチ,タチ
を	助詞,格助詞,一般,*,*,*,を,ヲ,ヲ
も	助詞,係助詞,*,*,*,*,も,モ,モ
[	名詞,サ変接続,*,*,*,*,*
神	名詞,接尾,一般,*,*,*,神,シン,シン
]	名詞,サ変接続,*,*,*,*,*
は	助詞,係助詞,*,*,*,*,は,ハ,ワ
信じ	動詞,自立,*,*,一段,連用形,信じる,シンジ,シンジ
て	助詞,接続助詞,*,*,*,*,て,テ,テ
おら	動詞,非自立,*,*,五段・ラ行,未然形,おる,オラ,オラ
ず	助動詞,*,*,*,特殊・ヌ,連用ニ接続,ぬ,ズ,ズ
，	記号,読点,*,*,*,*,，,，,，
まして	副詞,一般,*,*,*,*,まして,マシテ,マシテ
，	名詞,数,*,*,*,*,，,，,，
人	名詞,接尾,助数詞,*,*,*,人,ニン,ニン
が	助詞,格助詞,一般,*,*,*,が,ガ,ガ
忌まわしく	形容詞,自立,*,*,形容詞・イ段,連用テ接続,忌まわしい,イマワシク,イマワシク
て	助詞,接続助詞,*,*,*,*,て,テ,テ
堕落	名詞,サ変接続,*,*,*,*,堕落,ダラク,ダラク
し	動詞,自立,*,*,サ変・スル,連用形,する,シ,シ
て	助詞,接続助詞,*,*,*,*,て,テ,テ
いる	動詞,非自立,*,*,一段,基本形,いる,イル,イル
なら	助動詞,*,*,*,特殊・ダ,仮定形,だ,ナラ,ナラ
，	記号,読点,*,*,*,*,，,，,，
わたし	名詞,代名詞,一般,*,*,*,わたし,ワタシ,ワタシ
は	助詞,係助詞,*,*,*,*,は,ハ,ワ
あなた	名詞,代名詞,一般,*,*,*,あなた,アナタ,アナタ
に	助詞,格助詞,一般,*,*,*,に,ニ,ニ
告げ	動詞,自立,*,*,一段,連用形,告げる,ツゲ,ツゲ
知らせよ	動詞,自立,*,*,一段,未然ウ接続,知らせる,シラセヨ,シラセヨ
う	助動詞,*,*,*,不変化型,基本形,う,ウ,ウ
。	記号,句点,*,*,*,*,。,。,。
わたし	名詞,代名詞,一般,*,*,*,わたし,ワタシ,ワタシ
に	助詞,格助詞,一般,*,*,*,に,ニ,ニ
聴け	動詞,自立,*,*,一段,連用形,聴ける,キケ,キケ
！	記号,一般,*,*,*,*,！,！,！
それ	名詞,代名詞,一般,*,*,*,それ,ソレ,ソレ
は	助詞,係助詞,*,*,*,*,は,ハ,ワ
知者	名詞,一般,*,*,*,*,知者,チシャ,チシャ
たち	名詞,接尾,一般,*,*,*,たち,タチ,タチ
が	助詞,格助詞,一般,*,*,*,が,ガ,ガ
告げる	動詞,自立,*,*,一段,基本形,告げる,ツゲル,ツゲル
もの	名詞,非自立,一般,*,*,*,もの,モノ,モノ
，	記号,読点,*,*,*,*,，,，,，
彼ら	名詞,代名詞,一般,*,*,*,彼ら,カレラ,カレラ
に	助詞,格助詞,一般,*,*,*,に,ニ,ニ
だけ	助詞,副助詞,*,*,*,*,だけ,ダケ,ダケ
，	記号,読点,*,*,*,*,，,，,，
この	連体詞,*,*,*,*,*,この,コノ,コノ
地	名詞,一般,*,*,*,*,地,チ,チ
は	助詞,係助詞,*,*,*,*,は,ハ,ワ
与え	動詞,自立,*,*,一段,未然形,与える,アタエ,アタエ
られ	動詞,接尾,*,*,一段,連用形,られる,ラレ,ラレ
，	記号,読点,*,*,*,*,，,，,，
邪悪	名詞,形容動詞語幹,*,*,*,*,邪悪,ジャアク,ジャアク
な	助動詞,*,*,*,特殊・ダ,体言接続,だ,ナ,ナ
者	名詞,非自立,一般,*,*,*,者,モノ,モノ
は	助詞,係助詞,*,*,*,*,は,ハ,ワ
一生	名詞,副詞可能,*,*,*,*,一生,イッショウ,イッショー
の	助詞,連体化,*,*,*,*,の,ノ,ノ
間	名詞,一般,*,*,*,*,間,マ,マ
，	記号,読点,*,*,*,*,，,，,，
もだえ	動詞,自立,*,*,一段,連用形,もだえる,モダエ,モダエ
苦しん	動詞,自立,*,*,五段・マ行,連用タ接続,苦しむ,クルシン,クルシン
で	助詞,接続助詞,*,*,*,*,で,デ,デ
いる	動詞,非自立,*,*,一段,基本形,いる,イル,イル
。	記号,句点,*,*,*,*,。,。,。
怖	形容詞,自立,*,*,形容詞・アウオ段,ガル接続,怖い,コワ,コワ
ろ	名詞,一般,*,*,*,*,ろ,ロ,ロ
し	動詞,自立,*,*,サ変・スル,連用形,する,シ,シ
い	動詞,非自立,*,*,一段,連用形,いる,イ,イ
もの	名詞,非自立,一般,*,*,*,もの,モノ,モノ
の	助詞,連体化,*,*,*,*,の,ノ,ノ
音	名詞,一般,*,*,*,*,音,オト,オト
が	助詞,格助詞,一般,*,*,*,が,ガ,ガ
その	連体詞,*,*,*,*,*,その,ソノ,ソノ
耳	名詞,一般,*,*,*,*,耳,ミミ,ミミ
の	助詞,連体化,*,*,*,*,の,ノ,ノ
内	名詞,非自立,副詞可能,*,*,*,内,ウチ,ウチ
に	助詞,格助詞,一般,*,*,*,に,ニ,ニ
ある	動詞,自立,*,*,五段・ラ行,基本形,ある,アル,アル
。	記号,句点,*,*,*,*,。,。,。
彼	名詞,代名詞,一般,*,*,*,彼,カレ,カレ
は	助詞,係助詞,*,*,*,*,は,ハ,ワ
闇	名詞,一般,*,*,*,*,闇,ヤミ,ヤミ
から	助詞,格助詞,一般,*,*,*,から,カラ,カラ
戻っ	動詞,自立,*,*,五段・ラ行,連用タ接続,戻る,モドッ,モドッ
て	助詞,接続助詞,*,*,*,*,て,テ,テ
来る	動詞,非自立,*,*,カ変・来ル,基本形,来る,クル,クル
こと	名詞,非自立,一般,*,*,*,こと,コト,コト
を	助詞,格助詞,一般,*,*,*,を,ヲ,ヲ
信ぜ	動詞,自立,*,*,サ変・−ズル,未然形,信ずる,シンゼ,シンゼ
ず	助動詞,*,*,*,特殊・ヌ,連用ニ接続,ぬ,ズ,ズ
，	記号,読点,*,*,*,*,，,，,，
彼	名詞,代名詞,一般,*,*,*,彼,カレ,カレ
は	助詞,係助詞,*,*,*,*,は,ハ,ワ
パン	名詞,一般,*,*,*,*,パン,パン,パン
を	助詞,格助詞,一般,*,*,*,を,ヲ,ヲ
求め	動詞,自立,*,*,一段,連用形,求める,モトメ,モトメ
て	助詞,接続助詞,*,*,*,*,て,テ,テ
さまよい	動詞,自立,*,*,五段・ワ行促音便,連用形,さまよう,サマヨイ,サマヨイ
歩い	動詞,自立,*,*,五段・カ行イ音便,連用タ接続,歩く,アルイ,アルイ
て	助詞,接続助詞,*,*,*,*,て,テ,テ
いる	動詞,非自立,*,*,一段,基本形,いる,イル,イル
―	記号,一般,*,*,*,*,―,―,―
それ	名詞,代名詞,一般,*,*,*,それ,ソレ,ソレ
は	助詞,係助詞,*,*,*,*,は,ハ,ワ
どこ	名詞,代名詞,一般,*,*,*,どこ,ドコ,ドコ
に	助詞,格助詞,一般,*,*,*,に,ニ,ニ
ある	動詞,自立,*,*,五段・ラ行,基本形,ある,アル,アル
の	名詞,非自立,一般,*,*,*,の,ノ,ノ
か	助詞,副助詞／並立助詞／終助詞,*,*,*,*,か,カ,カ
。	記号,句点,*,*,*,*,。,。,。
苦難	名詞,サ変接続,*,*,*,*,苦難,クナン,クナン
と	助詞,並立助詞,*,*,*,*,と,ト,ト
苦もん	名詞,サ変接続,*,*,*,*,苦もん,クモン,クモン
が	助詞,格助詞,一般,*,*,*,が,ガ,ガ
彼	名詞,代名詞,一般,*,*,*,彼,カレ,カレ
を	助詞,格助詞,一般,*,*,*,を,ヲ,ヲ
しきりに	副詞,一般,*,*,*,*,しきりに,シキリニ,シキリニ
おびえ	動詞,自立,*,*,一段,未然形,おびえる,オビエ,オビエ
させる	動詞,接尾,*,*,一段,基本形,させる,サセル,サセル
。	記号,句点,*,*,*,*,。,。,。
これ	名詞,代名詞,一般,*,*,*,これ,コレ,コレ
は	助詞,係助詞,*,*,*,*,は,ハ,ワ
彼	名詞,代名詞,一般,*,*,*,彼,カレ,カレ
が	助詞,格助詞,一般,*,*,*,が,ガ,ガ
神	名詞,一般,*,*,*,*,神,カミ,カミ
に	助詞,格助詞,一般,*,*,*,に,ニ,ニ
逆らっ	動詞,自立,*,*,五段・ワ行促音便,連用タ接続,逆らう,サカラッ,サカラッ
て	助詞,接続助詞,*,*,*,*,て,テ,テ
手	名詞,一般,*,*,*,*,手,テ,テ
を	助詞,格助詞,一般,*,*,*,を,ヲ,ヲ
差し伸べ	動詞,自立,*,*,一段,連用形,差し伸べる,サシノベ,サシノベ
，	記号,読点,*,*,*,*,，,，,，
[	名詞,サ変接続,*,*,*,*,*
それ	名詞,代名詞,一般,*,*,*,それ,ソレ,ソレ
は	助詞,係助詞,*,*,*,*,は,ハ,ワ
]	名詞,サ変接続,*,*,*,*,*
うなじ	名詞,一般,*,*,*,*,うなじ,ウナジ,ウナジ
を	助詞,格助詞,一般,*,*,*,を,ヲ,ヲ
こわく	形容詞,自立,*,*,形容詞・アウオ段,連用テ接続,こわい,コワク,コワク
し	動詞,自立,*,*,サ変・スル,連用形,する,シ,シ
て	助詞,接続助詞,*,*,*,*,て,テ,テ
[	名詞,サ変接続,*,*,*,*,*
神	名詞,接尾,一般,*,*,*,神,シン,シン
]	名詞,サ変接続,*,*,*,*,*
に	助詞,格助詞,一般,*,*,*,に,ニ,ニ
はせ	動詞,自立,*,*,一段,連用形,はせる,ハセ,ハセ
向かう	動詞,自立,*,*,五段・ワ行促音便,基本形,向かう,ムカウ,ムカウ
から	助詞,接続助詞,*,*,*,*,から,カラ,カラ
だ	助動詞,*,*,*,特殊・ダ,基本形,だ,ダ,ダ
。	記号,句点,*,*,*,*,。,。,。
実際	副詞,助詞類接続,*,*,*,*,実際,ジッサイ,ジッサイ
，	記号,読点,*,*,*,*,，,，,，
彼	名詞,代名詞,一般,*,*,*,彼,カレ,カレ
は	助詞,係助詞,*,*,*,*,は,ハ,ワ
顔	名詞,一般,*,*,*,*,顔,カオ,カオ
を	助詞,格助詞,一般,*,*,*,を,ヲ,ヲ
その	連体詞,*,*,*,*,*,その,ソノ,ソノ
脂肪	名詞,一般,*,*,*,*,脂肪,シボウ,シボー
質	名詞,接尾,一般,*,*,*,質,シツ,シツ
で	助詞,格助詞,一般,*,*,*,で,デ,デ
覆い	動詞,自立,*,*,五段・ワ行促音便,連用形,覆う,オオイ,オオイ
，	記号,読点,*,*,*,*,，,，,，
ただ	接続詞,*,*,*,*,*,ただ,タダ,タダ
，	記号,読点,*,*,*,*,，,，,，
ぬぐい去ら	動詞,自立,*,*,五段・ラ行,未然形,ぬぐい去る,ヌグイサラ,ヌグイサラ
れよ	動詞,接尾,*,*,一段,未然ウ接続,れる,レヨ,レヨ
う	助動詞,*,*,*,不変化型,基本形,う,ウ,ウ
と	助詞,格助詞,引用,*,*,*,と,ト,ト
し	動詞,自立,*,*,サ変・スル,連用形,する,シ,シ
て	助詞,接続助詞,*,*,*,*,て,テ,テ
いる	動詞,非自立,*,*,一段,基本形,いる,イル,イル
都市	名詞,一般,*,*,*,*,都市,トシ,トシ
，	記号,読点,*,*,*,*,，,，,，
彼	名詞,代名詞,一般,*,*,*,彼,カレ,カレ
は	助詞,係助詞,*,*,*,*,は,ハ,ワ
富ま	動詞,自立,*,*,五段・マ行,未然形,富む,トマ,トマ
ず	助動詞,*,*,*,特殊・ヌ,連用ニ接続,ぬ,ズ,ズ
，	記号,読点,*,*,*,*,，,，,，
その	連体詞,*,*,*,*,*,その,ソノ,ソノ
富	名詞,一般,*,*,*,*,富,トミ,トミ
は	助詞,係助詞,*,*,*,*,は,ハ,ワ
かさむ	動詞,自立,*,*,五段・マ行,基本形,かさむ,カサム,カサム
こと	名詞,非自立,一般,*,*,*,こと,コト,コト
が	助詞,格助詞,一般,*,*,*,が,ガ,ガ
なく	形容詞,自立,*,*,形容詞・アウオ段,連用テ接続,ない,ナク,ナク
，	記号,読点,*,*,*,*,，,，,，
彼	名詞,代名詞,一般,*,*,*,彼,カレ,カレ
は	助詞,係助詞,*,*,*,*,は,ハ,ワ
闇	名詞,一般,*,*,*,*,闇,ヤミ,ヤミ
から	助詞,格助詞,一般,*,*,*,から,カラ,カラ
立ち去る	動詞,自立,*,*,五段・ラ行,基本形,立ち去る,タチサル,タチサル
こと	名詞,非自立,一般,*,*,*,こと,コト,コト
が	助詞,格助詞,一般,*,*,*,が,ガ,ガ
なく	形容詞,自立,*,*,形容詞・アウオ段,連用テ接続,ない,ナク,ナク
，	記号,読点,*,*,*,*,，,，,，
迷わさ	動詞,自立,*,*,五段・サ行,未然形,迷わす,マヨワサ,マヨワサ
れ	動詞,接尾,*,*,一段,連用形,れる,レ,レ
て	助詞,接続助詞,*,*,*,*,て,テ,テ
，	記号,読点,*,*,*,*,，,，,，
彼	名詞,代名詞,一般,*,*,*,彼,カレ,カレ
が	助詞,格助詞,一般,*,*,*,が,ガ,ガ
むなしい	形容詞,自立,*,*,形容詞・イ段,基本形,むなしい,ムナシイ,ムナシイ
こと	名詞,非自立,一般,*,*,*,こと,コト,コト
に	助詞,格助詞,一般,*,*,*,に,ニ,ニ
信	名詞,一般,*,*,*,*,信,シン,シン
を	助詞,格助詞,一般,*,*,*,を,ヲ,ヲ
置か	動詞,自立,*,*,五段・カ行イ音便,未然形,置く,オカ,オカ
ない	助動詞,*,*,*,特殊・ナイ,基本形,ない,ナイ,ナイ
よう	名詞,非自立,助動詞語幹,*,*,*,よう,ヨウ,ヨー
に	助詞,格助詞,一般,*,*,*,に,ニ,ニ
。	記号,句点,*,*,*,*,。,。,。
彼	名詞,代名詞,一般,*,*,*,彼,カレ,カレ
の	助詞,連体化,*,*,*,*,の,ノ,ノ
日	名詞,非自立,副詞可能,*,*,*,日,ヒ,ヒ
が	助詞,格助詞,一般,*,*,*,が,ガ,ガ
来	動詞,自立,*,*,カ変・来ル,未然形,来る,コ,コ
ない	助動詞,*,*,*,特殊・ナイ,基本形,ない,ナイ,ナイ
うち	名詞,非自立,副詞可能,*,*,*,うち,ウチ,ウチ
に	助詞,格助詞,一般,*,*,*,に,ニ,ニ
それ	名詞,代名詞,一般,*,*,*,それ,ソレ,ソレ
は	助詞,係助詞,*,*,*,*,は,ハ,ワ
遂げ	動詞,自立,*,*,一段,未然形,遂げる,トゲ,トゲ
られる	動詞,接尾,*,*,一段,基本形,られる,ラレル,ラレル
。	記号,句点,*,*,*,*,。,。,。
彼	名詞,代名詞,一般,*,*,*,彼,カレ,カレ
は	助詞,係助詞,*,*,*,*,は,ハ,ワ
ぶどう	名詞,一般,*,*,*,*,ぶどう,ブドウ,ブドー
の	助詞,連体化,*,*,*,*,の,ノ,ノ
木	名詞,一般,*,*,*,*,木,キ,キ
の	助詞,連体化,*,*,*,*,の,ノ,ノ
よう	名詞,非自立,助動詞語幹,*,*,*,よう,ヨウ,ヨー
に	助詞,副詞化,*,*,*,*,に,ニ,ニ
，	記号,読点,*,*,*,*,，,，,，
その	連体詞,*,*,*,*,*,その,ソノ,ソノ
熟さ	動詞,自立,*,*,五段・サ行,未然形,熟す,ジュクサ,ジュクサ
ない	助動詞,*,*,*,特殊・ナイ,基本形,ない,ナイ,ナイ
ぶどう	名詞,一般,*,*,*,*,ぶどう,ブドウ,ブドー
を	助詞,格助詞,一般,*,*,*,を,ヲ,ヲ
突き落とし	動詞,自立,*,*,五段・サ行,連用形,突き落とす,ツキオトシ,ツキオトシ
，	記号,読点,*,*,*,*,，,，,，
背教	名詞,一般,*,*,*,*,背教,ハイキョウ,ハイキョー
者	名詞,接尾,一般,*,*,*,者,シャ,シャ
の	助詞,連体化,*,*,*,*,の,ノ,ノ
集まり	名詞,一般,*,*,*,*,集まり,アツマリ,アツマリ
は	助詞,係助詞,*,*,*,*,は,ハ,ワ
実り	名詞,一般,*,*,*,*,実り,ミノリ,ミノリ
が	助詞,格助詞,一般,*,*,*,が,ガ,ガ
なく	形容詞,自立,*,*,形容詞・アウオ段,連用テ接続,ない,ナク,ナク
，	記号,読点,*,*,*,*,，,，,，
厄介	名詞,形容動詞語幹,*,*,*,*,厄介,ヤッカイ,ヤッカイ
な	助動詞,*,*,*,特殊・ダ,体言接続,だ,ナ,ナ
こと	名詞,非自立,一般,*,*,*,こと,コト,コト
を	助詞,格助詞,一般,*,*,*,を,ヲ,ヲ
はらみ	動詞,自立,*,*,五段・マ行,連用形,はらむ,ハラミ,ハラミ
，	記号,読点,*,*,*,*,，,，,，
有害	名詞,形容動詞語幹,*,*,*,*,有害,ユウガイ,ユーガイ
な	助動詞,*,*,*,特殊・ダ,体言接続,だ,ナ,ナ
こと	名詞,非自立,一般,*,*,*,こと,コト,コト
を	助詞,格助詞,一般,*,*,*,を,ヲ,ヲ
産む	動詞,自立,*,*,五段・マ行,基本形,産む,ウム,ウム
こと	名詞,非自立,一般,*,*,*,こと,コト,コト
が	助詞,格助詞,一般,*,*,*,が,ガ,ガ
ある	動詞,自立,*,*,五段・ラ行,基本形,ある,アル,アル
。	記号,句点,*,*,*,*,。,。,。
EOS
