愛する	動詞,自立,*,*,サ変・−スル,基本形,愛する,アイスル,アイスル
者	名詞,一般,*,*,*,*,者,モノ,モノ
たち	名詞,接尾,一般,*,*,*,たち,タチ,タチ
よ	助詞,終助詞,*,*,*,*,よ,ヨ,ヨ
，	記号,読点,*,*,*,*,，,，,，
霊感	名詞,一般,*,*,*,*,霊感,レイカン,レイカン
の	助詞,連体化,*,*,*,*,の,ノ,ノ
表現	名詞,サ変接続,*,*,*,*,表現,ヒョウゲン,ヒョーゲン
すべて	名詞,副詞可能,*,*,*,*,すべて,スベテ,スベテ
を	助詞,格助詞,一般,*,*,*,を,ヲ,ヲ
信じ	動詞,自立,*,*,一段,連用形,信じる,シンジ,シンジ
て	助詞,接続助詞,*,*,*,*,て,テ,テ
は	助詞,係助詞,*,*,*,*,は,ハ,ワ
なり	動詞,非自立,*,*,五段・ラ行,連用形,なる,ナリ,ナリ
ませ	助動詞,*,*,*,特殊・マス,未然形,ます,マセ,マセ
ん	助動詞,*,*,*,不変化型,基本形,ん,ン,ン
。	記号,句点,*,*,*,*,。,。,。
むしろ	副詞,一般,*,*,*,*,むしろ,ムシロ,ムシロ
，	記号,読点,*,*,*,*,，,，,，
その	連体詞,*,*,*,*,*,その,ソノ,ソノ
霊感	名詞,一般,*,*,*,*,霊感,レイカン,レイカン
の	助詞,連体化,*,*,*,*,の,ノ,ノ
表現	名詞,サ変接続,*,*,*,*,表現,ヒョウゲン,ヒョーゲン
を	助詞,格助詞,一般,*,*,*,を,ヲ,ヲ
試し	動詞,自立,*,*,五段・サ行,連用形,試す,タメシ,タメシ
て	助詞,接続助詞,*,*,*,*,て,テ,テ
，	記号,読点,*,*,*,*,，,，,，
それ	名詞,代名詞,一般,*,*,*,それ,ソレ,ソレ
が	助詞,格助詞,一般,*,*,*,が,ガ,ガ
神	名詞,一般,*,*,*,*,神,カミ,カミ
から	助詞,格助詞,一般,*,*,*,から,カラ,カラ
出	動詞,自立,*,*,一段,連用形,出る,デ,デ
て	助詞,接続助詞,*,*,*,*,て,テ,テ
いる	動詞,非自立,*,*,一段,基本形,いる,イル,イル
か	助詞,副助詞／並立助詞／終助詞,*,*,*,*,か,カ,カ
どう	副詞,助詞類接続,*,*,*,*,どう,ドウ,ドー
か	助詞,副助詞／並立助詞／終助詞,*,*,*,*,か,カ,カ
を	助詞,格助詞,一般,*,*,*,を,ヲ,ヲ
見きわめ	動詞,自立,*,*,一段,連用形,見きわめる,ミキワメ,ミキワメ
なさい	動詞,非自立,*,*,五段・ラ行特殊,命令ｉ,なさる,ナサイ,ナサイ
。	記号,句点,*,*,*,*,。,。,。
多く	名詞,副詞可能,*,*,*,*,多く,オオク,オーク
の	助詞,連体化,*,*,*,*,の,ノ,ノ
偽	接頭詞,名詞接続,*,*,*,*,偽,ニセ,ニセ
預言	名詞,サ変接続,*,*,*,*,預言,ヨゲン,ヨゲン
者	名詞,接尾,一般,*,*,*,者,シャ,シャ
が	助詞,格助詞,一般,*,*,*,が,ガ,ガ
世	名詞,一般,*,*,*,*,世,ヨ,ヨ
に	助詞,格助詞,一般,*,*,*,に,ニ,ニ
出	動詞,自立,*,*,一段,連用形,出る,デ,デ
た	助動詞,*,*,*,特殊・タ,基本形,た,タ,タ
から	助詞,接続助詞,*,*,*,*,から,カラ,カラ
です	助動詞,*,*,*,特殊・デス,基本形,です,デス,デス
。	記号,句点,*,*,*,*,。,。,。
あなた	名詞,代名詞,一般,*,*,*,あなた,アナタ,アナタ
方	名詞,接尾,一般,*,*,*,方,カタ,カタ
は	助詞,係助詞,*,*,*,*,は,ハ,ワ
神	名詞,一般,*,*,*,*,神,カミ,カミ
から	助詞,格助詞,一般,*,*,*,から,カラ,カラ
の	助詞,連体化,*,*,*,*,の,ノ,ノ
霊感	名詞,一般,*,*,*,*,霊感,レイカン,レイカン
の	助詞,連体化,*,*,*,*,の,ノ,ノ
表現	名詞,サ変接続,*,*,*,*,表現,ヒョウゲン,ヒョーゲン
を	助詞,格助詞,一般,*,*,*,を,ヲ,ヲ
これ	名詞,代名詞,一般,*,*,*,これ,コレ,コレ
によって	助詞,格助詞,連語,*,*,*,によって,ニヨッテ,ニヨッテ
知る	動詞,自立,*,*,五段・ラ行,基本形,知る,シル,シル
こと	名詞,非自立,一般,*,*,*,こと,コト,コト
が	助詞,格助詞,一般,*,*,*,が,ガ,ガ
でき	動詞,自立,*,*,一段,連用形,できる,デキ,デキ
ます	助動詞,*,*,*,特殊・マス,基本形,ます,マス,マス
。	記号,句点,*,*,*,*,。,。,。
すなわち	接続詞,*,*,*,*,*,すなわち,スナワチ,スナワチ
，	記号,読点,*,*,*,*,，,，,，
イエス	名詞,一般,*,*,*,*,イエス,イエス,イエス
･	名詞,サ変接続,*,*,*,*,*
キリスト	名詞,固有名詞,一般,*,*,*,キリスト,キリスト,キリスト
が	助詞,格助詞,一般,*,*,*,が,ガ,ガ
肉体	名詞,一般,*,*,*,*,肉体,ニクタイ,ニクタイ
で	助詞,格助詞,一般,*,*,*,で,デ,デ
来ら	動詞,自立,*,*,五段・ラ行,未然形,来る,キタラ,キタラ
れ	動詞,接尾,*,*,一段,連用形,れる,レ,レ
た	助動詞,*,*,*,特殊・タ,基本形,た,タ,タ
こと	名詞,非自立,一般,*,*,*,こと,コト,コト
を	助詞,格助詞,一般,*,*,*,を,ヲ,ヲ
告白	名詞,サ変接続,*,*,*,*,告白,コクハク,コクハク
する	動詞,自立,*,*,サ変・スル,基本形,する,スル,スル
霊感	名詞,一般,*,*,*,*,霊感,レイカン,レイカン
の	助詞,連体化,*,*,*,*,の,ノ,ノ
表現	名詞,サ変接続,*,*,*,*,表現,ヒョウゲン,ヒョーゲン
は	助詞,係助詞,*,*,*,*,は,ハ,ワ
すべて	名詞,副詞可能,*,*,*,*,すべて,スベテ,スベテ
神	名詞,一般,*,*,*,*,神,カミ,カミ
から	助詞,格助詞,一般,*,*,*,から,カラ,カラ
出	動詞,自立,*,*,一段,連用形,出る,デ,デ
て	助詞,接続助詞,*,*,*,*,て,テ,テ
い	動詞,非自立,*,*,一段,連用形,いる,イ,イ
ます	助動詞,*,*,*,特殊・マス,基本形,ます,マス,マス
が	助詞,接続助詞,*,*,*,*,が,ガ,ガ
，	記号,読点,*,*,*,*,，,，,，
イエス	名詞,一般,*,*,*,*,イエス,イエス,イエス
について	助詞,格助詞,連語,*,*,*,について,ニツイテ,ニツイテ
告白	名詞,サ変接続,*,*,*,*,告白,コクハク,コクハク
し	動詞,自立,*,*,サ変・スル,未然形,する,シ,シ
ない	助動詞,*,*,*,特殊・ナイ,基本形,ない,ナイ,ナイ
霊感	名詞,一般,*,*,*,*,霊感,レイカン,レイカン
の	助詞,連体化,*,*,*,*,の,ノ,ノ
表現	名詞,サ変接続,*,*,*,*,表現,ヒョウゲン,ヒョーゲン
は	助詞,係助詞,*,*,*,*,は,ハ,ワ
どれ	名詞,代名詞,一般,*,*,*,どれ,ドレ,ドレ
も	助詞,係助詞,*,*,*,*,も,モ,モ
神	名詞,一般,*,*,*,*,神,カミ,カミ
から	助詞,格助詞,一般,*,*,*,から,カラ,カラ
出	動詞,自立,*,*,一段,連用形,出る,デ,デ
た	助動詞,*,*,*,特殊・タ,基本形,た,タ,タ
もの	名詞,非自立,一般,*,*,*,もの,モノ,モノ
で	助動詞,*,*,*,特殊・ダ,連用形,だ,デ,デ
は	助詞,係助詞,*,*,*,*,は,ハ,ワ
あり	動詞,自立,*,*,五段・ラ行,連用形,ある,アリ,アリ
ませ	助動詞,*,*,*,特殊・マス,未然形,ます,マセ,マセ
ん	助動詞,*,*,*,不変化型,基本形,ん,ン,ン
。	記号,句点,*,*,*,*,。,。,。
しかも	接続詞,*,*,*,*,*,しかも,シカモ,シカモ
これ	名詞,代名詞,一般,*,*,*,これ,コレ,コレ
は	助詞,係助詞,*,*,*,*,は,ハ,ワ
，	記号,読点,*,*,*,*,，,，,，
来る	動詞,自立,*,*,カ変・来ル,基本形,来る,クル,クル
で	助動詞,*,*,*,特殊・ダ,連用形,だ,デ,デ
あろ	助動詞,*,*,*,五段・ラ行アル,未然ウ接続,ある,アロ,アロ
う	助動詞,*,*,*,不変化型,基本形,う,ウ,ウ
と	助詞,格助詞,引用,*,*,*,と,ト,ト
あなた	名詞,代名詞,一般,*,*,*,あなた,アナタ,アナタ
方	名詞,接尾,一般,*,*,*,方,カタ,カタ
が	助詞,格助詞,一般,*,*,*,が,ガ,ガ
聞い	動詞,自立,*,*,五段・カ行イ音便,連用タ接続,聞く,キイ,キイ
て	助詞,接続助詞,*,*,*,*,て,テ,テ
い	動詞,非自立,*,*,一段,連用形,いる,イ,イ
た	助動詞,*,*,*,特殊・タ,基本形,た,タ,タ
反	接頭詞,名詞接続,*,*,*,*,反,ハン,ハン
キリスト	名詞,固有名詞,一般,*,*,*,キリスト,キリスト,キリスト
の	助詞,連体化,*,*,*,*,の,ノ,ノ
[	名詞,サ変接続,*,*,*,*,*
霊感	名詞,一般,*,*,*,*,霊感,レイカン,レイカン
の	助詞,連体化,*,*,*,*,の,ノ,ノ
表現	名詞,サ変接続,*,*,*,*,表現,ヒョウゲン,ヒョーゲン
]	名詞,サ変接続,*,*,*,*,*
で	助動詞,*,*,*,特殊・ダ,連用形,だ,デ,デ
あり	助動詞,*,*,*,五段・ラ行アル,連用形,ある,アリ,アリ
，	記号,読点,*,*,*,*,，,，,，
今や	副詞,一般,*,*,*,*,今や,イマヤ,イマヤ
それ	名詞,代名詞,一般,*,*,*,それ,ソレ,ソレ
は	助詞,係助詞,*,*,*,*,は,ハ,ワ
すでに	副詞,一般,*,*,*,*,すでに,スデニ,スデニ
世	名詞,一般,*,*,*,*,世,ヨ,ヨ
に	助詞,格助詞,一般,*,*,*,に,ニ,ニ
ある	動詞,自立,*,*,五段・ラ行,基本形,ある,アル,アル
の	名詞,非自立,一般,*,*,*,の,ノ,ノ
です	助動詞,*,*,*,特殊・デス,基本形,です,デス,デス
。	記号,句点,*,*,*,*,。,。,。
子供	名詞,一般,*,*,*,*,子供,コドモ,コドモ
ら	名詞,接尾,一般,*,*,*,ら,ラ,ラ
よ	助詞,終助詞,*,*,*,*,よ,ヨ,ヨ
，	記号,読点,*,*,*,*,，,，,，
あなた	名詞,代名詞,一般,*,*,*,あなた,アナタ,アナタ
方	名詞,接尾,一般,*,*,*,方,カタ,カタ
は	助詞,係助詞,*,*,*,*,は,ハ,ワ
神	名詞,一般,*,*,*,*,神,カミ,カミ
から	助詞,格助詞,一般,*,*,*,から,カラ,カラ
出	動詞,自立,*,*,一段,連用形,出る,デ,デ
て	助詞,接続助詞,*,*,*,*,て,テ,テ
おり	動詞,非自立,*,*,五段・ラ行,連用形,おる,オリ,オリ
，	記号,読点,*,*,*,*,，,，,，
あなた	名詞,代名詞,一般,*,*,*,あなた,アナタ,アナタ
方	名詞,接尾,一般,*,*,*,方,カタ,カタ
は	助詞,係助詞,*,*,*,*,は,ハ,ワ
そうした	連体詞,*,*,*,*,*,そうした,ソウシタ,ソーシタ
[	名詞,サ変接続,*,*,*,*,*
人	名詞,接尾,一般,*,*,*,人,ジン,ジン
々]	名詞,サ変接続,*,*,*,*,*
を	助詞,格助詞,一般,*,*,*,を,ヲ,ヲ
征服	名詞,サ変接続,*,*,*,*,征服,セイフク,セイフク
し	動詞,自立,*,*,サ変・スル,連用形,する,シ,シ
た	助動詞,*,*,*,特殊・タ,基本形,た,タ,タ
の	名詞,非自立,一般,*,*,*,の,ノ,ノ
です	助動詞,*,*,*,特殊・デス,基本形,です,デス,デス
。	記号,句点,*,*,*,*,。,。,。
あなた	名詞,代名詞,一般,*,*,*,あなた,アナタ,アナタ
方	名詞,非自立,一般,*,*,*,方,ホウ,ホー
と	助詞,格助詞,引用,*,*,*,と,ト,ト
結びつい	動詞,自立,*,*,五段・カ行イ音便,連用タ接続,結びつく,ムスビツイ,ムスビツイ
て	助詞,接続助詞,*,*,*,*,て,テ,テ
いる	動詞,非自立,*,*,一段,基本形,いる,イル,イル
方	名詞,非自立,一般,*,*,*,方,ホウ,ホー
は	助詞,係助詞,*,*,*,*,は,ハ,ワ
，	記号,読点,*,*,*,*,，,，,，
世	名詞,一般,*,*,*,*,世,ヨ,ヨ
と	助詞,格助詞,引用,*,*,*,と,ト,ト
結びつい	動詞,自立,*,*,五段・カ行イ音便,連用タ接続,結びつく,ムスビツイ,ムスビツイ
て	助詞,接続助詞,*,*,*,*,て,テ,テ
いる	動詞,非自立,*,*,一段,基本形,いる,イル,イル
者	名詞,非自立,一般,*,*,*,者,モノ,モノ
に	助詞,格助詞,一般,*,*,*,に,ニ,ニ
勝る	動詞,自立,*,*,五段・ラ行,基本形,勝る,マサル,マサル
から	助詞,接続助詞,*,*,*,*,から,カラ,カラ
です	助動詞,*,*,*,特殊・デス,基本形,です,デス,デス
。	記号,句点,*,*,*,*,。,。,。
彼ら	名詞,代名詞,一般,*,*,*,彼ら,カレラ,カレラ
は	助詞,係助詞,*,*,*,*,は,ハ,ワ
世	名詞,一般,*,*,*,*,世,ヨ,ヨ
から	助詞,格助詞,一般,*,*,*,から,カラ,カラ
出	動詞,自立,*,*,一段,連用形,出る,デ,デ
て	助詞,接続助詞,*,*,*,*,て,テ,テ
い	動詞,非自立,*,*,一段,連用形,いる,イ,イ
ます	助動詞,*,*,*,特殊・マス,基本形,ます,マス,マス
。	記号,句点,*,*,*,*,。,。,。
その	連体詞,*,*,*,*,*,その,ソノ,ソノ
ため	名詞,非自立,副詞可能,*,*,*,ため,タメ,タメ
に	助詞,格助詞,一般,*,*,*,に,ニ,ニ
，	名詞,数,*,*,*,*,，,，,，
世	名詞,接尾,助数詞,*,*,*,世,セイ,セイ
から	助詞,格助詞,一般,*,*,*,から,カラ,カラ
[	名詞,サ変接続,*,*,*,*,*
出る	動詞,自立,*,*,一段,基本形,出る,デル,デル
]	名詞,サ変接続,*,*,*,*,*
こと	名詞,非自立,一般,*,*,*,こと,コト,コト
を	助詞,格助詞,一般,*,*,*,を,ヲ,ヲ
語り	動詞,自立,*,*,五段・ラ行,連用形,語る,カタリ,カタリ
，	記号,読点,*,*,*,*,，,，,，
世	名詞,一般,*,*,*,*,世,ヨ,ヨ
は	助詞,係助詞,*,*,*,*,は,ハ,ワ
彼ら	名詞,代名詞,一般,*,*,*,彼ら,カレラ,カレラ
[	名詞,サ変接続,*,*,*,*,*
の	助詞,格助詞,一般,*,*,*,の,ノ,ノ
言う	動詞,自立,*,*,五段・ワ行促音便,基本形,言う,イウ,イウ
こと	名詞,非自立,一般,*,*,*,こと,コト,コト
]	名詞,サ変接続,*,*,*,*,*
を	助詞,格助詞,一般,*,*,*,を,ヲ,ヲ
聴く	動詞,自立,*,*,五段・カ行イ音便,基本形,聴く,キク,キク
の	名詞,非自立,一般,*,*,*,の,ノ,ノ
です	助動詞,*,*,*,特殊・デス,基本形,です,デス,デス
。	記号,句点,*,*,*,*,。,。,。
わたし	名詞,代名詞,一般,*,*,*,わたし,ワタシ,ワタシ
たち	名詞,接尾,一般,*,*,*,たち,タチ,タチ
は	助詞,係助詞,*,*,*,*,は,ハ,ワ
神	名詞,一般,*,*,*,*,神,カミ,カミ
から	助詞,格助詞,一般,*,*,*,から,カラ,カラ
出	動詞,自立,*,*,一段,連用形,出る,デ,デ
て	助詞,接続助詞,*,*,*,*,て,テ,テ
い	動詞,非自立,*,*,一段,連用形,いる,イ,イ
ます	助動詞,*,*,*,特殊・マス,基本形,ます,マス,マス
。	記号,句点,*,*,*,*,。,。,。
神	名詞,一般,*,*,*,*,神,カミ,カミ
について	助詞,格助詞,連語,*,*,*,について,ニツイテ,ニツイテ
知る	動詞,自立,*,*,五段・ラ行,基本形,知る,シル,シル
者	名詞,非自立,一般,*,*,*,者,モノ,モノ
は	助詞,係助詞,*,*,*,*,は,ハ,ワ
わたし	名詞,代名詞,一般,*,*,*,わたし,ワタシ,ワタシ
たち	名詞,接尾,一般,*,*,*,たち,タチ,タチ
[	名詞,サ変接続,*,*,*,*,*
の	助詞,格助詞,一般,*,*,*,の,ノ,ノ
言う	動詞,自立,*,*,五段・ワ行促音便,基本形,言う,イウ,イウ
こと	名詞,非自立,一般,*,*,*,こと,コト,コト
]	名詞,サ変接続,*,*,*,*,*
を	助詞,格助詞,一般,*,*,*,を,ヲ,ヲ
聴き	動詞,自立,*,*,五段・カ行イ音便,連用形,聴く,キキ,キキ
ます	助動詞,*,*,*,特殊・マス,基本形,ます,マス,マス
。	記号,句点,*,*,*,*,。,。,。
神	名詞,一般,*,*,*,*,神,カミ,カミ
から	助詞,格助詞,一般,*,*,*,から,カラ,カラ
出	動詞,自立,*,*,一段,連用形,出る,デ,デ
て	助詞,接続助詞,*,*,*,*,て,テ,テ
い	動詞,非自立,*,*,一段,未然形,いる,イ,イ
ない	助動詞,*,*,*,特殊・ナイ,基本形,ない,ナイ,ナイ
者	名詞,非自立,一般,*,*,*,者,モノ,モノ
は	助詞,係助詞,*,*,*,*,は,ハ,ワ
わたし	名詞,代名詞,一般,*,*,*,わたし,ワタシ,ワタシ
たち	名詞,接尾,一般,*,*,*,たち,タチ,タチ
[	名詞,サ変接続,*,*,*,*,*
の	助詞,格助詞,一般,*,*,*,の,ノ,ノ
言う	動詞,自立,*,*,五段・ワ行促音便,基本形,言う,イウ,イウ
こと	名詞,非自立,一般,*,*,*,こと,コト,コト
]	名詞,サ変接続,*,*,*,*,*
を	助詞,格助詞,一般,*,*,*,を,ヲ,ヲ
聴き	動詞,自立,*,*,五段・カ行イ音便,連用形,聴く,キキ,キキ
ませ	助動詞,*,*,*,特殊・マス,未然形,ます,マセ,マセ
ん	助動詞,*,*,*,不変化型,基本形,ん,ン,ン
。	記号,句点,*,*,*,*,。,。,。
こうして	接続詞,*,*,*,*,*,こうして,コウシテ,コーシテ
わたし	名詞,代名詞,一般,*,*,*,わたし,ワタシ,ワタシ
たち	名詞,接尾,一般,*,*,*,たち,タチ,タチ
は	助詞,係助詞,*,*,*,*,は,ハ,ワ
，	記号,読点,*,*,*,*,，,，,，
真理	名詞,一般,*,*,*,*,真理,シンリ,シンリ
の	助詞,連体化,*,*,*,*,の,ノ,ノ
霊感	名詞,一般,*,*,*,*,霊感,レイカン,レイカン
の	助詞,連体化,*,*,*,*,の,ノ,ノ
表現	名詞,サ変接続,*,*,*,*,表現,ヒョウゲン,ヒョーゲン
と	助詞,並立助詞,*,*,*,*,と,ト,ト
誤り	名詞,一般,*,*,*,*,誤り,アヤマリ,アヤマリ
の	助詞,連体化,*,*,*,*,の,ノ,ノ
霊感	名詞,一般,*,*,*,*,霊感,レイカン,レイカン
の	助詞,連体化,*,*,*,*,の,ノ,ノ
表現	名詞,サ変接続,*,*,*,*,表現,ヒョウゲン,ヒョーゲン
と	助詞,並立助詞,*,*,*,*,と,ト,ト
に	助詞,格助詞,一般,*,*,*,に,ニ,ニ
気づく	動詞,自立,*,*,五段・カ行イ音便,基本形,気づく,キヅク,キズク
の	名詞,非自立,一般,*,*,*,の,ノ,ノ
です	助動詞,*,*,*,特殊・デス,基本形,です,デス,デス
。	記号,句点,*,*,*,*,。,。,。
愛する	動詞,自立,*,*,サ変・−スル,基本形,愛する,アイスル,アイスル
者	名詞,一般,*,*,*,*,者,モノ,モノ
たち	名詞,接尾,一般,*,*,*,たち,タチ,タチ
よ	助詞,終助詞,*,*,*,*,よ,ヨ,ヨ
，	記号,読点,*,*,*,*,，,，,，
これから	副詞,助詞類接続,*,*,*,*,これから,コレカラ,コレカラ
も	助詞,係助詞,*,*,*,*,も,モ,モ
互いに	副詞,一般,*,*,*,*,互いに,タガイニ,タガイニ
愛し合っ	動詞,自立,*,*,五段・ワ行促音便,連用タ接続,愛し合う,アイシアッ,アイシアッ
て	助詞,接続助詞,*,*,*,*,て,テ,テ
ゆき	動詞,非自立,*,*,五段・カ行促音便ユク,連用形,ゆく,ユキ,ユキ
ましょ	助動詞,*,*,*,特殊・マス,未然ウ接続,ます,マショ,マショ
う	助動詞,*,*,*,不変化型,基本形,う,ウ,ウ
。	記号,句点,*,*,*,*,。,。,。
愛	名詞,一般,*,*,*,*,愛,アイ,アイ
は	助詞,係助詞,*,*,*,*,は,ハ,ワ
神	名詞,一般,*,*,*,*,神,カミ,カミ
から	助詞,格助詞,一般,*,*,*,から,カラ,カラ
の	助詞,連体化,*,*,*,*,の,ノ,ノ
もの	名詞,非自立,一般,*,*,*,もの,モノ,モノ
だ	助動詞,*,*,*,特殊・ダ,基本形,だ,ダ,ダ
から	助詞,接続助詞,*,*,*,*,から,カラ,カラ
です	助動詞,*,*,*,特殊・デス,基本形,です,デス,デス
。	記号,句点,*,*,*,*,。,。,。
そして	接続詞,*,*,*,*,*,そして,ソシテ,ソシテ
，	記号,読点,*,*,*,*,，,，,，
すべて	名詞,副詞可能,*,*,*,*,すべて,スベテ,スベテ
愛する	動詞,自立,*,*,サ変・−スル,基本形,愛する,アイスル,アイスル
者	名詞,非自立,一般,*,*,*,者,モノ,モノ
は	助詞,係助詞,*,*,*,*,は,ハ,ワ
神	名詞,一般,*,*,*,*,神,カミ,カミ
から	助詞,格助詞,一般,*,*,*,から,カラ,カラ
生まれ	動詞,自立,*,*,一段,連用形,生まれる,ウマレ,ウマレ
て	助詞,接続助詞,*,*,*,*,て,テ,テ
おり	動詞,非自立,*,*,五段・ラ行,連用形,おる,オリ,オリ
，	記号,読点,*,*,*,*,，,，,，
神	名詞,一般,*,*,*,*,神,カミ,カミ
について	助詞,格助詞,連語,*,*,*,について,ニツイテ,ニツイテ
知る	動詞,自立,*,*,五段・ラ行,基本形,知る,シル,シル
の	名詞,非自立,一般,*,*,*,の,ノ,ノ
です	助動詞,*,*,*,特殊・デス,基本形,です,デス,デス
。	記号,句点,*,*,*,*,。,。,。
愛さ	動詞,自立,*,*,五段・サ行,未然形,愛す,アイサ,アイサ
ない	助動詞,*,*,*,特殊・ナイ,基本形,ない,ナイ,ナイ
者	名詞,非自立,一般,*,*,*,者,モノ,モノ
は	助詞,係助詞,*,*,*,*,は,ハ,ワ
神	名詞,一般,*,*,*,*,神,カミ,カミ
を	助詞,格助詞,一般,*,*,*,を,ヲ,ヲ
知る	動詞,自立,*,*,五段・ラ行,基本形,知る,シル,シル
よう	名詞,非自立,助動詞語幹,*,*,*,よう,ヨウ,ヨー
に	助詞,格助詞,一般,*,*,*,に,ニ,ニ
なっ	動詞,自立,*,*,五段・ラ行,連用タ接続,なる,ナッ,ナッ
て	助詞,接続助詞,*,*,*,*,て,テ,テ
い	動詞,非自立,*,*,一段,連用形,いる,イ,イ
ませ	助動詞,*,*,*,特殊・マス,未然形,ます,マセ,マセ
ん	助動詞,*,*,*,不変化型,基本形,ん,ン,ン
。	記号,句点,*,*,*,*,。,。,。
神	名詞,一般,*,*,*,*,神,カミ,カミ
は	助詞,係助詞,*,*,*,*,は,ハ,ワ
愛	名詞,一般,*,*,*,*,愛,アイ,アイ
だ	助動詞,*,*,*,特殊・ダ,基本形,だ,ダ,ダ
から	助詞,接続助詞,*,*,*,*,から,カラ,カラ
です	助動詞,*,*,*,特殊・デス,基本形,です,デス,デス
。	記号,句点,*,*,*,*,。,。,。
わたし	名詞,代名詞,一般,*,*,*,わたし,ワタシ,ワタシ
たち	名詞,接尾,一般,*,*,*,たち,タチ,タチ
の	助詞,連体化,*,*,*,*,の,ノ,ノ
場合	名詞,副詞可能,*,*,*,*,場合,バアイ,バアイ
，	記号,読点,*,*,*,*,，,，,，
これ	名詞,代名詞,一般,*,*,*,これ,コレ,コレ
によって	助詞,格助詞,連語,*,*,*,によって,ニヨッテ,ニヨッテ
神	名詞,一般,*,*,*,*,神,カミ,カミ
の	助詞,連体化,*,*,*,*,の,ノ,ノ
愛	名詞,一般,*,*,*,*,愛,アイ,アイ
が	助詞,格助詞,一般,*,*,*,が,ガ,ガ
明らか	名詞,形容動詞語幹,*,*,*,*,明らか,アキラカ,アキラカ
に	助詞,格助詞,一般,*,*,*,に,ニ,ニ
さ	動詞,自立,*,*,サ変・スル,未然レル接続,する,サ,サ
れ	動詞,接尾,*,*,一段,連用形,れる,レ,レ
まし	助動詞,*,*,*,特殊・マス,連用形,ます,マシ,マシ
た	助動詞,*,*,*,特殊・タ,基本形,た,タ,タ
。	記号,句点,*,*,*,*,。,。,。
すなわち	接続詞,*,*,*,*,*,すなわち,スナワチ,スナワチ
，	記号,読点,*,*,*,*,，,，,，
神	名詞,一般,*,*,*,*,神,カミ,カミ
は	助詞,係助詞,*,*,*,*,は,ハ,ワ
ご	接頭詞,名詞接続,*,*,*,*,ご,ゴ,ゴ
自分	名詞,一般,*,*,*,*,自分,ジブン,ジブン
の	助詞,連体化,*,*,*,*,の,ノ,ノ
独り子	名詞,一般,*,*,*,*,独り子,ヒトリゴ,ヒトリゴ
を	助詞,格助詞,一般,*,*,*,を,ヲ,ヲ
世に	副詞,一般,*,*,*,*,世に,ヨニ,ヨニ
遣わし	動詞,自立,*,*,五段・サ行,連用形,遣わす,ツカワシ,ツカワシ
，	記号,読点,*,*,*,*,，,，,，
彼	名詞,代名詞,一般,*,*,*,彼,カレ,カレ
によって	助詞,格助詞,連語,*,*,*,によって,ニヨッテ,ニヨッテ
わたし	名詞,代名詞,一般,*,*,*,わたし,ワタシ,ワタシ
たち	名詞,接尾,一般,*,*,*,たち,タチ,タチ
が	助詞,格助詞,一般,*,*,*,が,ガ,ガ
命	名詞,一般,*,*,*,*,命,イノチ,イノチ
を	助詞,格助詞,一般,*,*,*,を,ヲ,ヲ
得	動詞,自立,*,*,一段,未然形,得る,エ,エ
られる	動詞,接尾,*,*,一段,基本形,られる,ラレル,ラレル
よう	名詞,非自立,助動詞語幹,*,*,*,よう,ヨウ,ヨー
に	助詞,格助詞,一般,*,*,*,に,ニ,ニ
し	動詞,自立,*,*,サ変・スル,連用形,する,シ,シ
て	助詞,接続助詞,*,*,*,*,て,テ,テ
くださっ	動詞,非自立,*,*,五段・ラ行特殊,連用タ接続,くださる,クダサッ,クダサッ
た	助動詞,*,*,*,特殊・タ,基本形,た,タ,タ
から	助詞,接続助詞,*,*,*,*,から,カラ,カラ
です	助動詞,*,*,*,特殊・デス,基本形,です,デス,デス
。	記号,句点,*,*,*,*,。,。,。
愛	名詞,一般,*,*,*,*,愛,アイ,アイ
は	助詞,係助詞,*,*,*,*,は,ハ,ワ
この	連体詞,*,*,*,*,*,この,コノ,コノ
点	名詞,非自立,一般,*,*,*,点,テン,テン
，	記号,読点,*,*,*,*,，,，,，
わたし	名詞,代名詞,一般,*,*,*,わたし,ワタシ,ワタシ
たち	名詞,接尾,一般,*,*,*,たち,タチ,タチ
が	助詞,格助詞,一般,*,*,*,が,ガ,ガ
神	名詞,一般,*,*,*,*,神,カミ,カミ
を	助詞,格助詞,一般,*,*,*,を,ヲ,ヲ
愛し	動詞,自立,*,*,五段・サ行,連用形,愛す,アイシ,アイシ
て	助詞,接続助詞,*,*,*,*,て,テ,テ
き	動詞,非自立,*,*,カ変・クル,連用形,くる,キ,キ
た	助動詞,*,*,*,特殊・タ,基本形,た,タ,タ
と	助詞,格助詞,引用,*,*,*,と,ト,ト
いう	動詞,自立,*,*,五段・ワ行促音便,基本形,いう,イウ,イウ
より	助詞,格助詞,一般,*,*,*,より,ヨリ,ヨリ
は	助詞,係助詞,*,*,*,*,は,ハ,ワ
，	記号,読点,*,*,*,*,，,，,，
[	名詞,サ変接続,*,*,*,*,*
神	名詞,接尾,一般,*,*,*,神,シン,シン
]	名詞,サ変接続,*,*,*,*,*
が	助詞,格助詞,一般,*,*,*,が,ガ,ガ
わたし	名詞,代名詞,一般,*,*,*,わたし,ワタシ,ワタシ
たち	名詞,接尾,一般,*,*,*,たち,タチ,タチ
を	助詞,格助詞,一般,*,*,*,を,ヲ,ヲ
愛し	動詞,自立,*,*,五段・サ行,連用形,愛す,アイシ,アイシ
，	記号,読点,*,*,*,*,，,，,，
ご	接頭詞,名詞接続,*,*,*,*,ご,ゴ,ゴ
自分	名詞,一般,*,*,*,*,自分,ジブン,ジブン
のみ	助詞,副助詞,*,*,*,*,のみ,ノミ,ノミ
子	名詞,一般,*,*,*,*,子,コ,コ
を	助詞,格助詞,一般,*,*,*,を,ヲ,ヲ
わたし	名詞,代名詞,一般,*,*,*,わたし,ワタシ,ワタシ
たち	名詞,接尾,一般,*,*,*,たち,タチ,タチ
の	助詞,連体化,*,*,*,*,の,ノ,ノ
罪	名詞,一般,*,*,*,*,罪,ツミ,ツミ
の	助詞,連体化,*,*,*,*,の,ノ,ノ
ため	名詞,非自立,副詞可能,*,*,*,ため,タメ,タメ
の	助詞,連体化,*,*,*,*,の,ノ,ノ
なだめ	動詞,自立,*,*,一段,連用形,なだめる,ナダメ,ナダメ
の	助詞,連体化,*,*,*,*,の,ノ,ノ
犠牲	名詞,一般,*,*,*,*,犠牲,ギセイ,ギセイ
として	助詞,格助詞,連語,*,*,*,として,トシテ,トシテ
遣わし	動詞,自立,*,*,五段・サ行,連用形,遣わす,ツカワシ,ツカワシ
て	助詞,接続助詞,*,*,*,*,て,テ,テ
くださっ	動詞,非自立,*,*,五段・ラ行特殊,連用タ接続,くださる,クダサッ,クダサッ
た	助動詞,*,*,*,特殊・タ,基本形,た,タ,タ
，	記号,読点,*,*,*,*,，,，,，
という	助詞,格助詞,連語,*,*,*,という,トイウ,トユウ
こと	名詞,非自立,一般,*,*,*,こと,コト,コト
です	助動詞,*,*,*,特殊・デス,基本形,です,デス,デス
。	記号,句点,*,*,*,*,。,。,。
愛する	動詞,自立,*,*,サ変・−スル,基本形,愛する,アイスル,アイスル
者	名詞,一般,*,*,*,*,者,モノ,モノ
たち	名詞,接尾,一般,*,*,*,たち,タチ,タチ
よ	助詞,終助詞,*,*,*,*,よ,ヨ,ヨ
，	記号,読点,*,*,*,*,，,，,，
神	名詞,一般,*,*,*,*,神,カミ,カミ
が	助詞,格助詞,一般,*,*,*,が,ガ,ガ
わたし	名詞,代名詞,一般,*,*,*,わたし,ワタシ,ワタシ
たち	名詞,接尾,一般,*,*,*,たち,タチ,タチ
を	助詞,格助詞,一般,*,*,*,を,ヲ,ヲ
この	連体詞,*,*,*,*,*,この,コノ,コノ
よう	名詞,非自立,助動詞語幹,*,*,*,よう,ヨウ,ヨー
に	助詞,副詞化,*,*,*,*,に,ニ,ニ
愛し	動詞,自立,*,*,五段・サ行,連用形,愛す,アイシ,アイシ
て	助詞,接続助詞,*,*,*,*,て,テ,テ
くださっ	動詞,非自立,*,*,五段・ラ行特殊,連用タ接続,くださる,クダサッ,クダサッ
た	助動詞,*,*,*,特殊・タ,基本形,た,タ,タ
の	名詞,非自立,一般,*,*,*,の,ノ,ノ
で	助動詞,*,*,*,特殊・ダ,連用形,だ,デ,デ
あれ	助動詞,*,*,*,五段・ラ行アル,仮定形,ある,アレ,アレ
ば	助詞,接続助詞,*,*,*,*,ば,バ,バ
，	記号,読点,*,*,*,*,，,，,，
わたし	名詞,代名詞,一般,*,*,*,わたし,ワタシ,ワタシ
たち	名詞,接尾,一般,*,*,*,たち,タチ,タチ
も	助詞,係助詞,*,*,*,*,も,モ,モ
互いに	副詞,一般,*,*,*,*,互いに,タガイニ,タガイニ
愛し合う	動詞,自立,*,*,五段・ワ行促音便,基本形,愛し合う,アイシアウ,アイシアウ
務め	名詞,一般,*,*,*,*,務め,ツトメ,ツトメ
が	助詞,格助詞,一般,*,*,*,が,ガ,ガ
あり	動詞,自立,*,*,五段・ラ行,連用形,ある,アリ,アリ
ます	助動詞,*,*,*,特殊・マス,基本形,ます,マス,マス
。	記号,句点,*,*,*,*,。,。,。
いまだ	副詞,助詞類接続,*,*,*,*,いまだ,イマダ,イマダ
だれ	名詞,代名詞,一般,*,*,*,だれ,ダレ,ダレ
も	助詞,係助詞,*,*,*,*,も,モ,モ
神	名詞,一般,*,*,*,*,神,カミ,カミ
を	助詞,格助詞,一般,*,*,*,を,ヲ,ヲ
見	動詞,自立,*,*,一段,連用形,見る,ミ,ミ
た	助動詞,*,*,*,特殊・タ,基本形,た,タ,タ
こと	名詞,非自立,一般,*,*,*,こと,コト,コト
が	助詞,格助詞,一般,*,*,*,が,ガ,ガ
あり	動詞,自立,*,*,五段・ラ行,連用形,ある,アリ,アリ
ませ	助動詞,*,*,*,特殊・マス,未然形,ます,マセ,マセ
ん	助動詞,*,*,*,不変化型,基本形,ん,ン,ン
。	記号,句点,*,*,*,*,。,。,。
わたし	名詞,代名詞,一般,*,*,*,わたし,ワタシ,ワタシ
たち	名詞,接尾,一般,*,*,*,たち,タチ,タチ
が	助詞,格助詞,一般,*,*,*,が,ガ,ガ
これから	副詞,助詞類接続,*,*,*,*,これから,コレカラ,コレカラ
も	助詞,係助詞,*,*,*,*,も,モ,モ
互いに	副詞,一般,*,*,*,*,互いに,タガイニ,タガイニ
愛し合っ	動詞,自立,*,*,五段・ワ行促音便,連用タ接続,愛し合う,アイシアッ,アイシアッ
て	助詞,接続助詞,*,*,*,*,て,テ,テ
ゆく	動詞,非自立,*,*,五段・カ行促音便ユク,基本形,ゆく,ユク,ユク
なら	助動詞,*,*,*,特殊・ダ,仮定形,だ,ナラ,ナラ
，	記号,読点,*,*,*,*,，,，,，
神	名詞,一般,*,*,*,*,神,カミ,カミ
は	助詞,係助詞,*,*,*,*,は,ハ,ワ
わたし	名詞,代名詞,一般,*,*,*,わたし,ワタシ,ワタシ
たち	名詞,接尾,一般,*,*,*,たち,タチ,タチ
の	助詞,連体化,*,*,*,*,の,ノ,ノ
うち	名詞,非自立,副詞可能,*,*,*,うち,ウチ,ウチ
に	助詞,格助詞,一般,*,*,*,に,ニ,ニ
とどまっ	動詞,自立,*,*,五段・ラ行,連用タ接続,とどまる,トドマッ,トドマッ
て	助詞,接続助詞,*,*,*,*,て,テ,テ
くだ	名詞,一般,*,*,*,*,くだ,クダ,クダ
さり	動詞,自立,*,*,五段・ラ行,連用形,さる,サリ,サリ
，	記号,読点,*,*,*,*,，,，,，
その	連体詞,*,*,*,*,*,その,ソノ,ソノ
愛	名詞,一般,*,*,*,*,愛,アイ,アイ
は	助詞,係助詞,*,*,*,*,は,ハ,ワ
わたし	名詞,代名詞,一般,*,*,*,わたし,ワタシ,ワタシ
たち	名詞,接尾,一般,*,*,*,たち,タチ,タチ
の	助詞,連体化,*,*,*,*,の,ノ,ノ
うち	名詞,非自立,副詞可能,*,*,*,うち,ウチ,ウチ
に	助詞,格助詞,一般,*,*,*,に,ニ,ニ
全う	名詞,サ変接続,*,*,*,*,全う,マットウ,マットー
さ	動詞,自立,*,*,サ変・スル,未然レル接続,する,サ,サ
れる	動詞,接尾,*,*,一段,基本形,れる,レル,レル
の	名詞,非自立,一般,*,*,*,の,ノ,ノ
です	助動詞,*,*,*,特殊・デス,基本形,です,デス,デス
。	記号,句点,*,*,*,*,。,。,。
わたし	名詞,代名詞,一般,*,*,*,わたし,ワタシ,ワタシ
たち	名詞,接尾,一般,*,*,*,たち,タチ,タチ
は	助詞,係助詞,*,*,*,*,は,ハ,ワ
これ	名詞,代名詞,一般,*,*,*,これ,コレ,コレ
によって	助詞,格助詞,連語,*,*,*,によって,ニヨッテ,ニヨッテ
，	記号,読点,*,*,*,*,，,，,，
わたし	名詞,代名詞,一般,*,*,*,わたし,ワタシ,ワタシ
たち	名詞,接尾,一般,*,*,*,たち,タチ,タチ
が	助詞,格助詞,一般,*,*,*,が,ガ,ガ
ずっと	副詞,一般,*,*,*,*,ずっと,ズット,ズット
[	名詞,サ変接続,*,*,*,*,*
神	名詞,接尾,一般,*,*,*,神,シン,シン
]	名詞,サ変接続,*,*,*,*,*
と	助詞,格助詞,引用,*,*,*,と,ト,ト
結ば	動詞,自立,*,*,五段・バ行,未然形,結ぶ,ムスバ,ムスバ
れ	動詞,接尾,*,*,一段,連用形,れる,レ,レ
て	助詞,接続助詞,*,*,*,*,て,テ,テ
おり	動詞,非自立,*,*,五段・ラ行,連用形,おる,オリ,オリ
，	記号,読点,*,*,*,*,，,，,，
[	名詞,サ変接続,*,*,*,*,*
神	名詞,接尾,一般,*,*,*,神,シン,シン
]	名詞,サ変接続,*,*,*,*,*
が	助詞,格助詞,一般,*,*,*,が,ガ,ガ
わたし	名詞,代名詞,一般,*,*,*,わたし,ワタシ,ワタシ
たち	名詞,接尾,一般,*,*,*,たち,タチ,タチ
と	助詞,格助詞,引用,*,*,*,と,ト,ト
結びつい	動詞,自立,*,*,五段・カ行イ音便,連用タ接続,結びつく,ムスビツイ,ムスビツイ
て	助詞,接続助詞,*,*,*,*,て,テ,テ
い	動詞,非自立,*,*,一段,連用形,いる,イ,イ
て	助詞,接続助詞,*,*,*,*,て,テ,テ
くださる	動詞,非自立,*,*,五段・ラ行特殊,基本形,くださる,クダサル,クダサル
こと	名詞,非自立,一般,*,*,*,こと,コト,コト
を	助詞,格助詞,一般,*,*,*,を,ヲ,ヲ
知り	動詞,自立,*,*,五段・ラ行,連用形,知る,シリ,シリ
ます	助動詞,*,*,*,特殊・マス,基本形,ます,マス,マス
。	記号,句点,*,*,*,*,。,。,。
すなわち	接続詞,*,*,*,*,*,すなわち,スナワチ,スナワチ
，	記号,読点,*,*,*,*,，,，,，
[	名詞,サ変接続,*,*,*,*,*
神	名詞,接尾,一般,*,*,*,神,シン,シン
]	名詞,サ変接続,*,*,*,*,*
が	助詞,格助詞,一般,*,*,*,が,ガ,ガ
ご	接頭詞,名詞接続,*,*,*,*,ご,ゴ,ゴ
自分	名詞,一般,*,*,*,*,自分,ジブン,ジブン
の	助詞,連体化,*,*,*,*,の,ノ,ノ
霊	名詞,一般,*,*,*,*,霊,レイ,レイ
を	助詞,格助詞,一般,*,*,*,を,ヲ,ヲ
わたし	名詞,代名詞,一般,*,*,*,わたし,ワタシ,ワタシ
たち	名詞,接尾,一般,*,*,*,たち,タチ,タチ
に	助詞,格助詞,一般,*,*,*,に,ニ,ニ
分け与え	動詞,自立,*,*,一段,連用形,分け与える,ワケアタエ,ワケアタエ
て	助詞,接続助詞,*,*,*,*,て,テ,テ
くださっ	動詞,非自立,*,*,五段・ラ行特殊,連用タ接続,くださる,クダサッ,クダサッ
た	助動詞,*,*,*,特殊・タ,基本形,た,タ,タ
こと	名詞,非自立,一般,*,*,*,こと,コト,コト
によって	助詞,格助詞,連語,*,*,*,によって,ニヨッテ,ニヨッテ
です	助動詞,*,*,*,特殊・デス,基本形,です,デス,デス
。	記号,句点,*,*,*,*,。,。,。
加え	動詞,自立,*,*,一段,連用形,加える,クワエ,クワエ
て	助詞,接続助詞,*,*,*,*,て,テ,テ
，	記号,読点,*,*,*,*,，,，,，
わたし	名詞,代名詞,一般,*,*,*,わたし,ワタシ,ワタシ
たち	名詞,接尾,一般,*,*,*,たち,タチ,タチ
自身	名詞,一般,*,*,*,*,自身,ジシン,ジシン
，	記号,読点,*,*,*,*,，,，,，
父	名詞,一般,*,*,*,*,父,チチ,チチ
が	助詞,格助詞,一般,*,*,*,が,ガ,ガ
ご	接頭詞,名詞接続,*,*,*,*,ご,ゴ,ゴ
自分	名詞,一般,*,*,*,*,自分,ジブン,ジブン
のみ	助詞,副助詞,*,*,*,*,のみ,ノミ,ノミ
子	名詞,一般,*,*,*,*,子,コ,コ
を	助詞,格助詞,一般,*,*,*,を,ヲ,ヲ
世	名詞,一般,*,*,*,*,世,ヨ,ヨ
の	助詞,連体化,*,*,*,*,の,ノ,ノ
救い主	名詞,一般,*,*,*,*,救い主,スクイヌシ,スクイヌシ
として	助詞,格助詞,連語,*,*,*,として,トシテ,トシテ
遣わさ	動詞,自立,*,*,五段・サ行,未然形,遣わす,ツカワサ,ツカワサ
れ	動詞,接尾,*,*,一段,連用形,れる,レ,レ
た	助動詞,*,*,*,特殊・タ,基本形,た,タ,タ
こと	名詞,非自立,一般,*,*,*,こと,コト,コト
を	助詞,格助詞,一般,*,*,*,を,ヲ,ヲ
見	動詞,自立,*,*,一段,連用形,見る,ミ,ミ
，	記号,読点,*,*,*,*,，,，,，
[	名詞,サ変接続,*,*,*,*,*
それ	名詞,代名詞,一般,*,*,*,それ,ソレ,ソレ
]	名詞,サ変接続,*,*,*,*,*
について	助詞,格助詞,連語,*,*,*,について,ニツイテ,ニツイテ
証し	動詞,自立,*,*,五段・サ行,連用形,証す,アカシ,アカシ
を	助詞,格助詞,一般,*,*,*,を,ヲ,ヲ
し	動詞,自立,*,*,サ変・スル,連用形,する,シ,シ
て	助詞,接続助詞,*,*,*,*,て,テ,テ
い	動詞,非自立,*,*,一段,連用形,いる,イ,イ
ます	助動詞,*,*,*,特殊・マス,基本形,ます,マス,マス
。	記号,句点,*,*,*,*,。,。,。
イエス	名詞,一般,*,*,*,*,イエス,イエス,イエス
･	名詞,サ変接続,*,*,*,*,*
キリスト	名詞,固有名詞,一般,*,*,*,キリスト,キリスト,キリスト
は	助詞,係助詞,*,*,*,*,は,ハ,ワ
神	名詞,一般,*,*,*,*,神,カミ,カミ
の	助詞,連体化,*,*,*,*,の,ノ,ノ
子	名詞,一般,*,*,*,*,子,コ,コ
で	助動詞,*,*,*,特殊・ダ,連用形,だ,デ,デ
ある	助動詞,*,*,*,五段・ラ行アル,基本形,ある,アル,アル
と	助詞,格助詞,引用,*,*,*,と,ト,ト
の	助詞,連体化,*,*,*,*,の,ノ,ノ
告白	名詞,サ変接続,*,*,*,*,告白,コクハク,コクハク
を	助詞,格助詞,一般,*,*,*,を,ヲ,ヲ
する	動詞,自立,*,*,サ変・スル,基本形,する,スル,スル
者	名詞,非自立,一般,*,*,*,者,モノ,モノ
が	助詞,格助詞,一般,*,*,*,が,ガ,ガ
だれ	名詞,代名詞,一般,*,*,*,だれ,ダレ,ダレ
で	助動詞,*,*,*,特殊・ダ,連用形,だ,デ,デ
あっ	助動詞,*,*,*,五段・ラ行アル,連用タ接続,ある,アッ,アッ
て	助詞,接続助詞,*,*,*,*,て,テ,テ
も	助詞,係助詞,*,*,*,*,も,モ,モ
，	記号,読点,*,*,*,*,，,，,，
神	名詞,一般,*,*,*,*,神,カミ,カミ
は	助詞,係助詞,*,*,*,*,は,ハ,ワ
その	連体詞,*,*,*,*,*,その,ソノ,ソノ
よう	名詞,非自立,助動詞語幹,*,*,*,よう,ヨウ,ヨー
な	助動詞,*,*,*,特殊・ダ,体言接続,だ,ナ,ナ
者	名詞,非自立,一般,*,*,*,者,モノ,モノ
と	助詞,格助詞,引用,*,*,*,と,ト,ト
ずっと	副詞,一般,*,*,*,*,ずっと,ズット,ズット
結びつい	動詞,自立,*,*,五段・カ行イ音便,連用タ接続,結びつく,ムスビツイ,ムスビツイ
て	助詞,接続助詞,*,*,*,*,て,テ,テ
おら	動詞,自立,*,*,五段・ラ行,未然形,おる,オラ,オラ
れ	動詞,接尾,*,*,一段,連用形,れる,レ,レ
，	記号,読点,*,*,*,*,，,，,，
その	連体詞,*,*,*,*,*,その,ソノ,ソノ
人	名詞,一般,*,*,*,*,人,ヒト,ヒト
は	助詞,係助詞,*,*,*,*,は,ハ,ワ
神	名詞,一般,*,*,*,*,神,カミ,カミ
と	助詞,格助詞,引用,*,*,*,と,ト,ト
結ば	動詞,自立,*,*,五段・バ行,未然形,結ぶ,ムスバ,ムスバ
れ	動詞,接尾,*,*,一段,連用形,れる,レ,レ
て	助詞,接続助詞,*,*,*,*,て,テ,テ
いる	動詞,非自立,*,*,一段,基本形,いる,イル,イル
の	名詞,非自立,一般,*,*,*,の,ノ,ノ
です	助動詞,*,*,*,特殊・デス,基本形,です,デス,デス
。	記号,句点,*,*,*,*,。,。,。
それで	接続詞,*,*,*,*,*,それで,ソレデ,ソレデ
わたし	名詞,代名詞,一般,*,*,*,わたし,ワタシ,ワタシ
たち	名詞,接尾,一般,*,*,*,たち,タチ,タチ
自身	名詞,一般,*,*,*,*,自身,ジシン,ジシン
，	記号,読点,*,*,*,*,，,，,，
神	名詞,一般,*,*,*,*,神,カミ,カミ
が	助詞,格助詞,一般,*,*,*,が,ガ,ガ
わたし	名詞,代名詞,一般,*,*,*,わたし,ワタシ,ワタシ
たち	名詞,接尾,一般,*,*,*,たち,タチ,タチ
の	助詞,連体化,*,*,*,*,の,ノ,ノ
場合	名詞,副詞可能,*,*,*,*,場合,バアイ,バアイ
に	助詞,格助詞,一般,*,*,*,に,ニ,ニ
抱い	動詞,自立,*,*,五段・カ行イ音便,連用タ接続,抱く,ダイ,ダイ
て	助詞,接続助詞,*,*,*,*,て,テ,テ
おら	動詞,自立,*,*,五段・ラ行,未然形,おる,オラ,オラ
れる	動詞,接尾,*,*,一段,基本形,れる,レル,レル
愛	名詞,一般,*,*,*,*,愛,アイ,アイ
を	助詞,格助詞,一般,*,*,*,を,ヲ,ヲ
知る	動詞,自立,*,*,五段・ラ行,基本形,知る,シル,シル
よう	名詞,非自立,助動詞語幹,*,*,*,よう,ヨウ,ヨー
に	助詞,格助詞,一般,*,*,*,に,ニ,ニ
なり	動詞,自立,*,*,五段・ラ行,連用形,なる,ナリ,ナリ
，	記号,読点,*,*,*,*,，,，,，
[	名詞,サ変接続,*,*,*,*,*
それ	名詞,代名詞,一般,*,*,*,それ,ソレ,ソレ
を	助詞,格助詞,一般,*,*,*,を,ヲ,ヲ
]	名詞,サ変接続,*,*,*,*,*
信じ	動詞,自立,*,*,一段,連用形,信じる,シンジ,シンジ
た	助動詞,*,*,*,特殊・タ,基本形,た,タ,タ
の	名詞,非自立,一般,*,*,*,の,ノ,ノ
です	助動詞,*,*,*,特殊・デス,基本形,です,デス,デス
。	記号,句点,*,*,*,*,。,。,。
こうして	接続詞,*,*,*,*,*,こうして,コウシテ,コーシテ
，	記号,読点,*,*,*,*,，,，,，
わたし	名詞,代名詞,一般,*,*,*,わたし,ワタシ,ワタシ
たち	名詞,接尾,一般,*,*,*,たち,タチ,タチ
に関して	助詞,格助詞,連語,*,*,*,に関して,ニカンシテ,ニカンシテ
愛	名詞,一般,*,*,*,*,愛,アイ,アイ
は	助詞,係助詞,*,*,*,*,は,ハ,ワ
全う	名詞,サ変接続,*,*,*,*,全う,マットウ,マットー
さ	動詞,自立,*,*,サ変・スル,未然レル接続,する,サ,サ
れ	動詞,接尾,*,*,一段,連用形,れる,レ,レ
まし	助動詞,*,*,*,特殊・マス,連用形,ます,マシ,マシ
た	助動詞,*,*,*,特殊・タ,基本形,た,タ,タ
。	記号,句点,*,*,*,*,。,。,。
それ	名詞,代名詞,一般,*,*,*,それ,ソレ,ソレ
は	助詞,係助詞,*,*,*,*,は,ハ,ワ
，	記号,読点,*,*,*,*,，,，,，
わたし	名詞,代名詞,一般,*,*,*,わたし,ワタシ,ワタシ
たち	名詞,接尾,一般,*,*,*,たち,タチ,タチ
が	助詞,格助詞,一般,*,*,*,が,ガ,ガ
裁き	名詞,一般,*,*,*,*,裁き,サバキ,サバキ
の	助詞,連体化,*,*,*,*,の,ノ,ノ
日	名詞,非自立,副詞可能,*,*,*,日,ヒ,ヒ
に	助詞,格助詞,一般,*,*,*,に,ニ,ニ
，	記号,読点,*,*,*,*,，,，,，
はばかり	動詞,自立,*,*,五段・ラ行,連用形,はばかる,ハバカリ,ハバカリ
の	助詞,格助詞,一般,*,*,*,の,ノ,ノ
ない	形容詞,自立,*,*,形容詞・アウオ段,基本形,ない,ナイ,ナイ
言い方	名詞,一般,*,*,*,*,言い方,イイカタ,イーカタ
が	助詞,格助詞,一般,*,*,*,が,ガ,ガ
できる	動詞,自立,*,*,一段,基本形,できる,デキル,デキル
よう	名詞,非自立,助動詞語幹,*,*,*,よう,ヨウ,ヨー
に	助詞,格助詞,一般,*,*,*,に,ニ,ニ
なる	動詞,自立,*,*,五段・ラ行,基本形,なる,ナル,ナル
ため	名詞,非自立,副詞可能,*,*,*,ため,タメ,タメ
です	助動詞,*,*,*,特殊・デス,基本形,です,デス,デス
。	記号,句点,*,*,*,*,。,。,。
なぜなら	接続詞,*,*,*,*,*,なぜなら,ナゼナラ,ナゼナラ
，	記号,読点,*,*,*,*,，,，,，
わたし	名詞,代名詞,一般,*,*,*,わたし,ワタシ,ワタシ
たち	名詞,接尾,一般,*,*,*,たち,タチ,タチ
は	助詞,係助詞,*,*,*,*,は,ハ,ワ
この世	名詞,一般,*,*,*,*,この世,コノヨ,コノヨ
に	助詞,格助詞,一般,*,*,*,に,ニ,ニ
あっ	動詞,自立,*,*,五段・ラ行,連用タ接続,ある,アッ,アッ
て	助詞,接続助詞,*,*,*,*,て,テ,テ
は	助詞,係助詞,*,*,*,*,は,ハ,ワ
，	記号,読点,*,*,*,*,，,，,，
かの	連体詞,*,*,*,*,*,かの,カノ,カノ
方	名詞,非自立,一般,*,*,*,方,ホウ,ホー
と	助詞,格助詞,引用,*,*,*,と,ト,ト
全く	副詞,助詞類接続,*,*,*,*,全く,マッタク,マッタク
同じ	連体詞,*,*,*,*,*,同じ,オナジ,オナジ
よう	名詞,非自立,助動詞語幹,*,*,*,よう,ヨウ,ヨー
で	助動詞,*,*,*,特殊・ダ,連用形,だ,デ,デ
ある	助動詞,*,*,*,五段・ラ行アル,基本形,ある,アル,アル
から	助詞,接続助詞,*,*,*,*,から,カラ,カラ
です	助動詞,*,*,*,特殊・デス,基本形,です,デス,デス
。	記号,句点,*,*,*,*,。,。,。
愛	名詞,一般,*,*,*,*,愛,アイ,アイ
に	助詞,格助詞,一般,*,*,*,に,ニ,ニ
は	助詞,係助詞,*,*,*,*,は,ハ,ワ
恐れ	名詞,一般,*,*,*,*,恐れ,オソレ,オソレ
が	助詞,格助詞,一般,*,*,*,が,ガ,ガ
なく	形容詞,自立,*,*,形容詞・アウオ段,連用テ接続,ない,ナク,ナク
，	記号,読点,*,*,*,*,，,，,，
完全	名詞,形容動詞語幹,*,*,*,*,完全,カンゼン,カンゼン
な	助動詞,*,*,*,特殊・ダ,体言接続,だ,ナ,ナ
愛	名詞,一般,*,*,*,*,愛,アイ,アイ
は	助詞,係助詞,*,*,*,*,は,ハ,ワ
恐れ	名詞,一般,*,*,*,*,恐れ,オソレ,オソレ
を	助詞,格助詞,一般,*,*,*,を,ヲ,ヲ
外	名詞,一般,*,*,*,*,外,ソト,ソト
に	助詞,格助詞,一般,*,*,*,に,ニ,ニ
追いやり	動詞,自立,*,*,五段・ラ行,連用形,追いやる,オイヤリ,オイヤリ
ます	助動詞,*,*,*,特殊・マス,基本形,ます,マス,マス
。	記号,句点,*,*,*,*,。,。,。
恐れ	名詞,一般,*,*,*,*,恐れ,オソレ,オソレ
は	助詞,係助詞,*,*,*,*,は,ハ,ワ
拘束	名詞,サ変接続,*,*,*,*,拘束,コウソク,コーソク
と	助詞,格助詞,一般,*,*,*,と,ト,ト
なる	動詞,自立,*,*,五段・ラ行,基本形,なる,ナル,ナル
から	助詞,接続助詞,*,*,*,*,から,カラ,カラ
です	助動詞,*,*,*,特殊・デス,基本形,です,デス,デス
。	記号,句点,*,*,*,*,。,。,。
実際	副詞,助詞類接続,*,*,*,*,実際,ジッサイ,ジッサイ
の	助詞,連体化,*,*,*,*,の,ノ,ノ
ところ	名詞,非自立,副詞可能,*,*,*,ところ,トコロ,トコロ
，	記号,読点,*,*,*,*,，,，,，
恐れ	名詞,一般,*,*,*,*,恐れ,オソレ,オソレ
の	助詞,連体化,*,*,*,*,の,ノ,ノ
もと	名詞,非自立,一般,*,*,*,もと,モト,モト
に	助詞,格助詞,一般,*,*,*,に,ニ,ニ
ある	動詞,自立,*,*,五段・ラ行,基本形,ある,アル,アル
者	名詞,非自立,一般,*,*,*,者,モノ,モノ
は	助詞,係助詞,*,*,*,*,は,ハ,ワ
愛	名詞,一般,*,*,*,*,愛,アイ,アイ
の	助詞,連体化,*,*,*,*,の,ノ,ノ
点	名詞,非自立,一般,*,*,*,点,テン,テン
で	助詞,格助詞,一般,*,*,*,で,デ,デ
完全	名詞,形容動詞語幹,*,*,*,*,完全,カンゼン,カンゼン
に	助詞,格助詞,一般,*,*,*,に,ニ,ニ
さ	動詞,自立,*,*,サ変・スル,未然レル接続,する,サ,サ
れ	動詞,接尾,*,*,一段,連用形,れる,レ,レ
て	助詞,接続助詞,*,*,*,*,て,テ,テ
い	動詞,非自立,*,*,一段,連用形,いる,イ,イ
ませ	助動詞,*,*,*,特殊・マス,未然形,ます,マセ,マセ
ん	助動詞,*,*,*,不変化型,基本形,ん,ン,ン
。	記号,句点,*,*,*,*,。,。,。
わたし	名詞,代名詞,一般,*,*,*,わたし,ワタシ,ワタシ
たち	名詞,接尾,一般,*,*,*,たち,タチ,タチ
は	助詞,係助詞,*,*,*,*,は,ハ,ワ
，	記号,読点,*,*,*,*,，,，,，
彼	名詞,代名詞,一般,*,*,*,彼,カレ,カレ
が	助詞,格助詞,一般,*,*,*,が,ガ,ガ
まず	副詞,一般,*,*,*,*,まず,マズ,マズ
わたし	名詞,代名詞,一般,*,*,*,わたし,ワタシ,ワタシ
たち	名詞,接尾,一般,*,*,*,たち,タチ,タチ
を	助詞,格助詞,一般,*,*,*,を,ヲ,ヲ
愛し	動詞,自立,*,*,五段・サ行,連用形,愛す,アイシ,アイシ
て	助詞,接続助詞,*,*,*,*,て,テ,テ
くださっ	動詞,非自立,*,*,五段・ラ行特殊,連用タ接続,くださる,クダサッ,クダサッ
た	助動詞,*,*,*,特殊・タ,基本形,た,タ,タ
ので	助詞,接続助詞,*,*,*,*,ので,ノデ,ノデ
愛する	動詞,自立,*,*,サ変・−スル,基本形,愛する,アイスル,アイスル
の	名詞,非自立,一般,*,*,*,の,ノ,ノ
です	助動詞,*,*,*,特殊・デス,基本形,です,デス,デス
。	記号,句点,*,*,*,*,。,。,。
「	記号,括弧開,*,*,*,*,「,「,「
わたし	名詞,代名詞,一般,*,*,*,わたし,ワタシ,ワタシ
は	助詞,係助詞,*,*,*,*,は,ハ,ワ
神	名詞,一般,*,*,*,*,神,カミ,カミ
を	助詞,格助詞,一般,*,*,*,を,ヲ,ヲ
愛する	動詞,自立,*,*,サ変・−スル,基本形,愛する,アイスル,アイスル
」	記号,括弧閉,*,*,*,*,」,」,」
と	助詞,格助詞,引用,*,*,*,と,ト,ト
言い	動詞,自立,*,*,五段・ワ行促音便,連用形,言う,イイ,イイ
ながら	助詞,接続助詞,*,*,*,*,ながら,ナガラ,ナガラ
自分	名詞,一般,*,*,*,*,自分,ジブン,ジブン
の	助詞,連体化,*,*,*,*,の,ノ,ノ
兄弟	名詞,一般,*,*,*,*,兄弟,キョウダイ,キョーダイ
を	助詞,格助詞,一般,*,*,*,を,ヲ,ヲ
憎ん	動詞,自立,*,*,五段・マ行,連用タ接続,憎む,ニクン,ニクン
で	助詞,接続助詞,*,*,*,*,で,デ,デ
いる	動詞,非自立,*,*,一段,基本形,いる,イル,イル
なら	助動詞,*,*,*,特殊・ダ,仮定形,だ,ナラ,ナラ
，	記号,読点,*,*,*,*,，,，,，
その	連体詞,*,*,*,*,*,その,ソノ,ソノ
人	名詞,一般,*,*,*,*,人,ヒト,ヒト
は	助詞,係助詞,*,*,*,*,は,ハ,ワ
偽り	名詞,一般,*,*,*,*,偽り,イツワリ,イツワリ
者	名詞,接尾,一般,*,*,*,者,シャ,シャ
です	助動詞,*,*,*,特殊・デス,基本形,です,デス,デス
。	記号,句点,*,*,*,*,。,。,。
自分	名詞,一般,*,*,*,*,自分,ジブン,ジブン
が	助詞,格助詞,一般,*,*,*,が,ガ,ガ
すでに	副詞,一般,*,*,*,*,すでに,スデニ,スデニ
見	動詞,自立,*,*,一段,連用形,見る,ミ,ミ
て	助詞,接続助詞,*,*,*,*,て,テ,テ
いる	動詞,非自立,*,*,一段,基本形,いる,イル,イル
兄弟	名詞,一般,*,*,*,*,兄弟,キョウダイ,キョーダイ
を	助詞,格助詞,一般,*,*,*,を,ヲ,ヲ
愛さ	動詞,自立,*,*,五段・サ行,未然形,愛す,アイサ,アイサ
ない	助動詞,*,*,*,特殊・ナイ,基本形,ない,ナイ,ナイ
者	名詞,非自立,一般,*,*,*,者,モノ,モノ
は	助詞,係助詞,*,*,*,*,は,ハ,ワ
，	記号,読点,*,*,*,*,，,，,，
見	動詞,自立,*,*,一段,連用形,見る,ミ,ミ
た	助動詞,*,*,*,特殊・タ,基本形,た,タ,タ
こと	名詞,非自立,一般,*,*,*,こと,コト,コト
の	助詞,格助詞,一般,*,*,*,の,ノ,ノ
ない	形容詞,自立,*,*,形容詞・アウオ段,基本形,ない,ナイ,ナイ
神	名詞,一般,*,*,*,*,神,カミ,カミ
を	助詞,格助詞,一般,*,*,*,を,ヲ,ヲ
愛する	動詞,自立,*,*,サ変・−スル,基本形,愛する,アイスル,アイスル
こと	名詞,非自立,一般,*,*,*,こと,コト,コト
は	助詞,係助詞,*,*,*,*,は,ハ,ワ
でき	動詞,自立,*,*,一段,未然形,できる,デキ,デキ
ない	助動詞,*,*,*,特殊・ナイ,基本形,ない,ナイ,ナイ
から	助詞,接続助詞,*,*,*,*,から,カラ,カラ
です	助動詞,*,*,*,特殊・デス,基本形,です,デス,デス
。	記号,句点,*,*,*,*,。,。,。
そして	接続詞,*,*,*,*,*,そして,ソシテ,ソシテ
，	記号,読点,*,*,*,*,，,，,，
神	名詞,一般,*,*,*,*,神,カミ,カミ
を	助詞,格助詞,一般,*,*,*,を,ヲ,ヲ
愛する	動詞,自立,*,*,サ変・−スル,基本形,愛する,アイスル,アイスル
者	名詞,非自立,一般,*,*,*,者,モノ,モノ
は	助詞,係助詞,*,*,*,*,は,ハ,ワ
自分	名詞,一般,*,*,*,*,自分,ジブン,ジブン
の	助詞,連体化,*,*,*,*,の,ノ,ノ
兄弟	名詞,一般,*,*,*,*,兄弟,キョウダイ,キョーダイ
を	助詞,格助詞,一般,*,*,*,を,ヲ,ヲ
も	助詞,係助詞,*,*,*,*,も,モ,モ
愛し	動詞,自立,*,*,五段・サ行,連用形,愛す,アイシ,アイシ
て	助詞,接続助詞,*,*,*,*,て,テ,テ
いる	動詞,非自立,*,*,一段,基本形,いる,イル,イル
べき	助動詞,*,*,*,文語・ベシ,体言接続,べし,ベキ,ベキ
で	助動詞,*,*,*,特殊・ダ,連用形,だ,デ,デ
ある	助動詞,*,*,*,五段・ラ行アル,基本形,ある,アル,アル
という	助詞,格助詞,連語,*,*,*,という,トイウ,トユウ
，	記号,読点,*,*,*,*,，,，,，
この	連体詞,*,*,*,*,*,この,コノ,コノ
おき	動詞,自立,*,*,一段,連用形,おきる,オキ,オキ
て	助詞,接続助詞,*,*,*,*,て,テ,テ
を	助詞,格助詞,一般,*,*,*,を,ヲ,ヲ
わたし	名詞,代名詞,一般,*,*,*,わたし,ワタシ,ワタシ
たち	名詞,接尾,一般,*,*,*,たち,タチ,タチ
は	助詞,係助詞,*,*,*,*,は,ハ,ワ
彼	名詞,代名詞,一般,*,*,*,彼,カレ,カレ
から	助詞,格助詞,一般,*,*,*,から,カラ,カラ
受け	動詞,自立,*,*,一段,連用形,受ける,ウケ,ウケ
て	助詞,接続助詞,*,*,*,*,て,テ,テ
いる	動詞,非自立,*,*,一段,基本形,いる,イル,イル
の	名詞,非自立,一般,*,*,*,の,ノ,ノ
です	助動詞,*,*,*,特殊・デス,基本形,です,デス,デス
。	記号,句点,*,*,*,*,。,。,。
EOS
