「	記号,括弧開,*,*,*,*,「,「,「
わたし	名詞,代名詞,一般,*,*,*,わたし,ワタシ,ワタシ
が	助詞,格助詞,一般,*,*,*,が,ガ,ガ
今日	名詞,副詞可能,*,*,*,*,今日,キョウ,キョー
命じる	動詞,自立,*,*,一段,基本形,命じる,メイジル,メイジル
すべて	名詞,副詞可能,*,*,*,*,すべて,スベテ,スベテ
の	助詞,連体化,*,*,*,*,の,ノ,ノ
おき	動詞,自立,*,*,一段,連用形,おきる,オキ,オキ
て	助詞,接続助詞,*,*,*,*,て,テ,テ
を	助詞,格助詞,一般,*,*,*,を,ヲ,ヲ
あなた	名詞,代名詞,一般,*,*,*,あなた,アナタ,アナタ
方	名詞,接尾,一般,*,*,*,方,カタ,カタ
は	助詞,係助詞,*,*,*,*,は,ハ,ワ
注意	名詞,サ変接続,*,*,*,*,注意,チュウイ,チューイ
し	動詞,自立,*,*,サ変・スル,連用形,する,シ,シ
て	助詞,接続助詞,*,*,*,*,て,テ,テ
守る	動詞,自立,*,*,五段・ラ行,基本形,守る,マモル,マモル
べき	助動詞,*,*,*,文語・ベシ,体言接続,べし,ベキ,ベキ
で	助動詞,*,*,*,特殊・ダ,連用形,だ,デ,デ
ある	助動詞,*,*,*,五段・ラ行アル,基本形,ある,アル,アル
。	記号,句点,*,*,*,*,。,。,。
あなた	名詞,代名詞,一般,*,*,*,あなた,アナタ,アナタ
方	名詞,接尾,一般,*,*,*,方,カタ,カタ
が	助詞,格助詞,一般,*,*,*,が,ガ,ガ
生き	動詞,自立,*,*,一段,連用形,生きる,イキ,イキ
続け	動詞,非自立,*,*,一段,連用形,続ける,ツヅケ,ツズケ
て	助詞,接続助詞,*,*,*,*,て,テ,テ
まさに	副詞,一般,*,*,*,*,まさに,マサニ,マサニ
殖え	動詞,自立,*,*,一段,連用形,殖える,フエ,フエ
，	記号,読点,*,*,*,*,，,，,，
エホバ	名詞,一般,*,*,*,*,エホバ,エホバ,エホバ
が	助詞,格助詞,一般,*,*,*,が,ガ,ガ
父祖	名詞,一般,*,*,*,*,父祖,フソ,フソ
たち	名詞,接尾,一般,*,*,*,たち,タチ,タチ
に	助詞,格助詞,一般,*,*,*,に,ニ,ニ
誓わ	動詞,自立,*,*,五段・ワ行促音便,未然形,誓う,チカワ,チカワ
れ	動詞,接尾,*,*,一段,連用形,れる,レ,レ
た	助動詞,*,*,*,特殊・タ,基本形,た,タ,タ
地	名詞,一般,*,*,*,*,地,チ,チ
に	助詞,格助詞,一般,*,*,*,に,ニ,ニ
入っ	動詞,自立,*,*,五段・ラ行,連用タ接続,入る,ハイッ,ハイッ
て	助詞,接続助詞,*,*,*,*,て,テ,テ
それ	名詞,代名詞,一般,*,*,*,それ,ソレ,ソレ
を	助詞,格助詞,一般,*,*,*,を,ヲ,ヲ
取得	名詞,サ変接続,*,*,*,*,取得,シュトク,シュトク
する	動詞,自立,*,*,サ変・スル,基本形,する,スル,スル
ため	名詞,非自立,副詞可能,*,*,*,ため,タメ,タメ
で	助動詞,*,*,*,特殊・ダ,連用形,だ,デ,デ
ある	助動詞,*,*,*,五段・ラ行アル,基本形,ある,アル,アル
。	記号,句点,*,*,*,*,。,。,。
そして	接続詞,*,*,*,*,*,そして,ソシテ,ソシテ
あなた	名詞,代名詞,一般,*,*,*,あなた,アナタ,アナタ
は	助詞,係助詞,*,*,*,*,は,ハ,ワ
，	記号,読点,*,*,*,*,，,，,，
あなた	名詞,代名詞,一般,*,*,*,あなた,アナタ,アナタ
の	助詞,連体化,*,*,*,*,の,ノ,ノ
神	名詞,一般,*,*,*,*,神,カミ,カミ
エホバ	名詞,一般,*,*,*,*,エホバ,エホバ,エホバ
が	助詞,格助詞,一般,*,*,*,が,ガ,ガ
この	連体詞,*,*,*,*,*,この,コノ,コノ
四	名詞,数,*,*,*,*,四,ヨン,ヨン
十	名詞,数,*,*,*,*,十,ジュウ,ジュー
年	名詞,接尾,助数詞,*,*,*,年,ネン,ネン
の	助詞,連体化,*,*,*,*,の,ノ,ノ
あいだ	名詞,固有名詞,地域,一般,*,*,あいだ,アイダ,アイダ
荒野	名詞,一般,*,*,*,*,荒野,アラノ,アラノ
で	助詞,格助詞,一般,*,*,*,で,デ,デ
あなた	名詞,代名詞,一般,*,*,*,あなた,アナタ,アナタ
に	助詞,格助詞,一般,*,*,*,に,ニ,ニ
歩ま	動詞,自立,*,*,五段・マ行,未然形,歩む,アユマ,アユマ
せ	動詞,接尾,*,*,一段,連用形,せる,セ,セ
た	助動詞,*,*,*,特殊・タ,基本形,た,タ,タ
その	連体詞,*,*,*,*,*,その,ソノ,ソノ
すべて	名詞,副詞可能,*,*,*,*,すべて,スベテ,スベテ
の	助詞,連体化,*,*,*,*,の,ノ,ノ
道	名詞,一般,*,*,*,*,道,ミチ,ミチ
を	助詞,格助詞,一般,*,*,*,を,ヲ,ヲ
覚え	動詞,自立,*,*,一段,連用形,覚える,オボエ,オボエ
て	助詞,接続助詞,*,*,*,*,て,テ,テ
い	動詞,非自立,*,*,一段,未然形,いる,イ,イ
なけれ	助動詞,*,*,*,特殊・ナイ,仮定形,ない,ナケレ,ナケレ
ば	助詞,接続助詞,*,*,*,*,ば,バ,バ
なら	動詞,非自立,*,*,五段・ラ行,未然形,なる,ナラ,ナラ
ない	助動詞,*,*,*,特殊・ナイ,基本形,ない,ナイ,ナイ
。	記号,句点,*,*,*,*,。,。,。
それ	名詞,代名詞,一般,*,*,*,それ,ソレ,ソレ
は	助詞,係助詞,*,*,*,*,は,ハ,ワ
あなた	名詞,代名詞,一般,*,*,*,あなた,アナタ,アナタ
を	助詞,格助詞,一般,*,*,*,を,ヲ,ヲ
謙遜	名詞,形容動詞語幹,*,*,*,*,謙遜,ケンソン,ケンソン
に	助詞,格助詞,一般,*,*,*,に,ニ,ニ
なら	動詞,自立,*,*,五段・ラ行,未然形,なる,ナラ,ナラ
せる	動詞,接尾,*,*,一段,基本形,せる,セル,セル
ため	名詞,非自立,副詞可能,*,*,*,ため,タメ,タメ
，	記号,読点,*,*,*,*,，,，,，
あなた	名詞,代名詞,一般,*,*,*,あなた,アナタ,アナタ
を	助詞,格助詞,一般,*,*,*,を,ヲ,ヲ
試み	動詞,自立,*,*,一段,連用形,試みる,ココロミ,ココロミ
て	助詞,接続助詞,*,*,*,*,て,テ,テ
，	記号,読点,*,*,*,*,，,，,，
その	連体詞,*,*,*,*,*,その,ソノ,ソノ
おき	動詞,自立,*,*,一段,連用形,おきる,オキ,オキ
て	助詞,接続助詞,*,*,*,*,て,テ,テ
を	助詞,格助詞,一般,*,*,*,を,ヲ,ヲ
守る	動詞,自立,*,*,五段・ラ行,基本形,守る,マモル,マモル
か	助詞,副助詞／並立助詞／終助詞,*,*,*,*,か,カ,カ
どう	副詞,助詞類接続,*,*,*,*,どう,ドウ,ドー
か	助詞,副助詞／並立助詞／終助詞,*,*,*,*,か,カ,カ
，	記号,読点,*,*,*,*,，,，,，
あなた	名詞,代名詞,一般,*,*,*,あなた,アナタ,アナタ
の	助詞,連体化,*,*,*,*,の,ノ,ノ
心	名詞,一般,*,*,*,*,心,ココロ,ココロ
の	助詞,連体化,*,*,*,*,の,ノ,ノ
うち	名詞,非自立,副詞可能,*,*,*,うち,ウチ,ウチ
に	助詞,格助詞,一般,*,*,*,に,ニ,ニ
ある	動詞,自立,*,*,五段・ラ行,基本形,ある,アル,アル
もの	名詞,非自立,一般,*,*,*,もの,モノ,モノ
を	助詞,格助詞,一般,*,*,*,を,ヲ,ヲ
知る	動詞,自立,*,*,五段・ラ行,基本形,知る,シル,シル
ため	名詞,非自立,副詞可能,*,*,*,ため,タメ,タメ
で	助動詞,*,*,*,特殊・ダ,連用形,だ,デ,デ
あっ	助動詞,*,*,*,五段・ラ行アル,連用タ接続,ある,アッ,アッ
た	助動詞,*,*,*,特殊・タ,基本形,た,タ,タ
。	記号,句点,*,*,*,*,。,。,。
それ	名詞,代名詞,一般,*,*,*,それ,ソレ,ソレ
で	助詞,格助詞,一般,*,*,*,で,デ,デ
[	名詞,サ変接続,*,*,*,*,*
神	名詞,接尾,一般,*,*,*,神,シン,シン
]	名詞,サ変接続,*,*,*,*,*
は	助詞,係助詞,*,*,*,*,は,ハ,ワ
あなた	名詞,代名詞,一般,*,*,*,あなた,アナタ,アナタ
を	助詞,格助詞,一般,*,*,*,を,ヲ,ヲ
謙遜	名詞,形容動詞語幹,*,*,*,*,謙遜,ケンソン,ケンソン
に	助詞,格助詞,一般,*,*,*,に,ニ,ニ
なら	動詞,自立,*,*,五段・ラ行,未然形,なる,ナラ,ナラ
せ	動詞,接尾,*,*,一段,連用形,せる,セ,セ
，	記号,読点,*,*,*,*,，,，,，
空腹	名詞,一般,*,*,*,*,空腹,クウフク,クーフク
に	助詞,格助詞,一般,*,*,*,に,ニ,ニ
なら	動詞,自立,*,*,五段・ラ行,未然形,なる,ナラ,ナラ
せ	動詞,接尾,*,*,一段,連用形,せる,セ,セ
て	助詞,接続助詞,*,*,*,*,て,テ,テ
マナ	名詞,一般,*,*,*,*,*
を	助詞,格助詞,一般,*,*,*,を,ヲ,ヲ
食べ	動詞,自立,*,*,一段,未然形,食べる,タベ,タベ
させ	動詞,接尾,*,*,一段,連用形,させる,サセ,サセ
た	助動詞,*,*,*,特殊・タ,基本形,た,タ,タ
。	記号,句点,*,*,*,*,。,。,。
それ	名詞,代名詞,一般,*,*,*,それ,ソレ,ソレ
は	助詞,係助詞,*,*,*,*,は,ハ,ワ
あなた	名詞,代名詞,一般,*,*,*,あなた,アナタ,アナタ
が	助詞,格助詞,一般,*,*,*,が,ガ,ガ
それ	名詞,代名詞,一般,*,*,*,それ,ソレ,ソレ
まで	助詞,副助詞,*,*,*,*,まで,マデ,マデ
知ら	動詞,自立,*,*,五段・ラ行,未然形,知る,シラ,シラ
ず	助動詞,*,*,*,特殊・ヌ,連用ニ接続,ぬ,ズ,ズ
，	記号,読点,*,*,*,*,，,，,，
あなた	名詞,代名詞,一般,*,*,*,あなた,アナタ,アナタ
の	助詞,連体化,*,*,*,*,の,ノ,ノ
父	名詞,一般,*,*,*,*,父,チチ,チチ
たち	名詞,接尾,一般,*,*,*,たち,タチ,タチ
も	助詞,係助詞,*,*,*,*,も,モ,モ
知ら	動詞,自立,*,*,五段・ラ行,未然形,知る,シラ,シラ
ない	助動詞,*,*,*,特殊・ナイ,基本形,ない,ナイ,ナイ
もの	名詞,非自立,一般,*,*,*,もの,モノ,モノ
で	助動詞,*,*,*,特殊・ダ,連用形,だ,デ,デ
あっ	助動詞,*,*,*,五段・ラ行アル,連用タ接続,ある,アッ,アッ
た	助動詞,*,*,*,特殊・タ,基本形,た,タ,タ
。	記号,句点,*,*,*,*,。,。,。
こうして	接続詞,*,*,*,*,*,こうして,コウシテ,コーシテ
，	名詞,数,*,*,*,*,，,，,，
人	名詞,接尾,助数詞,*,*,*,人,ニン,ニン
が	助詞,格助詞,一般,*,*,*,が,ガ,ガ
パン	名詞,一般,*,*,*,*,パン,パン,パン
だけ	助詞,副助詞,*,*,*,*,だけ,ダケ,ダケ
によって	助詞,格助詞,連語,*,*,*,によって,ニヨッテ,ニヨッテ
生きる	動詞,自立,*,*,一段,基本形,生きる,イキル,イキル
の	名詞,非自立,一般,*,*,*,の,ノ,ノ
で	助動詞,*,*,*,特殊・ダ,連用形,だ,デ,デ
は	助詞,係助詞,*,*,*,*,は,ハ,ワ
なく	助動詞,*,*,*,特殊・ナイ,連用テ接続,ない,ナク,ナク
，	記号,読点,*,*,*,*,，,，,，
エホバ	名詞,一般,*,*,*,*,エホバ,エホバ,エホバ
の	助詞,連体化,*,*,*,*,の,ノ,ノ
口	名詞,一般,*,*,*,*,口,クチ,クチ
から	助詞,格助詞,一般,*,*,*,から,カラ,カラ
出る	動詞,自立,*,*,一段,基本形,出る,デル,デル
すべて	名詞,副詞可能,*,*,*,*,すべて,スベテ,スベテ
の	助詞,連体化,*,*,*,*,の,ノ,ノ
言葉	名詞,一般,*,*,*,*,言葉,コトバ,コトバ
によって	助詞,格助詞,連語,*,*,*,によって,ニヨッテ,ニヨッテ
人	名詞,一般,*,*,*,*,人,ヒト,ヒト
は	助詞,係助詞,*,*,*,*,は,ハ,ワ
生きる	動詞,自立,*,*,一段,基本形,生きる,イキル,イキル
の	名詞,非自立,一般,*,*,*,の,ノ,ノ
で	助動詞,*,*,*,特殊・ダ,連用形,だ,デ,デ
ある	助動詞,*,*,*,五段・ラ行アル,基本形,ある,アル,アル
という	助詞,格助詞,連語,*,*,*,という,トイウ,トユウ
こと	名詞,非自立,一般,*,*,*,こと,コト,コト
を	助詞,格助詞,一般,*,*,*,を,ヲ,ヲ
，	記号,読点,*,*,*,*,，,，,，
あなた	名詞,代名詞,一般,*,*,*,あなた,アナタ,アナタ
に	助詞,格助詞,一般,*,*,*,に,ニ,ニ
知らせ	動詞,自立,*,*,一段,連用形,知らせる,シラセ,シラセ
た	助動詞,*,*,*,特殊・タ,基本形,た,タ,タ
の	名詞,非自立,一般,*,*,*,の,ノ,ノ
で	助動詞,*,*,*,特殊・ダ,連用形,だ,デ,デ
ある	助動詞,*,*,*,五段・ラ行アル,基本形,ある,アル,アル
。	記号,句点,*,*,*,*,。,。,。
あなた	名詞,代名詞,一般,*,*,*,あなた,アナタ,アナタ
の	助詞,連体化,*,*,*,*,の,ノ,ノ
マント	名詞,一般,*,*,*,*,マント,マント,マント
は	助詞,係助詞,*,*,*,*,は,ハ,ワ
あなた	名詞,代名詞,一般,*,*,*,あなた,アナタ,アナタ
の	助詞,連体化,*,*,*,*,の,ノ,ノ
身	名詞,一般,*,*,*,*,身,ミ,ミ
に	助詞,格助詞,一般,*,*,*,に,ニ,ニ
あっ	動詞,自立,*,*,五段・ラ行,連用タ接続,ある,アッ,アッ
て	助詞,接続助詞,*,*,*,*,て,テ,テ
すり	動詞,自立,*,*,五段・ラ行,連用形,する,スリ,スリ
切れ	動詞,非自立,*,*,一段,未然形,切れる,キレ,キレ
ず	助動詞,*,*,*,特殊・ヌ,連用ニ接続,ぬ,ズ,ズ
，	記号,読点,*,*,*,*,，,，,，
足	名詞,一般,*,*,*,*,足,アシ,アシ
も	助詞,係助詞,*,*,*,*,も,モ,モ
この	連体詞,*,*,*,*,*,この,コノ,コノ
四	名詞,数,*,*,*,*,四,ヨン,ヨン
十	名詞,数,*,*,*,*,十,ジュウ,ジュー
年	名詞,接尾,助数詞,*,*,*,年,ネン,ネン
の	助詞,連体化,*,*,*,*,の,ノ,ノ
間	名詞,一般,*,*,*,*,間,マ,マ
は	助詞,係助詞,*,*,*,*,は,ハ,ワ
れる	動詞,接尾,*,*,一段,基本形,れる,レル,レル
こと	名詞,非自立,一般,*,*,*,こと,コト,コト
は	助詞,係助詞,*,*,*,*,は,ハ,ワ
なかっ	形容詞,自立,*,*,形容詞・アウオ段,連用タ接続,ない,ナカッ,ナカッ
た	助動詞,*,*,*,特殊・タ,基本形,た,タ,タ
。	記号,句点,*,*,*,*,。,。,。
そして	接続詞,*,*,*,*,*,そして,ソシテ,ソシテ
，	記号,読点,*,*,*,*,，,，,，
あなた	名詞,代名詞,一般,*,*,*,あなた,アナタ,アナタ
が	助詞,格助詞,一般,*,*,*,が,ガ,ガ
自分	名詞,一般,*,*,*,*,自分,ジブン,ジブン
の	助詞,連体化,*,*,*,*,の,ノ,ノ
心	名詞,一般,*,*,*,*,心,ココロ,ココロ
で	助詞,格助詞,一般,*,*,*,で,デ,デ
よく	副詞,一般,*,*,*,*,よく,ヨク,ヨク
知る	動詞,自立,*,*,五段・ラ行,基本形,知る,シル,シル
とおり	名詞,非自立,副詞可能,*,*,*,とおり,トオリ,トーリ
，	記号,読点,*,*,*,*,，,，,，
あなた	名詞,代名詞,一般,*,*,*,あなた,アナタ,アナタ
の	助詞,連体化,*,*,*,*,の,ノ,ノ
神	名詞,一般,*,*,*,*,神,カミ,カミ
エホバ	名詞,一般,*,*,*,*,エホバ,エホバ,エホバ
は	助詞,係助詞,*,*,*,*,は,ハ,ワ
，	名詞,数,*,*,*,*,，,，,，
人	名詞,接尾,助数詞,*,*,*,人,ニン,ニン
が	助詞,格助詞,一般,*,*,*,が,ガ,ガ
自分	名詞,一般,*,*,*,*,自分,ジブン,ジブン
の	助詞,連体化,*,*,*,*,の,ノ,ノ
子	名詞,一般,*,*,*,*,子,コ,コ
を	助詞,格助詞,一般,*,*,*,を,ヲ,ヲ
正す	動詞,自立,*,*,五段・サ行,基本形,正す,タダス,タダス
よう	名詞,非自立,助動詞語幹,*,*,*,よう,ヨウ,ヨー
に	助詞,格助詞,一般,*,*,*,に,ニ,ニ
し	動詞,自立,*,*,サ変・スル,連用形,する,シ,シ
て	助詞,接続助詞,*,*,*,*,て,テ,テ
あなた	名詞,代名詞,一般,*,*,*,あなた,アナタ,アナタ
を	助詞,格助詞,一般,*,*,*,を,ヲ,ヲ
正し	動詞,自立,*,*,五段・サ行,連用形,正す,タダシ,タダシ
て	助詞,接続助詞,*,*,*,*,て,テ,テ
おら	動詞,自立,*,*,五段・ラ行,未然形,おる,オラ,オラ
れ	動詞,接尾,*,*,一段,連用形,れる,レ,レ
た	助動詞,*,*,*,特殊・タ,基本形,た,タ,タ
の	名詞,非自立,一般,*,*,*,の,ノ,ノ
で	助動詞,*,*,*,特殊・ダ,連用形,だ,デ,デ
ある	助動詞,*,*,*,五段・ラ行アル,基本形,ある,アル,アル
。	記号,句点,*,*,*,*,。,。,。
「	記号,括弧開,*,*,*,*,「,「,「
それで	接続詞,*,*,*,*,*,それで,ソレデ,ソレデ
あなた	名詞,代名詞,一般,*,*,*,あなた,アナタ,アナタ
は	助詞,係助詞,*,*,*,*,は,ハ,ワ
，	記号,読点,*,*,*,*,，,，,，
あなた	名詞,代名詞,一般,*,*,*,あなた,アナタ,アナタ
の	助詞,連体化,*,*,*,*,の,ノ,ノ
神	名詞,一般,*,*,*,*,神,カミ,カミ
エホバ	名詞,一般,*,*,*,*,エホバ,エホバ,エホバ
の	助詞,連体化,*,*,*,*,の,ノ,ノ
道	名詞,一般,*,*,*,*,道,ミチ,ミチ
を	助詞,格助詞,一般,*,*,*,を,ヲ,ヲ
歩み	動詞,自立,*,*,五段・マ行,連用形,歩む,アユミ,アユミ
，	記号,読点,*,*,*,*,，,，,，
[	名詞,サ変接続,*,*,*,*,*
神	名詞,接尾,一般,*,*,*,神,シン,シン
]	名詞,サ変接続,*,*,*,*,*
を	助詞,格助詞,一般,*,*,*,を,ヲ,ヲ
恐れ	動詞,自立,*,*,一段,連用形,恐れる,オソレ,オソレ
て	助詞,接続助詞,*,*,*,*,て,テ,テ
その	連体詞,*,*,*,*,*,その,ソノ,ソノ
おき	動詞,自立,*,*,一段,連用形,おきる,オキ,オキ
て	助詞,接続助詞,*,*,*,*,て,テ,テ
を	助詞,格助詞,一般,*,*,*,を,ヲ,ヲ
守ら	動詞,自立,*,*,五段・ラ行,未然形,守る,マモラ,マモラ
なけれ	助動詞,*,*,*,特殊・ナイ,仮定形,ない,ナケレ,ナケレ
ば	助詞,接続助詞,*,*,*,*,ば,バ,バ
なら	動詞,非自立,*,*,五段・ラ行,未然形,なる,ナラ,ナラ
ない	助動詞,*,*,*,特殊・ナイ,基本形,ない,ナイ,ナイ
。	記号,句点,*,*,*,*,。,。,。
あなた	名詞,代名詞,一般,*,*,*,あなた,アナタ,アナタ
の	助詞,連体化,*,*,*,*,の,ノ,ノ
神	名詞,一般,*,*,*,*,神,カミ,カミ
エホバ	名詞,一般,*,*,*,*,エホバ,エホバ,エホバ
は	助詞,係助詞,*,*,*,*,は,ハ,ワ
，	記号,読点,*,*,*,*,，,，,，
あなた	名詞,代名詞,一般,*,*,*,あなた,アナタ,アナタ
を	助詞,格助詞,一般,*,*,*,を,ヲ,ヲ
良い	形容詞,自立,*,*,形容詞・アウオ段,基本形,良い,ヨイ,ヨイ
地	名詞,一般,*,*,*,*,地,チ,チ
に	助詞,格助詞,一般,*,*,*,に,ニ,ニ
携え	動詞,自立,*,*,一段,連用形,携える,タズサエ,タズサエ
入れ	名詞,接尾,一般,*,*,*,入れ,イレ,イレ
よう	名詞,接尾,一般,*,*,*,よう,ヨウ,ヨー
として	助詞,格助詞,連語,*,*,*,として,トシテ,トシテ
おら	動詞,自立,*,*,五段・ラ行,未然形,おる,オラ,オラ
れる	動詞,接尾,*,*,一段,基本形,れる,レル,レル
から	助詞,接続助詞,*,*,*,*,から,カラ,カラ
で	助動詞,*,*,*,特殊・ダ,連用形,だ,デ,デ
ある	助動詞,*,*,*,五段・ラ行アル,基本形,ある,アル,アル
。	記号,句点,*,*,*,*,。,。,。
それ	名詞,代名詞,一般,*,*,*,それ,ソレ,ソレ
は	助詞,係助詞,*,*,*,*,は,ハ,ワ
，	記号,読点,*,*,*,*,，,，,，
水	名詞,一般,*,*,*,*,水,ミズ,ミズ
の	助詞,格助詞,一般,*,*,*,の,ノ,ノ
あふれる	動詞,自立,*,*,一段,基本形,あふれる,アフレル,アフレル
奔流	名詞,一般,*,*,*,*,奔流,ホンリュウ,ホンリュー
の	助詞,連体化,*,*,*,*,の,ノ,ノ
谷	名詞,一般,*,*,*,*,谷,タニ,タニ
，[	名詞,サ変接続,*,*,*,*,*
また	接続詞,*,*,*,*,*,また,マタ,マタ
]	名詞,サ変接続,*,*,*,*,*
谷あい	名詞,一般,*,*,*,*,谷あい,タニアイ,タニアイ
の	助詞,連体化,*,*,*,*,の,ノ,ノ
平原	名詞,一般,*,*,*,*,平原,ヘイゲン,ヘイゲン
や	助詞,並立助詞,*,*,*,*,や,ヤ,ヤ
山地	名詞,一般,*,*,*,*,山地,サンチ,サンチ
に	助詞,格助詞,一般,*,*,*,に,ニ,ニ
わき出る	動詞,自立,*,*,一段,基本形,わき出る,ワキデル,ワキデル
泉	名詞,一般,*,*,*,*,泉,イズミ,イズミ
や	助詞,並立助詞,*,*,*,*,や,ヤ,ヤ
水	名詞,一般,*,*,*,*,水,ミズ,ミズ
の	助詞,連体化,*,*,*,*,の,ノ,ノ
深み	名詞,一般,*,*,*,*,深み,フカミ,フカミ
の	助詞,格助詞,一般,*,*,*,の,ノ,ノ
ある	動詞,自立,*,*,五段・ラ行,基本形,ある,アル,アル
地	名詞,一般,*,*,*,*,地,チ,チ
，	記号,読点,*,*,*,*,，,，,，
小麦	名詞,一般,*,*,*,*,小麦,コムギ,コムギ
･	名詞,サ変接続,*,*,*,*,*
大麦	名詞,一般,*,*,*,*,大麦,オオムギ,オームギ
･	名詞,サ変接続,*,*,*,*,*
ぶどう	名詞,一般,*,*,*,*,ぶどう,ブドウ,ブドー
･	名詞,サ変接続,*,*,*,*,*
いちじく	名詞,一般,*,*,*,*,いちじく,イチジク,イチジク
･	名詞,サ変接続,*,*,*,*,*
ざくろ	名詞,一般,*,*,*,*,ざくろ,ザクロ,ザクロ
の	助詞,連体化,*,*,*,*,の,ノ,ノ
地	名詞,一般,*,*,*,*,地,チ,チ
，	記号,読点,*,*,*,*,，,，,，
油	名詞,一般,*,*,*,*,油,アブラ,アブラ
オリーブ	名詞,一般,*,*,*,*,オリーブ,オリーブ,オリーブ
と	助詞,並立助詞,*,*,*,*,と,ト,ト
蜜	名詞,一般,*,*,*,*,蜜,ミツ,ミツ
の	助詞,連体化,*,*,*,*,の,ノ,ノ
地	名詞,一般,*,*,*,*,地,チ,チ
，	記号,読点,*,*,*,*,，,，,，
乏し	形容詞,自立,*,*,形容詞・イ段,ガル接続,乏しい,マズシ,マズシ
さ	名詞,接尾,特殊,*,*,*,さ,サ,サ
を	助詞,格助詞,一般,*,*,*,を,ヲ,ヲ
感じ	動詞,自立,*,*,一段,連用形,感じる,カンジ,カンジ
ながら	助詞,接続助詞,*,*,*,*,ながら,ナガラ,ナガラ
パン	名詞,一般,*,*,*,*,パン,パン,パン
を	助詞,格助詞,一般,*,*,*,を,ヲ,ヲ
食べる	動詞,自立,*,*,一段,基本形,食べる,タベル,タベル
こと	名詞,非自立,一般,*,*,*,こと,コト,コト
は	助詞,係助詞,*,*,*,*,は,ハ,ワ
なく	助動詞,*,*,*,特殊・ナイ,連用テ接続,ない,ナク,ナク
，	記号,読点,*,*,*,*,，,，,，
何	名詞,代名詞,一般,*,*,*,何,ナニ,ナニ
に	助詞,格助詞,一般,*,*,*,に,ニ,ニ
も	助詞,係助詞,*,*,*,*,も,モ,モ
欠ける	動詞,自立,*,*,一段,基本形,欠ける,カケル,カケル
こと	名詞,非自立,一般,*,*,*,こと,コト,コト
の	助詞,格助詞,一般,*,*,*,の,ノ,ノ
ない	形容詞,自立,*,*,形容詞・アウオ段,基本形,ない,ナイ,ナイ
地	名詞,一般,*,*,*,*,地,チ,チ
で	助動詞,*,*,*,特殊・ダ,連用形,だ,デ,デ
ある	助動詞,*,*,*,五段・ラ行アル,基本形,ある,アル,アル
。	記号,句点,*,*,*,*,。,。,。
その	連体詞,*,*,*,*,*,その,ソノ,ソノ
石	名詞,一般,*,*,*,*,石,イシ,イシ
は	助詞,係助詞,*,*,*,*,は,ハ,ワ
鉄	名詞,一般,*,*,*,*,鉄,テツ,テツ
で	助動詞,*,*,*,特殊・ダ,連用形,だ,デ,デ
あり	助動詞,*,*,*,五段・ラ行アル,連用形,ある,アリ,アリ
，	記号,読点,*,*,*,*,，,，,，
その	連体詞,*,*,*,*,*,その,ソノ,ソノ
山々	名詞,一般,*,*,*,*,山々,ヤマヤマ,ヤマヤマ
から	助詞,格助詞,一般,*,*,*,から,カラ,カラ
は	助詞,係助詞,*,*,*,*,は,ハ,ワ
銅	名詞,一般,*,*,*,*,銅,ドウ,ドー
を	助詞,格助詞,一般,*,*,*,を,ヲ,ヲ
掘り	動詞,自立,*,*,五段・ラ行,連用形,掘る,ホリ,ホリ
取る	動詞,自立,*,*,五段・ラ行,基本形,取る,トル,トル
こと	名詞,非自立,一般,*,*,*,こと,コト,コト
の	助詞,格助詞,一般,*,*,*,の,ノ,ノ
できる	動詞,自立,*,*,一段,基本形,できる,デキル,デキル
地	名詞,一般,*,*,*,*,地,チ,チ
な	助動詞,*,*,*,特殊・ダ,体言接続,だ,ナ,ナ
の	名詞,非自立,一般,*,*,*,の,ノ,ノ
で	助動詞,*,*,*,特殊・ダ,連用形,だ,デ,デ
ある	助動詞,*,*,*,五段・ラ行アル,基本形,ある,アル,アル
。	記号,句点,*,*,*,*,。,。,。
「	記号,括弧開,*,*,*,*,「,「,「
食べ	動詞,自立,*,*,一段,連用形,食べる,タベ,タベ
て	助詞,接続助詞,*,*,*,*,て,テ,テ
満ち足り	動詞,自立,*,*,一段,連用形,満ち足りる,ミチタリ,ミチタリ
た	助動詞,*,*,*,特殊・タ,基本形,た,タ,タ
時	名詞,非自立,副詞可能,*,*,*,時,トキ,トキ
に	助詞,格助詞,一般,*,*,*,に,ニ,ニ
，	記号,読点,*,*,*,*,，,，,，
あなた	名詞,代名詞,一般,*,*,*,あなた,アナタ,アナタ
は	助詞,係助詞,*,*,*,*,は,ハ,ワ
その	連体詞,*,*,*,*,*,その,ソノ,ソノ
与え	動詞,自立,*,*,一段,連用形,与える,アタエ,アタエ
て	助詞,接続助詞,*,*,*,*,て,テ,テ
くださっ	動詞,非自立,*,*,五段・ラ行特殊,連用タ接続,くださる,クダサッ,クダサッ
た	助動詞,*,*,*,特殊・タ,基本形,た,タ,タ
良い	形容詞,自立,*,*,形容詞・アウオ段,基本形,良い,ヨイ,ヨイ
地	名詞,一般,*,*,*,*,地,チ,チ
の	助詞,連体化,*,*,*,*,の,ノ,ノ
ゆえ	名詞,非自立,副詞可能,*,*,*,ゆえ,ユエ,ユエ
に	助詞,格助詞,一般,*,*,*,に,ニ,ニ
あなた	名詞,代名詞,一般,*,*,*,あなた,アナタ,アナタ
の	助詞,連体化,*,*,*,*,の,ノ,ノ
神	名詞,一般,*,*,*,*,神,カミ,カミ
エホバ	名詞,一般,*,*,*,*,エホバ,エホバ,エホバ
を	助詞,格助詞,一般,*,*,*,を,ヲ,ヲ
ほめ	動詞,自立,*,*,一段,連用形,ほめる,ホメ,ホメ
た	助動詞,*,*,*,特殊・タ,基本形,た,タ,タ
たえ	動詞,自立,*,*,一段,未然形,たえる,タエ,タエ
なけれ	助動詞,*,*,*,特殊・ナイ,仮定形,ない,ナケレ,ナケレ
ば	助詞,接続助詞,*,*,*,*,ば,バ,バ
なら	動詞,非自立,*,*,五段・ラ行,未然形,なる,ナラ,ナラ
ない	助動詞,*,*,*,特殊・ナイ,基本形,ない,ナイ,ナイ
。	記号,句点,*,*,*,*,。,。,。
自分	名詞,一般,*,*,*,*,自分,ジブン,ジブン
に	助詞,格助詞,一般,*,*,*,に,ニ,ニ
気	名詞,一般,*,*,*,*,気,キ,キ
を	助詞,格助詞,一般,*,*,*,を,ヲ,ヲ
付け	動詞,自立,*,*,一段,連用形,付ける,ツケ,ツケ
て	助詞,接続助詞,*,*,*,*,て,テ,テ
，	記号,読点,*,*,*,*,，,，,，
あなた	名詞,代名詞,一般,*,*,*,あなた,アナタ,アナタ
の	助詞,連体化,*,*,*,*,の,ノ,ノ
神	名詞,一般,*,*,*,*,神,カミ,カミ
エホバ	名詞,一般,*,*,*,*,エホバ,エホバ,エホバ
を	助詞,格助詞,一般,*,*,*,を,ヲ,ヲ
忘れる	動詞,自立,*,*,一段,基本形,忘れる,ワスレル,ワスレル
こと	名詞,非自立,一般,*,*,*,こと,コト,コト
の	助詞,格助詞,一般,*,*,*,の,ノ,ノ
ない	形容詞,自立,*,*,形容詞・アウオ段,基本形,ない,ナイ,ナイ
よう	名詞,非自立,助動詞語幹,*,*,*,よう,ヨウ,ヨー
，	記号,読点,*,*,*,*,，,，,，
わたし	名詞,代名詞,一般,*,*,*,わたし,ワタシ,ワタシ
が	助詞,格助詞,一般,*,*,*,が,ガ,ガ
今日	名詞,副詞可能,*,*,*,*,今日,キョウ,キョー
命じる	動詞,自立,*,*,一段,基本形,命じる,メイジル,メイジル
その	連体詞,*,*,*,*,*,その,ソノ,ソノ
おき	動詞,自立,*,*,一段,連用形,おきる,オキ,オキ
て	助詞,接続助詞,*,*,*,*,て,テ,テ
と	助詞,格助詞,引用,*,*,*,と,ト,ト
司法	名詞,一般,*,*,*,*,司法,シホウ,シホー
上	名詞,接尾,副詞可能,*,*,*,上,ジョウ,ジョー
の	助詞,連体化,*,*,*,*,の,ノ,ノ
定め	名詞,一般,*,*,*,*,定め,サダメ,サダメ
と	助詞,並立助詞,*,*,*,*,と,ト,ト
法令	名詞,一般,*,*,*,*,法令,ホウレイ,ホーレイ
から	助詞,格助詞,一般,*,*,*,から,カラ,カラ
それる	動詞,自立,*,*,一段,基本形,それる,ソレル,ソレル
こと	名詞,非自立,一般,*,*,*,こと,コト,コト
の	助詞,格助詞,一般,*,*,*,の,ノ,ノ
ない	形容詞,自立,*,*,形容詞・アウオ段,基本形,ない,ナイ,ナイ
よう	名詞,非自立,助動詞語幹,*,*,*,よう,ヨウ,ヨー
に	助詞,格助詞,一般,*,*,*,に,ニ,ニ
し	動詞,自立,*,*,サ変・スル,連用形,する,シ,シ
なさい	動詞,非自立,*,*,五段・ラ行特殊,命令ｉ,なさる,ナサイ,ナサイ
。	記号,句点,*,*,*,*,。,。,。
これ	名詞,代名詞,一般,*,*,*,これ,コレ,コレ
は	助詞,係助詞,*,*,*,*,は,ハ,ワ
，	記号,読点,*,*,*,*,，,，,，
あなた	名詞,代名詞,一般,*,*,*,あなた,アナタ,アナタ
が	助詞,格助詞,一般,*,*,*,が,ガ,ガ
食べ	動詞,自立,*,*,一段,連用形,食べる,タベ,タベ
て	助詞,接続助詞,*,*,*,*,て,テ,テ
まさに	副詞,一般,*,*,*,*,まさに,マサニ,マサニ
満ち足り	動詞,自立,*,*,一段,連用形,満ち足りる,ミチタリ,ミチタリ
，	記号,読点,*,*,*,*,，,，,，
良い	形容詞,自立,*,*,形容詞・アウオ段,基本形,良い,ヨイ,ヨイ
家	名詞,一般,*,*,*,*,家,イエ,イエ
を	助詞,格助詞,一般,*,*,*,を,ヲ,ヲ
建て	動詞,自立,*,*,一段,連用形,建てる,タテ,タテ
て	助詞,接続助詞,*,*,*,*,て,テ,テ
それ	名詞,代名詞,一般,*,*,*,それ,ソレ,ソレ
に	助詞,格助詞,一般,*,*,*,に,ニ,ニ
住み	動詞,自立,*,*,五段・マ行,連用形,住む,スミ,スミ
，	記号,読点,*,*,*,*,，,，,，
あなた	名詞,代名詞,一般,*,*,*,あなた,アナタ,アナタ
の	助詞,連体化,*,*,*,*,の,ノ,ノ
牛	名詞,一般,*,*,*,*,牛,ウシ,ウシ
や	助詞,並立助詞,*,*,*,*,や,ヤ,ヤ
羊	名詞,一般,*,*,*,*,羊,ヒツジ,ヒツジ
が	助詞,格助詞,一般,*,*,*,が,ガ,ガ
増え	動詞,自立,*,*,一段,連用形,増える,フエ,フエ
，	記号,読点,*,*,*,*,，,，,，
銀	名詞,一般,*,*,*,*,銀,ギン,ギン
や	助詞,並立助詞,*,*,*,*,や,ヤ,ヤ
金	名詞,一般,*,*,*,*,金,キン,キン
が	助詞,格助詞,一般,*,*,*,が,ガ,ガ
あなた	名詞,代名詞,一般,*,*,*,あなた,アナタ,アナタ
の	助詞,連体化,*,*,*,*,の,ノ,ノ
ため	名詞,非自立,副詞可能,*,*,*,ため,タメ,タメ
に	助詞,格助詞,一般,*,*,*,に,ニ,ニ
増え	動詞,自立,*,*,一段,連用形,増える,フエ,フエ
，	記号,読点,*,*,*,*,，,，,，
あなた	名詞,代名詞,一般,*,*,*,あなた,アナタ,アナタ
の	助詞,格助詞,一般,*,*,*,の,ノ,ノ
持つ	動詞,自立,*,*,五段・タ行,基本形,持つ,モツ,モツ
すべて	名詞,副詞可能,*,*,*,*,すべて,スベテ,スベテ
の	助詞,連体化,*,*,*,*,の,ノ,ノ
もの	名詞,非自立,一般,*,*,*,もの,モノ,モノ
が	助詞,格助詞,一般,*,*,*,が,ガ,ガ
増え	動詞,自立,*,*,一段,連用形,増える,フエ,フエ
，	記号,読点,*,*,*,*,，,，,，
それ	名詞,代名詞,一般,*,*,*,それ,ソレ,ソレ
によって	助詞,格助詞,連語,*,*,*,によって,ニヨッテ,ニヨッテ
あなた	名詞,代名詞,一般,*,*,*,あなた,アナタ,アナタ
の	助詞,連体化,*,*,*,*,の,ノ,ノ
心	名詞,一般,*,*,*,*,心,ココロ,ココロ
が	助詞,格助詞,一般,*,*,*,が,ガ,ガ
まさに	副詞,一般,*,*,*,*,まさに,マサニ,マサニ
高ぶり	動詞,自立,*,*,五段・ラ行,連用形,高ぶる,タカブリ,タカブリ
，	記号,読点,*,*,*,*,，,，,，
あなた	名詞,代名詞,一般,*,*,*,あなた,アナタ,アナタ
を	助詞,格助詞,一般,*,*,*,を,ヲ,ヲ
エジプト	名詞,固有名詞,地域,国,*,*,エジプト,エジプト,エジプト
の	助詞,連体化,*,*,*,*,の,ノ,ノ
地	名詞,一般,*,*,*,*,地,チ,チ
，	記号,読点,*,*,*,*,，,，,，
奴隷	名詞,一般,*,*,*,*,奴隷,ドレイ,ドレイ
の	助詞,連体化,*,*,*,*,の,ノ,ノ
家	名詞,一般,*,*,*,*,家,イエ,イエ
から	助詞,格助詞,一般,*,*,*,から,カラ,カラ
携え	動詞,自立,*,*,一段,連用形,携える,タズサエ,タズサエ
出さ	動詞,非自立,*,*,五段・サ行,未然形,出す,ダサ,ダサ
れ	動詞,接尾,*,*,一段,連用形,れる,レ,レ
た	助動詞,*,*,*,特殊・タ,基本形,た,タ,タ
あなた	名詞,代名詞,一般,*,*,*,あなた,アナタ,アナタ
の	助詞,連体化,*,*,*,*,の,ノ,ノ
神	名詞,一般,*,*,*,*,神,カミ,カミ
エホバ	名詞,一般,*,*,*,*,エホバ,エホバ,エホバ
を	助詞,格助詞,一般,*,*,*,を,ヲ,ヲ
忘れる	動詞,自立,*,*,一段,基本形,忘れる,ワスレル,ワスレル
よう	名詞,非自立,助動詞語幹,*,*,*,よう,ヨウ,ヨー
な	助動詞,*,*,*,特殊・ダ,体言接続,だ,ナ,ナ
こと	名詞,非自立,一般,*,*,*,こと,コト,コト
の	助詞,格助詞,一般,*,*,*,の,ノ,ノ
ない	形容詞,自立,*,*,形容詞・アウオ段,基本形,ない,ナイ,ナイ
ため	名詞,非自立,副詞可能,*,*,*,ため,タメ,タメ
で	助動詞,*,*,*,特殊・ダ,連用形,だ,デ,デ
ある	助動詞,*,*,*,五段・ラ行アル,基本形,ある,アル,アル
。	記号,句点,*,*,*,*,。,。,。
すなわち	接続詞,*,*,*,*,*,すなわち,スナワチ,スナワチ
，	記号,読点,*,*,*,*,，,，,，
毒蛇	名詞,一般,*,*,*,*,毒蛇,ドクヘビ,ドクヘビ
と	助詞,並立助詞,*,*,*,*,と,ト,ト
さそり	名詞,一般,*,*,*,*,さそり,サソリ,サソリ
が	助詞,格助詞,一般,*,*,*,が,ガ,ガ
おり	動詞,自立,*,*,五段・ラ行,連用形,おる,オリ,オリ
，	記号,読点,*,*,*,*,，,，,，
水	名詞,一般,*,*,*,*,水,ミズ,ミズ
の	助詞,格助詞,一般,*,*,*,の,ノ,ノ
ない	形容詞,自立,*,*,形容詞・アウオ段,基本形,ない,ナイ,ナイ
渇い	動詞,自立,*,*,五段・カ行イ音便,連用タ接続,渇く,カワイ,カワイ
た	助動詞,*,*,*,特殊・タ,基本形,た,タ,タ
地	名詞,一般,*,*,*,*,地,チ,チ
が	助詞,格助詞,一般,*,*,*,が,ガ,ガ
続く	動詞,自立,*,*,五段・カ行イ音便,基本形,続く,ツヅク,ツズク
あの	連体詞,*,*,*,*,*,あの,アノ,アノ
広大	名詞,形容動詞語幹,*,*,*,*,広大,コウダイ,コーダイ
で	助動詞,*,*,*,特殊・ダ,連用形,だ,デ,デ
畏怖	名詞,サ変接続,*,*,*,*,畏怖,イフ,イフ
を	助詞,格助詞,一般,*,*,*,を,ヲ,ヲ
感じ	動詞,自立,*,*,一段,未然形,感じる,カンジ,カンジ
させる	動詞,接尾,*,*,一段,基本形,させる,サセル,サセル
荒野	名詞,一般,*,*,*,*,荒野,アラノ,アラノ
の	助詞,連体化,*,*,*,*,の,ノ,ノ
中	名詞,非自立,副詞可能,*,*,*,中,ナカ,ナカ
を	助詞,格助詞,一般,*,*,*,を,ヲ,ヲ
通ら	動詞,自立,*,*,五段・ラ行,未然形,通る,トオラ,トーラ
せ	動詞,接尾,*,*,一段,連用形,せる,セ,セ
て	助詞,接続助詞,*,*,*,*,て,テ,テ
くださっ	動詞,非自立,*,*,五段・ラ行特殊,連用タ接続,くださる,クダサッ,クダサッ
た	助動詞,*,*,*,特殊・タ,基本形,た,タ,タ
方	名詞,非自立,一般,*,*,*,方,ホウ,ホー
，	記号,読点,*,*,*,*,，,，,，
火打ち石	名詞,一般,*,*,*,*,火打ち石,ヒウチイシ,ヒウチイシ
の	助詞,連体化,*,*,*,*,の,ノ,ノ
よう	名詞,非自立,助動詞語幹,*,*,*,よう,ヨウ,ヨー
な	助動詞,*,*,*,特殊・ダ,体言接続,だ,ナ,ナ
固い	形容詞,自立,*,*,形容詞・アウオ段,基本形,固い,カタイ,カタイ
岩	名詞,一般,*,*,*,*,岩,イワ,イワ
から	助詞,格助詞,一般,*,*,*,から,カラ,カラ
あなた	名詞,代名詞,一般,*,*,*,あなた,アナタ,アナタ
の	助詞,連体化,*,*,*,*,の,ノ,ノ
ため	名詞,非自立,副詞可能,*,*,*,ため,タメ,タメ
に	助詞,格助詞,一般,*,*,*,に,ニ,ニ
水	名詞,一般,*,*,*,*,水,ミズ,ミズ
を	助詞,格助詞,一般,*,*,*,を,ヲ,ヲ
出し	動詞,自立,*,*,五段・サ行,連用形,出す,ダシ,ダシ
て	助詞,接続助詞,*,*,*,*,て,テ,テ
くださっ	動詞,非自立,*,*,五段・ラ行特殊,連用タ接続,くださる,クダサッ,クダサッ
た	助動詞,*,*,*,特殊・タ,基本形,た,タ,タ
方	名詞,非自立,一般,*,*,*,方,ホウ,ホー
，	記号,読点,*,*,*,*,，,，,，
あなた	名詞,代名詞,一般,*,*,*,あなた,アナタ,アナタ
を	助詞,格助詞,一般,*,*,*,を,ヲ,ヲ
謙遜	名詞,形容動詞語幹,*,*,*,*,謙遜,ケンソン,ケンソン
に	助詞,格助詞,一般,*,*,*,に,ニ,ニ
なら	動詞,自立,*,*,五段・ラ行,未然形,なる,ナラ,ナラ
せる	動詞,接尾,*,*,一段,基本形,せる,セル,セル
ため	名詞,非自立,副詞可能,*,*,*,ため,タメ,タメ
，	記号,読点,*,*,*,*,，,，,，
また	接続詞,*,*,*,*,*,また,マタ,マタ
あなた	名詞,代名詞,一般,*,*,*,あなた,アナタ,アナタ
を	助詞,格助詞,一般,*,*,*,を,ヲ,ヲ
試み	動詞,自立,*,*,一段,連用形,試みる,ココロミ,ココロミ
て	助詞,接続助詞,*,*,*,*,て,テ,テ
あなた	名詞,代名詞,一般,*,*,*,あなた,アナタ,アナタ
の	助詞,連体化,*,*,*,*,の,ノ,ノ
後	名詞,非自立,副詞可能,*,*,*,後,ノチ,ノチ
の	助詞,連体化,*,*,*,*,の,ノ,ノ
日	名詞,非自立,副詞可能,*,*,*,日,ヒ,ヒ
に	助詞,格助詞,一般,*,*,*,に,ニ,ニ
良い	形容詞,自立,*,*,形容詞・アウオ段,基本形,良い,ヨイ,ヨイ
こと	名詞,非自立,一般,*,*,*,こと,コト,コト
を	助詞,格助詞,一般,*,*,*,を,ヲ,ヲ
行なう	動詞,自立,*,*,五段・ワ行促音便,基本形,行なう,オコナウ,オコナウ
ため	名詞,非自立,副詞可能,*,*,*,ため,タメ,タメ
に	助詞,格助詞,一般,*,*,*,に,ニ,ニ
，	記号,読点,*,*,*,*,，,，,，
父	名詞,一般,*,*,*,*,父,チチ,チチ
たち	名詞,接尾,一般,*,*,*,たち,タチ,タチ
の	助詞,格助詞,一般,*,*,*,の,ノ,ノ
知ら	動詞,自立,*,*,五段・ラ行,未然形,知る,シラ,シラ
なかっ	助動詞,*,*,*,特殊・ナイ,連用タ接続,ない,ナカッ,ナカッ
た	助動詞,*,*,*,特殊・タ,基本形,た,タ,タ
マナ	名詞,一般,*,*,*,*,*
を	助詞,格助詞,一般,*,*,*,を,ヲ,ヲ
荒野	名詞,一般,*,*,*,*,荒野,アラノ,アラノ
で	助詞,格助詞,一般,*,*,*,で,デ,デ
あなた	名詞,代名詞,一般,*,*,*,あなた,アナタ,アナタ
に	助詞,格助詞,一般,*,*,*,に,ニ,ニ
食べ	動詞,自立,*,*,一段,未然形,食べる,タベ,タベ
させ	動詞,接尾,*,*,一段,連用形,させる,サセ,サセ
た	助動詞,*,*,*,特殊・タ,基本形,た,タ,タ
その	連体詞,*,*,*,*,*,その,ソノ,ソノ
方	名詞,非自立,一般,*,*,*,方,ホウ,ホー
を	助詞,格助詞,一般,*,*,*,を,ヲ,ヲ
。	記号,句点,*,*,*,*,。,。,。
これ	名詞,代名詞,一般,*,*,*,これ,コレ,コレ
は	助詞,係助詞,*,*,*,*,は,ハ,ワ
，	記号,読点,*,*,*,*,，,，,，
あなた	名詞,代名詞,一般,*,*,*,あなた,アナタ,アナタ
が	助詞,格助詞,一般,*,*,*,が,ガ,ガ
心	名詞,一般,*,*,*,*,心,ココロ,ココロ
の	助詞,連体化,*,*,*,*,の,ノ,ノ
中	名詞,非自立,副詞可能,*,*,*,中,ナカ,ナカ
で	助詞,格助詞,一般,*,*,*,で,デ,デ
，	記号,読点,*,*,*,*,，,，,，
『	記号,括弧開,*,*,*,*,『,『,『
わたし	名詞,代名詞,一般,*,*,*,わたし,ワタシ,ワタシ
の	助詞,連体化,*,*,*,*,の,ノ,ノ
力	名詞,一般,*,*,*,*,力,チカラ,チカラ
と	助詞,並立助詞,*,*,*,*,と,ト,ト
わたし	名詞,代名詞,一般,*,*,*,わたし,ワタシ,ワタシ
の	助詞,連体化,*,*,*,*,の,ノ,ノ
手	名詞,一般,*,*,*,*,手,テ,テ
に	助詞,格助詞,一般,*,*,*,に,ニ,ニ
みなぎる	動詞,自立,*,*,五段・ラ行,基本形,みなぎる,ミナギル,ミナギル
偉力	名詞,一般,*,*,*,*,偉力,イリョク,イリョク
と	助詞,並立助詞,*,*,*,*,と,ト,ト
によって	助詞,格助詞,連語,*,*,*,によって,ニヨッテ,ニヨッテ
，	記号,読点,*,*,*,*,，,，,，
自分	名詞,一般,*,*,*,*,自分,ジブン,ジブン
で	助詞,格助詞,一般,*,*,*,で,デ,デ
この	連体詞,*,*,*,*,*,この,コノ,コノ
富	名詞,一般,*,*,*,*,富,トミ,トミ
を	助詞,格助詞,一般,*,*,*,を,ヲ,ヲ
得	動詞,自立,*,*,一段,連用形,得る,エ,エ
た	助動詞,*,*,*,特殊・タ,基本形,た,タ,タ
の	名詞,非自立,一般,*,*,*,の,ノ,ノ
だ	助動詞,*,*,*,特殊・ダ,基本形,だ,ダ,ダ
』	記号,括弧閉,*,*,*,*,』,』,』
など	助詞,副助詞,*,*,*,*,など,ナド,ナド
と	助詞,格助詞,引用,*,*,*,と,ト,ト
言う	動詞,自立,*,*,五段・ワ行促音便,基本形,言う,イウ,イウ
[	名詞,サ変接続,*,*,*,*,*
こと	名詞,非自立,一般,*,*,*,こと,コト,コト
の	助詞,格助詞,一般,*,*,*,の,ノ,ノ
ない	形容詞,自立,*,*,形容詞・アウオ段,基本形,ない,ナイ,ナイ
ため	名詞,非自立,副詞可能,*,*,*,ため,タメ,タメ
で	助動詞,*,*,*,特殊・ダ,連用形,だ,デ,デ
ある	助動詞,*,*,*,五段・ラ行アル,基本形,ある,アル,アル
]。	名詞,サ変接続,*,*,*,*,*
それ	名詞,代名詞,一般,*,*,*,それ,ソレ,ソレ
で	助詞,格助詞,一般,*,*,*,で,デ,デ
あなた	名詞,代名詞,一般,*,*,*,あなた,アナタ,アナタ
は	助詞,係助詞,*,*,*,*,は,ハ,ワ
，	記号,読点,*,*,*,*,，,，,，
あなた	名詞,代名詞,一般,*,*,*,あなた,アナタ,アナタ
の	助詞,連体化,*,*,*,*,の,ノ,ノ
神	名詞,一般,*,*,*,*,神,カミ,カミ
エホバ	名詞,一般,*,*,*,*,エホバ,エホバ,エホバ
を	助詞,格助詞,一般,*,*,*,を,ヲ,ヲ
覚え	動詞,自立,*,*,一段,連用形,覚える,オボエ,オボエ
て	助詞,接続助詞,*,*,*,*,て,テ,テ
い	動詞,非自立,*,*,一段,未然形,いる,イ,イ
なけれ	助動詞,*,*,*,特殊・ナイ,仮定形,ない,ナケレ,ナケレ
ば	助詞,接続助詞,*,*,*,*,ば,バ,バ
なら	動詞,非自立,*,*,五段・ラ行,未然形,なる,ナラ,ナラ
ない	助動詞,*,*,*,特殊・ナイ,基本形,ない,ナイ,ナイ
。	記号,句点,*,*,*,*,。,。,。
この	連体詞,*,*,*,*,*,この,コノ,コノ
方	名詞,非自立,一般,*,*,*,方,ホウ,ホー
こそ	助詞,係助詞,*,*,*,*,こそ,コソ,コソ
，	記号,読点,*,*,*,*,，,，,，
あなた	名詞,代名詞,一般,*,*,*,あなた,アナタ,アナタ
に	助詞,格助詞,一般,*,*,*,に,ニ,ニ
力	名詞,一般,*,*,*,*,力,チカラ,チカラ
を	助詞,格助詞,一般,*,*,*,を,ヲ,ヲ
与え	動詞,自立,*,*,一段,連用形,与える,アタエ,アタエ
て	助詞,接続助詞,*,*,*,*,て,テ,テ
富	名詞,一般,*,*,*,*,富,トミ,トミ
を	助詞,格助詞,一般,*,*,*,を,ヲ,ヲ
得	動詞,自立,*,*,一段,未然形,得る,エ,エ
させ	動詞,接尾,*,*,一段,連用形,させる,サセ,サセ
て	助詞,接続助詞,*,*,*,*,て,テ,テ
くださる	動詞,非自立,*,*,五段・ラ行特殊,基本形,くださる,クダサル,クダサル
方	名詞,非自立,一般,*,*,*,方,ホウ,ホー
だ	助動詞,*,*,*,特殊・ダ,基本形,だ,ダ,ダ
から	助詞,接続助詞,*,*,*,*,から,カラ,カラ
で	助動詞,*,*,*,特殊・ダ,連用形,だ,デ,デ
ある	助動詞,*,*,*,五段・ラ行アル,基本形,ある,アル,アル
。	記号,句点,*,*,*,*,。,。,。
それ	名詞,代名詞,一般,*,*,*,それ,ソレ,ソレ
は	助詞,係助詞,*,*,*,*,は,ハ,ワ
，	記号,読点,*,*,*,*,，,，,，
今日	名詞,副詞可能,*,*,*,*,今日,キョウ,キョー
見る	動詞,自立,*,*,一段,基本形,見る,ミル,ミル
とおり	名詞,非自立,副詞可能,*,*,*,とおり,トオリ,トーリ
，	記号,読点,*,*,*,*,，,，,，
あなた	名詞,代名詞,一般,*,*,*,あなた,アナタ,アナタ
の	助詞,連体化,*,*,*,*,の,ノ,ノ
父祖	名詞,一般,*,*,*,*,父祖,フソ,フソ
たち	名詞,接尾,一般,*,*,*,たち,タチ,タチ
に	助詞,格助詞,一般,*,*,*,に,ニ,ニ
誓わ	動詞,自立,*,*,五段・ワ行促音便,未然形,誓う,チカワ,チカワ
れ	動詞,接尾,*,*,一段,連用形,れる,レ,レ
た	助動詞,*,*,*,特殊・タ,基本形,た,タ,タ
契約	名詞,サ変接続,*,*,*,*,契約,ケイヤク,ケイヤク
を	助詞,格助詞,一般,*,*,*,を,ヲ,ヲ
履行	名詞,サ変接続,*,*,*,*,履行,リコウ,リコー
する	動詞,自立,*,*,サ変・スル,基本形,する,スル,スル
ため	名詞,非自立,副詞可能,*,*,*,ため,タメ,タメ
な	助動詞,*,*,*,特殊・ダ,体言接続,だ,ナ,ナ
の	名詞,非自立,一般,*,*,*,の,ノ,ノ
で	助動詞,*,*,*,特殊・ダ,連用形,だ,デ,デ
ある	助動詞,*,*,*,五段・ラ行アル,基本形,ある,アル,アル
。	記号,句点,*,*,*,*,。,。,。
「	記号,括弧開,*,*,*,*,「,「,「
それで	接続詞,*,*,*,*,*,それで,ソレデ,ソレデ
，	記号,読点,*,*,*,*,，,，,，
もし	副詞,一般,*,*,*,*,もし,モシ,モシ
あなた	名詞,代名詞,一般,*,*,*,あなた,アナタ,アナタ
が	助詞,格助詞,一般,*,*,*,が,ガ,ガ
，	記号,読点,*,*,*,*,，,，,，
あなた	名詞,代名詞,一般,*,*,*,あなた,アナタ,アナタ
の	助詞,連体化,*,*,*,*,の,ノ,ノ
神	名詞,一般,*,*,*,*,神,カミ,カミ
エホバ	名詞,一般,*,*,*,*,エホバ,エホバ,エホバ
を	助詞,格助詞,一般,*,*,*,を,ヲ,ヲ
忘れ	動詞,自立,*,*,一段,連用形,忘れる,ワスレ,ワスレ
，	記号,読点,*,*,*,*,，,，,，
ほか	名詞,副詞可能,*,*,*,*,ほか,ホカ,ホカ
の	助詞,連体化,*,*,*,*,の,ノ,ノ
神	名詞,一般,*,*,*,*,神,カミ,カミ
々	記号,一般,*,*,*,*,々,々,々
に従って	助詞,格助詞,連語,*,*,*,に従って,ニシタガッテ,ニシタガッテ
歩み	動詞,自立,*,*,五段・マ行,連用形,歩む,アユミ,アユミ
，	記号,読点,*,*,*,*,，,，,，
それ	名詞,代名詞,一般,*,*,*,それ,ソレ,ソレ
に	助詞,格助詞,一般,*,*,*,に,ニ,ニ
仕え	動詞,自立,*,*,一段,連用形,仕える,ツカエ,ツカエ
たり	助詞,並立助詞,*,*,*,*,たり,タリ,タリ
それ	名詞,代名詞,一般,*,*,*,それ,ソレ,ソレ
に	助詞,格助詞,一般,*,*,*,に,ニ,ニ
身	名詞,一般,*,*,*,*,身,ミ,ミ
を	助詞,格助詞,一般,*,*,*,を,ヲ,ヲ
かがめ	動詞,自立,*,*,一段,連用形,かがめる,カガメ,カガメ
たり	助詞,並立助詞,*,*,*,*,たり,タリ,タリ
する	動詞,自立,*,*,サ変・スル,基本形,する,スル,スル
よう	名詞,非自立,助動詞語幹,*,*,*,よう,ヨウ,ヨー
な	助動詞,*,*,*,特殊・ダ,体言接続,だ,ナ,ナ
こと	名詞,非自立,一般,*,*,*,こと,コト,コト
が	助詞,格助詞,一般,*,*,*,が,ガ,ガ
あれ	動詞,自立,*,*,五段・ラ行,仮定形,ある,アレ,アレ
ば	助詞,接続助詞,*,*,*,*,ば,バ,バ
，	記号,読点,*,*,*,*,，,，,，
わたし	名詞,代名詞,一般,*,*,*,わたし,ワタシ,ワタシ
は	助詞,係助詞,*,*,*,*,は,ハ,ワ
今日	名詞,副詞可能,*,*,*,*,今日,キョウ,キョー
あなた	名詞,代名詞,一般,*,*,*,あなた,アナタ,アナタ
方	名詞,接尾,一般,*,*,*,方,カタ,カタ
に	助詞,格助詞,一般,*,*,*,に,ニ,ニ
はっきり	副詞,助詞類接続,*,*,*,*,はっきり,ハッキリ,ハッキリ
証し	動詞,自立,*,*,五段・サ行,連用形,証す,アカシ,アカシ
し	動詞,自立,*,*,サ変・スル,連用形,する,シ,シ
て	助詞,接続助詞,*,*,*,*,て,テ,テ
おく	動詞,非自立,*,*,五段・カ行イ音便,基本形,おく,オク,オク
が	助詞,接続助詞,*,*,*,*,が,ガ,ガ
，	記号,読点,*,*,*,*,，,，,，
あなた	名詞,代名詞,一般,*,*,*,あなた,アナタ,アナタ
方	名詞,接尾,一般,*,*,*,方,カタ,カタ
は	助詞,係助詞,*,*,*,*,は,ハ,ワ
全く	副詞,助詞類接続,*,*,*,*,全く,マッタク,マッタク
滅びる	動詞,自立,*,*,一段,基本形,滅びる,ホロビル,ホロビル
こと	名詞,非自立,一般,*,*,*,こと,コト,コト
に	助詞,格助詞,一般,*,*,*,に,ニ,ニ
なる	動詞,自立,*,*,五段・ラ行,基本形,なる,ナル,ナル
で	助動詞,*,*,*,特殊・ダ,連用形,だ,デ,デ
あろ	助動詞,*,*,*,五段・ラ行アル,未然ウ接続,ある,アロ,アロ
う	助動詞,*,*,*,不変化型,基本形,う,ウ,ウ
。	記号,句点,*,*,*,*,。,。,。
エホバ	名詞,一般,*,*,*,*,エホバ,エホバ,エホバ
が	助詞,格助詞,一般,*,*,*,が,ガ,ガ
あなた	名詞,代名詞,一般,*,*,*,あなた,アナタ,アナタ
方	名詞,接尾,一般,*,*,*,方,カタ,カタ
の	助詞,連体化,*,*,*,*,の,ノ,ノ
前	名詞,副詞可能,*,*,*,*,前,マエ,マエ
から	助詞,格助詞,一般,*,*,*,から,カラ,カラ
滅ぼし	動詞,自立,*,*,五段・サ行,連用形,滅ぼす,ホロボシ,ホロボシ
て	助詞,接続助詞,*,*,*,*,て,テ,テ
ゆか	動詞,自立,*,*,五段・カ行促音便ユク,未然形,ゆく,ユカ,ユカ
れる	動詞,接尾,*,*,一段,基本形,れる,レル,レル
諸	接頭詞,名詞接続,*,*,*,*,諸,ショ,ショ
国民	名詞,一般,*,*,*,*,国民,コクミン,コクミン
の	助詞,連体化,*,*,*,*,の,ノ,ノ
よう	名詞,非自立,助動詞語幹,*,*,*,よう,ヨウ,ヨー
に	助詞,副詞化,*,*,*,*,に,ニ,ニ
，	記号,読点,*,*,*,*,，,，,，
それ	名詞,代名詞,一般,*,*,*,それ,ソレ,ソレ
と	助詞,格助詞,一般,*,*,*,と,ト,ト
同じ	連体詞,*,*,*,*,*,同じ,オナジ,オナジ
よう	名詞,非自立,助動詞語幹,*,*,*,よう,ヨウ,ヨー
に	助詞,副詞化,*,*,*,*,に,ニ,ニ
あなた	名詞,代名詞,一般,*,*,*,あなた,アナタ,アナタ
方	名詞,接尾,一般,*,*,*,方,カタ,カタ
も	助詞,係助詞,*,*,*,*,も,モ,モ
滅びる	動詞,自立,*,*,一段,基本形,滅びる,ホロビル,ホロビル
こと	名詞,非自立,一般,*,*,*,こと,コト,コト
に	助詞,格助詞,一般,*,*,*,に,ニ,ニ
なる	動詞,自立,*,*,五段・ラ行,基本形,なる,ナル,ナル
。	記号,句点,*,*,*,*,。,。,。
あなた	名詞,代名詞,一般,*,*,*,あなた,アナタ,アナタ
方	名詞,接尾,一般,*,*,*,方,カタ,カタ
の	助詞,連体化,*,*,*,*,の,ノ,ノ
神	名詞,一般,*,*,*,*,神,カミ,カミ
エホバ	名詞,一般,*,*,*,*,エホバ,エホバ,エホバ
の	助詞,連体化,*,*,*,*,の,ノ,ノ
声	名詞,一般,*,*,*,*,声,コエ,コエ
に	助詞,格助詞,一般,*,*,*,に,ニ,ニ
聴き	動詞,自立,*,*,五段・カ行イ音便,連用形,聴く,キキ,キキ
従わ	動詞,自立,*,*,五段・ワ行促音便,未然形,従う,シタガワ,シタガワ
ない	助動詞,*,*,*,特殊・ナイ,基本形,ない,ナイ,ナイ
から	助詞,接続助詞,*,*,*,*,から,カラ,カラ
で	助動詞,*,*,*,特殊・ダ,連用形,だ,デ,デ
ある	助動詞,*,*,*,五段・ラ行アル,基本形,ある,アル,アル
。	記号,句点,*,*,*,*,。,。,。
EOS
