次いで	接続詞,*,*,*,*,*,次いで,ツイデ,ツイデ
モー	名詞,固有名詞,人名,姓,*,*,モー,モー,モー
セ	名詞,一般,*,*,*,*,セ,セ,セ
は	助詞,係助詞,*,*,*,*,は,ハ,ワ
行っ	動詞,自立,*,*,五段・ワ行促音便,連用タ接続,行う,オコナッ,オコナッ
て	助詞,接続助詞,*,*,*,*,て,テ,テ
，	記号,読点,*,*,*,*,，,，,，
この	連体詞,*,*,*,*,*,この,コノ,コノ
言葉	名詞,一般,*,*,*,*,言葉,コトバ,コトバ
を	助詞,格助詞,一般,*,*,*,を,ヲ,ヲ
全	接頭詞,名詞接続,*,*,*,*,全,ゼン,ゼン
イスラエル	名詞,固有名詞,地域,国,*,*,イスラエル,イスラエル,イスラエル
に	助詞,格助詞,一般,*,*,*,に,ニ,ニ
話し	動詞,自立,*,*,五段・サ行,連用形,話す,ハナシ,ハナシ
て	助詞,接続助詞,*,*,*,*,て,テ,テ
，	記号,読点,*,*,*,*,，,，,，
こう	副詞,助詞類接続,*,*,*,*,こう,コウ,コー
言っ	動詞,自立,*,*,五段・ワ行促音便,連用タ接続,言う,イッ,イッ
た	助動詞,*,*,*,特殊・タ,基本形,た,タ,タ
。	記号,句点,*,*,*,*,。,。,。
「	記号,括弧開,*,*,*,*,「,「,「
わたし	名詞,代名詞,一般,*,*,*,わたし,ワタシ,ワタシ
は	助詞,係助詞,*,*,*,*,は,ハ,ワ
今日	名詞,副詞可能,*,*,*,*,今日,キョウ,キョー
百	名詞,数,*,*,*,*,百,ヒャク,ヒャク
二	名詞,数,*,*,*,*,二,ニ,ニ
十	名詞,数,*,*,*,*,十,ジュウ,ジュー
歳	名詞,接尾,助数詞,*,*,*,歳,サイ,サイ
と	助詞,格助詞,一般,*,*,*,と,ト,ト
なっ	動詞,自立,*,*,五段・ラ行,連用タ接続,なる,ナッ,ナッ
た	助動詞,*,*,*,特殊・タ,基本形,た,タ,タ
。	記号,句点,*,*,*,*,。,。,。
わたし	名詞,代名詞,一般,*,*,*,わたし,ワタシ,ワタシ
は	助詞,係助詞,*,*,*,*,は,ハ,ワ
出入り	名詞,サ変接続,*,*,*,*,出入り,デイリ,デイリ
する	動詞,自立,*,*,サ変・スル,基本形,する,スル,スル
こと	名詞,非自立,一般,*,*,*,こと,コト,コト
を	助詞,格助詞,一般,*,*,*,を,ヲ,ヲ
もはや	副詞,助詞類接続,*,*,*,*,もはや,モハヤ,モハヤ
許さ	動詞,自立,*,*,五段・サ行,未然形,許す,ユルサ,ユルサ
れ	動詞,接尾,*,*,一段,未然形,れる,レ,レ
ない	助動詞,*,*,*,特殊・ナイ,基本形,ない,ナイ,ナイ
で	助動詞,*,*,*,特殊・ダ,連用形,だ,デ,デ
あろ	助動詞,*,*,*,五段・ラ行アル,未然ウ接続,ある,アロ,アロ
う	助動詞,*,*,*,不変化型,基本形,う,ウ,ウ
。	記号,句点,*,*,*,*,。,。,。
『	記号,括弧開,*,*,*,*,『,『,『
あなた	名詞,代名詞,一般,*,*,*,あなた,アナタ,アナタ
は	助詞,係助詞,*,*,*,*,は,ハ,ワ
この	連体詞,*,*,*,*,*,この,コノ,コノ
ヨルダン	名詞,固有名詞,地域,国,*,*,ヨルダン,ヨルダン,ヨルダン
を	助詞,格助詞,一般,*,*,*,を,ヲ,ヲ
渡っ	動詞,自立,*,*,五段・ラ行,連用タ接続,渡る,ワタッ,ワタッ
て	助詞,接続助詞,*,*,*,*,て,テ,テ
は	助詞,係助詞,*,*,*,*,は,ハ,ワ
行か	動詞,自立,*,*,五段・カ行促音便,未然形,行く,イカ,イカ
ない	助動詞,*,*,*,特殊・ナイ,基本形,ない,ナイ,ナイ
』	記号,括弧閉,*,*,*,*,』,』,』
と	助詞,格助詞,引用,*,*,*,と,ト,ト
エホバ	名詞,一般,*,*,*,*,エホバ,エホバ,エホバ
は	助詞,係助詞,*,*,*,*,は,ハ,ワ
わたし	名詞,代名詞,一般,*,*,*,わたし,ワタシ,ワタシ
に	助詞,格助詞,一般,*,*,*,に,ニ,ニ
言わ	動詞,自立,*,*,五段・ワ行促音便,未然形,言う,イワ,イワ
れ	動詞,接尾,*,*,一段,連用形,れる,レ,レ
た	助動詞,*,*,*,特殊・タ,基本形,た,タ,タ
から	助詞,接続助詞,*,*,*,*,から,カラ,カラ
で	助動詞,*,*,*,特殊・ダ,連用形,だ,デ,デ
ある	助動詞,*,*,*,五段・ラ行アル,基本形,ある,アル,アル
。	記号,句点,*,*,*,*,。,。,。
あなた	名詞,代名詞,一般,*,*,*,あなた,アナタ,アナタ
の	助詞,連体化,*,*,*,*,の,ノ,ノ
神	名詞,一般,*,*,*,*,神,カミ,カミ
エホバ	名詞,一般,*,*,*,*,エホバ,エホバ,エホバ
が	助詞,格助詞,一般,*,*,*,が,ガ,ガ
あなた	名詞,代名詞,一般,*,*,*,あなた,アナタ,アナタ
の	助詞,連体化,*,*,*,*,の,ノ,ノ
前	名詞,副詞可能,*,*,*,*,前,マエ,マエ
を	助詞,格助詞,一般,*,*,*,を,ヲ,ヲ
渡っ	動詞,自立,*,*,五段・ラ行,連用タ接続,渡る,ワタッ,ワタッ
て	助詞,接続助詞,*,*,*,*,て,テ,テ
行か	動詞,非自立,*,*,五段・カ行促音便,未然形,行く,イカ,イカ
れる	動詞,接尾,*,*,一段,基本形,れる,レル,レル
。	記号,句点,*,*,*,*,。,。,。
ご	接頭詞,名詞接続,*,*,*,*,ご,ゴ,ゴ
自身	名詞,一般,*,*,*,*,自身,ジシン,ジシン
が	助詞,格助詞,一般,*,*,*,が,ガ,ガ
これら	名詞,代名詞,一般,*,*,*,これら,コレラ,コレラ
の	助詞,連体化,*,*,*,*,の,ノ,ノ
諸	接頭詞,名詞接続,*,*,*,*,諸,ショ,ショ
国民	名詞,一般,*,*,*,*,国民,コクミン,コクミン
を	助詞,格助詞,一般,*,*,*,を,ヲ,ヲ
あなた	名詞,代名詞,一般,*,*,*,あなた,アナタ,アナタ
の	助詞,連体化,*,*,*,*,の,ノ,ノ
前	名詞,副詞可能,*,*,*,*,前,マエ,マエ
から	助詞,格助詞,一般,*,*,*,から,カラ,カラ
滅ぼし	動詞,自立,*,*,五段・サ行,連用形,滅ぼす,ホロボシ,ホロボシ
尽くさ	動詞,自立,*,*,五段・サ行,未然形,尽くす,ツクサ,ツクサ
れる	動詞,接尾,*,*,一段,基本形,れる,レル,レル
の	名詞,非自立,一般,*,*,*,の,ノ,ノ
で	助動詞,*,*,*,特殊・ダ,連用形,だ,デ,デ
ある	助動詞,*,*,*,五段・ラ行アル,基本形,ある,アル,アル
。	記号,句点,*,*,*,*,。,。,。
それで	接続詞,*,*,*,*,*,それで,ソレデ,ソレデ
あなた	名詞,代名詞,一般,*,*,*,あなた,アナタ,アナタ
は	助詞,係助詞,*,*,*,*,は,ハ,ワ
彼ら	名詞,代名詞,一般,*,*,*,彼ら,カレラ,カレラ
を	助詞,格助詞,一般,*,*,*,を,ヲ,ヲ
打ち払わ	動詞,自立,*,*,五段・ワ行促音便,未然形,打ち払う,ウチハラワ,ウチハラワ
なけれ	助動詞,*,*,*,特殊・ナイ,仮定形,ない,ナケレ,ナケレ
ば	助詞,接続助詞,*,*,*,*,ば,バ,バ
なら	動詞,非自立,*,*,五段・ラ行,未然形,なる,ナラ,ナラ
ない	助動詞,*,*,*,特殊・ナイ,基本形,ない,ナイ,ナイ
。	記号,句点,*,*,*,*,。,。,。
エホバ	名詞,一般,*,*,*,*,エホバ,エホバ,エホバ
が	助詞,格助詞,一般,*,*,*,が,ガ,ガ
話さ	動詞,自立,*,*,五段・サ行,未然形,話す,ハナサ,ハナサ
れ	動詞,接尾,*,*,一段,連用形,れる,レ,レ
た	助動詞,*,*,*,特殊・タ,基本形,た,タ,タ
とおり	名詞,非自立,副詞可能,*,*,*,とおり,トオリ,トーリ
，	記号,読点,*,*,*,*,，,，,，
ヨシュア	名詞,一般,*,*,*,*,*
が	助詞,格助詞,一般,*,*,*,が,ガ,ガ
あなた	名詞,代名詞,一般,*,*,*,あなた,アナタ,アナタ
の	助詞,連体化,*,*,*,*,の,ノ,ノ
前	名詞,副詞可能,*,*,*,*,前,マエ,マエ
に	助詞,格助詞,一般,*,*,*,に,ニ,ニ
立っ	動詞,自立,*,*,五段・タ行,連用タ接続,立つ,タッ,タッ
て	助詞,接続助詞,*,*,*,*,て,テ,テ
渡っ	動詞,自立,*,*,五段・ラ行,連用タ接続,渡る,ワタッ,ワタッ
て	助詞,接続助詞,*,*,*,*,て,テ,テ
行く	動詞,非自立,*,*,五段・カ行促音便,基本形,行く,イク,イク
。	記号,句点,*,*,*,*,。,。,。
そして	接続詞,*,*,*,*,*,そして,ソシテ,ソシテ
エホバ	名詞,一般,*,*,*,*,エホバ,エホバ,エホバ
は	助詞,係助詞,*,*,*,*,は,ハ,ワ
，	記号,読点,*,*,*,*,，,，,，
アモリ	名詞,一般,*,*,*,*,*
人	名詞,接尾,一般,*,*,*,人,ジン,ジン
の	助詞,連体化,*,*,*,*,の,ノ,ノ
王	名詞,一般,*,*,*,*,王,オウ,オー
シ	名詞,一般,*,*,*,*,シ,シ,シ
ホン	名詞,一般,*,*,*,*,ホン,ホン,ホン
と	助詞,並立助詞,*,*,*,*,と,ト,ト
オグ	名詞,一般,*,*,*,*,*
および	接続詞,*,*,*,*,*,および,オヨビ,オヨビ
その	連体詞,*,*,*,*,*,その,ソノ,ソノ
土地	名詞,一般,*,*,*,*,土地,トチ,トチ
に対し	助詞,格助詞,連語,*,*,*,に対し,ニタイシ,ニタイシ
それ	名詞,代名詞,一般,*,*,*,それ,ソレ,ソレ
を	助詞,格助詞,一般,*,*,*,を,ヲ,ヲ
滅ぼし	動詞,自立,*,*,五段・サ行,連用形,滅ぼす,ホロボシ,ホロボシ
尽くし	動詞,非自立,*,*,五段・サ行,連用形,尽くす,ツクシ,ツクシ
た	助動詞,*,*,*,特殊・タ,基本形,た,タ,タ
際	名詞,非自立,副詞可能,*,*,*,際,サイ,サイ
に	助詞,格助詞,一般,*,*,*,に,ニ,ニ
行なわ	動詞,自立,*,*,五段・ワ行促音便,未然形,行なう,オコナワ,オコナワ
れ	動詞,接尾,*,*,一段,連用形,れる,レ,レ
た	助動詞,*,*,*,特殊・タ,基本形,た,タ,タ
と	助詞,格助詞,引用,*,*,*,と,ト,ト
同じ	連体詞,*,*,*,*,*,同じ,オナジ,オナジ
こと	名詞,非自立,一般,*,*,*,こと,コト,コト
を	助詞,格助詞,一般,*,*,*,を,ヲ,ヲ
，	記号,読点,*,*,*,*,，,，,，
彼ら	名詞,代名詞,一般,*,*,*,彼ら,カレラ,カレラ
に対して	助詞,格助詞,連語,*,*,*,に対して,ニタイシテ,ニタイシテ
も	助詞,係助詞,*,*,*,*,も,モ,モ
必ず	副詞,助詞類接続,*,*,*,*,必ず,カナラズ,カナラズ
行なわ	動詞,自立,*,*,五段・ワ行促音便,未然形,行なう,オコナワ,オコナワ
れる	動詞,接尾,*,*,一段,基本形,れる,レル,レル
。	記号,句点,*,*,*,*,。,。,。
それで	接続詞,*,*,*,*,*,それで,ソレデ,ソレデ
，	記号,読点,*,*,*,*,，,，,，
エホバ	名詞,一般,*,*,*,*,エホバ,エホバ,エホバ
は	助詞,係助詞,*,*,*,*,は,ハ,ワ
彼ら	名詞,代名詞,一般,*,*,*,彼ら,カレラ,カレラ
を	助詞,格助詞,一般,*,*,*,を,ヲ,ヲ
あなた	名詞,代名詞,一般,*,*,*,あなた,アナタ,アナタ
方	名詞,接尾,一般,*,*,*,方,カタ,カタ
に	助詞,格助詞,一般,*,*,*,に,ニ,ニ
渡さ	動詞,自立,*,*,五段・サ行,未然形,渡す,ワタサ,ワタサ
れ	動詞,接尾,*,*,一段,連用形,れる,レ,レ
た	助動詞,*,*,*,特殊・タ,基本形,た,タ,タ
。	記号,句点,*,*,*,*,。,。,。
あなた	名詞,代名詞,一般,*,*,*,あなた,アナタ,アナタ
方	名詞,接尾,一般,*,*,*,方,カタ,カタ
は	助詞,係助詞,*,*,*,*,は,ハ,ワ
彼ら	名詞,代名詞,一般,*,*,*,彼ら,カレラ,カレラ
に対し	助詞,格助詞,連語,*,*,*,に対し,ニタイシ,ニタイシ
，	記号,読点,*,*,*,*,，,，,，
わたし	名詞,代名詞,一般,*,*,*,わたし,ワタシ,ワタシ
が	助詞,格助詞,一般,*,*,*,が,ガ,ガ
命じ	動詞,自立,*,*,一段,連用形,命じる,メイジ,メイジ
た	助動詞,*,*,*,特殊・タ,基本形,た,タ,タ
その	連体詞,*,*,*,*,*,その,ソノ,ソノ
すべて	名詞,副詞可能,*,*,*,*,すべて,スベテ,スベテ
の	助詞,連体化,*,*,*,*,の,ノ,ノ
おき	動詞,自立,*,*,一段,連用形,おきる,オキ,オキ
て	助詞,接続助詞,*,*,*,*,て,テ,テ
の	助詞,連体化,*,*,*,*,の,ノ,ノ
とおり	名詞,非自立,副詞可能,*,*,*,とおり,トオリ,トーリ
に	助詞,格助詞,一般,*,*,*,に,ニ,ニ
行なわ	動詞,自立,*,*,五段・ワ行促音便,未然形,行なう,オコナワ,オコナワ
なけれ	助動詞,*,*,*,特殊・ナイ,仮定形,ない,ナケレ,ナケレ
ば	助詞,接続助詞,*,*,*,*,ば,バ,バ
なら	動詞,非自立,*,*,五段・ラ行,未然形,なる,ナラ,ナラ
ない	助動詞,*,*,*,特殊・ナイ,基本形,ない,ナイ,ナイ
。	記号,句点,*,*,*,*,。,。,。
勇気	名詞,一般,*,*,*,*,勇気,ユウキ,ユーキ
を	助詞,格助詞,一般,*,*,*,を,ヲ,ヲ
出し	動詞,自立,*,*,五段・サ行,連用形,出す,ダシ,ダシ
，	記号,読点,*,*,*,*,，,，,，
強く	形容詞,自立,*,*,形容詞・アウオ段,連用テ接続,強い,ツヨク,ツヨク
あり	動詞,自立,*,*,五段・ラ行,連用形,ある,アリ,アリ
なさい	動詞,非自立,*,*,五段・ラ行特殊,命令ｉ,なさる,ナサイ,ナサイ
。	記号,句点,*,*,*,*,。,。,。
彼ら	名詞,代名詞,一般,*,*,*,彼ら,カレラ,カレラ
の	助詞,連体化,*,*,*,*,の,ノ,ノ
前	名詞,副詞可能,*,*,*,*,前,マエ,マエ
で	助詞,格助詞,一般,*,*,*,で,デ,デ
恐れ	動詞,自立,*,*,一段,連用形,恐れる,オソレ,オソレ
たり	助詞,並立助詞,*,*,*,*,たり,タリ,タリ
，	記号,読点,*,*,*,*,，,，,，
うろたえ	動詞,自立,*,*,一段,連用形,うろたえる,ウロタエ,ウロタエ
たり	助詞,並立助詞,*,*,*,*,たり,タリ,タリ
し	動詞,自立,*,*,サ変・スル,連用形,する,シ,シ
て	助詞,接続助詞,*,*,*,*,て,テ,テ
は	助詞,係助詞,*,*,*,*,は,ハ,ワ
いけ	動詞,非自立,*,*,一段,未然形,いける,イケ,イケ
ない	助動詞,*,*,*,特殊・ナイ,基本形,ない,ナイ,ナイ
。	記号,句点,*,*,*,*,。,。,。
あなた	名詞,代名詞,一般,*,*,*,あなた,アナタ,アナタ
の	助詞,連体化,*,*,*,*,の,ノ,ノ
神	名詞,一般,*,*,*,*,神,カミ,カミ
エホバ	名詞,一般,*,*,*,*,エホバ,エホバ,エホバ
が	助詞,格助詞,一般,*,*,*,が,ガ,ガ
共に	副詞,一般,*,*,*,*,共に,トモニ,トモニ
進ん	動詞,自立,*,*,五段・マ行,連用タ接続,進む,ススン,ススン
で	助詞,接続助詞,*,*,*,*,で,デ,デ
行か	動詞,非自立,*,*,五段・カ行促音便,未然形,行く,イカ,イカ
れる	動詞,接尾,*,*,一段,基本形,れる,レル,レル
から	助詞,接続助詞,*,*,*,*,から,カラ,カラ
で	助動詞,*,*,*,特殊・ダ,連用形,だ,デ,デ
ある	助動詞,*,*,*,五段・ラ行アル,基本形,ある,アル,アル
。	記号,句点,*,*,*,*,。,。,。
あなた	名詞,代名詞,一般,*,*,*,あなた,アナタ,アナタ
を	助詞,格助詞,一般,*,*,*,を,ヲ,ヲ
見捨て	動詞,自立,*,*,一段,連用形,見捨てる,ミステ,ミステ
たり	助詞,並立助詞,*,*,*,*,たり,タリ,タリ
，	記号,読点,*,*,*,*,，,，,，
全く	副詞,助詞類接続,*,*,*,*,全く,マッタク,マッタク
見放し	動詞,自立,*,*,五段・サ行,連用形,見放す,ミハナシ,ミハナシ
たり	助詞,並立助詞,*,*,*,*,たり,タリ,タリ
は	助詞,係助詞,*,*,*,*,は,ハ,ワ
さ	動詞,自立,*,*,サ変・スル,未然レル接続,する,サ,サ
れ	動詞,接尾,*,*,一段,未然形,れる,レ,レ
ない	助動詞,*,*,*,特殊・ナイ,基本形,ない,ナイ,ナイ
」	記号,括弧閉,*,*,*,*,」,」,」
。	記号,句点,*,*,*,*,。,。,。
それ	名詞,代名詞,一般,*,*,*,それ,ソレ,ソレ
から	助詞,格助詞,一般,*,*,*,から,カラ,カラ
モー	名詞,固有名詞,人名,姓,*,*,モー,モー,モー
セ	名詞,一般,*,*,*,*,セ,セ,セ
は	助詞,係助詞,*,*,*,*,は,ハ,ワ
ヨシュア	名詞,一般,*,*,*,*,*
を	助詞,格助詞,一般,*,*,*,を,ヲ,ヲ
呼び	動詞,自立,*,*,五段・バ行,連用形,呼ぶ,ヨビ,ヨビ
，	記号,読点,*,*,*,*,，,，,，
全	接頭詞,名詞接続,*,*,*,*,全,ゼン,ゼン
イスラエル	名詞,固有名詞,地域,国,*,*,イスラエル,イスラエル,イスラエル
の	助詞,連体化,*,*,*,*,の,ノ,ノ
目	名詞,一般,*,*,*,*,目,メ,メ
の	助詞,連体化,*,*,*,*,の,ノ,ノ
前	名詞,副詞可能,*,*,*,*,前,マエ,マエ
で	助詞,格助詞,一般,*,*,*,で,デ,デ
彼	名詞,代名詞,一般,*,*,*,彼,カレ,カレ
に	助詞,格助詞,一般,*,*,*,に,ニ,ニ
こう	副詞,助詞類接続,*,*,*,*,こう,コウ,コー
言っ	動詞,自立,*,*,五段・ワ行促音便,連用タ接続,言う,イッ,イッ
た	助動詞,*,*,*,特殊・タ,基本形,た,タ,タ
。	記号,句点,*,*,*,*,。,。,。
「	記号,括弧開,*,*,*,*,「,「,「
勇気	名詞,一般,*,*,*,*,勇気,ユウキ,ユーキ
を	助詞,格助詞,一般,*,*,*,を,ヲ,ヲ
出し	動詞,自立,*,*,五段・サ行,連用形,出す,ダシ,ダシ
，	記号,読点,*,*,*,*,，,，,，
強く	形容詞,自立,*,*,形容詞・アウオ段,連用テ接続,強い,ツヨク,ツヨク
あり	動詞,自立,*,*,五段・ラ行,連用形,ある,アリ,アリ
なさい	動詞,非自立,*,*,五段・ラ行特殊,命令ｉ,なさる,ナサイ,ナサイ
。	記号,句点,*,*,*,*,。,。,。
あなた	名詞,代名詞,一般,*,*,*,あなた,アナタ,アナタ
が	助詞,格助詞,一般,*,*,*,が,ガ,ガ
この	連体詞,*,*,*,*,*,この,コノ,コノ
民	名詞,一般,*,*,*,*,民,ミン,ミン
を	助詞,格助詞,一般,*,*,*,を,ヲ,ヲ
，	記号,読点,*,*,*,*,，,，,，
父祖	名詞,一般,*,*,*,*,父祖,フソ,フソ
たち	名詞,接尾,一般,*,*,*,たち,タチ,タチ
に	助詞,格助詞,一般,*,*,*,に,ニ,ニ
与える	動詞,自立,*,*,一段,基本形,与える,アタエル,アタエル
こと	名詞,非自立,一般,*,*,*,こと,コト,コト
を	助詞,格助詞,一般,*,*,*,を,ヲ,ヲ
エホバ	名詞,一般,*,*,*,*,エホバ,エホバ,エホバ
が	助詞,格助詞,一般,*,*,*,が,ガ,ガ
誓わ	動詞,自立,*,*,五段・ワ行促音便,未然形,誓う,チカワ,チカワ
れ	動詞,接尾,*,*,一段,連用形,れる,レ,レ
た	助動詞,*,*,*,特殊・タ,基本形,た,タ,タ
その	連体詞,*,*,*,*,*,その,ソノ,ソノ
土地	名詞,一般,*,*,*,*,土地,トチ,トチ
に	助詞,格助詞,一般,*,*,*,に,ニ,ニ
携え	動詞,自立,*,*,一段,連用形,携える,タズサエ,タズサエ
入れる	動詞,自立,*,*,一段,基本形,入れる,イレル,イレル
から	助詞,接続助詞,*,*,*,*,から,カラ,カラ
で	助動詞,*,*,*,特殊・ダ,連用形,だ,デ,デ
ある	助動詞,*,*,*,五段・ラ行アル,基本形,ある,アル,アル
。	記号,句点,*,*,*,*,。,。,。
あなた	名詞,代名詞,一般,*,*,*,あなた,アナタ,アナタ
が	助詞,格助詞,一般,*,*,*,が,ガ,ガ
それ	名詞,代名詞,一般,*,*,*,それ,ソレ,ソレ
を	助詞,格助詞,一般,*,*,*,を,ヲ,ヲ
相続	名詞,サ変接続,*,*,*,*,相続,ソウゾク,ソーゾク
地	名詞,接尾,一般,*,*,*,地,チ,チ
として	助詞,格助詞,連語,*,*,*,として,トシテ,トシテ
彼ら	名詞,代名詞,一般,*,*,*,彼ら,カレラ,カレラ
に	助詞,格助詞,一般,*,*,*,に,ニ,ニ
得	動詞,自立,*,*,一段,未然形,得る,エ,エ
させる	動詞,接尾,*,*,一段,基本形,させる,サセル,サセル
の	名詞,非自立,一般,*,*,*,の,ノ,ノ
で	助動詞,*,*,*,特殊・ダ,連用形,だ,デ,デ
ある	助動詞,*,*,*,五段・ラ行アル,基本形,ある,アル,アル
。	記号,句点,*,*,*,*,。,。,。
そして	接続詞,*,*,*,*,*,そして,ソシテ,ソシテ
，	記号,読点,*,*,*,*,，,，,，
エホバ	名詞,一般,*,*,*,*,エホバ,エホバ,エホバ
が	助詞,格助詞,一般,*,*,*,が,ガ,ガ
あなた	名詞,代名詞,一般,*,*,*,あなた,アナタ,アナタ
の	助詞,連体化,*,*,*,*,の,ノ,ノ
前	名詞,副詞可能,*,*,*,*,前,マエ,マエ
を	助詞,格助詞,一般,*,*,*,を,ヲ,ヲ
進ん	動詞,自立,*,*,五段・マ行,連用タ接続,進む,ススン,ススン
で	助詞,接続助詞,*,*,*,*,で,デ,デ
行か	動詞,非自立,*,*,五段・カ行促音便,未然形,行く,イカ,イカ
れる	動詞,接尾,*,*,一段,基本形,れる,レル,レル
。	記号,句点,*,*,*,*,。,。,。
自ら	名詞,副詞可能,*,*,*,*,自ら,ミズカラ,ミズカラ
常に	副詞,一般,*,*,*,*,常に,ツネニ,ツネニ
あなた	名詞,代名詞,一般,*,*,*,あなた,アナタ,アナタ
と	助詞,格助詞,一般,*,*,*,と,ト,ト
共に	副詞,一般,*,*,*,*,共に,トモニ,トモニ
い	動詞,自立,*,*,一段,連用形,いる,イ,イ
て	助詞,接続助詞,*,*,*,*,て,テ,テ
くださる	動詞,非自立,*,*,五段・ラ行特殊,基本形,くださる,クダサル,クダサル
。	記号,句点,*,*,*,*,。,。,。
あなた	名詞,代名詞,一般,*,*,*,あなた,アナタ,アナタ
を	助詞,格助詞,一般,*,*,*,を,ヲ,ヲ
見捨て	動詞,自立,*,*,一段,連用形,見捨てる,ミステ,ミステ
たり	助詞,並立助詞,*,*,*,*,たり,タリ,タリ
，	記号,読点,*,*,*,*,，,，,，
全く	副詞,助詞類接続,*,*,*,*,全く,マッタク,マッタク
見放し	動詞,自立,*,*,五段・サ行,連用形,見放す,ミハナシ,ミハナシ
たり	助詞,並立助詞,*,*,*,*,たり,タリ,タリ
は	助詞,係助詞,*,*,*,*,は,ハ,ワ
さ	動詞,自立,*,*,サ変・スル,未然レル接続,する,サ,サ
れ	動詞,接尾,*,*,一段,未然形,れる,レ,レ
ない	助動詞,*,*,*,特殊・ナイ,基本形,ない,ナイ,ナイ
。	記号,句点,*,*,*,*,。,。,。
恐れ	動詞,自立,*,*,一段,連用形,恐れる,オソレ,オソレ
たり	助詞,並立助詞,*,*,*,*,たり,タリ,タリ
お	接頭詞,名詞接続,*,*,*,*,お,オ,オ
びえたりしてはいけない	名詞,一般,*,*,*,*,*
」	記号,括弧閉,*,*,*,*,」,」,」
。	記号,句点,*,*,*,*,。,。,。
次いで	接続詞,*,*,*,*,*,次いで,ツイデ,ツイデ
モー	名詞,固有名詞,人名,姓,*,*,モー,モー,モー
セ	名詞,一般,*,*,*,*,セ,セ,セ
は	助詞,係助詞,*,*,*,*,は,ハ,ワ
この	連体詞,*,*,*,*,*,この,コノ,コノ
律	名詞,一般,*,*,*,*,律,リツ,リツ
法	名詞,接尾,一般,*,*,*,法,ホウ,ホー
を	助詞,格助詞,一般,*,*,*,を,ヲ,ヲ
書き記し	動詞,自立,*,*,五段・サ行,連用形,書き記す,カキシルシ,カキシルシ
，	記号,読点,*,*,*,*,，,，,，
それ	名詞,代名詞,一般,*,*,*,それ,ソレ,ソレ
を	助詞,格助詞,一般,*,*,*,を,ヲ,ヲ
レビ	名詞,固有名詞,人名,姓,*,*,レビ,レビ,レビ
の	助詞,連体化,*,*,*,*,の,ノ,ノ
子	名詞,一般,*,*,*,*,子,コ,コ
ら	名詞,接尾,一般,*,*,*,ら,ラ,ラ
の	助詞,連体化,*,*,*,*,の,ノ,ノ
祭司	名詞,一般,*,*,*,*,祭司,サイシ,サイシ
たち	名詞,接尾,一般,*,*,*,たち,タチ,タチ
，	記号,読点,*,*,*,*,，,，,，
すなわち	接続詞,*,*,*,*,*,すなわち,スナワチ,スナワチ
エホバ	名詞,一般,*,*,*,*,エホバ,エホバ,エホバ
の	助詞,連体化,*,*,*,*,の,ノ,ノ
契約	名詞,サ変接続,*,*,*,*,契約,ケイヤク,ケイヤク
の	助詞,連体化,*,*,*,*,の,ノ,ノ
箱	名詞,一般,*,*,*,*,箱,ハコ,ハコ
を	助詞,格助詞,一般,*,*,*,を,ヲ,ヲ
担う	動詞,自立,*,*,五段・ワ行促音便,基本形,担う,ニナウ,ニナウ
者	名詞,一般,*,*,*,*,者,モノ,モノ
たち	名詞,接尾,一般,*,*,*,たち,タチ,タチ
に	助詞,格助詞,一般,*,*,*,に,ニ,ニ
，	記号,読点,*,*,*,*,，,，,，
また	接続詞,*,*,*,*,*,また,マタ,マタ
イスラエル	名詞,固有名詞,地域,国,*,*,イスラエル,イスラエル,イスラエル
の	助詞,連体化,*,*,*,*,の,ノ,ノ
すべて	名詞,副詞可能,*,*,*,*,すべて,スベテ,スベテ
の	助詞,連体化,*,*,*,*,の,ノ,ノ
年長	名詞,一般,*,*,*,*,年長,ネンチョウ,ネンチョー
者	名詞,接尾,一般,*,*,*,者,シャ,シャ
たち	名詞,接尾,一般,*,*,*,たち,タチ,タチ
に	助詞,格助詞,一般,*,*,*,に,ニ,ニ
与え	動詞,自立,*,*,一段,連用形,与える,アタエ,アタエ
た	助動詞,*,*,*,特殊・タ,基本形,た,タ,タ
。	記号,句点,*,*,*,*,。,。,。
そして	接続詞,*,*,*,*,*,そして,ソシテ,ソシテ
モー	名詞,固有名詞,人名,姓,*,*,モー,モー,モー
セ	名詞,一般,*,*,*,*,セ,セ,セ
は	助詞,係助詞,*,*,*,*,は,ハ,ワ
彼ら	名詞,代名詞,一般,*,*,*,彼ら,カレラ,カレラ
に	助詞,格助詞,一般,*,*,*,に,ニ,ニ
命じ	動詞,自立,*,*,一段,連用形,命じる,メイジ,メイジ
て	助詞,接続助詞,*,*,*,*,て,テ,テ
こう	副詞,助詞類接続,*,*,*,*,こう,コウ,コー
言っ	動詞,自立,*,*,五段・ワ行促音便,連用タ接続,言う,イッ,イッ
た	助動詞,*,*,*,特殊・タ,基本形,た,タ,タ
。	記号,句点,*,*,*,*,。,。,。
「	記号,括弧開,*,*,*,*,「,「,「
七	名詞,数,*,*,*,*,七,ナナ,ナナ
年	名詞,接尾,助数詞,*,*,*,年,ネン,ネン
の	助詞,連体化,*,*,*,*,の,ノ,ノ
終わり	動詞,自立,*,*,五段・ラ行,連用形,終わる,オワリ,オワリ
ごと	名詞,接尾,一般,*,*,*,ごと,ゴト,ゴト
，	記号,読点,*,*,*,*,，,，,，
その	連体詞,*,*,*,*,*,その,ソノ,ソノ
免除	名詞,サ変接続,*,*,*,*,免除,メンジョ,メンジョ
の	助詞,連体化,*,*,*,*,の,ノ,ノ
年	名詞,一般,*,*,*,*,年,トシ,トシ
の	助詞,連体化,*,*,*,*,の,ノ,ノ
定め	名詞,一般,*,*,*,*,定め,サダメ,サダメ
の	助詞,連体化,*,*,*,*,の,ノ,ノ
時	名詞,非自立,副詞可能,*,*,*,時,トキ,トキ
，	記号,読点,*,*,*,*,，,，,，
仮	接頭詞,名詞接続,*,*,*,*,仮,カリ,カリ
小屋	名詞,一般,*,*,*,*,小屋,コヤ,コヤ
の	助詞,連体化,*,*,*,*,の,ノ,ノ
祭り	名詞,一般,*,*,*,*,祭り,マツリ,マツリ
の	助詞,連体化,*,*,*,*,の,ノ,ノ
際	名詞,非自立,副詞可能,*,*,*,際,サイ,サイ
，	記号,読点,*,*,*,*,，,，,，
全	接頭詞,名詞接続,*,*,*,*,全,ゼン,ゼン
イスラエル	名詞,固有名詞,地域,国,*,*,イスラエル,イスラエル,イスラエル
が	助詞,格助詞,一般,*,*,*,が,ガ,ガ
あなた	名詞,代名詞,一般,*,*,*,あなた,アナタ,アナタ
の	助詞,連体化,*,*,*,*,の,ノ,ノ
神	名詞,一般,*,*,*,*,神,カミ,カミ
エホバ	名詞,一般,*,*,*,*,エホバ,エホバ,エホバ
の	助詞,連体化,*,*,*,*,の,ノ,ノ
顔	名詞,一般,*,*,*,*,顔,カオ,カオ
を	助詞,格助詞,一般,*,*,*,を,ヲ,ヲ
見る	動詞,自立,*,*,一段,基本形,見る,ミル,ミル
ため	名詞,非自立,副詞可能,*,*,*,ため,タメ,タメ
その	連体詞,*,*,*,*,*,その,ソノ,ソノ
選ば	動詞,自立,*,*,五段・バ行,未然形,選ぶ,エラバ,エラバ
れ	動詞,接尾,*,*,一段,連用形,れる,レ,レ
た	助動詞,*,*,*,特殊・タ,基本形,た,タ,タ
場所	名詞,一般,*,*,*,*,場所,バショ,バショ
に	助詞,格助詞,一般,*,*,*,に,ニ,ニ
来る	動詞,自立,*,*,カ変・来ル,基本形,来る,クル,クル
時	名詞,非自立,副詞可能,*,*,*,時,トキ,トキ
に	助詞,格助詞,一般,*,*,*,に,ニ,ニ
，	記号,読点,*,*,*,*,，,，,，
あなた	名詞,代名詞,一般,*,*,*,あなた,アナタ,アナタ
は	助詞,係助詞,*,*,*,*,は,ハ,ワ
全	接頭詞,名詞接続,*,*,*,*,全,ゼン,ゼン
イスラエル	名詞,固有名詞,地域,国,*,*,イスラエル,イスラエル,イスラエル
の	助詞,連体化,*,*,*,*,の,ノ,ノ
前	名詞,副詞可能,*,*,*,*,前,マエ,マエ
，	記号,読点,*,*,*,*,，,，,，
その	連体詞,*,*,*,*,*,その,ソノ,ソノ
聞く	動詞,自立,*,*,五段・カ行イ音便,基本形,聞く,キク,キク
ところ	名詞,非自立,副詞可能,*,*,*,ところ,トコロ,トコロ
で	助詞,格助詞,一般,*,*,*,で,デ,デ
この	連体詞,*,*,*,*,*,この,コノ,コノ
律	名詞,一般,*,*,*,*,律,リツ,リツ
法	名詞,接尾,一般,*,*,*,法,ホウ,ホー
を	助詞,格助詞,一般,*,*,*,を,ヲ,ヲ
読み上げる	動詞,自立,*,*,一段,基本形,読み上げる,ヨミアゲル,ヨミアゲル
。	記号,句点,*,*,*,*,。,。,。
民	名詞,一般,*,*,*,*,民,ミン,ミン
を	助詞,格助詞,一般,*,*,*,を,ヲ,ヲ
，	記号,読点,*,*,*,*,，,，,，
男	名詞,一般,*,*,*,*,男,オトコ,オトコ
も	助詞,係助詞,*,*,*,*,も,モ,モ
，	記号,読点,*,*,*,*,，,，,，
女	名詞,一般,*,*,*,*,女,オンナ,オンナ
も	助詞,係助詞,*,*,*,*,も,モ,モ
，	記号,読点,*,*,*,*,，,，,，
幼い	形容詞,自立,*,*,形容詞・アウオ段,基本形,幼い,オサナイ,オサナイ
者	名詞,非自立,一般,*,*,*,者,モノ,モノ
も	助詞,係助詞,*,*,*,*,も,モ,モ
，	記号,読点,*,*,*,*,，,，,，
また	接続詞,*,*,*,*,*,また,マタ,マタ
あなた	名詞,代名詞,一般,*,*,*,あなた,アナタ,アナタ
の	助詞,連体化,*,*,*,*,の,ノ,ノ
門	名詞,一般,*,*,*,*,門,モン,モン
の	助詞,連体化,*,*,*,*,の,ノ,ノ
内	名詞,非自立,副詞可能,*,*,*,内,ウチ,ウチ
に	助詞,格助詞,一般,*,*,*,に,ニ,ニ
いる	動詞,自立,*,*,一段,基本形,いる,イル,イル
外人	名詞,一般,*,*,*,*,外人,ガイジン,ガイジン
居留	名詞,サ変接続,*,*,*,*,居留,キョリュウ,キョリュー
者	名詞,接尾,一般,*,*,*,者,シャ,シャ
たち	名詞,接尾,一般,*,*,*,たち,タチ,タチ
も	助詞,係助詞,*,*,*,*,も,モ,モ
集合	名詞,サ変接続,*,*,*,*,集合,シュウゴウ,シューゴー
さ	動詞,自立,*,*,サ変・スル,未然レル接続,する,サ,サ
せ	動詞,接尾,*,*,一段,連用形,せる,セ,セ
なさい	動詞,非自立,*,*,五段・ラ行特殊,命令ｉ,なさる,ナサイ,ナサイ
。	記号,句点,*,*,*,*,。,。,。
彼ら	名詞,代名詞,一般,*,*,*,彼ら,カレラ,カレラ
が	助詞,格助詞,一般,*,*,*,が,ガ,ガ
聴く	動詞,自立,*,*,五段・カ行イ音便,基本形,聴く,キク,キク
ため	名詞,非自立,副詞可能,*,*,*,ため,タメ,タメ
，	記号,読点,*,*,*,*,，,，,，
また	副詞,助詞類接続,*,*,*,*,また,マタ,マタ
学ぶ	動詞,自立,*,*,五段・バ行,基本形,学ぶ,マナブ,マナブ
ため	名詞,非自立,副詞可能,*,*,*,ため,タメ,タメ
で	助動詞,*,*,*,特殊・ダ,連用形,だ,デ,デ
ある	助動詞,*,*,*,五段・ラ行アル,基本形,ある,アル,アル
。	記号,句点,*,*,*,*,。,。,。
彼ら	名詞,代名詞,一般,*,*,*,彼ら,カレラ,カレラ
は	助詞,係助詞,*,*,*,*,は,ハ,ワ
あなた	名詞,代名詞,一般,*,*,*,あなた,アナタ,アナタ
方	名詞,接尾,一般,*,*,*,方,カタ,カタ
の	助詞,連体化,*,*,*,*,の,ノ,ノ
神	名詞,一般,*,*,*,*,神,カミ,カミ
エホバ	名詞,一般,*,*,*,*,エホバ,エホバ,エホバ
を	助詞,格助詞,一般,*,*,*,を,ヲ,ヲ
恐れ	動詞,自立,*,*,一段,連用形,恐れる,オソレ,オソレ
，	記号,読点,*,*,*,*,，,，,，
注意	名詞,サ変接続,*,*,*,*,注意,チュウイ,チューイ
し	動詞,自立,*,*,サ変・スル,連用形,する,シ,シ
て	助詞,接続助詞,*,*,*,*,て,テ,テ
この	連体詞,*,*,*,*,*,この,コノ,コノ
律	名詞,一般,*,*,*,*,律,リツ,リツ
法	名詞,接尾,一般,*,*,*,法,ホウ,ホー
の	助詞,連体化,*,*,*,*,の,ノ,ノ
すべて	名詞,副詞可能,*,*,*,*,すべて,スベテ,スベテ
の	助詞,連体化,*,*,*,*,の,ノ,ノ
言葉	名詞,一般,*,*,*,*,言葉,コトバ,コトバ
を	助詞,格助詞,一般,*,*,*,を,ヲ,ヲ
履行	名詞,サ変接続,*,*,*,*,履行,リコウ,リコー
し	動詞,自立,*,*,サ変・スル,未然形,する,シ,シ
なけれ	助動詞,*,*,*,特殊・ナイ,仮定形,ない,ナケレ,ナケレ
ば	助詞,接続助詞,*,*,*,*,ば,バ,バ
なら	動詞,非自立,*,*,五段・ラ行,未然形,なる,ナラ,ナラ
ない	助動詞,*,*,*,特殊・ナイ,基本形,ない,ナイ,ナイ
の	名詞,非自立,一般,*,*,*,の,ノ,ノ
で	助動詞,*,*,*,特殊・ダ,連用形,だ,デ,デ
ある	助動詞,*,*,*,五段・ラ行アル,基本形,ある,アル,アル
。	記号,句点,*,*,*,*,。,。,。
また	接続詞,*,*,*,*,*,また,マタ,マタ
，	記号,読点,*,*,*,*,，,，,，
彼ら	名詞,代名詞,一般,*,*,*,彼ら,カレラ,カレラ
の	助詞,連体化,*,*,*,*,の,ノ,ノ
子	名詞,一般,*,*,*,*,子,コ,コ
ら	名詞,接尾,一般,*,*,*,ら,ラ,ラ
で	助詞,格助詞,一般,*,*,*,で,デ,デ
[	名詞,サ変接続,*,*,*,*,*
これ	名詞,代名詞,一般,*,*,*,これ,コレ,コレ
を	助詞,格助詞,一般,*,*,*,を,ヲ,ヲ
]	名詞,サ変接続,*,*,*,*,*
知ら	動詞,自立,*,*,五段・ラ行,未然形,知る,シラ,シラ
ない	助動詞,*,*,*,特殊・ナイ,基本形,ない,ナイ,ナイ
者	名詞,一般,*,*,*,*,者,モノ,モノ
たち	名詞,接尾,一般,*,*,*,たち,タチ,タチ
も	助詞,係助詞,*,*,*,*,も,モ,モ
聴く	動詞,自立,*,*,五段・カ行イ音便,基本形,聴く,キク,キク
よう	名詞,非自立,助動詞語幹,*,*,*,よう,ヨウ,ヨー
に	助詞,格助詞,一般,*,*,*,に,ニ,ニ
。	記号,句点,*,*,*,*,。,。,。
彼ら	名詞,代名詞,一般,*,*,*,彼ら,カレラ,カレラ
は	助詞,係助詞,*,*,*,*,は,ハ,ワ
，	記号,読点,*,*,*,*,，,，,，
あなた	名詞,代名詞,一般,*,*,*,あなた,アナタ,アナタ
方	名詞,接尾,一般,*,*,*,方,カタ,カタ
が	助詞,格助詞,一般,*,*,*,が,ガ,ガ
ヨルダン	名詞,固有名詞,地域,国,*,*,ヨルダン,ヨルダン,ヨルダン
を	助詞,格助詞,一般,*,*,*,を,ヲ,ヲ
渡っ	動詞,自立,*,*,五段・ラ行,連用タ接続,渡る,ワタッ,ワタッ
て	助詞,接続助詞,*,*,*,*,て,テ,テ
行っ	動詞,非自立,*,*,五段・カ行促音便,連用タ接続,行く,イッ,イッ
て	助詞,接続助詞,*,*,*,*,て,テ,テ
取得	名詞,サ変接続,*,*,*,*,取得,シュトク,シュトク
する	動詞,自立,*,*,サ変・スル,基本形,する,スル,スル
地	名詞,一般,*,*,*,*,地,チ,チ
で	助詞,格助詞,一般,*,*,*,で,デ,デ
生きる	動詞,自立,*,*,一段,基本形,生きる,イキル,イキル
日	名詞,非自立,副詞可能,*,*,*,日,ヒ,ヒ
の	助詞,連体化,*,*,*,*,の,ノ,ノ
限り	名詞,非自立,副詞可能,*,*,*,限り,カギリ,カギリ
あなた	名詞,代名詞,一般,*,*,*,あなた,アナタ,アナタ
方	名詞,接尾,一般,*,*,*,方,カタ,カタ
の	助詞,連体化,*,*,*,*,の,ノ,ノ
神	名詞,一般,*,*,*,*,神,カミ,カミ
エホバ	名詞,一般,*,*,*,*,エホバ,エホバ,エホバ
を	助詞,格助詞,一般,*,*,*,を,ヲ,ヲ
恐れる	動詞,自立,*,*,一段,基本形,恐れる,オソレル,オソレル
こと	名詞,非自立,一般,*,*,*,こと,コト,コト
を	助詞,格助詞,一般,*,*,*,を,ヲ,ヲ
学ば	動詞,自立,*,*,五段・バ行,未然形,学ぶ,マナバ,マナバ
なけれ	助動詞,*,*,*,特殊・ナイ,仮定形,ない,ナケレ,ナケレ
ば	助詞,接続助詞,*,*,*,*,ば,バ,バ
なら	動詞,非自立,*,*,五段・ラ行,未然形,なる,ナラ,ナラ
ない	助動詞,*,*,*,特殊・ナイ,基本形,ない,ナイ,ナイ
」	記号,括弧閉,*,*,*,*,」,」,」
。	記号,句点,*,*,*,*,。,。,。
その後	名詞,副詞可能,*,*,*,*,その後,ソノゴ,ソノゴ
エホバ	名詞,一般,*,*,*,*,エホバ,エホバ,エホバ
は	助詞,係助詞,*,*,*,*,は,ハ,ワ
モー	名詞,固有名詞,人名,姓,*,*,モー,モー,モー
セ	名詞,一般,*,*,*,*,セ,セ,セ
に	助詞,格助詞,一般,*,*,*,に,ニ,ニ
こう	副詞,助詞類接続,*,*,*,*,こう,コウ,コー
言わ	動詞,自立,*,*,五段・ワ行促音便,未然形,言う,イワ,イワ
れ	動詞,接尾,*,*,一段,連用形,れる,レ,レ
た	助動詞,*,*,*,特殊・タ,基本形,た,タ,タ
。	記号,句点,*,*,*,*,。,。,。
「	記号,括弧開,*,*,*,*,「,「,「
見よ	動詞,自立,*,*,一段,命令ｙｏ,見る,ミヨ,ミヨ
，	記号,読点,*,*,*,*,，,，,，
あなた	名詞,代名詞,一般,*,*,*,あなた,アナタ,アナタ
の	助詞,格助詞,一般,*,*,*,の,ノ,ノ
死ぬ	動詞,自立,*,*,五段・ナ行,基本形,死ぬ,シヌ,シヌ
日	名詞,非自立,副詞可能,*,*,*,日,ヒ,ヒ
が	助詞,格助詞,一般,*,*,*,が,ガ,ガ
近づい	動詞,自立,*,*,五段・カ行イ音便,連用タ接続,近づく,チカヅイ,チカズイ
た	助動詞,*,*,*,特殊・タ,基本形,た,タ,タ
。	記号,句点,*,*,*,*,。,。,。
ヨシュア	名詞,一般,*,*,*,*,*
を	助詞,格助詞,一般,*,*,*,を,ヲ,ヲ
呼び	動詞,自立,*,*,五段・バ行,連用形,呼ぶ,ヨビ,ヨビ
，	記号,読点,*,*,*,*,，,，,，
あなた	名詞,代名詞,一般,*,*,*,あなた,アナタ,アナタ
方	名詞,接尾,一般,*,*,*,方,カタ,カタ
は	助詞,係助詞,*,*,*,*,は,ハ,ワ
会見	名詞,サ変接続,*,*,*,*,会見,カイケン,カイケン
の	助詞,連体化,*,*,*,*,の,ノ,ノ
天幕	名詞,一般,*,*,*,*,天幕,テンマク,テンマク
の	助詞,連体化,*,*,*,*,の,ノ,ノ
中	名詞,非自立,副詞可能,*,*,*,中,ナカ,ナカ
に	助詞,格助詞,一般,*,*,*,に,ニ,ニ
立ち	動詞,自立,*,*,五段・タ行,連用形,立つ,タチ,タチ
なさい	動詞,非自立,*,*,五段・ラ行特殊,命令ｉ,なさる,ナサイ,ナサイ
。	記号,句点,*,*,*,*,。,。,。
わたし	名詞,代名詞,一般,*,*,*,わたし,ワタシ,ワタシ
が	助詞,格助詞,一般,*,*,*,が,ガ,ガ
彼	名詞,代名詞,一般,*,*,*,彼,カレ,カレ
を	助詞,格助詞,一般,*,*,*,を,ヲ,ヲ
任命	名詞,サ変接続,*,*,*,*,任命,ニンメイ,ニンメイ
する	動詞,自立,*,*,サ変・スル,基本形,する,スル,スル
ため	名詞,非自立,副詞可能,*,*,*,ため,タメ,タメ
で	助動詞,*,*,*,特殊・ダ,連用形,だ,デ,デ
ある	助動詞,*,*,*,五段・ラ行アル,基本形,ある,アル,アル
」	記号,括弧閉,*,*,*,*,」,」,」
。	記号,句点,*,*,*,*,。,。,。
それで	接続詞,*,*,*,*,*,それで,ソレデ,ソレデ
モー	名詞,固有名詞,人名,姓,*,*,モー,モー,モー
セ	名詞,一般,*,*,*,*,セ,セ,セ
と	助詞,並立助詞,*,*,*,*,と,ト,ト
ヨシュア	名詞,一般,*,*,*,*,*
は	助詞,係助詞,*,*,*,*,は,ハ,ワ
行っ	動詞,自立,*,*,五段・ワ行促音便,連用タ接続,行う,オコナッ,オコナッ
て	助詞,接続助詞,*,*,*,*,て,テ,テ
，	記号,読点,*,*,*,*,，,，,，
会見	名詞,サ変接続,*,*,*,*,会見,カイケン,カイケン
の	助詞,連体化,*,*,*,*,の,ノ,ノ
天幕	名詞,一般,*,*,*,*,天幕,テンマク,テンマク
の	助詞,連体化,*,*,*,*,の,ノ,ノ
中	名詞,非自立,副詞可能,*,*,*,中,ナカ,ナカ
に	助詞,格助詞,一般,*,*,*,に,ニ,ニ
立っ	動詞,自立,*,*,五段・タ行,連用タ接続,立つ,タッ,タッ
た	助動詞,*,*,*,特殊・タ,基本形,た,タ,タ
。	記号,句点,*,*,*,*,。,。,。
その	連体詞,*,*,*,*,*,その,ソノ,ソノ
時	名詞,非自立,副詞可能,*,*,*,時,トキ,トキ
エホバ	名詞,一般,*,*,*,*,エホバ,エホバ,エホバ
は	助詞,係助詞,*,*,*,*,は,ハ,ワ
雲	名詞,一般,*,*,*,*,雲,クモ,クモ
の	助詞,連体化,*,*,*,*,の,ノ,ノ
柱	名詞,一般,*,*,*,*,柱,ハシラ,ハシラ
の	助詞,連体化,*,*,*,*,の,ノ,ノ
うち	名詞,非自立,副詞可能,*,*,*,うち,ウチ,ウチ
に	助詞,格助詞,一般,*,*,*,に,ニ,ニ
あっ	動詞,自立,*,*,五段・ラ行,連用タ接続,ある,アッ,アッ
て	助詞,接続助詞,*,*,*,*,て,テ,テ
その	連体詞,*,*,*,*,*,その,ソノ,ソノ
天幕	名詞,一般,*,*,*,*,天幕,テンマク,テンマク
に	助詞,格助詞,一般,*,*,*,に,ニ,ニ
現われ	動詞,自立,*,*,一段,連用形,現われる,アラワレ,アラワレ
，	記号,読点,*,*,*,*,，,，,，
雲	名詞,一般,*,*,*,*,雲,クモ,クモ
の	助詞,連体化,*,*,*,*,の,ノ,ノ
柱	名詞,一般,*,*,*,*,柱,ハシラ,ハシラ
が	助詞,格助詞,一般,*,*,*,が,ガ,ガ
天幕	名詞,一般,*,*,*,*,天幕,テンマク,テンマク
の	助詞,連体化,*,*,*,*,の,ノ,ノ
入口	名詞,一般,*,*,*,*,入口,イリグチ,イリグチ
の	助詞,連体化,*,*,*,*,の,ノ,ノ
そば	名詞,一般,*,*,*,*,そば,ソバ,ソバ
に	助詞,格助詞,一般,*,*,*,に,ニ,ニ
立つ	動詞,自立,*,*,五段・タ行,基本形,立つ,タツ,タツ
よう	名詞,非自立,助動詞語幹,*,*,*,よう,ヨウ,ヨー
に	助詞,格助詞,一般,*,*,*,に,ニ,ニ
なっ	動詞,自立,*,*,五段・ラ行,連用タ接続,なる,ナッ,ナッ
た	助動詞,*,*,*,特殊・タ,基本形,た,タ,タ
。	記号,句点,*,*,*,*,。,。,。
そうして	接続詞,*,*,*,*,*,そうして,ソウシテ,ソーシテ
エホバ	名詞,一般,*,*,*,*,エホバ,エホバ,エホバ
は	助詞,係助詞,*,*,*,*,は,ハ,ワ
モー	名詞,固有名詞,人名,姓,*,*,モー,モー,モー
セ	名詞,一般,*,*,*,*,セ,セ,セ
に	助詞,格助詞,一般,*,*,*,に,ニ,ニ
こう	副詞,助詞類接続,*,*,*,*,こう,コウ,コー
言わ	動詞,自立,*,*,五段・ワ行促音便,未然形,言う,イワ,イワ
れ	動詞,接尾,*,*,一段,連用形,れる,レ,レ
た	助動詞,*,*,*,特殊・タ,基本形,た,タ,タ
。	記号,句点,*,*,*,*,。,。,。
「	記号,括弧開,*,*,*,*,「,「,「
見よ	動詞,自立,*,*,一段,命令ｙｏ,見る,ミヨ,ミヨ
，	記号,読点,*,*,*,*,，,，,，
あなた	名詞,代名詞,一般,*,*,*,あなた,アナタ,アナタ
は	助詞,係助詞,*,*,*,*,は,ハ,ワ
父祖	名詞,一般,*,*,*,*,父祖,フソ,フソ
たち	名詞,接尾,一般,*,*,*,たち,タチ,タチ
と共に	助詞,格助詞,連語,*,*,*,と共に,トトモニ,トトモニ
横たわろ	動詞,自立,*,*,五段・ラ行,未然ウ接続,横たわる,ヨコタワロ,ヨコタワロ
う	助動詞,*,*,*,不変化型,基本形,う,ウ,ウ
と	助詞,格助詞,引用,*,*,*,と,ト,ト
し	動詞,自立,*,*,サ変・スル,連用形,する,シ,シ
て	助詞,接続助詞,*,*,*,*,て,テ,テ
いる	動詞,非自立,*,*,一段,基本形,いる,イル,イル
。	記号,句点,*,*,*,*,。,。,。
この	連体詞,*,*,*,*,*,この,コノ,コノ
民	名詞,一般,*,*,*,*,民,ミン,ミン
は	助詞,係助詞,*,*,*,*,は,ハ,ワ
必ずや	副詞,一般,*,*,*,*,必ずや,カナラズヤ,カナラズヤ
身	名詞,一般,*,*,*,*,身,ミ,ミ
を	助詞,格助詞,一般,*,*,*,を,ヲ,ヲ
起こし	動詞,自立,*,*,五段・サ行,連用形,起こす,オコシ,オコシ
，	記号,読点,*,*,*,*,，,，,，
その	連体詞,*,*,*,*,*,その,ソノ,ソノ
進み	動詞,自立,*,*,五段・マ行,連用形,進む,ススミ,ススミ
行く	動詞,非自立,*,*,五段・カ行促音便,基本形,行く,イク,イク
地	名詞,一般,*,*,*,*,地,チ,チ
の	助詞,連体化,*,*,*,*,の,ノ,ノ
異国	名詞,一般,*,*,*,*,異国,イコク,イコク
の	助詞,連体化,*,*,*,*,の,ノ,ノ
神	名詞,一般,*,*,*,*,神,カミ,カミ
々	記号,一般,*,*,*,*,々,々,々
と	助詞,格助詞,引用,*,*,*,と,ト,ト
，	記号,読点,*,*,*,*,，,，,，
まさに	副詞,一般,*,*,*,*,まさに,マサニ,マサニ
その	連体詞,*,*,*,*,*,その,ソノ,ソノ
ただ中	名詞,一般,*,*,*,*,ただ中,タダナカ,タダナカ
に	助詞,格助詞,一般,*,*,*,に,ニ,ニ
入っ	動詞,自立,*,*,五段・ラ行,連用タ接続,入る,ハイッ,ハイッ
て	助詞,接続助詞,*,*,*,*,て,テ,テ
不倫	名詞,形容動詞語幹,*,*,*,*,不倫,フリン,フリン
な	助動詞,*,*,*,特殊・ダ,体言接続,だ,ナ,ナ
交わり	名詞,一般,*,*,*,*,交わり,マジワリ,マジワリ
を	助詞,格助詞,一般,*,*,*,を,ヲ,ヲ
持ち	動詞,自立,*,*,五段・タ行,連用形,持つ,モチ,モチ
，	記号,読点,*,*,*,*,，,，,，
必ずや	副詞,一般,*,*,*,*,必ずや,カナラズヤ,カナラズヤ
わたし	名詞,代名詞,一般,*,*,*,わたし,ワタシ,ワタシ
を	助詞,格助詞,一般,*,*,*,を,ヲ,ヲ
捨て	動詞,自立,*,*,一段,連用形,捨てる,ステ,ステ
，	記号,読点,*,*,*,*,，,，,，
わたし	名詞,代名詞,一般,*,*,*,わたし,ワタシ,ワタシ
が	助詞,格助詞,一般,*,*,*,が,ガ,ガ
彼ら	名詞,代名詞,一般,*,*,*,彼ら,カレラ,カレラ
と	助詞,格助詞,一般,*,*,*,と,ト,ト
結ん	動詞,自立,*,*,五段・バ行,連用タ接続,結ぶ,ムスン,ムスン
だ	助動詞,*,*,*,特殊・タ,基本形,だ,ダ,ダ
契約	名詞,サ変接続,*,*,*,*,契約,ケイヤク,ケイヤク
を	助詞,格助詞,一般,*,*,*,を,ヲ,ヲ
破る	動詞,自立,*,*,五段・ラ行,基本形,破る,ヤブル,ヤブル
で	助動詞,*,*,*,特殊・ダ,連用形,だ,デ,デ
あろ	助動詞,*,*,*,五段・ラ行アル,未然ウ接続,ある,アロ,アロ
う	助動詞,*,*,*,不変化型,基本形,う,ウ,ウ
。	記号,句点,*,*,*,*,。,。,。
その	連体詞,*,*,*,*,*,その,ソノ,ソノ
日	名詞,非自立,副詞可能,*,*,*,日,ヒ,ヒ
，	記号,読点,*,*,*,*,，,，,，
わたし	名詞,代名詞,一般,*,*,*,わたし,ワタシ,ワタシ
の	助詞,連体化,*,*,*,*,の,ノ,ノ
怒り	名詞,一般,*,*,*,*,怒り,イカリ,イカリ
は	助詞,係助詞,*,*,*,*,は,ハ,ワ
彼ら	名詞,代名詞,一般,*,*,*,彼ら,カレラ,カレラ
に対して	助詞,格助詞,連語,*,*,*,に対して,ニタイシテ,ニタイシテ
まさに	副詞,一般,*,*,*,*,まさに,マサニ,マサニ
燃え	動詞,自立,*,*,一段,連用形,燃える,モエ,モエ
，	記号,読点,*,*,*,*,，,，,，
わたし	名詞,代名詞,一般,*,*,*,わたし,ワタシ,ワタシ
は	助詞,係助詞,*,*,*,*,は,ハ,ワ
必ず	副詞,助詞類接続,*,*,*,*,必ず,カナラズ,カナラズ
彼ら	名詞,代名詞,一般,*,*,*,彼ら,カレラ,カレラ
を	助詞,格助詞,一般,*,*,*,を,ヲ,ヲ
捨て	動詞,自立,*,*,一段,連用形,捨てる,ステ,ステ
，	記号,読点,*,*,*,*,，,，,，
自分	名詞,一般,*,*,*,*,自分,ジブン,ジブン
の	助詞,連体化,*,*,*,*,の,ノ,ノ
顔	名詞,一般,*,*,*,*,顔,カオ,カオ
を	助詞,格助詞,一般,*,*,*,を,ヲ,ヲ
彼ら	名詞,代名詞,一般,*,*,*,彼ら,カレラ,カレラ
から	助詞,格助詞,一般,*,*,*,から,カラ,カラ
隠し	動詞,自立,*,*,五段・サ行,連用形,隠す,カクシ,カクシ
，	記号,読点,*,*,*,*,，,，,，
彼ら	名詞,代名詞,一般,*,*,*,彼ら,カレラ,カレラ
は	助詞,係助詞,*,*,*,*,は,ハ,ワ
食い	動詞,自立,*,*,五段・ワ行促音便,連用形,食う,クイ,クイ
尽くさ	動詞,自立,*,*,五段・サ行,未然形,尽くす,ツクサ,ツクサ
れる	動詞,接尾,*,*,一段,基本形,れる,レル,レル
べき	助動詞,*,*,*,文語・ベシ,体言接続,べし,ベキ,ベキ
もの	名詞,非自立,一般,*,*,*,もの,モノ,モノ
と	助詞,格助詞,一般,*,*,*,と,ト,ト
なる	動詞,自立,*,*,五段・ラ行,基本形,なる,ナル,ナル
。	記号,句点,*,*,*,*,。,。,。
多く	名詞,副詞可能,*,*,*,*,多く,オオク,オーク
の	助詞,連体化,*,*,*,*,の,ノ,ノ
災い	名詞,サ変接続,*,*,*,*,災い,ワザワイ,ワザワイ
と	助詞,並立助詞,*,*,*,*,と,ト,ト
苦難	名詞,サ変接続,*,*,*,*,苦難,クナン,クナン
が	助詞,格助詞,一般,*,*,*,が,ガ,ガ
必ず	副詞,助詞類接続,*,*,*,*,必ず,カナラズ,カナラズ
彼ら	名詞,代名詞,一般,*,*,*,彼ら,カレラ,カレラ
に	助詞,格助詞,一般,*,*,*,に,ニ,ニ
臨み	動詞,自立,*,*,五段・マ行,連用形,臨む,ノゾミ,ノゾミ
，	記号,読点,*,*,*,*,，,，,，
彼ら	名詞,代名詞,一般,*,*,*,彼ら,カレラ,カレラ
は	助詞,係助詞,*,*,*,*,は,ハ,ワ
その	連体詞,*,*,*,*,*,その,ソノ,ソノ
日	名詞,非自立,副詞可能,*,*,*,日,ヒ,ヒ
に	助詞,格助詞,一般,*,*,*,に,ニ,ニ
きっと	副詞,一般,*,*,*,*,きっと,キット,キット
言う	動詞,自立,*,*,五段・ワ行促音便,基本形,言う,イウ,イウ
で	助動詞,*,*,*,特殊・ダ,連用形,だ,デ,デ
あろ	助動詞,*,*,*,五段・ラ行アル,未然ウ接続,ある,アロ,アロ
う	助動詞,*,*,*,不変化型,基本形,う,ウ,ウ
，	記号,読点,*,*,*,*,，,，,，
『	記号,括弧開,*,*,*,*,『,『,『
こうした	連体詞,*,*,*,*,*,こうした,コウシタ,コーシタ
災い	名詞,サ変接続,*,*,*,*,災い,ワザワイ,ワザワイ
が	助詞,格助詞,一般,*,*,*,が,ガ,ガ
臨ん	動詞,自立,*,*,五段・マ行,連用タ接続,臨む,ノゾン,ノゾン
だ	助動詞,*,*,*,特殊・タ,基本形,だ,ダ,ダ
の	名詞,非自立,一般,*,*,*,の,ノ,ノ
は	助詞,係助詞,*,*,*,*,は,ハ,ワ
わたし	名詞,代名詞,一般,*,*,*,わたし,ワタシ,ワタシ
たち	名詞,接尾,一般,*,*,*,たち,タチ,タチ
の	助詞,連体化,*,*,*,*,の,ノ,ノ
神	名詞,一般,*,*,*,*,神,カミ,カミ
が	助詞,格助詞,一般,*,*,*,が,ガ,ガ
わたし	名詞,代名詞,一般,*,*,*,わたし,ワタシ,ワタシ
たち	名詞,接尾,一般,*,*,*,たち,タチ,タチ
の	助詞,連体化,*,*,*,*,の,ノ,ノ
中	名詞,非自立,副詞可能,*,*,*,中,ナカ,ナカ
に	助詞,格助詞,一般,*,*,*,に,ニ,ニ
おら	動詞,自立,*,*,五段・ラ行,未然形,おる,オラ,オラ
れ	動詞,接尾,*,*,一段,未然形,れる,レ,レ
ない	助動詞,*,*,*,特殊・ナイ,基本形,ない,ナイ,ナイ
から	助詞,接続助詞,*,*,*,*,から,カラ,カラ
で	助動詞,*,*,*,特殊・ダ,連用形,だ,デ,デ
は	助詞,係助詞,*,*,*,*,は,ハ,ワ
ない	助動詞,*,*,*,特殊・ナイ,基本形,ない,ナイ,ナイ
か	助詞,副助詞／並立助詞／終助詞,*,*,*,*,か,カ,カ
』	記号,括弧閉,*,*,*,*,』,』,』
と	助詞,格助詞,引用,*,*,*,と,ト,ト
。	記号,句点,*,*,*,*,。,。,。
それでも	接続詞,*,*,*,*,*,それでも,ソレデモ,ソレデモ
わたし	名詞,代名詞,一般,*,*,*,わたし,ワタシ,ワタシ
は	助詞,係助詞,*,*,*,*,は,ハ,ワ
，	記号,読点,*,*,*,*,，,，,，
その	連体詞,*,*,*,*,*,その,ソノ,ソノ
日	名詞,非自立,副詞可能,*,*,*,日,ヒ,ヒ
に	助詞,格助詞,一般,*,*,*,に,ニ,ニ
自分	名詞,一般,*,*,*,*,自分,ジブン,ジブン
の	助詞,連体化,*,*,*,*,の,ノ,ノ
顔	名詞,一般,*,*,*,*,顔,カオ,カオ
を	助詞,格助詞,一般,*,*,*,を,ヲ,ヲ
全く	副詞,助詞類接続,*,*,*,*,全く,マッタク,マッタク
隠す	動詞,自立,*,*,五段・サ行,基本形,隠す,カクス,カクス
。	記号,句点,*,*,*,*,。,。,。
彼ら	名詞,代名詞,一般,*,*,*,彼ら,カレラ,カレラ
の	助詞,格助詞,一般,*,*,*,の,ノ,ノ
行なっ	動詞,自立,*,*,五段・ワ行促音便,連用タ接続,行なう,オコナッ,オコナッ
た	助動詞,*,*,*,特殊・タ,基本形,た,タ,タ
すべて	名詞,副詞可能,*,*,*,*,すべて,スベテ,スベテ
の	助詞,連体化,*,*,*,*,の,ノ,ノ
悪	名詞,一般,*,*,*,*,悪,アク,アク
の	助詞,連体化,*,*,*,*,の,ノ,ノ
ため	名詞,非自立,副詞可能,*,*,*,ため,タメ,タメ
，	記号,読点,*,*,*,*,，,，,，
彼ら	名詞,代名詞,一般,*,*,*,彼ら,カレラ,カレラ
が	助詞,格助詞,一般,*,*,*,が,ガ,ガ
他	名詞,一般,*,*,*,*,他,タ,タ
の	助詞,連体化,*,*,*,*,の,ノ,ノ
神	名詞,一般,*,*,*,*,神,カミ,カミ
々	記号,一般,*,*,*,*,々,々,々
に	助詞,格助詞,一般,*,*,*,に,ニ,ニ
身	名詞,一般,*,*,*,*,身,ミ,ミ
を	助詞,格助詞,一般,*,*,*,を,ヲ,ヲ
向け	動詞,自立,*,*,一段,連用形,向ける,ムケ,ムケ
た	助動詞,*,*,*,特殊・タ,基本形,た,タ,タ
ため	名詞,非自立,副詞可能,*,*,*,ため,タメ,タメ
で	助動詞,*,*,*,特殊・ダ,連用形,だ,デ,デ
ある	助動詞,*,*,*,五段・ラ行アル,基本形,ある,アル,アル
。	記号,句点,*,*,*,*,。,。,。
「	記号,括弧開,*,*,*,*,「,「,「
ゆえに	接続詞,*,*,*,*,*,ゆえに,ユエニ,ユエニ
今	名詞,副詞可能,*,*,*,*,今,イマ,イマ
，	記号,読点,*,*,*,*,，,，,，
あなた	名詞,代名詞,一般,*,*,*,あなた,アナタ,アナタ
方	名詞,接尾,一般,*,*,*,方,カタ,カタ
の	助詞,連体化,*,*,*,*,の,ノ,ノ
ため	名詞,非自立,副詞可能,*,*,*,ため,タメ,タメ
に	助詞,格助詞,一般,*,*,*,に,ニ,ニ
この	連体詞,*,*,*,*,*,この,コノ,コノ
歌	名詞,一般,*,*,*,*,歌,ウタ,ウタ
を	助詞,格助詞,一般,*,*,*,を,ヲ,ヲ
書き留め	動詞,自立,*,*,一段,連用形,書き留める,カキトメ,カキトメ
，	記号,読点,*,*,*,*,，,，,，
それ	名詞,代名詞,一般,*,*,*,それ,ソレ,ソレ
を	助詞,格助詞,一般,*,*,*,を,ヲ,ヲ
イスラエル	名詞,固有名詞,地域,国,*,*,イスラエル,イスラエル,イスラエル
の	助詞,連体化,*,*,*,*,の,ノ,ノ
子	名詞,一般,*,*,*,*,子,コ,コ
ら	名詞,接尾,一般,*,*,*,ら,ラ,ラ
に	助詞,格助詞,一般,*,*,*,に,ニ,ニ
教え	動詞,自立,*,*,一段,連用形,教える,オシエ,オシエ
なさい	動詞,非自立,*,*,五段・ラ行特殊,命令ｉ,なさる,ナサイ,ナサイ
。	記号,句点,*,*,*,*,。,。,。
それ	名詞,代名詞,一般,*,*,*,それ,ソレ,ソレ
を	助詞,格助詞,一般,*,*,*,を,ヲ,ヲ
彼ら	名詞,代名詞,一般,*,*,*,彼ら,カレラ,カレラ
の	助詞,連体化,*,*,*,*,の,ノ,ノ
口	名詞,一般,*,*,*,*,口,クチ,クチ
に	助詞,格助詞,一般,*,*,*,に,ニ,ニ
置い	動詞,自立,*,*,五段・カ行イ音便,連用タ接続,置く,オイ,オイ
て	助詞,接続助詞,*,*,*,*,て,テ,テ
，	記号,読点,*,*,*,*,，,，,，
この	連体詞,*,*,*,*,*,この,コノ,コノ
歌	名詞,一般,*,*,*,*,歌,ウタ,ウタ
が	助詞,格助詞,一般,*,*,*,が,ガ,ガ
イスラエル	名詞,固有名詞,地域,国,*,*,イスラエル,イスラエル,イスラエル
の	助詞,連体化,*,*,*,*,の,ノ,ノ
子	名詞,一般,*,*,*,*,子,コ,コ
ら	名詞,接尾,一般,*,*,*,ら,ラ,ラ
に対する	助詞,格助詞,連語,*,*,*,に対する,ニタイスル,ニタイスル
わたし	名詞,代名詞,一般,*,*,*,わたし,ワタシ,ワタシ
の	助詞,格助詞,一般,*,*,*,の,ノ,ノ
証し	動詞,自立,*,*,五段・サ行,連用形,証す,アカシ,アカシ
と	助詞,格助詞,一般,*,*,*,と,ト,ト
なる	動詞,自立,*,*,五段・ラ行,基本形,なる,ナル,ナル
よう	名詞,非自立,助動詞語幹,*,*,*,よう,ヨウ,ヨー
に	助詞,格助詞,一般,*,*,*,に,ニ,ニ
し	動詞,自立,*,*,サ変・スル,連用形,する,シ,シ
なさい	動詞,非自立,*,*,五段・ラ行特殊,命令ｉ,なさる,ナサイ,ナサイ
。	記号,句点,*,*,*,*,。,。,。
わたし	名詞,代名詞,一般,*,*,*,わたし,ワタシ,ワタシ
は	助詞,係助詞,*,*,*,*,は,ハ,ワ
彼ら	名詞,代名詞,一般,*,*,*,彼ら,カレラ,カレラ
を	助詞,格助詞,一般,*,*,*,を,ヲ,ヲ
，	記号,読点,*,*,*,*,，,，,，
その	連体詞,*,*,*,*,*,その,ソノ,ソノ
父祖	名詞,一般,*,*,*,*,父祖,フソ,フソ
たち	名詞,接尾,一般,*,*,*,たち,タチ,タチ
に	助詞,格助詞,一般,*,*,*,に,ニ,ニ
誓っ	動詞,自立,*,*,五段・ワ行促音便,連用タ接続,誓う,チカッ,チカッ
た	助動詞,*,*,*,特殊・タ,基本形,た,タ,タ
地	名詞,一般,*,*,*,*,地,チ,チ
，	記号,読点,*,*,*,*,，,，,，
乳	名詞,一般,*,*,*,*,乳,チチ,チチ
と	助詞,並立助詞,*,*,*,*,と,ト,ト
蜜	名詞,一般,*,*,*,*,蜜,ミツ,ミツ
の	助詞,格助詞,一般,*,*,*,の,ノ,ノ
流れる	動詞,自立,*,*,一段,基本形,流れる,ナガレル,ナガレル
所	名詞,非自立,副詞可能,*,*,*,所,トコロ,トコロ
へ	助詞,格助詞,一般,*,*,*,へ,ヘ,エ
と	助詞,格助詞,引用,*,*,*,と,ト,ト
携え	動詞,自立,*,*,一段,連用形,携える,タズサエ,タズサエ
て	助詞,接続助詞,*,*,*,*,て,テ,テ
行く	動詞,非自立,*,*,五段・カ行促音便,基本形,行く,イク,イク
から	助詞,接続助詞,*,*,*,*,から,カラ,カラ
で	助動詞,*,*,*,特殊・ダ,連用形,だ,デ,デ
ある	助動詞,*,*,*,五段・ラ行アル,基本形,ある,アル,アル
。	記号,句点,*,*,*,*,。,。,。
彼ら	名詞,代名詞,一般,*,*,*,彼ら,カレラ,カレラ
は	助詞,係助詞,*,*,*,*,は,ハ,ワ
必ずや	副詞,一般,*,*,*,*,必ずや,カナラズヤ,カナラズヤ
食べ	動詞,自立,*,*,一段,連用形,食べる,タベ,タベ
て	助詞,接続助詞,*,*,*,*,て,テ,テ
満ち足り	動詞,自立,*,*,一段,連用形,満ち足りる,ミチタリ,ミチタリ
，	記号,読点,*,*,*,*,，,，,，
肥え	動詞,自立,*,*,一段,連用形,肥える,コエ,コエ
太っ	動詞,自立,*,*,五段・ラ行,連用タ接続,太る,フトッ,フトッ
て	助詞,接続助詞,*,*,*,*,て,テ,テ
他	名詞,一般,*,*,*,*,他,タ,タ
の	助詞,連体化,*,*,*,*,の,ノ,ノ
神	名詞,一般,*,*,*,*,神,カミ,カミ
々	記号,一般,*,*,*,*,々,々,々
に	助詞,格助詞,一般,*,*,*,に,ニ,ニ
身	名詞,一般,*,*,*,*,身,ミ,ミ
を	助詞,格助詞,一般,*,*,*,を,ヲ,ヲ
向け	動詞,自立,*,*,一段,連用形,向ける,ムケ,ムケ
，	記号,読点,*,*,*,*,，,，,，
まさに	副詞,一般,*,*,*,*,まさに,マサニ,マサニ
それ	名詞,代名詞,一般,*,*,*,それ,ソレ,ソレ
に	助詞,格助詞,一般,*,*,*,に,ニ,ニ
仕え	動詞,自立,*,*,一段,連用形,仕える,ツカエ,ツカエ
て	助詞,接続助詞,*,*,*,*,て,テ,テ
わたし	名詞,代名詞,一般,*,*,*,わたし,ワタシ,ワタシ
に	助詞,格助詞,一般,*,*,*,に,ニ,ニ
不敬	名詞,形容動詞語幹,*,*,*,*,不敬,フケイ,フケイ
な	助動詞,*,*,*,特殊・ダ,体言接続,だ,ナ,ナ
態度	名詞,一般,*,*,*,*,態度,タイド,タイド
を	助詞,格助詞,一般,*,*,*,を,ヲ,ヲ
取り	動詞,自立,*,*,五段・ラ行,連用形,取る,トリ,トリ
，	記号,読点,*,*,*,*,，,，,，
わたし	名詞,代名詞,一般,*,*,*,わたし,ワタシ,ワタシ
の	助詞,連体化,*,*,*,*,の,ノ,ノ
契約	名詞,サ変接続,*,*,*,*,契約,ケイヤク,ケイヤク
を	助詞,格助詞,一般,*,*,*,を,ヲ,ヲ
破る	動詞,自立,*,*,五段・ラ行,基本形,破る,ヤブル,ヤブル
で	助動詞,*,*,*,特殊・ダ,連用形,だ,デ,デ
あろ	助動詞,*,*,*,五段・ラ行アル,未然ウ接続,ある,アロ,アロ
う	助動詞,*,*,*,不変化型,基本形,う,ウ,ウ
。	記号,句点,*,*,*,*,。,。,。
それで	接続詞,*,*,*,*,*,それで,ソレデ,ソレデ
，	記号,読点,*,*,*,*,，,，,，
多く	名詞,副詞可能,*,*,*,*,多く,オオク,オーク
の	助詞,連体化,*,*,*,*,の,ノ,ノ
災い	名詞,サ変接続,*,*,*,*,災い,ワザワイ,ワザワイ
と	助詞,並立助詞,*,*,*,*,と,ト,ト
苦難	名詞,サ変接続,*,*,*,*,苦難,クナン,クナン
が	助詞,格助詞,一般,*,*,*,が,ガ,ガ
彼ら	名詞,代名詞,一般,*,*,*,彼ら,カレラ,カレラ
の	助詞,連体化,*,*,*,*,の,ノ,ノ
上	名詞,非自立,副詞可能,*,*,*,上,ウエ,ウエ
に	助詞,格助詞,一般,*,*,*,に,ニ,ニ
臨む	動詞,自立,*,*,五段・マ行,基本形,臨む,ノゾム,ノゾム
時	名詞,非自立,副詞可能,*,*,*,時,トキ,トキ
，	記号,読点,*,*,*,*,，,，,，
この	連体詞,*,*,*,*,*,この,コノ,コノ
歌	名詞,一般,*,*,*,*,歌,ウタ,ウタ
が	助詞,格助詞,一般,*,*,*,が,ガ,ガ
彼ら	名詞,代名詞,一般,*,*,*,彼ら,カレラ,カレラ
の	助詞,連体化,*,*,*,*,の,ノ,ノ
前	名詞,副詞可能,*,*,*,*,前,マエ,マエ
で	助詞,格助詞,一般,*,*,*,で,デ,デ
証し	動詞,自立,*,*,五段・サ行,連用形,証す,アカシ,アカシ
と	助詞,格助詞,一般,*,*,*,と,ト,ト
なっ	動詞,自立,*,*,五段・ラ行,連用タ接続,なる,ナッ,ナッ
て	助詞,接続助詞,*,*,*,*,て,テ,テ
答える	動詞,自立,*,*,一段,基本形,答える,コタエル,コタエル
こと	名詞,非自立,一般,*,*,*,こと,コト,コト
に	助詞,格助詞,一般,*,*,*,に,ニ,ニ
なる	動詞,自立,*,*,五段・ラ行,基本形,なる,ナル,ナル
。	記号,句点,*,*,*,*,。,。,。
それ	名詞,代名詞,一般,*,*,*,それ,ソレ,ソレ
は	助詞,係助詞,*,*,*,*,は,ハ,ワ
彼ら	名詞,代名詞,一般,*,*,*,彼ら,カレラ,カレラ
の	助詞,連体化,*,*,*,*,の,ノ,ノ
子孫	名詞,一般,*,*,*,*,子孫,シソン,シソン
の	助詞,連体化,*,*,*,*,の,ノ,ノ
口	名詞,一般,*,*,*,*,口,クチ,クチ
から	助詞,格助詞,一般,*,*,*,から,カラ,カラ
忘れ	動詞,自立,*,*,一段,未然形,忘れる,ワスレ,ワスレ
られ	動詞,接尾,*,*,一段,連用形,られる,ラレ,ラレ
て	助詞,接続助詞,*,*,*,*,て,テ,テ
は	助詞,係助詞,*,*,*,*,は,ハ,ワ
いけ	動詞,非自立,*,*,一段,未然形,いける,イケ,イケ
ない	助動詞,*,*,*,特殊・ナイ,基本形,ない,ナイ,ナイ
の	名詞,非自立,一般,*,*,*,の,ノ,ノ
で	助動詞,*,*,*,特殊・ダ,連用形,だ,デ,デ
ある	助動詞,*,*,*,五段・ラ行アル,基本形,ある,アル,アル
。	記号,句点,*,*,*,*,。,。,。
わたし	名詞,代名詞,一般,*,*,*,わたし,ワタシ,ワタシ
は	助詞,係助詞,*,*,*,*,は,ハ,ワ
，	記号,読点,*,*,*,*,，,，,，
自分	名詞,一般,*,*,*,*,自分,ジブン,ジブン
が	助詞,格助詞,一般,*,*,*,が,ガ,ガ
誓っ	動詞,自立,*,*,五段・ワ行促音便,連用タ接続,誓う,チカッ,チカッ
た	助動詞,*,*,*,特殊・タ,基本形,た,タ,タ
地	名詞,一般,*,*,*,*,地,チ,チ
へ	助詞,格助詞,一般,*,*,*,へ,ヘ,エ
携え	動詞,自立,*,*,一段,連用形,携える,タズサエ,タズサエ
入れる	動詞,自立,*,*,一段,基本形,入れる,イレル,イレル
前	名詞,副詞可能,*,*,*,*,前,マエ,マエ
の	助詞,連体化,*,*,*,*,の,ノ,ノ
今日	名詞,副詞可能,*,*,*,*,今日,キョウ,キョー
すでに	副詞,一般,*,*,*,*,すでに,スデニ,スデニ
彼ら	名詞,代名詞,一般,*,*,*,彼ら,カレラ,カレラ
が	助詞,格助詞,一般,*,*,*,が,ガ,ガ
現	接頭詞,名詞接続,*,*,*,*,現,ゲン,ゲン
わし	名詞,一般,*,*,*,*,わし,ワシ,ワシ
て	助詞,接続助詞,*,*,*,*,て,テ,テ
いる	動詞,非自立,*,*,一段,基本形,いる,イル,イル
性向	名詞,一般,*,*,*,*,性向,セイコウ,セイコー
を	助詞,格助詞,一般,*,*,*,を,ヲ,ヲ
よく	副詞,一般,*,*,*,*,よく,ヨク,ヨク
知っ	動詞,自立,*,*,五段・ラ行,連用タ接続,知る,シッ,シッ
て	助詞,接続助詞,*,*,*,*,て,テ,テ
いる	動詞,非自立,*,*,一段,基本形,いる,イル,イル
の	名詞,非自立,一般,*,*,*,の,ノ,ノ
で	助動詞,*,*,*,特殊・ダ,連用形,だ,デ,デ
ある	助動詞,*,*,*,五段・ラ行アル,基本形,ある,アル,アル
」	記号,括弧閉,*,*,*,*,」,」,」
。	記号,句点,*,*,*,*,。,。,。
それで	接続詞,*,*,*,*,*,それで,ソレデ,ソレデ
モー	名詞,固有名詞,人名,姓,*,*,モー,モー,モー
セ	名詞,一般,*,*,*,*,セ,セ,セ
は	助詞,係助詞,*,*,*,*,は,ハ,ワ
その	連体詞,*,*,*,*,*,その,ソノ,ソノ
日	名詞,非自立,副詞可能,*,*,*,日,ヒ,ヒ
に	助詞,格助詞,一般,*,*,*,に,ニ,ニ
この	連体詞,*,*,*,*,*,この,コノ,コノ
歌	名詞,一般,*,*,*,*,歌,ウタ,ウタ
を	助詞,格助詞,一般,*,*,*,を,ヲ,ヲ
書き記し	動詞,自立,*,*,五段・サ行,連用形,書き記す,カキシルシ,カキシルシ
た	助動詞,*,*,*,特殊・タ,基本形,た,タ,タ
。	記号,句点,*,*,*,*,。,。,。
それ	名詞,代名詞,一般,*,*,*,それ,ソレ,ソレ
を	助詞,格助詞,一般,*,*,*,を,ヲ,ヲ
イスラエル	名詞,固有名詞,地域,国,*,*,イスラエル,イスラエル,イスラエル
の	助詞,連体化,*,*,*,*,の,ノ,ノ
子	名詞,一般,*,*,*,*,子,コ,コ
ら	名詞,接尾,一般,*,*,*,ら,ラ,ラ
に	助詞,格助詞,一般,*,*,*,に,ニ,ニ
教える	動詞,自立,*,*,一段,基本形,教える,オシエル,オシエル
ため	名詞,非自立,副詞可能,*,*,*,ため,タメ,タメ
で	助動詞,*,*,*,特殊・ダ,連用形,だ,デ,デ
あっ	助動詞,*,*,*,五段・ラ行アル,連用タ接続,ある,アッ,アッ
た	助動詞,*,*,*,特殊・タ,基本形,た,タ,タ
。	記号,句点,*,*,*,*,。,。,。
次いで	接続詞,*,*,*,*,*,次いで,ツイデ,ツイデ
[	名詞,サ変接続,*,*,*,*,*
神	名詞,接尾,一般,*,*,*,神,シン,シン
]	名詞,サ変接続,*,*,*,*,*
は	助詞,係助詞,*,*,*,*,は,ハ,ワ
ヌン	名詞,一般,*,*,*,*,*
の	助詞,連体化,*,*,*,*,の,ノ,ノ
子	接頭詞,名詞接続,*,*,*,*,子,コ,コ
ヨシュア	名詞,一般,*,*,*,*,*
を	助詞,格助詞,一般,*,*,*,を,ヲ,ヲ
任命	名詞,サ変接続,*,*,*,*,任命,ニンメイ,ニンメイ
し	動詞,自立,*,*,サ変・スル,連用形,する,シ,シ
て	助詞,接続助詞,*,*,*,*,て,テ,テ
こう	副詞,助詞類接続,*,*,*,*,こう,コウ,コー
言わ	動詞,自立,*,*,五段・ワ行促音便,未然形,言う,イワ,イワ
れ	動詞,接尾,*,*,一段,連用形,れる,レ,レ
た	助動詞,*,*,*,特殊・タ,基本形,た,タ,タ
。	記号,句点,*,*,*,*,。,。,。
「	記号,括弧開,*,*,*,*,「,「,「
勇気	名詞,一般,*,*,*,*,勇気,ユウキ,ユーキ
を	助詞,格助詞,一般,*,*,*,を,ヲ,ヲ
出し	動詞,自立,*,*,五段・サ行,連用形,出す,ダシ,ダシ
，	記号,読点,*,*,*,*,，,，,，
強く	形容詞,自立,*,*,形容詞・アウオ段,連用テ接続,強い,ツヨク,ツヨク
あり	動詞,自立,*,*,五段・ラ行,連用形,ある,アリ,アリ
なさい	動詞,非自立,*,*,五段・ラ行特殊,命令ｉ,なさる,ナサイ,ナサイ
。	記号,句点,*,*,*,*,。,。,。
あなた	名詞,代名詞,一般,*,*,*,あなた,アナタ,アナタ
が	助詞,格助詞,一般,*,*,*,が,ガ,ガ
イスラエル	名詞,固有名詞,地域,国,*,*,イスラエル,イスラエル,イスラエル
の	助詞,連体化,*,*,*,*,の,ノ,ノ
子	名詞,一般,*,*,*,*,子,コ,コ
ら	名詞,接尾,一般,*,*,*,ら,ラ,ラ
を	助詞,格助詞,一般,*,*,*,を,ヲ,ヲ
，	記号,読点,*,*,*,*,，,，,，
わたし	名詞,代名詞,一般,*,*,*,わたし,ワタシ,ワタシ
が	助詞,格助詞,一般,*,*,*,が,ガ,ガ
彼ら	名詞,代名詞,一般,*,*,*,彼ら,カレラ,カレラ
に	助詞,格助詞,一般,*,*,*,に,ニ,ニ
誓っ	動詞,自立,*,*,五段・ワ行促音便,連用タ接続,誓う,チカッ,チカッ
た	助動詞,*,*,*,特殊・タ,基本形,た,タ,タ
その	連体詞,*,*,*,*,*,その,ソノ,ソノ
土地	名詞,一般,*,*,*,*,土地,トチ,トチ
に	助詞,格助詞,一般,*,*,*,に,ニ,ニ
携え	動詞,自立,*,*,一段,連用形,携える,タズサエ,タズサエ
入れる	動詞,自立,*,*,一段,基本形,入れる,イレル,イレル
から	助詞,接続助詞,*,*,*,*,から,カラ,カラ
で	助動詞,*,*,*,特殊・ダ,連用形,だ,デ,デ
ある	助動詞,*,*,*,五段・ラ行アル,基本形,ある,アル,アル
。	記号,句点,*,*,*,*,。,。,。
わたし	名詞,代名詞,一般,*,*,*,わたし,ワタシ,ワタシ
自ら	名詞,副詞可能,*,*,*,*,自ら,ミズカラ,ミズカラ
常に	副詞,一般,*,*,*,*,常に,ツネニ,ツネニ
あなた	名詞,代名詞,一般,*,*,*,あなた,アナタ,アナタ
と共に	助詞,格助詞,連語,*,*,*,と共に,トトモニ,トトモニ
いる	動詞,自立,*,*,一段,基本形,いる,イル,イル
」	記号,括弧閉,*,*,*,*,」,」,」
。	記号,句点,*,*,*,*,。,。,。
そして	接続詞,*,*,*,*,*,そして,ソシテ,ソシテ
，	記号,読点,*,*,*,*,，,，,，
モー	名詞,固有名詞,人名,姓,*,*,モー,モー,モー
セ	名詞,一般,*,*,*,*,セ,セ,セ
は	助詞,係助詞,*,*,*,*,は,ハ,ワ
この	連体詞,*,*,*,*,*,この,コノ,コノ
律	名詞,一般,*,*,*,*,律,リツ,リツ
法	名詞,接尾,一般,*,*,*,法,ホウ,ホー
の	助詞,連体化,*,*,*,*,の,ノ,ノ
言葉	名詞,一般,*,*,*,*,言葉,コトバ,コトバ
を	助詞,格助詞,一般,*,*,*,を,ヲ,ヲ
書	名詞,一般,*,*,*,*,書,ショ,ショ
に	助詞,格助詞,一般,*,*,*,に,ニ,ニ
記し	動詞,自立,*,*,五段・サ行,連用形,記す,シルシ,シルシ
終え	動詞,非自立,*,*,一段,連用形,終える,オエ,オエ
て	助詞,接続助詞,*,*,*,*,て,テ,テ
それ	名詞,代名詞,一般,*,*,*,それ,ソレ,ソレ
を	助詞,格助詞,一般,*,*,*,を,ヲ,ヲ
完成	名詞,サ変接続,*,*,*,*,完成,カンセイ,カンセイ
し	動詞,自立,*,*,サ変・スル,連用形,する,シ,シ
た	助動詞,*,*,*,特殊・タ,基本形,た,タ,タ
が	助詞,接続助詞,*,*,*,*,が,ガ,ガ
，	記号,読点,*,*,*,*,，,，,，
すぐ	副詞,助詞類接続,*,*,*,*,すぐ,スグ,スグ
に	助詞,副詞化,*,*,*,*,に,ニ,ニ
モー	名詞,固有名詞,人名,姓,*,*,モー,モー,モー
セ	名詞,一般,*,*,*,*,セ,セ,セ
は	助詞,係助詞,*,*,*,*,は,ハ,ワ
レビ	名詞,固有名詞,人名,姓,*,*,レビ,レビ,レビ
人	名詞,接尾,一般,*,*,*,人,ジン,ジン
すなわち	接続詞,*,*,*,*,*,すなわち,スナワチ,スナワチ
エホバ	名詞,一般,*,*,*,*,エホバ,エホバ,エホバ
の	助詞,連体化,*,*,*,*,の,ノ,ノ
契約	名詞,サ変接続,*,*,*,*,契約,ケイヤク,ケイヤク
の	助詞,連体化,*,*,*,*,の,ノ,ノ
箱	名詞,一般,*,*,*,*,箱,ハコ,ハコ
を	助詞,格助詞,一般,*,*,*,を,ヲ,ヲ
担う	動詞,自立,*,*,五段・ワ行促音便,基本形,担う,ニナウ,ニナウ
者	名詞,一般,*,*,*,*,者,モノ,モノ
たち	名詞,接尾,一般,*,*,*,たち,タチ,タチ
に	助詞,格助詞,一般,*,*,*,に,ニ,ニ
命じ	動詞,自立,*,*,一段,連用形,命じる,メイジ,メイジ
て	助詞,接続助詞,*,*,*,*,て,テ,テ
こう	副詞,助詞類接続,*,*,*,*,こう,コウ,コー
言い	動詞,自立,*,*,五段・ワ行促音便,連用形,言う,イイ,イイ
はじめ	動詞,非自立,*,*,一段,連用形,はじめる,ハジメ,ハジメ
た	助動詞,*,*,*,特殊・タ,基本形,た,タ,タ
。	記号,句点,*,*,*,*,。,。,。
「	記号,括弧開,*,*,*,*,「,「,「
あなた	名詞,代名詞,一般,*,*,*,あなた,アナタ,アナタ
方	名詞,接尾,一般,*,*,*,方,カタ,カタ
は	助詞,係助詞,*,*,*,*,は,ハ,ワ
この	連体詞,*,*,*,*,*,この,コノ,コノ
律	名詞,一般,*,*,*,*,律,リツ,リツ
法	名詞,接尾,一般,*,*,*,法,ホウ,ホー
の	助詞,連体化,*,*,*,*,の,ノ,ノ
書	名詞,一般,*,*,*,*,書,ショ,ショ
を	助詞,格助詞,一般,*,*,*,を,ヲ,ヲ
受け取っ	動詞,自立,*,*,五段・ラ行,連用タ接続,受け取る,ウケトッ,ウケトッ
て	助詞,接続助詞,*,*,*,*,て,テ,テ
，	記号,読点,*,*,*,*,，,，,，
あなた	名詞,代名詞,一般,*,*,*,あなた,アナタ,アナタ
方	名詞,接尾,一般,*,*,*,方,カタ,カタ
の	助詞,連体化,*,*,*,*,の,ノ,ノ
神	名詞,一般,*,*,*,*,神,カミ,カミ
エホバ	名詞,一般,*,*,*,*,エホバ,エホバ,エホバ
の	助詞,連体化,*,*,*,*,の,ノ,ノ
契約	名詞,サ変接続,*,*,*,*,契約,ケイヤク,ケイヤク
の	助詞,連体化,*,*,*,*,の,ノ,ノ
箱	名詞,一般,*,*,*,*,箱,ハコ,ハコ
の	助詞,連体化,*,*,*,*,の,ノ,ノ
傍ら	名詞,一般,*,*,*,*,傍ら,カタワラ,カタワラ
に	助詞,格助詞,一般,*,*,*,に,ニ,ニ
置く	動詞,自立,*,*,五段・カ行イ音便,基本形,置く,オク,オク
よう	名詞,非自立,助動詞語幹,*,*,*,よう,ヨウ,ヨー
に	助詞,格助詞,一般,*,*,*,に,ニ,ニ
。	記号,句点,*,*,*,*,。,。,。
それ	名詞,代名詞,一般,*,*,*,それ,ソレ,ソレ
は	助詞,係助詞,*,*,*,*,は,ハ,ワ
そこ	名詞,代名詞,一般,*,*,*,そこ,ソコ,ソコ
に	助詞,格助詞,一般,*,*,*,に,ニ,ニ
あっ	動詞,自立,*,*,五段・ラ行,連用タ接続,ある,アッ,アッ
て	助詞,接続助詞,*,*,*,*,て,テ,テ
あなた	名詞,代名詞,一般,*,*,*,あなた,アナタ,アナタ
に対する	助詞,格助詞,連語,*,*,*,に対する,ニタイスル,ニタイスル
証し	動詞,自立,*,*,五段・サ行,連用形,証す,アカシ,アカシ
と	助詞,格助詞,一般,*,*,*,と,ト,ト
なる	動詞,自立,*,*,五段・ラ行,基本形,なる,ナル,ナル
の	名詞,非自立,一般,*,*,*,の,ノ,ノ
で	助動詞,*,*,*,特殊・ダ,連用形,だ,デ,デ
ある	助動詞,*,*,*,五段・ラ行アル,基本形,ある,アル,アル
。	記号,句点,*,*,*,*,。,。,。
この	連体詞,*,*,*,*,*,この,コノ,コノ
わたし	名詞,代名詞,一般,*,*,*,わたし,ワタシ,ワタシ
は	助詞,係助詞,*,*,*,*,は,ハ,ワ
，	記号,読点,*,*,*,*,，,，,，
あなた	名詞,代名詞,一般,*,*,*,あなた,アナタ,アナタ
の	助詞,連体化,*,*,*,*,の,ノ,ノ
反逆	名詞,サ変接続,*,*,*,*,反逆,ハンギャク,ハンギャク
の	助詞,連体化,*,*,*,*,の,ノ,ノ
傾向	名詞,一般,*,*,*,*,傾向,ケイコウ,ケイコー
と	助詞,並立助詞,*,*,*,*,と,ト,ト
こわい	形容詞,自立,*,*,形容詞・アウオ段,基本形,こわい,コワイ,コワイ
うなじ	名詞,一般,*,*,*,*,うなじ,ウナジ,ウナジ
と	助詞,並立助詞,*,*,*,*,と,ト,ト
を	助詞,格助詞,一般,*,*,*,を,ヲ,ヲ
よく	副詞,一般,*,*,*,*,よく,ヨク,ヨク
知っ	動詞,自立,*,*,五段・ラ行,連用タ接続,知る,シッ,シッ
て	助詞,接続助詞,*,*,*,*,て,テ,テ
いる	動詞,非自立,*,*,一段,基本形,いる,イル,イル
から	助詞,接続助詞,*,*,*,*,から,カラ,カラ
で	助動詞,*,*,*,特殊・ダ,連用形,だ,デ,デ
ある	助動詞,*,*,*,五段・ラ行アル,基本形,ある,アル,アル
。	記号,句点,*,*,*,*,。,。,。
わたし	名詞,代名詞,一般,*,*,*,わたし,ワタシ,ワタシ
が	助詞,格助詞,一般,*,*,*,が,ガ,ガ
今日	名詞,副詞可能,*,*,*,*,今日,キョウ,キョー
生き	動詞,自立,*,*,一段,連用形,生きる,イキ,イキ
て	助詞,接続助詞,*,*,*,*,て,テ,テ
まだ	副詞,助詞類接続,*,*,*,*,まだ,マダ,マダ
共に	副詞,一般,*,*,*,*,共に,トモニ,トモニ
いる	動詞,自立,*,*,一段,基本形,いる,イル,イル
間	名詞,一般,*,*,*,*,間,マ,マ
に	助詞,格助詞,一般,*,*,*,に,ニ,ニ
あなた	名詞,代名詞,一般,*,*,*,あなた,アナタ,アナタ
方	名詞,接尾,一般,*,*,*,方,カタ,カタ
が	助詞,格助詞,一般,*,*,*,が,ガ,ガ
エホバ	名詞,一般,*,*,*,*,エホバ,エホバ,エホバ
に対して	助詞,格助詞,連語,*,*,*,に対して,ニタイシテ,ニタイシテ
反逆	名詞,サ変接続,*,*,*,*,反逆,ハンギャク,ハンギャク
の	助詞,連体化,*,*,*,*,の,ノ,ノ
振る舞い	名詞,一般,*,*,*,*,振る舞い,フルマイ,フルマイ
を	助詞,格助詞,一般,*,*,*,を,ヲ,ヲ
し	動詞,自立,*,*,サ変・スル,連用形,する,シ,シ
た	助動詞,*,*,*,特殊・タ,基本形,た,タ,タ
の	名詞,非自立,一般,*,*,*,の,ノ,ノ
で	助動詞,*,*,*,特殊・ダ,連用形,だ,デ,デ
あれ	助動詞,*,*,*,五段・ラ行アル,仮定形,ある,アレ,アレ
ば	助詞,接続助詞,*,*,*,*,ば,バ,バ
，	記号,読点,*,*,*,*,，,，,，
わたし	名詞,代名詞,一般,*,*,*,わたし,ワタシ,ワタシ
の	助詞,連体化,*,*,*,*,の,ノ,ノ
死後	名詞,副詞可能,*,*,*,*,死後,シゴ,シゴ
に	助詞,格助詞,一般,*,*,*,に,ニ,ニ
は	助詞,係助詞,*,*,*,*,は,ハ,ワ
なおさら	副詞,助詞類接続,*,*,*,*,なおさら,ナオサラ,ナオサラ
で	助動詞,*,*,*,特殊・ダ,連用形,だ,デ,デ
あろ	助動詞,*,*,*,五段・ラ行アル,未然ウ接続,ある,アロ,アロ
う	助動詞,*,*,*,不変化型,基本形,う,ウ,ウ
。	記号,句点,*,*,*,*,。,。,。
あなた	名詞,代名詞,一般,*,*,*,あなた,アナタ,アナタ
方	名詞,接尾,一般,*,*,*,方,カタ,カタ
の	助詞,連体化,*,*,*,*,の,ノ,ノ
各	接頭詞,名詞接続,*,*,*,*,各,カク,カク
部族	名詞,一般,*,*,*,*,部族,ブゾク,ブゾク
から	助詞,格助詞,一般,*,*,*,から,カラ,カラ
すべて	名詞,副詞可能,*,*,*,*,すべて,スベテ,スベテ
の	助詞,連体化,*,*,*,*,の,ノ,ノ
年長	名詞,一般,*,*,*,*,年長,ネンチョウ,ネンチョー
者	名詞,接尾,一般,*,*,*,者,シャ,シャ
を	助詞,格助詞,一般,*,*,*,を,ヲ,ヲ
，	記号,読点,*,*,*,*,，,，,，
そして	接続詞,*,*,*,*,*,そして,ソシテ,ソシテ
あなた	名詞,代名詞,一般,*,*,*,あなた,アナタ,アナタ
方	名詞,接尾,一般,*,*,*,方,カタ,カタ
の	助詞,連体化,*,*,*,*,の,ノ,ノ
つかさ	名詞,固有名詞,人名,名,*,*,つかさ,ツカサ,ツカサ
たち	名詞,接尾,一般,*,*,*,たち,タチ,タチ
を	助詞,格助詞,一般,*,*,*,を,ヲ,ヲ
わたし	名詞,代名詞,一般,*,*,*,わたし,ワタシ,ワタシ
の	助詞,連体化,*,*,*,*,の,ノ,ノ
もと	名詞,非自立,一般,*,*,*,もと,モト,モト
に	助詞,格助詞,一般,*,*,*,に,ニ,ニ
集合	名詞,サ変接続,*,*,*,*,集合,シュウゴウ,シューゴー
さ	動詞,自立,*,*,サ変・スル,未然レル接続,する,サ,サ
せ	動詞,接尾,*,*,一段,連用形,せる,セ,セ
なさい	動詞,非自立,*,*,五段・ラ行特殊,命令ｉ,なさる,ナサイ,ナサイ
。	記号,句点,*,*,*,*,。,。,。
わたし	名詞,代名詞,一般,*,*,*,わたし,ワタシ,ワタシ
は	助詞,係助詞,*,*,*,*,は,ハ,ワ
これら	名詞,代名詞,一般,*,*,*,これら,コレラ,コレラ
の	助詞,連体化,*,*,*,*,の,ノ,ノ
言葉	名詞,一般,*,*,*,*,言葉,コトバ,コトバ
を	助詞,格助詞,一般,*,*,*,を,ヲ,ヲ
彼ら	名詞,代名詞,一般,*,*,*,彼ら,カレラ,カレラ
の	助詞,格助詞,一般,*,*,*,の,ノ,ノ
聞く	動詞,自立,*,*,五段・カ行イ音便,基本形,聞く,キク,キク
ところ	名詞,非自立,副詞可能,*,*,*,ところ,トコロ,トコロ
で	助詞,格助詞,一般,*,*,*,で,デ,デ
話し	動詞,自立,*,*,五段・サ行,連用形,話す,ハナシ,ハナシ
，	記号,読点,*,*,*,*,，,，,，
天	名詞,一般,*,*,*,*,天,テン,テン
と	助詞,並立助詞,*,*,*,*,と,ト,ト
地	名詞,一般,*,*,*,*,地,チ,チ
を	助詞,格助詞,一般,*,*,*,を,ヲ,ヲ
彼ら	名詞,代名詞,一般,*,*,*,彼ら,カレラ,カレラ
に対する	助詞,格助詞,連語,*,*,*,に対する,ニタイスル,ニタイスル
証人	名詞,一般,*,*,*,*,証人,ショウニン,ショーニン
と	助詞,格助詞,一般,*,*,*,と,ト,ト
する	動詞,自立,*,*,サ変・スル,基本形,する,スル,スル
。	記号,句点,*,*,*,*,。,。,。
わたし	名詞,代名詞,一般,*,*,*,わたし,ワタシ,ワタシ
の	助詞,連体化,*,*,*,*,の,ノ,ノ
死後	名詞,副詞可能,*,*,*,*,死後,シゴ,シゴ
あなた	名詞,代名詞,一般,*,*,*,あなた,アナタ,アナタ
方	名詞,接尾,一般,*,*,*,方,カタ,カタ
が	助詞,格助詞,一般,*,*,*,が,ガ,ガ
きっと	副詞,一般,*,*,*,*,きっと,キット,キット
滅び	動詞,自立,*,*,一段,連用形,滅びる,ホロビ,ホロビ
と	助詞,格助詞,一般,*,*,*,と,ト,ト
なる	動詞,自立,*,*,五段・ラ行,基本形,なる,ナル,ナル
よう	名詞,非自立,助動詞語幹,*,*,*,よう,ヨウ,ヨー
な	助動詞,*,*,*,特殊・ダ,体言接続,だ,ナ,ナ
振る舞い	名詞,一般,*,*,*,*,振る舞い,フルマイ,フルマイ
を	助詞,格助詞,一般,*,*,*,を,ヲ,ヲ
する	動詞,自立,*,*,サ変・スル,基本形,する,スル,スル
こと	名詞,非自立,一般,*,*,*,こと,コト,コト
を	助詞,格助詞,一般,*,*,*,を,ヲ,ヲ
，	記号,読点,*,*,*,*,，,，,，
わたし	名詞,代名詞,一般,*,*,*,わたし,ワタシ,ワタシ
は	助詞,係助詞,*,*,*,*,は,ハ,ワ
よく	副詞,一般,*,*,*,*,よく,ヨク,ヨク
知っ	動詞,自立,*,*,五段・ラ行,連用タ接続,知る,シッ,シッ
て	助詞,接続助詞,*,*,*,*,て,テ,テ
いる	動詞,非自立,*,*,一段,基本形,いる,イル,イル
の	名詞,非自立,一般,*,*,*,の,ノ,ノ
で	助動詞,*,*,*,特殊・ダ,連用形,だ,デ,デ
ある	助動詞,*,*,*,五段・ラ行アル,基本形,ある,アル,アル
。	記号,句点,*,*,*,*,。,。,。
あなた	名詞,代名詞,一般,*,*,*,あなた,アナタ,アナタ
方	名詞,接尾,一般,*,*,*,方,カタ,カタ
は	助詞,係助詞,*,*,*,*,は,ハ,ワ
わたし	名詞,代名詞,一般,*,*,*,わたし,ワタシ,ワタシ
が	助詞,格助詞,一般,*,*,*,が,ガ,ガ
命じ	動詞,自立,*,*,一段,連用形,命じる,メイジ,メイジ
た	助動詞,*,*,*,特殊・タ,基本形,た,タ,タ
道	名詞,一般,*,*,*,*,道,ミチ,ミチ
から	助詞,格助詞,一般,*,*,*,から,カラ,カラ
それ	動詞,自立,*,*,一段,連用形,それる,ソレ,ソレ
て	助詞,接続助詞,*,*,*,*,て,テ,テ
ゆく	動詞,非自立,*,*,五段・カ行促音便ユク,基本形,ゆく,ユク,ユク
に	助詞,格助詞,一般,*,*,*,に,ニ,ニ
違い	名詞,ナイ形容詞語幹,*,*,*,*,違い,チガイ,チガイ
ない	助動詞,*,*,*,特殊・ナイ,基本形,ない,ナイ,ナイ
。	記号,句点,*,*,*,*,。,。,。
後	名詞,接尾,副詞可能,*,*,*,後,ゴ,ゴ
の	助詞,連体化,*,*,*,*,の,ノ,ノ
日	名詞,非自立,副詞可能,*,*,*,日,ヒ,ヒ
に	助詞,格助詞,一般,*,*,*,に,ニ,ニ
災い	名詞,サ変接続,*,*,*,*,災い,ワザワイ,ワザワイ
が	助詞,格助詞,一般,*,*,*,が,ガ,ガ
あなた	名詞,代名詞,一般,*,*,*,あなた,アナタ,アナタ
方	名詞,接尾,一般,*,*,*,方,カタ,カタ
に	助詞,格助詞,一般,*,*,*,に,ニ,ニ
降り懸かる	動詞,自立,*,*,五段・ラ行,基本形,降り懸かる,フリカカル,フリカカル
こと	名詞,非自立,一般,*,*,*,こと,コト,コト
に	助詞,格助詞,一般,*,*,*,に,ニ,ニ
なる	動詞,自立,*,*,五段・ラ行,基本形,なる,ナル,ナル
。	記号,句点,*,*,*,*,。,。,。
あなた	名詞,代名詞,一般,*,*,*,あなた,アナタ,アナタ
方	名詞,接尾,一般,*,*,*,方,カタ,カタ
が	助詞,格助詞,一般,*,*,*,が,ガ,ガ
エホバ	名詞,一般,*,*,*,*,エホバ,エホバ,エホバ
の	助詞,連体化,*,*,*,*,の,ノ,ノ
目	名詞,一般,*,*,*,*,目,メ,メ
に	助詞,格助詞,一般,*,*,*,に,ニ,ニ
悪	名詞,一般,*,*,*,*,悪,アク,アク
と	助詞,格助詞,一般,*,*,*,と,ト,ト
さ	動詞,自立,*,*,サ変・スル,未然レル接続,する,サ,サ
れる	動詞,接尾,*,*,一段,基本形,れる,レル,レル
こと	名詞,非自立,一般,*,*,*,こと,コト,コト
を	助詞,格助詞,一般,*,*,*,を,ヲ,ヲ
行ない	動詞,自立,*,*,五段・ワ行促音便,連用形,行なう,オコナイ,オコナイ
，	記号,読点,*,*,*,*,，,，,，
自分	名詞,一般,*,*,*,*,自分,ジブン,ジブン
たち	名詞,接尾,一般,*,*,*,たち,タチ,タチ
の	助詞,連体化,*,*,*,*,の,ノ,ノ
手	名詞,一般,*,*,*,*,手,テ,テ
の	助詞,連体化,*,*,*,*,の,ノ,ノ
業	名詞,接尾,一般,*,*,*,業,ギョウ,ギョー
によって	助詞,格助詞,連語,*,*,*,によって,ニヨッテ,ニヨッテ
怒り	名詞,一般,*,*,*,*,怒り,イカリ,イカリ
を	助詞,格助詞,一般,*,*,*,を,ヲ,ヲ
起こさ	動詞,自立,*,*,五段・サ行,未然形,起こす,オコサ,オコサ
せる	動詞,接尾,*,*,一段,基本形,せる,セル,セル
から	助詞,接続助詞,*,*,*,*,から,カラ,カラ
で	助動詞,*,*,*,特殊・ダ,連用形,だ,デ,デ
ある	助動詞,*,*,*,五段・ラ行アル,基本形,ある,アル,アル
」	記号,括弧閉,*,*,*,*,」,」,」
。	記号,句点,*,*,*,*,。,。,。
それ	名詞,代名詞,一般,*,*,*,それ,ソレ,ソレ
から	助詞,格助詞,一般,*,*,*,から,カラ,カラ
モー	名詞,固有名詞,人名,姓,*,*,モー,モー,モー
セ	名詞,一般,*,*,*,*,セ,セ,セ
は	助詞,係助詞,*,*,*,*,は,ハ,ワ
，	記号,読点,*,*,*,*,，,，,，
イスラエル	名詞,固有名詞,地域,国,*,*,イスラエル,イスラエル,イスラエル
の	助詞,連体化,*,*,*,*,の,ノ,ノ
全	接頭詞,名詞接続,*,*,*,*,全,ゼン,ゼン
会衆	名詞,一般,*,*,*,*,会衆,カイシュウ,カイシュー
の	助詞,格助詞,一般,*,*,*,の,ノ,ノ
聞く	動詞,自立,*,*,五段・カ行イ音便,基本形,聞く,キク,キク
ところ	名詞,非自立,副詞可能,*,*,*,ところ,トコロ,トコロ
で	助詞,格助詞,一般,*,*,*,で,デ,デ
この	連体詞,*,*,*,*,*,この,コノ,コノ
歌	名詞,一般,*,*,*,*,歌,ウタ,ウタ
の	助詞,連体化,*,*,*,*,の,ノ,ノ
言葉	名詞,一般,*,*,*,*,言葉,コトバ,コトバ
を	助詞,格助詞,一般,*,*,*,を,ヲ,ヲ
最後	名詞,一般,*,*,*,*,最後,サイゴ,サイゴ
まで	助詞,副助詞,*,*,*,*,まで,マデ,マデ
語っ	動詞,自立,*,*,五段・ラ行,連用タ接続,語る,カタッ,カタッ
た	助動詞,*,*,*,特殊・タ,基本形,た,タ,タ
。	記号,句点,*,*,*,*,。,。,。
EOS
