この	連体詞,*,*,*,*,*,この,コノ,コノ
メルキゼデク	名詞,一般,*,*,*,*,*
，	記号,読点,*,*,*,*,，,，,，
つまり	接続詞,*,*,*,*,*,つまり,ツマリ,ツマリ
サレム	名詞,一般,*,*,*,*,*
の	助詞,連体化,*,*,*,*,の,ノ,ノ
王	名詞,一般,*,*,*,*,王,オウ,オー
，	記号,読点,*,*,*,*,，,，,，
また	接続詞,*,*,*,*,*,また,マタ,マタ
至高	名詞,一般,*,*,*,*,至高,シコウ,シコー
の	助詞,連体化,*,*,*,*,の,ノ,ノ
神	名詞,一般,*,*,*,*,神,カミ,カミ
の	助詞,連体化,*,*,*,*,の,ノ,ノ
祭司	名詞,一般,*,*,*,*,祭司,サイシ,サイシ
で	助動詞,*,*,*,特殊・ダ,連用形,だ,デ,デ
あり	助動詞,*,*,*,五段・ラ行アル,連用形,ある,アリ,アリ
，	記号,読点,*,*,*,*,，,，,，
王	名詞,一般,*,*,*,*,王,オウ,オー
たち	名詞,接尾,一般,*,*,*,たち,タチ,タチ
の	助詞,連体化,*,*,*,*,の,ノ,ノ
討伐	名詞,サ変接続,*,*,*,*,討伐,トウバツ,トーバツ
から	助詞,格助詞,一般,*,*,*,から,カラ,カラ
帰る	動詞,自立,*,*,五段・ラ行,基本形,帰る,カエル,カエル
アブラハム	名詞,一般,*,*,*,*,*
を	助詞,格助詞,一般,*,*,*,を,ヲ,ヲ
出迎え	動詞,自立,*,*,一段,連用形,出迎える,デムカエ,デムカエ
て	助詞,接続助詞,*,*,*,*,て,テ,テ
祝福	名詞,サ変接続,*,*,*,*,祝福,シュクフク,シュクフク
し	動詞,自立,*,*,サ変・スル,連用形,する,シ,シ
，	記号,読点,*,*,*,*,，,，,，
アブラハム	名詞,一般,*,*,*,*,*
が	助詞,格助詞,一般,*,*,*,が,ガ,ガ
すべて	名詞,副詞可能,*,*,*,*,すべて,スベテ,スベテ
の	助詞,連体化,*,*,*,*,の,ノ,ノ
物	名詞,非自立,一般,*,*,*,物,モノ,モノ
の	助詞,連体化,*,*,*,*,の,ノ,ノ
うち	名詞,非自立,副詞可能,*,*,*,うち,ウチ,ウチ
その	連体詞,*,*,*,*,*,その,ソノ,ソノ
十	名詞,数,*,*,*,*,十,ジュウ,ジュー
分の	名詞,接尾,助数詞,*,*,*,分の,ブンノ,ブンノ
一	名詞,数,*,*,*,*,一,イチ,イチ
を	助詞,格助詞,一般,*,*,*,を,ヲ,ヲ
配分	名詞,サ変接続,*,*,*,*,配分,ハイブン,ハイブン
し	動詞,自立,*,*,サ変・スル,連用形,する,シ,シ
た	助動詞,*,*,*,特殊・タ,基本形,た,タ,タ
人	名詞,一般,*,*,*,*,人,ヒト,ヒト
です	助動詞,*,*,*,特殊・デス,基本形,です,デス,デス
が	助詞,接続助詞,*,*,*,*,が,ガ,ガ
，	記号,読点,*,*,*,*,，,，,，
[	名詞,サ変接続,*,*,*,*,*
この	連体詞,*,*,*,*,*,この,コノ,コノ
メルキゼデク	名詞,一般,*,*,*,*,*
]	名詞,サ変接続,*,*,*,*,*
は	助詞,係助詞,*,*,*,*,は,ハ,ワ
，	記号,読点,*,*,*,*,，,，,，
訳せ	動詞,自立,*,*,五段・サ行,仮定形,訳す,ヤクセ,ヤクセ
ば	助詞,接続助詞,*,*,*,*,ば,バ,バ
，	記号,読点,*,*,*,*,，,，,，
まず	副詞,一般,*,*,*,*,まず,マズ,マズ
第	接頭詞,数接続,*,*,*,*,第,ダイ,ダイ
一	名詞,数,*,*,*,*,一,イチ,イチ
に	助詞,格助詞,一般,*,*,*,に,ニ,ニ
「	記号,括弧開,*,*,*,*,「,「,「
義	名詞,一般,*,*,*,*,義,ギ,ギ
の	助詞,連体化,*,*,*,*,の,ノ,ノ
王	名詞,一般,*,*,*,*,王,オウ,オー
」	記号,括弧閉,*,*,*,*,」,」,」
，	記号,読点,*,*,*,*,，,，,，
次いで	接続詞,*,*,*,*,*,次いで,ツイデ,ツイデ
また	接続詞,*,*,*,*,*,また,マタ,マタ
サレム	名詞,一般,*,*,*,*,*
の	助詞,連体化,*,*,*,*,の,ノ,ノ
王	名詞,一般,*,*,*,*,王,オウ,オー
，	記号,読点,*,*,*,*,，,，,，
つまり	接続詞,*,*,*,*,*,つまり,ツマリ,ツマリ
「	記号,括弧開,*,*,*,*,「,「,「
平和	名詞,形容動詞語幹,*,*,*,*,平和,ヘイワ,ヘイワ
の	助詞,連体化,*,*,*,*,の,ノ,ノ
王	名詞,一般,*,*,*,*,王,オウ,オー
」	記号,括弧閉,*,*,*,*,」,」,」
です	助動詞,*,*,*,特殊・デス,基本形,です,デス,デス
。	記号,句点,*,*,*,*,。,。,。
彼	名詞,代名詞,一般,*,*,*,彼,カレ,カレ
は	助詞,係助詞,*,*,*,*,は,ハ,ワ
，	記号,読点,*,*,*,*,，,，,，
父	名詞,一般,*,*,*,*,父,チチ,チチ
も	助詞,係助詞,*,*,*,*,も,モ,モ
なく	形容詞,自立,*,*,形容詞・アウオ段,連用テ接続,ない,ナク,ナク
，	記号,読点,*,*,*,*,，,，,，
母	名詞,一般,*,*,*,*,母,ハハ,ハハ
も	助詞,係助詞,*,*,*,*,も,モ,モ
なく	形容詞,自立,*,*,形容詞・アウオ段,連用テ接続,ない,ナク,ナク
，	記号,読点,*,*,*,*,，,，,，
系図	名詞,一般,*,*,*,*,系図,ケイズ,ケイズ
も	助詞,係助詞,*,*,*,*,も,モ,モ
なく	形容詞,自立,*,*,形容詞・アウオ段,連用テ接続,ない,ナク,ナク
，	記号,読点,*,*,*,*,，,，,，
生涯	名詞,副詞可能,*,*,*,*,生涯,ショウガイ,ショーガイ
の	助詞,連体化,*,*,*,*,の,ノ,ノ
初め	名詞,副詞可能,*,*,*,*,初め,ハジメ,ハジメ
も	助詞,係助詞,*,*,*,*,も,モ,モ
なけれ	助動詞,*,*,*,特殊・ナイ,仮定形,ない,ナケレ,ナケレ
ば	助詞,接続助詞,*,*,*,*,ば,バ,バ
命	名詞,一般,*,*,*,*,命,イノチ,イノチ
の	助詞,連体化,*,*,*,*,の,ノ,ノ
終わり	動詞,自立,*,*,五段・ラ行,連用形,終わる,オワリ,オワリ
も	助詞,係助詞,*,*,*,*,も,モ,モ
なく	形容詞,自立,*,*,形容詞・アウオ段,連用テ接続,ない,ナク,ナク
，	記号,読点,*,*,*,*,，,，,，
神	名詞,一般,*,*,*,*,神,カミ,カミ
の	助詞,連体化,*,*,*,*,の,ノ,ノ
子	名詞,一般,*,*,*,*,子,コ,コ
の	助詞,連体化,*,*,*,*,の,ノ,ノ
よう	名詞,非自立,助動詞語幹,*,*,*,よう,ヨウ,ヨー
に	助詞,格助詞,一般,*,*,*,に,ニ,ニ
さ	動詞,自立,*,*,サ変・スル,未然レル接続,する,サ,サ
れ	動詞,接尾,*,*,一段,連用形,れる,レ,レ
て	助詞,接続助詞,*,*,*,*,て,テ,テ
い	動詞,非自立,*,*,一段,連用形,いる,イ,イ
て	助詞,接続助詞,*,*,*,*,て,テ,テ
，	記号,読点,*,*,*,*,，,，,，
永久	名詞,一般,*,*,*,*,永久,エイキュウ,エイキュー
に	助詞,格助詞,一般,*,*,*,に,ニ,ニ
祭司	名詞,一般,*,*,*,*,祭司,サイシ,サイシ
の	助詞,連体化,*,*,*,*,の,ノ,ノ
まま	名詞,非自立,副詞可能,*,*,*,まま,ママ,ママ
です	助動詞,*,*,*,特殊・デス,基本形,です,デス,デス
。	記号,句点,*,*,*,*,。,。,。
で	助動詞,*,*,*,特殊・ダ,連用形,だ,デ,デ
は	助詞,係助詞,*,*,*,*,は,ハ,ワ
，	記号,読点,*,*,*,*,，,，,，
家長	名詞,一般,*,*,*,*,家長,カチョウ,カチョー
アブラハム	名詞,一般,*,*,*,*,*
が	助詞,格助詞,一般,*,*,*,が,ガ,ガ
主	名詞,形容動詞語幹,*,*,*,*,主,オモ,オモ
な	助動詞,*,*,*,特殊・ダ,体言接続,だ,ナ,ナ
戦利	名詞,一般,*,*,*,*,戦利,センリ,センリ
品	名詞,接尾,一般,*,*,*,品,ヒン,ヒン
の	助詞,連体化,*,*,*,*,の,ノ,ノ
うち	名詞,非自立,副詞可能,*,*,*,うち,ウチ,ウチ
から	助詞,格助詞,一般,*,*,*,から,カラ,カラ
十	名詞,数,*,*,*,*,十,ジュウ,ジュー
分の	名詞,接尾,助数詞,*,*,*,分の,ブンノ,ブンノ
一	名詞,数,*,*,*,*,一,イチ,イチ
を	助詞,格助詞,一般,*,*,*,を,ヲ,ヲ
与え	動詞,自立,*,*,一段,連用形,与える,アタエ,アタエ
た	助動詞,*,*,*,特殊・タ,基本形,た,タ,タ
この	連体詞,*,*,*,*,*,この,コノ,コノ
人	名詞,一般,*,*,*,*,人,ヒト,ヒト
が	助詞,格助詞,一般,*,*,*,が,ガ,ガ
いかに	副詞,一般,*,*,*,*,いかに,イカニ,イカニ
偉大	名詞,形容動詞語幹,*,*,*,*,偉大,イダイ,イダイ
で	助動詞,*,*,*,特殊・ダ,連用形,だ,デ,デ
あっ	助動詞,*,*,*,五段・ラ行アル,連用タ接続,ある,アッ,アッ
た	助動詞,*,*,*,特殊・タ,基本形,た,タ,タ
か	助詞,副助詞／並立助詞／終助詞,*,*,*,*,か,カ,カ
を	助詞,格助詞,一般,*,*,*,を,ヲ,ヲ
見	動詞,自立,*,*,一段,連用形,見る,ミ,ミ
て	助詞,接続助詞,*,*,*,*,て,テ,テ
ください	動詞,非自立,*,*,五段・ラ行特殊,命令ｉ,くださる,クダサイ,クダサイ
。	記号,句点,*,*,*,*,。,。,。
確か	名詞,形容動詞語幹,*,*,*,*,確か,タシカ,タシカ
に	助詞,副詞化,*,*,*,*,に,ニ,ニ
，	記号,読点,*,*,*,*,，,，,，
祭司	名詞,一般,*,*,*,*,祭司,サイシ,サイシ
の	助詞,連体化,*,*,*,*,の,ノ,ノ
職	名詞,一般,*,*,*,*,職,ショク,ショク
を	助詞,格助詞,一般,*,*,*,を,ヲ,ヲ
受ける	動詞,自立,*,*,一段,基本形,受ける,ウケル,ウケル
，	記号,読点,*,*,*,*,，,，,，
レビ	名詞,固有名詞,人名,姓,*,*,レビ,レビ,レビ
の	助詞,連体化,*,*,*,*,の,ノ,ノ
子	名詞,一般,*,*,*,*,子,コ,コ
から	助詞,格助詞,一般,*,*,*,から,カラ,カラ
出	動詞,自立,*,*,一段,連用形,出る,デ,デ
た	助動詞,*,*,*,特殊・タ,基本形,た,タ,タ
人	名詞,一般,*,*,*,*,人,ヒト,ヒト
たち	名詞,接尾,一般,*,*,*,たち,タチ,タチ
に	助詞,格助詞,一般,*,*,*,に,ニ,ニ
は	助詞,係助詞,*,*,*,*,は,ハ,ワ
，	記号,読点,*,*,*,*,，,，,，
律	名詞,一般,*,*,*,*,律,リツ,リツ
法	名詞,接尾,一般,*,*,*,法,ホウ,ホー
に	助詞,格助詞,一般,*,*,*,に,ニ,ニ
したがっ	動詞,自立,*,*,五段・ワ行促音便,連用タ接続,したがう,シタガッ,シタガッ
て	助詞,接続助詞,*,*,*,*,て,テ,テ
什一	名詞,一般,*,*,*,*,*
を	助詞,格助詞,一般,*,*,*,を,ヲ,ヲ
民	名詞,一般,*,*,*,*,民,ミン,ミン
から	助詞,格助詞,一般,*,*,*,から,カラ,カラ
，	記号,読点,*,*,*,*,，,，,，
つまり	接続詞,*,*,*,*,*,つまり,ツマリ,ツマリ
，	記号,読点,*,*,*,*,，,，,，
アブラハム	名詞,一般,*,*,*,*,*
の	助詞,連体化,*,*,*,*,の,ノ,ノ
腰	名詞,一般,*,*,*,*,腰,コシ,コシ
から	助詞,格助詞,一般,*,*,*,から,カラ,カラ
出	動詞,自立,*,*,一段,連用形,出る,デ,デ
た	助動詞,*,*,*,特殊・タ,基本形,た,タ,タ
と	助詞,格助詞,引用,*,*,*,と,ト,ト
は	助詞,係助詞,*,*,*,*,は,ハ,ワ
いえ	動詞,自立,*,*,五段・ワ行促音便,命令ｅ,いう,イエ,イエ
，	記号,読点,*,*,*,*,，,，,，
自分	名詞,一般,*,*,*,*,自分,ジブン,ジブン
の	助詞,連体化,*,*,*,*,の,ノ,ノ
兄弟	名詞,一般,*,*,*,*,兄弟,キョウダイ,キョーダイ
で	助動詞,*,*,*,特殊・ダ,連用形,だ,デ,デ
ある	助動詞,*,*,*,五段・ラ行アル,基本形,ある,アル,アル
人々	名詞,一般,*,*,*,*,人々,ヒトビト,ヒトビト
から	助詞,格助詞,一般,*,*,*,から,カラ,カラ
徴収	名詞,サ変接続,*,*,*,*,徴収,チョウシュウ,チョーシュー
する	動詞,自立,*,*,サ変・スル,基本形,する,スル,スル
おき	動詞,自立,*,*,一段,連用形,おきる,オキ,オキ
て	助詞,接続助詞,*,*,*,*,て,テ,テ
が	助詞,格助詞,一般,*,*,*,が,ガ,ガ
あり	動詞,自立,*,*,五段・ラ行,連用形,ある,アリ,アリ
ます	助動詞,*,*,*,特殊・マス,基本形,ます,マス,マス
。	記号,句点,*,*,*,*,。,。,。
しかし	接続詞,*,*,*,*,*,しかし,シカシ,シカシ
，	記号,読点,*,*,*,*,，,，,，
彼ら	名詞,代名詞,一般,*,*,*,彼ら,カレラ,カレラ
の	助詞,連体化,*,*,*,*,の,ノ,ノ
系統	名詞,一般,*,*,*,*,系統,ケイトウ,ケイトー
を	助詞,格助詞,一般,*,*,*,を,ヲ,ヲ
引か	動詞,自立,*,*,五段・カ行イ音便,未然形,引く,ヒカ,ヒカ
ない	助動詞,*,*,*,特殊・ナイ,基本形,ない,ナイ,ナイ
人	名詞,一般,*,*,*,*,人,ヒト,ヒト
が	助詞,格助詞,一般,*,*,*,が,ガ,ガ
アブラハム	名詞,一般,*,*,*,*,*
から	助詞,格助詞,一般,*,*,*,から,カラ,カラ
什一	名詞,一般,*,*,*,*,*
を	助詞,格助詞,一般,*,*,*,を,ヲ,ヲ
受け	動詞,自立,*,*,一段,連用形,受ける,ウケ,ウケ
，	記号,読点,*,*,*,*,，,，,，
約束	名詞,サ変接続,*,*,*,*,約束,ヤクソク,ヤクソク
を	助詞,格助詞,一般,*,*,*,を,ヲ,ヲ
得	動詞,自立,*,*,一段,連用形,得る,エ,エ
て	助詞,接続助詞,*,*,*,*,て,テ,テ
い	動詞,非自立,*,*,一段,連用形,いる,イ,イ
た	助動詞,*,*,*,特殊・タ,基本形,た,タ,タ
彼	名詞,代名詞,一般,*,*,*,彼,カレ,カレ
を	助詞,格助詞,一般,*,*,*,を,ヲ,ヲ
祝福	名詞,サ変接続,*,*,*,*,祝福,シュクフク,シュクフク
し	動詞,自立,*,*,サ変・スル,連用形,する,シ,シ
た	助動詞,*,*,*,特殊・タ,基本形,た,タ,タ
の	名詞,非自立,一般,*,*,*,の,ノ,ノ
です	助動詞,*,*,*,特殊・デス,基本形,です,デス,デス
。	記号,句点,*,*,*,*,。,。,。
さて	接続詞,*,*,*,*,*,さて,サテ,サテ
，	記号,読点,*,*,*,*,，,，,，
議論	名詞,サ変接続,*,*,*,*,議論,ギロン,ギロン
の	助詞,連体化,*,*,*,*,の,ノ,ノ
余地	名詞,一般,*,*,*,*,余地,ヨチ,ヨチ
の	助詞,格助詞,一般,*,*,*,の,ノ,ノ
ない	形容詞,自立,*,*,形容詞・アウオ段,基本形,ない,ナイ,ナイ
こと	名詞,非自立,一般,*,*,*,こと,コト,コト
です	助動詞,*,*,*,特殊・デス,基本形,です,デス,デス
が	助詞,接続助詞,*,*,*,*,が,ガ,ガ
，	記号,読点,*,*,*,*,，,，,，
小さい	形容詞,自立,*,*,形容詞・アウオ段,基本形,小さい,チイサイ,チーサイ
ほう	名詞,非自立,一般,*,*,*,ほう,ホウ,ホー
の	助詞,連体化,*,*,*,*,の,ノ,ノ
者	名詞,非自立,一般,*,*,*,者,モノ,モノ
が	助詞,格助詞,一般,*,*,*,が,ガ,ガ
大きい	形容詞,自立,*,*,形容詞・イ段,基本形,大きい,オオキイ,オーキイ
ほう	名詞,非自立,一般,*,*,*,ほう,ホウ,ホー
の	助詞,連体化,*,*,*,*,の,ノ,ノ
者	名詞,非自立,一般,*,*,*,者,モノ,モノ
から	助詞,格助詞,一般,*,*,*,から,カラ,カラ
祝福	名詞,サ変接続,*,*,*,*,祝福,シュクフク,シュクフク
さ	動詞,自立,*,*,サ変・スル,未然レル接続,する,サ,サ
れ	動詞,接尾,*,*,一段,連用形,れる,レ,レ
ます	助動詞,*,*,*,特殊・マス,基本形,ます,マス,マス
。	記号,句点,*,*,*,*,。,。,。
そして	接続詞,*,*,*,*,*,そして,ソシテ,ソシテ
，	記号,読点,*,*,*,*,，,，,，
一方	名詞,副詞可能,*,*,*,*,一方,イッポウ,イッポー
の	助詞,連体化,*,*,*,*,の,ノ,ノ
場合	名詞,副詞可能,*,*,*,*,場合,バアイ,バアイ
，	記号,読点,*,*,*,*,，,，,，
什一	名詞,一般,*,*,*,*,*
を	助詞,格助詞,一般,*,*,*,を,ヲ,ヲ
受ける	動詞,自立,*,*,一段,基本形,受ける,ウケル,ウケル
の	名詞,非自立,一般,*,*,*,の,ノ,ノ
は	助詞,係助詞,*,*,*,*,は,ハ,ワ
死ん	動詞,自立,*,*,五段・ナ行,連用タ接続,死ぬ,シン,シン
で	助詞,接続助詞,*,*,*,*,で,デ,デ
ゆく	動詞,非自立,*,*,五段・カ行促音便ユク,基本形,ゆく,ユク,ユク
人	名詞,一般,*,*,*,*,人,ヒト,ヒト
たち	名詞,接尾,一般,*,*,*,たち,タチ,タチ
です	助動詞,*,*,*,特殊・デス,基本形,です,デス,デス
が	助詞,接続助詞,*,*,*,*,が,ガ,ガ
，	記号,読点,*,*,*,*,，,，,，
他方	名詞,一般,*,*,*,*,他方,タホウ,タホー
の	助詞,連体化,*,*,*,*,の,ノ,ノ
場合	名詞,副詞可能,*,*,*,*,場合,バアイ,バアイ
に	助詞,格助詞,一般,*,*,*,に,ニ,ニ
は	助詞,係助詞,*,*,*,*,は,ハ,ワ
，	記号,読点,*,*,*,*,，,，,，
生き	動詞,自立,*,*,一段,連用形,生きる,イキ,イキ
て	助詞,接続助詞,*,*,*,*,て,テ,テ
いる	動詞,非自立,*,*,一段,基本形,いる,イル,イル
と	助詞,接続助詞,*,*,*,*,と,ト,ト
証し	動詞,自立,*,*,五段・サ行,連用形,証す,アカシ,アカシ
さ	動詞,自立,*,*,サ変・スル,未然レル接続,する,サ,サ
れ	動詞,接尾,*,*,一段,連用形,れる,レ,レ
て	助詞,接続助詞,*,*,*,*,て,テ,テ
いる	動詞,非自立,*,*,一段,基本形,いる,イル,イル
人	名詞,一般,*,*,*,*,人,ヒト,ヒト
な	助動詞,*,*,*,特殊・ダ,体言接続,だ,ナ,ナ
の	名詞,非自立,一般,*,*,*,の,ノ,ノ
です	助動詞,*,*,*,特殊・デス,基本形,です,デス,デス
。	記号,句点,*,*,*,*,。,。,。
そして	接続詞,*,*,*,*,*,そして,ソシテ,ソシテ
，	記号,読点,*,*,*,*,，,，,，
言っ	動詞,自立,*,*,五段・ワ行促音便,連用タ接続,言う,イッ,イッ
て	助詞,接続助詞,*,*,*,*,て,テ,テ
みれ	動詞,非自立,*,*,一段,仮定形,みる,ミレ,ミレ
ば	助詞,接続助詞,*,*,*,*,ば,バ,バ
，	記号,読点,*,*,*,*,，,，,，
什一	名詞,一般,*,*,*,*,*
を	助詞,格助詞,一般,*,*,*,を,ヲ,ヲ
受ける	動詞,自立,*,*,一段,基本形,受ける,ウケル,ウケル
レビ	名詞,固有名詞,人名,姓,*,*,レビ,レビ,レビ
で	助動詞,*,*,*,特殊・ダ,連用形,だ,デ,デ
さえ	助詞,係助詞,*,*,*,*,さえ,サエ,サエ
，	記号,読点,*,*,*,*,，,，,，
アブラハム	名詞,一般,*,*,*,*,*
を通して	助詞,格助詞,連語,*,*,*,を通して,ヲトオシテ,ヲトーシテ
什一	名詞,一般,*,*,*,*,*
を	助詞,格助詞,一般,*,*,*,を,ヲ,ヲ
払っ	動詞,自立,*,*,五段・ワ行促音便,連用タ接続,払う,ハラッ,ハラッ
た	助動詞,*,*,*,特殊・タ,基本形,た,タ,タ
の	名詞,非自立,一般,*,*,*,の,ノ,ノ
です	助動詞,*,*,*,特殊・デス,基本形,です,デス,デス
。	記号,句点,*,*,*,*,。,。,。
メルキゼデク	名詞,一般,*,*,*,*,*
が	助詞,格助詞,一般,*,*,*,が,ガ,ガ
出迎え	動詞,自立,*,*,一段,連用形,出迎える,デムカエ,デムカエ
た	助動詞,*,*,*,特殊・タ,基本形,た,タ,タ
時	名詞,非自立,副詞可能,*,*,*,時,トキ,トキ
，	記号,読点,*,*,*,*,，,，,，
彼	名詞,代名詞,一般,*,*,*,彼,カレ,カレ
は	助詞,係助詞,*,*,*,*,は,ハ,ワ
まだ	副詞,助詞類接続,*,*,*,*,まだ,マダ,マダ
自分	名詞,一般,*,*,*,*,自分,ジブン,ジブン
の	助詞,連体化,*,*,*,*,の,ノ,ノ
父祖	名詞,一般,*,*,*,*,父祖,フソ,フソ
の	助詞,連体化,*,*,*,*,の,ノ,ノ
腰	名詞,一般,*,*,*,*,腰,コシ,コシ
に	助詞,格助詞,一般,*,*,*,に,ニ,ニ
あっ	動詞,自立,*,*,五段・ラ行,連用タ接続,ある,アッ,アッ
た	助動詞,*,*,*,特殊・タ,基本形,た,タ,タ
から	助詞,接続助詞,*,*,*,*,から,カラ,カラ
です	助動詞,*,*,*,特殊・デス,基本形,です,デス,デス
。	記号,句点,*,*,*,*,。,。,。
そこで	接続詞,*,*,*,*,*,そこで,ソコデ,ソコデ
，	記号,読点,*,*,*,*,，,，,，
もし	副詞,一般,*,*,*,*,もし,モシ,モシ
完全	名詞,形容動詞語幹,*,*,*,*,完全,カンゼン,カンゼン
に	助詞,格助詞,一般,*,*,*,に,ニ,ニ
する	動詞,自立,*,*,サ変・スル,基本形,する,スル,スル
こと	名詞,非自立,一般,*,*,*,こと,コト,コト
が	助詞,格助詞,一般,*,*,*,が,ガ,ガ
本当に	副詞,一般,*,*,*,*,本当に,ホントウニ,ホントーニ
レビ	名詞,固有名詞,人名,姓,*,*,レビ,レビ,レビ
の	助詞,連体化,*,*,*,*,の,ノ,ノ
祭司	名詞,一般,*,*,*,*,祭司,サイシ,サイシ
職	名詞,接尾,一般,*,*,*,職,ショク,ショク
を通して	助詞,格助詞,連語,*,*,*,を通して,ヲトオシテ,ヲトーシテ
で	助動詞,*,*,*,特殊・ダ,連用形,だ,デ,デ
あっ	助動詞,*,*,*,五段・ラ行アル,連用タ接続,ある,アッ,アッ
た	助動詞,*,*,*,特殊・タ,基本形,た,タ,タ
と	助詞,格助詞,引用,*,*,*,と,ト,ト
すれ	動詞,自立,*,*,サ変・スル,仮定形,する,スレ,スレ
ば	助詞,接続助詞,*,*,*,*,ば,バ,バ
，	記号,読点,*,*,*,*,，,，,，
（	記号,括弧開,*,*,*,*,（,（,（
それ	名詞,代名詞,一般,*,*,*,それ,ソレ,ソレ
を	助詞,格助詞,一般,*,*,*,を,ヲ,ヲ
特色	名詞,一般,*,*,*,*,特色,トクショク,トクショク
として	助詞,格助詞,連語,*,*,*,として,トシテ,トシテ
民	名詞,一般,*,*,*,*,民,ミン,ミン
は	助詞,係助詞,*,*,*,*,は,ハ,ワ
律	名詞,一般,*,*,*,*,律,リツ,リツ
法	名詞,接尾,一般,*,*,*,法,ホウ,ホー
を	助詞,格助詞,一般,*,*,*,を,ヲ,ヲ
与え	動詞,自立,*,*,一段,未然形,与える,アタエ,アタエ
られ	動詞,接尾,*,*,一段,連用形,られる,ラレ,ラレ
た	助動詞,*,*,*,特殊・タ,基本形,た,タ,タ
の	名詞,非自立,一般,*,*,*,の,ノ,ノ
です	助動詞,*,*,*,特殊・デス,基本形,です,デス,デス
が	助詞,接続助詞,*,*,*,*,が,ガ,ガ
，	記号,読点,*,*,*,*,，,，,，
）	記号,括弧閉,*,*,*,*,）,）,）
メルキゼデク	名詞,一般,*,*,*,*,*
の	助詞,連体化,*,*,*,*,の,ノ,ノ
さま	名詞,一般,*,*,*,*,さま,サマ,サマ
に	助詞,格助詞,一般,*,*,*,に,ニ,ニ
したがい	動詞,自立,*,*,五段・ワ行促音便,連用形,したがう,シタガイ,シタガイ
，	記号,読点,*,*,*,*,，,，,，
また	接続詞,*,*,*,*,*,また,マタ,マタ
アロン	名詞,一般,*,*,*,*,アロン,アロン,アロン
の	助詞,連体化,*,*,*,*,の,ノ,ノ
さま	名詞,一般,*,*,*,*,さま,サマ,サマ
に	助詞,格助詞,一般,*,*,*,に,ニ,ニ
したがう	動詞,自立,*,*,五段・ワ行促音便,基本形,したがう,シタガウ,シタガウ
と	助詞,格助詞,引用,*,*,*,と,ト,ト
は	助詞,係助詞,*,*,*,*,は,ハ,ワ
言わ	動詞,自立,*,*,五段・ワ行促音便,未然形,言う,イワ,イワ
れ	動詞,接尾,*,*,一段,未然形,れる,レ,レ
ない	助動詞,*,*,*,特殊・ナイ,基本形,ない,ナイ,ナイ
別	名詞,一般,*,*,*,*,別,ベツ,ベツ
の	助詞,連体化,*,*,*,*,の,ノ,ノ
祭司	名詞,一般,*,*,*,*,祭司,サイシ,サイシ
の	助詞,格助詞,一般,*,*,*,の,ノ,ノ
起こる	動詞,自立,*,*,五段・ラ行,基本形,起こる,オコル,オコル
必要	名詞,形容動詞語幹,*,*,*,*,必要,ヒツヨウ,ヒツヨー
が	助詞,格助詞,一般,*,*,*,が,ガ,ガ
さらに	副詞,助詞類接続,*,*,*,*,さらに,サラニ,サラニ
ある	動詞,自立,*,*,五段・ラ行,基本形,ある,アル,アル
でしょ	助動詞,*,*,*,特殊・デス,未然形,です,デショ,デショ
う	助動詞,*,*,*,不変化型,基本形,う,ウ,ウ
か	助詞,副助詞／並立助詞／終助詞,*,*,*,*,か,カ,カ
。	記号,句点,*,*,*,*,。,。,。
祭司	名詞,一般,*,*,*,*,祭司,サイシ,サイシ
職	名詞,接尾,一般,*,*,*,職,ショク,ショク
が	助詞,格助詞,一般,*,*,*,が,ガ,ガ
変え	動詞,自立,*,*,一段,未然形,変える,カエ,カエ
られ	動詞,接尾,*,*,一段,連用形,られる,ラレ,ラレ
つつ	助詞,接続助詞,*,*,*,*,つつ,ツツ,ツツ
ある	動詞,自立,*,*,五段・ラ行,基本形,ある,アル,アル
ので	助詞,接続助詞,*,*,*,*,ので,ノデ,ノデ
，	記号,読点,*,*,*,*,，,，,，
当然	副詞,助詞類接続,*,*,*,*,当然,トウゼン,トーゼン
律	名詞,一般,*,*,*,*,律,リツ,リツ
法	名詞,接尾,一般,*,*,*,法,ホウ,ホー
の	助詞,連体化,*,*,*,*,の,ノ,ノ
変更	名詞,サ変接続,*,*,*,*,変更,ヘンコウ,ヘンコー
も	助詞,係助詞,*,*,*,*,も,モ,モ
生じる	動詞,自立,*,*,一段,基本形,生じる,ショウジル,ショージル
の	名詞,非自立,一般,*,*,*,の,ノ,ノ
です	助動詞,*,*,*,特殊・デス,基本形,です,デス,デス
。	記号,句点,*,*,*,*,。,。,。
これら	名詞,代名詞,一般,*,*,*,これら,コレラ,コレラ
の	助詞,連体化,*,*,*,*,の,ノ,ノ
こと	名詞,非自立,一般,*,*,*,こと,コト,コト
が	助詞,格助詞,一般,*,*,*,が,ガ,ガ
言わ	動詞,自立,*,*,五段・ワ行促音便,未然形,言う,イワ,イワ
れ	動詞,接尾,*,*,一段,連用形,れる,レ,レ
て	助詞,接続助詞,*,*,*,*,て,テ,テ
いる	動詞,非自立,*,*,一段,基本形,いる,イル,イル
人	名詞,一般,*,*,*,*,人,ヒト,ヒト
は	助詞,係助詞,*,*,*,*,は,ハ,ワ
別	名詞,一般,*,*,*,*,別,ベツ,ベツ
の	助詞,連体化,*,*,*,*,の,ノ,ノ
部族	名詞,一般,*,*,*,*,部族,ブゾク,ブゾク
の	助詞,連体化,*,*,*,*,の,ノ,ノ
成員	名詞,一般,*,*,*,*,成員,セイイン,セイイン
で	助動詞,*,*,*,特殊・ダ,連用形,だ,デ,デ
あり	助動詞,*,*,*,五段・ラ行アル,連用形,ある,アリ,アリ
，	記号,読点,*,*,*,*,，,，,，
その	連体詞,*,*,*,*,*,その,ソノ,ソノ
[	名詞,サ変接続,*,*,*,*,*
部族	名詞,一般,*,*,*,*,部族,ブゾク,ブゾク
]	名詞,サ変接続,*,*,*,*,*
の	助詞,連体化,*,*,*,*,の,ノ,ノ
者	名詞,非自立,一般,*,*,*,者,モノ,モノ
は	助詞,係助詞,*,*,*,*,は,ハ,ワ
だれ	名詞,代名詞,一般,*,*,*,だれ,ダレ,ダレ
も	助詞,係助詞,*,*,*,*,も,モ,モ
祭壇	名詞,一般,*,*,*,*,祭壇,サイダン,サイダン
で	助詞,格助詞,一般,*,*,*,で,デ,デ
の	助詞,連体化,*,*,*,*,の,ノ,ノ
職務	名詞,一般,*,*,*,*,職務,ショクム,ショクム
を	助詞,格助詞,一般,*,*,*,を,ヲ,ヲ
行なっ	動詞,自立,*,*,五段・ワ行促音便,連用タ接続,行なう,オコナッ,オコナッ
た	助動詞,*,*,*,特殊・タ,基本形,た,タ,タ
こと	名詞,非自立,一般,*,*,*,こと,コト,コト
が	助詞,格助詞,一般,*,*,*,が,ガ,ガ
ない	形容詞,自立,*,*,形容詞・アウオ段,基本形,ない,ナイ,ナイ
から	助詞,接続助詞,*,*,*,*,から,カラ,カラ
です	助動詞,*,*,*,特殊・デス,基本形,です,デス,デス
。	記号,句点,*,*,*,*,。,。,。
わたし	名詞,代名詞,一般,*,*,*,わたし,ワタシ,ワタシ
たち	名詞,接尾,一般,*,*,*,たち,タチ,タチ
の	助詞,連体化,*,*,*,*,の,ノ,ノ
主	名詞,一般,*,*,*,*,主,アルジ,アルジ
が	助詞,格助詞,一般,*,*,*,が,ガ,ガ
ユダ	名詞,一般,*,*,*,*,*
，	記号,読点,*,*,*,*,，,，,，
すなわち	接続詞,*,*,*,*,*,すなわち,スナワチ,スナワチ
モー	名詞,固有名詞,人名,姓,*,*,モー,モー,モー
セ	名詞,一般,*,*,*,*,セ,セ,セ
が	助詞,格助詞,一般,*,*,*,が,ガ,ガ
祭司	名詞,一般,*,*,*,*,祭司,サイシ,サイシ
について	助詞,格助詞,連語,*,*,*,について,ニツイテ,ニツイテ
は	助詞,係助詞,*,*,*,*,は,ハ,ワ
何	名詞,代名詞,一般,*,*,*,何,ナニ,ナニ
も	助詞,係助詞,*,*,*,*,も,モ,モ
語ら	動詞,自立,*,*,五段・ラ行,未然形,語る,カタラ,カタラ
なかっ	助動詞,*,*,*,特殊・ナイ,連用タ接続,ない,ナカッ,ナカッ
た	助動詞,*,*,*,特殊・タ,基本形,た,タ,タ
部族	名詞,一般,*,*,*,*,部族,ブゾク,ブゾク
から	助詞,格助詞,一般,*,*,*,から,カラ,カラ
出	動詞,自立,*,*,一段,連用形,出る,デ,デ
た	助動詞,*,*,*,特殊・タ,基本形,た,タ,タ
こと	名詞,非自立,一般,*,*,*,こと,コト,コト
は	助詞,係助詞,*,*,*,*,は,ハ,ワ
全く	副詞,助詞類接続,*,*,*,*,全く,マッタク,マッタク
明白	名詞,形容動詞語幹,*,*,*,*,明白,メイハク,メイハク
な	助動詞,*,*,*,特殊・ダ,体言接続,だ,ナ,ナ
の	名詞,非自立,一般,*,*,*,の,ノ,ノ
です	助動詞,*,*,*,特殊・デス,基本形,です,デス,デス
。	記号,句点,*,*,*,*,。,。,。
それで	接続詞,*,*,*,*,*,それで,ソレデ,ソレデ
，	記号,読点,*,*,*,*,，,，,，
メルキゼデク	名詞,一般,*,*,*,*,*
と	助詞,格助詞,一般,*,*,*,と,ト,ト
の	助詞,連体化,*,*,*,*,の,ノ,ノ
類似	名詞,サ変接続,*,*,*,*,類似,ルイジ,ルイジ
点	名詞,接尾,一般,*,*,*,点,テン,テン
を	助詞,格助詞,一般,*,*,*,を,ヲ,ヲ
持つ	動詞,自立,*,*,五段・タ行,基本形,持つ,モツ,モツ
別	名詞,一般,*,*,*,*,別,ベツ,ベツ
の	助詞,連体化,*,*,*,*,の,ノ,ノ
祭司	名詞,一般,*,*,*,*,祭司,サイシ,サイシ
が	助詞,格助詞,一般,*,*,*,が,ガ,ガ
起こる	動詞,自立,*,*,五段・ラ行,基本形,起こる,オコル,オコル
こと	名詞,非自立,一般,*,*,*,こと,コト,コト
は	助詞,係助詞,*,*,*,*,は,ハ,ワ
いよいよ	副詞,一般,*,*,*,*,いよいよ,イヨイヨ,イヨイヨ
明らか	名詞,形容動詞語幹,*,*,*,*,明らか,アキラカ,アキラカ
です	助動詞,*,*,*,特殊・デス,基本形,です,デス,デス
。	記号,句点,*,*,*,*,。,。,。
その	連体詞,*,*,*,*,*,その,ソノ,ソノ
方	名詞,非自立,一般,*,*,*,方,ホウ,ホー
は	助詞,係助詞,*,*,*,*,は,ハ,ワ
，	記号,読点,*,*,*,*,，,，,，
肉	名詞,一般,*,*,*,*,肉,ニク,ニク
に	助詞,格助詞,一般,*,*,*,に,ニ,ニ
依存	名詞,サ変接続,*,*,*,*,依存,イゾン,イゾン
する	動詞,自立,*,*,サ変・スル,基本形,する,スル,スル
おき	動詞,自立,*,*,一段,連用形,おきる,オキ,オキ
て	助詞,接続助詞,*,*,*,*,て,テ,テ
の	助詞,連体化,*,*,*,*,の,ノ,ノ
律	名詞,一般,*,*,*,*,律,リツ,リツ
法	名詞,接尾,一般,*,*,*,法,ホウ,ホー
によって	助詞,格助詞,連語,*,*,*,によって,ニヨッテ,ニヨッテ
で	助動詞,*,*,*,特殊・ダ,連用形,だ,デ,デ
は	助詞,係助詞,*,*,*,*,は,ハ,ワ
なく	助動詞,*,*,*,特殊・ナイ,連用テ接続,ない,ナク,ナク
，	記号,読点,*,*,*,*,，,，,，
滅びる	動詞,自立,*,*,一段,基本形,滅びる,ホロビル,ホロビル
こと	名詞,非自立,一般,*,*,*,こと,コト,コト
の	助詞,格助詞,一般,*,*,*,の,ノ,ノ
ない	形容詞,自立,*,*,形容詞・アウオ段,基本形,ない,ナイ,ナイ
命	名詞,一般,*,*,*,*,命,イノチ,イノチ
の	助詞,連体化,*,*,*,*,の,ノ,ノ
力	名詞,一般,*,*,*,*,力,チカラ,チカラ
によって	助詞,格助詞,連語,*,*,*,によって,ニヨッテ,ニヨッテ
[	名詞,サ変接続,*,*,*,*,*
祭司	名詞,一般,*,*,*,*,祭司,サイシ,サイシ
と	助詞,格助詞,一般,*,*,*,と,ト,ト
]	名詞,サ変接続,*,*,*,*,*
なり	動詞,自立,*,*,五段・ラ行,連用形,なる,ナリ,ナリ
まし	助動詞,*,*,*,特殊・マス,連用形,ます,マシ,マシ
た	助動詞,*,*,*,特殊・タ,基本形,た,タ,タ
。	記号,句点,*,*,*,*,。,。,。
証し	動詞,自立,*,*,五段・サ行,連用形,証す,アカシ,アカシ
として	助詞,格助詞,連語,*,*,*,として,トシテ,トシテ
，	記号,読点,*,*,*,*,，,，,，
「	記号,括弧開,*,*,*,*,「,「,「
あなた	名詞,代名詞,一般,*,*,*,あなた,アナタ,アナタ
は	助詞,係助詞,*,*,*,*,は,ハ,ワ
メルキゼデク	名詞,一般,*,*,*,*,*
の	助詞,連体化,*,*,*,*,の,ノ,ノ
さま	名詞,一般,*,*,*,*,さま,サマ,サマ
に	助詞,格助詞,一般,*,*,*,に,ニ,ニ
したがっ	動詞,自立,*,*,五段・ワ行促音便,連用タ接続,したがう,シタガッ,シタガッ
て	助詞,接続助詞,*,*,*,*,て,テ,テ
永久	名詞,形容動詞語幹,*,*,*,*,永久,エイキュウ,エイキュー
に	助詞,副詞化,*,*,*,*,に,ニ,ニ
祭司	名詞,一般,*,*,*,*,祭司,サイシ,サイシ
で	助動詞,*,*,*,特殊・ダ,連用形,だ,デ,デ
ある	助動詞,*,*,*,五段・ラ行アル,基本形,ある,アル,アル
」	記号,括弧閉,*,*,*,*,」,」,」
と	助詞,格助詞,引用,*,*,*,と,ト,ト
言わ	動詞,自立,*,*,五段・ワ行促音便,未然形,言う,イワ,イワ
れ	動詞,接尾,*,*,一段,連用形,れる,レ,レ
て	助詞,接続助詞,*,*,*,*,て,テ,テ
いる	動詞,非自立,*,*,一段,基本形,いる,イル,イル
から	助詞,接続助詞,*,*,*,*,から,カラ,カラ
です	助動詞,*,*,*,特殊・デス,基本形,です,デス,デス
。	記号,句点,*,*,*,*,。,。,。
したがって	接続詞,*,*,*,*,*,したがって,シタガッテ,シタガッテ
，	記号,読点,*,*,*,*,，,，,，
その	連体詞,*,*,*,*,*,その,ソノ,ソノ
弱	形容詞,自立,*,*,形容詞・アウオ段,ガル接続,弱い,ヨワ,ヨワ
さ	名詞,接尾,特殊,*,*,*,さ,サ,サ
と	助詞,並立助詞,*,*,*,*,と,ト,ト
効果	名詞,一般,*,*,*,*,効果,コウカ,コーカ
の	助詞,連体化,*,*,*,*,の,ノ,ノ
な	形容詞,自立,*,*,形容詞・アウオ段,ガル接続,ない,ナ,ナ
さ	名詞,接尾,特殊,*,*,*,さ,サ,サ
と	助詞,格助詞,一般,*,*,*,と,ト,ト
の	助詞,連体化,*,*,*,*,の,ノ,ノ
ゆえ	名詞,非自立,副詞可能,*,*,*,ゆえ,ユエ,ユエ
に	助詞,格助詞,一般,*,*,*,に,ニ,ニ
，	記号,読点,*,*,*,*,，,，,，
先行	名詞,サ変接続,*,*,*,*,先行,センコウ,センコー
の	助詞,連体化,*,*,*,*,の,ノ,ノ
おき	動詞,自立,*,*,一段,連用形,おきる,オキ,オキ
て	助詞,接続助詞,*,*,*,*,て,テ,テ
は	助詞,係助詞,*,*,*,*,は,ハ,ワ
押しのけ	動詞,自立,*,*,一段,未然形,押しのける,オシノケ,オシノケ
られる	動詞,接尾,*,*,一段,基本形,られる,ラレル,ラレル
こと	名詞,非自立,一般,*,*,*,こと,コト,コト
に	助詞,格助詞,一般,*,*,*,に,ニ,ニ
なり	動詞,自立,*,*,五段・ラ行,連用形,なる,ナリ,ナリ
ます	助動詞,*,*,*,特殊・マス,基本形,ます,マス,マス
。	記号,句点,*,*,*,*,。,。,。
律	名詞,一般,*,*,*,*,律,リツ,リツ
法	名詞,接尾,一般,*,*,*,法,ホウ,ホー
は	助詞,係助詞,*,*,*,*,は,ハ,ワ
何	名詞,代名詞,一般,*,*,*,何,ナニ,ナニ
を	助詞,格助詞,一般,*,*,*,を,ヲ,ヲ
も	助詞,係助詞,*,*,*,*,も,モ,モ
完全	名詞,形容動詞語幹,*,*,*,*,完全,カンゼン,カンゼン
に	助詞,格助詞,一般,*,*,*,に,ニ,ニ
せ	動詞,自立,*,*,サ変・スル,未然ヌ接続,する,セ,セ
ず	助動詞,*,*,*,特殊・ヌ,連用ニ接続,ぬ,ズ,ズ
，	記号,読点,*,*,*,*,，,，,，
さらに	副詞,助詞類接続,*,*,*,*,さらに,サラニ,サラニ
勝っ	動詞,自立,*,*,五段・タ行,連用タ接続,勝つ,カッ,カッ
た	助動詞,*,*,*,特殊・タ,基本形,た,タ,タ
希望	名詞,サ変接続,*,*,*,*,希望,キボウ,キボー
を	助詞,格助詞,一般,*,*,*,を,ヲ,ヲ
そこ	名詞,代名詞,一般,*,*,*,そこ,ソコ,ソコ
に	助詞,格助詞,一般,*,*,*,に,ニ,ニ
持ち込む	動詞,自立,*,*,五段・マ行,基本形,持ち込む,モチコム,モチコム
こと	名詞,非自立,一般,*,*,*,こと,コト,コト
が	助詞,格助詞,一般,*,*,*,が,ガ,ガ
それ	名詞,代名詞,一般,*,*,*,それ,ソレ,ソレ
を	助詞,格助詞,一般,*,*,*,を,ヲ,ヲ
行なっ	動詞,自立,*,*,五段・ワ行促音便,連用タ接続,行なう,オコナッ,オコナッ
た	助動詞,*,*,*,特殊・タ,基本形,た,タ,タ
から	助詞,接続助詞,*,*,*,*,から,カラ,カラ
です	助動詞,*,*,*,特殊・デス,基本形,です,デス,デス
。	記号,句点,*,*,*,*,。,。,。
その	連体詞,*,*,*,*,*,その,ソノ,ソノ
[	名詞,サ変接続,*,*,*,*,*
希望	名詞,サ変接続,*,*,*,*,希望,キボウ,キボー
]	名詞,サ変接続,*,*,*,*,*
によって	助詞,格助詞,連語,*,*,*,によって,ニヨッテ,ニヨッテ
わたし	名詞,代名詞,一般,*,*,*,わたし,ワタシ,ワタシ
たち	名詞,接尾,一般,*,*,*,たち,タチ,タチ
は	助詞,係助詞,*,*,*,*,は,ハ,ワ
神	名詞,一般,*,*,*,*,神,カミ,カミ
に	助詞,格助詞,一般,*,*,*,に,ニ,ニ
近づい	動詞,自立,*,*,五段・カ行イ音便,連用タ接続,近づく,チカヅイ,チカズイ
て	助詞,接続助詞,*,*,*,*,て,テ,テ
行く	動詞,非自立,*,*,五段・カ行促音便,基本形,行く,イク,イク
の	名詞,非自立,一般,*,*,*,の,ノ,ノ
です	助動詞,*,*,*,特殊・デス,基本形,です,デス,デス
。	記号,句点,*,*,*,*,。,。,。
また	接続詞,*,*,*,*,*,また,マタ,マタ
，	記号,読点,*,*,*,*,，,，,，
それ	名詞,代名詞,一般,*,*,*,それ,ソレ,ソレ
は	助詞,係助詞,*,*,*,*,は,ハ,ワ
明言	名詞,サ変接続,*,*,*,*,明言,メイゲン,メイゲン
さ	動詞,自立,*,*,サ変・スル,未然レル接続,する,サ,サ
れ	動詞,接尾,*,*,一段,連用形,れる,レ,レ
た	助動詞,*,*,*,特殊・タ,基本形,た,タ,タ
誓い	動詞,自立,*,*,五段・ワ行促音便,連用形,誓う,チカイ,チカイ
の	助詞,格助詞,一般,*,*,*,の,ノ,ノ
ない	形容詞,自立,*,*,形容詞・アウオ段,基本形,ない,ナイ,ナイ
もの	名詞,非自立,一般,*,*,*,もの,モノ,モノ
で	助動詞,*,*,*,特殊・ダ,連用形,だ,デ,デ
は	助詞,係助詞,*,*,*,*,は,ハ,ワ
あり	動詞,自立,*,*,五段・ラ行,連用形,ある,アリ,アリ
ませ	助動詞,*,*,*,特殊・マス,未然形,ます,マセ,マセ
ん	助動詞,*,*,*,不変化型,基本形,ん,ン,ン
でし	助動詞,*,*,*,特殊・デス,連用形,です,デシ,デシ
た	助動詞,*,*,*,特殊・タ,基本形,た,タ,タ
から	助詞,接続助詞,*,*,*,*,から,カラ,カラ
（	記号,括弧開,*,*,*,*,（,（,（
という	助詞,格助詞,連語,*,*,*,という,トイウ,トユウ
の	名詞,非自立,一般,*,*,*,の,ノ,ノ
は	助詞,係助詞,*,*,*,*,は,ハ,ワ
，	記号,読点,*,*,*,*,，,，,，
明言	名詞,サ変接続,*,*,*,*,明言,メイゲン,メイゲン
さ	動詞,自立,*,*,サ変・スル,未然レル接続,する,サ,サ
れ	動詞,接尾,*,*,一段,連用形,れる,レ,レ
た	助動詞,*,*,*,特殊・タ,基本形,た,タ,タ
誓い	動詞,自立,*,*,五段・ワ行促音便,連用形,誓う,チカイ,チカイ
なし	形容詞,自立,*,*,形容詞・アウオ段,文語基本形,ない,ナシ,ナシ
に	助詞,格助詞,一般,*,*,*,に,ニ,ニ
祭司	名詞,一般,*,*,*,*,祭司,サイシ,サイシ
と	助詞,格助詞,一般,*,*,*,と,ト,ト
なっ	動詞,自立,*,*,五段・ラ行,連用タ接続,なる,ナッ,ナッ
て	助詞,接続助詞,*,*,*,*,て,テ,テ
いる	動詞,非自立,*,*,一段,基本形,いる,イル,イル
人々	名詞,一般,*,*,*,*,人々,ヒトビト,ヒトビト
が	助詞,格助詞,一般,*,*,*,が,ガ,ガ
現に	副詞,一般,*,*,*,*,現に,ゲンニ,ゲンニ
いる	動詞,自立,*,*,一段,基本形,いる,イル,イル
一方	名詞,非自立,副詞可能,*,*,*,一方,イッポウ,イッポー
，	記号,読点,*,*,*,*,，,，,，
その	連体詞,*,*,*,*,*,その,ソノ,ソノ
方	名詞,非自立,一般,*,*,*,方,ホウ,ホー
について	助詞,格助詞,連語,*,*,*,について,ニツイテ,ニツイテ
，	記号,読点,*,*,*,*,，,，,，
「	記号,括弧開,*,*,*,*,「,「,「
エホバ	名詞,一般,*,*,*,*,エホバ,エホバ,エホバ
は	助詞,係助詞,*,*,*,*,は,ハ,ワ
誓い	動詞,自立,*,*,五段・ワ行促音便,連用形,誓う,チカイ,チカイ
を	助詞,格助詞,一般,*,*,*,を,ヲ,ヲ
立て	動詞,自立,*,*,一段,未然形,立てる,タテ,タテ
られ	動詞,接尾,*,*,一段,連用形,られる,ラレ,ラレ
た	助動詞,*,*,*,特殊・タ,基本形,た,タ,タ
（	記号,括弧開,*,*,*,*,（,（,（
そして	接続詞,*,*,*,*,*,そして,ソシテ,ソシテ
悔やま	動詞,自立,*,*,五段・マ行,未然形,悔やむ,クヤマ,クヤマ
れる	動詞,接尾,*,*,一段,基本形,れる,レル,レル
こと	名詞,非自立,一般,*,*,*,こと,コト,コト
は	助詞,係助詞,*,*,*,*,は,ハ,ワ
ない	形容詞,自立,*,*,形容詞・アウオ段,基本形,ない,ナイ,ナイ
）	記号,括弧閉,*,*,*,*,）,）,）
，	記号,読点,*,*,*,*,，,，,，
『	記号,括弧開,*,*,*,*,『,『,『
あなた	名詞,代名詞,一般,*,*,*,あなた,アナタ,アナタ
は	助詞,係助詞,*,*,*,*,は,ハ,ワ
永久	名詞,形容動詞語幹,*,*,*,*,永久,エイキュウ,エイキュー
に	助詞,副詞化,*,*,*,*,に,ニ,ニ
祭司	名詞,一般,*,*,*,*,祭司,サイシ,サイシ
で	助動詞,*,*,*,特殊・ダ,連用形,だ,デ,デ
ある	助動詞,*,*,*,五段・ラ行アル,基本形,ある,アル,アル
』	記号,括弧閉,*,*,*,*,』,』,』
」	記号,括弧閉,*,*,*,*,」,」,」
と	助詞,格助詞,引用,*,*,*,と,ト,ト
言わ	動詞,自立,*,*,五段・ワ行促音便,未然形,言う,イワ,イワ
れ	動詞,接尾,*,*,一段,連用形,れる,レ,レ
た	助動詞,*,*,*,特殊・タ,基本形,た,タ,タ
方	名詞,非自立,一般,*,*,*,方,ホウ,ホー
の	助詞,連体化,*,*,*,*,の,ノ,ノ
，	記号,読点,*,*,*,*,，,，,，
明言	名詞,サ変接続,*,*,*,*,明言,メイゲン,メイゲン
さ	動詞,自立,*,*,サ変・スル,未然レル接続,する,サ,サ
れ	動詞,接尾,*,*,一段,連用形,れる,レ,レ
た	助動詞,*,*,*,特殊・タ,基本形,た,タ,タ
誓い	動詞,自立,*,*,五段・ワ行促音便,連用形,誓う,チカイ,チカイ
による	助詞,格助詞,連語,*,*,*,による,ニヨル,ニヨル
[	名詞,サ変接続,*,*,*,*,*
祭司	名詞,一般,*,*,*,*,祭司,サイシ,サイシ
]	名詞,サ変接続,*,*,*,*,*
が	助詞,格助詞,一般,*,*,*,が,ガ,ガ
いる	動詞,自立,*,*,一段,基本形,いる,イル,イル
から	助詞,接続助詞,*,*,*,*,から,カラ,カラ
です	助動詞,*,*,*,特殊・デス,基本形,です,デス,デス
）	記号,括弧閉,*,*,*,*,）,）,）
，	記号,読点,*,*,*,*,，,，,，
イエス	名詞,一般,*,*,*,*,イエス,イエス,イエス
は	助詞,係助詞,*,*,*,*,は,ハ,ワ
それだけ	副詞,助詞類接続,*,*,*,*,それだけ,ソレダケ,ソレダケ
勝っ	動詞,自立,*,*,五段・タ行,連用タ接続,勝つ,カッ,カッ
た	助動詞,*,*,*,特殊・タ,基本形,た,タ,タ
契約	名詞,サ変接続,*,*,*,*,契約,ケイヤク,ケイヤク
の	助詞,連体化,*,*,*,*,の,ノ,ノ
保証	名詞,サ変接続,*,*,*,*,保証,ホショウ,ホショー
として	助詞,格助詞,連語,*,*,*,として,トシテ,トシテ
与え	動詞,自立,*,*,一段,未然形,与える,アタエ,アタエ
られ	動詞,接尾,*,*,一段,連用形,られる,ラレ,ラレ
た	助動詞,*,*,*,特殊・タ,基本形,た,タ,タ
者	名詞,非自立,一般,*,*,*,者,モノ,モノ
と	助詞,格助詞,引用,*,*,*,と,ト,ト
も	助詞,係助詞,*,*,*,*,も,モ,モ
なっ	動詞,自立,*,*,五段・ラ行,連用タ接続,なる,ナッ,ナッ
た	助動詞,*,*,*,特殊・タ,基本形,た,タ,タ
の	名詞,非自立,一般,*,*,*,の,ノ,ノ
です	助動詞,*,*,*,特殊・デス,基本形,です,デス,デス
。	記号,句点,*,*,*,*,。,。,。
さらに	副詞,助詞類接続,*,*,*,*,さらに,サラニ,サラニ
，	記号,読点,*,*,*,*,，,，,，
[	名詞,サ変接続,*,*,*,*,*
祭司	名詞,一般,*,*,*,*,祭司,サイシ,サイシ
]	名詞,サ変接続,*,*,*,*,*
として	助詞,格助詞,連語,*,*,*,として,トシテ,トシテ
とどまる	動詞,自立,*,*,五段・ラ行,基本形,とどまる,トドマル,トドマル
こと	名詞,非自立,一般,*,*,*,こと,コト,コト
を	助詞,格助詞,一般,*,*,*,を,ヲ,ヲ
死	名詞,一般,*,*,*,*,死,シ,シ
によって	助詞,格助詞,連語,*,*,*,によって,ニヨッテ,ニヨッテ
阻ま	動詞,自立,*,*,五段・マ行,未然形,阻む,ハバマ,ハバマ
れる	動詞,接尾,*,*,一段,基本形,れる,レル,レル
ため	名詞,非自立,副詞可能,*,*,*,ため,タメ,タメ
，	記号,読点,*,*,*,*,，,，,，
多く	名詞,副詞可能,*,*,*,*,多く,オオク,オーク
の	助詞,連体化,*,*,*,*,の,ノ,ノ
者	名詞,非自立,一般,*,*,*,者,モノ,モノ
が	助詞,格助詞,一般,*,*,*,が,ガ,ガ
[	名詞,サ変接続,*,*,*,*,*
次々	副詞,助詞類接続,*,*,*,*,次々,ツギツギ,ツギツギ
に	助詞,副詞化,*,*,*,*,に,ニ,ニ
]	名詞,サ変接続,*,*,*,*,*
祭司	名詞,一般,*,*,*,*,祭司,サイシ,サイシ
と	助詞,格助詞,一般,*,*,*,と,ト,ト
なら	動詞,自立,*,*,五段・ラ行,未然形,なる,ナラ,ナラ
なけれ	助動詞,*,*,*,特殊・ナイ,仮定形,ない,ナケレ,ナケレ
ば	助詞,接続助詞,*,*,*,*,ば,バ,バ
なり	動詞,非自立,*,*,五段・ラ行,連用形,なる,ナリ,ナリ
ませ	助動詞,*,*,*,特殊・マス,未然形,ます,マセ,マセ
ん	助動詞,*,*,*,不変化型,基本形,ん,ン,ン
でし	助動詞,*,*,*,特殊・デス,連用形,です,デシ,デシ
た	助動詞,*,*,*,特殊・タ,基本形,た,タ,タ
が	助詞,接続助詞,*,*,*,*,が,ガ,ガ
，	記号,読点,*,*,*,*,，,，,，
彼	名詞,代名詞,一般,*,*,*,彼,カレ,カレ
は	助詞,係助詞,*,*,*,*,は,ハ,ワ
永久	名詞,一般,*,*,*,*,永久,エイキュウ,エイキュー
に	助詞,格助詞,一般,*,*,*,に,ニ,ニ
生き	動詞,自立,*,*,一段,連用形,生きる,イキ,イキ
続ける	動詞,非自立,*,*,一段,基本形,続ける,ツヅケル,ツズケル
ので	助詞,接続助詞,*,*,*,*,ので,ノデ,ノデ
，	記号,読点,*,*,*,*,，,，,，
後継	名詞,一般,*,*,*,*,後継,コウケイ,コーケイ
者	名詞,接尾,一般,*,*,*,者,シャ,シャ
を	助詞,格助詞,一般,*,*,*,を,ヲ,ヲ
持た	動詞,自立,*,*,五段・タ行,未然形,持つ,モタ,モタ
ず	助動詞,*,*,*,特殊・ヌ,連用ニ接続,ぬ,ズ,ズ
に	助詞,格助詞,一般,*,*,*,に,ニ,ニ
自分	名詞,一般,*,*,*,*,自分,ジブン,ジブン
の	助詞,連体化,*,*,*,*,の,ノ,ノ
祭司	名詞,一般,*,*,*,*,祭司,サイシ,サイシ
職	名詞,接尾,一般,*,*,*,職,ショク,ショク
を	助詞,格助詞,一般,*,*,*,を,ヲ,ヲ
保ち	動詞,自立,*,*,五段・タ行,連用形,保つ,タモチ,タモチ
ます	助動詞,*,*,*,特殊・マス,基本形,ます,マス,マス
。	記号,句点,*,*,*,*,。,。,。
それ	名詞,代名詞,一般,*,*,*,それ,ソレ,ソレ
ゆえ	名詞,接尾,一般,*,*,*,ゆえ,ユエ,ユエ
，	記号,読点,*,*,*,*,，,，,，
彼	名詞,代名詞,一般,*,*,*,彼,カレ,カレ
は	助詞,係助詞,*,*,*,*,は,ハ,ワ
自分	名詞,一般,*,*,*,*,自分,ジブン,ジブン
を通して	助詞,格助詞,連語,*,*,*,を通して,ヲトオシテ,ヲトーシテ
神	名詞,一般,*,*,*,*,神,カミ,カミ
に	助詞,格助詞,一般,*,*,*,に,ニ,ニ
近づく	動詞,自立,*,*,五段・カ行イ音便,基本形,近づく,チカヅク,チカズク
者	名詞,一般,*,*,*,*,者,モノ,モノ
たち	名詞,接尾,一般,*,*,*,たち,タチ,タチ
を	助詞,格助詞,一般,*,*,*,を,ヲ,ヲ
完全	名詞,形容動詞語幹,*,*,*,*,完全,カンゼン,カンゼン
に	助詞,副詞化,*,*,*,*,に,ニ,ニ
救う	動詞,自立,*,*,五段・ワ行促音便,基本形,救う,スクウ,スクウ
こと	名詞,非自立,一般,*,*,*,こと,コト,コト
も	助詞,係助詞,*,*,*,*,も,モ,モ
でき	動詞,自立,*,*,一段,連用形,できる,デキ,デキ
ます	助動詞,*,*,*,特殊・マス,基本形,ます,マス,マス
。	記号,句点,*,*,*,*,。,。,。
常に	副詞,一般,*,*,*,*,常に,ツネニ,ツネニ
生き	動詞,自立,*,*,一段,連用形,生きる,イキ,イキ
て	助詞,接続助詞,*,*,*,*,て,テ,テ
おら	動詞,自立,*,*,五段・ラ行,未然形,おる,オラ,オラ
れ	動詞,接尾,*,*,一段,連用形,れる,レ,レ
て	助詞,接続助詞,*,*,*,*,て,テ,テ
彼ら	名詞,代名詞,一般,*,*,*,彼ら,カレラ,カレラ
の	助詞,連体化,*,*,*,*,の,ノ,ノ
ため	名詞,非自立,副詞可能,*,*,*,ため,タメ,タメ
に	助詞,格助詞,一般,*,*,*,に,ニ,ニ
願い出	動詞,自立,*,*,一段,連用形,願い出る,ネガイデ,ネガイデ
て	助詞,接続助詞,*,*,*,*,て,テ,テ
くださる	動詞,非自立,*,*,五段・ラ行特殊,基本形,くださる,クダサル,クダサル
から	助詞,接続助詞,*,*,*,*,から,カラ,カラ
です	助動詞,*,*,*,特殊・デス,基本形,です,デス,デス
。	記号,句点,*,*,*,*,。,。,。
この	連体詞,*,*,*,*,*,この,コノ,コノ
よう	名詞,非自立,助動詞語幹,*,*,*,よう,ヨウ,ヨー
な	助動詞,*,*,*,特殊・ダ,体言接続,だ,ナ,ナ
大	接頭詞,名詞接続,*,*,*,*,大,ダイ,ダイ
祭司	名詞,一般,*,*,*,*,祭司,サイシ,サイシ
，	記号,読点,*,*,*,*,，,，,，
忠節	名詞,一般,*,*,*,*,忠節,チュウセツ,チューセツ
で	助詞,格助詞,一般,*,*,*,で,デ,デ
，	記号,読点,*,*,*,*,，,，,，
偽り	名詞,一般,*,*,*,*,偽り,イツワリ,イツワリ
も	助詞,係助詞,*,*,*,*,も,モ,モ
汚れ	名詞,一般,*,*,*,*,汚れ,ヨゴレ,ヨゴレ
も	助詞,係助詞,*,*,*,*,も,モ,モ
なく	形容詞,自立,*,*,形容詞・アウオ段,連用テ接続,ない,ナク,ナク
，	記号,読点,*,*,*,*,，,，,，
罪人	名詞,一般,*,*,*,*,罪人,ザイニン,ザイニン
から	助詞,格助詞,一般,*,*,*,から,カラ,カラ
分け	動詞,自立,*,*,一段,未然形,分ける,ワケ,ワケ
られ	動詞,接尾,*,*,一段,連用形,られる,ラレ,ラレ
，	記号,読点,*,*,*,*,，,，,，
もろもろ	名詞,一般,*,*,*,*,もろもろ,モロモロ,モロモロ
の	助詞,連体化,*,*,*,*,の,ノ,ノ
天	名詞,一般,*,*,*,*,天,テン,テン
より	助詞,格助詞,一般,*,*,*,より,ヨリ,ヨリ
も	助詞,係助詞,*,*,*,*,も,モ,モ
高く	形容詞,自立,*,*,形容詞・アウオ段,連用テ接続,高い,タカク,タカク
なら	動詞,自立,*,*,五段・ラ行,未然形,なる,ナラ,ナラ
れ	動詞,接尾,*,*,一段,連用形,れる,レ,レ
た	助動詞,*,*,*,特殊・タ,基本形,た,タ,タ
方	名詞,非自立,一般,*,*,*,方,ホウ,ホー
こそ	助詞,係助詞,*,*,*,*,こそ,コソ,コソ
わたし	名詞,代名詞,一般,*,*,*,わたし,ワタシ,ワタシ
たち	名詞,接尾,一般,*,*,*,たち,タチ,タチ
[	名詞,サ変接続,*,*,*,*,*
の	助詞,連体化,*,*,*,*,の,ノ,ノ
必要	名詞,形容動詞語幹,*,*,*,*,必要,ヒツヨウ,ヒツヨー
]	名詞,サ変接続,*,*,*,*,*
に	助詞,格助詞,一般,*,*,*,に,ニ,ニ
かなっ	動詞,自立,*,*,五段・ワ行促音便,連用タ接続,かなう,カナッ,カナッ
て	助詞,接続助詞,*,*,*,*,て,テ,テ
い	動詞,非自立,*,*,一段,連用形,いる,イ,イ
た	助動詞,*,*,*,特殊・タ,基本形,た,タ,タ
の	名詞,非自立,一般,*,*,*,の,ノ,ノ
です	助動詞,*,*,*,特殊・デス,基本形,です,デス,デス
。	記号,句点,*,*,*,*,。,。,。
この	連体詞,*,*,*,*,*,この,コノ,コノ
方	名詞,非自立,一般,*,*,*,方,ホウ,ホー
は	助詞,係助詞,*,*,*,*,は,ハ,ワ
，	記号,読点,*,*,*,*,，,，,，
あの	連体詞,*,*,*,*,*,あの,アノ,アノ
大	接頭詞,名詞接続,*,*,*,*,大,ダイ,ダイ
祭司	名詞,一般,*,*,*,*,祭司,サイシ,サイシ
たち	名詞,接尾,一般,*,*,*,たち,タチ,タチ
が	助詞,格助詞,一般,*,*,*,が,ガ,ガ
する	動詞,自立,*,*,サ変・スル,基本形,する,スル,スル
よう	名詞,非自立,助動詞語幹,*,*,*,よう,ヨウ,ヨー
に	助詞,副詞化,*,*,*,*,に,ニ,ニ
，	記号,読点,*,*,*,*,，,，,，
まず	副詞,一般,*,*,*,*,まず,マズ,マズ
自分	名詞,一般,*,*,*,*,自分,ジブン,ジブン
自身	名詞,一般,*,*,*,*,自身,ジシン,ジシン
の	助詞,連体化,*,*,*,*,の,ノ,ノ
罪	名詞,一般,*,*,*,*,罪,ツミ,ツミ
の	助詞,連体化,*,*,*,*,の,ノ,ノ
ため	名詞,非自立,副詞可能,*,*,*,ため,タメ,タメ
に	助詞,格助詞,一般,*,*,*,に,ニ,ニ
，	記号,読点,*,*,*,*,，,，,，
次いで	接続詞,*,*,*,*,*,次いで,ツイデ,ツイデ
民	名詞,一般,*,*,*,*,民,ミン,ミン
の	助詞,連体化,*,*,*,*,の,ノ,ノ
[	名詞,サ変接続,*,*,*,*,*
罪	名詞,接尾,一般,*,*,*,罪,ザイ,ザイ
]	名詞,サ変接続,*,*,*,*,*
の	助詞,連体化,*,*,*,*,の,ノ,ノ
ため	名詞,非自立,副詞可能,*,*,*,ため,タメ,タメ
に	助詞,格助詞,一般,*,*,*,に,ニ,ニ
，	記号,読点,*,*,*,*,，,，,，
日	名詞,固有名詞,地域,国,*,*,日,ニチ,ニチ
ごと	名詞,接尾,一般,*,*,*,ごと,ゴト,ゴト
に	助詞,格助詞,一般,*,*,*,に,ニ,ニ
犠牲	名詞,一般,*,*,*,*,犠牲,ギセイ,ギセイ
を	助詞,格助詞,一般,*,*,*,を,ヲ,ヲ
ささげる	動詞,自立,*,*,一段,基本形,ささげる,ササゲル,ササゲル
必要	名詞,形容動詞語幹,*,*,*,*,必要,ヒツヨウ,ヒツヨー
は	助詞,係助詞,*,*,*,*,は,ハ,ワ
あり	動詞,自立,*,*,五段・ラ行,連用形,ある,アリ,アリ
ませ	助動詞,*,*,*,特殊・マス,未然形,ます,マセ,マセ
ん	助動詞,*,*,*,不変化型,基本形,ん,ン,ン
。	記号,句点,*,*,*,*,。,。,。
（	記号,括弧開,*,*,*,*,（,（,（
ご	接頭詞,名詞接続,*,*,*,*,ご,ゴ,ゴ
自身	名詞,一般,*,*,*,*,自身,ジシン,ジシン
を	助詞,格助詞,一般,*,*,*,を,ヲ,ヲ
ささげ	動詞,自立,*,*,一段,連用形,ささげる,ササゲ,ササゲ
た	助動詞,*,*,*,特殊・タ,基本形,た,タ,タ
時	名詞,非自立,副詞可能,*,*,*,時,トキ,トキ
，	記号,読点,*,*,*,*,，,，,，
その	連体詞,*,*,*,*,*,その,ソノ,ソノ
こと	名詞,非自立,一般,*,*,*,こと,コト,コト
を	助詞,格助詞,一般,*,*,*,を,ヲ,ヲ
ただ	接続詞,*,*,*,*,*,ただ,タダ,タダ
一度	副詞,一般,*,*,*,*,一度,イチド,イチド
かぎり	名詞,ナイ形容詞語幹,*,*,*,*,かぎり,カギリ,カギリ
行なわ	動詞,自立,*,*,五段・ワ行促音便,未然形,行なう,オコナワ,オコナワ
れ	動詞,接尾,*,*,一段,連用形,れる,レ,レ
た	助動詞,*,*,*,特殊・タ,基本形,た,タ,タ
から	助詞,接続助詞,*,*,*,*,から,カラ,カラ
です	助動詞,*,*,*,特殊・デス,基本形,です,デス,デス
。	記号,句点,*,*,*,*,。,。,。
）	記号,括弧閉,*,*,*,*,）,）,）
律	名詞,一般,*,*,*,*,律,リツ,リツ
法	名詞,接尾,一般,*,*,*,法,ホウ,ホー
は	助詞,係助詞,*,*,*,*,は,ハ,ワ
弱	形容詞,自立,*,*,形容詞・アウオ段,ガル接続,弱い,ヨワ,ヨワ
さ	名詞,接尾,特殊,*,*,*,さ,サ,サ
を	助詞,格助詞,一般,*,*,*,を,ヲ,ヲ
持つ	動詞,自立,*,*,五段・タ行,基本形,持つ,モツ,モツ
人	名詞,一般,*,*,*,*,人,ヒト,ヒト
たち	名詞,接尾,一般,*,*,*,たち,タチ,タチ
を	助詞,格助詞,一般,*,*,*,を,ヲ,ヲ
大	接頭詞,名詞接続,*,*,*,*,大,ダイ,ダイ
祭司	名詞,一般,*,*,*,*,祭司,サイシ,サイシ
として	助詞,格助詞,連語,*,*,*,として,トシテ,トシテ
任命	名詞,サ変接続,*,*,*,*,任命,ニンメイ,ニンメイ
し	動詞,自立,*,*,サ変・スル,連用形,する,シ,シ
ます	助動詞,*,*,*,特殊・マス,基本形,ます,マス,マス
が	助詞,接続助詞,*,*,*,*,が,ガ,ガ
，	記号,読点,*,*,*,*,，,，,，
律	名詞,一般,*,*,*,*,律,リツ,リツ
法	名詞,接尾,一般,*,*,*,法,ホウ,ホー
の	助詞,連体化,*,*,*,*,の,ノ,ノ
後	名詞,非自立,副詞可能,*,*,*,後,ノチ,ノチ
に	助詞,格助詞,一般,*,*,*,に,ニ,ニ
来	動詞,自立,*,*,カ変・来ル,連用形,来る,キ,キ
た	助動詞,*,*,*,特殊・タ,基本形,た,タ,タ
，	記号,読点,*,*,*,*,，,，,，
明言	名詞,サ変接続,*,*,*,*,明言,メイゲン,メイゲン
さ	動詞,自立,*,*,サ変・スル,未然レル接続,する,サ,サ
れ	動詞,接尾,*,*,一段,連用形,れる,レ,レ
た	助動詞,*,*,*,特殊・タ,基本形,た,タ,タ
誓い	動詞,自立,*,*,五段・ワ行促音便,連用形,誓う,チカイ,チカイ
の	助詞,連体化,*,*,*,*,の,ノ,ノ
言葉	名詞,一般,*,*,*,*,言葉,コトバ,コトバ
は	助詞,係助詞,*,*,*,*,は,ハ,ワ
，	記号,読点,*,*,*,*,，,，,，
永久	名詞,一般,*,*,*,*,永久,エイキュウ,エイキュー
に	助詞,格助詞,一般,*,*,*,に,ニ,ニ
完全	名詞,形容動詞語幹,*,*,*,*,完全,カンゼン,カンゼン
に	助詞,格助詞,一般,*,*,*,に,ニ,ニ
さ	動詞,自立,*,*,サ変・スル,未然レル接続,する,サ,サ
れ	動詞,接尾,*,*,一段,連用形,れる,レ,レ
たみ子	名詞,固有名詞,人名,名,*,*,たみ子,タミコ,タミコ
を	助詞,格助詞,一般,*,*,*,を,ヲ,ヲ
任命	名詞,サ変接続,*,*,*,*,任命,ニンメイ,ニンメイ
する	動詞,自立,*,*,サ変・スル,基本形,する,スル,スル
の	名詞,非自立,一般,*,*,*,の,ノ,ノ
です	助動詞,*,*,*,特殊・デス,基本形,です,デス,デス
。	記号,句点,*,*,*,*,。,。,。
EOS
