さて	接続詞,*,*,*,*,*,さて,サテ,サテ
，	記号,読点,*,*,*,*,，,，,，
以前	名詞,副詞可能,*,*,*,*,以前,イゼン,イゼン
の	助詞,連体化,*,*,*,*,の,ノ,ノ
[	名詞,サ変接続,*,*,*,*,*
契約	名詞,サ変接続,*,*,*,*,契約,ケイヤク,ケイヤク
]	名詞,サ変接続,*,*,*,*,*
に	助詞,格助詞,一般,*,*,*,に,ニ,ニ
は	助詞,係助詞,*,*,*,*,は,ハ,ワ
，	記号,読点,*,*,*,*,，,，,，
神聖	名詞,形容動詞語幹,*,*,*,*,神聖,シンセイ,シンセイ
な	助動詞,*,*,*,特殊・ダ,体言接続,だ,ナ,ナ
奉仕	名詞,サ変接続,*,*,*,*,奉仕,ホウシ,ホーシ
について	助詞,格助詞,連語,*,*,*,について,ニツイテ,ニツイテ
の	助詞,連体化,*,*,*,*,の,ノ,ノ
定式	名詞,一般,*,*,*,*,定式,テイシキ,テイシキ
と	助詞,並立助詞,*,*,*,*,と,ト,ト
，	記号,読点,*,*,*,*,，,，,，
現世	名詞,一般,*,*,*,*,現世,ゲンセイ,ゲンセイ
に	助詞,格助詞,一般,*,*,*,に,ニ,ニ
属する	動詞,自立,*,*,サ変・−スル,基本形,属する,ゾクスル,ゾクスル
聖なる	連体詞,*,*,*,*,*,聖なる,セイナル,セイナル
場所	名詞,一般,*,*,*,*,場所,バショ,バショ
と	助詞,並立助詞,*,*,*,*,と,ト,ト
が	助詞,格助詞,一般,*,*,*,が,ガ,ガ
あり	動詞,自立,*,*,五段・ラ行,連用形,ある,アリ,アリ
まし	助動詞,*,*,*,特殊・マス,連用形,ます,マシ,マシ
た	助動詞,*,*,*,特殊・タ,基本形,た,タ,タ
。	記号,句点,*,*,*,*,。,。,。
天幕	名詞,一般,*,*,*,*,天幕,テンマク,テンマク
の	助詞,連体化,*,*,*,*,の,ノ,ノ
第	接頭詞,数接続,*,*,*,*,第,ダイ,ダイ
一	名詞,数,*,*,*,*,一,イチ,イチ
の	助詞,連体化,*,*,*,*,の,ノ,ノ
[	名詞,サ変接続,*,*,*,*,*
仕切り	名詞,一般,*,*,*,*,仕切り,シキリ,シキリ
室	名詞,接尾,一般,*,*,*,室,シツ,シツ
]	名詞,サ変接続,*,*,*,*,*
が	助詞,格助詞,一般,*,*,*,が,ガ,ガ
設け	動詞,自立,*,*,一段,未然形,設ける,モウケ,モーケ
られ	動詞,接尾,*,*,一段,連用形,られる,ラレ,ラレ
，	記号,読点,*,*,*,*,，,，,，
その	連体詞,*,*,*,*,*,その,ソノ,ソノ
中	名詞,非自立,副詞可能,*,*,*,中,ナカ,ナカ
に	助詞,格助詞,一般,*,*,*,に,ニ,ニ
は	助詞,係助詞,*,*,*,*,は,ハ,ワ
燭台	名詞,一般,*,*,*,*,燭台,ショクダイ,ショクダイ
，	記号,読点,*,*,*,*,，,，,，
そして	接続詞,*,*,*,*,*,そして,ソシテ,ソシテ
また	接続詞,*,*,*,*,*,また,マタ,マタ
食卓	名詞,一般,*,*,*,*,食卓,ショクタク,ショクタク
と	助詞,格助詞,引用,*,*,*,と,ト,ト
並べ	動詞,自立,*,*,一段,未然形,並べる,ナラベ,ナラベ
られ	動詞,接尾,*,*,一段,連用形,られる,ラレ,ラレ
た	助動詞,*,*,*,特殊・タ,基本形,た,タ,タ
パン	名詞,一般,*,*,*,*,パン,パン,パン
と	助詞,並立助詞,*,*,*,*,と,ト,ト
が	助詞,格助詞,一般,*,*,*,が,ガ,ガ
あっ	動詞,自立,*,*,五段・ラ行,連用タ接続,ある,アッ,アッ
た	助動詞,*,*,*,特殊・タ,基本形,た,タ,タ
の	名詞,非自立,一般,*,*,*,の,ノ,ノ
です	助動詞,*,*,*,特殊・デス,基本形,です,デス,デス
。	記号,句点,*,*,*,*,。,。,。
そして	接続詞,*,*,*,*,*,そして,ソシテ,ソシテ
，	記号,読点,*,*,*,*,，,，,，
それ	名詞,代名詞,一般,*,*,*,それ,ソレ,ソレ
は	助詞,係助詞,*,*,*,*,は,ハ,ワ
「	記号,括弧開,*,*,*,*,「,「,「
聖なる	連体詞,*,*,*,*,*,聖なる,セイナル,セイナル
場所	名詞,一般,*,*,*,*,場所,バショ,バショ
」	記号,括弧閉,*,*,*,*,」,」,」
と	助詞,格助詞,引用,*,*,*,と,ト,ト
呼ば	動詞,自立,*,*,五段・バ行,未然形,呼ぶ,ヨバ,ヨバ
れ	動詞,接尾,*,*,一段,連用形,れる,レ,レ
て	助詞,接続助詞,*,*,*,*,て,テ,テ
い	動詞,非自立,*,*,一段,連用形,いる,イ,イ
ます	助動詞,*,*,*,特殊・マス,基本形,ます,マス,マス
。	記号,句点,*,*,*,*,。,。,。
しかし	接続詞,*,*,*,*,*,しかし,シカシ,シカシ
，	記号,読点,*,*,*,*,，,，,，
第	接頭詞,数接続,*,*,*,*,第,ダイ,ダイ
二	名詞,数,*,*,*,*,二,ニ,ニ
の	助詞,連体化,*,*,*,*,の,ノ,ノ
垂れ幕	名詞,一般,*,*,*,*,垂れ幕,タレマク,タレマク
の	助詞,連体化,*,*,*,*,の,ノ,ノ
後ろ	名詞,一般,*,*,*,*,後ろ,ウシロ,ウシロ
に	助詞,格助詞,一般,*,*,*,に,ニ,ニ
は	助詞,係助詞,*,*,*,*,は,ハ,ワ
，	記号,読点,*,*,*,*,，,，,，
「	記号,括弧開,*,*,*,*,「,「,「
至	名詞,一般,*,*,*,*,至,イタリ,イタリ
聖	名詞,一般,*,*,*,*,聖,ヒジリ,ヒジリ
所	名詞,接尾,一般,*,*,*,所,ショ,ショ
」	記号,括弧閉,*,*,*,*,」,」,」
と	助詞,格助詞,引用,*,*,*,と,ト,ト
呼ば	動詞,自立,*,*,五段・バ行,未然形,呼ぶ,ヨバ,ヨバ
れる	動詞,接尾,*,*,一段,基本形,れる,レル,レル
天幕	名詞,一般,*,*,*,*,天幕,テンマク,テンマク
の	助詞,連体化,*,*,*,*,の,ノ,ノ
[	名詞,サ変接続,*,*,*,*,*
仕切り	名詞,一般,*,*,*,*,仕切り,シキリ,シキリ
室	名詞,接尾,一般,*,*,*,室,シツ,シツ
]	名詞,サ変接続,*,*,*,*,*
が	助詞,格助詞,一般,*,*,*,が,ガ,ガ
あり	動詞,自立,*,*,五段・ラ行,連用形,ある,アリ,アリ
まし	助動詞,*,*,*,特殊・マス,連用形,ます,マシ,マシ
た	助動詞,*,*,*,特殊・タ,基本形,た,タ,タ
。	記号,句点,*,*,*,*,。,。,。
ここ	名詞,代名詞,一般,*,*,*,ここ,ココ,ココ
に	助詞,格助詞,一般,*,*,*,に,ニ,ニ
は	助詞,係助詞,*,*,*,*,は,ハ,ワ
金	名詞,一般,*,*,*,*,金,キン,キン
の	助詞,連体化,*,*,*,*,の,ノ,ノ
香炉	名詞,一般,*,*,*,*,香炉,コウロ,コーロ
と	助詞,並立助詞,*,*,*,*,と,ト,ト
，	記号,読点,*,*,*,*,，,，,，
全面	名詞,一般,*,*,*,*,全面,ゼンメン,ゼンメン
に	助詞,格助詞,一般,*,*,*,に,ニ,ニ
金	名詞,一般,*,*,*,*,金,キン,キン
を	助詞,格助詞,一般,*,*,*,を,ヲ,ヲ
かぶせ	動詞,自立,*,*,一段,連用形,かぶせる,カブセ,カブセ
た	助動詞,*,*,*,特殊・タ,基本形,た,タ,タ
契約	名詞,サ変接続,*,*,*,*,契約,ケイヤク,ケイヤク
の	助詞,連体化,*,*,*,*,の,ノ,ノ
箱	名詞,一般,*,*,*,*,箱,ハコ,ハコ
が	助詞,格助詞,一般,*,*,*,が,ガ,ガ
あり	動詞,自立,*,*,五段・ラ行,連用形,ある,アリ,アリ
，	記号,読点,*,*,*,*,，,，,，
その	連体詞,*,*,*,*,*,その,ソノ,ソノ
[	名詞,サ変接続,*,*,*,*,*
箱	名詞,接尾,一般,*,*,*,箱,バコ,バコ
]	名詞,サ変接続,*,*,*,*,*
の	助詞,連体化,*,*,*,*,の,ノ,ノ
中	名詞,非自立,副詞可能,*,*,*,中,ナカ,ナカ
に	助詞,格助詞,一般,*,*,*,に,ニ,ニ
は	助詞,係助詞,*,*,*,*,は,ハ,ワ
，	記号,読点,*,*,*,*,，,，,，
マナ	名詞,一般,*,*,*,*,*
を	助詞,格助詞,一般,*,*,*,を,ヲ,ヲ
入れ	動詞,自立,*,*,一段,連用形,入れる,イレ,イレ
た	助動詞,*,*,*,特殊・タ,基本形,た,タ,タ
金	名詞,一般,*,*,*,*,金,キン,キン
の	助詞,連体化,*,*,*,*,の,ノ,ノ
つ	助動詞,*,*,*,下二・タ行,基本形,つ,ツ,ツ
ぼ	動詞,自立,*,*,五段・ラ行,体言接続特殊２,ぼる,ボ,ボ
と	助詞,接続助詞,*,*,*,*,と,ト,ト
，	記号,読点,*,*,*,*,，,，,，
芽	名詞,一般,*,*,*,*,芽,メ,メ
を	助詞,格助詞,一般,*,*,*,を,ヲ,ヲ
吹い	動詞,自立,*,*,五段・カ行イ音便,連用タ接続,吹く,フイ,フイ
た	助動詞,*,*,*,特殊・タ,基本形,た,タ,タ
アロン	名詞,一般,*,*,*,*,アロン,アロン,アロン
の	助詞,連体化,*,*,*,*,の,ノ,ノ
杖	名詞,一般,*,*,*,*,杖,ツエ,ツエ
，	記号,読点,*,*,*,*,，,，,，
そして	接続詞,*,*,*,*,*,そして,ソシテ,ソシテ
契約	名詞,サ変接続,*,*,*,*,契約,ケイヤク,ケイヤク
の	助詞,連体化,*,*,*,*,の,ノ,ノ
書き	動詞,自立,*,*,五段・カ行イ音便,連用形,書く,カキ,カキ
板	名詞,一般,*,*,*,*,板,イタ,イタ
が	助詞,格助詞,一般,*,*,*,が,ガ,ガ
あり	動詞,自立,*,*,五段・ラ行,連用形,ある,アリ,アリ
まし	助動詞,*,*,*,特殊・マス,連用形,ます,マシ,マシ
た	助動詞,*,*,*,特殊・タ,基本形,た,タ,タ
。	記号,句点,*,*,*,*,。,。,。
また	接続詞,*,*,*,*,*,また,マタ,マタ
その	連体詞,*,*,*,*,*,その,ソノ,ソノ
上	名詞,非自立,副詞可能,*,*,*,上,ウエ,ウエ
に	助詞,格助詞,一般,*,*,*,に,ニ,ニ
は	助詞,係助詞,*,*,*,*,は,ハ,ワ
，	記号,読点,*,*,*,*,，,，,，
なだめ	動詞,自立,*,*,一段,連用形,なだめる,ナダメ,ナダメ
の	助詞,連体化,*,*,*,*,の,ノ,ノ
[	名詞,サ変接続,*,*,*,*,*
覆い	名詞,一般,*,*,*,*,覆い,オオイ,オーイ
]	名詞,サ変接続,*,*,*,*,*
を	助詞,格助詞,一般,*,*,*,を,ヲ,ヲ
覆う	動詞,自立,*,*,五段・ワ行促音便,基本形,覆う,オオウ,オオウ
よう	名詞,非自立,助動詞語幹,*,*,*,よう,ヨウ,ヨー
に	助詞,格助詞,一般,*,*,*,に,ニ,ニ
し	動詞,自立,*,*,サ変・スル,連用形,する,シ,シ
て	助詞,接続助詞,*,*,*,*,て,テ,テ
栄光	名詞,一般,*,*,*,*,栄光,エイコウ,エイコー
の	助詞,連体化,*,*,*,*,の,ノ,ノ
ケルブ	名詞,一般,*,*,*,*,*
[	名詞,サ変接続,*,*,*,*,*
二つ	名詞,一般,*,*,*,*,二つ,フタツ,フタツ
]	名詞,サ変接続,*,*,*,*,*
が	助詞,格助詞,一般,*,*,*,が,ガ,ガ
あり	動詞,自立,*,*,五段・ラ行,連用形,ある,アリ,アリ
まし	助動詞,*,*,*,特殊・マス,連用形,ます,マシ,マシ
た	助動詞,*,*,*,特殊・タ,基本形,た,タ,タ
。	記号,句点,*,*,*,*,。,。,。
しかし	接続詞,*,*,*,*,*,しかし,シカシ,シカシ
今	名詞,副詞可能,*,*,*,*,今,イマ,イマ
は	助詞,係助詞,*,*,*,*,は,ハ,ワ
これら	名詞,代名詞,一般,*,*,*,これら,コレラ,コレラ
の	助詞,連体化,*,*,*,*,の,ノ,ノ
物	名詞,非自立,一般,*,*,*,物,モノ,モノ
について	助詞,格助詞,連語,*,*,*,について,ニツイテ,ニツイテ
こまごま	副詞,助詞類接続,*,*,*,*,こまごま,コマゴマ,コマゴマ
と	助詞,副詞化,*,*,*,*,と,ト,ト
語る	動詞,自立,*,*,五段・ラ行,基本形,語る,カタル,カタル
時	名詞,非自立,副詞可能,*,*,*,時,トキ,トキ
で	助詞,格助詞,一般,*,*,*,で,デ,デ
は	助詞,係助詞,*,*,*,*,は,ハ,ワ
あり	動詞,自立,*,*,五段・ラ行,連用形,ある,アリ,アリ
ませ	助動詞,*,*,*,特殊・マス,未然形,ます,マセ,マセ
ん	助動詞,*,*,*,不変化型,基本形,ん,ン,ン
。	記号,句点,*,*,*,*,。,。,。
これら	名詞,代名詞,一般,*,*,*,これら,コレラ,コレラ
の	助詞,連体化,*,*,*,*,の,ノ,ノ
物	名詞,非自立,一般,*,*,*,物,モノ,モノ
が	助詞,格助詞,一般,*,*,*,が,ガ,ガ
この	連体詞,*,*,*,*,*,この,コノ,コノ
よう	名詞,非自立,助動詞語幹,*,*,*,よう,ヨウ,ヨー
に	助詞,副詞化,*,*,*,*,に,ニ,ニ
設け	動詞,自立,*,*,一段,未然形,設ける,モウケ,モーケ
られ	動詞,接尾,*,*,一段,連用形,られる,ラレ,ラレ
た	助動詞,*,*,*,特殊・タ,基本形,た,タ,タ
うえ	名詞,非自立,副詞可能,*,*,*,うえ,ウエ,ウエ
で	助詞,格助詞,一般,*,*,*,で,デ,デ
，	記号,読点,*,*,*,*,，,，,，
祭司	名詞,一般,*,*,*,*,祭司,サイシ,サイシ
たち	名詞,接尾,一般,*,*,*,たち,タチ,タチ
は	助詞,係助詞,*,*,*,*,は,ハ,ワ
いつも	副詞,一般,*,*,*,*,いつも,イツモ,イツモ
天幕	名詞,一般,*,*,*,*,天幕,テンマク,テンマク
の	助詞,連体化,*,*,*,*,の,ノ,ノ
第	接頭詞,数接続,*,*,*,*,第,ダイ,ダイ
一	名詞,数,*,*,*,*,一,イチ,イチ
の	助詞,連体化,*,*,*,*,の,ノ,ノ
[	名詞,サ変接続,*,*,*,*,*
仕切り	名詞,一般,*,*,*,*,仕切り,シキリ,シキリ
室	名詞,接尾,一般,*,*,*,室,シツ,シツ
]	名詞,サ変接続,*,*,*,*,*
に	助詞,格助詞,一般,*,*,*,に,ニ,ニ
入っ	動詞,自立,*,*,五段・ラ行,連用タ接続,入る,ハイッ,ハイッ
て	助詞,接続助詞,*,*,*,*,て,テ,テ
神聖	名詞,形容動詞語幹,*,*,*,*,神聖,シンセイ,シンセイ
な	助動詞,*,*,*,特殊・ダ,体言接続,だ,ナ,ナ
奉仕	名詞,サ変接続,*,*,*,*,奉仕,ホウシ,ホーシ
を	助詞,格助詞,一般,*,*,*,を,ヲ,ヲ
行ない	動詞,自立,*,*,五段・ワ行促音便,連用形,行なう,オコナイ,オコナイ
ます	助動詞,*,*,*,特殊・マス,基本形,ます,マス,マス
。	記号,句点,*,*,*,*,。,。,。
しかし	接続詞,*,*,*,*,*,しかし,シカシ,シカシ
第	接頭詞,数接続,*,*,*,*,第,ダイ,ダイ
二	名詞,数,*,*,*,*,二,ニ,ニ
の	助詞,連体化,*,*,*,*,の,ノ,ノ
[	名詞,サ変接続,*,*,*,*,*
仕切り	名詞,一般,*,*,*,*,仕切り,シキリ,シキリ
室	名詞,接尾,一般,*,*,*,室,シツ,シツ
]	名詞,サ変接続,*,*,*,*,*
の	助詞,連体化,*,*,*,*,の,ノ,ノ
中	名詞,非自立,副詞可能,*,*,*,中,ナカ,ナカ
へ	助詞,格助詞,一般,*,*,*,へ,ヘ,エ
は	助詞,係助詞,*,*,*,*,は,ハ,ワ
，	記号,読点,*,*,*,*,，,，,，
大	接頭詞,名詞接続,*,*,*,*,大,ダイ,ダイ
祭司	名詞,一般,*,*,*,*,祭司,サイシ,サイシ
だけ	助詞,副助詞,*,*,*,*,だけ,ダケ,ダケ
が	助詞,格助詞,一般,*,*,*,が,ガ,ガ
年	名詞,一般,*,*,*,*,年,トシ,トシ
に	助詞,格助詞,一般,*,*,*,に,ニ,ニ
一度	副詞,一般,*,*,*,*,一度,イチド,イチド
入り	動詞,自立,*,*,五段・ラ行,連用形,入る,ハイリ,ハイリ
ます	助動詞,*,*,*,特殊・マス,基本形,ます,マス,マス
が	助詞,接続助詞,*,*,*,*,が,ガ,ガ
，	記号,読点,*,*,*,*,，,，,，
血	名詞,一般,*,*,*,*,血,チ,チ
を	助詞,格助詞,一般,*,*,*,を,ヲ,ヲ
携え	動詞,自立,*,*,一段,未然形,携える,タズサエ,タズサエ
ない	助動詞,*,*,*,特殊・ナイ,連用デ接続,ない,ナイ,ナイ
で	助詞,接続助詞,*,*,*,*,で,デ,デ
行く	動詞,非自立,*,*,五段・カ行促音便,基本形,行く,イク,イク
こと	名詞,非自立,一般,*,*,*,こと,コト,コト
は	助詞,係助詞,*,*,*,*,は,ハ,ワ
あり	動詞,自立,*,*,五段・ラ行,連用形,ある,アリ,アリ
ませ	助動詞,*,*,*,特殊・マス,未然形,ます,マセ,マセ
ん	助動詞,*,*,*,不変化型,基本形,ん,ン,ン
。	記号,句点,*,*,*,*,。,。,。
彼	名詞,代名詞,一般,*,*,*,彼,カレ,カレ
は	助詞,係助詞,*,*,*,*,は,ハ,ワ
それ	名詞,代名詞,一般,*,*,*,それ,ソレ,ソレ
を	助詞,格助詞,一般,*,*,*,を,ヲ,ヲ
自分	名詞,一般,*,*,*,*,自分,ジブン,ジブン
自身	名詞,一般,*,*,*,*,自身,ジシン,ジシン
の	助詞,連体化,*,*,*,*,の,ノ,ノ
ため	名詞,非自立,副詞可能,*,*,*,ため,タメ,タメ
，	記号,読点,*,*,*,*,，,，,，
そして	接続詞,*,*,*,*,*,そして,ソシテ,ソシテ
民	名詞,一般,*,*,*,*,民,ミン,ミン
の	助詞,連体化,*,*,*,*,の,ノ,ノ
無知	名詞,一般,*,*,*,*,無知,ムチ,ムチ
の	助詞,連体化,*,*,*,*,の,ノ,ノ
罪	名詞,一般,*,*,*,*,罪,ツミ,ツミ
の	助詞,連体化,*,*,*,*,の,ノ,ノ
ため	名詞,非自立,副詞可能,*,*,*,ため,タメ,タメ
に	助詞,格助詞,一般,*,*,*,に,ニ,ニ
ささげる	動詞,自立,*,*,一段,基本形,ささげる,ササゲル,ササゲル
の	名詞,非自立,一般,*,*,*,の,ノ,ノ
です	助動詞,*,*,*,特殊・デス,基本形,です,デス,デス
。	記号,句点,*,*,*,*,。,。,。
こうして	接続詞,*,*,*,*,*,こうして,コウシテ,コーシテ
聖霊	名詞,一般,*,*,*,*,聖霊,セイレイ,セイレイ
は	助詞,係助詞,*,*,*,*,は,ハ,ワ
，	記号,読点,*,*,*,*,，,，,，
第	接頭詞,数接続,*,*,*,*,第,ダイ,ダイ
一	名詞,数,*,*,*,*,一,イチ,イチ
の	助詞,連体化,*,*,*,*,の,ノ,ノ
天幕	名詞,一般,*,*,*,*,天幕,テンマク,テンマク
が	助詞,格助詞,一般,*,*,*,が,ガ,ガ
立っ	動詞,自立,*,*,五段・タ行,連用タ接続,立つ,タッ,タッ
て	助詞,接続助詞,*,*,*,*,て,テ,テ
い	動詞,非自立,*,*,一段,連用形,いる,イ,イ
た	助動詞,*,*,*,特殊・タ,基本形,た,タ,タ
間	名詞,一般,*,*,*,*,間,マ,マ
は	助詞,係助詞,*,*,*,*,は,ハ,ワ
，	記号,読点,*,*,*,*,，,，,，
聖なる	連体詞,*,*,*,*,*,聖なる,セイナル,セイナル
場所	名詞,一般,*,*,*,*,場所,バショ,バショ
へ	助詞,格助詞,一般,*,*,*,へ,ヘ,エ
の	助詞,連体化,*,*,*,*,の,ノ,ノ
道	名詞,一般,*,*,*,*,道,ミチ,ミチ
が	助詞,格助詞,一般,*,*,*,が,ガ,ガ
まだ	副詞,助詞類接続,*,*,*,*,まだ,マダ,マダ
明らか	名詞,形容動詞語幹,*,*,*,*,明らか,アキラカ,アキラカ
に	助詞,格助詞,一般,*,*,*,に,ニ,ニ
さ	動詞,自立,*,*,サ変・スル,未然レル接続,する,サ,サ
れ	動詞,接尾,*,*,一段,連用形,れる,レ,レ
て	助詞,接続助詞,*,*,*,*,て,テ,テ
い	動詞,非自立,*,*,一段,未然形,いる,イ,イ
なかっ	助動詞,*,*,*,特殊・ナイ,連用タ接続,ない,ナカッ,ナカッ
た	助動詞,*,*,*,特殊・タ,基本形,た,タ,タ
こと	名詞,非自立,一般,*,*,*,こと,コト,コト
を	助詞,格助詞,一般,*,*,*,を,ヲ,ヲ
明白	名詞,形容動詞語幹,*,*,*,*,明白,メイハク,メイハク
に	助詞,格助詞,一般,*,*,*,に,ニ,ニ
し	動詞,自立,*,*,サ変・スル,連用形,する,シ,シ
て	助詞,接続助詞,*,*,*,*,て,テ,テ
い	動詞,非自立,*,*,一段,連用形,いる,イ,イ
ます	助動詞,*,*,*,特殊・マス,基本形,ます,マス,マス
。	記号,句点,*,*,*,*,。,。,。
この	連体詞,*,*,*,*,*,この,コノ,コノ
[	名詞,サ変接続,*,*,*,*,*
天幕	名詞,一般,*,*,*,*,天幕,テンマク,テンマク
]	名詞,サ変接続,*,*,*,*,*
こそ	助詞,係助詞,*,*,*,*,こそ,コソ,コソ
，	記号,読点,*,*,*,*,，,，,，
今	名詞,副詞可能,*,*,*,*,今,イマ,イマ
すでに	副詞,一般,*,*,*,*,すでに,スデニ,スデニ
来	動詞,自立,*,*,カ変・来ル,連用形,来る,キ,キ
て	助詞,接続助詞,*,*,*,*,て,テ,テ
いる	動詞,非自立,*,*,一段,基本形,いる,イル,イル
定め	動詞,自立,*,*,一段,未然形,定める,サダメ,サダメ
られ	動詞,接尾,*,*,一段,連用形,られる,ラレ,ラレ
た	助動詞,*,*,*,特殊・タ,基本形,た,タ,タ
時	名詞,非自立,副詞可能,*,*,*,時,トキ,トキ
の	助詞,連体化,*,*,*,*,の,ノ,ノ
ため	名詞,非自立,副詞可能,*,*,*,ため,タメ,タメ
の	助詞,連体化,*,*,*,*,の,ノ,ノ
例え	動詞,自立,*,*,一段,連用形,例える,タトエ,タトエ
で	助動詞,*,*,*,特殊・ダ,連用形,だ,デ,デ
あり	助動詞,*,*,*,五段・ラ行アル,連用形,ある,アリ,アリ
，	記号,読点,*,*,*,*,，,，,，
その	連体詞,*,*,*,*,*,その,ソノ,ソノ
こと	名詞,非自立,一般,*,*,*,こと,コト,コト
に	助詞,格助詞,一般,*,*,*,に,ニ,ニ
したがっ	動詞,自立,*,*,五段・ワ行促音便,連用タ接続,したがう,シタガッ,シタガッ
て	助詞,接続助詞,*,*,*,*,て,テ,テ
供え物	名詞,一般,*,*,*,*,供え物,ソナエモノ,ソナエモノ
と	助詞,並立助詞,*,*,*,*,と,ト,ト
犠牲	名詞,一般,*,*,*,*,犠牲,ギセイ,ギセイ
の	助詞,連体化,*,*,*,*,の,ノ,ノ
両方	名詞,一般,*,*,*,*,両方,リョウホウ,リョーホー
が	助詞,格助詞,一般,*,*,*,が,ガ,ガ
ささげ	動詞,自立,*,*,一段,未然形,ささげる,ササゲ,ササゲ
られる	動詞,接尾,*,*,一段,基本形,られる,ラレル,ラレル
の	名詞,非自立,一般,*,*,*,の,ノ,ノ
です	助動詞,*,*,*,特殊・デス,基本形,です,デス,デス
。	記号,句点,*,*,*,*,。,。,。
しかし	接続詞,*,*,*,*,*,しかし,シカシ,シカシ
それら	名詞,代名詞,一般,*,*,*,それら,ソレラ,ソレラ
は	助詞,係助詞,*,*,*,*,は,ハ,ワ
，	記号,読点,*,*,*,*,，,，,，
神聖	名詞,形容動詞語幹,*,*,*,*,神聖,シンセイ,シンセイ
な	助動詞,*,*,*,特殊・ダ,体言接続,だ,ナ,ナ
奉仕	名詞,サ変接続,*,*,*,*,奉仕,ホウシ,ホーシ
を	助詞,格助詞,一般,*,*,*,を,ヲ,ヲ
し	動詞,自立,*,*,サ変・スル,連用形,する,シ,シ
て	助詞,接続助詞,*,*,*,*,て,テ,テ
いる	動詞,非自立,*,*,一段,基本形,いる,イル,イル
[	名詞,サ変接続,*,*,*,*,*
人	名詞,接尾,一般,*,*,*,人,ジン,ジン
]	名詞,サ変接続,*,*,*,*,*
を	助詞,格助詞,一般,*,*,*,を,ヲ,ヲ
その	連体詞,*,*,*,*,*,その,ソノ,ソノ
良心	名詞,一般,*,*,*,*,良心,リョウシン,リョーシン
の	助詞,連体化,*,*,*,*,の,ノ,ノ
面	名詞,一般,*,*,*,*,面,メン,メン
で	助詞,格助詞,一般,*,*,*,で,デ,デ
完全	名詞,形容動詞語幹,*,*,*,*,完全,カンゼン,カンゼン
に	助詞,格助詞,一般,*,*,*,に,ニ,ニ
する	動詞,自立,*,*,サ変・スル,基本形,する,スル,スル
こと	名詞,非自立,一般,*,*,*,こと,コト,コト
が	助詞,格助詞,一般,*,*,*,が,ガ,ガ
でき	動詞,自立,*,*,一段,未然形,できる,デキ,デキ
ず	助動詞,*,*,*,特殊・ヌ,連用ニ接続,ぬ,ズ,ズ
，	記号,読点,*,*,*,*,，,，,，
ただ	接続詞,*,*,*,*,*,ただ,タダ,タダ
食物	名詞,一般,*,*,*,*,食物,ショクモツ,ショクモツ
や	助詞,並立助詞,*,*,*,*,や,ヤ,ヤ
飲み物	名詞,一般,*,*,*,*,飲み物,ノミモノ,ノミモノ
や	助詞,並立助詞,*,*,*,*,や,ヤ,ヤ
さまざま	名詞,形容動詞語幹,*,*,*,*,さまざま,サマザマ,サマザマ
な	助動詞,*,*,*,特殊・ダ,体言接続,だ,ナ,ナ
バプテスマ	名詞,一般,*,*,*,*,バプテスマ,バプテスマ,バプテスマ
に関する	助詞,格助詞,連語,*,*,*,に関する,ニカンスル,ニカンスル
事柄	名詞,一般,*,*,*,*,事柄,コトガラ,コトガラ
に	助詞,格助詞,一般,*,*,*,に,ニ,ニ
すぎ	動詞,自立,*,*,一段,連用形,すぎる,スギ,スギ
ませ	助動詞,*,*,*,特殊・マス,未然形,ます,マセ,マセ
ん	助動詞,*,*,*,不変化型,基本形,ん,ン,ン
。	記号,句点,*,*,*,*,。,。,。
これら	名詞,代名詞,一般,*,*,*,これら,コレラ,コレラ
は	助詞,係助詞,*,*,*,*,は,ハ,ワ
肉	名詞,一般,*,*,*,*,肉,ニク,ニク
に関する	助詞,格助詞,連語,*,*,*,に関する,ニカンスル,ニカンスル
法的	名詞,形容動詞語幹,*,*,*,*,法的,ホウテキ,ホーテキ
な	助動詞,*,*,*,特殊・ダ,体言接続,だ,ナ,ナ
要求	名詞,サ変接続,*,*,*,*,要求,ヨウキュウ,ヨーキュー
で	助動詞,*,*,*,特殊・ダ,連用形,だ,デ,デ
あっ	助動詞,*,*,*,五段・ラ行アル,連用タ接続,ある,アッ,アッ
て	助詞,接続助詞,*,*,*,*,て,テ,テ
，	記号,読点,*,*,*,*,，,，,，
物事	名詞,一般,*,*,*,*,物事,モノゴト,モノゴト
を	助詞,格助詞,一般,*,*,*,を,ヲ,ヲ
正す	動詞,自立,*,*,五段・サ行,基本形,正す,タダス,タダス
ため	名詞,非自立,副詞可能,*,*,*,ため,タメ,タメ
の	助詞,連体化,*,*,*,*,の,ノ,ノ
定め	動詞,自立,*,*,一段,未然形,定める,サダメ,サダメ
られ	動詞,接尾,*,*,一段,連用形,られる,ラレ,ラレ
た	助動詞,*,*,*,特殊・タ,基本形,た,タ,タ
時	名詞,非自立,副詞可能,*,*,*,時,トキ,トキ
まで	助詞,副助詞,*,*,*,*,まで,マデ,マデ
課せ	動詞,自立,*,*,サ変・−スル,未然レル接続,課する,カセ,カセ
られ	動詞,接尾,*,*,一段,連用形,られる,ラレ,ラレ
て	助詞,接続助詞,*,*,*,*,て,テ,テ
いる	動詞,非自立,*,*,一段,基本形,いる,イル,イル
の	名詞,非自立,一般,*,*,*,の,ノ,ノ
です	助動詞,*,*,*,特殊・デス,基本形,です,デス,デス
。	記号,句点,*,*,*,*,。,。,。
しかし	接続詞,*,*,*,*,*,しかし,シカシ,シカシ
，	記号,読点,*,*,*,*,，,，,，
キリスト	名詞,固有名詞,一般,*,*,*,キリスト,キリスト,キリスト
は	助詞,係助詞,*,*,*,*,は,ハ,ワ
，	記号,読点,*,*,*,*,，,，,，
すでに	副詞,一般,*,*,*,*,すでに,スデニ,スデニ
実現	名詞,サ変接続,*,*,*,*,実現,ジツゲン,ジツゲン
し	動詞,自立,*,*,サ変・スル,連用形,する,シ,シ
た	助動詞,*,*,*,特殊・タ,基本形,た,タ,タ
良い	形容詞,自立,*,*,形容詞・アウオ段,基本形,良い,ヨイ,ヨイ
事柄	名詞,一般,*,*,*,*,事柄,コトガラ,コトガラ
の	助詞,連体化,*,*,*,*,の,ノ,ノ
大	接頭詞,名詞接続,*,*,*,*,大,ダイ,ダイ
祭司	名詞,一般,*,*,*,*,祭司,サイシ,サイシ
として	助詞,格助詞,連語,*,*,*,として,トシテ,トシテ
来	動詞,自立,*,*,カ変・来ル,連用形,来る,キ,キ
た	助動詞,*,*,*,特殊・タ,基本形,た,タ,タ
時	名詞,非自立,副詞可能,*,*,*,時,トキ,トキ
，	記号,読点,*,*,*,*,，,，,，
手	名詞,一般,*,*,*,*,手,テ,テ
で	助詞,格助詞,一般,*,*,*,で,デ,デ
造っ	動詞,自立,*,*,五段・ラ行,連用タ接続,造る,ツクッ,ツクッ
た	助動詞,*,*,*,特殊・タ,基本形,た,タ,タ
の	名詞,非自立,一般,*,*,*,の,ノ,ノ
で	助動詞,*,*,*,特殊・ダ,連用形,だ,デ,デ
は	助詞,係助詞,*,*,*,*,は,ハ,ワ
ない	形容詞,自立,*,*,形容詞・アウオ段,基本形,ない,ナイ,ナイ
，	記号,読点,*,*,*,*,，,，,，
すなわち	接続詞,*,*,*,*,*,すなわち,スナワチ,スナワチ
，	記号,読点,*,*,*,*,，,，,，
この	連体詞,*,*,*,*,*,この,コノ,コノ
創造	名詞,サ変接続,*,*,*,*,創造,ソウゾウ,ソーゾー
界	名詞,接尾,一般,*,*,*,界,カイ,カイ
の	助詞,連体化,*,*,*,*,の,ノ,ノ
もの	名詞,非自立,一般,*,*,*,もの,モノ,モノ
で	助動詞,*,*,*,特殊・ダ,連用形,だ,デ,デ
は	助詞,係助詞,*,*,*,*,は,ハ,ワ
ない	形容詞,自立,*,*,形容詞・アウオ段,基本形,ない,ナイ,ナイ
，	記号,読点,*,*,*,*,，,，,，
より	副詞,一般,*,*,*,*,より,ヨリ,ヨリ
偉大	名詞,形容動詞語幹,*,*,*,*,偉大,イダイ,イダイ
で	助動詞,*,*,*,特殊・ダ,連用形,だ,デ,デ
，	記号,読点,*,*,*,*,，,，,，
より	副詞,一般,*,*,*,*,より,ヨリ,ヨリ
完全	名詞,形容動詞語幹,*,*,*,*,完全,カンゼン,カンゼン
な	助動詞,*,*,*,特殊・ダ,体言接続,だ,ナ,ナ
天幕	名詞,一般,*,*,*,*,天幕,テンマク,テンマク
を	助詞,格助詞,一般,*,*,*,を,ヲ,ヲ
通り	動詞,自立,*,*,五段・ラ行,連用形,通る,トオリ,トーリ
，	記号,読点,*,*,*,*,，,，,，
そう	副詞,助詞類接続,*,*,*,*,そう,ソウ,ソー
です	助動詞,*,*,*,特殊・デス,基本形,です,デス,デス
，	記号,読点,*,*,*,*,，,，,，
やぎ	名詞,一般,*,*,*,*,やぎ,ヤギ,ヤギ
や	助詞,並立助詞,*,*,*,*,や,ヤ,ヤ
若い	形容詞,自立,*,*,形容詞・アウオ段,基本形,若い,ワカイ,ワカイ
雄	接頭詞,名詞接続,*,*,*,*,雄,オ,オ
牛	名詞,一般,*,*,*,*,牛,ウシ,ウシ
の	助詞,連体化,*,*,*,*,の,ノ,ノ
血	名詞,一般,*,*,*,*,血,チ,チ
で	助詞,格助詞,一般,*,*,*,で,デ,デ
は	助詞,係助詞,*,*,*,*,は,ハ,ワ
なく	助動詞,*,*,*,特殊・ナイ,連用テ接続,ない,ナク,ナク
，	記号,読点,*,*,*,*,，,，,，
ご	接頭詞,名詞接続,*,*,*,*,ご,ゴ,ゴ
自身	名詞,一般,*,*,*,*,自身,ジシン,ジシン
の	助詞,連体化,*,*,*,*,の,ノ,ノ
血	名詞,一般,*,*,*,*,血,チ,チ
を	助詞,格助詞,一般,*,*,*,を,ヲ,ヲ
携え	動詞,自立,*,*,一段,連用形,携える,タズサエ,タズサエ
，	記号,読点,*,*,*,*,，,，,，
ただ	接続詞,*,*,*,*,*,ただ,タダ,タダ
一度	副詞,一般,*,*,*,*,一度,イチド,イチド
かぎり	動詞,自立,*,*,五段・ラ行,連用形,かぎる,カギリ,カギリ
聖なる	連体詞,*,*,*,*,*,聖なる,セイナル,セイナル
場所	名詞,一般,*,*,*,*,場所,バショ,バショ
に	助詞,格助詞,一般,*,*,*,に,ニ,ニ
入り	動詞,自立,*,*,五段・ラ行,連用形,入る,ハイリ,ハイリ
，	記号,読点,*,*,*,*,，,，,，
[	名詞,サ変接続,*,*,*,*,*
わたし	名詞,代名詞,一般,*,*,*,わたし,ワタシ,ワタシ
たち	名詞,接尾,一般,*,*,*,たち,タチ,タチ
の	助詞,連体化,*,*,*,*,の,ノ,ノ
ため	名詞,非自立,副詞可能,*,*,*,ため,タメ,タメ
に	助詞,格助詞,一般,*,*,*,に,ニ,ニ
]	名詞,サ変接続,*,*,*,*,*
永遠	名詞,一般,*,*,*,*,永遠,エイエン,エイエン
の	助詞,連体化,*,*,*,*,の,ノ,ノ
救出	名詞,サ変接続,*,*,*,*,救出,キュウシュツ,キューシュツ
を	助詞,格助詞,一般,*,*,*,を,ヲ,ヲ
得	動詞,自立,*,*,一段,連用形,得る,エ,エ
て	助詞,接続助詞,*,*,*,*,て,テ,テ
くださっ	動詞,非自立,*,*,五段・ラ行特殊,連用タ接続,くださる,クダサッ,クダサッ
た	助動詞,*,*,*,特殊・タ,基本形,た,タ,タ
の	名詞,非自立,一般,*,*,*,の,ノ,ノ
です	助動詞,*,*,*,特殊・デス,基本形,です,デス,デス
。	記号,句点,*,*,*,*,。,。,。
汚れ	動詞,自立,*,*,一段,連用形,汚れる,ヨゴレ,ヨゴレ
た	助動詞,*,*,*,特殊・タ,基本形,た,タ,タ
人	名詞,一般,*,*,*,*,人,ヒト,ヒト
たち	名詞,接尾,一般,*,*,*,たち,タチ,タチ
に	助詞,格助詞,一般,*,*,*,に,ニ,ニ
振り掛け	動詞,自立,*,*,一段,未然形,振り掛ける,フリカケ,フリカケ
られ	動詞,接尾,*,*,一段,連用形,られる,ラレ,ラレ
た	助動詞,*,*,*,特殊・タ,基本形,た,タ,タ
，	記号,読点,*,*,*,*,，,，,，
やぎ	名詞,一般,*,*,*,*,やぎ,ヤギ,ヤギ
や	助詞,並立助詞,*,*,*,*,や,ヤ,ヤ
雄	接頭詞,名詞接続,*,*,*,*,雄,オ,オ
牛	名詞,一般,*,*,*,*,牛,ウシ,ウシ
の	助詞,連体化,*,*,*,*,の,ノ,ノ
血	名詞,一般,*,*,*,*,血,チ,チ
また	副詞,助詞類接続,*,*,*,*,また,マタ,マタ
若い	形容詞,自立,*,*,形容詞・アウオ段,基本形,若い,ワカイ,ワカイ
雌牛	名詞,一般,*,*,*,*,雌牛,メウシ,メウシ
の	助詞,連体化,*,*,*,*,の,ノ,ノ
灰	名詞,一般,*,*,*,*,灰,ハイ,ハイ
が	助詞,格助詞,一般,*,*,*,が,ガ,ガ
，	記号,読点,*,*,*,*,，,，,，
肉	名詞,一般,*,*,*,*,肉,ニク,ニク
の	助詞,連体化,*,*,*,*,の,ノ,ノ
清	形容詞,自立,*,*,形容詞・アウオ段,ガル接続,清い,キヨ,キヨ
さ	名詞,接尾,特殊,*,*,*,さ,サ,サ
という	助詞,格助詞,連語,*,*,*,という,トイウ,トユウ
点	名詞,非自立,一般,*,*,*,点,テン,テン
で	助詞,格助詞,一般,*,*,*,で,デ,デ
聖	名詞,一般,*,*,*,*,聖,ヒジリ,ヒジリ
化	名詞,接尾,サ変接続,*,*,*,化,カ,カ
を	助詞,格助詞,一般,*,*,*,を,ヲ,ヲ
もたらす	動詞,自立,*,*,五段・サ行,基本形,もたらす,モタラス,モタラス
の	名詞,非自立,一般,*,*,*,の,ノ,ノ
で	助動詞,*,*,*,特殊・ダ,連用形,だ,デ,デ
あれ	助動詞,*,*,*,五段・ラ行アル,仮定形,ある,アレ,アレ
ば	助詞,接続助詞,*,*,*,*,ば,バ,バ
，	記号,読点,*,*,*,*,，,，,，
まして	副詞,一般,*,*,*,*,まして,マシテ,マシテ
，	記号,読点,*,*,*,*,，,，,，
永遠	名詞,一般,*,*,*,*,永遠,エイエン,エイエン
の	助詞,連体化,*,*,*,*,の,ノ,ノ
霊	名詞,一般,*,*,*,*,霊,レイ,レイ
により	助詞,格助詞,連語,*,*,*,により,ニヨリ,ニヨリ
，	記号,読点,*,*,*,*,，,，,，
き	動詞,自立,*,*,一段,未然形,きる,キ,キ
ず	助動詞,*,*,*,特殊・ヌ,連用ニ接続,ぬ,ズ,ズ
の	助詞,格助詞,一般,*,*,*,の,ノ,ノ
ない	形容詞,自立,*,*,形容詞・アウオ段,基本形,ない,ナイ,ナイ
す	接頭詞,名詞接続,*,*,*,*,す,ス,ス
がた	名詞,一般,*,*,*,*,がた,ガタ,ガタ
で	助詞,格助詞,一般,*,*,*,で,デ,デ
自分	名詞,一般,*,*,*,*,自分,ジブン,ジブン
を	助詞,格助詞,一般,*,*,*,を,ヲ,ヲ
神	名詞,一般,*,*,*,*,神,カミ,カミ
に	助詞,格助詞,一般,*,*,*,に,ニ,ニ
ささげ	動詞,自立,*,*,一段,連用形,ささげる,ササゲ,ササゲ
た	助動詞,*,*,*,特殊・タ,基本形,た,タ,タ
キリスト	名詞,固有名詞,一般,*,*,*,キリスト,キリスト,キリスト
の	助詞,連体化,*,*,*,*,の,ノ,ノ
血	名詞,一般,*,*,*,*,血,チ,チ
は	助詞,係助詞,*,*,*,*,は,ハ,ワ
，	記号,読点,*,*,*,*,，,，,，
わたし	名詞,代名詞,一般,*,*,*,わたし,ワタシ,ワタシ
たち	名詞,接尾,一般,*,*,*,たち,タチ,タチ
の	助詞,連体化,*,*,*,*,の,ノ,ノ
良心	名詞,一般,*,*,*,*,良心,リョウシン,リョーシン
を	助詞,格助詞,一般,*,*,*,を,ヲ,ヲ
死ん	動詞,自立,*,*,五段・ナ行,連用タ接続,死ぬ,シン,シン
だ	助動詞,*,*,*,特殊・タ,基本形,だ,ダ,ダ
業	名詞,接尾,一般,*,*,*,業,ギョウ,ギョー
から	助詞,格助詞,一般,*,*,*,から,カラ,カラ
清め	動詞,自立,*,*,一段,連用形,清める,キヨメ,キヨメ
て	助詞,接続助詞,*,*,*,*,て,テ,テ
，	記号,読点,*,*,*,*,，,，,，
生ける	動詞,自立,*,*,一段,基本形,生ける,イケル,イケル
神	名詞,一般,*,*,*,*,神,カミ,カミ
に	助詞,格助詞,一般,*,*,*,に,ニ,ニ
神聖	名詞,形容動詞語幹,*,*,*,*,神聖,シンセイ,シンセイ
な	助動詞,*,*,*,特殊・ダ,体言接続,だ,ナ,ナ
奉仕	名詞,サ変接続,*,*,*,*,奉仕,ホウシ,ホーシ
を	助詞,格助詞,一般,*,*,*,を,ヲ,ヲ
ささげ	動詞,自立,*,*,一段,未然形,ささげる,ササゲ,ササゲ
られる	動詞,接尾,*,*,一段,基本形,られる,ラレル,ラレル
よう	名詞,非自立,助動詞語幹,*,*,*,よう,ヨウ,ヨー
に	助詞,格助詞,一般,*,*,*,に,ニ,ニ
し	動詞,自立,*,*,サ変・スル,連用形,する,シ,シ
て	助詞,接続助詞,*,*,*,*,て,テ,テ
くださる	動詞,非自立,*,*,五段・ラ行特殊,基本形,くださる,クダサル,クダサル
の	名詞,非自立,一般,*,*,*,の,ノ,ノ
で	助動詞,*,*,*,特殊・ダ,連用形,だ,デ,デ
は	助詞,係助詞,*,*,*,*,は,ハ,ワ
ない	助動詞,*,*,*,特殊・ナイ,基本形,ない,ナイ,ナイ
でしょ	助動詞,*,*,*,特殊・デス,未然形,です,デショ,デショ
う	助動詞,*,*,*,不変化型,基本形,う,ウ,ウ
か	助詞,副助詞／並立助詞／終助詞,*,*,*,*,か,カ,カ
。	記号,句点,*,*,*,*,。,。,。
こうして	接続詞,*,*,*,*,*,こうして,コウシテ,コーシテ
[	名詞,サ変接続,*,*,*,*,*
キリスト	名詞,固有名詞,一般,*,*,*,キリスト,キリスト,キリスト
]	名詞,サ変接続,*,*,*,*,*
は	助詞,係助詞,*,*,*,*,は,ハ,ワ
新しい	形容詞,自立,*,*,形容詞・イ段,基本形,新しい,アタラシイ,アタラシイ
契約	名詞,サ変接続,*,*,*,*,契約,ケイヤク,ケイヤク
の	助詞,連体化,*,*,*,*,の,ノ,ノ
仲介	名詞,サ変接続,*,*,*,*,仲介,チュウカイ,チューカイ
者	名詞,接尾,一般,*,*,*,者,シャ,シャ
な	助動詞,*,*,*,特殊・ダ,体言接続,だ,ナ,ナ
の	名詞,非自立,一般,*,*,*,の,ノ,ノ
です	助動詞,*,*,*,特殊・デス,基本形,です,デス,デス
。	記号,句点,*,*,*,*,。,。,。
それ	名詞,代名詞,一般,*,*,*,それ,ソレ,ソレ
は	助詞,係助詞,*,*,*,*,は,ハ,ワ
，	記号,読点,*,*,*,*,，,，,，
以前	名詞,副詞可能,*,*,*,*,以前,イゼン,イゼン
の	助詞,連体化,*,*,*,*,の,ノ,ノ
契約	名詞,サ変接続,*,*,*,*,契約,ケイヤク,ケイヤク
下	名詞,接尾,一般,*,*,*,下,カ,カ
で	助詞,格助詞,一般,*,*,*,で,デ,デ
の	助詞,連体化,*,*,*,*,の,ノ,ノ
違犯	名詞,サ変接続,*,*,*,*,違犯,イハン,イハン
から	助詞,格助詞,一般,*,*,*,から,カラ,カラ
贖い	動詞,自立,*,*,五段・ワ行促音便,連用形,贖う,アガナイ,アガナイ
によって	助詞,格助詞,連語,*,*,*,によって,ニヨッテ,ニヨッテ
釈放	名詞,サ変接続,*,*,*,*,釈放,シャクホウ,シャクホー
する	動詞,自立,*,*,サ変・スル,基本形,する,スル,スル
ため	名詞,非自立,副詞可能,*,*,*,ため,タメ,タメ
の	助詞,連体化,*,*,*,*,の,ノ,ノ
死	名詞,一般,*,*,*,*,死,シ,シ
が	助詞,格助詞,一般,*,*,*,が,ガ,ガ
遂げ	動詞,自立,*,*,一段,未然形,遂げる,トゲ,トゲ
られ	動詞,接尾,*,*,一段,連用形,られる,ラレ,ラレ
た	助動詞,*,*,*,特殊・タ,基本形,た,タ,タ
こと	名詞,非自立,一般,*,*,*,こと,コト,コト
に	助詞,格助詞,一般,*,*,*,に,ニ,ニ
基づい	動詞,自立,*,*,五段・カ行イ音便,連用タ接続,基づく,モトヅイ,モトズイ
て	助詞,接続助詞,*,*,*,*,て,テ,テ
，	記号,読点,*,*,*,*,，,，,，
召さ	動詞,自立,*,*,五段・サ行,未然形,召す,メサ,メサ
れ	動詞,接尾,*,*,一段,連用形,れる,レ,レ
た	助動詞,*,*,*,特殊・タ,基本形,た,タ,タ
者	名詞,一般,*,*,*,*,者,モノ,モノ
たち	名詞,接尾,一般,*,*,*,たち,タチ,タチ
が	助詞,格助詞,一般,*,*,*,が,ガ,ガ
永遠	名詞,一般,*,*,*,*,永遠,エイエン,エイエン
の	助詞,連体化,*,*,*,*,の,ノ,ノ
相続	名詞,サ変接続,*,*,*,*,相続,ソウゾク,ソーゾク
財産	名詞,一般,*,*,*,*,財産,ザイサン,ザイサン
の	助詞,連体化,*,*,*,*,の,ノ,ノ
約束	名詞,サ変接続,*,*,*,*,約束,ヤクソク,ヤクソク
を	助詞,格助詞,一般,*,*,*,を,ヲ,ヲ
受け	動詞,自立,*,*,一段,未然形,受ける,ウケ,ウケ
られる	動詞,接尾,*,*,一段,基本形,られる,ラレル,ラレル
よう	名詞,非自立,助動詞語幹,*,*,*,よう,ヨウ,ヨー
に	助詞,格助詞,一般,*,*,*,に,ニ,ニ
する	動詞,自立,*,*,サ変・スル,基本形,する,スル,スル
ため	名詞,非自立,副詞可能,*,*,*,ため,タメ,タメ
です	助動詞,*,*,*,特殊・デス,基本形,です,デス,デス
。	記号,句点,*,*,*,*,。,。,。
契約	名詞,サ変接続,*,*,*,*,契約,ケイヤク,ケイヤク
の	助詞,格助詞,一般,*,*,*,の,ノ,ノ
なさ	動詞,自立,*,*,五段・サ行,未然形,なす,ナサ,ナサ
れる	動詞,接尾,*,*,一段,基本形,れる,レル,レル
ところ	名詞,非自立,副詞可能,*,*,*,ところ,トコロ,トコロ
に	助詞,格助詞,一般,*,*,*,に,ニ,ニ
は	助詞,係助詞,*,*,*,*,は,ハ,ワ
，	記号,読点,*,*,*,*,，,，,，
契約	名詞,サ変接続,*,*,*,*,契約,ケイヤク,ケイヤク
締結	名詞,サ変接続,*,*,*,*,締結,テイケツ,テイケツ
人	名詞,接尾,一般,*,*,*,人,ジン,ジン
の	助詞,連体化,*,*,*,*,の,ノ,ノ
死	名詞,一般,*,*,*,*,死,シ,シ
が	助詞,格助詞,一般,*,*,*,が,ガ,ガ
備え	動詞,自立,*,*,一段,未然形,備える,ソナエ,ソナエ
られ	動詞,接尾,*,*,一段,未然形,られる,ラレ,ラレ
ね	助動詞,*,*,*,特殊・ヌ,仮定形,ぬ,ネ,ネ
ば	助詞,接続助詞,*,*,*,*,ば,バ,バ
なら	動詞,非自立,*,*,五段・ラ行,未然形,なる,ナラ,ナラ
ない	助動詞,*,*,*,特殊・ナイ,基本形,ない,ナイ,ナイ
の	名詞,非自立,一般,*,*,*,の,ノ,ノ
です	助動詞,*,*,*,特殊・デス,基本形,です,デス,デス
。	記号,句点,*,*,*,*,。,。,。
契約	名詞,サ変接続,*,*,*,*,契約,ケイヤク,ケイヤク
は	助詞,係助詞,*,*,*,*,は,ハ,ワ
死ん	動詞,自立,*,*,五段・ナ行,連用タ接続,死ぬ,シン,シン
だ	助動詞,*,*,*,特殊・タ,基本形,だ,ダ,ダ
[	名詞,サ変接続,*,*,*,*,*
いけ	動詞,自立,*,*,五段・カ行促音便,命令ｅ,いく,イケ,イケ
に	助詞,格助詞,一般,*,*,*,に,ニ,ニ
え	フィラー,*,*,*,*,*,え,エ,エ
]	名詞,サ変接続,*,*,*,*,*
の	助詞,連体化,*,*,*,*,の,ノ,ノ
上	名詞,非自立,副詞可能,*,*,*,上,ウエ,ウエ
に	助詞,格助詞,一般,*,*,*,に,ニ,ニ
立っ	動詞,自立,*,*,五段・タ行,連用タ接続,立つ,タッ,タッ
て	助詞,接続助詞,*,*,*,*,て,テ,テ
有効	名詞,形容動詞語幹,*,*,*,*,有効,ユウコウ,ユーコー
な	助動詞,*,*,*,特殊・ダ,体言接続,だ,ナ,ナ
の	名詞,非自立,一般,*,*,*,の,ノ,ノ
で	助動詞,*,*,*,特殊・ダ,連用形,だ,デ,デ
あり	助動詞,*,*,*,五段・ラ行アル,連用形,ある,アリ,アリ
，	記号,読点,*,*,*,*,，,，,，
契約	名詞,サ変接続,*,*,*,*,契約,ケイヤク,ケイヤク
締結	名詞,サ変接続,*,*,*,*,締結,テイケツ,テイケツ
人	名詞,接尾,一般,*,*,*,人,ジン,ジン
が	助詞,格助詞,一般,*,*,*,が,ガ,ガ
生き	動詞,自立,*,*,一段,連用形,生きる,イキ,イキ
て	助詞,接続助詞,*,*,*,*,て,テ,テ
いる	動詞,非自立,*,*,一段,基本形,いる,イル,イル
間	名詞,一般,*,*,*,*,間,マ,マ
は	助詞,係助詞,*,*,*,*,は,ハ,ワ
効力	名詞,一般,*,*,*,*,効力,コウリョク,コーリョク
を	助詞,格助詞,一般,*,*,*,を,ヲ,ヲ
持た	動詞,自立,*,*,五段・タ行,未然形,持つ,モタ,モタ
ない	助動詞,*,*,*,特殊・ナイ,基本形,ない,ナイ,ナイ
から	助詞,接続助詞,*,*,*,*,から,カラ,カラ
です	助動詞,*,*,*,特殊・デス,基本形,です,デス,デス
。	記号,句点,*,*,*,*,。,。,。
それ	名詞,代名詞,一般,*,*,*,それ,ソレ,ソレ
ゆえ	名詞,接尾,一般,*,*,*,ゆえ,ユエ,ユエ
，	記号,読点,*,*,*,*,，,，,，
以前	名詞,副詞可能,*,*,*,*,以前,イゼン,イゼン
の	助詞,連体化,*,*,*,*,の,ノ,ノ
[	名詞,サ変接続,*,*,*,*,*
契約	名詞,サ変接続,*,*,*,*,契約,ケイヤク,ケイヤク
]	名詞,サ変接続,*,*,*,*,*
も	助詞,係助詞,*,*,*,*,も,モ,モ
血	名詞,一般,*,*,*,*,血,チ,チ
なし	形容詞,自立,*,*,形容詞・アウオ段,文語基本形,ない,ナシ,ナシ
に	助詞,格助詞,一般,*,*,*,に,ニ,ニ
発効	名詞,サ変接続,*,*,*,*,発効,ハッコウ,ハッコー
し	動詞,自立,*,*,サ変・スル,連用形,する,シ,シ
た	助動詞,*,*,*,特殊・タ,基本形,た,タ,タ
の	名詞,非自立,一般,*,*,*,の,ノ,ノ
で	助動詞,*,*,*,特殊・ダ,連用形,だ,デ,デ
は	助詞,係助詞,*,*,*,*,は,ハ,ワ
あり	動詞,自立,*,*,五段・ラ行,連用形,ある,アリ,アリ
ませ	助動詞,*,*,*,特殊・マス,未然形,ます,マセ,マセ
ん	助動詞,*,*,*,不変化型,基本形,ん,ン,ン
。	記号,句点,*,*,*,*,。,。,。
律	名詞,一般,*,*,*,*,律,リツ,リツ
法	名詞,接尾,一般,*,*,*,法,ホウ,ホー
に	助詞,格助詞,一般,*,*,*,に,ニ,ニ
したがっ	動詞,自立,*,*,五段・ワ行促音便,連用タ接続,したがう,シタガッ,シタガッ
て	助詞,接続助詞,*,*,*,*,て,テ,テ
すべて	名詞,副詞可能,*,*,*,*,すべて,スベテ,スベテ
の	助詞,連体化,*,*,*,*,の,ノ,ノ
おき	動詞,自立,*,*,一段,連用形,おきる,オキ,オキ
て	助詞,接続助詞,*,*,*,*,て,テ,テ
を	助詞,格助詞,一般,*,*,*,を,ヲ,ヲ
民	名詞,一般,*,*,*,*,民,ミン,ミン
全体	名詞,副詞可能,*,*,*,*,全体,ゼンタイ,ゼンタイ
に	助詞,格助詞,一般,*,*,*,に,ニ,ニ
語っ	動詞,自立,*,*,五段・ラ行,連用タ接続,語る,カタッ,カタッ
た	助動詞,*,*,*,特殊・タ,基本形,た,タ,タ
後	名詞,非自立,副詞可能,*,*,*,後,ノチ,ノチ
，	記号,読点,*,*,*,*,，,，,，
モー	名詞,固有名詞,人名,姓,*,*,モー,モー,モー
セ	名詞,一般,*,*,*,*,セ,セ,セ
は	助詞,係助詞,*,*,*,*,は,ハ,ワ
，	記号,読点,*,*,*,*,，,，,，
若い	形容詞,自立,*,*,形容詞・アウオ段,基本形,若い,ワカイ,ワカイ
雄	接頭詞,名詞接続,*,*,*,*,雄,オ,オ
牛	名詞,一般,*,*,*,*,牛,ウシ,ウシ
と	助詞,並立助詞,*,*,*,*,と,ト,ト
やぎ	名詞,一般,*,*,*,*,やぎ,ヤギ,ヤギ
の	助詞,連体化,*,*,*,*,の,ノ,ノ
血	名詞,一般,*,*,*,*,血,チ,チ
，	記号,読点,*,*,*,*,，,，,，
それ	名詞,代名詞,一般,*,*,*,それ,ソレ,ソレ
に	助詞,格助詞,一般,*,*,*,に,ニ,ニ
水	名詞,一般,*,*,*,*,水,ミズ,ミズ
と	助詞,並立助詞,*,*,*,*,と,ト,ト
緋色	名詞,一般,*,*,*,*,緋色,ヒイロ,ヒイロ
の	助詞,連体化,*,*,*,*,の,ノ,ノ
羊毛	名詞,一般,*,*,*,*,羊毛,ヨウモウ,ヨーモー
と	助詞,並立助詞,*,*,*,*,と,ト,ト
ヒソプ	名詞,一般,*,*,*,*,*
を	助詞,格助詞,一般,*,*,*,を,ヲ,ヲ
取り	動詞,自立,*,*,五段・ラ行,連用形,取る,トリ,トリ
，	記号,読点,*,*,*,*,，,，,，
書	名詞,一般,*,*,*,*,書,ショ,ショ
そのもの	名詞,一般,*,*,*,*,そのもの,ソノモノ,ソノモノ
と	助詞,並立助詞,*,*,*,*,と,ト,ト
民	名詞,一般,*,*,*,*,民,ミン,ミン
全体	名詞,副詞可能,*,*,*,*,全体,ゼンタイ,ゼンタイ
と	助詞,並立助詞,*,*,*,*,と,ト,ト
に	助詞,格助詞,一般,*,*,*,に,ニ,ニ
振り掛け	動詞,自立,*,*,一段,連用形,振り掛ける,フリカケ,フリカケ
て	助詞,接続助詞,*,*,*,*,て,テ,テ
，	記号,読点,*,*,*,*,，,，,，
「	記号,括弧開,*,*,*,*,「,「,「
これ	名詞,代名詞,一般,*,*,*,これ,コレ,コレ
は	助詞,係助詞,*,*,*,*,は,ハ,ワ
，	記号,読点,*,*,*,*,，,，,，
神	名詞,一般,*,*,*,*,神,カミ,カミ
が	助詞,格助詞,一般,*,*,*,が,ガ,ガ
務め	名詞,一般,*,*,*,*,務め,ツトメ,ツトメ
として	助詞,格助詞,連語,*,*,*,として,トシテ,トシテ
あなた	名詞,代名詞,一般,*,*,*,あなた,アナタ,アナタ
方	名詞,接尾,一般,*,*,*,方,カタ,カタ
に	助詞,格助詞,一般,*,*,*,に,ニ,ニ
課し	動詞,自立,*,*,五段・サ行,連用形,課す,カシ,カシ
た	助動詞,*,*,*,特殊・タ,基本形,た,タ,タ
契約	名詞,サ変接続,*,*,*,*,契約,ケイヤク,ケイヤク
の	助詞,連体化,*,*,*,*,の,ノ,ノ
血	名詞,一般,*,*,*,*,血,チ,チ
で	助動詞,*,*,*,特殊・ダ,連用形,だ,デ,デ
ある	助動詞,*,*,*,五段・ラ行アル,基本形,ある,アル,アル
」	記号,括弧閉,*,*,*,*,」,」,」
と	助詞,格助詞,引用,*,*,*,と,ト,ト
言っ	動詞,自立,*,*,五段・ワ行促音便,連用タ接続,言う,イッ,イッ
た	助動詞,*,*,*,特殊・タ,基本形,た,タ,タ
の	名詞,非自立,一般,*,*,*,の,ノ,ノ
です	助動詞,*,*,*,特殊・デス,基本形,です,デス,デス
。	記号,句点,*,*,*,*,。,。,。
それから	接続詞,*,*,*,*,*,それから,ソレカラ,ソレカラ
彼	名詞,代名詞,一般,*,*,*,彼,カレ,カレ
は	助詞,係助詞,*,*,*,*,は,ハ,ワ
，	記号,読点,*,*,*,*,，,，,，
天幕	名詞,一般,*,*,*,*,天幕,テンマク,テンマク
と	助詞,並立助詞,*,*,*,*,と,ト,ト
公	名詞,一般,*,*,*,*,公,オオヤケ,オーヤケ
の	助詞,連体化,*,*,*,*,の,ノ,ノ
奉仕	名詞,サ変接続,*,*,*,*,奉仕,ホウシ,ホーシ
の	助詞,連体化,*,*,*,*,の,ノ,ノ
ため	名詞,非自立,副詞可能,*,*,*,ため,タメ,タメ
の	助詞,連体化,*,*,*,*,の,ノ,ノ
すべて	名詞,副詞可能,*,*,*,*,すべて,スベテ,スベテ
の	助詞,連体化,*,*,*,*,の,ノ,ノ
器	名詞,一般,*,*,*,*,器,ウツワ,ウツワ
に	助詞,格助詞,一般,*,*,*,に,ニ,ニ
同じ	連体詞,*,*,*,*,*,同じ,オナジ,オナジ
よう	名詞,非自立,助動詞語幹,*,*,*,よう,ヨウ,ヨー
に	助詞,副詞化,*,*,*,*,に,ニ,ニ
血	名詞,一般,*,*,*,*,血,チ,チ
を	助詞,格助詞,一般,*,*,*,を,ヲ,ヲ
振り掛け	動詞,自立,*,*,一段,連用形,振り掛ける,フリカケ,フリカケ
まし	助動詞,*,*,*,特殊・マス,連用形,ます,マシ,マシ
た	助動詞,*,*,*,特殊・タ,基本形,た,タ,タ
。	記号,句点,*,*,*,*,。,。,。
そう	副詞,助詞類接続,*,*,*,*,そう,ソウ,ソー
です	助動詞,*,*,*,特殊・デス,基本形,です,デス,デス
，	記号,読点,*,*,*,*,，,，,，
律	名詞,一般,*,*,*,*,律,リツ,リツ
法	名詞,接尾,一般,*,*,*,法,ホウ,ホー
に	助詞,格助詞,一般,*,*,*,に,ニ,ニ
よれ	動詞,自立,*,*,五段・ラ行,仮定形,よる,ヨレ,ヨレ
ば	助詞,接続助詞,*,*,*,*,ば,バ,バ
，	記号,読点,*,*,*,*,，,，,，
ほとんど	副詞,一般,*,*,*,*,ほとんど,ホトンド,ホトンド
すべて	名詞,副詞可能,*,*,*,*,すべて,スベテ,スベテ
の	助詞,連体化,*,*,*,*,の,ノ,ノ
もの	名詞,非自立,一般,*,*,*,もの,モノ,モノ
が	助詞,格助詞,一般,*,*,*,が,ガ,ガ
血	名詞,一般,*,*,*,*,血,チ,チ
を	助詞,格助詞,一般,*,*,*,を,ヲ,ヲ
もっ	動詞,自立,*,*,五段・タ行,連用タ接続,もつ,モッ,モッ
て	助詞,接続助詞,*,*,*,*,て,テ,テ
清め	動詞,自立,*,*,一段,未然形,清める,キヨメ,キヨメ
られ	動詞,接尾,*,*,一段,連用形,られる,ラレ,ラレ
，	記号,読点,*,*,*,*,，,，,，
血	名詞,一般,*,*,*,*,血,チ,チ
が	助詞,格助詞,一般,*,*,*,が,ガ,ガ
注ぎ	動詞,自立,*,*,五段・ガ行,連用形,注ぐ,ソソギ,ソソギ
出さ	動詞,非自立,*,*,五段・サ行,未然形,出す,ダサ,ダサ
れ	動詞,接尾,*,*,一段,未然形,れる,レ,レ
なけれ	助動詞,*,*,*,特殊・ナイ,仮定形,ない,ナケレ,ナケレ
ば	助詞,接続助詞,*,*,*,*,ば,バ,バ
，	記号,読点,*,*,*,*,，,，,，
許し	名詞,一般,*,*,*,*,許し,ユルシ,ユルシ
は	助詞,係助詞,*,*,*,*,は,ハ,ワ
なさ	動詞,自立,*,*,五段・サ行,未然形,なす,ナサ,ナサ
れ	動詞,接尾,*,*,一段,未然形,れる,レ,レ
ない	助動詞,*,*,*,特殊・ナイ,基本形,ない,ナイ,ナイ
の	名詞,非自立,一般,*,*,*,の,ノ,ノ
です	助動詞,*,*,*,特殊・デス,基本形,です,デス,デス
。	記号,句点,*,*,*,*,。,。,。
それ	名詞,代名詞,一般,*,*,*,それ,ソレ,ソレ
ゆえ	名詞,接尾,一般,*,*,*,ゆえ,ユエ,ユエ
，	記号,読点,*,*,*,*,，,，,，
天	名詞,一般,*,*,*,*,天,テン,テン
に	助詞,格助詞,一般,*,*,*,に,ニ,ニ
ある	動詞,自立,*,*,五段・ラ行,基本形,ある,アル,アル
もの	名詞,非自立,一般,*,*,*,もの,モノ,モノ
を	助詞,格助詞,一般,*,*,*,を,ヲ,ヲ
模型	名詞,一般,*,*,*,*,模型,モケイ,モケイ
的	名詞,接尾,形容動詞語幹,*,*,*,的,テキ,テキ
に	助詞,副詞化,*,*,*,*,に,ニ,ニ
表現	名詞,サ変接続,*,*,*,*,表現,ヒョウゲン,ヒョーゲン
し	動詞,自立,*,*,サ変・スル,連用形,する,シ,シ
た	助動詞,*,*,*,特殊・タ,基本形,た,タ,タ
もの	名詞,非自立,一般,*,*,*,もの,モノ,モノ
は	助詞,係助詞,*,*,*,*,は,ハ,ワ
この	連体詞,*,*,*,*,*,この,コノ,コノ
よう	名詞,非自立,助動詞語幹,*,*,*,よう,ヨウ,ヨー
な	助動詞,*,*,*,特殊・ダ,体言接続,だ,ナ,ナ
手段	名詞,一般,*,*,*,*,手段,シュダン,シュダン
で	助詞,格助詞,一般,*,*,*,で,デ,デ
清め	動詞,自立,*,*,一段,未然形,清める,キヨメ,キヨメ
られ	動詞,接尾,*,*,一段,連用形,られる,ラレ,ラレ
，	記号,読点,*,*,*,*,，,，,，
天	名詞,一般,*,*,*,*,天,テン,テン
の	助詞,連体化,*,*,*,*,の,ノ,ノ
もの	名詞,非自立,一般,*,*,*,もの,モノ,モノ
それ	名詞,代名詞,一般,*,*,*,それ,ソレ,ソレ
自体	名詞,一般,*,*,*,*,自体,ジタイ,ジタイ
は	助詞,係助詞,*,*,*,*,は,ハ,ワ
，	記号,読点,*,*,*,*,，,，,，
その	連体詞,*,*,*,*,*,その,ソノ,ソノ
よう	名詞,非自立,助動詞語幹,*,*,*,よう,ヨウ,ヨー
な	助動詞,*,*,*,特殊・ダ,体言接続,だ,ナ,ナ
犠牲	名詞,一般,*,*,*,*,犠牲,ギセイ,ギセイ
より	助詞,格助詞,一般,*,*,*,より,ヨリ,ヨリ
勝っ	動詞,自立,*,*,五段・タ行,連用タ接続,勝つ,カッ,カッ
た	助動詞,*,*,*,特殊・タ,基本形,た,タ,タ
犠牲	名詞,一般,*,*,*,*,犠牲,ギセイ,ギセイ
を	助詞,格助詞,一般,*,*,*,を,ヲ,ヲ
もっ	動詞,自立,*,*,五段・タ行,連用タ接続,もつ,モッ,モッ
て	助詞,接続助詞,*,*,*,*,て,テ,テ
[	名詞,サ変接続,*,*,*,*,*
清め	動詞,自立,*,*,一段,未然形,清める,キヨメ,キヨメ
られる	動詞,接尾,*,*,一段,基本形,られる,ラレル,ラレル
]	名詞,サ変接続,*,*,*,*,*
こと	名詞,非自立,一般,*,*,*,こと,コト,コト
が	助詞,格助詞,一般,*,*,*,が,ガ,ガ
必要	名詞,形容動詞語幹,*,*,*,*,必要,ヒツヨウ,ヒツヨー
でし	助動詞,*,*,*,特殊・デス,連用形,です,デシ,デシ
た	助動詞,*,*,*,特殊・タ,基本形,た,タ,タ
。	記号,句点,*,*,*,*,。,。,。
キリスト	名詞,固有名詞,一般,*,*,*,キリスト,キリスト,キリスト
は	助詞,係助詞,*,*,*,*,は,ハ,ワ
，	記号,読点,*,*,*,*,，,，,，
実体	名詞,一般,*,*,*,*,実体,ジッタイ,ジッタイ
の	助詞,連体化,*,*,*,*,の,ノ,ノ
写し	名詞,一般,*,*,*,*,写し,ウツシ,ウツシ
で	助動詞,*,*,*,特殊・ダ,連用形,だ,デ,デ
ある	助動詞,*,*,*,五段・ラ行アル,基本形,ある,アル,アル
，	記号,読点,*,*,*,*,，,，,，
手	名詞,一般,*,*,*,*,手,テ,テ
で	助詞,格助詞,一般,*,*,*,で,デ,デ
造っ	動詞,自立,*,*,五段・ラ行,連用タ接続,造る,ツクッ,ツクッ
た	助動詞,*,*,*,特殊・タ,基本形,た,タ,タ
聖なる	連体詞,*,*,*,*,*,聖なる,セイナル,セイナル
場所	名詞,一般,*,*,*,*,場所,バショ,バショ
に	助詞,格助詞,一般,*,*,*,に,ニ,ニ
で	助動詞,*,*,*,特殊・ダ,連用形,だ,デ,デ
は	助詞,係助詞,*,*,*,*,は,ハ,ワ
なく	助動詞,*,*,*,特殊・ナイ,連用テ接続,ない,ナク,ナク
，	記号,読点,*,*,*,*,，,，,，
天	名詞,一般,*,*,*,*,天,テン,テン
そのもの	名詞,一般,*,*,*,*,そのもの,ソノモノ,ソノモノ
に	助詞,格助詞,一般,*,*,*,に,ニ,ニ
入ら	動詞,自立,*,*,五段・ラ行,未然形,入る,ハイラ,ハイラ
れ	動詞,接尾,*,*,一段,連用形,れる,レ,レ
た	助動詞,*,*,*,特殊・タ,基本形,た,タ,タ
の	名詞,非自立,一般,*,*,*,の,ノ,ノ
で	助動詞,*,*,*,特殊・ダ,連用形,だ,デ,デ
あり	助動詞,*,*,*,五段・ラ行アル,連用形,ある,アリ,アリ
，	記号,読点,*,*,*,*,，,，,，
今や	副詞,一般,*,*,*,*,今や,イマヤ,イマヤ
わたし	名詞,代名詞,一般,*,*,*,わたし,ワタシ,ワタシ
たち	名詞,接尾,一般,*,*,*,たち,タチ,タチ
の	助詞,連体化,*,*,*,*,の,ノ,ノ
ため	名詞,非自立,副詞可能,*,*,*,ため,タメ,タメ
に	助詞,格助詞,一般,*,*,*,に,ニ,ニ
神	名詞,一般,*,*,*,*,神,カミ,カミ
ご	接頭詞,名詞接続,*,*,*,*,ご,ゴ,ゴ
自身	名詞,一般,*,*,*,*,自身,ジシン,ジシン
の	助詞,連体化,*,*,*,*,の,ノ,ノ
前	名詞,副詞可能,*,*,*,*,前,マエ,マエ
に	助詞,格助詞,一般,*,*,*,に,ニ,ニ
出	動詞,自立,*,*,一段,連用形,出る,デ,デ
て	助詞,接続助詞,*,*,*,*,て,テ,テ
くださる	動詞,非自立,*,*,五段・ラ行特殊,基本形,くださる,クダサル,クダサル
の	名詞,非自立,一般,*,*,*,の,ノ,ノ
です	助動詞,*,*,*,特殊・デス,基本形,です,デス,デス
。	記号,句点,*,*,*,*,。,。,。
それ	名詞,代名詞,一般,*,*,*,それ,ソレ,ソレ
は	助詞,係助詞,*,*,*,*,は,ハ,ワ
また	接続詞,*,*,*,*,*,また,マタ,マタ
，	記号,読点,*,*,*,*,，,，,，
大	接頭詞,名詞接続,*,*,*,*,大,ダイ,ダイ
祭司	名詞,一般,*,*,*,*,祭司,サイシ,サイシ
が	助詞,格助詞,一般,*,*,*,が,ガ,ガ
自分	名詞,一般,*,*,*,*,自分,ジブン,ジブン
の	名詞,非自立,一般,*,*,*,の,ノ,ノ
で	助動詞,*,*,*,特殊・ダ,連用形,だ,デ,デ
は	助詞,係助詞,*,*,*,*,は,ハ,ワ
ない	形容詞,自立,*,*,形容詞・アウオ段,基本形,ない,ナイ,ナイ
血	名詞,一般,*,*,*,*,血,チ,チ
を	助詞,格助詞,一般,*,*,*,を,ヲ,ヲ
携え	動詞,自立,*,*,一段,連用形,携える,タズサエ,タズサエ
て	助詞,接続助詞,*,*,*,*,て,テ,テ
年	名詞,一般,*,*,*,*,年,トシ,トシ
ごと	名詞,接尾,一般,*,*,*,ごと,ゴト,ゴト
に	助詞,格助詞,一般,*,*,*,に,ニ,ニ
聖なる	連体詞,*,*,*,*,*,聖なる,セイナル,セイナル
場所	名詞,一般,*,*,*,*,場所,バショ,バショ
へ	助詞,格助詞,一般,*,*,*,へ,ヘ,エ
入る	動詞,自立,*,*,五段・ラ行,基本形,入る,ハイル,ハイル
よう	名詞,非自立,助動詞語幹,*,*,*,よう,ヨウ,ヨー
に	助詞,副詞化,*,*,*,*,に,ニ,ニ
，	記号,読点,*,*,*,*,，,，,，
何	名詞,数,*,*,*,*,何,ナン,ナン
度	名詞,接尾,助数詞,*,*,*,度,ド,ド
も	助詞,係助詞,*,*,*,*,も,モ,モ
ご	接頭詞,名詞接続,*,*,*,*,ご,ゴ,ゴ
自身	名詞,一般,*,*,*,*,自身,ジシン,ジシン
を	助詞,格助詞,一般,*,*,*,を,ヲ,ヲ
ささげる	動詞,自立,*,*,一段,基本形,ささげる,ササゲル,ササゲル
ため	名詞,非自立,副詞可能,*,*,*,ため,タメ,タメ
で	助詞,格助詞,一般,*,*,*,で,デ,デ
も	助詞,係助詞,*,*,*,*,も,モ,モ
あり	動詞,自立,*,*,五段・ラ行,連用形,ある,アリ,アリ
ませ	助動詞,*,*,*,特殊・マス,未然形,ます,マセ,マセ
ん	助動詞,*,*,*,不変化型,基本形,ん,ン,ン
。	記号,句点,*,*,*,*,。,。,。
そう	副詞,助詞類接続,*,*,*,*,そう,ソウ,ソー
で	助動詞,*,*,*,特殊・ダ,連用形,だ,デ,デ
なけれ	助動詞,*,*,*,特殊・ナイ,仮定形,ない,ナケレ,ナケレ
ば	助詞,接続助詞,*,*,*,*,ば,バ,バ
，	記号,読点,*,*,*,*,，,，,，
世	名詞,一般,*,*,*,*,世,ヨ,ヨ
の	助詞,連体化,*,*,*,*,の,ノ,ノ
基	名詞,一般,*,*,*,*,基,モト,モト
が	助詞,格助詞,一般,*,*,*,が,ガ,ガ
置か	動詞,自立,*,*,五段・カ行イ音便,未然形,置く,オカ,オカ
れ	動詞,接尾,*,*,一段,連用形,れる,レ,レ
て	助詞,接続助詞,*,*,*,*,て,テ,テ
以来	名詞,副詞可能,*,*,*,*,以来,イライ,イライ
何	名詞,数,*,*,*,*,何,ナン,ナン
度	名詞,接尾,助数詞,*,*,*,度,ド,ド
も	助詞,係助詞,*,*,*,*,も,モ,モ
苦しみ	名詞,一般,*,*,*,*,苦しみ,クルシミ,クルシミ
を	助詞,格助詞,一般,*,*,*,を,ヲ,ヲ
受け	動詞,自立,*,*,一段,未然形,受ける,ウケ,ウケ
なけれ	助動詞,*,*,*,特殊・ナイ,仮定形,ない,ナケレ,ナケレ
ば	助詞,接続助詞,*,*,*,*,ば,バ,バ
なら	動詞,非自立,*,*,五段・ラ行,未然形,なる,ナラ,ナラ
なかっ	助動詞,*,*,*,特殊・ナイ,連用タ接続,ない,ナカッ,ナカッ
た	助動詞,*,*,*,特殊・タ,基本形,た,タ,タ
でしょ	助動詞,*,*,*,特殊・デス,未然形,です,デショ,デショ
う	助動詞,*,*,*,不変化型,基本形,う,ウ,ウ
。	記号,句点,*,*,*,*,。,。,。
しかし	接続詞,*,*,*,*,*,しかし,シカシ,シカシ
今	名詞,副詞可能,*,*,*,*,今,イマ,イマ
，	記号,読点,*,*,*,*,，,，,，
ご	接頭詞,名詞接続,*,*,*,*,ご,ゴ,ゴ
自分	名詞,一般,*,*,*,*,自分,ジブン,ジブン
の	助詞,連体化,*,*,*,*,の,ノ,ノ
犠牲	名詞,一般,*,*,*,*,犠牲,ギセイ,ギセイ
によって	助詞,格助詞,連語,*,*,*,によって,ニヨッテ,ニヨッテ
罪	名詞,一般,*,*,*,*,罪,ツミ,ツミ
を	助詞,格助詞,一般,*,*,*,を,ヲ,ヲ
取りのける	動詞,自立,*,*,一段,基本形,取りのける,トリノケル,トリノケル
ため	名詞,非自立,副詞可能,*,*,*,ため,タメ,タメ
，	記号,読点,*,*,*,*,，,，,，
事物	名詞,一般,*,*,*,*,事物,ジブツ,ジブツ
の	助詞,連体化,*,*,*,*,の,ノ,ノ
諸	接頭詞,名詞接続,*,*,*,*,諸,ショ,ショ
体制	名詞,一般,*,*,*,*,体制,タイセイ,タイセイ
の	助詞,連体化,*,*,*,*,の,ノ,ノ
終結	名詞,サ変接続,*,*,*,*,終結,シュウケツ,シューケツ
の	助詞,連体化,*,*,*,*,の,ノ,ノ
とき	名詞,非自立,副詞可能,*,*,*,とき,トキ,トキ
に	助詞,格助詞,一般,*,*,*,に,ニ,ニ
，	記号,読点,*,*,*,*,，,，,，
ただ	接続詞,*,*,*,*,*,ただ,タダ,タダ
一度	副詞,一般,*,*,*,*,一度,イチド,イチド
かぎり	動詞,自立,*,*,五段・ラ行,連用形,かぎる,カギリ,カギリ
ご	接頭詞,名詞接続,*,*,*,*,ご,ゴ,ゴ
自身	名詞,一般,*,*,*,*,自身,ジシン,ジシン
を	助詞,格助詞,一般,*,*,*,を,ヲ,ヲ
現	接頭詞,名詞接続,*,*,*,*,現,ゲン,ゲン
わ	名詞,一般,*,*,*,*,わ,ワ,ワ
さ	動詞,自立,*,*,サ変・スル,未然レル接続,する,サ,サ
れ	動詞,接尾,*,*,一段,連用形,れる,レ,レ
た	助動詞,*,*,*,特殊・タ,基本形,た,タ,タ
の	名詞,非自立,一般,*,*,*,の,ノ,ノ
です	助動詞,*,*,*,特殊・デス,基本形,です,デス,デス
。	記号,句点,*,*,*,*,。,。,。
そして	接続詞,*,*,*,*,*,そして,ソシテ,ソシテ
，	名詞,数,*,*,*,*,，,，,，
人	名詞,接尾,助数詞,*,*,*,人,ニン,ニン
が	助詞,格助詞,一般,*,*,*,が,ガ,ガ
ただ	名詞,一般,*,*,*,*,ただ,タダ,タダ
一	名詞,数,*,*,*,*,一,イチ,イチ
度	名詞,接尾,助数詞,*,*,*,度,ド,ド
かぎり	名詞,非自立,副詞可能,*,*,*,かぎり,カギリ,カギリ
死に	動詞,自立,*,*,五段・ナ行,連用形,死ぬ,シニ,シニ
，	記号,読点,*,*,*,*,，,，,，
その	連体詞,*,*,*,*,*,その,ソノ,ソノ
のち	名詞,非自立,副詞可能,*,*,*,のち,ノチ,ノチ
裁き	名詞,一般,*,*,*,*,裁き,サバキ,サバキ
[	名詞,サ変接続,*,*,*,*,*
を	助詞,格助詞,一般,*,*,*,を,ヲ,ヲ
受ける	動詞,自立,*,*,一段,基本形,受ける,ウケル,ウケル
こと	名詞,非自立,一般,*,*,*,こと,コト,コト
]	名詞,サ変接続,*,*,*,*,*
が	助詞,格助詞,一般,*,*,*,が,ガ,ガ
定め	動詞,自立,*,*,一段,連用形,定める,サダメ,サダメ
置か	動詞,自立,*,*,五段・カ行イ音便,未然形,置く,オカ,オカ
れ	動詞,接尾,*,*,一段,連用形,れる,レ,レ
て	助詞,接続助詞,*,*,*,*,て,テ,テ
いる	動詞,非自立,*,*,一段,基本形,いる,イル,イル
よう	名詞,非自立,助動詞語幹,*,*,*,よう,ヨウ,ヨー
に	助詞,副詞化,*,*,*,*,に,ニ,ニ
，	記号,読点,*,*,*,*,，,，,，
キリスト	名詞,固有名詞,一般,*,*,*,キリスト,キリスト,キリスト
も	助詞,係助詞,*,*,*,*,も,モ,モ
また	接続詞,*,*,*,*,*,また,マタ,マタ
，	記号,読点,*,*,*,*,，,，,，
多く	名詞,副詞可能,*,*,*,*,多く,オオク,オーク
の	助詞,連体化,*,*,*,*,の,ノ,ノ
人	名詞,一般,*,*,*,*,人,ヒト,ヒト
の	助詞,連体化,*,*,*,*,の,ノ,ノ
罪	名詞,一般,*,*,*,*,罪,ツミ,ツミ
を	助詞,格助詞,一般,*,*,*,を,ヲ,ヲ
負う	動詞,自立,*,*,五段・ワ行促音便,基本形,負う,オウ,オウ
ため	名詞,非自立,副詞可能,*,*,*,ため,タメ,タメ
，	記号,読点,*,*,*,*,，,，,，
ただ	接続詞,*,*,*,*,*,ただ,タダ,タダ
一度	副詞,一般,*,*,*,*,一度,イチド,イチド
かぎり	動詞,自立,*,*,五段・ラ行,連用形,かぎる,カギリ,カギリ
さ	名詞,接尾,特殊,*,*,*,さ,サ,サ
さげ	動詞,自立,*,*,一段,未然形,さげる,サゲ,サゲ
られ	動詞,接尾,*,*,一段,連用形,られる,ラレ,ラレ
まし	助動詞,*,*,*,特殊・マス,連用形,ます,マシ,マシ
た	助動詞,*,*,*,特殊・タ,基本形,た,タ,タ
。	記号,句点,*,*,*,*,。,。,。
そして	接続詞,*,*,*,*,*,そして,ソシテ,ソシテ
，	記号,読点,*,*,*,*,，,，,，
彼	名詞,代名詞,一般,*,*,*,彼,カレ,カレ
が	助詞,格助詞,一般,*,*,*,が,ガ,ガ
二	名詞,数,*,*,*,*,二,ニ,ニ
度目	名詞,接尾,助数詞,*,*,*,度目,ドメ,ドメ
に	助詞,格助詞,一般,*,*,*,に,ニ,ニ
現われる	動詞,自立,*,*,一段,基本形,現われる,アラワレル,アラワレル
の	名詞,非自立,一般,*,*,*,の,ノ,ノ
は	助詞,係助詞,*,*,*,*,は,ハ,ワ
罪	名詞,一般,*,*,*,*,罪,ツミ,ツミ
の	助詞,連体化,*,*,*,*,の,ノ,ノ
こと	名詞,非自立,一般,*,*,*,こと,コト,コト
を	助詞,格助詞,一般,*,*,*,を,ヲ,ヲ
離れ	動詞,自立,*,*,一段,連用形,離れる,ハナレ,ハナレ
て	助詞,接続助詞,*,*,*,*,て,テ,テ
で	助動詞,*,*,*,特殊・ダ,連用形,だ,デ,デ
あり	助動詞,*,*,*,五段・ラ行アル,連用形,ある,アリ,アリ
，	記号,読点,*,*,*,*,，,，,，
それ	名詞,代名詞,一般,*,*,*,それ,ソレ,ソレ
は	助詞,係助詞,*,*,*,*,は,ハ,ワ
，	記号,読点,*,*,*,*,，,，,，
[	名詞,サ変接続,*,*,*,*,*
自分	名詞,一般,*,*,*,*,自分,ジブン,ジブン
の	助詞,連体化,*,*,*,*,の,ノ,ノ
]	名詞,サ変接続,*,*,*,*,*
救い	名詞,一般,*,*,*,*,救い,スクイ,スクイ
を	助詞,格助詞,一般,*,*,*,を,ヲ,ヲ
求め	動詞,自立,*,*,一段,連用形,求める,モトメ,モトメ
て	助詞,接続助詞,*,*,*,*,て,テ,テ
切に	副詞,一般,*,*,*,*,切に,セツニ,セツニ
彼	名詞,代名詞,一般,*,*,*,彼,カレ,カレ
を	助詞,格助詞,一般,*,*,*,を,ヲ,ヲ
待ち望む	動詞,自立,*,*,五段・マ行,基本形,待ち望む,マチノゾム,マチノゾム
者	名詞,一般,*,*,*,*,者,モノ,モノ
たち	名詞,接尾,一般,*,*,*,たち,タチ,タチ
に対して	助詞,格助詞,連語,*,*,*,に対して,ニタイシテ,ニタイシテ
です	助動詞,*,*,*,特殊・デス,基本形,です,デス,デス
。	記号,句点,*,*,*,*,。,。,。
EOS
