「	記号,括弧開,*,*,*,*,「,「,「
イスラエル	名詞,固有名詞,地域,国,*,*,イスラエル,イスラエル,イスラエル
の	助詞,連体化,*,*,*,*,の,ノ,ノ
家	名詞,一般,*,*,*,*,家,イエ,イエ
よ	助詞,終助詞,*,*,*,*,よ,ヨ,ヨ
，	記号,読点,*,*,*,*,，,，,，
あなた	名詞,代名詞,一般,*,*,*,あなた,アナタ,アナタ
方	名詞,接尾,一般,*,*,*,方,カタ,カタ
に関し	助詞,格助詞,連語,*,*,*,に関し,ニカンシ,ニカンシ
わたし	名詞,代名詞,一般,*,*,*,わたし,ワタシ,ワタシ
が	助詞,格助詞,一般,*,*,*,が,ガ,ガ
哀歌	名詞,一般,*,*,*,*,哀歌,アイカ,アイカ
として	助詞,格助詞,連語,*,*,*,として,トシテ,トシテ
述べる	動詞,自立,*,*,一段,基本形,述べる,ノベル,ノベル
この	連体詞,*,*,*,*,*,この,コノ,コノ
言葉	名詞,一般,*,*,*,*,言葉,コトバ,コトバ
を	助詞,格助詞,一般,*,*,*,を,ヲ,ヲ
聞け	動詞,自立,*,*,五段・カ行イ音便,命令ｅ,聞く,キケ,キケ
。	記号,句点,*,*,*,*,。,。,。
 	記号,一般,*,*,*,*,*
「	記号,括弧開,*,*,*,*,「,「,「
処女	名詞,一般,*,*,*,*,処女,ショジョ,ショジョ
の	助詞,連体化,*,*,*,*,の,ノ,ノ
イスラエル	名詞,固有名詞,地域,国,*,*,イスラエル,イスラエル,イスラエル
は	助詞,係助詞,*,*,*,*,は,ハ,ワ
倒れ	動詞,自立,*,*,一段,連用形,倒れる,タオレ,タオレ
た	助動詞,*,*,*,特殊・タ,基本形,た,タ,タ
。	記号,句点,*,*,*,*,。,。,。
「	記号,括弧開,*,*,*,*,「,「,「
主権	名詞,一般,*,*,*,*,主権,シュケン,シュケン
者	名詞,接尾,一般,*,*,*,者,シャ,シャ
なる	助動詞,*,*,*,文語・ナリ,体言接続,なり,ナル,ナル
主	接頭詞,名詞接続,*,*,*,*,主,シュ,シュ
エホバ	名詞,一般,*,*,*,*,エホバ,エホバ,エホバ
は	助詞,係助詞,*,*,*,*,は,ハ,ワ
この	連体詞,*,*,*,*,*,この,コノ,コノ
よう	名詞,非自立,助動詞語幹,*,*,*,よう,ヨウ,ヨー
に	助詞,副詞化,*,*,*,*,に,ニ,ニ
言わ	動詞,自立,*,*,五段・ワ行促音便,未然形,言う,イワ,イワ
れ	動詞,接尾,*,*,一段,連用形,れる,レ,レ
た	助動詞,*,*,*,特殊・タ,基本形,た,タ,タ
の	名詞,非自立,一般,*,*,*,の,ノ,ノ
で	助動詞,*,*,*,特殊・ダ,連用形,だ,デ,デ
ある	助動詞,*,*,*,五段・ラ行アル,基本形,ある,アル,アル
。	記号,句点,*,*,*,*,。,。,。
『	記号,括弧開,*,*,*,*,『,『,『
一	名詞,数,*,*,*,*,一,イチ,イチ
千	名詞,数,*,*,*,*,千,セン,セン
をもって	助詞,格助詞,連語,*,*,*,をもって,ヲモッテ,ヲモッテ
進み出	動詞,自立,*,*,一段,連用形,進み出る,ススミデ,ススミデ
た	助動詞,*,*,*,特殊・タ,基本形,た,タ,タ
その	連体詞,*,*,*,*,*,その,ソノ,ソノ
都市	名詞,一般,*,*,*,*,都市,トシ,トシ
が	助詞,格助詞,一般,*,*,*,が,ガ,ガ
百	名詞,数,*,*,*,*,百,ヒャク,ヒャク
を	助詞,格助詞,一般,*,*,*,を,ヲ,ヲ
残す	動詞,自立,*,*,五段・サ行,基本形,残す,ノコス,ノコス
のみ	助詞,副助詞,*,*,*,*,のみ,ノミ,ノミ
と	助詞,格助詞,一般,*,*,*,と,ト,ト
なる	動詞,自立,*,*,五段・ラ行,基本形,なる,ナル,ナル
。	記号,句点,*,*,*,*,。,。,。
百	名詞,数,*,*,*,*,百,ヒャク,ヒャク
をもって	助詞,格助詞,連語,*,*,*,をもって,ヲモッテ,ヲモッテ
進み出	動詞,自立,*,*,一段,連用形,進み出る,ススミデ,ススミデ
た	助動詞,*,*,*,特殊・タ,基本形,た,タ,タ
者	名詞,非自立,一般,*,*,*,者,モノ,モノ
が	助詞,格助詞,一般,*,*,*,が,ガ,ガ
十	名詞,数,*,*,*,*,十,ジュウ,ジュー
を	助詞,格助詞,一般,*,*,*,を,ヲ,ヲ
残す	動詞,自立,*,*,五段・サ行,基本形,残す,ノコス,ノコス
のみ	助詞,副助詞,*,*,*,*,のみ,ノミ,ノミ
と	助詞,格助詞,一般,*,*,*,と,ト,ト
なる	動詞,自立,*,*,五段・ラ行,基本形,なる,ナル,ナル
。	記号,句点,*,*,*,*,。,。,。
イスラエル	名詞,固有名詞,地域,国,*,*,イスラエル,イスラエル,イスラエル
の	助詞,連体化,*,*,*,*,の,ノ,ノ
家	名詞,一般,*,*,*,*,家,イエ,イエ
にとって	助詞,格助詞,連語,*,*,*,にとって,ニトッテ,ニトッテ
[	名詞,サ変接続,*,*,*,*,*
その	連体詞,*,*,*,*,*,その,ソノ,ソノ
よう	名詞,非自立,助動詞語幹,*,*,*,よう,ヨウ,ヨー
に	助詞,格助詞,一般,*,*,*,に,ニ,ニ
なる	動詞,自立,*,*,五段・ラ行,基本形,なる,ナル,ナル
]』。「	名詞,サ変接続,*,*,*,*,*
エホバ	名詞,一般,*,*,*,*,エホバ,エホバ,エホバ
は	助詞,係助詞,*,*,*,*,は,ハ,ワ
イスラエル	名詞,固有名詞,地域,国,*,*,イスラエル,イスラエル,イスラエル
の	助詞,連体化,*,*,*,*,の,ノ,ノ
家	名詞,一般,*,*,*,*,家,イエ,イエ
に	助詞,格助詞,一般,*,*,*,に,ニ,ニ
この	連体詞,*,*,*,*,*,この,コノ,コノ
よう	名詞,非自立,助動詞語幹,*,*,*,よう,ヨウ,ヨー
に	助詞,副詞化,*,*,*,*,に,ニ,ニ
言わ	動詞,自立,*,*,五段・ワ行促音便,未然形,言う,イワ,イワ
れ	動詞,接尾,*,*,一段,連用形,れる,レ,レ
た	助動詞,*,*,*,特殊・タ,基本形,た,タ,タ
の	名詞,非自立,一般,*,*,*,の,ノ,ノ
で	助動詞,*,*,*,特殊・ダ,連用形,だ,デ,デ
ある	助動詞,*,*,*,五段・ラ行アル,基本形,ある,アル,アル
。	記号,句点,*,*,*,*,。,。,。
『	記号,括弧開,*,*,*,*,『,『,『
わたし	名詞,代名詞,一般,*,*,*,わたし,ワタシ,ワタシ
を	助詞,格助詞,一般,*,*,*,を,ヲ,ヲ
捜し求め	動詞,自立,*,*,一段,連用形,捜し求める,サガシモトメ,サガシモトメ
て	助詞,接続助詞,*,*,*,*,て,テ,テ
生き	動詞,自立,*,*,一段,連用形,生きる,イキ,イキ
つづけ	動詞,非自立,*,*,一段,連用形,つづける,ツヅケ,ツズケ
よ	助詞,終助詞,*,*,*,*,よ,ヨ,ヨ
。	記号,句点,*,*,*,*,。,。,。
そして	接続詞,*,*,*,*,*,そして,ソシテ,ソシテ
，	記号,読点,*,*,*,*,，,，,，
ベテル	名詞,一般,*,*,*,*,*
を	助詞,格助詞,一般,*,*,*,を,ヲ,ヲ
捜し求め	動詞,自立,*,*,一段,連用形,捜し求める,サガシモトメ,サガシモトメ
て	助詞,接続助詞,*,*,*,*,て,テ,テ
は	助詞,係助詞,*,*,*,*,は,ハ,ワ
いけ	動詞,非自立,*,*,一段,未然形,いける,イケ,イケ
ない	助動詞,*,*,*,特殊・ナイ,基本形,ない,ナイ,ナイ
。	記号,句点,*,*,*,*,。,。,。
ギルガル	名詞,一般,*,*,*,*,*
に	助詞,格助詞,一般,*,*,*,に,ニ,ニ
来	動詞,自立,*,*,カ変・来ル,連用形,来る,キ,キ
て	助詞,接続助詞,*,*,*,*,て,テ,テ
は	助詞,係助詞,*,*,*,*,は,ハ,ワ
なら	動詞,非自立,*,*,五段・ラ行,未然形,なる,ナラ,ナラ
ない	助動詞,*,*,*,特殊・ナイ,基本形,ない,ナイ,ナイ
。	記号,句点,*,*,*,*,。,。,。
ベエル	名詞,一般,*,*,*,*,*
･	名詞,サ変接続,*,*,*,*,*
シェバ	名詞,一般,*,*,*,*,*
に	助詞,格助詞,一般,*,*,*,に,ニ,ニ
渡っ	動詞,自立,*,*,五段・ラ行,連用タ接続,渡る,ワタッ,ワタッ
て	助詞,接続助詞,*,*,*,*,て,テ,テ
行っ	動詞,非自立,*,*,五段・カ行促音便,連用タ接続,行く,イッ,イッ
て	助詞,接続助詞,*,*,*,*,て,テ,テ
は	助詞,係助詞,*,*,*,*,は,ハ,ワ
なら	動詞,非自立,*,*,五段・ラ行,未然形,なる,ナラ,ナラ
ない	助動詞,*,*,*,特殊・ナイ,基本形,ない,ナイ,ナイ
。	記号,句点,*,*,*,*,。,。,。
ギルガル	名詞,一般,*,*,*,*,*
と	助詞,格助詞,引用,*,*,*,と,ト,ト
いえ	動詞,自立,*,*,五段・ワ行促音便,仮定形,いう,イエ,イエ
ども	助詞,接続助詞,*,*,*,*,ども,ドモ,ドモ
必ず	副詞,助詞類接続,*,*,*,*,必ず,カナラズ,カナラズ
流刑	名詞,一般,*,*,*,*,流刑,ルケイ,ルケイ
に	助詞,格助詞,一般,*,*,*,に,ニ,ニ
さ	動詞,自立,*,*,サ変・スル,未然レル接続,する,サ,サ
れる	動詞,接尾,*,*,一段,基本形,れる,レル,レル
から	助詞,接続助詞,*,*,*,*,から,カラ,カラ
で	助動詞,*,*,*,特殊・ダ,連用形,だ,デ,デ
ある	助動詞,*,*,*,五段・ラ行アル,基本形,ある,アル,アル
。	記号,句点,*,*,*,*,。,。,。
そして	接続詞,*,*,*,*,*,そして,ソシテ,ソシテ
ベテル	名詞,一般,*,*,*,*,*
，	記号,読点,*,*,*,*,，,，,，
それ	名詞,代名詞,一般,*,*,*,それ,ソレ,ソレ
は	助詞,係助詞,*,*,*,*,は,ハ,ワ
怪異	名詞,形容動詞語幹,*,*,*,*,怪異,カイイ,カイイ
な	助動詞,*,*,*,特殊・ダ,体言接続,だ,ナ,ナ
所	名詞,非自立,副詞可能,*,*,*,所,トコロ,トコロ
と	助詞,格助詞,一般,*,*,*,と,ト,ト
なる	動詞,自立,*,*,五段・ラ行,基本形,なる,ナル,ナル
で	助動詞,*,*,*,特殊・ダ,連用形,だ,デ,デ
あろ	助動詞,*,*,*,五段・ラ行アル,未然ウ接続,ある,アロ,アロ
う	助動詞,*,*,*,不変化型,基本形,う,ウ,ウ
。	記号,句点,*,*,*,*,。,。,。
ヨセフ	名詞,一般,*,*,*,*,*
の	助詞,連体化,*,*,*,*,の,ノ,ノ
家	名詞,一般,*,*,*,*,家,イエ,イエ
よ	助詞,終助詞,*,*,*,*,よ,ヨ,ヨ
，	記号,読点,*,*,*,*,，,，,，
エホバ	名詞,一般,*,*,*,*,エホバ,エホバ,エホバ
を	助詞,格助詞,一般,*,*,*,を,ヲ,ヲ
捜し求め	動詞,自立,*,*,一段,連用形,捜し求める,サガシモトメ,サガシモトメ
て	助詞,接続助詞,*,*,*,*,て,テ,テ
生き	動詞,自立,*,*,一段,連用形,生きる,イキ,イキ
つづけ	動詞,非自立,*,*,一段,連用形,つづける,ツヅケ,ツズケ
よ	助詞,終助詞,*,*,*,*,よ,ヨ,ヨ
。	記号,句点,*,*,*,*,。,。,。
[	名詞,サ変接続,*,*,*,*,*
神	名詞,接尾,一般,*,*,*,神,シン,シン
]	名詞,サ変接続,*,*,*,*,*
が	助詞,格助詞,一般,*,*,*,が,ガ,ガ
火	名詞,一般,*,*,*,*,火,ヒ,ヒ
の	助詞,連体化,*,*,*,*,の,ノ,ノ
よう	名詞,非自立,助動詞語幹,*,*,*,よう,ヨウ,ヨー
に	助詞,副詞化,*,*,*,*,に,ニ,ニ
活動	名詞,サ変接続,*,*,*,*,活動,カツドウ,カツドー
する	動詞,自立,*,*,サ変・スル,基本形,する,スル,スル
こと	名詞,非自立,一般,*,*,*,こと,コト,コト
の	助詞,格助詞,一般,*,*,*,の,ノ,ノ
ない	形容詞,自立,*,*,形容詞・アウオ段,基本形,ない,ナイ,ナイ
ため	名詞,非自立,副詞可能,*,*,*,ため,タメ,タメ
，	記号,読点,*,*,*,*,，,，,，
それ	名詞,代名詞,一般,*,*,*,それ,ソレ,ソレ
が	助詞,格助詞,一般,*,*,*,が,ガ,ガ
まさに	副詞,一般,*,*,*,*,まさに,マサニ,マサニ
むさぼり	動詞,自立,*,*,五段・ラ行,連用形,むさぼる,ムサボリ,ムサボリ
食う	動詞,自立,*,*,五段・ワ行促音便,基本形,食う,クウ,クウ
こと	名詞,非自立,一般,*,*,*,こと,コト,コト
の	助詞,格助詞,一般,*,*,*,の,ノ,ノ
ない	形容詞,自立,*,*,形容詞・アウオ段,基本形,ない,ナイ,ナイ
ため	名詞,非自立,副詞可能,*,*,*,ため,タメ,タメ
，	記号,読点,*,*,*,*,，,，,，
ベテル	名詞,一般,*,*,*,*,*
に	助詞,格助詞,一般,*,*,*,に,ニ,ニ
[	名詞,サ変接続,*,*,*,*,*
それ	名詞,代名詞,一般,*,*,*,それ,ソレ,ソレ
を	助詞,格助詞,一般,*,*,*,を,ヲ,ヲ
]	名詞,サ変接続,*,*,*,*,*
消す	動詞,自立,*,*,五段・サ行,基本形,消す,ケス,ケス
者	名詞,非自立,一般,*,*,*,者,モノ,モノ
が	助詞,格助詞,一般,*,*,*,が,ガ,ガ
い	動詞,自立,*,*,一段,未然形,いる,イ,イ
なく	助動詞,*,*,*,特殊・ナイ,連用テ接続,ない,ナク,ナク
なら	動詞,自立,*,*,五段・ラ行,未然形,なる,ナラ,ナラ
ない	助動詞,*,*,*,特殊・ナイ,基本形,ない,ナイ,ナイ
ため	名詞,非自立,副詞可能,*,*,*,ため,タメ,タメ
で	助動詞,*,*,*,特殊・ダ,連用形,だ,デ,デ
ある	助動詞,*,*,*,五段・ラ行アル,基本形,ある,アル,アル
。	記号,句点,*,*,*,*,。,。,。
公正	名詞,形容動詞語幹,*,*,*,*,公正,コウセイ,コーセイ
を	助詞,格助詞,一般,*,*,*,を,ヲ,ヲ
ただ	名詞,一般,*,*,*,*,ただ,タダ,タダ
の	助詞,連体化,*,*,*,*,の,ノ,ノ
苦	形容詞,自立,*,*,形容詞・アウオ段,ガル接続,苦い,ニガ,ニガ
よ	助詞,終助詞,*,*,*,*,よ,ヨ,ヨ
もぎ	動詞,自立,*,*,五段・ガ行,連用形,もぐ,モギ,モギ
に	助詞,格助詞,一般,*,*,*,に,ニ,ニ
変え	動詞,自立,*,*,一段,連用形,変える,カエ,カエ
て	助詞,接続助詞,*,*,*,*,て,テ,テ
いる	動詞,非自立,*,*,一段,基本形,いる,イル,イル
者	名詞,一般,*,*,*,*,者,モノ,モノ
たち	名詞,接尾,一般,*,*,*,たち,タチ,タチ
，	名詞,数,*,*,*,*,，,，,，
義	名詞,接尾,助数詞,*,*,*,義,ギ,ギ
を	助詞,格助詞,一般,*,*,*,を,ヲ,ヲ
地	名詞,一般,*,*,*,*,地,チ,チ
に	助詞,格助詞,一般,*,*,*,に,ニ,ニ
投げ捨て	動詞,自立,*,*,一段,連用形,投げ捨てる,ナゲステ,ナゲステ
た	助動詞,*,*,*,特殊・タ,基本形,た,タ,タ
者	名詞,一般,*,*,*,*,者,モノ,モノ
たち	名詞,接尾,一般,*,*,*,たち,タチ,タチ
よ	助詞,終助詞,*,*,*,*,よ,ヨ,ヨ
。	記号,句点,*,*,*,*,。,。,。
キマ	名詞,一般,*,*,*,*,*
星座	名詞,一般,*,*,*,*,星座,セイザ,セイザ
と	助詞,並立助詞,*,*,*,*,と,ト,ト
ケシル	名詞,固有名詞,一般,*,*,*,*
星座	名詞,一般,*,*,*,*,星座,セイザ,セイザ
の	助詞,連体化,*,*,*,*,の,ノ,ノ
造り	名詞,一般,*,*,*,*,造り,ツクリ,ツクリ
主	名詞,接尾,一般,*,*,*,主,ヌシ,ヌシ
，	記号,読点,*,*,*,*,，,，,，
深い	形容詞,自立,*,*,形容詞・アウオ段,基本形,深い,フカイ,フカイ
陰	名詞,一般,*,*,*,*,陰,カゲ,カゲ
を	助詞,格助詞,一般,*,*,*,を,ヲ,ヲ
朝	名詞,副詞可能,*,*,*,*,朝,アサ,アサ
に	助詞,格助詞,一般,*,*,*,に,ニ,ニ
変える	動詞,自立,*,*,一段,基本形,変える,カエル,カエル
者	名詞,非自立,一般,*,*,*,者,モノ,モノ
，	記号,読点,*,*,*,*,，,，,，
昼	名詞,副詞可能,*,*,*,*,昼,ヒル,ヒル
を	助詞,格助詞,一般,*,*,*,を,ヲ,ヲ
夜	名詞,副詞可能,*,*,*,*,夜,ヨル,ヨル
の	助詞,連体化,*,*,*,*,の,ノ,ノ
よう	名詞,非自立,助動詞語幹,*,*,*,よう,ヨウ,ヨー
に	助詞,副詞化,*,*,*,*,に,ニ,ニ
暗く	形容詞,自立,*,*,形容詞・アウオ段,連用テ接続,暗い,クラク,クラク
し	動詞,自立,*,*,サ変・スル,連用形,する,シ,シ
た	助動詞,*,*,*,特殊・タ,基本形,た,タ,タ
者	名詞,非自立,一般,*,*,*,者,モノ,モノ
，	記号,読点,*,*,*,*,，,，,，
海	名詞,一般,*,*,*,*,海,ウミ,ウミ
の	助詞,連体化,*,*,*,*,の,ノ,ノ
水	名詞,一般,*,*,*,*,水,ミズ,ミズ
を	助詞,格助詞,一般,*,*,*,を,ヲ,ヲ
呼び寄せ	動詞,自立,*,*,一段,連用形,呼び寄せる,ヨビヨセ,ヨビヨセ
て	助詞,接続助詞,*,*,*,*,て,テ,テ
それ	名詞,代名詞,一般,*,*,*,それ,ソレ,ソレ
を	助詞,格助詞,一般,*,*,*,を,ヲ,ヲ
地	名詞,一般,*,*,*,*,地,チ,チ
の	助詞,連体化,*,*,*,*,の,ノ,ノ
表	名詞,一般,*,*,*,*,表,ヒョウ,ヒョー
に	助詞,格助詞,一般,*,*,*,に,ニ,ニ
注ぎ	動詞,自立,*,*,五段・ガ行,連用形,注ぐ,ソソギ,ソソギ
出す	動詞,非自立,*,*,五段・サ行,基本形,出す,ダス,ダス
者	名詞,接尾,一般,*,*,*,者,シャ,シャ
―	記号,一般,*,*,*,*,―,―,―
エホバ	名詞,一般,*,*,*,*,エホバ,エホバ,エホバ
が	助詞,格助詞,一般,*,*,*,が,ガ,ガ
その	連体詞,*,*,*,*,*,その,ソノ,ソノ
名	名詞,一般,*,*,*,*,名,ナ,ナ
で	助動詞,*,*,*,特殊・ダ,連用形,だ,デ,デ
ある	助動詞,*,*,*,五段・ラ行アル,基本形,ある,アル,アル
。	記号,句点,*,*,*,*,。,。,。
それ	名詞,代名詞,一般,*,*,*,それ,ソレ,ソレ
は	助詞,係助詞,*,*,*,*,は,ハ,ワ
，	記号,読点,*,*,*,*,，,，,，
強い	形容詞,自立,*,*,形容詞・アウオ段,基本形,強い,ツヨイ,ツヨイ
者	名詞,非自立,一般,*,*,*,者,モノ,モノ
に	助詞,格助詞,一般,*,*,*,に,ニ,ニ
奪略	名詞,サ変接続,*,*,*,*,奪略,ダツリャク,ダツリャク
を	助詞,格助詞,一般,*,*,*,を,ヲ,ヲ
襲い	動詞,自立,*,*,五段・ワ行促音便,連用形,襲う,オソイ,オソイ
来	動詞,非自立,*,*,カ変・来ル,連用形,来る,キ,キ
たら	助動詞,*,*,*,特殊・タ,仮定形,た,タラ,タラ
せ	動詞,接尾,*,*,一段,連用形,せる,セ,セ
て	助詞,接続助詞,*,*,*,*,て,テ,テ
，	記号,読点,*,*,*,*,，,，,，
防備	名詞,サ変接続,*,*,*,*,防備,ボウビ,ボービ
の	助詞,格助詞,一般,*,*,*,の,ノ,ノ
施さ	動詞,自立,*,*,五段・サ行,未然形,施す,ホドコサ,ホドコサ
れ	動詞,接尾,*,*,一段,連用形,れる,レ,レ
た	助動詞,*,*,*,特殊・タ,基本形,た,タ,タ
所	名詞,非自立,副詞可能,*,*,*,所,トコロ,トコロ
に	助詞,格助詞,一般,*,*,*,に,ニ,ニ
も	助詞,係助詞,*,*,*,*,も,モ,モ
奪略	名詞,サ変接続,*,*,*,*,奪略,ダツリャク,ダツリャク
を	助詞,格助詞,一般,*,*,*,を,ヲ,ヲ
臨ま	動詞,自立,*,*,五段・マ行,未然形,臨む,ノゾマ,ノゾマ
せる	動詞,接尾,*,*,一段,基本形,せる,セル,セル
者	名詞,非自立,一般,*,*,*,者,モノ,モノ
な	助動詞,*,*,*,特殊・ダ,体言接続,だ,ナ,ナ
の	名詞,非自立,一般,*,*,*,の,ノ,ノ
で	助動詞,*,*,*,特殊・ダ,連用形,だ,デ,デ
ある	助動詞,*,*,*,五段・ラ行アル,基本形,ある,アル,アル
。	記号,句点,*,*,*,*,。,。,。
「	記号,括弧開,*,*,*,*,「,「,「
『	記号,括弧開,*,*,*,*,『,『,『
門	名詞,一般,*,*,*,*,門,モン,モン
の	助詞,連体化,*,*,*,*,の,ノ,ノ
中	名詞,非自立,副詞可能,*,*,*,中,ナカ,ナカ
で	助詞,格助詞,一般,*,*,*,で,デ,デ
，	記号,読点,*,*,*,*,，,，,，
彼ら	名詞,代名詞,一般,*,*,*,彼ら,カレラ,カレラ
は	助詞,係助詞,*,*,*,*,は,ハ,ワ
戒め	名詞,一般,*,*,*,*,戒め,イマシメ,イマシメ
を	助詞,格助詞,一般,*,*,*,を,ヲ,ヲ
与える	動詞,自立,*,*,一段,基本形,与える,アタエル,アタエル
者	名詞,非自立,一般,*,*,*,者,モノ,モノ
を	助詞,格助詞,一般,*,*,*,を,ヲ,ヲ
憎み	動詞,自立,*,*,五段・マ行,連用形,憎む,ニクミ,ニクミ
，	記号,読点,*,*,*,*,，,，,，
全	接頭詞,名詞接続,*,*,*,*,全,ゼン,ゼン
き	動詞,自立,*,*,カ変・クル,連用形,くる,キ,キ
事柄	名詞,一般,*,*,*,*,事柄,コトガラ,コトガラ
を	助詞,格助詞,一般,*,*,*,を,ヲ,ヲ
語る	動詞,自立,*,*,五段・ラ行,基本形,語る,カタル,カタル
者	名詞,非自立,一般,*,*,*,者,モノ,モノ
を	助詞,格助詞,一般,*,*,*,を,ヲ,ヲ
忌まわしく	形容詞,自立,*,*,形容詞・イ段,連用テ接続,忌まわしい,イマワシク,イマワシク
思っ	動詞,自立,*,*,五段・ワ行促音便,連用タ接続,思う,オモッ,オモッ
た	助動詞,*,*,*,特殊・タ,基本形,た,タ,タ
。	記号,句点,*,*,*,*,。,。,。
それで	接続詞,*,*,*,*,*,それで,ソレデ,ソレデ
，	記号,読点,*,*,*,*,，,，,，
あなた	名詞,代名詞,一般,*,*,*,あなた,アナタ,アナタ
方	名詞,接尾,一般,*,*,*,方,カタ,カタ
が	助詞,格助詞,一般,*,*,*,が,ガ,ガ
立場	名詞,一般,*,*,*,*,立場,タチバ,タチバ
の	助詞,格助詞,一般,*,*,*,の,ノ,ノ
低い	形容詞,自立,*,*,形容詞・アウオ段,基本形,低い,ヒクイ,ヒクイ
者	名詞,非自立,一般,*,*,*,者,モノ,モノ
から	助詞,格助詞,一般,*,*,*,から,カラ,カラ
地代	名詞,一般,*,*,*,*,地代,ジダイ,ジダイ
を	助詞,格助詞,一般,*,*,*,を,ヲ,ヲ
取り立て	動詞,自立,*,*,一段,連用形,取り立てる,トリタテ,トリタテ
，	記号,読点,*,*,*,*,，,，,，
その	連体詞,*,*,*,*,*,その,ソノ,ソノ
者	名詞,非自立,一般,*,*,*,者,モノ,モノ
から	助詞,格助詞,一般,*,*,*,から,カラ,カラ
穀物	名詞,一般,*,*,*,*,穀物,コクモツ,コクモツ
の	助詞,連体化,*,*,*,*,の,ノ,ノ
貢ぎ	動詞,自立,*,*,五段・ガ行,連用形,貢ぐ,ミツギ,ミツギ
を	助詞,格助詞,一般,*,*,*,を,ヲ,ヲ
取り	動詞,自立,*,*,五段・ラ行,連用形,取る,トリ,トリ
つづけ	動詞,非自立,*,*,一段,連用形,つづける,ツヅケ,ツズケ
て	助詞,接続助詞,*,*,*,*,て,テ,テ
いる	動詞,非自立,*,*,一段,基本形,いる,イル,イル
ゆえ	名詞,非自立,副詞可能,*,*,*,ゆえ,ユエ,ユエ
に	助詞,格助詞,一般,*,*,*,に,ニ,ニ
，	記号,読点,*,*,*,*,，,，,，
あなた	名詞,代名詞,一般,*,*,*,あなた,アナタ,アナタ
方	名詞,接尾,一般,*,*,*,方,カタ,カタ
は	助詞,係助詞,*,*,*,*,は,ハ,ワ
切り石	名詞,一般,*,*,*,*,切り石,キリイシ,キリイシ
で	助詞,格助詞,一般,*,*,*,で,デ,デ
家	名詞,一般,*,*,*,*,家,イエ,イエ
を	助詞,格助詞,一般,*,*,*,を,ヲ,ヲ
建て	動詞,自立,*,*,一段,連用形,建てる,タテ,タテ
は	助詞,係助詞,*,*,*,*,は,ハ,ワ
し	動詞,自立,*,*,サ変・スル,連用形,する,シ,シ
た	助動詞,*,*,*,特殊・タ,基本形,た,タ,タ
が	助詞,接続助詞,*,*,*,*,が,ガ,ガ
，	記号,読点,*,*,*,*,，,，,，
自分	名詞,一般,*,*,*,*,自分,ジブン,ジブン
が	助詞,格助詞,一般,*,*,*,が,ガ,ガ
それ	名詞,代名詞,一般,*,*,*,それ,ソレ,ソレ
に	助詞,格助詞,一般,*,*,*,に,ニ,ニ
住み	動詞,自立,*,*,五段・マ行,連用形,住む,スミ,スミ
つづける	動詞,非自立,*,*,一段,基本形,つづける,ツヅケル,ツズケル
こと	名詞,非自立,一般,*,*,*,こと,コト,コト
は	助詞,係助詞,*,*,*,*,は,ハ,ワ
ない	形容詞,自立,*,*,形容詞・アウオ段,基本形,ない,ナイ,ナイ
で	助動詞,*,*,*,特殊・ダ,連用形,だ,デ,デ
あろ	助動詞,*,*,*,五段・ラ行アル,未然ウ接続,ある,アロ,アロ
う	助動詞,*,*,*,不変化型,基本形,う,ウ,ウ
。	記号,句点,*,*,*,*,。,。,。
好ましい	形容詞,自立,*,*,形容詞・イ段,基本形,好ましい,コノマシイ,コノマシイ
ぶどう	名詞,一般,*,*,*,*,ぶどう,ブドウ,ブドー
園	名詞,接尾,一般,*,*,*,園,エン,エン
を	助詞,格助詞,一般,*,*,*,を,ヲ,ヲ
設け	名詞,一般,*,*,*,*,設け,モウケ,モーケ
は	助詞,係助詞,*,*,*,*,は,ハ,ワ
し	動詞,自立,*,*,サ変・スル,連用形,する,シ,シ
た	助動詞,*,*,*,特殊・タ,基本形,た,タ,タ
が	助詞,接続助詞,*,*,*,*,が,ガ,ガ
，	記号,読点,*,*,*,*,，,，,，
自分	名詞,一般,*,*,*,*,自分,ジブン,ジブン
が	助詞,格助詞,一般,*,*,*,が,ガ,ガ
その	連体詞,*,*,*,*,*,その,ソノ,ソノ
ぶどう酒	名詞,一般,*,*,*,*,ぶどう酒,ブドウシュ,ブドーシュ
を	助詞,格助詞,一般,*,*,*,を,ヲ,ヲ
飲み	動詞,自立,*,*,五段・マ行,連用形,飲む,ノミ,ノミ
つづける	動詞,非自立,*,*,一段,基本形,つづける,ツヅケル,ツズケル
こと	名詞,非自立,一般,*,*,*,こと,コト,コト
は	助詞,係助詞,*,*,*,*,は,ハ,ワ
ない	形容詞,自立,*,*,形容詞・アウオ段,基本形,ない,ナイ,ナイ
で	助動詞,*,*,*,特殊・ダ,連用形,だ,デ,デ
あろ	助動詞,*,*,*,五段・ラ行アル,未然ウ接続,ある,アロ,アロ
う	助動詞,*,*,*,不変化型,基本形,う,ウ,ウ
。	記号,句点,*,*,*,*,。,。,。
わたし	名詞,代名詞,一般,*,*,*,わたし,ワタシ,ワタシ
は	助詞,係助詞,*,*,*,*,は,ハ,ワ
，	記号,読点,*,*,*,*,，,，,，
あなた	名詞,代名詞,一般,*,*,*,あなた,アナタ,アナタ
方	名詞,接尾,一般,*,*,*,方,カタ,カタ
の	助詞,連体化,*,*,*,*,の,ノ,ノ
反抗	名詞,サ変接続,*,*,*,*,反抗,ハンコウ,ハンコー
の	助詞,連体化,*,*,*,*,の,ノ,ノ
行ない	動詞,自立,*,*,五段・ワ行促音便,連用形,行なう,オコナイ,オコナイ
が	助詞,格助詞,一般,*,*,*,が,ガ,ガ
いかに	副詞,一般,*,*,*,*,いかに,イカニ,イカニ
多く	形容詞,自立,*,*,形容詞・アウオ段,連用テ接続,多い,オオク,オーク
，	記号,読点,*,*,*,*,，,，,，
あなた	名詞,代名詞,一般,*,*,*,あなた,アナタ,アナタ
方	名詞,接尾,一般,*,*,*,方,カタ,カタ
の	助詞,連体化,*,*,*,*,の,ノ,ノ
罪	名詞,一般,*,*,*,*,罪,ツミ,ツミ
が	助詞,格助詞,一般,*,*,*,が,ガ,ガ
いかに	副詞,一般,*,*,*,*,いかに,イカニ,イカニ
甚だしい	形容詞,自立,*,*,形容詞・イ段,基本形,甚だしい,ハナハダシイ,ハナハダシイ
か	助詞,副助詞／並立助詞／終助詞,*,*,*,*,か,カ,カ
を	助詞,格助詞,一般,*,*,*,を,ヲ,ヲ
知っ	動詞,自立,*,*,五段・ラ行,連用タ接続,知る,シッ,シッ
て	助詞,接続助詞,*,*,*,*,て,テ,テ
いる	動詞,非自立,*,*,一段,基本形,いる,イル,イル
の	名詞,非自立,一般,*,*,*,の,ノ,ノ
で	助動詞,*,*,*,特殊・ダ,連用形,だ,デ,デ
ある	助動詞,*,*,*,五段・ラ行アル,基本形,ある,アル,アル
。	記号,句点,*,*,*,*,。,。,。
義人	名詞,一般,*,*,*,*,義人,ギジン,ギジン
に	助詞,格助詞,一般,*,*,*,に,ニ,ニ
敵意	名詞,一般,*,*,*,*,敵意,テキイ,テキイ
を	助詞,格助詞,一般,*,*,*,を,ヲ,ヲ
示す	動詞,自立,*,*,五段・サ行,基本形,示す,シメス,シメス
者	名詞,非自立,一般,*,*,*,者,モノ,モノ
，	記号,読点,*,*,*,*,，,，,，
口止め	名詞,一般,*,*,*,*,口止め,クチドメ,クチドメ
金	名詞,接尾,一般,*,*,*,金,キン,キン
を	助詞,格助詞,一般,*,*,*,を,ヲ,ヲ
取る	動詞,自立,*,*,五段・ラ行,基本形,取る,トル,トル
者	名詞,非自立,一般,*,*,*,者,モノ,モノ
，	記号,読点,*,*,*,*,，,，,，
門	名詞,一般,*,*,*,*,門,モン,モン
の	助詞,連体化,*,*,*,*,の,ノ,ノ
中	名詞,非自立,副詞可能,*,*,*,中,ナカ,ナカ
で	助詞,格助詞,一般,*,*,*,で,デ,デ
貧しい	形容詞,自立,*,*,形容詞・イ段,基本形,貧しい,マズシイ,マズシイ
人々	名詞,一般,*,*,*,*,人々,ヒトビト,ヒトビト
を	助詞,格助詞,一般,*,*,*,を,ヲ,ヲ
押し	動詞,自立,*,*,五段・サ行,連用形,押す,オシ,オシ
のけ	動詞,非自立,*,*,一段,連用形,のける,ノケ,ノケ
た	助動詞,*,*,*,特殊・タ,基本形,た,タ,タ
者	名詞,一般,*,*,*,*,者,モノ,モノ
たち	名詞,接尾,一般,*,*,*,たち,タチ,タチ
よ	助詞,終助詞,*,*,*,*,よ,ヨ,ヨ
。	記号,句点,*,*,*,*,。,。,。
それ	名詞,代名詞,一般,*,*,*,それ,ソレ,ソレ
ゆえ	名詞,接尾,一般,*,*,*,ゆえ,ユエ,ユエ
に	助詞,格助詞,一般,*,*,*,に,ニ,ニ
，	記号,読点,*,*,*,*,，,，,，
洞察	名詞,サ変接続,*,*,*,*,洞察,ドウサツ,ドーサツ
力	名詞,接尾,一般,*,*,*,力,リョク,リョク
の	助詞,格助詞,一般,*,*,*,の,ノ,ノ
ある	動詞,自立,*,*,五段・ラ行,基本形,ある,アル,アル
者	名詞,非自立,一般,*,*,*,者,モノ,モノ
は	助詞,係助詞,*,*,*,*,は,ハ,ワ
その	連体詞,*,*,*,*,*,その,ソノ,ソノ
時	名詞,非自立,副詞可能,*,*,*,時,トキ,トキ
に	助詞,格助詞,一般,*,*,*,に,ニ,ニ
は	助詞,係助詞,*,*,*,*,は,ハ,ワ
沈黙	名詞,サ変接続,*,*,*,*,沈黙,チンモク,チンモク
する	動詞,自立,*,*,サ変・スル,基本形,する,スル,スル
で	助動詞,*,*,*,特殊・ダ,連用形,だ,デ,デ
あろ	助動詞,*,*,*,五段・ラ行アル,未然ウ接続,ある,アロ,アロ
う	助動詞,*,*,*,不変化型,基本形,う,ウ,ウ
。	記号,句点,*,*,*,*,。,。,。
それ	名詞,代名詞,一般,*,*,*,それ,ソレ,ソレ
は	助詞,係助詞,*,*,*,*,は,ハ,ワ
災い	名詞,サ変接続,*,*,*,*,災い,ワザワイ,ワザワイ
の	助詞,連体化,*,*,*,*,の,ノ,ノ
時	名詞,非自立,副詞可能,*,*,*,時,トキ,トキ
と	助詞,格助詞,一般,*,*,*,と,ト,ト
なる	動詞,自立,*,*,五段・ラ行,基本形,なる,ナル,ナル
から	助詞,接続助詞,*,*,*,*,から,カラ,カラ
で	助動詞,*,*,*,特殊・ダ,連用形,だ,デ,デ
ある	助動詞,*,*,*,五段・ラ行アル,基本形,ある,アル,アル
。	記号,句点,*,*,*,*,。,。,。
「	記号,括弧開,*,*,*,*,「,「,「
『	記号,括弧開,*,*,*,*,『,『,『
悪	名詞,一般,*,*,*,*,悪,アク,アク
で	助詞,格助詞,一般,*,*,*,で,デ,デ
は	助詞,係助詞,*,*,*,*,は,ハ,ワ
なく	助動詞,*,*,*,特殊・ナイ,連用テ接続,ない,ナク,ナク
，	記号,読点,*,*,*,*,，,，,，
善	名詞,一般,*,*,*,*,善,ゼン,ゼン
を	助詞,格助詞,一般,*,*,*,を,ヲ,ヲ
捜し求めよ	動詞,自立,*,*,一段,命令ｙｏ,捜し求める,サガシモトメヨ,サガシモトメヨ
。	記号,句点,*,*,*,*,。,。,。
あなた	名詞,代名詞,一般,*,*,*,あなた,アナタ,アナタ
方	名詞,接尾,一般,*,*,*,方,カタ,カタ
が	助詞,格助詞,一般,*,*,*,が,ガ,ガ
生き	動詞,自立,*,*,一段,連用形,生きる,イキ,イキ
つづける	動詞,非自立,*,*,一段,基本形,つづける,ツヅケル,ツズケル
ため	名詞,非自立,副詞可能,*,*,*,ため,タメ,タメ
で	助動詞,*,*,*,特殊・ダ,連用形,だ,デ,デ
ある	助動詞,*,*,*,五段・ラ行アル,基本形,ある,アル,アル
。	記号,句点,*,*,*,*,。,。,。
また	接続詞,*,*,*,*,*,また,マタ,マタ
，	記号,読点,*,*,*,*,，,，,，
それ	名詞,代名詞,一般,*,*,*,それ,ソレ,ソレ
によって	助詞,格助詞,連語,*,*,*,によって,ニヨッテ,ニヨッテ
，	記号,読点,*,*,*,*,，,，,，
あなた	名詞,代名詞,一般,*,*,*,あなた,アナタ,アナタ
方	名詞,接尾,一般,*,*,*,方,カタ,カタ
の	助詞,連体化,*,*,*,*,の,ノ,ノ
述べ	動詞,自立,*,*,一段,連用形,述べる,ノベ,ノベ
た	助動詞,*,*,*,特殊・タ,基本形,た,タ,タ
とおり	名詞,非自立,副詞可能,*,*,*,とおり,トオリ,トーリ
，	記号,読点,*,*,*,*,，,，,，
万	名詞,数,*,*,*,*,万,マン,マン
軍	名詞,接尾,一般,*,*,*,軍,グン,グン
の	助詞,連体化,*,*,*,*,の,ノ,ノ
神	名詞,一般,*,*,*,*,神,カミ,カミ
エホバ	名詞,一般,*,*,*,*,エホバ,エホバ,エホバ
が	助詞,格助詞,一般,*,*,*,が,ガ,ガ
あなた	名詞,代名詞,一般,*,*,*,あなた,アナタ,アナタ
方	名詞,接尾,一般,*,*,*,方,カタ,カタ
と共に	助詞,格助詞,連語,*,*,*,と共に,トトモニ,トトモニ
いる	動詞,自立,*,*,一段,基本形,いる,イル,イル
よう	名詞,非自立,助動詞語幹,*,*,*,よう,ヨウ,ヨー
に	助詞,格助詞,一般,*,*,*,に,ニ,ニ
なる	動詞,自立,*,*,五段・ラ行,基本形,なる,ナル,ナル
ため	名詞,非自立,副詞可能,*,*,*,ため,タメ,タメ
で	助動詞,*,*,*,特殊・ダ,連用形,だ,デ,デ
ある	助動詞,*,*,*,五段・ラ行アル,基本形,ある,アル,アル
。	記号,句点,*,*,*,*,。,。,。
悪	名詞,一般,*,*,*,*,悪,アク,アク
を	助詞,格助詞,一般,*,*,*,を,ヲ,ヲ
憎み	動詞,自立,*,*,五段・マ行,連用形,憎む,ニクミ,ニクミ
，	記号,読点,*,*,*,*,，,，,，
善	名詞,一般,*,*,*,*,善,ゼン,ゼン
を	助詞,格助詞,一般,*,*,*,を,ヲ,ヲ
愛し	動詞,自立,*,*,五段・サ行,連用形,愛す,アイシ,アイシ
，	記号,読点,*,*,*,*,，,，,，
門	名詞,一般,*,*,*,*,門,モン,モン
の	助詞,連体化,*,*,*,*,の,ノ,ノ
中	名詞,非自立,副詞可能,*,*,*,中,ナカ,ナカ
で	助詞,格助詞,一般,*,*,*,で,デ,デ
公正	名詞,形容動詞語幹,*,*,*,*,公正,コウセイ,コーセイ
を	助詞,格助詞,一般,*,*,*,を,ヲ,ヲ
固く	形容詞,自立,*,*,形容詞・アウオ段,連用テ接続,固い,カタク,カタク
定め	動詞,自立,*,*,一段,連用形,定める,サダメ,サダメ
よ	助詞,終助詞,*,*,*,*,よ,ヨ,ヨ
。	記号,句点,*,*,*,*,。,。,。
万	名詞,数,*,*,*,*,万,マン,マン
軍	名詞,接尾,一般,*,*,*,軍,グン,グン
の	助詞,連体化,*,*,*,*,の,ノ,ノ
神	名詞,一般,*,*,*,*,神,カミ,カミ
エホバ	名詞,一般,*,*,*,*,エホバ,エホバ,エホバ
は	助詞,係助詞,*,*,*,*,は,ハ,ワ
ヨセフ	名詞,一般,*,*,*,*,*
の	助詞,格助詞,一般,*,*,*,の,ノ,ノ
残っ	動詞,自立,*,*,五段・ラ行,連用タ接続,残る,ノコッ,ノコッ
て	助詞,接続助詞,*,*,*,*,て,テ,テ
いる	動詞,非自立,*,*,一段,基本形,いる,イル,イル
者	名詞,一般,*,*,*,*,者,モノ,モノ
たち	名詞,接尾,一般,*,*,*,たち,タチ,タチ
に	助詞,格助詞,一般,*,*,*,に,ニ,ニ
恵み	名詞,一般,*,*,*,*,恵み,メグミ,メグミ
を	助詞,格助詞,一般,*,*,*,を,ヲ,ヲ
示す	動詞,自立,*,*,五段・サ行,基本形,示す,シメス,シメス
こと	名詞,非自立,一般,*,*,*,こと,コト,コト
に	助詞,格助詞,一般,*,*,*,に,ニ,ニ
なる	動詞,自立,*,*,五段・ラ行,基本形,なる,ナル,ナル
かも	助詞,副助詞,*,*,*,*,かも,カモ,カモ
しれ	動詞,自立,*,*,一段,未然形,しれる,シレ,シレ
ない	助動詞,*,*,*,特殊・ナイ,基本形,ない,ナイ,ナイ
』	記号,括弧閉,*,*,*,*,』,』,』
。	記号,句点,*,*,*,*,。,。,。
「	記号,括弧開,*,*,*,*,「,「,「
それ	名詞,代名詞,一般,*,*,*,それ,ソレ,ソレ
ゆえ	名詞,接尾,一般,*,*,*,ゆえ,ユエ,ユエ
，	記号,読点,*,*,*,*,，,，,，
エホバ	名詞,一般,*,*,*,*,エホバ,エホバ,エホバ
，	名詞,数,*,*,*,*,，,，,，
万	名詞,数,*,*,*,*,万,マン,マン
軍	名詞,接尾,一般,*,*,*,軍,グン,グン
の	助詞,連体化,*,*,*,*,の,ノ,ノ
神	名詞,一般,*,*,*,*,神,カミ,カミ
エホバ	名詞,一般,*,*,*,*,エホバ,エホバ,エホバ
は	助詞,係助詞,*,*,*,*,は,ハ,ワ
この	連体詞,*,*,*,*,*,この,コノ,コノ
よう	名詞,非自立,助動詞語幹,*,*,*,よう,ヨウ,ヨー
に	助詞,副詞化,*,*,*,*,に,ニ,ニ
言わ	動詞,自立,*,*,五段・ワ行促音便,未然形,言う,イワ,イワ
れ	動詞,接尾,*,*,一段,連用形,れる,レ,レ
た	助動詞,*,*,*,特殊・タ,基本形,た,タ,タ
。	記号,句点,*,*,*,*,。,。,。
『	記号,括弧開,*,*,*,*,『,『,『
すべて	名詞,副詞可能,*,*,*,*,すべて,スベテ,スベテ
の	助詞,連体化,*,*,*,*,の,ノ,ノ
公共	名詞,一般,*,*,*,*,公共,コウキョウ,コーキョー
広場	名詞,一般,*,*,*,*,広場,ヒロバ,ヒロバ
で	助詞,格助詞,一般,*,*,*,で,デ,デ
泣き叫び	動詞,自立,*,*,五段・バ行,連用形,泣き叫ぶ,ナキサケビ,ナキサケビ
が	助詞,格助詞,一般,*,*,*,が,ガ,ガ
生じ	動詞,自立,*,*,一段,連用形,生じる,ショウジ,ショージ
，	記号,読点,*,*,*,*,，,，,，
すべて	名詞,副詞可能,*,*,*,*,すべて,スベテ,スベテ
の	助詞,連体化,*,*,*,*,の,ノ,ノ
街路	名詞,一般,*,*,*,*,街路,ガイロ,ガイロ
で	助詞,格助詞,一般,*,*,*,で,デ,デ
民	名詞,一般,*,*,*,*,民,ミン,ミン
は	助詞,係助詞,*,*,*,*,は,ハ,ワ
「	記号,括弧開,*,*,*,*,「,「,「
ああ	感動詞,*,*,*,*,*,ああ,アア,アー
，	記号,読点,*,*,*,*,，,，,，
ああ	感動詞,*,*,*,*,*,ああ,アア,アー
！	記号,一般,*,*,*,*,！,！,！
」	記号,括弧閉,*,*,*,*,」,」,」
と	助詞,格助詞,引用,*,*,*,と,ト,ト
言う	動詞,自立,*,*,五段・ワ行促音便,基本形,言う,イウ,イウ
で	助動詞,*,*,*,特殊・ダ,連用形,だ,デ,デ
あろ	助動詞,*,*,*,五段・ラ行アル,未然ウ接続,ある,アロ,アロ
う	助動詞,*,*,*,不変化型,基本形,う,ウ,ウ
。	記号,句点,*,*,*,*,。,。,。
そして	接続詞,*,*,*,*,*,そして,ソシテ,ソシテ
彼ら	名詞,代名詞,一般,*,*,*,彼ら,カレラ,カレラ
は	助詞,係助詞,*,*,*,*,は,ハ,ワ
農夫	名詞,一般,*,*,*,*,農夫,ノウフ,ノーフ
を	助詞,格助詞,一般,*,*,*,を,ヲ,ヲ
喪	名詞,一般,*,*,*,*,喪,モ,モ
に	助詞,格助詞,一般,*,*,*,に,ニ,ニ
呼び	動詞,自立,*,*,五段・バ行,連用形,呼ぶ,ヨビ,ヨビ
，	記号,読点,*,*,*,*,，,，,，
嘆き	名詞,一般,*,*,*,*,嘆き,ナゲキ,ナゲキ
悲しむ	動詞,自立,*,*,五段・マ行,基本形,悲しむ,カナシム,カナシム
こと	名詞,非自立,一般,*,*,*,こと,コト,コト
に	助詞,格助詞,一般,*,*,*,に,ニ,ニ
慣れ	動詞,自立,*,*,一段,連用形,慣れる,ナレ,ナレ
た	助動詞,*,*,*,特殊・タ,基本形,た,タ,タ
者	名詞,一般,*,*,*,*,者,モノ,モノ
たち	名詞,接尾,一般,*,*,*,たち,タチ,タチ
を	助詞,格助詞,一般,*,*,*,を,ヲ,ヲ
泣き叫び	動詞,自立,*,*,五段・バ行,連用形,泣き叫ぶ,ナキサケビ,ナキサケビ
に	助詞,格助詞,一般,*,*,*,に,ニ,ニ
[	名詞,サ変接続,*,*,*,*,*
呼ぶ	動詞,自立,*,*,五段・バ行,基本形,呼ぶ,ヨブ,ヨブ
]	名詞,サ変接続,*,*,*,*,*
こと	名詞,非自立,一般,*,*,*,こと,コト,コト
に	助詞,格助詞,一般,*,*,*,に,ニ,ニ
なる	動詞,自立,*,*,五段・ラ行,基本形,なる,ナル,ナル
』	記号,括弧閉,*,*,*,*,』,』,』
。	記号,句点,*,*,*,*,。,。,。
『	記号,括弧開,*,*,*,*,『,『,『
また	接続詞,*,*,*,*,*,また,マタ,マタ
すべて	名詞,副詞可能,*,*,*,*,すべて,スベテ,スベテ
の	助詞,連体化,*,*,*,*,の,ノ,ノ
ぶどう	名詞,一般,*,*,*,*,ぶどう,ブドウ,ブドー
園	名詞,接尾,一般,*,*,*,園,エン,エン
で	助詞,格助詞,一般,*,*,*,で,デ,デ
泣き叫び	動詞,自立,*,*,五段・バ行,連用形,泣き叫ぶ,ナキサケビ,ナキサケビ
が	助詞,格助詞,一般,*,*,*,が,ガ,ガ
生じる	動詞,自立,*,*,一段,基本形,生じる,ショウジル,ショージル
。	記号,句点,*,*,*,*,。,。,。
わたし	名詞,代名詞,一般,*,*,*,わたし,ワタシ,ワタシ
が	助詞,格助詞,一般,*,*,*,が,ガ,ガ
あなた	名詞,代名詞,一般,*,*,*,あなた,アナタ,アナタ
の	助詞,連体化,*,*,*,*,の,ノ,ノ
中	名詞,非自立,副詞可能,*,*,*,中,ナカ,ナカ
を	助詞,格助詞,一般,*,*,*,を,ヲ,ヲ
通る	動詞,自立,*,*,五段・ラ行,基本形,通る,トオル,トール
から	助詞,接続助詞,*,*,*,*,から,カラ,カラ
で	助動詞,*,*,*,特殊・ダ,連用形,だ,デ,デ
ある	助動詞,*,*,*,五段・ラ行アル,基本形,ある,アル,アル
』	記号,括弧閉,*,*,*,*,』,』,』
と	助詞,格助詞,引用,*,*,*,と,ト,ト
，	記号,読点,*,*,*,*,，,，,，
エホバ	名詞,一般,*,*,*,*,エホバ,エホバ,エホバ
は	助詞,係助詞,*,*,*,*,は,ハ,ワ
言わ	動詞,自立,*,*,五段・ワ行促音便,未然形,言う,イワ,イワ
れ	動詞,接尾,*,*,一段,連用形,れる,レ,レ
た	助動詞,*,*,*,特殊・タ,基本形,た,タ,タ
。	記号,句点,*,*,*,*,。,。,。
「	記号,括弧開,*,*,*,*,「,「,「
『	記号,括弧開,*,*,*,*,『,『,『
エホバ	名詞,一般,*,*,*,*,エホバ,エホバ,エホバ
の	助詞,連体化,*,*,*,*,の,ノ,ノ
日	名詞,非自立,副詞可能,*,*,*,日,ヒ,ヒ
を	助詞,格助詞,一般,*,*,*,を,ヲ,ヲ
待ちこがれ	動詞,自立,*,*,一段,連用形,待ちこがれる,マチコガレ,マチコガレ
て	助詞,接続助詞,*,*,*,*,て,テ,テ
いる	動詞,非自立,*,*,一段,基本形,いる,イル,イル
者	名詞,非自立,一般,*,*,*,者,モノ,モノ
は	助詞,係助詞,*,*,*,*,は,ハ,ワ
災い	名詞,サ変接続,*,*,*,*,災い,ワザワイ,ワザワイ
だ	助動詞,*,*,*,特殊・ダ,基本形,だ,ダ,ダ
！	記号,一般,*,*,*,*,！,！,！
それで	接続詞,*,*,*,*,*,それで,ソレデ,ソレデ
，	記号,読点,*,*,*,*,，,，,，
あなた	名詞,代名詞,一般,*,*,*,あなた,アナタ,アナタ
方	名詞,接尾,一般,*,*,*,方,カタ,カタ
にとって	助詞,格助詞,連語,*,*,*,にとって,ニトッテ,ニトッテ
エホバ	名詞,一般,*,*,*,*,エホバ,エホバ,エホバ
の	助詞,連体化,*,*,*,*,の,ノ,ノ
日	名詞,非自立,副詞可能,*,*,*,日,ヒ,ヒ
は	助詞,係助詞,*,*,*,*,は,ハ,ワ
どの	連体詞,*,*,*,*,*,どの,ドノ,ドノ
よう	名詞,非自立,助動詞語幹,*,*,*,よう,ヨウ,ヨー
な	助動詞,*,*,*,特殊・ダ,体言接続,だ,ナ,ナ
もの	名詞,非自立,一般,*,*,*,もの,モノ,モノ
と	助詞,格助詞,一般,*,*,*,と,ト,ト
なる	動詞,自立,*,*,五段・ラ行,基本形,なる,ナル,ナル
で	助動詞,*,*,*,特殊・ダ,連用形,だ,デ,デ
あろ	助動詞,*,*,*,五段・ラ行アル,未然ウ接続,ある,アロ,アロ
う	助動詞,*,*,*,不変化型,基本形,う,ウ,ウ
か	助詞,副助詞／並立助詞／終助詞,*,*,*,*,か,カ,カ
。	記号,句点,*,*,*,*,。,。,。
それ	名詞,代名詞,一般,*,*,*,それ,ソレ,ソレ
は	助詞,係助詞,*,*,*,*,は,ハ,ワ
暗闇	名詞,一般,*,*,*,*,暗闇,クラヤミ,クラヤミ
で	助動詞,*,*,*,特殊・ダ,連用形,だ,デ,デ
あり	助動詞,*,*,*,五段・ラ行アル,連用形,ある,アリ,アリ
，	記号,読点,*,*,*,*,，,，,，
何	名詞,代名詞,一般,*,*,*,何,ナニ,ナニ
の	助詞,連体化,*,*,*,*,の,ノ,ノ
光	名詞,一般,*,*,*,*,光,ヒカリ,ヒカリ
も	助詞,係助詞,*,*,*,*,も,モ,モ
ない	形容詞,自立,*,*,形容詞・アウオ段,基本形,ない,ナイ,ナイ
。	記号,句点,*,*,*,*,。,。,。
人	名詞,一般,*,*,*,*,人,ヒト,ヒト
が	助詞,格助詞,一般,*,*,*,が,ガ,ガ
ライオン	名詞,一般,*,*,*,*,ライオン,ライオン,ライオン
の	助詞,連体化,*,*,*,*,の,ノ,ノ
ゆえ	名詞,非自立,副詞可能,*,*,*,ゆえ,ユエ,ユエ
に	助詞,格助詞,一般,*,*,*,に,ニ,ニ
逃げる	動詞,自立,*,*,一段,基本形,逃げる,ニゲル,ニゲル
とき	名詞,非自立,副詞可能,*,*,*,とき,トキ,トキ
の	助詞,連体化,*,*,*,*,の,ノ,ノ
よう	名詞,非自立,助動詞語幹,*,*,*,よう,ヨウ,ヨー
で	助動詞,*,*,*,特殊・ダ,連用形,だ,デ,デ
あり	助動詞,*,*,*,五段・ラ行アル,連用形,ある,アリ,アリ
，	記号,読点,*,*,*,*,，,，,，
熊	名詞,一般,*,*,*,*,熊,クマ,クマ
が	助詞,格助詞,一般,*,*,*,が,ガ,ガ
まさに	副詞,一般,*,*,*,*,まさに,マサニ,マサニ
その	連体詞,*,*,*,*,*,その,ソノ,ソノ
者	名詞,非自立,一般,*,*,*,者,モノ,モノ
に	助詞,格助詞,一般,*,*,*,に,ニ,ニ
出会う	動詞,自立,*,*,五段・ワ行促音便,基本形,出会う,デアウ,デアウ
。	記号,句点,*,*,*,*,。,。,。
また	接続詞,*,*,*,*,*,また,マタ,マタ
，	記号,読点,*,*,*,*,，,，,，
家	名詞,一般,*,*,*,*,家,イエ,イエ
に	助詞,格助詞,一般,*,*,*,に,ニ,ニ
入っ	動詞,自立,*,*,五段・ラ行,連用タ接続,入る,ハイッ,ハイッ
て	助詞,接続助詞,*,*,*,*,て,テ,テ
手	名詞,一般,*,*,*,*,手,テ,テ
を	助詞,格助詞,一般,*,*,*,を,ヲ,ヲ
壁	名詞,一般,*,*,*,*,壁,カベ,カベ
に	助詞,格助詞,一般,*,*,*,に,ニ,ニ
当て	動詞,自立,*,*,一段,連用形,当てる,アテ,アテ
た	助動詞,*,*,*,特殊・タ,基本形,た,タ,タ
[	名詞,サ変接続,*,*,*,*,*
とき	名詞,非自立,副詞可能,*,*,*,とき,トキ,トキ
の	助詞,連体化,*,*,*,*,の,ノ,ノ
よう	名詞,非自立,助動詞語幹,*,*,*,よう,ヨウ,ヨー
]	名詞,サ変接続,*,*,*,*,*
で	助動詞,*,*,*,特殊・ダ,連用形,だ,デ,デ
ある	助動詞,*,*,*,五段・ラ行アル,基本形,ある,アル,アル
。	記号,句点,*,*,*,*,。,。,。
その	連体詞,*,*,*,*,*,その,ソノ,ソノ
とき	名詞,非自立,副詞可能,*,*,*,とき,トキ,トキ
蛇	名詞,一般,*,*,*,*,蛇,ヘビ,ヘビ
が	助詞,格助詞,一般,*,*,*,が,ガ,ガ
その	連体詞,*,*,*,*,*,その,ソノ,ソノ
者	名詞,非自立,一般,*,*,*,者,モノ,モノ
を	助詞,格助詞,一般,*,*,*,を,ヲ,ヲ
かん	動詞,自立,*,*,五段・マ行,連用タ接続,かむ,カン,カン
だ	助動詞,*,*,*,特殊・タ,基本形,だ,ダ,ダ
。	記号,句点,*,*,*,*,。,。,。
エホバ	名詞,一般,*,*,*,*,エホバ,エホバ,エホバ
の	助詞,連体化,*,*,*,*,の,ノ,ノ
日	名詞,非自立,副詞可能,*,*,*,日,ヒ,ヒ
は	助詞,係助詞,*,*,*,*,は,ハ,ワ
暗闇	名詞,一般,*,*,*,*,暗闇,クラヤミ,クラヤミ
で	助動詞,*,*,*,特殊・ダ,連用形,だ,デ,デ
あっ	助動詞,*,*,*,五段・ラ行アル,連用タ接続,ある,アッ,アッ
て	助詞,接続助詞,*,*,*,*,て,テ,テ
，	記号,読点,*,*,*,*,，,，,，
光	名詞,一般,*,*,*,*,光,ヒカリ,ヒカリ
で	助詞,格助詞,一般,*,*,*,で,デ,デ
は	助詞,係助詞,*,*,*,*,は,ハ,ワ
ない	助動詞,*,*,*,特殊・ナイ,基本形,ない,ナイ,ナイ
。	記号,句点,*,*,*,*,。,。,。
それ	名詞,代名詞,一般,*,*,*,それ,ソレ,ソレ
は	助詞,係助詞,*,*,*,*,は,ハ,ワ
暗がり	名詞,一般,*,*,*,*,暗がり,クラガリ,クラガリ
で	助動詞,*,*,*,特殊・ダ,連用形,だ,デ,デ
あっ	助動詞,*,*,*,五段・ラ行アル,連用タ接続,ある,アッ,アッ
て	助詞,接続助詞,*,*,*,*,て,テ,テ
，	記号,読点,*,*,*,*,，,，,，
明る	形容詞,自立,*,*,形容詞・アウオ段,ガル接続,明るい,アカル,アカル
さ	名詞,接尾,特殊,*,*,*,さ,サ,サ
は	助詞,係助詞,*,*,*,*,は,ハ,ワ
ない	助動詞,*,*,*,特殊・ナイ,基本形,ない,ナイ,ナイ
。	記号,句点,*,*,*,*,。,。,。
そう	副詞,助詞類接続,*,*,*,*,そう,ソウ,ソー
で	助動詞,*,*,*,特殊・ダ,連用形,だ,デ,デ
は	助詞,係助詞,*,*,*,*,は,ハ,ワ
ない	助動詞,*,*,*,特殊・ナイ,基本形,ない,ナイ,ナイ
か	助詞,副助詞／並立助詞／終助詞,*,*,*,*,か,カ,カ
。	記号,句点,*,*,*,*,。,。,。
わたし	名詞,代名詞,一般,*,*,*,わたし,ワタシ,ワタシ
は	助詞,係助詞,*,*,*,*,は,ハ,ワ
あなた	名詞,代名詞,一般,*,*,*,あなた,アナタ,アナタ
方	名詞,接尾,一般,*,*,*,方,カタ,カタ
の	助詞,連体化,*,*,*,*,の,ノ,ノ
祭り	名詞,一般,*,*,*,*,祭り,マツリ,マツリ
を	助詞,格助詞,一般,*,*,*,を,ヲ,ヲ
憎み	動詞,自立,*,*,五段・マ行,連用形,憎む,ニクミ,ニクミ
，	記号,読点,*,*,*,*,，,，,，
[	名詞,サ変接続,*,*,*,*,*
これ	名詞,代名詞,一般,*,*,*,これ,コレ,コレ
を	助詞,格助詞,一般,*,*,*,を,ヲ,ヲ
]	名詞,サ変接続,*,*,*,*,*
退け	動詞,自立,*,*,一段,連用形,退ける,シリゾケ,シリゾケ
た	助動詞,*,*,*,特殊・タ,基本形,た,タ,タ
。	記号,句点,*,*,*,*,。,。,。
わたし	名詞,代名詞,一般,*,*,*,わたし,ワタシ,ワタシ
は	助詞,係助詞,*,*,*,*,は,ハ,ワ
あなた	名詞,代名詞,一般,*,*,*,あなた,アナタ,アナタ
方	名詞,接尾,一般,*,*,*,方,カタ,カタ
の	助詞,連体化,*,*,*,*,の,ノ,ノ
聖	名詞,一般,*,*,*,*,聖,ヒジリ,ヒジリ
会	名詞,接尾,一般,*,*,*,会,カイ,カイ
の	助詞,連体化,*,*,*,*,の,ノ,ノ
におい	名詞,一般,*,*,*,*,におい,ニオイ,ニオイ
を	助詞,格助詞,一般,*,*,*,を,ヲ,ヲ
楽しま	動詞,自立,*,*,五段・マ行,未然形,楽しむ,タノシマ,タノシマ
ない	助動詞,*,*,*,特殊・ナイ,基本形,ない,ナイ,ナイ
。	記号,句点,*,*,*,*,。,。,。
また	接続詞,*,*,*,*,*,また,マタ,マタ
，	記号,読点,*,*,*,*,，,，,，
あなた	名詞,代名詞,一般,*,*,*,あなた,アナタ,アナタ
方	名詞,接尾,一般,*,*,*,方,カタ,カタ
が	助詞,格助詞,一般,*,*,*,が,ガ,ガ
全焼	名詞,サ変接続,*,*,*,*,全焼,ゼンショウ,ゼンショー
燔	名詞,一般,*,*,*,*,*
の	助詞,連体化,*,*,*,*,の,ノ,ノ
捧げ	動詞,自立,*,*,一段,連用形,捧げる,ササゲ,ササゲ
物	名詞,接尾,一般,*,*,*,物,ブツ,ブツ
を	助詞,格助詞,一般,*,*,*,を,ヲ,ヲ
ささげる	動詞,自立,*,*,一段,基本形,ささげる,ササゲル,ササゲル
として	助詞,格助詞,連語,*,*,*,として,トシテ,トシテ
も	助詞,係助詞,*,*,*,*,も,モ,モ
，	記号,読点,*,*,*,*,，,，,，
その	連体詞,*,*,*,*,*,その,ソノ,ソノ
供え物	名詞,一般,*,*,*,*,供え物,ソナエモノ,ソナエモノ
を	助詞,格助詞,一般,*,*,*,を,ヲ,ヲ
喜び	名詞,一般,*,*,*,*,喜び,ヨロコビ,ヨロコビ
と	助詞,格助詞,一般,*,*,*,と,ト,ト
は	助詞,係助詞,*,*,*,*,は,ハ,ワ
し	動詞,自立,*,*,サ変・スル,未然形,する,シ,シ
ない	助動詞,*,*,*,特殊・ナイ,基本形,ない,ナイ,ナイ
。	記号,句点,*,*,*,*,。,。,。
あなた	名詞,代名詞,一般,*,*,*,あなた,アナタ,アナタ
方	名詞,接尾,一般,*,*,*,方,カタ,カタ
の	助詞,連体化,*,*,*,*,の,ノ,ノ
共	名詞,一般,*,*,*,*,共,トモ,トモ
与	動詞,自立,*,*,五段・ラ行,体言接続特殊２,与る,アズカ,アズカ
の	助詞,連体化,*,*,*,*,の,ノ,ノ
犠牲	名詞,一般,*,*,*,*,犠牲,ギセイ,ギセイ
の	助詞,連体化,*,*,*,*,の,ノ,ノ
肥え	動詞,自立,*,*,一段,連用形,肥える,コエ,コエ
た	助動詞,*,*,*,特殊・タ,基本形,た,タ,タ
もの	名詞,非自立,一般,*,*,*,もの,モノ,モノ
に	助詞,格助詞,一般,*,*,*,に,ニ,ニ
目	名詞,一般,*,*,*,*,目,メ,メ
を	助詞,格助詞,一般,*,*,*,を,ヲ,ヲ
とめ	動詞,自立,*,*,一段,未然形,とめる,トメ,トメ
ない	助動詞,*,*,*,特殊・ナイ,基本形,ない,ナイ,ナイ
。	記号,句点,*,*,*,*,。,。,。
あなた	名詞,代名詞,一般,*,*,*,あなた,アナタ,アナタ
の	助詞,連体化,*,*,*,*,の,ノ,ノ
歌	名詞,一般,*,*,*,*,歌,ウタ,ウタ
の	助詞,連体化,*,*,*,*,の,ノ,ノ
騒々し	形容詞,自立,*,*,形容詞・イ段,ガル接続,騒々しい,ソウゾウシ,ソーゾーシ
さ	名詞,接尾,特殊,*,*,*,さ,サ,サ
を	助詞,格助詞,一般,*,*,*,を,ヲ,ヲ
わたし	名詞,代名詞,一般,*,*,*,わたし,ワタシ,ワタシ
の	助詞,連体化,*,*,*,*,の,ノ,ノ
もと	名詞,一般,*,*,*,*,もと,モト,モト
から	助詞,格助詞,一般,*,*,*,から,カラ,カラ
のけ	動詞,自立,*,*,一段,連用形,のける,ノケ,ノケ
よ	助詞,終助詞,*,*,*,*,よ,ヨ,ヨ
。	記号,句点,*,*,*,*,。,。,。
あなた	名詞,代名詞,一般,*,*,*,あなた,アナタ,アナタ
の	助詞,連体化,*,*,*,*,の,ノ,ノ
弦楽器	名詞,一般,*,*,*,*,弦楽器,ゲンガッキ,ゲンガッキ
の	助詞,連体化,*,*,*,*,の,ノ,ノ
音色	名詞,一般,*,*,*,*,音色,ネイロ,ネイロ
を	助詞,格助詞,一般,*,*,*,を,ヲ,ヲ
わたし	名詞,代名詞,一般,*,*,*,わたし,ワタシ,ワタシ
に	助詞,格助詞,一般,*,*,*,に,ニ,ニ
聞こえ	動詞,自立,*,*,一段,未然形,聞こえる,キコエ,キコエ
ない	助動詞,*,*,*,特殊・ナイ,基本形,ない,ナイ,ナイ
よう	名詞,非自立,助動詞語幹,*,*,*,よう,ヨウ,ヨー
に	助詞,格助詞,一般,*,*,*,に,ニ,ニ
せよ	動詞,自立,*,*,サ変・スル,命令ｙｏ,する,セヨ,セヨ
。	記号,句点,*,*,*,*,。,。,。
そして	接続詞,*,*,*,*,*,そして,ソシテ,ソシテ
，	記号,読点,*,*,*,*,，,，,，
公正	名詞,形容動詞語幹,*,*,*,*,公正,コウセイ,コーセイ
を	助詞,格助詞,一般,*,*,*,を,ヲ,ヲ
水	名詞,一般,*,*,*,*,水,ミズ,ミズ
の	助詞,連体化,*,*,*,*,の,ノ,ノ
よう	名詞,非自立,助動詞語幹,*,*,*,よう,ヨウ,ヨー
に	助詞,副詞化,*,*,*,*,に,ニ,ニ
，	記号,読点,*,*,*,*,，,，,，
義	名詞,一般,*,*,*,*,義,ギ,ギ
を	助詞,格助詞,一般,*,*,*,を,ヲ,ヲ
絶えず	副詞,一般,*,*,*,*,絶えず,タエズ,タエズ
流れ	動詞,自立,*,*,一段,連用形,流れる,ナガレ,ナガレ
行く	動詞,非自立,*,*,五段・カ行促音便ユク,基本形,行く,ユク,ユク
奔流	名詞,一般,*,*,*,*,奔流,ホンリュウ,ホンリュー
の	助詞,連体化,*,*,*,*,の,ノ,ノ
よう	名詞,非自立,助動詞語幹,*,*,*,よう,ヨウ,ヨー
に	助詞,副詞化,*,*,*,*,に,ニ,ニ
わき	動詞,自立,*,*,五段・カ行イ音便,連用形,わく,ワキ,ワキ
出さ	動詞,自立,*,*,五段・サ行,未然形,出す,ダサ,ダサ
せ	動詞,接尾,*,*,一段,連用形,せる,セ,セ
よ	助詞,終助詞,*,*,*,*,よ,ヨ,ヨ
。	記号,句点,*,*,*,*,。,。,。
イスラエル	名詞,固有名詞,地域,国,*,*,イスラエル,イスラエル,イスラエル
の	助詞,連体化,*,*,*,*,の,ノ,ノ
家	名詞,一般,*,*,*,*,家,イエ,イエ
よ	助詞,終助詞,*,*,*,*,よ,ヨ,ヨ
，	記号,読点,*,*,*,*,，,，,，
あなた	名詞,代名詞,一般,*,*,*,あなた,アナタ,アナタ
方	名詞,接尾,一般,*,*,*,方,カタ,カタ
が	助詞,格助詞,一般,*,*,*,が,ガ,ガ
荒野	名詞,一般,*,*,*,*,荒野,アラノ,アラノ
で	助詞,格助詞,一般,*,*,*,で,デ,デ
四	名詞,数,*,*,*,*,四,ヨン,ヨン
十	名詞,数,*,*,*,*,十,ジュウ,ジュー
年	名詞,接尾,助数詞,*,*,*,年,ネン,ネン
の	助詞,連体化,*,*,*,*,の,ノ,ノ
間	名詞,一般,*,*,*,*,間,マ,マ
わたし	名詞,代名詞,一般,*,*,*,わたし,ワタシ,ワタシ
の	助詞,連体化,*,*,*,*,の,ノ,ノ
近く	名詞,副詞可能,*,*,*,*,近く,チカク,チカク
に	助詞,格助詞,一般,*,*,*,に,ニ,ニ
携え	動詞,自立,*,*,一段,連用形,携える,タズサエ,タズサエ
て	助詞,接続助詞,*,*,*,*,て,テ,テ
来	動詞,非自立,*,*,カ変・来ル,連用形,来る,キ,キ
た	助動詞,*,*,*,特殊・タ,基本形,た,タ,タ
の	名詞,非自立,一般,*,*,*,の,ノ,ノ
は	助詞,係助詞,*,*,*,*,は,ハ,ワ
犠牲	名詞,一般,*,*,*,*,犠牲,ギセイ,ギセイ
と	助詞,並立助詞,*,*,*,*,と,ト,ト
供え物	名詞,一般,*,*,*,*,供え物,ソナエモノ,ソナエモノ
で	助動詞,*,*,*,特殊・ダ,連用形,だ,デ,デ
あっ	助動詞,*,*,*,五段・ラ行アル,連用タ接続,ある,アッ,アッ
た	助動詞,*,*,*,特殊・タ,基本形,た,タ,タ
の	名詞,非自立,一般,*,*,*,の,ノ,ノ
か	助詞,副助詞／並立助詞／終助詞,*,*,*,*,か,カ,カ
。	記号,句点,*,*,*,*,。,。,。
だが	接続詞,*,*,*,*,*,だが,ダガ,ダガ
，	記号,読点,*,*,*,*,，,，,，
あなた	名詞,代名詞,一般,*,*,*,あなた,アナタ,アナタ
方	名詞,接尾,一般,*,*,*,方,カタ,カタ
は	助詞,係助詞,*,*,*,*,は,ハ,ワ
必ず	副詞,助詞類接続,*,*,*,*,必ず,カナラズ,カナラズ
，	記号,読点,*,*,*,*,，,，,，
あなた	名詞,代名詞,一般,*,*,*,あなた,アナタ,アナタ
方	名詞,接尾,一般,*,*,*,方,カタ,カタ
の	助詞,連体化,*,*,*,*,の,ノ,ノ
王	名詞,一般,*,*,*,*,王,オウ,オー
サクト	名詞,一般,*,*,*,*,*
と	助詞,並立助詞,*,*,*,*,と,ト,ト
，	記号,読点,*,*,*,*,，,，,，
カイ	名詞,一般,*,*,*,*,カイ,カイ,カイ
ワン	名詞,一般,*,*,*,*,ワン,ワン,ワン
，	記号,読点,*,*,*,*,，,，,，
すなわち	接続詞,*,*,*,*,*,すなわち,スナワチ,スナワチ
自分	名詞,一般,*,*,*,*,自分,ジブン,ジブン
たち	名詞,接尾,一般,*,*,*,たち,タチ,タチ
の	助詞,連体化,*,*,*,*,の,ノ,ノ
ため	名詞,非自立,副詞可能,*,*,*,ため,タメ,タメ
に	助詞,格助詞,一般,*,*,*,に,ニ,ニ
こしらえ	動詞,自立,*,*,一段,連用形,こしらえる,コシラエ,コシラエ
た	助動詞,*,*,*,特殊・タ,基本形,た,タ,タ
あなた	名詞,代名詞,一般,*,*,*,あなた,アナタ,アナタ
方	名詞,接尾,一般,*,*,*,方,カタ,カタ
の	助詞,連体化,*,*,*,*,の,ノ,ノ
像	名詞,一般,*,*,*,*,像,ゾウ,ゾー
，	記号,読点,*,*,*,*,，,，,，
あなた	名詞,代名詞,一般,*,*,*,あなた,アナタ,アナタ
方	名詞,接尾,一般,*,*,*,方,カタ,カタ
の	助詞,連体化,*,*,*,*,の,ノ,ノ
神	名詞,一般,*,*,*,*,神,カミ,カミ
たる	助動詞,*,*,*,文語・ナリ,体言接続,たり,タル,タル
星	名詞,一般,*,*,*,*,星,ホシ,ホシ
を	助詞,格助詞,一般,*,*,*,を,ヲ,ヲ
担ぎ	動詞,自立,*,*,五段・ガ行,連用形,担ぐ,カツギ,カツギ
まわる	動詞,非自立,*,*,五段・ラ行,基本形,まわる,マワル,マワル
で	助動詞,*,*,*,特殊・ダ,連用形,だ,デ,デ
あろ	助動詞,*,*,*,五段・ラ行アル,未然ウ接続,ある,アロ,アロ
う	助動詞,*,*,*,不変化型,基本形,う,ウ,ウ
。	記号,句点,*,*,*,*,。,。,。
ゆえに	接続詞,*,*,*,*,*,ゆえに,ユエニ,ユエニ
わたし	名詞,代名詞,一般,*,*,*,わたし,ワタシ,ワタシ
は	助詞,係助詞,*,*,*,*,は,ハ,ワ
あなた	名詞,代名詞,一般,*,*,*,あなた,アナタ,アナタ
方	名詞,接尾,一般,*,*,*,方,カタ,カタ
を	助詞,格助詞,一般,*,*,*,を,ヲ,ヲ
ダマスカス	名詞,固有名詞,地域,一般,*,*,ダマスカス,ダマスカス,ダマスカス
の	助詞,連体化,*,*,*,*,の,ノ,ノ
かなた	名詞,代名詞,一般,*,*,*,かなた,カナタ,カナタ
に	助詞,格助詞,一般,*,*,*,に,ニ,ニ
流刑	名詞,一般,*,*,*,*,流刑,ルケイ,ルケイ
に	助詞,格助詞,一般,*,*,*,に,ニ,ニ
する	動詞,自立,*,*,サ変・スル,基本形,する,スル,スル
』	記号,括弧閉,*,*,*,*,』,』,』
。	記号,句点,*,*,*,*,。,。,。
万	名詞,数,*,*,*,*,万,マン,マン
軍	名詞,接尾,一般,*,*,*,軍,グン,グン
の	助詞,連体化,*,*,*,*,の,ノ,ノ
神	名詞,一般,*,*,*,*,神,カミ,カミ
エホバ	名詞,一般,*,*,*,*,エホバ,エホバ,エホバ
という	助詞,格助詞,連語,*,*,*,という,トイウ,トユウ
名	名詞,一般,*,*,*,*,名,ナ,ナ
を	助詞,格助詞,一般,*,*,*,を,ヲ,ヲ
持た	動詞,自立,*,*,五段・タ行,未然形,持つ,モタ,モタ
れる	動詞,接尾,*,*,一段,基本形,れる,レル,レル
方	名詞,非自立,一般,*,*,*,方,ホウ,ホー
が	助詞,格助詞,一般,*,*,*,が,ガ,ガ
こう	副詞,助詞類接続,*,*,*,*,こう,コウ,コー
言わ	動詞,自立,*,*,五段・ワ行促音便,未然形,言う,イワ,イワ
れ	動詞,接尾,*,*,一段,連用形,れる,レ,レ
た	助動詞,*,*,*,特殊・タ,基本形,た,タ,タ
」	記号,括弧閉,*,*,*,*,」,」,」
。	記号,句点,*,*,*,*,。,。,。
EOS
