それから	接続詞,*,*,*,*,*,それから,ソレカラ,ソレカラ
エホバ	名詞,一般,*,*,*,*,エホバ,エホバ,エホバ
は	助詞,係助詞,*,*,*,*,は,ハ,ワ
モー	名詞,固有名詞,人名,姓,*,*,モー,モー,モー
セ	名詞,一般,*,*,*,*,セ,セ,セ
に	助詞,格助詞,一般,*,*,*,に,ニ,ニ
話し	動詞,自立,*,*,五段・サ行,連用形,話す,ハナシ,ハナシ
て	助詞,接続助詞,*,*,*,*,て,テ,テ
こう	副詞,助詞類接続,*,*,*,*,こう,コウ,コー
言わ	動詞,自立,*,*,五段・ワ行促音便,未然形,言う,イワ,イワ
れ	動詞,接尾,*,*,一段,連用形,れる,レ,レ
た	助動詞,*,*,*,特殊・タ,基本形,た,タ,タ
。	記号,句点,*,*,*,*,。,。,。
「	記号,括弧開,*,*,*,*,「,「,「
アロン	名詞,一般,*,*,*,*,アロン,アロン,アロン
および	接続詞,*,*,*,*,*,および,オヨビ,オヨビ
それ	名詞,代名詞,一般,*,*,*,それ,ソレ,ソレ
と	助詞,格助詞,一般,*,*,*,と,ト,ト
共	名詞,一般,*,*,*,*,共,トモ,トモ
なる	動詞,自立,*,*,五段・ラ行,基本形,なる,ナル,ナル
その	連体詞,*,*,*,*,*,その,ソノ,ソノ
子	名詞,一般,*,*,*,*,子,コ,コ
ら	名詞,接尾,一般,*,*,*,ら,ラ,ラ
を	助詞,格助詞,一般,*,*,*,を,ヲ,ヲ
連れ	動詞,自立,*,*,一段,連用形,連れる,ツレ,ツレ
て	助詞,接続助詞,*,*,*,*,て,テ,テ
来	動詞,非自立,*,*,カ変・来ル,連用形,来る,キ,キ
なさい	動詞,非自立,*,*,五段・ラ行特殊,命令ｉ,なさる,ナサイ,ナサイ
。	記号,句点,*,*,*,*,。,。,。
また	接続詞,*,*,*,*,*,また,マタ,マタ
，	記号,読点,*,*,*,*,，,，,，
衣	名詞,固有名詞,人名,姓,*,*,衣,コロモ,コロモ
，	記号,読点,*,*,*,*,，,，,，
そそぎ	動詞,自立,*,*,五段・ガ行,連用形,そそぐ,ソソギ,ソソギ
油	名詞,一般,*,*,*,*,油,アブラ,アブラ
，	記号,読点,*,*,*,*,，,，,，
罪	名詞,一般,*,*,*,*,罪,ツミ,ツミ
の	助詞,連体化,*,*,*,*,の,ノ,ノ
捧げ	動詞,自立,*,*,一段,連用形,捧げる,ササゲ,ササゲ
物	名詞,接尾,一般,*,*,*,物,ブツ,ブツ
の	助詞,連体化,*,*,*,*,の,ノ,ノ
雄	接頭詞,名詞接続,*,*,*,*,雄,オ,オ
牛	名詞,一般,*,*,*,*,牛,ウシ,ウシ
，	名詞,数,*,*,*,*,，,，,，
二	名詞,数,*,*,*,*,二,ニ,ニ
頭	名詞,接尾,助数詞,*,*,*,頭,トウ,トー
の	助詞,連体化,*,*,*,*,の,ノ,ノ
雄	接頭詞,名詞接続,*,*,*,*,雄,オ,オ
羊	名詞,一般,*,*,*,*,羊,ヒツジ,ヒツジ
，	記号,読点,*,*,*,*,，,，,，
無	接頭詞,名詞接続,*,*,*,*,無,ム,ム
酵母	名詞,一般,*,*,*,*,酵母,コウボ,コーボ
パン	名詞,一般,*,*,*,*,パン,パン,パン
の	助詞,連体化,*,*,*,*,の,ノ,ノ
かご	名詞,一般,*,*,*,*,かご,カゴ,カゴ
を	助詞,格助詞,一般,*,*,*,を,ヲ,ヲ
[	名詞,サ変接続,*,*,*,*,*
取り	名詞,接尾,一般,*,*,*,取り,トリ,トリ
]	名詞,サ変接続,*,*,*,*,*
なさい	動詞,非自立,*,*,五段・ラ行特殊,命令ｉ,なさる,ナサイ,ナサイ
。	記号,句点,*,*,*,*,。,。,。
そして	接続詞,*,*,*,*,*,そして,ソシテ,ソシテ
集会	名詞,サ変接続,*,*,*,*,集会,シュウカイ,シューカイ
の	助詞,連体化,*,*,*,*,の,ノ,ノ
全員	名詞,一般,*,*,*,*,全員,ゼンイン,ゼンイン
を	助詞,格助詞,一般,*,*,*,を,ヲ,ヲ
会見	名詞,サ変接続,*,*,*,*,会見,カイケン,カイケン
の	助詞,連体化,*,*,*,*,の,ノ,ノ
天幕	名詞,一般,*,*,*,*,天幕,テンマク,テンマク
の	助詞,連体化,*,*,*,*,の,ノ,ノ
入口	名詞,一般,*,*,*,*,入口,イリグチ,イリグチ
に	助詞,格助詞,一般,*,*,*,に,ニ,ニ
集合	名詞,サ変接続,*,*,*,*,集合,シュウゴウ,シューゴー
さ	動詞,自立,*,*,サ変・スル,未然レル接続,する,サ,サ
せる	動詞,接尾,*,*,一段,基本形,せる,セル,セル
よう	名詞,非自立,助動詞語幹,*,*,*,よう,ヨウ,ヨー
に	助詞,副詞化,*,*,*,*,に,ニ,ニ
」	記号,括弧閉,*,*,*,*,」,」,」
。	記号,句点,*,*,*,*,。,。,。
それで	接続詞,*,*,*,*,*,それで,ソレデ,ソレデ
モー	名詞,固有名詞,人名,姓,*,*,モー,モー,モー
セ	名詞,一般,*,*,*,*,セ,セ,セ
は	助詞,係助詞,*,*,*,*,は,ハ,ワ
エホバ	名詞,一般,*,*,*,*,エホバ,エホバ,エホバ
が	助詞,格助詞,一般,*,*,*,が,ガ,ガ
命じ	動詞,自立,*,*,一段,連用形,命じる,メイジ,メイジ
た	助動詞,*,*,*,特殊・タ,基本形,た,タ,タ
とおり	名詞,非自立,副詞可能,*,*,*,とおり,トオリ,トーリ
に	助詞,格助詞,一般,*,*,*,に,ニ,ニ
行ない	動詞,自立,*,*,五段・ワ行促音便,連用形,行なう,オコナイ,オコナイ
，	記号,読点,*,*,*,*,，,，,，
集会	名詞,サ変接続,*,*,*,*,集会,シュウカイ,シューカイ
の	助詞,連体化,*,*,*,*,の,ノ,ノ
人々	名詞,一般,*,*,*,*,人々,ヒトビト,ヒトビト
は	助詞,係助詞,*,*,*,*,は,ハ,ワ
会見	名詞,サ変接続,*,*,*,*,会見,カイケン,カイケン
の	助詞,連体化,*,*,*,*,の,ノ,ノ
天幕	名詞,一般,*,*,*,*,天幕,テンマク,テンマク
の	助詞,連体化,*,*,*,*,の,ノ,ノ
入口	名詞,一般,*,*,*,*,入口,イリグチ,イリグチ
に	助詞,格助詞,一般,*,*,*,に,ニ,ニ
集合	名詞,サ変接続,*,*,*,*,集合,シュウゴウ,シューゴー
し	動詞,自立,*,*,サ変・スル,連用形,する,シ,シ
た	助動詞,*,*,*,特殊・タ,基本形,た,タ,タ
。	記号,句点,*,*,*,*,。,。,。
そこで	接続詞,*,*,*,*,*,そこで,ソコデ,ソコデ
モー	名詞,固有名詞,人名,姓,*,*,モー,モー,モー
セ	名詞,一般,*,*,*,*,セ,セ,セ
は	助詞,係助詞,*,*,*,*,は,ハ,ワ
その	連体詞,*,*,*,*,*,その,ソノ,ソノ
集会	名詞,サ変接続,*,*,*,*,集会,シュウカイ,シューカイ
の	助詞,連体化,*,*,*,*,の,ノ,ノ
人々	名詞,一般,*,*,*,*,人々,ヒトビト,ヒトビト
に	助詞,格助詞,一般,*,*,*,に,ニ,ニ
言っ	動詞,自立,*,*,五段・ワ行促音便,連用タ接続,言う,イッ,イッ
た	助動詞,*,*,*,特殊・タ,基本形,た,タ,タ
，	記号,読点,*,*,*,*,，,，,，
「	記号,括弧開,*,*,*,*,「,「,「
これ	名詞,代名詞,一般,*,*,*,これ,コレ,コレ
は	助詞,係助詞,*,*,*,*,は,ハ,ワ
，	記号,読点,*,*,*,*,，,，,，
行なう	動詞,自立,*,*,五段・ワ行促音便,基本形,行なう,オコナウ,オコナウ
よう	名詞,非自立,助動詞語幹,*,*,*,よう,ヨウ,ヨー
に	助詞,副詞化,*,*,*,*,に,ニ,ニ
と	助詞,格助詞,引用,*,*,*,と,ト,ト
エホバ	名詞,一般,*,*,*,*,エホバ,エホバ,エホバ
が	助詞,格助詞,一般,*,*,*,が,ガ,ガ
お	接頭詞,名詞接続,*,*,*,*,お,オ,オ
命じ	動詞,自立,*,*,一段,連用形,命じる,メイジ,メイジ
に	助詞,格助詞,一般,*,*,*,に,ニ,ニ
なっ	動詞,自立,*,*,五段・ラ行,連用タ接続,なる,ナッ,ナッ
た	助動詞,*,*,*,特殊・タ,基本形,た,タ,タ
事柄	名詞,一般,*,*,*,*,事柄,コトガラ,コトガラ
です	助動詞,*,*,*,特殊・デス,基本形,です,デス,デス
」	記号,括弧閉,*,*,*,*,」,」,」
。	記号,句点,*,*,*,*,。,。,。
そして	接続詞,*,*,*,*,*,そして,ソシテ,ソシテ
モー	名詞,固有名詞,人名,姓,*,*,モー,モー,モー
セ	名詞,一般,*,*,*,*,セ,セ,セ
は	助詞,係助詞,*,*,*,*,は,ハ,ワ
アロン	名詞,一般,*,*,*,*,アロン,アロン,アロン
と	助詞,格助詞,一般,*,*,*,と,ト,ト
その	連体詞,*,*,*,*,*,その,ソノ,ソノ
子	名詞,一般,*,*,*,*,子,コ,コ
ら	名詞,接尾,一般,*,*,*,ら,ラ,ラ
を	助詞,格助詞,一般,*,*,*,を,ヲ,ヲ
近く	名詞,副詞可能,*,*,*,*,近く,チカク,チカク
に	助詞,格助詞,一般,*,*,*,に,ニ,ニ
来さ	動詞,自立,*,*,五段・サ行,未然形,来す,キタサ,キタサ
せ	動詞,接尾,*,*,一段,連用形,せる,セ,セ
て	助詞,接続助詞,*,*,*,*,て,テ,テ
，	記号,読点,*,*,*,*,，,，,，
彼ら	名詞,代名詞,一般,*,*,*,彼ら,カレラ,カレラ
の	助詞,連体化,*,*,*,*,の,ノ,ノ
身	名詞,一般,*,*,*,*,身,ミ,ミ
を	助詞,格助詞,一般,*,*,*,を,ヲ,ヲ
水	名詞,一般,*,*,*,*,水,ミズ,ミズ
で	助詞,格助詞,一般,*,*,*,で,デ,デ
洗っ	動詞,自立,*,*,五段・ワ行促音便,連用タ接続,洗う,アラッ,アラッ
た	助動詞,*,*,*,特殊・タ,基本形,た,タ,タ
。	記号,句点,*,*,*,*,。,。,。
その後	名詞,副詞可能,*,*,*,*,その後,ソノゴ,ソノゴ
，	記号,読点,*,*,*,*,，,，,，
彼	名詞,代名詞,一般,*,*,*,彼,カレ,カレ
に	助詞,格助詞,一般,*,*,*,に,ニ,ニ
長い	形容詞,自立,*,*,形容詞・アウオ段,基本形,長い,ナガイ,ナガイ
衣	名詞,一般,*,*,*,*,衣,コロモ,コロモ
を	助詞,格助詞,一般,*,*,*,を,ヲ,ヲ
着せ	動詞,自立,*,*,一段,連用形,着せる,キセ,キセ
，	記号,読点,*,*,*,*,，,，,，
飾り	名詞,一般,*,*,*,*,飾り,カザリ,カザリ
帯	名詞,接尾,一般,*,*,*,帯,タイ,タイ
を	助詞,格助詞,一般,*,*,*,を,ヲ,ヲ
締め	動詞,自立,*,*,一段,未然形,締める,シメ,シメ
させ	動詞,接尾,*,*,一段,連用形,させる,サセ,サセ
，	記号,読点,*,*,*,*,，,，,，
そで	名詞,一般,*,*,*,*,そで,ソデ,ソデ
なし	形容詞,自立,*,*,形容詞・アウオ段,文語基本形,ない,ナシ,ナシ
の	助詞,連体化,*,*,*,*,の,ノ,ノ
上着	名詞,一般,*,*,*,*,上着,ウワギ,ウワギ
を	助詞,格助詞,一般,*,*,*,を,ヲ,ヲ
まとわ	動詞,自立,*,*,五段・ワ行促音便,未然形,まとう,マトワ,マトワ
せ	動詞,接尾,*,*,一段,連用形,せる,セ,セ
，	記号,読点,*,*,*,*,，,，,，
エフォド	名詞,一般,*,*,*,*,*
を	助詞,格助詞,一般,*,*,*,を,ヲ,ヲ
着せ	動詞,自立,*,*,一段,連用形,着せる,キセ,キセ
，	記号,読点,*,*,*,*,，,，,，
エフォド	名詞,一般,*,*,*,*,*
の	助詞,連体化,*,*,*,*,の,ノ,ノ
腰帯	名詞,一般,*,*,*,*,腰帯,コシオビ,コシオビ
を	助詞,格助詞,一般,*,*,*,を,ヲ,ヲ
締め	動詞,自立,*,*,一段,未然形,締める,シメ,シメ
させ	動詞,接尾,*,*,一段,連用形,させる,サセ,サセ
，	記号,読点,*,*,*,*,，,，,，
それ	名詞,代名詞,一般,*,*,*,それ,ソレ,ソレ
をもって	助詞,格助詞,連語,*,*,*,をもって,ヲモッテ,ヲモッテ
[	名詞,サ変接続,*,*,*,*,*
エフォド	名詞,一般,*,*,*,*,*
]	名詞,サ変接続,*,*,*,*,*
を	助詞,格助詞,一般,*,*,*,を,ヲ,ヲ
その	連体詞,*,*,*,*,*,その,ソノ,ソノ
身	名詞,一般,*,*,*,*,身,ミ,ミ
に	助詞,格助詞,一般,*,*,*,に,ニ,ニ
しっかり	副詞,助詞類接続,*,*,*,*,しっかり,シッカリ,シッカリ
と	助詞,副詞化,*,*,*,*,と,ト,ト
結ん	動詞,自立,*,*,五段・バ行,連用タ接続,結ぶ,ムスン,ムスン
だ	助動詞,*,*,*,特殊・タ,基本形,だ,ダ,ダ
。	記号,句点,*,*,*,*,。,。,。
次に	接続詞,*,*,*,*,*,次に,ツギニ,ツギニ
，	記号,読点,*,*,*,*,，,，,，
胸	名詞,一般,*,*,*,*,胸,ムネ,ムネ
掛け	名詞,接尾,一般,*,*,*,掛け,カケ,カケ
を	助詞,格助詞,一般,*,*,*,を,ヲ,ヲ
着け	動詞,自立,*,*,一段,未然形,着ける,ツケ,ツケ
させ	動詞,接尾,*,*,一段,連用形,させる,サセ,サセ
，	記号,読点,*,*,*,*,，,，,，
胸	名詞,一般,*,*,*,*,胸,ムネ,ムネ
掛け	名詞,接尾,一般,*,*,*,掛け,カケ,カケ
の	助詞,連体化,*,*,*,*,の,ノ,ノ
中	名詞,非自立,副詞可能,*,*,*,中,ナカ,ナカ
に	助詞,格助詞,一般,*,*,*,に,ニ,ニ
ウリム	名詞,一般,*,*,*,*,*
と	助詞,並立助詞,*,*,*,*,と,ト,ト
トンミム	名詞,一般,*,*,*,*,*
を	助詞,格助詞,一般,*,*,*,を,ヲ,ヲ
入れ	動詞,自立,*,*,一段,連用形,入れる,イレ,イレ
た	助動詞,*,*,*,特殊・タ,基本形,た,タ,タ
。	記号,句点,*,*,*,*,。,。,。
次いで	接続詞,*,*,*,*,*,次いで,ツイデ,ツイデ
，	記号,読点,*,*,*,*,，,，,，
その	連体詞,*,*,*,*,*,その,ソノ,ソノ
頭	名詞,一般,*,*,*,*,頭,アタマ,アタマ
に	助詞,格助詞,一般,*,*,*,に,ニ,ニ
ターバン	名詞,一般,*,*,*,*,ターバン,ターバン,ターバン
を	助詞,格助詞,一般,*,*,*,を,ヲ,ヲ
置き	動詞,自立,*,*,五段・カ行イ音便,連用形,置く,オキ,オキ
，	記号,読点,*,*,*,*,，,，,，
ターバン	名詞,一般,*,*,*,*,ターバン,ターバン,ターバン
の	助詞,連体化,*,*,*,*,の,ノ,ノ
上	名詞,非自立,副詞可能,*,*,*,上,ウエ,ウエ
，	記号,読点,*,*,*,*,，,，,，
その	連体詞,*,*,*,*,*,その,ソノ,ソノ
前面	名詞,一般,*,*,*,*,前面,ゼンメン,ゼンメン
に	助詞,格助詞,一般,*,*,*,に,ニ,ニ
，	記号,読点,*,*,*,*,，,，,，
献納	名詞,サ変接続,*,*,*,*,献納,ケンノウ,ケンノー
の	助詞,連体化,*,*,*,*,の,ノ,ノ
聖なる	連体詞,*,*,*,*,*,聖なる,セイナル,セイナル
しるし	名詞,一般,*,*,*,*,しるし,シルシ,シルシ
で	助動詞,*,*,*,特殊・ダ,連用形,だ,デ,デ
ある	助動詞,*,*,*,五段・ラ行アル,基本形,ある,アル,アル
輝く	動詞,自立,*,*,五段・カ行イ音便,基本形,輝く,カガヤク,カガヤク
金	名詞,一般,*,*,*,*,金,キン,キン
の	助詞,連体化,*,*,*,*,の,ノ,ノ
平板	名詞,一般,*,*,*,*,平板,ヘイバン,ヘイバン
を	助詞,格助詞,一般,*,*,*,を,ヲ,ヲ
置い	動詞,自立,*,*,五段・カ行イ音便,連用タ接続,置く,オイ,オイ
て	助詞,接続助詞,*,*,*,*,て,テ,テ
，	記号,読点,*,*,*,*,，,，,，
エホバ	名詞,一般,*,*,*,*,エホバ,エホバ,エホバ
が	助詞,格助詞,一般,*,*,*,が,ガ,ガ
モー	名詞,固有名詞,人名,姓,*,*,モー,モー,モー
セ	名詞,一般,*,*,*,*,セ,セ,セ
に	助詞,格助詞,一般,*,*,*,に,ニ,ニ
命じ	動詞,自立,*,*,一段,連用形,命じる,メイジ,メイジ
た	助動詞,*,*,*,特殊・タ,基本形,た,タ,タ
とおり	名詞,非自立,副詞可能,*,*,*,とおり,トオリ,トーリ
に	助詞,格助詞,一般,*,*,*,に,ニ,ニ
し	動詞,自立,*,*,サ変・スル,連用形,する,シ,シ
た	助動詞,*,*,*,特殊・タ,基本形,た,タ,タ
。	記号,句点,*,*,*,*,。,。,。
モー	名詞,固有名詞,人名,姓,*,*,モー,モー,モー
セ	名詞,一般,*,*,*,*,セ,セ,セ
は	助詞,係助詞,*,*,*,*,は,ハ,ワ
次に	副詞,一般,*,*,*,*,次に,ツギニ,ツギニ
そそぎ	動詞,自立,*,*,五段・ガ行,連用形,そそぐ,ソソギ,ソソギ
油	名詞,一般,*,*,*,*,油,アブラ,アブラ
を	助詞,格助詞,一般,*,*,*,を,ヲ,ヲ
取り	動詞,自立,*,*,五段・ラ行,連用形,取る,トリ,トリ
，	記号,読点,*,*,*,*,，,，,，
幕屋	名詞,一般,*,*,*,*,幕屋,マクヤ,マクヤ
と	助詞,格助詞,一般,*,*,*,と,ト,ト
その	連体詞,*,*,*,*,*,その,ソノ,ソノ
中	名詞,非自立,副詞可能,*,*,*,中,ナカ,ナカ
の	助詞,連体化,*,*,*,*,の,ノ,ノ
すべて	名詞,副詞可能,*,*,*,*,すべて,スベテ,スベテ
の	助詞,連体化,*,*,*,*,の,ノ,ノ
物	名詞,非自立,一般,*,*,*,物,モノ,モノ
に	助詞,格助詞,一般,*,*,*,に,ニ,ニ
油	名詞,一般,*,*,*,*,油,アブラ,アブラ
そそぎ	動詞,自立,*,*,五段・ガ行,連用形,そそぐ,ソソギ,ソソギ
を	助詞,格助詞,一般,*,*,*,を,ヲ,ヲ
行なっ	動詞,自立,*,*,五段・ワ行促音便,連用タ接続,行なう,オコナッ,オコナッ
て	助詞,接続助詞,*,*,*,*,て,テ,テ
それら	名詞,代名詞,一般,*,*,*,それら,ソレラ,ソレラ
を	助詞,格助詞,一般,*,*,*,を,ヲ,ヲ
神聖	名詞,形容動詞語幹,*,*,*,*,神聖,シンセイ,シンセイ
な	助動詞,*,*,*,特殊・ダ,体言接続,だ,ナ,ナ
もの	名詞,非自立,一般,*,*,*,もの,モノ,モノ
と	助詞,格助詞,一般,*,*,*,と,ト,ト
し	動詞,自立,*,*,サ変・スル,連用形,する,シ,シ
た	助動詞,*,*,*,特殊・タ,基本形,た,タ,タ
。	記号,句点,*,*,*,*,。,。,。
その後	名詞,副詞可能,*,*,*,*,その後,ソノゴ,ソノゴ
，	記号,読点,*,*,*,*,，,，,，
その	連体詞,*,*,*,*,*,その,ソノ,ソノ
幾ら	名詞,一般,*,*,*,*,幾ら,イクラ,イクラ
か	助詞,副助詞／並立助詞／終助詞,*,*,*,*,か,カ,カ
を	助詞,格助詞,一般,*,*,*,を,ヲ,ヲ
祭壇	名詞,一般,*,*,*,*,祭壇,サイダン,サイダン
の	助詞,連体化,*,*,*,*,の,ノ,ノ
上	名詞,非自立,副詞可能,*,*,*,上,ウエ,ウエ
に	助詞,格助詞,一般,*,*,*,に,ニ,ニ
七	名詞,数,*,*,*,*,七,ナナ,ナナ
回	名詞,接尾,助数詞,*,*,*,回,カイ,カイ
はね	動詞,自立,*,*,一段,連用形,はねる,ハネ,ハネ
掛け	動詞,自立,*,*,一段,連用形,掛ける,カケ,カケ
，	記号,読点,*,*,*,*,，,，,，
祭壇	名詞,一般,*,*,*,*,祭壇,サイダン,サイダン
と	助詞,格助詞,一般,*,*,*,と,ト,ト
その	連体詞,*,*,*,*,*,その,ソノ,ソノ
すべて	名詞,副詞可能,*,*,*,*,すべて,スベテ,スベテ
の	助詞,連体化,*,*,*,*,の,ノ,ノ
器具	名詞,一般,*,*,*,*,器具,キグ,キグ
，	記号,読点,*,*,*,*,，,，,，
また	接続詞,*,*,*,*,*,また,マタ,マタ
水盤	名詞,一般,*,*,*,*,水盤,スイバン,スイバン
と	助詞,格助詞,一般,*,*,*,と,ト,ト
その	連体詞,*,*,*,*,*,その,ソノ,ソノ
台	名詞,一般,*,*,*,*,台,ダイ,ダイ
に	助詞,格助詞,一般,*,*,*,に,ニ,ニ
油	名詞,一般,*,*,*,*,油,アブラ,アブラ
そそぎ	動詞,自立,*,*,五段・ガ行,連用形,そそぐ,ソソギ,ソソギ
を	助詞,格助詞,一般,*,*,*,を,ヲ,ヲ
行ない	動詞,自立,*,*,五段・ワ行促音便,連用形,行なう,オコナイ,オコナイ
，	記号,読点,*,*,*,*,，,，,，
こうして	接続詞,*,*,*,*,*,こうして,コウシテ,コーシテ
それら	名詞,代名詞,一般,*,*,*,それら,ソレラ,ソレラ
を	助詞,格助詞,一般,*,*,*,を,ヲ,ヲ
神聖	名詞,形容動詞語幹,*,*,*,*,神聖,シンセイ,シンセイ
な	助動詞,*,*,*,特殊・ダ,体言接続,だ,ナ,ナ
もの	名詞,非自立,一般,*,*,*,もの,モノ,モノ
と	助詞,格助詞,一般,*,*,*,と,ト,ト
し	動詞,自立,*,*,サ変・スル,連用形,する,シ,シ
た	助動詞,*,*,*,特殊・タ,基本形,た,タ,タ
。	記号,句点,*,*,*,*,。,。,。
最後	名詞,一般,*,*,*,*,最後,サイゴ,サイゴ
に	助詞,格助詞,一般,*,*,*,に,ニ,ニ
，	記号,読点,*,*,*,*,，,，,，
そそぎ	動詞,自立,*,*,五段・ガ行,連用形,そそぐ,ソソギ,ソソギ
油	名詞,一般,*,*,*,*,油,アブラ,アブラ
の	助詞,連体化,*,*,*,*,の,ノ,ノ
幾ら	名詞,一般,*,*,*,*,幾ら,イクラ,イクラ
か	助詞,副助詞／並立助詞／終助詞,*,*,*,*,か,カ,カ
を	助詞,格助詞,一般,*,*,*,を,ヲ,ヲ
アロン	名詞,一般,*,*,*,*,アロン,アロン,アロン
の	助詞,連体化,*,*,*,*,の,ノ,ノ
頭	名詞,一般,*,*,*,*,頭,アタマ,アタマ
に	助詞,格助詞,一般,*,*,*,に,ニ,ニ
注い	動詞,自立,*,*,五段・ガ行,連用タ接続,注ぐ,ソソイ,ソソイ
で	助詞,接続助詞,*,*,*,*,で,デ,デ
これ	名詞,代名詞,一般,*,*,*,これ,コレ,コレ
に	助詞,格助詞,一般,*,*,*,に,ニ,ニ
油	名詞,一般,*,*,*,*,油,アブラ,アブラ
そそぎ	動詞,自立,*,*,五段・ガ行,連用形,そそぐ,ソソギ,ソソギ
を	助詞,格助詞,一般,*,*,*,を,ヲ,ヲ
行ない	動詞,自立,*,*,五段・ワ行促音便,連用形,行なう,オコナイ,オコナイ
，	記号,読点,*,*,*,*,，,，,，
こうして	接続詞,*,*,*,*,*,こうして,コウシテ,コーシテ
彼	名詞,代名詞,一般,*,*,*,彼,カレ,カレ
を	助詞,格助詞,一般,*,*,*,を,ヲ,ヲ
神聖	名詞,形容動詞語幹,*,*,*,*,神聖,シンセイ,シンセイ
な	助動詞,*,*,*,特殊・ダ,体言接続,だ,ナ,ナ
者	名詞,非自立,一般,*,*,*,者,モノ,モノ
と	助詞,格助詞,一般,*,*,*,と,ト,ト
し	動詞,自立,*,*,サ変・スル,連用形,する,シ,シ
た	助動詞,*,*,*,特殊・タ,基本形,た,タ,タ
。	記号,句点,*,*,*,*,。,。,。
モー	名詞,固有名詞,人名,姓,*,*,モー,モー,モー
セ	名詞,一般,*,*,*,*,セ,セ,セ
は	助詞,係助詞,*,*,*,*,は,ハ,ワ
次に	副詞,一般,*,*,*,*,次に,ツギニ,ツギニ
アロン	名詞,一般,*,*,*,*,アロン,アロン,アロン
の	助詞,連体化,*,*,*,*,の,ノ,ノ
子	名詞,一般,*,*,*,*,子,コ,コ
ら	名詞,接尾,一般,*,*,*,ら,ラ,ラ
を	助詞,格助詞,一般,*,*,*,を,ヲ,ヲ
近く	名詞,副詞可能,*,*,*,*,近く,チカク,チカク
に	助詞,格助詞,一般,*,*,*,に,ニ,ニ
来さ	動詞,自立,*,*,五段・サ行,未然形,来す,キタサ,キタサ
せ	動詞,接尾,*,*,一段,連用形,せる,セ,セ
，	記号,読点,*,*,*,*,，,，,，
それ	名詞,代名詞,一般,*,*,*,それ,ソレ,ソレ
に	助詞,格助詞,一般,*,*,*,に,ニ,ニ
長い	形容詞,自立,*,*,形容詞・アウオ段,基本形,長い,ナガイ,ナガイ
衣	名詞,一般,*,*,*,*,衣,コロモ,コロモ
を	助詞,格助詞,一般,*,*,*,を,ヲ,ヲ
まとわ	動詞,自立,*,*,五段・ワ行促音便,未然形,まとう,マトワ,マトワ
せ	動詞,接尾,*,*,一段,連用形,せる,セ,セ
，	記号,読点,*,*,*,*,，,，,，
飾り	名詞,一般,*,*,*,*,飾り,カザリ,カザリ
帯	名詞,接尾,一般,*,*,*,帯,タイ,タイ
を	助詞,格助詞,一般,*,*,*,を,ヲ,ヲ
締め	動詞,自立,*,*,一段,未然形,締める,シメ,シメ
させ	動詞,接尾,*,*,一段,連用形,させる,サセ,サセ
，	名詞,数,*,*,*,*,，,，,，
頭	名詞,接尾,助数詞,*,*,*,頭,トウ,トー
包み	名詞,一般,*,*,*,*,包み,ツツミ,ツツミ
を	助詞,格助詞,一般,*,*,*,を,ヲ,ヲ
巻き	動詞,自立,*,*,五段・カ行イ音便,連用形,巻く,マキ,マキ
，	記号,読点,*,*,*,*,，,，,，
エホバ	名詞,一般,*,*,*,*,エホバ,エホバ,エホバ
が	助詞,格助詞,一般,*,*,*,が,ガ,ガ
モー	名詞,固有名詞,人名,姓,*,*,モー,モー,モー
セ	名詞,一般,*,*,*,*,セ,セ,セ
に	助詞,格助詞,一般,*,*,*,に,ニ,ニ
命じ	動詞,自立,*,*,一段,連用形,命じる,メイジ,メイジ
た	助動詞,*,*,*,特殊・タ,基本形,た,タ,タ
とおり	名詞,非自立,副詞可能,*,*,*,とおり,トオリ,トーリ
に	助詞,格助詞,一般,*,*,*,に,ニ,ニ
し	動詞,自立,*,*,サ変・スル,連用形,する,シ,シ
た	助動詞,*,*,*,特殊・タ,基本形,た,タ,タ
。	記号,句点,*,*,*,*,。,。,。
次いで	接続詞,*,*,*,*,*,次いで,ツイデ,ツイデ
彼	名詞,代名詞,一般,*,*,*,彼,カレ,カレ
は	助詞,係助詞,*,*,*,*,は,ハ,ワ
罪	名詞,一般,*,*,*,*,罪,ツミ,ツミ
の	助詞,連体化,*,*,*,*,の,ノ,ノ
捧げ	動詞,自立,*,*,一段,連用形,捧げる,ササゲ,ササゲ
物	名詞,接尾,一般,*,*,*,物,ブツ,ブツ
の	助詞,連体化,*,*,*,*,の,ノ,ノ
雄	接頭詞,名詞接続,*,*,*,*,雄,オ,オ
牛	名詞,一般,*,*,*,*,牛,ウシ,ウシ
を	助詞,格助詞,一般,*,*,*,を,ヲ,ヲ
引い	動詞,自立,*,*,五段・カ行イ音便,連用タ接続,引く,ヒイ,ヒイ
て	助詞,接続助詞,*,*,*,*,て,テ,テ
来	動詞,非自立,*,*,カ変・来ル,連用形,来る,キ,キ
た	助動詞,*,*,*,特殊・タ,基本形,た,タ,タ
。	記号,句点,*,*,*,*,。,。,。
アロン	名詞,一般,*,*,*,*,アロン,アロン,アロン
と	助詞,格助詞,一般,*,*,*,と,ト,ト
その	連体詞,*,*,*,*,*,その,ソノ,ソノ
子	名詞,一般,*,*,*,*,子,コ,コ
ら	名詞,接尾,一般,*,*,*,ら,ラ,ラ
は	助詞,係助詞,*,*,*,*,は,ハ,ワ
罪	名詞,一般,*,*,*,*,罪,ツミ,ツミ
の	助詞,連体化,*,*,*,*,の,ノ,ノ
捧げ	動詞,自立,*,*,一段,連用形,捧げる,ササゲ,ササゲ
物	名詞,接尾,一般,*,*,*,物,ブツ,ブツ
の	助詞,連体化,*,*,*,*,の,ノ,ノ
雄	接頭詞,名詞接続,*,*,*,*,雄,オ,オ
牛	名詞,一般,*,*,*,*,牛,ウシ,ウシ
の	助詞,連体化,*,*,*,*,の,ノ,ノ
頭	名詞,一般,*,*,*,*,頭,アタマ,アタマ
の	助詞,連体化,*,*,*,*,の,ノ,ノ
上	名詞,非自立,副詞可能,*,*,*,上,ウエ,ウエ
に	助詞,格助詞,一般,*,*,*,に,ニ,ニ
手	名詞,一般,*,*,*,*,手,テ,テ
を	助詞,格助詞,一般,*,*,*,を,ヲ,ヲ
置い	動詞,自立,*,*,五段・カ行イ音便,連用タ接続,置く,オイ,オイ
た	助動詞,*,*,*,特殊・タ,基本形,た,タ,タ
。	記号,句点,*,*,*,*,。,。,。
それ	名詞,代名詞,一般,*,*,*,それ,ソレ,ソレ
から	助詞,格助詞,一般,*,*,*,から,カラ,カラ
モー	名詞,固有名詞,人名,姓,*,*,モー,モー,モー
セ	名詞,一般,*,*,*,*,セ,セ,セ
は	助詞,係助詞,*,*,*,*,は,ハ,ワ
それ	名詞,代名詞,一般,*,*,*,それ,ソレ,ソレ
を	助詞,格助詞,一般,*,*,*,を,ヲ,ヲ
ほふり	動詞,自立,*,*,五段・ラ行,連用形,ほふる,ホフリ,ホフリ
，	記号,読点,*,*,*,*,，,，,，
その	連体詞,*,*,*,*,*,その,ソノ,ソノ
血	名詞,一般,*,*,*,*,血,チ,チ
を	助詞,格助詞,一般,*,*,*,を,ヲ,ヲ
取っ	動詞,自立,*,*,五段・ラ行,連用タ接続,取る,トッ,トッ
て	助詞,接続助詞,*,*,*,*,て,テ,テ
祭壇	名詞,一般,*,*,*,*,祭壇,サイダン,サイダン
の	助詞,連体化,*,*,*,*,の,ノ,ノ
周囲	名詞,一般,*,*,*,*,周囲,シュウイ,シューイ
の	助詞,連体化,*,*,*,*,の,ノ,ノ
角	名詞,一般,*,*,*,*,角,カク,カク
に	助詞,格助詞,一般,*,*,*,に,ニ,ニ
それ	名詞,代名詞,一般,*,*,*,それ,ソレ,ソレ
を	助詞,格助詞,一般,*,*,*,を,ヲ,ヲ
指	名詞,一般,*,*,*,*,指,ユビ,ユビ
で	助詞,格助詞,一般,*,*,*,で,デ,デ
付け	動詞,自立,*,*,一段,連用形,付ける,ツケ,ツケ
，	記号,読点,*,*,*,*,，,，,，
こうして	接続詞,*,*,*,*,*,こうして,コウシテ,コーシテ
祭壇	名詞,一般,*,*,*,*,祭壇,サイダン,サイダン
を	助詞,格助詞,一般,*,*,*,を,ヲ,ヲ
罪	名詞,一般,*,*,*,*,罪,ツミ,ツミ
から	助詞,格助詞,一般,*,*,*,から,カラ,カラ
浄	名詞,固有名詞,人名,名,*,*,浄,キヨシ,キヨシ
め	名詞,接尾,一般,*,*,*,め,メ,メ
た	助動詞,*,*,*,特殊・タ,基本形,た,タ,タ
。	記号,句点,*,*,*,*,。,。,。
しかし	接続詞,*,*,*,*,*,しかし,シカシ,シカシ
，	記号,読点,*,*,*,*,，,，,，
血	名詞,一般,*,*,*,*,血,チ,チ
の	助詞,連体化,*,*,*,*,の,ノ,ノ
残り	名詞,一般,*,*,*,*,残り,ノコリ,ノコリ
は	助詞,係助詞,*,*,*,*,は,ハ,ワ
祭壇	名詞,一般,*,*,*,*,祭壇,サイダン,サイダン
の	助詞,連体化,*,*,*,*,の,ノ,ノ
基部	名詞,一般,*,*,*,*,基部,キブ,キブ
に	助詞,格助詞,一般,*,*,*,に,ニ,ニ
注い	動詞,自立,*,*,五段・ガ行,連用タ接続,注ぐ,ソソイ,ソソイ
だ	助動詞,*,*,*,特殊・タ,基本形,だ,ダ,ダ
。	記号,句点,*,*,*,*,。,。,。
その	連体詞,*,*,*,*,*,その,ソノ,ソノ
上	名詞,非自立,副詞可能,*,*,*,上,ウエ,ウエ
で	助詞,格助詞,一般,*,*,*,で,デ,デ
贖罪	名詞,一般,*,*,*,*,贖罪,ショクザイ,ショクザイ
を	助詞,格助詞,一般,*,*,*,を,ヲ,ヲ
行なう	動詞,自立,*,*,五段・ワ行促音便,基本形,行なう,オコナウ,オコナウ
ため	名詞,非自立,副詞可能,*,*,*,ため,タメ,タメ
に	助詞,格助詞,一般,*,*,*,に,ニ,ニ
，	記号,読点,*,*,*,*,，,，,，
それ	名詞,代名詞,一般,*,*,*,それ,ソレ,ソレ
を	助詞,格助詞,一般,*,*,*,を,ヲ,ヲ
神聖	名詞,形容動詞語幹,*,*,*,*,神聖,シンセイ,シンセイ
な	助動詞,*,*,*,特殊・ダ,体言接続,だ,ナ,ナ
もの	名詞,非自立,一般,*,*,*,もの,モノ,モノ
と	助詞,格助詞,一般,*,*,*,と,ト,ト
する	動詞,自立,*,*,サ変・スル,基本形,する,スル,スル
ため	名詞,非自立,副詞可能,*,*,*,ため,タメ,タメ
で	助動詞,*,*,*,特殊・ダ,連用形,だ,デ,デ
あっ	助動詞,*,*,*,五段・ラ行アル,連用タ接続,ある,アッ,アッ
た	助動詞,*,*,*,特殊・タ,基本形,た,タ,タ
。	記号,句点,*,*,*,*,。,。,。
その後	名詞,副詞可能,*,*,*,*,その後,ソノゴ,ソノゴ
，	記号,読点,*,*,*,*,，,，,，
腸	名詞,一般,*,*,*,*,腸,チョウ,チョー
に	助詞,格助詞,一般,*,*,*,に,ニ,ニ
付い	動詞,自立,*,*,五段・カ行イ音便,連用タ接続,付く,ツイ,ツイ
た	助動詞,*,*,*,特殊・タ,基本形,た,タ,タ
すべて	名詞,副詞可能,*,*,*,*,すべて,スベテ,スベテ
の	助詞,連体化,*,*,*,*,の,ノ,ノ
脂肪	名詞,一般,*,*,*,*,脂肪,シボウ,シボー
を	助詞,格助詞,一般,*,*,*,を,ヲ,ヲ
取り	動詞,自立,*,*,五段・ラ行,連用形,取る,トリ,トリ
，	記号,読点,*,*,*,*,，,，,，
また	接続詞,*,*,*,*,*,また,マタ,マタ
肝臓	名詞,一般,*,*,*,*,肝臓,カンゾウ,カンゾー
の	助詞,連体化,*,*,*,*,の,ノ,ノ
付属	名詞,サ変接続,*,*,*,*,付属,フゾク,フゾク
物	名詞,接尾,一般,*,*,*,物,ブツ,ブツ
と	助詞,並立助詞,*,*,*,*,と,ト,ト
二つ	名詞,一般,*,*,*,*,二つ,フタツ,フタツ
の	助詞,連体化,*,*,*,*,の,ノ,ノ
腎臓	名詞,一般,*,*,*,*,腎臓,ジンゾウ,ジンゾー
と	助詞,格助詞,一般,*,*,*,と,ト,ト
その	連体詞,*,*,*,*,*,その,ソノ,ソノ
脂肪	名詞,一般,*,*,*,*,脂肪,シボウ,シボー
と	助詞,並立助詞,*,*,*,*,と,ト,ト
を	助詞,格助詞,一般,*,*,*,を,ヲ,ヲ
[	名詞,サ変接続,*,*,*,*,*
取り	名詞,接尾,一般,*,*,*,取り,トリ,トリ
]，	名詞,サ変接続,*,*,*,*,*
モーセ	名詞,一般,*,*,*,*,*
は	助詞,係助詞,*,*,*,*,は,ハ,ワ
それら	名詞,代名詞,一般,*,*,*,それら,ソレラ,ソレラ
を	助詞,格助詞,一般,*,*,*,を,ヲ,ヲ
祭壇	名詞,一般,*,*,*,*,祭壇,サイダン,サイダン
の	助詞,連体化,*,*,*,*,の,ノ,ノ
上	名詞,非自立,副詞可能,*,*,*,上,ウエ,ウエ
で	助詞,格助詞,一般,*,*,*,で,デ,デ
焼い	動詞,自立,*,*,五段・カ行イ音便,連用タ接続,焼く,ヤイ,ヤイ
て	助詞,接続助詞,*,*,*,*,て,テ,テ
煙	名詞,一般,*,*,*,*,煙,ケムリ,ケムリ
に	助詞,格助詞,一般,*,*,*,に,ニ,ニ
し	動詞,自立,*,*,サ変・スル,連用形,する,シ,シ
た	助動詞,*,*,*,特殊・タ,基本形,た,タ,タ
。	記号,句点,*,*,*,*,。,。,。
また	接続詞,*,*,*,*,*,また,マタ,マタ
，	記号,読点,*,*,*,*,，,，,，
その	連体詞,*,*,*,*,*,その,ソノ,ソノ
雄	名詞,一般,*,*,*,*,雄,ユウ,ユー
牛	名詞,一般,*,*,*,*,牛,ウシ,ウシ
および	接続詞,*,*,*,*,*,および,オヨビ,オヨビ
その	連体詞,*,*,*,*,*,その,ソノ,ソノ
皮	名詞,一般,*,*,*,*,皮,カワ,カワ
と	助詞,並立助詞,*,*,*,*,と,ト,ト
肉	名詞,一般,*,*,*,*,肉,ニク,ニク
と	助詞,並立助詞,*,*,*,*,と,ト,ト
糞	名詞,一般,*,*,*,*,糞,クソ,クソ
を	助詞,格助詞,一般,*,*,*,を,ヲ,ヲ
宿営	名詞,サ変接続,*,*,*,*,宿営,シュクエイ,シュクエイ
の	助詞,連体化,*,*,*,*,の,ノ,ノ
外	名詞,一般,*,*,*,*,外,ソト,ソト
に	助詞,格助詞,一般,*,*,*,に,ニ,ニ
出し	動詞,自立,*,*,五段・サ行,連用形,出す,ダシ,ダシ
て	助詞,接続助詞,*,*,*,*,て,テ,テ
火	名詞,一般,*,*,*,*,火,ヒ,ヒ
で	助詞,格助詞,一般,*,*,*,で,デ,デ
焼か	動詞,自立,*,*,五段・カ行イ音便,未然形,焼く,ヤカ,ヤカ
せ	動詞,接尾,*,*,一段,連用形,せる,セ,セ
，	記号,読点,*,*,*,*,，,，,，
エホバ	名詞,一般,*,*,*,*,エホバ,エホバ,エホバ
が	助詞,格助詞,一般,*,*,*,が,ガ,ガ
モー	名詞,固有名詞,人名,姓,*,*,モー,モー,モー
セ	名詞,一般,*,*,*,*,セ,セ,セ
に	助詞,格助詞,一般,*,*,*,に,ニ,ニ
命じ	動詞,自立,*,*,一段,連用形,命じる,メイジ,メイジ
た	助動詞,*,*,*,特殊・タ,基本形,た,タ,タ
とおり	名詞,非自立,副詞可能,*,*,*,とおり,トオリ,トーリ
に	助詞,格助詞,一般,*,*,*,に,ニ,ニ
し	動詞,自立,*,*,サ変・スル,連用形,する,シ,シ
た	助動詞,*,*,*,特殊・タ,基本形,た,タ,タ
。	記号,句点,*,*,*,*,。,。,。
彼	名詞,代名詞,一般,*,*,*,彼,カレ,カレ
は	助詞,係助詞,*,*,*,*,は,ハ,ワ
次に	副詞,一般,*,*,*,*,次に,ツギニ,ツギニ
焼	接頭詞,名詞接続,*,*,*,*,焼,ショウ,ショー
燔	名詞,一般,*,*,*,*,*
の	助詞,連体化,*,*,*,*,の,ノ,ノ
捧げ	動詞,自立,*,*,一段,連用形,捧げる,ササゲ,ササゲ
物	名詞,接尾,一般,*,*,*,物,ブツ,ブツ
の	助詞,連体化,*,*,*,*,の,ノ,ノ
雄	接頭詞,名詞接続,*,*,*,*,雄,オ,オ
羊	名詞,一般,*,*,*,*,羊,ヒツジ,ヒツジ
を	助詞,格助詞,一般,*,*,*,を,ヲ,ヲ
近く	名詞,副詞可能,*,*,*,*,近く,チカク,チカク
に	助詞,格助詞,一般,*,*,*,に,ニ,ニ
連れ	動詞,自立,*,*,一段,連用形,連れる,ツレ,ツレ
て	助詞,接続助詞,*,*,*,*,て,テ,テ
来	動詞,非自立,*,*,カ変・来ル,連用形,来る,キ,キ
た	助動詞,*,*,*,特殊・タ,基本形,た,タ,タ
。	記号,句点,*,*,*,*,。,。,。
次いで	接続詞,*,*,*,*,*,次いで,ツイデ,ツイデ
アロン	名詞,一般,*,*,*,*,アロン,アロン,アロン
と	助詞,格助詞,一般,*,*,*,と,ト,ト
その	連体詞,*,*,*,*,*,その,ソノ,ソノ
子	名詞,一般,*,*,*,*,子,コ,コ
ら	名詞,接尾,一般,*,*,*,ら,ラ,ラ
は	助詞,係助詞,*,*,*,*,は,ハ,ワ
手	名詞,一般,*,*,*,*,手,テ,テ
を	助詞,格助詞,一般,*,*,*,を,ヲ,ヲ
その	連体詞,*,*,*,*,*,その,ソノ,ソノ
雄	名詞,一般,*,*,*,*,雄,ユウ,ユー
羊	名詞,一般,*,*,*,*,羊,ヒツジ,ヒツジ
の	助詞,連体化,*,*,*,*,の,ノ,ノ
頭	名詞,一般,*,*,*,*,頭,アタマ,アタマ
の	助詞,連体化,*,*,*,*,の,ノ,ノ
上	名詞,非自立,副詞可能,*,*,*,上,ウエ,ウエ
に	助詞,格助詞,一般,*,*,*,に,ニ,ニ
置い	動詞,自立,*,*,五段・カ行イ音便,連用タ接続,置く,オイ,オイ
た	助動詞,*,*,*,特殊・タ,基本形,た,タ,タ
。	記号,句点,*,*,*,*,。,。,。
その後	名詞,副詞可能,*,*,*,*,その後,ソノゴ,ソノゴ
モーセ	名詞,一般,*,*,*,*,*
は	助詞,係助詞,*,*,*,*,は,ハ,ワ
それ	名詞,代名詞,一般,*,*,*,それ,ソレ,ソレ
を	助詞,格助詞,一般,*,*,*,を,ヲ,ヲ
ほふり	動詞,自立,*,*,五段・ラ行,連用形,ほふる,ホフリ,ホフリ
，	記号,読点,*,*,*,*,，,，,，
その	連体詞,*,*,*,*,*,その,ソノ,ソノ
血	名詞,一般,*,*,*,*,血,チ,チ
を	助詞,格助詞,一般,*,*,*,を,ヲ,ヲ
祭壇	名詞,一般,*,*,*,*,祭壇,サイダン,サイダン
の	助詞,連体化,*,*,*,*,の,ノ,ノ
上	名詞,非自立,副詞可能,*,*,*,上,ウエ,ウエ
の	助詞,連体化,*,*,*,*,の,ノ,ノ
周囲	名詞,一般,*,*,*,*,周囲,シュウイ,シューイ
に	助詞,格助詞,一般,*,*,*,に,ニ,ニ
振り掛け	動詞,自立,*,*,一段,連用形,振り掛ける,フリカケ,フリカケ
た	助動詞,*,*,*,特殊・タ,基本形,た,タ,タ
。	記号,句点,*,*,*,*,。,。,。
また	接続詞,*,*,*,*,*,また,マタ,マタ
，	記号,読点,*,*,*,*,，,，,，
その	連体詞,*,*,*,*,*,その,ソノ,ソノ
雄	名詞,一般,*,*,*,*,雄,ユウ,ユー
羊	名詞,一般,*,*,*,*,羊,ヒツジ,ヒツジ
を	助詞,格助詞,一般,*,*,*,を,ヲ,ヲ
各	接頭詞,名詞接続,*,*,*,*,各,カク,カク
部分	名詞,一般,*,*,*,*,部分,ブブン,ブブン
に	助詞,格助詞,一般,*,*,*,に,ニ,ニ
切り分け	動詞,自立,*,*,一段,連用形,切り分ける,キリワケ,キリワケ
，	記号,読点,*,*,*,*,，,，,，
その後	名詞,副詞可能,*,*,*,*,その後,ソノゴ,ソノゴ
モーセ	名詞,一般,*,*,*,*,*
は	助詞,係助詞,*,*,*,*,は,ハ,ワ
頭	名詞,一般,*,*,*,*,頭,アタマ,アタマ
と	助詞,並立助詞,*,*,*,*,と,ト,ト
小	接頭詞,名詞接続,*,*,*,*,小,ショウ,ショー
部分	名詞,一般,*,*,*,*,部分,ブブン,ブブン
に	助詞,格助詞,一般,*,*,*,に,ニ,ニ
し	動詞,自立,*,*,サ変・スル,連用形,する,シ,シ
た	助動詞,*,*,*,特殊・タ,基本形,た,タ,タ
もの	名詞,非自立,一般,*,*,*,もの,モノ,モノ
と	助詞,並立助詞,*,*,*,*,と,ト,ト
腎	名詞,一般,*,*,*,*,腎,ジン,ジン
脂肪	名詞,一般,*,*,*,*,脂肪,シボウ,シボー
と	助詞,並立助詞,*,*,*,*,と,ト,ト
を	助詞,格助詞,一般,*,*,*,を,ヲ,ヲ
焼い	動詞,自立,*,*,五段・カ行イ音便,連用タ接続,焼く,ヤイ,ヤイ
て	助詞,接続助詞,*,*,*,*,て,テ,テ
煙	名詞,一般,*,*,*,*,煙,ケムリ,ケムリ
に	助詞,格助詞,一般,*,*,*,に,ニ,ニ
し	動詞,自立,*,*,サ変・スル,連用形,する,シ,シ
た	助動詞,*,*,*,特殊・タ,基本形,た,タ,タ
。	記号,句点,*,*,*,*,。,。,。
また	接続詞,*,*,*,*,*,また,マタ,マタ
，	記号,読点,*,*,*,*,，,，,，
腸	名詞,一般,*,*,*,*,腸,チョウ,チョー
と	助詞,並立助詞,*,*,*,*,と,ト,ト
すね	名詞,一般,*,*,*,*,すね,スネ,スネ
を	助詞,格助詞,一般,*,*,*,を,ヲ,ヲ
水	名詞,一般,*,*,*,*,水,ミズ,ミズ
で	助詞,格助詞,一般,*,*,*,で,デ,デ
洗い	動詞,自立,*,*,五段・ワ行促音便,連用形,洗う,アライ,アライ
，	記号,読点,*,*,*,*,，,，,，
それ	名詞,代名詞,一般,*,*,*,それ,ソレ,ソレ
から	助詞,格助詞,一般,*,*,*,から,カラ,カラ
モー	名詞,固有名詞,人名,姓,*,*,モー,モー,モー
セ	名詞,一般,*,*,*,*,セ,セ,セ
は	助詞,係助詞,*,*,*,*,は,ハ,ワ
その	連体詞,*,*,*,*,*,その,ソノ,ソノ
雄	名詞,一般,*,*,*,*,雄,ユウ,ユー
羊	名詞,一般,*,*,*,*,羊,ヒツジ,ヒツジ
全体	名詞,副詞可能,*,*,*,*,全体,ゼンタイ,ゼンタイ
を	助詞,格助詞,一般,*,*,*,を,ヲ,ヲ
祭壇	名詞,一般,*,*,*,*,祭壇,サイダン,サイダン
の	助詞,連体化,*,*,*,*,の,ノ,ノ
上	名詞,非自立,副詞可能,*,*,*,上,ウエ,ウエ
で	助詞,格助詞,一般,*,*,*,で,デ,デ
焼い	動詞,自立,*,*,五段・カ行イ音便,連用タ接続,焼く,ヤイ,ヤイ
て	助詞,接続助詞,*,*,*,*,て,テ,テ
煙	名詞,一般,*,*,*,*,煙,ケムリ,ケムリ
に	助詞,格助詞,一般,*,*,*,に,ニ,ニ
し	動詞,自立,*,*,サ変・スル,連用形,する,シ,シ
た	助動詞,*,*,*,特殊・タ,基本形,た,タ,タ
。	記号,句点,*,*,*,*,。,。,。
それ	名詞,代名詞,一般,*,*,*,それ,ソレ,ソレ
は	助詞,係助詞,*,*,*,*,は,ハ,ワ
安らぎ	名詞,一般,*,*,*,*,安らぎ,ヤスラギ,ヤスラギ
の	助詞,連体化,*,*,*,*,の,ノ,ノ
香り	名詞,一般,*,*,*,*,香り,カオリ,カオリ
の	助詞,連体化,*,*,*,*,の,ノ,ノ
ため	名詞,非自立,副詞可能,*,*,*,ため,タメ,タメ
の	助詞,連体化,*,*,*,*,の,ノ,ノ
焼	接頭詞,名詞接続,*,*,*,*,焼,ショウ,ショー
燔	名詞,一般,*,*,*,*,*
の	助詞,連体化,*,*,*,*,の,ノ,ノ
捧げ	動詞,自立,*,*,一段,連用形,捧げる,ササゲ,ササゲ
物	名詞,接尾,一般,*,*,*,物,ブツ,ブツ
で	助動詞,*,*,*,特殊・ダ,連用形,だ,デ,デ
あっ	助動詞,*,*,*,五段・ラ行アル,連用タ接続,ある,アッ,アッ
た	助動詞,*,*,*,特殊・タ,基本形,た,タ,タ
。	記号,句点,*,*,*,*,。,。,。
それ	名詞,代名詞,一般,*,*,*,それ,ソレ,ソレ
は	助詞,係助詞,*,*,*,*,は,ハ,ワ
エホバ	名詞,一般,*,*,*,*,エホバ,エホバ,エホバ
へ	助詞,格助詞,一般,*,*,*,へ,ヘ,エ
の	助詞,連体化,*,*,*,*,の,ノ,ノ
火	名詞,一般,*,*,*,*,火,ヒ,ヒ
による	助詞,格助詞,連語,*,*,*,による,ニヨル,ニヨル
捧げ	動詞,自立,*,*,一段,連用形,捧げる,ササゲ,ササゲ
物	名詞,接尾,一般,*,*,*,物,ブツ,ブツ
で	助動詞,*,*,*,特殊・ダ,連用形,だ,デ,デ
あり	助動詞,*,*,*,五段・ラ行アル,連用形,ある,アリ,アリ
，	記号,読点,*,*,*,*,，,，,，
エホバ	名詞,一般,*,*,*,*,エホバ,エホバ,エホバ
が	助詞,格助詞,一般,*,*,*,が,ガ,ガ
モー	名詞,固有名詞,人名,姓,*,*,モー,モー,モー
セ	名詞,一般,*,*,*,*,セ,セ,セ
に	助詞,格助詞,一般,*,*,*,に,ニ,ニ
命じ	動詞,自立,*,*,一段,連用形,命じる,メイジ,メイジ
た	助動詞,*,*,*,特殊・タ,基本形,た,タ,タ
とおり	名詞,非自立,副詞可能,*,*,*,とおり,トオリ,トーリ
で	助動詞,*,*,*,特殊・ダ,連用形,だ,デ,デ
あっ	助動詞,*,*,*,五段・ラ行アル,連用タ接続,ある,アッ,アッ
た	助動詞,*,*,*,特殊・タ,基本形,た,タ,タ
。	記号,句点,*,*,*,*,。,。,。
次いで	接続詞,*,*,*,*,*,次いで,ツイデ,ツイデ
彼	名詞,代名詞,一般,*,*,*,彼,カレ,カレ
は	助詞,係助詞,*,*,*,*,は,ハ,ワ
第	接頭詞,数接続,*,*,*,*,第,ダイ,ダイ
二	名詞,数,*,*,*,*,二,ニ,ニ
の	助詞,連体化,*,*,*,*,の,ノ,ノ
雄	接頭詞,名詞接続,*,*,*,*,雄,オ,オ
羊	名詞,一般,*,*,*,*,羊,ヒツジ,ヒツジ
，	記号,読点,*,*,*,*,，,，,，
任	名詞,一般,*,*,*,*,任,ニン,ニン
職	名詞,接尾,一般,*,*,*,職,ショク,ショク
の	助詞,連体化,*,*,*,*,の,ノ,ノ
雄	接頭詞,名詞接続,*,*,*,*,雄,オ,オ
羊	名詞,一般,*,*,*,*,羊,ヒツジ,ヒツジ
を	助詞,格助詞,一般,*,*,*,を,ヲ,ヲ
近く	名詞,副詞可能,*,*,*,*,近く,チカク,チカク
に	助詞,格助詞,一般,*,*,*,に,ニ,ニ
連れ	動詞,自立,*,*,一段,連用形,連れる,ツレ,ツレ
て	助詞,接続助詞,*,*,*,*,て,テ,テ
来	動詞,非自立,*,*,カ変・来ル,連用形,来る,キ,キ
た	助動詞,*,*,*,特殊・タ,基本形,た,タ,タ
。	記号,句点,*,*,*,*,。,。,。
アロン	名詞,一般,*,*,*,*,アロン,アロン,アロン
と	助詞,格助詞,一般,*,*,*,と,ト,ト
その	連体詞,*,*,*,*,*,その,ソノ,ソノ
子	名詞,一般,*,*,*,*,子,コ,コ
ら	名詞,接尾,一般,*,*,*,ら,ラ,ラ
は	助詞,係助詞,*,*,*,*,は,ハ,ワ
手	名詞,一般,*,*,*,*,手,テ,テ
を	助詞,格助詞,一般,*,*,*,を,ヲ,ヲ
その	連体詞,*,*,*,*,*,その,ソノ,ソノ
雄	名詞,一般,*,*,*,*,雄,ユウ,ユー
羊	名詞,一般,*,*,*,*,羊,ヒツジ,ヒツジ
の	助詞,連体化,*,*,*,*,の,ノ,ノ
頭	名詞,一般,*,*,*,*,頭,アタマ,アタマ
の	助詞,連体化,*,*,*,*,の,ノ,ノ
上	名詞,非自立,副詞可能,*,*,*,上,ウエ,ウエ
に	助詞,格助詞,一般,*,*,*,に,ニ,ニ
置い	動詞,自立,*,*,五段・カ行イ音便,連用タ接続,置く,オイ,オイ
た	助動詞,*,*,*,特殊・タ,基本形,た,タ,タ
。	記号,句点,*,*,*,*,。,。,。
その後	名詞,副詞可能,*,*,*,*,その後,ソノゴ,ソノゴ
モーセ	名詞,一般,*,*,*,*,*
は	助詞,係助詞,*,*,*,*,は,ハ,ワ
それ	名詞,代名詞,一般,*,*,*,それ,ソレ,ソレ
を	助詞,格助詞,一般,*,*,*,を,ヲ,ヲ
ほふり	動詞,自立,*,*,五段・ラ行,連用形,ほふる,ホフリ,ホフリ
，	記号,読点,*,*,*,*,，,，,，
その	連体詞,*,*,*,*,*,その,ソノ,ソノ
血	名詞,一般,*,*,*,*,血,チ,チ
を	助詞,格助詞,一般,*,*,*,を,ヲ,ヲ
幾らか	副詞,一般,*,*,*,*,幾らか,イクラカ,イクラカ
取っ	動詞,自立,*,*,五段・ラ行,連用タ接続,取る,トッ,トッ
て	助詞,接続助詞,*,*,*,*,て,テ,テ
，	記号,読点,*,*,*,*,，,，,，
アロン	名詞,一般,*,*,*,*,アロン,アロン,アロン
の	助詞,連体化,*,*,*,*,の,ノ,ノ
右	名詞,一般,*,*,*,*,右,ミギ,ミギ
の	助詞,連体化,*,*,*,*,の,ノ,ノ
耳たぶ	名詞,一般,*,*,*,*,耳たぶ,ミミタブ,ミミタブ
と	助詞,並立助詞,*,*,*,*,と,ト,ト
，	記号,読点,*,*,*,*,，,，,，
右手	名詞,一般,*,*,*,*,右手,ミギテ,ミギテ
の	助詞,連体化,*,*,*,*,の,ノ,ノ
親指	名詞,一般,*,*,*,*,親指,オヤユビ,オヤユビ
と	助詞,並立助詞,*,*,*,*,と,ト,ト
，	記号,読点,*,*,*,*,，,，,，
右足	名詞,一般,*,*,*,*,右足,ミギアシ,ミギアシ
の	助詞,連体化,*,*,*,*,の,ノ,ノ
親指	名詞,一般,*,*,*,*,親指,オヤユビ,オヤユビ
に	助詞,格助詞,一般,*,*,*,に,ニ,ニ
付け	動詞,自立,*,*,一段,連用形,付ける,ツケ,ツケ
た	助動詞,*,*,*,特殊・タ,基本形,た,タ,タ
。	記号,句点,*,*,*,*,。,。,。
次に	副詞,一般,*,*,*,*,次に,ツギニ,ツギニ
モー	名詞,固有名詞,人名,姓,*,*,モー,モー,モー
セ	名詞,一般,*,*,*,*,セ,セ,セ
は	助詞,係助詞,*,*,*,*,は,ハ,ワ
アロン	名詞,一般,*,*,*,*,アロン,アロン,アロン
の	助詞,連体化,*,*,*,*,の,ノ,ノ
子	名詞,一般,*,*,*,*,子,コ,コ
ら	名詞,接尾,一般,*,*,*,ら,ラ,ラ
を	助詞,格助詞,一般,*,*,*,を,ヲ,ヲ
近く	名詞,副詞可能,*,*,*,*,近く,チカク,チカク
に	助詞,格助詞,一般,*,*,*,に,ニ,ニ
来さ	動詞,自立,*,*,五段・サ行,未然形,来す,キタサ,キタサ
せ	動詞,接尾,*,*,一段,連用形,せる,セ,セ
，	記号,読点,*,*,*,*,，,，,，
その	連体詞,*,*,*,*,*,その,ソノ,ソノ
血	名詞,一般,*,*,*,*,血,チ,チ
の	助詞,連体化,*,*,*,*,の,ノ,ノ
幾ら	名詞,一般,*,*,*,*,幾ら,イクラ,イクラ
か	助詞,副助詞／並立助詞／終助詞,*,*,*,*,か,カ,カ
を	助詞,格助詞,一般,*,*,*,を,ヲ,ヲ
彼ら	名詞,代名詞,一般,*,*,*,彼ら,カレラ,カレラ
の	助詞,連体化,*,*,*,*,の,ノ,ノ
右	名詞,一般,*,*,*,*,右,ミギ,ミギ
の	助詞,連体化,*,*,*,*,の,ノ,ノ
耳たぶ	名詞,一般,*,*,*,*,耳たぶ,ミミタブ,ミミタブ
と	助詞,並立助詞,*,*,*,*,と,ト,ト
，	記号,読点,*,*,*,*,，,，,，
右手	名詞,一般,*,*,*,*,右手,ミギテ,ミギテ
の	助詞,連体化,*,*,*,*,の,ノ,ノ
親指	名詞,一般,*,*,*,*,親指,オヤユビ,オヤユビ
と	助詞,並立助詞,*,*,*,*,と,ト,ト
，	記号,読点,*,*,*,*,，,，,，
右足	名詞,一般,*,*,*,*,右足,ミギアシ,ミギアシ
の	助詞,連体化,*,*,*,*,の,ノ,ノ
親指	名詞,一般,*,*,*,*,親指,オヤユビ,オヤユビ
に	助詞,格助詞,一般,*,*,*,に,ニ,ニ
付け	動詞,自立,*,*,一段,連用形,付ける,ツケ,ツケ
た	助動詞,*,*,*,特殊・タ,基本形,た,タ,タ
。	記号,句点,*,*,*,*,。,。,。
しかし	接続詞,*,*,*,*,*,しかし,シカシ,シカシ
モー	名詞,固有名詞,人名,姓,*,*,モー,モー,モー
セ	名詞,一般,*,*,*,*,セ,セ,セ
は	助詞,係助詞,*,*,*,*,は,ハ,ワ
血	名詞,一般,*,*,*,*,血,チ,チ
の	助詞,連体化,*,*,*,*,の,ノ,ノ
残り	名詞,一般,*,*,*,*,残り,ノコリ,ノコリ
を	助詞,格助詞,一般,*,*,*,を,ヲ,ヲ
祭壇	名詞,一般,*,*,*,*,祭壇,サイダン,サイダン
の	助詞,連体化,*,*,*,*,の,ノ,ノ
上	名詞,非自立,副詞可能,*,*,*,上,ウエ,ウエ
の	助詞,連体化,*,*,*,*,の,ノ,ノ
周囲	名詞,一般,*,*,*,*,周囲,シュウイ,シューイ
に	助詞,格助詞,一般,*,*,*,に,ニ,ニ
振り掛け	動詞,自立,*,*,一段,連用形,振り掛ける,フリカケ,フリカケ
た	助動詞,*,*,*,特殊・タ,基本形,た,タ,タ
。	記号,句点,*,*,*,*,。,。,。
次いで	接続詞,*,*,*,*,*,次いで,ツイデ,ツイデ
彼	名詞,代名詞,一般,*,*,*,彼,カレ,カレ
は	助詞,係助詞,*,*,*,*,は,ハ,ワ
その	連体詞,*,*,*,*,*,その,ソノ,ソノ
脂肪	名詞,一般,*,*,*,*,脂肪,シボウ,シボー
と	助詞,並立助詞,*,*,*,*,と,ト,ト
脂	名詞,一般,*,*,*,*,脂,アブラ,アブラ
尾	名詞,一般,*,*,*,*,尾,オ,オ
および	接続詞,*,*,*,*,*,および,オヨビ,オヨビ
腸	名詞,一般,*,*,*,*,腸,チョウ,チョー
に	助詞,格助詞,一般,*,*,*,に,ニ,ニ
付い	動詞,自立,*,*,五段・カ行イ音便,連用タ接続,付く,ツイ,ツイ
た	助動詞,*,*,*,特殊・タ,基本形,た,タ,タ
すべて	名詞,副詞可能,*,*,*,*,すべて,スベテ,スベテ
の	助詞,連体化,*,*,*,*,の,ノ,ノ
脂肪	名詞,一般,*,*,*,*,脂肪,シボウ,シボー
を	助詞,格助詞,一般,*,*,*,を,ヲ,ヲ
取っ	動詞,自立,*,*,五段・ラ行,連用タ接続,取る,トッ,トッ
た	助動詞,*,*,*,特殊・タ,基本形,た,タ,タ
。	記号,句点,*,*,*,*,。,。,。
また	接続詞,*,*,*,*,*,また,マタ,マタ
，	記号,読点,*,*,*,*,，,，,，
肝臓	名詞,一般,*,*,*,*,肝臓,カンゾウ,カンゾー
の	助詞,連体化,*,*,*,*,の,ノ,ノ
付属	名詞,サ変接続,*,*,*,*,付属,フゾク,フゾク
物	名詞,接尾,一般,*,*,*,物,ブツ,ブツ
と	助詞,並立助詞,*,*,*,*,と,ト,ト
二つ	名詞,一般,*,*,*,*,二つ,フタツ,フタツ
の	助詞,連体化,*,*,*,*,の,ノ,ノ
腎臓	名詞,一般,*,*,*,*,腎臓,ジンゾウ,ジンゾー
と	助詞,格助詞,一般,*,*,*,と,ト,ト
その	連体詞,*,*,*,*,*,その,ソノ,ソノ
脂肪	名詞,一般,*,*,*,*,脂肪,シボウ,シボー
，	記号,読点,*,*,*,*,，,，,，
および	接続詞,*,*,*,*,*,および,オヨビ,オヨビ
右	名詞,一般,*,*,*,*,右,ミギ,ミギ
の	助詞,連体化,*,*,*,*,の,ノ,ノ
脚	名詞,一般,*,*,*,*,脚,アシ,アシ
を	助詞,格助詞,一般,*,*,*,を,ヲ,ヲ
[	名詞,サ変接続,*,*,*,*,*
取っ	動詞,自立,*,*,五段・ラ行,連用タ接続,取る,トッ,トッ
た	助動詞,*,*,*,特殊・タ,基本形,た,タ,タ
]。	名詞,サ変接続,*,*,*,*,*
また	接続詞,*,*,*,*,*,また,マタ,マタ
，	記号,読点,*,*,*,*,，,，,，
エホバ	名詞,一般,*,*,*,*,エホバ,エホバ,エホバ
の	助詞,連体化,*,*,*,*,の,ノ,ノ
前	名詞,副詞可能,*,*,*,*,前,マエ,マエ
に	助詞,格助詞,一般,*,*,*,に,ニ,ニ
あっ	動詞,自立,*,*,五段・ラ行,連用タ接続,ある,アッ,アッ
た	助動詞,*,*,*,特殊・タ,基本形,た,タ,タ
無	接頭詞,名詞接続,*,*,*,*,無,ム,ム
酵母	名詞,一般,*,*,*,*,酵母,コウボ,コーボ
パン	名詞,一般,*,*,*,*,パン,パン,パン
の	助詞,連体化,*,*,*,*,の,ノ,ノ
かご	名詞,一般,*,*,*,*,かご,カゴ,カゴ
から	助詞,格助詞,一般,*,*,*,から,カラ,カラ
，	記号,読点,*,*,*,*,，,，,，
輪	名詞,一般,*,*,*,*,輪,ワ,ワ
型	名詞,接尾,一般,*,*,*,型,ガタ,ガタ
の	助詞,連体化,*,*,*,*,の,ノ,ノ
無	接頭詞,名詞接続,*,*,*,*,無,ム,ム
酵母	名詞,一般,*,*,*,*,酵母,コウボ,コーボ
パン	名詞,一般,*,*,*,*,パン,パン,パン
を	助詞,格助詞,一般,*,*,*,を,ヲ,ヲ
一つ	名詞,一般,*,*,*,*,一つ,ヒトツ,ヒトツ
，	記号,読点,*,*,*,*,，,，,，
油	名詞,一般,*,*,*,*,油,アブラ,アブラ
を	助詞,格助詞,一般,*,*,*,を,ヲ,ヲ
入れ	動詞,自立,*,*,一段,連用形,入れる,イレ,イレ
た	助動詞,*,*,*,特殊・タ,基本形,た,タ,タ
輪	名詞,一般,*,*,*,*,輪,ワ,ワ
型	名詞,接尾,一般,*,*,*,型,ガタ,ガタ
の	助詞,連体化,*,*,*,*,の,ノ,ノ
パン	名詞,一般,*,*,*,*,パン,パン,パン
菓子	名詞,一般,*,*,*,*,菓子,カシ,カシ
を	助詞,格助詞,一般,*,*,*,を,ヲ,ヲ
一つ	名詞,一般,*,*,*,*,一つ,ヒトツ,ヒトツ
，	記号,読点,*,*,*,*,，,，,，
また	接続詞,*,*,*,*,*,また,マタ,マタ
薄焼き	名詞,一般,*,*,*,*,薄焼き,ウスヤキ,ウスヤキ
を	助詞,格助詞,一般,*,*,*,を,ヲ,ヲ
一つ	名詞,一般,*,*,*,*,一つ,ヒトツ,ヒトツ
取っ	動詞,自立,*,*,五段・ラ行,連用タ接続,取る,トッ,トッ
た	助動詞,*,*,*,特殊・タ,基本形,た,タ,タ
。	記号,句点,*,*,*,*,。,。,。
次いで	接続詞,*,*,*,*,*,次いで,ツイデ,ツイデ
それら	名詞,代名詞,一般,*,*,*,それら,ソレラ,ソレラ
を	助詞,格助詞,一般,*,*,*,を,ヲ,ヲ
さき	名詞,一般,*,*,*,*,さき,サキ,サキ
の	助詞,連体化,*,*,*,*,の,ノ,ノ
脂肪	名詞,一般,*,*,*,*,脂肪,シボウ,シボー
の	助詞,連体化,*,*,*,*,の,ノ,ノ
部分	名詞,一般,*,*,*,*,部分,ブブン,ブブン
と	助詞,並立助詞,*,*,*,*,と,ト,ト
右	名詞,一般,*,*,*,*,右,ミギ,ミギ
脚	名詞,一般,*,*,*,*,脚,アシ,アシ
の	助詞,連体化,*,*,*,*,の,ノ,ノ
上	名詞,非自立,副詞可能,*,*,*,上,ウエ,ウエ
に	助詞,格助詞,一般,*,*,*,に,ニ,ニ
置い	動詞,自立,*,*,五段・カ行イ音便,連用タ接続,置く,オイ,オイ
た	助動詞,*,*,*,特殊・タ,基本形,た,タ,タ
。	記号,句点,*,*,*,*,。,。,。
その後	名詞,副詞可能,*,*,*,*,その後,ソノゴ,ソノゴ
，	記号,読点,*,*,*,*,，,，,，
その	連体詞,*,*,*,*,*,その,ソノ,ソノ
すべて	名詞,副詞可能,*,*,*,*,すべて,スベテ,スベテ
を	助詞,格助詞,一般,*,*,*,を,ヲ,ヲ
アロン	名詞,一般,*,*,*,*,アロン,アロン,アロン
の	助詞,連体化,*,*,*,*,の,ノ,ノ
手のひら	名詞,一般,*,*,*,*,手のひら,テノヒラ,テノヒラ
と	助詞,格助詞,一般,*,*,*,と,ト,ト
その	連体詞,*,*,*,*,*,その,ソノ,ソノ
子	名詞,一般,*,*,*,*,子,コ,コ
ら	名詞,接尾,一般,*,*,*,ら,ラ,ラ
の	助詞,連体化,*,*,*,*,の,ノ,ノ
手のひら	名詞,一般,*,*,*,*,手のひら,テノヒラ,テノヒラ
の	助詞,連体化,*,*,*,*,の,ノ,ノ
上	名詞,非自立,副詞可能,*,*,*,上,ウエ,ウエ
に	助詞,格助詞,一般,*,*,*,に,ニ,ニ
置き	動詞,自立,*,*,五段・カ行イ音便,連用形,置く,オキ,オキ
，	記号,読点,*,*,*,*,，,，,，
振	動詞,自立,*,*,五段・ラ行,体言接続特殊２,振る,フ,フ
揺	名詞,固有名詞,人名,名,*,*,揺,ユラ,ユラ
の	助詞,連体化,*,*,*,*,の,ノ,ノ
捧げ	動詞,自立,*,*,一段,連用形,捧げる,ササゲ,ササゲ
物	名詞,接尾,一般,*,*,*,物,ブツ,ブツ
として	助詞,格助詞,連語,*,*,*,として,トシテ,トシテ
それ	名詞,代名詞,一般,*,*,*,それ,ソレ,ソレ
を	助詞,格助詞,一般,*,*,*,を,ヲ,ヲ
エホバ	名詞,一般,*,*,*,*,エホバ,エホバ,エホバ
の	助詞,連体化,*,*,*,*,の,ノ,ノ
前	名詞,副詞可能,*,*,*,*,前,マエ,マエ
に	助詞,格助詞,一般,*,*,*,に,ニ,ニ
揺り動かし	動詞,自立,*,*,五段・サ行,連用形,揺り動かす,ユリウゴカシ,ユリウゴカシ
て	助詞,接続助詞,*,*,*,*,て,テ,テ
いっ	動詞,非自立,*,*,五段・カ行促音便,連用タ接続,いく,イッ,イッ
た	助動詞,*,*,*,特殊・タ,基本形,た,タ,タ
。	記号,句点,*,*,*,*,。,。,。
次いで	接続詞,*,*,*,*,*,次いで,ツイデ,ツイデ
モー	名詞,固有名詞,人名,姓,*,*,モー,モー,モー
セ	名詞,一般,*,*,*,*,セ,セ,セ
は	助詞,係助詞,*,*,*,*,は,ハ,ワ
それ	名詞,代名詞,一般,*,*,*,それ,ソレ,ソレ
を	助詞,格助詞,一般,*,*,*,を,ヲ,ヲ
彼ら	名詞,代名詞,一般,*,*,*,彼ら,カレラ,カレラ
の	助詞,連体化,*,*,*,*,の,ノ,ノ
手のひら	名詞,一般,*,*,*,*,手のひら,テノヒラ,テノヒラ
から	助詞,格助詞,一般,*,*,*,から,カラ,カラ
取り	動詞,自立,*,*,五段・ラ行,連用形,取る,トリ,トリ
，	記号,読点,*,*,*,*,，,，,，
焼	接頭詞,名詞接続,*,*,*,*,焼,ショウ,ショー
燔	名詞,一般,*,*,*,*,*
の	助詞,連体化,*,*,*,*,の,ノ,ノ
捧げ	動詞,自立,*,*,一段,連用形,捧げる,ササゲ,ササゲ
物	名詞,接尾,一般,*,*,*,物,ブツ,ブツ
の	助詞,連体化,*,*,*,*,の,ノ,ノ
上	名詞,非自立,副詞可能,*,*,*,上,ウエ,ウエ
に	助詞,格助詞,一般,*,*,*,に,ニ,ニ
載せ	動詞,自立,*,*,一段,連用形,載せる,ノセ,ノセ
て	助詞,接続助詞,*,*,*,*,て,テ,テ
祭壇	名詞,一般,*,*,*,*,祭壇,サイダン,サイダン
の	助詞,連体化,*,*,*,*,の,ノ,ノ
上	名詞,非自立,副詞可能,*,*,*,上,ウエ,ウエ
で	助詞,格助詞,一般,*,*,*,で,デ,デ
焼い	動詞,自立,*,*,五段・カ行イ音便,連用タ接続,焼く,ヤイ,ヤイ
て	助詞,接続助詞,*,*,*,*,て,テ,テ
煙	名詞,一般,*,*,*,*,煙,ケムリ,ケムリ
に	助詞,格助詞,一般,*,*,*,に,ニ,ニ
し	動詞,自立,*,*,サ変・スル,連用形,する,シ,シ
た	助動詞,*,*,*,特殊・タ,基本形,た,タ,タ
。	記号,句点,*,*,*,*,。,。,。
それら	名詞,代名詞,一般,*,*,*,それら,ソレラ,ソレラ
は	助詞,係助詞,*,*,*,*,は,ハ,ワ
安らぎ	名詞,一般,*,*,*,*,安らぎ,ヤスラギ,ヤスラギ
の	助詞,連体化,*,*,*,*,の,ノ,ノ
香り	名詞,一般,*,*,*,*,香り,カオリ,カオリ
の	助詞,連体化,*,*,*,*,の,ノ,ノ
ため	名詞,非自立,副詞可能,*,*,*,ため,タメ,タメ
の	助詞,連体化,*,*,*,*,の,ノ,ノ
任	名詞,一般,*,*,*,*,任,ニン,ニン
職	名詞,接尾,一般,*,*,*,職,ショク,ショク
の	助詞,連体化,*,*,*,*,の,ノ,ノ
犠牲	名詞,一般,*,*,*,*,犠牲,ギセイ,ギセイ
で	助動詞,*,*,*,特殊・ダ,連用形,だ,デ,デ
あっ	助動詞,*,*,*,五段・ラ行アル,連用タ接続,ある,アッ,アッ
た	助動詞,*,*,*,特殊・タ,基本形,た,タ,タ
。	記号,句点,*,*,*,*,。,。,。
それ	名詞,代名詞,一般,*,*,*,それ,ソレ,ソレ
は	助詞,係助詞,*,*,*,*,は,ハ,ワ
エホバ	名詞,一般,*,*,*,*,エホバ,エホバ,エホバ
へ	助詞,格助詞,一般,*,*,*,へ,ヘ,エ
の	助詞,連体化,*,*,*,*,の,ノ,ノ
火	名詞,一般,*,*,*,*,火,ヒ,ヒ
による	助詞,格助詞,連語,*,*,*,による,ニヨル,ニヨル
捧げ	動詞,自立,*,*,一段,連用形,捧げる,ササゲ,ササゲ
物	名詞,接尾,一般,*,*,*,物,ブツ,ブツ
で	助動詞,*,*,*,特殊・ダ,連用形,だ,デ,デ
あっ	助動詞,*,*,*,五段・ラ行アル,連用タ接続,ある,アッ,アッ
た	助動詞,*,*,*,特殊・タ,基本形,た,タ,タ
。	記号,句点,*,*,*,*,。,。,。
それ	名詞,代名詞,一般,*,*,*,それ,ソレ,ソレ
から	助詞,格助詞,一般,*,*,*,から,カラ,カラ
モー	名詞,固有名詞,人名,姓,*,*,モー,モー,モー
セ	名詞,一般,*,*,*,*,セ,セ,セ
は	助詞,係助詞,*,*,*,*,は,ハ,ワ
その	連体詞,*,*,*,*,*,その,ソノ,ソノ
胸	名詞,一般,*,*,*,*,胸,ムネ,ムネ
を	助詞,格助詞,一般,*,*,*,を,ヲ,ヲ
取り	動詞,自立,*,*,五段・ラ行,連用形,取る,トリ,トリ
，	記号,読点,*,*,*,*,，,，,，
それ	名詞,代名詞,一般,*,*,*,それ,ソレ,ソレ
を	助詞,格助詞,一般,*,*,*,を,ヲ,ヲ
振	動詞,自立,*,*,五段・ラ行,体言接続特殊２,振る,フ,フ
揺	名詞,固有名詞,人名,名,*,*,揺,ユラ,ユラ
の	助詞,連体化,*,*,*,*,の,ノ,ノ
捧げ	動詞,自立,*,*,一段,連用形,捧げる,ササゲ,ササゲ
物	名詞,接尾,一般,*,*,*,物,ブツ,ブツ
として	助詞,格助詞,連語,*,*,*,として,トシテ,トシテ
エホバ	名詞,一般,*,*,*,*,エホバ,エホバ,エホバ
の	助詞,連体化,*,*,*,*,の,ノ,ノ
前	名詞,副詞可能,*,*,*,*,前,マエ,マエ
に	助詞,格助詞,一般,*,*,*,に,ニ,ニ
揺り動かし	動詞,自立,*,*,五段・サ行,連用形,揺り動かす,ユリウゴカシ,ユリウゴカシ
た	助動詞,*,*,*,特殊・タ,基本形,た,タ,タ
。	記号,句点,*,*,*,*,。,。,。
任	名詞,一般,*,*,*,*,任,ニン,ニン
職	名詞,接尾,一般,*,*,*,職,ショク,ショク
の	助詞,連体化,*,*,*,*,の,ノ,ノ
雄	接頭詞,名詞接続,*,*,*,*,雄,オ,オ
羊	名詞,一般,*,*,*,*,羊,ヒツジ,ヒツジ
の	助詞,連体化,*,*,*,*,の,ノ,ノ
うち	名詞,非自立,副詞可能,*,*,*,うち,ウチ,ウチ
それ	名詞,代名詞,一般,*,*,*,それ,ソレ,ソレ
が	助詞,格助詞,一般,*,*,*,が,ガ,ガ
モー	名詞,固有名詞,人名,姓,*,*,モー,モー,モー
セ	名詞,一般,*,*,*,*,セ,セ,セ
の	助詞,連体化,*,*,*,*,の,ノ,ノ
受け	名詞,一般,*,*,*,*,受け,ウケ,ウケ
分	名詞,接尾,一般,*,*,*,分,ブン,ブン
と	助詞,格助詞,一般,*,*,*,と,ト,ト
なり	動詞,自立,*,*,五段・ラ行,連用形,なる,ナリ,ナリ
，	記号,読点,*,*,*,*,，,，,，
エホバ	名詞,一般,*,*,*,*,エホバ,エホバ,エホバ
が	助詞,格助詞,一般,*,*,*,が,ガ,ガ
モー	名詞,固有名詞,人名,姓,*,*,モー,モー,モー
セ	名詞,一般,*,*,*,*,セ,セ,セ
に	助詞,格助詞,一般,*,*,*,に,ニ,ニ
命じ	動詞,自立,*,*,一段,連用形,命じる,メイジ,メイジ
た	助動詞,*,*,*,特殊・タ,基本形,た,タ,タ
とおり	名詞,非自立,副詞可能,*,*,*,とおり,トオリ,トーリ
に	助詞,格助詞,一般,*,*,*,に,ニ,ニ
さ	動詞,自立,*,*,サ変・スル,未然レル接続,する,サ,サ
れ	動詞,接尾,*,*,一段,連用形,れる,レ,レ
た	助動詞,*,*,*,特殊・タ,基本形,た,タ,タ
。	記号,句点,*,*,*,*,。,。,。
その後	名詞,副詞可能,*,*,*,*,その後,ソノゴ,ソノゴ
モーセ	名詞,一般,*,*,*,*,*
は	助詞,係助詞,*,*,*,*,は,ハ,ワ
そそぎ	動詞,自立,*,*,五段・ガ行,連用形,そそぐ,ソソギ,ソソギ
油	名詞,一般,*,*,*,*,油,アブラ,アブラ
と	助詞,並立助詞,*,*,*,*,と,ト,ト
祭壇	名詞,一般,*,*,*,*,祭壇,サイダン,サイダン
の	助詞,連体化,*,*,*,*,の,ノ,ノ
上	名詞,非自立,副詞可能,*,*,*,上,ウエ,ウエ
に	助詞,格助詞,一般,*,*,*,に,ニ,ニ
あっ	動詞,自立,*,*,五段・ラ行,連用タ接続,ある,アッ,アッ
た	助動詞,*,*,*,特殊・タ,基本形,た,タ,タ
血	名詞,一般,*,*,*,*,血,チ,チ
と	助詞,並立助詞,*,*,*,*,と,ト,ト
を	助詞,格助詞,一般,*,*,*,を,ヲ,ヲ
幾らか	副詞,一般,*,*,*,*,幾らか,イクラカ,イクラカ
取り	動詞,自立,*,*,五段・ラ行,連用形,取る,トリ,トリ
，	記号,読点,*,*,*,*,，,，,，
それ	名詞,代名詞,一般,*,*,*,それ,ソレ,ソレ
を	助詞,格助詞,一般,*,*,*,を,ヲ,ヲ
アロン	名詞,一般,*,*,*,*,アロン,アロン,アロン
と	助詞,格助詞,一般,*,*,*,と,ト,ト
その	連体詞,*,*,*,*,*,その,ソノ,ソノ
衣	名詞,一般,*,*,*,*,衣,コロモ,コロモ
，	記号,読点,*,*,*,*,，,，,，
および	接続詞,*,*,*,*,*,および,オヨビ,オヨビ
それ	名詞,代名詞,一般,*,*,*,それ,ソレ,ソレ
と	助詞,格助詞,一般,*,*,*,と,ト,ト
共に	副詞,一般,*,*,*,*,共に,トモニ,トモニ
い	動詞,自立,*,*,一段,連用形,いる,イ,イ
た	助動詞,*,*,*,特殊・タ,基本形,た,タ,タ
その	連体詞,*,*,*,*,*,その,ソノ,ソノ
子	名詞,一般,*,*,*,*,子,コ,コ
ら	名詞,接尾,一般,*,*,*,ら,ラ,ラ
と	助詞,格助詞,一般,*,*,*,と,ト,ト
その	連体詞,*,*,*,*,*,その,ソノ,ソノ
子	名詞,一般,*,*,*,*,子,コ,コ
ら	名詞,接尾,一般,*,*,*,ら,ラ,ラ
の	助詞,連体化,*,*,*,*,の,ノ,ノ
衣	名詞,一般,*,*,*,*,衣,コロモ,コロモ
と	助詞,並立助詞,*,*,*,*,と,ト,ト
に	助詞,格助詞,一般,*,*,*,に,ニ,ニ
はね	動詞,自立,*,*,一段,連用形,はねる,ハネ,ハネ
掛け	動詞,自立,*,*,一段,連用形,掛ける,カケ,カケ
た	助動詞,*,*,*,特殊・タ,基本形,た,タ,タ
。	記号,句点,*,*,*,*,。,。,。
こうして	接続詞,*,*,*,*,*,こうして,コウシテ,コーシテ
彼	名詞,代名詞,一般,*,*,*,彼,カレ,カレ
は	助詞,係助詞,*,*,*,*,は,ハ,ワ
アロン	名詞,一般,*,*,*,*,アロン,アロン,アロン
と	助詞,格助詞,一般,*,*,*,と,ト,ト
その	連体詞,*,*,*,*,*,その,ソノ,ソノ
衣	名詞,一般,*,*,*,*,衣,コロモ,コロモ
，	記号,読点,*,*,*,*,，,，,，
および	接続詞,*,*,*,*,*,および,オヨビ,オヨビ
それ	名詞,代名詞,一般,*,*,*,それ,ソレ,ソレ
と	助詞,格助詞,一般,*,*,*,と,ト,ト
共に	副詞,一般,*,*,*,*,共に,トモニ,トモニ
い	動詞,自立,*,*,一段,連用形,いる,イ,イ
た	助動詞,*,*,*,特殊・タ,基本形,た,タ,タ
その	連体詞,*,*,*,*,*,その,ソノ,ソノ
子	名詞,一般,*,*,*,*,子,コ,コ
ら	名詞,接尾,一般,*,*,*,ら,ラ,ラ
と	助詞,格助詞,一般,*,*,*,と,ト,ト
その	連体詞,*,*,*,*,*,その,ソノ,ソノ
子	名詞,一般,*,*,*,*,子,コ,コ
ら	名詞,接尾,一般,*,*,*,ら,ラ,ラ
の	助詞,連体化,*,*,*,*,の,ノ,ノ
衣	名詞,一般,*,*,*,*,衣,コロモ,コロモ
と	助詞,並立助詞,*,*,*,*,と,ト,ト
を	助詞,格助詞,一般,*,*,*,を,ヲ,ヲ
神聖	名詞,形容動詞語幹,*,*,*,*,神聖,シンセイ,シンセイ
な	助動詞,*,*,*,特殊・ダ,体言接続,だ,ナ,ナ
もの	名詞,非自立,一般,*,*,*,もの,モノ,モノ
と	助詞,格助詞,一般,*,*,*,と,ト,ト
し	動詞,自立,*,*,サ変・スル,連用形,する,シ,シ
た	助動詞,*,*,*,特殊・タ,基本形,た,タ,タ
。	記号,句点,*,*,*,*,。,。,。
次いで	接続詞,*,*,*,*,*,次いで,ツイデ,ツイデ
モー	名詞,固有名詞,人名,姓,*,*,モー,モー,モー
セ	名詞,一般,*,*,*,*,セ,セ,セ
は	助詞,係助詞,*,*,*,*,は,ハ,ワ
アロン	名詞,一般,*,*,*,*,アロン,アロン,アロン
と	助詞,格助詞,一般,*,*,*,と,ト,ト
その	連体詞,*,*,*,*,*,その,ソノ,ソノ
子	名詞,一般,*,*,*,*,子,コ,コ
ら	名詞,接尾,一般,*,*,*,ら,ラ,ラ
に	助詞,格助詞,一般,*,*,*,に,ニ,ニ
言っ	動詞,自立,*,*,五段・ワ行促音便,連用タ接続,言う,イッ,イッ
た	助動詞,*,*,*,特殊・タ,基本形,た,タ,タ
，	記号,読点,*,*,*,*,，,，,，
「	記号,括弧開,*,*,*,*,「,「,「
その	連体詞,*,*,*,*,*,その,ソノ,ソノ
肉	名詞,一般,*,*,*,*,肉,ニク,ニク
を	助詞,格助詞,一般,*,*,*,を,ヲ,ヲ
会見	名詞,サ変接続,*,*,*,*,会見,カイケン,カイケン
の	助詞,連体化,*,*,*,*,の,ノ,ノ
天幕	名詞,一般,*,*,*,*,天幕,テンマク,テンマク
の	助詞,連体化,*,*,*,*,の,ノ,ノ
入口	名詞,一般,*,*,*,*,入口,イリグチ,イリグチ
の	助詞,連体化,*,*,*,*,の,ノ,ノ
ところ	名詞,非自立,副詞可能,*,*,*,ところ,トコロ,トコロ
で	助詞,格助詞,一般,*,*,*,で,デ,デ
煮	動詞,自立,*,*,一段,連用形,煮る,ニ,ニ
なさい	動詞,非自立,*,*,五段・ラ行特殊,命令ｉ,なさる,ナサイ,ナサイ
。	記号,句点,*,*,*,*,。,。,。
そこ	名詞,代名詞,一般,*,*,*,そこ,ソコ,ソコ
において	助詞,格助詞,連語,*,*,*,において,ニオイテ,ニオイテ
あなた	名詞,代名詞,一般,*,*,*,あなた,アナタ,アナタ
方	名詞,接尾,一般,*,*,*,方,カタ,カタ
は	助詞,係助詞,*,*,*,*,は,ハ,ワ
それ	名詞,代名詞,一般,*,*,*,それ,ソレ,ソレ
を	助詞,格助詞,一般,*,*,*,を,ヲ,ヲ
，	記号,読点,*,*,*,*,，,，,，
また	接続詞,*,*,*,*,*,また,マタ,マタ
任	名詞,一般,*,*,*,*,任,ニン,ニン
職	名詞,接尾,一般,*,*,*,職,ショク,ショク
の	助詞,連体化,*,*,*,*,の,ノ,ノ
かご	名詞,一般,*,*,*,*,かご,カゴ,カゴ
の	助詞,連体化,*,*,*,*,の,ノ,ノ
中	名詞,非自立,副詞可能,*,*,*,中,ナカ,ナカ
に	助詞,格助詞,一般,*,*,*,に,ニ,ニ
ある	動詞,自立,*,*,五段・ラ行,基本形,ある,アル,アル
パン	名詞,一般,*,*,*,*,パン,パン,パン
を	助詞,格助詞,一般,*,*,*,を,ヲ,ヲ
食べ	動詞,自立,*,*,一段,連用形,食べる,タベ,タベ
ます	助動詞,*,*,*,特殊・マス,基本形,ます,マス,マス
。	記号,句点,*,*,*,*,。,。,。
『	記号,括弧開,*,*,*,*,『,『,『
アロン	名詞,一般,*,*,*,*,アロン,アロン,アロン
と	助詞,格助詞,一般,*,*,*,と,ト,ト
その	連体詞,*,*,*,*,*,その,ソノ,ソノ
子	名詞,一般,*,*,*,*,子,コ,コ
ら	名詞,接尾,一般,*,*,*,ら,ラ,ラ
が	助詞,格助詞,一般,*,*,*,が,ガ,ガ
それ	名詞,代名詞,一般,*,*,*,それ,ソレ,ソレ
を	助詞,格助詞,一般,*,*,*,を,ヲ,ヲ
食べる	動詞,自立,*,*,一段,基本形,食べる,タベル,タベル
』	記号,括弧閉,*,*,*,*,』,』,』
と	助詞,格助詞,引用,*,*,*,と,ト,ト
，	記号,読点,*,*,*,*,，,，,，
わたし	名詞,代名詞,一般,*,*,*,わたし,ワタシ,ワタシ
が	助詞,格助詞,一般,*,*,*,が,ガ,ガ
命令	名詞,サ変接続,*,*,*,*,命令,メイレイ,メイレイ
を	助詞,格助詞,一般,*,*,*,を,ヲ,ヲ
受け	動詞,自立,*,*,一段,連用形,受ける,ウケ,ウケ
た	助動詞,*,*,*,特殊・タ,基本形,た,タ,タ
とおり	名詞,非自立,副詞可能,*,*,*,とおり,トオリ,トーリ
です	助動詞,*,*,*,特殊・デス,基本形,です,デス,デス
。	記号,句点,*,*,*,*,。,。,。
そして	接続詞,*,*,*,*,*,そして,ソシテ,ソシテ
，	記号,読点,*,*,*,*,，,，,，
肉	名詞,一般,*,*,*,*,肉,ニク,ニク
と	助詞,並立助詞,*,*,*,*,と,ト,ト
パン	名詞,一般,*,*,*,*,パン,パン,パン
の	助詞,連体化,*,*,*,*,の,ノ,ノ
残り	名詞,一般,*,*,*,*,残り,ノコリ,ノコリ
は	助詞,係助詞,*,*,*,*,は,ハ,ワ
火	名詞,一般,*,*,*,*,火,ヒ,ヒ
で	助詞,格助詞,一般,*,*,*,で,デ,デ
焼き	動詞,自立,*,*,五段・カ行イ音便,連用形,焼く,ヤキ,ヤキ
ます	助動詞,*,*,*,特殊・マス,基本形,ます,マス,マス
。	記号,句点,*,*,*,*,。,。,。
そして	接続詞,*,*,*,*,*,そして,ソシテ,ソシテ
あなた	名詞,代名詞,一般,*,*,*,あなた,アナタ,アナタ
方	名詞,接尾,一般,*,*,*,方,カタ,カタ
は	助詞,係助詞,*,*,*,*,は,ハ,ワ
，	記号,読点,*,*,*,*,，,，,，
あなた	名詞,代名詞,一般,*,*,*,あなた,アナタ,アナタ
方	名詞,接尾,一般,*,*,*,方,カタ,カタ
の	助詞,連体化,*,*,*,*,の,ノ,ノ
任	名詞,一般,*,*,*,*,任,ニン,ニン
職	名詞,接尾,一般,*,*,*,職,ショク,ショク
の	助詞,連体化,*,*,*,*,の,ノ,ノ
ため	名詞,非自立,副詞可能,*,*,*,ため,タメ,タメ
の	助詞,連体化,*,*,*,*,の,ノ,ノ
日数	名詞,一般,*,*,*,*,日数,ニッスウ,ニッスー
を	助詞,格助詞,一般,*,*,*,を,ヲ,ヲ
満たす	動詞,自立,*,*,五段・サ行,基本形,満たす,ミタス,ミタス
日	名詞,非自立,副詞可能,*,*,*,日,ヒ,ヒ
まで	助詞,副助詞,*,*,*,*,まで,マデ,マデ
七	名詞,数,*,*,*,*,七,ナナ,ナナ
日	名詞,接尾,助数詞,*,*,*,日,ニチ,ニチ
の	助詞,連体化,*,*,*,*,の,ノ,ノ
あいだ	名詞,固有名詞,地域,一般,*,*,あいだ,アイダ,アイダ
会見	名詞,サ変接続,*,*,*,*,会見,カイケン,カイケン
の	助詞,連体化,*,*,*,*,の,ノ,ノ
天幕	名詞,一般,*,*,*,*,天幕,テンマク,テンマク
の	助詞,連体化,*,*,*,*,の,ノ,ノ
入口	名詞,一般,*,*,*,*,入口,イリグチ,イリグチ
から	助詞,格助詞,一般,*,*,*,から,カラ,カラ
出	動詞,自立,*,*,一段,連用形,出る,デ,デ
て	助詞,接続助詞,*,*,*,*,て,テ,テ
は	助詞,係助詞,*,*,*,*,は,ハ,ワ
なり	動詞,非自立,*,*,五段・ラ行,連用形,なる,ナリ,ナリ
ませ	助動詞,*,*,*,特殊・マス,未然形,ます,マセ,マセ
ん	助動詞,*,*,*,不変化型,基本形,ん,ン,ン
。	記号,句点,*,*,*,*,。,。,。
あなた	名詞,代名詞,一般,*,*,*,あなた,アナタ,アナタ
方	名詞,接尾,一般,*,*,*,方,カタ,カタ
の	助詞,連体化,*,*,*,*,の,ノ,ノ
手	名詞,一般,*,*,*,*,手,テ,テ
に	助詞,格助詞,一般,*,*,*,に,ニ,ニ
力	名詞,一般,*,*,*,*,力,チカラ,チカラ
を	助詞,格助詞,一般,*,*,*,を,ヲ,ヲ
満たす	動詞,自立,*,*,五段・サ行,基本形,満たす,ミタス,ミタス
に	助詞,格助詞,一般,*,*,*,に,ニ,ニ
は	助詞,係助詞,*,*,*,*,は,ハ,ワ
七	名詞,数,*,*,*,*,七,ナナ,ナナ
日	名詞,接尾,助数詞,*,*,*,日,ニチ,ニチ
かかる	動詞,自立,*,*,五段・ラ行,基本形,かかる,カカル,カカル
から	助詞,接続助詞,*,*,*,*,から,カラ,カラ
です	助動詞,*,*,*,特殊・デス,基本形,です,デス,デス
。	記号,句点,*,*,*,*,。,。,。
今日	名詞,副詞可能,*,*,*,*,今日,キョウ,キョー
し	動詞,自立,*,*,サ変・スル,連用形,する,シ,シ
た	助動詞,*,*,*,特殊・タ,基本形,た,タ,タ
とおり	名詞,非自立,副詞可能,*,*,*,とおり,トオリ,トーリ
に	助詞,格助詞,一般,*,*,*,に,ニ,ニ
行なっ	動詞,自立,*,*,五段・ワ行促音便,連用タ接続,行なう,オコナッ,オコナッ
て	助詞,接続助詞,*,*,*,*,て,テ,テ
あなた	名詞,代名詞,一般,*,*,*,あなた,アナタ,アナタ
方	名詞,接尾,一般,*,*,*,方,カタ,カタ
の	助詞,連体化,*,*,*,*,の,ノ,ノ
ため	名詞,非自立,副詞可能,*,*,*,ため,タメ,タメ
の	助詞,連体化,*,*,*,*,の,ノ,ノ
贖罪	名詞,一般,*,*,*,*,贖罪,ショクザイ,ショクザイ
を	助詞,格助詞,一般,*,*,*,を,ヲ,ヲ
行なう	動詞,自立,*,*,五段・ワ行促音便,基本形,行なう,オコナウ,オコナウ
よう	名詞,非自立,助動詞語幹,*,*,*,よう,ヨウ,ヨー
に	助詞,副詞化,*,*,*,*,に,ニ,ニ
と	助詞,格助詞,引用,*,*,*,と,ト,ト
，	記号,読点,*,*,*,*,，,，,，
エホバ	名詞,一般,*,*,*,*,エホバ,エホバ,エホバ
は	助詞,係助詞,*,*,*,*,は,ハ,ワ
お	接頭詞,名詞接続,*,*,*,*,お,オ,オ
命じ	動詞,自立,*,*,一段,連用形,命じる,メイジ,メイジ
に	助詞,格助詞,一般,*,*,*,に,ニ,ニ
なり	動詞,自立,*,*,五段・ラ行,連用形,なる,ナリ,ナリ
まし	助動詞,*,*,*,特殊・マス,連用形,ます,マシ,マシ
た	助動詞,*,*,*,特殊・タ,基本形,た,タ,タ
。	記号,句点,*,*,*,*,。,。,。
それで	接続詞,*,*,*,*,*,それで,ソレデ,ソレデ
あなた	名詞,代名詞,一般,*,*,*,あなた,アナタ,アナタ
方	名詞,接尾,一般,*,*,*,方,カタ,カタ
は	助詞,係助詞,*,*,*,*,は,ハ,ワ
会見	名詞,サ変接続,*,*,*,*,会見,カイケン,カイケン
の	助詞,連体化,*,*,*,*,の,ノ,ノ
天幕	名詞,一般,*,*,*,*,天幕,テンマク,テンマク
の	助詞,連体化,*,*,*,*,の,ノ,ノ
入口	名詞,一般,*,*,*,*,入口,イリグチ,イリグチ
に	助詞,格助詞,一般,*,*,*,に,ニ,ニ
七	名詞,数,*,*,*,*,七,ナナ,ナナ
日	名詞,接尾,助数詞,*,*,*,日,ニチ,ニチ
の	助詞,連体化,*,*,*,*,の,ノ,ノ
あいだ	名詞,固有名詞,地域,一般,*,*,あいだ,アイダ,アイダ
日	名詞,接尾,一般,*,*,*,日,ビ,ビ
夜	名詞,副詞可能,*,*,*,*,夜,ヨル,ヨル
とどまり	動詞,自立,*,*,五段・ラ行,連用形,とどまる,トドマリ,トドマリ
ます	助動詞,*,*,*,特殊・マス,基本形,ます,マス,マス
。	記号,句点,*,*,*,*,。,。,。
あなた	名詞,代名詞,一般,*,*,*,あなた,アナタ,アナタ
方	名詞,接尾,一般,*,*,*,方,カタ,カタ
は	助詞,係助詞,*,*,*,*,は,ハ,ワ
エホバ	名詞,一般,*,*,*,*,エホバ,エホバ,エホバ
に対する	助詞,格助詞,連語,*,*,*,に対する,ニタイスル,ニタイスル
見張り	名詞,一般,*,*,*,*,見張り,ミハリ,ミハリ
の	助詞,連体化,*,*,*,*,の,ノ,ノ
務め	名詞,一般,*,*,*,*,務め,ツトメ,ツトメ
を	助詞,格助詞,一般,*,*,*,を,ヲ,ヲ
守っ	動詞,自立,*,*,五段・ラ行,連用タ接続,守る,マモッ,マモッ
て	助詞,接続助詞,*,*,*,*,て,テ,テ
，	記号,読点,*,*,*,*,，,，,，
死ぬ	動詞,自立,*,*,五段・ナ行,基本形,死ぬ,シヌ,シヌ
こと	名詞,非自立,一般,*,*,*,こと,コト,コト
の	助詞,格助詞,一般,*,*,*,の,ノ,ノ
ない	形容詞,自立,*,*,形容詞・アウオ段,基本形,ない,ナイ,ナイ
よう	名詞,非自立,助動詞語幹,*,*,*,よう,ヨウ,ヨー
に	助詞,格助詞,一般,*,*,*,に,ニ,ニ
し	動詞,自立,*,*,サ変・スル,未然形,する,シ,シ
なけれ	助動詞,*,*,*,特殊・ナイ,仮定形,ない,ナケレ,ナケレ
ば	助詞,接続助詞,*,*,*,*,ば,バ,バ
なり	動詞,非自立,*,*,五段・ラ行,連用形,なる,ナリ,ナリ
ませ	助動詞,*,*,*,特殊・マス,未然形,ます,マセ,マセ
ん	助動詞,*,*,*,不変化型,基本形,ん,ン,ン
。	記号,句点,*,*,*,*,。,。,。
わたし	名詞,代名詞,一般,*,*,*,わたし,ワタシ,ワタシ
は	助詞,係助詞,*,*,*,*,は,ハ,ワ
その	連体詞,*,*,*,*,*,その,ソノ,ソノ
よう	名詞,非自立,助動詞語幹,*,*,*,よう,ヨウ,ヨー
に	助詞,副詞化,*,*,*,*,に,ニ,ニ
命じ	動詞,自立,*,*,一段,未然形,命じる,メイジ,メイジ
られ	動詞,接尾,*,*,一段,連用形,られる,ラレ,ラレ
て	助詞,接続助詞,*,*,*,*,て,テ,テ
いる	動詞,非自立,*,*,一段,基本形,いる,イル,イル
の	名詞,非自立,一般,*,*,*,の,ノ,ノ
です	助動詞,*,*,*,特殊・デス,基本形,です,デス,デス
」	記号,括弧閉,*,*,*,*,」,」,」
。	記号,句点,*,*,*,*,。,。,。
その後	名詞,副詞可能,*,*,*,*,その後,ソノゴ,ソノゴ
アロン	名詞,一般,*,*,*,*,アロン,アロン,アロン
と	助詞,格助詞,一般,*,*,*,と,ト,ト
その	連体詞,*,*,*,*,*,その,ソノ,ソノ
子	名詞,一般,*,*,*,*,子,コ,コ
ら	名詞,接尾,一般,*,*,*,ら,ラ,ラ
は	助詞,係助詞,*,*,*,*,は,ハ,ワ
，	記号,読点,*,*,*,*,，,，,，
エホバ	名詞,一般,*,*,*,*,エホバ,エホバ,エホバ
が	助詞,格助詞,一般,*,*,*,が,ガ,ガ
モー	名詞,固有名詞,人名,姓,*,*,モー,モー,モー
セ	名詞,一般,*,*,*,*,セ,セ,セ
を通して	助詞,格助詞,連語,*,*,*,を通して,ヲトオシテ,ヲトーシテ
命じ	動詞,自立,*,*,一段,連用形,命じる,メイジ,メイジ
た	助動詞,*,*,*,特殊・タ,基本形,た,タ,タ
すべて	名詞,副詞可能,*,*,*,*,すべて,スベテ,スベテ
の	助詞,連体化,*,*,*,*,の,ノ,ノ
事柄	名詞,一般,*,*,*,*,事柄,コトガラ,コトガラ
を	助詞,格助詞,一般,*,*,*,を,ヲ,ヲ
行なっ	動詞,自立,*,*,五段・ワ行促音便,連用タ接続,行なう,オコナッ,オコナッ
た	助動詞,*,*,*,特殊・タ,基本形,た,タ,タ
。	記号,句点,*,*,*,*,。,。,。
EOS
