それから	接続詞,*,*,*,*,*,それから,ソレカラ,ソレカラ
エホバ	名詞,一般,*,*,*,*,エホバ,エホバ,エホバ
は	助詞,係助詞,*,*,*,*,は,ハ,ワ
モー	名詞,固有名詞,人名,姓,*,*,モー,モー,モー
セ	名詞,一般,*,*,*,*,セ,セ,セ
と	助詞,並立助詞,*,*,*,*,と,ト,ト
アロン	名詞,一般,*,*,*,*,アロン,アロン,アロン
に	助詞,格助詞,一般,*,*,*,に,ニ,ニ
話し	動詞,自立,*,*,五段・サ行,連用形,話す,ハナシ,ハナシ
て	助詞,接続助詞,*,*,*,*,て,テ,テ
言わ	動詞,自立,*,*,五段・ワ行促音便,未然形,言う,イワ,イワ
れ	動詞,接尾,*,*,一段,連用形,れる,レ,レ
た	助動詞,*,*,*,特殊・タ,基本形,た,タ,タ
，	記号,読点,*,*,*,*,，,，,，
「	記号,括弧開,*,*,*,*,「,「,「
イスラエル	名詞,固有名詞,地域,国,*,*,イスラエル,イスラエル,イスラエル
の	助詞,連体化,*,*,*,*,の,ノ,ノ
子	名詞,一般,*,*,*,*,子,コ,コ
ら	名詞,接尾,一般,*,*,*,ら,ラ,ラ
に	助詞,格助詞,一般,*,*,*,に,ニ,ニ
話し	動詞,自立,*,*,五段・サ行,連用形,話す,ハナシ,ハナシ
て	助詞,接続助詞,*,*,*,*,て,テ,テ
こう	副詞,助詞類接続,*,*,*,*,こう,コウ,コー
言い	動詞,自立,*,*,五段・ワ行促音便,連用形,言う,イイ,イイ
なさい	動詞,非自立,*,*,五段・ラ行特殊,命令ｉ,なさる,ナサイ,ナサイ
。	記号,句点,*,*,*,*,。,。,。
『	記号,括弧開,*,*,*,*,『,『,『
これ	名詞,代名詞,一般,*,*,*,これ,コレ,コレ
は	助詞,係助詞,*,*,*,*,は,ハ,ワ
地	名詞,一般,*,*,*,*,地,チ,チ
に	助詞,格助詞,一般,*,*,*,に,ニ,ニ
いる	動詞,自立,*,*,一段,基本形,いる,イル,イル
すべて	名詞,副詞可能,*,*,*,*,すべて,スベテ,スベテ
の	助詞,連体化,*,*,*,*,の,ノ,ノ
獣	名詞,一般,*,*,*,*,獣,シシ,シシ
の	助詞,連体化,*,*,*,*,の,ノ,ノ
うち	名詞,非自立,副詞可能,*,*,*,うち,ウチ,ウチ
あなた	名詞,代名詞,一般,*,*,*,あなた,アナタ,アナタ
方	名詞,接尾,一般,*,*,*,方,カタ,カタ
が	助詞,格助詞,一般,*,*,*,が,ガ,ガ
食べ	動詞,自立,*,*,一段,連用形,食べる,タベ,タベ
て	助詞,接続助詞,*,*,*,*,て,テ,テ
よい	形容詞,非自立,*,*,形容詞・アウオ段,基本形,よい,ヨイ,ヨイ
生き物	名詞,一般,*,*,*,*,生き物,イキモノ,イキモノ
で	助動詞,*,*,*,特殊・ダ,連用形,だ,デ,デ
ある	助動詞,*,*,*,五段・ラ行アル,基本形,ある,アル,アル
。	記号,句点,*,*,*,*,。,。,。
すなわち	接続詞,*,*,*,*,*,すなわち,スナワチ,スナワチ
，	記号,読点,*,*,*,*,，,，,，
獣	名詞,一般,*,*,*,*,獣,シシ,シシ
の	助詞,連体化,*,*,*,*,の,ノ,ノ
うち	名詞,非自立,副詞可能,*,*,*,うち,ウチ,ウチ
，	記号,読点,*,*,*,*,，,，,，
ひ	動詞,自立,*,*,一段,連用形,ひる,ヒ,ヒ
づめ	名詞,一般,*,*,*,*,*
が	助詞,格助詞,一般,*,*,*,が,ガ,ガ
分かれ	動詞,自立,*,*,一段,連用形,分かれる,ワカレ,ワカレ
て	助詞,接続助詞,*,*,*,*,て,テ,テ
い	動詞,非自立,*,*,一段,連用形,いる,イ,イ
て	助詞,接続助詞,*,*,*,*,て,テ,テ
その	連体詞,*,*,*,*,*,その,ソノ,ソノ
ひ	動詞,自立,*,*,一段,連用形,ひる,ヒ,ヒ
づめ	名詞,一般,*,*,*,*,*
が	助詞,格助詞,一般,*,*,*,が,ガ,ガ
裂け目	名詞,一般,*,*,*,*,裂け目,サケメ,サケメ
を	助詞,格助詞,一般,*,*,*,を,ヲ,ヲ
なし	動詞,自立,*,*,五段・サ行,連用形,なす,ナシ,ナシ
，	記号,読点,*,*,*,*,，,，,，
しかも	接続詞,*,*,*,*,*,しかも,シカモ,シカモ
反すう	名詞,サ変接続,*,*,*,*,反すう,ハンスウ,ハンスー
する	動詞,自立,*,*,サ変・スル,基本形,する,スル,スル
すべて	名詞,副詞可能,*,*,*,*,すべて,スベテ,スベテ
の	助詞,連体化,*,*,*,*,の,ノ,ノ
生き物	名詞,一般,*,*,*,*,生き物,イキモノ,イキモノ
，	記号,読点,*,*,*,*,，,，,，
それ	名詞,代名詞,一般,*,*,*,それ,ソレ,ソレ
が	助詞,格助詞,一般,*,*,*,が,ガ,ガ
あなた	名詞,代名詞,一般,*,*,*,あなた,アナタ,アナタ
方	名詞,接尾,一般,*,*,*,方,カタ,カタ
の	助詞,連体化,*,*,*,*,の,ノ,ノ
食べ	動詞,自立,*,*,一段,連用形,食べる,タベ,タベ
て	助詞,接続助詞,*,*,*,*,て,テ,テ
よい	形容詞,非自立,*,*,形容詞・アウオ段,基本形,よい,ヨイ,ヨイ
もの	名詞,非自立,一般,*,*,*,もの,モノ,モノ
で	助動詞,*,*,*,特殊・ダ,連用形,だ,デ,デ
ある	助動詞,*,*,*,五段・ラ行アル,基本形,ある,アル,アル
。	記号,句点,*,*,*,*,。,。,。
「	記号,括弧開,*,*,*,*,「,「,「
『	記号,括弧開,*,*,*,*,『,『,『
しかし	接続詞,*,*,*,*,*,しかし,シカシ,シカシ
，	記号,読点,*,*,*,*,，,，,，
反すう	名詞,サ変接続,*,*,*,*,反すう,ハンスウ,ハンスー
する	動詞,自立,*,*,サ変・スル,基本形,する,スル,スル
もの	名詞,非自立,一般,*,*,*,もの,モノ,モノ
や	助詞,並立助詞,*,*,*,*,や,ヤ,ヤ
ひ	動詞,自立,*,*,一段,連用形,ひる,ヒ,ヒ
づめ	名詞,一般,*,*,*,*,*
が	助詞,格助詞,一般,*,*,*,が,ガ,ガ
分かれ	動詞,自立,*,*,一段,連用形,分かれる,ワカレ,ワカレ
て	助詞,接続助詞,*,*,*,*,て,テ,テ
いる	動詞,非自立,*,*,一段,基本形,いる,イル,イル
もの	名詞,非自立,一般,*,*,*,もの,モノ,モノ
で	助動詞,*,*,*,特殊・ダ,連用形,だ,デ,デ
も	助詞,係助詞,*,*,*,*,も,モ,モ
，	記号,読点,*,*,*,*,，,，,，
これ	名詞,代名詞,一般,*,*,*,これ,コレ,コレ
は	助詞,係助詞,*,*,*,*,は,ハ,ワ
あなた	名詞,代名詞,一般,*,*,*,あなた,アナタ,アナタ
方	名詞,接尾,一般,*,*,*,方,カタ,カタ
が	助詞,格助詞,一般,*,*,*,が,ガ,ガ
食べ	動詞,自立,*,*,一段,連用形,食べる,タベ,タベ
て	助詞,接続助詞,*,*,*,*,て,テ,テ
は	助詞,係助詞,*,*,*,*,は,ハ,ワ
なら	動詞,非自立,*,*,五段・ラ行,未然形,なる,ナラ,ナラ
ない	助動詞,*,*,*,特殊・ナイ,基本形,ない,ナイ,ナイ
もの	名詞,非自立,一般,*,*,*,もの,モノ,モノ
で	助動詞,*,*,*,特殊・ダ,連用形,だ,デ,デ
ある	助動詞,*,*,*,五段・ラ行アル,基本形,ある,アル,アル
。	記号,句点,*,*,*,*,。,。,。
すなわち	接続詞,*,*,*,*,*,すなわち,スナワチ,スナワチ
，	記号,読点,*,*,*,*,，,，,，
らくだ	名詞,一般,*,*,*,*,らくだ,ラクダ,ラクダ
，	記号,読点,*,*,*,*,，,，,，
これ	名詞,代名詞,一般,*,*,*,これ,コレ,コレ
は	助詞,係助詞,*,*,*,*,は,ハ,ワ
反すう	名詞,サ変接続,*,*,*,*,反すう,ハンスウ,ハンスー
する	動詞,自立,*,*,サ変・スル,基本形,する,スル,スル
が	助詞,接続助詞,*,*,*,*,が,ガ,ガ
ひ	動詞,自立,*,*,一段,連用形,ひる,ヒ,ヒ
づめ	名詞,一般,*,*,*,*,*
が	助詞,格助詞,一般,*,*,*,が,ガ,ガ
分かれ	動詞,自立,*,*,一段,連用形,分かれる,ワカレ,ワカレ
て	助詞,接続助詞,*,*,*,*,て,テ,テ
い	動詞,非自立,*,*,一段,未然形,いる,イ,イ
ない	助動詞,*,*,*,特殊・ナイ,基本形,ない,ナイ,ナイ
もの	名詞,非自立,一般,*,*,*,もの,モノ,モノ
だ	助動詞,*,*,*,特殊・ダ,基本形,だ,ダ,ダ
から	助詞,接続助詞,*,*,*,*,から,カラ,カラ
で	助動詞,*,*,*,特殊・ダ,連用形,だ,デ,デ
ある	助動詞,*,*,*,五段・ラ行アル,基本形,ある,アル,アル
。	記号,句点,*,*,*,*,。,。,。
それ	名詞,代名詞,一般,*,*,*,それ,ソレ,ソレ
は	助詞,係助詞,*,*,*,*,は,ハ,ワ
あなた	名詞,代名詞,一般,*,*,*,あなた,アナタ,アナタ
方	名詞,接尾,一般,*,*,*,方,カタ,カタ
にとって	助詞,格助詞,連語,*,*,*,にとって,ニトッテ,ニトッテ
汚れ	動詞,自立,*,*,一段,連用形,汚れる,ヨゴレ,ヨゴレ
た	助動詞,*,*,*,特殊・タ,基本形,た,タ,タ
もの	名詞,非自立,一般,*,*,*,もの,モノ,モノ
で	助動詞,*,*,*,特殊・ダ,連用形,だ,デ,デ
ある	助動詞,*,*,*,五段・ラ行アル,基本形,ある,アル,アル
。	記号,句点,*,*,*,*,。,。,。
また	接続詞,*,*,*,*,*,また,マタ,マタ
，	記号,読点,*,*,*,*,，,，,，
岩	名詞,一般,*,*,*,*,岩,イワ,イワ
だ	助動詞,*,*,*,特殊・ダ,基本形,だ,ダ,ダ
ぬき	名詞,一般,*,*,*,*,ぬき,ヌキ,ヌキ
，	記号,読点,*,*,*,*,，,，,，
これ	名詞,代名詞,一般,*,*,*,これ,コレ,コレ
は	助詞,係助詞,*,*,*,*,は,ハ,ワ
反すう	名詞,サ変接続,*,*,*,*,反すう,ハンスウ,ハンスー
する	動詞,自立,*,*,サ変・スル,基本形,する,スル,スル
もの	名詞,非自立,一般,*,*,*,もの,モノ,モノ
で	助動詞,*,*,*,特殊・ダ,連用形,だ,デ,デ
ある	助動詞,*,*,*,五段・ラ行アル,基本形,ある,アル,アル
が	助詞,接続助詞,*,*,*,*,が,ガ,ガ
，	記号,読点,*,*,*,*,，,，,，
ひ	動詞,自立,*,*,一段,連用形,ひる,ヒ,ヒ
づめ	名詞,一般,*,*,*,*,*
が	助詞,格助詞,一般,*,*,*,が,ガ,ガ
分かれ	動詞,自立,*,*,一段,連用形,分かれる,ワカレ,ワカレ
て	助詞,接続助詞,*,*,*,*,て,テ,テ
い	動詞,非自立,*,*,一段,未然形,いる,イ,イ
ない	助動詞,*,*,*,特殊・ナイ,基本形,ない,ナイ,ナイ
から	助詞,接続助詞,*,*,*,*,から,カラ,カラ
で	助動詞,*,*,*,特殊・ダ,連用形,だ,デ,デ
ある	助動詞,*,*,*,五段・ラ行アル,基本形,ある,アル,アル
。	記号,句点,*,*,*,*,。,。,。
それ	名詞,代名詞,一般,*,*,*,それ,ソレ,ソレ
は	助詞,係助詞,*,*,*,*,は,ハ,ワ
あなた	名詞,代名詞,一般,*,*,*,あなた,アナタ,アナタ
方	名詞,接尾,一般,*,*,*,方,カタ,カタ
にとって	助詞,格助詞,連語,*,*,*,にとって,ニトッテ,ニトッテ
汚れ	動詞,自立,*,*,一段,連用形,汚れる,ヨゴレ,ヨゴレ
た	助動詞,*,*,*,特殊・タ,基本形,た,タ,タ
もの	名詞,非自立,一般,*,*,*,もの,モノ,モノ
で	助動詞,*,*,*,特殊・ダ,連用形,だ,デ,デ
ある	助動詞,*,*,*,五段・ラ行アル,基本形,ある,アル,アル
。	記号,句点,*,*,*,*,。,。,。
また	接続詞,*,*,*,*,*,また,マタ,マタ
，	記号,読点,*,*,*,*,，,，,，
野	名詞,一般,*,*,*,*,野,ノ,ノ
うさぎ	名詞,一般,*,*,*,*,うさぎ,ウサギ,ウサギ
，	記号,読点,*,*,*,*,，,，,，
これ	名詞,代名詞,一般,*,*,*,これ,コレ,コレ
は	助詞,係助詞,*,*,*,*,は,ハ,ワ
反すう	名詞,サ変接続,*,*,*,*,反すう,ハンスウ,ハンスー
する	動詞,自立,*,*,サ変・スル,基本形,する,スル,スル
もの	名詞,非自立,一般,*,*,*,もの,モノ,モノ
で	助動詞,*,*,*,特殊・ダ,連用形,だ,デ,デ
ある	助動詞,*,*,*,五段・ラ行アル,基本形,ある,アル,アル
が	助詞,接続助詞,*,*,*,*,が,ガ,ガ
，	記号,読点,*,*,*,*,，,，,，
分かれ	動詞,自立,*,*,一段,連用形,分かれる,ワカレ,ワカレ
た	助動詞,*,*,*,特殊・タ,基本形,た,タ,タ
ひ	動詞,自立,*,*,一段,連用形,ひる,ヒ,ヒ
づめ	名詞,一般,*,*,*,*,*
を	助詞,格助詞,一般,*,*,*,を,ヲ,ヲ
持っ	動詞,自立,*,*,五段・タ行,連用タ接続,持つ,モッ,モッ
て	助詞,接続助詞,*,*,*,*,て,テ,テ
い	動詞,非自立,*,*,一段,未然形,いる,イ,イ
ない	助動詞,*,*,*,特殊・ナイ,基本形,ない,ナイ,ナイ
から	助詞,接続助詞,*,*,*,*,から,カラ,カラ
で	助動詞,*,*,*,特殊・ダ,連用形,だ,デ,デ
ある	助動詞,*,*,*,五段・ラ行アル,基本形,ある,アル,アル
。	記号,句点,*,*,*,*,。,。,。
それ	名詞,代名詞,一般,*,*,*,それ,ソレ,ソレ
は	助詞,係助詞,*,*,*,*,は,ハ,ワ
あなた	名詞,代名詞,一般,*,*,*,あなた,アナタ,アナタ
方	名詞,接尾,一般,*,*,*,方,カタ,カタ
にとって	助詞,格助詞,連語,*,*,*,にとって,ニトッテ,ニトッテ
汚れ	動詞,自立,*,*,一段,連用形,汚れる,ヨゴレ,ヨゴレ
た	助動詞,*,*,*,特殊・タ,基本形,た,タ,タ
もの	名詞,非自立,一般,*,*,*,もの,モノ,モノ
で	助動詞,*,*,*,特殊・ダ,連用形,だ,デ,デ
ある	助動詞,*,*,*,五段・ラ行アル,基本形,ある,アル,アル
。	記号,句点,*,*,*,*,。,。,。
そして	接続詞,*,*,*,*,*,そして,ソシテ,ソシテ
，	記号,読点,*,*,*,*,，,，,，
豚	名詞,一般,*,*,*,*,豚,ブタ,ブタ
，	記号,読点,*,*,*,*,，,，,，
これ	名詞,代名詞,一般,*,*,*,これ,コレ,コレ
は	助詞,係助詞,*,*,*,*,は,ハ,ワ
，	記号,読点,*,*,*,*,，,，,，
ひ	動詞,自立,*,*,一段,連用形,ひる,ヒ,ヒ
づめ	名詞,一般,*,*,*,*,*
が	助詞,格助詞,一般,*,*,*,が,ガ,ガ
分かれ	動詞,自立,*,*,一段,連用形,分かれる,ワカレ,ワカレ
て	助詞,接続助詞,*,*,*,*,て,テ,テ
い	動詞,非自立,*,*,一段,連用形,いる,イ,イ
て	助詞,接続助詞,*,*,*,*,て,テ,テ
その	連体詞,*,*,*,*,*,その,ソノ,ソノ
ひ	動詞,自立,*,*,一段,連用形,ひる,ヒ,ヒ
づめ	名詞,一般,*,*,*,*,*
が	助詞,格助詞,一般,*,*,*,が,ガ,ガ
裂け目	名詞,一般,*,*,*,*,裂け目,サケメ,サケメ
を	助詞,格助詞,一般,*,*,*,を,ヲ,ヲ
なし	動詞,自立,*,*,五段・サ行,連用形,なす,ナシ,ナシ
て	助詞,接続助詞,*,*,*,*,て,テ,テ
いる	動詞,非自立,*,*,一段,基本形,いる,イル,イル
もの	名詞,非自立,一般,*,*,*,もの,モノ,モノ
で	助動詞,*,*,*,特殊・ダ,連用形,だ,デ,デ
ある	助動詞,*,*,*,五段・ラ行アル,基本形,ある,アル,アル
が	助詞,接続助詞,*,*,*,*,が,ガ,ガ
，	記号,読点,*,*,*,*,，,，,，
それ	名詞,代名詞,一般,*,*,*,それ,ソレ,ソレ
は	助詞,係助詞,*,*,*,*,は,ハ,ワ
反すう	名詞,サ変接続,*,*,*,*,反すう,ハンスウ,ハンスー
し	動詞,自立,*,*,サ変・スル,未然形,する,シ,シ
ない	助動詞,*,*,*,特殊・ナイ,基本形,ない,ナイ,ナイ
から	助詞,接続助詞,*,*,*,*,から,カラ,カラ
で	助動詞,*,*,*,特殊・ダ,連用形,だ,デ,デ
ある	助動詞,*,*,*,五段・ラ行アル,基本形,ある,アル,アル
。	記号,句点,*,*,*,*,。,。,。
それ	名詞,代名詞,一般,*,*,*,それ,ソレ,ソレ
は	助詞,係助詞,*,*,*,*,は,ハ,ワ
あなた	名詞,代名詞,一般,*,*,*,あなた,アナタ,アナタ
方	名詞,接尾,一般,*,*,*,方,カタ,カタ
にとって	助詞,格助詞,連語,*,*,*,にとって,ニトッテ,ニトッテ
汚れ	動詞,自立,*,*,一段,連用形,汚れる,ヨゴレ,ヨゴレ
た	助動詞,*,*,*,特殊・タ,基本形,た,タ,タ
もの	名詞,非自立,一般,*,*,*,もの,モノ,モノ
で	助動詞,*,*,*,特殊・ダ,連用形,だ,デ,デ
ある	助動詞,*,*,*,五段・ラ行アル,基本形,ある,アル,アル
。	記号,句点,*,*,*,*,。,。,。
あなた	名詞,代名詞,一般,*,*,*,あなた,アナタ,アナタ
方	名詞,接尾,一般,*,*,*,方,カタ,カタ
は	助詞,係助詞,*,*,*,*,は,ハ,ワ
これら	名詞,代名詞,一般,*,*,*,これら,コレラ,コレラ
の	助詞,連体化,*,*,*,*,の,ノ,ノ
もの	名詞,非自立,一般,*,*,*,もの,モノ,モノ
の	助詞,連体化,*,*,*,*,の,ノ,ノ
肉	名詞,一般,*,*,*,*,肉,ニク,ニク
を	助詞,格助詞,一般,*,*,*,を,ヲ,ヲ
いっさい	名詞,副詞可能,*,*,*,*,いっさい,イッサイ,イッサイ
食べ	動詞,自立,*,*,一段,連用形,食べる,タベ,タベ
て	助詞,接続助詞,*,*,*,*,て,テ,テ
は	助詞,係助詞,*,*,*,*,は,ハ,ワ
なら	動詞,自立,*,*,五段・ラ行,未然形,なる,ナラ,ナラ
ず	助動詞,*,*,*,特殊・ヌ,連用ニ接続,ぬ,ズ,ズ
，	記号,読点,*,*,*,*,，,，,，
その	連体詞,*,*,*,*,*,その,ソノ,ソノ
死体	名詞,一般,*,*,*,*,死体,シタイ,シタイ
に	助詞,格助詞,一般,*,*,*,に,ニ,ニ
触れ	動詞,自立,*,*,一段,連用形,触れる,フレ,フレ
て	助詞,接続助詞,*,*,*,*,て,テ,テ
も	助詞,係助詞,*,*,*,*,も,モ,モ
なら	動詞,自立,*,*,五段・ラ行,未然形,なる,ナラ,ナラ
ない	助動詞,*,*,*,特殊・ナイ,基本形,ない,ナイ,ナイ
。	記号,句点,*,*,*,*,。,。,。
これら	名詞,代名詞,一般,*,*,*,これら,コレラ,コレラ
は	助詞,係助詞,*,*,*,*,は,ハ,ワ
あなた	名詞,代名詞,一般,*,*,*,あなた,アナタ,アナタ
方	名詞,接尾,一般,*,*,*,方,カタ,カタ
にとって	助詞,格助詞,連語,*,*,*,にとって,ニトッテ,ニトッテ
汚れ	動詞,自立,*,*,一段,連用形,汚れる,ヨゴレ,ヨゴレ
た	助動詞,*,*,*,特殊・タ,基本形,た,タ,タ
もの	名詞,非自立,一般,*,*,*,もの,モノ,モノ
で	助動詞,*,*,*,特殊・ダ,連用形,だ,デ,デ
ある	助動詞,*,*,*,五段・ラ行アル,基本形,ある,アル,アル
。	記号,句点,*,*,*,*,。,。,。
「	記号,括弧開,*,*,*,*,「,「,「
『	記号,括弧開,*,*,*,*,『,『,『
これ	名詞,代名詞,一般,*,*,*,これ,コレ,コレ
は	助詞,係助詞,*,*,*,*,は,ハ,ワ
水	名詞,一般,*,*,*,*,水,ミズ,ミズ
の	助詞,連体化,*,*,*,*,の,ノ,ノ
中	名詞,非自立,副詞可能,*,*,*,中,ナカ,ナカ
に	助詞,格助詞,一般,*,*,*,に,ニ,ニ
いる	動詞,自立,*,*,一段,基本形,いる,イル,イル
あらゆる	連体詞,*,*,*,*,*,あらゆる,アラユル,アラユル
もの	名詞,非自立,一般,*,*,*,もの,モノ,モノ
の	助詞,連体化,*,*,*,*,の,ノ,ノ
うち	名詞,非自立,副詞可能,*,*,*,うち,ウチ,ウチ
あなた	名詞,代名詞,一般,*,*,*,あなた,アナタ,アナタ
方	名詞,接尾,一般,*,*,*,方,カタ,カタ
が	助詞,格助詞,一般,*,*,*,が,ガ,ガ
食べ	動詞,自立,*,*,一段,連用形,食べる,タベ,タベ
て	助詞,接続助詞,*,*,*,*,て,テ,テ
よい	形容詞,非自立,*,*,形容詞・アウオ段,基本形,よい,ヨイ,ヨイ
もの	名詞,非自立,一般,*,*,*,もの,モノ,モノ
で	助動詞,*,*,*,特殊・ダ,連用形,だ,デ,デ
ある	助動詞,*,*,*,五段・ラ行アル,基本形,ある,アル,アル
。	記号,句点,*,*,*,*,。,。,。
すなわち	接続詞,*,*,*,*,*,すなわち,スナワチ,スナワチ
，	記号,読点,*,*,*,*,，,，,，
水	名詞,一般,*,*,*,*,水,ミズ,ミズ
の	助詞,連体化,*,*,*,*,の,ノ,ノ
中	名詞,非自立,副詞可能,*,*,*,中,ナカ,ナカ
，	記号,読点,*,*,*,*,，,，,，
海	名詞,一般,*,*,*,*,海,ウミ,ウミ
の	助詞,連体化,*,*,*,*,の,ノ,ノ
中	名詞,非自立,副詞可能,*,*,*,中,ナカ,ナカ
，	記号,読点,*,*,*,*,，,，,，
奔流	名詞,一般,*,*,*,*,奔流,ホンリュウ,ホンリュー
の	助詞,連体化,*,*,*,*,の,ノ,ノ
中	名詞,非自立,副詞可能,*,*,*,中,ナカ,ナカ
に	助詞,格助詞,一般,*,*,*,に,ニ,ニ
いる	動詞,自立,*,*,一段,基本形,いる,イル,イル
もの	名詞,非自立,一般,*,*,*,もの,モノ,モノ
で	助動詞,*,*,*,特殊・ダ,連用形,だ,デ,デ
，	記号,読点,*,*,*,*,，,，,，
ひれ	名詞,一般,*,*,*,*,ひれ,ヒレ,ヒレ
と	助詞,並立助詞,*,*,*,*,と,ト,ト
うろこ	名詞,一般,*,*,*,*,うろこ,ウロコ,ウロコ
の	助詞,格助詞,一般,*,*,*,の,ノ,ノ
ある	動詞,自立,*,*,五段・ラ行,基本形,ある,アル,アル
すべて	名詞,副詞可能,*,*,*,*,すべて,スベテ,スベテ
の	助詞,連体化,*,*,*,*,の,ノ,ノ
もの	名詞,非自立,一般,*,*,*,もの,モノ,モノ
，	記号,読点,*,*,*,*,，,，,，
それ	名詞,代名詞,一般,*,*,*,それ,ソレ,ソレ
を	助詞,格助詞,一般,*,*,*,を,ヲ,ヲ
あなた	名詞,代名詞,一般,*,*,*,あなた,アナタ,アナタ
方	名詞,接尾,一般,*,*,*,方,カタ,カタ
は	助詞,係助詞,*,*,*,*,は,ハ,ワ
食べ	動詞,自立,*,*,一段,連用形,食べる,タベ,タベ
て	助詞,接続助詞,*,*,*,*,て,テ,テ
よい	形容詞,非自立,*,*,形容詞・アウオ段,基本形,よい,ヨイ,ヨイ
。	記号,句点,*,*,*,*,。,。,。
そして	接続詞,*,*,*,*,*,そして,ソシテ,ソシテ
，	記号,読点,*,*,*,*,，,，,，
水	名詞,一般,*,*,*,*,水,ミズ,ミズ
に	助詞,格助詞,一般,*,*,*,に,ニ,ニ
群がる	動詞,自立,*,*,五段・ラ行,基本形,群がる,ムラガル,ムラガル
すべて	名詞,副詞可能,*,*,*,*,すべて,スベテ,スベテ
の	助詞,連体化,*,*,*,*,の,ノ,ノ
生き物	名詞,一般,*,*,*,*,生き物,イキモノ,イキモノ
また	接続詞,*,*,*,*,*,また,マタ,マタ
水	名詞,一般,*,*,*,*,水,ミズ,ミズ
の	助詞,連体化,*,*,*,*,の,ノ,ノ
中	名詞,非自立,副詞可能,*,*,*,中,ナカ,ナカ
に	助詞,格助詞,一般,*,*,*,に,ニ,ニ
いる	動詞,自立,*,*,一段,基本形,いる,イル,イル
すべて	名詞,副詞可能,*,*,*,*,すべて,スベテ,スベテ
の	助詞,連体化,*,*,*,*,の,ノ,ノ
生き	動詞,自立,*,*,一段,連用形,生きる,イキ,イキ
た	助動詞,*,*,*,特殊・タ,基本形,た,タ,タ
魂	名詞,一般,*,*,*,*,魂,タマシイ,タマシー
の	助詞,連体化,*,*,*,*,の,ノ,ノ
うち	名詞,非自立,副詞可能,*,*,*,うち,ウチ,ウチ
，	記号,読点,*,*,*,*,，,，,，
すべて	名詞,副詞可能,*,*,*,*,すべて,スベテ,スベテ
海	名詞,一般,*,*,*,*,海,ウミ,ウミ
や	助詞,並立助詞,*,*,*,*,や,ヤ,ヤ
奔流	名詞,一般,*,*,*,*,奔流,ホンリュウ,ホンリュー
の	助詞,連体化,*,*,*,*,の,ノ,ノ
中	名詞,非自立,副詞可能,*,*,*,中,ナカ,ナカ
に	助詞,格助詞,一般,*,*,*,に,ニ,ニ
い	動詞,自立,*,*,一段,連用形,いる,イ,イ
て	助詞,接続助詞,*,*,*,*,て,テ,テ
ひれ	名詞,一般,*,*,*,*,ひれ,ヒレ,ヒレ
と	助詞,並立助詞,*,*,*,*,と,ト,ト
うろこ	名詞,一般,*,*,*,*,うろこ,ウロコ,ウロコ
の	助詞,格助詞,一般,*,*,*,の,ノ,ノ
ない	形容詞,自立,*,*,形容詞・アウオ段,基本形,ない,ナイ,ナイ
もの	名詞,非自立,一般,*,*,*,もの,モノ,モノ
，	記号,読点,*,*,*,*,，,，,，
これら	名詞,代名詞,一般,*,*,*,これら,コレラ,コレラ
は	助詞,係助詞,*,*,*,*,は,ハ,ワ
あなた	名詞,代名詞,一般,*,*,*,あなた,アナタ,アナタ
方	名詞,接尾,一般,*,*,*,方,カタ,カタ
にとって	助詞,格助詞,連語,*,*,*,にとって,ニトッテ,ニトッテ
忌み嫌う	動詞,自立,*,*,五段・ワ行促音便,基本形,忌み嫌う,イミキラウ,イミキラウ
べき	助動詞,*,*,*,文語・ベシ,体言接続,べし,ベキ,ベキ
もの	名詞,非自立,一般,*,*,*,もの,モノ,モノ
で	助動詞,*,*,*,特殊・ダ,連用形,だ,デ,デ
ある	助動詞,*,*,*,五段・ラ行アル,基本形,ある,アル,アル
。	記号,句点,*,*,*,*,。,。,。
実に	副詞,一般,*,*,*,*,実に,ジツニ,ジツニ
，	記号,読点,*,*,*,*,，,，,，
それら	名詞,代名詞,一般,*,*,*,それら,ソレラ,ソレラ
は	助詞,係助詞,*,*,*,*,は,ハ,ワ
あなた	名詞,代名詞,一般,*,*,*,あなた,アナタ,アナタ
方	名詞,接尾,一般,*,*,*,方,カタ,カタ
にとって	助詞,格助詞,連語,*,*,*,にとって,ニトッテ,ニトッテ
忌み嫌う	動詞,自立,*,*,五段・ワ行促音便,基本形,忌み嫌う,イミキラウ,イミキラウ
べき	助動詞,*,*,*,文語・ベシ,体言接続,べし,ベキ,ベキ
もの	名詞,非自立,一般,*,*,*,もの,モノ,モノ
と	助詞,格助詞,一般,*,*,*,と,ト,ト
なる	動詞,自立,*,*,五段・ラ行,基本形,なる,ナル,ナル
。	記号,句点,*,*,*,*,。,。,。
あなた	名詞,代名詞,一般,*,*,*,あなた,アナタ,アナタ
方	名詞,接尾,一般,*,*,*,方,カタ,カタ
は	助詞,係助詞,*,*,*,*,は,ハ,ワ
その	連体詞,*,*,*,*,*,その,ソノ,ソノ
肉	名詞,一般,*,*,*,*,肉,ニク,ニク
を	助詞,格助詞,一般,*,*,*,を,ヲ,ヲ
いっさい	名詞,副詞可能,*,*,*,*,いっさい,イッサイ,イッサイ
食べ	動詞,自立,*,*,一段,連用形,食べる,タベ,タベ
て	助詞,接続助詞,*,*,*,*,て,テ,テ
は	助詞,係助詞,*,*,*,*,は,ハ,ワ
なら	動詞,非自立,*,*,五段・ラ行,未然形,なる,ナラ,ナラ
ない	助動詞,*,*,*,特殊・ナイ,基本形,ない,ナイ,ナイ
。	記号,句点,*,*,*,*,。,。,。
そして	接続詞,*,*,*,*,*,そして,ソシテ,ソシテ
，	記号,読点,*,*,*,*,，,，,，
その	連体詞,*,*,*,*,*,その,ソノ,ソノ
死体	名詞,一般,*,*,*,*,死体,シタイ,シタイ
も	助詞,係助詞,*,*,*,*,も,モ,モ
忌み嫌う	動詞,自立,*,*,五段・ワ行促音便,基本形,忌み嫌う,イミキラウ,イミキラウ
べき	助動詞,*,*,*,文語・ベシ,体言接続,べし,ベキ,ベキ
で	助動詞,*,*,*,特殊・ダ,連用形,だ,デ,デ
ある	助動詞,*,*,*,五段・ラ行アル,基本形,ある,アル,アル
。	記号,句点,*,*,*,*,。,。,。
水	名詞,一般,*,*,*,*,水,ミズ,ミズ
の	助詞,連体化,*,*,*,*,の,ノ,ノ
中	名詞,非自立,副詞可能,*,*,*,中,ナカ,ナカ
に	助詞,格助詞,一般,*,*,*,に,ニ,ニ
い	動詞,自立,*,*,一段,連用形,いる,イ,イ
て	助詞,接続助詞,*,*,*,*,て,テ,テ
ひれ	名詞,一般,*,*,*,*,ひれ,ヒレ,ヒレ
と	助詞,並立助詞,*,*,*,*,と,ト,ト
うろこ	名詞,一般,*,*,*,*,うろこ,ウロコ,ウロコ
の	助詞,格助詞,一般,*,*,*,の,ノ,ノ
ない	形容詞,自立,*,*,形容詞・アウオ段,基本形,ない,ナイ,ナイ
もの	名詞,非自立,一般,*,*,*,もの,モノ,モノ
は	助詞,係助詞,*,*,*,*,は,ハ,ワ
皆	名詞,代名詞,一般,*,*,*,皆,ミナ,ミナ
，	記号,読点,*,*,*,*,，,，,，
あなた	名詞,代名詞,一般,*,*,*,あなた,アナタ,アナタ
方	名詞,接尾,一般,*,*,*,方,カタ,カタ
にとって	助詞,格助詞,連語,*,*,*,にとって,ニトッテ,ニトッテ
忌み嫌う	動詞,自立,*,*,五段・ワ行促音便,基本形,忌み嫌う,イミキラウ,イミキラウ
べき	助動詞,*,*,*,文語・ベシ,体言接続,べし,ベキ,ベキ
もの	名詞,非自立,一般,*,*,*,もの,モノ,モノ
で	助動詞,*,*,*,特殊・ダ,連用形,だ,デ,デ
ある	助動詞,*,*,*,五段・ラ行アル,基本形,ある,アル,アル
。	記号,句点,*,*,*,*,。,。,。
「	記号,括弧開,*,*,*,*,「,「,「
『	記号,括弧開,*,*,*,*,『,『,『
また	接続詞,*,*,*,*,*,また,マタ,マタ
，	記号,読点,*,*,*,*,，,，,，
これら	名詞,代名詞,一般,*,*,*,これら,コレラ,コレラ
は	助詞,係助詞,*,*,*,*,は,ハ,ワ
飛ぶ	動詞,自立,*,*,五段・バ行,基本形,飛ぶ,トブ,トブ
生き物	名詞,一般,*,*,*,*,生き物,イキモノ,イキモノ
の	助詞,連体化,*,*,*,*,の,ノ,ノ
うち	名詞,非自立,副詞可能,*,*,*,うち,ウチ,ウチ
あなた	名詞,代名詞,一般,*,*,*,あなた,アナタ,アナタ
方	名詞,接尾,一般,*,*,*,方,カタ,カタ
が	助詞,格助詞,一般,*,*,*,が,ガ,ガ
忌み嫌う	動詞,自立,*,*,五段・ワ行促音便,基本形,忌み嫌う,イミキラウ,イミキラウ
べき	助動詞,*,*,*,文語・ベシ,体言接続,べし,ベキ,ベキ
もの	名詞,非自立,一般,*,*,*,もの,モノ,モノ
で	助動詞,*,*,*,特殊・ダ,連用形,だ,デ,デ
ある	助動詞,*,*,*,五段・ラ行アル,基本形,ある,アル,アル
。	記号,句点,*,*,*,*,。,。,。
それら	名詞,代名詞,一般,*,*,*,それら,ソレラ,ソレラ
を	助詞,格助詞,一般,*,*,*,を,ヲ,ヲ
食べ	動詞,自立,*,*,一段,連用形,食べる,タベ,タベ
て	助詞,接続助詞,*,*,*,*,て,テ,テ
は	助詞,係助詞,*,*,*,*,は,ハ,ワ
いけ	動詞,非自立,*,*,一段,未然形,いける,イケ,イケ
ない	助動詞,*,*,*,特殊・ナイ,基本形,ない,ナイ,ナイ
。	記号,句点,*,*,*,*,。,。,。
それ	名詞,代名詞,一般,*,*,*,それ,ソレ,ソレ
は	助詞,係助詞,*,*,*,*,は,ハ,ワ
忌み嫌う	動詞,自立,*,*,五段・ワ行促音便,基本形,忌み嫌う,イミキラウ,イミキラウ
べき	助動詞,*,*,*,文語・ベシ,体言接続,べし,ベキ,ベキ
もの	名詞,非自立,一般,*,*,*,もの,モノ,モノ
で	助動詞,*,*,*,特殊・ダ,連用形,だ,デ,デ
ある	助動詞,*,*,*,五段・ラ行アル,基本形,ある,アル,アル
。	記号,句点,*,*,*,*,。,。,。
すなわち	接続詞,*,*,*,*,*,すなわち,スナワチ,スナワチ
，	記号,読点,*,*,*,*,，,，,，
鷲	名詞,一般,*,*,*,*,鷲,ワシ,ワシ
･	名詞,サ変接続,*,*,*,*,*
み	動詞,自立,*,*,一段,連用形,みる,ミ,ミ
さ	名詞,接尾,特殊,*,*,*,さ,サ,サ
ご	接頭詞,名詞接続,*,*,*,*,ご,ゴ,ゴ
･	名詞,サ変接続,*,*,*,*,*
くろ	形容詞,自立,*,*,形容詞・アウオ段,ガル接続,くろい,クロ,クロ
はげ	名詞,一般,*,*,*,*,はげ,ハゲ,ハゲ
わし	名詞,一般,*,*,*,*,わし,ワシ,ワシ
，	記号,読点,*,*,*,*,，,，,，
あか	名詞,一般,*,*,*,*,あか,アカ,アカ
とび	動詞,自立,*,*,五段・バ行,連用形,とぶ,トビ,トビ
･	名詞,サ変接続,*,*,*,*,*
くろ	形容詞,自立,*,*,形容詞・アウオ段,ガル接続,くろい,クロ,クロ
とび	動詞,自立,*,*,五段・バ行,連用形,とぶ,トビ,トビ
の	助詞,連体化,*,*,*,*,の,ノ,ノ
類	名詞,一般,*,*,*,*,類,ルイ,ルイ
，	記号,読点,*,*,*,*,，,，,，
すべて	名詞,副詞可能,*,*,*,*,すべて,スベテ,スベテ
渡り	名詞,一般,*,*,*,*,渡り,ワタリ,ワタリ
がら	名詞,接尾,一般,*,*,*,がら,ガラ,ガラ
す	名詞,一般,*,*,*,*,す,ス,ス
の	助詞,連体化,*,*,*,*,の,ノ,ノ
類	名詞,一般,*,*,*,*,類,ルイ,ルイ
，	記号,読点,*,*,*,*,，,，,，
だちょう	名詞,一般,*,*,*,*,だちょう,ダチョウ,ダチョウ
･	名詞,サ変接続,*,*,*,*,*
ふくろう	名詞,一般,*,*,*,*,ふくろう,フクロウ,フクロウ
･	名詞,サ変接続,*,*,*,*,*
かもめ	名詞,一般,*,*,*,*,かもめ,カモメ,カモメ
･	名詞,サ変接続,*,*,*,*,*
は	助詞,係助詞,*,*,*,*,は,ハ,ワ
やぶ	動詞,自立,*,*,五段・ラ行,体言接続特殊２,やぶる,ヤブ,ヤブ
さ	名詞,接尾,特殊,*,*,*,さ,サ,サ
の	助詞,連体化,*,*,*,*,の,ノ,ノ
類	名詞,一般,*,*,*,*,類,ルイ,ルイ
，	記号,読点,*,*,*,*,，,，,，
小さい	形容詞,自立,*,*,形容詞・アウオ段,基本形,小さい,チイサイ,チーサイ
ふくろう	名詞,一般,*,*,*,*,ふくろう,フクロウ,フクロウ
･	名詞,サ変接続,*,*,*,*,*
鵜	名詞,一般,*,*,*,*,鵜,ウ,ウ
･	名詞,サ変接続,*,*,*,*,*
とら	名詞,一般,*,*,*,*,とら,トラ,トラ
ふ	動詞,自立,*,*,五段・ラ行,体言接続特殊２,ふる,フ,フ
ずく	名詞,一般,*,*,*,*,ずく,ズク,ズク
，	記号,読点,*,*,*,*,，,，,，
白鳥	名詞,固有名詞,人名,姓,*,*,白鳥,シラトリ,シラトリ
･	名詞,サ変接続,*,*,*,*,*
ペリカン	名詞,一般,*,*,*,*,ペリカン,ペリカン,ペリカン
･	名詞,サ変接続,*,*,*,*,*
はげ	名詞,一般,*,*,*,*,はげ,ハゲ,ハゲ
わし	名詞,一般,*,*,*,*,わし,ワシ,ワシ
，	記号,読点,*,*,*,*,，,，,，
こう	副詞,助詞類接続,*,*,*,*,こう,コウ,コー
の	助詞,連体化,*,*,*,*,の,ノ,ノ
とり	動詞,自立,*,*,五段・ラ行,連用形,とる,トリ,トリ
，	記号,読点,*,*,*,*,，,，,，
さ	副詞,助詞類接続,*,*,*,*,さ,サ,サ
ぎの	名詞,一般,*,*,*,*,*
類	名詞,接尾,一般,*,*,*,類,ルイ,ルイ
，	記号,読点,*,*,*,*,，,，,，
やつ	名詞,代名詞,一般,*,*,*,やつ,ヤツ,ヤツ
が	助詞,格助詞,一般,*,*,*,が,ガ,ガ
しら	名詞,一般,*,*,*,*,しら,シラ,シラ
･	名詞,サ変接続,*,*,*,*,*
こうもり	名詞,一般,*,*,*,*,こうもり,コウモリ,コーモリ
。	記号,句点,*,*,*,*,。,。,。
翼	名詞,一般,*,*,*,*,翼,ツバサ,ツバサ
が	助詞,格助詞,一般,*,*,*,が,ガ,ガ
あっ	動詞,自立,*,*,五段・ラ行,連用タ接続,ある,アッ,アッ
て	助詞,接続助詞,*,*,*,*,て,テ,テ
四つ	名詞,一般,*,*,*,*,四つ,ヨッツ,ヨッツ
ばい	名詞,一般,*,*,*,*,ばい,バイ,バイ
で	助詞,格助詞,一般,*,*,*,で,デ,デ
進む	動詞,自立,*,*,五段・マ行,基本形,進む,ススム,ススム
群がる	動詞,自立,*,*,五段・ラ行,基本形,群がる,ムラガル,ムラガル
生き物	名詞,一般,*,*,*,*,生き物,イキモノ,イキモノ
は	助詞,係助詞,*,*,*,*,は,ハ,ワ
皆	名詞,代名詞,一般,*,*,*,皆,ミナ,ミナ
あなた	名詞,代名詞,一般,*,*,*,あなた,アナタ,アナタ
方	名詞,接尾,一般,*,*,*,方,カタ,カタ
にとって	助詞,格助詞,連語,*,*,*,にとって,ニトッテ,ニトッテ
忌み嫌う	動詞,自立,*,*,五段・ワ行促音便,基本形,忌み嫌う,イミキラウ,イミキラウ
べき	助動詞,*,*,*,文語・ベシ,体言接続,べし,ベキ,ベキ
もの	名詞,非自立,一般,*,*,*,もの,モノ,モノ
で	助動詞,*,*,*,特殊・ダ,連用形,だ,デ,デ
ある	助動詞,*,*,*,五段・ラ行アル,基本形,ある,アル,アル
。	記号,句点,*,*,*,*,。,。,。
「	記号,括弧開,*,*,*,*,「,「,「
『	記号,括弧開,*,*,*,*,『,『,『
ただし	接続詞,*,*,*,*,*,ただし,タダシ,タダシ
，	記号,読点,*,*,*,*,，,，,，
翼	名詞,一般,*,*,*,*,翼,ツバサ,ツバサ
が	助詞,格助詞,一般,*,*,*,が,ガ,ガ
あっ	動詞,自立,*,*,五段・ラ行,連用タ接続,ある,アッ,アッ
て	助詞,接続助詞,*,*,*,*,て,テ,テ
四つ	名詞,一般,*,*,*,*,四つ,ヨッツ,ヨッツ
ばい	名詞,一般,*,*,*,*,ばい,バイ,バイ
で	助詞,格助詞,一般,*,*,*,で,デ,デ
進む	動詞,自立,*,*,五段・マ行,基本形,進む,ススム,ススム
群がる	動詞,自立,*,*,五段・ラ行,基本形,群がる,ムラガル,ムラガル
生き物	名詞,一般,*,*,*,*,生き物,イキモノ,イキモノ
すべて	名詞,副詞可能,*,*,*,*,すべて,スベテ,スベテ
の	助詞,連体化,*,*,*,*,の,ノ,ノ
うち	名詞,非自立,副詞可能,*,*,*,うち,ウチ,ウチ
，	記号,読点,*,*,*,*,，,，,，
これ	名詞,代名詞,一般,*,*,*,これ,コレ,コレ
は	助詞,係助詞,*,*,*,*,は,ハ,ワ
あなた	名詞,代名詞,一般,*,*,*,あなた,アナタ,アナタ
方	名詞,接尾,一般,*,*,*,方,カタ,カタ
が	助詞,格助詞,一般,*,*,*,が,ガ,ガ
食べ	動詞,自立,*,*,一段,連用形,食べる,タベ,タベ
て	助詞,接続助詞,*,*,*,*,て,テ,テ
よい	形容詞,非自立,*,*,形容詞・アウオ段,基本形,よい,ヨイ,ヨイ
もの	名詞,非自立,一般,*,*,*,もの,モノ,モノ
で	助動詞,*,*,*,特殊・ダ,連用形,だ,デ,デ
ある	助動詞,*,*,*,五段・ラ行アル,基本形,ある,アル,アル
。	記号,句点,*,*,*,*,。,。,。
すなわち	接続詞,*,*,*,*,*,すなわち,スナワチ,スナワチ
，	記号,読点,*,*,*,*,，,，,，
足	名詞,一般,*,*,*,*,足,アシ,アシ
の	助詞,連体化,*,*,*,*,の,ノ,ノ
上	名詞,非自立,副詞可能,*,*,*,上,ウエ,ウエ
に	助詞,格助詞,一般,*,*,*,に,ニ,ニ
跳ぶ	動詞,自立,*,*,五段・バ行,基本形,跳ぶ,トブ,トブ
ため	名詞,非自立,副詞可能,*,*,*,ため,タメ,タメ
の	助詞,連体化,*,*,*,*,の,ノ,ノ
脚	名詞,一般,*,*,*,*,脚,アシ,アシ
が	助詞,格助詞,一般,*,*,*,が,ガ,ガ
あっ	動詞,自立,*,*,五段・ラ行,連用タ接続,ある,アッ,アッ
て	助詞,接続助詞,*,*,*,*,て,テ,テ
，	記号,読点,*,*,*,*,，,，,，
それで	接続詞,*,*,*,*,*,それで,ソレデ,ソレデ
地	名詞,一般,*,*,*,*,地,チ,チ
を	助詞,格助詞,一般,*,*,*,を,ヲ,ヲ
跳ぶ	動詞,自立,*,*,五段・バ行,基本形,跳ぶ,トブ,トブ
もの	名詞,非自立,一般,*,*,*,もの,モノ,モノ
。	記号,句点,*,*,*,*,。,。,。
それら	名詞,代名詞,一般,*,*,*,それら,ソレラ,ソレラ
の	助詞,連体化,*,*,*,*,の,ノ,ノ
うち	名詞,非自立,副詞可能,*,*,*,うち,ウチ,ウチ
あなた	名詞,代名詞,一般,*,*,*,あなた,アナタ,アナタ
方	名詞,接尾,一般,*,*,*,方,カタ,カタ
が	助詞,格助詞,一般,*,*,*,が,ガ,ガ
食べ	動詞,自立,*,*,一段,連用形,食べる,タベ,タベ
て	助詞,接続助詞,*,*,*,*,て,テ,テ
よい	形容詞,非自立,*,*,形容詞・アウオ段,基本形,よい,ヨイ,ヨイ
の	名詞,非自立,一般,*,*,*,の,ノ,ノ
は	助詞,係助詞,*,*,*,*,は,ハ,ワ
これら	名詞,代名詞,一般,*,*,*,これら,コレラ,コレラ
で	助動詞,*,*,*,特殊・ダ,連用形,だ,デ,デ
ある	助動詞,*,*,*,五段・ラ行アル,基本形,ある,アル,アル
。	記号,句点,*,*,*,*,。,。,。
すなわち	接続詞,*,*,*,*,*,すなわち,スナワチ,スナワチ
，	記号,読点,*,*,*,*,，,，,，
移住	名詞,サ変接続,*,*,*,*,移住,イジュウ,イジュー
いなご	名詞,一般,*,*,*,*,いなご,イナゴ,イナゴ
の	助詞,連体化,*,*,*,*,の,ノ,ノ
類	名詞,一般,*,*,*,*,類,ルイ,ルイ
，	記号,読点,*,*,*,*,，,，,，
食用	名詞,一般,*,*,*,*,食用,ショクヨウ,ショクヨー
いなご	名詞,一般,*,*,*,*,いなご,イナゴ,イナゴ
の	助詞,連体化,*,*,*,*,の,ノ,ノ
類	名詞,一般,*,*,*,*,類,ルイ,ルイ
，	記号,読点,*,*,*,*,，,，,，
こおろぎ	名詞,一般,*,*,*,*,こおろぎ,コオロギ,コオロギ
の	助詞,連体化,*,*,*,*,の,ノ,ノ
類	名詞,一般,*,*,*,*,類,ルイ,ルイ
，	記号,読点,*,*,*,*,，,，,，
ばった	名詞,一般,*,*,*,*,ばった,バッタ,バッタ
の	助詞,連体化,*,*,*,*,の,ノ,ノ
類	名詞,一般,*,*,*,*,類,ルイ,ルイ
。	記号,句点,*,*,*,*,。,。,。
そして	接続詞,*,*,*,*,*,そして,ソシテ,ソシテ
，	記号,読点,*,*,*,*,，,，,，
翼	名詞,一般,*,*,*,*,翼,ツバサ,ツバサ
が	助詞,格助詞,一般,*,*,*,が,ガ,ガ
あっ	動詞,自立,*,*,五段・ラ行,連用タ接続,ある,アッ,アッ
て	助詞,接続助詞,*,*,*,*,て,テ,テ
四つ	名詞,一般,*,*,*,*,四つ,ヨッツ,ヨッツ
の	助詞,連体化,*,*,*,*,の,ノ,ノ
脚	名詞,一般,*,*,*,*,脚,アシ,アシ
を	助詞,格助詞,一般,*,*,*,を,ヲ,ヲ
持つ	動詞,自立,*,*,五段・タ行,基本形,持つ,モツ,モツ
他	名詞,一般,*,*,*,*,他,タ,タ
の	助詞,格助詞,一般,*,*,*,の,ノ,ノ
群がる	動詞,自立,*,*,五段・ラ行,基本形,群がる,ムラガル,ムラガル
生き物	名詞,一般,*,*,*,*,生き物,イキモノ,イキモノ
すべて	名詞,副詞可能,*,*,*,*,すべて,スベテ,スベテ
は	助詞,係助詞,*,*,*,*,は,ハ,ワ
あなた	名詞,代名詞,一般,*,*,*,あなた,アナタ,アナタ
方	名詞,接尾,一般,*,*,*,方,カタ,カタ
にとって	助詞,格助詞,連語,*,*,*,にとって,ニトッテ,ニトッテ
忌み嫌う	動詞,自立,*,*,五段・ワ行促音便,基本形,忌み嫌う,イミキラウ,イミキラウ
べき	助動詞,*,*,*,文語・ベシ,体言接続,べし,ベキ,ベキ
もの	名詞,非自立,一般,*,*,*,もの,モノ,モノ
で	助動詞,*,*,*,特殊・ダ,連用形,だ,デ,デ
ある	助動詞,*,*,*,五段・ラ行アル,基本形,ある,アル,アル
。	記号,句点,*,*,*,*,。,。,。
ゆえに	接続詞,*,*,*,*,*,ゆえに,ユエニ,ユエニ
，	記号,読点,*,*,*,*,，,，,，
それら	名詞,代名詞,一般,*,*,*,それら,ソレラ,ソレラ
によって	助詞,格助詞,連語,*,*,*,によって,ニヨッテ,ニヨッテ
あなた	名詞,代名詞,一般,*,*,*,あなた,アナタ,アナタ
方	名詞,接尾,一般,*,*,*,方,カタ,カタ
は	助詞,係助詞,*,*,*,*,は,ハ,ワ
自分	名詞,一般,*,*,*,*,自分,ジブン,ジブン
の	助詞,連体化,*,*,*,*,の,ノ,ノ
身	名詞,一般,*,*,*,*,身,ミ,ミ
を	助詞,格助詞,一般,*,*,*,を,ヲ,ヲ
汚す	動詞,自立,*,*,五段・サ行,基本形,汚す,ケガス,ケガス
こと	名詞,非自立,一般,*,*,*,こと,コト,コト
に	助詞,格助詞,一般,*,*,*,に,ニ,ニ
なる	動詞,自立,*,*,五段・ラ行,基本形,なる,ナル,ナル
。	記号,句点,*,*,*,*,。,。,。
すべて	名詞,副詞可能,*,*,*,*,すべて,スベテ,スベテ
その	連体詞,*,*,*,*,*,その,ソノ,ソノ
死体	名詞,一般,*,*,*,*,死体,シタイ,シタイ
に	助詞,格助詞,一般,*,*,*,に,ニ,ニ
触れ	動詞,自立,*,*,一段,連用形,触れる,フレ,フレ
た	助動詞,*,*,*,特殊・タ,基本形,た,タ,タ
者	名詞,非自立,一般,*,*,*,者,モノ,モノ
は	助詞,係助詞,*,*,*,*,は,ハ,ワ
夕方	名詞,副詞可能,*,*,*,*,夕方,ユウガタ,ユーガタ
まで	助詞,副助詞,*,*,*,*,まで,マデ,マデ
汚れ	動詞,自立,*,*,一段,連用形,汚れる,ヨゴレ,ヨゴレ
た	助動詞,*,*,*,特殊・タ,基本形,た,タ,タ
者	名詞,非自立,一般,*,*,*,者,モノ,モノ
と	助詞,格助詞,一般,*,*,*,と,ト,ト
なる	動詞,自立,*,*,五段・ラ行,基本形,なる,ナル,ナル
。	記号,句点,*,*,*,*,。,。,。
また	接続詞,*,*,*,*,*,また,マタ,マタ
，	記号,読点,*,*,*,*,，,，,，
すべて	名詞,副詞可能,*,*,*,*,すべて,スベテ,スベテ
その	連体詞,*,*,*,*,*,その,ソノ,ソノ
死体	名詞,一般,*,*,*,*,死体,シタイ,シタイ
を	助詞,格助詞,一般,*,*,*,を,ヲ,ヲ
運ん	動詞,自立,*,*,五段・バ行,連用タ接続,運ぶ,ハコン,ハコン
だ	助動詞,*,*,*,特殊・タ,基本形,だ,ダ,ダ
者	名詞,非自立,一般,*,*,*,者,モノ,モノ
は	助詞,係助詞,*,*,*,*,は,ハ,ワ
自分	名詞,一般,*,*,*,*,自分,ジブン,ジブン
の	助詞,連体化,*,*,*,*,の,ノ,ノ
衣	名詞,一般,*,*,*,*,衣,コロモ,コロモ
を	助詞,格助詞,一般,*,*,*,を,ヲ,ヲ
洗う	動詞,自立,*,*,五段・ワ行促音便,基本形,洗う,アラウ,アラウ
。	記号,句点,*,*,*,*,。,。,。
その	連体詞,*,*,*,*,*,その,ソノ,ソノ
者	名詞,非自立,一般,*,*,*,者,モノ,モノ
は	助詞,係助詞,*,*,*,*,は,ハ,ワ
夕方	名詞,副詞可能,*,*,*,*,夕方,ユウガタ,ユーガタ
まで	助詞,副助詞,*,*,*,*,まで,マデ,マデ
汚れ	動詞,自立,*,*,一段,連用形,汚れる,ヨゴレ,ヨゴレ
た	助動詞,*,*,*,特殊・タ,基本形,た,タ,タ
者	名詞,非自立,一般,*,*,*,者,モノ,モノ
と	助詞,格助詞,引用,*,*,*,と,ト,ト
さ	動詞,自立,*,*,サ変・スル,未然レル接続,する,サ,サ
れる	動詞,接尾,*,*,一段,基本形,れる,レル,レル
こと	名詞,非自立,一般,*,*,*,こと,コト,コト
に	助詞,格助詞,一般,*,*,*,に,ニ,ニ
なる	動詞,自立,*,*,五段・ラ行,基本形,なる,ナル,ナル
。	記号,句点,*,*,*,*,。,。,。
「	記号,括弧開,*,*,*,*,「,「,「
『	記号,括弧開,*,*,*,*,『,『,『
どんな	連体詞,*,*,*,*,*,どんな,ドンナ,ドンナ
獣	名詞,一般,*,*,*,*,獣,シシ,シシ
に	助詞,格助詞,一般,*,*,*,に,ニ,ニ
せよ	動詞,自立,*,*,サ変・スル,命令ｙｏ,する,セヨ,セヨ
，	記号,読点,*,*,*,*,，,，,，
ひ	動詞,自立,*,*,一段,連用形,ひる,ヒ,ヒ
づめ	名詞,一般,*,*,*,*,*
が	助詞,格助詞,一般,*,*,*,が,ガ,ガ
分かれ	動詞,自立,*,*,一段,連用形,分かれる,ワカレ,ワカレ
て	助詞,接続助詞,*,*,*,*,て,テ,テ
い	動詞,非自立,*,*,一段,連用形,いる,イ,イ
て	助詞,接続助詞,*,*,*,*,て,テ,テ
も	助詞,係助詞,*,*,*,*,も,モ,モ
裂け目	名詞,一般,*,*,*,*,裂け目,サケメ,サケメ
を	助詞,格助詞,一般,*,*,*,を,ヲ,ヲ
なし	動詞,自立,*,*,五段・サ行,連用形,なす,ナシ,ナシ
て	助詞,接続助詞,*,*,*,*,て,テ,テ
おら	動詞,非自立,*,*,五段・ラ行,未然形,おる,オラ,オラ
ず	助動詞,*,*,*,特殊・ヌ,連用ニ接続,ぬ,ズ,ズ
，	記号,読点,*,*,*,*,，,，,，
反すう	名詞,サ変接続,*,*,*,*,反すう,ハンスウ,ハンスー
し	動詞,自立,*,*,サ変・スル,未然形,する,シ,シ
ない	助動詞,*,*,*,特殊・ナイ,基本形,ない,ナイ,ナイ
もの	名詞,非自立,一般,*,*,*,もの,モノ,モノ
，	記号,読点,*,*,*,*,，,，,，
それ	名詞,代名詞,一般,*,*,*,それ,ソレ,ソレ
は	助詞,係助詞,*,*,*,*,は,ハ,ワ
あなた	名詞,代名詞,一般,*,*,*,あなた,アナタ,アナタ
方	名詞,接尾,一般,*,*,*,方,カタ,カタ
にとって	助詞,格助詞,連語,*,*,*,にとって,ニトッテ,ニトッテ
汚れ	動詞,自立,*,*,一段,連用形,汚れる,ヨゴレ,ヨゴレ
た	助動詞,*,*,*,特殊・タ,基本形,た,タ,タ
もの	名詞,非自立,一般,*,*,*,もの,モノ,モノ
で	助動詞,*,*,*,特殊・ダ,連用形,だ,デ,デ
ある	助動詞,*,*,*,五段・ラ行アル,基本形,ある,アル,アル
。	記号,句点,*,*,*,*,。,。,。
すべて	名詞,副詞可能,*,*,*,*,すべて,スベテ,スベテ
それ	名詞,代名詞,一般,*,*,*,それ,ソレ,ソレ
に	助詞,格助詞,一般,*,*,*,に,ニ,ニ
触れ	動詞,自立,*,*,一段,連用形,触れる,フレ,フレ
た	助動詞,*,*,*,特殊・タ,基本形,た,タ,タ
者	名詞,非自立,一般,*,*,*,者,モノ,モノ
は	助詞,係助詞,*,*,*,*,は,ハ,ワ
汚れ	動詞,自立,*,*,一段,連用形,汚れる,ヨゴレ,ヨゴレ
た	助動詞,*,*,*,特殊・タ,基本形,た,タ,タ
者	名詞,非自立,一般,*,*,*,者,モノ,モノ
と	助詞,格助詞,一般,*,*,*,と,ト,ト
なる	動詞,自立,*,*,五段・ラ行,基本形,なる,ナル,ナル
。	記号,句点,*,*,*,*,。,。,。
四つ	名詞,一般,*,*,*,*,四つ,ヨッツ,ヨッツ
ばい	名詞,一般,*,*,*,*,ばい,バイ,バイ
で	助詞,格助詞,一般,*,*,*,で,デ,デ
歩く	動詞,自立,*,*,五段・カ行イ音便,基本形,歩く,アルク,アルク
あらゆる	連体詞,*,*,*,*,*,あらゆる,アラユル,アラユル
生き物	名詞,一般,*,*,*,*,生き物,イキモノ,イキモノ
の	助詞,連体化,*,*,*,*,の,ノ,ノ
うち	名詞,非自立,副詞可能,*,*,*,うち,ウチ,ウチ
か	助詞,副助詞／並立助詞／終助詞,*,*,*,*,か,カ,カ
ぎづめのある	名詞,固有名詞,一般,*,*,*,*
足	名詞,一般,*,*,*,*,足,アシ,アシ
で	助詞,格助詞,一般,*,*,*,で,デ,デ
歩く	動詞,自立,*,*,五段・カ行イ音便,基本形,歩く,アルク,アルク
すべて	名詞,副詞可能,*,*,*,*,すべて,スベテ,スベテ
の	助詞,連体化,*,*,*,*,の,ノ,ノ
生き物	名詞,一般,*,*,*,*,生き物,イキモノ,イキモノ
，	記号,読点,*,*,*,*,，,，,，
それ	名詞,代名詞,一般,*,*,*,それ,ソレ,ソレ
は	助詞,係助詞,*,*,*,*,は,ハ,ワ
あなた	名詞,代名詞,一般,*,*,*,あなた,アナタ,アナタ
方	名詞,接尾,一般,*,*,*,方,カタ,カタ
にとって	助詞,格助詞,連語,*,*,*,にとって,ニトッテ,ニトッテ
汚れ	動詞,自立,*,*,一段,連用形,汚れる,ヨゴレ,ヨゴレ
た	助動詞,*,*,*,特殊・タ,基本形,た,タ,タ
もの	名詞,非自立,一般,*,*,*,もの,モノ,モノ
で	助動詞,*,*,*,特殊・ダ,連用形,だ,デ,デ
ある	助動詞,*,*,*,五段・ラ行アル,基本形,ある,アル,アル
。	記号,句点,*,*,*,*,。,。,。
すべて	名詞,副詞可能,*,*,*,*,すべて,スベテ,スベテ
その	連体詞,*,*,*,*,*,その,ソノ,ソノ
死体	名詞,一般,*,*,*,*,死体,シタイ,シタイ
に	助詞,格助詞,一般,*,*,*,に,ニ,ニ
触れ	動詞,自立,*,*,一段,連用形,触れる,フレ,フレ
た	助動詞,*,*,*,特殊・タ,基本形,た,タ,タ
者	名詞,非自立,一般,*,*,*,者,モノ,モノ
は	助詞,係助詞,*,*,*,*,は,ハ,ワ
夕方	名詞,副詞可能,*,*,*,*,夕方,ユウガタ,ユーガタ
まで	助詞,副助詞,*,*,*,*,まで,マデ,マデ
汚れ	動詞,自立,*,*,一段,連用形,汚れる,ヨゴレ,ヨゴレ
た	助動詞,*,*,*,特殊・タ,基本形,た,タ,タ
者	名詞,非自立,一般,*,*,*,者,モノ,モノ
と	助詞,格助詞,一般,*,*,*,と,ト,ト
なる	動詞,自立,*,*,五段・ラ行,基本形,なる,ナル,ナル
。	記号,句点,*,*,*,*,。,。,。
また	接続詞,*,*,*,*,*,また,マタ,マタ
，	記号,読点,*,*,*,*,，,，,，
その	連体詞,*,*,*,*,*,その,ソノ,ソノ
死体	名詞,一般,*,*,*,*,死体,シタイ,シタイ
を	助詞,格助詞,一般,*,*,*,を,ヲ,ヲ
運ん	動詞,自立,*,*,五段・バ行,連用タ接続,運ぶ,ハコン,ハコン
だ	助動詞,*,*,*,特殊・タ,基本形,だ,ダ,ダ
者	名詞,非自立,一般,*,*,*,者,モノ,モノ
は	助詞,係助詞,*,*,*,*,は,ハ,ワ
自分	名詞,一般,*,*,*,*,自分,ジブン,ジブン
の	助詞,連体化,*,*,*,*,の,ノ,ノ
衣	名詞,一般,*,*,*,*,衣,コロモ,コロモ
を	助詞,格助詞,一般,*,*,*,を,ヲ,ヲ
洗う	動詞,自立,*,*,五段・ワ行促音便,基本形,洗う,アラウ,アラウ
。	記号,句点,*,*,*,*,。,。,。
その	連体詞,*,*,*,*,*,その,ソノ,ソノ
者	名詞,非自立,一般,*,*,*,者,モノ,モノ
は	助詞,係助詞,*,*,*,*,は,ハ,ワ
夕方	名詞,副詞可能,*,*,*,*,夕方,ユウガタ,ユーガタ
まで	助詞,副助詞,*,*,*,*,まで,マデ,マデ
汚れ	動詞,自立,*,*,一段,連用形,汚れる,ヨゴレ,ヨゴレ
た	助動詞,*,*,*,特殊・タ,基本形,た,タ,タ
者	名詞,非自立,一般,*,*,*,者,モノ,モノ
と	助詞,格助詞,引用,*,*,*,と,ト,ト
さ	動詞,自立,*,*,サ変・スル,未然レル接続,する,サ,サ
れる	動詞,接尾,*,*,一段,基本形,れる,レル,レル
こと	名詞,非自立,一般,*,*,*,こと,コト,コト
に	助詞,格助詞,一般,*,*,*,に,ニ,ニ
なる	動詞,自立,*,*,五段・ラ行,基本形,なる,ナル,ナル
。	記号,句点,*,*,*,*,。,。,。
それら	名詞,代名詞,一般,*,*,*,それら,ソレラ,ソレラ
は	助詞,係助詞,*,*,*,*,は,ハ,ワ
あなた	名詞,代名詞,一般,*,*,*,あなた,アナタ,アナタ
方	名詞,接尾,一般,*,*,*,方,カタ,カタ
にとって	助詞,格助詞,連語,*,*,*,にとって,ニトッテ,ニトッテ
汚れ	動詞,自立,*,*,一段,連用形,汚れる,ヨゴレ,ヨゴレ
た	助動詞,*,*,*,特殊・タ,基本形,た,タ,タ
もの	名詞,非自立,一般,*,*,*,もの,モノ,モノ
で	助動詞,*,*,*,特殊・ダ,連用形,だ,デ,デ
ある	助動詞,*,*,*,五段・ラ行アル,基本形,ある,アル,アル
。	記号,句点,*,*,*,*,。,。,。
「	記号,括弧開,*,*,*,*,「,「,「
『	記号,括弧開,*,*,*,*,『,『,『
また	接続詞,*,*,*,*,*,また,マタ,マタ
，	記号,読点,*,*,*,*,，,，,，
これ	名詞,代名詞,一般,*,*,*,これ,コレ,コレ
は	助詞,係助詞,*,*,*,*,は,ハ,ワ
地	名詞,一般,*,*,*,*,地,チ,チ
に	助詞,格助詞,一般,*,*,*,に,ニ,ニ
群がる	動詞,自立,*,*,五段・ラ行,基本形,群がる,ムラガル,ムラガル
群がる	動詞,自立,*,*,五段・ラ行,基本形,群がる,ムラガル,ムラガル
生き物	名詞,一般,*,*,*,*,生き物,イキモノ,イキモノ
の	助詞,連体化,*,*,*,*,の,ノ,ノ
うち	名詞,非自立,副詞可能,*,*,*,うち,ウチ,ウチ
あなた	名詞,代名詞,一般,*,*,*,あなた,アナタ,アナタ
方	名詞,接尾,一般,*,*,*,方,カタ,カタ
にとって	助詞,格助詞,連語,*,*,*,にとって,ニトッテ,ニトッテ
汚れ	動詞,自立,*,*,一段,連用形,汚れる,ヨゴレ,ヨゴレ
た	助動詞,*,*,*,特殊・タ,基本形,た,タ,タ
もの	名詞,非自立,一般,*,*,*,もの,モノ,モノ
で	助動詞,*,*,*,特殊・ダ,連用形,だ,デ,デ
ある	助動詞,*,*,*,五段・ラ行アル,基本形,ある,アル,アル
。	記号,句点,*,*,*,*,。,。,。
もぐら	名詞,一般,*,*,*,*,もぐら,モグラ,モグラ
ねずみ	名詞,一般,*,*,*,*,ねずみ,ネズミ,ネズミ
･	名詞,サ変接続,*,*,*,*,*
と	助詞,並立助詞,*,*,*,*,と,ト,ト
びねずみ	名詞,一般,*,*,*,*,*
･	名詞,サ変接続,*,*,*,*,*
とかげ	名詞,一般,*,*,*,*,とかげ,トカゲ,トカゲ
の	助詞,連体化,*,*,*,*,の,ノ,ノ
類	名詞,一般,*,*,*,*,類,ルイ,ルイ
，	記号,読点,*,*,*,*,，,，,，
ひろ	名詞,固有名詞,人名,名,*,*,ひろ,ヒロ,ヒロ
あし	名詞,一般,*,*,*,*,あし,アシ,アシ
やもり	名詞,一般,*,*,*,*,やもり,ヤモリ,ヤモリ
･	名詞,サ変接続,*,*,*,*,*
大	接頭詞,名詞接続,*,*,*,*,大,ダイ,ダイ
とかげ	名詞,一般,*,*,*,*,とかげ,トカゲ,トカゲ
･	名詞,サ変接続,*,*,*,*,*
いもり	名詞,一般,*,*,*,*,いもり,イモリ,イモリ
･	名詞,サ変接続,*,*,*,*,*
す	動詞,自立,*,*,サ変・スル,文語基本形,する,ス,ス
な	助詞,終助詞,*,*,*,*,な,ナ,ナ
と	助詞,格助詞,引用,*,*,*,と,ト,ト
かげ	動詞,自立,*,*,一段,連用形,かげる,カゲ,カゲ
･	名詞,サ変接続,*,*,*,*,*
カメレオン	名詞,一般,*,*,*,*,カメレオン,カメレオン,カメレオン
。	記号,句点,*,*,*,*,。,。,。
これら	名詞,代名詞,一般,*,*,*,これら,コレラ,コレラ
は	助詞,係助詞,*,*,*,*,は,ハ,ワ
あらゆる	連体詞,*,*,*,*,*,あらゆる,アラユル,アラユル
群がる	動詞,自立,*,*,五段・ラ行,基本形,群がる,ムラガル,ムラガル
生き物	名詞,一般,*,*,*,*,生き物,イキモノ,イキモノ
の	助詞,連体化,*,*,*,*,の,ノ,ノ
うち	名詞,非自立,副詞可能,*,*,*,うち,ウチ,ウチ
あなた	名詞,代名詞,一般,*,*,*,あなた,アナタ,アナタ
方	名詞,接尾,一般,*,*,*,方,カタ,カタ
にとって	助詞,格助詞,連語,*,*,*,にとって,ニトッテ,ニトッテ
汚れ	動詞,自立,*,*,一段,連用形,汚れる,ヨゴレ,ヨゴレ
た	助動詞,*,*,*,特殊・タ,基本形,た,タ,タ
もの	名詞,非自立,一般,*,*,*,もの,モノ,モノ
で	助動詞,*,*,*,特殊・ダ,連用形,だ,デ,デ
ある	助動詞,*,*,*,五段・ラ行アル,基本形,ある,アル,アル
。	記号,句点,*,*,*,*,。,。,。
すべて	名詞,副詞可能,*,*,*,*,すべて,スベテ,スベテ
それ	名詞,代名詞,一般,*,*,*,それ,ソレ,ソレ
の	助詞,格助詞,一般,*,*,*,の,ノ,ノ
死ん	動詞,自立,*,*,五段・ナ行,連用タ接続,死ぬ,シン,シン
で	助詞,接続助詞,*,*,*,*,で,デ,デ
いる	動詞,非自立,*,*,一段,基本形,いる,イル,イル
もの	名詞,非自立,一般,*,*,*,もの,モノ,モノ
に	助詞,格助詞,一般,*,*,*,に,ニ,ニ
触れ	動詞,自立,*,*,一段,連用形,触れる,フレ,フレ
た	助動詞,*,*,*,特殊・タ,基本形,た,タ,タ
者	名詞,非自立,一般,*,*,*,者,モノ,モノ
は	助詞,係助詞,*,*,*,*,は,ハ,ワ
夕方	名詞,副詞可能,*,*,*,*,夕方,ユウガタ,ユーガタ
まで	助詞,副助詞,*,*,*,*,まで,マデ,マデ
汚れ	動詞,自立,*,*,一段,連用形,汚れる,ヨゴレ,ヨゴレ
た	助動詞,*,*,*,特殊・タ,基本形,た,タ,タ
者	名詞,非自立,一般,*,*,*,者,モノ,モノ
と	助詞,格助詞,一般,*,*,*,と,ト,ト
なる	動詞,自立,*,*,五段・ラ行,基本形,なる,ナル,ナル
。	記号,句点,*,*,*,*,。,。,。
「	記号,括弧開,*,*,*,*,「,「,「
『	記号,括弧開,*,*,*,*,『,『,『
さて	接続詞,*,*,*,*,*,さて,サテ,サテ
，	記号,読点,*,*,*,*,，,，,，
何	名詞,代名詞,一般,*,*,*,何,ナニ,ナニ
に	助詞,格助詞,一般,*,*,*,に,ニ,ニ
せよ	動詞,自立,*,*,サ変・スル,命令ｙｏ,する,セヨ,セヨ
その	連体詞,*,*,*,*,*,その,ソノ,ソノ
上	名詞,非自立,副詞可能,*,*,*,上,ウエ,ウエ
に	助詞,格助詞,一般,*,*,*,に,ニ,ニ
これら	名詞,代名詞,一般,*,*,*,これら,コレラ,コレラ
の	助詞,連体化,*,*,*,*,の,ノ,ノ
いずれ	名詞,代名詞,一般,*,*,*,いずれ,イズレ,イズレ
か	助詞,副助詞／並立助詞／終助詞,*,*,*,*,か,カ,カ
が	助詞,格助詞,一般,*,*,*,が,ガ,ガ
死ん	動詞,自立,*,*,五段・ナ行,連用タ接続,死ぬ,シン,シン
だ	助動詞,*,*,*,特殊・タ,基本形,だ,ダ,ダ
状態	名詞,一般,*,*,*,*,状態,ジョウタイ,ジョータイ
で	助詞,格助詞,一般,*,*,*,で,デ,デ
落ちる	動詞,自立,*,*,一段,基本形,落ちる,オチル,オチル
こと	名詞,非自立,一般,*,*,*,こと,コト,コト
が	助詞,格助詞,一般,*,*,*,が,ガ,ガ
ある	動詞,自立,*,*,五段・ラ行,基本形,ある,アル,アル
なら	助動詞,*,*,*,特殊・ダ,仮定形,だ,ナラ,ナラ
，	記号,読点,*,*,*,*,，,，,，
何	名詞,代名詞,一般,*,*,*,何,ナニ,ナニ
か	助詞,副助詞／並立助詞／終助詞,*,*,*,*,か,カ,カ
の	助詞,連体化,*,*,*,*,の,ノ,ノ
木	名詞,一般,*,*,*,*,木,キ,キ
の	助詞,連体化,*,*,*,*,の,ノ,ノ
器	名詞,一般,*,*,*,*,器,ウツワ,ウツワ
で	助動詞,*,*,*,特殊・ダ,連用形,だ,デ,デ
あれ	助動詞,*,*,*,五段・ラ行アル,命令ｅ,ある,アレ,アレ
，	記号,読点,*,*,*,*,，,，,，
衣	名詞,固有名詞,人名,姓,*,*,衣,コロモ,コロモ
，	記号,読点,*,*,*,*,，,，,，
皮	名詞,一般,*,*,*,*,皮,カワ,カワ
，	記号,読点,*,*,*,*,，,，,，
粗布	名詞,一般,*,*,*,*,粗布,ソフ,ソフ
で	助動詞,*,*,*,特殊・ダ,連用形,だ,デ,デ
あれ	助動詞,*,*,*,五段・ラ行アル,命令ｅ,ある,アレ,アレ
，	記号,読点,*,*,*,*,，,，,，
それ	名詞,代名詞,一般,*,*,*,それ,ソレ,ソレ
は	助詞,係助詞,*,*,*,*,は,ハ,ワ
汚れ	動詞,自立,*,*,一段,連用形,汚れる,ヨゴレ,ヨゴレ
た	助動詞,*,*,*,特殊・タ,基本形,た,タ,タ
もの	名詞,非自立,一般,*,*,*,もの,モノ,モノ
と	助詞,格助詞,一般,*,*,*,と,ト,ト
なる	動詞,自立,*,*,五段・ラ行,基本形,なる,ナル,ナル
。	記号,句点,*,*,*,*,。,。,。
どんな	連体詞,*,*,*,*,*,どんな,ドンナ,ドンナ
器	名詞,一般,*,*,*,*,器,ウツワ,ウツワ
に	助詞,格助詞,一般,*,*,*,に,ニ,ニ
せよ	動詞,自立,*,*,サ変・スル,命令ｙｏ,する,セヨ,セヨ
何	名詞,代名詞,一般,*,*,*,何,ナニ,ナニ
か	助詞,副助詞／並立助詞／終助詞,*,*,*,*,か,カ,カ
の	助詞,連体化,*,*,*,*,の,ノ,ノ
事	名詞,非自立,一般,*,*,*,事,コト,コト
に	助詞,格助詞,一般,*,*,*,に,ニ,ニ
用い	動詞,自立,*,*,一段,未然形,用いる,モチイ,モチイ
られる	動詞,接尾,*,*,一段,基本形,られる,ラレル,ラレル
もの	名詞,非自立,一般,*,*,*,もの,モノ,モノ
は	助詞,係助詞,*,*,*,*,は,ハ,ワ
水	名詞,一般,*,*,*,*,水,ミズ,ミズ
の	助詞,連体化,*,*,*,*,の,ノ,ノ
中	名詞,非自立,副詞可能,*,*,*,中,ナカ,ナカ
に	助詞,格助詞,一般,*,*,*,に,ニ,ニ
漬け	動詞,自立,*,*,一段,未然形,漬ける,ツケ,ツケ
られる	動詞,接尾,*,*,一段,基本形,られる,ラレル,ラレル
。	記号,句点,*,*,*,*,。,。,。
それ	名詞,代名詞,一般,*,*,*,それ,ソレ,ソレ
は	助詞,係助詞,*,*,*,*,は,ハ,ワ
夕方	名詞,副詞可能,*,*,*,*,夕方,ユウガタ,ユーガタ
まで	助詞,副助詞,*,*,*,*,まで,マデ,マデ
は	助詞,係助詞,*,*,*,*,は,ハ,ワ
汚れ	動詞,自立,*,*,一段,連用形,汚れる,ヨゴレ,ヨゴレ
た	助動詞,*,*,*,特殊・タ,基本形,た,タ,タ
もの	名詞,非自立,一般,*,*,*,もの,モノ,モノ
と	助詞,格助詞,引用,*,*,*,と,ト,ト
さ	動詞,自立,*,*,サ変・スル,未然レル接続,する,サ,サ
れ	動詞,接尾,*,*,一段,未然形,れる,レ,レ
なけれ	助動詞,*,*,*,特殊・ナイ,仮定形,ない,ナケレ,ナケレ
ば	助詞,接続助詞,*,*,*,*,ば,バ,バ
なら	動詞,非自立,*,*,五段・ラ行,未然形,なる,ナラ,ナラ
ない	助動詞,*,*,*,特殊・ナイ,基本形,ない,ナイ,ナイ
が	助詞,接続助詞,*,*,*,*,が,ガ,ガ
，	記号,読点,*,*,*,*,，,，,，
その後	名詞,副詞可能,*,*,*,*,その後,ソノゴ,ソノゴ
は	助詞,係助詞,*,*,*,*,は,ハ,ワ
清い	形容詞,自立,*,*,形容詞・アウオ段,基本形,清い,キヨイ,キヨイ
もの	名詞,非自立,一般,*,*,*,もの,モノ,モノ
と	助詞,格助詞,引用,*,*,*,と,ト,ト
さ	動詞,自立,*,*,サ変・スル,未然レル接続,する,サ,サ
れる	動詞,接尾,*,*,一段,基本形,れる,レル,レル
。	記号,句点,*,*,*,*,。,。,。
どんな	連体詞,*,*,*,*,*,どんな,ドンナ,ドンナ
土	名詞,一般,*,*,*,*,土,ド,ド
の	助詞,連体化,*,*,*,*,の,ノ,ノ
器	名詞,一般,*,*,*,*,器,ウツワ,ウツワ
に	助詞,格助詞,一般,*,*,*,に,ニ,ニ
し	動詞,自立,*,*,サ変・スル,連用形,する,シ,シ
て	助詞,接続助詞,*,*,*,*,て,テ,テ
も	助詞,係助詞,*,*,*,*,も,モ,モ
その	連体詞,*,*,*,*,*,その,ソノ,ソノ
中	名詞,非自立,副詞可能,*,*,*,中,ナカ,ナカ
に	助詞,格助詞,一般,*,*,*,に,ニ,ニ
これら	名詞,代名詞,一般,*,*,*,これら,コレラ,コレラ
の	助詞,連体化,*,*,*,*,の,ノ,ノ
いずれ	名詞,代名詞,一般,*,*,*,いずれ,イズレ,イズレ
か	助詞,副助詞／並立助詞／終助詞,*,*,*,*,か,カ,カ
が	助詞,格助詞,一般,*,*,*,が,ガ,ガ
落ちる	動詞,自立,*,*,一段,基本形,落ちる,オチル,オチル
こと	名詞,非自立,一般,*,*,*,こと,コト,コト
が	助詞,格助詞,一般,*,*,*,が,ガ,ガ
ある	動詞,自立,*,*,五段・ラ行,基本形,ある,アル,アル
なら	助動詞,*,*,*,特殊・ダ,仮定形,だ,ナラ,ナラ
，	記号,読点,*,*,*,*,，,，,，
その	連体詞,*,*,*,*,*,その,ソノ,ソノ
中	名詞,非自立,副詞可能,*,*,*,中,ナカ,ナカ
の	助詞,連体化,*,*,*,*,の,ノ,ノ
物	名詞,非自立,一般,*,*,*,物,モノ,モノ
は	助詞,係助詞,*,*,*,*,は,ハ,ワ
すべて	名詞,副詞可能,*,*,*,*,すべて,スベテ,スベテ
汚れ	動詞,自立,*,*,一段,連用形,汚れる,ヨゴレ,ヨゴレ
た	助動詞,*,*,*,特殊・タ,基本形,た,タ,タ
もの	名詞,非自立,一般,*,*,*,もの,モノ,モノ
と	助詞,格助詞,一般,*,*,*,と,ト,ト
なる	動詞,自立,*,*,五段・ラ行,基本形,なる,ナル,ナル
。	記号,句点,*,*,*,*,。,。,。
そして	接続詞,*,*,*,*,*,そして,ソシテ,ソシテ
，	記号,読点,*,*,*,*,，,，,，
あなた	名詞,代名詞,一般,*,*,*,あなた,アナタ,アナタ
方	名詞,接尾,一般,*,*,*,方,カタ,カタ
は	助詞,係助詞,*,*,*,*,は,ハ,ワ
それ	名詞,代名詞,一般,*,*,*,それ,ソレ,ソレ
を	助詞,格助詞,一般,*,*,*,を,ヲ,ヲ
打ち砕く	動詞,自立,*,*,五段・カ行イ音便,基本形,打ち砕く,ウチクダク,ウチクダク
。	記号,句点,*,*,*,*,。,。,。
食べ	動詞,自立,*,*,一段,連用形,食べる,タベ,タベ
て	助詞,接続助詞,*,*,*,*,て,テ,テ
よい	形容詞,非自立,*,*,形容詞・アウオ段,基本形,よい,ヨイ,ヨイ
どんな	連体詞,*,*,*,*,*,どんな,ドンナ,ドンナ
食べ物	名詞,一般,*,*,*,*,食べ物,タベモノ,タベモノ
で	助詞,格助詞,一般,*,*,*,で,デ,デ
も	助詞,係助詞,*,*,*,*,も,モ,モ
その	連体詞,*,*,*,*,*,その,ソノ,ソノ
上	名詞,非自立,副詞可能,*,*,*,上,ウエ,ウエ
に	助詞,格助詞,一般,*,*,*,に,ニ,ニ
それ	名詞,代名詞,一般,*,*,*,それ,ソレ,ソレ
から	助詞,格助詞,一般,*,*,*,から,カラ,カラ
の	助詞,連体化,*,*,*,*,の,ノ,ノ
水	名詞,一般,*,*,*,*,水,ミズ,ミズ
が	助詞,格助詞,一般,*,*,*,が,ガ,ガ
掛かる	動詞,自立,*,*,五段・ラ行,基本形,掛かる,カカル,カカル
なら	助動詞,*,*,*,特殊・ダ,仮定形,だ,ナラ,ナラ
，	記号,読点,*,*,*,*,，,，,，
それ	名詞,代名詞,一般,*,*,*,それ,ソレ,ソレ
は	助詞,係助詞,*,*,*,*,は,ハ,ワ
汚れ	動詞,自立,*,*,一段,連用形,汚れる,ヨゴレ,ヨゴレ
た	助動詞,*,*,*,特殊・タ,基本形,た,タ,タ
もの	名詞,非自立,一般,*,*,*,もの,モノ,モノ
と	助詞,格助詞,一般,*,*,*,と,ト,ト
なる	動詞,自立,*,*,五段・ラ行,基本形,なる,ナル,ナル
。	記号,句点,*,*,*,*,。,。,。
また	接続詞,*,*,*,*,*,また,マタ,マタ
，	記号,読点,*,*,*,*,，,，,，
飲ん	動詞,自立,*,*,五段・マ行,連用タ接続,飲む,ノン,ノン
で	助詞,接続助詞,*,*,*,*,で,デ,デ
よい	形容詞,非自立,*,*,形容詞・アウオ段,基本形,よい,ヨイ,ヨイ
どんな	連体詞,*,*,*,*,*,どんな,ドンナ,ドンナ
飲み物	名詞,一般,*,*,*,*,飲み物,ノミモノ,ノミモノ
が	助詞,格助詞,一般,*,*,*,が,ガ,ガ
どの	連体詞,*,*,*,*,*,どの,ドノ,ドノ
よう	名詞,非自立,助動詞語幹,*,*,*,よう,ヨウ,ヨー
な	助動詞,*,*,*,特殊・ダ,体言接続,だ,ナ,ナ
器	名詞,一般,*,*,*,*,器,ウツワ,ウツワ
に	助詞,格助詞,一般,*,*,*,に,ニ,ニ
入っ	動詞,自立,*,*,五段・ラ行,連用タ接続,入る,ハイッ,ハイッ
て	助詞,接続助詞,*,*,*,*,て,テ,テ
いる	動詞,非自立,*,*,一段,基本形,いる,イル,イル
場合	名詞,副詞可能,*,*,*,*,場合,バアイ,バアイ
でも	助詞,副助詞,*,*,*,*,でも,デモ,デモ
，	記号,読点,*,*,*,*,，,，,，
それ	名詞,代名詞,一般,*,*,*,それ,ソレ,ソレ
は	助詞,係助詞,*,*,*,*,は,ハ,ワ
汚れ	動詞,自立,*,*,一段,連用形,汚れる,ヨゴレ,ヨゴレ
た	助動詞,*,*,*,特殊・タ,基本形,た,タ,タ
もの	名詞,非自立,一般,*,*,*,もの,モノ,モノ
と	助詞,格助詞,一般,*,*,*,と,ト,ト
なる	動詞,自立,*,*,五段・ラ行,基本形,なる,ナル,ナル
。	記号,句点,*,*,*,*,。,。,。
こうして	接続詞,*,*,*,*,*,こうして,コウシテ,コーシテ
，	記号,読点,*,*,*,*,，,，,，
その	連体詞,*,*,*,*,*,その,ソノ,ソノ
上	名詞,非自立,副詞可能,*,*,*,上,ウエ,ウエ
に	助詞,格助詞,一般,*,*,*,に,ニ,ニ
これら	名詞,代名詞,一般,*,*,*,これら,コレラ,コレラ
の	助詞,連体化,*,*,*,*,の,ノ,ノ
いずれ	名詞,代名詞,一般,*,*,*,いずれ,イズレ,イズレ
か	助詞,副助詞／並立助詞／終助詞,*,*,*,*,か,カ,カ
の	助詞,連体化,*,*,*,*,の,ノ,ノ
死体	名詞,一般,*,*,*,*,死体,シタイ,シタイ
が	助詞,格助詞,一般,*,*,*,が,ガ,ガ
落ち	動詞,自立,*,*,一段,連用形,落ちる,オチ,オチ
た	助動詞,*,*,*,特殊・タ,基本形,た,タ,タ
物	名詞,非自立,一般,*,*,*,物,モノ,モノ
は	助詞,係助詞,*,*,*,*,は,ハ,ワ
すべて	名詞,副詞可能,*,*,*,*,すべて,スベテ,スベテ
汚れ	動詞,自立,*,*,一段,連用形,汚れる,ヨゴレ,ヨゴレ
た	助動詞,*,*,*,特殊・タ,基本形,た,タ,タ
もの	名詞,非自立,一般,*,*,*,もの,モノ,モノ
と	助詞,格助詞,一般,*,*,*,と,ト,ト
なる	動詞,自立,*,*,五段・ラ行,基本形,なる,ナル,ナル
。	記号,句点,*,*,*,*,。,。,。
かま	名詞,一般,*,*,*,*,かま,カマ,カマ
ど	助詞,接続助詞,*,*,*,*,ど,ド,ド
に	助詞,格助詞,一般,*,*,*,に,ニ,ニ
せよ	動詞,自立,*,*,サ変・スル,命令ｙｏ,する,セヨ,セヨ
，	記号,読点,*,*,*,*,，,，,，
かめの	名詞,固有名詞,人名,名,*,*,かめの,カメノ,カメノ
台	名詞,接尾,一般,*,*,*,台,ダイ,ダイ
に	助詞,格助詞,一般,*,*,*,に,ニ,ニ
せよ	動詞,自立,*,*,サ変・スル,命令ｙｏ,する,セヨ,セヨ
，	記号,読点,*,*,*,*,，,，,，
それ	名詞,代名詞,一般,*,*,*,それ,ソレ,ソレ
は	助詞,係助詞,*,*,*,*,は,ハ,ワ
打ち壊さ	動詞,自立,*,*,五段・サ行,未然形,打ち壊す,ウチコワサ,ウチコワサ
れる	動詞,接尾,*,*,一段,基本形,れる,レル,レル
べき	助動詞,*,*,*,文語・ベシ,体言接続,べし,ベキ,ベキ
で	助動詞,*,*,*,特殊・ダ,連用形,だ,デ,デ
ある	助動詞,*,*,*,五段・ラ行アル,基本形,ある,アル,アル
。	記号,句点,*,*,*,*,。,。,。
それら	名詞,代名詞,一般,*,*,*,それら,ソレラ,ソレラ
は	助詞,係助詞,*,*,*,*,は,ハ,ワ
汚れ	動詞,自立,*,*,一段,連用形,汚れる,ヨゴレ,ヨゴレ
た	助動詞,*,*,*,特殊・タ,基本形,た,タ,タ
もの	名詞,非自立,一般,*,*,*,もの,モノ,モノ
で	助動詞,*,*,*,特殊・ダ,連用形,だ,デ,デ
あり	助動詞,*,*,*,五段・ラ行アル,連用形,ある,アリ,アリ
，	記号,読点,*,*,*,*,，,，,，
あなた	名詞,代名詞,一般,*,*,*,あなた,アナタ,アナタ
方	名詞,接尾,一般,*,*,*,方,カタ,カタ
にとって	助詞,格助詞,連語,*,*,*,にとって,ニトッテ,ニトッテ
汚れ	動詞,自立,*,*,一段,連用形,汚れる,ヨゴレ,ヨゴレ
た	助動詞,*,*,*,特殊・タ,基本形,た,タ,タ
もの	名詞,非自立,一般,*,*,*,もの,モノ,モノ
と	助詞,格助詞,一般,*,*,*,と,ト,ト
なる	動詞,自立,*,*,五段・ラ行,基本形,なる,ナル,ナル
。	記号,句点,*,*,*,*,。,。,。
ただ	接続詞,*,*,*,*,*,ただ,タダ,タダ
泉	名詞,一般,*,*,*,*,泉,イズミ,イズミ
と	助詞,並立助詞,*,*,*,*,と,ト,ト
水	名詞,一般,*,*,*,*,水,ミズ,ミズ
を	助詞,格助詞,一般,*,*,*,を,ヲ,ヲ
溜め	動詞,自立,*,*,一段,連用形,溜める,タメ,タメ
た	助動詞,*,*,*,特殊・タ,基本形,た,タ,タ
坑	名詞,一般,*,*,*,*,坑,アナ,アナ
だけ	助詞,副助詞,*,*,*,*,だけ,ダケ,ダケ
は	助詞,係助詞,*,*,*,*,は,ハ,ワ
引き続き	副詞,一般,*,*,*,*,引き続き,ヒキツヅキ,ヒキツズキ
清い	形容詞,自立,*,*,形容詞・アウオ段,基本形,清い,キヨイ,キヨイ
と	助詞,格助詞,引用,*,*,*,と,ト,ト
さ	動詞,自立,*,*,サ変・スル,未然レル接続,する,サ,サ
れる	動詞,接尾,*,*,一段,基本形,れる,レル,レル
が	助詞,接続助詞,*,*,*,*,が,ガ,ガ
，	記号,読点,*,*,*,*,，,，,，
だれ	名詞,代名詞,一般,*,*,*,だれ,ダレ,ダレ
でも	助詞,副助詞,*,*,*,*,でも,デモ,デモ
その	連体詞,*,*,*,*,*,その,ソノ,ソノ
死体	名詞,一般,*,*,*,*,死体,シタイ,シタイ
に	助詞,格助詞,一般,*,*,*,に,ニ,ニ
触れる	動詞,自立,*,*,一段,基本形,触れる,フレル,フレル
者	名詞,非自立,一般,*,*,*,者,モノ,モノ
は	助詞,係助詞,*,*,*,*,は,ハ,ワ
みな	名詞,副詞可能,*,*,*,*,みな,ミナ,ミナ
汚れる	動詞,自立,*,*,一段,基本形,汚れる,ヨゴレル,ヨゴレル
こと	名詞,非自立,一般,*,*,*,こと,コト,コト
に	助詞,格助詞,一般,*,*,*,に,ニ,ニ
なる	動詞,自立,*,*,五段・ラ行,基本形,なる,ナル,ナル
。	記号,句点,*,*,*,*,。,。,。
また	接続詞,*,*,*,*,*,また,マタ,マタ
，	記号,読点,*,*,*,*,，,，,，
まか	動詞,自立,*,*,五段・カ行イ音便,未然形,まく,マカ,マカ
れる	動詞,接尾,*,*,一段,基本形,れる,レル,レル
はず	名詞,非自立,一般,*,*,*,はず,ハズ,ハズ
の	助詞,連体化,*,*,*,*,の,ノ,ノ
何	名詞,代名詞,一般,*,*,*,何,ナニ,ナニ
か	助詞,副助詞／並立助詞／終助詞,*,*,*,*,か,カ,カ
の	助詞,連体化,*,*,*,*,の,ノ,ノ
植物	名詞,一般,*,*,*,*,植物,ショクブツ,ショクブツ
の	助詞,連体化,*,*,*,*,の,ノ,ノ
種	名詞,一般,*,*,*,*,種,タネ,タネ
の	助詞,連体化,*,*,*,*,の,ノ,ノ
上	名詞,非自立,副詞可能,*,*,*,上,ウエ,ウエ
に	助詞,格助詞,一般,*,*,*,に,ニ,ニ
それら	名詞,代名詞,一般,*,*,*,それら,ソレラ,ソレラ
の	助詞,連体化,*,*,*,*,の,ノ,ノ
いずれ	名詞,代名詞,一般,*,*,*,いずれ,イズレ,イズレ
か	助詞,副助詞／並立助詞／終助詞,*,*,*,*,か,カ,カ
の	助詞,連体化,*,*,*,*,の,ノ,ノ
死体	名詞,一般,*,*,*,*,死体,シタイ,シタイ
が	助詞,格助詞,一般,*,*,*,が,ガ,ガ
落ちる	動詞,自立,*,*,一段,基本形,落ちる,オチル,オチル
こと	名詞,非自立,一般,*,*,*,こと,コト,コト
が	助詞,格助詞,一般,*,*,*,が,ガ,ガ
あっ	動詞,自立,*,*,五段・ラ行,連用タ接続,ある,アッ,アッ
て	助詞,接続助詞,*,*,*,*,て,テ,テ
も	助詞,係助詞,*,*,*,*,も,モ,モ
，	記号,読点,*,*,*,*,，,，,，
それ	名詞,代名詞,一般,*,*,*,それ,ソレ,ソレ
は	助詞,係助詞,*,*,*,*,は,ハ,ワ
清い	形容詞,自立,*,*,形容詞・アウオ段,基本形,清い,キヨイ,キヨイ
。	記号,句点,*,*,*,*,。,。,。
しかし	接続詞,*,*,*,*,*,しかし,シカシ,シカシ
，	記号,読点,*,*,*,*,，,，,，
種	名詞,一般,*,*,*,*,種,タネ,タネ
に	助詞,格助詞,一般,*,*,*,に,ニ,ニ
水	名詞,一般,*,*,*,*,水,ミズ,ミズ
が	助詞,格助詞,一般,*,*,*,が,ガ,ガ
掛け	動詞,自立,*,*,一段,未然形,掛ける,カケ,カケ
られ	動詞,接尾,*,*,一段,連用形,られる,ラレ,ラレ
て	助詞,接続助詞,*,*,*,*,て,テ,テ
い	動詞,非自立,*,*,一段,連用形,いる,イ,イ
て	助詞,接続助詞,*,*,*,*,て,テ,テ
，	記号,読点,*,*,*,*,，,，,，
その	連体詞,*,*,*,*,*,その,ソノ,ソノ
上	名詞,非自立,副詞可能,*,*,*,上,ウエ,ウエ
に	助詞,格助詞,一般,*,*,*,に,ニ,ニ
それら	名詞,代名詞,一般,*,*,*,それら,ソレラ,ソレラ
の	助詞,連体化,*,*,*,*,の,ノ,ノ
死体	名詞,一般,*,*,*,*,死体,シタイ,シタイ
の	助詞,連体化,*,*,*,*,の,ノ,ノ
何	名詞,代名詞,一般,*,*,*,何,ナニ,ナニ
か	助詞,副助詞／並立助詞／終助詞,*,*,*,*,か,カ,カ
が	助詞,格助詞,一般,*,*,*,が,ガ,ガ
落ち	動詞,自立,*,*,一段,連用形,落ちる,オチ,オチ
た	助動詞,*,*,*,特殊・タ,基本形,た,タ,タ
場合	名詞,副詞可能,*,*,*,*,場合,バアイ,バアイ
で	助動詞,*,*,*,特殊・ダ,連用形,だ,デ,デ
あれ	助動詞,*,*,*,五段・ラ行アル,仮定形,ある,アレ,アレ
ば	助詞,接続助詞,*,*,*,*,ば,バ,バ
，	記号,読点,*,*,*,*,，,，,，
それ	名詞,代名詞,一般,*,*,*,それ,ソレ,ソレ
は	助詞,係助詞,*,*,*,*,は,ハ,ワ
あなた	名詞,代名詞,一般,*,*,*,あなた,アナタ,アナタ
方	名詞,接尾,一般,*,*,*,方,カタ,カタ
にとって	助詞,格助詞,連語,*,*,*,にとって,ニトッテ,ニトッテ
汚れ	動詞,自立,*,*,一段,連用形,汚れる,ヨゴレ,ヨゴレ
た	助動詞,*,*,*,特殊・タ,基本形,た,タ,タ
もの	名詞,非自立,一般,*,*,*,もの,モノ,モノ
で	助動詞,*,*,*,特殊・ダ,連用形,だ,デ,デ
ある	助動詞,*,*,*,五段・ラ行アル,基本形,ある,アル,アル
。	記号,句点,*,*,*,*,。,。,。
「	記号,括弧開,*,*,*,*,「,「,「
『	記号,括弧開,*,*,*,*,『,『,『
さて	接続詞,*,*,*,*,*,さて,サテ,サテ
，	記号,読点,*,*,*,*,，,，,，
あなた	名詞,代名詞,一般,*,*,*,あなた,アナタ,アナタ
方	名詞,接尾,一般,*,*,*,方,カタ,カタ
の	助詞,連体化,*,*,*,*,の,ノ,ノ
，	記号,読点,*,*,*,*,，,，,，
食用	名詞,一般,*,*,*,*,食用,ショクヨウ,ショクヨー
の	助詞,連体化,*,*,*,*,の,ノ,ノ
獣	名詞,一般,*,*,*,*,獣,シシ,シシ
の	助詞,連体化,*,*,*,*,の,ノ,ノ
いずれ	名詞,代名詞,一般,*,*,*,いずれ,イズレ,イズレ
か	助詞,副助詞／並立助詞／終助詞,*,*,*,*,か,カ,カ
が	助詞,格助詞,一般,*,*,*,が,ガ,ガ
死ん	動詞,自立,*,*,五段・ナ行,連用タ接続,死ぬ,シン,シン
だ	助動詞,*,*,*,特殊・タ,基本形,だ,ダ,ダ
場合	名詞,副詞可能,*,*,*,*,場合,バアイ,バアイ
，	記号,読点,*,*,*,*,，,，,，
その	連体詞,*,*,*,*,*,その,ソノ,ソノ
死体	名詞,一般,*,*,*,*,死体,シタイ,シタイ
に	助詞,格助詞,一般,*,*,*,に,ニ,ニ
触れる	動詞,自立,*,*,一段,基本形,触れる,フレル,フレル
者	名詞,非自立,一般,*,*,*,者,モノ,モノ
は	助詞,係助詞,*,*,*,*,は,ハ,ワ
夕方	名詞,副詞可能,*,*,*,*,夕方,ユウガタ,ユーガタ
まで	助詞,副助詞,*,*,*,*,まで,マデ,マデ
汚れる	動詞,自立,*,*,一段,基本形,汚れる,ヨゴレル,ヨゴレル
こと	名詞,非自立,一般,*,*,*,こと,コト,コト
に	助詞,格助詞,一般,*,*,*,に,ニ,ニ
なる	動詞,自立,*,*,五段・ラ行,基本形,なる,ナル,ナル
。	記号,句点,*,*,*,*,。,。,。
また	接続詞,*,*,*,*,*,また,マタ,マタ
，	記号,読点,*,*,*,*,，,，,，
その	連体詞,*,*,*,*,*,その,ソノ,ソノ
死体	名詞,一般,*,*,*,*,死体,シタイ,シタイ
の	助詞,連体化,*,*,*,*,の,ノ,ノ
何	名詞,代名詞,一般,*,*,*,何,ナニ,ナニ
か	助詞,副助詞／並立助詞／終助詞,*,*,*,*,か,カ,カ
を	助詞,格助詞,一般,*,*,*,を,ヲ,ヲ
食べ	動詞,自立,*,*,一段,連用形,食べる,タベ,タベ
た	助動詞,*,*,*,特殊・タ,基本形,た,タ,タ
者	名詞,非自立,一般,*,*,*,者,モノ,モノ
は	助詞,係助詞,*,*,*,*,は,ハ,ワ
自分	名詞,一般,*,*,*,*,自分,ジブン,ジブン
の	助詞,連体化,*,*,*,*,の,ノ,ノ
衣	名詞,一般,*,*,*,*,衣,コロモ,コロモ
を	助詞,格助詞,一般,*,*,*,を,ヲ,ヲ
洗う	動詞,自立,*,*,五段・ワ行促音便,基本形,洗う,アラウ,アラウ
。	記号,句点,*,*,*,*,。,。,。
その	連体詞,*,*,*,*,*,その,ソノ,ソノ
者	名詞,非自立,一般,*,*,*,者,モノ,モノ
は	助詞,係助詞,*,*,*,*,は,ハ,ワ
夕方	名詞,副詞可能,*,*,*,*,夕方,ユウガタ,ユーガタ
まで	助詞,副助詞,*,*,*,*,まで,マデ,マデ
汚れ	動詞,自立,*,*,一段,連用形,汚れる,ヨゴレ,ヨゴレ
た	助動詞,*,*,*,特殊・タ,基本形,た,タ,タ
者	名詞,非自立,一般,*,*,*,者,モノ,モノ
と	助詞,格助詞,引用,*,*,*,と,ト,ト
さ	動詞,自立,*,*,サ変・スル,未然レル接続,する,サ,サ
れ	動詞,接尾,*,*,一段,未然形,れる,レ,レ
なけれ	助動詞,*,*,*,特殊・ナイ,仮定形,ない,ナケレ,ナケレ
ば	助詞,接続助詞,*,*,*,*,ば,バ,バ
なら	動詞,非自立,*,*,五段・ラ行,未然形,なる,ナラ,ナラ
ない	助動詞,*,*,*,特殊・ナイ,基本形,ない,ナイ,ナイ
。	記号,句点,*,*,*,*,。,。,。
その	連体詞,*,*,*,*,*,その,ソノ,ソノ
死体	名詞,一般,*,*,*,*,死体,シタイ,シタイ
を	助詞,格助詞,一般,*,*,*,を,ヲ,ヲ
運び	動詞,自立,*,*,五段・バ行,連用形,運ぶ,ハコビ,ハコビ
去っ	動詞,自立,*,*,五段・ラ行,連用タ接続,去る,サッ,サッ
た	助動詞,*,*,*,特殊・タ,基本形,た,タ,タ
者	名詞,非自立,一般,*,*,*,者,モノ,モノ
は	助詞,係助詞,*,*,*,*,は,ハ,ワ
自分	名詞,一般,*,*,*,*,自分,ジブン,ジブン
の	助詞,連体化,*,*,*,*,の,ノ,ノ
衣	名詞,一般,*,*,*,*,衣,コロモ,コロモ
を	助詞,格助詞,一般,*,*,*,を,ヲ,ヲ
洗う	動詞,自立,*,*,五段・ワ行促音便,基本形,洗う,アラウ,アラウ
。	記号,句点,*,*,*,*,。,。,。
その	連体詞,*,*,*,*,*,その,ソノ,ソノ
者	名詞,非自立,一般,*,*,*,者,モノ,モノ
は	助詞,係助詞,*,*,*,*,は,ハ,ワ
夕方	名詞,副詞可能,*,*,*,*,夕方,ユウガタ,ユーガタ
まで	助詞,副助詞,*,*,*,*,まで,マデ,マデ
汚れ	動詞,自立,*,*,一段,連用形,汚れる,ヨゴレ,ヨゴレ
た	助動詞,*,*,*,特殊・タ,基本形,た,タ,タ
者	名詞,非自立,一般,*,*,*,者,モノ,モノ
と	助詞,格助詞,引用,*,*,*,と,ト,ト
さ	動詞,自立,*,*,サ変・スル,未然レル接続,する,サ,サ
れ	動詞,接尾,*,*,一段,未然形,れる,レ,レ
なけれ	助動詞,*,*,*,特殊・ナイ,仮定形,ない,ナケレ,ナケレ
ば	助詞,接続助詞,*,*,*,*,ば,バ,バ
なら	動詞,非自立,*,*,五段・ラ行,未然形,なる,ナラ,ナラ
ない	助動詞,*,*,*,特殊・ナイ,基本形,ない,ナイ,ナイ
。	記号,句点,*,*,*,*,。,。,。
また	接続詞,*,*,*,*,*,また,マタ,マタ
，	記号,読点,*,*,*,*,，,，,，
地	名詞,一般,*,*,*,*,地,チ,チ
に	助詞,格助詞,一般,*,*,*,に,ニ,ニ
群がる	動詞,自立,*,*,五段・ラ行,基本形,群がる,ムラガル,ムラガル
すべて	名詞,副詞可能,*,*,*,*,すべて,スベテ,スベテ
の	助詞,連体化,*,*,*,*,の,ノ,ノ
群がる	動詞,自立,*,*,五段・ラ行,基本形,群がる,ムラガル,ムラガル
生き物	名詞,一般,*,*,*,*,生き物,イキモノ,イキモノ
は	助詞,係助詞,*,*,*,*,は,ハ,ワ
忌み嫌う	動詞,自立,*,*,五段・ワ行促音便,基本形,忌み嫌う,イミキラウ,イミキラウ
べき	助動詞,*,*,*,文語・ベシ,体言接続,べし,ベキ,ベキ
もの	名詞,非自立,一般,*,*,*,もの,モノ,モノ
で	助動詞,*,*,*,特殊・ダ,連用形,だ,デ,デ
ある	助動詞,*,*,*,五段・ラ行アル,基本形,ある,アル,アル
。	記号,句点,*,*,*,*,。,。,。
それ	名詞,代名詞,一般,*,*,*,それ,ソレ,ソレ
を	助詞,格助詞,一般,*,*,*,を,ヲ,ヲ
食べ	動詞,自立,*,*,一段,連用形,食べる,タベ,タベ
て	助詞,接続助詞,*,*,*,*,て,テ,テ
は	助詞,係助詞,*,*,*,*,は,ハ,ワ
なら	動詞,非自立,*,*,五段・ラ行,未然形,なる,ナラ,ナラ
ない	助動詞,*,*,*,特殊・ナイ,基本形,ない,ナイ,ナイ
。	記号,句点,*,*,*,*,。,。,。
地	名詞,一般,*,*,*,*,地,チ,チ
に	助詞,格助詞,一般,*,*,*,に,ニ,ニ
群がる	動詞,自立,*,*,五段・ラ行,基本形,群がる,ムラガル,ムラガル
すべて	名詞,副詞可能,*,*,*,*,すべて,スベテ,スベテ
の	助詞,連体化,*,*,*,*,の,ノ,ノ
群がる	動詞,自立,*,*,五段・ラ行,基本形,群がる,ムラガル,ムラガル
生き物	名詞,一般,*,*,*,*,生き物,イキモノ,イキモノ
の	助詞,連体化,*,*,*,*,の,ノ,ノ
うち	名詞,非自立,副詞可能,*,*,*,うち,ウチ,ウチ
，	記号,読点,*,*,*,*,，,，,，
すべて	名詞,副詞可能,*,*,*,*,すべて,スベテ,スベテ
腹ばい	名詞,一般,*,*,*,*,腹ばい,ハラバイ,ハラバイ
で	助詞,格助詞,一般,*,*,*,で,デ,デ
進む	動詞,自立,*,*,五段・マ行,基本形,進む,ススム,ススム
もの	名詞,非自立,一般,*,*,*,もの,モノ,モノ
，	記号,読点,*,*,*,*,，,，,，
また	接続詞,*,*,*,*,*,また,マタ,マタ
四つ	名詞,一般,*,*,*,*,四つ,ヨッツ,ヨッツ
ばい	名詞,一般,*,*,*,*,ばい,バイ,バイ
もしくは	接続詞,*,*,*,*,*,もしくは,モシクハ,モシクワ
多く	名詞,副詞可能,*,*,*,*,多く,オオク,オーク
の	助詞,連体化,*,*,*,*,の,ノ,ノ
足	名詞,一般,*,*,*,*,足,アシ,アシ
で	助詞,格助詞,一般,*,*,*,で,デ,デ
歩く	動詞,自立,*,*,五段・カ行イ音便,基本形,歩く,アルク,アルク
すべて	名詞,副詞可能,*,*,*,*,すべて,スベテ,スベテ
の	助詞,連体化,*,*,*,*,の,ノ,ノ
もの	名詞,非自立,一般,*,*,*,もの,モノ,モノ
，	記号,読点,*,*,*,*,，,，,，
あなた	名詞,代名詞,一般,*,*,*,あなた,アナタ,アナタ
方	名詞,接尾,一般,*,*,*,方,カタ,カタ
は	助詞,係助詞,*,*,*,*,は,ハ,ワ
それ	名詞,代名詞,一般,*,*,*,それ,ソレ,ソレ
を	助詞,格助詞,一般,*,*,*,を,ヲ,ヲ
食べ	動詞,自立,*,*,一段,連用形,食べる,タベ,タベ
て	助詞,接続助詞,*,*,*,*,て,テ,テ
は	助詞,係助詞,*,*,*,*,は,ハ,ワ
なら	動詞,非自立,*,*,五段・ラ行,未然形,なる,ナラ,ナラ
ない	助動詞,*,*,*,特殊・ナイ,基本形,ない,ナイ,ナイ
。	記号,句点,*,*,*,*,。,。,。
それら	名詞,代名詞,一般,*,*,*,それら,ソレラ,ソレラ
は	助詞,係助詞,*,*,*,*,は,ハ,ワ
忌み嫌う	動詞,自立,*,*,五段・ワ行促音便,基本形,忌み嫌う,イミキラウ,イミキラウ
べき	助動詞,*,*,*,文語・ベシ,体言接続,べし,ベキ,ベキ
もの	名詞,非自立,一般,*,*,*,もの,モノ,モノ
だ	助動詞,*,*,*,特殊・ダ,基本形,だ,ダ,ダ
から	助詞,接続助詞,*,*,*,*,から,カラ,カラ
で	助動詞,*,*,*,特殊・ダ,連用形,だ,デ,デ
ある	助動詞,*,*,*,五段・ラ行アル,基本形,ある,アル,アル
。	記号,句点,*,*,*,*,。,。,。
群れ	名詞,一般,*,*,*,*,群れ,ムレ,ムレ
を	助詞,格助詞,一般,*,*,*,を,ヲ,ヲ
なす	動詞,自立,*,*,五段・サ行,基本形,なす,ナス,ナス
群がる	動詞,自立,*,*,五段・ラ行,基本形,群がる,ムラガル,ムラガル
生き物	名詞,一般,*,*,*,*,生き物,イキモノ,イキモノ
の	助詞,連体化,*,*,*,*,の,ノ,ノ
どれ	名詞,代名詞,一般,*,*,*,どれ,ドレ,ドレ
によって	助詞,格助詞,連語,*,*,*,によって,ニヨッテ,ニヨッテ
も	助詞,係助詞,*,*,*,*,も,モ,モ
あなた	名詞,代名詞,一般,*,*,*,あなた,アナタ,アナタ
方	名詞,接尾,一般,*,*,*,方,カタ,カタ
の	助詞,連体化,*,*,*,*,の,ノ,ノ
魂	名詞,一般,*,*,*,*,魂,タマシイ,タマシー
を	助詞,格助詞,一般,*,*,*,を,ヲ,ヲ
忌み嫌う	動詞,自立,*,*,五段・ワ行促音便,基本形,忌み嫌う,イミキラウ,イミキラウ
べき	助動詞,*,*,*,文語・ベシ,体言接続,べし,ベキ,ベキ
もの	名詞,非自立,一般,*,*,*,もの,モノ,モノ
に	助詞,格助詞,一般,*,*,*,に,ニ,ニ
し	動詞,自立,*,*,サ変・スル,連用形,する,シ,シ
て	助詞,接続助詞,*,*,*,*,て,テ,テ
は	助詞,係助詞,*,*,*,*,は,ハ,ワ
いけ	動詞,非自立,*,*,一段,未然形,いける,イケ,イケ
ない	助動詞,*,*,*,特殊・ナイ,基本形,ない,ナイ,ナイ
。	記号,句点,*,*,*,*,。,。,。
それ	名詞,代名詞,一般,*,*,*,それ,ソレ,ソレ
によって	助詞,格助詞,連語,*,*,*,によって,ニヨッテ,ニヨッテ
身	名詞,一般,*,*,*,*,身,ミ,ミ
を	助詞,格助詞,一般,*,*,*,を,ヲ,ヲ
汚し	動詞,自立,*,*,五段・サ行,連用形,汚す,ヨゴシ,ヨゴシ
，	記号,読点,*,*,*,*,，,，,，
それ	名詞,代名詞,一般,*,*,*,それ,ソレ,ソレ
によって	助詞,格助詞,連語,*,*,*,によって,ニヨッテ,ニヨッテ
まさに	副詞,一般,*,*,*,*,まさに,マサニ,マサニ
汚れ	動詞,自立,*,*,一段,連用形,汚れる,ヨゴレ,ヨゴレ
た	助動詞,*,*,*,特殊・タ,基本形,た,タ,タ
者	名詞,非自立,一般,*,*,*,者,モノ,モノ
と	助詞,格助詞,一般,*,*,*,と,ト,ト
なっ	動詞,自立,*,*,五段・ラ行,連用タ接続,なる,ナッ,ナッ
て	助詞,接続助詞,*,*,*,*,て,テ,テ
は	助詞,係助詞,*,*,*,*,は,ハ,ワ
なら	動詞,非自立,*,*,五段・ラ行,未然形,なる,ナラ,ナラ
ない	助動詞,*,*,*,特殊・ナイ,基本形,ない,ナイ,ナイ
。	記号,句点,*,*,*,*,。,。,。
わたし	名詞,代名詞,一般,*,*,*,わたし,ワタシ,ワタシ
は	助詞,係助詞,*,*,*,*,は,ハ,ワ
あなた	名詞,代名詞,一般,*,*,*,あなた,アナタ,アナタ
方	名詞,接尾,一般,*,*,*,方,カタ,カタ
の	助詞,連体化,*,*,*,*,の,ノ,ノ
神	名詞,一般,*,*,*,*,神,カミ,カミ
エホバ	名詞,一般,*,*,*,*,エホバ,エホバ,エホバ
だ	助動詞,*,*,*,特殊・ダ,基本形,だ,ダ,ダ
から	助詞,接続助詞,*,*,*,*,から,カラ,カラ
で	助動詞,*,*,*,特殊・ダ,連用形,だ,デ,デ
ある	助動詞,*,*,*,五段・ラ行アル,基本形,ある,アル,アル
。	記号,句点,*,*,*,*,。,。,。
あなた	名詞,代名詞,一般,*,*,*,あなた,アナタ,アナタ
方	名詞,接尾,一般,*,*,*,方,カタ,カタ
は	助詞,係助詞,*,*,*,*,は,ハ,ワ
自分	名詞,一般,*,*,*,*,自分,ジブン,ジブン
を	助詞,格助詞,一般,*,*,*,を,ヲ,ヲ
神聖	名詞,形容動詞語幹,*,*,*,*,神聖,シンセイ,シンセイ
な	助動詞,*,*,*,特殊・ダ,体言接続,だ,ナ,ナ
もの	名詞,非自立,一般,*,*,*,もの,モノ,モノ
と	助詞,格助詞,一般,*,*,*,と,ト,ト
し	動詞,自立,*,*,サ変・スル,連用形,する,シ,シ
，	記号,読点,*,*,*,*,，,，,，
聖なる	連体詞,*,*,*,*,*,聖なる,セイナル,セイナル
者	名詞,非自立,一般,*,*,*,者,モノ,モノ
と	助詞,格助詞,引用,*,*,*,と,ト,ト
なら	動詞,自立,*,*,五段・ラ行,未然形,なる,ナラ,ナラ
なけれ	助動詞,*,*,*,特殊・ナイ,仮定形,ない,ナケレ,ナケレ
ば	助詞,接続助詞,*,*,*,*,ば,バ,バ
なら	動詞,非自立,*,*,五段・ラ行,未然形,なる,ナラ,ナラ
ない	助動詞,*,*,*,特殊・ナイ,基本形,ない,ナイ,ナイ
。	記号,句点,*,*,*,*,。,。,。
わたし	名詞,代名詞,一般,*,*,*,わたし,ワタシ,ワタシ
は	助詞,係助詞,*,*,*,*,は,ハ,ワ
聖なる	連体詞,*,*,*,*,*,聖なる,セイナル,セイナル
者	名詞,非自立,一般,*,*,*,者,モノ,モノ
だ	助動詞,*,*,*,特殊・ダ,基本形,だ,ダ,ダ
から	助詞,接続助詞,*,*,*,*,から,カラ,カラ
で	助動詞,*,*,*,特殊・ダ,連用形,だ,デ,デ
ある	助動詞,*,*,*,五段・ラ行アル,基本形,ある,アル,アル
。	記号,句点,*,*,*,*,。,。,。
ゆえに	接続詞,*,*,*,*,*,ゆえに,ユエニ,ユエニ
あなた	名詞,代名詞,一般,*,*,*,あなた,アナタ,アナタ
方	名詞,接尾,一般,*,*,*,方,カタ,カタ
は	助詞,係助詞,*,*,*,*,は,ハ,ワ
，	記号,読点,*,*,*,*,，,，,，
地	名詞,一般,*,*,*,*,地,チ,チ
の	助詞,連体化,*,*,*,*,の,ノ,ノ
上	名詞,非自立,副詞可能,*,*,*,上,ウエ,ウエ
を	助詞,格助詞,一般,*,*,*,を,ヲ,ヲ
動く	動詞,自立,*,*,五段・カ行イ音便,基本形,動く,ウゴク,ウゴク
群がる	動詞,自立,*,*,五段・ラ行,基本形,群がる,ムラガル,ムラガル
生き物	名詞,一般,*,*,*,*,生き物,イキモノ,イキモノ
の	助詞,連体化,*,*,*,*,の,ノ,ノ
どれ	名詞,代名詞,一般,*,*,*,どれ,ドレ,ドレ
によって	助詞,格助詞,連語,*,*,*,によって,ニヨッテ,ニヨッテ
も	助詞,係助詞,*,*,*,*,も,モ,モ
自分	名詞,一般,*,*,*,*,自分,ジブン,ジブン
の	助詞,連体化,*,*,*,*,の,ノ,ノ
魂	名詞,一般,*,*,*,*,魂,タマシイ,タマシー
を	助詞,格助詞,一般,*,*,*,を,ヲ,ヲ
汚し	動詞,自立,*,*,五段・サ行,連用形,汚す,ヨゴシ,ヨゴシ
て	助詞,接続助詞,*,*,*,*,て,テ,テ
は	助詞,係助詞,*,*,*,*,は,ハ,ワ
なら	動詞,非自立,*,*,五段・ラ行,未然形,なる,ナラ,ナラ
ない	助動詞,*,*,*,特殊・ナイ,基本形,ない,ナイ,ナイ
。	記号,句点,*,*,*,*,。,。,。
わたし	名詞,代名詞,一般,*,*,*,わたし,ワタシ,ワタシ
は	助詞,係助詞,*,*,*,*,は,ハ,ワ
エホバ	名詞,一般,*,*,*,*,エホバ,エホバ,エホバ
で	助動詞,*,*,*,特殊・ダ,連用形,だ,デ,デ
あり	助動詞,*,*,*,五段・ラ行アル,連用形,ある,アリ,アリ
，	記号,読点,*,*,*,*,，,，,，
あなた	名詞,代名詞,一般,*,*,*,あなた,アナタ,アナタ
方	名詞,接尾,一般,*,*,*,方,カタ,カタ
を	助詞,格助詞,一般,*,*,*,を,ヲ,ヲ
エジプト	名詞,固有名詞,地域,国,*,*,エジプト,エジプト,エジプト
の	助詞,連体化,*,*,*,*,の,ノ,ノ
地	名詞,一般,*,*,*,*,地,チ,チ
から	助詞,格助詞,一般,*,*,*,から,カラ,カラ
導き出し	動詞,自立,*,*,五段・サ行,連用形,導き出す,ミチビキダシ,ミチビキダシ
て	助詞,接続助詞,*,*,*,*,て,テ,テ
あなた	名詞,代名詞,一般,*,*,*,あなた,アナタ,アナタ
方	名詞,接尾,一般,*,*,*,方,カタ,カタ
の	助詞,連体化,*,*,*,*,の,ノ,ノ
神	名詞,一般,*,*,*,*,神,カミ,カミ
たる	助動詞,*,*,*,文語・ナリ,体言接続,たり,タル,タル
こ	名詞,一般,*,*,*,*,こ,コ,コ
	記号,一般,*,*,*,*,*
EOS
	記号,一般,*,*,*,*,*
を	助詞,格助詞,一般,*,*,*,を,ヲ,ヲ
示し	動詞,自立,*,*,五段・サ行,連用形,示す,シメシ,シメシ
て	助詞,接続助詞,*,*,*,*,て,テ,テ
いる	動詞,非自立,*,*,一段,基本形,いる,イル,イル
者	名詞,非自立,一般,*,*,*,者,モノ,モノ
な	助動詞,*,*,*,特殊・ダ,体言接続,だ,ナ,ナ
の	名詞,非自立,一般,*,*,*,の,ノ,ノ
で	助動詞,*,*,*,特殊・ダ,連用形,だ,デ,デ
ある	助動詞,*,*,*,五段・ラ行アル,基本形,ある,アル,アル
。	記号,句点,*,*,*,*,。,。,。
あなた	名詞,代名詞,一般,*,*,*,あなた,アナタ,アナタ
方	名詞,接尾,一般,*,*,*,方,カタ,カタ
も	助詞,係助詞,*,*,*,*,も,モ,モ
聖なる	連体詞,*,*,*,*,*,聖なる,セイナル,セイナル
者	名詞,非自立,一般,*,*,*,者,モノ,モノ
と	助詞,格助詞,引用,*,*,*,と,ト,ト
なら	動詞,自立,*,*,五段・ラ行,未然形,なる,ナラ,ナラ
なけれ	助動詞,*,*,*,特殊・ナイ,仮定形,ない,ナケレ,ナケレ
ば	助詞,接続助詞,*,*,*,*,ば,バ,バ
なら	動詞,非自立,*,*,五段・ラ行,未然形,なる,ナラ,ナラ
ない	助動詞,*,*,*,特殊・ナイ,基本形,ない,ナイ,ナイ
。	記号,句点,*,*,*,*,。,。,。
わたし	名詞,代名詞,一般,*,*,*,わたし,ワタシ,ワタシ
は	助詞,係助詞,*,*,*,*,は,ハ,ワ
聖なる	連体詞,*,*,*,*,*,聖なる,セイナル,セイナル
者	名詞,非自立,一般,*,*,*,者,モノ,モノ
だ	助動詞,*,*,*,特殊・ダ,基本形,だ,ダ,ダ
から	助詞,接続助詞,*,*,*,*,から,カラ,カラ
で	助動詞,*,*,*,特殊・ダ,連用形,だ,デ,デ
ある	助動詞,*,*,*,五段・ラ行アル,基本形,ある,アル,アル
。	記号,句点,*,*,*,*,。,。,。
「	記号,括弧開,*,*,*,*,「,「,「
『	記号,括弧開,*,*,*,*,『,『,『
これ	名詞,代名詞,一般,*,*,*,これ,コレ,コレ
が	助詞,格助詞,一般,*,*,*,が,ガ,ガ
，	記号,読点,*,*,*,*,，,，,，
獣	名詞,一般,*,*,*,*,獣,シシ,シシ
，	記号,読点,*,*,*,*,，,，,，
飛ぶ	動詞,自立,*,*,五段・バ行,基本形,飛ぶ,トブ,トブ
生き物	名詞,一般,*,*,*,*,生き物,イキモノ,イキモノ
，	記号,読点,*,*,*,*,，,，,，
水	名詞,一般,*,*,*,*,水,ミズ,ミズ
の	助詞,連体化,*,*,*,*,の,ノ,ノ
中	名詞,非自立,副詞可能,*,*,*,中,ナカ,ナカ
を	助詞,格助詞,一般,*,*,*,を,ヲ,ヲ
動き回る	動詞,自立,*,*,五段・ラ行,基本形,動き回る,ウゴキマワル,ウゴキマワル
すべて	名詞,副詞可能,*,*,*,*,すべて,スベテ,スベテ
の	助詞,連体化,*,*,*,*,の,ノ,ノ
生き	動詞,自立,*,*,一段,連用形,生きる,イキ,イキ
た	助動詞,*,*,*,特殊・タ,基本形,た,タ,タ
魂	名詞,一般,*,*,*,*,魂,タマシイ,タマシー
，	記号,読点,*,*,*,*,，,，,，
また	接続詞,*,*,*,*,*,また,マタ,マタ
地	名詞,一般,*,*,*,*,地,チ,チ
の	助詞,連体化,*,*,*,*,の,ノ,ノ
上	名詞,非自立,副詞可能,*,*,*,上,ウエ,ウエ
に	助詞,格助詞,一般,*,*,*,に,ニ,ニ
群がる	動詞,自立,*,*,五段・ラ行,基本形,群がる,ムラガル,ムラガル
あらゆる	連体詞,*,*,*,*,*,あらゆる,アラユル,アラユル
魂	名詞,一般,*,*,*,*,魂,タマシイ,タマシー
に関する	助詞,格助詞,連語,*,*,*,に関する,ニカンスル,ニカンスル
律	名詞,一般,*,*,*,*,律,リツ,リツ
法	名詞,接尾,一般,*,*,*,法,ホウ,ホー
で	助動詞,*,*,*,特殊・ダ,連用形,だ,デ,デ
あり	助動詞,*,*,*,五段・ラ行アル,連用形,ある,アリ,アリ
，	記号,読点,*,*,*,*,，,，,，
汚れ	動詞,自立,*,*,一段,連用形,汚れる,ヨゴレ,ヨゴレ
た	助動詞,*,*,*,特殊・タ,基本形,た,タ,タ
もの	名詞,非自立,一般,*,*,*,もの,モノ,モノ
と	助詞,格助詞,引用,*,*,*,と,ト,ト
清い	形容詞,自立,*,*,形容詞・アウオ段,基本形,清い,キヨイ,キヨイ
もの	名詞,非自立,一般,*,*,*,もの,モノ,モノ
，	記号,読点,*,*,*,*,，,，,，
また	接続詞,*,*,*,*,*,また,マタ,マタ
食べ	動詞,自立,*,*,一段,連用形,食べる,タベ,タベ
て	助詞,接続助詞,*,*,*,*,て,テ,テ
よい	形容詞,非自立,*,*,形容詞・アウオ段,基本形,よい,ヨイ,ヨイ
生き物	名詞,一般,*,*,*,*,生き物,イキモノ,イキモノ
と	助詞,格助詞,引用,*,*,*,と,ト,ト
食べ	動詞,自立,*,*,一段,連用形,食べる,タベ,タベ
て	助詞,接続助詞,*,*,*,*,て,テ,テ
は	助詞,係助詞,*,*,*,*,は,ハ,ワ
いけ	動詞,非自立,*,*,一段,未然形,いける,イケ,イケ
ない	助動詞,*,*,*,特殊・ナイ,基本形,ない,ナイ,ナイ
生き物	名詞,一般,*,*,*,*,生き物,イキモノ,イキモノ
と	助詞,並立助詞,*,*,*,*,と,ト,ト
を	助詞,格助詞,一般,*,*,*,を,ヲ,ヲ
区別	名詞,サ変接続,*,*,*,*,区別,クベツ,クベツ
する	動詞,自立,*,*,サ変・スル,基本形,する,スル,スル
ため	名詞,非自立,副詞可能,*,*,*,ため,タメ,タメ
の	助詞,連体化,*,*,*,*,の,ノ,ノ
もの	名詞,非自立,一般,*,*,*,もの,モノ,モノ
で	助動詞,*,*,*,特殊・ダ,連用形,だ,デ,デ
ある	助動詞,*,*,*,五段・ラ行アル,基本形,ある,アル,アル
』	記号,括弧閉,*,*,*,*,』,』,』
」	記号,括弧閉,*,*,*,*,」,」,」
。	記号,句点,*,*,*,*,。,。,。
EOS
