それ	名詞,代名詞,一般,*,*,*,それ,ソレ,ソレ
ゆえ	名詞,接尾,一般,*,*,*,ゆえ,ユエ,ユエ
，	記号,読点,*,*,*,*,，,，,，
主	名詞,一般,*,*,*,*,主,アルジ,アルジ
に	助詞,格助詞,一般,*,*,*,に,ニ,ニ
あっ	動詞,自立,*,*,五段・ラ行,連用タ接続,ある,アッ,アッ
て	助詞,接続助詞,*,*,*,*,て,テ,テ
囚人	名詞,一般,*,*,*,*,囚人,シュウジン,シュージン
と	助詞,格助詞,一般,*,*,*,と,ト,ト
なっ	動詞,自立,*,*,五段・ラ行,連用タ接続,なる,ナッ,ナッ
て	助詞,接続助詞,*,*,*,*,て,テ,テ
いる	動詞,非自立,*,*,一段,基本形,いる,イル,イル
わたし	名詞,代名詞,一般,*,*,*,わたし,ワタシ,ワタシ
が	助詞,格助詞,一般,*,*,*,が,ガ,ガ
，	記号,読点,*,*,*,*,，,，,，
あなた	名詞,代名詞,一般,*,*,*,あなた,アナタ,アナタ
方	名詞,接尾,一般,*,*,*,方,カタ,カタ
に	助詞,格助詞,一般,*,*,*,に,ニ,ニ
懇願	名詞,サ変接続,*,*,*,*,懇願,コンガン,コンガン
し	動詞,自立,*,*,サ変・スル,連用形,する,シ,シ
ます	助動詞,*,*,*,特殊・マス,基本形,ます,マス,マス
。	記号,句点,*,*,*,*,。,。,。
あなた	名詞,代名詞,一般,*,*,*,あなた,アナタ,アナタ
方	名詞,接尾,一般,*,*,*,方,カタ,カタ
の	助詞,格助詞,一般,*,*,*,の,ノ,ノ
召さ	動詞,自立,*,*,五段・サ行,未然形,召す,メサ,メサ
れ	動詞,接尾,*,*,一段,連用形,れる,レ,レ
た	助動詞,*,*,*,特殊・タ,基本形,た,タ,タ
召し	動詞,自立,*,*,五段・サ行,連用形,召す,メシ,メシ
に	助詞,格助詞,一般,*,*,*,に,ニ,ニ
ふさわしく	形容詞,自立,*,*,形容詞・イ段,連用テ接続,ふさわしい,フサワシク,フサワシク
歩み	動詞,自立,*,*,五段・マ行,連用形,歩む,アユミ,アユミ
，	記号,読点,*,*,*,*,，,，,，
全く	副詞,助詞類接続,*,*,*,*,全く,マッタク,マッタク
へりくだっ	動詞,自立,*,*,五段・ラ行,連用タ接続,へりくだる,ヘリクダッ,ヘリクダッ
た	助動詞,*,*,*,特殊・タ,基本形,た,タ,タ
思い	名詞,一般,*,*,*,*,思い,オモイ,オモイ
と	助詞,並立助詞,*,*,*,*,と,ト,ト
温和	名詞,形容動詞語幹,*,*,*,*,温和,オンワ,オンワ
さ	名詞,接尾,特殊,*,*,*,さ,サ,サ
と	助詞,並立助詞,*,*,*,*,と,ト,ト
を	助詞,格助詞,一般,*,*,*,を,ヲ,ヲ
もち	動詞,自立,*,*,五段・タ行,連用形,もつ,モチ,モチ
，	記号,読点,*,*,*,*,，,，,，
また	接続詞,*,*,*,*,*,また,マタ,マタ
辛抱強	形容詞,自立,*,*,形容詞・アウオ段,ガル接続,辛抱強い,シンボウヅヨ,シンボーズヨ
さ	名詞,接尾,特殊,*,*,*,さ,サ,サ
を	助詞,格助詞,一般,*,*,*,を,ヲ,ヲ
もっ	動詞,自立,*,*,五段・タ行,連用タ接続,もつ,モッ,モッ
て	助詞,接続助詞,*,*,*,*,て,テ,テ
愛	名詞,一般,*,*,*,*,愛,アイ,アイ
の	助詞,連体化,*,*,*,*,の,ノ,ノ
うち	名詞,非自立,副詞可能,*,*,*,うち,ウチ,ウチ
に	助詞,格助詞,一般,*,*,*,に,ニ,ニ
互いに	副詞,一般,*,*,*,*,互いに,タガイニ,タガイニ
忍び	動詞,自立,*,*,五段・バ行,連用形,忍ぶ,シノビ,シノビ
，	記号,読点,*,*,*,*,，,，,，
結合	名詞,サ変接続,*,*,*,*,結合,ケツゴウ,ケツゴー
の	助詞,連体化,*,*,*,*,の,ノ,ノ
きずな	名詞,一般,*,*,*,*,きずな,キズナ,キズナ
で	助動詞,*,*,*,特殊・ダ,連用形,だ,デ,デ
ある	助動詞,*,*,*,五段・ラ行アル,基本形,ある,アル,アル
平和	名詞,形容動詞語幹,*,*,*,*,平和,ヘイワ,ヘイワ
の	助詞,連体化,*,*,*,*,の,ノ,ノ
うち	名詞,非自立,副詞可能,*,*,*,うち,ウチ,ウチ
に	助詞,格助詞,一般,*,*,*,に,ニ,ニ
霊	名詞,一般,*,*,*,*,霊,レイ,レイ
の	助詞,連体化,*,*,*,*,の,ノ,ノ
一致	名詞,サ変接続,*,*,*,*,一致,イッチ,イッチ
を	助詞,格助詞,一般,*,*,*,を,ヲ,ヲ
守る	動詞,自立,*,*,五段・ラ行,基本形,守る,マモル,マモル
ため	名詞,非自立,副詞可能,*,*,*,ため,タメ,タメ
真剣	名詞,形容動詞語幹,*,*,*,*,真剣,シンケン,シンケン
に	助詞,副詞化,*,*,*,*,に,ニ,ニ
励み	動詞,自立,*,*,五段・マ行,連用形,励む,ハゲミ,ハゲミ
なさい	動詞,非自立,*,*,五段・ラ行特殊,命令ｉ,なさる,ナサイ,ナサイ
。	記号,句点,*,*,*,*,。,。,。
体	名詞,一般,*,*,*,*,体,カラダ,カラダ
は	助詞,係助詞,*,*,*,*,は,ハ,ワ
一つ	名詞,一般,*,*,*,*,一つ,ヒトツ,ヒトツ
，	記号,読点,*,*,*,*,，,，,，
霊	名詞,一般,*,*,*,*,霊,レイ,レイ
は	助詞,係助詞,*,*,*,*,は,ハ,ワ
一つ	名詞,一般,*,*,*,*,一つ,ヒトツ,ヒトツ
です	助動詞,*,*,*,特殊・デス,基本形,です,デス,デス
。	記号,句点,*,*,*,*,。,。,。
それ	名詞,代名詞,一般,*,*,*,それ,ソレ,ソレ
は	助詞,係助詞,*,*,*,*,は,ハ,ワ
，	記号,読点,*,*,*,*,，,，,，
あなた	名詞,代名詞,一般,*,*,*,あなた,アナタ,アナタ
方	名詞,接尾,一般,*,*,*,方,カタ,カタ
が	助詞,格助詞,一般,*,*,*,が,ガ,ガ
自分	名詞,一般,*,*,*,*,自分,ジブン,ジブン
たち	名詞,接尾,一般,*,*,*,たち,タチ,タチ
の	助詞,格助詞,一般,*,*,*,の,ノ,ノ
召さ	動詞,自立,*,*,五段・サ行,未然形,召す,メサ,メサ
れ	動詞,接尾,*,*,一段,連用形,れる,レ,レ
た	助動詞,*,*,*,特殊・タ,基本形,た,タ,タ
その	連体詞,*,*,*,*,*,その,ソノ,ソノ
一つ	名詞,一般,*,*,*,*,一つ,ヒトツ,ヒトツ
の	助詞,連体化,*,*,*,*,の,ノ,ノ
希望	名詞,サ変接続,*,*,*,*,希望,キボウ,キボー
の	助詞,連体化,*,*,*,*,の,ノ,ノ
うち	名詞,非自立,副詞可能,*,*,*,うち,ウチ,ウチ
に	助詞,格助詞,一般,*,*,*,に,ニ,ニ
召さ	動詞,自立,*,*,五段・サ行,未然形,召す,メサ,メサ
れ	動詞,接尾,*,*,一段,連用形,れる,レ,レ
た	助動詞,*,*,*,特殊・タ,基本形,た,タ,タ
の	名詞,非自立,一般,*,*,*,の,ノ,ノ
と	助詞,格助詞,一般,*,*,*,と,ト,ト
同じ	連体詞,*,*,*,*,*,同じ,オナジ,オナジ
です	助動詞,*,*,*,特殊・デス,基本形,です,デス,デス
。	記号,句点,*,*,*,*,。,。,。
主	名詞,一般,*,*,*,*,主,アルジ,アルジ
は	助詞,係助詞,*,*,*,*,は,ハ,ワ
一つ	名詞,一般,*,*,*,*,一つ,ヒトツ,ヒトツ
，	記号,読点,*,*,*,*,，,，,，
信仰	名詞,サ変接続,*,*,*,*,信仰,シンコウ,シンコー
は	助詞,係助詞,*,*,*,*,は,ハ,ワ
一つ	名詞,一般,*,*,*,*,一つ,ヒトツ,ヒトツ
，	記号,読点,*,*,*,*,，,，,，
バプテスマ	名詞,一般,*,*,*,*,バプテスマ,バプテスマ,バプテスマ
は	助詞,係助詞,*,*,*,*,は,ハ,ワ
一つ	名詞,一般,*,*,*,*,一つ,ヒトツ,ヒトツ
です	助動詞,*,*,*,特殊・デス,基本形,です,デス,デス
。	記号,句点,*,*,*,*,。,。,。
すべて	名詞,副詞可能,*,*,*,*,すべて,スベテ,スベテ
の	助詞,連体化,*,*,*,*,の,ノ,ノ
者	名詞,非自立,一般,*,*,*,者,モノ,モノ
の	助詞,連体化,*,*,*,*,の,ノ,ノ
神	名詞,一般,*,*,*,*,神,カミ,カミ
また	接続詞,*,*,*,*,*,また,マタ,マタ
父	名詞,一般,*,*,*,*,父,チチ,チチ
は	助詞,係助詞,*,*,*,*,は,ハ,ワ
一つ	名詞,一般,*,*,*,*,一つ,ヒトツ,ヒトツ
で	助動詞,*,*,*,特殊・ダ,連用形,だ,デ,デ
あり	助動詞,*,*,*,五段・ラ行アル,連用形,ある,アリ,アリ
，	記号,読点,*,*,*,*,，,，,，
すべて	名詞,副詞可能,*,*,*,*,すべて,スベテ,スベテ
の	助詞,連体化,*,*,*,*,の,ノ,ノ
上	名詞,非自立,副詞可能,*,*,*,上,ウエ,ウエ
に	助詞,格助詞,一般,*,*,*,に,ニ,ニ
，	記号,読点,*,*,*,*,，,，,，
すべて	名詞,副詞可能,*,*,*,*,すべて,スベテ,スベテ
を	助詞,格助詞,一般,*,*,*,を,ヲ,ヲ
通し	動詞,自立,*,*,五段・サ行,連用形,通す,トオシ,トーシ
，	記号,読点,*,*,*,*,，,，,，
すべて	名詞,副詞可能,*,*,*,*,すべて,スベテ,スベテ
の	助詞,連体化,*,*,*,*,の,ノ,ノ
中	名詞,非自立,副詞可能,*,*,*,中,ナカ,ナカ
に	助詞,格助詞,一般,*,*,*,に,ニ,ニ
おら	動詞,自立,*,*,五段・ラ行,未然形,おる,オラ,オラ
れる	動詞,接尾,*,*,一段,基本形,れる,レル,レル
の	名詞,非自立,一般,*,*,*,の,ノ,ノ
です	助動詞,*,*,*,特殊・デス,基本形,です,デス,デス
。	記号,句点,*,*,*,*,。,。,。
さて	接続詞,*,*,*,*,*,さて,サテ,サテ
，	記号,読点,*,*,*,*,，,，,，
キリスト	名詞,固有名詞,一般,*,*,*,キリスト,キリスト,キリスト
が	助詞,格助詞,一般,*,*,*,が,ガ,ガ
無償	名詞,一般,*,*,*,*,無償,ムショウ,ムショー
の	助詞,連体化,*,*,*,*,の,ノ,ノ
賜物	名詞,一般,*,*,*,*,賜物,タマモノ,タマモノ
を	助詞,格助詞,一般,*,*,*,を,ヲ,ヲ
どの	連体詞,*,*,*,*,*,どの,ドノ,ドノ
よう	名詞,非自立,助動詞語幹,*,*,*,よう,ヨウ,ヨー
に	助詞,格助詞,一般,*,*,*,に,ニ,ニ
量り	動詞,自立,*,*,五段・ラ行,連用形,量る,ハカリ,ハカリ
出し	動詞,非自立,*,*,五段・サ行,連用形,出す,ダシ,ダシ
て	助詞,接続助詞,*,*,*,*,て,テ,テ
くださっ	動詞,非自立,*,*,五段・ラ行特殊,連用タ接続,くださる,クダサッ,クダサッ
た	助動詞,*,*,*,特殊・タ,基本形,た,タ,タ
か	助詞,副助詞／並立助詞／終助詞,*,*,*,*,か,カ,カ
に	助詞,格助詞,一般,*,*,*,に,ニ,ニ
応じ	動詞,自立,*,*,一段,連用形,応じる,オウジ,オージ
て	助詞,接続助詞,*,*,*,*,て,テ,テ
，	記号,読点,*,*,*,*,，,，,，
わたし	名詞,代名詞,一般,*,*,*,わたし,ワタシ,ワタシ
たち	名詞,接尾,一般,*,*,*,たち,タチ,タチ
一	名詞,数,*,*,*,*,一,イチ,イチ
人	名詞,接尾,助数詞,*,*,*,人,ニン,ニン
一	名詞,数,*,*,*,*,一,イチ,イチ
人	名詞,接尾,助数詞,*,*,*,人,ニン,ニン
に	助詞,格助詞,一般,*,*,*,に,ニ,ニ
過分	名詞,一般,*,*,*,*,過分,カブン,カブン
の	助詞,連体化,*,*,*,*,の,ノ,ノ
ご	接頭詞,名詞接続,*,*,*,*,ご,ゴ,ゴ
親切	名詞,形容動詞語幹,*,*,*,*,親切,シンセツ,シンセツ
が	助詞,格助詞,一般,*,*,*,が,ガ,ガ
与え	動詞,自立,*,*,一段,未然形,与える,アタエ,アタエ
られ	動詞,接尾,*,*,一段,連用形,られる,ラレ,ラレ
まし	助動詞,*,*,*,特殊・マス,連用形,ます,マシ,マシ
た	助動詞,*,*,*,特殊・タ,基本形,た,タ,タ
。	記号,句点,*,*,*,*,。,。,。
それ	名詞,代名詞,一般,*,*,*,それ,ソレ,ソレ
ゆえ	名詞,接尾,一般,*,*,*,ゆえ,ユエ,ユエ
に	助詞,格助詞,一般,*,*,*,に,ニ,ニ
こう	副詞,助詞類接続,*,*,*,*,こう,コウ,コー
言わ	動詞,自立,*,*,五段・ワ行促音便,未然形,言う,イワ,イワ
れ	動詞,接尾,*,*,一段,連用形,れる,レ,レ
ます	助動詞,*,*,*,特殊・マス,基本形,ます,マス,マス
。	記号,句点,*,*,*,*,。,。,。
「	記号,括弧開,*,*,*,*,「,「,「
高い	形容詞,自立,*,*,形容詞・アウオ段,基本形,高い,タカイ,タカイ
所	名詞,非自立,副詞可能,*,*,*,所,トコロ,トコロ
に	助詞,格助詞,一般,*,*,*,に,ニ,ニ
上っ	動詞,自立,*,*,五段・ラ行,連用タ接続,上る,ノボッ,ノボッ
た	助動詞,*,*,*,特殊・タ,基本形,た,タ,タ
時	名詞,非自立,副詞可能,*,*,*,時,トキ,トキ
，	記号,読点,*,*,*,*,，,，,，
彼	名詞,代名詞,一般,*,*,*,彼,カレ,カレ
は	助詞,係助詞,*,*,*,*,は,ハ,ワ
とりこ	名詞,一般,*,*,*,*,とりこ,トリコ,トリコ
を	助詞,格助詞,一般,*,*,*,を,ヲ,ヲ
連れ去っ	動詞,自立,*,*,五段・ラ行,連用タ接続,連れ去る,ツレサッ,ツレサッ
た	助動詞,*,*,*,特殊・タ,基本形,た,タ,タ
。	記号,句点,*,*,*,*,。,。,。
彼	名詞,代名詞,一般,*,*,*,彼,カレ,カレ
は	助詞,係助詞,*,*,*,*,は,ハ,ワ
人々	名詞,一般,*,*,*,*,人々,ヒトビト,ヒトビト
[	名詞,サ変接続,*,*,*,*,*
の	助詞,連体化,*,*,*,*,の,ノ,ノ
]	名詞,サ変接続,*,*,*,*,*
賜物	名詞,一般,*,*,*,*,賜物,タマモノ,タマモノ
を	助詞,格助詞,一般,*,*,*,を,ヲ,ヲ
与え	動詞,自立,*,*,一段,連用形,与える,アタエ,アタエ
た	助動詞,*,*,*,特殊・タ,基本形,た,タ,タ
」	記号,括弧閉,*,*,*,*,」,」,」
。	記号,句点,*,*,*,*,。,。,。
さて	接続詞,*,*,*,*,*,さて,サテ,サテ
，	記号,読点,*,*,*,*,，,，,，
「	記号,括弧開,*,*,*,*,「,「,「
彼	名詞,代名詞,一般,*,*,*,彼,カレ,カレ
は	助詞,係助詞,*,*,*,*,は,ハ,ワ
上っ	動詞,自立,*,*,五段・ラ行,連用タ接続,上る,ノボッ,ノボッ
た	助動詞,*,*,*,特殊・タ,基本形,た,タ,タ
」	記号,括弧閉,*,*,*,*,」,」,」
という	助詞,格助詞,連語,*,*,*,という,トイウ,トユウ
表現	名詞,サ変接続,*,*,*,*,表現,ヒョウゲン,ヒョーゲン
です	助動詞,*,*,*,特殊・デス,基本形,です,デス,デス
が	助詞,接続助詞,*,*,*,*,が,ガ,ガ
，	記号,読点,*,*,*,*,，,，,，
これ	名詞,代名詞,一般,*,*,*,これ,コレ,コレ
は	助詞,係助詞,*,*,*,*,は,ハ,ワ
，	記号,読点,*,*,*,*,，,，,，
彼	名詞,代名詞,一般,*,*,*,彼,カレ,カレ
が	助詞,格助詞,一般,*,*,*,が,ガ,ガ
下方	名詞,一般,*,*,*,*,下方,カホウ,カホー
の	助詞,連体化,*,*,*,*,の,ノ,ノ
領域	名詞,一般,*,*,*,*,領域,リョウイキ,リョーイキ
，	記号,読点,*,*,*,*,，,，,，
つまり	名詞,一般,*,*,*,*,つまり,ツマリ,ツマリ
地	名詞,接尾,一般,*,*,*,地,チ,チ
に	助詞,格助詞,一般,*,*,*,に,ニ,ニ
も	助詞,係助詞,*,*,*,*,も,モ,モ
下っ	動詞,自立,*,*,五段・ラ行,連用タ接続,下る,クダッ,クダッ
た	助動詞,*,*,*,特殊・タ,基本形,た,タ,タ
こと	名詞,非自立,一般,*,*,*,こと,コト,コト
以外	名詞,非自立,副詞可能,*,*,*,以外,イガイ,イガイ
の	助詞,連体化,*,*,*,*,の,ノ,ノ
何	名詞,代名詞,一般,*,*,*,何,ナニ,ナニ
を	助詞,格助詞,一般,*,*,*,を,ヲ,ヲ
意味	名詞,サ変接続,*,*,*,*,意味,イミ,イミ
する	動詞,自立,*,*,サ変・スル,基本形,する,スル,スル
でしょ	助動詞,*,*,*,特殊・デス,未然形,です,デショ,デショ
う	助動詞,*,*,*,不変化型,基本形,う,ウ,ウ
か	助詞,副助詞／並立助詞／終助詞,*,*,*,*,か,カ,カ
。	記号,句点,*,*,*,*,。,。,。
下っ	動詞,自立,*,*,五段・ラ行,連用タ接続,下る,クダッ,クダッ
た	助動詞,*,*,*,特殊・タ,基本形,た,タ,タ
その	連体詞,*,*,*,*,*,その,ソノ,ソノ
方	名詞,非自立,一般,*,*,*,方,ホウ,ホー
が	助詞,格助詞,一般,*,*,*,が,ガ,ガ
，	記号,読点,*,*,*,*,，,，,，
すべて	名詞,副詞可能,*,*,*,*,すべて,スベテ,スベテ
の	助詞,連体化,*,*,*,*,の,ノ,ノ
天	名詞,一般,*,*,*,*,天,テン,テン
の	助詞,連体化,*,*,*,*,の,ノ,ノ
はるか	名詞,固有名詞,一般,*,*,*,はるか,ハルカ,ハルカ
上	名詞,接尾,副詞可能,*,*,*,上,ジョウ,ジョー
に	助詞,格助詞,一般,*,*,*,に,ニ,ニ
上っ	動詞,自立,*,*,五段・ラ行,連用タ接続,上る,ノボッ,ノボッ
た	助動詞,*,*,*,特殊・タ,基本形,た,タ,タ
方	名詞,非自立,一般,*,*,*,方,ホウ,ホー
で	助動詞,*,*,*,特殊・ダ,連用形,だ,デ,デ
も	助詞,係助詞,*,*,*,*,も,モ,モ
ある	動詞,自立,*,*,五段・ラ行,基本形,ある,アル,アル
の	名詞,非自立,一般,*,*,*,の,ノ,ノ
です	助動詞,*,*,*,特殊・デス,基本形,です,デス,デス
。	記号,句点,*,*,*,*,。,。,。
それ	名詞,代名詞,一般,*,*,*,それ,ソレ,ソレ
は	助詞,係助詞,*,*,*,*,は,ハ,ワ
，	記号,読点,*,*,*,*,，,，,，
彼	名詞,代名詞,一般,*,*,*,彼,カレ,カレ
が	助詞,格助詞,一般,*,*,*,が,ガ,ガ
すべて	名詞,副詞可能,*,*,*,*,すべて,スベテ,スベテ
の	助詞,連体化,*,*,*,*,の,ノ,ノ
もの	名詞,非自立,一般,*,*,*,もの,モノ,モノ
を	助詞,格助詞,一般,*,*,*,を,ヲ,ヲ
満ち	動詞,自立,*,*,一段,連用形,満ちる,ミチ,ミチ
満ち	動詞,自立,*,*,一段,連用形,満ちる,ミチ,ミチ
た	助動詞,*,*,*,特殊・タ,基本形,た,タ,タ
もの	名詞,非自立,一般,*,*,*,もの,モノ,モノ
と	助詞,格助詞,一般,*,*,*,と,ト,ト
する	動詞,自立,*,*,サ変・スル,基本形,する,スル,スル
ため	名詞,非自立,副詞可能,*,*,*,ため,タメ,タメ
でし	助動詞,*,*,*,特殊・デス,連用形,です,デシ,デシ
た	助動詞,*,*,*,特殊・タ,基本形,た,タ,タ
。	記号,句点,*,*,*,*,。,。,。
そして	接続詞,*,*,*,*,*,そして,ソシテ,ソシテ
彼	名詞,代名詞,一般,*,*,*,彼,カレ,カレ
は	助詞,係助詞,*,*,*,*,は,ハ,ワ
，	記号,読点,*,*,*,*,，,，,，
ある	連体詞,*,*,*,*,*,ある,アル,アル
者	名詞,非自立,一般,*,*,*,者,モノ,モノ
を	助詞,格助詞,一般,*,*,*,を,ヲ,ヲ
使徒	名詞,一般,*,*,*,*,使徒,シト,シト
，	記号,読点,*,*,*,*,，,，,，
ある	連体詞,*,*,*,*,*,ある,アル,アル
者	名詞,非自立,一般,*,*,*,者,モノ,モノ
を	助詞,格助詞,一般,*,*,*,を,ヲ,ヲ
預言	名詞,サ変接続,*,*,*,*,預言,ヨゲン,ヨゲン
者	名詞,接尾,一般,*,*,*,者,シャ,シャ
，	記号,読点,*,*,*,*,，,，,，
ある	連体詞,*,*,*,*,*,ある,アル,アル
者	名詞,非自立,一般,*,*,*,者,モノ,モノ
を	助詞,格助詞,一般,*,*,*,を,ヲ,ヲ
福音	名詞,一般,*,*,*,*,福音,フクイン,フクイン
宣明	名詞,固有名詞,人名,名,*,*,宣明,ノブアキ,ノブアキ
者	名詞,接尾,一般,*,*,*,者,シャ,シャ
，	記号,読点,*,*,*,*,，,，,，
ある	連体詞,*,*,*,*,*,ある,アル,アル
者	名詞,非自立,一般,*,*,*,者,モノ,モノ
を	助詞,格助詞,一般,*,*,*,を,ヲ,ヲ
牧者	名詞,一般,*,*,*,*,牧者,ボクシャ,ボクシャ
また	副詞,助詞類接続,*,*,*,*,また,マタ,マタ
教える	動詞,自立,*,*,一段,基本形,教える,オシエル,オシエル
者	名詞,非自立,一般,*,*,*,者,モノ,モノ
として	助詞,格助詞,連語,*,*,*,として,トシテ,トシテ
与え	動詞,自立,*,*,一段,連用形,与える,アタエ,アタエ
まし	助動詞,*,*,*,特殊・マス,連用形,ます,マシ,マシ
た	助動詞,*,*,*,特殊・タ,基本形,た,タ,タ
。	記号,句点,*,*,*,*,。,。,。
それ	名詞,代名詞,一般,*,*,*,それ,ソレ,ソレ
は	助詞,係助詞,*,*,*,*,は,ハ,ワ
，	記号,読点,*,*,*,*,，,，,，
奉仕	名詞,サ変接続,*,*,*,*,奉仕,ホウシ,ホーシ
の	助詞,連体化,*,*,*,*,の,ノ,ノ
業	名詞,一般,*,*,*,*,業,ゴウ,ゴー
の	助詞,連体化,*,*,*,*,の,ノ,ノ
ため	名詞,非自立,副詞可能,*,*,*,ため,タメ,タメ
，	記号,読点,*,*,*,*,，,，,，
また	接続詞,*,*,*,*,*,また,マタ,マタ
キリスト	名詞,固有名詞,一般,*,*,*,キリスト,キリスト,キリスト
の	助詞,連体化,*,*,*,*,の,ノ,ノ
体	名詞,一般,*,*,*,*,体,カラダ,カラダ
を	助詞,格助詞,一般,*,*,*,を,ヲ,ヲ
築き上げる	動詞,自立,*,*,一段,基本形,築き上げる,キズキアゲル,キズキアゲル
ため	名詞,非自立,副詞可能,*,*,*,ため,タメ,タメ
に	助詞,格助詞,一般,*,*,*,に,ニ,ニ
聖なる	連体詞,*,*,*,*,*,聖なる,セイナル,セイナル
者	名詞,一般,*,*,*,*,者,モノ,モノ
たち	名詞,接尾,一般,*,*,*,たち,タチ,タチ
を	助詞,格助詞,一般,*,*,*,を,ヲ,ヲ
さらに	副詞,助詞類接続,*,*,*,*,さらに,サラニ,サラニ
調整	名詞,サ変接続,*,*,*,*,調整,チョウセイ,チョーセイ
する	動詞,自立,*,*,サ変・スル,基本形,する,スル,スル
こと	名詞,非自立,一般,*,*,*,こと,コト,コト
を	助詞,格助詞,一般,*,*,*,を,ヲ,ヲ
目的	名詞,一般,*,*,*,*,目的,モクテキ,モクテキ
として	助詞,格助詞,連語,*,*,*,として,トシテ,トシテ
で	助動詞,*,*,*,特殊・ダ,連用形,だ,デ,デ
あり	助動詞,*,*,*,五段・ラ行アル,連用形,ある,アリ,アリ
，	記号,読点,*,*,*,*,，,，,，
ついに	副詞,一般,*,*,*,*,ついに,ツイニ,ツイニ
わたし	名詞,代名詞,一般,*,*,*,わたし,ワタシ,ワタシ
たち	名詞,接尾,一般,*,*,*,たち,タチ,タチ
は	助詞,係助詞,*,*,*,*,は,ハ,ワ
皆	名詞,代名詞,一般,*,*,*,皆,ミナ,ミナ
，	記号,読点,*,*,*,*,，,，,，
信仰	名詞,サ変接続,*,*,*,*,信仰,シンコウ,シンコー
と	助詞,並立助詞,*,*,*,*,と,ト,ト
神	名詞,一般,*,*,*,*,神,カミ,カミ
の	助詞,連体化,*,*,*,*,の,ノ,ノ
子	名詞,一般,*,*,*,*,子,コ,コ
について	助詞,格助詞,連語,*,*,*,について,ニツイテ,ニツイテ
の	助詞,連体化,*,*,*,*,の,ノ,ノ
正確	名詞,形容動詞語幹,*,*,*,*,正確,セイカク,セイカク
な	助動詞,*,*,*,特殊・ダ,体言接続,だ,ナ,ナ
知識	名詞,一般,*,*,*,*,知識,チシキ,チシキ
と	助詞,格助詞,一般,*,*,*,と,ト,ト
の	助詞,連体化,*,*,*,*,の,ノ,ノ
一致	名詞,サ変接続,*,*,*,*,一致,イッチ,イッチ
に	助詞,格助詞,一般,*,*,*,に,ニ,ニ
達し	動詞,自立,*,*,五段・サ行,連用形,達す,タッシ,タッシ
，	記号,読点,*,*,*,*,，,，,，
十分	名詞,形容動詞語幹,*,*,*,*,十分,ジュウブン,ジューブン
に	助詞,副詞化,*,*,*,*,に,ニ,ニ
成長	名詞,サ変接続,*,*,*,*,成長,セイチョウ,セイチョー
し	動詞,自立,*,*,サ変・スル,連用形,する,シ,シ
た	助動詞,*,*,*,特殊・タ,基本形,た,タ,タ
大人	名詞,一般,*,*,*,*,大人,オトナ,オトナ
，	記号,読点,*,*,*,*,，,，,，
キリスト	名詞,固有名詞,一般,*,*,*,キリスト,キリスト,キリスト
の	助詞,連体化,*,*,*,*,の,ノ,ノ
満ち	動詞,自立,*,*,一段,連用形,満ちる,ミチ,ミチ
満ち	動詞,自立,*,*,一段,連用形,満ちる,ミチ,ミチ
た	助動詞,*,*,*,特殊・タ,基本形,た,タ,タ
さま	名詞,非自立,一般,*,*,*,さま,サマ,サマ
に	助詞,格助詞,一般,*,*,*,に,ニ,ニ
属する	動詞,自立,*,*,サ変・−スル,基本形,属する,ゾクスル,ゾクスル
丈	名詞,一般,*,*,*,*,丈,タケ,タケ
の	助詞,連体化,*,*,*,*,の,ノ,ノ
高	形容詞,自立,*,*,形容詞・アウオ段,ガル接続,高い,タカ,タカ
さ	名詞,接尾,特殊,*,*,*,さ,サ,サ
に	助詞,格助詞,一般,*,*,*,に,ニ,ニ
[	名詞,サ変接続,*,*,*,*,*
達する	動詞,自立,*,*,サ変・−スル,基本形,達する,タッスル,タッスル
]	名詞,サ変接続,*,*,*,*,*
の	名詞,非自立,一般,*,*,*,の,ノ,ノ
です	助動詞,*,*,*,特殊・デス,基本形,です,デス,デス
。	記号,句点,*,*,*,*,。,。,。
それ	名詞,代名詞,一般,*,*,*,それ,ソレ,ソレ
は	助詞,係助詞,*,*,*,*,は,ハ,ワ
，	記号,読点,*,*,*,*,，,，,，
わたし	名詞,代名詞,一般,*,*,*,わたし,ワタシ,ワタシ
たち	名詞,接尾,一般,*,*,*,たち,タチ,タチ
が	助詞,格助詞,一般,*,*,*,が,ガ,ガ
もはや	副詞,助詞類接続,*,*,*,*,もはや,モハヤ,モハヤ
みどり	名詞,固有名詞,人名,名,*,*,みどり,ミドリ,ミドリ
ご	接頭詞,名詞接続,*,*,*,*,ご,ゴ,ゴ
で	助動詞,*,*,*,特殊・ダ,連用形,だ,デ,デ
なく	助動詞,*,*,*,特殊・ナイ,連用テ接続,ない,ナク,ナク
なり	動詞,自立,*,*,五段・ラ行,連用形,なる,ナリ,ナリ
，	記号,読点,*,*,*,*,，,，,，
人間	名詞,一般,*,*,*,*,人間,ニンゲン,ニンゲン
の	助詞,連体化,*,*,*,*,の,ノ,ノ
たばかり	動詞,自立,*,*,五段・ラ行,連用形,たばかる,タバカリ,タバカリ
や	助詞,並立助詞,*,*,*,*,や,ヤ,ヤ
誤らせよ	動詞,自立,*,*,一段,未然ウ接続,誤らせる,アヤマラセヨ,アヤマラセヨ
う	助動詞,*,*,*,不変化型,基本形,う,ウ,ウ
と	助詞,格助詞,引用,*,*,*,と,ト,ト
たくらむ	動詞,自立,*,*,五段・マ行,基本形,たくらむ,タクラム,タクラム
巧妙	名詞,形容動詞語幹,*,*,*,*,巧妙,コウミョウ,コーミョー
さ	名詞,接尾,特殊,*,*,*,さ,サ,サ
によって	助詞,格助詞,連語,*,*,*,によって,ニヨッテ,ニヨッテ
，	記号,読点,*,*,*,*,，,，,，
波	名詞,一般,*,*,*,*,波,ナミ,ナミ
による	助詞,格助詞,連語,*,*,*,による,ニヨル,ニヨル
よう	名詞,非自立,助動詞語幹,*,*,*,よう,ヨウ,ヨー
に	助詞,副詞化,*,*,*,*,に,ニ,ニ
振り回さ	動詞,自立,*,*,五段・サ行,未然形,振り回す,フリマワサ,フリマワサ
れ	動詞,接尾,*,*,一段,連用形,れる,レ,レ
たり	助詞,並立助詞,*,*,*,*,たり,タリ,タリ
，	記号,読点,*,*,*,*,，,，,，
あらゆる	連体詞,*,*,*,*,*,あらゆる,アラユル,アラユル
教え	名詞,一般,*,*,*,*,教え,オシエ,オシエ
の	助詞,連体化,*,*,*,*,の,ノ,ノ
風	名詞,一般,*,*,*,*,風,カゼ,カゼ
に	助詞,格助詞,一般,*,*,*,に,ニ,ニ
あちこち	名詞,代名詞,一般,*,*,*,あちこち,アチコチ,アチコチ
と	助詞,格助詞,引用,*,*,*,と,ト,ト
運ば	動詞,自立,*,*,五段・バ行,未然形,運ぶ,ハコバ,ハコバ
れ	動詞,接尾,*,*,一段,連用形,れる,レ,レ
たり	助詞,並立助詞,*,*,*,*,たり,タリ,タリ
する	動詞,自立,*,*,サ変・スル,基本形,する,スル,スル
こと	名詞,非自立,一般,*,*,*,こと,コト,コト
の	助詞,格助詞,一般,*,*,*,の,ノ,ノ
ない	形容詞,自立,*,*,形容詞・アウオ段,基本形,ない,ナイ,ナイ
ため	名詞,非自立,副詞可能,*,*,*,ため,タメ,タメ
です	助動詞,*,*,*,特殊・デス,基本形,です,デス,デス
。	記号,句点,*,*,*,*,。,。,。
そう	副詞,助詞類接続,*,*,*,*,そう,ソウ,ソー
です	助動詞,*,*,*,特殊・デス,基本形,です,デス,デス
，	記号,読点,*,*,*,*,，,，,，
わたし	名詞,代名詞,一般,*,*,*,わたし,ワタシ,ワタシ
たち	名詞,接尾,一般,*,*,*,たち,タチ,タチ
は	助詞,係助詞,*,*,*,*,は,ハ,ワ
真理	名詞,一般,*,*,*,*,真理,シンリ,シンリ
を	助詞,格助詞,一般,*,*,*,を,ヲ,ヲ
語り	動詞,自立,*,*,五段・ラ行,連用形,語る,カタリ,カタリ
つつ	助詞,接続助詞,*,*,*,*,つつ,ツツ,ツツ
，	記号,読点,*,*,*,*,，,，,，
愛	名詞,一般,*,*,*,*,愛,アイ,アイ
により	助詞,格助詞,連語,*,*,*,により,ニヨリ,ニヨリ
，	記号,読点,*,*,*,*,，,，,，
すべて	名詞,副詞可能,*,*,*,*,すべて,スベテ,スベテ
の	助詞,連体化,*,*,*,*,の,ノ,ノ
事	名詞,非自立,一般,*,*,*,事,コト,コト
において	助詞,格助詞,連語,*,*,*,において,ニオイテ,ニオイテ
，	名詞,数,*,*,*,*,，,，,，
頭	名詞,接尾,助数詞,*,*,*,頭,トウ,トー
で	助動詞,*,*,*,特殊・ダ,連用形,だ,デ,デ
ある	助動詞,*,*,*,五段・ラ行アル,基本形,ある,アル,アル
キリスト	名詞,固有名詞,一般,*,*,*,キリスト,キリスト,キリスト
を	助詞,格助詞,一般,*,*,*,を,ヲ,ヲ
目ざし	動詞,自立,*,*,五段・サ行,連用形,目ざす,メザシ,メザシ
て	助詞,接続助詞,*,*,*,*,て,テ,テ
成長	名詞,サ変接続,*,*,*,*,成長,セイチョウ,セイチョー
し	動詞,自立,*,*,サ変・スル,連用形,する,シ,シ
て	助詞,接続助詞,*,*,*,*,て,テ,テ
ゆき	動詞,非自立,*,*,五段・カ行促音便ユク,連用形,ゆく,ユキ,ユキ
ましょ	助動詞,*,*,*,特殊・マス,未然ウ接続,ます,マショ,マショ
う	助動詞,*,*,*,不変化型,基本形,う,ウ,ウ
。	記号,句点,*,*,*,*,。,。,。
この	連体詞,*,*,*,*,*,この,コノ,コノ
[	名詞,サ変接続,*,*,*,*,*
キリスト	名詞,固有名詞,一般,*,*,*,キリスト,キリスト,キリスト
]	名詞,サ変接続,*,*,*,*,*
を	助詞,格助詞,一般,*,*,*,を,ヲ,ヲ
もと	名詞,一般,*,*,*,*,もと,モト,モト
として	助詞,格助詞,連語,*,*,*,として,トシテ,トシテ
，	記号,読点,*,*,*,*,，,，,，
体	名詞,一般,*,*,*,*,体,カラダ,カラダ
の	助詞,連体化,*,*,*,*,の,ノ,ノ
各部	名詞,一般,*,*,*,*,各部,カクブ,カクブ
すべて	名詞,副詞可能,*,*,*,*,すべて,スベテ,スベテ
は	助詞,係助詞,*,*,*,*,は,ハ,ワ
，	記号,読点,*,*,*,*,，,，,，
調和	名詞,サ変接続,*,*,*,*,調和,チョウワ,チョーワ
よく	副詞,一般,*,*,*,*,よく,ヨク,ヨク
組み合わさ	動詞,自立,*,*,五段・サ行,未然形,組み合わす,クミアワサ,クミアワサ
れる	動詞,接尾,*,*,一段,基本形,れる,レル,レル
こと	名詞,非自立,一般,*,*,*,こと,コト,コト
により	助詞,格助詞,連語,*,*,*,により,ニヨリ,ニヨリ
，	記号,読点,*,*,*,*,，,，,，
また	接続詞,*,*,*,*,*,また,マタ,マタ
必要	名詞,形容動詞語幹,*,*,*,*,必要,ヒツヨウ,ヒツヨー
な	助動詞,*,*,*,特殊・ダ,体言接続,だ,ナ,ナ
もの	名詞,非自立,一般,*,*,*,もの,モノ,モノ
を	助詞,格助詞,一般,*,*,*,を,ヲ,ヲ
与える	動詞,自立,*,*,一段,基本形,与える,アタエル,アタエル
すべて	名詞,副詞可能,*,*,*,*,すべて,スベテ,スベテ
の	助詞,連体化,*,*,*,*,の,ノ,ノ
関節	名詞,一般,*,*,*,*,関節,カンセツ,カンセツ
を通して	助詞,格助詞,連語,*,*,*,を通して,ヲトオシテ,ヲトーシテ
協	名詞,接尾,一般,*,*,*,協,キョウ,キョー
働	名詞,一般,*,*,*,*,*
する	動詞,自立,*,*,サ変・スル,基本形,する,スル,スル
こと	名詞,非自立,一般,*,*,*,こと,コト,コト
により	助詞,格助詞,連語,*,*,*,により,ニヨリ,ニヨリ
，	記号,読点,*,*,*,*,，,，,，
それぞれ	名詞,副詞可能,*,*,*,*,それぞれ,ソレゾレ,ソレゾレ
の	助詞,連体化,*,*,*,*,の,ノ,ノ
部分	名詞,一般,*,*,*,*,部分,ブブン,ブブン
が	助詞,格助詞,一般,*,*,*,が,ガ,ガ
定め	名詞,一般,*,*,*,*,定め,サダメ,サダメ
の	助詞,連体化,*,*,*,*,の,ノ,ノ
機能	名詞,サ変接続,*,*,*,*,機能,キノウ,キノー
を	助詞,格助詞,一般,*,*,*,を,ヲ,ヲ
果たす	動詞,自立,*,*,五段・サ行,基本形,果たす,ハタス,ハタス
につれて	助詞,格助詞,連語,*,*,*,につれて,ニツレテ,ニツレテ
，	記号,読点,*,*,*,*,，,，,，
愛	名詞,一般,*,*,*,*,愛,アイ,アイ
の	助詞,連体化,*,*,*,*,の,ノ,ノ
うち	名詞,非自立,副詞可能,*,*,*,うち,ウチ,ウチ
に	助詞,格助詞,一般,*,*,*,に,ニ,ニ
自ら	名詞,副詞可能,*,*,*,*,自ら,ミズカラ,ミズカラ
を	助詞,格助詞,一般,*,*,*,を,ヲ,ヲ
築き上げる	動詞,自立,*,*,一段,基本形,築き上げる,キズキアゲル,キズキアゲル
こと	名詞,非自立,一般,*,*,*,こと,コト,コト
を	助詞,格助詞,一般,*,*,*,を,ヲ,ヲ
目ざし	動詞,自立,*,*,五段・サ行,連用形,目ざす,メザシ,メザシ
た	助動詞,*,*,*,特殊・タ,基本形,た,タ,タ
体	名詞,一般,*,*,*,*,体,カラダ,カラダ
の	助詞,連体化,*,*,*,*,の,ノ,ノ
成長	名詞,サ変接続,*,*,*,*,成長,セイチョウ,セイチョー
に	助詞,格助詞,一般,*,*,*,に,ニ,ニ
資する	動詞,自立,*,*,サ変・−スル,基本形,資する,シスル,シスル
の	名詞,非自立,一般,*,*,*,の,ノ,ノ
です	助動詞,*,*,*,特殊・デス,基本形,です,デス,デス
。	記号,句点,*,*,*,*,。,。,。
それ	名詞,代名詞,一般,*,*,*,それ,ソレ,ソレ
ゆえ	名詞,接尾,一般,*,*,*,ゆえ,ユエ,ユエ
，	記号,読点,*,*,*,*,，,，,，
わたし	名詞,代名詞,一般,*,*,*,わたし,ワタシ,ワタシ
は	助詞,係助詞,*,*,*,*,は,ハ,ワ
主	名詞,形容動詞語幹,*,*,*,*,主,オモ,オモ
に	助詞,格助詞,一般,*,*,*,に,ニ,ニ
あっ	動詞,自立,*,*,五段・ラ行,連用タ接続,ある,アッ,アッ
て	助詞,接続助詞,*,*,*,*,て,テ,テ
この	連体詞,*,*,*,*,*,この,コノ,コノ
こと	名詞,非自立,一般,*,*,*,こと,コト,コト
を	助詞,格助詞,一般,*,*,*,を,ヲ,ヲ
言い	動詞,自立,*,*,五段・ワ行促音便,連用形,言う,イイ,イイ
，	記号,読点,*,*,*,*,，,，,，
また	接続詞,*,*,*,*,*,また,マタ,マタ
証し	動詞,自立,*,*,五段・サ行,連用形,証す,アカシ,アカシ
し	動詞,自立,*,*,サ変・スル,連用形,する,シ,シ
ます	助動詞,*,*,*,特殊・マス,基本形,ます,マス,マス
。	記号,句点,*,*,*,*,。,。,。
すなわち	接続詞,*,*,*,*,*,すなわち,スナワチ,スナワチ
，	記号,読点,*,*,*,*,，,，,，
あなた	名詞,代名詞,一般,*,*,*,あなた,アナタ,アナタ
方	名詞,接尾,一般,*,*,*,方,カタ,カタ
は	助詞,係助詞,*,*,*,*,は,ハ,ワ
もはや	副詞,助詞類接続,*,*,*,*,もはや,モハヤ,モハヤ
，	記号,読点,*,*,*,*,，,，,，
思い	名詞,一般,*,*,*,*,思い,オモイ,オモイ
の	助詞,連体化,*,*,*,*,の,ノ,ノ
むなしさ	名詞,一般,*,*,*,*,むなしさ,ムナシサ,ムナシサ
の	助詞,連体化,*,*,*,*,の,ノ,ノ
まま	名詞,非自立,副詞可能,*,*,*,まま,ママ,ママ
に	助詞,格助詞,一般,*,*,*,に,ニ,ニ
歩む	動詞,自立,*,*,五段・マ行,基本形,歩む,アユム,アユム
諸	接頭詞,名詞接続,*,*,*,*,諸,ショ,ショ
国民	名詞,一般,*,*,*,*,国民,コクミン,コクミン
と	助詞,格助詞,一般,*,*,*,と,ト,ト
同じ	連体詞,*,*,*,*,*,同じ,オナジ,オナジ
よう	名詞,非自立,助動詞語幹,*,*,*,よう,ヨウ,ヨー
に	助詞,副詞化,*,*,*,*,に,ニ,ニ
歩ん	動詞,自立,*,*,五段・マ行,連用タ接続,歩む,アユン,アユン
で	助詞,接続助詞,*,*,*,*,で,デ,デ
は	助詞,係助詞,*,*,*,*,は,ハ,ワ
い	動詞,自立,*,*,一段,連用形,いる,イ,イ
ませ	助動詞,*,*,*,特殊・マス,未然形,ます,マセ,マセ
ん	助動詞,*,*,*,不変化型,基本形,ん,ン,ン
。	記号,句点,*,*,*,*,。,。,。
彼ら	名詞,代名詞,一般,*,*,*,彼ら,カレラ,カレラ
は	助詞,係助詞,*,*,*,*,は,ハ,ワ
精神	名詞,一般,*,*,*,*,精神,セイシン,セイシン
的	名詞,接尾,形容動詞語幹,*,*,*,的,テキ,テキ
な	助動詞,*,*,*,特殊・ダ,体言接続,だ,ナ,ナ
暗闇	名詞,一般,*,*,*,*,暗闇,クラヤミ,クラヤミ
に	助詞,格助詞,一般,*,*,*,に,ニ,ニ
あり	動詞,自立,*,*,五段・ラ行,連用形,ある,アリ,アリ
，	記号,読点,*,*,*,*,，,，,，
神	名詞,一般,*,*,*,*,神,カミ,カミ
に	助詞,格助詞,一般,*,*,*,に,ニ,ニ
属する	動詞,自立,*,*,サ変・−スル,基本形,属する,ゾクスル,ゾクスル
命	名詞,一般,*,*,*,*,命,イノチ,イノチ
から	助詞,格助詞,一般,*,*,*,から,カラ,カラ
疎外	名詞,サ変接続,*,*,*,*,疎外,ソガイ,ソガイ
さ	動詞,自立,*,*,サ変・スル,未然レル接続,する,サ,サ
れ	動詞,接尾,*,*,一段,連用形,れる,レ,レ
て	助詞,接続助詞,*,*,*,*,て,テ,テ
い	動詞,非自立,*,*,一段,連用形,いる,イ,イ
ます	助動詞,*,*,*,特殊・マス,基本形,ます,マス,マス
。	記号,句点,*,*,*,*,。,。,。
それ	名詞,代名詞,一般,*,*,*,それ,ソレ,ソレ
は	助詞,係助詞,*,*,*,*,は,ハ,ワ
彼ら	名詞,代名詞,一般,*,*,*,彼ら,カレラ,カレラ
の	助詞,連体化,*,*,*,*,の,ノ,ノ
うち	名詞,非自立,副詞可能,*,*,*,うち,ウチ,ウチ
に	助詞,格助詞,一般,*,*,*,に,ニ,ニ
ある	動詞,自立,*,*,五段・ラ行,基本形,ある,アル,アル
無知	名詞,一般,*,*,*,*,無知,ムチ,ムチ
の	助詞,連体化,*,*,*,*,の,ノ,ノ
ため	名詞,非自立,副詞可能,*,*,*,ため,タメ,タメ
，	記号,読点,*,*,*,*,，,，,，
また	接続詞,*,*,*,*,*,また,マタ,マタ
その	連体詞,*,*,*,*,*,その,ソノ,ソノ
心	名詞,一般,*,*,*,*,心,ココロ,ココロ
の	助詞,連体化,*,*,*,*,の,ノ,ノ
無感覚	名詞,形容動詞語幹,*,*,*,*,無感覚,ムカンカク,ムカンカク
さ	名詞,接尾,特殊,*,*,*,さ,サ,サ
の	助詞,連体化,*,*,*,*,の,ノ,ノ
ため	名詞,非自立,副詞可能,*,*,*,ため,タメ,タメ
です	助動詞,*,*,*,特殊・デス,基本形,です,デス,デス
。	記号,句点,*,*,*,*,。,。,。
彼ら	名詞,代名詞,一般,*,*,*,彼ら,カレラ,カレラ
は	助詞,係助詞,*,*,*,*,は,ハ,ワ
いっさい	名詞,副詞可能,*,*,*,*,いっさい,イッサイ,イッサイ
の	助詞,連体化,*,*,*,*,の,ノ,ノ
道徳	名詞,一般,*,*,*,*,道徳,ドウトク,ドートク
感覚	名詞,一般,*,*,*,*,感覚,カンカク,カンカク
を	助詞,格助詞,一般,*,*,*,を,ヲ,ヲ
通り越し	動詞,自立,*,*,五段・サ行,連用形,通り越す,トオリコシ,トーリコシ
，	記号,読点,*,*,*,*,，,，,，
貪欲	名詞,一般,*,*,*,*,貪欲,ドンヨク,ドンヨク
に	助詞,格助詞,一般,*,*,*,に,ニ,ニ
も	助詞,係助詞,*,*,*,*,も,モ,モ
あらゆる	連体詞,*,*,*,*,*,あらゆる,アラユル,アラユル
汚れ	名詞,一般,*,*,*,*,汚れ,ヨゴレ,ヨゴレ
を	助詞,格助詞,一般,*,*,*,を,ヲ,ヲ
行なお	動詞,自立,*,*,五段・ワ行促音便,未然ウ接続,行なう,オコナオ,オコナオ
う	助動詞,*,*,*,不変化型,基本形,う,ウ,ウ
として	助詞,格助詞,連語,*,*,*,として,トシテ,トシテ
，	記号,読点,*,*,*,*,，,，,，
身	名詞,一般,*,*,*,*,身,ミ,ミ
を	助詞,格助詞,一般,*,*,*,を,ヲ,ヲ
みだら	名詞,形容動詞語幹,*,*,*,*,みだら,ミダラ,ミダラ
な	助動詞,*,*,*,特殊・ダ,体言接続,だ,ナ,ナ
行ない	動詞,自立,*,*,五段・ワ行促音便,連用形,行なう,オコナイ,オコナイ
に	助詞,格助詞,一般,*,*,*,に,ニ,ニ
ゆだね	動詞,自立,*,*,一段,連用形,ゆだねる,ユダネ,ユダネ
た	助動詞,*,*,*,特殊・タ,基本形,た,タ,タ
の	名詞,非自立,一般,*,*,*,の,ノ,ノ
です	助動詞,*,*,*,特殊・デス,基本形,です,デス,デス
。	記号,句点,*,*,*,*,。,。,。
しかし	接続詞,*,*,*,*,*,しかし,シカシ,シカシ
あなた	名詞,代名詞,一般,*,*,*,あなた,アナタ,アナタ
方	名詞,接尾,一般,*,*,*,方,カタ,カタ
は	助詞,係助詞,*,*,*,*,は,ハ,ワ
，	記号,読点,*,*,*,*,，,，,，
キリスト	名詞,固有名詞,一般,*,*,*,キリスト,キリスト,キリスト
が	助詞,格助詞,一般,*,*,*,が,ガ,ガ
その	連体詞,*,*,*,*,*,その,ソノ,ソノ
よう	名詞,非自立,助動詞語幹,*,*,*,よう,ヨウ,ヨー
で	助動詞,*,*,*,特殊・ダ,連用形,だ,デ,デ
ある	助動詞,*,*,*,五段・ラ行アル,基本形,ある,アル,アル
と	助詞,格助詞,引用,*,*,*,と,ト,ト
は	助詞,係助詞,*,*,*,*,は,ハ,ワ
学び	動詞,自立,*,*,五段・バ行,連用形,学ぶ,マナビ,マナビ
ませ	助動詞,*,*,*,特殊・マス,未然形,ます,マセ,マセ
ん	助動詞,*,*,*,不変化型,基本形,ん,ン,ン
でし	助動詞,*,*,*,特殊・デス,連用形,です,デシ,デシ
た	助動詞,*,*,*,特殊・タ,基本形,た,タ,タ
。	記号,句点,*,*,*,*,。,。,。
本当に	副詞,一般,*,*,*,*,本当に,ホントウニ,ホントーニ
あなた	名詞,代名詞,一般,*,*,*,あなた,アナタ,アナタ
方	名詞,接尾,一般,*,*,*,方,カタ,カタ
が	助詞,格助詞,一般,*,*,*,が,ガ,ガ
，	記号,読点,*,*,*,*,，,，,，
イエス	名詞,一般,*,*,*,*,イエス,イエス,イエス
の	助詞,連体化,*,*,*,*,の,ノ,ノ
うち	名詞,非自立,副詞可能,*,*,*,うち,ウチ,ウチ
に	助詞,格助詞,一般,*,*,*,に,ニ,ニ
ある	動詞,自立,*,*,五段・ラ行,基本形,ある,アル,アル
真理	名詞,一般,*,*,*,*,真理,シンリ,シンリ
の	助詞,連体化,*,*,*,*,の,ノ,ノ
とおり	名詞,非自立,副詞可能,*,*,*,とおり,トオリ,トーリ
に	助詞,格助詞,一般,*,*,*,に,ニ,ニ
その	連体詞,*,*,*,*,*,その,ソノ,ソノ
[	名詞,サ変接続,*,*,*,*,*
ことば	名詞,一般,*,*,*,*,ことば,コトバ,コトバ
]	名詞,サ変接続,*,*,*,*,*
を	助詞,格助詞,一般,*,*,*,を,ヲ,ヲ
聞き	動詞,自立,*,*,五段・カ行イ音便,連用形,聞く,キキ,キキ
，	記号,読点,*,*,*,*,，,，,，
彼	名詞,代名詞,一般,*,*,*,彼,カレ,カレ
によって	助詞,格助詞,連語,*,*,*,によって,ニヨッテ,ニヨッテ
教え	動詞,自立,*,*,一段,未然形,教える,オシエ,オシエ
られ	動詞,接尾,*,*,一段,連用形,られる,ラレ,ラレ
た	助動詞,*,*,*,特殊・タ,基本形,た,タ,タ
の	名詞,非自立,一般,*,*,*,の,ノ,ノ
で	助動詞,*,*,*,特殊・ダ,連用形,だ,デ,デ
あれ	助動詞,*,*,*,五段・ラ行アル,仮定形,ある,アレ,アレ
ば	助詞,接続助詞,*,*,*,*,ば,バ,バ
です	助動詞,*,*,*,特殊・デス,基本形,です,デス,デス
。	記号,句点,*,*,*,*,。,。,。
[	名詞,サ変接続,*,*,*,*,*
その	連体詞,*,*,*,*,*,その,ソノ,ソノ
教え	名詞,一般,*,*,*,*,教え,オシエ,オシエ
と	助詞,格助詞,一般,*,*,*,と,ト,ト
は	助詞,係助詞,*,*,*,*,は,ハ,ワ
，	記号,読点,*,*,*,*,，,，,，
]	名詞,サ変接続,*,*,*,*,*
あなた	名詞,代名詞,一般,*,*,*,あなた,アナタ,アナタ
方	名詞,接尾,一般,*,*,*,方,カタ,カタ
の	助詞,連体化,*,*,*,*,の,ノ,ノ
以前	名詞,副詞可能,*,*,*,*,以前,イゼン,イゼン
の	助詞,連体化,*,*,*,*,の,ノ,ノ
生き方	名詞,一般,*,*,*,*,生き方,イキカタ,イキカタ
に	助詞,格助詞,一般,*,*,*,に,ニ,ニ
かない	動詞,自立,*,*,五段・ワ行促音便,連用形,かなう,カナイ,カナイ
，	記号,読点,*,*,*,*,，,，,，
また	接続詞,*,*,*,*,*,また,マタ,マタ
その	連体詞,*,*,*,*,*,その,ソノ,ソノ
欺き	動詞,自立,*,*,五段・カ行イ音便,連用形,欺く,アザムキ,アザムキ
の	助詞,連体化,*,*,*,*,の,ノ,ノ
欲望	名詞,一般,*,*,*,*,欲望,ヨクボウ,ヨクボー
に	助詞,格助詞,一般,*,*,*,に,ニ,ニ
したがっ	動詞,自立,*,*,五段・ワ行促音便,連用タ接続,したがう,シタガッ,シタガッ
て	助詞,接続助詞,*,*,*,*,て,テ,テ
腐敗	名詞,サ変接続,*,*,*,*,腐敗,フハイ,フハイ
し	動詞,自立,*,*,サ変・スル,連用形,する,シ,シ
て	助詞,接続助詞,*,*,*,*,て,テ,テ
ゆく	動詞,非自立,*,*,五段・カ行促音便ユク,基本形,ゆく,ユク,ユク
古い	形容詞,自立,*,*,形容詞・アウオ段,基本形,古い,フルイ,フルイ
人格	名詞,一般,*,*,*,*,人格,ジンカク,ジンカク
を	助詞,格助詞,一般,*,*,*,を,ヲ,ヲ
捨て去る	動詞,自立,*,*,五段・ラ行,基本形,捨て去る,ステサル,ステサル
べき	助動詞,*,*,*,文語・ベシ,体言接続,べし,ベキ,ベキ
こと	名詞,非自立,一般,*,*,*,こと,コト,コト
，	記号,読点,*,*,*,*,，,，,，
そして	接続詞,*,*,*,*,*,そして,ソシテ,ソシテ
，	記号,読点,*,*,*,*,，,，,，
あなた	名詞,代名詞,一般,*,*,*,あなた,アナタ,アナタ
方	名詞,接尾,一般,*,*,*,方,カタ,カタ
の	助詞,連体化,*,*,*,*,の,ノ,ノ
思い	名詞,一般,*,*,*,*,思い,オモイ,オモイ
を	助詞,格助詞,一般,*,*,*,を,ヲ,ヲ
活動	名詞,サ変接続,*,*,*,*,活動,カツドウ,カツドー
さ	動詞,自立,*,*,サ変・スル,未然レル接続,する,サ,サ
せる	動詞,接尾,*,*,一段,基本形,せる,セル,セル
力	名詞,一般,*,*,*,*,力,チカラ,チカラ
において	助詞,格助詞,連語,*,*,*,において,ニオイテ,ニオイテ
新た	名詞,形容動詞語幹,*,*,*,*,新た,アラタ,アラタ
に	助詞,格助詞,一般,*,*,*,に,ニ,ニ
さ	動詞,自立,*,*,サ変・スル,未然レル接続,する,サ,サ
れ	動詞,接尾,*,*,一段,連用形,れる,レ,レ
，	記号,読点,*,*,*,*,，,，,，
神	名詞,一般,*,*,*,*,神,カミ,カミ
の	助詞,連体化,*,*,*,*,の,ノ,ノ
ご	接頭詞,名詞接続,*,*,*,*,ご,ゴ,ゴ
意志	名詞,一般,*,*,*,*,意志,イシ,イシ
に	助詞,格助詞,一般,*,*,*,に,ニ,ニ
そい	動詞,自立,*,*,五段・ガ行,連用タ接続,そぐ,ソイ,ソイ
つつ	助詞,接続助詞,*,*,*,*,つつ,ツツ,ツツ
真	名詞,一般,*,*,*,*,真,シン,シン
の	助詞,連体化,*,*,*,*,の,ノ,ノ
義	名詞,一般,*,*,*,*,義,ギ,ギ
と	助詞,並立助詞,*,*,*,*,と,ト,ト
忠節	名詞,一般,*,*,*,*,忠節,チュウセツ,チューセツ
の	助詞,連体化,*,*,*,*,の,ノ,ノ
うち	名詞,非自立,副詞可能,*,*,*,うち,ウチ,ウチ
に	助詞,格助詞,一般,*,*,*,に,ニ,ニ
創造	名詞,サ変接続,*,*,*,*,創造,ソウゾウ,ソーゾー
さ	動詞,自立,*,*,サ変・スル,未然レル接続,する,サ,サ
れ	動詞,接尾,*,*,一段,連用形,れる,レ,レ
た	助動詞,*,*,*,特殊・タ,基本形,た,タ,タ
新しい	形容詞,自立,*,*,形容詞・イ段,基本形,新しい,アタラシイ,アタラシイ
人格	名詞,一般,*,*,*,*,人格,ジンカク,ジンカク
を	助詞,格助詞,一般,*,*,*,を,ヲ,ヲ
着ける	動詞,自立,*,*,一段,基本形,着ける,ツケル,ツケル
べき	助動詞,*,*,*,文語・ベシ,体言接続,べし,ベキ,ベキ
こと	名詞,非自立,一般,*,*,*,こと,コト,コト
でし	助動詞,*,*,*,特殊・デス,連用形,です,デシ,デシ
た	助動詞,*,*,*,特殊・タ,基本形,た,タ,タ
。	記号,句点,*,*,*,*,。,。,。
それ	名詞,代名詞,一般,*,*,*,それ,ソレ,ソレ
ゆえ	名詞,接尾,一般,*,*,*,ゆえ,ユエ,ユエ
，	記号,読点,*,*,*,*,，,，,，
あなた	名詞,代名詞,一般,*,*,*,あなた,アナタ,アナタ
方	名詞,接尾,一般,*,*,*,方,カタ,カタ
は	助詞,係助詞,*,*,*,*,は,ハ,ワ
偽り	名詞,一般,*,*,*,*,偽り,イツワリ,イツワリ
を	助詞,格助詞,一般,*,*,*,を,ヲ,ヲ
捨て去っ	動詞,自立,*,*,五段・ラ行,連用タ接続,捨て去る,ステサッ,ステサッ
た	助動詞,*,*,*,特殊・タ,基本形,た,タ,タ
の	名詞,非自立,一般,*,*,*,の,ノ,ノ
です	助動詞,*,*,*,特殊・デス,基本形,です,デス,デス
から	助詞,接続助詞,*,*,*,*,から,カラ,カラ
，	記号,読点,*,*,*,*,，,，,，
おのおの	副詞,一般,*,*,*,*,おのおの,オノオノ,オノオノ
隣人	名詞,一般,*,*,*,*,隣人,リンジン,リンジン
に対して	助詞,格助詞,連語,*,*,*,に対して,ニタイシテ,ニタイシテ
真実	名詞,一般,*,*,*,*,真実,シンジツ,シンジツ
を	助詞,格助詞,一般,*,*,*,を,ヲ,ヲ
語り	動詞,自立,*,*,五段・ラ行,連用形,語る,カタリ,カタリ
なさい	動詞,非自立,*,*,五段・ラ行特殊,命令ｉ,なさる,ナサイ,ナサイ
。	記号,句点,*,*,*,*,。,。,。
わたし	名詞,代名詞,一般,*,*,*,わたし,ワタシ,ワタシ
たち	名詞,接尾,一般,*,*,*,たち,タチ,タチ
は	助詞,係助詞,*,*,*,*,は,ハ,ワ
肢体	名詞,一般,*,*,*,*,肢体,シタイ,シタイ
として	助詞,格助詞,連語,*,*,*,として,トシテ,トシテ
互い	名詞,一般,*,*,*,*,互い,タガイ,タガイ
の	助詞,連体化,*,*,*,*,の,ノ,ノ
もの	名詞,非自立,一般,*,*,*,もの,モノ,モノ
だ	助動詞,*,*,*,特殊・ダ,基本形,だ,ダ,ダ
から	助詞,接続助詞,*,*,*,*,から,カラ,カラ
です	助動詞,*,*,*,特殊・デス,基本形,です,デス,デス
。	記号,句点,*,*,*,*,。,。,。
憤っ	動詞,自立,*,*,五段・ラ行,連用タ接続,憤る,イキドオッ,イキドーッ
て	助詞,接続助詞,*,*,*,*,て,テ,テ
も	助詞,係助詞,*,*,*,*,も,モ,モ
，	記号,読点,*,*,*,*,，,，,，
罪	名詞,一般,*,*,*,*,罪,ツミ,ツミ
を	助詞,格助詞,一般,*,*,*,を,ヲ,ヲ
犯し	動詞,自立,*,*,五段・サ行,連用形,犯す,オカシ,オカシ
て	助詞,接続助詞,*,*,*,*,て,テ,テ
は	助詞,係助詞,*,*,*,*,は,ハ,ワ
なり	動詞,非自立,*,*,五段・ラ行,連用形,なる,ナリ,ナリ
ませ	助動詞,*,*,*,特殊・マス,未然形,ます,マセ,マセ
ん	助動詞,*,*,*,不変化型,基本形,ん,ン,ン
。	記号,句点,*,*,*,*,。,。,。
あなた	名詞,代名詞,一般,*,*,*,あなた,アナタ,アナタ
方	名詞,接尾,一般,*,*,*,方,カタ,カタ
が	助詞,格助詞,一般,*,*,*,が,ガ,ガ
怒り	名詞,一般,*,*,*,*,怒り,イカリ,イカリ
立っ	動詞,自立,*,*,五段・タ行,連用タ接続,立つ,タッ,タッ
た	助動詞,*,*,*,特殊・タ,基本形,た,タ,タ
まま	名詞,非自立,副詞可能,*,*,*,まま,ママ,ママ
日	名詞,一般,*,*,*,*,日,ヒ,ヒ
が	助詞,格助詞,一般,*,*,*,が,ガ,ガ
沈む	動詞,自立,*,*,五段・マ行,基本形,沈む,シズム,シズム
こと	名詞,非自立,一般,*,*,*,こと,コト,コト
の	助詞,格助詞,一般,*,*,*,の,ノ,ノ
ない	形容詞,自立,*,*,形容詞・アウオ段,基本形,ない,ナイ,ナイ
よう	名詞,非自立,助動詞語幹,*,*,*,よう,ヨウ,ヨー
に	助詞,格助詞,一般,*,*,*,に,ニ,ニ
し	動詞,自立,*,*,サ変・スル,連用形,する,シ,シ
なさい	動詞,非自立,*,*,五段・ラ行特殊,命令ｉ,なさる,ナサイ,ナサイ
。	記号,句点,*,*,*,*,。,。,。
悪魔	名詞,一般,*,*,*,*,悪魔,アクマ,アクマ
に	助詞,格助詞,一般,*,*,*,に,ニ,ニ
すき	名詞,一般,*,*,*,*,すき,スキ,スキ
を	助詞,格助詞,一般,*,*,*,を,ヲ,ヲ
与え	動詞,自立,*,*,一段,連用形,与える,アタエ,アタエ
て	助詞,接続助詞,*,*,*,*,て,テ,テ
も	助詞,係助詞,*,*,*,*,も,モ,モ
なり	動詞,自立,*,*,五段・ラ行,連用形,なる,ナリ,ナリ
ませ	助動詞,*,*,*,特殊・マス,未然形,ます,マセ,マセ
ん	助動詞,*,*,*,不変化型,基本形,ん,ン,ン
。	記号,句点,*,*,*,*,。,。,。
盗む	動詞,自立,*,*,五段・マ行,基本形,盗む,ヌスム,ヌスム
者	名詞,非自立,一般,*,*,*,者,モノ,モノ
は	助詞,係助詞,*,*,*,*,は,ハ,ワ
もう	副詞,一般,*,*,*,*,もう,モウ,モー
盗ん	動詞,自立,*,*,五段・マ行,連用タ接続,盗む,ヌスン,ヌスン
で	助詞,接続助詞,*,*,*,*,で,デ,デ
は	助詞,係助詞,*,*,*,*,は,ハ,ワ
なり	動詞,非自立,*,*,五段・ラ行,連用形,なる,ナリ,ナリ
ませ	助動詞,*,*,*,特殊・マス,未然形,ます,マセ,マセ
ん	助動詞,*,*,*,不変化型,基本形,ん,ン,ン
。	記号,句点,*,*,*,*,。,。,。
むしろ	副詞,一般,*,*,*,*,むしろ,ムシロ,ムシロ
，	記号,読点,*,*,*,*,，,，,，
骨折っ	動詞,自立,*,*,五段・ラ行,連用タ接続,骨折る,ホネオッ,ホネオッ
て	助詞,接続助詞,*,*,*,*,て,テ,テ
働き	動詞,自立,*,*,五段・カ行イ音便,連用形,働く,ハタラキ,ハタラキ
，	記号,読点,*,*,*,*,，,，,，
自分	名詞,一般,*,*,*,*,自分,ジブン,ジブン
の	助詞,連体化,*,*,*,*,の,ノ,ノ
手	名詞,一般,*,*,*,*,手,テ,テ
で	助動詞,*,*,*,特殊・ダ,連用形,だ,デ,デ
良い	形容詞,非自立,*,*,形容詞・アウオ段,基本形,良い,ヨイ,ヨイ
業	名詞,接尾,一般,*,*,*,業,ギョウ,ギョー
を	助詞,格助詞,一般,*,*,*,を,ヲ,ヲ
行ない	動詞,自立,*,*,五段・ワ行促音便,連用形,行なう,オコナイ,オコナイ
，	記号,読点,*,*,*,*,，,，,，
窮乏	名詞,サ変接続,*,*,*,*,窮乏,キュウボウ,キューボー
し	動詞,自立,*,*,サ変・スル,連用形,する,シ,シ
て	助詞,接続助詞,*,*,*,*,て,テ,テ
いる	動詞,非自立,*,*,一段,基本形,いる,イル,イル
人	名詞,一般,*,*,*,*,人,ヒト,ヒト
に	助詞,格助詞,一般,*,*,*,に,ニ,ニ
分け与える	動詞,自立,*,*,一段,基本形,分け与える,ワケアタエル,ワケアタエル
こと	名詞,非自立,一般,*,*,*,こと,コト,コト
が	助詞,格助詞,一般,*,*,*,が,ガ,ガ
できる	動詞,自立,*,*,一段,基本形,できる,デキル,デキル
よう	名詞,非自立,助動詞語幹,*,*,*,よう,ヨウ,ヨー
に	助詞,格助詞,一般,*,*,*,に,ニ,ニ
し	動詞,自立,*,*,サ変・スル,連用形,する,シ,シ
なさい	動詞,非自立,*,*,五段・ラ行特殊,命令ｉ,なさる,ナサイ,ナサイ
。	記号,句点,*,*,*,*,。,。,。
腐っ	動詞,自立,*,*,五段・ラ行,連用タ接続,腐る,クサッ,クサッ
た	助動詞,*,*,*,特殊・タ,基本形,た,タ,タ
ことば	名詞,一般,*,*,*,*,ことば,コトバ,コトバ
を	助詞,格助詞,一般,*,*,*,を,ヲ,ヲ
あなた	名詞,代名詞,一般,*,*,*,あなた,アナタ,アナタ
方	名詞,接尾,一般,*,*,*,方,カタ,カタ
の	助詞,連体化,*,*,*,*,の,ノ,ノ
口	名詞,一般,*,*,*,*,口,クチ,クチ
から	助詞,格助詞,一般,*,*,*,から,カラ,カラ
出さ	動詞,自立,*,*,五段・サ行,未然形,出す,ダサ,ダサ
ない	助動詞,*,*,*,特殊・ナイ,基本形,ない,ナイ,ナイ
よう	名詞,非自立,助動詞語幹,*,*,*,よう,ヨウ,ヨー
に	助詞,格助詞,一般,*,*,*,に,ニ,ニ
し	動詞,自立,*,*,サ変・スル,連用形,する,シ,シ
なさい	動詞,非自立,*,*,五段・ラ行特殊,命令ｉ,なさる,ナサイ,ナサイ
。	記号,句点,*,*,*,*,。,。,。
むしろ	副詞,一般,*,*,*,*,むしろ,ムシロ,ムシロ
，	記号,読点,*,*,*,*,，,，,，
必要	名詞,形容動詞語幹,*,*,*,*,必要,ヒツヨウ,ヒツヨー
に	助詞,副詞化,*,*,*,*,に,ニ,ニ
応じ	動詞,自立,*,*,一段,連用形,応じる,オウジ,オージ
，	記号,読点,*,*,*,*,，,，,，
どんな	連体詞,*,*,*,*,*,どんな,ドンナ,ドンナ
こと	名詞,非自立,一般,*,*,*,こと,コト,コト
に	助詞,格助詞,一般,*,*,*,に,ニ,ニ
せよ	動詞,自立,*,*,サ変・スル,命令ｙｏ,する,セヨ,セヨ
築き上げる	動詞,自立,*,*,一段,基本形,築き上げる,キズキアゲル,キズキアゲル
の	名詞,非自立,一般,*,*,*,の,ノ,ノ
に	助詞,格助詞,一般,*,*,*,に,ニ,ニ
良い	形容詞,自立,*,*,形容詞・アウオ段,基本形,良い,ヨイ,ヨイ
ことば	名詞,一般,*,*,*,*,ことば,コトバ,コトバ
を	助詞,格助詞,一般,*,*,*,を,ヲ,ヲ
[	名詞,サ変接続,*,*,*,*,*
出し	動詞,自立,*,*,五段・サ行,連用形,出す,ダシ,ダシ
て	助詞,接続助詞,*,*,*,*,て,テ,テ
]，	名詞,サ変接続,*,*,*,*,*
聞く	動詞,自立,*,*,五段・カ行イ音便,基本形,聞く,キク,キク
人	名詞,一般,*,*,*,*,人,ヒト,ヒト
たち	名詞,接尾,一般,*,*,*,たち,タチ,タチ
に	助詞,格助詞,一般,*,*,*,に,ニ,ニ
恵み	名詞,一般,*,*,*,*,恵み,メグミ,メグミ
と	助詞,格助詞,一般,*,*,*,と,ト,ト
なる	動詞,自立,*,*,五段・ラ行,基本形,なる,ナル,ナル
よう	名詞,非自立,助動詞語幹,*,*,*,よう,ヨウ,ヨー
に	助詞,格助詞,一般,*,*,*,に,ニ,ニ
し	動詞,自立,*,*,サ変・スル,連用形,する,シ,シ
なさい	動詞,非自立,*,*,五段・ラ行特殊,命令ｉ,なさる,ナサイ,ナサイ
。	記号,句点,*,*,*,*,。,。,。
また	接続詞,*,*,*,*,*,また,マタ,マタ
，	記号,読点,*,*,*,*,，,，,，
神	名詞,一般,*,*,*,*,神,カミ,カミ
の	助詞,連体化,*,*,*,*,の,ノ,ノ
聖霊	名詞,一般,*,*,*,*,聖霊,セイレイ,セイレイ
を	助詞,格助詞,一般,*,*,*,を,ヲ,ヲ
悲しま	動詞,自立,*,*,五段・マ行,未然形,悲しむ,カナシマ,カナシマ
せる	動詞,接尾,*,*,一段,基本形,せる,セル,セル
こと	名詞,非自立,一般,*,*,*,こと,コト,コト
の	助詞,格助詞,一般,*,*,*,の,ノ,ノ
ない	形容詞,自立,*,*,形容詞・アウオ段,基本形,ない,ナイ,ナイ
よう	名詞,非自立,助動詞語幹,*,*,*,よう,ヨウ,ヨー
に	助詞,格助詞,一般,*,*,*,に,ニ,ニ
し	動詞,自立,*,*,サ変・スル,連用形,する,シ,シ
なさい	動詞,非自立,*,*,五段・ラ行特殊,命令ｉ,なさる,ナサイ,ナサイ
。	記号,句点,*,*,*,*,。,。,。
贖い	動詞,自立,*,*,五段・ワ行促音便,連用形,贖う,アガナイ,アガナイ
による	助詞,格助詞,連語,*,*,*,による,ニヨル,ニヨル
釈放	名詞,サ変接続,*,*,*,*,釈放,シャクホウ,シャクホー
の	助詞,連体化,*,*,*,*,の,ノ,ノ
日	名詞,非自立,副詞可能,*,*,*,日,ヒ,ヒ
の	助詞,連体化,*,*,*,*,の,ノ,ノ
ため	名詞,非自立,副詞可能,*,*,*,ため,タメ,タメ
に	助詞,格助詞,一般,*,*,*,に,ニ,ニ
，	記号,読点,*,*,*,*,，,，,，
あなた	名詞,代名詞,一般,*,*,*,あなた,アナタ,アナタ
方	名詞,接尾,一般,*,*,*,方,カタ,カタ
は	助詞,係助詞,*,*,*,*,は,ハ,ワ
それ	名詞,代名詞,一般,*,*,*,それ,ソレ,ソレ
をもって	助詞,格助詞,連語,*,*,*,をもって,ヲモッテ,ヲモッテ
証印	名詞,サ変接続,*,*,*,*,証印,ショウイン,ショーイン
を	助詞,格助詞,一般,*,*,*,を,ヲ,ヲ
押さ	動詞,自立,*,*,五段・サ行,未然形,押す,オサ,オサ
れ	動詞,接尾,*,*,一段,連用形,れる,レ,レ
た	助動詞,*,*,*,特殊・タ,基本形,た,タ,タ
の	名詞,非自立,一般,*,*,*,の,ノ,ノ
です	助動詞,*,*,*,特殊・デス,基本形,です,デス,デス
。	記号,句点,*,*,*,*,。,。,。
すべて	名詞,副詞可能,*,*,*,*,すべて,スベテ,スベテ
悪意	名詞,一般,*,*,*,*,悪意,アクイ,アクイ
の	助詞,格助詞,一般,*,*,*,の,ノ,ノ
ある	動詞,自立,*,*,五段・ラ行,基本形,ある,アル,アル
苦々し	形容詞,自立,*,*,形容詞・イ段,ガル接続,苦々しい,ニガニガシ,ニガニガシ
さ	名詞,接尾,特殊,*,*,*,さ,サ,サ
，	記号,読点,*,*,*,*,，,，,，
怒り	名詞,一般,*,*,*,*,怒り,イカリ,イカリ
，	記号,読点,*,*,*,*,，,，,，
憤り	動詞,自立,*,*,五段・ラ行,連用形,憤る,イキドオリ,イキドーリ
，	記号,読点,*,*,*,*,，,，,，
わめき	動詞,自立,*,*,五段・カ行イ音便,連用形,わめく,ワメキ,ワメキ
，	記号,読点,*,*,*,*,，,，,，
ののしり	動詞,自立,*,*,五段・ラ行,連用形,ののしる,ノノシリ,ノノシリ
の	助詞,連体化,*,*,*,*,の,ノ,ノ
ことば	名詞,一般,*,*,*,*,ことば,コトバ,コトバ
を	助詞,格助詞,一般,*,*,*,を,ヲ,ヲ
，	記号,読点,*,*,*,*,，,，,，
あらゆる	連体詞,*,*,*,*,*,あらゆる,アラユル,アラユル
悪	名詞,一般,*,*,*,*,悪,アク,アク
と共に	助詞,格助詞,連語,*,*,*,と共に,トトモニ,トトモニ
あなた	名詞,代名詞,一般,*,*,*,あなた,アナタ,アナタ
方	名詞,接尾,一般,*,*,*,方,カタ,カタ
から	助詞,格助詞,一般,*,*,*,から,カラ,カラ
除き	動詞,自立,*,*,五段・カ行イ音便,連用形,除く,ノゾキ,ノゾキ
去り	動詞,自立,*,*,五段・ラ行,連用形,去る,サリ,サリ
なさい	動詞,非自立,*,*,五段・ラ行特殊,命令ｉ,なさる,ナサイ,ナサイ
。	記号,句点,*,*,*,*,。,。,。
そして	接続詞,*,*,*,*,*,そして,ソシテ,ソシテ
，	記号,読点,*,*,*,*,，,，,，
互いに	副詞,一般,*,*,*,*,互いに,タガイニ,タガイニ
親切	名詞,形容動詞語幹,*,*,*,*,親切,シンセツ,シンセツ
に	助詞,格助詞,一般,*,*,*,に,ニ,ニ
し	動詞,自立,*,*,サ変・スル,連用形,する,シ,シ
，	記号,読点,*,*,*,*,，,，,，
優しい	形容詞,自立,*,*,形容詞・イ段,基本形,優しい,ヤサシイ,ヤサシイ
同情	名詞,サ変接続,*,*,*,*,同情,ドウジョウ,ドージョー
心	名詞,接尾,一般,*,*,*,心,シン,シン
を	助詞,格助詞,一般,*,*,*,を,ヲ,ヲ
示し	動詞,自立,*,*,五段・サ行,連用形,示す,シメシ,シメシ
，	記号,読点,*,*,*,*,，,，,，
神	名詞,一般,*,*,*,*,神,カミ,カミ
が	助詞,格助詞,一般,*,*,*,が,ガ,ガ
キリスト	名詞,固有名詞,一般,*,*,*,キリスト,キリスト,キリスト
によって	助詞,格助詞,連語,*,*,*,によって,ニヨッテ,ニヨッテ
惜しみ	名詞,ナイ形容詞語幹,*,*,*,*,惜しみ,オシミ,オシミ
なく	助動詞,*,*,*,特殊・ナイ,連用テ接続,ない,ナク,ナク
許し	動詞,自立,*,*,五段・サ行,連用形,許す,ユルシ,ユルシ
て	助詞,接続助詞,*,*,*,*,て,テ,テ
くださっ	動詞,非自立,*,*,五段・ラ行特殊,連用タ接続,くださる,クダサッ,クダサッ
た	助動詞,*,*,*,特殊・タ,基本形,た,タ,タ
よう	名詞,非自立,助動詞語幹,*,*,*,よう,ヨウ,ヨー
に	助詞,副詞化,*,*,*,*,に,ニ,ニ
，	記号,読点,*,*,*,*,，,，,，
あなた	名詞,代名詞,一般,*,*,*,あなた,アナタ,アナタ
方	名詞,接尾,一般,*,*,*,方,カタ,カタ
も	助詞,係助詞,*,*,*,*,も,モ,モ
互いに	副詞,一般,*,*,*,*,互いに,タガイニ,タガイニ
惜しみ	動詞,自立,*,*,五段・マ行,連用形,惜しむ,オシミ,オシミ
なく	形容詞,自立,*,*,形容詞・アウオ段,連用テ接続,ない,ナク,ナク
許し	動詞,自立,*,*,五段・サ行,連用形,許す,ユルシ,ユルシ
合い	動詞,非自立,*,*,五段・ワ行促音便,連用形,合う,アイ,アイ
なさい	動詞,非自立,*,*,五段・ラ行特殊,命令ｉ,なさる,ナサイ,ナサイ
。	記号,句点,*,*,*,*,。,。,。
EOS
