後	名詞,接尾,副詞可能,*,*,*,後,ゴ,ゴ
に	助詞,格助詞,一般,*,*,*,に,ニ,ニ
モー	名詞,固有名詞,人名,姓,*,*,モー,モー,モー
セ	名詞,一般,*,*,*,*,セ,セ,セ
は	助詞,係助詞,*,*,*,*,は,ハ,ワ
イスラエル	名詞,固有名詞,地域,国,*,*,イスラエル,イスラエル,イスラエル
の	助詞,連体化,*,*,*,*,の,ノ,ノ
子	名詞,一般,*,*,*,*,子,コ,コ
ら	名詞,接尾,一般,*,*,*,ら,ラ,ラ
の	助詞,連体化,*,*,*,*,の,ノ,ノ
集会	名詞,サ変接続,*,*,*,*,集会,シュウカイ,シューカイ
全体	名詞,副詞可能,*,*,*,*,全体,ゼンタイ,ゼンタイ
を	助詞,格助詞,一般,*,*,*,を,ヲ,ヲ
呼び	動詞,自立,*,*,五段・バ行,連用形,呼ぶ,ヨビ,ヨビ
集め	動詞,自立,*,*,一段,連用形,集める,アツメ,アツメ
て	助詞,接続助詞,*,*,*,*,て,テ,テ
，	記号,読点,*,*,*,*,，,，,，
その	連体詞,*,*,*,*,*,その,ソノ,ソノ
者	名詞,一般,*,*,*,*,者,モノ,モノ
たち	名詞,接尾,一般,*,*,*,たち,タチ,タチ
に	助詞,格助詞,一般,*,*,*,に,ニ,ニ
こう	副詞,助詞類接続,*,*,*,*,こう,コウ,コー
言っ	動詞,自立,*,*,五段・ワ行促音便,連用タ接続,言う,イッ,イッ
た	助動詞,*,*,*,特殊・タ,基本形,た,タ,タ
。	記号,句点,*,*,*,*,。,。,。
「	記号,括弧開,*,*,*,*,「,「,「
これら	名詞,代名詞,一般,*,*,*,これら,コレラ,コレラ
は	助詞,係助詞,*,*,*,*,は,ハ,ワ
，	記号,読点,*,*,*,*,，,，,，
[	名詞,サ変接続,*,*,*,*,*
わたし	名詞,代名詞,一般,*,*,*,わたし,ワタシ,ワタシ
たち	名詞,接尾,一般,*,*,*,たち,タチ,タチ
が	助詞,格助詞,一般,*,*,*,が,ガ,ガ
]	名詞,サ変接続,*,*,*,*,*
行なう	動詞,自立,*,*,五段・ワ行促音便,基本形,行なう,オコナウ,オコナウ
よう	名詞,非自立,助動詞語幹,*,*,*,よう,ヨウ,ヨー
に	助詞,副詞化,*,*,*,*,に,ニ,ニ
と	助詞,格助詞,引用,*,*,*,と,ト,ト
エホバ	名詞,一般,*,*,*,*,エホバ,エホバ,エホバ
が	助詞,格助詞,一般,*,*,*,が,ガ,ガ
お	接頭詞,名詞接続,*,*,*,*,お,オ,オ
命じ	動詞,自立,*,*,一段,連用形,命じる,メイジ,メイジ
に	助詞,格助詞,一般,*,*,*,に,ニ,ニ
なっ	動詞,自立,*,*,五段・ラ行,連用タ接続,なる,ナッ,ナッ
た	助動詞,*,*,*,特殊・タ,基本形,た,タ,タ
言葉	名詞,一般,*,*,*,*,言葉,コトバ,コトバ
です	助動詞,*,*,*,特殊・デス,基本形,です,デス,デス
。	記号,句点,*,*,*,*,。,。,。
六	名詞,数,*,*,*,*,六,ロク,ロク
日	名詞,接尾,助数詞,*,*,*,日,ニチ,ニチ
の	助詞,連体化,*,*,*,*,の,ノ,ノ
あいだ	名詞,固有名詞,地域,一般,*,*,あいだ,アイダ,アイダ
仕事	名詞,サ変接続,*,*,*,*,仕事,シゴト,シゴト
を	助詞,格助詞,一般,*,*,*,を,ヲ,ヲ
し	動詞,自立,*,*,サ変・スル,連用形,する,シ,シ
て	助詞,接続助詞,*,*,*,*,て,テ,テ
よい	形容詞,非自立,*,*,形容詞・アウオ段,基本形,よい,ヨイ,ヨイ
。	記号,句点,*,*,*,*,。,。,。
しかし	接続詞,*,*,*,*,*,しかし,シカシ,シカシ
七	名詞,数,*,*,*,*,七,ナナ,ナナ
日	名詞,接尾,助数詞,*,*,*,日,ニチ,ニチ
目	名詞,接尾,一般,*,*,*,目,メ,メ
は	助詞,係助詞,*,*,*,*,は,ハ,ワ
，	記号,読点,*,*,*,*,，,，,，
あなた	名詞,代名詞,一般,*,*,*,あなた,アナタ,アナタ
方	名詞,接尾,一般,*,*,*,方,カタ,カタ
にとって	助詞,格助詞,連語,*,*,*,にとって,ニトッテ,ニトッテ
聖なる	連体詞,*,*,*,*,*,聖なる,セイナル,セイナル
もの	名詞,非自立,一般,*,*,*,もの,モノ,モノ
，	記号,読点,*,*,*,*,，,，,，
エホバ	名詞,一般,*,*,*,*,エホバ,エホバ,エホバ
に対する	助詞,格助詞,連語,*,*,*,に対する,ニタイスル,ニタイスル
全	接頭詞,名詞接続,*,*,*,*,全,ゼン,ゼン
き	動詞,自立,*,*,カ変・クル,連用形,くる,キ,キ
休み	名詞,一般,*,*,*,*,休み,ヤスミ,ヤスミ
の	助詞,連体化,*,*,*,*,の,ノ,ノ
安息	名詞,サ変接続,*,*,*,*,安息,アンソク,アンソク
と	助詞,格助詞,一般,*,*,*,と,ト,ト
なる	動詞,自立,*,*,五段・ラ行,基本形,なる,ナル,ナル
。	記号,句点,*,*,*,*,。,。,。
その	連体詞,*,*,*,*,*,その,ソノ,ソノ
日	名詞,非自立,副詞可能,*,*,*,日,ヒ,ヒ
に	助詞,格助詞,一般,*,*,*,に,ニ,ニ
仕事	名詞,サ変接続,*,*,*,*,仕事,シゴト,シゴト
を	助詞,格助詞,一般,*,*,*,を,ヲ,ヲ
する	動詞,自立,*,*,サ変・スル,基本形,する,スル,スル
者	名詞,非自立,一般,*,*,*,者,モノ,モノ
は	助詞,係助詞,*,*,*,*,は,ハ,ワ
すべて	名詞,副詞可能,*,*,*,*,すべて,スベテ,スベテ
死	名詞,接尾,サ変接続,*,*,*,死,シ,シ
に	助詞,格助詞,一般,*,*,*,に,ニ,ニ
処せ	動詞,自立,*,*,サ変・−スル,未然レル接続,処する,ショセ,ショセ
られる	動詞,接尾,*,*,一段,基本形,られる,ラレル,ラレル
。	記号,句点,*,*,*,*,。,。,。
安息日	名詞,一般,*,*,*,*,安息日,アンソクビ,アンソクビ
に	助詞,格助詞,一般,*,*,*,に,ニ,ニ
は	助詞,係助詞,*,*,*,*,は,ハ,ワ
，	記号,読点,*,*,*,*,，,，,，
あなた	名詞,代名詞,一般,*,*,*,あなた,アナタ,アナタ
方	名詞,接尾,一般,*,*,*,方,カタ,カタ
の	助詞,連体化,*,*,*,*,の,ノ,ノ
住まい	名詞,一般,*,*,*,*,住まい,スマイ,スマイ
の	助詞,連体化,*,*,*,*,の,ノ,ノ
どこ	名詞,代名詞,一般,*,*,*,どこ,ドコ,ドコ
において	助詞,格助詞,連語,*,*,*,において,ニオイテ,ニオイテ
も	助詞,係助詞,*,*,*,*,も,モ,モ
火	名詞,一般,*,*,*,*,火,ヒ,ヒ
を	助詞,格助詞,一般,*,*,*,を,ヲ,ヲ
たい	動詞,自立,*,*,五段・カ行イ音便,連用タ接続,たく,タイ,タイ
て	助詞,接続助詞,*,*,*,*,て,テ,テ
は	助詞,係助詞,*,*,*,*,は,ハ,ワ
なら	動詞,非自立,*,*,五段・ラ行,未然形,なる,ナラ,ナラ
ない	助動詞,*,*,*,特殊・ナイ,基本形,ない,ナイ,ナイ
」	記号,括弧閉,*,*,*,*,」,」,」
。	記号,句点,*,*,*,*,。,。,。
モー	名詞,固有名詞,人名,姓,*,*,モー,モー,モー
セ	名詞,一般,*,*,*,*,セ,セ,セ
は	助詞,係助詞,*,*,*,*,は,ハ,ワ
イスラエル	名詞,固有名詞,地域,国,*,*,イスラエル,イスラエル,イスラエル
の	助詞,連体化,*,*,*,*,の,ノ,ノ
子	名詞,一般,*,*,*,*,子,コ,コ
ら	名詞,接尾,一般,*,*,*,ら,ラ,ラ
の	助詞,連体化,*,*,*,*,の,ノ,ノ
集会	名詞,サ変接続,*,*,*,*,集会,シュウカイ,シューカイ
全体	名詞,副詞可能,*,*,*,*,全体,ゼンタイ,ゼンタイ
に	助詞,格助詞,一般,*,*,*,に,ニ,ニ
向かっ	動詞,自立,*,*,五段・ワ行促音便,連用タ接続,向かう,ムカッ,ムカッ
て	助詞,接続助詞,*,*,*,*,て,テ,テ
さらに	副詞,助詞類接続,*,*,*,*,さらに,サラニ,サラニ
こう	副詞,助詞類接続,*,*,*,*,こう,コウ,コー
言っ	動詞,自立,*,*,五段・ワ行促音便,連用タ接続,言う,イッ,イッ
た	助動詞,*,*,*,特殊・タ,基本形,た,タ,タ
。	記号,句点,*,*,*,*,。,。,。
「	記号,括弧開,*,*,*,*,「,「,「
これ	名詞,代名詞,一般,*,*,*,これ,コレ,コレ
は	助詞,係助詞,*,*,*,*,は,ハ,ワ
エホバ	名詞,一般,*,*,*,*,エホバ,エホバ,エホバ
が	助詞,格助詞,一般,*,*,*,が,ガ,ガ
命じ	動詞,自立,*,*,一段,連用形,命じる,メイジ,メイジ
て	助詞,接続助詞,*,*,*,*,て,テ,テ
言わ	動詞,自立,*,*,五段・ワ行促音便,未然形,言う,イワ,イワ
れ	動詞,接尾,*,*,一段,連用形,れる,レ,レ
た	助動詞,*,*,*,特殊・タ,基本形,た,タ,タ
言葉	名詞,一般,*,*,*,*,言葉,コトバ,コトバ
です	助動詞,*,*,*,特殊・デス,基本形,です,デス,デス
。	記号,句点,*,*,*,*,。,。,。
『	記号,括弧開,*,*,*,*,『,『,『
あなた	名詞,代名詞,一般,*,*,*,あなた,アナタ,アナタ
方	名詞,接尾,一般,*,*,*,方,カタ,カタ
の	助詞,連体化,*,*,*,*,の,ノ,ノ
中	名詞,非自立,副詞可能,*,*,*,中,ナカ,ナカ
から	助詞,格助詞,一般,*,*,*,から,カラ,カラ
エホバ	名詞,一般,*,*,*,*,エホバ,エホバ,エホバ
の	助詞,連体化,*,*,*,*,の,ノ,ノ
ため	名詞,非自立,副詞可能,*,*,*,ため,タメ,タメ
の	助詞,連体化,*,*,*,*,の,ノ,ノ
寄進	名詞,サ変接続,*,*,*,*,寄進,キシン,キシン
物	名詞,接尾,一般,*,*,*,物,ブツ,ブツ
を	助詞,格助詞,一般,*,*,*,を,ヲ,ヲ
取り集め	動詞,自立,*,*,一段,連用形,取り集める,トリアツメ,トリアツメ
なさい	動詞,非自立,*,*,五段・ラ行特殊,命令ｉ,なさる,ナサイ,ナサイ
。	記号,句点,*,*,*,*,。,。,。
心から	副詞,助詞類接続,*,*,*,*,心から,ココロカラ,ココロカラ
進ん	動詞,自立,*,*,五段・マ行,連用タ接続,進む,ススン,ススン
で	助詞,接続助詞,*,*,*,*,で,デ,デ
行なう	動詞,自立,*,*,五段・ワ行促音便,基本形,行なう,オコナウ,オコナウ
者	名詞,非自立,一般,*,*,*,者,モノ,モノ
は	助詞,係助詞,*,*,*,*,は,ハ,ワ
皆	名詞,代名詞,一般,*,*,*,皆,ミナ,ミナ
，	記号,読点,*,*,*,*,，,，,，
それ	名詞,代名詞,一般,*,*,*,それ,ソレ,ソレ
を	助詞,格助詞,一般,*,*,*,を,ヲ,ヲ
エホバ	名詞,一般,*,*,*,*,エホバ,エホバ,エホバ
へ	助詞,格助詞,一般,*,*,*,へ,ヘ,エ
の	助詞,連体化,*,*,*,*,の,ノ,ノ
寄進	名詞,サ変接続,*,*,*,*,寄進,キシン,キシン
物	名詞,接尾,一般,*,*,*,物,ブツ,ブツ
として	助詞,格助詞,連語,*,*,*,として,トシテ,トシテ
携え	動詞,自立,*,*,一段,連用形,携える,タズサエ,タズサエ
て	助詞,接続助詞,*,*,*,*,て,テ,テ
来	動詞,非自立,*,*,カ変・来ル,連用形,来る,キ,キ
なさい	動詞,非自立,*,*,五段・ラ行特殊,命令ｉ,なさる,ナサイ,ナサイ
。	記号,句点,*,*,*,*,。,。,。
すなわち	接続詞,*,*,*,*,*,すなわち,スナワチ,スナワチ
，	記号,読点,*,*,*,*,，,，,，
金	名詞,固有名詞,人名,姓,*,*,金,キム,キム
，	記号,読点,*,*,*,*,，,，,，
銀	名詞,一般,*,*,*,*,銀,ギン,ギン
，	記号,読点,*,*,*,*,，,，,，
銅	名詞,一般,*,*,*,*,銅,ドウ,ドー
，	記号,読点,*,*,*,*,，,，,，
青	名詞,一般,*,*,*,*,青,アオ,アオ
糸	名詞,接尾,一般,*,*,*,糸,イト,イト
，	記号,読点,*,*,*,*,，,，,，
赤	名詞,一般,*,*,*,*,赤,アカ,アカ
紫	名詞,一般,*,*,*,*,紫,ムラサキ,ムラサキ
に	助詞,格助詞,一般,*,*,*,に,ニ,ニ
染め	動詞,自立,*,*,一段,連用形,染める,ソメ,ソメ
た	助動詞,*,*,*,特殊・タ,基本形,た,タ,タ
羊毛	名詞,一般,*,*,*,*,羊毛,ヨウモウ,ヨーモー
，	記号,読点,*,*,*,*,，,，,，
えんじ	動詞,自立,*,*,一段,連用形,えんじる,エンジ,エンジ
むし	名詞,一般,*,*,*,*,むし,ムシ,ムシ
緋色	名詞,一般,*,*,*,*,緋色,ヒイロ,ヒイロ
の	助詞,連体化,*,*,*,*,の,ノ,ノ
物	名詞,非自立,一般,*,*,*,物,モノ,モノ
，	記号,読点,*,*,*,*,，,，,，
上等	名詞,一般,*,*,*,*,上等,ジョウトウ,ジョートー
の	助詞,連体化,*,*,*,*,の,ノ,ノ
亜麻	名詞,一般,*,*,*,*,亜麻,アマ,アマ
，	記号,読点,*,*,*,*,，,，,，
やぎ	名詞,一般,*,*,*,*,やぎ,ヤギ,ヤギ
の	助詞,連体化,*,*,*,*,の,ノ,ノ
毛	名詞,一般,*,*,*,*,毛,ケ,ケ
，	記号,読点,*,*,*,*,，,，,，
赤く	形容詞,自立,*,*,形容詞・アウオ段,連用テ接続,赤い,アカク,アカク
染め	動詞,自立,*,*,一段,連用形,染める,ソメ,ソメ
た	助動詞,*,*,*,特殊・タ,基本形,た,タ,タ
雄	接頭詞,名詞接続,*,*,*,*,雄,オ,オ
羊	名詞,一般,*,*,*,*,羊,ヒツジ,ヒツジ
の	助詞,連体化,*,*,*,*,の,ノ,ノ
皮	名詞,一般,*,*,*,*,皮,カワ,カワ
，	記号,読点,*,*,*,*,，,，,，
あざらし	名詞,一般,*,*,*,*,あざらし,アザラシ,アザラシ
の	助詞,連体化,*,*,*,*,の,ノ,ノ
皮	名詞,一般,*,*,*,*,皮,カワ,カワ
，	記号,読点,*,*,*,*,，,，,，
アカシア	名詞,一般,*,*,*,*,アカシア,アカシア,アカシア
の	助詞,連体化,*,*,*,*,の,ノ,ノ
木	名詞,一般,*,*,*,*,木,キ,キ
，	記号,読点,*,*,*,*,，,，,，
明かり	名詞,一般,*,*,*,*,明かり,アカリ,アカリ
の	助詞,連体化,*,*,*,*,の,ノ,ノ
ため	名詞,非自立,副詞可能,*,*,*,ため,タメ,タメ
の	助詞,連体化,*,*,*,*,の,ノ,ノ
油	名詞,一般,*,*,*,*,油,アブラ,アブラ
，	記号,読点,*,*,*,*,，,，,，
そそぎ	動詞,自立,*,*,五段・ガ行,連用形,そそぐ,ソソギ,ソソギ
油	名詞,一般,*,*,*,*,油,アブラ,アブラ
および	接続詞,*,*,*,*,*,および,オヨビ,オヨビ
薫香	名詞,一般,*,*,*,*,薫香,クンコウ,クンコー
の	助詞,連体化,*,*,*,*,の,ノ,ノ
ため	名詞,非自立,副詞可能,*,*,*,ため,タメ,タメ
の	助詞,連体化,*,*,*,*,の,ノ,ノ
バルサム	名詞,一般,*,*,*,*,バルサム,バルサム,バルサム
油	名詞,接尾,一般,*,*,*,油,ユ,ユ
，	記号,読点,*,*,*,*,，,，,，
エフォド	名詞,一般,*,*,*,*,*
および	接続詞,*,*,*,*,*,および,オヨビ,オヨビ
胸	名詞,一般,*,*,*,*,胸,ムネ,ムネ
掛け	名詞,接尾,一般,*,*,*,掛け,カケ,カケ
の	助詞,連体化,*,*,*,*,の,ノ,ノ
ため	名詞,非自立,副詞可能,*,*,*,ため,タメ,タメ
の	助詞,連体化,*,*,*,*,の,ノ,ノ
しま	名詞,一般,*,*,*,*,しま,シマ,シマ
め	名詞,接尾,一般,*,*,*,め,メ,メ
のう	助詞,終助詞,*,*,*,*,のう,ノウ,ノー
と	助詞,格助詞,引用,*,*,*,と,ト,ト
はめ込み	動詞,自立,*,*,五段・マ行,連用形,はめ込む,ハメコミ,ハメコミ
石	名詞,接尾,一般,*,*,*,石,セキ,セキ
で	助動詞,*,*,*,特殊・ダ,連用形,だ,デ,デ
ある	助動詞,*,*,*,五段・ラ行アル,基本形,ある,アル,アル
。	記号,句点,*,*,*,*,。,。,。
「	記号,括弧開,*,*,*,*,「,「,「
『	記号,括弧開,*,*,*,*,『,『,『
そして	接続詞,*,*,*,*,*,そして,ソシテ,ソシテ
，	記号,読点,*,*,*,*,，,，,，
あなた	名詞,代名詞,一般,*,*,*,あなた,アナタ,アナタ
方	名詞,接尾,一般,*,*,*,方,カタ,カタ
の	助詞,連体化,*,*,*,*,の,ノ,ノ
うち	名詞,非自立,副詞可能,*,*,*,うち,ウチ,ウチ
心	名詞,一般,*,*,*,*,心,ココロ,ココロ
の	助詞,格助詞,一般,*,*,*,の,ノ,ノ
賢い	形容詞,自立,*,*,形容詞・アウオ段,基本形,賢い,カシコイ,カシコイ
者	名詞,非自立,一般,*,*,*,者,モノ,モノ
は	助詞,係助詞,*,*,*,*,は,ハ,ワ
皆	名詞,代名詞,一般,*,*,*,皆,ミナ,ミナ
，	記号,読点,*,*,*,*,，,，,，
来	動詞,自立,*,*,カ変・来ル,連用形,来る,キ,キ
て	助詞,接続助詞,*,*,*,*,て,テ,テ
，	記号,読点,*,*,*,*,，,，,，
エホバ	名詞,一般,*,*,*,*,エホバ,エホバ,エホバ
の	助詞,連体化,*,*,*,*,の,ノ,ノ
命じ	動詞,自立,*,*,一段,連用形,命じる,メイジ,メイジ
た	助動詞,*,*,*,特殊・タ,基本形,た,タ,タ
すべて	名詞,副詞可能,*,*,*,*,すべて,スベテ,スベテ
の	助詞,連体化,*,*,*,*,の,ノ,ノ
物	名詞,非自立,一般,*,*,*,物,モノ,モノ
を	助詞,格助詞,一般,*,*,*,を,ヲ,ヲ
造る	動詞,自立,*,*,五段・ラ行,基本形,造る,ツクル,ツクル
よう	名詞,非自立,助動詞語幹,*,*,*,よう,ヨウ,ヨー
に	助詞,格助詞,一般,*,*,*,に,ニ,ニ
。	記号,句点,*,*,*,*,。,。,。
すなわち	接続詞,*,*,*,*,*,すなわち,スナワチ,スナワチ
，	記号,読点,*,*,*,*,，,，,，
幕屋	名詞,一般,*,*,*,*,幕屋,マクヤ,マクヤ
，	記号,読点,*,*,*,*,，,，,，
その	連体詞,*,*,*,*,*,その,ソノ,ソノ
天幕	名詞,一般,*,*,*,*,天幕,テンマク,テンマク
と	助詞,格助詞,一般,*,*,*,と,ト,ト
覆い	動詞,自立,*,*,五段・ワ行促音便,連用形,覆う,オオイ,オオイ
，	記号,読点,*,*,*,*,，,，,，
その	連体詞,*,*,*,*,*,その,ソノ,ソノ
留め	名詞,一般,*,*,*,*,留め,トメ,トメ
金	名詞,接尾,一般,*,*,*,金,キン,キン
と	助詞,並立助詞,*,*,*,*,と,ト,ト
区切り	名詞,一般,*,*,*,*,区切り,クギリ,クギリ
枠	名詞,接尾,一般,*,*,*,枠,ワク,ワク
，	記号,読点,*,*,*,*,，,，,，
その	連体詞,*,*,*,*,*,その,ソノ,ソノ
横木	名詞,一般,*,*,*,*,横木,ヨコギ,ヨコギ
，	記号,読点,*,*,*,*,，,，,，
その	連体詞,*,*,*,*,*,その,ソノ,ソノ
柱	名詞,一般,*,*,*,*,柱,ハシラ,ハシラ
と	助詞,格助詞,引用,*,*,*,と,ト,ト
受け	動詞,自立,*,*,一段,連用形,受ける,ウケ,ウケ
台	名詞,接尾,一般,*,*,*,台,ダイ,ダイ
，	名詞,数,*,*,*,*,，,，,，
箱	名詞,接尾,助数詞,*,*,*,箱,ハコ,ハコ
と	助詞,格助詞,一般,*,*,*,と,ト,ト
その	連体詞,*,*,*,*,*,その,ソノ,ソノ
さ	副詞,助詞類接続,*,*,*,*,さ,サ,サ
お	接頭詞,名詞接続,*,*,*,*,お,オ,オ
，	記号,読点,*,*,*,*,，,，,，
覆い	名詞,一般,*,*,*,*,覆い,オオイ,オーイ
と	助詞,並立助詞,*,*,*,*,と,ト,ト
仕切り	名詞,一般,*,*,*,*,仕切り,シキリ,シキリ
の	助詞,連体化,*,*,*,*,の,ノ,ノ
垂れ幕	名詞,一般,*,*,*,*,垂れ幕,タレマク,タレマク
，	記号,読点,*,*,*,*,，,，,，
食卓	名詞,一般,*,*,*,*,食卓,ショクタク,ショクタク
および	接続詞,*,*,*,*,*,および,オヨビ,オヨビ
その	連体詞,*,*,*,*,*,その,ソノ,ソノ
さ	助詞,終助詞,*,*,*,*,さ,サ,サ
おと	名詞,一般,*,*,*,*,おと,オト,オト
すべて	名詞,副詞可能,*,*,*,*,すべて,スベテ,スベテ
の	助詞,連体化,*,*,*,*,の,ノ,ノ
器具	名詞,一般,*,*,*,*,器具,キグ,キグ
，	記号,読点,*,*,*,*,，,，,，
また	接続詞,*,*,*,*,*,また,マタ,マタ
供え	名詞,一般,*,*,*,*,供え,ソナエ,ソナエ
の	助詞,連体化,*,*,*,*,の,ノ,ノ
パン	名詞,一般,*,*,*,*,パン,パン,パン
，	記号,読点,*,*,*,*,，,，,，
明かり	名詞,一般,*,*,*,*,明かり,アカリ,アカリ
の	助詞,連体化,*,*,*,*,の,ノ,ノ
燭台	名詞,一般,*,*,*,*,燭台,ショクダイ,ショクダイ
，	記号,読点,*,*,*,*,，,，,，
および	接続詞,*,*,*,*,*,および,オヨビ,オヨビ
その	連体詞,*,*,*,*,*,その,ソノ,ソノ
器具	名詞,一般,*,*,*,*,器具,キグ,キグ
と	助詞,格助詞,引用,*,*,*,と,ト,ト
ともし	動詞,自立,*,*,五段・サ行,連用形,ともす,トモシ,トモシ
び	名詞,一般,*,*,*,*,*
皿	名詞,一般,*,*,*,*,皿,サラ,サラ
と	助詞,並立助詞,*,*,*,*,と,ト,ト
明かり	名詞,一般,*,*,*,*,明かり,アカリ,アカリ
の	助詞,連体化,*,*,*,*,の,ノ,ノ
ため	名詞,非自立,副詞可能,*,*,*,ため,タメ,タメ
の	助詞,連体化,*,*,*,*,の,ノ,ノ
油	名詞,一般,*,*,*,*,油,アブラ,アブラ
，	記号,読点,*,*,*,*,，,，,，
香	名詞,一般,*,*,*,*,香,コウ,コー
の	助詞,連体化,*,*,*,*,の,ノ,ノ
祭壇	名詞,一般,*,*,*,*,祭壇,サイダン,サイダン
と	助詞,格助詞,一般,*,*,*,と,ト,ト
その	連体詞,*,*,*,*,*,その,ソノ,ソノ
さ	副詞,助詞類接続,*,*,*,*,さ,サ,サ
お	接頭詞,名詞接続,*,*,*,*,お,オ,オ
，	記号,読点,*,*,*,*,，,，,，
そそぎ	動詞,自立,*,*,五段・ガ行,連用形,そそぐ,ソソギ,ソソギ
油	名詞,一般,*,*,*,*,油,アブラ,アブラ
と	助詞,並立助詞,*,*,*,*,と,ト,ト
薫香	名詞,一般,*,*,*,*,薫香,クンコウ,クンコー
，	記号,読点,*,*,*,*,，,，,，
幕屋	名詞,一般,*,*,*,*,幕屋,マクヤ,マクヤ
の	助詞,連体化,*,*,*,*,の,ノ,ノ
入口	名詞,一般,*,*,*,*,入口,イリグチ,イリグチ
の	助詞,連体化,*,*,*,*,の,ノ,ノ
ため	名詞,非自立,副詞可能,*,*,*,ため,タメ,タメ
の	助詞,連体化,*,*,*,*,の,ノ,ノ
入口	名詞,一般,*,*,*,*,入口,イリグチ,イリグチ
の	助詞,連体化,*,*,*,*,の,ノ,ノ
仕切り	名詞,一般,*,*,*,*,仕切り,シキリ,シキリ
幕	名詞,一般,*,*,*,*,幕,マク,マク
，	記号,読点,*,*,*,*,，,，,，
焼	接頭詞,名詞接続,*,*,*,*,焼,ショウ,ショー
燔	名詞,一般,*,*,*,*,*
の	助詞,連体化,*,*,*,*,の,ノ,ノ
捧げ	動詞,自立,*,*,一段,連用形,捧げる,ササゲ,ササゲ
物	名詞,接尾,一般,*,*,*,物,ブツ,ブツ
の	助詞,連体化,*,*,*,*,の,ノ,ノ
祭壇	名詞,一般,*,*,*,*,祭壇,サイダン,サイダン
と	助詞,格助詞,一般,*,*,*,と,ト,ト
その	連体詞,*,*,*,*,*,その,ソノ,ソノ
ため	名詞,非自立,副詞可能,*,*,*,ため,タメ,タメ
の	助詞,連体化,*,*,*,*,の,ノ,ノ
銅	名詞,一般,*,*,*,*,銅,ドウ,ドー
の	助詞,連体化,*,*,*,*,の,ノ,ノ
格子	名詞,一般,*,*,*,*,格子,コウシ,コーシ
，	記号,読点,*,*,*,*,，,，,，
その	連体詞,*,*,*,*,*,その,ソノ,ソノ
さ	助詞,終助詞,*,*,*,*,さ,サ,サ
おと	名詞,一般,*,*,*,*,おと,オト,オト
すべて	名詞,副詞可能,*,*,*,*,すべて,スベテ,スベテ
の	助詞,連体化,*,*,*,*,の,ノ,ノ
器具	名詞,一般,*,*,*,*,器具,キグ,キグ
，	記号,読点,*,*,*,*,，,，,，
水盤	名詞,一般,*,*,*,*,水盤,スイバン,スイバン
と	助詞,格助詞,一般,*,*,*,と,ト,ト
その	連体詞,*,*,*,*,*,その,ソノ,ソノ
台	名詞,一般,*,*,*,*,台,ダイ,ダイ
，	記号,読点,*,*,*,*,，,，,，
中庭	名詞,一般,*,*,*,*,中庭,ナカニワ,ナカニワ
の	助詞,連体化,*,*,*,*,の,ノ,ノ
掛け	名詞,一般,*,*,*,*,掛け,カケ,カケ
布	名詞,一般,*,*,*,*,布,ヌノ,ヌノ
，	記号,読点,*,*,*,*,，,，,，
その	連体詞,*,*,*,*,*,その,ソノ,ソノ
柱	名詞,一般,*,*,*,*,柱,ハシラ,ハシラ
と	助詞,格助詞,引用,*,*,*,と,ト,ト
受け	動詞,自立,*,*,一段,連用形,受ける,ウケ,ウケ
台	名詞,接尾,一般,*,*,*,台,ダイ,ダイ
，	記号,読点,*,*,*,*,，,，,，
中庭	名詞,一般,*,*,*,*,中庭,ナカニワ,ナカニワ
の	助詞,連体化,*,*,*,*,の,ノ,ノ
門	名詞,一般,*,*,*,*,門,モン,モン
の	助詞,連体化,*,*,*,*,の,ノ,ノ
仕切り	名詞,一般,*,*,*,*,仕切り,シキリ,シキリ
幕	名詞,一般,*,*,*,*,幕,マク,マク
，	記号,読点,*,*,*,*,，,，,，
幕屋	名詞,一般,*,*,*,*,幕屋,マクヤ,マクヤ
の	助詞,連体化,*,*,*,*,の,ノ,ノ
天幕	名詞,一般,*,*,*,*,天幕,テンマク,テンマク
用	名詞,接尾,一般,*,*,*,用,ヨウ,ヨー
留め	名詞,一般,*,*,*,*,留め,トメ,トメ
杭	名詞,一般,*,*,*,*,杭,クイ,クイ
と	助詞,並立助詞,*,*,*,*,と,ト,ト
中庭	名詞,一般,*,*,*,*,中庭,ナカニワ,ナカニワ
の	助詞,連体化,*,*,*,*,の,ノ,ノ
天幕	名詞,一般,*,*,*,*,天幕,テンマク,テンマク
用	名詞,接尾,一般,*,*,*,用,ヨウ,ヨー
留め	名詞,一般,*,*,*,*,留め,トメ,トメ
杭	名詞,一般,*,*,*,*,杭,クイ,クイ
，	記号,読点,*,*,*,*,，,，,，
および	接続詞,*,*,*,*,*,および,オヨビ,オヨビ
その	連体詞,*,*,*,*,*,その,ソノ,ソノ
細	形容詞,自立,*,*,形容詞・アウオ段,ガル接続,細い,ホソ,ホソ
綱	名詞,固有名詞,人名,名,*,*,綱,ツナ,ツナ
，	記号,読点,*,*,*,*,，,，,，
聖なる	連体詞,*,*,*,*,*,聖なる,セイナル,セイナル
所	名詞,非自立,副詞可能,*,*,*,所,トコロ,トコロ
で	助詞,格助詞,一般,*,*,*,で,デ,デ
の	助詞,連体化,*,*,*,*,の,ノ,ノ
奉仕	名詞,サ変接続,*,*,*,*,奉仕,ホウシ,ホーシ
の	助詞,連体化,*,*,*,*,の,ノ,ノ
ため	名詞,非自立,副詞可能,*,*,*,ため,タメ,タメ
の	助詞,連体化,*,*,*,*,の,ノ,ノ
編み物	名詞,一般,*,*,*,*,編み物,アミモノ,アミモノ
細工	名詞,接尾,一般,*,*,*,細工,ザイク,ザイク
の	助詞,連体化,*,*,*,*,の,ノ,ノ
衣	名詞,一般,*,*,*,*,衣,コロモ,コロモ
，	記号,読点,*,*,*,*,，,，,，
祭司	名詞,一般,*,*,*,*,祭司,サイシ,サイシ
アロン	名詞,一般,*,*,*,*,アロン,アロン,アロン
の	助詞,連体化,*,*,*,*,の,ノ,ノ
ため	名詞,非自立,副詞可能,*,*,*,ため,タメ,タメ
の	助詞,連体化,*,*,*,*,の,ノ,ノ
聖なる	連体詞,*,*,*,*,*,聖なる,セイナル,セイナル
衣	名詞,一般,*,*,*,*,衣,コロモ,コロモ
と	助詞,並立助詞,*,*,*,*,と,ト,ト
，	記号,読点,*,*,*,*,，,，,，
祭司	名詞,一般,*,*,*,*,祭司,サイシ,サイシ
の	助詞,連体化,*,*,*,*,の,ノ,ノ
務め	名詞,一般,*,*,*,*,務め,ツトメ,ツトメ
を	助詞,格助詞,一般,*,*,*,を,ヲ,ヲ
行なう	動詞,自立,*,*,五段・ワ行促音便,基本形,行なう,オコナウ,オコナウ
ため	名詞,非自立,副詞可能,*,*,*,ため,タメ,タメ
の	助詞,連体化,*,*,*,*,の,ノ,ノ
その	連体詞,*,*,*,*,*,その,ソノ,ソノ
子	名詞,一般,*,*,*,*,子,コ,コ
ら	名詞,接尾,一般,*,*,*,ら,ラ,ラ
の	助詞,連体化,*,*,*,*,の,ノ,ノ
衣	名詞,一般,*,*,*,*,衣,コロモ,コロモ
で	助動詞,*,*,*,特殊・ダ,連用形,だ,デ,デ
ある	助動詞,*,*,*,五段・ラ行アル,基本形,ある,アル,アル
』	記号,括弧閉,*,*,*,*,』,』,』
」	記号,括弧閉,*,*,*,*,」,」,」
。	記号,句点,*,*,*,*,。,。,。
そこで	接続詞,*,*,*,*,*,そこで,ソコデ,ソコデ
，	記号,読点,*,*,*,*,，,，,，
イスラエル	名詞,固有名詞,地域,国,*,*,イスラエル,イスラエル,イスラエル
の	助詞,連体化,*,*,*,*,の,ノ,ノ
子	名詞,一般,*,*,*,*,子,コ,コ
ら	名詞,接尾,一般,*,*,*,ら,ラ,ラ
の	助詞,連体化,*,*,*,*,の,ノ,ノ
集会	名詞,サ変接続,*,*,*,*,集会,シュウカイ,シューカイ
の	助詞,連体化,*,*,*,*,の,ノ,ノ
全員	名詞,一般,*,*,*,*,全員,ゼンイン,ゼンイン
は	助詞,係助詞,*,*,*,*,は,ハ,ワ
モー	名詞,固有名詞,人名,姓,*,*,モー,モー,モー
セ	名詞,一般,*,*,*,*,セ,セ,セ
の	助詞,連体化,*,*,*,*,の,ノ,ノ
前	名詞,副詞可能,*,*,*,*,前,マエ,マエ
から	助詞,格助詞,一般,*,*,*,から,カラ,カラ
出	動詞,自立,*,*,一段,連用形,出る,デ,デ
て	助詞,接続助詞,*,*,*,*,て,テ,テ
行っ	動詞,非自立,*,*,五段・カ行促音便,連用タ接続,行く,イッ,イッ
た	助動詞,*,*,*,特殊・タ,基本形,た,タ,タ
。	記号,句点,*,*,*,*,。,。,。
その	連体詞,*,*,*,*,*,その,ソノ,ソノ
のち	名詞,非自立,副詞可能,*,*,*,のち,ノチ,ノチ
彼ら	名詞,代名詞,一般,*,*,*,彼ら,カレラ,カレラ
，	記号,読点,*,*,*,*,，,，,，
すべて	名詞,副詞可能,*,*,*,*,すべて,スベテ,スベテ
その	連体詞,*,*,*,*,*,その,ソノ,ソノ
心	名詞,一般,*,*,*,*,心,ココロ,ココロ
に	助詞,格助詞,一般,*,*,*,に,ニ,ニ
促さ	動詞,自立,*,*,五段・サ行,未然形,促す,ウナガサ,ウナガサ
れ	動詞,接尾,*,*,一段,連用形,れる,レ,レ
た	助動詞,*,*,*,特殊・タ,基本形,た,タ,タ
者	名詞,一般,*,*,*,*,者,モノ,モノ
たち	名詞,接尾,一般,*,*,*,たち,タチ,タチ
が	助詞,格助詞,一般,*,*,*,が,ガ,ガ
やって来	動詞,自立,*,*,カ変・来ル,連用形,やって来る,ヤッテキ,ヤッテキ
た	助動詞,*,*,*,特殊・タ,基本形,た,タ,タ
。	記号,句点,*,*,*,*,。,。,。
すべて	名詞,副詞可能,*,*,*,*,すべて,スベテ,スベテ
その	連体詞,*,*,*,*,*,その,ソノ,ソノ
霊	名詞,一般,*,*,*,*,霊,レイ,レイ
に	助詞,格助詞,一般,*,*,*,に,ニ,ニ
鼓舞	名詞,サ変接続,*,*,*,*,鼓舞,コブ,コブ
さ	動詞,自立,*,*,サ変・スル,未然レル接続,する,サ,サ
れ	動詞,接尾,*,*,一段,連用形,れる,レ,レ
た	助動詞,*,*,*,特殊・タ,基本形,た,タ,タ
者	名詞,一般,*,*,*,*,者,モノ,モノ
たち	名詞,接尾,一般,*,*,*,たち,タチ,タチ
が	助詞,格助詞,一般,*,*,*,が,ガ,ガ
，	記号,読点,*,*,*,*,，,，,，
会見	名詞,サ変接続,*,*,*,*,会見,カイケン,カイケン
の	助詞,連体化,*,*,*,*,の,ノ,ノ
天幕	名詞,一般,*,*,*,*,天幕,テンマク,テンマク
の	助詞,連体化,*,*,*,*,の,ノ,ノ
仕事	名詞,サ変接続,*,*,*,*,仕事,シゴト,シゴト
の	助詞,連体化,*,*,*,*,の,ノ,ノ
ため	名詞,非自立,副詞可能,*,*,*,ため,タメ,タメ
，	記号,読点,*,*,*,*,，,，,，
また	接続詞,*,*,*,*,*,また,マタ,マタ
その	連体詞,*,*,*,*,*,その,ソノ,ソノ
すべて	名詞,副詞可能,*,*,*,*,すべて,スベテ,スベテ
の	助詞,連体化,*,*,*,*,の,ノ,ノ
奉仕	名詞,サ変接続,*,*,*,*,奉仕,ホウシ,ホーシ
と	助詞,格助詞,一般,*,*,*,と,ト,ト
聖なる	連体詞,*,*,*,*,*,聖なる,セイナル,セイナル
衣	名詞,一般,*,*,*,*,衣,コロモ,コロモ
の	助詞,連体化,*,*,*,*,の,ノ,ノ
ため	名詞,非自立,副詞可能,*,*,*,ため,タメ,タメ
の	助詞,連体化,*,*,*,*,の,ノ,ノ
，	記号,読点,*,*,*,*,，,，,，
エホバ	名詞,一般,*,*,*,*,エホバ,エホバ,エホバ
へ	助詞,格助詞,一般,*,*,*,へ,ヘ,エ
の	助詞,連体化,*,*,*,*,の,ノ,ノ
寄進	名詞,サ変接続,*,*,*,*,寄進,キシン,キシン
物	名詞,接尾,一般,*,*,*,物,ブツ,ブツ
を	助詞,格助詞,一般,*,*,*,を,ヲ,ヲ
携え	動詞,自立,*,*,一段,連用形,携える,タズサエ,タズサエ
て	助詞,接続助詞,*,*,*,*,て,テ,テ
来	動詞,非自立,*,*,カ変・来ル,連用形,来る,キ,キ
た	助動詞,*,*,*,特殊・タ,基本形,た,タ,タ
。	記号,句点,*,*,*,*,。,。,。
そして	接続詞,*,*,*,*,*,そして,ソシテ,ソシテ
男	名詞,一般,*,*,*,*,男,オトコ,オトコ
たち	名詞,接尾,一般,*,*,*,たち,タチ,タチ
，	記号,読点,*,*,*,*,，,，,，
また	接続詞,*,*,*,*,*,また,マタ,マタ
女	名詞,一般,*,*,*,*,女,オンナ,オンナ
たち	名詞,接尾,一般,*,*,*,たち,タチ,タチ
も	助詞,係助詞,*,*,*,*,も,モ,モ
，	記号,読点,*,*,*,*,，,，,，
すべて	名詞,副詞可能,*,*,*,*,すべて,スベテ,スベテ
心から	副詞,助詞類接続,*,*,*,*,心から,ココロカラ,ココロカラ
進ん	動詞,自立,*,*,五段・マ行,連用タ接続,進む,ススン,ススン
で	助詞,接続助詞,*,*,*,*,で,デ,デ
行なう	動詞,自立,*,*,五段・ワ行促音便,基本形,行なう,オコナウ,オコナウ
者	名詞,一般,*,*,*,*,者,モノ,モノ
たち	名詞,接尾,一般,*,*,*,たち,タチ,タチ
が	助詞,格助詞,一般,*,*,*,が,ガ,ガ
次々	副詞,助詞類接続,*,*,*,*,次々,ツギツギ,ツギツギ
に	助詞,副詞化,*,*,*,*,に,ニ,ニ
やって来	動詞,自立,*,*,カ変・来ル,連用形,やって来る,ヤッテキ,ヤッテキ
た	助動詞,*,*,*,特殊・タ,基本形,た,タ,タ
。	記号,句点,*,*,*,*,。,。,。
彼ら	名詞,代名詞,一般,*,*,*,彼ら,カレラ,カレラ
は	助詞,係助詞,*,*,*,*,は,ハ,ワ
，	記号,読点,*,*,*,*,，,，,，
ブローチ	名詞,一般,*,*,*,*,ブローチ,ブローチ,ブローチ
，	記号,読点,*,*,*,*,，,，,，
耳輪	名詞,一般,*,*,*,*,耳輪,ミミワ,ミミワ
，	名詞,数,*,*,*,*,，,，,，
輪	名詞,接尾,助数詞,*,*,*,輪,リン,リン
，	記号,読点,*,*,*,*,，,，,，
婦人	名詞,一般,*,*,*,*,婦人,フジン,フジン
の	助詞,連体化,*,*,*,*,の,ノ,ノ
飾り	動詞,自立,*,*,五段・ラ行,連用形,飾る,カザリ,カザリ
，	記号,読点,*,*,*,*,，,，,，
あらゆる	連体詞,*,*,*,*,*,あらゆる,アラユル,アラユル
金	名詞,一般,*,*,*,*,金,キン,キン
の	助詞,連体化,*,*,*,*,の,ノ,ノ
品	名詞,一般,*,*,*,*,品,シナ,シナ
を	助詞,格助詞,一般,*,*,*,を,ヲ,ヲ
携え	動詞,自立,*,*,一段,連用形,携える,タズサエ,タズサエ
て	助詞,接続助詞,*,*,*,*,て,テ,テ
来	動詞,非自立,*,*,カ変・来ル,連用形,来る,キ,キ
た	助動詞,*,*,*,特殊・タ,基本形,た,タ,タ
。	記号,句点,*,*,*,*,。,。,。
すなわち	接続詞,*,*,*,*,*,すなわち,スナワチ,スナワチ
，	記号,読点,*,*,*,*,，,，,，
すべて	名詞,副詞可能,*,*,*,*,すべて,スベテ,スベテ
振	動詞,自立,*,*,五段・ラ行,体言接続特殊２,振る,フ,フ
揺	名詞,固有名詞,人名,名,*,*,揺,ユラ,ユラ
の	助詞,連体化,*,*,*,*,の,ノ,ノ
捧げ	動詞,自立,*,*,一段,連用形,捧げる,ササゲ,ササゲ
物	名詞,接尾,一般,*,*,*,物,ブツ,ブツ
として	助詞,格助詞,連語,*,*,*,として,トシテ,トシテ
の	助詞,連体化,*,*,*,*,の,ノ,ノ
金	名詞,一般,*,*,*,*,金,キン,キン
を	助詞,格助詞,一般,*,*,*,を,ヲ,ヲ
エホバ	名詞,一般,*,*,*,*,エホバ,エホバ,エホバ
に	助詞,格助詞,一般,*,*,*,に,ニ,ニ
ささげる	動詞,自立,*,*,一段,基本形,ささげる,ササゲル,ササゲル
者	名詞,一般,*,*,*,*,者,モノ,モノ
たち	名詞,接尾,一般,*,*,*,たち,タチ,タチ
で	助動詞,*,*,*,特殊・ダ,連用形,だ,デ,デ
あっ	助動詞,*,*,*,五段・ラ行アル,連用タ接続,ある,アッ,アッ
た	助動詞,*,*,*,特殊・タ,基本形,た,タ,タ
。	記号,句点,*,*,*,*,。,。,。
また	接続詞,*,*,*,*,*,また,マタ,マタ
，	記号,読点,*,*,*,*,，,，,，
青	名詞,一般,*,*,*,*,青,アオ,アオ
糸	名詞,接尾,一般,*,*,*,糸,イト,イト
，	記号,読点,*,*,*,*,，,，,，
赤	名詞,一般,*,*,*,*,赤,アカ,アカ
紫	名詞,一般,*,*,*,*,紫,ムラサキ,ムラサキ
に	助詞,格助詞,一般,*,*,*,に,ニ,ニ
染め	動詞,自立,*,*,一段,連用形,染める,ソメ,ソメ
た	助動詞,*,*,*,特殊・タ,基本形,た,タ,タ
羊毛	名詞,一般,*,*,*,*,羊毛,ヨウモウ,ヨーモー
，	記号,読点,*,*,*,*,，,，,，
えんじ	動詞,自立,*,*,一段,連用形,えんじる,エンジ,エンジ
むし	名詞,一般,*,*,*,*,むし,ムシ,ムシ
緋色	名詞,一般,*,*,*,*,緋色,ヒイロ,ヒイロ
の	助詞,連体化,*,*,*,*,の,ノ,ノ
物	名詞,非自立,一般,*,*,*,物,モノ,モノ
，	記号,読点,*,*,*,*,，,，,，
上等	名詞,一般,*,*,*,*,上等,ジョウトウ,ジョートー
の	助詞,連体化,*,*,*,*,の,ノ,ノ
亜麻	名詞,一般,*,*,*,*,亜麻,アマ,アマ
，	記号,読点,*,*,*,*,，,，,，
やぎ	名詞,一般,*,*,*,*,やぎ,ヤギ,ヤギ
の	助詞,連体化,*,*,*,*,の,ノ,ノ
毛	名詞,一般,*,*,*,*,毛,ケ,ケ
，	記号,読点,*,*,*,*,，,，,，
赤く	形容詞,自立,*,*,形容詞・アウオ段,連用テ接続,赤い,アカク,アカク
染め	動詞,自立,*,*,一段,連用形,染める,ソメ,ソメ
た	助動詞,*,*,*,特殊・タ,基本形,た,タ,タ
雄	接頭詞,名詞接続,*,*,*,*,雄,オ,オ
羊	名詞,一般,*,*,*,*,羊,ヒツジ,ヒツジ
の	助詞,連体化,*,*,*,*,の,ノ,ノ
皮	名詞,一般,*,*,*,*,皮,カワ,カワ
，	記号,読点,*,*,*,*,，,，,，
あざらし	名詞,一般,*,*,*,*,あざらし,アザラシ,アザラシ
の	助詞,連体化,*,*,*,*,の,ノ,ノ
皮	名詞,一般,*,*,*,*,皮,カワ,カワ
の	助詞,格助詞,一般,*,*,*,の,ノ,ノ
あっ	動詞,自立,*,*,五段・ラ行,連用タ接続,ある,アッ,アッ
た	助動詞,*,*,*,特殊・タ,基本形,た,タ,タ
者	名詞,非自立,一般,*,*,*,者,モノ,モノ
は	助詞,係助詞,*,*,*,*,は,ハ,ワ
皆	名詞,代名詞,一般,*,*,*,皆,ミナ,ミナ
それ	名詞,代名詞,一般,*,*,*,それ,ソレ,ソレ
を	助詞,格助詞,一般,*,*,*,を,ヲ,ヲ
携え	動詞,自立,*,*,一段,連用形,携える,タズサエ,タズサエ
て	助詞,接続助詞,*,*,*,*,て,テ,テ
来	動詞,非自立,*,*,カ変・来ル,連用形,来る,キ,キ
た	助動詞,*,*,*,特殊・タ,基本形,た,タ,タ
。	記号,句点,*,*,*,*,。,。,。
銀	名詞,一般,*,*,*,*,銀,ギン,ギン
や	助詞,並立助詞,*,*,*,*,や,ヤ,ヤ
銅	名詞,一般,*,*,*,*,銅,ドウ,ドー
の	助詞,連体化,*,*,*,*,の,ノ,ノ
寄進	名詞,サ変接続,*,*,*,*,寄進,キシン,キシン
物	名詞,接尾,一般,*,*,*,物,ブツ,ブツ
を	助詞,格助詞,一般,*,*,*,を,ヲ,ヲ
寄進	名詞,サ変接続,*,*,*,*,寄進,キシン,キシン
する	動詞,自立,*,*,サ変・スル,基本形,する,スル,スル
者	名詞,非自立,一般,*,*,*,者,モノ,モノ
も	助詞,係助詞,*,*,*,*,も,モ,モ
皆	接頭詞,名詞接続,*,*,*,*,皆,カイ,カイ
エホバ	名詞,一般,*,*,*,*,エホバ,エホバ,エホバ
へ	助詞,格助詞,一般,*,*,*,へ,ヘ,エ
の	助詞,連体化,*,*,*,*,の,ノ,ノ
寄進	名詞,サ変接続,*,*,*,*,寄進,キシン,キシン
物	名詞,接尾,一般,*,*,*,物,ブツ,ブツ
を	助詞,格助詞,一般,*,*,*,を,ヲ,ヲ
携え	動詞,自立,*,*,一段,連用形,携える,タズサエ,タズサエ
，	記号,読点,*,*,*,*,，,，,，
奉仕	名詞,サ変接続,*,*,*,*,奉仕,ホウシ,ホーシ
の	助詞,連体化,*,*,*,*,の,ノ,ノ
すべて	名詞,副詞可能,*,*,*,*,すべて,スベテ,スベテ
の	助詞,連体化,*,*,*,*,の,ノ,ノ
仕事	名詞,サ変接続,*,*,*,*,仕事,シゴト,シゴト
に	助詞,格助詞,一般,*,*,*,に,ニ,ニ
用いる	動詞,自立,*,*,一段,基本形,用いる,モチイル,モチイル
アカシア	名詞,一般,*,*,*,*,アカシア,アカシア,アカシア
材	名詞,接尾,一般,*,*,*,材,ザイ,ザイ
の	助詞,格助詞,一般,*,*,*,の,ノ,ノ
あっ	動詞,自立,*,*,五段・ラ行,連用タ接続,ある,アッ,アッ
た	助動詞,*,*,*,特殊・タ,基本形,た,タ,タ
者	名詞,非自立,一般,*,*,*,者,モノ,モノ
は	助詞,係助詞,*,*,*,*,は,ハ,ワ
皆	名詞,代名詞,一般,*,*,*,皆,ミナ,ミナ
それ	名詞,代名詞,一般,*,*,*,それ,ソレ,ソレ
を	助詞,格助詞,一般,*,*,*,を,ヲ,ヲ
携え	動詞,自立,*,*,一段,連用形,携える,タズサエ,タズサエ
て	助詞,接続助詞,*,*,*,*,て,テ,テ
来	動詞,非自立,*,*,カ変・来ル,連用形,来る,キ,キ
た	助動詞,*,*,*,特殊・タ,基本形,た,タ,タ
。	記号,句点,*,*,*,*,。,。,。
さらに	副詞,助詞類接続,*,*,*,*,さらに,サラニ,サラニ
，	記号,読点,*,*,*,*,，,，,，
心	名詞,一般,*,*,*,*,心,ココロ,ココロ
の	助詞,格助詞,一般,*,*,*,の,ノ,ノ
賢い	形容詞,自立,*,*,形容詞・アウオ段,基本形,賢い,カシコイ,カシコイ
女	名詞,一般,*,*,*,*,女,オンナ,オンナ
たち	名詞,接尾,一般,*,*,*,たち,タチ,タチ
は	助詞,係助詞,*,*,*,*,は,ハ,ワ
皆	名詞,代名詞,一般,*,*,*,皆,ミナ,ミナ
その	連体詞,*,*,*,*,*,その,ソノ,ソノ
手	名詞,一般,*,*,*,*,手,テ,テ
で	助詞,格助詞,一般,*,*,*,で,デ,デ
糸	名詞,一般,*,*,*,*,糸,イト,イト
を	助詞,格助詞,一般,*,*,*,を,ヲ,ヲ
紡ぎ	動詞,自立,*,*,五段・ガ行,連用形,紡ぐ,ツムギ,ツムギ
，	記号,読点,*,*,*,*,，,，,，
青	名詞,一般,*,*,*,*,青,アオ,アオ
糸	名詞,接尾,一般,*,*,*,糸,イト,イト
，	記号,読点,*,*,*,*,，,，,，
赤	名詞,一般,*,*,*,*,赤,アカ,アカ
紫	名詞,一般,*,*,*,*,紫,ムラサキ,ムラサキ
に	助詞,格助詞,一般,*,*,*,に,ニ,ニ
染め	動詞,自立,*,*,一段,連用形,染める,ソメ,ソメ
た	助動詞,*,*,*,特殊・タ,基本形,た,タ,タ
羊毛	名詞,一般,*,*,*,*,羊毛,ヨウモウ,ヨーモー
，	記号,読点,*,*,*,*,，,，,，
えんじ	動詞,自立,*,*,一段,連用形,えんじる,エンジ,エンジ
むし	名詞,一般,*,*,*,*,むし,ムシ,ムシ
緋色	名詞,一般,*,*,*,*,緋色,ヒイロ,ヒイロ
の	助詞,連体化,*,*,*,*,の,ノ,ノ
物	名詞,非自立,一般,*,*,*,物,モノ,モノ
，	記号,読点,*,*,*,*,，,，,，
上等	名詞,一般,*,*,*,*,上等,ジョウトウ,ジョートー
の	助詞,連体化,*,*,*,*,の,ノ,ノ
亜麻	名詞,一般,*,*,*,*,亜麻,アマ,アマ
を	助詞,格助詞,一般,*,*,*,を,ヲ,ヲ
，	記号,読点,*,*,*,*,，,，,，
紡い	動詞,自立,*,*,五段・ガ行,連用タ接続,紡ぐ,ツムイ,ツムイ
だ	助動詞,*,*,*,特殊・タ,基本形,だ,ダ,ダ
糸	名詞,一般,*,*,*,*,糸,イト,イト
に	助詞,格助詞,一般,*,*,*,に,ニ,ニ
し	動詞,自立,*,*,サ変・スル,連用形,する,シ,シ
て	助詞,接続助詞,*,*,*,*,て,テ,テ
携え	動詞,自立,*,*,一段,連用形,携える,タズサエ,タズサエ
て	助詞,接続助詞,*,*,*,*,て,テ,テ
来る	動詞,非自立,*,*,カ変・来ル,基本形,来る,クル,クル
の	名詞,非自立,一般,*,*,*,の,ノ,ノ
で	助動詞,*,*,*,特殊・ダ,連用形,だ,デ,デ
あっ	助動詞,*,*,*,五段・ラ行アル,連用タ接続,ある,アッ,アッ
た	助動詞,*,*,*,特殊・タ,基本形,た,タ,タ
。	記号,句点,*,*,*,*,。,。,。
また	接続詞,*,*,*,*,*,また,マタ,マタ
，	記号,読点,*,*,*,*,，,，,，
知恵	名詞,一般,*,*,*,*,知恵,チエ,チエ
を	助詞,格助詞,一般,*,*,*,を,ヲ,ヲ
もっ	動詞,自立,*,*,五段・タ行,連用タ接続,もつ,モッ,モッ
て	助詞,接続助詞,*,*,*,*,て,テ,テ
その	連体詞,*,*,*,*,*,その,ソノ,ソノ
心	名詞,一般,*,*,*,*,心,ココロ,ココロ
に	助詞,格助詞,一般,*,*,*,に,ニ,ニ
促さ	動詞,自立,*,*,五段・サ行,未然形,促す,ウナガサ,ウナガサ
れ	動詞,接尾,*,*,一段,連用形,れる,レ,レ
た	助動詞,*,*,*,特殊・タ,基本形,た,タ,タ
すべて	名詞,副詞可能,*,*,*,*,すべて,スベテ,スベテ
の	助詞,連体化,*,*,*,*,の,ノ,ノ
女	名詞,一般,*,*,*,*,女,オンナ,オンナ
たち	名詞,接尾,一般,*,*,*,たち,タチ,タチ
は	助詞,係助詞,*,*,*,*,は,ハ,ワ
やぎ	名詞,一般,*,*,*,*,やぎ,ヤギ,ヤギ
の	助詞,連体化,*,*,*,*,の,ノ,ノ
毛	名詞,一般,*,*,*,*,毛,ケ,ケ
を	助詞,格助詞,一般,*,*,*,を,ヲ,ヲ
紡い	動詞,自立,*,*,五段・ガ行,連用タ接続,紡ぐ,ツムイ,ツムイ
だ	助動詞,*,*,*,特殊・タ,基本形,だ,ダ,ダ
。	記号,句点,*,*,*,*,。,。,。
さらに	副詞,助詞類接続,*,*,*,*,さらに,サラニ,サラニ
，	記号,読点,*,*,*,*,，,，,，
長	名詞,一般,*,*,*,*,長,チョウ,チョー
たち	名詞,接尾,一般,*,*,*,たち,タチ,タチ
は	助詞,係助詞,*,*,*,*,は,ハ,ワ
エフォド	名詞,一般,*,*,*,*,*
および	接続詞,*,*,*,*,*,および,オヨビ,オヨビ
胸	名詞,一般,*,*,*,*,胸,ムネ,ムネ
掛け	名詞,接尾,一般,*,*,*,掛け,カケ,カケ
の	助詞,連体化,*,*,*,*,の,ノ,ノ
ため	名詞,非自立,副詞可能,*,*,*,ため,タメ,タメ
の	助詞,連体化,*,*,*,*,の,ノ,ノ
しま	名詞,一般,*,*,*,*,しま,シマ,シマ
め	名詞,接尾,一般,*,*,*,め,メ,メ
のう	助詞,終助詞,*,*,*,*,のう,ノウ,ノー
と	助詞,格助詞,引用,*,*,*,と,ト,ト
はめ込み	動詞,自立,*,*,五段・マ行,連用形,はめ込む,ハメコミ,ハメコミ
石	名詞,接尾,一般,*,*,*,石,セキ,セキ
を	助詞,格助詞,一般,*,*,*,を,ヲ,ヲ
，	記号,読点,*,*,*,*,，,，,，
また	接続詞,*,*,*,*,*,また,マタ,マタ
バルサム	名詞,一般,*,*,*,*,バルサム,バルサム,バルサム
油	名詞,接尾,一般,*,*,*,油,ユ,ユ
，	記号,読点,*,*,*,*,，,，,，
そして	接続詞,*,*,*,*,*,そして,ソシテ,ソシテ
明かり	名詞,一般,*,*,*,*,明かり,アカリ,アカリ
と	助詞,格助詞,一般,*,*,*,と,ト,ト
そそぎ	動詞,自立,*,*,五段・ガ行,連用形,そそぐ,ソソギ,ソソギ
油	名詞,一般,*,*,*,*,油,アブラ,アブラ
と	助詞,並立助詞,*,*,*,*,と,ト,ト
薫香	名詞,一般,*,*,*,*,薫香,クンコウ,クンコー
の	助詞,連体化,*,*,*,*,の,ノ,ノ
ため	名詞,非自立,副詞可能,*,*,*,ため,タメ,タメ
の	助詞,連体化,*,*,*,*,の,ノ,ノ
油	名詞,一般,*,*,*,*,油,アブラ,アブラ
を	助詞,格助詞,一般,*,*,*,を,ヲ,ヲ
携え	動詞,自立,*,*,一段,連用形,携える,タズサエ,タズサエ
て	助詞,接続助詞,*,*,*,*,て,テ,テ
来	動詞,非自立,*,*,カ変・来ル,連用形,来る,キ,キ
た	助動詞,*,*,*,特殊・タ,基本形,た,タ,タ
。	記号,句点,*,*,*,*,。,。,。
エホバ	名詞,一般,*,*,*,*,エホバ,エホバ,エホバ
が	助詞,格助詞,一般,*,*,*,が,ガ,ガ
モー	名詞,固有名詞,人名,姓,*,*,モー,モー,モー
セ	名詞,一般,*,*,*,*,セ,セ,セ
を通して	助詞,格助詞,連語,*,*,*,を通して,ヲトオシテ,ヲトーシテ
行なう	動詞,自立,*,*,五段・ワ行促音便,基本形,行なう,オコナウ,オコナウ
よう	名詞,非自立,助動詞語幹,*,*,*,よう,ヨウ,ヨー
に	助詞,副詞化,*,*,*,*,に,ニ,ニ
と	助詞,格助詞,引用,*,*,*,と,ト,ト
命じ	動詞,自立,*,*,一段,連用形,命じる,メイジ,メイジ
た	助動詞,*,*,*,特殊・タ,基本形,た,タ,タ
すべて	名詞,副詞可能,*,*,*,*,すべて,スベテ,スベテ
の	助詞,連体化,*,*,*,*,の,ノ,ノ
仕事	名詞,サ変接続,*,*,*,*,仕事,シゴト,シゴト
の	助詞,連体化,*,*,*,*,の,ノ,ノ
ため	名詞,非自立,副詞可能,*,*,*,ため,タメ,タメ
に	助詞,格助詞,一般,*,*,*,に,ニ,ニ
何	名詞,代名詞,一般,*,*,*,何,ナニ,ナニ
か	助詞,副助詞／並立助詞／終助詞,*,*,*,*,か,カ,カ
を	助詞,格助詞,一般,*,*,*,を,ヲ,ヲ
携え	動詞,自立,*,*,一段,連用形,携える,タズサエ,タズサエ
て	助詞,接続助詞,*,*,*,*,て,テ,テ
行こ	動詞,非自立,*,*,五段・カ行促音便,未然ウ接続,行く,イコ,イコ
う	助動詞,*,*,*,不変化型,基本形,う,ウ,ウ
と	助詞,格助詞,一般,*,*,*,と,ト,ト
その	連体詞,*,*,*,*,*,その,ソノ,ソノ
心	名詞,一般,*,*,*,*,心,ココロ,ココロ
に	助詞,格助詞,一般,*,*,*,に,ニ,ニ
鼓舞	名詞,サ変接続,*,*,*,*,鼓舞,コブ,コブ
さ	動詞,自立,*,*,サ変・スル,未然レル接続,する,サ,サ
れ	動詞,接尾,*,*,一段,連用形,れる,レ,レ
た	助動詞,*,*,*,特殊・タ,基本形,た,タ,タ
すべて	名詞,副詞可能,*,*,*,*,すべて,スベテ,スベテ
の	助詞,連体化,*,*,*,*,の,ノ,ノ
男女	名詞,一般,*,*,*,*,男女,ダンジョ,ダンジョ
が	助詞,格助詞,一般,*,*,*,が,ガ,ガ
その	連体詞,*,*,*,*,*,その,ソノ,ソノ
とおり	名詞,非自立,副詞可能,*,*,*,とおり,トオリ,トーリ
に	助詞,格助詞,一般,*,*,*,に,ニ,ニ
行なっ	動詞,自立,*,*,五段・ワ行促音便,連用タ接続,行なう,オコナッ,オコナッ
た	助動詞,*,*,*,特殊・タ,基本形,た,タ,タ
の	名詞,非自立,一般,*,*,*,の,ノ,ノ
で	助動詞,*,*,*,特殊・ダ,連用形,だ,デ,デ
ある	助動詞,*,*,*,五段・ラ行アル,基本形,ある,アル,アル
。	記号,句点,*,*,*,*,。,。,。
イスラエル	名詞,固有名詞,地域,国,*,*,イスラエル,イスラエル,イスラエル
の	助詞,連体化,*,*,*,*,の,ノ,ノ
子	名詞,一般,*,*,*,*,子,コ,コ
ら	名詞,接尾,一般,*,*,*,ら,ラ,ラ
は	助詞,係助詞,*,*,*,*,は,ハ,ワ
自発	名詞,一般,*,*,*,*,自発,ジハツ,ジハツ
的	名詞,接尾,形容動詞語幹,*,*,*,的,テキ,テキ
な	助動詞,*,*,*,特殊・ダ,体言接続,だ,ナ,ナ
捧げ	動詞,自立,*,*,一段,連用形,捧げる,ササゲ,ササゲ
物	名詞,接尾,一般,*,*,*,物,ブツ,ブツ
を	助詞,格助詞,一般,*,*,*,を,ヲ,ヲ
エホバ	名詞,一般,*,*,*,*,エホバ,エホバ,エホバ
の	助詞,連体化,*,*,*,*,の,ノ,ノ
もと	名詞,非自立,一般,*,*,*,もと,モト,モト
に	助詞,格助詞,一般,*,*,*,に,ニ,ニ
携え	動詞,自立,*,*,一段,連用形,携える,タズサエ,タズサエ
て	助詞,接続助詞,*,*,*,*,て,テ,テ
来	動詞,非自立,*,*,カ変・来ル,連用形,来る,キ,キ
た	助動詞,*,*,*,特殊・タ,基本形,た,タ,タ
。	記号,句点,*,*,*,*,。,。,。
次いで	接続詞,*,*,*,*,*,次いで,ツイデ,ツイデ
モー	名詞,固有名詞,人名,姓,*,*,モー,モー,モー
セ	名詞,一般,*,*,*,*,セ,セ,セ
は	助詞,係助詞,*,*,*,*,は,ハ,ワ
イスラエル	名詞,固有名詞,地域,国,*,*,イスラエル,イスラエル,イスラエル
の	助詞,連体化,*,*,*,*,の,ノ,ノ
子	名詞,一般,*,*,*,*,子,コ,コ
ら	名詞,接尾,一般,*,*,*,ら,ラ,ラ
に	助詞,格助詞,一般,*,*,*,に,ニ,ニ
言っ	動詞,自立,*,*,五段・ワ行促音便,連用タ接続,言う,イッ,イッ
た	助動詞,*,*,*,特殊・タ,基本形,た,タ,タ
，	記号,読点,*,*,*,*,，,，,，
「	記号,括弧開,*,*,*,*,「,「,「
見	動詞,自立,*,*,一段,連用形,見る,ミ,ミ
なさい	動詞,非自立,*,*,五段・ラ行特殊,命令ｉ,なさる,ナサイ,ナサイ
，	記号,読点,*,*,*,*,，,，,，
エホバ	名詞,一般,*,*,*,*,エホバ,エホバ,エホバ
は	助詞,係助詞,*,*,*,*,は,ハ,ワ
ユダ	名詞,一般,*,*,*,*,*
族	名詞,接尾,一般,*,*,*,族,ゾク,ゾク
の	助詞,連体化,*,*,*,*,の,ノ,ノ
フル	名詞,形容動詞語幹,*,*,*,*,フル,フル,フル
の	助詞,連体化,*,*,*,*,の,ノ,ノ
子	名詞,一般,*,*,*,*,子,コ,コ
で	助動詞,*,*,*,特殊・ダ,連用形,だ,デ,デ
ある	助動詞,*,*,*,五段・ラ行アル,基本形,ある,アル,アル
ウリ	名詞,一般,*,*,*,*,ウリ,ウリ,ウリ
の	助詞,連体化,*,*,*,*,の,ノ,ノ
子	接頭詞,名詞接続,*,*,*,*,子,コ,コ
ベザレル	名詞,一般,*,*,*,*,*
を	助詞,格助詞,一般,*,*,*,を,ヲ,ヲ
名	名詞,一般,*,*,*,*,名,ナ,ナ
を	助詞,格助詞,一般,*,*,*,を,ヲ,ヲ
挙げ	動詞,自立,*,*,一段,連用形,挙げる,アゲ,アゲ
て	助詞,接続助詞,*,*,*,*,て,テ,テ
呼ば	動詞,自立,*,*,五段・バ行,未然形,呼ぶ,ヨバ,ヨバ
れ	動詞,接尾,*,*,一段,連用形,れる,レ,レ
まし	助動詞,*,*,*,特殊・マス,連用形,ます,マシ,マシ
た	助動詞,*,*,*,特殊・タ,基本形,た,タ,タ
。	記号,句点,*,*,*,*,。,。,。
そして	接続詞,*,*,*,*,*,そして,ソシテ,ソシテ
，	記号,読点,*,*,*,*,，,，,，
知恵	名詞,一般,*,*,*,*,知恵,チエ,チエ
において	助詞,格助詞,連語,*,*,*,において,ニオイテ,ニオイテ
，	記号,読点,*,*,*,*,，,，,，
理解	名詞,サ変接続,*,*,*,*,理解,リカイ,リカイ
力	名詞,接尾,一般,*,*,*,力,リョク,リョク
と	助詞,並立助詞,*,*,*,*,と,ト,ト
知識	名詞,一般,*,*,*,*,知識,チシキ,チシキ
と	助詞,格助詞,一般,*,*,*,と,ト,ト
あらゆる	連体詞,*,*,*,*,*,あらゆる,アラユル,アラユル
技能	名詞,一般,*,*,*,*,技能,ギノウ,ギノー
と	助詞,並立助詞,*,*,*,*,と,ト,ト
において	助詞,格助詞,連語,*,*,*,において,ニオイテ,ニオイテ
神	名詞,一般,*,*,*,*,神,カミ,カミ
の	助詞,連体化,*,*,*,*,の,ノ,ノ
霊	名詞,一般,*,*,*,*,霊,レイ,レイ
を	助詞,格助詞,一般,*,*,*,を,ヲ,ヲ
彼	名詞,代名詞,一般,*,*,*,彼,カレ,カレ
に	助詞,格助詞,一般,*,*,*,に,ニ,ニ
満たさ	動詞,自立,*,*,五段・サ行,未然形,満たす,ミタサ,ミタサ
れ	動詞,接尾,*,*,一段,連用形,れる,レ,レ
まし	助動詞,*,*,*,特殊・マス,連用形,ます,マシ,マシ
た	助動詞,*,*,*,特殊・タ,基本形,た,タ,タ
。	記号,句点,*,*,*,*,。,。,。
さまざま	名詞,形容動詞語幹,*,*,*,*,さまざま,サマザマ,サマザマ
な	助動詞,*,*,*,特殊・ダ,体言接続,だ,ナ,ナ
仕組み	名詞,一般,*,*,*,*,仕組み,シクミ,シクミ
を	助詞,格助詞,一般,*,*,*,を,ヲ,ヲ
考案	名詞,サ変接続,*,*,*,*,考案,コウアン,コーアン
する	動詞,自立,*,*,サ変・スル,基本形,する,スル,スル
ため	名詞,非自立,副詞可能,*,*,*,ため,タメ,タメ
，	記号,読点,*,*,*,*,，,，,，
金	名詞,固有名詞,人名,姓,*,*,金,キム,キム
･	名詞,サ変接続,*,*,*,*,*
銀	名詞,一般,*,*,*,*,銀,ギン,ギン
･	名詞,サ変接続,*,*,*,*,*
銅	名詞,一般,*,*,*,*,銅,ドウ,ドー
の	助詞,連体化,*,*,*,*,の,ノ,ノ
細工	名詞,一般,*,*,*,*,細工,ザイク,ザイク
を	助詞,格助詞,一般,*,*,*,を,ヲ,ヲ
する	動詞,自立,*,*,サ変・スル,基本形,する,スル,スル
ため	名詞,非自立,副詞可能,*,*,*,ため,タメ,タメ
，	記号,読点,*,*,*,*,，,，,，
また	接続詞,*,*,*,*,*,また,マタ,マタ
石	名詞,一般,*,*,*,*,石,イシ,イシ
の	助詞,連体化,*,*,*,*,の,ノ,ノ
細工	名詞,一般,*,*,*,*,細工,ザイク,ザイク
において	助詞,格助詞,連語,*,*,*,において,ニオイテ,ニオイテ
それ	名詞,代名詞,一般,*,*,*,それ,ソレ,ソレ
を	助詞,格助詞,一般,*,*,*,を,ヲ,ヲ
はめ込み	動詞,自立,*,*,五段・マ行,連用形,はめ込む,ハメコミ,ハメコミ
，	記号,読点,*,*,*,*,，,，,，
木	名詞,一般,*,*,*,*,木,キ,キ
の	助詞,連体化,*,*,*,*,の,ノ,ノ
細工	名詞,一般,*,*,*,*,細工,ザイク,ザイク
において	助詞,格助詞,連語,*,*,*,において,ニオイテ,ニオイテ
工夫	名詞,サ変接続,*,*,*,*,工夫,クフウ,クフー
に	助詞,格助詞,一般,*,*,*,に,ニ,ニ
富む	動詞,自立,*,*,五段・マ行,基本形,富む,トム,トム
あらゆる	連体詞,*,*,*,*,*,あらゆる,アラユル,アラユル
品物	名詞,一般,*,*,*,*,品物,シナモノ,シナモノ
を	助詞,格助詞,一般,*,*,*,を,ヲ,ヲ
造る	動詞,自立,*,*,五段・ラ行,基本形,造る,ツクル,ツクル
ため	名詞,非自立,副詞可能,*,*,*,ため,タメ,タメ
です	助動詞,*,*,*,特殊・デス,基本形,です,デス,デス
。	記号,句点,*,*,*,*,。,。,。
そして	接続詞,*,*,*,*,*,そして,ソシテ,ソシテ
[	名詞,サ変接続,*,*,*,*,*
神	名詞,接尾,一般,*,*,*,神,シン,シン
]	名詞,サ変接続,*,*,*,*,*
は	助詞,係助詞,*,*,*,*,は,ハ,ワ
それ	名詞,代名詞,一般,*,*,*,それ,ソレ,ソレ
を	助詞,格助詞,一般,*,*,*,を,ヲ,ヲ
彼	名詞,代名詞,一般,*,*,*,彼,カレ,カレ
の	助詞,連体化,*,*,*,*,の,ノ,ノ
心	名詞,一般,*,*,*,*,心,ココロ,ココロ
に	助詞,格助詞,一般,*,*,*,に,ニ,ニ
入れ	動詞,自立,*,*,一段,連用形,入れる,イレ,イレ
，	記号,読点,*,*,*,*,，,，,，
彼	名詞,代名詞,一般,*,*,*,彼,カレ,カレ
が	助詞,格助詞,一般,*,*,*,が,ガ,ガ
，	記号,読点,*,*,*,*,，,，,，
すなわち	接続詞,*,*,*,*,*,すなわち,スナワチ,スナワチ
彼	名詞,代名詞,一般,*,*,*,彼,カレ,カレ
と	助詞,格助詞,一般,*,*,*,と,ト,ト
ダン	名詞,一般,*,*,*,*,ダン,ダン,ダン
族	名詞,接尾,一般,*,*,*,族,ゾク,ゾク
の	助詞,連体化,*,*,*,*,の,ノ,ノ
アヒサマク	名詞,一般,*,*,*,*,*
の	助詞,連体化,*,*,*,*,の,ノ,ノ
子	名詞,一般,*,*,*,*,子,コ,コ
で	助動詞,*,*,*,特殊・ダ,連用形,だ,デ,デ
ある	助動詞,*,*,*,五段・ラ行アル,基本形,ある,アル,アル
オホリアブ	名詞,一般,*,*,*,*,*
と	助詞,並立助詞,*,*,*,*,と,ト,ト
が	助詞,格助詞,一般,*,*,*,が,ガ,ガ
[	名詞,サ変接続,*,*,*,*,*
それ	名詞,代名詞,一般,*,*,*,それ,ソレ,ソレ
を	助詞,格助詞,一般,*,*,*,を,ヲ,ヲ
]	名詞,サ変接続,*,*,*,*,*
教示	名詞,サ変接続,*,*,*,*,教示,キョウシ,キョーシ
する	動詞,自立,*,*,サ変・スル,基本形,する,スル,スル
よう	名詞,非自立,助動詞語幹,*,*,*,よう,ヨウ,ヨー
に	助詞,格助詞,一般,*,*,*,に,ニ,ニ
さ	動詞,自立,*,*,サ変・スル,未然レル接続,する,サ,サ
れ	動詞,接尾,*,*,一段,連用形,れる,レ,レ
まし	助動詞,*,*,*,特殊・マス,連用形,ます,マシ,マシ
た	助動詞,*,*,*,特殊・タ,基本形,た,タ,タ
。	記号,句点,*,*,*,*,。,。,。
彼ら	名詞,代名詞,一般,*,*,*,彼ら,カレラ,カレラ
を	助詞,格助詞,一般,*,*,*,を,ヲ,ヲ
心	名詞,一般,*,*,*,*,心,ココロ,ココロ
の	助詞,連体化,*,*,*,*,の,ノ,ノ
知恵	名詞,一般,*,*,*,*,知恵,チエ,チエ
で	助詞,格助詞,一般,*,*,*,で,デ,デ
満たし	動詞,自立,*,*,五段・サ行,連用形,満たす,ミタシ,ミタシ
て	助詞,接続助詞,*,*,*,*,て,テ,テ
，	記号,読点,*,*,*,*,，,，,，
職人	名詞,一般,*,*,*,*,職人,ショクニン,ショクニン
と	助詞,格助詞,一般,*,*,*,と,ト,ト
刺しゅう	名詞,サ変接続,*,*,*,*,刺しゅう,シシュウ,シシュー
師	名詞,接尾,一般,*,*,*,師,シ,シ
，	記号,読点,*,*,*,*,，,，,，
また	接続詞,*,*,*,*,*,また,マタ,マタ
青	名詞,一般,*,*,*,*,青,アオ,アオ
糸	名詞,接尾,一般,*,*,*,糸,イト,イト
や	助詞,並立助詞,*,*,*,*,や,ヤ,ヤ
赤	名詞,一般,*,*,*,*,赤,アカ,アカ
紫	名詞,一般,*,*,*,*,紫,ムラサキ,ムラサキ
に	助詞,格助詞,一般,*,*,*,に,ニ,ニ
染め	動詞,自立,*,*,一段,連用形,染める,ソメ,ソメ
た	助動詞,*,*,*,特殊・タ,基本形,た,タ,タ
羊毛	名詞,一般,*,*,*,*,羊毛,ヨウモウ,ヨーモー
，	記号,読点,*,*,*,*,，,，,，
えんじ	動詞,自立,*,*,一段,連用形,えんじる,エンジ,エンジ
むし	名詞,一般,*,*,*,*,むし,ムシ,ムシ
緋色	名詞,一般,*,*,*,*,緋色,ヒイロ,ヒイロ
の	助詞,連体化,*,*,*,*,の,ノ,ノ
物	名詞,非自立,一般,*,*,*,物,モノ,モノ
や	助詞,並立助詞,*,*,*,*,や,ヤ,ヤ
上等	名詞,一般,*,*,*,*,上等,ジョウトウ,ジョートー
の	助詞,連体化,*,*,*,*,の,ノ,ノ
亜麻	名詞,一般,*,*,*,*,亜麻,アマ,アマ
を	助詞,格助詞,一般,*,*,*,を,ヲ,ヲ
扱う	動詞,自立,*,*,五段・ワ行促音便,基本形,扱う,アツカウ,アツカウ
織物	名詞,一般,*,*,*,*,織物,オリモノ,オリモノ
師	名詞,接尾,一般,*,*,*,師,シ,シ
，	記号,読点,*,*,*,*,，,，,，
また	接続詞,*,*,*,*,*,また,マタ,マタ
機織り	名詞,一般,*,*,*,*,機織り,ハタオリ,ハタオリ
人	名詞,接尾,一般,*,*,*,人,ジン,ジン
，	記号,読点,*,*,*,*,，,，,，
すなわち	接続詞,*,*,*,*,*,すなわち,スナワチ,スナワチ
あらゆる	連体詞,*,*,*,*,*,あらゆる,アラユル,アラユル
仕事	名詞,サ変接続,*,*,*,*,仕事,シゴト,シゴト
を	助詞,格助詞,一般,*,*,*,を,ヲ,ヲ
し	動詞,自立,*,*,サ変・スル,連用形,する,シ,シ
，	記号,読点,*,*,*,*,，,，,，
さまざま	名詞,形容動詞語幹,*,*,*,*,さまざま,サマザマ,サマザマ
の	助詞,連体化,*,*,*,*,の,ノ,ノ
仕組み	名詞,一般,*,*,*,*,仕組み,シクミ,シクミ
を	助詞,格助詞,一般,*,*,*,を,ヲ,ヲ
考案	名詞,サ変接続,*,*,*,*,考案,コウアン,コーアン
する	動詞,自立,*,*,サ変・スル,基本形,する,スル,スル
人々	名詞,一般,*,*,*,*,人々,ヒトビト,ヒトビト
の	助詞,連体化,*,*,*,*,の,ノ,ノ
すべて	名詞,副詞可能,*,*,*,*,すべて,スベテ,スベテ
の	助詞,連体化,*,*,*,*,の,ノ,ノ
仕事	名詞,サ変接続,*,*,*,*,仕事,シゴト,シゴト
を	助詞,格助詞,一般,*,*,*,を,ヲ,ヲ
行なう	動詞,自立,*,*,五段・ワ行促音便,基本形,行なう,オコナウ,オコナウ
よう	名詞,非自立,助動詞語幹,*,*,*,よう,ヨウ,ヨー
に	助詞,格助詞,一般,*,*,*,に,ニ,ニ
さ	動詞,自立,*,*,サ変・スル,未然レル接続,する,サ,サ
れ	動詞,接尾,*,*,一段,連用形,れる,レ,レ
た	助動詞,*,*,*,特殊・タ,基本形,た,タ,タ
の	名詞,非自立,一般,*,*,*,の,ノ,ノ
です	助動詞,*,*,*,特殊・デス,基本形,です,デス,デス
。	記号,句点,*,*,*,*,。,。,。
EOS
