また	接続詞,*,*,*,*,*,また,マタ,マタ
，	記号,読点,*,*,*,*,，,，,，
青	名詞,一般,*,*,*,*,青,アオ,アオ
糸	名詞,接尾,一般,*,*,*,糸,イト,イト
と	助詞,並立助詞,*,*,*,*,と,ト,ト
赤	名詞,一般,*,*,*,*,赤,アカ,アカ
紫	名詞,一般,*,*,*,*,紫,ムラサキ,ムラサキ
に	助詞,格助詞,一般,*,*,*,に,ニ,ニ
染め	動詞,自立,*,*,一段,連用形,染める,ソメ,ソメ
た	助動詞,*,*,*,特殊・タ,基本形,た,タ,タ
羊毛	名詞,一般,*,*,*,*,羊毛,ヨウモウ,ヨーモー
と	助詞,格助詞,引用,*,*,*,と,ト,ト
えんじ	動詞,自立,*,*,一段,連用形,えんじる,エンジ,エンジ
むし	名詞,一般,*,*,*,*,むし,ムシ,ムシ
緋色	名詞,一般,*,*,*,*,緋色,ヒイロ,ヒイロ
の	助詞,連体化,*,*,*,*,の,ノ,ノ
物	名詞,非自立,一般,*,*,*,物,モノ,モノ
で	助動詞,*,*,*,特殊・ダ,連用形,だ,デ,デ
，	記号,読点,*,*,*,*,，,，,，
彼ら	名詞,代名詞,一般,*,*,*,彼ら,カレラ,カレラ
は	助詞,係助詞,*,*,*,*,は,ハ,ワ
，	記号,読点,*,*,*,*,，,，,，
聖なる	連体詞,*,*,*,*,*,聖なる,セイナル,セイナル
場所	名詞,一般,*,*,*,*,場所,バショ,バショ
で	助詞,格助詞,一般,*,*,*,で,デ,デ
の	助詞,連体化,*,*,*,*,の,ノ,ノ
奉仕	名詞,サ変接続,*,*,*,*,奉仕,ホウシ,ホーシ
の	助詞,連体化,*,*,*,*,の,ノ,ノ
ため	名詞,非自立,副詞可能,*,*,*,ため,タメ,タメ
の	助詞,連体化,*,*,*,*,の,ノ,ノ
編み物	名詞,一般,*,*,*,*,編み物,アミモノ,アミモノ
細工	名詞,接尾,一般,*,*,*,細工,ザイク,ザイク
の	助詞,連体化,*,*,*,*,の,ノ,ノ
衣	名詞,一般,*,*,*,*,衣,コロモ,コロモ
を	助詞,格助詞,一般,*,*,*,を,ヲ,ヲ
作っ	動詞,自立,*,*,五段・ラ行,連用タ接続,作る,ツクッ,ツクッ
た	助動詞,*,*,*,特殊・タ,基本形,た,タ,タ
。	記号,句点,*,*,*,*,。,。,。
こうして	接続詞,*,*,*,*,*,こうして,コウシテ,コーシテ
彼ら	名詞,代名詞,一般,*,*,*,彼ら,カレラ,カレラ
は	助詞,係助詞,*,*,*,*,は,ハ,ワ
アロン	名詞,一般,*,*,*,*,アロン,アロン,アロン
の	助詞,連体化,*,*,*,*,の,ノ,ノ
ため	名詞,非自立,副詞可能,*,*,*,ため,タメ,タメ
の	助詞,連体化,*,*,*,*,の,ノ,ノ
聖なる	連体詞,*,*,*,*,*,聖なる,セイナル,セイナル
衣	名詞,一般,*,*,*,*,衣,コロモ,コロモ
を	助詞,格助詞,一般,*,*,*,を,ヲ,ヲ
作っ	動詞,自立,*,*,五段・ラ行,連用タ接続,作る,ツクッ,ツクッ
て	助詞,接続助詞,*,*,*,*,て,テ,テ
，	記号,読点,*,*,*,*,，,，,，
エホバ	名詞,一般,*,*,*,*,エホバ,エホバ,エホバ
が	助詞,格助詞,一般,*,*,*,が,ガ,ガ
モー	名詞,固有名詞,人名,姓,*,*,モー,モー,モー
セ	名詞,一般,*,*,*,*,セ,セ,セ
に	助詞,格助詞,一般,*,*,*,に,ニ,ニ
命じ	動詞,自立,*,*,一段,連用形,命じる,メイジ,メイジ
た	助動詞,*,*,*,特殊・タ,基本形,た,タ,タ
とおり	名詞,非自立,副詞可能,*,*,*,とおり,トオリ,トーリ
に	助詞,格助詞,一般,*,*,*,に,ニ,ニ
し	動詞,自立,*,*,サ変・スル,連用形,する,シ,シ
た	助動詞,*,*,*,特殊・タ,基本形,た,タ,タ
。	記号,句点,*,*,*,*,。,。,。
そこで	接続詞,*,*,*,*,*,そこで,ソコデ,ソコデ
彼	名詞,代名詞,一般,*,*,*,彼,カレ,カレ
は	助詞,係助詞,*,*,*,*,は,ハ,ワ
，	記号,読点,*,*,*,*,，,，,，
金	名詞,固有名詞,人名,姓,*,*,金,キム,キム
，	記号,読点,*,*,*,*,，,，,，
青	名詞,一般,*,*,*,*,青,アオ,アオ
糸	名詞,接尾,一般,*,*,*,糸,イト,イト
，	記号,読点,*,*,*,*,，,，,，
赤	名詞,一般,*,*,*,*,赤,アカ,アカ
紫	名詞,一般,*,*,*,*,紫,ムラサキ,ムラサキ
に	助詞,格助詞,一般,*,*,*,に,ニ,ニ
染め	動詞,自立,*,*,一段,連用形,染める,ソメ,ソメ
た	助動詞,*,*,*,特殊・タ,基本形,た,タ,タ
羊毛	名詞,一般,*,*,*,*,羊毛,ヨウモウ,ヨーモー
，	記号,読点,*,*,*,*,，,，,，
えんじ	動詞,自立,*,*,一段,連用形,えんじる,エンジ,エンジ
むし	名詞,一般,*,*,*,*,むし,ムシ,ムシ
緋色	名詞,一般,*,*,*,*,緋色,ヒイロ,ヒイロ
の	助詞,連体化,*,*,*,*,の,ノ,ノ
物	名詞,非自立,一般,*,*,*,物,モノ,モノ
，	記号,読点,*,*,*,*,，,，,，
上等	名詞,一般,*,*,*,*,上等,ジョウトウ,ジョートー
の	名詞,非自立,一般,*,*,*,の,ノ,ノ
より	助詞,格助詞,一般,*,*,*,より,ヨリ,ヨリ
亜麻	名詞,一般,*,*,*,*,亜麻,アマ,アマ
で	助詞,格助詞,一般,*,*,*,で,デ,デ
エフォド	名詞,一般,*,*,*,*,*
を	助詞,格助詞,一般,*,*,*,を,ヲ,ヲ
作っ	動詞,自立,*,*,五段・ラ行,連用タ接続,作る,ツクッ,ツクッ
た	助動詞,*,*,*,特殊・タ,基本形,た,タ,タ
。	記号,句点,*,*,*,*,。,。,。
それで	接続詞,*,*,*,*,*,それで,ソレデ,ソレデ
彼ら	名詞,代名詞,一般,*,*,*,彼ら,カレラ,カレラ
は	助詞,係助詞,*,*,*,*,は,ハ,ワ
金	名詞,一般,*,*,*,*,金,キン,キン
の	助詞,連体化,*,*,*,*,の,ノ,ノ
平板	名詞,一般,*,*,*,*,平板,ヘイバン,ヘイバン
を	助詞,格助詞,一般,*,*,*,を,ヲ,ヲ
打ち	動詞,自立,*,*,五段・タ行,連用形,打つ,ウチ,ウチ
伸ばし	動詞,自立,*,*,五段・サ行,連用形,伸ばす,ノバシ,ノバシ
て	助詞,接続助詞,*,*,*,*,て,テ,テ
薄板	名詞,一般,*,*,*,*,薄板,ウスイタ,ウスイタ
に	助詞,格助詞,一般,*,*,*,に,ニ,ニ
し	動詞,自立,*,*,サ変・スル,連用形,する,シ,シ
，	記号,読点,*,*,*,*,，,，,，
彼	名詞,代名詞,一般,*,*,*,彼,カレ,カレ
は	助詞,係助詞,*,*,*,*,は,ハ,ワ
[	名詞,サ変接続,*,*,*,*,*
それ	名詞,代名詞,一般,*,*,*,それ,ソレ,ソレ
を	助詞,格助詞,一般,*,*,*,を,ヲ,ヲ
]	名詞,サ変接続,*,*,*,*,*
切っ	動詞,自立,*,*,五段・ラ行,連用タ接続,切る,キッ,キッ
て	助詞,接続助詞,*,*,*,*,て,テ,テ
縫い糸	名詞,一般,*,*,*,*,縫い糸,ヌイイト,ヌイイト
と	助詞,格助詞,一般,*,*,*,と,ト,ト
し	動詞,自立,*,*,サ変・スル,連用形,する,シ,シ
た	助動詞,*,*,*,特殊・タ,基本形,た,タ,タ
。	記号,句点,*,*,*,*,。,。,。
刺しゅう	名詞,サ変接続,*,*,*,*,刺しゅう,シシュウ,シシュー
師	名詞,接尾,一般,*,*,*,師,シ,シ
の	助詞,連体化,*,*,*,*,の,ノ,ノ
仕事	名詞,サ変接続,*,*,*,*,仕事,シゴト,シゴト
として	助詞,格助詞,連語,*,*,*,として,トシテ,トシテ
，	記号,読点,*,*,*,*,，,，,，
青	名詞,一般,*,*,*,*,青,アオ,アオ
糸	名詞,接尾,一般,*,*,*,糸,イト,イト
，	記号,読点,*,*,*,*,，,，,，
赤	名詞,一般,*,*,*,*,赤,アカ,アカ
紫	名詞,一般,*,*,*,*,紫,ムラサキ,ムラサキ
に	助詞,格助詞,一般,*,*,*,に,ニ,ニ
染め	動詞,自立,*,*,一段,連用形,染める,ソメ,ソメ
た	助動詞,*,*,*,特殊・タ,基本形,た,タ,タ
羊毛	名詞,一般,*,*,*,*,羊毛,ヨウモウ,ヨーモー
，	記号,読点,*,*,*,*,，,，,，
えんじ	動詞,自立,*,*,一段,連用形,えんじる,エンジ,エンジ
むし	名詞,一般,*,*,*,*,むし,ムシ,ムシ
緋色	名詞,一般,*,*,*,*,緋色,ヒイロ,ヒイロ
の	助詞,連体化,*,*,*,*,の,ノ,ノ
物	名詞,非自立,一般,*,*,*,物,モノ,モノ
，	記号,読点,*,*,*,*,，,，,，
上等	名詞,一般,*,*,*,*,上等,ジョウトウ,ジョートー
の	名詞,非自立,一般,*,*,*,の,ノ,ノ
より	助詞,格助詞,一般,*,*,*,より,ヨリ,ヨリ
亜麻	名詞,一般,*,*,*,*,亜麻,アマ,アマ
の	助詞,連体化,*,*,*,*,の,ノ,ノ
中	名詞,非自立,副詞可能,*,*,*,中,ナカ,ナカ
に	助詞,格助詞,一般,*,*,*,に,ニ,ニ
縫い込む	動詞,自立,*,*,五段・マ行,基本形,縫い込む,ヌイコム,ヌイコム
ため	名詞,非自立,副詞可能,*,*,*,ため,タメ,タメ
で	助動詞,*,*,*,特殊・ダ,連用形,だ,デ,デ
あっ	助動詞,*,*,*,五段・ラ行アル,連用タ接続,ある,アッ,アッ
た	助動詞,*,*,*,特殊・タ,基本形,た,タ,タ
。	記号,句点,*,*,*,*,。,。,。
彼ら	名詞,代名詞,一般,*,*,*,彼ら,カレラ,カレラ
は	助詞,係助詞,*,*,*,*,は,ハ,ワ
それ	名詞,代名詞,一般,*,*,*,それ,ソレ,ソレ
の	助詞,連体化,*,*,*,*,の,ノ,ノ
ため	名詞,非自立,副詞可能,*,*,*,ため,タメ,タメ
に	助詞,格助詞,一般,*,*,*,に,ニ,ニ
，	記号,読点,*,*,*,*,，,，,，
互いに	副詞,一般,*,*,*,*,互いに,タガイニ,タガイニ
合わさる	動詞,自立,*,*,五段・ラ行,基本形,合わさる,アワサル,アワサル
肩	名詞,一般,*,*,*,*,肩,カタ,カタ
ひも	名詞,一般,*,*,*,*,ひも,ヒモ,ヒモ
を	助詞,格助詞,一般,*,*,*,を,ヲ,ヲ
作っ	動詞,自立,*,*,五段・ラ行,連用タ接続,作る,ツクッ,ツクッ
た	助動詞,*,*,*,特殊・タ,基本形,た,タ,タ
。	記号,句点,*,*,*,*,。,。,。
それ	名詞,代名詞,一般,*,*,*,それ,ソレ,ソレ
は	助詞,係助詞,*,*,*,*,は,ハ,ワ
その	連体詞,*,*,*,*,*,その,ソノ,ソノ
二つ	名詞,一般,*,*,*,*,二つ,フタツ,フタツ
の	助詞,連体化,*,*,*,*,の,ノ,ノ
先端	名詞,一般,*,*,*,*,先端,センタン,センタン
で	助詞,格助詞,一般,*,*,*,で,デ,デ
合わさっ	動詞,自立,*,*,五段・ラ行,連用タ接続,合わさる,アワサッ,アワサッ
た	助動詞,*,*,*,特殊・タ,基本形,た,タ,タ
。	記号,句点,*,*,*,*,。,。,。
また	接続詞,*,*,*,*,*,また,マタ,マタ
腰帯	名詞,一般,*,*,*,*,腰帯,コシオビ,コシオビ
，	記号,読点,*,*,*,*,，,，,，
すなわち	接続詞,*,*,*,*,*,すなわち,スナワチ,スナワチ
[	名詞,サ変接続,*,*,*,*,*
エフォド	名詞,一般,*,*,*,*,*
]	名詞,サ変接続,*,*,*,*,*
の	助詞,連体化,*,*,*,*,の,ノ,ノ
上	名詞,非自立,副詞可能,*,*,*,上,ウエ,ウエ
に	助詞,格助詞,一般,*,*,*,に,ニ,ニ
あっ	動詞,自立,*,*,五段・ラ行,連用タ接続,ある,アッ,アッ
て	助詞,接続助詞,*,*,*,*,て,テ,テ
それ	名詞,代名詞,一般,*,*,*,それ,ソレ,ソレ
を	助詞,格助詞,一般,*,*,*,を,ヲ,ヲ
しっかり	副詞,助詞類接続,*,*,*,*,しっかり,シッカリ,シッカリ
結ぶ	動詞,自立,*,*,五段・バ行,基本形,結ぶ,ムスブ,ムスブ
もの	名詞,非自立,一般,*,*,*,もの,モノ,モノ
も	助詞,係助詞,*,*,*,*,も,モ,モ
，	記号,読点,*,*,*,*,，,，,，
それ	名詞,代名詞,一般,*,*,*,それ,ソレ,ソレ
の	助詞,連体化,*,*,*,*,の,ノ,ノ
作り方	名詞,一般,*,*,*,*,作り方,ツクリカタ,ツクリカタ
に	助詞,格助詞,一般,*,*,*,に,ニ,ニ
倣い	動詞,自立,*,*,五段・ワ行促音便,連用形,倣う,ナライ,ナライ
，	記号,読点,*,*,*,*,，,，,，
同じ	連体詞,*,*,*,*,*,同じ,オナジ,オナジ
素材	名詞,一般,*,*,*,*,素材,ソザイ,ソザイ
で	助詞,格助詞,一般,*,*,*,で,デ,デ
，	記号,読点,*,*,*,*,，,，,，
つまり	名詞,一般,*,*,*,*,つまり,ツマリ,ツマリ
金	名詞,接尾,一般,*,*,*,金,キン,キン
，	記号,読点,*,*,*,*,，,，,，
青	名詞,一般,*,*,*,*,青,アオ,アオ
糸	名詞,接尾,一般,*,*,*,糸,イト,イト
，	記号,読点,*,*,*,*,，,，,，
また	接続詞,*,*,*,*,*,また,マタ,マタ
赤	名詞,一般,*,*,*,*,赤,アカ,アカ
紫	名詞,一般,*,*,*,*,紫,ムラサキ,ムラサキ
に	助詞,格助詞,一般,*,*,*,に,ニ,ニ
染め	動詞,自立,*,*,一段,連用形,染める,ソメ,ソメ
た	助動詞,*,*,*,特殊・タ,基本形,た,タ,タ
羊毛	名詞,一般,*,*,*,*,羊毛,ヨウモウ,ヨーモー
と	助詞,格助詞,引用,*,*,*,と,ト,ト
えんじ	動詞,自立,*,*,一段,連用形,えんじる,エンジ,エンジ
むし	名詞,一般,*,*,*,*,むし,ムシ,ムシ
緋色	名詞,一般,*,*,*,*,緋色,ヒイロ,ヒイロ
の	助詞,連体化,*,*,*,*,の,ノ,ノ
物	名詞,非自立,一般,*,*,*,物,モノ,モノ
と	助詞,並立助詞,*,*,*,*,と,ト,ト
上等	名詞,一般,*,*,*,*,上等,ジョウトウ,ジョートー
の	名詞,非自立,一般,*,*,*,の,ノ,ノ
より	助詞,格助詞,一般,*,*,*,より,ヨリ,ヨリ
亜麻	名詞,一般,*,*,*,*,亜麻,アマ,アマ
で	助詞,格助詞,一般,*,*,*,で,デ,デ
つくら	動詞,自立,*,*,五段・ラ行,未然形,つくる,ツクラ,ツクラ
れ	動詞,接尾,*,*,一段,連用形,れる,レ,レ
，	記号,読点,*,*,*,*,，,，,，
エホバ	名詞,一般,*,*,*,*,エホバ,エホバ,エホバ
が	助詞,格助詞,一般,*,*,*,が,ガ,ガ
モー	名詞,固有名詞,人名,姓,*,*,モー,モー,モー
セ	名詞,一般,*,*,*,*,セ,セ,セ
に	助詞,格助詞,一般,*,*,*,に,ニ,ニ
命じ	動詞,自立,*,*,一段,連用形,命じる,メイジ,メイジ
た	助動詞,*,*,*,特殊・タ,基本形,た,タ,タ
とおり	名詞,非自立,副詞可能,*,*,*,とおり,トオリ,トーリ
に	助詞,格助詞,一般,*,*,*,に,ニ,ニ
なっ	動詞,自立,*,*,五段・ラ行,連用タ接続,なる,ナッ,ナッ
た	助動詞,*,*,*,特殊・タ,基本形,た,タ,タ
。	記号,句点,*,*,*,*,。,。,。
次いで	接続詞,*,*,*,*,*,次いで,ツイデ,ツイデ
彼ら	名詞,代名詞,一般,*,*,*,彼ら,カレラ,カレラ
は	助詞,係助詞,*,*,*,*,は,ハ,ワ
，	記号,読点,*,*,*,*,，,，,，
金	名詞,一般,*,*,*,*,金,キン,キン
の	助詞,連体化,*,*,*,*,の,ノ,ノ
はめ込み	名詞,一般,*,*,*,*,はめ込み,ハメコミ,ハメコミ
台	名詞,接尾,一般,*,*,*,台,ダイ,ダイ
に	助詞,格助詞,一般,*,*,*,に,ニ,ニ
はめ込ま	動詞,自立,*,*,五段・マ行,未然形,はめ込む,ハメコマ,ハメコマ
れ	動詞,接尾,*,*,一段,連用形,れる,レ,レ
た	助動詞,*,*,*,特殊・タ,基本形,た,タ,タ
し	助詞,接続助詞,*,*,*,*,し,シ,シ
まめ	名詞,一般,*,*,*,*,まめ,マメ,マメ
のう	助詞,終助詞,*,*,*,*,のう,ノウ,ノー
を	助詞,格助詞,一般,*,*,*,を,ヲ,ヲ
作っ	動詞,自立,*,*,五段・ラ行,連用タ接続,作る,ツクッ,ツクッ
た	助動詞,*,*,*,特殊・タ,基本形,た,タ,タ
。	記号,句点,*,*,*,*,。,。,。
それ	名詞,代名詞,一般,*,*,*,それ,ソレ,ソレ
に	助詞,格助詞,一般,*,*,*,に,ニ,ニ
は	助詞,係助詞,*,*,*,*,は,ハ,ワ
印章	名詞,一般,*,*,*,*,印章,インショウ,インショー
の	助詞,連体化,*,*,*,*,の,ノ,ノ
彫り	名詞,一般,*,*,*,*,彫り,ホリ,ホリ
込み	名詞,接尾,一般,*,*,*,込み,コミ,コミ
をもって	助詞,格助詞,連語,*,*,*,をもって,ヲモッテ,ヲモッテ
イスラエル	名詞,固有名詞,地域,国,*,*,イスラエル,イスラエル,イスラエル
の	助詞,連体化,*,*,*,*,の,ノ,ノ
子	名詞,一般,*,*,*,*,子,コ,コ
ら	名詞,接尾,一般,*,*,*,ら,ラ,ラ
の	助詞,連体化,*,*,*,*,の,ノ,ノ
名	名詞,一般,*,*,*,*,名,ナ,ナ
の	助詞,連体化,*,*,*,*,の,ノ,ノ
とおり	名詞,非自立,副詞可能,*,*,*,とおり,トオリ,トーリ
の	助詞,連体化,*,*,*,*,の,ノ,ノ
彫り	名詞,一般,*,*,*,*,彫り,ホリ,ホリ
込み	名詞,接尾,一般,*,*,*,込み,コミ,コミ
が	助詞,格助詞,一般,*,*,*,が,ガ,ガ
なさ	動詞,自立,*,*,五段・サ行,未然形,なす,ナサ,ナサ
れ	動詞,接尾,*,*,一段,連用形,れる,レ,レ
て	助詞,接続助詞,*,*,*,*,て,テ,テ
い	動詞,非自立,*,*,一段,連用形,いる,イ,イ
た	助動詞,*,*,*,特殊・タ,基本形,た,タ,タ
。	記号,句点,*,*,*,*,。,。,。
それで	接続詞,*,*,*,*,*,それで,ソレデ,ソレデ
彼	名詞,代名詞,一般,*,*,*,彼,カレ,カレ
は	助詞,係助詞,*,*,*,*,は,ハ,ワ
イスラエル	名詞,固有名詞,地域,国,*,*,イスラエル,イスラエル,イスラエル
の	助詞,連体化,*,*,*,*,の,ノ,ノ
子	名詞,一般,*,*,*,*,子,コ,コ
ら	名詞,接尾,一般,*,*,*,ら,ラ,ラ
の	助詞,連体化,*,*,*,*,の,ノ,ノ
ため	名詞,非自立,副詞可能,*,*,*,ため,タメ,タメ
の	助詞,連体化,*,*,*,*,の,ノ,ノ
記念	名詞,サ変接続,*,*,*,*,記念,キネン,キネン
の	助詞,連体化,*,*,*,*,の,ノ,ノ
石	名詞,一般,*,*,*,*,石,イシ,イシ
として	助詞,格助詞,連語,*,*,*,として,トシテ,トシテ
それら	名詞,代名詞,一般,*,*,*,それら,ソレラ,ソレラ
を	助詞,格助詞,一般,*,*,*,を,ヲ,ヲ
エフォド	名詞,一般,*,*,*,*,*
の	助詞,連体化,*,*,*,*,の,ノ,ノ
肩	名詞,一般,*,*,*,*,肩,カタ,カタ
ひも	名詞,一般,*,*,*,*,ひも,ヒモ,ヒモ
の	助詞,連体化,*,*,*,*,の,ノ,ノ
上	名詞,非自立,副詞可能,*,*,*,上,ウエ,ウエ
に	助詞,格助詞,一般,*,*,*,に,ニ,ニ
置き	動詞,自立,*,*,五段・カ行イ音便,連用形,置く,オキ,オキ
，	記号,読点,*,*,*,*,，,，,，
エホバ	名詞,一般,*,*,*,*,エホバ,エホバ,エホバ
が	助詞,格助詞,一般,*,*,*,が,ガ,ガ
モー	名詞,固有名詞,人名,姓,*,*,モー,モー,モー
セ	名詞,一般,*,*,*,*,セ,セ,セ
に	助詞,格助詞,一般,*,*,*,に,ニ,ニ
命じ	動詞,自立,*,*,一段,連用形,命じる,メイジ,メイジ
た	助動詞,*,*,*,特殊・タ,基本形,た,タ,タ
とおり	名詞,非自立,副詞可能,*,*,*,とおり,トオリ,トーリ
に	助詞,格助詞,一般,*,*,*,に,ニ,ニ
し	動詞,自立,*,*,サ変・スル,連用形,する,シ,シ
た	助動詞,*,*,*,特殊・タ,基本形,た,タ,タ
。	記号,句点,*,*,*,*,。,。,。
次いで	接続詞,*,*,*,*,*,次いで,ツイデ,ツイデ
彼	名詞,代名詞,一般,*,*,*,彼,カレ,カレ
は	助詞,係助詞,*,*,*,*,は,ハ,ワ
刺しゅう	名詞,サ変接続,*,*,*,*,刺しゅう,シシュウ,シシュー
師	名詞,接尾,一般,*,*,*,師,シ,シ
の	助詞,連体化,*,*,*,*,の,ノ,ノ
技法	名詞,一般,*,*,*,*,技法,ギホウ,ギホー
によって	助詞,格助詞,連語,*,*,*,によって,ニヨッテ,ニヨッテ
胸	名詞,一般,*,*,*,*,胸,ムネ,ムネ
掛け	名詞,接尾,一般,*,*,*,掛け,カケ,カケ
を	助詞,格助詞,一般,*,*,*,を,ヲ,ヲ
作っ	動詞,自立,*,*,五段・ラ行,連用タ接続,作る,ツクッ,ツクッ
た	助動詞,*,*,*,特殊・タ,基本形,た,タ,タ
。	記号,句点,*,*,*,*,。,。,。
エフォド	名詞,一般,*,*,*,*,*
と	助詞,並立助詞,*,*,*,*,と,ト,ト
同様	名詞,形容動詞語幹,*,*,*,*,同様,ドウヨウ,ドーヨー
の	助詞,連体化,*,*,*,*,の,ノ,ノ
作り方	名詞,一般,*,*,*,*,作り方,ツクリカタ,ツクリカタ
で	助詞,格助詞,一般,*,*,*,で,デ,デ
，	記号,読点,*,*,*,*,，,，,，
金	名詞,固有名詞,人名,姓,*,*,金,キム,キム
，	記号,読点,*,*,*,*,，,，,，
青	名詞,一般,*,*,*,*,青,アオ,アオ
糸	名詞,接尾,一般,*,*,*,糸,イト,イト
，	記号,読点,*,*,*,*,，,，,，
赤	名詞,一般,*,*,*,*,赤,アカ,アカ
紫	名詞,一般,*,*,*,*,紫,ムラサキ,ムラサキ
に	助詞,格助詞,一般,*,*,*,に,ニ,ニ
染め	動詞,自立,*,*,一段,連用形,染める,ソメ,ソメ
た	助動詞,*,*,*,特殊・タ,基本形,た,タ,タ
羊毛	名詞,一般,*,*,*,*,羊毛,ヨウモウ,ヨーモー
，	記号,読点,*,*,*,*,，,，,，
えんじ	動詞,自立,*,*,一段,連用形,えんじる,エンジ,エンジ
むし	名詞,一般,*,*,*,*,むし,ムシ,ムシ
緋色	名詞,一般,*,*,*,*,緋色,ヒイロ,ヒイロ
の	助詞,連体化,*,*,*,*,の,ノ,ノ
物	名詞,非自立,一般,*,*,*,物,モノ,モノ
，	記号,読点,*,*,*,*,，,，,，
上等	名詞,一般,*,*,*,*,上等,ジョウトウ,ジョートー
の	名詞,非自立,一般,*,*,*,の,ノ,ノ
より	助詞,格助詞,一般,*,*,*,より,ヨリ,ヨリ
亜麻	名詞,一般,*,*,*,*,亜麻,アマ,アマ
で	助詞,格助詞,一般,*,*,*,で,デ,デ
つくら	動詞,自立,*,*,五段・ラ行,未然形,つくる,ツクラ,ツクラ
れ	動詞,接尾,*,*,一段,連用形,れる,レ,レ
た	助動詞,*,*,*,特殊・タ,基本形,た,タ,タ
。	記号,句点,*,*,*,*,。,。,。
それ	名詞,代名詞,一般,*,*,*,それ,ソレ,ソレ
は	助詞,係助詞,*,*,*,*,は,ハ,ワ
二つ	名詞,一般,*,*,*,*,二つ,フタツ,フタツ
に	助詞,格助詞,一般,*,*,*,に,ニ,ニ
たたむ	動詞,自立,*,*,五段・マ行,基本形,たたむ,タタム,タタム
と	助詞,接続助詞,*,*,*,*,と,ト,ト
真四角	名詞,形容動詞語幹,*,*,*,*,真四角,マシカク,マシカク
に	助詞,格助詞,一般,*,*,*,に,ニ,ニ
なっ	動詞,自立,*,*,五段・ラ行,連用タ接続,なる,ナッ,ナッ
た	助動詞,*,*,*,特殊・タ,基本形,た,タ,タ
。	記号,句点,*,*,*,*,。,。,。
彼ら	名詞,代名詞,一般,*,*,*,彼ら,カレラ,カレラ
は	助詞,係助詞,*,*,*,*,は,ハ,ワ
その	連体詞,*,*,*,*,*,その,ソノ,ソノ
胸	名詞,一般,*,*,*,*,胸,ムネ,ムネ
掛け	名詞,接尾,一般,*,*,*,掛け,カケ,カケ
を	助詞,格助詞,一般,*,*,*,を,ヲ,ヲ
，	記号,読点,*,*,*,*,，,，,，
二つ	名詞,一般,*,*,*,*,二つ,フタツ,フタツ
に	助詞,格助詞,一般,*,*,*,に,ニ,ニ
たたむ	動詞,自立,*,*,五段・マ行,基本形,たたむ,タタム,タタム
と	助詞,接続助詞,*,*,*,*,と,ト,ト
その	連体詞,*,*,*,*,*,その,ソノ,ソノ
長	形容詞,自立,*,*,形容詞・アウオ段,ガル接続,長い,ナガ,ナガ
さ	名詞,接尾,特殊,*,*,*,さ,サ,サ
が	助詞,格助詞,一般,*,*,*,が,ガ,ガ
一	名詞,数,*,*,*,*,一,イチ,イチ
手	名詞,接尾,助数詞,*,*,*,手,テ,テ
尺	名詞,一般,*,*,*,*,尺,シャク,シャク
，	記号,読点,*,*,*,*,，,，,，
その	連体詞,*,*,*,*,*,その,ソノ,ソノ
幅	名詞,一般,*,*,*,*,幅,ハバ,ハバ
も	助詞,係助詞,*,*,*,*,も,モ,モ
一	名詞,数,*,*,*,*,一,イチ,イチ
手	名詞,接尾,助数詞,*,*,*,手,テ,テ
尺	名詞,一般,*,*,*,*,尺,シャク,シャク
と	助詞,格助詞,一般,*,*,*,と,ト,ト
なる	動詞,自立,*,*,五段・ラ行,基本形,なる,ナル,ナル
よう	名詞,非自立,助動詞語幹,*,*,*,よう,ヨウ,ヨー
に	助詞,格助詞,一般,*,*,*,に,ニ,ニ
作っ	動詞,自立,*,*,五段・ラ行,連用タ接続,作る,ツクッ,ツクッ
た	助動詞,*,*,*,特殊・タ,基本形,た,タ,タ
。	記号,句点,*,*,*,*,。,。,。
次いで	接続詞,*,*,*,*,*,次いで,ツイデ,ツイデ
彼ら	名詞,代名詞,一般,*,*,*,彼ら,カレラ,カレラ
は	助詞,係助詞,*,*,*,*,は,ハ,ワ
それ	名詞,代名詞,一般,*,*,*,それ,ソレ,ソレ
に	助詞,格助詞,一般,*,*,*,に,ニ,ニ
四	名詞,数,*,*,*,*,四,ヨン,ヨン
列	名詞,接尾,助数詞,*,*,*,列,レツ,レツ
の	助詞,連体化,*,*,*,*,の,ノ,ノ
石	名詞,一般,*,*,*,*,石,イシ,イシ
を	助詞,格助詞,一般,*,*,*,を,ヲ,ヲ
詰め	動詞,自立,*,*,一段,連用形,詰める,ツメ,ツメ
た	助動詞,*,*,*,特殊・タ,基本形,た,タ,タ
。	記号,句点,*,*,*,*,。,。,。
ルビー	名詞,固有名詞,人名,名,*,*,ルビー,ルビー,ルビー
，	記号,読点,*,*,*,*,，,，,，
トパーズ	名詞,一般,*,*,*,*,トパーズ,トパーズ,トパーズ
，	記号,読点,*,*,*,*,，,，,，
エメラルド	名詞,一般,*,*,*,*,エメラルド,エメラルド,エメラルド
の	助詞,連体化,*,*,*,*,の,ノ,ノ
列	名詞,一般,*,*,*,*,列,レツ,レツ
が	助詞,格助詞,一般,*,*,*,が,ガ,ガ
第	接頭詞,数接続,*,*,*,*,第,ダイ,ダイ
一	名詞,数,*,*,*,*,一,イチ,イチ
列	名詞,接尾,助数詞,*,*,*,列,レツ,レツ
。	記号,句点,*,*,*,*,。,。,。
そして	接続詞,*,*,*,*,*,そして,ソシテ,ソシテ
第	接頭詞,数接続,*,*,*,*,第,ダイ,ダイ
二	名詞,数,*,*,*,*,二,ニ,ニ
列	名詞,接尾,助数詞,*,*,*,列,レツ,レツ
は	助詞,係助詞,*,*,*,*,は,ハ,ワ
，	記号,読点,*,*,*,*,，,，,，
トルコ	名詞,固有名詞,地域,国,*,*,トルコ,トルコ,トルコ
玉	名詞,接尾,一般,*,*,*,玉,ダマ,ダマ
，	記号,読点,*,*,*,*,，,，,，
サファイア	名詞,一般,*,*,*,*,サファイア,サファイア,サファイア
，	記号,読点,*,*,*,*,，,，,，
碧玉	名詞,一般,*,*,*,*,碧玉,ヘキギョク,ヘキギョク
。	記号,句点,*,*,*,*,。,。,。
また	接続詞,*,*,*,*,*,また,マタ,マタ
第	接頭詞,数接続,*,*,*,*,第,ダイ,ダイ
三	名詞,数,*,*,*,*,三,サン,サン
列	名詞,接尾,助数詞,*,*,*,列,レツ,レツ
は	助詞,係助詞,*,*,*,*,は,ハ,ワ
，	記号,読点,*,*,*,*,，,，,，
レシェム	名詞,一般,*,*,*,*,*
石	名詞,接尾,一般,*,*,*,石,セキ,セキ
，	記号,読点,*,*,*,*,，,，,，
め	名詞,一般,*,*,*,*,め,メ,メ
のう	助詞,終助詞,*,*,*,*,のう,ノウ,ノー
，	記号,読点,*,*,*,*,，,，,，
紫	名詞,固有名詞,人名,姓,*,*,紫,ムラサキ,ムラサキ
水晶	名詞,一般,*,*,*,*,水晶,スイショウ,スイショー
。	記号,句点,*,*,*,*,。,。,。
そして	接続詞,*,*,*,*,*,そして,ソシテ,ソシテ
第	接頭詞,数接続,*,*,*,*,第,ダイ,ダイ
四	名詞,数,*,*,*,*,四,ヨン,ヨン
列	名詞,接尾,助数詞,*,*,*,列,レツ,レツ
は	助詞,係助詞,*,*,*,*,は,ハ,ワ
，	記号,読点,*,*,*,*,，,，,，
貴	接頭詞,名詞接続,*,*,*,*,貴,キ,キ
かん	名詞,一般,*,*,*,*,かん,カン,カン
らん	名詞,一般,*,*,*,*,らん,ラン,ラン
石	名詞,接尾,一般,*,*,*,石,セキ,セキ
と	助詞,並立助詞,*,*,*,*,と,ト,ト
，	記号,読点,*,*,*,*,，,，,，
しま	名詞,一般,*,*,*,*,しま,シマ,シマ
め	名詞,接尾,一般,*,*,*,め,メ,メ
のう	助詞,終助詞,*,*,*,*,のう,ノウ,ノー
，	記号,読点,*,*,*,*,，,，,，
ひす	動詞,自立,*,*,五段・サ行,基本形,ひす,ヒス,ヒス
い	名詞,一般,*,*,*,*,い,イ,イ
で	助動詞,*,*,*,特殊・ダ,連用形,だ,デ,デ
あっ	助動詞,*,*,*,五段・ラ行アル,連用タ接続,ある,アッ,アッ
た	助動詞,*,*,*,特殊・タ,基本形,た,タ,タ
。	記号,句点,*,*,*,*,。,。,。
これら	名詞,代名詞,一般,*,*,*,これら,コレラ,コレラ
は	助詞,係助詞,*,*,*,*,は,ハ,ワ
金	名詞,一般,*,*,*,*,金,キン,キン
の	助詞,連体化,*,*,*,*,の,ノ,ノ
はめ込み	名詞,一般,*,*,*,*,はめ込み,ハメコミ,ハメコミ
台	名詞,接尾,一般,*,*,*,台,ダイ,ダイ
を	助詞,格助詞,一般,*,*,*,を,ヲ,ヲ
もっ	動詞,自立,*,*,五段・タ行,連用タ接続,もつ,モッ,モッ
て	助詞,接続助詞,*,*,*,*,て,テ,テ
その	連体詞,*,*,*,*,*,その,ソノ,ソノ
詰め	名詞,一般,*,*,*,*,詰め,ツメ,ツメ
物	名詞,接尾,一般,*,*,*,物,ブツ,ブツ
の	助詞,連体化,*,*,*,*,の,ノ,ノ
中	名詞,非自立,副詞可能,*,*,*,中,ナカ,ナカ
に	助詞,格助詞,一般,*,*,*,に,ニ,ニ
はめ込ま	動詞,自立,*,*,五段・マ行,未然形,はめ込む,ハメコマ,ハメコマ
れ	動詞,接尾,*,*,一段,連用形,れる,レ,レ
た	助動詞,*,*,*,特殊・タ,基本形,た,タ,タ
。	記号,句点,*,*,*,*,。,。,。
そして	接続詞,*,*,*,*,*,そして,ソシテ,ソシテ
，	記号,読点,*,*,*,*,，,，,，
これら	名詞,代名詞,一般,*,*,*,これら,コレラ,コレラ
の	助詞,連体化,*,*,*,*,の,ノ,ノ
石	名詞,一般,*,*,*,*,石,イシ,イシ
は	助詞,係助詞,*,*,*,*,は,ハ,ワ
イスラエル	名詞,固有名詞,地域,国,*,*,イスラエル,イスラエル,イスラエル
の	助詞,連体化,*,*,*,*,の,ノ,ノ
子	名詞,一般,*,*,*,*,子,コ,コ
ら	名詞,接尾,一般,*,*,*,ら,ラ,ラ
の	助詞,連体化,*,*,*,*,の,ノ,ノ
名	名詞,一般,*,*,*,*,名,ナ,ナ
に	助詞,格助詞,一般,*,*,*,に,ニ,ニ
対応	名詞,サ変接続,*,*,*,*,対応,タイオウ,タイオー
し	動詞,自立,*,*,サ変・スル,連用形,する,シ,シ
た	助動詞,*,*,*,特殊・タ,基本形,た,タ,タ
。	記号,句点,*,*,*,*,。,。,。
それら	名詞,代名詞,一般,*,*,*,それら,ソレラ,ソレラ
は	助詞,係助詞,*,*,*,*,は,ハ,ワ
彼ら	名詞,代名詞,一般,*,*,*,彼ら,カレラ,カレラ
の	助詞,連体化,*,*,*,*,の,ノ,ノ
名	名詞,一般,*,*,*,*,名,ナ,ナ
に	助詞,格助詞,一般,*,*,*,に,ニ,ニ
対応	名詞,サ変接続,*,*,*,*,対応,タイオウ,タイオー
し	動詞,自立,*,*,サ変・スル,連用形,する,シ,シ
て	助詞,接続助詞,*,*,*,*,て,テ,テ
十	名詞,数,*,*,*,*,十,ジュウ,ジュー
二	名詞,数,*,*,*,*,二,ニ,ニ
個	名詞,接尾,助数詞,*,*,*,個,コ,コ
で	助動詞,*,*,*,特殊・ダ,連用形,だ,デ,デ
あり	助動詞,*,*,*,五段・ラ行アル,連用形,ある,アリ,アリ
，	記号,読点,*,*,*,*,，,，,，
印章	名詞,一般,*,*,*,*,印章,インショウ,インショー
の	助詞,連体化,*,*,*,*,の,ノ,ノ
彫り	名詞,一般,*,*,*,*,彫り,ホリ,ホリ
込み	名詞,接尾,一般,*,*,*,込み,コミ,コミ
が	助詞,格助詞,一般,*,*,*,が,ガ,ガ
施さ	動詞,自立,*,*,五段・サ行,未然形,施す,ホドコサ,ホドコサ
れ	動詞,接尾,*,*,一段,連用形,れる,レ,レ
，	記号,読点,*,*,*,*,，,，,，
十	名詞,数,*,*,*,*,十,ジュウ,ジュー
二	名詞,数,*,*,*,*,二,ニ,ニ
の	助詞,連体化,*,*,*,*,の,ノ,ノ
部族	名詞,一般,*,*,*,*,部族,ブゾク,ブゾク
の	助詞,連体化,*,*,*,*,の,ノ,ノ
ため	名詞,非自立,副詞可能,*,*,*,ため,タメ,タメ
それぞれ	名詞,副詞可能,*,*,*,*,それぞれ,ソレゾレ,ソレゾレ
が	助詞,格助詞,一般,*,*,*,が,ガ,ガ
その	連体詞,*,*,*,*,*,その,ソノ,ソノ
名	名詞,一般,*,*,*,*,名,ナ,ナ
に	助詞,格助詞,一般,*,*,*,に,ニ,ニ
対応	名詞,サ変接続,*,*,*,*,対応,タイオウ,タイオー
し	動詞,自立,*,*,サ変・スル,連用形,する,シ,シ
た	助動詞,*,*,*,特殊・タ,基本形,た,タ,タ
。	記号,句点,*,*,*,*,。,。,。
それから	接続詞,*,*,*,*,*,それから,ソレカラ,ソレカラ
彼ら	名詞,代名詞,一般,*,*,*,彼ら,カレラ,カレラ
は	助詞,係助詞,*,*,*,*,は,ハ,ワ
，	記号,読点,*,*,*,*,，,，,，
その	連体詞,*,*,*,*,*,その,ソノ,ソノ
胸	名詞,一般,*,*,*,*,胸,ムネ,ムネ
掛け	名詞,接尾,一般,*,*,*,掛け,カケ,カケ
の	助詞,連体化,*,*,*,*,の,ノ,ノ
上	名詞,非自立,副詞可能,*,*,*,上,ウエ,ウエ
に	助詞,格助詞,一般,*,*,*,に,ニ,ニ
，	記号,読点,*,*,*,*,，,，,，
より	副詞,一般,*,*,*,*,より,ヨリ,ヨリ
合わせ	動詞,自立,*,*,一段,連用形,合わせる,アワセ,アワセ
た	助動詞,*,*,*,特殊・タ,基本形,た,タ,タ
鎖	名詞,一般,*,*,*,*,鎖,クサリ,クサリ
を	助詞,格助詞,一般,*,*,*,を,ヲ,ヲ
縄	名詞,一般,*,*,*,*,縄,ナワ,ナワ
の	助詞,連体化,*,*,*,*,の,ノ,ノ
作り方	名詞,一般,*,*,*,*,作り方,ツクリカタ,ツクリカタ
によって	助詞,格助詞,連語,*,*,*,によって,ニヨッテ,ニヨッテ
純金	名詞,一般,*,*,*,*,純金,ジュンキン,ジュンキン
で	助詞,格助詞,一般,*,*,*,で,デ,デ
造っ	動詞,自立,*,*,五段・ラ行,連用タ接続,造る,ツクッ,ツクッ
た	助動詞,*,*,*,特殊・タ,基本形,た,タ,タ
。	記号,句点,*,*,*,*,。,。,。
次いで	接続詞,*,*,*,*,*,次いで,ツイデ,ツイデ
，	記号,読点,*,*,*,*,，,，,，
金	名詞,一般,*,*,*,*,金,キン,キン
の	助詞,連体化,*,*,*,*,の,ノ,ノ
はめ込み	名詞,一般,*,*,*,*,はめ込み,ハメコミ,ハメコミ
台	名詞,接尾,一般,*,*,*,台,ダイ,ダイ
二つ	名詞,一般,*,*,*,*,二つ,フタツ,フタツ
と	助詞,並立助詞,*,*,*,*,と,ト,ト
金	名詞,一般,*,*,*,*,金,キン,キン
の	助詞,連体化,*,*,*,*,の,ノ,ノ
輪	名詞,一般,*,*,*,*,輪,ワ,ワ
二つ	名詞,一般,*,*,*,*,二つ,フタツ,フタツ
を	助詞,格助詞,一般,*,*,*,を,ヲ,ヲ
造り	動詞,自立,*,*,五段・ラ行,連用形,造る,ツクリ,ツクリ
，	記号,読点,*,*,*,*,，,，,，
その	連体詞,*,*,*,*,*,その,ソノ,ソノ
二つ	名詞,一般,*,*,*,*,二つ,フタツ,フタツ
の	助詞,連体化,*,*,*,*,の,ノ,ノ
輪	名詞,一般,*,*,*,*,輪,ワ,ワ
を	助詞,格助詞,一般,*,*,*,を,ヲ,ヲ
胸	名詞,一般,*,*,*,*,胸,ムネ,ムネ
掛け	名詞,接尾,一般,*,*,*,掛け,カケ,カケ
の	助詞,連体化,*,*,*,*,の,ノ,ノ
二つ	名詞,一般,*,*,*,*,二つ,フタツ,フタツ
の	助詞,連体化,*,*,*,*,の,ノ,ノ
突端	名詞,一般,*,*,*,*,突端,トッタン,トッタン
に	助詞,格助詞,一般,*,*,*,に,ニ,ニ
付け	動詞,自立,*,*,一段,連用形,付ける,ツケ,ツケ
た	助動詞,*,*,*,特殊・タ,基本形,た,タ,タ
。	記号,句点,*,*,*,*,。,。,。
その後	名詞,副詞可能,*,*,*,*,その後,ソノゴ,ソノゴ
，	記号,読点,*,*,*,*,，,，,，
二	名詞,数,*,*,*,*,二,ニ,ニ
本	名詞,接尾,助数詞,*,*,*,本,ホン,ホン
の	助詞,連体化,*,*,*,*,の,ノ,ノ
金	名詞,一般,*,*,*,*,金,キン,キン
の	助詞,連体化,*,*,*,*,の,ノ,ノ
縄	名詞,一般,*,*,*,*,縄,ナワ,ナワ
を	助詞,格助詞,一般,*,*,*,を,ヲ,ヲ
胸	名詞,一般,*,*,*,*,胸,ムネ,ムネ
掛け	名詞,接尾,一般,*,*,*,掛け,カケ,カケ
の	助詞,連体化,*,*,*,*,の,ノ,ノ
突端	名詞,一般,*,*,*,*,突端,トッタン,トッタン
に	助詞,格助詞,一般,*,*,*,に,ニ,ニ
付け	動詞,自立,*,*,一段,連用形,付ける,ツケ,ツケ
た	助動詞,*,*,*,特殊・タ,基本形,た,タ,タ
二つ	名詞,一般,*,*,*,*,二つ,フタツ,フタツ
の	助詞,連体化,*,*,*,*,の,ノ,ノ
輪	名詞,一般,*,*,*,*,輪,ワ,ワ
に	助詞,格助詞,一般,*,*,*,に,ニ,ニ
通し	動詞,自立,*,*,五段・サ行,連用形,通す,トオシ,トーシ
た	助動詞,*,*,*,特殊・タ,基本形,た,タ,タ
。	記号,句点,*,*,*,*,。,。,。
そして	接続詞,*,*,*,*,*,そして,ソシテ,ソシテ
，	記号,読点,*,*,*,*,，,，,，
二	名詞,数,*,*,*,*,二,ニ,ニ
本	名詞,接尾,助数詞,*,*,*,本,ホン,ホン
の	助詞,連体化,*,*,*,*,の,ノ,ノ
縄	名詞,一般,*,*,*,*,縄,ナワ,ナワ
の	助詞,連体化,*,*,*,*,の,ノ,ノ
二つ	名詞,一般,*,*,*,*,二つ,フタツ,フタツ
の	助詞,連体化,*,*,*,*,の,ノ,ノ
端	名詞,一般,*,*,*,*,端,ハジ,ハジ
を	助詞,格助詞,一般,*,*,*,を,ヲ,ヲ
二つ	名詞,一般,*,*,*,*,二つ,フタツ,フタツ
の	助詞,連体化,*,*,*,*,の,ノ,ノ
はめ込み	名詞,一般,*,*,*,*,はめ込み,ハメコミ,ハメコミ
台	名詞,接尾,一般,*,*,*,台,ダイ,ダイ
に	助詞,格助詞,一般,*,*,*,に,ニ,ニ
通し	動詞,自立,*,*,五段・サ行,連用形,通す,トオシ,トーシ
た	助動詞,*,*,*,特殊・タ,基本形,た,タ,タ
。	記号,句点,*,*,*,*,。,。,。
次いで	接続詞,*,*,*,*,*,次いで,ツイデ,ツイデ
それら	名詞,代名詞,一般,*,*,*,それら,ソレラ,ソレラ
を	助詞,格助詞,一般,*,*,*,を,ヲ,ヲ
，	記号,読点,*,*,*,*,，,，,，
エフォド	名詞,一般,*,*,*,*,*
の	助詞,連体化,*,*,*,*,の,ノ,ノ
肩	名詞,一般,*,*,*,*,肩,カタ,カタ
ひも	名詞,一般,*,*,*,*,ひも,ヒモ,ヒモ
の	助詞,連体化,*,*,*,*,の,ノ,ノ
上	名詞,非自立,副詞可能,*,*,*,上,ウエ,ウエ
，	記号,読点,*,*,*,*,，,，,，
その	連体詞,*,*,*,*,*,その,ソノ,ソノ
前面	名詞,一般,*,*,*,*,前面,ゼンメン,ゼンメン
に	助詞,格助詞,一般,*,*,*,に,ニ,ニ
付け	動詞,自立,*,*,一段,連用形,付ける,ツケ,ツケ
た	助動詞,*,*,*,特殊・タ,基本形,た,タ,タ
。	記号,句点,*,*,*,*,。,。,。
次に	接続詞,*,*,*,*,*,次に,ツギニ,ツギニ
，	記号,読点,*,*,*,*,，,，,，
金	名詞,一般,*,*,*,*,金,キン,キン
の	助詞,連体化,*,*,*,*,の,ノ,ノ
輪	名詞,一般,*,*,*,*,輪,ワ,ワ
二つ	名詞,一般,*,*,*,*,二つ,フタツ,フタツ
を	助詞,格助詞,一般,*,*,*,を,ヲ,ヲ
造り	動詞,自立,*,*,五段・ラ行,連用形,造る,ツクリ,ツクリ
，	記号,読点,*,*,*,*,，,，,，
それ	名詞,代名詞,一般,*,*,*,それ,ソレ,ソレ
を	助詞,格助詞,一般,*,*,*,を,ヲ,ヲ
胸	名詞,一般,*,*,*,*,胸,ムネ,ムネ
掛け	名詞,接尾,一般,*,*,*,掛け,カケ,カケ
の	助詞,連体化,*,*,*,*,の,ノ,ノ
二つ	名詞,一般,*,*,*,*,二つ,フタツ,フタツ
の	助詞,連体化,*,*,*,*,の,ノ,ノ
突端	名詞,一般,*,*,*,*,突端,トッタン,トッタン
，	記号,読点,*,*,*,*,，,，,，
内側	名詞,一般,*,*,*,*,内側,ウチガワ,ウチガワ
の	助詞,連体化,*,*,*,*,の,ノ,ノ
エフォド	名詞,一般,*,*,*,*,*
の	助詞,連体化,*,*,*,*,の,ノ,ノ
ほう	名詞,非自立,一般,*,*,*,ほう,ホウ,ホー
の	助詞,連体化,*,*,*,*,の,ノ,ノ
側	名詞,一般,*,*,*,*,側,ガワ,ガワ
の	助詞,連体化,*,*,*,*,の,ノ,ノ
へり	動詞,自立,*,*,五段・ラ行,連用形,へる,ヘリ,ヘリ
に	助詞,格助詞,一般,*,*,*,に,ニ,ニ
はめ	動詞,自立,*,*,一段,連用形,はめる,ハメ,ハメ
た	助動詞,*,*,*,特殊・タ,基本形,た,タ,タ
。	記号,句点,*,*,*,*,。,。,。
次いで	接続詞,*,*,*,*,*,次いで,ツイデ,ツイデ
金	名詞,一般,*,*,*,*,金,キン,キン
の	助詞,連体化,*,*,*,*,の,ノ,ノ
輪	名詞,一般,*,*,*,*,輪,ワ,ワ
二つ	名詞,一般,*,*,*,*,二つ,フタツ,フタツ
を	助詞,格助詞,一般,*,*,*,を,ヲ,ヲ
造り	動詞,自立,*,*,五段・ラ行,連用形,造る,ツクリ,ツクリ
，	記号,読点,*,*,*,*,，,，,，
エフォド	名詞,一般,*,*,*,*,*
の	助詞,連体化,*,*,*,*,の,ノ,ノ
二つ	名詞,一般,*,*,*,*,二つ,フタツ,フタツ
の	助詞,連体化,*,*,*,*,の,ノ,ノ
肩	名詞,一般,*,*,*,*,肩,カタ,カタ
ひも	名詞,一般,*,*,*,*,ひも,ヒモ,ヒモ
に	助詞,格助詞,一般,*,*,*,に,ニ,ニ
下	名詞,一般,*,*,*,*,下,シタ,シタ
の	助詞,連体化,*,*,*,*,の,ノ,ノ
ほう	名詞,非自立,一般,*,*,*,ほう,ホウ,ホー
から	助詞,格助詞,一般,*,*,*,から,カラ,カラ
，	記号,読点,*,*,*,*,，,，,，
その	連体詞,*,*,*,*,*,その,ソノ,ソノ
前面	名詞,一般,*,*,*,*,前面,ゼンメン,ゼンメン
，	記号,読点,*,*,*,*,，,，,，
合わせ	動詞,自立,*,*,一段,連用形,合わせる,アワセ,アワセ
目	名詞,接尾,一般,*,*,*,目,メ,メ
の	助詞,連体化,*,*,*,*,の,ノ,ノ
近く	名詞,副詞可能,*,*,*,*,近く,チカク,チカク
，	記号,読点,*,*,*,*,，,，,，
エフォド	名詞,一般,*,*,*,*,*
の	助詞,連体化,*,*,*,*,の,ノ,ノ
腰帯	名詞,一般,*,*,*,*,腰帯,コシオビ,コシオビ
より	助詞,格助詞,一般,*,*,*,より,ヨリ,ヨリ
上	名詞,一般,*,*,*,*,上,ウエ,ウエ
の	助詞,連体化,*,*,*,*,の,ノ,ノ
ところ	名詞,非自立,副詞可能,*,*,*,ところ,トコロ,トコロ
に	助詞,格助詞,一般,*,*,*,に,ニ,ニ
それ	名詞,代名詞,一般,*,*,*,それ,ソレ,ソレ
を	助詞,格助詞,一般,*,*,*,を,ヲ,ヲ
付け	動詞,自立,*,*,一段,連用形,付ける,ツケ,ツケ
た	助動詞,*,*,*,特殊・タ,基本形,た,タ,タ
。	記号,句点,*,*,*,*,。,。,。
最後	名詞,一般,*,*,*,*,最後,サイゴ,サイゴ
に	助詞,格助詞,一般,*,*,*,に,ニ,ニ
，	記号,読点,*,*,*,*,，,，,，
胸	名詞,一般,*,*,*,*,胸,ムネ,ムネ
掛け	名詞,接尾,一般,*,*,*,掛け,カケ,カケ
を	助詞,格助詞,一般,*,*,*,を,ヲ,ヲ
それ	名詞,代名詞,一般,*,*,*,それ,ソレ,ソレ
の	助詞,連体化,*,*,*,*,の,ノ,ノ
輪	名詞,一般,*,*,*,*,輪,ワ,ワ
によって	助詞,格助詞,連語,*,*,*,によって,ニヨッテ,ニヨッテ
エフォド	名詞,一般,*,*,*,*,*
の	助詞,連体化,*,*,*,*,の,ノ,ノ
輪	名詞,一般,*,*,*,*,輪,ワ,ワ
に	助詞,格助詞,一般,*,*,*,に,ニ,ニ
青	接頭詞,名詞接続,*,*,*,*,青,アオ,アオ
ひも	名詞,一般,*,*,*,*,ひも,ヒモ,ヒモ
で	助詞,格助詞,一般,*,*,*,で,デ,デ
縛り	動詞,自立,*,*,五段・ラ行,連用形,縛る,シバリ,シバリ
，	記号,読点,*,*,*,*,，,，,，
それ	名詞,代名詞,一般,*,*,*,それ,ソレ,ソレ
が	助詞,格助詞,一般,*,*,*,が,ガ,ガ
エフォド	名詞,一般,*,*,*,*,*
の	助詞,連体化,*,*,*,*,の,ノ,ノ
腰帯	名詞,一般,*,*,*,*,腰帯,コシオビ,コシオビ
より	助詞,格助詞,一般,*,*,*,より,ヨリ,ヨリ
上	名詞,一般,*,*,*,*,上,ウエ,ウエ
に	助詞,格助詞,一般,*,*,*,に,ニ,ニ
とどまり	動詞,自立,*,*,五段・ラ行,連用形,とどまる,トドマリ,トドマリ
，	記号,読点,*,*,*,*,，,，,，
胸	名詞,一般,*,*,*,*,胸,ムネ,ムネ
掛け	名詞,接尾,一般,*,*,*,掛け,カケ,カケ
が	助詞,格助詞,一般,*,*,*,が,ガ,ガ
エフォド	名詞,一般,*,*,*,*,*
の	助詞,連体化,*,*,*,*,の,ノ,ノ
上	名詞,非自立,副詞可能,*,*,*,上,ウエ,ウエ
から	助詞,格助詞,一般,*,*,*,から,カラ,カラ
ずれ	動詞,自立,*,*,一段,未然形,ずれる,ズレ,ズレ
ない	助動詞,*,*,*,特殊・ナイ,基本形,ない,ナイ,ナイ
よう	名詞,非自立,助動詞語幹,*,*,*,よう,ヨウ,ヨー
に	助詞,格助詞,一般,*,*,*,に,ニ,ニ
し	動詞,自立,*,*,サ変・スル,連用形,する,シ,シ
て	助詞,接続助詞,*,*,*,*,て,テ,テ
，	記号,読点,*,*,*,*,，,，,，
エホバ	名詞,一般,*,*,*,*,エホバ,エホバ,エホバ
が	助詞,格助詞,一般,*,*,*,が,ガ,ガ
モー	名詞,固有名詞,人名,姓,*,*,モー,モー,モー
セ	名詞,一般,*,*,*,*,セ,セ,セ
に	助詞,格助詞,一般,*,*,*,に,ニ,ニ
命じ	動詞,自立,*,*,一段,連用形,命じる,メイジ,メイジ
た	助動詞,*,*,*,特殊・タ,基本形,た,タ,タ
とおり	名詞,非自立,副詞可能,*,*,*,とおり,トオリ,トーリ
に	助詞,格助詞,一般,*,*,*,に,ニ,ニ
し	動詞,自立,*,*,サ変・スル,連用形,する,シ,シ
た	助動詞,*,*,*,特殊・タ,基本形,た,タ,タ
。	記号,句点,*,*,*,*,。,。,。
次いで	接続詞,*,*,*,*,*,次いで,ツイデ,ツイデ
彼	名詞,代名詞,一般,*,*,*,彼,カレ,カレ
は	助詞,係助詞,*,*,*,*,は,ハ,ワ
エフォド	名詞,一般,*,*,*,*,*
の	助詞,連体化,*,*,*,*,の,ノ,ノ
そで	名詞,一般,*,*,*,*,そで,ソデ,ソデ
なし	形容詞,自立,*,*,形容詞・アウオ段,文語基本形,ない,ナシ,ナシ
の	助詞,連体化,*,*,*,*,の,ノ,ノ
上着	名詞,一般,*,*,*,*,上着,ウワギ,ウワギ
を	助詞,格助詞,一般,*,*,*,を,ヲ,ヲ
作っ	動詞,自立,*,*,五段・ラ行,連用タ接続,作る,ツクッ,ツクッ
た	助動詞,*,*,*,特殊・タ,基本形,た,タ,タ
。	記号,句点,*,*,*,*,。,。,。
機織り	名詞,一般,*,*,*,*,機織り,ハタオリ,ハタオリ
人	名詞,接尾,一般,*,*,*,人,ジン,ジン
の	助詞,連体化,*,*,*,*,の,ノ,ノ
製作	名詞,サ変接続,*,*,*,*,製作,セイサク,セイサク
で	助詞,格助詞,一般,*,*,*,で,デ,デ
，	記号,読点,*,*,*,*,，,，,，
すべて	名詞,副詞可能,*,*,*,*,すべて,スベテ,スベテ
青	名詞,一般,*,*,*,*,青,アオ,アオ
糸	名詞,接尾,一般,*,*,*,糸,イト,イト
で	助動詞,*,*,*,特殊・ダ,連用形,だ,デ,デ
あっ	助動詞,*,*,*,五段・ラ行アル,連用タ接続,ある,アッ,アッ
た	助動詞,*,*,*,特殊・タ,基本形,た,タ,タ
。	記号,句点,*,*,*,*,。,。,。
そして	接続詞,*,*,*,*,*,そして,ソシテ,ソシテ
，	記号,読点,*,*,*,*,，,，,，
そで	名詞,一般,*,*,*,*,そで,ソデ,ソデ
なし	形容詞,自立,*,*,形容詞・アウオ段,文語基本形,ない,ナシ,ナシ
の	助詞,連体化,*,*,*,*,の,ノ,ノ
上着	名詞,一般,*,*,*,*,上着,ウワギ,ウワギ
の	助詞,連体化,*,*,*,*,の,ノ,ノ
開き	名詞,一般,*,*,*,*,開き,ヒラキ,ヒラキ
口	名詞,接尾,一般,*,*,*,口,グチ,グチ
は	助詞,係助詞,*,*,*,*,は,ハ,ワ
その	連体詞,*,*,*,*,*,その,ソノ,ソノ
真ん中	名詞,一般,*,*,*,*,真ん中,マンナカ,マンナカ
に	助詞,格助詞,一般,*,*,*,に,ニ,ニ
あり	動詞,自立,*,*,五段・ラ行,連用形,ある,アリ,アリ
，	記号,読点,*,*,*,*,，,，,，
小	接頭詞,名詞接続,*,*,*,*,小,ショウ,ショー
札	名詞,一般,*,*,*,*,札,サツ,サツ
かたびら	名詞,一般,*,*,*,*,かたびら,カタビラ,カタビラ
の	助詞,連体化,*,*,*,*,の,ノ,ノ
開き	名詞,一般,*,*,*,*,開き,ヒラキ,ヒラキ
口	名詞,接尾,一般,*,*,*,口,グチ,グチ
の	助詞,連体化,*,*,*,*,の,ノ,ノ
よう	名詞,非自立,助動詞語幹,*,*,*,よう,ヨウ,ヨー
で	助動詞,*,*,*,特殊・ダ,連用形,だ,デ,デ
あっ	助動詞,*,*,*,五段・ラ行アル,連用タ接続,ある,アッ,アッ
た	助動詞,*,*,*,特殊・タ,基本形,た,タ,タ
。	記号,句点,*,*,*,*,。,。,。
その	連体詞,*,*,*,*,*,その,ソノ,ソノ
開き	名詞,一般,*,*,*,*,開き,ヒラキ,ヒラキ
口	名詞,接尾,一般,*,*,*,口,グチ,グチ
に	助詞,格助詞,一般,*,*,*,に,ニ,ニ
は	助詞,係助詞,*,*,*,*,は,ハ,ワ
，	記号,読点,*,*,*,*,，,，,，
それ	名詞,代名詞,一般,*,*,*,それ,ソレ,ソレ
が	助詞,格助詞,一般,*,*,*,が,ガ,ガ
裂ける	動詞,自立,*,*,一段,基本形,裂ける,サケル,サケル
こと	名詞,非自立,一般,*,*,*,こと,コト,コト
の	助詞,格助詞,一般,*,*,*,の,ノ,ノ
ない	形容詞,自立,*,*,形容詞・アウオ段,基本形,ない,ナイ,ナイ
よう	名詞,非自立,助動詞語幹,*,*,*,よう,ヨウ,ヨー
に	助詞,副詞化,*,*,*,*,に,ニ,ニ
，	記号,読点,*,*,*,*,，,，,，
周囲	名詞,一般,*,*,*,*,周囲,シュウイ,シューイ
に	助詞,格助詞,一般,*,*,*,に,ニ,ニ
縁	名詞,一般,*,*,*,*,縁,エン,エン
飾り	名詞,接尾,一般,*,*,*,飾り,カザリ,カザリ
が	助詞,格助詞,一般,*,*,*,が,ガ,ガ
し	動詞,自立,*,*,サ変・スル,連用形,する,シ,シ
て	助詞,接続助詞,*,*,*,*,て,テ,テ
あっ	動詞,非自立,*,*,五段・ラ行,連用タ接続,ある,アッ,アッ
た	助動詞,*,*,*,特殊・タ,基本形,た,タ,タ
。	記号,句点,*,*,*,*,。,。,。
次いで	接続詞,*,*,*,*,*,次いで,ツイデ,ツイデ
彼ら	名詞,代名詞,一般,*,*,*,彼ら,カレラ,カレラ
は	助詞,係助詞,*,*,*,*,は,ハ,ワ
，	記号,読点,*,*,*,*,，,，,，
そで	名詞,一般,*,*,*,*,そで,ソデ,ソデ
なし	形容詞,自立,*,*,形容詞・アウオ段,文語基本形,ない,ナシ,ナシ
の	助詞,連体化,*,*,*,*,の,ノ,ノ
上着	名詞,一般,*,*,*,*,上着,ウワギ,ウワギ
の	助詞,連体化,*,*,*,*,の,ノ,ノ
すそ	名詞,一般,*,*,*,*,すそ,スソ,スソ
べり	名詞,接尾,一般,*,*,*,べり,ベリ,ベリ
に	助詞,格助詞,一般,*,*,*,に,ニ,ニ
，	記号,読点,*,*,*,*,，,，,，
青	名詞,一般,*,*,*,*,青,アオ,アオ
糸	名詞,接尾,一般,*,*,*,糸,イト,イト
，	記号,読点,*,*,*,*,，,，,，
赤	名詞,一般,*,*,*,*,赤,アカ,アカ
紫	名詞,一般,*,*,*,*,紫,ムラサキ,ムラサキ
に	助詞,格助詞,一般,*,*,*,に,ニ,ニ
染め	動詞,自立,*,*,一段,連用形,染める,ソメ,ソメ
た	助動詞,*,*,*,特殊・タ,基本形,た,タ,タ
羊毛	名詞,一般,*,*,*,*,羊毛,ヨウモウ,ヨーモー
，	記号,読点,*,*,*,*,，,，,，
えんじ	動詞,自立,*,*,一段,連用形,えんじる,エンジ,エンジ
むし	名詞,一般,*,*,*,*,むし,ムシ,ムシ
緋色	名詞,一般,*,*,*,*,緋色,ヒイロ,ヒイロ
の	助詞,連体化,*,*,*,*,の,ノ,ノ
物	名詞,非自立,一般,*,*,*,物,モノ,モノ
を	助詞,格助詞,一般,*,*,*,を,ヲ,ヲ
より	副詞,一般,*,*,*,*,より,ヨリ,ヨリ
合わせ	動詞,自立,*,*,一段,連用形,合わせる,アワセ,アワセ
た	助動詞,*,*,*,特殊・タ,基本形,た,タ,タ
ざくろ	名詞,一般,*,*,*,*,ざくろ,ザクロ,ザクロ
を	助詞,格助詞,一般,*,*,*,を,ヲ,ヲ
作っ	動詞,自立,*,*,五段・ラ行,連用タ接続,作る,ツクッ,ツクッ
た	助動詞,*,*,*,特殊・タ,基本形,た,タ,タ
。	記号,句点,*,*,*,*,。,。,。
さらに	副詞,助詞類接続,*,*,*,*,さらに,サラニ,サラニ
，	記号,読点,*,*,*,*,，,，,，
純金	名詞,一般,*,*,*,*,純金,ジュンキン,ジュンキン
の	助詞,連体化,*,*,*,*,の,ノ,ノ
鈴	名詞,一般,*,*,*,*,鈴,スズ,スズ
を	助詞,格助詞,一般,*,*,*,を,ヲ,ヲ
造り	動詞,自立,*,*,五段・ラ行,連用形,造る,ツクリ,ツクリ
，	記号,読点,*,*,*,*,，,，,，
その	連体詞,*,*,*,*,*,その,ソノ,ソノ
鈴	名詞,一般,*,*,*,*,鈴,スズ,スズ
を	助詞,格助詞,一般,*,*,*,を,ヲ,ヲ
ざくろ	名詞,一般,*,*,*,*,ざくろ,ザクロ,ザクロ
の	助詞,連体化,*,*,*,*,の,ノ,ノ
間	名詞,一般,*,*,*,*,間,マ,マ
に	助詞,格助詞,一般,*,*,*,に,ニ,ニ
配し	動詞,自立,*,*,五段・サ行,連用形,配す,ハイシ,ハイシ
て	助詞,接続助詞,*,*,*,*,て,テ,テ
そで	名詞,一般,*,*,*,*,そで,ソデ,ソデ
なし	形容詞,自立,*,*,形容詞・アウオ段,文語基本形,ない,ナシ,ナシ
の	助詞,連体化,*,*,*,*,の,ノ,ノ
上着	名詞,一般,*,*,*,*,上着,ウワギ,ウワギ
の	助詞,連体化,*,*,*,*,の,ノ,ノ
すそ	名詞,一般,*,*,*,*,すそ,スソ,スソ
べり	名詞,接尾,一般,*,*,*,べり,ベリ,ベリ
に	助詞,格助詞,一般,*,*,*,に,ニ,ニ
ぐるり	副詞,助詞類接続,*,*,*,*,ぐるり,グルリ,グルリ
と	助詞,副詞化,*,*,*,*,と,ト,ト
付け	動詞,自立,*,*,一段,連用形,付ける,ツケ,ツケ
た	助動詞,*,*,*,特殊・タ,基本形,た,タ,タ
。	記号,句点,*,*,*,*,。,。,。
ざくろ	名詞,一般,*,*,*,*,ざくろ,ザクロ,ザクロ
の	助詞,連体化,*,*,*,*,の,ノ,ノ
間	名詞,一般,*,*,*,*,間,マ,マ
に	助詞,格助詞,一般,*,*,*,に,ニ,ニ
で	助動詞,*,*,*,特殊・ダ,連用形,だ,デ,デ
ある	助動詞,*,*,*,五段・ラ行アル,基本形,ある,アル,アル
。	記号,句点,*,*,*,*,。,。,。
鈴	名詞,一般,*,*,*,*,鈴,スズ,スズ
と	助詞,並立助詞,*,*,*,*,と,ト,ト
ざくろ	名詞,一般,*,*,*,*,ざくろ,ザクロ,ザクロ
，	記号,読点,*,*,*,*,，,，,，
鈴	名詞,一般,*,*,*,*,鈴,スズ,スズ
と	助詞,並立助詞,*,*,*,*,と,ト,ト
ざくろ	名詞,一般,*,*,*,*,ざくろ,ザクロ,ザクロ
が	助詞,格助詞,一般,*,*,*,が,ガ,ガ
そで	名詞,一般,*,*,*,*,そで,ソデ,ソデ
なし	形容詞,自立,*,*,形容詞・アウオ段,文語基本形,ない,ナシ,ナシ
の	助詞,連体化,*,*,*,*,の,ノ,ノ
上着	名詞,一般,*,*,*,*,上着,ウワギ,ウワギ
の	助詞,連体化,*,*,*,*,の,ノ,ノ
すそ	名詞,一般,*,*,*,*,すそ,スソ,スソ
べり	名詞,接尾,一般,*,*,*,べり,ベリ,ベリ
に	助詞,格助詞,一般,*,*,*,に,ニ,ニ
ぐるり	副詞,助詞類接続,*,*,*,*,ぐるり,グルリ,グルリ
と	助詞,副詞化,*,*,*,*,と,ト,ト
付い	動詞,自立,*,*,五段・カ行イ音便,連用タ接続,付く,ツイ,ツイ
た	助動詞,*,*,*,特殊・タ,基本形,た,タ,タ
。	記号,句点,*,*,*,*,。,。,。
奉仕	名詞,サ変接続,*,*,*,*,奉仕,ホウシ,ホーシ
の	助詞,連体化,*,*,*,*,の,ノ,ノ
用	名詞,一般,*,*,*,*,用,ヨウ,ヨー
の	助詞,連体化,*,*,*,*,の,ノ,ノ
ため	名詞,非自立,副詞可能,*,*,*,ため,タメ,タメ
で	助動詞,*,*,*,特殊・ダ,連用形,だ,デ,デ
あり	助動詞,*,*,*,五段・ラ行アル,連用形,ある,アリ,アリ
，	記号,読点,*,*,*,*,，,，,，
エホバ	名詞,一般,*,*,*,*,エホバ,エホバ,エホバ
が	助詞,格助詞,一般,*,*,*,が,ガ,ガ
モー	名詞,固有名詞,人名,姓,*,*,モー,モー,モー
セ	名詞,一般,*,*,*,*,セ,セ,セ
に	助詞,格助詞,一般,*,*,*,に,ニ,ニ
命じ	動詞,自立,*,*,一段,連用形,命じる,メイジ,メイジ
た	助動詞,*,*,*,特殊・タ,基本形,た,タ,タ
とおり	名詞,非自立,副詞可能,*,*,*,とおり,トオリ,トーリ
に	助詞,格助詞,一般,*,*,*,に,ニ,ニ
なっ	動詞,自立,*,*,五段・ラ行,連用タ接続,なる,ナッ,ナッ
た	助動詞,*,*,*,特殊・タ,基本形,た,タ,タ
。	記号,句点,*,*,*,*,。,。,。
次に	副詞,一般,*,*,*,*,次に,ツギニ,ツギニ
彼ら	名詞,代名詞,一般,*,*,*,彼ら,カレラ,カレラ
は	助詞,係助詞,*,*,*,*,は,ハ,ワ
上等	名詞,一般,*,*,*,*,上等,ジョウトウ,ジョートー
の	助詞,連体化,*,*,*,*,の,ノ,ノ
亜麻	名詞,一般,*,*,*,*,亜麻,アマ,アマ
で	助詞,格助詞,一般,*,*,*,で,デ,デ
長い	形容詞,自立,*,*,形容詞・アウオ段,基本形,長い,ナガイ,ナガイ
衣	名詞,一般,*,*,*,*,衣,コロモ,コロモ
を	助詞,格助詞,一般,*,*,*,を,ヲ,ヲ
作っ	動詞,自立,*,*,五段・ラ行,連用タ接続,作る,ツクッ,ツクッ
た	助動詞,*,*,*,特殊・タ,基本形,た,タ,タ
。	記号,句点,*,*,*,*,。,。,。
機織り	名詞,一般,*,*,*,*,機織り,ハタオリ,ハタオリ
人	名詞,接尾,一般,*,*,*,人,ジン,ジン
の	助詞,連体化,*,*,*,*,の,ノ,ノ
製作	名詞,サ変接続,*,*,*,*,製作,セイサク,セイサク
で	助詞,格助詞,一般,*,*,*,で,デ,デ
，	記号,読点,*,*,*,*,，,，,，
アロン	名詞,一般,*,*,*,*,アロン,アロン,アロン
と	助詞,格助詞,一般,*,*,*,と,ト,ト
その	連体詞,*,*,*,*,*,その,ソノ,ソノ
子	名詞,一般,*,*,*,*,子,コ,コ
ら	名詞,接尾,一般,*,*,*,ら,ラ,ラ
の	助詞,連体化,*,*,*,*,の,ノ,ノ
ため	名詞,非自立,副詞可能,*,*,*,ため,タメ,タメ
で	助動詞,*,*,*,特殊・ダ,連用形,だ,デ,デ
あっ	助動詞,*,*,*,五段・ラ行アル,連用タ接続,ある,アッ,アッ
た	助動詞,*,*,*,特殊・タ,基本形,た,タ,タ
。	記号,句点,*,*,*,*,。,。,。
また	接続詞,*,*,*,*,*,また,マタ,マタ
，	記号,読点,*,*,*,*,，,，,，
上等	名詞,一般,*,*,*,*,上等,ジョウトウ,ジョートー
の	助詞,連体化,*,*,*,*,の,ノ,ノ
亜麻	名詞,一般,*,*,*,*,亜麻,アマ,アマ
で	助詞,格助詞,一般,*,*,*,で,デ,デ
ターバン	名詞,一般,*,*,*,*,ターバン,ターバン,ターバン
を	助詞,格助詞,一般,*,*,*,を,ヲ,ヲ
，	記号,読点,*,*,*,*,，,，,，
上等	名詞,一般,*,*,*,*,上等,ジョウトウ,ジョートー
の	助詞,連体化,*,*,*,*,の,ノ,ノ
亜麻	名詞,一般,*,*,*,*,亜麻,アマ,アマ
で	助詞,格助詞,一般,*,*,*,で,デ,デ
飾り	名詞,一般,*,*,*,*,飾り,カザリ,カザリ
の	助詞,連体化,*,*,*,*,の,ノ,ノ
頭	名詞,一般,*,*,*,*,頭,アタマ,アタマ
包み	名詞,一般,*,*,*,*,包み,ツツミ,ツツミ
を	助詞,格助詞,一般,*,*,*,を,ヲ,ヲ
，	記号,読点,*,*,*,*,，,，,，
上等	名詞,一般,*,*,*,*,上等,ジョウトウ,ジョートー
の	名詞,非自立,一般,*,*,*,の,ノ,ノ
より	助詞,格助詞,一般,*,*,*,より,ヨリ,ヨリ
亜麻	名詞,一般,*,*,*,*,亜麻,アマ,アマ
で	助詞,格助詞,一般,*,*,*,で,デ,デ
亜麻	名詞,一般,*,*,*,*,亜麻,アマ,アマ
の	助詞,連体化,*,*,*,*,の,ノ,ノ
股	名詞,一般,*,*,*,*,股,マタ,マタ
引き	名詞,接尾,一般,*,*,*,引き,ビキ,ビキ
を	助詞,格助詞,一般,*,*,*,を,ヲ,ヲ
[	名詞,サ変接続,*,*,*,*,*
作り	名詞,接尾,一般,*,*,*,作り,ヅクリ,ズクリ
]，	名詞,サ変接続,*,*,*,*,*
さらに	副詞,助詞類接続,*,*,*,*,さらに,サラニ,サラニ
，	記号,読点,*,*,*,*,，,，,，
上等	名詞,一般,*,*,*,*,上等,ジョウトウ,ジョートー
の	名詞,非自立,一般,*,*,*,の,ノ,ノ
より	助詞,格助詞,一般,*,*,*,より,ヨリ,ヨリ
亜麻	名詞,一般,*,*,*,*,亜麻,アマ,アマ
，	記号,読点,*,*,*,*,，,，,，
青	名詞,一般,*,*,*,*,青,アオ,アオ
糸	名詞,接尾,一般,*,*,*,糸,イト,イト
，	記号,読点,*,*,*,*,，,，,，
赤	名詞,一般,*,*,*,*,赤,アカ,アカ
紫	名詞,一般,*,*,*,*,紫,ムラサキ,ムラサキ
に	助詞,格助詞,一般,*,*,*,に,ニ,ニ
染め	動詞,自立,*,*,一段,連用形,染める,ソメ,ソメ
た	助動詞,*,*,*,特殊・タ,基本形,た,タ,タ
羊毛	名詞,一般,*,*,*,*,羊毛,ヨウモウ,ヨーモー
，	記号,読点,*,*,*,*,，,，,，
えんじ	動詞,自立,*,*,一段,連用形,えんじる,エンジ,エンジ
むし	名詞,一般,*,*,*,*,むし,ムシ,ムシ
緋色	名詞,一般,*,*,*,*,緋色,ヒイロ,ヒイロ
の	助詞,連体化,*,*,*,*,の,ノ,ノ
物	名詞,非自立,一般,*,*,*,物,モノ,モノ
で	助詞,格助詞,一般,*,*,*,で,デ,デ
飾り	名詞,一般,*,*,*,*,飾り,カザリ,カザリ
帯	名詞,接尾,一般,*,*,*,帯,タイ,タイ
を	助詞,格助詞,一般,*,*,*,を,ヲ,ヲ
[	名詞,サ変接続,*,*,*,*,*
作っ	動詞,自立,*,*,五段・ラ行,連用タ接続,作る,ツクッ,ツクッ
た	助動詞,*,*,*,特殊・タ,基本形,た,タ,タ
]。	名詞,サ変接続,*,*,*,*,*
織物	名詞,一般,*,*,*,*,織物,オリモノ,オリモノ
師	名詞,接尾,一般,*,*,*,師,シ,シ
の	助詞,連体化,*,*,*,*,の,ノ,ノ
仕事	名詞,サ変接続,*,*,*,*,仕事,シゴト,シゴト
で	助動詞,*,*,*,特殊・ダ,連用形,だ,デ,デ
あり	助動詞,*,*,*,五段・ラ行アル,連用形,ある,アリ,アリ
，	記号,読点,*,*,*,*,，,，,，
エホバ	名詞,一般,*,*,*,*,エホバ,エホバ,エホバ
が	助詞,格助詞,一般,*,*,*,が,ガ,ガ
モー	名詞,固有名詞,人名,姓,*,*,モー,モー,モー
セ	名詞,一般,*,*,*,*,セ,セ,セ
に	助詞,格助詞,一般,*,*,*,に,ニ,ニ
命じ	動詞,自立,*,*,一段,連用形,命じる,メイジ,メイジ
た	助動詞,*,*,*,特殊・タ,基本形,た,タ,タ
とおり	名詞,非自立,副詞可能,*,*,*,とおり,トオリ,トーリ
に	助詞,格助詞,一般,*,*,*,に,ニ,ニ
なっ	動詞,自立,*,*,五段・ラ行,連用タ接続,なる,ナッ,ナッ
た	助動詞,*,*,*,特殊・タ,基本形,た,タ,タ
。	記号,句点,*,*,*,*,。,。,。
最後	名詞,一般,*,*,*,*,最後,サイゴ,サイゴ
に	助詞,格助詞,一般,*,*,*,に,ニ,ニ
彼ら	名詞,代名詞,一般,*,*,*,彼ら,カレラ,カレラ
は	助詞,係助詞,*,*,*,*,は,ハ,ワ
輝く	動詞,自立,*,*,五段・カ行イ音便,基本形,輝く,カガヤク,カガヤク
平板	名詞,一般,*,*,*,*,平板,ヘイバン,ヘイバン
，	記号,読点,*,*,*,*,，,，,，
献納	名詞,サ変接続,*,*,*,*,献納,ケンノウ,ケンノー
の	助詞,連体化,*,*,*,*,の,ノ,ノ
聖なる	連体詞,*,*,*,*,*,聖なる,セイナル,セイナル
しるし	名詞,一般,*,*,*,*,しるし,シルシ,シルシ
を	助詞,格助詞,一般,*,*,*,を,ヲ,ヲ
純金	名詞,一般,*,*,*,*,純金,ジュンキン,ジュンキン
で	助詞,格助詞,一般,*,*,*,で,デ,デ
造り	動詞,自立,*,*,五段・ラ行,連用形,造る,ツクリ,ツクリ
，	記号,読点,*,*,*,*,，,，,，
その	連体詞,*,*,*,*,*,その,ソノ,ソノ
上	名詞,非自立,副詞可能,*,*,*,上,ウエ,ウエ
に	助詞,格助詞,一般,*,*,*,に,ニ,ニ
，	記号,読点,*,*,*,*,，,，,，
印章	名詞,一般,*,*,*,*,印章,インショウ,インショー
の	助詞,連体化,*,*,*,*,の,ノ,ノ
彫り	名詞,一般,*,*,*,*,彫り,ホリ,ホリ
込み	名詞,接尾,一般,*,*,*,込み,コミ,コミ
を	助詞,格助詞,一般,*,*,*,を,ヲ,ヲ
もっ	動詞,自立,*,*,五段・タ行,連用タ接続,もつ,モッ,モッ
て	助詞,接続助詞,*,*,*,*,て,テ,テ
，	記号,読点,*,*,*,*,，,，,，
「	記号,括弧開,*,*,*,*,「,「,「
神聖	名詞,形容動詞語幹,*,*,*,*,神聖,シンセイ,シンセイ
さ	名詞,接尾,特殊,*,*,*,さ,サ,サ
は	助詞,係助詞,*,*,*,*,は,ハ,ワ
エホバ	名詞,一般,*,*,*,*,エホバ,エホバ,エホバ
の	助詞,連体化,*,*,*,*,の,ノ,ノ
もの	名詞,非自立,一般,*,*,*,もの,モノ,モノ
」	記号,括弧閉,*,*,*,*,」,」,」
という	助詞,格助詞,連語,*,*,*,という,トイウ,トユウ
銘	名詞,一般,*,*,*,*,銘,メイ,メイ
の	助詞,連体化,*,*,*,*,の,ノ,ノ
書き込み	名詞,一般,*,*,*,*,書き込み,カキコミ,カキコミ
を	助詞,格助詞,一般,*,*,*,を,ヲ,ヲ
行なっ	動詞,自立,*,*,五段・ワ行促音便,連用タ接続,行なう,オコナッ,オコナッ
た	助動詞,*,*,*,特殊・タ,基本形,た,タ,タ
。	記号,句点,*,*,*,*,。,。,。
次いで	接続詞,*,*,*,*,*,次いで,ツイデ,ツイデ
，	記号,読点,*,*,*,*,，,，,，
青	名詞,一般,*,*,*,*,青,アオ,アオ
糸	名詞,接尾,一般,*,*,*,糸,イト,イト
の	助詞,連体化,*,*,*,*,の,ノ,ノ
ひも	名詞,一般,*,*,*,*,ひも,ヒモ,ヒモ
を	助詞,格助詞,一般,*,*,*,を,ヲ,ヲ
それ	名詞,代名詞,一般,*,*,*,それ,ソレ,ソレ
に	助詞,格助詞,一般,*,*,*,に,ニ,ニ
付け	動詞,自立,*,*,一段,連用形,付ける,ツケ,ツケ
て	助詞,接続助詞,*,*,*,*,て,テ,テ
，	記号,読点,*,*,*,*,，,，,，
それ	名詞,代名詞,一般,*,*,*,それ,ソレ,ソレ
を	助詞,格助詞,一般,*,*,*,を,ヲ,ヲ
ターバン	名詞,一般,*,*,*,*,ターバン,ターバン,ターバン
の	助詞,連体化,*,*,*,*,の,ノ,ノ
上	名詞,非自立,副詞可能,*,*,*,上,ウエ,ウエ
，	記号,読点,*,*,*,*,，,，,，
上方	名詞,一般,*,*,*,*,上方,カミガタ,カミガタ
に	助詞,格助詞,一般,*,*,*,に,ニ,ニ
付く	動詞,自立,*,*,五段・カ行イ音便,基本形,付く,ツク,ツク
よう	名詞,非自立,助動詞語幹,*,*,*,よう,ヨウ,ヨー
に	助詞,格助詞,一般,*,*,*,に,ニ,ニ
し	動詞,自立,*,*,サ変・スル,連用形,する,シ,シ
，	記号,読点,*,*,*,*,，,，,，
エホバ	名詞,一般,*,*,*,*,エホバ,エホバ,エホバ
が	助詞,格助詞,一般,*,*,*,が,ガ,ガ
モー	名詞,固有名詞,人名,姓,*,*,モー,モー,モー
セ	名詞,一般,*,*,*,*,セ,セ,セ
に	助詞,格助詞,一般,*,*,*,に,ニ,ニ
命じ	動詞,自立,*,*,一段,連用形,命じる,メイジ,メイジ
た	助動詞,*,*,*,特殊・タ,基本形,た,タ,タ
とおり	名詞,非自立,副詞可能,*,*,*,とおり,トオリ,トーリ
に	助詞,格助詞,一般,*,*,*,に,ニ,ニ
し	動詞,自立,*,*,サ変・スル,連用形,する,シ,シ
た	助動詞,*,*,*,特殊・タ,基本形,た,タ,タ
。	記号,句点,*,*,*,*,。,。,。
こうして	接続詞,*,*,*,*,*,こうして,コウシテ,コーシテ
，	記号,読点,*,*,*,*,，,，,，
会見	名詞,サ変接続,*,*,*,*,会見,カイケン,カイケン
の	助詞,連体化,*,*,*,*,の,ノ,ノ
天幕	名詞,一般,*,*,*,*,天幕,テンマク,テンマク
の	助詞,連体化,*,*,*,*,の,ノ,ノ
幕屋	名詞,一般,*,*,*,*,幕屋,マクヤ,マクヤ
の	助詞,連体化,*,*,*,*,の,ノ,ノ
ため	名詞,非自立,副詞可能,*,*,*,ため,タメ,タメ
の	助詞,連体化,*,*,*,*,の,ノ,ノ
仕事	名詞,サ変接続,*,*,*,*,仕事,シゴト,シゴト
は	助詞,係助詞,*,*,*,*,は,ハ,ワ
すべて	名詞,副詞可能,*,*,*,*,すべて,スベテ,スベテ
完了	名詞,サ変接続,*,*,*,*,完了,カンリョウ,カンリョー
し	動詞,自立,*,*,サ変・スル,連用形,する,シ,シ
た	助動詞,*,*,*,特殊・タ,基本形,た,タ,タ
。	記号,句点,*,*,*,*,。,。,。
イスラエル	名詞,固有名詞,地域,国,*,*,イスラエル,イスラエル,イスラエル
の	助詞,連体化,*,*,*,*,の,ノ,ノ
子	名詞,一般,*,*,*,*,子,コ,コ
ら	名詞,接尾,一般,*,*,*,ら,ラ,ラ
は	助詞,係助詞,*,*,*,*,は,ハ,ワ
すべて	名詞,副詞可能,*,*,*,*,すべて,スベテ,スベテ
エホバ	名詞,一般,*,*,*,*,エホバ,エホバ,エホバ
が	助詞,格助詞,一般,*,*,*,が,ガ,ガ
モー	名詞,固有名詞,人名,姓,*,*,モー,モー,モー
セ	名詞,一般,*,*,*,*,セ,セ,セ
に	助詞,格助詞,一般,*,*,*,に,ニ,ニ
命じ	動詞,自立,*,*,一段,連用形,命じる,メイジ,メイジ
た	助動詞,*,*,*,特殊・タ,基本形,た,タ,タ
とおり	名詞,非自立,副詞可能,*,*,*,とおり,トオリ,トーリ
に	助詞,格助詞,一般,*,*,*,に,ニ,ニ
し	動詞,自立,*,*,サ変・スル,連用形,する,シ,シ
て	助詞,接続助詞,*,*,*,*,て,テ,テ
いっ	動詞,非自立,*,*,五段・カ行促音便,連用タ接続,いく,イッ,イッ
た	助動詞,*,*,*,特殊・タ,基本形,た,タ,タ
。	記号,句点,*,*,*,*,。,。,。
彼ら	名詞,代名詞,一般,*,*,*,彼ら,カレラ,カレラ
は	助詞,係助詞,*,*,*,*,は,ハ,ワ
まさに	副詞,一般,*,*,*,*,まさに,マサニ,マサニ
その	連体詞,*,*,*,*,*,その,ソノ,ソノ
とおり	名詞,非自立,副詞可能,*,*,*,とおり,トオリ,トーリ
に	助詞,格助詞,一般,*,*,*,に,ニ,ニ
行なっ	動詞,自立,*,*,五段・ワ行促音便,連用タ接続,行なう,オコナッ,オコナッ
た	助動詞,*,*,*,特殊・タ,基本形,た,タ,タ
。	記号,句点,*,*,*,*,。,。,。
それから	接続詞,*,*,*,*,*,それから,ソレカラ,ソレカラ
彼ら	名詞,代名詞,一般,*,*,*,彼ら,カレラ,カレラ
は	助詞,係助詞,*,*,*,*,は,ハ,ワ
その	連体詞,*,*,*,*,*,その,ソノ,ソノ
幕屋	名詞,一般,*,*,*,*,幕屋,マクヤ,マクヤ
を	助詞,格助詞,一般,*,*,*,を,ヲ,ヲ
モー	名詞,固有名詞,人名,姓,*,*,モー,モー,モー
セ	名詞,一般,*,*,*,*,セ,セ,セ
の	助詞,連体化,*,*,*,*,の,ノ,ノ
ところ	名詞,非自立,副詞可能,*,*,*,ところ,トコロ,トコロ
に	助詞,格助詞,一般,*,*,*,に,ニ,ニ
携え	動詞,自立,*,*,一段,連用形,携える,タズサエ,タズサエ
て	助詞,接続助詞,*,*,*,*,て,テ,テ
来	動詞,非自立,*,*,カ変・来ル,連用形,来る,キ,キ
た	助動詞,*,*,*,特殊・タ,基本形,た,タ,タ
。	記号,句点,*,*,*,*,。,。,。
すなわち	接続詞,*,*,*,*,*,すなわち,スナワチ,スナワチ
，	記号,読点,*,*,*,*,，,，,，
天幕	名詞,一般,*,*,*,*,天幕,テンマク,テンマク
と	助詞,格助詞,一般,*,*,*,と,ト,ト
その	連体詞,*,*,*,*,*,その,ソノ,ソノ
すべて	名詞,副詞可能,*,*,*,*,すべて,スベテ,スベテ
の	助詞,連体化,*,*,*,*,の,ノ,ノ
器具	名詞,一般,*,*,*,*,器具,キグ,キグ
，	記号,読点,*,*,*,*,，,，,，
留め	名詞,一般,*,*,*,*,留め,トメ,トメ
金	名詞,接尾,一般,*,*,*,金,キン,キン
，	記号,読点,*,*,*,*,，,，,，
区切り	名詞,一般,*,*,*,*,区切り,クギリ,クギリ
枠	名詞,接尾,一般,*,*,*,枠,ワク,ワク
，	記号,読点,*,*,*,*,，,，,，
横木	名詞,一般,*,*,*,*,横木,ヨコギ,ヨコギ
と	助詞,並立助詞,*,*,*,*,と,ト,ト
柱	名詞,一般,*,*,*,*,柱,ハシラ,ハシラ
と	助詞,格助詞,引用,*,*,*,と,ト,ト
受け	動詞,自立,*,*,一段,連用形,受ける,ウケ,ウケ
台	名詞,接尾,一般,*,*,*,台,ダイ,ダイ
，	記号,読点,*,*,*,*,，,，,，
赤く	形容詞,自立,*,*,形容詞・アウオ段,連用テ接続,赤い,アカク,アカク
染め	動詞,自立,*,*,一段,連用形,染める,ソメ,ソメ
た	助動詞,*,*,*,特殊・タ,基本形,た,タ,タ
雄	接頭詞,名詞接続,*,*,*,*,雄,オ,オ
羊	名詞,一般,*,*,*,*,羊,ヒツジ,ヒツジ
の	助詞,連体化,*,*,*,*,の,ノ,ノ
皮	名詞,一般,*,*,*,*,皮,カワ,カワ
の	助詞,連体化,*,*,*,*,の,ノ,ノ
覆い	名詞,一般,*,*,*,*,覆い,オオイ,オーイ
と	助詞,並立助詞,*,*,*,*,と,ト,ト
，	記号,読点,*,*,*,*,，,，,，
あざらし	名詞,一般,*,*,*,*,あざらし,アザラシ,アザラシ
の	助詞,連体化,*,*,*,*,の,ノ,ノ
皮	名詞,一般,*,*,*,*,皮,カワ,カワ
の	助詞,連体化,*,*,*,*,の,ノ,ノ
覆い	名詞,一般,*,*,*,*,覆い,オオイ,オーイ
と	助詞,並立助詞,*,*,*,*,と,ト,ト
，	記号,読点,*,*,*,*,，,，,，
仕切り	名詞,一般,*,*,*,*,仕切り,シキリ,シキリ
の	助詞,連体化,*,*,*,*,の,ノ,ノ
垂れ幕	名詞,一般,*,*,*,*,垂れ幕,タレマク,タレマク
，	記号,読点,*,*,*,*,，,，,，
証	名詞,一般,*,*,*,*,証,アカシ,アカシ
の	助詞,連体化,*,*,*,*,の,ノ,ノ
箱	名詞,一般,*,*,*,*,箱,ハコ,ハコ
と	助詞,格助詞,一般,*,*,*,と,ト,ト
その	連体詞,*,*,*,*,*,その,ソノ,ソノ
さ	助詞,終助詞,*,*,*,*,さ,サ,サ
おと	名詞,一般,*,*,*,*,おと,オト,オト
覆い	動詞,自立,*,*,五段・ワ行促音便,連用形,覆う,オオイ,オオイ
，	記号,読点,*,*,*,*,，,，,，
食卓	名詞,一般,*,*,*,*,食卓,ショクタク,ショクタク
，	記号,読点,*,*,*,*,，,，,，
その	連体詞,*,*,*,*,*,その,ソノ,ソノ
すべて	名詞,副詞可能,*,*,*,*,すべて,スベテ,スベテ
の	助詞,連体化,*,*,*,*,の,ノ,ノ
器具	名詞,一般,*,*,*,*,器具,キグ,キグ
と	助詞,並立助詞,*,*,*,*,と,ト,ト
供え	名詞,一般,*,*,*,*,供え,ソナエ,ソナエ
の	助詞,連体化,*,*,*,*,の,ノ,ノ
パン	名詞,一般,*,*,*,*,パン,パン,パン
，	記号,読点,*,*,*,*,，,，,，
純金	名詞,一般,*,*,*,*,純金,ジュンキン,ジュンキン
の	助詞,連体化,*,*,*,*,の,ノ,ノ
燭台	名詞,一般,*,*,*,*,燭台,ショクダイ,ショクダイ
，	記号,読点,*,*,*,*,，,，,，
その	連体詞,*,*,*,*,*,その,ソノ,ソノ
ともし	動詞,自立,*,*,五段・サ行,連用形,ともす,トモシ,トモシ
び	名詞,一般,*,*,*,*,*
皿	名詞,一般,*,*,*,*,皿,サラ,サラ
，	記号,読点,*,*,*,*,，,，,，
すなわち	接続詞,*,*,*,*,*,すなわち,スナワチ,スナワチ
一	名詞,数,*,*,*,*,一,イチ,イチ
列	名詞,接尾,助数詞,*,*,*,列,レツ,レツ
の	助詞,連体化,*,*,*,*,の,ノ,ノ
ともし	動詞,自立,*,*,五段・サ行,連用形,ともす,トモシ,トモシ
び	名詞,一般,*,*,*,*,*
皿	名詞,一般,*,*,*,*,皿,サラ,サラ
，	記号,読点,*,*,*,*,，,，,，
その	連体詞,*,*,*,*,*,その,ソノ,ソノ
すべて	名詞,副詞可能,*,*,*,*,すべて,スベテ,スベテ
の	助詞,連体化,*,*,*,*,の,ノ,ノ
器具	名詞,一般,*,*,*,*,器具,キグ,キグ
と	助詞,並立助詞,*,*,*,*,と,ト,ト
明かり	名詞,一般,*,*,*,*,明かり,アカリ,アカリ
の	助詞,連体化,*,*,*,*,の,ノ,ノ
油	名詞,一般,*,*,*,*,油,アブラ,アブラ
，	記号,読点,*,*,*,*,，,，,，
金	名詞,一般,*,*,*,*,金,キン,キン
の	助詞,連体化,*,*,*,*,の,ノ,ノ
祭壇	名詞,一般,*,*,*,*,祭壇,サイダン,サイダン
と	助詞,格助詞,一般,*,*,*,と,ト,ト
そそぎ	動詞,自立,*,*,五段・ガ行,連用形,そそぐ,ソソギ,ソソギ
油	名詞,一般,*,*,*,*,油,アブラ,アブラ
と	助詞,並立助詞,*,*,*,*,と,ト,ト
薫香	名詞,一般,*,*,*,*,薫香,クンコウ,クンコー
，	記号,読点,*,*,*,*,，,，,，
および	接続詞,*,*,*,*,*,および,オヨビ,オヨビ
天幕	名詞,一般,*,*,*,*,天幕,テンマク,テンマク
の	助詞,連体化,*,*,*,*,の,ノ,ノ
入口	名詞,一般,*,*,*,*,入口,イリグチ,イリグチ
の	助詞,連体化,*,*,*,*,の,ノ,ノ
ため	名詞,非自立,副詞可能,*,*,*,ため,タメ,タメ
の	助詞,連体化,*,*,*,*,の,ノ,ノ
仕切り	名詞,一般,*,*,*,*,仕切り,シキリ,シキリ
幕	名詞,一般,*,*,*,*,幕,マク,マク
，	記号,読点,*,*,*,*,，,，,，
銅	名詞,一般,*,*,*,*,銅,ドウ,ドー
の	助詞,連体化,*,*,*,*,の,ノ,ノ
祭壇	名詞,一般,*,*,*,*,祭壇,サイダン,サイダン
と	助詞,並立助詞,*,*,*,*,と,ト,ト
それ	名詞,代名詞,一般,*,*,*,それ,ソレ,ソレ
に	助詞,格助詞,一般,*,*,*,に,ニ,ニ
付属	名詞,サ変接続,*,*,*,*,付属,フゾク,フゾク
する	動詞,自立,*,*,サ変・スル,基本形,する,スル,スル
銅	名詞,一般,*,*,*,*,銅,ドウ,ドー
の	助詞,連体化,*,*,*,*,の,ノ,ノ
格子	名詞,一般,*,*,*,*,格子,コウシ,コーシ
，	記号,読点,*,*,*,*,，,，,，
その	連体詞,*,*,*,*,*,その,ソノ,ソノ
さ	助詞,終助詞,*,*,*,*,さ,サ,サ
おと	名詞,一般,*,*,*,*,おと,オト,オト
すべて	名詞,副詞可能,*,*,*,*,すべて,スベテ,スベテ
の	助詞,連体化,*,*,*,*,の,ノ,ノ
器具	名詞,一般,*,*,*,*,器具,キグ,キグ
，	記号,読点,*,*,*,*,，,，,，
水盤	名詞,一般,*,*,*,*,水盤,スイバン,スイバン
と	助詞,格助詞,一般,*,*,*,と,ト,ト
その	連体詞,*,*,*,*,*,その,ソノ,ソノ
台	名詞,一般,*,*,*,*,台,ダイ,ダイ
，	記号,読点,*,*,*,*,，,，,，
中庭	名詞,一般,*,*,*,*,中庭,ナカニワ,ナカニワ
の	助詞,連体化,*,*,*,*,の,ノ,ノ
掛け	名詞,一般,*,*,*,*,掛け,カケ,カケ
布	名詞,一般,*,*,*,*,布,ヌノ,ヌノ
，	記号,読点,*,*,*,*,，,，,，
その	連体詞,*,*,*,*,*,その,ソノ,ソノ
柱	名詞,一般,*,*,*,*,柱,ハシラ,ハシラ
と	助詞,格助詞,引用,*,*,*,と,ト,ト
受け	動詞,自立,*,*,一段,連用形,受ける,ウケ,ウケ
台	名詞,接尾,一般,*,*,*,台,ダイ,ダイ
，	記号,読点,*,*,*,*,，,，,，
および	接続詞,*,*,*,*,*,および,オヨビ,オヨビ
中庭	名詞,一般,*,*,*,*,中庭,ナカニワ,ナカニワ
の	助詞,連体化,*,*,*,*,の,ノ,ノ
門	名詞,一般,*,*,*,*,門,モン,モン
の	助詞,連体化,*,*,*,*,の,ノ,ノ
ため	名詞,非自立,副詞可能,*,*,*,ため,タメ,タメ
の	助詞,連体化,*,*,*,*,の,ノ,ノ
仕切り	名詞,一般,*,*,*,*,仕切り,シキリ,シキリ
幕	名詞,一般,*,*,*,*,幕,マク,マク
，	記号,読点,*,*,*,*,，,，,，
その	連体詞,*,*,*,*,*,その,ソノ,ソノ
天幕	名詞,一般,*,*,*,*,天幕,テンマク,テンマク
綱	名詞,一般,*,*,*,*,綱,ツナ,ツナ
と	助詞,並立助詞,*,*,*,*,と,ト,ト
天幕	名詞,一般,*,*,*,*,天幕,テンマク,テンマク
用	名詞,接尾,一般,*,*,*,用,ヨウ,ヨー
留め	名詞,一般,*,*,*,*,留め,トメ,トメ
杭	名詞,一般,*,*,*,*,杭,クイ,クイ
，	記号,読点,*,*,*,*,，,，,，
および	接続詞,*,*,*,*,*,および,オヨビ,オヨビ
幕屋	名詞,一般,*,*,*,*,幕屋,マクヤ,マクヤ
で	助詞,格助詞,一般,*,*,*,で,デ,デ
の	助詞,連体化,*,*,*,*,の,ノ,ノ
奉仕	名詞,サ変接続,*,*,*,*,奉仕,ホウシ,ホーシ
の	助詞,連体化,*,*,*,*,の,ノ,ノ
ため	名詞,非自立,副詞可能,*,*,*,ため,タメ,タメ
，	記号,読点,*,*,*,*,，,，,，
すなわち	接続詞,*,*,*,*,*,すなわち,スナワチ,スナワチ
会見	名詞,サ変接続,*,*,*,*,会見,カイケン,カイケン
の	助詞,連体化,*,*,*,*,の,ノ,ノ
天幕	名詞,一般,*,*,*,*,天幕,テンマク,テンマク
の	助詞,連体化,*,*,*,*,の,ノ,ノ
ため	名詞,非自立,副詞可能,*,*,*,ため,タメ,タメ
の	助詞,連体化,*,*,*,*,の,ノ,ノ
すべて	名詞,副詞可能,*,*,*,*,すべて,スベテ,スベテ
の	助詞,連体化,*,*,*,*,の,ノ,ノ
器具	名詞,一般,*,*,*,*,器具,キグ,キグ
，	記号,読点,*,*,*,*,，,，,，
聖なる	連体詞,*,*,*,*,*,聖なる,セイナル,セイナル
所	名詞,非自立,副詞可能,*,*,*,所,トコロ,トコロ
で	助詞,格助詞,一般,*,*,*,で,デ,デ
の	助詞,連体化,*,*,*,*,の,ノ,ノ
奉仕	名詞,サ変接続,*,*,*,*,奉仕,ホウシ,ホーシ
の	助詞,連体化,*,*,*,*,の,ノ,ノ
ため	名詞,非自立,副詞可能,*,*,*,ため,タメ,タメ
の	助詞,連体化,*,*,*,*,の,ノ,ノ
編み物	名詞,一般,*,*,*,*,編み物,アミモノ,アミモノ
細工	名詞,接尾,一般,*,*,*,細工,ザイク,ザイク
の	助詞,連体化,*,*,*,*,の,ノ,ノ
衣	名詞,一般,*,*,*,*,衣,コロモ,コロモ
，	記号,読点,*,*,*,*,，,，,，
祭司	名詞,一般,*,*,*,*,祭司,サイシ,サイシ
アロン	名詞,一般,*,*,*,*,アロン,アロン,アロン
の	助詞,連体化,*,*,*,*,の,ノ,ノ
ため	名詞,非自立,副詞可能,*,*,*,ため,タメ,タメ
の	助詞,連体化,*,*,*,*,の,ノ,ノ
聖なる	連体詞,*,*,*,*,*,聖なる,セイナル,セイナル
衣	名詞,一般,*,*,*,*,衣,コロモ,コロモ
と	助詞,並立助詞,*,*,*,*,と,ト,ト
，	記号,読点,*,*,*,*,，,，,，
祭司	名詞,一般,*,*,*,*,祭司,サイシ,サイシ
の	助詞,連体化,*,*,*,*,の,ノ,ノ
務め	名詞,一般,*,*,*,*,務め,ツトメ,ツトメ
を	助詞,格助詞,一般,*,*,*,を,ヲ,ヲ
行なう	動詞,自立,*,*,五段・ワ行促音便,基本形,行なう,オコナウ,オコナウ
ため	名詞,非自立,副詞可能,*,*,*,ため,タメ,タメ
の	助詞,連体化,*,*,*,*,の,ノ,ノ
その	連体詞,*,*,*,*,*,その,ソノ,ソノ
子	名詞,一般,*,*,*,*,子,コ,コ
ら	名詞,接尾,一般,*,*,*,ら,ラ,ラ
の	助詞,連体化,*,*,*,*,の,ノ,ノ
衣	名詞,一般,*,*,*,*,衣,コロモ,コロモ
で	助動詞,*,*,*,特殊・ダ,連用形,だ,デ,デ
ある	助動詞,*,*,*,五段・ラ行アル,基本形,ある,アル,アル
。	記号,句点,*,*,*,*,。,。,。
すべて	名詞,副詞可能,*,*,*,*,すべて,スベテ,スベテ
エホバ	名詞,一般,*,*,*,*,エホバ,エホバ,エホバ
が	助詞,格助詞,一般,*,*,*,が,ガ,ガ
モー	名詞,固有名詞,人名,姓,*,*,モー,モー,モー
セ	名詞,一般,*,*,*,*,セ,セ,セ
に	助詞,格助詞,一般,*,*,*,に,ニ,ニ
命じ	動詞,自立,*,*,一段,連用形,命じる,メイジ,メイジ
た	助動詞,*,*,*,特殊・タ,基本形,た,タ,タ
事柄	名詞,一般,*,*,*,*,事柄,コトガラ,コトガラ
に	助詞,格助詞,一般,*,*,*,に,ニ,ニ
したがい	動詞,自立,*,*,五段・ワ行促音便,連用形,したがう,シタガイ,シタガイ
，	記号,読点,*,*,*,*,，,，,，
イスラエル	名詞,固有名詞,地域,国,*,*,イスラエル,イスラエル,イスラエル
の	助詞,連体化,*,*,*,*,の,ノ,ノ
子	名詞,一般,*,*,*,*,子,コ,コ
ら	名詞,接尾,一般,*,*,*,ら,ラ,ラ
は	助詞,係助詞,*,*,*,*,は,ハ,ワ
その	連体詞,*,*,*,*,*,その,ソノ,ソノ
とおり	名詞,非自立,副詞可能,*,*,*,とおり,トオリ,トーリ
に	助詞,格助詞,一般,*,*,*,に,ニ,ニ
すべて	名詞,副詞可能,*,*,*,*,すべて,スベテ,スベテ
の	助詞,連体化,*,*,*,*,の,ノ,ノ
奉仕	名詞,サ変接続,*,*,*,*,奉仕,ホウシ,ホーシ
を	助詞,格助詞,一般,*,*,*,を,ヲ,ヲ
行なっ	動詞,自立,*,*,五段・ワ行促音便,連用タ接続,行なう,オコナッ,オコナッ
た	助動詞,*,*,*,特殊・タ,基本形,た,タ,タ
。	記号,句点,*,*,*,*,。,。,。
そして	接続詞,*,*,*,*,*,そして,ソシテ,ソシテ
モー	名詞,固有名詞,人名,姓,*,*,モー,モー,モー
セ	名詞,一般,*,*,*,*,セ,セ,セ
が	助詞,格助詞,一般,*,*,*,が,ガ,ガ
すべて	名詞,副詞可能,*,*,*,*,すべて,スベテ,スベテ
の	助詞,連体化,*,*,*,*,の,ノ,ノ
仕事	名詞,サ変接続,*,*,*,*,仕事,シゴト,シゴト
を	助詞,格助詞,一般,*,*,*,を,ヲ,ヲ
見る	動詞,自立,*,*,一段,基本形,見る,ミル,ミル
と	助詞,接続助詞,*,*,*,*,と,ト,ト
，	記号,読点,*,*,*,*,，,，,，
見よ	動詞,自立,*,*,一段,命令ｙｏ,見る,ミヨ,ミヨ
，	記号,読点,*,*,*,*,，,，,，
彼ら	名詞,代名詞,一般,*,*,*,彼ら,カレラ,カレラ
は	助詞,係助詞,*,*,*,*,は,ハ,ワ
それ	名詞,代名詞,一般,*,*,*,それ,ソレ,ソレ
を	助詞,格助詞,一般,*,*,*,を,ヲ,ヲ
エホバ	名詞,一般,*,*,*,*,エホバ,エホバ,エホバ
の	助詞,連体化,*,*,*,*,の,ノ,ノ
命じ	動詞,自立,*,*,一段,連用形,命じる,メイジ,メイジ
た	助動詞,*,*,*,特殊・タ,基本形,た,タ,タ
とおり	名詞,非自立,副詞可能,*,*,*,とおり,トオリ,トーリ
に	助詞,格助詞,一般,*,*,*,に,ニ,ニ
行なっ	動詞,自立,*,*,五段・ワ行促音便,連用タ接続,行なう,オコナッ,オコナッ
た	助動詞,*,*,*,特殊・タ,基本形,た,タ,タ
の	名詞,非自立,一般,*,*,*,の,ノ,ノ
で	助動詞,*,*,*,特殊・ダ,連用形,だ,デ,デ
あっ	助動詞,*,*,*,五段・ラ行アル,連用タ接続,ある,アッ,アッ
た	助動詞,*,*,*,特殊・タ,基本形,た,タ,タ
。	記号,句点,*,*,*,*,。,。,。
その	連体詞,*,*,*,*,*,その,ソノ,ソノ
とおり	名詞,非自立,副詞可能,*,*,*,とおり,トオリ,トーリ
に	助詞,格助詞,一般,*,*,*,に,ニ,ニ
彼ら	名詞,代名詞,一般,*,*,*,彼ら,カレラ,カレラ
は	助詞,係助詞,*,*,*,*,は,ハ,ワ
行なっ	動詞,自立,*,*,五段・ワ行促音便,連用タ接続,行なう,オコナッ,オコナッ
た	助動詞,*,*,*,特殊・タ,基本形,た,タ,タ
の	名詞,非自立,一般,*,*,*,の,ノ,ノ
で	助動詞,*,*,*,特殊・ダ,連用形,だ,デ,デ
ある	助動詞,*,*,*,五段・ラ行アル,基本形,ある,アル,アル
。	記号,句点,*,*,*,*,。,。,。
その	連体詞,*,*,*,*,*,その,ソノ,ソノ
ため	名詞,非自立,副詞可能,*,*,*,ため,タメ,タメ
モーセ	名詞,一般,*,*,*,*,*
は	助詞,係助詞,*,*,*,*,は,ハ,ワ
彼ら	名詞,代名詞,一般,*,*,*,彼ら,カレラ,カレラ
を	助詞,格助詞,一般,*,*,*,を,ヲ,ヲ
祝福	名詞,サ変接続,*,*,*,*,祝福,シュクフク,シュクフク
し	動詞,自立,*,*,サ変・スル,連用形,する,シ,シ
た	助動詞,*,*,*,特殊・タ,基本形,た,タ,タ
。	記号,句点,*,*,*,*,。,。,。
EOS
