ところで	接続詞,*,*,*,*,*,ところで,トコロデ,トコロデ
民	名詞,一般,*,*,*,*,民,ミン,ミン
の	助詞,連体化,*,*,*,*,の,ノ,ノ
ほう	名詞,非自立,一般,*,*,*,ほう,ホウ,ホー
は	助詞,係助詞,*,*,*,*,は,ハ,ワ
，	記号,読点,*,*,*,*,，,，,，
モー	名詞,固有名詞,人名,姓,*,*,モー,モー,モー
セ	名詞,一般,*,*,*,*,セ,セ,セ
が	助詞,格助詞,一般,*,*,*,が,ガ,ガ
山	名詞,一般,*,*,*,*,山,ヤマ,ヤマ
から	助詞,格助詞,一般,*,*,*,から,カラ,カラ
下り	動詞,自立,*,*,一段,連用形,下りる,オリ,オリ
て	助詞,接続助詞,*,*,*,*,て,テ,テ
来る	動詞,非自立,*,*,カ変・来ル,基本形,来る,クル,クル
の	名詞,非自立,一般,*,*,*,の,ノ,ノ
に	助詞,格助詞,一般,*,*,*,に,ニ,ニ
長く	形容詞,自立,*,*,形容詞・アウオ段,連用テ接続,長い,ナガク,ナガク
かかっ	動詞,自立,*,*,五段・ラ行,連用タ接続,かかる,カカッ,カカッ
て	助詞,接続助詞,*,*,*,*,て,テ,テ
いる	動詞,非自立,*,*,一段,基本形,いる,イル,イル
の	名詞,非自立,一般,*,*,*,の,ノ,ノ
を	助詞,格助詞,一般,*,*,*,を,ヲ,ヲ
見	動詞,自立,*,*,一段,連用形,見る,ミ,ミ
た	助動詞,*,*,*,特殊・タ,基本形,た,タ,タ
。	記号,句点,*,*,*,*,。,。,。
それで	接続詞,*,*,*,*,*,それで,ソレデ,ソレデ
民	名詞,一般,*,*,*,*,民,ミン,ミン
は	助詞,係助詞,*,*,*,*,は,ハ,ワ
アロン	名詞,一般,*,*,*,*,アロン,アロン,アロン
の	助詞,連体化,*,*,*,*,の,ノ,ノ
周り	名詞,一般,*,*,*,*,周り,マワリ,マワリ
に	助詞,格助詞,一般,*,*,*,に,ニ,ニ
集合	名詞,サ変接続,*,*,*,*,集合,シュウゴウ,シューゴー
し	動詞,自立,*,*,サ変・スル,連用形,する,シ,シ
て	助詞,接続助詞,*,*,*,*,て,テ,テ
，	記号,読点,*,*,*,*,，,，,，
こう	副詞,助詞類接続,*,*,*,*,こう,コウ,コー
言っ	動詞,自立,*,*,五段・ワ行促音便,連用タ接続,言う,イッ,イッ
た	助動詞,*,*,*,特殊・タ,基本形,た,タ,タ
。	記号,句点,*,*,*,*,。,。,。
「	記号,括弧開,*,*,*,*,「,「,「
立っ	動詞,自立,*,*,五段・タ行,連用タ接続,立つ,タッ,タッ
て	助詞,接続助詞,*,*,*,*,て,テ,テ
，	記号,読点,*,*,*,*,，,，,，
わたし	名詞,代名詞,一般,*,*,*,わたし,ワタシ,ワタシ
たち	名詞,接尾,一般,*,*,*,たち,タチ,タチ
の	助詞,連体化,*,*,*,*,の,ノ,ノ
前	名詞,副詞可能,*,*,*,*,前,マエ,マエ
を	助詞,格助詞,一般,*,*,*,を,ヲ,ヲ
行く	動詞,自立,*,*,五段・カ行促音便,基本形,行く,イク,イク
神	名詞,一般,*,*,*,*,神,カミ,カミ
を	助詞,格助詞,一般,*,*,*,を,ヲ,ヲ
作っ	動詞,自立,*,*,五段・ラ行,連用タ接続,作る,ツクッ,ツクッ
て	助詞,接続助詞,*,*,*,*,て,テ,テ
ください	動詞,非自立,*,*,五段・ラ行特殊,命令ｉ,くださる,クダサイ,クダサイ
。	記号,句点,*,*,*,*,。,。,。
わたし	名詞,代名詞,一般,*,*,*,わたし,ワタシ,ワタシ
たち	名詞,接尾,一般,*,*,*,たち,タチ,タチ
を	助詞,格助詞,一般,*,*,*,を,ヲ,ヲ
エジプト	名詞,固有名詞,地域,国,*,*,エジプト,エジプト,エジプト
の	助詞,連体化,*,*,*,*,の,ノ,ノ
地	名詞,一般,*,*,*,*,地,チ,チ
から	助詞,格助詞,一般,*,*,*,から,カラ,カラ
導き	動詞,自立,*,*,五段・カ行イ音便,連用形,導く,ミチビキ,ミチビキ
上っ	動詞,自立,*,*,五段・ラ行,連用タ接続,上る,ノボッ,ノボッ
た	助動詞,*,*,*,特殊・タ,基本形,た,タ,タ
人	名詞,一般,*,*,*,*,人,ヒト,ヒト
で	助動詞,*,*,*,特殊・ダ,連用形,だ,デ,デ
ある	助動詞,*,*,*,五段・ラ行アル,基本形,ある,アル,アル
この	連体詞,*,*,*,*,*,この,コノ,コノ
モーセ	名詞,一般,*,*,*,*,*
について	助詞,格助詞,連語,*,*,*,について,ニツイテ,ニツイテ
は	助詞,係助詞,*,*,*,*,は,ハ,ワ
，	記号,読点,*,*,*,*,，,，,，
彼	名詞,代名詞,一般,*,*,*,彼,カレ,カレ
が	助詞,格助詞,一般,*,*,*,が,ガ,ガ
どう	副詞,助詞類接続,*,*,*,*,どう,ドウ,ドー
なっ	動詞,自立,*,*,五段・ラ行,連用タ接続,なる,ナッ,ナッ
た	助動詞,*,*,*,特殊・タ,基本形,た,タ,タ
の	名詞,非自立,一般,*,*,*,の,ノ,ノ
か	助詞,副助詞／並立助詞／終助詞,*,*,*,*,か,カ,カ
全く	副詞,助詞類接続,*,*,*,*,全く,マッタク,マッタク
分から	動詞,自立,*,*,五段・ラ行,未然形,分かる,ワカラ,ワカラ
ない	助動詞,*,*,*,特殊・ナイ,基本形,ない,ナイ,ナイ
から	助詞,接続助詞,*,*,*,*,から,カラ,カラ
です	助動詞,*,*,*,特殊・デス,基本形,です,デス,デス
」	記号,括弧閉,*,*,*,*,」,」,」
。	記号,句点,*,*,*,*,。,。,。
すると	接続詞,*,*,*,*,*,すると,スルト,スルト
アロン	名詞,一般,*,*,*,*,アロン,アロン,アロン
は	助詞,係助詞,*,*,*,*,は,ハ,ワ
彼ら	名詞,代名詞,一般,*,*,*,彼ら,カレラ,カレラ
に	助詞,格助詞,一般,*,*,*,に,ニ,ニ
言っ	動詞,自立,*,*,五段・ワ行促音便,連用タ接続,言う,イッ,イッ
た	助動詞,*,*,*,特殊・タ,基本形,た,タ,タ
，	記号,読点,*,*,*,*,，,，,，
「	記号,括弧開,*,*,*,*,「,「,「
あなた	名詞,代名詞,一般,*,*,*,あなた,アナタ,アナタ
方	名詞,接尾,一般,*,*,*,方,カタ,カタ
の	助詞,連体化,*,*,*,*,の,ノ,ノ
妻	名詞,一般,*,*,*,*,妻,ツマ,ツマ
，	記号,読点,*,*,*,*,，,，,，
息子	名詞,一般,*,*,*,*,息子,ムスコ,ムスコ
や	助詞,並立助詞,*,*,*,*,や,ヤ,ヤ
娘	名詞,一般,*,*,*,*,娘,ムスメ,ムスメ
の	助詞,連体化,*,*,*,*,の,ノ,ノ
耳	名詞,一般,*,*,*,*,耳,ミミ,ミミ
に	助詞,格助詞,一般,*,*,*,に,ニ,ニ
ある	動詞,自立,*,*,五段・ラ行,基本形,ある,アル,アル
金	名詞,一般,*,*,*,*,金,キン,キン
の	助詞,連体化,*,*,*,*,の,ノ,ノ
耳輪	名詞,一般,*,*,*,*,耳輪,ミミワ,ミミワ
を	助詞,格助詞,一般,*,*,*,を,ヲ,ヲ
外し	動詞,自立,*,*,五段・サ行,連用形,外す,ハズシ,ハズシ
取っ	動詞,自立,*,*,五段・ラ行,連用タ接続,取る,トッ,トッ
て	助詞,接続助詞,*,*,*,*,て,テ,テ
，	記号,読点,*,*,*,*,，,，,，
わたし	名詞,代名詞,一般,*,*,*,わたし,ワタシ,ワタシ
の	助詞,連体化,*,*,*,*,の,ノ,ノ
ところ	名詞,非自立,副詞可能,*,*,*,ところ,トコロ,トコロ
に	助詞,格助詞,一般,*,*,*,に,ニ,ニ
持っ	動詞,自立,*,*,五段・タ行,連用タ接続,持つ,モッ,モッ
て	助詞,接続助詞,*,*,*,*,て,テ,テ
来	動詞,非自立,*,*,カ変・来ル,連用形,来る,キ,キ
なさい	動詞,非自立,*,*,五段・ラ行特殊,命令ｉ,なさる,ナサイ,ナサイ
」	記号,括弧閉,*,*,*,*,」,」,」
。	記号,句点,*,*,*,*,。,。,。
それで	接続詞,*,*,*,*,*,それで,ソレデ,ソレデ
民	名詞,一般,*,*,*,*,民,ミン,ミン
は	助詞,係助詞,*,*,*,*,は,ハ,ワ
みな	名詞,代名詞,一般,*,*,*,みな,ミナ,ミナ
その	連体詞,*,*,*,*,*,その,ソノ,ソノ
耳	名詞,一般,*,*,*,*,耳,ミミ,ミミ
に	助詞,格助詞,一般,*,*,*,に,ニ,ニ
あっ	動詞,自立,*,*,五段・ラ行,連用タ接続,ある,アッ,アッ
た	助動詞,*,*,*,特殊・タ,基本形,た,タ,タ
金	名詞,一般,*,*,*,*,金,キン,キン
の	助詞,連体化,*,*,*,*,の,ノ,ノ
耳輪	名詞,一般,*,*,*,*,耳輪,ミミワ,ミミワ
を	助詞,格助詞,一般,*,*,*,を,ヲ,ヲ
外し	動詞,自立,*,*,五段・サ行,連用形,外す,ハズシ,ハズシ
取っ	動詞,自立,*,*,五段・ラ行,連用タ接続,取る,トッ,トッ
て	助詞,接続助詞,*,*,*,*,て,テ,テ
，	記号,読点,*,*,*,*,，,，,，
それ	名詞,代名詞,一般,*,*,*,それ,ソレ,ソレ
を	助詞,格助詞,一般,*,*,*,を,ヲ,ヲ
次々	副詞,助詞類接続,*,*,*,*,次々,ツギツギ,ツギツギ
に	助詞,副詞化,*,*,*,*,に,ニ,ニ
アロン	名詞,一般,*,*,*,*,アロン,アロン,アロン
の	助詞,連体化,*,*,*,*,の,ノ,ノ
ところ	名詞,非自立,副詞可能,*,*,*,ところ,トコロ,トコロ
に	助詞,格助詞,一般,*,*,*,に,ニ,ニ
持っ	動詞,自立,*,*,五段・タ行,連用タ接続,持つ,モッ,モッ
て	助詞,接続助詞,*,*,*,*,て,テ,テ
来	動詞,非自立,*,*,カ変・来ル,連用形,来る,キ,キ
た	助動詞,*,*,*,特殊・タ,基本形,た,タ,タ
。	記号,句点,*,*,*,*,。,。,。
そこで	接続詞,*,*,*,*,*,そこで,ソコデ,ソコデ
彼	名詞,代名詞,一般,*,*,*,彼,カレ,カレ
は	助詞,係助詞,*,*,*,*,は,ハ,ワ
人々	名詞,一般,*,*,*,*,人々,ヒトビト,ヒトビト
の	助詞,連体化,*,*,*,*,の,ノ,ノ
手	名詞,一般,*,*,*,*,手,テ,テ
から	助詞,格助詞,一般,*,*,*,から,カラ,カラ
[	名詞,サ変接続,*,*,*,*,*
その	連体詞,*,*,*,*,*,その,ソノ,ソノ
金	名詞,一般,*,*,*,*,金,キン,キン
]	名詞,サ変接続,*,*,*,*,*
を	助詞,格助詞,一般,*,*,*,を,ヲ,ヲ
受け取り	動詞,自立,*,*,五段・ラ行,連用形,受け取る,ウケトリ,ウケトリ
，	記号,読点,*,*,*,*,，,，,，
それ	名詞,代名詞,一般,*,*,*,それ,ソレ,ソレ
を	助詞,格助詞,一般,*,*,*,を,ヲ,ヲ
彫り	動詞,自立,*,*,五段・ラ行,連用形,彫る,ホリ,ホリ
道具	名詞,一般,*,*,*,*,道具,ドウグ,ドーグ
で	助詞,格助詞,一般,*,*,*,で,デ,デ
形	名詞,一般,*,*,*,*,形,カタチ,カタチ
造っ	動詞,自立,*,*,五段・ラ行,連用タ接続,造る,ツクッ,ツクッ
て	助詞,接続助詞,*,*,*,*,て,テ,テ
子	接頭詞,名詞接続,*,*,*,*,子,コ,コ
牛	名詞,一般,*,*,*,*,牛,ウシ,ウシ
の	助詞,連体化,*,*,*,*,の,ノ,ノ
鋳物	名詞,一般,*,*,*,*,鋳物,イモノ,イモノ
の	助詞,連体化,*,*,*,*,の,ノ,ノ
像	名詞,一般,*,*,*,*,像,ゾウ,ゾー
に	助詞,格助詞,一般,*,*,*,に,ニ,ニ
仕上げ	動詞,自立,*,*,一段,連用形,仕上げる,シアゲ,シアゲ
た	助動詞,*,*,*,特殊・タ,基本形,た,タ,タ
。	記号,句点,*,*,*,*,。,。,。
すると	接続詞,*,*,*,*,*,すると,スルト,スルト
彼ら	名詞,代名詞,一般,*,*,*,彼ら,カレラ,カレラ
は	助詞,係助詞,*,*,*,*,は,ハ,ワ
言い	動詞,自立,*,*,五段・ワ行促音便,連用形,言う,イイ,イイ
だし	動詞,非自立,*,*,五段・サ行,連用形,だす,ダシ,ダシ
た	助動詞,*,*,*,特殊・タ,基本形,た,タ,タ
，	記号,読点,*,*,*,*,，,，,，
「	記号,括弧開,*,*,*,*,「,「,「
イスラエル	名詞,固有名詞,地域,国,*,*,イスラエル,イスラエル,イスラエル
よ	助詞,終助詞,*,*,*,*,よ,ヨ,ヨ
，	記号,読点,*,*,*,*,，,，,，
これ	名詞,代名詞,一般,*,*,*,これ,コレ,コレ
が	助詞,格助詞,一般,*,*,*,が,ガ,ガ
あなた	名詞,代名詞,一般,*,*,*,あなた,アナタ,アナタ
を	助詞,格助詞,一般,*,*,*,を,ヲ,ヲ
エジプト	名詞,固有名詞,地域,国,*,*,エジプト,エジプト,エジプト
の	助詞,連体化,*,*,*,*,の,ノ,ノ
地	名詞,一般,*,*,*,*,地,チ,チ
から	助詞,格助詞,一般,*,*,*,から,カラ,カラ
導き	動詞,自立,*,*,五段・カ行イ音便,連用形,導く,ミチビキ,ミチビキ
上っ	動詞,自立,*,*,五段・ラ行,連用タ接続,上る,ノボッ,ノボッ
た	助動詞,*,*,*,特殊・タ,基本形,た,タ,タ
あなた	名詞,代名詞,一般,*,*,*,あなた,アナタ,アナタ
の	助詞,連体化,*,*,*,*,の,ノ,ノ
神	名詞,一般,*,*,*,*,神,カミ,カミ
だ	助動詞,*,*,*,特殊・ダ,基本形,だ,ダ,ダ
」	記号,括弧閉,*,*,*,*,」,」,」
。	記号,句点,*,*,*,*,。,。,。
アロン	名詞,一般,*,*,*,*,アロン,アロン,アロン
は	助詞,係助詞,*,*,*,*,は,ハ,ワ
これ	名詞,代名詞,一般,*,*,*,これ,コレ,コレ
を	助詞,格助詞,一般,*,*,*,を,ヲ,ヲ
見	動詞,自立,*,*,一段,連用形,見る,ミ,ミ
て	助詞,接続助詞,*,*,*,*,て,テ,テ
，	記号,読点,*,*,*,*,，,，,，
その	連体詞,*,*,*,*,*,その,ソノ,ソノ
前	名詞,副詞可能,*,*,*,*,前,マエ,マエ
に	助詞,格助詞,一般,*,*,*,に,ニ,ニ
祭壇	名詞,一般,*,*,*,*,祭壇,サイダン,サイダン
を	助詞,格助詞,一般,*,*,*,を,ヲ,ヲ
築き	動詞,自立,*,*,五段・カ行イ音便,連用形,築く,キズキ,キズキ
はじめ	動詞,非自立,*,*,一段,連用形,はじめる,ハジメ,ハジメ
た	助動詞,*,*,*,特殊・タ,基本形,た,タ,タ
。	記号,句点,*,*,*,*,。,。,。
最後	名詞,一般,*,*,*,*,最後,サイゴ,サイゴ
に	助詞,格助詞,一般,*,*,*,に,ニ,ニ
アロン	名詞,一般,*,*,*,*,アロン,アロン,アロン
は	助詞,係助詞,*,*,*,*,は,ハ,ワ
呼ばわっ	動詞,自立,*,*,五段・ラ行,連用タ接続,呼ばわる,ヨバワッ,ヨバワッ
て	助詞,接続助詞,*,*,*,*,て,テ,テ
言っ	動詞,自立,*,*,五段・ワ行促音便,連用タ接続,言う,イッ,イッ
た	助動詞,*,*,*,特殊・タ,基本形,た,タ,タ
，	記号,読点,*,*,*,*,，,，,，
「	記号,括弧開,*,*,*,*,「,「,「
明日	名詞,副詞可能,*,*,*,*,明日,アシタ,アシタ
，	記号,読点,*,*,*,*,，,，,，
エホバ	名詞,一般,*,*,*,*,エホバ,エホバ,エホバ
へ	助詞,格助詞,一般,*,*,*,へ,ヘ,エ
の	助詞,連体化,*,*,*,*,の,ノ,ノ
祭り	名詞,一般,*,*,*,*,祭り,マツリ,マツリ
が	助詞,格助詞,一般,*,*,*,が,ガ,ガ
ある	動詞,自立,*,*,五段・ラ行,基本形,ある,アル,アル
」	記号,括弧閉,*,*,*,*,」,」,」
。	記号,句点,*,*,*,*,。,。,。
それで	接続詞,*,*,*,*,*,それで,ソレデ,ソレデ
次	名詞,一般,*,*,*,*,次,ツギ,ツギ
の	助詞,連体化,*,*,*,*,の,ノ,ノ
日	名詞,非自立,副詞可能,*,*,*,日,ヒ,ヒ
，	記号,読点,*,*,*,*,，,，,，
人々	名詞,一般,*,*,*,*,人々,ヒトビト,ヒトビト
は	助詞,係助詞,*,*,*,*,は,ハ,ワ
早くから	副詞,一般,*,*,*,*,早くから,ハヤクカラ,ハヤクカラ
起き	動詞,自立,*,*,一段,連用形,起きる,オキ,オキ
，	記号,読点,*,*,*,*,，,，,，
焼	接頭詞,名詞接続,*,*,*,*,焼,ショウ,ショー
燔	名詞,一般,*,*,*,*,*
の	助詞,連体化,*,*,*,*,の,ノ,ノ
捧げ	動詞,自立,*,*,一段,連用形,捧げる,ササゲ,ササゲ
物	名詞,接尾,一般,*,*,*,物,ブツ,ブツ
を	助詞,格助詞,一般,*,*,*,を,ヲ,ヲ
ささげ	動詞,自立,*,*,一段,連用形,ささげる,ササゲ,ササゲ
，	記号,読点,*,*,*,*,，,，,，
また	接続詞,*,*,*,*,*,また,マタ,マタ
共	接頭詞,名詞接続,*,*,*,*,共,キョウ,キョー
与	動詞,自立,*,*,五段・ラ行,体言接続特殊２,与る,アズカ,アズカ
の	助詞,連体化,*,*,*,*,の,ノ,ノ
犠牲	名詞,一般,*,*,*,*,犠牲,ギセイ,ギセイ
を	助詞,格助詞,一般,*,*,*,を,ヲ,ヲ
供え	動詞,自立,*,*,一段,連用形,供える,ソナエ,ソナエ
はじめ	動詞,非自立,*,*,一段,連用形,はじめる,ハジメ,ハジメ
た	助動詞,*,*,*,特殊・タ,基本形,た,タ,タ
。	記号,句点,*,*,*,*,。,。,。
その	連体詞,*,*,*,*,*,その,ソノ,ソノ
のち	名詞,非自立,副詞可能,*,*,*,のち,ノチ,ノチ
民	名詞,一般,*,*,*,*,民,ミン,ミン
は	助詞,係助詞,*,*,*,*,は,ハ,ワ
腰	名詞,一般,*,*,*,*,腰,コシ,コシ
を	助詞,格助詞,一般,*,*,*,を,ヲ,ヲ
下ろし	動詞,自立,*,*,五段・サ行,連用形,下ろす,オロシ,オロシ
て	助詞,接続助詞,*,*,*,*,て,テ,テ
食べ	動詞,自立,*,*,一段,連用形,食べる,タベ,タベ
たり	助詞,並立助詞,*,*,*,*,たり,タリ,タリ
飲ん	動詞,自立,*,*,五段・マ行,連用タ接続,飲む,ノン,ノン
だり	助詞,並立助詞,*,*,*,*,だり,ダリ,ダリ
し	動詞,自立,*,*,サ変・スル,連用形,する,シ,シ
，	記号,読点,*,*,*,*,，,，,，
また	副詞,助詞類接続,*,*,*,*,また,マタ,マタ
立ち上がっ	動詞,自立,*,*,五段・ラ行,連用タ接続,立ち上がる,タチアガッ,タチアガッ
て	助詞,接続助詞,*,*,*,*,て,テ,テ
打ち	動詞,自立,*,*,五段・タ行,連用形,打つ,ウチ,ウチ
興じ	動詞,自立,*,*,一段,連用形,興じる,キョウジ,キョージ
た	助動詞,*,*,*,特殊・タ,基本形,た,タ,タ
。	記号,句点,*,*,*,*,。,。,。
その	連体詞,*,*,*,*,*,その,ソノ,ソノ
時	名詞,非自立,副詞可能,*,*,*,時,トキ,トキ
エホバ	名詞,一般,*,*,*,*,エホバ,エホバ,エホバ
は	助詞,係助詞,*,*,*,*,は,ハ,ワ
モー	名詞,固有名詞,人名,姓,*,*,モー,モー,モー
セ	名詞,一般,*,*,*,*,セ,セ,セ
に	助詞,格助詞,一般,*,*,*,に,ニ,ニ
言わ	動詞,自立,*,*,五段・ワ行促音便,未然形,言う,イワ,イワ
れ	動詞,接尾,*,*,一段,連用形,れる,レ,レ
た	助動詞,*,*,*,特殊・タ,基本形,た,タ,タ
，	記号,読点,*,*,*,*,，,，,，
「	記号,括弧開,*,*,*,*,「,「,「
さあ	感動詞,*,*,*,*,*,さあ,サア,サー
，	記号,読点,*,*,*,*,，,，,，
下っ	動詞,自立,*,*,五段・ラ行,連用タ接続,下る,クダッ,クダッ
て	助詞,接続助詞,*,*,*,*,て,テ,テ
行き	動詞,非自立,*,*,五段・カ行促音便,連用形,行く,イキ,イキ
なさい	動詞,非自立,*,*,五段・ラ行特殊,命令ｉ,なさる,ナサイ,ナサイ
。	記号,句点,*,*,*,*,。,。,。
あなた	名詞,代名詞,一般,*,*,*,あなた,アナタ,アナタ
が	助詞,格助詞,一般,*,*,*,が,ガ,ガ
エジプト	名詞,固有名詞,地域,国,*,*,エジプト,エジプト,エジプト
の	助詞,連体化,*,*,*,*,の,ノ,ノ
地	名詞,一般,*,*,*,*,地,チ,チ
から	助詞,格助詞,一般,*,*,*,から,カラ,カラ
導き	動詞,自立,*,*,五段・カ行イ音便,連用形,導く,ミチビキ,ミチビキ
上っ	動詞,自立,*,*,五段・ラ行,連用タ接続,上る,ノボッ,ノボッ
た	助動詞,*,*,*,特殊・タ,基本形,た,タ,タ
あなた	名詞,代名詞,一般,*,*,*,あなた,アナタ,アナタ
の	助詞,連体化,*,*,*,*,の,ノ,ノ
民	名詞,一般,*,*,*,*,民,ミン,ミン
は	助詞,係助詞,*,*,*,*,は,ハ,ワ
滅び	動詞,自立,*,*,一段,連用形,滅びる,ホロビ,ホロビ
と	助詞,格助詞,一般,*,*,*,と,ト,ト
なる	動詞,自立,*,*,五段・ラ行,基本形,なる,ナル,ナル
こと	名詞,非自立,一般,*,*,*,こと,コト,コト
を	助詞,格助詞,一般,*,*,*,を,ヲ,ヲ
行なっ	動詞,自立,*,*,五段・ワ行促音便,連用タ接続,行なう,オコナッ,オコナッ
た	助動詞,*,*,*,特殊・タ,基本形,た,タ,タ
から	助詞,接続助詞,*,*,*,*,から,カラ,カラ
で	助動詞,*,*,*,特殊・ダ,連用形,だ,デ,デ
ある	助動詞,*,*,*,五段・ラ行アル,基本形,ある,アル,アル
。	記号,句点,*,*,*,*,。,。,。
彼ら	名詞,代名詞,一般,*,*,*,彼ら,カレラ,カレラ
は	助詞,係助詞,*,*,*,*,は,ハ,ワ
早く	形容詞,自立,*,*,形容詞・アウオ段,連用テ接続,早い,ハヤク,ハヤク
も	助詞,係助詞,*,*,*,*,も,モ,モ
，	記号,読点,*,*,*,*,，,，,，
わたし	名詞,代名詞,一般,*,*,*,わたし,ワタシ,ワタシ
が	助詞,格助詞,一般,*,*,*,が,ガ,ガ
命じ	動詞,自立,*,*,一段,連用形,命じる,メイジ,メイジ
た	助動詞,*,*,*,特殊・タ,基本形,た,タ,タ
道	名詞,一般,*,*,*,*,道,ミチ,ミチ
から	助詞,格助詞,一般,*,*,*,から,カラ,カラ
それ	動詞,自立,*,*,一段,連用形,それる,ソレ,ソレ
た	助動詞,*,*,*,特殊・タ,基本形,た,タ,タ
。	記号,句点,*,*,*,*,。,。,。
自分	名詞,一般,*,*,*,*,自分,ジブン,ジブン
たち	名詞,接尾,一般,*,*,*,たち,タチ,タチ
の	助詞,連体化,*,*,*,*,の,ノ,ノ
ため	名詞,非自立,副詞可能,*,*,*,ため,タメ,タメ
に	助詞,格助詞,一般,*,*,*,に,ニ,ニ
子	接頭詞,名詞接続,*,*,*,*,子,コ,コ
牛	名詞,一般,*,*,*,*,牛,ウシ,ウシ
の	助詞,連体化,*,*,*,*,の,ノ,ノ
鋳物	名詞,一般,*,*,*,*,鋳物,イモノ,イモノ
の	助詞,連体化,*,*,*,*,の,ノ,ノ
像	名詞,一般,*,*,*,*,像,ゾウ,ゾー
を	助詞,格助詞,一般,*,*,*,を,ヲ,ヲ
作り	動詞,自立,*,*,五段・ラ行,連用形,作る,ツクリ,ツクリ
，	記号,読点,*,*,*,*,，,，,，
それ	名詞,代名詞,一般,*,*,*,それ,ソレ,ソレ
に	助詞,格助詞,一般,*,*,*,に,ニ,ニ
身	名詞,一般,*,*,*,*,身,ミ,ミ
を	助詞,格助詞,一般,*,*,*,を,ヲ,ヲ
かがめ	動詞,自立,*,*,一段,連用形,かがめる,カガメ,カガメ
，	記号,読点,*,*,*,*,，,，,，
犠牲	名詞,一般,*,*,*,*,犠牲,ギセイ,ギセイ
を	助詞,格助詞,一般,*,*,*,を,ヲ,ヲ
ささげ	動詞,自立,*,*,一段,連用形,ささげる,ササゲ,ササゲ
て	助詞,接続助詞,*,*,*,*,て,テ,テ
は	助詞,係助詞,*,*,*,*,は,ハ,ワ
，	記号,読点,*,*,*,*,，,，,，
『	記号,括弧開,*,*,*,*,『,『,『
イスラエル	名詞,固有名詞,地域,国,*,*,イスラエル,イスラエル,イスラエル
よ	助詞,終助詞,*,*,*,*,よ,ヨ,ヨ
，	記号,読点,*,*,*,*,，,，,，
これ	名詞,代名詞,一般,*,*,*,これ,コレ,コレ
が	助詞,格助詞,一般,*,*,*,が,ガ,ガ
あなた	名詞,代名詞,一般,*,*,*,あなた,アナタ,アナタ
を	助詞,格助詞,一般,*,*,*,を,ヲ,ヲ
エジプト	名詞,固有名詞,地域,国,*,*,エジプト,エジプト,エジプト
の	助詞,連体化,*,*,*,*,の,ノ,ノ
地	名詞,一般,*,*,*,*,地,チ,チ
から	助詞,格助詞,一般,*,*,*,から,カラ,カラ
導き	動詞,自立,*,*,五段・カ行イ音便,連用形,導く,ミチビキ,ミチビキ
上っ	動詞,自立,*,*,五段・ラ行,連用タ接続,上る,ノボッ,ノボッ
た	助動詞,*,*,*,特殊・タ,基本形,た,タ,タ
あなた	名詞,代名詞,一般,*,*,*,あなた,アナタ,アナタ
の	助詞,連体化,*,*,*,*,の,ノ,ノ
神	名詞,一般,*,*,*,*,神,カミ,カミ
だ	助動詞,*,*,*,特殊・ダ,基本形,だ,ダ,ダ
』	記号,括弧閉,*,*,*,*,』,』,』
と	助詞,格助詞,引用,*,*,*,と,ト,ト
言っ	動詞,自立,*,*,五段・ワ行促音便,連用タ接続,言う,イッ,イッ
て	助詞,接続助詞,*,*,*,*,て,テ,テ
いる	動詞,非自立,*,*,一段,基本形,いる,イル,イル
」	記号,括弧閉,*,*,*,*,」,」,」
。	記号,句点,*,*,*,*,。,。,。
エホバ	名詞,一般,*,*,*,*,エホバ,エホバ,エホバ
は	助詞,係助詞,*,*,*,*,は,ハ,ワ
なおも	副詞,一般,*,*,*,*,なおも,ナオモ,ナオモ
モー	名詞,固有名詞,人名,姓,*,*,モー,モー,モー
セ	名詞,一般,*,*,*,*,セ,セ,セ
に	助詞,格助詞,一般,*,*,*,に,ニ,ニ
言わ	動詞,自立,*,*,五段・ワ行促音便,未然形,言う,イワ,イワ
れ	動詞,接尾,*,*,一段,連用形,れる,レ,レ
た	助動詞,*,*,*,特殊・タ,基本形,た,タ,タ
，	記号,読点,*,*,*,*,，,，,，
「	記号,括弧開,*,*,*,*,「,「,「
わたし	名詞,代名詞,一般,*,*,*,わたし,ワタシ,ワタシ
は	助詞,係助詞,*,*,*,*,は,ハ,ワ
この	連体詞,*,*,*,*,*,この,コノ,コノ
民	名詞,一般,*,*,*,*,民,ミン,ミン
を	助詞,格助詞,一般,*,*,*,を,ヲ,ヲ
見	動詞,自立,*,*,一段,連用形,見る,ミ,ミ
た	助動詞,*,*,*,特殊・タ,基本形,た,タ,タ
が	助詞,接続助詞,*,*,*,*,が,ガ,ガ
，	記号,読点,*,*,*,*,，,，,，
見よ	動詞,自立,*,*,一段,命令ｙｏ,見る,ミヨ,ミヨ
，	記号,読点,*,*,*,*,，,，,，
これ	名詞,代名詞,一般,*,*,*,これ,コレ,コレ
は	助詞,係助詞,*,*,*,*,は,ハ,ワ
うなじ	名詞,一般,*,*,*,*,うなじ,ウナジ,ウナジ
の	助詞,格助詞,一般,*,*,*,の,ノ,ノ
こわい	形容詞,自立,*,*,形容詞・アウオ段,基本形,こわい,コワイ,コワイ
民	名詞,一般,*,*,*,*,民,ミン,ミン
で	助動詞,*,*,*,特殊・ダ,連用形,だ,デ,デ
ある	助動詞,*,*,*,五段・ラ行アル,基本形,ある,アル,アル
。	記号,句点,*,*,*,*,。,。,。
ゆえに	接続詞,*,*,*,*,*,ゆえに,ユエニ,ユエニ
今	名詞,副詞可能,*,*,*,*,今,イマ,イマ
，	記号,読点,*,*,*,*,，,，,，
わたし	名詞,代名詞,一般,*,*,*,わたし,ワタシ,ワタシ
の	助詞,格助詞,一般,*,*,*,の,ノ,ノ
なす	動詞,自立,*,*,五段・サ行,基本形,なす,ナス,ナス
まま	名詞,非自立,副詞可能,*,*,*,まま,ママ,ママ
に	助詞,格助詞,一般,*,*,*,に,ニ,ニ
し	動詞,自立,*,*,サ変・スル,連用形,する,シ,シ
，	記号,読点,*,*,*,*,，,，,，
わたし	名詞,代名詞,一般,*,*,*,わたし,ワタシ,ワタシ
の	助詞,連体化,*,*,*,*,の,ノ,ノ
怒り	名詞,一般,*,*,*,*,怒り,イカリ,イカリ
が	助詞,格助詞,一般,*,*,*,が,ガ,ガ
彼ら	名詞,代名詞,一般,*,*,*,彼ら,カレラ,カレラ
に対して	助詞,格助詞,連語,*,*,*,に対して,ニタイシテ,ニタイシテ
燃え	動詞,自立,*,*,一段,連用形,燃える,モエ,モエ
，	記号,読点,*,*,*,*,，,，,，
わたし	名詞,代名詞,一般,*,*,*,わたし,ワタシ,ワタシ
が	助詞,格助詞,一般,*,*,*,が,ガ,ガ
彼ら	名詞,代名詞,一般,*,*,*,彼ら,カレラ,カレラ
を	助詞,格助詞,一般,*,*,*,を,ヲ,ヲ
滅ぼし	動詞,自立,*,*,五段・サ行,連用形,滅ぼす,ホロボシ,ホロボシ
絶やす	動詞,自立,*,*,五段・サ行,基本形,絶やす,タヤス,タヤス
に	助詞,格助詞,一般,*,*,*,に,ニ,ニ
まかせ	動詞,自立,*,*,一段,連用形,まかせる,マカセ,マカセ
よ	助詞,終助詞,*,*,*,*,よ,ヨ,ヨ
。	記号,句点,*,*,*,*,。,。,。
そして	接続詞,*,*,*,*,*,そして,ソシテ,ソシテ
，	記号,読点,*,*,*,*,，,，,，
あなた	名詞,代名詞,一般,*,*,*,あなた,アナタ,アナタ
を	助詞,格助詞,一般,*,*,*,を,ヲ,ヲ
大いなる	連体詞,*,*,*,*,*,大いなる,オオイナル,オーイナル
国民	名詞,一般,*,*,*,*,国民,コクミン,コクミン
と	助詞,並立助詞,*,*,*,*,と,ト,ト
な	形容詞,自立,*,*,形容詞・アウオ段,ガル接続,ない,ナ,ナ
さ	名詞,接尾,特殊,*,*,*,さ,サ,サ
せよ	動詞,自立,*,*,サ変・スル,命令ｙｏ,する,セヨ,セヨ
」	記号,括弧閉,*,*,*,*,」,」,」
。	記号,句点,*,*,*,*,。,。,。
それで	接続詞,*,*,*,*,*,それで,ソレデ,ソレデ
モー	名詞,固有名詞,人名,姓,*,*,モー,モー,モー
セ	名詞,一般,*,*,*,*,セ,セ,セ
は	助詞,係助詞,*,*,*,*,は,ハ,ワ
自分	名詞,一般,*,*,*,*,自分,ジブン,ジブン
の	助詞,連体化,*,*,*,*,の,ノ,ノ
神	名詞,一般,*,*,*,*,神,カミ,カミ
エホバ	名詞,一般,*,*,*,*,エホバ,エホバ,エホバ
の	助詞,連体化,*,*,*,*,の,ノ,ノ
顔	名詞,一般,*,*,*,*,顔,カオ,カオ
を	助詞,格助詞,一般,*,*,*,を,ヲ,ヲ
和めよ	動詞,自立,*,*,一段,未然ウ接続,和める,ナゴメヨ,ナゴメヨ
う	助動詞,*,*,*,不変化型,基本形,う,ウ,ウ
として	助詞,格助詞,連語,*,*,*,として,トシテ,トシテ
こう	副詞,助詞類接続,*,*,*,*,こう,コウ,コー
言っ	動詞,自立,*,*,五段・ワ行促音便,連用タ接続,言う,イッ,イッ
た	助動詞,*,*,*,特殊・タ,基本形,た,タ,タ
。	記号,句点,*,*,*,*,。,。,。
「	記号,括弧開,*,*,*,*,「,「,「
エホバ	名詞,一般,*,*,*,*,エホバ,エホバ,エホバ
よ	助詞,終助詞,*,*,*,*,よ,ヨ,ヨ
，	記号,読点,*,*,*,*,，,，,，
なぜ	副詞,助詞類接続,*,*,*,*,なぜ,ナゼ,ナゼ
あなた	名詞,代名詞,一般,*,*,*,あなた,アナタ,アナタ
の	助詞,連体化,*,*,*,*,の,ノ,ノ
怒り	名詞,一般,*,*,*,*,怒り,イカリ,イカリ
は	助詞,係助詞,*,*,*,*,は,ハ,ワ
，	記号,読点,*,*,*,*,，,，,，
大いなる	連体詞,*,*,*,*,*,大いなる,オオイナル,オーイナル
力	名詞,一般,*,*,*,*,力,チカラ,チカラ
と	助詞,並立助詞,*,*,*,*,と,ト,ト
強い	形容詞,自立,*,*,形容詞・アウオ段,基本形,強い,ツヨイ,ツヨイ
み	接頭詞,名詞接続,*,*,*,*,み,ミ,ミ
手	名詞,一般,*,*,*,*,手,テ,テ
と	助詞,並立助詞,*,*,*,*,と,ト,ト
を	助詞,格助詞,一般,*,*,*,を,ヲ,ヲ
もっ	動詞,自立,*,*,五段・タ行,連用タ接続,もつ,モッ,モッ
て	助詞,接続助詞,*,*,*,*,て,テ,テ
エジプト	名詞,固有名詞,地域,国,*,*,エジプト,エジプト,エジプト
の	助詞,連体化,*,*,*,*,の,ノ,ノ
地	名詞,一般,*,*,*,*,地,チ,チ
から	助詞,格助詞,一般,*,*,*,から,カラ,カラ
携え	動詞,自立,*,*,一段,連用形,携える,タズサエ,タズサエ
出さ	動詞,非自立,*,*,五段・サ行,未然形,出す,ダサ,ダサ
れ	動詞,接尾,*,*,一段,連用形,れる,レ,レ
た	助動詞,*,*,*,特殊・タ,基本形,た,タ,タ
ご	接頭詞,名詞接続,*,*,*,*,ご,ゴ,ゴ
自分	名詞,一般,*,*,*,*,自分,ジブン,ジブン
の	助詞,連体化,*,*,*,*,の,ノ,ノ
民	名詞,一般,*,*,*,*,民,ミン,ミン
に対して	助詞,格助詞,連語,*,*,*,に対して,ニタイシテ,ニタイシテ
燃え	動詞,自立,*,*,一段,未然形,燃える,モエ,モエ
なけれ	助動詞,*,*,*,特殊・ナイ,仮定形,ない,ナケレ,ナケレ
ば	助詞,接続助詞,*,*,*,*,ば,バ,バ
なら	動詞,非自立,*,*,五段・ラ行,未然形,なる,ナラ,ナラ
ない	助動詞,*,*,*,特殊・ナイ,基本形,ない,ナイ,ナイ
の	名詞,非自立,一般,*,*,*,の,ノ,ノ
でしょ	助動詞,*,*,*,特殊・デス,未然形,です,デショ,デショ
う	助動詞,*,*,*,不変化型,基本形,う,ウ,ウ
か	助詞,副助詞／並立助詞／終助詞,*,*,*,*,か,カ,カ
。	記号,句点,*,*,*,*,。,。,。
どうして	副詞,一般,*,*,*,*,どうして,ドウシテ,ドーシテ
エジプト	名詞,固有名詞,地域,国,*,*,エジプト,エジプト,エジプト
人	名詞,接尾,一般,*,*,*,人,ジン,ジン
が	助詞,格助詞,一般,*,*,*,が,ガ,ガ
，	記号,読点,*,*,*,*,，,，,，
『	記号,括弧開,*,*,*,*,『,『,『
あれ	名詞,代名詞,一般,*,*,*,あれ,アレ,アレ
は	助詞,係助詞,*,*,*,*,は,ハ,ワ
悪意	名詞,一般,*,*,*,*,悪意,アクイ,アクイ
を	助詞,格助詞,一般,*,*,*,を,ヲ,ヲ
もっ	動詞,自立,*,*,五段・タ行,連用タ接続,もつ,モッ,モッ
て	助詞,接続助詞,*,*,*,*,て,テ,テ
彼ら	名詞,代名詞,一般,*,*,*,彼ら,カレラ,カレラ
を	助詞,格助詞,一般,*,*,*,を,ヲ,ヲ
連れ出し	動詞,自立,*,*,五段・サ行,連用形,連れ出す,ツレダシ,ツレダシ
，	記号,読点,*,*,*,*,，,，,，
山	名詞,一般,*,*,*,*,山,ヤマ,ヤマ
の	助詞,連体化,*,*,*,*,の,ノ,ノ
中	名詞,非自立,副詞可能,*,*,*,中,ナカ,ナカ
で	助詞,格助詞,一般,*,*,*,で,デ,デ
殺し	動詞,自立,*,*,五段・サ行,連用形,殺す,コロシ,コロシ
て	助詞,接続助詞,*,*,*,*,て,テ,テ
地	名詞,一般,*,*,*,*,地,チ,チ
の	助詞,連体化,*,*,*,*,の,ノ,ノ
表	名詞,一般,*,*,*,*,表,ヒョウ,ヒョー
から	助詞,格助詞,一般,*,*,*,から,カラ,カラ
滅ぼし	動詞,自立,*,*,五段・サ行,連用形,滅ぼす,ホロボシ,ホロボシ
絶やそ	動詞,自立,*,*,五段・サ行,未然ウ接続,絶やす,タヤソ,タヤソ
う	助動詞,*,*,*,不変化型,基本形,う,ウ,ウ
と	助詞,格助詞,引用,*,*,*,と,ト,ト
し	動詞,自立,*,*,サ変・スル,連用形,する,シ,シ
た	助動詞,*,*,*,特殊・タ,基本形,た,タ,タ
の	名詞,非自立,一般,*,*,*,の,ノ,ノ
だ	助動詞,*,*,*,特殊・ダ,基本形,だ,ダ,ダ
』	記号,括弧閉,*,*,*,*,』,』,』
など	助詞,副助詞,*,*,*,*,など,ナド,ナド
と	助詞,格助詞,引用,*,*,*,と,ト,ト
言っ	動詞,自立,*,*,五段・ワ行促音便,連用タ接続,言う,イッ,イッ
て	助詞,接続助詞,*,*,*,*,て,テ,テ
よい	形容詞,非自立,*,*,形容詞・アウオ段,基本形,よい,ヨイ,ヨイ
でしょ	助動詞,*,*,*,特殊・デス,未然形,です,デショ,デショ
う	助動詞,*,*,*,不変化型,基本形,う,ウ,ウ
か	助詞,副助詞／並立助詞／終助詞,*,*,*,*,か,カ,カ
。	記号,句点,*,*,*,*,。,。,。
燃える	動詞,自立,*,*,一段,基本形,燃える,モエル,モエル
み	接頭詞,名詞接続,*,*,*,*,み,ミ,ミ
怒り	名詞,一般,*,*,*,*,怒り,イカリ,イカリ
から	助詞,格助詞,一般,*,*,*,から,カラ,カラ
離れ	動詞,自立,*,*,一段,連用形,離れる,ハナレ,ハナレ
，	記号,読点,*,*,*,*,，,，,，
あなた	名詞,代名詞,一般,*,*,*,あなた,アナタ,アナタ
の	助詞,連体化,*,*,*,*,の,ノ,ノ
民	名詞,一般,*,*,*,*,民,ミン,ミン
に	助詞,格助詞,一般,*,*,*,に,ニ,ニ
臨む	動詞,自立,*,*,五段・マ行,基本形,臨む,ノゾム,ノゾム
災い	名詞,サ変接続,*,*,*,*,災い,ワザワイ,ワザワイ
を	助詞,格助詞,一般,*,*,*,を,ヲ,ヲ
思い返し	動詞,自立,*,*,五段・サ行,連用形,思い返す,オモイカエシ,オモイカエシ
て	助詞,接続助詞,*,*,*,*,て,テ,テ
ください	動詞,非自立,*,*,五段・ラ行特殊,連用形,くださる,クダサイ,クダサイ
ます	助動詞,*,*,*,特殊・マス,基本形,ます,マス,マス
よう	名詞,非自立,助動詞語幹,*,*,*,よう,ヨウ,ヨー
に	助詞,格助詞,一般,*,*,*,に,ニ,ニ
。	記号,句点,*,*,*,*,。,。,。
あなた	名詞,代名詞,一般,*,*,*,あなた,アナタ,アナタ
の	助詞,連体化,*,*,*,*,の,ノ,ノ
僕	名詞,代名詞,一般,*,*,*,僕,ボク,ボク
アブラハム	名詞,一般,*,*,*,*,*
，	記号,読点,*,*,*,*,，,，,，
イサク	名詞,一般,*,*,*,*,*
，	記号,読点,*,*,*,*,，,，,，
イスラエル	名詞,固有名詞,地域,国,*,*,イスラエル,イスラエル,イスラエル
を	助詞,格助詞,一般,*,*,*,を,ヲ,ヲ
思い出し	動詞,自立,*,*,五段・サ行,連用形,思い出す,オモイダシ,オモイダシ
て	助詞,接続助詞,*,*,*,*,て,テ,テ
ください	動詞,非自立,*,*,五段・ラ行特殊,命令ｉ,くださる,クダサイ,クダサイ
。	記号,句点,*,*,*,*,。,。,。
あなた	名詞,代名詞,一般,*,*,*,あなた,アナタ,アナタ
は	助詞,係助詞,*,*,*,*,は,ハ,ワ
ご	接頭詞,名詞接続,*,*,*,*,ご,ゴ,ゴ
自身	名詞,一般,*,*,*,*,自身,ジシン,ジシン
にかけて	助詞,格助詞,連語,*,*,*,にかけて,ニカケテ,ニカケテ
彼ら	名詞,代名詞,一般,*,*,*,彼ら,カレラ,カレラ
に	助詞,格助詞,一般,*,*,*,に,ニ,ニ
誓わ	動詞,自立,*,*,五段・ワ行促音便,未然形,誓う,チカワ,チカワ
れ	動詞,接尾,*,*,一段,連用形,れる,レ,レ
，	記号,読点,*,*,*,*,，,，,，
『	記号,括弧開,*,*,*,*,『,『,『
わたし	名詞,代名詞,一般,*,*,*,わたし,ワタシ,ワタシ
は	助詞,係助詞,*,*,*,*,は,ハ,ワ
あなた	名詞,代名詞,一般,*,*,*,あなた,アナタ,アナタ
方	名詞,接尾,一般,*,*,*,方,カタ,カタ
の	助詞,連体化,*,*,*,*,の,ノ,ノ
胤	名詞,一般,*,*,*,*,胤,タネ,タネ
を	助詞,格助詞,一般,*,*,*,を,ヲ,ヲ
殖やし	動詞,自立,*,*,五段・サ行,連用形,殖やす,フヤシ,フヤシ
て	助詞,接続助詞,*,*,*,*,て,テ,テ
天	名詞,一般,*,*,*,*,天,テン,テン
の	助詞,連体化,*,*,*,*,の,ノ,ノ
星	名詞,一般,*,*,*,*,星,ホシ,ホシ
の	助詞,連体化,*,*,*,*,の,ノ,ノ
よう	名詞,非自立,助動詞語幹,*,*,*,よう,ヨウ,ヨー
に	助詞,格助詞,一般,*,*,*,に,ニ,ニ
し	動詞,自立,*,*,サ変・スル,連用形,する,シ,シ
，	記号,読点,*,*,*,*,，,，,，
わたし	名詞,代名詞,一般,*,*,*,わたし,ワタシ,ワタシ
が	助詞,格助詞,一般,*,*,*,が,ガ,ガ
指定	名詞,サ変接続,*,*,*,*,指定,シテイ,シテイ
し	動詞,自立,*,*,サ変・スル,連用形,する,シ,シ
た	助動詞,*,*,*,特殊・タ,基本形,た,タ,タ
この	連体詞,*,*,*,*,*,この,コノ,コノ
すべて	名詞,副詞可能,*,*,*,*,すべて,スベテ,スベテ
の	助詞,連体化,*,*,*,*,の,ノ,ノ
土地	名詞,一般,*,*,*,*,土地,トチ,トチ
を	助詞,格助詞,一般,*,*,*,を,ヲ,ヲ
あなた	名詞,代名詞,一般,*,*,*,あなた,アナタ,アナタ
方	名詞,接尾,一般,*,*,*,方,カタ,カタ
の	助詞,連体化,*,*,*,*,の,ノ,ノ
胤	名詞,一般,*,*,*,*,胤,タネ,タネ
に	助詞,格助詞,一般,*,*,*,に,ニ,ニ
与え	動詞,自立,*,*,一段,連用形,与える,アタエ,アタエ
，	記号,読点,*,*,*,*,，,，,，
定め	名詞,一般,*,*,*,*,定め,サダメ,サダメ
の	助詞,格助詞,一般,*,*,*,の,ノ,ノ
ない	形容詞,自立,*,*,形容詞・アウオ段,基本形,ない,ナイ,ナイ
時	名詞,非自立,副詞可能,*,*,*,時,トキ,トキ
に	助詞,格助詞,一般,*,*,*,に,ニ,ニ
至る	動詞,自立,*,*,五段・ラ行,基本形,至る,イタル,イタル
まで	助詞,副助詞,*,*,*,*,まで,マデ,マデ
彼ら	名詞,代名詞,一般,*,*,*,彼ら,カレラ,カレラ
が	助詞,格助詞,一般,*,*,*,が,ガ,ガ
確か	名詞,形容動詞語幹,*,*,*,*,確か,タシカ,タシカ
に	助詞,副詞化,*,*,*,*,に,ニ,ニ
それ	名詞,代名詞,一般,*,*,*,それ,ソレ,ソレ
を	助詞,格助詞,一般,*,*,*,を,ヲ,ヲ
所有	名詞,サ変接続,*,*,*,*,所有,ショユウ,ショユー
する	動詞,自立,*,*,サ変・スル,基本形,する,スル,スル
よう	名詞,非自立,助動詞語幹,*,*,*,よう,ヨウ,ヨー
に	助詞,格助詞,一般,*,*,*,に,ニ,ニ
する	動詞,自立,*,*,サ変・スル,基本形,する,スル,スル
』	記号,括弧閉,*,*,*,*,』,』,』
と	助詞,格助詞,引用,*,*,*,と,ト,ト
言わ	動詞,自立,*,*,五段・ワ行促音便,未然形,言う,イワ,イワ
れ	動詞,接尾,*,*,一段,連用形,れる,レ,レ
た	助動詞,*,*,*,特殊・タ,基本形,た,タ,タ
の	名詞,非自立,一般,*,*,*,の,ノ,ノ
です	助動詞,*,*,*,特殊・デス,基本形,です,デス,デス
」	記号,括弧閉,*,*,*,*,」,」,」
。	記号,句点,*,*,*,*,。,。,。
すると	接続詞,*,*,*,*,*,すると,スルト,スルト
エホバ	名詞,一般,*,*,*,*,エホバ,エホバ,エホバ
は	助詞,係助詞,*,*,*,*,は,ハ,ワ
ご	接頭詞,名詞接続,*,*,*,*,ご,ゴ,ゴ
自分	名詞,一般,*,*,*,*,自分,ジブン,ジブン
の	助詞,連体化,*,*,*,*,の,ノ,ノ
民	名詞,一般,*,*,*,*,民,ミン,ミン
に	助詞,格助詞,一般,*,*,*,に,ニ,ニ
下す	動詞,自立,*,*,五段・サ行,基本形,下す,クダス,クダス
と	助詞,格助詞,引用,*,*,*,と,ト,ト
言わ	動詞,自立,*,*,五段・ワ行促音便,未然形,言う,イワ,イワ
れ	動詞,接尾,*,*,一段,連用形,れる,レ,レ
た	助動詞,*,*,*,特殊・タ,基本形,た,タ,タ
災い	名詞,サ変接続,*,*,*,*,災い,ワザワイ,ワザワイ
について	助詞,格助詞,連語,*,*,*,について,ニツイテ,ニツイテ
悔やま	動詞,自立,*,*,五段・マ行,未然形,悔やむ,クヤマ,クヤマ
れる	動詞,接尾,*,*,一段,基本形,れる,レル,レル
よう	名詞,非自立,助動詞語幹,*,*,*,よう,ヨウ,ヨー
に	助詞,格助詞,一般,*,*,*,に,ニ,ニ
なっ	動詞,自立,*,*,五段・ラ行,連用タ接続,なる,ナッ,ナッ
た	助動詞,*,*,*,特殊・タ,基本形,た,タ,タ
。	記号,句点,*,*,*,*,。,。,。
その後	名詞,副詞可能,*,*,*,*,その後,ソノゴ,ソノゴ
モーセ	名詞,一般,*,*,*,*,*
は	助詞,係助詞,*,*,*,*,は,ハ,ワ
身	名詞,一般,*,*,*,*,身,ミ,ミ
を	助詞,格助詞,一般,*,*,*,を,ヲ,ヲ
翻し	動詞,自立,*,*,五段・サ行,連用形,翻す,ヒルガエシ,ヒルガエシ
，	記号,読点,*,*,*,*,，,，,，
証	名詞,一般,*,*,*,*,証,アカシ,アカシ
の	助詞,連体化,*,*,*,*,の,ノ,ノ
書き	動詞,自立,*,*,五段・カ行イ音便,連用形,書く,カキ,カキ
板	名詞,一般,*,*,*,*,板,イタ,イタ
二	名詞,数,*,*,*,*,二,ニ,ニ
枚	名詞,接尾,助数詞,*,*,*,枚,マイ,マイ
を	助詞,格助詞,一般,*,*,*,を,ヲ,ヲ
手	名詞,一般,*,*,*,*,手,テ,テ
に	助詞,格助詞,一般,*,*,*,に,ニ,ニ
し	動詞,自立,*,*,サ変・スル,連用形,する,シ,シ
て	助詞,接続助詞,*,*,*,*,て,テ,テ
山	名詞,一般,*,*,*,*,山,ヤマ,ヤマ
を	助詞,格助詞,一般,*,*,*,を,ヲ,ヲ
下っ	動詞,自立,*,*,五段・ラ行,連用タ接続,下る,クダッ,クダッ
た	助動詞,*,*,*,特殊・タ,基本形,た,タ,タ
。	記号,句点,*,*,*,*,。,。,。
それ	名詞,代名詞,一般,*,*,*,それ,ソレ,ソレ
は	助詞,係助詞,*,*,*,*,は,ハ,ワ
，	記号,読点,*,*,*,*,，,，,，
その	連体詞,*,*,*,*,*,その,ソノ,ソノ
両面	名詞,一般,*,*,*,*,両面,リョウメン,リョーメン
に	助詞,格助詞,一般,*,*,*,に,ニ,ニ
書き記し	動詞,自立,*,*,五段・サ行,連用形,書き記す,カキシルシ,カキシルシ
た	助動詞,*,*,*,特殊・タ,基本形,た,タ,タ
書き	動詞,自立,*,*,五段・カ行イ音便,連用形,書く,カキ,カキ
板	名詞,一般,*,*,*,*,板,イタ,イタ
で	助動詞,*,*,*,特殊・ダ,連用形,だ,デ,デ
あっ	助動詞,*,*,*,五段・ラ行アル,連用タ接続,ある,アッ,アッ
た	助動詞,*,*,*,特殊・タ,基本形,た,タ,タ
。	記号,句点,*,*,*,*,。,。,。
こちら	名詞,代名詞,一般,*,*,*,こちら,コチラ,コチラ
側	名詞,接尾,一般,*,*,*,側,ガワ,ガワ
に	助詞,格助詞,一般,*,*,*,に,ニ,ニ
も	助詞,係助詞,*,*,*,*,も,モ,モ
向こう	名詞,一般,*,*,*,*,向こう,ムコウ,ムコー
側	名詞,接尾,一般,*,*,*,側,ガワ,ガワ
に	助詞,格助詞,一般,*,*,*,に,ニ,ニ
も	助詞,係助詞,*,*,*,*,も,モ,モ
書き記し	動詞,自立,*,*,五段・サ行,連用形,書き記す,カキシルシ,カキシルシ
て	助詞,接続助詞,*,*,*,*,て,テ,テ
あっ	動詞,非自立,*,*,五段・ラ行,連用タ接続,ある,アッ,アッ
た	助動詞,*,*,*,特殊・タ,基本形,た,タ,タ
。	記号,句点,*,*,*,*,。,。,。
そして	接続詞,*,*,*,*,*,そして,ソシテ,ソシテ
，	記号,読点,*,*,*,*,，,，,，
その	連体詞,*,*,*,*,*,その,ソノ,ソノ
書き	動詞,自立,*,*,五段・カ行イ音便,連用形,書く,カキ,カキ
板	名詞,一般,*,*,*,*,板,イタ,イタ
は	助詞,係助詞,*,*,*,*,は,ハ,ワ
神	名詞,一般,*,*,*,*,神,カミ,カミ
の	助詞,格助詞,一般,*,*,*,の,ノ,ノ
作ら	動詞,自立,*,*,五段・ラ行,未然形,作る,ツクラ,ツクラ
れ	動詞,接尾,*,*,一段,連用形,れる,レ,レ
た	助動詞,*,*,*,特殊・タ,基本形,た,タ,タ
もの	名詞,非自立,一般,*,*,*,もの,モノ,モノ
，	記号,読点,*,*,*,*,，,，,，
その	連体詞,*,*,*,*,*,その,ソノ,ソノ
書	名詞,一般,*,*,*,*,書,ショ,ショ
は	助詞,係助詞,*,*,*,*,は,ハ,ワ
神	名詞,一般,*,*,*,*,神,カミ,カミ
の	助詞,格助詞,一般,*,*,*,の,ノ,ノ
書か	動詞,自立,*,*,五段・カ行イ音便,未然形,書く,カカ,カカ
れ	動詞,接尾,*,*,一段,連用形,れる,レ,レ
た	助動詞,*,*,*,特殊・タ,基本形,た,タ,タ
もの	名詞,非自立,一般,*,*,*,もの,モノ,モノ
で	助動詞,*,*,*,特殊・ダ,連用形,だ,デ,デ
，	記号,読点,*,*,*,*,，,，,，
その	連体詞,*,*,*,*,*,その,ソノ,ソノ
書き	動詞,自立,*,*,五段・カ行イ音便,連用形,書く,カキ,カキ
板	名詞,一般,*,*,*,*,板,イタ,イタ
の	助詞,連体化,*,*,*,*,の,ノ,ノ
上	名詞,非自立,副詞可能,*,*,*,上,ウエ,ウエ
に	助詞,格助詞,一般,*,*,*,に,ニ,ニ
刻み込ま	動詞,自立,*,*,五段・マ行,未然形,刻み込む,キザミコマ,キザミコマ
れ	動詞,接尾,*,*,一段,連用形,れる,レ,レ
て	助詞,接続助詞,*,*,*,*,て,テ,テ
い	動詞,非自立,*,*,一段,連用形,いる,イ,イ
た	助動詞,*,*,*,特殊・タ,基本形,た,タ,タ
。	記号,句点,*,*,*,*,。,。,。
その後	名詞,副詞可能,*,*,*,*,その後,ソノゴ,ソノゴ
ヨシュア	名詞,一般,*,*,*,*,*
は	助詞,係助詞,*,*,*,*,は,ハ,ワ
，	記号,読点,*,*,*,*,，,，,，
叫び	名詞,一般,*,*,*,*,叫び,サケビ,サケビ
まわる	動詞,自立,*,*,五段・ラ行,基本形,まわる,マワル,マワル
民	名詞,一般,*,*,*,*,民,ミン,ミン
の	助詞,連体化,*,*,*,*,の,ノ,ノ
ざわめき	名詞,一般,*,*,*,*,ざわめき,ザワメキ,ザワメキ
を	助詞,格助詞,一般,*,*,*,を,ヲ,ヲ
聞き	動詞,自立,*,*,五段・カ行イ音便,連用形,聞く,キキ,キキ
，	記号,読点,*,*,*,*,，,，,，
モー	名詞,固有名詞,人名,姓,*,*,モー,モー,モー
セ	名詞,一般,*,*,*,*,セ,セ,セ
に	助詞,格助詞,一般,*,*,*,に,ニ,ニ
向かっ	動詞,自立,*,*,五段・ワ行促音便,連用タ接続,向かう,ムカッ,ムカッ
て	助詞,接続助詞,*,*,*,*,て,テ,テ
こう	副詞,助詞類接続,*,*,*,*,こう,コウ,コー
言っ	動詞,自立,*,*,五段・ワ行促音便,連用タ接続,言う,イッ,イッ
た	助動詞,*,*,*,特殊・タ,基本形,た,タ,タ
。	記号,句点,*,*,*,*,。,。,。
「	記号,括弧開,*,*,*,*,「,「,「
宿営	名詞,サ変接続,*,*,*,*,宿営,シュクエイ,シュクエイ
に	助詞,格助詞,一般,*,*,*,に,ニ,ニ
は	助詞,係助詞,*,*,*,*,は,ハ,ワ
戦闘	名詞,サ変接続,*,*,*,*,戦闘,セントウ,セントー
の	助詞,連体化,*,*,*,*,の,ノ,ノ
ざわめき	名詞,一般,*,*,*,*,ざわめき,ザワメキ,ザワメキ
が	助詞,格助詞,一般,*,*,*,が,ガ,ガ
あり	動詞,自立,*,*,五段・ラ行,連用形,ある,アリ,アリ
ます	助動詞,*,*,*,特殊・マス,基本形,ます,マス,マス
」	記号,括弧閉,*,*,*,*,」,」,」
。	記号,句点,*,*,*,*,。,。,。
しかし	接続詞,*,*,*,*,*,しかし,シカシ,シカシ
彼	名詞,代名詞,一般,*,*,*,彼,カレ,カレ
は	助詞,係助詞,*,*,*,*,は,ハ,ワ
言っ	動詞,自立,*,*,五段・ワ行促音便,連用タ接続,言う,イッ,イッ
た	助動詞,*,*,*,特殊・タ,基本形,た,タ,タ
，	記号,読点,*,*,*,*,，,，,，
そして	接続詞,*,*,*,*,*,そして,ソシテ,ソシテ
宿営	名詞,サ変接続,*,*,*,*,宿営,シュクエイ,シュクエイ
に	助詞,格助詞,一般,*,*,*,に,ニ,ニ
近づい	動詞,自立,*,*,五段・カ行イ音便,連用タ接続,近づく,チカヅイ,チカズイ
て	助詞,接続助詞,*,*,*,*,て,テ,テ
，	記号,読点,*,*,*,*,，,，,，
子	接頭詞,名詞接続,*,*,*,*,子,コ,コ
牛	名詞,一般,*,*,*,*,牛,ウシ,ウシ
と	助詞,並立助詞,*,*,*,*,と,ト,ト
踊り	名詞,一般,*,*,*,*,踊り,オドリ,オドリ
と	助詞,並立助詞,*,*,*,*,と,ト,ト
を	助詞,格助詞,一般,*,*,*,を,ヲ,ヲ
見る	動詞,自立,*,*,一段,基本形,見る,ミル,ミル
や	助詞,接続助詞,*,*,*,*,や,ヤ,ヤ
，	記号,読点,*,*,*,*,，,，,，
モー	名詞,固有名詞,人名,姓,*,*,モー,モー,モー
セ	名詞,一般,*,*,*,*,セ,セ,セ
の	助詞,連体化,*,*,*,*,の,ノ,ノ
怒り	名詞,一般,*,*,*,*,怒り,イカリ,イカリ
は	助詞,係助詞,*,*,*,*,は,ハ,ワ
燃え立ち	動詞,自立,*,*,五段・タ行,連用形,燃え立つ,モエタチ,モエタチ
，	記号,読点,*,*,*,*,，,，,，
彼	名詞,代名詞,一般,*,*,*,彼,カレ,カレ
は	助詞,係助詞,*,*,*,*,は,ハ,ワ
直ちに	副詞,一般,*,*,*,*,直ちに,タダチニ,タダチニ
書き	動詞,自立,*,*,五段・カ行イ音便,連用形,書く,カキ,カキ
板	名詞,一般,*,*,*,*,板,イタ,イタ
を	助詞,格助詞,一般,*,*,*,を,ヲ,ヲ
自分	名詞,一般,*,*,*,*,自分,ジブン,ジブン
の	助詞,連体化,*,*,*,*,の,ノ,ノ
手	名詞,一般,*,*,*,*,手,テ,テ
から	助詞,格助詞,一般,*,*,*,から,カラ,カラ
投げ	動詞,自立,*,*,一段,連用形,投げる,ナゲ,ナゲ
，	記号,読点,*,*,*,*,，,，,，
それ	名詞,代名詞,一般,*,*,*,それ,ソレ,ソレ
を	助詞,格助詞,一般,*,*,*,を,ヲ,ヲ
山	名詞,一般,*,*,*,*,山,ヤマ,ヤマ
の	助詞,連体化,*,*,*,*,の,ノ,ノ
ふもと	名詞,一般,*,*,*,*,ふもと,フモト,フモト
で	助詞,格助詞,一般,*,*,*,で,デ,デ
みじん	名詞,一般,*,*,*,*,みじん,ミジン,ミジン
に	助詞,格助詞,一般,*,*,*,に,ニ,ニ
砕い	動詞,自立,*,*,五段・カ行イ音便,連用タ接続,砕く,クダイ,クダイ
た	助動詞,*,*,*,特殊・タ,基本形,た,タ,タ
。	記号,句点,*,*,*,*,。,。,。
そして	接続詞,*,*,*,*,*,そして,ソシテ,ソシテ
彼ら	名詞,代名詞,一般,*,*,*,彼ら,カレラ,カレラ
の	助詞,格助詞,一般,*,*,*,の,ノ,ノ
作っ	動詞,自立,*,*,五段・ラ行,連用タ接続,作る,ツクッ,ツクッ
た	助動詞,*,*,*,特殊・タ,基本形,た,タ,タ
子	接頭詞,名詞接続,*,*,*,*,子,コ,コ
牛	名詞,一般,*,*,*,*,牛,ウシ,ウシ
を	助詞,格助詞,一般,*,*,*,を,ヲ,ヲ
取り	動詞,自立,*,*,五段・ラ行,連用形,取る,トリ,トリ
，	記号,読点,*,*,*,*,，,，,，
それ	名詞,代名詞,一般,*,*,*,それ,ソレ,ソレ
を	助詞,格助詞,一般,*,*,*,を,ヲ,ヲ
火	名詞,一般,*,*,*,*,火,ヒ,ヒ
で	助詞,格助詞,一般,*,*,*,で,デ,デ
焼き	動詞,自立,*,*,五段・カ行イ音便,連用形,焼く,ヤキ,ヤキ
，	記号,読点,*,*,*,*,，,，,，
粉々	名詞,一般,*,*,*,*,粉々,コナゴナ,コナゴナ
に	助詞,格助詞,一般,*,*,*,に,ニ,ニ
なる	動詞,自立,*,*,五段・ラ行,基本形,なる,ナル,ナル
まで	助詞,副助詞,*,*,*,*,まで,マデ,マデ
砕き	動詞,自立,*,*,五段・カ行イ音便,連用形,砕く,クダキ,クダキ
，	記号,読点,*,*,*,*,，,，,，
次いで	接続詞,*,*,*,*,*,次いで,ツイデ,ツイデ
水	名詞,一般,*,*,*,*,水,ミズ,ミズ
の	助詞,連体化,*,*,*,*,の,ノ,ノ
表	名詞,一般,*,*,*,*,表,ヒョウ,ヒョー
に	助詞,格助詞,一般,*,*,*,に,ニ,ニ
まき散らし	動詞,自立,*,*,五段・サ行,連用形,まき散らす,マキチラシ,マキチラシ
て	助詞,接続助詞,*,*,*,*,て,テ,テ
，	記号,読点,*,*,*,*,，,，,，
それ	名詞,代名詞,一般,*,*,*,それ,ソレ,ソレ
を	助詞,格助詞,一般,*,*,*,を,ヲ,ヲ
イスラエル	名詞,固有名詞,地域,国,*,*,イスラエル,イスラエル,イスラエル
の	助詞,連体化,*,*,*,*,の,ノ,ノ
子	名詞,一般,*,*,*,*,子,コ,コ
ら	名詞,接尾,一般,*,*,*,ら,ラ,ラ
に	助詞,格助詞,一般,*,*,*,に,ニ,ニ
飲ま	動詞,自立,*,*,五段・マ行,未然形,飲む,ノマ,ノマ
せ	動詞,接尾,*,*,一段,連用形,せる,セ,セ
た	助動詞,*,*,*,特殊・タ,基本形,た,タ,タ
。	記号,句点,*,*,*,*,。,。,。
その後	名詞,副詞可能,*,*,*,*,その後,ソノゴ,ソノゴ
モーセ	名詞,一般,*,*,*,*,*
は	助詞,係助詞,*,*,*,*,は,ハ,ワ
アロン	名詞,一般,*,*,*,*,アロン,アロン,アロン
に	助詞,格助詞,一般,*,*,*,に,ニ,ニ
言っ	動詞,自立,*,*,五段・ワ行促音便,連用タ接続,言う,イッ,イッ
た	助動詞,*,*,*,特殊・タ,基本形,た,タ,タ
，	記号,読点,*,*,*,*,，,，,，
「	記号,括弧開,*,*,*,*,「,「,「
この	連体詞,*,*,*,*,*,この,コノ,コノ
民	名詞,一般,*,*,*,*,民,ミン,ミン
が	助詞,格助詞,一般,*,*,*,が,ガ,ガ
あなた	名詞,代名詞,一般,*,*,*,あなた,アナタ,アナタ
に	助詞,格助詞,一般,*,*,*,に,ニ,ニ
何	名詞,代名詞,一般,*,*,*,何,ナニ,ナニ
を	助詞,格助詞,一般,*,*,*,を,ヲ,ヲ
し	動詞,自立,*,*,サ変・スル,連用形,する,シ,シ
た	助動詞,*,*,*,特殊・タ,基本形,た,タ,タ
と	助詞,格助詞,引用,*,*,*,と,ト,ト
いう	動詞,自立,*,*,五段・ワ行促音便,基本形,いう,イウ,イウ
ので	助詞,接続助詞,*,*,*,*,ので,ノデ,ノデ
，	記号,読点,*,*,*,*,，,，,，
あなた	名詞,代名詞,一般,*,*,*,あなた,アナタ,アナタ
は	助詞,係助詞,*,*,*,*,は,ハ,ワ
これ	名詞,代名詞,一般,*,*,*,これ,コレ,コレ
に	助詞,格助詞,一般,*,*,*,に,ニ,ニ
大きな	連体詞,*,*,*,*,*,大きな,オオキナ,オーキナ
罪	名詞,一般,*,*,*,*,罪,ツミ,ツミ
を	助詞,格助詞,一般,*,*,*,を,ヲ,ヲ
もたらし	動詞,自立,*,*,五段・サ行,連用形,もたらす,モタラシ,モタラシ
たり	助詞,並立助詞,*,*,*,*,たり,タリ,タリ
し	動詞,自立,*,*,サ変・スル,連用形,する,シ,シ
た	助動詞,*,*,*,特殊・タ,基本形,た,タ,タ
の	名詞,非自立,一般,*,*,*,の,ノ,ノ
です	助動詞,*,*,*,特殊・デス,基本形,です,デス,デス
か	助詞,副助詞／並立助詞／終助詞,*,*,*,*,か,カ,カ
」	記号,括弧閉,*,*,*,*,」,」,」
。	記号,句点,*,*,*,*,。,。,。
それ	名詞,代名詞,一般,*,*,*,それ,ソレ,ソレ
に対して	助詞,格助詞,連語,*,*,*,に対して,ニタイシテ,ニタイシテ
アロン	名詞,一般,*,*,*,*,アロン,アロン,アロン
は	助詞,係助詞,*,*,*,*,は,ハ,ワ
言っ	動詞,自立,*,*,五段・ワ行促音便,連用タ接続,言う,イッ,イッ
た	助動詞,*,*,*,特殊・タ,基本形,た,タ,タ
，	記号,読点,*,*,*,*,，,，,，
「	記号,括弧開,*,*,*,*,「,「,「
我が	連体詞,*,*,*,*,*,我が,ワガ,ワガ
主	名詞,一般,*,*,*,*,主,アルジ,アルジ
の	助詞,連体化,*,*,*,*,の,ノ,ノ
怒り	名詞,一般,*,*,*,*,怒り,イカリ,イカリ
が	助詞,格助詞,一般,*,*,*,が,ガ,ガ
燃え立つ	動詞,自立,*,*,五段・タ行,基本形,燃え立つ,モエタツ,モエタツ
こと	名詞,非自立,一般,*,*,*,こと,コト,コト
の	助詞,格助詞,一般,*,*,*,の,ノ,ノ
ない	形容詞,自立,*,*,形容詞・アウオ段,基本形,ない,ナイ,ナイ
よう	名詞,非自立,助動詞語幹,*,*,*,よう,ヨウ,ヨー
に	助詞,格助詞,一般,*,*,*,に,ニ,ニ
し	動詞,自立,*,*,サ変・スル,連用形,する,シ,シ
て	助詞,接続助詞,*,*,*,*,て,テ,テ
ください	動詞,非自立,*,*,五段・ラ行特殊,命令ｉ,くださる,クダサイ,クダサイ
。	記号,句点,*,*,*,*,。,。,。
あなた	名詞,代名詞,一般,*,*,*,あなた,アナタ,アナタ
自身	名詞,一般,*,*,*,*,自身,ジシン,ジシン
この	連体詞,*,*,*,*,*,この,コノ,コノ
民	名詞,一般,*,*,*,*,民,ミン,ミン
を	助詞,格助詞,一般,*,*,*,を,ヲ,ヲ
よく	副詞,一般,*,*,*,*,よく,ヨク,ヨク
知っ	動詞,自立,*,*,五段・ラ行,連用タ接続,知る,シッ,シッ
て	助詞,接続助詞,*,*,*,*,て,テ,テ
いる	動詞,非自立,*,*,一段,基本形,いる,イル,イル
はず	名詞,非自立,一般,*,*,*,はず,ハズ,ハズ
です	助動詞,*,*,*,特殊・デス,基本形,です,デス,デス
。	記号,句点,*,*,*,*,。,。,。
彼ら	名詞,代名詞,一般,*,*,*,彼ら,カレラ,カレラ
に	助詞,格助詞,一般,*,*,*,に,ニ,ニ
よこしま	名詞,形容動詞語幹,*,*,*,*,よこしま,ヨコシマ,ヨコシマ
な	助動詞,*,*,*,特殊・ダ,体言接続,だ,ナ,ナ
傾向	名詞,一般,*,*,*,*,傾向,ケイコウ,ケイコー
の	助詞,格助詞,一般,*,*,*,の,ノ,ノ
ある	動詞,自立,*,*,五段・ラ行,基本形,ある,アル,アル
こと	名詞,非自立,一般,*,*,*,こと,コト,コト
を	助詞,格助詞,一般,*,*,*,を,ヲ,ヲ
。	記号,句点,*,*,*,*,。,。,。
それで	接続詞,*,*,*,*,*,それで,ソレデ,ソレデ
彼ら	名詞,代名詞,一般,*,*,*,彼ら,カレラ,カレラ
は	助詞,係助詞,*,*,*,*,は,ハ,ワ
わたし	名詞,代名詞,一般,*,*,*,わたし,ワタシ,ワタシ
に	助詞,格助詞,一般,*,*,*,に,ニ,ニ
言い	動詞,自立,*,*,五段・ワ行促音便,連用形,言う,イイ,イイ
まし	助動詞,*,*,*,特殊・マス,連用形,ます,マシ,マシ
た	助動詞,*,*,*,特殊・タ,基本形,た,タ,タ
，	記号,読点,*,*,*,*,，,，,，
『	記号,括弧開,*,*,*,*,『,『,『
わたし	名詞,代名詞,一般,*,*,*,わたし,ワタシ,ワタシ
たち	名詞,接尾,一般,*,*,*,たち,タチ,タチ
の	助詞,連体化,*,*,*,*,の,ノ,ノ
前	名詞,副詞可能,*,*,*,*,前,マエ,マエ
を	助詞,格助詞,一般,*,*,*,を,ヲ,ヲ
行く	動詞,自立,*,*,五段・カ行促音便,基本形,行く,イク,イク
神	名詞,一般,*,*,*,*,神,カミ,カミ
を	助詞,格助詞,一般,*,*,*,を,ヲ,ヲ
作っ	動詞,自立,*,*,五段・ラ行,連用タ接続,作る,ツクッ,ツクッ
て	助詞,接続助詞,*,*,*,*,て,テ,テ
ほしい	形容詞,非自立,*,*,形容詞・イ段,基本形,ほしい,ホシイ,ホシイ
。	記号,句点,*,*,*,*,。,。,。
わたし	名詞,代名詞,一般,*,*,*,わたし,ワタシ,ワタシ
たち	名詞,接尾,一般,*,*,*,たち,タチ,タチ
を	助詞,格助詞,一般,*,*,*,を,ヲ,ヲ
エジプト	名詞,固有名詞,地域,国,*,*,エジプト,エジプト,エジプト
の	助詞,連体化,*,*,*,*,の,ノ,ノ
地	名詞,一般,*,*,*,*,地,チ,チ
から	助詞,格助詞,一般,*,*,*,から,カラ,カラ
導き	動詞,自立,*,*,五段・カ行イ音便,連用形,導く,ミチビキ,ミチビキ
上っ	動詞,自立,*,*,五段・ラ行,連用タ接続,上る,ノボッ,ノボッ
た	助動詞,*,*,*,特殊・タ,基本形,た,タ,タ
人	名詞,一般,*,*,*,*,人,ヒト,ヒト
で	助動詞,*,*,*,特殊・ダ,連用形,だ,デ,デ
ある	助動詞,*,*,*,五段・ラ行アル,基本形,ある,アル,アル
この	連体詞,*,*,*,*,*,この,コノ,コノ
モーセ	名詞,一般,*,*,*,*,*
について	助詞,格助詞,連語,*,*,*,について,ニツイテ,ニツイテ
は	助詞,係助詞,*,*,*,*,は,ハ,ワ
，	記号,読点,*,*,*,*,，,，,，
彼	名詞,代名詞,一般,*,*,*,彼,カレ,カレ
が	助詞,格助詞,一般,*,*,*,が,ガ,ガ
どう	副詞,助詞類接続,*,*,*,*,どう,ドウ,ドー
なっ	動詞,自立,*,*,五段・ラ行,連用タ接続,なる,ナッ,ナッ
た	助動詞,*,*,*,特殊・タ,基本形,た,タ,タ
の	名詞,非自立,一般,*,*,*,の,ノ,ノ
か	助詞,副助詞／並立助詞／終助詞,*,*,*,*,か,カ,カ
全く	副詞,助詞類接続,*,*,*,*,全く,マッタク,マッタク
分から	動詞,自立,*,*,五段・ラ行,未然形,分かる,ワカラ,ワカラ
ない	助動詞,*,*,*,特殊・ナイ,基本形,ない,ナイ,ナイ
から	助詞,接続助詞,*,*,*,*,から,カラ,カラ
』	記号,括弧閉,*,*,*,*,』,』,』
。	記号,句点,*,*,*,*,。,。,。
そこで	接続詞,*,*,*,*,*,そこで,ソコデ,ソコデ
わたし	名詞,代名詞,一般,*,*,*,わたし,ワタシ,ワタシ
は	助詞,係助詞,*,*,*,*,は,ハ,ワ
彼ら	名詞,代名詞,一般,*,*,*,彼ら,カレラ,カレラ
に	助詞,格助詞,一般,*,*,*,に,ニ,ニ
言い	動詞,自立,*,*,五段・ワ行促音便,連用形,言う,イイ,イイ
まし	助動詞,*,*,*,特殊・マス,連用形,ます,マシ,マシ
た	助動詞,*,*,*,特殊・タ,基本形,た,タ,タ
，	記号,読点,*,*,*,*,，,，,，
『	記号,括弧開,*,*,*,*,『,『,『
だれ	名詞,代名詞,一般,*,*,*,だれ,ダレ,ダレ
か	助詞,副助詞／並立助詞／終助詞,*,*,*,*,か,カ,カ
金	名詞,一般,*,*,*,*,金,キン,キン
を	助詞,格助詞,一般,*,*,*,を,ヲ,ヲ
持つ	動詞,自立,*,*,五段・タ行,基本形,持つ,モツ,モツ
者	名詞,非自立,一般,*,*,*,者,モノ,モノ
が	助詞,格助詞,一般,*,*,*,が,ガ,ガ
いる	動詞,自立,*,*,一段,基本形,いる,イル,イル
か	助詞,副助詞／並立助詞／終助詞,*,*,*,*,か,カ,カ
。	記号,句点,*,*,*,*,。,。,。
その	連体詞,*,*,*,*,*,その,ソノ,ソノ
者	名詞,一般,*,*,*,*,者,モノ,モノ
たち	名詞,接尾,一般,*,*,*,たち,タチ,タチ
は	助詞,係助詞,*,*,*,*,は,ハ,ワ
それ	名詞,代名詞,一般,*,*,*,それ,ソレ,ソレ
を	助詞,格助詞,一般,*,*,*,を,ヲ,ヲ
自分	名詞,一般,*,*,*,*,自分,ジブン,ジブン
の	助詞,連体化,*,*,*,*,の,ノ,ノ
身	名詞,一般,*,*,*,*,身,ミ,ミ
から	助詞,格助詞,一般,*,*,*,から,カラ,カラ
外し	動詞,自立,*,*,五段・サ行,連用形,外す,ハズシ,ハズシ
取っ	動詞,自立,*,*,五段・ラ行,連用タ接続,取る,トッ,トッ
て	助詞,接続助詞,*,*,*,*,て,テ,テ
，	記号,読点,*,*,*,*,，,，,，
わたし	名詞,代名詞,一般,*,*,*,わたし,ワタシ,ワタシ
に	助詞,格助詞,一般,*,*,*,に,ニ,ニ
渡す	動詞,自立,*,*,五段・サ行,基本形,渡す,ワタス,ワタス
よう	名詞,非自立,助動詞語幹,*,*,*,よう,ヨウ,ヨー
に	助詞,副詞化,*,*,*,*,に,ニ,ニ
』	記号,括弧閉,*,*,*,*,』,』,』
。	記号,句点,*,*,*,*,。,。,。
そう	副詞,助詞類接続,*,*,*,*,そう,ソウ,ソー
し	動詞,自立,*,*,サ変・スル,連用形,する,シ,シ
て	助詞,接続助詞,*,*,*,*,て,テ,テ
わたし	名詞,代名詞,一般,*,*,*,わたし,ワタシ,ワタシ
が	助詞,格助詞,一般,*,*,*,が,ガ,ガ
それ	名詞,代名詞,一般,*,*,*,それ,ソレ,ソレ
を	助詞,格助詞,一般,*,*,*,を,ヲ,ヲ
火	名詞,一般,*,*,*,*,火,ヒ,ヒ
の	助詞,連体化,*,*,*,*,の,ノ,ノ
中	名詞,非自立,副詞可能,*,*,*,中,ナカ,ナカ
に	助詞,格助詞,一般,*,*,*,に,ニ,ニ
投げ入れる	動詞,自立,*,*,一段,基本形,投げ入れる,ナゲイレル,ナゲイレル
と	助詞,接続助詞,*,*,*,*,と,ト,ト
，	記号,読点,*,*,*,*,，,，,，
この	連体詞,*,*,*,*,*,この,コノ,コノ
子	名詞,一般,*,*,*,*,子,コ,コ
牛	名詞,一般,*,*,*,*,牛,ウシ,ウシ
が	助詞,格助詞,一般,*,*,*,が,ガ,ガ
出	動詞,自立,*,*,一段,連用形,出る,デ,デ
て	助詞,接続助詞,*,*,*,*,て,テ,テ
来	動詞,非自立,*,*,カ変・来ル,連用形,来る,キ,キ
た	助動詞,*,*,*,特殊・タ,基本形,た,タ,タ
の	名詞,非自立,一般,*,*,*,の,ノ,ノ
です	助動詞,*,*,*,特殊・デス,基本形,です,デス,デス
」	記号,括弧閉,*,*,*,*,」,」,」
。	記号,句点,*,*,*,*,。,。,。
そして	接続詞,*,*,*,*,*,そして,ソシテ,ソシテ
モー	名詞,固有名詞,人名,姓,*,*,モー,モー,モー
セ	名詞,一般,*,*,*,*,セ,セ,セ
は	助詞,係助詞,*,*,*,*,は,ハ,ワ
，	記号,読点,*,*,*,*,，,，,，
民	名詞,一般,*,*,*,*,民,ミン,ミン
が	助詞,格助詞,一般,*,*,*,が,ガ,ガ
気まま	名詞,形容動詞語幹,*,*,*,*,気まま,キママ,キママ
に	助詞,副詞化,*,*,*,*,に,ニ,ニ
振る舞っ	動詞,自立,*,*,五段・ワ行促音便,連用タ接続,振る舞う,フルマッ,フルマッ
て	助詞,接続助詞,*,*,*,*,て,テ,テ
いる	動詞,非自立,*,*,一段,基本形,いる,イル,イル
の	名詞,非自立,一般,*,*,*,の,ノ,ノ
を	助詞,格助詞,一般,*,*,*,を,ヲ,ヲ
見	動詞,自立,*,*,一段,連用形,見る,ミ,ミ
た	助動詞,*,*,*,特殊・タ,基本形,た,タ,タ
。	記号,句点,*,*,*,*,。,。,。
それ	名詞,代名詞,一般,*,*,*,それ,ソレ,ソレ
は	助詞,係助詞,*,*,*,*,は,ハ,ワ
，	記号,読点,*,*,*,*,，,，,，
アロン	名詞,一般,*,*,*,*,アロン,アロン,アロン
が	助詞,格助詞,一般,*,*,*,が,ガ,ガ
彼ら	名詞,代名詞,一般,*,*,*,彼ら,カレラ,カレラ
を	助詞,格助詞,一般,*,*,*,を,ヲ,ヲ
気まま	名詞,形容動詞語幹,*,*,*,*,気まま,キママ,キママ
に	助詞,副詞化,*,*,*,*,に,ニ,ニ
振る舞わ	動詞,自立,*,*,五段・ワ行促音便,未然形,振る舞う,フルマワ,フルマワ
せ	動詞,接尾,*,*,一段,連用形,せる,セ,セ
，	記号,読点,*,*,*,*,，,，,，
敵対	名詞,サ変接続,*,*,*,*,敵対,テキタイ,テキタイ
する	動詞,自立,*,*,サ変・スル,基本形,する,スル,スル
者	名詞,一般,*,*,*,*,者,モノ,モノ
たち	名詞,接尾,一般,*,*,*,たち,タチ,タチ
の	助詞,連体化,*,*,*,*,の,ノ,ノ
中	名詞,非自立,副詞可能,*,*,*,中,ナカ,ナカ
に	助詞,格助詞,一般,*,*,*,に,ニ,ニ
あっ	動詞,自立,*,*,五段・ラ行,連用タ接続,ある,アッ,アッ
て	助詞,接続助詞,*,*,*,*,て,テ,テ
恥辱	名詞,一般,*,*,*,*,恥辱,チジョク,チジョク
と	助詞,格助詞,一般,*,*,*,と,ト,ト
なる	動詞,自立,*,*,五段・ラ行,基本形,なる,ナル,ナル
こと	名詞,非自立,一般,*,*,*,こと,コト,コト
を	助詞,格助詞,一般,*,*,*,を,ヲ,ヲ
行なわ	動詞,自立,*,*,五段・ワ行促音便,未然形,行なう,オコナワ,オコナワ
せ	動詞,接尾,*,*,一段,連用形,せる,セ,セ
た	助動詞,*,*,*,特殊・タ,基本形,た,タ,タ
から	助詞,接続助詞,*,*,*,*,から,カラ,カラ
で	助動詞,*,*,*,特殊・ダ,連用形,だ,デ,デ
あっ	助動詞,*,*,*,五段・ラ行アル,連用タ接続,ある,アッ,アッ
た	助動詞,*,*,*,特殊・タ,基本形,た,タ,タ
。	記号,句点,*,*,*,*,。,。,。
そこで	接続詞,*,*,*,*,*,そこで,ソコデ,ソコデ
モー	名詞,固有名詞,人名,姓,*,*,モー,モー,モー
セ	名詞,一般,*,*,*,*,セ,セ,セ
は	助詞,係助詞,*,*,*,*,は,ハ,ワ
宿営	名詞,サ変接続,*,*,*,*,宿営,シュクエイ,シュクエイ
の	助詞,連体化,*,*,*,*,の,ノ,ノ
門	名詞,一般,*,*,*,*,門,モン,モン
の	助詞,連体化,*,*,*,*,の,ノ,ノ
ところ	名詞,非自立,副詞可能,*,*,*,ところ,トコロ,トコロ
に	助詞,格助詞,一般,*,*,*,に,ニ,ニ
立っ	動詞,自立,*,*,五段・タ行,連用タ接続,立つ,タッ,タッ
て	助詞,接続助詞,*,*,*,*,て,テ,テ
，	記号,読点,*,*,*,*,，,，,，
こう	副詞,助詞類接続,*,*,*,*,こう,コウ,コー
言っ	動詞,自立,*,*,五段・ワ行促音便,連用タ接続,言う,イッ,イッ
た	助動詞,*,*,*,特殊・タ,基本形,た,タ,タ
。	記号,句点,*,*,*,*,。,。,。
「	記号,括弧開,*,*,*,*,「,「,「
エホバ	名詞,一般,*,*,*,*,エホバ,エホバ,エホバ
の	助詞,連体化,*,*,*,*,の,ノ,ノ
側	名詞,一般,*,*,*,*,側,ガワ,ガワ
に	助詞,格助詞,一般,*,*,*,に,ニ,ニ
いる	動詞,自立,*,*,一段,基本形,いる,イル,イル
者	名詞,非自立,一般,*,*,*,者,モノ,モノ
は	助詞,係助詞,*,*,*,*,は,ハ,ワ
だれ	名詞,代名詞,一般,*,*,*,だれ,ダレ,ダレ
か	助詞,副助詞／並立助詞／終助詞,*,*,*,*,か,カ,カ
。	記号,句点,*,*,*,*,。,。,。
わたし	名詞,代名詞,一般,*,*,*,わたし,ワタシ,ワタシ
の	助詞,連体化,*,*,*,*,の,ノ,ノ
もと	名詞,一般,*,*,*,*,もと,モト,モト
へ	助詞,格助詞,一般,*,*,*,へ,ヘ,エ
！	記号,一般,*,*,*,*,！,！,！
」	記号,括弧閉,*,*,*,*,」,」,」
する	動詞,自立,*,*,サ変・スル,基本形,する,スル,スル
と	助詞,接続助詞,*,*,*,*,と,ト,ト
，	記号,読点,*,*,*,*,，,，,，
レビ	名詞,固有名詞,人名,姓,*,*,レビ,レビ,レビ
の	助詞,連体化,*,*,*,*,の,ノ,ノ
子	名詞,一般,*,*,*,*,子,コ,コ
ら	名詞,接尾,一般,*,*,*,ら,ラ,ラ
が	助詞,格助詞,一般,*,*,*,が,ガ,ガ
みな	名詞,代名詞,一般,*,*,*,みな,ミナ,ミナ
彼	名詞,代名詞,一般,*,*,*,彼,カレ,カレ
の	助詞,連体化,*,*,*,*,の,ノ,ノ
もと	名詞,非自立,一般,*,*,*,もと,モト,モト
に	助詞,格助詞,一般,*,*,*,に,ニ,ニ
集まっ	動詞,自立,*,*,五段・ラ行,連用タ接続,集まる,アツマッ,アツマッ
て	助詞,接続助詞,*,*,*,*,て,テ,テ
来	動詞,非自立,*,*,カ変・来ル,連用形,来る,キ,キ
た	助動詞,*,*,*,特殊・タ,基本形,た,タ,タ
。	記号,句点,*,*,*,*,。,。,。
そこで	接続詞,*,*,*,*,*,そこで,ソコデ,ソコデ
彼ら	名詞,代名詞,一般,*,*,*,彼ら,カレラ,カレラ
に	助詞,格助詞,一般,*,*,*,に,ニ,ニ
言っ	動詞,自立,*,*,五段・ワ行促音便,連用タ接続,言う,イッ,イッ
た	助動詞,*,*,*,特殊・タ,基本形,た,タ,タ
，	記号,読点,*,*,*,*,，,，,，
「	記号,括弧開,*,*,*,*,「,「,「
これ	名詞,代名詞,一般,*,*,*,これ,コレ,コレ
は	助詞,係助詞,*,*,*,*,は,ハ,ワ
イスラエル	名詞,固有名詞,地域,国,*,*,イスラエル,イスラエル,イスラエル
の	助詞,連体化,*,*,*,*,の,ノ,ノ
神	名詞,一般,*,*,*,*,神,カミ,カミ
エホバ	名詞,一般,*,*,*,*,エホバ,エホバ,エホバ
が	助詞,格助詞,一般,*,*,*,が,ガ,ガ
言わ	動詞,自立,*,*,五段・ワ行促音便,未然形,言う,イワ,イワ
れ	動詞,接尾,*,*,一段,連用形,れる,レ,レ
た	助動詞,*,*,*,特殊・タ,基本形,た,タ,タ
こと	名詞,非自立,一般,*,*,*,こと,コト,コト
です	助動詞,*,*,*,特殊・デス,基本形,です,デス,デス
。	記号,句点,*,*,*,*,。,。,。
『	記号,括弧開,*,*,*,*,『,『,『
あなた	名詞,代名詞,一般,*,*,*,あなた,アナタ,アナタ
方	名詞,接尾,一般,*,*,*,方,カタ,カタ
は	助詞,係助詞,*,*,*,*,は,ハ,ワ
各々	副詞,一般,*,*,*,*,各々,オノオノ,オノオノ
剣	名詞,一般,*,*,*,*,剣,ケン,ケン
を	助詞,格助詞,一般,*,*,*,を,ヲ,ヲ
帯びよ	動詞,自立,*,*,一段,命令ｙｏ,帯びる,オビヨ,オビヨ
。	記号,句点,*,*,*,*,。,。,。
宿営	名詞,サ変接続,*,*,*,*,宿営,シュクエイ,シュクエイ
の	助詞,連体化,*,*,*,*,の,ノ,ノ
中	名詞,非自立,副詞可能,*,*,*,中,ナカ,ナカ
を	助詞,格助詞,一般,*,*,*,を,ヲ,ヲ
通り	動詞,自立,*,*,五段・ラ行,連用形,通る,トオリ,トーリ
，	記号,読点,*,*,*,*,，,，,，
門	名詞,一般,*,*,*,*,門,モン,モン
から	助詞,格助詞,一般,*,*,*,から,カラ,カラ
門	名詞,一般,*,*,*,*,門,モン,モン
に	助詞,格助詞,一般,*,*,*,に,ニ,ニ
戻っ	動詞,自立,*,*,五段・ラ行,連用タ接続,戻る,モドッ,モドッ
て	助詞,接続助詞,*,*,*,*,て,テ,テ
，	記号,読点,*,*,*,*,，,，,，
各々	副詞,一般,*,*,*,*,各々,オノオノ,オノオノ
自分	名詞,一般,*,*,*,*,自分,ジブン,ジブン
の	助詞,連体化,*,*,*,*,の,ノ,ノ
兄弟	名詞,一般,*,*,*,*,兄弟,キョウダイ,キョーダイ
を	助詞,格助詞,一般,*,*,*,を,ヲ,ヲ
，	記号,読点,*,*,*,*,，,，,，
各々	副詞,一般,*,*,*,*,各々,オノオノ,オノオノ
自分	名詞,一般,*,*,*,*,自分,ジブン,ジブン
の	助詞,連体化,*,*,*,*,の,ノ,ノ
仲間	名詞,一般,*,*,*,*,仲間,ナカマ,ナカマ
を	助詞,格助詞,一般,*,*,*,を,ヲ,ヲ
，	記号,読点,*,*,*,*,，,，,，
各々	副詞,一般,*,*,*,*,各々,オノオノ,オノオノ
自分	名詞,一般,*,*,*,*,自分,ジブン,ジブン
の	助詞,連体化,*,*,*,*,の,ノ,ノ
近しい	形容詞,自立,*,*,形容詞・イ段,基本形,近しい,チカシイ,チカシイ
者	名詞,非自立,一般,*,*,*,者,モノ,モノ
を	助詞,格助詞,一般,*,*,*,を,ヲ,ヲ
殺せ	動詞,自立,*,*,五段・サ行,命令ｅ,殺す,コロセ,コロセ
』	記号,括弧閉,*,*,*,*,』,』,』
」	記号,括弧閉,*,*,*,*,」,」,」
。	記号,句点,*,*,*,*,。,。,。
それで	接続詞,*,*,*,*,*,それで,ソレデ,ソレデ
レビ	名詞,固有名詞,人名,姓,*,*,レビ,レビ,レビ
の	助詞,連体化,*,*,*,*,の,ノ,ノ
子	名詞,一般,*,*,*,*,子,コ,コ
ら	名詞,接尾,一般,*,*,*,ら,ラ,ラ
は	助詞,係助詞,*,*,*,*,は,ハ,ワ
モー	名詞,固有名詞,人名,姓,*,*,モー,モー,モー
セ	名詞,一般,*,*,*,*,セ,セ,セ
の	助詞,格助詞,一般,*,*,*,の,ノ,ノ
言っ	動詞,自立,*,*,五段・ワ行促音便,連用タ接続,言う,イッ,イッ
た	助動詞,*,*,*,特殊・タ,基本形,た,タ,タ
とおり	名詞,非自立,副詞可能,*,*,*,とおり,トオリ,トーリ
に	助詞,格助詞,一般,*,*,*,に,ニ,ニ
し	動詞,自立,*,*,サ変・スル,連用形,する,シ,シ
はじめ	動詞,非自立,*,*,一段,連用形,はじめる,ハジメ,ハジメ
た	助動詞,*,*,*,特殊・タ,基本形,た,タ,タ
。	記号,句点,*,*,*,*,。,。,。
その	連体詞,*,*,*,*,*,その,ソノ,ソノ
ため	名詞,非自立,副詞可能,*,*,*,ため,タメ,タメ
，	記号,読点,*,*,*,*,，,，,，
その	連体詞,*,*,*,*,*,その,ソノ,ソノ
日	名詞,非自立,副詞可能,*,*,*,日,ヒ,ヒ
に	助詞,格助詞,一般,*,*,*,に,ニ,ニ
民	名詞,一般,*,*,*,*,民,ミン,ミン
の	助詞,連体化,*,*,*,*,の,ノ,ノ
うち	名詞,非自立,副詞可能,*,*,*,うち,ウチ,ウチ
およそ	副詞,助詞類接続,*,*,*,*,およそ,オヨソ,オヨソ
三	名詞,数,*,*,*,*,三,サン,サン
千	名詞,数,*,*,*,*,千,セン,セン
人	名詞,接尾,助数詞,*,*,*,人,ニン,ニン
が	助詞,格助詞,一般,*,*,*,が,ガ,ガ
倒れ	動詞,自立,*,*,一段,連用形,倒れる,タオレ,タオレ
た	助動詞,*,*,*,特殊・タ,基本形,た,タ,タ
。	記号,句点,*,*,*,*,。,。,。
モー	名詞,固有名詞,人名,姓,*,*,モー,モー,モー
セ	名詞,一般,*,*,*,*,セ,セ,セ
は	助詞,係助詞,*,*,*,*,は,ハ,ワ
続い	動詞,自立,*,*,五段・カ行イ音便,連用タ接続,続く,ツヅイ,ツズイ
て	助詞,接続助詞,*,*,*,*,て,テ,テ
言っ	動詞,自立,*,*,五段・ワ行促音便,連用タ接続,言う,イッ,イッ
た	助動詞,*,*,*,特殊・タ,基本形,た,タ,タ
，	記号,読点,*,*,*,*,，,，,，
「	記号,括弧開,*,*,*,*,「,「,「
エホバ	名詞,一般,*,*,*,*,エホバ,エホバ,エホバ
の	助詞,連体化,*,*,*,*,の,ノ,ノ
ため	名詞,非自立,副詞可能,*,*,*,ため,タメ,タメ
今日	名詞,副詞可能,*,*,*,*,今日,キョウ,キョー
あなた	名詞,代名詞,一般,*,*,*,あなた,アナタ,アナタ
方	名詞,接尾,一般,*,*,*,方,カタ,カタ
の	助詞,連体化,*,*,*,*,の,ノ,ノ
手	名詞,一般,*,*,*,*,手,テ,テ
に	助詞,格助詞,一般,*,*,*,に,ニ,ニ
力	名詞,一般,*,*,*,*,力,チカラ,チカラ
を	助詞,格助詞,一般,*,*,*,を,ヲ,ヲ
満たし	動詞,自立,*,*,五段・サ行,連用形,満たす,ミタシ,ミタシ
なさい	動詞,非自立,*,*,五段・ラ行特殊,命令ｉ,なさる,ナサイ,ナサイ
。	記号,句点,*,*,*,*,。,。,。
あなた	名詞,代名詞,一般,*,*,*,あなた,アナタ,アナタ
方	名詞,接尾,一般,*,*,*,方,カタ,カタ
は	助詞,係助詞,*,*,*,*,は,ハ,ワ
それぞれ	名詞,副詞可能,*,*,*,*,それぞれ,ソレゾレ,ソレゾレ
自分	名詞,一般,*,*,*,*,自分,ジブン,ジブン
の	助詞,連体化,*,*,*,*,の,ノ,ノ
子	名詞,一般,*,*,*,*,子,コ,コ
や	助詞,並立助詞,*,*,*,*,や,ヤ,ヤ
兄弟	名詞,一般,*,*,*,*,兄弟,キョウダイ,キョーダイ
に	助詞,格助詞,一般,*,*,*,に,ニ,ニ
さえ	助詞,係助詞,*,*,*,*,さえ,サエ,サエ
立ち向かっ	動詞,自立,*,*,五段・ワ行促音便,連用タ接続,立ち向かう,タチムカッ,タチムカッ
た	助動詞,*,*,*,特殊・タ,基本形,た,タ,タ
から	助詞,接続助詞,*,*,*,*,から,カラ,カラ
です	助動詞,*,*,*,特殊・デス,基本形,です,デス,デス
。	記号,句点,*,*,*,*,。,。,。
こうして	接続詞,*,*,*,*,*,こうして,コウシテ,コーシテ
[	名詞,サ変接続,*,*,*,*,*
神	名詞,接尾,一般,*,*,*,神,シン,シン
]	名詞,サ変接続,*,*,*,*,*
が	助詞,格助詞,一般,*,*,*,が,ガ,ガ
今日	名詞,副詞可能,*,*,*,*,今日,キョウ,キョー
あなた	名詞,代名詞,一般,*,*,*,あなた,アナタ,アナタ
方	名詞,接尾,一般,*,*,*,方,カタ,カタ
に	助詞,格助詞,一般,*,*,*,に,ニ,ニ
祝福	名詞,サ変接続,*,*,*,*,祝福,シュクフク,シュクフク
を	助詞,格助詞,一般,*,*,*,を,ヲ,ヲ
授け	動詞,自立,*,*,一段,連用形,授ける,サヅケ,サズケ
て	助詞,接続助詞,*,*,*,*,て,テ,テ
くださる	動詞,非自立,*,*,五段・ラ行特殊,基本形,くださる,クダサル,クダサル
よう	名詞,非自立,助動詞語幹,*,*,*,よう,ヨウ,ヨー
に	助詞,格助詞,一般,*,*,*,に,ニ,ニ
する	動詞,自立,*,*,サ変・スル,基本形,する,スル,スル
の	名詞,非自立,一般,*,*,*,の,ノ,ノ
です	助動詞,*,*,*,特殊・デス,基本形,です,デス,デス
」	記号,括弧閉,*,*,*,*,」,」,」
。	記号,句点,*,*,*,*,。,。,。
次いで	接続詞,*,*,*,*,*,次いで,ツイデ,ツイデ
その	連体詞,*,*,*,*,*,その,ソノ,ソノ
翌日	名詞,副詞可能,*,*,*,*,翌日,ヨクジツ,ヨクジツ
の	助詞,連体化,*,*,*,*,の,ノ,ノ
こと	名詞,非自立,一般,*,*,*,こと,コト,コト
，	記号,読点,*,*,*,*,，,，,，
モー	名詞,固有名詞,人名,姓,*,*,モー,モー,モー
セ	名詞,一般,*,*,*,*,セ,セ,セ
は	助詞,係助詞,*,*,*,*,は,ハ,ワ
民	名詞,一般,*,*,*,*,民,ミン,ミン
に	助詞,格助詞,一般,*,*,*,に,ニ,ニ
向かっ	動詞,自立,*,*,五段・ワ行促音便,連用タ接続,向かう,ムカッ,ムカッ
て	助詞,接続助詞,*,*,*,*,て,テ,テ
こう	副詞,助詞類接続,*,*,*,*,こう,コウ,コー
言っ	動詞,自立,*,*,五段・ワ行促音便,連用タ接続,言う,イッ,イッ
た	助動詞,*,*,*,特殊・タ,基本形,た,タ,タ
。	記号,句点,*,*,*,*,。,。,。
「	記号,括弧開,*,*,*,*,「,「,「
あなた	名詞,代名詞,一般,*,*,*,あなた,アナタ,アナタ
方	名詞,接尾,一般,*,*,*,方,カタ,カタ
は	助詞,係助詞,*,*,*,*,は,ハ,ワ
，	記号,読点,*,*,*,*,，,，,，
大きな	連体詞,*,*,*,*,*,大きな,オオキナ,オーキナ
罪	名詞,一般,*,*,*,*,罪,ツミ,ツミ
を	助詞,格助詞,一般,*,*,*,を,ヲ,ヲ
おかし	動詞,自立,*,*,五段・サ行,連用形,おかす,オカシ,オカシ
まし	助動詞,*,*,*,特殊・マス,連用形,ます,マシ,マシ
た	助動詞,*,*,*,特殊・タ,基本形,た,タ,タ
。	記号,句点,*,*,*,*,。,。,。
今	名詞,副詞可能,*,*,*,*,今,イマ,イマ
わたし	名詞,代名詞,一般,*,*,*,わたし,ワタシ,ワタシ
は	助詞,係助詞,*,*,*,*,は,ハ,ワ
エホバ	名詞,一般,*,*,*,*,エホバ,エホバ,エホバ
の	助詞,連体化,*,*,*,*,の,ノ,ノ
もと	名詞,非自立,一般,*,*,*,もと,モト,モト
に	助詞,格助詞,一般,*,*,*,に,ニ,ニ
上っ	動詞,自立,*,*,五段・ラ行,連用タ接続,上る,ノボッ,ノボッ
て	助詞,接続助詞,*,*,*,*,て,テ,テ
行き	動詞,非自立,*,*,五段・カ行促音便,連用形,行く,イキ,イキ
ます	助動詞,*,*,*,特殊・マス,基本形,ます,マス,マス
。	記号,句点,*,*,*,*,。,。,。
あなた	名詞,代名詞,一般,*,*,*,あなた,アナタ,アナタ
方	名詞,接尾,一般,*,*,*,方,カタ,カタ
の	助詞,連体化,*,*,*,*,の,ノ,ノ
罪	名詞,一般,*,*,*,*,罪,ツミ,ツミ
の	助詞,連体化,*,*,*,*,の,ノ,ノ
ため	名詞,非自立,副詞可能,*,*,*,ため,タメ,タメ
の	助詞,連体化,*,*,*,*,の,ノ,ノ
償い	動詞,自立,*,*,五段・ワ行促音便,連用形,償う,ツグナイ,ツグナイ
を	助詞,格助詞,一般,*,*,*,を,ヲ,ヲ
する	動詞,自立,*,*,サ変・スル,基本形,する,スル,スル
こと	名詞,非自立,一般,*,*,*,こと,コト,コト
が	助詞,格助詞,一般,*,*,*,が,ガ,ガ
できる	動詞,自立,*,*,一段,基本形,できる,デキル,デキル
かも	助詞,副助詞,*,*,*,*,かも,カモ,カモ
しれ	動詞,自立,*,*,一段,連用形,しれる,シレ,シレ
ませ	助動詞,*,*,*,特殊・マス,未然形,ます,マセ,マセ
ん	助動詞,*,*,*,不変化型,基本形,ん,ン,ン
」	記号,括弧閉,*,*,*,*,」,」,」
。	記号,句点,*,*,*,*,。,。,。
それで	接続詞,*,*,*,*,*,それで,ソレデ,ソレデ
モー	名詞,固有名詞,人名,姓,*,*,モー,モー,モー
セ	名詞,一般,*,*,*,*,セ,セ,セ
は	助詞,係助詞,*,*,*,*,は,ハ,ワ
エホバ	名詞,一般,*,*,*,*,エホバ,エホバ,エホバ
の	助詞,連体化,*,*,*,*,の,ノ,ノ
もと	名詞,非自立,一般,*,*,*,もと,モト,モト
に	助詞,格助詞,一般,*,*,*,に,ニ,ニ
戻っ	動詞,自立,*,*,五段・ラ行,連用タ接続,戻る,モドッ,モドッ
て	助詞,接続助詞,*,*,*,*,て,テ,テ
，	記号,読点,*,*,*,*,，,，,，
こう	副詞,助詞類接続,*,*,*,*,こう,コウ,コー
言っ	動詞,自立,*,*,五段・ワ行促音便,連用タ接続,言う,イッ,イッ
た	助動詞,*,*,*,特殊・タ,基本形,た,タ,タ
。	記号,句点,*,*,*,*,。,。,。
「	記号,括弧開,*,*,*,*,「,「,「
ああ	感動詞,*,*,*,*,*,ああ,アア,アー
，	記号,読点,*,*,*,*,，,，,，
この	連体詞,*,*,*,*,*,この,コノ,コノ
民	名詞,一般,*,*,*,*,民,ミン,ミン
は	助詞,係助詞,*,*,*,*,は,ハ,ワ
大きな	連体詞,*,*,*,*,*,大きな,オオキナ,オーキナ
罪	名詞,一般,*,*,*,*,罪,ツミ,ツミ
を	助詞,格助詞,一般,*,*,*,を,ヲ,ヲ
おかし	動詞,自立,*,*,五段・サ行,連用形,おかす,オカシ,オカシ
まし	助動詞,*,*,*,特殊・マス,連用形,ます,マシ,マシ
た	助動詞,*,*,*,特殊・タ,基本形,た,タ,タ
。	記号,句点,*,*,*,*,。,。,。
自分	名詞,一般,*,*,*,*,自分,ジブン,ジブン
たち	名詞,接尾,一般,*,*,*,たち,タチ,タチ
の	助詞,連体化,*,*,*,*,の,ノ,ノ
ため	名詞,非自立,副詞可能,*,*,*,ため,タメ,タメ
に	助詞,格助詞,一般,*,*,*,に,ニ,ニ
金	名詞,一般,*,*,*,*,金,キン,キン
の	助詞,連体化,*,*,*,*,の,ノ,ノ
神	名詞,一般,*,*,*,*,神,カミ,カミ
を	助詞,格助詞,一般,*,*,*,を,ヲ,ヲ
作っ	動詞,自立,*,*,五段・ラ行,連用タ接続,作る,ツクッ,ツクッ
た	助動詞,*,*,*,特殊・タ,基本形,た,タ,タ
の	名詞,非自立,一般,*,*,*,の,ノ,ノ
です	助動詞,*,*,*,特殊・デス,基本形,です,デス,デス
。	記号,句点,*,*,*,*,。,。,。
です	助動詞,*,*,*,特殊・デス,基本形,です,デス,デス
が	助詞,接続助詞,*,*,*,*,が,ガ,ガ
今	名詞,副詞可能,*,*,*,*,今,イマ,イマ
，	記号,読点,*,*,*,*,，,，,，
もし	副詞,一般,*,*,*,*,もし,モシ,モシ
彼ら	名詞,代名詞,一般,*,*,*,彼ら,カレラ,カレラ
の	助詞,連体化,*,*,*,*,の,ノ,ノ
罪	名詞,一般,*,*,*,*,罪,ツミ,ツミ
を	助詞,格助詞,一般,*,*,*,を,ヲ,ヲ
容赦	名詞,サ変接続,*,*,*,*,容赦,ヨウシャ,ヨーシャ
し	動詞,自立,*,*,サ変・スル,連用形,する,シ,シ
て	助詞,接続助詞,*,*,*,*,て,テ,テ
くださる	動詞,非自立,*,*,五段・ラ行特殊,基本形,くださる,クダサル,クダサル
の	名詞,非自立,一般,*,*,*,の,ノ,ノ
でし	助動詞,*,*,*,特殊・デス,連用形,です,デシ,デシ
たら	助動詞,*,*,*,特殊・タ,仮定形,た,タラ,タラ
―	記号,一般,*,*,*,*,―,―,―
しかし	接続詞,*,*,*,*,*,しかし,シカシ,シカシ
，	記号,読点,*,*,*,*,，,，,，
もし	副詞,一般,*,*,*,*,もし,モシ,モシ
そう	副詞,助詞類接続,*,*,*,*,そう,ソウ,ソー
で	助動詞,*,*,*,特殊・ダ,連用形,だ,デ,デ
ない	助動詞,*,*,*,特殊・ナイ,基本形,ない,ナイ,ナイ
の	名詞,非自立,一般,*,*,*,の,ノ,ノ
でし	助動詞,*,*,*,特殊・デス,連用形,です,デシ,デシ
たら	助動詞,*,*,*,特殊・タ,仮定形,た,タラ,タラ
，	記号,読点,*,*,*,*,，,，,，
どうか	副詞,一般,*,*,*,*,どうか,ドウカ,ドーカ
わたし	名詞,代名詞,一般,*,*,*,わたし,ワタシ,ワタシ
を	助詞,格助詞,一般,*,*,*,を,ヲ,ヲ
，	記号,読点,*,*,*,*,，,，,，
あなた	名詞,代名詞,一般,*,*,*,あなた,アナタ,アナタ
の	助詞,連体化,*,*,*,*,の,ノ,ノ
お	接頭詞,名詞接続,*,*,*,*,お,オ,オ
書き	名詞,接尾,一般,*,*,*,書き,ガキ,ガキ
に	助詞,格助詞,一般,*,*,*,に,ニ,ニ
なっ	動詞,自立,*,*,五段・ラ行,連用タ接続,なる,ナッ,ナッ
た	助動詞,*,*,*,特殊・タ,基本形,た,タ,タ
書	名詞,一般,*,*,*,*,書,ショ,ショ
の	助詞,連体化,*,*,*,*,の,ノ,ノ
中	名詞,非自立,副詞可能,*,*,*,中,ナカ,ナカ
から	助詞,格助詞,一般,*,*,*,から,カラ,カラ
ぬぐい	動詞,自立,*,*,五段・ワ行促音便,連用形,ぬぐう,ヌグイ,ヌグイ
去っ	動詞,自立,*,*,五段・ラ行,連用タ接続,去る,サッ,サッ
て	助詞,接続助詞,*,*,*,*,て,テ,テ
ください	動詞,非自立,*,*,五段・ラ行特殊,命令ｉ,くださる,クダサイ,クダサイ
」	記号,括弧閉,*,*,*,*,」,」,」
。	記号,句点,*,*,*,*,。,。,。
しかし	接続詞,*,*,*,*,*,しかし,シカシ,シカシ
エホバ	名詞,一般,*,*,*,*,エホバ,エホバ,エホバ
は	助詞,係助詞,*,*,*,*,は,ハ,ワ
モー	名詞,固有名詞,人名,姓,*,*,モー,モー,モー
セ	名詞,一般,*,*,*,*,セ,セ,セ
に	助詞,格助詞,一般,*,*,*,に,ニ,ニ
言わ	動詞,自立,*,*,五段・ワ行促音便,未然形,言う,イワ,イワ
れ	動詞,接尾,*,*,一段,連用形,れる,レ,レ
た	助動詞,*,*,*,特殊・タ,基本形,た,タ,タ
，	記号,読点,*,*,*,*,，,，,，
「	記号,括弧開,*,*,*,*,「,「,「
だれ	名詞,代名詞,一般,*,*,*,だれ,ダレ,ダレ
でも	助詞,副助詞,*,*,*,*,でも,デモ,デモ
わたし	名詞,代名詞,一般,*,*,*,わたし,ワタシ,ワタシ
に	助詞,格助詞,一般,*,*,*,に,ニ,ニ
罪	名詞,一般,*,*,*,*,罪,ツミ,ツミ
を	助詞,格助詞,一般,*,*,*,を,ヲ,ヲ
おかし	動詞,自立,*,*,五段・サ行,連用形,おかす,オカシ,オカシ
た	助動詞,*,*,*,特殊・タ,基本形,た,タ,タ
者	名詞,非自立,一般,*,*,*,者,モノ,モノ
，	記号,読点,*,*,*,*,，,，,，
その	連体詞,*,*,*,*,*,その,ソノ,ソノ
者	名詞,非自立,一般,*,*,*,者,モノ,モノ
を	助詞,格助詞,一般,*,*,*,を,ヲ,ヲ
わたし	名詞,代名詞,一般,*,*,*,わたし,ワタシ,ワタシ
は	助詞,係助詞,*,*,*,*,は,ハ,ワ
自分	名詞,一般,*,*,*,*,自分,ジブン,ジブン
の	助詞,連体化,*,*,*,*,の,ノ,ノ
書	名詞,一般,*,*,*,*,書,ショ,ショ
の	助詞,連体化,*,*,*,*,の,ノ,ノ
中	名詞,非自立,副詞可能,*,*,*,中,ナカ,ナカ
から	助詞,格助詞,一般,*,*,*,から,カラ,カラ
ぬぐい去る	動詞,自立,*,*,五段・ラ行,基本形,ぬぐい去る,ヌグイサル,ヌグイサル
。	記号,句点,*,*,*,*,。,。,。
それで	接続詞,*,*,*,*,*,それで,ソレデ,ソレデ
今	名詞,副詞可能,*,*,*,*,今,イマ,イマ
，	記号,読点,*,*,*,*,，,，,，
さあ	感動詞,*,*,*,*,*,さあ,サア,サー
，	記号,読点,*,*,*,*,，,，,，
わたし	名詞,代名詞,一般,*,*,*,わたし,ワタシ,ワタシ
が	助詞,格助詞,一般,*,*,*,が,ガ,ガ
あなた	名詞,代名詞,一般,*,*,*,あなた,アナタ,アナタ
に	助詞,格助詞,一般,*,*,*,に,ニ,ニ
話し	動詞,自立,*,*,五段・サ行,連用形,話す,ハナシ,ハナシ
た	助動詞,*,*,*,特殊・タ,基本形,た,タ,タ
所	名詞,非自立,副詞可能,*,*,*,所,トコロ,トコロ
に	助詞,格助詞,一般,*,*,*,に,ニ,ニ
民	名詞,一般,*,*,*,*,民,ミン,ミン
を	助詞,格助詞,一般,*,*,*,を,ヲ,ヲ
導い	動詞,自立,*,*,五段・カ行イ音便,連用タ接続,導く,ミチビイ,ミチビイ
て	助詞,接続助詞,*,*,*,*,て,テ,テ
行き	動詞,非自立,*,*,五段・カ行促音便,連用形,行く,イキ,イキ
なさい	動詞,非自立,*,*,五段・ラ行特殊,命令ｉ,なさる,ナサイ,ナサイ
。	記号,句点,*,*,*,*,。,。,。
見よ	動詞,自立,*,*,一段,命令ｙｏ,見る,ミヨ,ミヨ
，	記号,読点,*,*,*,*,，,，,，
わたし	名詞,代名詞,一般,*,*,*,わたし,ワタシ,ワタシ
の	助詞,連体化,*,*,*,*,の,ノ,ノ
使い	名詞,一般,*,*,*,*,使い,ツカイ,ツカイ
は	助詞,係助詞,*,*,*,*,は,ハ,ワ
あなた	名詞,代名詞,一般,*,*,*,あなた,アナタ,アナタ
に	助詞,格助詞,一般,*,*,*,に,ニ,ニ
先立っ	動詞,自立,*,*,五段・タ行,連用タ接続,先立つ,サキダッ,サキダッ
て	助詞,接続助詞,*,*,*,*,て,テ,テ
行く	動詞,非自立,*,*,五段・カ行促音便,基本形,行く,イク,イク
。	記号,句点,*,*,*,*,。,。,。
そして	接続詞,*,*,*,*,*,そして,ソシテ,ソシテ
わたし	名詞,代名詞,一般,*,*,*,わたし,ワタシ,ワタシ
は	助詞,係助詞,*,*,*,*,は,ハ,ワ
処罰	名詞,サ変接続,*,*,*,*,処罰,ショバツ,ショバツ
を	助詞,格助詞,一般,*,*,*,を,ヲ,ヲ
下す	動詞,自立,*,*,五段・サ行,基本形,下す,クダス,クダス
べき	助動詞,*,*,*,文語・ベシ,体言接続,べし,ベキ,ベキ
日	名詞,非自立,副詞可能,*,*,*,日,ヒ,ヒ
に	助詞,格助詞,一般,*,*,*,に,ニ,ニ
彼ら	名詞,代名詞,一般,*,*,*,彼ら,カレラ,カレラ
の	助詞,連体化,*,*,*,*,の,ノ,ノ
罪	名詞,一般,*,*,*,*,罪,ツミ,ツミ
に対して	助詞,格助詞,連語,*,*,*,に対して,ニタイシテ,ニタイシテ
必ず	副詞,助詞類接続,*,*,*,*,必ず,カナラズ,カナラズ
処罰	名詞,サ変接続,*,*,*,*,処罰,ショバツ,ショバツ
を	助詞,格助詞,一般,*,*,*,を,ヲ,ヲ
下す	動詞,自立,*,*,五段・サ行,基本形,下す,クダス,クダス
」	記号,括弧閉,*,*,*,*,」,」,」
。	記号,句点,*,*,*,*,。,。,。
そして	接続詞,*,*,*,*,*,そして,ソシテ,ソシテ
エホバ	名詞,一般,*,*,*,*,エホバ,エホバ,エホバ
は	助詞,係助詞,*,*,*,*,は,ハ,ワ
，	記号,読点,*,*,*,*,，,，,，
子	接頭詞,名詞接続,*,*,*,*,子,コ,コ
牛	名詞,一般,*,*,*,*,牛,ウシ,ウシ
を	助詞,格助詞,一般,*,*,*,を,ヲ,ヲ
作っ	動詞,自立,*,*,五段・ラ行,連用タ接続,作る,ツクッ,ツクッ
た	助動詞,*,*,*,特殊・タ,基本形,た,タ,タ
こと	名詞,非自立,一般,*,*,*,こと,コト,コト
の	助詞,連体化,*,*,*,*,の,ノ,ノ
ゆえ	名詞,非自立,副詞可能,*,*,*,ゆえ,ユエ,ユエ
に	助詞,格助詞,一般,*,*,*,に,ニ,ニ
民	名詞,一般,*,*,*,*,民,ミン,ミン
に	助詞,格助詞,一般,*,*,*,に,ニ,ニ
災厄	名詞,一般,*,*,*,*,災厄,サイヤク,サイヤク
を	助詞,格助詞,一般,*,*,*,を,ヲ,ヲ
下し	動詞,自立,*,*,五段・サ行,連用形,下す,クダシ,クダシ
て	助詞,接続助詞,*,*,*,*,て,テ,テ
ゆか	動詞,非自立,*,*,五段・カ行促音便ユク,未然形,ゆく,ユカ,ユカ
れ	動詞,接尾,*,*,一段,連用形,れる,レ,レ
た	助動詞,*,*,*,特殊・タ,基本形,た,タ,タ
。	記号,句点,*,*,*,*,。,。,。
アロン	名詞,一般,*,*,*,*,アロン,アロン,アロン
が	助詞,格助詞,一般,*,*,*,が,ガ,ガ
それ	名詞,代名詞,一般,*,*,*,それ,ソレ,ソレ
を	助詞,格助詞,一般,*,*,*,を,ヲ,ヲ
作っ	動詞,自立,*,*,五段・ラ行,連用タ接続,作る,ツクッ,ツクッ
た	助動詞,*,*,*,特殊・タ,基本形,た,タ,タ
の	名詞,非自立,一般,*,*,*,の,ノ,ノ
で	助動詞,*,*,*,特殊・ダ,連用形,だ,デ,デ
ある	助動詞,*,*,*,五段・ラ行アル,基本形,ある,アル,アル
。	記号,句点,*,*,*,*,。,。,。
EOS
