「	記号,括弧開,*,*,*,*,「,「,「
また	接続詞,*,*,*,*,*,また,マタ,マタ
，	記号,読点,*,*,*,*,，,，,，
幕屋	名詞,一般,*,*,*,*,幕屋,マクヤ,マクヤ
を	助詞,格助詞,一般,*,*,*,を,ヲ,ヲ
，	記号,読点,*,*,*,*,，,，,，
天幕	名詞,一般,*,*,*,*,天幕,テンマク,テンマク
布	名詞,一般,*,*,*,*,布,ヌノ,ヌノ
十	名詞,数,*,*,*,*,十,ジュウ,ジュー
枚	名詞,接尾,助数詞,*,*,*,枚,マイ,マイ
で	助詞,格助詞,一般,*,*,*,で,デ,デ
造る	動詞,自立,*,*,五段・ラ行,基本形,造る,ツクル,ツクル
。	記号,句点,*,*,*,*,。,。,。
それ	名詞,代名詞,一般,*,*,*,それ,ソレ,ソレ
は	助詞,係助詞,*,*,*,*,は,ハ,ワ
，	記号,読点,*,*,*,*,，,，,，
上等	名詞,一般,*,*,*,*,上等,ジョウトウ,ジョートー
の	名詞,非自立,一般,*,*,*,の,ノ,ノ
より	助詞,格助詞,一般,*,*,*,より,ヨリ,ヨリ
亜麻	名詞,一般,*,*,*,*,亜麻,アマ,アマ
，	記号,読点,*,*,*,*,，,，,，
青	名詞,一般,*,*,*,*,青,アオ,アオ
糸	名詞,接尾,一般,*,*,*,糸,イト,イト
，	記号,読点,*,*,*,*,，,，,，
赤	名詞,一般,*,*,*,*,赤,アカ,アカ
紫	名詞,一般,*,*,*,*,紫,ムラサキ,ムラサキ
に	助詞,格助詞,一般,*,*,*,に,ニ,ニ
染め	動詞,自立,*,*,一段,連用形,染める,ソメ,ソメ
た	助動詞,*,*,*,特殊・タ,基本形,た,タ,タ
羊毛	名詞,一般,*,*,*,*,羊毛,ヨウモウ,ヨーモー
，	記号,読点,*,*,*,*,，,，,，
えんじ	動詞,自立,*,*,一段,連用形,えんじる,エンジ,エンジ
むし	名詞,一般,*,*,*,*,むし,ムシ,ムシ
緋色	名詞,一般,*,*,*,*,緋色,ヒイロ,ヒイロ
の	助詞,連体化,*,*,*,*,の,ノ,ノ
物	名詞,非自立,一般,*,*,*,物,モノ,モノ
で	助詞,格助詞,一般,*,*,*,で,デ,デ
つくら	動詞,自立,*,*,五段・ラ行,未然形,つくる,ツクラ,ツクラ
れる	動詞,接尾,*,*,一段,基本形,れる,レル,レル
。	記号,句点,*,*,*,*,。,。,。
刺しゅう	名詞,サ変接続,*,*,*,*,刺しゅう,シシュウ,シシュー
師	名詞,接尾,一般,*,*,*,師,シ,シ
の	助詞,連体化,*,*,*,*,の,ノ,ノ
仕事	名詞,サ変接続,*,*,*,*,仕事,シゴト,シゴト
で	助動詞,*,*,*,特殊・ダ,連用形,だ,デ,デ
ある	助動詞,*,*,*,五段・ラ行アル,基本形,ある,アル,アル
ケルブ	名詞,一般,*,*,*,*,*
を	助詞,格助詞,一般,*,*,*,を,ヲ,ヲ
付け	動詞,自立,*,*,一段,連用形,付ける,ツケ,ツケ
て	助詞,接続助詞,*,*,*,*,て,テ,テ
それら	名詞,代名詞,一般,*,*,*,それら,ソレラ,ソレラ
を	助詞,格助詞,一般,*,*,*,を,ヲ,ヲ
造る	動詞,自立,*,*,五段・ラ行,基本形,造る,ツクル,ツクル
。	記号,句点,*,*,*,*,。,。,。
各	接頭詞,名詞接続,*,*,*,*,各,カク,カク
天幕	名詞,一般,*,*,*,*,天幕,テンマク,テンマク
布	名詞,一般,*,*,*,*,布,ヌノ,ヌノ
の	助詞,連体化,*,*,*,*,の,ノ,ノ
長	形容詞,自立,*,*,形容詞・アウオ段,ガル接続,長い,ナガ,ナガ
さ	名詞,接尾,特殊,*,*,*,さ,サ,サ
は	助詞,係助詞,*,*,*,*,は,ハ,ワ
二	名詞,数,*,*,*,*,二,ニ,ニ
十	名詞,数,*,*,*,*,十,ジュウ,ジュー
八	名詞,数,*,*,*,*,八,ハチ,ハチ
キュビト	名詞,一般,*,*,*,*,*
，	記号,読点,*,*,*,*,，,，,，
各	接頭詞,名詞接続,*,*,*,*,各,カク,カク
天幕	名詞,一般,*,*,*,*,天幕,テンマク,テンマク
布	名詞,一般,*,*,*,*,布,ヌノ,ヌノ
の	助詞,連体化,*,*,*,*,の,ノ,ノ
幅	名詞,一般,*,*,*,*,幅,ハバ,ハバ
は	助詞,係助詞,*,*,*,*,は,ハ,ワ
四	名詞,数,*,*,*,*,四,ヨン,ヨン
キュビト	名詞,一般,*,*,*,*,*
で	助動詞,*,*,*,特殊・ダ,連用形,だ,デ,デ
ある	助動詞,*,*,*,五段・ラ行アル,基本形,ある,アル,アル
。	記号,句点,*,*,*,*,。,。,。
すべて	名詞,副詞可能,*,*,*,*,すべて,スベテ,スベテ
の	助詞,連体化,*,*,*,*,の,ノ,ノ
天幕	名詞,一般,*,*,*,*,天幕,テンマク,テンマク
布	名詞,一般,*,*,*,*,布,ヌノ,ヌノ
の	助詞,連体化,*,*,*,*,の,ノ,ノ
寸法	名詞,一般,*,*,*,*,寸法,スンポウ,スンポー
は	助詞,係助詞,*,*,*,*,は,ハ,ワ
同一	名詞,一般,*,*,*,*,同一,ドウイツ,ドーイツ
で	助動詞,*,*,*,特殊・ダ,連用形,だ,デ,デ
ある	助動詞,*,*,*,五段・ラ行アル,基本形,ある,アル,アル
。	記号,句点,*,*,*,*,。,。,。
五	名詞,数,*,*,*,*,五,ゴ,ゴ
枚	名詞,接尾,助数詞,*,*,*,枚,マイ,マイ
の	助詞,連体化,*,*,*,*,の,ノ,ノ
天幕	名詞,一般,*,*,*,*,天幕,テンマク,テンマク
布	名詞,一般,*,*,*,*,布,ヌノ,ヌノ
が	助詞,格助詞,一般,*,*,*,が,ガ,ガ
それぞれ	名詞,副詞可能,*,*,*,*,それぞれ,ソレゾレ,ソレゾレ
他	名詞,一般,*,*,*,*,他,タ,タ
と	助詞,並立助詞,*,*,*,*,と,ト,ト
つなぎ	名詞,一般,*,*,*,*,つなぎ,ツナギ,ツナギ
合わさ	動詞,自立,*,*,五段・サ行,未然形,合わす,アワサ,アワサ
れ	動詞,接尾,*,*,一段,連用形,れる,レ,レ
て	助詞,接続助詞,*,*,*,*,て,テ,テ
一連	名詞,一般,*,*,*,*,一連,イチレン,イチレン
と	助詞,格助詞,一般,*,*,*,と,ト,ト
なり	動詞,自立,*,*,五段・ラ行,連用形,なる,ナリ,ナリ
，	記号,読点,*,*,*,*,，,，,，
また	接続詞,*,*,*,*,*,また,マタ,マタ
五	名詞,数,*,*,*,*,五,ゴ,ゴ
枚	名詞,接尾,助数詞,*,*,*,枚,マイ,マイ
の	助詞,連体化,*,*,*,*,の,ノ,ノ
天幕	名詞,一般,*,*,*,*,天幕,テンマク,テンマク
布	名詞,一般,*,*,*,*,布,ヌノ,ヌノ
が	助詞,格助詞,一般,*,*,*,が,ガ,ガ
それぞれ	名詞,副詞可能,*,*,*,*,それぞれ,ソレゾレ,ソレゾレ
他	名詞,一般,*,*,*,*,他,タ,タ
と	助詞,並立助詞,*,*,*,*,と,ト,ト
つなぎ	名詞,一般,*,*,*,*,つなぎ,ツナギ,ツナギ
合わさ	動詞,自立,*,*,五段・サ行,未然形,合わす,アワサ,アワサ
れ	動詞,接尾,*,*,一段,連用形,れる,レ,レ
て	助詞,接続助詞,*,*,*,*,て,テ,テ
一連	名詞,一般,*,*,*,*,一連,イチレン,イチレン
と	助詞,格助詞,一般,*,*,*,と,ト,ト
なる	動詞,自立,*,*,五段・ラ行,基本形,なる,ナル,ナル
。	記号,句点,*,*,*,*,。,。,。
そして	接続詞,*,*,*,*,*,そして,ソシテ,ソシテ
，	記号,読点,*,*,*,*,，,，,，
一連	名詞,一般,*,*,*,*,一連,イチレン,イチレン
の	助詞,連体化,*,*,*,*,の,ノ,ノ
終わり	動詞,自立,*,*,五段・ラ行,連用形,終わる,オワリ,オワリ
の	助詞,連体化,*,*,*,*,の,ノ,ノ
一	名詞,数,*,*,*,*,一,イチ,イチ
枚	名詞,接尾,助数詞,*,*,*,枚,マイ,マイ
の	助詞,連体化,*,*,*,*,の,ノ,ノ
天幕	名詞,一般,*,*,*,*,天幕,テンマク,テンマク
布	名詞,一般,*,*,*,*,布,ヌノ,ヌノ
の	助詞,連体化,*,*,*,*,の,ノ,ノ
端	名詞,一般,*,*,*,*,端,ハジ,ハジ
に	助詞,格助詞,一般,*,*,*,に,ニ,ニ
は	助詞,係助詞,*,*,*,*,は,ハ,ワ
青	名詞,一般,*,*,*,*,青,アオ,アオ
糸	名詞,接尾,一般,*,*,*,糸,イト,イト
の	助詞,連体化,*,*,*,*,の,ノ,ノ
環	名詞,一般,*,*,*,*,環,タマキ,タマキ
を	助詞,格助詞,一般,*,*,*,を,ヲ,ヲ
造る	動詞,自立,*,*,五段・ラ行,基本形,造る,ツクル,ツクル
よう	名詞,非自立,助動詞語幹,*,*,*,よう,ヨウ,ヨー
に	助詞,格助詞,一般,*,*,*,に,ニ,ニ
。	記号,句点,*,*,*,*,。,。,。
また	接続詞,*,*,*,*,*,また,マタ,マタ
，	記号,読点,*,*,*,*,，,，,，
他方	名詞,一般,*,*,*,*,他方,タホウ,タホー
の	助詞,連体化,*,*,*,*,の,ノ,ノ
つなぎ目	名詞,一般,*,*,*,*,つなぎ目,ツナギメ,ツナギメ
に	助詞,格助詞,一般,*,*,*,に,ニ,ニ
ある	動詞,自立,*,*,五段・ラ行,基本形,ある,アル,アル
一	名詞,数,*,*,*,*,一,イチ,イチ
番外	名詞,一般,*,*,*,*,番外,バンガイ,バンガイ
側	名詞,接尾,一般,*,*,*,側,ガワ,ガワ
の	助詞,連体化,*,*,*,*,の,ノ,ノ
天幕	名詞,一般,*,*,*,*,天幕,テンマク,テンマク
布	名詞,一般,*,*,*,*,布,ヌノ,ヌノ
の	助詞,連体化,*,*,*,*,の,ノ,ノ
端	名詞,一般,*,*,*,*,端,ハジ,ハジ
に	助詞,格助詞,一般,*,*,*,に,ニ,ニ
も	助詞,係助詞,*,*,*,*,も,モ,モ
同じ	連体詞,*,*,*,*,*,同じ,オナジ,オナジ
よう	名詞,非自立,助動詞語幹,*,*,*,よう,ヨウ,ヨー
に	助詞,格助詞,一般,*,*,*,に,ニ,ニ
する	動詞,自立,*,*,サ変・スル,基本形,する,スル,スル
。	記号,句点,*,*,*,*,。,。,。
一方	名詞,副詞可能,*,*,*,*,一方,イッポウ,イッポー
の	助詞,連体化,*,*,*,*,の,ノ,ノ
天幕	名詞,一般,*,*,*,*,天幕,テンマク,テンマク
布	名詞,一般,*,*,*,*,布,ヌノ,ヌノ
に	助詞,格助詞,一般,*,*,*,に,ニ,ニ
五	名詞,数,*,*,*,*,五,ゴ,ゴ
十	名詞,数,*,*,*,*,十,ジュウ,ジュー
の	助詞,連体化,*,*,*,*,の,ノ,ノ
環	名詞,一般,*,*,*,*,環,タマキ,タマキ
を	助詞,格助詞,一般,*,*,*,を,ヲ,ヲ
造り	動詞,自立,*,*,五段・ラ行,連用形,造る,ツクリ,ツクリ
，	記号,読点,*,*,*,*,，,，,，
さらに	副詞,助詞類接続,*,*,*,*,さらに,サラニ,サラニ
五	名詞,数,*,*,*,*,五,ゴ,ゴ
十	名詞,数,*,*,*,*,十,ジュウ,ジュー
の	助詞,連体化,*,*,*,*,の,ノ,ノ
環	名詞,一般,*,*,*,*,環,タマキ,タマキ
を	助詞,格助詞,一般,*,*,*,を,ヲ,ヲ
他方	名詞,一般,*,*,*,*,他方,タホウ,タホー
の	助詞,連体化,*,*,*,*,の,ノ,ノ
つなぎ目	名詞,一般,*,*,*,*,つなぎ目,ツナギメ,ツナギメ
に	助詞,格助詞,一般,*,*,*,に,ニ,ニ
ある	動詞,自立,*,*,五段・ラ行,基本形,ある,アル,アル
天幕	名詞,一般,*,*,*,*,天幕,テンマク,テンマク
布	名詞,一般,*,*,*,*,布,ヌノ,ヌノ
の	助詞,連体化,*,*,*,*,の,ノ,ノ
末端	名詞,一般,*,*,*,*,末端,マッタン,マッタン
に	助詞,格助詞,一般,*,*,*,に,ニ,ニ
造り	動詞,自立,*,*,五段・ラ行,連用形,造る,ツクリ,ツクリ
，	記号,読点,*,*,*,*,，,，,，
環	名詞,一般,*,*,*,*,環,タマキ,タマキ
が	助詞,格助詞,一般,*,*,*,が,ガ,ガ
それぞれ	名詞,副詞可能,*,*,*,*,それぞれ,ソレゾレ,ソレゾレ
向き合う	動詞,自立,*,*,五段・ワ行促音便,基本形,向き合う,ムキアウ,ムキアウ
よう	名詞,非自立,助動詞語幹,*,*,*,よう,ヨウ,ヨー
に	助詞,格助詞,一般,*,*,*,に,ニ,ニ
する	動詞,自立,*,*,サ変・スル,基本形,する,スル,スル
。	記号,句点,*,*,*,*,。,。,。
また	接続詞,*,*,*,*,*,また,マタ,マタ
，	記号,読点,*,*,*,*,，,，,，
金	名詞,一般,*,*,*,*,金,キン,キン
の	助詞,連体化,*,*,*,*,の,ノ,ノ
留め	名詞,一般,*,*,*,*,留め,トメ,トメ
金	名詞,接尾,一般,*,*,*,金,キン,キン
五	名詞,数,*,*,*,*,五,ゴ,ゴ
十	名詞,数,*,*,*,*,十,ジュウ,ジュー
を	助詞,格助詞,一般,*,*,*,を,ヲ,ヲ
造り	動詞,自立,*,*,五段・ラ行,連用形,造る,ツクリ,ツクリ
，	記号,読点,*,*,*,*,，,，,，
その	連体詞,*,*,*,*,*,その,ソノ,ソノ
留め	名詞,一般,*,*,*,*,留め,トメ,トメ
金	名詞,接尾,一般,*,*,*,金,キン,キン
によって	助詞,格助詞,連語,*,*,*,によって,ニヨッテ,ニヨッテ
天幕	名詞,一般,*,*,*,*,天幕,テンマク,テンマク
布	名詞,一般,*,*,*,*,布,ヌノ,ヌノ
を	助詞,格助詞,一般,*,*,*,を,ヲ,ヲ
互いに	副詞,一般,*,*,*,*,互いに,タガイニ,タガイニ
つなぎ	名詞,一般,*,*,*,*,つなぎ,ツナギ,ツナギ
合わせる	動詞,自立,*,*,一段,基本形,合わせる,アワセル,アワセル
よう	名詞,非自立,助動詞語幹,*,*,*,よう,ヨウ,ヨー
に	助詞,格助詞,一般,*,*,*,に,ニ,ニ
。	記号,句点,*,*,*,*,。,。,。
こうして	接続詞,*,*,*,*,*,こうして,コウシテ,コーシテ
それ	名詞,代名詞,一般,*,*,*,それ,ソレ,ソレ
は	助詞,係助詞,*,*,*,*,は,ハ,ワ
一つ	名詞,一般,*,*,*,*,一つ,ヒトツ,ヒトツ
の	助詞,連体化,*,*,*,*,の,ノ,ノ
幕屋	名詞,一般,*,*,*,*,幕屋,マクヤ,マクヤ
と	助詞,格助詞,一般,*,*,*,と,ト,ト
なる	動詞,自立,*,*,五段・ラ行,基本形,なる,ナル,ナル
。	記号,句点,*,*,*,*,。,。,。
「	記号,括弧開,*,*,*,*,「,「,「
また	接続詞,*,*,*,*,*,また,マタ,マタ
，	記号,読点,*,*,*,*,，,，,，
あなた	名詞,代名詞,一般,*,*,*,あなた,アナタ,アナタ
は	助詞,係助詞,*,*,*,*,は,ハ,ワ
幕屋	名詞,一般,*,*,*,*,幕屋,マクヤ,マクヤ
の	助詞,連体化,*,*,*,*,の,ノ,ノ
上	名詞,非自立,副詞可能,*,*,*,上,ウエ,ウエ
の	助詞,連体化,*,*,*,*,の,ノ,ノ
天幕	名詞,一般,*,*,*,*,天幕,テンマク,テンマク
として	助詞,格助詞,連語,*,*,*,として,トシテ,トシテ
やぎ	名詞,一般,*,*,*,*,やぎ,ヤギ,ヤギ
の	助詞,連体化,*,*,*,*,の,ノ,ノ
毛	名詞,一般,*,*,*,*,毛,ケ,ケ
で	助詞,格助詞,一般,*,*,*,で,デ,デ
布	名詞,一般,*,*,*,*,布,ヌノ,ヌノ
を	助詞,格助詞,一般,*,*,*,を,ヲ,ヲ
造ら	動詞,自立,*,*,五段・ラ行,未然形,造る,ツクラ,ツクラ
ね	助動詞,*,*,*,特殊・ヌ,仮定形,ぬ,ネ,ネ
ば	助詞,接続助詞,*,*,*,*,ば,バ,バ
なら	動詞,非自立,*,*,五段・ラ行,未然形,なる,ナラ,ナラ
ない	助動詞,*,*,*,特殊・ナイ,基本形,ない,ナイ,ナイ
。	記号,句点,*,*,*,*,。,。,。
十	名詞,数,*,*,*,*,十,ジュウ,ジュー
一	名詞,数,*,*,*,*,一,イチ,イチ
枚	名詞,接尾,助数詞,*,*,*,枚,マイ,マイ
の	助詞,連体化,*,*,*,*,の,ノ,ノ
天幕	名詞,一般,*,*,*,*,天幕,テンマク,テンマク
布	名詞,一般,*,*,*,*,布,ヌノ,ヌノ
を	助詞,格助詞,一般,*,*,*,を,ヲ,ヲ
造る	動詞,自立,*,*,五段・ラ行,基本形,造る,ツクル,ツクル
。	記号,句点,*,*,*,*,。,。,。
各	接頭詞,名詞接続,*,*,*,*,各,カク,カク
天幕	名詞,一般,*,*,*,*,天幕,テンマク,テンマク
布	名詞,一般,*,*,*,*,布,ヌノ,ヌノ
の	助詞,連体化,*,*,*,*,の,ノ,ノ
長	形容詞,自立,*,*,形容詞・アウオ段,ガル接続,長い,ナガ,ナガ
さ	名詞,接尾,特殊,*,*,*,さ,サ,サ
は	助詞,係助詞,*,*,*,*,は,ハ,ワ
三	名詞,数,*,*,*,*,三,サン,サン
十	名詞,数,*,*,*,*,十,ジュウ,ジュー
キュビト	名詞,一般,*,*,*,*,*
，	記号,読点,*,*,*,*,，,，,，
各	接頭詞,名詞接続,*,*,*,*,各,カク,カク
天幕	名詞,一般,*,*,*,*,天幕,テンマク,テンマク
布	名詞,一般,*,*,*,*,布,ヌノ,ヌノ
の	助詞,連体化,*,*,*,*,の,ノ,ノ
幅	名詞,一般,*,*,*,*,幅,ハバ,ハバ
は	助詞,係助詞,*,*,*,*,は,ハ,ワ
四	名詞,数,*,*,*,*,四,ヨン,ヨン
キュビト	名詞,一般,*,*,*,*,*
で	助動詞,*,*,*,特殊・ダ,連用形,だ,デ,デ
ある	助動詞,*,*,*,五段・ラ行アル,基本形,ある,アル,アル
。	記号,句点,*,*,*,*,。,。,。
十	名詞,数,*,*,*,*,十,ジュウ,ジュー
一	名詞,数,*,*,*,*,一,イチ,イチ
枚	名詞,接尾,助数詞,*,*,*,枚,マイ,マイ
の	助詞,連体化,*,*,*,*,の,ノ,ノ
天幕	名詞,一般,*,*,*,*,天幕,テンマク,テンマク
布	名詞,一般,*,*,*,*,布,ヌノ,ヌノ
の	助詞,連体化,*,*,*,*,の,ノ,ノ
寸法	名詞,一般,*,*,*,*,寸法,スンポウ,スンポー
は	助詞,係助詞,*,*,*,*,は,ハ,ワ
同一	名詞,一般,*,*,*,*,同一,ドウイツ,ドーイツ
で	助動詞,*,*,*,特殊・ダ,連用形,だ,デ,デ
ある	助動詞,*,*,*,五段・ラ行アル,基本形,ある,アル,アル
。	記号,句点,*,*,*,*,。,。,。
そして	接続詞,*,*,*,*,*,そして,ソシテ,ソシテ
，	記号,読点,*,*,*,*,，,，,，
五	名詞,数,*,*,*,*,五,ゴ,ゴ
枚	名詞,接尾,助数詞,*,*,*,枚,マイ,マイ
の	助詞,連体化,*,*,*,*,の,ノ,ノ
天幕	名詞,一般,*,*,*,*,天幕,テンマク,テンマク
布	名詞,一般,*,*,*,*,布,ヌノ,ヌノ
だけ	助詞,副助詞,*,*,*,*,だけ,ダケ,ダケ
を	助詞,格助詞,一般,*,*,*,を,ヲ,ヲ
つなぎ	名詞,一般,*,*,*,*,つなぎ,ツナギ,ツナギ
合わせ	動詞,自立,*,*,一段,連用形,合わせる,アワセ,アワセ
，	記号,読点,*,*,*,*,，,，,，
また	接続詞,*,*,*,*,*,また,マタ,マタ
六	名詞,数,*,*,*,*,六,ロク,ロク
枚	名詞,接尾,助数詞,*,*,*,枚,マイ,マイ
の	助詞,連体化,*,*,*,*,の,ノ,ノ
天幕	名詞,一般,*,*,*,*,天幕,テンマク,テンマク
布	名詞,一般,*,*,*,*,布,ヌノ,ヌノ
を	助詞,格助詞,一般,*,*,*,を,ヲ,ヲ
別	名詞,一般,*,*,*,*,別,ベツ,ベツ
に	助詞,格助詞,一般,*,*,*,に,ニ,ニ
し	動詞,自立,*,*,サ変・スル,連用形,する,シ,シ
て	助詞,接続助詞,*,*,*,*,て,テ,テ
[	名詞,サ変接続,*,*,*,*,*
つなぎ	名詞,一般,*,*,*,*,つなぎ,ツナギ,ツナギ
合わせ	動詞,自立,*,*,一段,連用形,合わせる,アワセ,アワセ
]，	名詞,サ変接続,*,*,*,*,*
六	名詞,数,*,*,*,*,六,ロク,ロク
枚	名詞,接尾,助数詞,*,*,*,枚,マイ,マイ
目	名詞,接尾,一般,*,*,*,目,メ,メ
の	助詞,連体化,*,*,*,*,の,ノ,ノ
天幕	名詞,一般,*,*,*,*,天幕,テンマク,テンマク
布	名詞,一般,*,*,*,*,布,ヌノ,ヌノ
は	助詞,係助詞,*,*,*,*,は,ハ,ワ
天幕	名詞,一般,*,*,*,*,天幕,テンマク,テンマク
の	助詞,連体化,*,*,*,*,の,ノ,ノ
最前	名詞,一般,*,*,*,*,最前,サイゼン,サイゼン
部	名詞,接尾,一般,*,*,*,部,ブ,ブ
で	助詞,格助詞,一般,*,*,*,で,デ,デ
折り返す	動詞,自立,*,*,五段・サ行,基本形,折り返す,オリカエス,オリカエス
よう	名詞,非自立,助動詞語幹,*,*,*,よう,ヨウ,ヨー
に	助詞,格助詞,一般,*,*,*,に,ニ,ニ
。	記号,句点,*,*,*,*,。,。,。
また	接続詞,*,*,*,*,*,また,マタ,マタ
，	記号,読点,*,*,*,*,，,，,，
一	名詞,数,*,*,*,*,一,イチ,イチ
枚	名詞,接尾,助数詞,*,*,*,枚,マイ,マイ
の	助詞,連体化,*,*,*,*,の,ノ,ノ
天幕	名詞,一般,*,*,*,*,天幕,テンマク,テンマク
布	名詞,一般,*,*,*,*,布,ヌノ,ヌノ
，	記号,読点,*,*,*,*,，,，,，
すなわち	接続詞,*,*,*,*,*,すなわち,スナワチ,スナワチ
一連	名詞,一般,*,*,*,*,一連,イチレン,イチレン
の	助詞,連体化,*,*,*,*,の,ノ,ノ
うち	名詞,非自立,副詞可能,*,*,*,うち,ウチ,ウチ
一	名詞,数,*,*,*,*,一,イチ,イチ
番外	名詞,一般,*,*,*,*,番外,バンガイ,バンガイ
側	名詞,接尾,一般,*,*,*,側,ガワ,ガワ
に	助詞,格助詞,一般,*,*,*,に,ニ,ニ
ある	動詞,自立,*,*,五段・ラ行,基本形,ある,アル,アル
もの	名詞,非自立,一般,*,*,*,もの,モノ,モノ
の	助詞,連体化,*,*,*,*,の,ノ,ノ
端	名詞,一般,*,*,*,*,端,ハジ,ハジ
に	助詞,格助詞,一般,*,*,*,に,ニ,ニ
五	名詞,数,*,*,*,*,五,ゴ,ゴ
十	名詞,数,*,*,*,*,十,ジュウ,ジュー
の	助詞,連体化,*,*,*,*,の,ノ,ノ
環	名詞,一般,*,*,*,*,環,タマキ,タマキ
を	助詞,格助詞,一般,*,*,*,を,ヲ,ヲ
造り	動詞,自立,*,*,五段・ラ行,連用形,造る,ツクリ,ツクリ
，	記号,読点,*,*,*,*,，,，,，
さらに	副詞,助詞類接続,*,*,*,*,さらに,サラニ,サラニ
五	名詞,数,*,*,*,*,五,ゴ,ゴ
十	名詞,数,*,*,*,*,十,ジュウ,ジュー
の	助詞,連体化,*,*,*,*,の,ノ,ノ
環	名詞,一般,*,*,*,*,環,タマキ,タマキ
を	助詞,格助詞,一般,*,*,*,を,ヲ,ヲ
他方	名詞,一般,*,*,*,*,他方,タホウ,タホー
の	助詞,連体化,*,*,*,*,の,ノ,ノ
つなぎ目	名詞,一般,*,*,*,*,つなぎ目,ツナギメ,ツナギメ
に	助詞,格助詞,一般,*,*,*,に,ニ,ニ
ある	動詞,自立,*,*,五段・ラ行,基本形,ある,アル,アル
天幕	名詞,一般,*,*,*,*,天幕,テンマク,テンマク
布	名詞,一般,*,*,*,*,布,ヌノ,ヌノ
の	助詞,連体化,*,*,*,*,の,ノ,ノ
端	名詞,一般,*,*,*,*,端,ハジ,ハジ
に	助詞,格助詞,一般,*,*,*,に,ニ,ニ
[	名詞,サ変接続,*,*,*,*,*
造る	動詞,自立,*,*,五段・ラ行,基本形,造る,ツクル,ツクル
]。	名詞,サ変接続,*,*,*,*,*
また	接続詞,*,*,*,*,*,また,マタ,マタ
，	記号,読点,*,*,*,*,，,，,，
銅	名詞,一般,*,*,*,*,銅,ドウ,ドー
の	助詞,連体化,*,*,*,*,の,ノ,ノ
留め	名詞,一般,*,*,*,*,留め,トメ,トメ
金	名詞,接尾,一般,*,*,*,金,キン,キン
五	名詞,数,*,*,*,*,五,ゴ,ゴ
十	名詞,数,*,*,*,*,十,ジュウ,ジュー
を	助詞,格助詞,一般,*,*,*,を,ヲ,ヲ
造り	動詞,自立,*,*,五段・ラ行,連用形,造る,ツクリ,ツクリ
，	記号,読点,*,*,*,*,，,，,，
その	連体詞,*,*,*,*,*,その,ソノ,ソノ
留め	名詞,一般,*,*,*,*,留め,トメ,トメ
金	名詞,接尾,一般,*,*,*,金,キン,キン
を	助詞,格助詞,一般,*,*,*,を,ヲ,ヲ
環	名詞,一般,*,*,*,*,環,タマキ,タマキ
に	助詞,格助詞,一般,*,*,*,に,ニ,ニ
はめ	動詞,自立,*,*,一段,連用形,はめる,ハメ,ハメ
て	助詞,接続助詞,*,*,*,*,て,テ,テ
天幕	名詞,一般,*,*,*,*,天幕,テンマク,テンマク
を	助詞,格助詞,一般,*,*,*,を,ヲ,ヲ
つなぎ	動詞,自立,*,*,五段・ガ行,連用形,つなぐ,ツナギ,ツナギ
合わせる	動詞,自立,*,*,一段,基本形,合わせる,アワセル,アワセル
よう	名詞,非自立,助動詞語幹,*,*,*,よう,ヨウ,ヨー
に	助詞,格助詞,一般,*,*,*,に,ニ,ニ
。	記号,句点,*,*,*,*,。,。,。
こうして	接続詞,*,*,*,*,*,こうして,コウシテ,コーシテ
それ	名詞,代名詞,一般,*,*,*,それ,ソレ,ソレ
は	助詞,係助詞,*,*,*,*,は,ハ,ワ
一つ	名詞,一般,*,*,*,*,一つ,ヒトツ,ヒトツ
と	助詞,格助詞,一般,*,*,*,と,ト,ト
なる	動詞,自立,*,*,五段・ラ行,基本形,なる,ナル,ナル
。	記号,句点,*,*,*,*,。,。,。
そして	接続詞,*,*,*,*,*,そして,ソシテ,ソシテ
，	記号,読点,*,*,*,*,，,，,，
天幕	名詞,一般,*,*,*,*,天幕,テンマク,テンマク
の	助詞,連体化,*,*,*,*,の,ノ,ノ
布	名詞,一般,*,*,*,*,布,ヌノ,ヌノ
の	助詞,格助詞,一般,*,*,*,の,ノ,ノ
残る	動詞,自立,*,*,五段・ラ行,基本形,残る,ノコル,ノコル
部分	名詞,一般,*,*,*,*,部分,ブブン,ブブン
は	助詞,係助詞,*,*,*,*,は,ハ,ワ
垂れ下がる	動詞,自立,*,*,五段・ラ行,基本形,垂れ下がる,タレサガル,タレサガル
分と	動詞,自立,*,*,五段・タ行,未然ウ接続,分つ,ワカト,ワカト
なる	動詞,自立,*,*,五段・ラ行,基本形,なる,ナル,ナル
。	記号,句点,*,*,*,*,。,。,。
残る	動詞,自立,*,*,五段・ラ行,基本形,残る,ノコル,ノコル
天幕	名詞,一般,*,*,*,*,天幕,テンマク,テンマク
布	名詞,一般,*,*,*,*,布,ヌノ,ヌノ
の	助詞,連体化,*,*,*,*,の,ノ,ノ
半分	名詞,副詞可能,*,*,*,*,半分,ハンブン,ハンブン
は	助詞,係助詞,*,*,*,*,は,ハ,ワ
幕屋	名詞,一般,*,*,*,*,幕屋,マクヤ,マクヤ
の	助詞,連体化,*,*,*,*,の,ノ,ノ
後ろ	名詞,一般,*,*,*,*,後ろ,ウシロ,ウシロ
に	助詞,格助詞,一般,*,*,*,に,ニ,ニ
垂れ下がる	動詞,自立,*,*,五段・ラ行,基本形,垂れ下がる,タレサガル,タレサガル
。	記号,句点,*,*,*,*,。,。,。
また	接続詞,*,*,*,*,*,また,マタ,マタ
，	記号,読点,*,*,*,*,，,，,，
天幕	名詞,一般,*,*,*,*,天幕,テンマク,テンマク
の	助詞,連体化,*,*,*,*,の,ノ,ノ
布	名詞,一般,*,*,*,*,布,ヌノ,ヌノ
の	助詞,連体化,*,*,*,*,の,ノ,ノ
丈	名詞,一般,*,*,*,*,丈,タケ,タケ
で	助詞,格助詞,一般,*,*,*,で,デ,デ
，	記号,読点,*,*,*,*,，,，,，
残っ	動詞,自立,*,*,五段・ラ行,連用タ接続,残る,ノコッ,ノコッ
て	助詞,接続助詞,*,*,*,*,て,テ,テ
いる	動詞,非自立,*,*,一段,基本形,いる,イル,イル
こちら	名詞,代名詞,一般,*,*,*,こちら,コチラ,コチラ
側	名詞,接尾,一般,*,*,*,側,ガワ,ガワ
の	助詞,連体化,*,*,*,*,の,ノ,ノ
一	名詞,数,*,*,*,*,一,イチ,イチ
キュビト	名詞,一般,*,*,*,*,*
と	助詞,並立助詞,*,*,*,*,と,ト,ト
向こう	名詞,一般,*,*,*,*,向こう,ムコウ,ムコー
側	名詞,接尾,一般,*,*,*,側,ガワ,ガワ
の	助詞,連体化,*,*,*,*,の,ノ,ノ
一	名詞,数,*,*,*,*,一,イチ,イチ
キュビト	名詞,一般,*,*,*,*,*
と	助詞,格助詞,一般,*,*,*,と,ト,ト
は	助詞,係助詞,*,*,*,*,は,ハ,ワ
，	記号,読点,*,*,*,*,，,，,，
幕屋	名詞,一般,*,*,*,*,幕屋,マクヤ,マクヤ
の	助詞,連体化,*,*,*,*,の,ノ,ノ
両側	名詞,一般,*,*,*,*,両側,リョウガワ,リョーガワ
で	助詞,格助詞,一般,*,*,*,で,デ,デ
余分	名詞,一般,*,*,*,*,余分,ヨブン,ヨブン
に	助詞,格助詞,一般,*,*,*,に,ニ,ニ
垂れ下がる	動詞,自立,*,*,五段・ラ行,基本形,垂れ下がる,タレサガル,タレサガル
分と	動詞,自立,*,*,五段・タ行,未然ウ接続,分つ,ワカト,ワカト
なり	助動詞,*,*,*,文語・ナリ,基本形,なり,ナリ,ナリ
，	記号,読点,*,*,*,*,，,，,，
こちら	名詞,代名詞,一般,*,*,*,こちら,コチラ,コチラ
側	名詞,接尾,一般,*,*,*,側,ガワ,ガワ
と	助詞,並立助詞,*,*,*,*,と,ト,ト
向こう	名詞,一般,*,*,*,*,向こう,ムコウ,ムコー
側	名詞,接尾,一般,*,*,*,側,ガワ,ガワ
で	助詞,格助詞,一般,*,*,*,で,デ,デ
これ	名詞,代名詞,一般,*,*,*,これ,コレ,コレ
を	助詞,格助詞,一般,*,*,*,を,ヲ,ヲ
覆う	動詞,自立,*,*,五段・ワ行促音便,基本形,覆う,オオウ,オオウ
。	記号,句点,*,*,*,*,。,。,。
「	記号,括弧開,*,*,*,*,「,「,「
また	接続詞,*,*,*,*,*,また,マタ,マタ
，	記号,読点,*,*,*,*,，,，,，
あなた	名詞,代名詞,一般,*,*,*,あなた,アナタ,アナタ
は	助詞,係助詞,*,*,*,*,は,ハ,ワ
その	連体詞,*,*,*,*,*,その,ソノ,ソノ
天幕	名詞,一般,*,*,*,*,天幕,テンマク,テンマク
の	助詞,連体化,*,*,*,*,の,ノ,ノ
ため	名詞,非自立,副詞可能,*,*,*,ため,タメ,タメ
に	助詞,格助詞,一般,*,*,*,に,ニ,ニ
，	記号,読点,*,*,*,*,，,，,，
赤く	形容詞,自立,*,*,形容詞・アウオ段,連用テ接続,赤い,アカク,アカク
染め	動詞,自立,*,*,一段,連用形,染める,ソメ,ソメ
た	助動詞,*,*,*,特殊・タ,基本形,た,タ,タ
雄	接頭詞,名詞接続,*,*,*,*,雄,オ,オ
羊	名詞,一般,*,*,*,*,羊,ヒツジ,ヒツジ
の	助詞,連体化,*,*,*,*,の,ノ,ノ
皮	名詞,一般,*,*,*,*,皮,カワ,カワ
で	助詞,格助詞,一般,*,*,*,で,デ,デ
覆い	名詞,一般,*,*,*,*,覆い,オオイ,オーイ
を	助詞,格助詞,一般,*,*,*,を,ヲ,ヲ
，	記号,読点,*,*,*,*,，,，,，
さらに	副詞,助詞類接続,*,*,*,*,さらに,サラニ,サラニ
あざらし	名詞,一般,*,*,*,*,あざらし,アザラシ,アザラシ
の	助詞,連体化,*,*,*,*,の,ノ,ノ
皮	名詞,一般,*,*,*,*,皮,カワ,カワ
の	助詞,連体化,*,*,*,*,の,ノ,ノ
覆い	名詞,一般,*,*,*,*,覆い,オオイ,オーイ
を	助詞,格助詞,一般,*,*,*,を,ヲ,ヲ
その	連体詞,*,*,*,*,*,その,ソノ,ソノ
上	名詞,非自立,副詞可能,*,*,*,上,ウエ,ウエ
に	助詞,格助詞,一般,*,*,*,に,ニ,ニ
造ら	動詞,自立,*,*,五段・ラ行,未然形,造る,ツクラ,ツクラ
ね	助動詞,*,*,*,特殊・ヌ,仮定形,ぬ,ネ,ネ
ば	助詞,接続助詞,*,*,*,*,ば,バ,バ
なら	動詞,非自立,*,*,五段・ラ行,未然形,なる,ナラ,ナラ
ない	助動詞,*,*,*,特殊・ナイ,基本形,ない,ナイ,ナイ
。	記号,句点,*,*,*,*,。,。,。
「	記号,括弧開,*,*,*,*,「,「,「
また	接続詞,*,*,*,*,*,また,マタ,マタ
，	記号,読点,*,*,*,*,，,，,，
あなた	名詞,代名詞,一般,*,*,*,あなた,アナタ,アナタ
は	助詞,係助詞,*,*,*,*,は,ハ,ワ
幕屋	名詞,一般,*,*,*,*,幕屋,マクヤ,マクヤ
の	助詞,連体化,*,*,*,*,の,ノ,ノ
ため	名詞,非自立,副詞可能,*,*,*,ため,タメ,タメ
に	助詞,格助詞,一般,*,*,*,に,ニ,ニ
，	記号,読点,*,*,*,*,，,，,，
まっすぐ	副詞,助詞類接続,*,*,*,*,まっすぐ,マッスグ,マッスグ
に	助詞,副詞化,*,*,*,*,に,ニ,ニ
立つ	動詞,自立,*,*,五段・タ行,基本形,立つ,タツ,タツ
区切り	名詞,一般,*,*,*,*,区切り,クギリ,クギリ
枠	名詞,接尾,一般,*,*,*,枠,ワク,ワク
を	助詞,格助詞,一般,*,*,*,を,ヲ,ヲ
アカシア	名詞,一般,*,*,*,*,アカシア,アカシア,アカシア
の	助詞,連体化,*,*,*,*,の,ノ,ノ
木	名詞,一般,*,*,*,*,木,キ,キ
で	助詞,格助詞,一般,*,*,*,で,デ,デ
造ら	動詞,自立,*,*,五段・ラ行,未然形,造る,ツクラ,ツクラ
ね	助動詞,*,*,*,特殊・ヌ,仮定形,ぬ,ネ,ネ
ば	助詞,接続助詞,*,*,*,*,ば,バ,バ
なら	動詞,非自立,*,*,五段・ラ行,未然形,なる,ナラ,ナラ
ない	助動詞,*,*,*,特殊・ナイ,基本形,ない,ナイ,ナイ
。	記号,句点,*,*,*,*,。,。,。
十	名詞,数,*,*,*,*,十,ジュウ,ジュー
キュビト	名詞,一般,*,*,*,*,*
が	助詞,格助詞,一般,*,*,*,が,ガ,ガ
区切り	動詞,自立,*,*,五段・ラ行,連用形,区切る,クギリ,クギリ
枠	名詞,接尾,一般,*,*,*,枠,ワク,ワク
の	助詞,連体化,*,*,*,*,の,ノ,ノ
長	形容詞,自立,*,*,形容詞・アウオ段,ガル接続,長い,ナガ,ナガ
さ	名詞,接尾,特殊,*,*,*,さ,サ,サ
で	助動詞,*,*,*,特殊・ダ,連用形,だ,デ,デ
あり	助動詞,*,*,*,五段・ラ行アル,連用形,ある,アリ,アリ
，	記号,読点,*,*,*,*,，,，,，
一	名詞,数,*,*,*,*,一,イチ,イチ
キュビト	名詞,一般,*,*,*,*,*
半	名詞,接尾,一般,*,*,*,半,ハン,ハン
が	助詞,格助詞,一般,*,*,*,が,ガ,ガ
それぞれ	名詞,副詞可能,*,*,*,*,それぞれ,ソレゾレ,ソレゾレ
の	助詞,連体化,*,*,*,*,の,ノ,ノ
区切り	名詞,一般,*,*,*,*,区切り,クギリ,クギリ
枠	名詞,接尾,一般,*,*,*,枠,ワク,ワク
の	助詞,連体化,*,*,*,*,の,ノ,ノ
幅	名詞,一般,*,*,*,*,幅,ハバ,ハバ
で	助動詞,*,*,*,特殊・ダ,連用形,だ,デ,デ
ある	助動詞,*,*,*,五段・ラ行アル,基本形,ある,アル,アル
。	記号,句点,*,*,*,*,。,。,。
それぞれ	名詞,副詞可能,*,*,*,*,それぞれ,ソレゾレ,ソレゾレ
の	助詞,連体化,*,*,*,*,の,ノ,ノ
区切り	名詞,一般,*,*,*,*,区切り,クギリ,クギリ
枠	名詞,接尾,一般,*,*,*,枠,ワク,ワク
に	助詞,格助詞,一般,*,*,*,に,ニ,ニ
は	助詞,係助詞,*,*,*,*,は,ハ,ワ
二つ	名詞,一般,*,*,*,*,二つ,フタツ,フタツ
の	助詞,連体化,*,*,*,*,の,ノ,ノ
ほぞ	名詞,一般,*,*,*,*,ほぞ,ホゾ,ホゾ
が	助詞,格助詞,一般,*,*,*,が,ガ,ガ
あっ	動詞,自立,*,*,五段・ラ行,連用タ接続,ある,アッ,アッ
て	助詞,接続助詞,*,*,*,*,て,テ,テ
，	記号,読点,*,*,*,*,，,，,，
互いに	副詞,一般,*,*,*,*,互いに,タガイニ,タガイニ
つなぎ	名詞,一般,*,*,*,*,つなぎ,ツナギ,ツナギ
合わさ	動詞,自立,*,*,五段・サ行,未然形,合わす,アワサ,アワサ
れる	動詞,接尾,*,*,一段,基本形,れる,レル,レル
。	記号,句点,*,*,*,*,。,。,。
幕屋	名詞,一般,*,*,*,*,幕屋,マクヤ,マクヤ
の	助詞,連体化,*,*,*,*,の,ノ,ノ
すべて	名詞,副詞可能,*,*,*,*,すべて,スベテ,スベテ
の	助詞,連体化,*,*,*,*,の,ノ,ノ
区切り	名詞,一般,*,*,*,*,区切り,クギリ,クギリ
枠	名詞,接尾,一般,*,*,*,枠,ワク,ワク
について	助詞,格助詞,連語,*,*,*,について,ニツイテ,ニツイテ
その	連体詞,*,*,*,*,*,その,ソノ,ソノ
よう	名詞,非自立,助動詞語幹,*,*,*,よう,ヨウ,ヨー
に	助詞,格助詞,一般,*,*,*,に,ニ,ニ
する	動詞,自立,*,*,サ変・スル,基本形,する,スル,スル
。	記号,句点,*,*,*,*,。,。,。
こうして	接続詞,*,*,*,*,*,こうして,コウシテ,コーシテ
幕屋	名詞,一般,*,*,*,*,幕屋,マクヤ,マクヤ
の	助詞,連体化,*,*,*,*,の,ノ,ノ
ため	名詞,非自立,副詞可能,*,*,*,ため,タメ,タメ
の	助詞,連体化,*,*,*,*,の,ノ,ノ
区切り	名詞,一般,*,*,*,*,区切り,クギリ,クギリ
枠	名詞,接尾,一般,*,*,*,枠,ワク,ワク
を	助詞,格助詞,一般,*,*,*,を,ヲ,ヲ
造り	動詞,自立,*,*,五段・ラ行,連用形,造る,ツクリ,ツクリ
，	記号,読点,*,*,*,*,，,，,，
ネゲブ	名詞,一般,*,*,*,*,*
に	助詞,格助詞,一般,*,*,*,に,ニ,ニ
すなわち	接続詞,*,*,*,*,*,すなわち,スナワチ,スナワチ
南	名詞,一般,*,*,*,*,南,ミナミ,ミナミ
に	助詞,格助詞,一般,*,*,*,に,ニ,ニ
向かう	動詞,自立,*,*,五段・ワ行促音便,基本形,向かう,ムカウ,ムカウ
側	名詞,一般,*,*,*,*,側,ガワ,ガワ
の	助詞,連体化,*,*,*,*,の,ノ,ノ
ため	名詞,非自立,副詞可能,*,*,*,ため,タメ,タメ
に	助詞,格助詞,一般,*,*,*,に,ニ,ニ
二	名詞,数,*,*,*,*,二,ニ,ニ
十	名詞,数,*,*,*,*,十,ジュウ,ジュー
の	助詞,連体化,*,*,*,*,の,ノ,ノ
区切り	名詞,一般,*,*,*,*,区切り,クギリ,クギリ
枠	名詞,接尾,一般,*,*,*,枠,ワク,ワク
を	助詞,格助詞,一般,*,*,*,を,ヲ,ヲ
[	名詞,サ変接続,*,*,*,*,*
造る	動詞,自立,*,*,五段・ラ行,基本形,造る,ツクル,ツクル
]	名詞,サ変接続,*,*,*,*,*
よう	名詞,接尾,一般,*,*,*,よう,ヨウ,ヨー
に	助詞,格助詞,一般,*,*,*,に,ニ,ニ
。	記号,句点,*,*,*,*,。,。,。
「	記号,括弧開,*,*,*,*,「,「,「
また	接続詞,*,*,*,*,*,また,マタ,マタ
，	記号,読点,*,*,*,*,，,，,，
あなた	名詞,代名詞,一般,*,*,*,あなた,アナタ,アナタ
は	助詞,係助詞,*,*,*,*,は,ハ,ワ
その	連体詞,*,*,*,*,*,その,ソノ,ソノ
二	名詞,数,*,*,*,*,二,ニ,ニ
十	名詞,数,*,*,*,*,十,ジュウ,ジュー
の	助詞,連体化,*,*,*,*,の,ノ,ノ
区切り	名詞,一般,*,*,*,*,区切り,クギリ,クギリ
枠	名詞,接尾,一般,*,*,*,枠,ワク,ワク
の	助詞,連体化,*,*,*,*,の,ノ,ノ
下	名詞,一般,*,*,*,*,下,シタ,シタ
に	助詞,格助詞,一般,*,*,*,に,ニ,ニ
銀	名詞,一般,*,*,*,*,銀,ギン,ギン
の	助詞,連体化,*,*,*,*,の,ノ,ノ
受け	名詞,一般,*,*,*,*,受け,ウケ,ウケ
台	名詞,接尾,一般,*,*,*,台,ダイ,ダイ
四	名詞,数,*,*,*,*,四,ヨン,ヨン
十	名詞,数,*,*,*,*,十,ジュウ,ジュー
を	助詞,格助詞,一般,*,*,*,を,ヲ,ヲ
造る	動詞,自立,*,*,五段・ラ行,基本形,造る,ツクル,ツクル
。	記号,句点,*,*,*,*,。,。,。
二つ	名詞,一般,*,*,*,*,二つ,フタツ,フタツ
の	助詞,連体化,*,*,*,*,の,ノ,ノ
ほぞ	名詞,一般,*,*,*,*,ほぞ,ホゾ,ホゾ
の	助詞,格助詞,一般,*,*,*,の,ノ,ノ
ある	動詞,自立,*,*,五段・ラ行,基本形,ある,アル,アル
一つ	名詞,一般,*,*,*,*,一つ,ヒトツ,ヒトツ
の	助詞,連体化,*,*,*,*,の,ノ,ノ
区切り	名詞,一般,*,*,*,*,区切り,クギリ,クギリ
枠	名詞,接尾,一般,*,*,*,枠,ワク,ワク
の	助詞,連体化,*,*,*,*,の,ノ,ノ
下	名詞,一般,*,*,*,*,下,シタ,シタ
に	助詞,格助詞,一般,*,*,*,に,ニ,ニ
二つ	名詞,一般,*,*,*,*,二つ,フタツ,フタツ
の	助詞,連体化,*,*,*,*,の,ノ,ノ
受け	名詞,一般,*,*,*,*,受け,ウケ,ウケ
台	名詞,接尾,一般,*,*,*,台,ダイ,ダイ
，	記号,読点,*,*,*,*,，,，,，
二つ	名詞,一般,*,*,*,*,二つ,フタツ,フタツ
の	助詞,連体化,*,*,*,*,の,ノ,ノ
ほぞ	名詞,一般,*,*,*,*,ほぞ,ホゾ,ホゾ
の	助詞,格助詞,一般,*,*,*,の,ノ,ノ
ある	動詞,自立,*,*,五段・ラ行,基本形,ある,アル,アル
他	名詞,非自立,副詞可能,*,*,*,他,ホカ,ホカ
の	助詞,連体化,*,*,*,*,の,ノ,ノ
一つ	名詞,一般,*,*,*,*,一つ,ヒトツ,ヒトツ
の	助詞,連体化,*,*,*,*,の,ノ,ノ
区切り	名詞,一般,*,*,*,*,区切り,クギリ,クギリ
枠	名詞,接尾,一般,*,*,*,枠,ワク,ワク
の	助詞,連体化,*,*,*,*,の,ノ,ノ
下	名詞,一般,*,*,*,*,下,シタ,シタ
に	助詞,格助詞,一般,*,*,*,に,ニ,ニ
二つ	名詞,一般,*,*,*,*,二つ,フタツ,フタツ
の	助詞,連体化,*,*,*,*,の,ノ,ノ
受け	名詞,一般,*,*,*,*,受け,ウケ,ウケ
台	名詞,接尾,一般,*,*,*,台,ダイ,ダイ
で	助動詞,*,*,*,特殊・ダ,連用形,だ,デ,デ
ある	助動詞,*,*,*,五段・ラ行アル,基本形,ある,アル,アル
。	記号,句点,*,*,*,*,。,。,。
そして	接続詞,*,*,*,*,*,そして,ソシテ,ソシテ
，	記号,読点,*,*,*,*,，,，,，
幕屋	名詞,一般,*,*,*,*,幕屋,マクヤ,マクヤ
の	助詞,連体化,*,*,*,*,の,ノ,ノ
他方	名詞,一般,*,*,*,*,他方,タホウ,タホー
の	助詞,連体化,*,*,*,*,の,ノ,ノ
側	名詞,一般,*,*,*,*,側,ガワ,ガワ
，	記号,読点,*,*,*,*,，,，,，
北側	名詞,一般,*,*,*,*,北側,キタガワ,キタガワ
の	助詞,連体化,*,*,*,*,の,ノ,ノ
ため	名詞,非自立,副詞可能,*,*,*,ため,タメ,タメ
に	助詞,格助詞,一般,*,*,*,に,ニ,ニ
も	助詞,係助詞,*,*,*,*,も,モ,モ
，	記号,読点,*,*,*,*,，,，,，
二	名詞,数,*,*,*,*,二,ニ,ニ
十	名詞,数,*,*,*,*,十,ジュウ,ジュー
の	助詞,連体化,*,*,*,*,の,ノ,ノ
区切り	名詞,一般,*,*,*,*,区切り,クギリ,クギリ
枠	名詞,接尾,一般,*,*,*,枠,ワク,ワク
と	助詞,並立助詞,*,*,*,*,と,ト,ト
，	記号,読点,*,*,*,*,，,，,，
その	連体詞,*,*,*,*,*,その,ソノ,ソノ
ため	名詞,非自立,副詞可能,*,*,*,ため,タメ,タメ
の	助詞,連体化,*,*,*,*,の,ノ,ノ
銀	名詞,一般,*,*,*,*,銀,ギン,ギン
の	助詞,連体化,*,*,*,*,の,ノ,ノ
受け	名詞,一般,*,*,*,*,受け,ウケ,ウケ
台	名詞,接尾,一般,*,*,*,台,ダイ,ダイ
四	名詞,数,*,*,*,*,四,ヨン,ヨン
十	名詞,数,*,*,*,*,十,ジュウ,ジュー
を	助詞,格助詞,一般,*,*,*,を,ヲ,ヲ
[	名詞,サ変接続,*,*,*,*,*
造る	動詞,自立,*,*,五段・ラ行,基本形,造る,ツクル,ツクル
]。	名詞,サ変接続,*,*,*,*,*
一つ	名詞,一般,*,*,*,*,一つ,ヒトツ,ヒトツ
の	助詞,連体化,*,*,*,*,の,ノ,ノ
区切り	名詞,一般,*,*,*,*,区切り,クギリ,クギリ
枠	名詞,接尾,一般,*,*,*,枠,ワク,ワク
の	助詞,連体化,*,*,*,*,の,ノ,ノ
下	名詞,一般,*,*,*,*,下,シタ,シタ
に	助詞,格助詞,一般,*,*,*,に,ニ,ニ
二つ	名詞,一般,*,*,*,*,二つ,フタツ,フタツ
の	助詞,連体化,*,*,*,*,の,ノ,ノ
受け	名詞,一般,*,*,*,*,受け,ウケ,ウケ
台	名詞,接尾,一般,*,*,*,台,ダイ,ダイ
，	記号,読点,*,*,*,*,，,，,，
他	名詞,一般,*,*,*,*,他,タ,タ
の	助詞,連体化,*,*,*,*,の,ノ,ノ
一つ	名詞,一般,*,*,*,*,一つ,ヒトツ,ヒトツ
の	助詞,連体化,*,*,*,*,の,ノ,ノ
区切り	名詞,一般,*,*,*,*,区切り,クギリ,クギリ
枠	名詞,接尾,一般,*,*,*,枠,ワク,ワク
の	助詞,連体化,*,*,*,*,の,ノ,ノ
下	名詞,一般,*,*,*,*,下,シタ,シタ
に	助詞,格助詞,一般,*,*,*,に,ニ,ニ
二つ	名詞,一般,*,*,*,*,二つ,フタツ,フタツ
の	助詞,連体化,*,*,*,*,の,ノ,ノ
受け	名詞,一般,*,*,*,*,受け,ウケ,ウケ
台	名詞,接尾,一般,*,*,*,台,ダイ,ダイ
で	助動詞,*,*,*,特殊・ダ,連用形,だ,デ,デ
ある	助動詞,*,*,*,五段・ラ行アル,基本形,ある,アル,アル
。	記号,句点,*,*,*,*,。,。,。
また	接続詞,*,*,*,*,*,また,マタ,マタ
，	記号,読点,*,*,*,*,，,，,，
西側	名詞,一般,*,*,*,*,西側,ニシガワ,ニシガワ
，	記号,読点,*,*,*,*,，,，,，
つまり	接続詞,*,*,*,*,*,つまり,ツマリ,ツマリ
幕屋	名詞,一般,*,*,*,*,幕屋,マクヤ,マクヤ
の	助詞,連体化,*,*,*,*,の,ノ,ノ
後ろ	名詞,一般,*,*,*,*,後ろ,ウシロ,ウシロ
の	助詞,連体化,*,*,*,*,の,ノ,ノ
部分	名詞,一般,*,*,*,*,部分,ブブン,ブブン
の	助詞,連体化,*,*,*,*,の,ノ,ノ
ため	名詞,非自立,副詞可能,*,*,*,ため,タメ,タメ
に	助詞,格助詞,一般,*,*,*,に,ニ,ニ
六つ	名詞,一般,*,*,*,*,六つ,ムッツ,ムッツ
の	助詞,連体化,*,*,*,*,の,ノ,ノ
区切り	名詞,一般,*,*,*,*,区切り,クギリ,クギリ
枠	名詞,接尾,一般,*,*,*,枠,ワク,ワク
を	助詞,格助詞,一般,*,*,*,を,ヲ,ヲ
造る	動詞,自立,*,*,五段・ラ行,基本形,造る,ツクル,ツクル
。	記号,句点,*,*,*,*,。,。,。
そして	接続詞,*,*,*,*,*,そして,ソシテ,ソシテ
，	記号,読点,*,*,*,*,，,，,，
幕屋	名詞,一般,*,*,*,*,幕屋,マクヤ,マクヤ
の	助詞,連体化,*,*,*,*,の,ノ,ノ
隅	名詞,一般,*,*,*,*,隅,スミ,スミ
柱	名詞,接尾,一般,*,*,*,柱,バシラ,バシラ
として	助詞,格助詞,連語,*,*,*,として,トシテ,トシテ
，	記号,読点,*,*,*,*,，,，,，
後ろ	名詞,一般,*,*,*,*,後ろ,ウシロ,ウシロ
の	助詞,連体化,*,*,*,*,の,ノ,ノ
両	接頭詞,名詞接続,*,*,*,*,両,リョウ,リョー
部分	名詞,一般,*,*,*,*,部分,ブブン,ブブン
に	助詞,格助詞,一般,*,*,*,に,ニ,ニ
二つ	名詞,一般,*,*,*,*,二つ,フタツ,フタツ
の	助詞,連体化,*,*,*,*,の,ノ,ノ
区切り	名詞,一般,*,*,*,*,区切り,クギリ,クギリ
枠	名詞,接尾,一般,*,*,*,枠,ワク,ワク
を	助詞,格助詞,一般,*,*,*,を,ヲ,ヲ
造る	動詞,自立,*,*,五段・ラ行,基本形,造る,ツクル,ツクル
。	記号,句点,*,*,*,*,。,。,。
そして	接続詞,*,*,*,*,*,そして,ソシテ,ソシテ
，	記号,読点,*,*,*,*,，,，,，
それら	名詞,代名詞,一般,*,*,*,それら,ソレラ,ソレラ
は	助詞,係助詞,*,*,*,*,は,ハ,ワ
底	名詞,一般,*,*,*,*,底,ソコ,ソコ
部	名詞,接尾,一般,*,*,*,部,ブ,ブ
において	助詞,格助詞,連語,*,*,*,において,ニオイテ,ニオイテ
対	名詞,接続詞的,*,*,*,*,対,タイ,タイ
を	助詞,格助詞,一般,*,*,*,を,ヲ,ヲ
なし	動詞,自立,*,*,五段・サ行,連用形,なす,ナシ,ナシ
，	記号,読点,*,*,*,*,，,，,，
合わせる	動詞,自立,*,*,一段,基本形,合わせる,アワセル,アワセル
と	助詞,接続助詞,*,*,*,*,と,ト,ト
，	記号,読点,*,*,*,*,，,，,，
第	接頭詞,数接続,*,*,*,*,第,ダイ,ダイ
一	名詞,数,*,*,*,*,一,イチ,イチ
の	助詞,連体化,*,*,*,*,の,ノ,ノ
輪	名詞,一般,*,*,*,*,輪,ワ,ワ
の	助詞,格助詞,一般,*,*,*,の,ノ,ノ
ある	動詞,自立,*,*,五段・ラ行,基本形,ある,アル,アル
それぞれ	名詞,副詞可能,*,*,*,*,それぞれ,ソレゾレ,ソレゾレ
の	助詞,連体化,*,*,*,*,の,ノ,ノ
頂	名詞,一般,*,*,*,*,頂,イタダキ,イタダキ
の	助詞,連体化,*,*,*,*,の,ノ,ノ
ところ	名詞,非自立,副詞可能,*,*,*,ところ,トコロ,トコロ
まで	助詞,副助詞,*,*,*,*,まで,マデ,マデ
対	名詞,接続詞的,*,*,*,*,対,タイ,タイ
を	助詞,格助詞,一般,*,*,*,を,ヲ,ヲ
なす	動詞,自立,*,*,五段・サ行,基本形,なす,ナス,ナス
よう	名詞,非自立,助動詞語幹,*,*,*,よう,ヨウ,ヨー
に	助詞,格助詞,一般,*,*,*,に,ニ,ニ
。	記号,句点,*,*,*,*,。,。,。
その	連体詞,*,*,*,*,*,その,ソノ,ソノ
二つ	名詞,一般,*,*,*,*,二つ,フタツ,フタツ
は	助詞,係助詞,*,*,*,*,は,ハ,ワ
その	連体詞,*,*,*,*,*,その,ソノ,ソノ
よう	名詞,非自立,助動詞語幹,*,*,*,よう,ヨウ,ヨー
に	助詞,格助詞,一般,*,*,*,に,ニ,ニ
なる	動詞,自立,*,*,五段・ラ行,基本形,なる,ナル,ナル
べき	助動詞,*,*,*,文語・ベシ,体言接続,べし,ベキ,ベキ
で	助動詞,*,*,*,特殊・ダ,連用形,だ,デ,デ
ある	助動詞,*,*,*,五段・ラ行アル,基本形,ある,アル,アル
。	記号,句点,*,*,*,*,。,。,。
それ	名詞,代名詞,一般,*,*,*,それ,ソレ,ソレ
が	助詞,格助詞,一般,*,*,*,が,ガ,ガ
二つ	名詞,一般,*,*,*,*,二つ,フタツ,フタツ
の	助詞,連体化,*,*,*,*,の,ノ,ノ
隅	名詞,一般,*,*,*,*,隅,スミ,スミ
柱	名詞,接尾,一般,*,*,*,柱,バシラ,バシラ
と	助詞,格助詞,一般,*,*,*,と,ト,ト
なる	動詞,自立,*,*,五段・ラ行,基本形,なる,ナル,ナル
。	記号,句点,*,*,*,*,。,。,。
それで	接続詞,*,*,*,*,*,それで,ソレデ,ソレデ
八つ	名詞,一般,*,*,*,*,八つ,ヤッツ,ヤッツ
の	助詞,連体化,*,*,*,*,の,ノ,ノ
区切り	名詞,一般,*,*,*,*,区切り,クギリ,クギリ
枠	名詞,接尾,一般,*,*,*,枠,ワク,ワク
と	助詞,並立助詞,*,*,*,*,と,ト,ト
，	記号,読点,*,*,*,*,，,，,，
その	連体詞,*,*,*,*,*,その,ソノ,ソノ
ため	名詞,非自立,副詞可能,*,*,*,ため,タメ,タメ
の	助詞,連体化,*,*,*,*,の,ノ,ノ
銀	名詞,一般,*,*,*,*,銀,ギン,ギン
の	助詞,連体化,*,*,*,*,の,ノ,ノ
受け	名詞,一般,*,*,*,*,受け,ウケ,ウケ
台	名詞,接尾,一般,*,*,*,台,ダイ,ダイ
，	名詞,数,*,*,*,*,，,，,，
十	名詞,数,*,*,*,*,十,ジュウ,ジュー
六	名詞,数,*,*,*,*,六,ロク,ロク
の	助詞,連体化,*,*,*,*,の,ノ,ノ
台座	名詞,一般,*,*,*,*,台座,ダイザ,ダイザ
が	助詞,格助詞,一般,*,*,*,が,ガ,ガ
ある	動詞,自立,*,*,五段・ラ行,基本形,ある,アル,アル
よう	名詞,非自立,助動詞語幹,*,*,*,よう,ヨウ,ヨー
に	助詞,格助詞,一般,*,*,*,に,ニ,ニ
。	記号,句点,*,*,*,*,。,。,。
一つ	名詞,一般,*,*,*,*,一つ,ヒトツ,ヒトツ
の	助詞,連体化,*,*,*,*,の,ノ,ノ
区切り	名詞,一般,*,*,*,*,区切り,クギリ,クギリ
枠	名詞,接尾,一般,*,*,*,枠,ワク,ワク
の	助詞,連体化,*,*,*,*,の,ノ,ノ
下	名詞,一般,*,*,*,*,下,シタ,シタ
に	助詞,格助詞,一般,*,*,*,に,ニ,ニ
二つ	名詞,一般,*,*,*,*,二つ,フタツ,フタツ
の	助詞,連体化,*,*,*,*,の,ノ,ノ
受け	名詞,一般,*,*,*,*,受け,ウケ,ウケ
台	名詞,接尾,一般,*,*,*,台,ダイ,ダイ
，	記号,読点,*,*,*,*,，,，,，
他	名詞,一般,*,*,*,*,他,タ,タ
の	助詞,連体化,*,*,*,*,の,ノ,ノ
一つ	名詞,一般,*,*,*,*,一つ,ヒトツ,ヒトツ
の	助詞,連体化,*,*,*,*,の,ノ,ノ
区切り	名詞,一般,*,*,*,*,区切り,クギリ,クギリ
枠	名詞,接尾,一般,*,*,*,枠,ワク,ワク
の	助詞,連体化,*,*,*,*,の,ノ,ノ
下	名詞,一般,*,*,*,*,下,シタ,シタ
に	助詞,格助詞,一般,*,*,*,に,ニ,ニ
二つ	名詞,一般,*,*,*,*,二つ,フタツ,フタツ
の	助詞,連体化,*,*,*,*,の,ノ,ノ
受け	名詞,一般,*,*,*,*,受け,ウケ,ウケ
台	名詞,接尾,一般,*,*,*,台,ダイ,ダイ
で	助動詞,*,*,*,特殊・ダ,連用形,だ,デ,デ
ある	助動詞,*,*,*,五段・ラ行アル,基本形,ある,アル,アル
。	記号,句点,*,*,*,*,。,。,。
「	記号,括弧開,*,*,*,*,「,「,「
また	接続詞,*,*,*,*,*,また,マタ,マタ
，	記号,読点,*,*,*,*,，,，,，
あなた	名詞,代名詞,一般,*,*,*,あなた,アナタ,アナタ
は	助詞,係助詞,*,*,*,*,は,ハ,ワ
アカシア	名詞,一般,*,*,*,*,アカシア,アカシア,アカシア
の	助詞,連体化,*,*,*,*,の,ノ,ノ
木	名詞,一般,*,*,*,*,木,キ,キ
で	助詞,格助詞,一般,*,*,*,で,デ,デ
横木	名詞,一般,*,*,*,*,横木,ヨコギ,ヨコギ
を	助詞,格助詞,一般,*,*,*,を,ヲ,ヲ
造ら	動詞,自立,*,*,五段・ラ行,未然形,造る,ツクラ,ツクラ
ね	助動詞,*,*,*,特殊・ヌ,仮定形,ぬ,ネ,ネ
ば	助詞,接続助詞,*,*,*,*,ば,バ,バ
なら	動詞,非自立,*,*,五段・ラ行,未然形,なる,ナラ,ナラ
ない	助動詞,*,*,*,特殊・ナイ,基本形,ない,ナイ,ナイ
。	記号,句点,*,*,*,*,。,。,。
幕屋	名詞,一般,*,*,*,*,幕屋,マクヤ,マクヤ
の	助詞,連体化,*,*,*,*,の,ノ,ノ
一方	名詞,非自立,副詞可能,*,*,*,一方,イッポウ,イッポー
の	助詞,連体化,*,*,*,*,の,ノ,ノ
側	名詞,一般,*,*,*,*,側,ガワ,ガワ
の	助詞,連体化,*,*,*,*,の,ノ,ノ
区切り	名詞,一般,*,*,*,*,区切り,クギリ,クギリ
枠	名詞,接尾,一般,*,*,*,枠,ワク,ワク
の	助詞,連体化,*,*,*,*,の,ノ,ノ
ため	名詞,非自立,副詞可能,*,*,*,ため,タメ,タメ
に	助詞,格助詞,一般,*,*,*,に,ニ,ニ
五	名詞,数,*,*,*,*,五,ゴ,ゴ
本	名詞,接尾,助数詞,*,*,*,本,ホン,ホン
，	記号,読点,*,*,*,*,，,，,，
幕屋	名詞,一般,*,*,*,*,幕屋,マクヤ,マクヤ
の	助詞,連体化,*,*,*,*,の,ノ,ノ
他方	名詞,一般,*,*,*,*,他方,タホウ,タホー
の	助詞,連体化,*,*,*,*,の,ノ,ノ
側	名詞,一般,*,*,*,*,側,ガワ,ガワ
の	助詞,連体化,*,*,*,*,の,ノ,ノ
区切り	名詞,一般,*,*,*,*,区切り,クギリ,クギリ
枠	名詞,接尾,一般,*,*,*,枠,ワク,ワク
の	助詞,連体化,*,*,*,*,の,ノ,ノ
ため	名詞,非自立,副詞可能,*,*,*,ため,タメ,タメ
に	助詞,格助詞,一般,*,*,*,に,ニ,ニ
五	名詞,数,*,*,*,*,五,ゴ,ゴ
本	名詞,接尾,助数詞,*,*,*,本,ホン,ホン
の	助詞,連体化,*,*,*,*,の,ノ,ノ
横木	名詞,一般,*,*,*,*,横木,ヨコギ,ヨコギ
，	記号,読点,*,*,*,*,，,，,，
そして	接続詞,*,*,*,*,*,そして,ソシテ,ソシテ
西側	名詞,一般,*,*,*,*,西側,ニシガワ,ニシガワ
，	記号,読点,*,*,*,*,，,，,，
幕屋	名詞,一般,*,*,*,*,幕屋,マクヤ,マクヤ
の	助詞,連体化,*,*,*,*,の,ノ,ノ
後ろ	名詞,一般,*,*,*,*,後ろ,ウシロ,ウシロ
の	助詞,連体化,*,*,*,*,の,ノ,ノ
両	接頭詞,名詞接続,*,*,*,*,両,リョウ,リョー
部分	名詞,一般,*,*,*,*,部分,ブブン,ブブン
が	助詞,格助詞,一般,*,*,*,が,ガ,ガ
ある	動詞,自立,*,*,五段・ラ行,基本形,ある,アル,アル
側	名詞,一般,*,*,*,*,側,ガワ,ガワ
の	助詞,連体化,*,*,*,*,の,ノ,ノ
区切り	名詞,一般,*,*,*,*,区切り,クギリ,クギリ
枠	名詞,接尾,一般,*,*,*,枠,ワク,ワク
の	助詞,連体化,*,*,*,*,の,ノ,ノ
ため	名詞,非自立,副詞可能,*,*,*,ため,タメ,タメ
に	助詞,格助詞,一般,*,*,*,に,ニ,ニ
五	名詞,数,*,*,*,*,五,ゴ,ゴ
本	名詞,接尾,助数詞,*,*,*,本,ホン,ホン
の	助詞,連体化,*,*,*,*,の,ノ,ノ
横木	名詞,一般,*,*,*,*,横木,ヨコギ,ヨコギ
。	記号,句点,*,*,*,*,。,。,。
そして	接続詞,*,*,*,*,*,そして,ソシテ,ソシテ
，	記号,読点,*,*,*,*,，,，,，
区切り	名詞,一般,*,*,*,*,区切り,クギリ,クギリ
枠	名詞,接尾,一般,*,*,*,枠,ワク,ワク
の	助詞,連体化,*,*,*,*,の,ノ,ノ
中央	名詞,一般,*,*,*,*,中央,チュウオウ,チューオー
を	助詞,格助詞,一般,*,*,*,を,ヲ,ヲ
通る	動詞,自立,*,*,五段・ラ行,基本形,通る,トオル,トール
真ん中	名詞,一般,*,*,*,*,真ん中,マンナカ,マンナカ
の	助詞,連体化,*,*,*,*,の,ノ,ノ
横木	名詞,一般,*,*,*,*,横木,ヨコギ,ヨコギ
は	助詞,係助詞,*,*,*,*,は,ハ,ワ
端	名詞,一般,*,*,*,*,端,ハジ,ハジ
から	助詞,格助詞,一般,*,*,*,から,カラ,カラ
端	名詞,一般,*,*,*,*,端,ハジ,ハジ
に	助詞,格助詞,一般,*,*,*,に,ニ,ニ
渡さ	動詞,自立,*,*,五段・サ行,未然形,渡す,ワタサ,ワタサ
れる	動詞,接尾,*,*,一段,基本形,れる,レル,レル
。	記号,句点,*,*,*,*,。,。,。
「	記号,括弧開,*,*,*,*,「,「,「
また	接続詞,*,*,*,*,*,また,マタ,マタ
，	記号,読点,*,*,*,*,，,，,，
あなた	名詞,代名詞,一般,*,*,*,あなた,アナタ,アナタ
は	助詞,係助詞,*,*,*,*,は,ハ,ワ
区切り	名詞,一般,*,*,*,*,区切り,クギリ,クギリ
枠	名詞,接尾,一般,*,*,*,枠,ワク,ワク
に	助詞,格助詞,一般,*,*,*,に,ニ,ニ
金	名詞,一般,*,*,*,*,金,キン,キン
を	助詞,格助詞,一般,*,*,*,を,ヲ,ヲ
かぶせ	動詞,自立,*,*,一段,連用形,かぶせる,カブセ,カブセ
，	記号,読点,*,*,*,*,，,，,，
それら	名詞,代名詞,一般,*,*,*,それら,ソレラ,ソレラ
に	助詞,格助詞,一般,*,*,*,に,ニ,ニ
付く	動詞,自立,*,*,五段・カ行イ音便,基本形,付く,ツク,ツク
輪	名詞,一般,*,*,*,*,輪,ワ,ワ
を	助詞,格助詞,一般,*,*,*,を,ヲ,ヲ
横木	名詞,一般,*,*,*,*,横木,ヨコギ,ヨコギ
の	助詞,連体化,*,*,*,*,の,ノ,ノ
支え	名詞,一般,*,*,*,*,支え,ササエ,ササエ
として	助詞,格助詞,連語,*,*,*,として,トシテ,トシテ
金	名詞,一般,*,*,*,*,金,キン,キン
で	助詞,格助詞,一般,*,*,*,で,デ,デ
造る	動詞,自立,*,*,五段・ラ行,基本形,造る,ツクル,ツクル
。	記号,句点,*,*,*,*,。,。,。
横木	名詞,一般,*,*,*,*,横木,ヨコギ,ヨコギ
に	助詞,格助詞,一般,*,*,*,に,ニ,ニ
も	助詞,係助詞,*,*,*,*,も,モ,モ
金	名詞,一般,*,*,*,*,金,キン,キン
を	助詞,格助詞,一般,*,*,*,を,ヲ,ヲ
かぶせる	動詞,自立,*,*,一段,基本形,かぶせる,カブセル,カブセル
よう	名詞,非自立,助動詞語幹,*,*,*,よう,ヨウ,ヨー
に	助詞,格助詞,一般,*,*,*,に,ニ,ニ
。	記号,句点,*,*,*,*,。,。,。
そして	接続詞,*,*,*,*,*,そして,ソシテ,ソシテ
，	記号,読点,*,*,*,*,，,，,，
あなた	名詞,代名詞,一般,*,*,*,あなた,アナタ,アナタ
は	助詞,係助詞,*,*,*,*,は,ハ,ワ
山	名詞,一般,*,*,*,*,山,ヤマ,ヤマ
で	助詞,格助詞,一般,*,*,*,で,デ,デ
示さ	動詞,自立,*,*,五段・サ行,未然形,示す,シメサ,シメサ
れ	動詞,接尾,*,*,一段,連用形,れる,レ,レ
た	助動詞,*,*,*,特殊・タ,基本形,た,タ,タ
その	連体詞,*,*,*,*,*,その,ソノ,ソノ
仕法	名詞,一般,*,*,*,*,仕法,シホウ,シホー
に	助詞,格助詞,一般,*,*,*,に,ニ,ニ
したがっ	動詞,自立,*,*,五段・ワ行促音便,連用タ接続,したがう,シタガッ,シタガッ
て	助詞,接続助詞,*,*,*,*,て,テ,テ
幕屋	名詞,一般,*,*,*,*,幕屋,マクヤ,マクヤ
を	助詞,格助詞,一般,*,*,*,を,ヲ,ヲ
組み立て	動詞,自立,*,*,一段,未然形,組み立てる,クミタテ,クミタテ
なけれ	助動詞,*,*,*,特殊・ナイ,仮定形,ない,ナケレ,ナケレ
ば	助詞,接続助詞,*,*,*,*,ば,バ,バ
なら	動詞,非自立,*,*,五段・ラ行,未然形,なる,ナラ,ナラ
ない	助動詞,*,*,*,特殊・ナイ,基本形,ない,ナイ,ナイ
。	記号,句点,*,*,*,*,。,。,。
「	記号,括弧開,*,*,*,*,「,「,「
また	接続詞,*,*,*,*,*,また,マタ,マタ
，	記号,読点,*,*,*,*,，,，,，
あなた	名詞,代名詞,一般,*,*,*,あなた,アナタ,アナタ
は	助詞,係助詞,*,*,*,*,は,ハ,ワ
青	名詞,一般,*,*,*,*,青,アオ,アオ
糸	名詞,接尾,一般,*,*,*,糸,イト,イト
，	記号,読点,*,*,*,*,，,，,，
赤	名詞,一般,*,*,*,*,赤,アカ,アカ
紫	名詞,一般,*,*,*,*,紫,ムラサキ,ムラサキ
に	助詞,格助詞,一般,*,*,*,に,ニ,ニ
染め	動詞,自立,*,*,一段,連用形,染める,ソメ,ソメ
た	助動詞,*,*,*,特殊・タ,基本形,た,タ,タ
羊毛	名詞,一般,*,*,*,*,羊毛,ヨウモウ,ヨーモー
，	記号,読点,*,*,*,*,，,，,，
えんじ	動詞,自立,*,*,一段,連用形,えんじる,エンジ,エンジ
むし	名詞,一般,*,*,*,*,むし,ムシ,ムシ
緋色	名詞,一般,*,*,*,*,緋色,ヒイロ,ヒイロ
の	助詞,連体化,*,*,*,*,の,ノ,ノ
物	名詞,非自立,一般,*,*,*,物,モノ,モノ
，	記号,読点,*,*,*,*,，,，,，
上等	名詞,一般,*,*,*,*,上等,ジョウトウ,ジョートー
の	名詞,非自立,一般,*,*,*,の,ノ,ノ
より	助詞,格助詞,一般,*,*,*,より,ヨリ,ヨリ
亜麻	名詞,一般,*,*,*,*,亜麻,アマ,アマ
で	助詞,格助詞,一般,*,*,*,で,デ,デ
垂れ幕	名詞,一般,*,*,*,*,垂れ幕,タレマク,タレマク
を	助詞,格助詞,一般,*,*,*,を,ヲ,ヲ
造ら	動詞,自立,*,*,五段・ラ行,未然形,造る,ツクラ,ツクラ
ね	助動詞,*,*,*,特殊・ヌ,仮定形,ぬ,ネ,ネ
ば	助詞,接続助詞,*,*,*,*,ば,バ,バ
なら	動詞,非自立,*,*,五段・ラ行,未然形,なる,ナラ,ナラ
ない	助動詞,*,*,*,特殊・ナイ,基本形,ない,ナイ,ナイ
。	記号,句点,*,*,*,*,。,。,。
刺しゅう	名詞,サ変接続,*,*,*,*,刺しゅう,シシュウ,シシュー
師	名詞,接尾,一般,*,*,*,師,シ,シ
の	助詞,連体化,*,*,*,*,の,ノ,ノ
仕事	名詞,サ変接続,*,*,*,*,仕事,シゴト,シゴト
で	助動詞,*,*,*,特殊・ダ,連用形,だ,デ,デ
ある	助動詞,*,*,*,五段・ラ行アル,基本形,ある,アル,アル
ケルブ	名詞,一般,*,*,*,*,*
を	助詞,格助詞,一般,*,*,*,を,ヲ,ヲ
それ	名詞,代名詞,一般,*,*,*,それ,ソレ,ソレ
に	助詞,格助詞,一般,*,*,*,に,ニ,ニ
付ける	動詞,自立,*,*,一段,基本形,付ける,ツケル,ツケル
。	記号,句点,*,*,*,*,。,。,。
そして	接続詞,*,*,*,*,*,そして,ソシテ,ソシテ
それ	名詞,代名詞,一般,*,*,*,それ,ソレ,ソレ
を	助詞,格助詞,一般,*,*,*,を,ヲ,ヲ
，	記号,読点,*,*,*,*,，,，,，
金	名詞,一般,*,*,*,*,金,キン,キン
を	助詞,格助詞,一般,*,*,*,を,ヲ,ヲ
かぶせ	動詞,自立,*,*,一段,連用形,かぶせる,カブセ,カブセ
た	助動詞,*,*,*,特殊・タ,基本形,た,タ,タ
アカシア	名詞,一般,*,*,*,*,アカシア,アカシア,アカシア
の	助詞,連体化,*,*,*,*,の,ノ,ノ
四	名詞,数,*,*,*,*,四,ヨン,ヨン
本	名詞,接尾,助数詞,*,*,*,本,ホン,ホン
の	助詞,連体化,*,*,*,*,の,ノ,ノ
柱	名詞,一般,*,*,*,*,柱,ハシラ,ハシラ
に	助詞,格助詞,一般,*,*,*,に,ニ,ニ
掛ける	動詞,自立,*,*,一段,基本形,掛ける,カケル,カケル
よう	名詞,非自立,助動詞語幹,*,*,*,よう,ヨウ,ヨー
に	助詞,格助詞,一般,*,*,*,に,ニ,ニ
。	記号,句点,*,*,*,*,。,。,。
それら	名詞,代名詞,一般,*,*,*,それら,ソレラ,ソレラ
に	助詞,格助詞,一般,*,*,*,に,ニ,ニ
付ける	動詞,自立,*,*,一段,基本形,付ける,ツケル,ツケル
掛け	名詞,一般,*,*,*,*,掛け,カケ,カケ
かぎ	名詞,一般,*,*,*,*,かぎ,カギ,カギ
は	助詞,係助詞,*,*,*,*,は,ハ,ワ
金	名詞,一般,*,*,*,*,金,キン,キン
で	助動詞,*,*,*,特殊・ダ,連用形,だ,デ,デ
ある	助動詞,*,*,*,五段・ラ行アル,基本形,ある,アル,アル
。	記号,句点,*,*,*,*,。,。,。
それら	名詞,代名詞,一般,*,*,*,それら,ソレラ,ソレラ
は	助詞,係助詞,*,*,*,*,は,ハ,ワ
四つ	名詞,一般,*,*,*,*,四つ,ヨッツ,ヨッツ
の	助詞,連体化,*,*,*,*,の,ノ,ノ
銀	名詞,一般,*,*,*,*,銀,ギン,ギン
の	助詞,連体化,*,*,*,*,の,ノ,ノ
受け	名詞,一般,*,*,*,*,受け,ウケ,ウケ
台	名詞,接尾,一般,*,*,*,台,ダイ,ダイ
の	助詞,連体化,*,*,*,*,の,ノ,ノ
上	名詞,非自立,副詞可能,*,*,*,上,ウエ,ウエ
に	助詞,格助詞,一般,*,*,*,に,ニ,ニ
載る	動詞,自立,*,*,五段・ラ行,基本形,載る,ノル,ノル
。	記号,句点,*,*,*,*,。,。,。
そして	接続詞,*,*,*,*,*,そして,ソシテ,ソシテ
，	記号,読点,*,*,*,*,，,，,，
その	連体詞,*,*,*,*,*,その,ソノ,ソノ
垂れ幕	名詞,一般,*,*,*,*,垂れ幕,タレマク,タレマク
を	助詞,格助詞,一般,*,*,*,を,ヲ,ヲ
留め	動詞,自立,*,*,一段,連用形,留める,トメ,トメ
金	名詞,接尾,一般,*,*,*,金,キン,キン
の	助詞,連体化,*,*,*,*,の,ノ,ノ
下	名詞,一般,*,*,*,*,下,シタ,シタ
に	助詞,格助詞,一般,*,*,*,に,ニ,ニ
掛け	動詞,自立,*,*,一段,連用形,掛ける,カケ,カケ
，	記号,読点,*,*,*,*,，,，,，
証	名詞,一般,*,*,*,*,証,アカシ,アカシ
の	助詞,連体化,*,*,*,*,の,ノ,ノ
箱	名詞,一般,*,*,*,*,箱,ハコ,ハコ
を	助詞,格助詞,一般,*,*,*,を,ヲ,ヲ
そこ	名詞,代名詞,一般,*,*,*,そこ,ソコ,ソコ
へ	助詞,格助詞,一般,*,*,*,へ,ヘ,エ
，	記号,読点,*,*,*,*,，,，,，
垂れ幕	名詞,一般,*,*,*,*,垂れ幕,タレマク,タレマク
の	助詞,連体化,*,*,*,*,の,ノ,ノ
内側	名詞,一般,*,*,*,*,内側,ウチガワ,ウチガワ
へ	助詞,格助詞,一般,*,*,*,へ,ヘ,エ
携え	動詞,自立,*,*,一段,連用形,携える,タズサエ,タズサエ
入れる	動詞,自立,*,*,一段,基本形,入れる,イレル,イレル
よう	名詞,非自立,助動詞語幹,*,*,*,よう,ヨウ,ヨー
に	助詞,格助詞,一般,*,*,*,に,ニ,ニ
。	記号,句点,*,*,*,*,。,。,。
こうして	接続詞,*,*,*,*,*,こうして,コウシテ,コーシテ
その	連体詞,*,*,*,*,*,その,ソノ,ソノ
垂れ幕	名詞,一般,*,*,*,*,垂れ幕,タレマク,タレマク
は	助詞,係助詞,*,*,*,*,は,ハ,ワ
，	記号,読点,*,*,*,*,，,，,，
あなた	名詞,代名詞,一般,*,*,*,あなた,アナタ,アナタ
方	名詞,接尾,一般,*,*,*,方,カタ,カタ
の	助詞,連体化,*,*,*,*,の,ノ,ノ
ため	名詞,非自立,副詞可能,*,*,*,ため,タメ,タメ
に	助詞,格助詞,一般,*,*,*,に,ニ,ニ
聖	名詞,一般,*,*,*,*,聖,ヒジリ,ヒジリ
所	名詞,接尾,一般,*,*,*,所,ショ,ショ
と	助詞,並立助詞,*,*,*,*,と,ト,ト
至	名詞,一般,*,*,*,*,至,イタリ,イタリ
聖	名詞,一般,*,*,*,*,聖,ヒジリ,ヒジリ
所	名詞,接尾,一般,*,*,*,所,ショ,ショ
と	助詞,格助詞,一般,*,*,*,と,ト,ト
を	助詞,格助詞,一般,*,*,*,を,ヲ,ヲ
区分	名詞,サ変接続,*,*,*,*,区分,クブン,クブン
する	動詞,自立,*,*,サ変・スル,基本形,する,スル,スル
こと	名詞,非自立,一般,*,*,*,こと,コト,コト
に	助詞,格助詞,一般,*,*,*,に,ニ,ニ
なる	動詞,自立,*,*,五段・ラ行,基本形,なる,ナル,ナル
。	記号,句点,*,*,*,*,。,。,。
そして	接続詞,*,*,*,*,*,そして,ソシテ,ソシテ
あなた	名詞,代名詞,一般,*,*,*,あなた,アナタ,アナタ
は	助詞,係助詞,*,*,*,*,は,ハ,ワ
至	名詞,一般,*,*,*,*,至,イタリ,イタリ
聖	名詞,一般,*,*,*,*,聖,ヒジリ,ヒジリ
所	名詞,接尾,一般,*,*,*,所,ショ,ショ
の	助詞,連体化,*,*,*,*,の,ノ,ノ
証	名詞,一般,*,*,*,*,証,アカシ,アカシ
の	助詞,連体化,*,*,*,*,の,ノ,ノ
箱	名詞,一般,*,*,*,*,箱,ハコ,ハコ
の	助詞,連体化,*,*,*,*,の,ノ,ノ
上	名詞,非自立,副詞可能,*,*,*,上,ウエ,ウエ
に	助詞,格助詞,一般,*,*,*,に,ニ,ニ
覆い	名詞,一般,*,*,*,*,覆い,オオイ,オーイ
を	助詞,格助詞,一般,*,*,*,を,ヲ,ヲ
置か	動詞,自立,*,*,五段・カ行イ音便,未然形,置く,オカ,オカ
ね	助動詞,*,*,*,特殊・ヌ,仮定形,ぬ,ネ,ネ
ば	助詞,接続助詞,*,*,*,*,ば,バ,バ
なら	動詞,非自立,*,*,五段・ラ行,未然形,なる,ナラ,ナラ
ない	助動詞,*,*,*,特殊・ナイ,基本形,ない,ナイ,ナイ
。	記号,句点,*,*,*,*,。,。,。
「	記号,括弧開,*,*,*,*,「,「,「
そして	接続詞,*,*,*,*,*,そして,ソシテ,ソシテ
あなた	名詞,代名詞,一般,*,*,*,あなた,アナタ,アナタ
は	助詞,係助詞,*,*,*,*,は,ハ,ワ
垂れ幕	名詞,一般,*,*,*,*,垂れ幕,タレマク,タレマク
の	助詞,連体化,*,*,*,*,の,ノ,ノ
外側	名詞,一般,*,*,*,*,外側,ソトガワ,ソトガワ
に	助詞,格助詞,一般,*,*,*,に,ニ,ニ
食卓	名詞,一般,*,*,*,*,食卓,ショクタク,ショクタク
を	助詞,格助詞,一般,*,*,*,を,ヲ,ヲ
，	記号,読点,*,*,*,*,，,，,，
また	接続詞,*,*,*,*,*,また,マタ,マタ
食卓	名詞,一般,*,*,*,*,食卓,ショクタク,ショクタク
の	助詞,連体化,*,*,*,*,の,ノ,ノ
向かい	動詞,自立,*,*,五段・ワ行促音便,連用形,向かう,ムカイ,ムカイ
，	記号,読点,*,*,*,*,，,，,，
幕屋	名詞,一般,*,*,*,*,幕屋,マクヤ,マクヤ
の	助詞,連体化,*,*,*,*,の,ノ,ノ
南	名詞,一般,*,*,*,*,南,ミナミ,ミナミ
の	助詞,連体化,*,*,*,*,の,ノ,ノ
ほう	名詞,非自立,一般,*,*,*,ほう,ホウ,ホー
の	助詞,連体化,*,*,*,*,の,ノ,ノ
側	名詞,一般,*,*,*,*,側,ガワ,ガワ
に	助詞,格助詞,一般,*,*,*,に,ニ,ニ
燭台	名詞,一般,*,*,*,*,燭台,ショクダイ,ショクダイ
を	助詞,格助詞,一般,*,*,*,を,ヲ,ヲ
据え	動詞,自立,*,*,一段,未然形,据える,スエ,スエ
ね	助動詞,*,*,*,特殊・ヌ,仮定形,ぬ,ネ,ネ
ば	助詞,接続助詞,*,*,*,*,ば,バ,バ
なら	動詞,非自立,*,*,五段・ラ行,未然形,なる,ナラ,ナラ
ない	助動詞,*,*,*,特殊・ナイ,基本形,ない,ナイ,ナイ
。	記号,句点,*,*,*,*,。,。,。
その	連体詞,*,*,*,*,*,その,ソノ,ソノ
食卓	名詞,一般,*,*,*,*,食卓,ショクタク,ショクタク
は	助詞,係助詞,*,*,*,*,は,ハ,ワ
北側	名詞,一般,*,*,*,*,北側,キタガワ,キタガワ
に	助詞,格助詞,一般,*,*,*,に,ニ,ニ
置く	動詞,自立,*,*,五段・カ行イ音便,基本形,置く,オク,オク
。	記号,句点,*,*,*,*,。,。,。
また	接続詞,*,*,*,*,*,また,マタ,マタ
，	記号,読点,*,*,*,*,，,，,，
天幕	名詞,一般,*,*,*,*,天幕,テンマク,テンマク
の	助詞,連体化,*,*,*,*,の,ノ,ノ
入口	名詞,一般,*,*,*,*,入口,イリグチ,イリグチ
の	助詞,連体化,*,*,*,*,の,ノ,ノ
ため	名詞,非自立,副詞可能,*,*,*,ため,タメ,タメ
に	助詞,格助詞,一般,*,*,*,に,ニ,ニ
，	記号,読点,*,*,*,*,，,，,，
青	名詞,一般,*,*,*,*,青,アオ,アオ
糸	名詞,接尾,一般,*,*,*,糸,イト,イト
，	記号,読点,*,*,*,*,，,，,，
赤	名詞,一般,*,*,*,*,赤,アカ,アカ
紫	名詞,一般,*,*,*,*,紫,ムラサキ,ムラサキ
に	助詞,格助詞,一般,*,*,*,に,ニ,ニ
染め	動詞,自立,*,*,一段,連用形,染める,ソメ,ソメ
た	助動詞,*,*,*,特殊・タ,基本形,た,タ,タ
羊毛	名詞,一般,*,*,*,*,羊毛,ヨウモウ,ヨーモー
，	記号,読点,*,*,*,*,，,，,，
えんじ	動詞,自立,*,*,一段,連用形,えんじる,エンジ,エンジ
むし	名詞,一般,*,*,*,*,むし,ムシ,ムシ
緋色	名詞,一般,*,*,*,*,緋色,ヒイロ,ヒイロ
の	助詞,連体化,*,*,*,*,の,ノ,ノ
物	名詞,非自立,一般,*,*,*,物,モノ,モノ
，	記号,読点,*,*,*,*,，,，,，
上等	名詞,一般,*,*,*,*,上等,ジョウトウ,ジョートー
の	名詞,非自立,一般,*,*,*,の,ノ,ノ
より	助詞,格助詞,一般,*,*,*,より,ヨリ,ヨリ
亜麻	名詞,一般,*,*,*,*,亜麻,アマ,アマ
で	助詞,格助詞,一般,*,*,*,で,デ,デ
仕切り	名詞,一般,*,*,*,*,仕切り,シキリ,シキリ
幕	名詞,一般,*,*,*,*,幕,マク,マク
を	助詞,格助詞,一般,*,*,*,を,ヲ,ヲ
造る	動詞,自立,*,*,五段・ラ行,基本形,造る,ツクル,ツクル
よう	名詞,非自立,助動詞語幹,*,*,*,よう,ヨウ,ヨー
に	助詞,格助詞,一般,*,*,*,に,ニ,ニ
。	記号,句点,*,*,*,*,。,。,。
織物	名詞,一般,*,*,*,*,織物,オリモノ,オリモノ
師	名詞,接尾,一般,*,*,*,師,シ,シ
の	助詞,連体化,*,*,*,*,の,ノ,ノ
仕事	名詞,サ変接続,*,*,*,*,仕事,シゴト,シゴト
で	助動詞,*,*,*,特殊・ダ,連用形,だ,デ,デ
ある	助動詞,*,*,*,五段・ラ行アル,基本形,ある,アル,アル
。	記号,句点,*,*,*,*,。,。,。
そして	接続詞,*,*,*,*,*,そして,ソシテ,ソシテ
，	記号,読点,*,*,*,*,，,，,，
その	連体詞,*,*,*,*,*,その,ソノ,ソノ
仕切り	名詞,一般,*,*,*,*,仕切り,シキリ,シキリ
幕	名詞,一般,*,*,*,*,幕,マク,マク
の	助詞,連体化,*,*,*,*,の,ノ,ノ
ため	名詞,非自立,副詞可能,*,*,*,ため,タメ,タメ
に	助詞,格助詞,一般,*,*,*,に,ニ,ニ
アカシア	名詞,一般,*,*,*,*,アカシア,アカシア,アカシア
の	助詞,連体化,*,*,*,*,の,ノ,ノ
柱	名詞,一般,*,*,*,*,柱,ハシラ,ハシラ
五	名詞,数,*,*,*,*,五,ゴ,ゴ
本	名詞,接尾,助数詞,*,*,*,本,ホン,ホン
を	助詞,格助詞,一般,*,*,*,を,ヲ,ヲ
造り	動詞,自立,*,*,五段・ラ行,連用形,造る,ツクリ,ツクリ
，	記号,読点,*,*,*,*,，,，,，
それ	名詞,代名詞,一般,*,*,*,それ,ソレ,ソレ
に	助詞,格助詞,一般,*,*,*,に,ニ,ニ
金	名詞,一般,*,*,*,*,金,キン,キン
を	助詞,格助詞,一般,*,*,*,を,ヲ,ヲ
かぶせる	動詞,自立,*,*,一段,基本形,かぶせる,カブセル,カブセル
よう	名詞,非自立,助動詞語幹,*,*,*,よう,ヨウ,ヨー
に	助詞,格助詞,一般,*,*,*,に,ニ,ニ
。	記号,句点,*,*,*,*,。,。,。
その	連体詞,*,*,*,*,*,その,ソノ,ソノ
掛け	動詞,自立,*,*,一段,連用形,掛ける,カケ,カケ
かぎ	名詞,一般,*,*,*,*,かぎ,カギ,カギ
は	助詞,係助詞,*,*,*,*,は,ハ,ワ
金	名詞,一般,*,*,*,*,金,キン,キン
で	助動詞,*,*,*,特殊・ダ,連用形,だ,デ,デ
ある	助動詞,*,*,*,五段・ラ行アル,基本形,ある,アル,アル
。	記号,句点,*,*,*,*,。,。,。
また	接続詞,*,*,*,*,*,また,マタ,マタ
，	記号,読点,*,*,*,*,，,，,，
それら	名詞,代名詞,一般,*,*,*,それら,ソレラ,ソレラ
の	助詞,連体化,*,*,*,*,の,ノ,ノ
ため	名詞,非自立,副詞可能,*,*,*,ため,タメ,タメ
に	助詞,格助詞,一般,*,*,*,に,ニ,ニ
銅	名詞,一般,*,*,*,*,銅,ドウ,ドー
の	助詞,連体化,*,*,*,*,の,ノ,ノ
受け	名詞,一般,*,*,*,*,受け,ウケ,ウケ
台	名詞,接尾,一般,*,*,*,台,ダイ,ダイ
五つ	名詞,一般,*,*,*,*,五つ,イツツ,イツツ
を	助詞,格助詞,一般,*,*,*,を,ヲ,ヲ
鋳造	名詞,サ変接続,*,*,*,*,鋳造,チュウゾウ,チューゾー
する	動詞,自立,*,*,サ変・スル,基本形,する,スル,スル
よう	名詞,非自立,助動詞語幹,*,*,*,よう,ヨウ,ヨー
に	助詞,格助詞,一般,*,*,*,に,ニ,ニ
。	記号,句点,*,*,*,*,。,。,。
EOS
