懲らしめ	動詞,自立,*,*,一段,連用形,懲らしめる,コラシメ,コラシメ
を	助詞,格助詞,一般,*,*,*,を,ヲ,ヲ
愛する	動詞,自立,*,*,サ変・−スル,基本形,愛する,アイスル,アイスル
者	名詞,非自立,一般,*,*,*,者,モノ,モノ
は	助詞,係助詞,*,*,*,*,は,ハ,ワ
知識	名詞,一般,*,*,*,*,知識,チシキ,チシキ
を	助詞,格助詞,一般,*,*,*,を,ヲ,ヲ
愛する	動詞,自立,*,*,サ変・−スル,基本形,愛する,アイスル,アイスル
者	名詞,非自立,一般,*,*,*,者,モノ,モノ
で	助動詞,*,*,*,特殊・ダ,連用形,だ,デ,デ
あり	助動詞,*,*,*,五段・ラ行アル,連用形,ある,アリ,アリ
，	記号,読点,*,*,*,*,，,，,，
戒め	名詞,一般,*,*,*,*,戒め,イマシメ,イマシメ
を	助詞,格助詞,一般,*,*,*,を,ヲ,ヲ
憎む	動詞,自立,*,*,五段・マ行,基本形,憎む,ニクム,ニクム
者	名詞,非自立,一般,*,*,*,者,モノ,モノ
は	助詞,係助詞,*,*,*,*,は,ハ,ワ
道理	名詞,一般,*,*,*,*,道理,ドウリ,ドーリ
を	助詞,格助詞,一般,*,*,*,を,ヲ,ヲ
わきまえ	動詞,自立,*,*,一段,連用形,わきまえる,ワキマエ,ワキマエ
て	助詞,接続助詞,*,*,*,*,て,テ,テ
い	動詞,非自立,*,*,一段,未然形,いる,イ,イ
ない	助動詞,*,*,*,特殊・ナイ,基本形,ない,ナイ,ナイ
。	記号,句点,*,*,*,*,。,。,。
善良	名詞,形容動詞語幹,*,*,*,*,善良,ゼンリョウ,ゼンリョー
な	助動詞,*,*,*,特殊・ダ,体言接続,だ,ナ,ナ
者	名詞,非自立,一般,*,*,*,者,モノ,モノ
は	助詞,係助詞,*,*,*,*,は,ハ,ワ
エホバ	名詞,一般,*,*,*,*,エホバ,エホバ,エホバ
から	助詞,格助詞,一般,*,*,*,から,カラ,カラ
是認	名詞,サ変接続,*,*,*,*,是認,ゼニン,ゼニン
を	助詞,格助詞,一般,*,*,*,を,ヲ,ヲ
受け	動詞,自立,*,*,一段,連用形,受ける,ウケ,ウケ
，	記号,読点,*,*,*,*,，,，,，
[	名詞,サ変接続,*,*,*,*,*
邪悪	名詞,形容動詞語幹,*,*,*,*,邪悪,ジャアク,ジャアク
な	助動詞,*,*,*,特殊・ダ,体言接続,だ,ナ,ナ
]	名詞,サ変接続,*,*,*,*,*
考え	名詞,一般,*,*,*,*,考え,カンガエ,カンガエ
を	助詞,格助詞,一般,*,*,*,を,ヲ,ヲ
抱く	動詞,自立,*,*,五段・カ行イ音便,基本形,抱く,イダク,イダク
人	名詞,一般,*,*,*,*,人,ヒト,ヒト
，[	名詞,サ変接続,*,*,*,*,*
神	名詞,接尾,一般,*,*,*,神,シン,シン
]	名詞,サ変接続,*,*,*,*,*
は	助詞,係助詞,*,*,*,*,は,ハ,ワ
[	名詞,サ変接続,*,*,*,*,*
その	連体詞,*,*,*,*,*,その,ソノ,ソノ
人	名詞,一般,*,*,*,*,人,ヒト,ヒト
を	助詞,格助詞,一般,*,*,*,を,ヲ,ヲ
]	名詞,サ変接続,*,*,*,*,*
邪悪	名詞,形容動詞語幹,*,*,*,*,邪悪,ジャアク,ジャアク
で	助動詞,*,*,*,特殊・ダ,連用形,だ,デ,デ
ある	助動詞,*,*,*,五段・ラ行アル,基本形,ある,アル,アル
と	助詞,格助詞,引用,*,*,*,と,ト,ト
宣告	名詞,サ変接続,*,*,*,*,宣告,センコク,センコク
さ	動詞,自立,*,*,サ変・スル,未然レル接続,する,サ,サ
れる	動詞,接尾,*,*,一段,基本形,れる,レル,レル
。	記号,句点,*,*,*,*,。,。,。
邪悪	名詞,形容動詞語幹,*,*,*,*,邪悪,ジャアク,ジャアク
さ	名詞,接尾,特殊,*,*,*,さ,サ,サ
によって	助詞,格助詞,連語,*,*,*,によって,ニヨッテ,ニヨッテ
堅く	形容詞,自立,*,*,形容詞・アウオ段,連用テ接続,堅い,カタク,カタク
立て	動詞,自立,*,*,一段,未然形,立てる,タテ,タテ
られる	動詞,接尾,*,*,一段,基本形,られる,ラレル,ラレル
者	名詞,非自立,一般,*,*,*,者,モノ,モノ
は	助詞,係助詞,*,*,*,*,は,ハ,ワ
だれ	名詞,代名詞,一般,*,*,*,だれ,ダレ,ダレ
も	助詞,係助詞,*,*,*,*,も,モ,モ
い	動詞,自立,*,*,一段,未然形,いる,イ,イ
ない	助動詞,*,*,*,特殊・ナイ,基本形,ない,ナイ,ナイ
。	記号,句点,*,*,*,*,。,。,。
しかし	接続詞,*,*,*,*,*,しかし,シカシ,シカシ
義	名詞,形容動詞語幹,*,*,*,*,義,ギ,ギ
なる	助動詞,*,*,*,文語・ナリ,体言接続,なり,ナル,ナル
者	名詞,一般,*,*,*,*,者,モノ,モノ
たち	名詞,接尾,一般,*,*,*,たち,タチ,タチ
の	助詞,連体化,*,*,*,*,の,ノ,ノ
根	名詞,一般,*,*,*,*,根,ネ,ネ
，	記号,読点,*,*,*,*,，,，,，
それ	名詞,代名詞,一般,*,*,*,それ,ソレ,ソレ
は	助詞,係助詞,*,*,*,*,は,ハ,ワ
よろめか	動詞,自立,*,*,五段・カ行イ音便,未然形,よろめく,ヨロメカ,ヨロメカ
さ	動詞,接尾,*,*,五段・サ行,未然形,す,サ,サ
れる	動詞,接尾,*,*,一段,基本形,れる,レル,レル
こと	名詞,非自立,一般,*,*,*,こと,コト,コト
が	助詞,格助詞,一般,*,*,*,が,ガ,ガ
ない	形容詞,自立,*,*,形容詞・アウオ段,基本形,ない,ナイ,ナイ
。	記号,句点,*,*,*,*,。,。,。
有能	名詞,形容動詞語幹,*,*,*,*,有能,ユウノウ,ユーノー
な	助動詞,*,*,*,特殊・ダ,体言接続,だ,ナ,ナ
妻	名詞,一般,*,*,*,*,妻,ツマ,ツマ
は	助詞,係助詞,*,*,*,*,は,ハ,ワ
これ	名詞,代名詞,一般,*,*,*,これ,コレ,コレ
を	助詞,格助詞,一般,*,*,*,を,ヲ,ヲ
所有	名詞,サ変接続,*,*,*,*,所有,ショユウ,ショユー
する	動詞,自立,*,*,サ変・スル,基本形,する,スル,スル
者	名詞,非自立,一般,*,*,*,者,モノ,モノ
にとって	助詞,格助詞,連語,*,*,*,にとって,ニトッテ,ニトッテ
の	助詞,連体化,*,*,*,*,の,ノ,ノ
冠	名詞,一般,*,*,*,*,冠,カンムリ,カンムリ
で	助動詞,*,*,*,特殊・ダ,連用形,だ,デ,デ
あり	助動詞,*,*,*,五段・ラ行アル,連用形,ある,アリ,アリ
，	記号,読点,*,*,*,*,，,，,，
恥ず	動詞,自立,*,*,上二・ダ行,現代基本形,恥づ,ハズ,ハズ
べき	助動詞,*,*,*,文語・ベシ,体言接続,べし,ベキ,ベキ
行ない	動詞,自立,*,*,五段・ワ行促音便,連用形,行なう,オコナイ,オコナイ
を	助詞,格助詞,一般,*,*,*,を,ヲ,ヲ
する	動詞,自立,*,*,サ変・スル,基本形,する,スル,スル
女	名詞,一般,*,*,*,*,女,オンナ,オンナ
は	助詞,係助詞,*,*,*,*,は,ハ,ワ
[	名詞,サ変接続,*,*,*,*,*
夫	名詞,一般,*,*,*,*,夫,オット,オット
]	名詞,サ変接続,*,*,*,*,*
の	助詞,連体化,*,*,*,*,の,ノ,ノ
骨	名詞,一般,*,*,*,*,骨,ホネ,ホネ
の	助詞,連体化,*,*,*,*,の,ノ,ノ
腐れ	名詞,一般,*,*,*,*,腐れ,クサレ,クサレ
の	助詞,連体化,*,*,*,*,の,ノ,ノ
よう	名詞,非自立,助動詞語幹,*,*,*,よう,ヨウ,ヨー
だ	助動詞,*,*,*,特殊・ダ,基本形,だ,ダ,ダ
。	記号,句点,*,*,*,*,。,。,。
義	名詞,形容動詞語幹,*,*,*,*,義,ギ,ギ
なる	助動詞,*,*,*,文語・ナリ,体言接続,なり,ナル,ナル
者	名詞,一般,*,*,*,*,者,モノ,モノ
たち	名詞,接尾,一般,*,*,*,たち,タチ,タチ
の	助詞,連体化,*,*,*,*,の,ノ,ノ
考え	名詞,一般,*,*,*,*,考え,カンガエ,カンガエ
は	助詞,係助詞,*,*,*,*,は,ハ,ワ
裁き	名詞,一般,*,*,*,*,裁き,サバキ,サバキ
で	助動詞,*,*,*,特殊・ダ,連用形,だ,デ,デ
あり	助動詞,*,*,*,五段・ラ行アル,連用形,ある,アリ,アリ
，	記号,読点,*,*,*,*,，,，,，
邪悪	名詞,形容動詞語幹,*,*,*,*,邪悪,ジャアク,ジャアク
な	助動詞,*,*,*,特殊・ダ,体言接続,だ,ナ,ナ
者	名詞,一般,*,*,*,*,者,モノ,モノ
たち	名詞,接尾,一般,*,*,*,たち,タチ,タチ
による	助詞,格助詞,連語,*,*,*,による,ニヨル,ニヨル
舵取り	名詞,一般,*,*,*,*,舵取り,カジトリ,カジトリ
は	助詞,係助詞,*,*,*,*,は,ハ,ワ
欺き	動詞,自立,*,*,五段・カ行イ音便,連用形,欺く,アザムキ,アザムキ
で	助動詞,*,*,*,特殊・ダ,連用形,だ,デ,デ
ある	助動詞,*,*,*,五段・ラ行アル,基本形,ある,アル,アル
。	記号,句点,*,*,*,*,。,。,。
邪悪	名詞,形容動詞語幹,*,*,*,*,邪悪,ジャアク,ジャアク
な	助動詞,*,*,*,特殊・ダ,体言接続,だ,ナ,ナ
者	名詞,一般,*,*,*,*,者,モノ,モノ
たち	名詞,接尾,一般,*,*,*,たち,タチ,タチ
の	助詞,連体化,*,*,*,*,の,ノ,ノ
言葉	名詞,一般,*,*,*,*,言葉,コトバ,コトバ
は	助詞,係助詞,*,*,*,*,は,ハ,ワ
血	名詞,一般,*,*,*,*,血,チ,チ
を	助詞,格助詞,一般,*,*,*,を,ヲ,ヲ
[	名詞,サ変接続,*,*,*,*,*
流す	動詞,自立,*,*,五段・サ行,基本形,流す,ナガス,ナガス
ため	名詞,非自立,副詞可能,*,*,*,ため,タメ,タメ
に	助詞,格助詞,一般,*,*,*,に,ニ,ニ
]	名詞,サ変接続,*,*,*,*,*
待ち伏せ	名詞,一般,*,*,*,*,待ち伏せ,マチブセ,マチブセ
し	動詞,自立,*,*,サ変・スル,連用形,する,シ,シ
て	助詞,接続助詞,*,*,*,*,て,テ,テ
いる	動詞,非自立,*,*,一段,基本形,いる,イル,イル
。	記号,句点,*,*,*,*,。,。,。
しかし	接続詞,*,*,*,*,*,しかし,シカシ,シカシ
，	記号,読点,*,*,*,*,，,，,，
廉直	名詞,形容動詞語幹,*,*,*,*,廉直,レンチョク,レンチョク
な	助動詞,*,*,*,特殊・ダ,体言接続,だ,ナ,ナ
者	名詞,一般,*,*,*,*,者,モノ,モノ
たち	名詞,接尾,一般,*,*,*,たち,タチ,タチ
の	助詞,連体化,*,*,*,*,の,ノ,ノ
口	名詞,一般,*,*,*,*,口,クチ,クチ
は	助詞,係助詞,*,*,*,*,は,ハ,ワ
彼ら	名詞,代名詞,一般,*,*,*,彼ら,カレラ,カレラ
を	助詞,格助詞,一般,*,*,*,を,ヲ,ヲ
救い出す	動詞,自立,*,*,五段・サ行,基本形,救い出す,スクイダス,スクイダス
もの	名詞,非自立,一般,*,*,*,もの,モノ,モノ
と	助詞,格助詞,一般,*,*,*,と,ト,ト
なる	動詞,自立,*,*,五段・ラ行,基本形,なる,ナル,ナル
。	記号,句点,*,*,*,*,。,。,。
邪悪	名詞,形容動詞語幹,*,*,*,*,邪悪,ジャアク,ジャアク
な	助動詞,*,*,*,特殊・ダ,体言接続,だ,ナ,ナ
者	名詞,一般,*,*,*,*,者,モノ,モノ
たち	名詞,接尾,一般,*,*,*,たち,タチ,タチ
は	助詞,係助詞,*,*,*,*,は,ハ,ワ
覆さ	動詞,自立,*,*,五段・サ行,未然形,覆す,クツガエサ,クツガエサ
れ	動詞,接尾,*,*,一段,連用形,れる,レ,レ
て	助詞,接続助詞,*,*,*,*,て,テ,テ
，	記号,読点,*,*,*,*,，,，,，
い	動詞,自立,*,*,一段,未然形,いる,イ,イ
なく	助動詞,*,*,*,特殊・ナイ,連用テ接続,ない,ナク,ナク
なる	動詞,自立,*,*,五段・ラ行,基本形,なる,ナル,ナル
。	記号,句点,*,*,*,*,。,。,。
しかし	接続詞,*,*,*,*,*,しかし,シカシ,シカシ
，	記号,読点,*,*,*,*,，,，,，
義	名詞,形容動詞語幹,*,*,*,*,義,ギ,ギ
なる	助動詞,*,*,*,文語・ナリ,体言接続,なり,ナル,ナル
者	名詞,一般,*,*,*,*,者,モノ,モノ
たち	名詞,接尾,一般,*,*,*,たち,タチ,タチ
の	助詞,連体化,*,*,*,*,の,ノ,ノ
家	名詞,一般,*,*,*,*,家,イエ,イエ
は	助詞,係助詞,*,*,*,*,は,ハ,ワ
立ち	動詞,自立,*,*,五段・タ行,連用形,立つ,タチ,タチ
つづける	動詞,非自立,*,*,一段,基本形,つづける,ツヅケル,ツズケル
。	記号,句点,*,*,*,*,。,。,。
思慮	名詞,一般,*,*,*,*,思慮,シリョ,シリョ
ある	動詞,自立,*,*,五段・ラ行,基本形,ある,アル,アル
口	名詞,一般,*,*,*,*,口,クチ,クチ
の	助詞,連体化,*,*,*,*,の,ノ,ノ
ゆえ	名詞,非自立,副詞可能,*,*,*,ゆえ,ユエ,ユエ
に	助詞,格助詞,一般,*,*,*,に,ニ,ニ
人	名詞,一般,*,*,*,*,人,ヒト,ヒト
は	助詞,係助詞,*,*,*,*,は,ハ,ワ
称賛	名詞,サ変接続,*,*,*,*,称賛,ショウサン,ショーサン
を	助詞,格助詞,一般,*,*,*,を,ヲ,ヲ
受け	動詞,自立,*,*,一段,連用形,受ける,ウケ,ウケ
，	記号,読点,*,*,*,*,，,，,，
心	名詞,一般,*,*,*,*,心,ココロ,ココロ
の	助詞,連体化,*,*,*,*,の,ノ,ノ
ねじけ	動詞,自立,*,*,一段,連用形,ねじける,ネジケ,ネジケ
て	助詞,接続助詞,*,*,*,*,て,テ,テ
いる	動詞,非自立,*,*,一段,基本形,いる,イル,イル
者	名詞,非自立,一般,*,*,*,者,モノ,モノ
は	助詞,係助詞,*,*,*,*,は,ハ,ワ
侮べつ	名詞,サ変接続,*,*,*,*,侮べつ,ブベツ,ブベツ
の	助詞,連体化,*,*,*,*,の,ノ,ノ
[	名詞,サ変接続,*,*,*,*,*
対象	名詞,一般,*,*,*,*,対象,タイショウ,タイショー
]	名詞,サ変接続,*,*,*,*,*
と	助詞,格助詞,一般,*,*,*,と,ト,ト
なる	動詞,自立,*,*,五段・ラ行,基本形,なる,ナル,ナル
。	記号,句点,*,*,*,*,。,。,。
[	名詞,サ変接続,*,*,*,*,*
人	名詞,接尾,一般,*,*,*,人,ジン,ジン
に	助詞,格助詞,一般,*,*,*,に,ニ,ニ
]	名詞,サ変接続,*,*,*,*,*
軽	形容詞,自立,*,*,形容詞・アウオ段,ガル接続,軽い,カル,カル
ん	名詞,非自立,一般,*,*,*,ん,ン,ン
じ	助動詞,*,*,*,不変化型,基本形,じ,ジ,ジ
られ	動詞,接尾,*,*,一段,連用形,られる,ラレ,ラレ
て	助詞,接続助詞,*,*,*,*,て,テ,テ
は	助詞,係助詞,*,*,*,*,は,ハ,ワ
い	動詞,自立,*,*,一段,連用形,いる,イ,イ
て	助詞,接続助詞,*,*,*,*,て,テ,テ
も	助詞,係助詞,*,*,*,*,も,モ,モ
僕	名詞,代名詞,一般,*,*,*,僕,ボク,ボク
を	助詞,格助詞,一般,*,*,*,を,ヲ,ヲ
置い	動詞,自立,*,*,五段・カ行イ音便,連用タ接続,置く,オイ,オイ
て	助詞,接続助詞,*,*,*,*,て,テ,テ
いる	動詞,非自立,*,*,一段,基本形,いる,イル,イル
者	名詞,非自立,一般,*,*,*,者,モノ,モノ
は	助詞,係助詞,*,*,*,*,は,ハ,ワ
，	記号,読点,*,*,*,*,，,，,，
自分	名詞,一般,*,*,*,*,自分,ジブン,ジブン
の	助詞,連体化,*,*,*,*,の,ノ,ノ
栄光	名詞,一般,*,*,*,*,栄光,エイコウ,エイコー
を	助詞,格助詞,一般,*,*,*,を,ヲ,ヲ
たたえ	動詞,自立,*,*,一段,連用形,たたえる,タタエ,タタエ
ながら	助詞,接続助詞,*,*,*,*,ながら,ナガラ,ナガラ
も	助詞,係助詞,*,*,*,*,も,モ,モ
パン	名詞,一般,*,*,*,*,パン,パン,パン
に	助詞,格助詞,一般,*,*,*,に,ニ,ニ
窮乏	名詞,サ変接続,*,*,*,*,窮乏,キュウボウ,キューボー
する	動詞,自立,*,*,サ変・スル,基本形,する,スル,スル
者	名詞,非自立,一般,*,*,*,者,モノ,モノ
に	助詞,格助詞,一般,*,*,*,に,ニ,ニ
勝る	動詞,自立,*,*,五段・ラ行,基本形,勝る,マサル,マサル
。	記号,句点,*,*,*,*,。,。,。
義	名詞,形容動詞語幹,*,*,*,*,義,ギ,ギ
なる	助動詞,*,*,*,文語・ナリ,体言接続,なり,ナル,ナル
者	名詞,非自立,一般,*,*,*,者,モノ,モノ
は	助詞,係助詞,*,*,*,*,は,ハ,ワ
その	連体詞,*,*,*,*,*,その,ソノ,ソノ
家畜	名詞,一般,*,*,*,*,家畜,カチク,カチク
の	助詞,連体化,*,*,*,*,の,ノ,ノ
魂	名詞,一般,*,*,*,*,魂,タマシイ,タマシー
を	助詞,格助詞,一般,*,*,*,を,ヲ,ヲ
気遣っ	動詞,自立,*,*,五段・ワ行促音便,連用タ接続,気遣う,キヅカッ,キズカッ
て	助詞,接続助詞,*,*,*,*,て,テ,テ
いる	動詞,非自立,*,*,一段,基本形,いる,イル,イル
。	記号,句点,*,*,*,*,。,。,。
しかし	接続詞,*,*,*,*,*,しかし,シカシ,シカシ
，	記号,読点,*,*,*,*,，,，,，
邪悪	名詞,形容動詞語幹,*,*,*,*,邪悪,ジャアク,ジャアク
な	助動詞,*,*,*,特殊・ダ,体言接続,だ,ナ,ナ
者	名詞,一般,*,*,*,*,者,モノ,モノ
たち	名詞,接尾,一般,*,*,*,たち,タチ,タチ
の	助詞,連体化,*,*,*,*,の,ノ,ノ
憐れみ	動詞,自立,*,*,五段・マ行,連用形,憐れむ,アワレミ,アワレミ
は	助詞,係助詞,*,*,*,*,は,ハ,ワ
残酷	名詞,形容動詞語幹,*,*,*,*,残酷,ザンコク,ザンコク
で	助動詞,*,*,*,特殊・ダ,連用形,だ,デ,デ
ある	助動詞,*,*,*,五段・ラ行アル,基本形,ある,アル,アル
。	記号,句点,*,*,*,*,。,。,。
自分	名詞,一般,*,*,*,*,自分,ジブン,ジブン
の	助詞,連体化,*,*,*,*,の,ノ,ノ
土地	名詞,一般,*,*,*,*,土地,トチ,トチ
を	助詞,格助詞,一般,*,*,*,を,ヲ,ヲ
耕す	動詞,自立,*,*,五段・サ行,基本形,耕す,タガヤス,タガヤス
者	名詞,非自立,一般,*,*,*,者,モノ,モノ
は	助詞,係助詞,*,*,*,*,は,ハ,ワ
自ら	名詞,副詞可能,*,*,*,*,自ら,ミズカラ,ミズカラ
パン	名詞,一般,*,*,*,*,パン,パン,パン
に	助詞,格助詞,一般,*,*,*,に,ニ,ニ
満ち足り	動詞,自立,*,*,一段,連用形,満ち足りる,ミチタリ,ミチタリ
，	記号,読点,*,*,*,*,，,，,，
無	接頭詞,名詞接続,*,*,*,*,無,ム,ム
価値	名詞,一般,*,*,*,*,価値,カチ,カチ
な	助動詞,*,*,*,特殊・ダ,体言接続,だ,ナ,ナ
もの	名詞,非自立,一般,*,*,*,もの,モノ,モノ
を	助詞,格助詞,一般,*,*,*,を,ヲ,ヲ
追い求める	動詞,自立,*,*,一段,基本形,追い求める,オイモトメル,オイモトメル
者	名詞,非自立,一般,*,*,*,者,モノ,モノ
は	助詞,係助詞,*,*,*,*,は,ハ,ワ
心	名詞,一般,*,*,*,*,心,ココロ,ココロ
に	助詞,格助詞,一般,*,*,*,に,ニ,ニ
欠け	動詞,自立,*,*,一段,連用形,欠ける,カケ,カケ
て	助詞,接続助詞,*,*,*,*,て,テ,テ
いる	動詞,非自立,*,*,一段,基本形,いる,イル,イル
。	記号,句点,*,*,*,*,。,。,。
邪悪	名詞,形容動詞語幹,*,*,*,*,邪悪,ジャアク,ジャアク
な	助動詞,*,*,*,特殊・ダ,体言接続,だ,ナ,ナ
者	名詞,非自立,一般,*,*,*,者,モノ,モノ
は	助詞,係助詞,*,*,*,*,は,ハ,ワ
悪人	名詞,一般,*,*,*,*,悪人,アクニン,アクニン
の	助詞,連体化,*,*,*,*,の,ノ,ノ
網	名詞,一般,*,*,*,*,網,アミ,アミ
の	助詞,連体化,*,*,*,*,の,ノ,ノ
えじき	名詞,一般,*,*,*,*,えじき,エジキ,エジキ
と	助詞,格助詞,一般,*,*,*,と,ト,ト
なっ	動詞,自立,*,*,五段・ラ行,連用タ接続,なる,ナッ,ナッ
た	助動詞,*,*,*,特殊・タ,基本形,た,タ,タ
もの	名詞,非自立,一般,*,*,*,もの,モノ,モノ
を	助詞,格助詞,一般,*,*,*,を,ヲ,ヲ
欲	名詞,サ変接続,*,*,*,*,欲,ホッ,ホッ
し	動詞,自立,*,*,サ変・スル,連用形,する,シ,シ
た	助動詞,*,*,*,特殊・タ,基本形,た,タ,タ
。	記号,句点,*,*,*,*,。,。,。
しかし	接続詞,*,*,*,*,*,しかし,シカシ,シカシ
，	記号,読点,*,*,*,*,，,，,，
義	名詞,形容動詞語幹,*,*,*,*,義,ギ,ギ
なる	助動詞,*,*,*,文語・ナリ,体言接続,なり,ナル,ナル
者	名詞,一般,*,*,*,*,者,モノ,モノ
たち	名詞,接尾,一般,*,*,*,たち,タチ,タチ
の	助詞,連体化,*,*,*,*,の,ノ,ノ
根	名詞,一般,*,*,*,*,根,ネ,ネ
は	助詞,係助詞,*,*,*,*,は,ハ,ワ
[	名詞,サ変接続,*,*,*,*,*
作物	名詞,一般,*,*,*,*,作物,サクモツ,サクモツ
]	名詞,サ変接続,*,*,*,*,*
を	助詞,格助詞,一般,*,*,*,を,ヲ,ヲ
産	名詞,一般,*,*,*,*,産,サン,サン
する	動詞,自立,*,*,サ変・スル,基本形,する,スル,スル
。	記号,句点,*,*,*,*,。,。,。
唇	名詞,一般,*,*,*,*,唇,クチビル,クチビル
の	助詞,連体化,*,*,*,*,の,ノ,ノ
違犯	名詞,サ変接続,*,*,*,*,違犯,イハン,イハン
によって	助詞,格助詞,連語,*,*,*,によって,ニヨッテ,ニヨッテ
悪人	名詞,一般,*,*,*,*,悪人,アクニン,アクニン
は	助詞,係助詞,*,*,*,*,は,ハ,ワ
わな	名詞,一般,*,*,*,*,わな,ワナ,ワナ
に	助詞,格助詞,一般,*,*,*,に,ニ,ニ
掛かる	動詞,自立,*,*,五段・ラ行,基本形,掛かる,カカル,カカル
。	記号,句点,*,*,*,*,。,。,。
しかし	接続詞,*,*,*,*,*,しかし,シカシ,シカシ
，	記号,読点,*,*,*,*,，,，,，
義	名詞,形容動詞語幹,*,*,*,*,義,ギ,ギ
なる	助動詞,*,*,*,文語・ナリ,体言接続,なり,ナル,ナル
者	名詞,一般,*,*,*,*,者,モノ,モノ
たち	名詞,接尾,一般,*,*,*,たち,タチ,タチ
は	助詞,係助詞,*,*,*,*,は,ハ,ワ
苦難	名詞,サ変接続,*,*,*,*,苦難,クナン,クナン
から	助詞,格助詞,一般,*,*,*,から,カラ,カラ
抜け出る	動詞,自立,*,*,一段,基本形,抜け出る,ヌケデル,ヌケデル
。	記号,句点,*,*,*,*,。,。,。
人	名詞,一般,*,*,*,*,人,ヒト,ヒト
は	助詞,係助詞,*,*,*,*,は,ハ,ワ
その	連体詞,*,*,*,*,*,その,ソノ,ソノ
口	名詞,一般,*,*,*,*,口,クチ,クチ
の	助詞,連体化,*,*,*,*,の,ノ,ノ
実に	副詞,一般,*,*,*,*,実に,ジツニ,ジツニ
よっ	動詞,自立,*,*,五段・ラ行,連用タ接続,よる,ヨッ,ヨッ
て	助詞,接続助詞,*,*,*,*,て,テ,テ
良い	形容詞,非自立,*,*,形容詞・アウオ段,基本形,良い,ヨイ,ヨイ
もの	名詞,非自立,一般,*,*,*,もの,モノ,モノ
に	助詞,格助詞,一般,*,*,*,に,ニ,ニ
満ち足り	動詞,自立,*,*,一段,連用形,満ち足りる,ミチタリ,ミチタリ
，	名詞,数,*,*,*,*,，,，,，
人	名詞,接尾,助数詞,*,*,*,人,ニン,ニン
の	助詞,連体化,*,*,*,*,の,ノ,ノ
手	名詞,一般,*,*,*,*,手,テ,テ
の	助詞,格助詞,一般,*,*,*,の,ノ,ノ
行なう	動詞,自立,*,*,五段・ワ行促音便,基本形,行なう,オコナウ,オコナウ
こと	名詞,非自立,一般,*,*,*,こと,コト,コト
が	助詞,格助詞,一般,*,*,*,が,ガ,ガ
その	連体詞,*,*,*,*,*,その,ソノ,ソノ
人	名詞,一般,*,*,*,*,人,ヒト,ヒト
に	助詞,格助詞,一般,*,*,*,に,ニ,ニ
帰っ	動詞,自立,*,*,五段・ラ行,連用タ接続,帰る,カエッ,カエッ
て	助詞,接続助詞,*,*,*,*,て,テ,テ
来る	動詞,非自立,*,*,カ変・来ル,基本形,来る,クル,クル
。	記号,句点,*,*,*,*,。,。,。
愚か	名詞,形容動詞語幹,*,*,*,*,愚か,オロカ,オロカ
な	助動詞,*,*,*,特殊・ダ,体言接続,だ,ナ,ナ
者	名詞,非自立,一般,*,*,*,者,モノ,モノ
の	助詞,連体化,*,*,*,*,の,ノ,ノ
道	名詞,一般,*,*,*,*,道,ミチ,ミチ
は	助詞,係助詞,*,*,*,*,は,ハ,ワ
自ら	名詞,副詞可能,*,*,*,*,自ら,ミズカラ,ミズカラ
の	助詞,連体化,*,*,*,*,の,ノ,ノ
目	名詞,一般,*,*,*,*,目,メ,メ
に	助詞,格助詞,一般,*,*,*,に,ニ,ニ
は	助詞,係助詞,*,*,*,*,は,ハ,ワ
正しい	形容詞,自立,*,*,形容詞・イ段,基本形,正しい,タダシイ,タダシイ
。	記号,句点,*,*,*,*,。,。,。
しかし	接続詞,*,*,*,*,*,しかし,シカシ,シカシ
助言	名詞,サ変接続,*,*,*,*,助言,ジョゲン,ジョゲン
に	助詞,格助詞,一般,*,*,*,に,ニ,ニ
聴き	動詞,自立,*,*,五段・カ行イ音便,連用形,聴く,キキ,キキ
従う	動詞,自立,*,*,五段・ワ行促音便,基本形,従う,シタガウ,シタガウ
者	名詞,非自立,一般,*,*,*,者,モノ,モノ
は	助詞,係助詞,*,*,*,*,は,ハ,ワ
賢い	形容詞,自立,*,*,形容詞・アウオ段,基本形,賢い,カシコイ,カシコイ
。	記号,句点,*,*,*,*,。,。,。
自分	名詞,一般,*,*,*,*,自分,ジブン,ジブン
の	助詞,連体化,*,*,*,*,の,ノ,ノ
いら立ち	名詞,一般,*,*,*,*,いら立ち,イラダチ,イラダチ
を	助詞,格助詞,一般,*,*,*,を,ヲ,ヲ
[	名詞,サ変接続,*,*,*,*,*
同じ	連体詞,*,*,*,*,*,同じ,オナジ,オナジ
]	名詞,サ変接続,*,*,*,*,*
日	名詞,接尾,一般,*,*,*,日,ビ,ビ
に	助詞,格助詞,一般,*,*,*,に,ニ,ニ
知らせる	動詞,自立,*,*,一段,基本形,知らせる,シラセル,シラセル
の	名詞,非自立,一般,*,*,*,の,ノ,ノ
は	助詞,係助詞,*,*,*,*,は,ハ,ワ
愚か	名詞,形容動詞語幹,*,*,*,*,愚か,オロカ,オロカ
な	助動詞,*,*,*,特殊・ダ,体言接続,だ,ナ,ナ
者	名詞,非自立,一般,*,*,*,者,モノ,モノ
で	助動詞,*,*,*,特殊・ダ,連用形,だ,デ,デ
ある	助動詞,*,*,*,五段・ラ行アル,基本形,ある,アル,アル
。	記号,句点,*,*,*,*,。,。,。
しかし	接続詞,*,*,*,*,*,しかし,シカシ,シカシ
，	記号,読点,*,*,*,*,，,，,，
明敏	名詞,形容動詞語幹,*,*,*,*,明敏,メイビン,メイビン
な	助動詞,*,*,*,特殊・ダ,体言接続,だ,ナ,ナ
者	名詞,非自立,一般,*,*,*,者,モノ,モノ
は	助詞,係助詞,*,*,*,*,は,ハ,ワ
不名誉	名詞,形容動詞語幹,*,*,*,*,不名誉,フメイヨ,フメイヨ
を	助詞,格助詞,一般,*,*,*,を,ヲ,ヲ
覆い	動詞,自立,*,*,五段・ワ行促音便,連用形,覆う,オオイ,オオイ
隠し	動詞,自立,*,*,五段・サ行,連用形,隠す,カクシ,カクシ
て	助詞,接続助詞,*,*,*,*,て,テ,テ
いる	動詞,非自立,*,*,一段,基本形,いる,イル,イル
。	記号,句点,*,*,*,*,。,。,。
忠実	名詞,形容動詞語幹,*,*,*,*,忠実,チュウジツ,チュージツ
さ	名詞,接尾,特殊,*,*,*,さ,サ,サ
を	助詞,格助詞,一般,*,*,*,を,ヲ,ヲ
送り出す	動詞,自立,*,*,五段・サ行,基本形,送り出す,オクリダス,オクリダス
者	名詞,非自立,一般,*,*,*,者,モノ,モノ
は	助詞,係助詞,*,*,*,*,は,ハ,ワ
義	名詞,形容動詞語幹,*,*,*,*,義,ギ,ギ
に	助詞,副詞化,*,*,*,*,に,ニ,ニ
かなっ	動詞,自立,*,*,五段・ワ行促音便,連用タ接続,かなう,カナッ,カナッ
た	助動詞,*,*,*,特殊・タ,基本形,た,タ,タ
こと	名詞,非自立,一般,*,*,*,こと,コト,コト
を	助詞,格助詞,一般,*,*,*,を,ヲ,ヲ
告げ	動詞,自立,*,*,一段,連用形,告げる,ツゲ,ツゲ
，	記号,読点,*,*,*,*,，,，,，
偽り	名詞,一般,*,*,*,*,偽り,イツワリ,イツワリ
の	助詞,連体化,*,*,*,*,の,ノ,ノ
証人	名詞,一般,*,*,*,*,証人,ショウニン,ショーニン
は	助詞,係助詞,*,*,*,*,は,ハ,ワ
欺き	動詞,自立,*,*,五段・カ行イ音便,連用形,欺く,アザムキ,アザムキ
を	助詞,格助詞,一般,*,*,*,を,ヲ,ヲ
[	名詞,サ変接続,*,*,*,*,*
告げる	動詞,自立,*,*,一段,基本形,告げる,ツゲル,ツゲル
]。	名詞,サ変接続,*,*,*,*,*
剣	名詞,一般,*,*,*,*,剣,ケン,ケン
で	助詞,格助詞,一般,*,*,*,で,デ,デ
突き刺す	動詞,自立,*,*,五段・サ行,基本形,突き刺す,ツキサス,ツキサス
か	助詞,副助詞／並立助詞／終助詞,*,*,*,*,か,カ,カ
の	助詞,連体化,*,*,*,*,の,ノ,ノ
よう	名詞,非自立,助動詞語幹,*,*,*,よう,ヨウ,ヨー
に	助詞,副詞化,*,*,*,*,に,ニ,ニ
無	接頭詞,名詞接続,*,*,*,*,無,ム,ム
思慮	名詞,一般,*,*,*,*,思慮,シリョ,シリョ
に	助詞,格助詞,一般,*,*,*,に,ニ,ニ
話す	動詞,自立,*,*,五段・サ行,基本形,話す,ハナス,ハナス
者	名詞,非自立,一般,*,*,*,者,モノ,モノ
が	助詞,格助詞,一般,*,*,*,が,ガ,ガ
いる	動詞,自立,*,*,一段,基本形,いる,イル,イル
。	記号,句点,*,*,*,*,。,。,。
しかし	接続詞,*,*,*,*,*,しかし,シカシ,シカシ
，	記号,読点,*,*,*,*,，,，,，
賢い	形容詞,自立,*,*,形容詞・アウオ段,基本形,賢い,カシコイ,カシコイ
者	名詞,接尾,一般,*,*,*,者,シャ,シャ
たち	名詞,接尾,一般,*,*,*,たち,タチ,タチ
の	助詞,連体化,*,*,*,*,の,ノ,ノ
舌	名詞,一般,*,*,*,*,舌,シタ,シタ
は	助詞,係助詞,*,*,*,*,は,ハ,ワ
[	名詞,サ変接続,*,*,*,*,*
人	名詞,接尾,一般,*,*,*,人,ジン,ジン
を	助詞,格助詞,一般,*,*,*,を,ヲ,ヲ
]	名詞,サ変接続,*,*,*,*,*
いやす	動詞,自立,*,*,五段・サ行,基本形,いやす,イヤス,イヤス
。	記号,句点,*,*,*,*,。,。,。
永久	名詞,一般,*,*,*,*,永久,エイキュウ,エイキュー
に	助詞,格助詞,一般,*,*,*,に,ニ,ニ
堅く	形容詞,自立,*,*,形容詞・アウオ段,連用テ接続,堅い,カタク,カタク
立て	動詞,自立,*,*,一段,未然形,立てる,タテ,タテ
られる	動詞,接尾,*,*,一段,基本形,られる,ラレル,ラレル
の	名詞,非自立,一般,*,*,*,の,ノ,ノ
は	助詞,係助詞,*,*,*,*,は,ハ,ワ
真実	名詞,一般,*,*,*,*,真実,シンジツ,シンジツ
の	助詞,連体化,*,*,*,*,の,ノ,ノ
唇	名詞,一般,*,*,*,*,唇,クチビル,クチビル
で	助動詞,*,*,*,特殊・ダ,連用形,だ,デ,デ
あり	助動詞,*,*,*,五段・ラ行アル,連用形,ある,アリ,アリ
，	記号,読点,*,*,*,*,，,，,，
偽り	名詞,一般,*,*,*,*,偽り,イツワリ,イツワリ
の	助詞,連体化,*,*,*,*,の,ノ,ノ
舌	名詞,一般,*,*,*,*,舌,シタ,シタ
は	助詞,係助詞,*,*,*,*,は,ハ,ワ
ほんの	連体詞,*,*,*,*,*,ほんの,ホンノ,ホンノ
一瞬	名詞,副詞可能,*,*,*,*,一瞬,イッシュン,イッシュン
に	助詞,格助詞,一般,*,*,*,に,ニ,ニ
すぎ	動詞,自立,*,*,一段,未然形,すぎる,スギ,スギ
ない	助動詞,*,*,*,特殊・ナイ,基本形,ない,ナイ,ナイ
。	記号,句点,*,*,*,*,。,。,。
欺き	動詞,自立,*,*,五段・カ行イ音便,連用形,欺く,アザムキ,アザムキ
は	助詞,係助詞,*,*,*,*,は,ハ,ワ
危害	名詞,一般,*,*,*,*,危害,キガイ,キガイ
を	助詞,格助詞,一般,*,*,*,を,ヲ,ヲ
たくらむ	動詞,自立,*,*,五段・マ行,基本形,たくらむ,タクラム,タクラム
者	名詞,一般,*,*,*,*,者,モノ,モノ
たち	名詞,接尾,一般,*,*,*,たち,タチ,タチ
の	助詞,連体化,*,*,*,*,の,ノ,ノ
心	名詞,一般,*,*,*,*,心,ココロ,ココロ
に	助詞,格助詞,一般,*,*,*,に,ニ,ニ
あり	動詞,自立,*,*,五段・ラ行,連用形,ある,アリ,アリ
，	記号,読点,*,*,*,*,，,，,，
平和	名詞,形容動詞語幹,*,*,*,*,平和,ヘイワ,ヘイワ
を	助詞,格助詞,一般,*,*,*,を,ヲ,ヲ
計る	動詞,自立,*,*,五段・ラ行,基本形,計る,ハカル,ハカル
者	名詞,一般,*,*,*,*,者,モノ,モノ
たち	名詞,接尾,一般,*,*,*,たち,タチ,タチ
に	助詞,格助詞,一般,*,*,*,に,ニ,ニ
は	助詞,係助詞,*,*,*,*,は,ハ,ワ
歓び	名詞,一般,*,*,*,*,歓び,ヨロコビ,ヨロコビ
が	助詞,格助詞,一般,*,*,*,が,ガ,ガ
ある	動詞,自立,*,*,五段・ラ行,基本形,ある,アル,アル
。	記号,句点,*,*,*,*,。,。,。
有害	名詞,形容動詞語幹,*,*,*,*,有害,ユウガイ,ユーガイ
な	助動詞,*,*,*,特殊・ダ,体言接続,だ,ナ,ナ
こと	名詞,非自立,一般,*,*,*,こと,コト,コト
は	助詞,係助詞,*,*,*,*,は,ハ,ワ
何	名詞,代名詞,一般,*,*,*,何,ナニ,ナニ
も	助詞,係助詞,*,*,*,*,も,モ,モ
義	名詞,形容動詞語幹,*,*,*,*,義,ギ,ギ
なる	助動詞,*,*,*,文語・ナリ,体言接続,なり,ナル,ナル
者	名詞,非自立,一般,*,*,*,者,モノ,モノ
に	助詞,格助詞,一般,*,*,*,に,ニ,ニ
降り懸から	動詞,自立,*,*,五段・ラ行,未然形,降り懸かる,フリカカラ,フリカカラ
ない	助動詞,*,*,*,特殊・ナイ,基本形,ない,ナイ,ナイ
。	記号,句点,*,*,*,*,。,。,。
しかし	接続詞,*,*,*,*,*,しかし,シカシ,シカシ
，	記号,読点,*,*,*,*,，,，,，
邪悪	名詞,形容動詞語幹,*,*,*,*,邪悪,ジャアク,ジャアク
な	助動詞,*,*,*,特殊・ダ,体言接続,だ,ナ,ナ
者	名詞,一般,*,*,*,*,者,モノ,モノ
たち	名詞,接尾,一般,*,*,*,たち,タチ,タチ
は	助詞,係助詞,*,*,*,*,は,ハ,ワ
必ず	副詞,助詞類接続,*,*,*,*,必ず,カナラズ,カナラズ
災い	名詞,サ変接続,*,*,*,*,災い,ワザワイ,ワザワイ
で	助詞,格助詞,一般,*,*,*,で,デ,デ
満たさ	動詞,自立,*,*,五段・サ行,未然形,満たす,ミタサ,ミタサ
れる	動詞,接尾,*,*,一段,基本形,れる,レル,レル
。	記号,句点,*,*,*,*,。,。,。
偽り	名詞,一般,*,*,*,*,偽り,イツワリ,イツワリ
の	助詞,連体化,*,*,*,*,の,ノ,ノ
唇	名詞,一般,*,*,*,*,唇,クチビル,クチビル
は	助詞,係助詞,*,*,*,*,は,ハ,ワ
エホバ	名詞,一般,*,*,*,*,エホバ,エホバ,エホバ
にとって	助詞,格助詞,連語,*,*,*,にとって,ニトッテ,ニトッテ
忌む	動詞,自立,*,*,五段・マ行,基本形,忌む,イム,イム
べき	助動詞,*,*,*,文語・ベシ,体言接続,べし,ベキ,ベキ
もの	名詞,非自立,一般,*,*,*,もの,モノ,モノ
で	助動詞,*,*,*,特殊・ダ,連用形,だ,デ,デ
あり	助動詞,*,*,*,五段・ラ行アル,連用形,ある,アリ,アリ
，	記号,読点,*,*,*,*,，,，,，
忠実	名詞,形容動詞語幹,*,*,*,*,忠実,チュウジツ,チュージツ
さ	名詞,接尾,特殊,*,*,*,さ,サ,サ
の	助詞,連体化,*,*,*,*,の,ノ,ノ
うち	名詞,非自立,副詞可能,*,*,*,うち,ウチ,ウチ
に	助詞,格助詞,一般,*,*,*,に,ニ,ニ
行動	名詞,サ変接続,*,*,*,*,行動,コウドウ,コードー
し	動詞,自立,*,*,サ変・スル,連用形,する,シ,シ
て	助詞,接続助詞,*,*,*,*,て,テ,テ
いる	動詞,非自立,*,*,一段,基本形,いる,イル,イル
者	名詞,非自立,一般,*,*,*,者,モノ,モノ
は	助詞,係助詞,*,*,*,*,は,ハ,ワ
[	名詞,サ変接続,*,*,*,*,*
神	名詞,接尾,一般,*,*,*,神,シン,シン
]	名詞,サ変接続,*,*,*,*,*
にとって	助詞,格助詞,連語,*,*,*,にとって,ニトッテ,ニトッテ
喜び	名詞,一般,*,*,*,*,喜び,ヨロコビ,ヨロコビ
で	助動詞,*,*,*,特殊・ダ,連用形,だ,デ,デ
ある	助動詞,*,*,*,五段・ラ行アル,基本形,ある,アル,アル
。	記号,句点,*,*,*,*,。,。,。
明敏	名詞,形容動詞語幹,*,*,*,*,明敏,メイビン,メイビン
な	助動詞,*,*,*,特殊・ダ,体言接続,だ,ナ,ナ
者	名詞,非自立,一般,*,*,*,者,モノ,モノ
は	助詞,係助詞,*,*,*,*,は,ハ,ワ
知識	名詞,一般,*,*,*,*,知識,チシキ,チシキ
を	助詞,格助詞,一般,*,*,*,を,ヲ,ヲ
覆っ	動詞,自立,*,*,五段・ワ行促音便,連用タ接続,覆う,オオッ,オオッ
て	助詞,接続助詞,*,*,*,*,て,テ,テ
おり	動詞,非自立,*,*,五段・ラ行,連用形,おる,オリ,オリ
，	記号,読点,*,*,*,*,，,，,，
愚鈍	名詞,形容動詞語幹,*,*,*,*,愚鈍,グドン,グドン
な	助動詞,*,*,*,特殊・ダ,体言接続,だ,ナ,ナ
者	名詞,一般,*,*,*,*,者,モノ,モノ
たち	名詞,接尾,一般,*,*,*,たち,タチ,タチ
の	助詞,連体化,*,*,*,*,の,ノ,ノ
心	名詞,一般,*,*,*,*,心,ココロ,ココロ
は	助詞,係助詞,*,*,*,*,は,ハ,ワ
愚か	名詞,形容動詞語幹,*,*,*,*,愚か,オロカ,オロカ
さ	名詞,接尾,特殊,*,*,*,さ,サ,サ
を	助詞,格助詞,一般,*,*,*,を,ヲ,ヲ
呼ばわる	動詞,自立,*,*,五段・ラ行,基本形,呼ばわる,ヨバワル,ヨバワル
。	記号,句点,*,*,*,*,。,。,。
勤勉	名詞,形容動詞語幹,*,*,*,*,勤勉,キンベン,キンベン
な	助動詞,*,*,*,特殊・ダ,体言接続,だ,ナ,ナ
者	名詞,一般,*,*,*,*,者,モノ,モノ
たち	名詞,接尾,一般,*,*,*,たち,タチ,タチ
の	助詞,連体化,*,*,*,*,の,ノ,ノ
手	名詞,一般,*,*,*,*,手,テ,テ
は	助詞,係助詞,*,*,*,*,は,ハ,ワ
支配	名詞,サ変接続,*,*,*,*,支配,シハイ,シハイ
を	助詞,格助詞,一般,*,*,*,を,ヲ,ヲ
行ない	動詞,自立,*,*,五段・ワ行促音便,連用形,行なう,オコナイ,オコナイ
，	記号,読点,*,*,*,*,，,，,，
緩慢	名詞,形容動詞語幹,*,*,*,*,緩慢,カンマン,カンマン
な	助動詞,*,*,*,特殊・ダ,体言接続,だ,ナ,ナ
手	名詞,一般,*,*,*,*,手,テ,テ
は	助詞,係助詞,*,*,*,*,は,ハ,ワ
強制	名詞,サ変接続,*,*,*,*,強制,キョウセイ,キョーセイ
労働	名詞,サ変接続,*,*,*,*,労働,ロウドウ,ロードー
に	助詞,格助詞,一般,*,*,*,に,ニ,ニ
服する	動詞,自立,*,*,サ変・−スル,基本形,服する,フクスル,フクスル
。	記号,句点,*,*,*,*,。,。,。
人	名詞,一般,*,*,*,*,人,ヒト,ヒト
の	助詞,連体化,*,*,*,*,の,ノ,ノ
心	名詞,一般,*,*,*,*,心,ココロ,ココロ
の	助詞,格助詞,一般,*,*,*,の,ノ,ノ
煩い	形容詞,自立,*,*,形容詞・アウオ段,基本形,煩い,ウルサイ,ウルサイ
事	名詞,非自立,一般,*,*,*,事,コト,コト
は	助詞,係助詞,*,*,*,*,は,ハ,ワ
これ	名詞,代名詞,一般,*,*,*,これ,コレ,コレ
を	助詞,格助詞,一般,*,*,*,を,ヲ,ヲ
かがま	動詞,自立,*,*,五段・マ行,未然形,かがむ,カガマ,カガマ
せ	動詞,接尾,*,*,一段,連用形,せる,セ,セ
，	記号,読点,*,*,*,*,，,，,，
良い	形容詞,自立,*,*,形容詞・アウオ段,基本形,良い,ヨイ,ヨイ
言葉	名詞,一般,*,*,*,*,言葉,コトバ,コトバ
は	助詞,係助詞,*,*,*,*,は,ハ,ワ
これ	名詞,代名詞,一般,*,*,*,これ,コレ,コレ
を	助詞,格助詞,一般,*,*,*,を,ヲ,ヲ
歓ば	動詞,自立,*,*,五段・バ行,未然形,歓ぶ,ヨロコバ,ヨロコバ
せる	動詞,接尾,*,*,一段,基本形,せる,セル,セル
。	記号,句点,*,*,*,*,。,。,。
義	名詞,形容動詞語幹,*,*,*,*,義,ギ,ギ
なる	助動詞,*,*,*,文語・ナリ,体言接続,なり,ナル,ナル
者	名詞,非自立,一般,*,*,*,者,モノ,モノ
は	助詞,係助詞,*,*,*,*,は,ハ,ワ
自分	名詞,一般,*,*,*,*,自分,ジブン,ジブン
の	助詞,連体化,*,*,*,*,の,ノ,ノ
放牧	名詞,サ変接続,*,*,*,*,放牧,ホウボク,ホーボク
地	名詞,接尾,一般,*,*,*,地,チ,チ
を	助詞,格助詞,一般,*,*,*,を,ヲ,ヲ
うかがい	動詞,自立,*,*,五段・ワ行促音便,連用形,うかがう,ウカガイ,ウカガイ
，	記号,読点,*,*,*,*,，,，,，
邪悪	名詞,形容動詞語幹,*,*,*,*,邪悪,ジャアク,ジャアク
な	助動詞,*,*,*,特殊・ダ,体言接続,だ,ナ,ナ
者	名詞,一般,*,*,*,*,者,モノ,モノ
たち	名詞,接尾,一般,*,*,*,たち,タチ,タチ
の	助詞,連体化,*,*,*,*,の,ノ,ノ
道	名詞,一般,*,*,*,*,道,ミチ,ミチ
は	助詞,係助詞,*,*,*,*,は,ハ,ワ
彼ら	名詞,代名詞,一般,*,*,*,彼ら,カレラ,カレラ
自身	名詞,一般,*,*,*,*,自身,ジシン,ジシン
を	助詞,格助詞,一般,*,*,*,を,ヲ,ヲ
さまよわ	動詞,自立,*,*,五段・ワ行促音便,未然形,さまよう,サマヨワ,サマヨワ
せる	動詞,接尾,*,*,一段,基本形,せる,セル,セル
。	記号,句点,*,*,*,*,。,。,。
緩慢	名詞,形容動詞語幹,*,*,*,*,緩慢,カンマン,カンマン
さ	名詞,接尾,特殊,*,*,*,さ,サ,サ
は	助詞,係助詞,*,*,*,*,は,ハ,ワ
自分	名詞,一般,*,*,*,*,自分,ジブン,ジブン
の	助詞,連体化,*,*,*,*,の,ノ,ノ
獲物	名詞,一般,*,*,*,*,獲物,エモノ,エモノ
を	助詞,格助詞,一般,*,*,*,を,ヲ,ヲ
追い出さ	動詞,自立,*,*,五段・サ行,未然形,追い出す,オイダサ,オイダサ
ない	助動詞,*,*,*,特殊・ナイ,基本形,ない,ナイ,ナイ
。	記号,句点,*,*,*,*,。,。,。
しかし	接続詞,*,*,*,*,*,しかし,シカシ,シカシ
勤勉	名詞,形容動詞語幹,*,*,*,*,勤勉,キンベン,キンベン
な	助動詞,*,*,*,特殊・ダ,体言接続,だ,ナ,ナ
者	名詞,非自立,一般,*,*,*,者,モノ,モノ
は	助詞,係助詞,*,*,*,*,は,ハ,ワ
人	名詞,一般,*,*,*,*,人,ヒト,ヒト
の	助詞,連体化,*,*,*,*,の,ノ,ノ
貴重	名詞,形容動詞語幹,*,*,*,*,貴重,キチョウ,キチョー
な	助動詞,*,*,*,特殊・ダ,体言接続,だ,ナ,ナ
富	名詞,一般,*,*,*,*,富,トミ,トミ
で	助動詞,*,*,*,特殊・ダ,連用形,だ,デ,デ
ある	助動詞,*,*,*,五段・ラ行アル,基本形,ある,アル,アル
。	記号,句点,*,*,*,*,。,。,。
義	名詞,一般,*,*,*,*,義,ギ,ギ
の	助詞,連体化,*,*,*,*,の,ノ,ノ
道筋	名詞,一般,*,*,*,*,道筋,ミチスジ,ミチスジ
に	助詞,格助詞,一般,*,*,*,に,ニ,ニ
は	助詞,係助詞,*,*,*,*,は,ハ,ワ
命	名詞,一般,*,*,*,*,命,イノチ,イノチ
が	助詞,格助詞,一般,*,*,*,が,ガ,ガ
あり	動詞,自立,*,*,五段・ラ行,連用形,ある,アリ,アリ
，	記号,読点,*,*,*,*,，,，,，
その	連体詞,*,*,*,*,*,その,ソノ,ソノ
通り道	名詞,一般,*,*,*,*,通り道,トオリミチ,トーリミチ
の	助詞,連体化,*,*,*,*,の,ノ,ノ
行程	名詞,一般,*,*,*,*,行程,コウテイ,コーテイ
は	助詞,係助詞,*,*,*,*,は,ハ,ワ
死	名詞,一般,*,*,*,*,死,シ,シ
が	助詞,格助詞,一般,*,*,*,が,ガ,ガ
ない	形容詞,自立,*,*,形容詞・アウオ段,基本形,ない,ナイ,ナイ
こと	名詞,非自立,一般,*,*,*,こと,コト,コト
を	助詞,格助詞,一般,*,*,*,を,ヲ,ヲ
意味	名詞,サ変接続,*,*,*,*,意味,イミ,イミ
する	動詞,自立,*,*,サ変・スル,基本形,する,スル,スル
。	記号,句点,*,*,*,*,。,。,。
EOS
