王	名詞,一般,*,*,*,*,王,オウ,オー
の	助詞,連体化,*,*,*,*,の,ノ,ノ
心	名詞,一般,*,*,*,*,心,ココロ,ココロ
は	助詞,係助詞,*,*,*,*,は,ハ,ワ
エホバ	名詞,一般,*,*,*,*,エホバ,エホバ,エホバ
の	助詞,連体化,*,*,*,*,の,ノ,ノ
手	名詞,一般,*,*,*,*,手,テ,テ
に	助詞,格助詞,一般,*,*,*,に,ニ,ニ
ある	動詞,自立,*,*,五段・ラ行,基本形,ある,アル,アル
水	名詞,一般,*,*,*,*,水,ミズ,ミズ
の	助詞,連体化,*,*,*,*,の,ノ,ノ
流れ	名詞,一般,*,*,*,*,流れ,ナガレ,ナガレ
の	助詞,連体化,*,*,*,*,の,ノ,ノ
よう	名詞,非自立,助動詞語幹,*,*,*,よう,ヨウ,ヨー
だ	助動詞,*,*,*,特殊・ダ,基本形,だ,ダ,ダ
。	記号,句点,*,*,*,*,。,。,。
ご	接頭詞,名詞接続,*,*,*,*,ご,ゴ,ゴ
自分	名詞,一般,*,*,*,*,自分,ジブン,ジブン
の	助詞,連体化,*,*,*,*,の,ノ,ノ
喜び	名詞,一般,*,*,*,*,喜び,ヨロコビ,ヨロコビ
と	助詞,格助詞,一般,*,*,*,と,ト,ト
する	動詞,自立,*,*,サ変・スル,基本形,する,スル,スル
ところ	名詞,非自立,副詞可能,*,*,*,ところ,トコロ,トコロ
へ	助詞,格助詞,一般,*,*,*,へ,ヘ,エ
どこ	名詞,代名詞,一般,*,*,*,どこ,ドコ,ドコ
へ	助詞,格助詞,一般,*,*,*,へ,ヘ,エ
で	助詞,格助詞,一般,*,*,*,で,デ,デ
も	助詞,係助詞,*,*,*,*,も,モ,モ
それ	名詞,代名詞,一般,*,*,*,それ,ソレ,ソレ
を	助詞,格助詞,一般,*,*,*,を,ヲ,ヲ
向ける	動詞,自立,*,*,一段,基本形,向ける,ムケル,ムケル
。	記号,句点,*,*,*,*,。,。,。
人	名詞,一般,*,*,*,*,人,ヒト,ヒト
の	助詞,連体化,*,*,*,*,の,ノ,ノ
道	名詞,一般,*,*,*,*,道,ミチ,ミチ
は	助詞,係助詞,*,*,*,*,は,ハ,ワ
自分	名詞,一般,*,*,*,*,自分,ジブン,ジブン
の	助詞,連体化,*,*,*,*,の,ノ,ノ
目	名詞,一般,*,*,*,*,目,メ,メ
に	助詞,格助詞,一般,*,*,*,に,ニ,ニ
は	助詞,係助詞,*,*,*,*,は,ハ,ワ
どれ	名詞,代名詞,一般,*,*,*,どれ,ドレ,ドレ
も	助詞,係助詞,*,*,*,*,も,モ,モ
廉直	名詞,形容動詞語幹,*,*,*,*,廉直,レンチョク,レンチョク
で	助動詞,*,*,*,特殊・ダ,連用形,だ,デ,デ
ある	助動詞,*,*,*,五段・ラ行アル,基本形,ある,アル,アル
。	記号,句点,*,*,*,*,。,。,。
しかし	接続詞,*,*,*,*,*,しかし,シカシ,シカシ
エホバ	名詞,一般,*,*,*,*,エホバ,エホバ,エホバ
は	助詞,係助詞,*,*,*,*,は,ハ,ワ
心	名詞,一般,*,*,*,*,心,ココロ,ココロ
を	助詞,格助詞,一般,*,*,*,を,ヲ,ヲ
見定め	動詞,自立,*,*,一段,連用形,見定める,ミサダメ,ミサダメ
て	助詞,接続助詞,*,*,*,*,て,テ,テ
おら	動詞,自立,*,*,五段・ラ行,未然形,おる,オラ,オラ
れる	動詞,接尾,*,*,一段,基本形,れる,レル,レル
。	記号,句点,*,*,*,*,。,。,。
義	名詞,一般,*,*,*,*,義,ギ,ギ
と	助詞,並立助詞,*,*,*,*,と,ト,ト
裁き	名詞,一般,*,*,*,*,裁き,サバキ,サバキ
を	助詞,格助詞,一般,*,*,*,を,ヲ,ヲ
行なう	動詞,自立,*,*,五段・ワ行促音便,基本形,行なう,オコナウ,オコナウ
こと	名詞,非自立,一般,*,*,*,こと,コト,コト
は	助詞,係助詞,*,*,*,*,は,ハ,ワ
，	記号,読点,*,*,*,*,，,，,，
エホバ	名詞,一般,*,*,*,*,エホバ,エホバ,エホバ
にとって	助詞,格助詞,連語,*,*,*,にとって,ニトッテ,ニトッテ
犠牲	名詞,一般,*,*,*,*,犠牲,ギセイ,ギセイ
より	助詞,格助詞,一般,*,*,*,より,ヨリ,ヨリ
も	助詞,係助詞,*,*,*,*,も,モ,モ
好ましい	形容詞,自立,*,*,形容詞・イ段,基本形,好ましい,コノマシイ,コノマシイ
。	記号,句点,*,*,*,*,。,。,。
ごう慢	名詞,形容動詞語幹,*,*,*,*,ごう慢,ゴウマン,ゴーマン
な	助動詞,*,*,*,特殊・ダ,体言接続,だ,ナ,ナ
目	名詞,一般,*,*,*,*,目,メ,メ
と	助詞,並立助詞,*,*,*,*,と,ト,ト
尊大	名詞,形容動詞語幹,*,*,*,*,尊大,ソンダイ,ソンダイ
な	助動詞,*,*,*,特殊・ダ,体言接続,だ,ナ,ナ
心	名詞,一般,*,*,*,*,心,ココロ,ココロ
，	記号,読点,*,*,*,*,，,，,，
邪悪	名詞,形容動詞語幹,*,*,*,*,邪悪,ジャアク,ジャアク
な	助動詞,*,*,*,特殊・ダ,体言接続,だ,ナ,ナ
者	名詞,一般,*,*,*,*,者,モノ,モノ
たち	名詞,接尾,一般,*,*,*,たち,タチ,タチ
の	助詞,連体化,*,*,*,*,の,ノ,ノ
ともし	動詞,自立,*,*,五段・サ行,連用形,ともす,トモシ,トモシ
びは	名詞,一般,*,*,*,*,*
罪	名詞,接尾,一般,*,*,*,罪,ザイ,ザイ
で	助動詞,*,*,*,特殊・ダ,連用形,だ,デ,デ
ある	助動詞,*,*,*,五段・ラ行アル,基本形,ある,アル,アル
。	記号,句点,*,*,*,*,。,。,。
勤勉	名詞,形容動詞語幹,*,*,*,*,勤勉,キンベン,キンベン
な	助動詞,*,*,*,特殊・ダ,体言接続,だ,ナ,ナ
者	名詞,非自立,一般,*,*,*,者,モノ,モノ
の	助詞,連体化,*,*,*,*,の,ノ,ノ
計画	名詞,サ変接続,*,*,*,*,計画,ケイカク,ケイカク
は	助詞,係助詞,*,*,*,*,は,ハ,ワ
必ず	副詞,助詞類接続,*,*,*,*,必ず,カナラズ,カナラズ
益	名詞,サ変接続,*,*,*,*,益,エキ,エキ
を	助詞,格助詞,一般,*,*,*,を,ヲ,ヲ
もたらし	動詞,自立,*,*,五段・サ行,連用形,もたらす,モタラシ,モタラシ
，	記号,読点,*,*,*,*,，,，,，
性急	名詞,形容動詞語幹,*,*,*,*,性急,セイキュウ,セイキュー
な	助動詞,*,*,*,特殊・ダ,体言接続,だ,ナ,ナ
者	名詞,非自立,一般,*,*,*,者,モノ,モノ
は	助詞,係助詞,*,*,*,*,は,ハ,ワ
みな	名詞,代名詞,一般,*,*,*,みな,ミナ,ミナ
必ず	副詞,助詞類接続,*,*,*,*,必ず,カナラズ,カナラズ
窮乏	名詞,サ変接続,*,*,*,*,窮乏,キュウボウ,キューボー
に	助詞,格助詞,一般,*,*,*,に,ニ,ニ
向かう	動詞,自立,*,*,五段・ワ行促音便,基本形,向かう,ムカウ,ムカウ
。	記号,句点,*,*,*,*,。,。,。
偽り	名詞,一般,*,*,*,*,偽り,イツワリ,イツワリ
の	助詞,連体化,*,*,*,*,の,ノ,ノ
舌	名詞,一般,*,*,*,*,舌,シタ,シタ
によって	助詞,格助詞,連語,*,*,*,によって,ニヨッテ,ニヨッテ
宝	名詞,一般,*,*,*,*,宝,タカラ,タカラ
を	助詞,格助詞,一般,*,*,*,を,ヲ,ヲ
得る	動詞,自立,*,*,一段,基本形,得る,エル,エル
の	名詞,非自立,一般,*,*,*,の,ノ,ノ
は	助詞,係助詞,*,*,*,*,は,ハ,ワ
，	記号,読点,*,*,*,*,，,，,，
それ	名詞,代名詞,一般,*,*,*,それ,ソレ,ソレ
が	助詞,格助詞,一般,*,*,*,が,ガ,ガ
死	名詞,一般,*,*,*,*,死,シ,シ
を	助詞,格助詞,一般,*,*,*,を,ヲ,ヲ
求める	動詞,自立,*,*,一段,基本形,求める,モトメル,モトメル
者	名詞,一般,*,*,*,*,者,モノ,モノ
たち	名詞,接尾,一般,*,*,*,たち,タチ,タチ
の	助詞,連体化,*,*,*,*,の,ノ,ノ
場合	名詞,副詞可能,*,*,*,*,場合,バアイ,バアイ
，	記号,読点,*,*,*,*,，,，,，
吹き払わ	動詞,自立,*,*,五段・ワ行促音便,未然形,吹き払う,フキハラワ,フキハラワ
れる	動詞,接尾,*,*,一段,基本形,れる,レル,レル
呼気	名詞,一般,*,*,*,*,呼気,コキ,コキ
で	助動詞,*,*,*,特殊・ダ,連用形,だ,デ,デ
ある	助動詞,*,*,*,五段・ラ行アル,基本形,ある,アル,アル
。	記号,句点,*,*,*,*,。,。,。
邪悪	名詞,形容動詞語幹,*,*,*,*,邪悪,ジャアク,ジャアク
な	助動詞,*,*,*,特殊・ダ,体言接続,だ,ナ,ナ
者	名詞,一般,*,*,*,*,者,モノ,モノ
たち	名詞,接尾,一般,*,*,*,たち,タチ,タチ
による	助詞,格助詞,連語,*,*,*,による,ニヨル,ニヨル
奪略	名詞,サ変接続,*,*,*,*,奪略,ダツリャク,ダツリャク
そのもの	名詞,一般,*,*,*,*,そのもの,ソノモノ,ソノモノ
が	助詞,格助詞,一般,*,*,*,が,ガ,ガ
彼ら	名詞,代名詞,一般,*,*,*,彼ら,カレラ,カレラ
を	助詞,格助詞,一般,*,*,*,を,ヲ,ヲ
引き連れ	動詞,自立,*,*,一段,連用形,引き連れる,ヒキツレ,ヒキツレ
て	助詞,接続助詞,*,*,*,*,て,テ,テ
行く	動詞,非自立,*,*,五段・カ行促音便,基本形,行く,イク,イク
。	記号,句点,*,*,*,*,。,。,。
彼ら	名詞,代名詞,一般,*,*,*,彼ら,カレラ,カレラ
は	助詞,係助詞,*,*,*,*,は,ハ,ワ
公正	名詞,形容動詞語幹,*,*,*,*,公正,コウセイ,コーセイ
を	助詞,格助詞,一般,*,*,*,を,ヲ,ヲ
行なお	動詞,自立,*,*,五段・ワ行促音便,未然ウ接続,行なう,オコナオ,オコナオ
う	助動詞,*,*,*,不変化型,基本形,う,ウ,ウ
と	助詞,格助詞,一般,*,*,*,と,ト,ト
し	動詞,自立,*,*,サ変・スル,未然形,する,シ,シ
なかっ	助動詞,*,*,*,特殊・ナイ,連用タ接続,ない,ナカッ,ナカッ
た	助動詞,*,*,*,特殊・タ,基本形,た,タ,タ
から	助詞,接続助詞,*,*,*,*,から,カラ,カラ
で	助動詞,*,*,*,特殊・ダ,連用形,だ,デ,デ
ある	助動詞,*,*,*,五段・ラ行アル,基本形,ある,アル,アル
。	記号,句点,*,*,*,*,。,。,。
人	名詞,一般,*,*,*,*,人,ヒト,ヒト
，	記号,読点,*,*,*,*,，,，,，
すなわち	接続詞,*,*,*,*,*,すなわち,スナワチ,スナワチ
よそ	名詞,代名詞,一般,*,*,*,よそ,ヨソ,ヨソ
から	助詞,格助詞,一般,*,*,*,から,カラ,カラ
の	助詞,連体化,*,*,*,*,の,ノ,ノ
者	名詞,非自立,一般,*,*,*,者,モノ,モノ
は	助詞,係助詞,*,*,*,*,は,ハ,ワ
，	記号,読点,*,*,*,*,，,，,，
[	名詞,サ変接続,*,*,*,*,*
その	連体詞,*,*,*,*,*,その,ソノ,ソノ
]	名詞,サ変接続,*,*,*,*,*
道	名詞,接尾,一般,*,*,*,道,ドウ,ドー
が	助詞,格助詞,一般,*,*,*,が,ガ,ガ
曲がっ	動詞,自立,*,*,五段・ラ行,連用タ接続,曲がる,マガッ,マガッ
て	助詞,接続助詞,*,*,*,*,て,テ,テ
いる	動詞,非自立,*,*,一段,基本形,いる,イル,イル
。	記号,句点,*,*,*,*,。,。,。
しかし	接続詞,*,*,*,*,*,しかし,シカシ,シカシ
，	記号,読点,*,*,*,*,，,，,，
浄	名詞,固有名詞,人名,名,*,*,浄,キヨシ,キヨシ
い	動詞,自立,*,*,一段,連用形,いる,イ,イ
者	名詞,接尾,一般,*,*,*,者,シャ,シャ
は	助詞,係助詞,*,*,*,*,は,ハ,ワ
その	連体詞,*,*,*,*,*,その,ソノ,ソノ
行動	名詞,サ変接続,*,*,*,*,行動,コウドウ,コードー
が	助詞,格助詞,一般,*,*,*,が,ガ,ガ
廉直	名詞,形容動詞語幹,*,*,*,*,廉直,レンチョク,レンチョク
で	助動詞,*,*,*,特殊・ダ,連用形,だ,デ,デ
ある	助動詞,*,*,*,五段・ラ行アル,基本形,ある,アル,アル
。	記号,句点,*,*,*,*,。,。,。
争い	名詞,一般,*,*,*,*,争い,アラソイ,アラソイ
を	助詞,格助詞,一般,*,*,*,を,ヲ,ヲ
好む	動詞,自立,*,*,五段・マ行,基本形,好む,コノム,コノム
妻	名詞,一般,*,*,*,*,妻,ツマ,ツマ
と共に	助詞,格助詞,連語,*,*,*,と共に,トトモニ,トトモニ
いる	動詞,自立,*,*,一段,基本形,いる,イル,イル
より	助詞,格助詞,一般,*,*,*,より,ヨリ,ヨリ
は	助詞,係助詞,*,*,*,*,は,ハ,ワ
，	記号,読点,*,*,*,*,，,，,，
屋根	名詞,一般,*,*,*,*,屋根,ヤネ,ヤネ
の	助詞,連体化,*,*,*,*,の,ノ,ノ
隅	名詞,一般,*,*,*,*,隅,スミ,スミ
に	助詞,格助詞,一般,*,*,*,に,ニ,ニ
住む	動詞,自立,*,*,五段・マ行,基本形,住む,スム,スム
ほう	名詞,非自立,一般,*,*,*,ほう,ホウ,ホー
が	助詞,格助詞,一般,*,*,*,が,ガ,ガ
よい	形容詞,自立,*,*,形容詞・アウオ段,基本形,よい,ヨイ,ヨイ
。	記号,句点,*,*,*,*,。,。,。
たとえ	副詞,一般,*,*,*,*,たとえ,タトエ,タトエ
それ	名詞,代名詞,一般,*,*,*,それ,ソレ,ソレ
が	助詞,格助詞,一般,*,*,*,が,ガ,ガ
共同	名詞,サ変接続,*,*,*,*,共同,キョウドウ,キョードー
の	助詞,連体化,*,*,*,*,の,ノ,ノ
家	名詞,一般,*,*,*,*,家,イエ,イエ
で	助動詞,*,*,*,特殊・ダ,連用形,だ,デ,デ
あっ	助動詞,*,*,*,五段・ラ行アル,連用タ接続,ある,アッ,アッ
て	助詞,接続助詞,*,*,*,*,て,テ,テ
も	助詞,係助詞,*,*,*,*,も,モ,モ
。	記号,句点,*,*,*,*,。,。,。
邪悪	名詞,形容動詞語幹,*,*,*,*,邪悪,ジャアク,ジャアク
な	助動詞,*,*,*,特殊・ダ,体言接続,だ,ナ,ナ
者	名詞,非自立,一般,*,*,*,者,モノ,モノ
の	助詞,連体化,*,*,*,*,の,ノ,ノ
魂	名詞,一般,*,*,*,*,魂,タマシイ,タマシー
は	助詞,係助詞,*,*,*,*,は,ハ,ワ
悪い	形容詞,自立,*,*,形容詞・アウオ段,基本形,悪い,ワルイ,ワルイ
こと	名詞,非自立,一般,*,*,*,こと,コト,コト
を	助詞,格助詞,一般,*,*,*,を,ヲ,ヲ
渇望	名詞,サ変接続,*,*,*,*,渇望,カツボウ,カツボー
し	動詞,自立,*,*,サ変・スル,連用形,する,シ,シ
た	助動詞,*,*,*,特殊・タ,基本形,た,タ,タ
。	記号,句点,*,*,*,*,。,。,。
その	連体詞,*,*,*,*,*,その,ソノ,ソノ
仲間	名詞,一般,*,*,*,*,仲間,ナカマ,ナカマ
は	助詞,係助詞,*,*,*,*,は,ハ,ワ
彼	名詞,代名詞,一般,*,*,*,彼,カレ,カレ
の	助詞,連体化,*,*,*,*,の,ノ,ノ
目	名詞,一般,*,*,*,*,目,メ,メ
に	助詞,格助詞,一般,*,*,*,に,ニ,ニ
あっ	動詞,自立,*,*,五段・ラ行,連用タ接続,ある,アッ,アッ
て	助詞,接続助詞,*,*,*,*,て,テ,テ
は	助詞,係助詞,*,*,*,*,は,ハ,ワ
何	名詞,代名詞,一般,*,*,*,何,ナニ,ナニ
の	助詞,連体化,*,*,*,*,の,ノ,ノ
恵み	名詞,一般,*,*,*,*,恵み,メグミ,メグミ
も	助詞,係助詞,*,*,*,*,も,モ,モ
示さ	動詞,自立,*,*,五段・サ行,未然形,示す,シメサ,シメサ
れ	動詞,接尾,*,*,一段,未然形,れる,レ,レ
ない	助動詞,*,*,*,特殊・ナイ,基本形,ない,ナイ,ナイ
。	記号,句点,*,*,*,*,。,。,。
あざける	動詞,自立,*,*,五段・ラ行,基本形,あざける,アザケル,アザケル
者	名詞,非自立,一般,*,*,*,者,モノ,モノ
に	助詞,格助詞,一般,*,*,*,に,ニ,ニ
科料	名詞,一般,*,*,*,*,科料,カリョウ,カリョー
を	助詞,格助詞,一般,*,*,*,を,ヲ,ヲ
課す	動詞,自立,*,*,五段・サ行,基本形,課す,カス,カス
こと	名詞,非自立,一般,*,*,*,こと,コト,コト
によって	助詞,格助詞,連語,*,*,*,によって,ニヨッテ,ニヨッテ
，	記号,読点,*,*,*,*,，,，,，
経験	名詞,サ変接続,*,*,*,*,経験,ケイケン,ケイケン
の	助詞,格助詞,一般,*,*,*,の,ノ,ノ
ない	形容詞,自立,*,*,形容詞・アウオ段,基本形,ない,ナイ,ナイ
者	名詞,非自立,一般,*,*,*,者,モノ,モノ
は	助詞,係助詞,*,*,*,*,は,ハ,ワ
賢く	形容詞,自立,*,*,形容詞・アウオ段,連用テ接続,賢い,カシコク,カシコク
なる	動詞,自立,*,*,五段・ラ行,基本形,なる,ナル,ナル
。	記号,句点,*,*,*,*,。,。,。
人	名詞,一般,*,*,*,*,人,ヒト,ヒト
が	助詞,格助詞,一般,*,*,*,が,ガ,ガ
賢い	形容詞,自立,*,*,形容詞・アウオ段,基本形,賢い,カシコイ,カシコイ
者	名詞,非自立,一般,*,*,*,者,モノ,モノ
に	助詞,格助詞,一般,*,*,*,に,ニ,ニ
洞察	名詞,サ変接続,*,*,*,*,洞察,ドウサツ,ドーサツ
力	名詞,接尾,一般,*,*,*,力,リョク,リョク
を	助詞,格助詞,一般,*,*,*,を,ヲ,ヲ
与える	動詞,自立,*,*,一段,基本形,与える,アタエル,アタエル
こと	名詞,非自立,一般,*,*,*,こと,コト,コト
によって	助詞,格助詞,連語,*,*,*,によって,ニヨッテ,ニヨッテ
，	記号,読点,*,*,*,*,，,，,，
その	連体詞,*,*,*,*,*,その,ソノ,ソノ
者	名詞,非自立,一般,*,*,*,者,モノ,モノ
は	助詞,係助詞,*,*,*,*,は,ハ,ワ
知識	名詞,一般,*,*,*,*,知識,チシキ,チシキ
を	助詞,格助詞,一般,*,*,*,を,ヲ,ヲ
得る	動詞,自立,*,*,一段,基本形,得る,エル,エル
。	記号,句点,*,*,*,*,。,。,。
義	名詞,形容動詞語幹,*,*,*,*,義,ギ,ギ
なる	助動詞,*,*,*,文語・ナリ,体言接続,なり,ナル,ナル
方	名詞,非自立,一般,*,*,*,方,ホウ,ホー
は	助詞,係助詞,*,*,*,*,は,ハ,ワ
邪悪	名詞,形容動詞語幹,*,*,*,*,邪悪,ジャアク,ジャアク
な	助動詞,*,*,*,特殊・ダ,体言接続,だ,ナ,ナ
者	名詞,非自立,一般,*,*,*,者,モノ,モノ
の	助詞,連体化,*,*,*,*,の,ノ,ノ
家	名詞,一般,*,*,*,*,家,イエ,イエ
に	助詞,格助詞,一般,*,*,*,に,ニ,ニ
考慮	名詞,サ変接続,*,*,*,*,考慮,コウリョ,コーリョ
を	助詞,格助詞,一般,*,*,*,を,ヲ,ヲ
払っ	動詞,自立,*,*,五段・ワ行促音便,連用タ接続,払う,ハラッ,ハラッ
て	助詞,接続助詞,*,*,*,*,て,テ,テ
おら	動詞,自立,*,*,五段・ラ行,未然形,おる,オラ,オラ
れ	動詞,接尾,*,*,一段,連用形,れる,レ,レ
，	記号,読点,*,*,*,*,，,，,，
邪悪	名詞,形容動詞語幹,*,*,*,*,邪悪,ジャアク,ジャアク
な	助動詞,*,*,*,特殊・ダ,体言接続,だ,ナ,ナ
者	名詞,一般,*,*,*,*,者,モノ,モノ
たち	名詞,接尾,一般,*,*,*,たち,タチ,タチ
を	助詞,格助詞,一般,*,*,*,を,ヲ,ヲ
覆し	動詞,自立,*,*,五段・サ行,連用形,覆す,クツガエシ,クツガエシ
て	助詞,接続助詞,*,*,*,*,て,テ,テ
災い	名詞,サ変接続,*,*,*,*,災い,ワザワイ,ワザワイ
に	助詞,格助詞,一般,*,*,*,に,ニ,ニ
遭わ	動詞,自立,*,*,五段・ワ行促音便,未然形,遭う,アワ,アワ
せる	動詞,接尾,*,*,一段,基本形,せる,セル,セル
。	記号,句点,*,*,*,*,。,。,。
立場	名詞,一般,*,*,*,*,立場,タチバ,タチバ
の	助詞,格助詞,一般,*,*,*,の,ノ,ノ
低い	形容詞,自立,*,*,形容詞・アウオ段,基本形,低い,ヒクイ,ヒクイ
者	名詞,非自立,一般,*,*,*,者,モノ,モノ
の	助詞,連体化,*,*,*,*,の,ノ,ノ
訴え	名詞,一般,*,*,*,*,訴え,ウッタエ,ウッタエ
の	助詞,連体化,*,*,*,*,の,ノ,ノ
叫び	名詞,一般,*,*,*,*,叫び,サケビ,サケビ
に	助詞,格助詞,一般,*,*,*,に,ニ,ニ
耳	名詞,一般,*,*,*,*,耳,ミミ,ミミ
を	助詞,格助詞,一般,*,*,*,を,ヲ,ヲ
閉じる	動詞,自立,*,*,一段,基本形,閉じる,トジル,トジル
者	名詞,非自立,一般,*,*,*,者,モノ,モノ
は	助詞,係助詞,*,*,*,*,は,ハ,ワ
，	記号,読点,*,*,*,*,，,，,，
自分	名詞,一般,*,*,*,*,自分,ジブン,ジブン
も	助詞,係助詞,*,*,*,*,も,モ,モ
また	副詞,助詞類接続,*,*,*,*,また,マタ,マタ
呼ぶ	動詞,自立,*,*,五段・バ行,基本形,呼ぶ,ヨブ,ヨブ
が	助詞,接続助詞,*,*,*,*,が,ガ,ガ
，	記号,読点,*,*,*,*,，,，,，
答え	動詞,自立,*,*,一段,連用形,答える,コタエ,コタエ
て	助詞,接続助詞,*,*,*,*,て,テ,テ
もらえ	動詞,非自立,*,*,一段,未然形,もらえる,モラエ,モラエ
ない	助動詞,*,*,*,特殊・ナイ,基本形,ない,ナイ,ナイ
。	記号,句点,*,*,*,*,。,。,。
ひそか	名詞,形容動詞語幹,*,*,*,*,ひそか,ヒソカ,ヒソカ
に	助詞,副詞化,*,*,*,*,に,ニ,ニ
なさ	動詞,自立,*,*,五段・サ行,未然形,なす,ナサ,ナサ
れる	動詞,接尾,*,*,一段,基本形,れる,レル,レル
贈り物	名詞,サ変接続,*,*,*,*,贈り物,オクリモノ,オクリモノ
は	助詞,係助詞,*,*,*,*,は,ハ,ワ
怒り	名詞,一般,*,*,*,*,怒り,イカリ,イカリ
を	助詞,格助詞,一般,*,*,*,を,ヲ,ヲ
抑え	動詞,自立,*,*,一段,連用形,抑える,オサエ,オサエ
，	記号,読点,*,*,*,*,，,，,，
懐	名詞,一般,*,*,*,*,懐,フトコロ,フトコロ
の	助詞,連体化,*,*,*,*,の,ノ,ノ
わいろ	名詞,一般,*,*,*,*,わいろ,ワイロ,ワイロ
は	助詞,係助詞,*,*,*,*,は,ハ,ワ
強い	形容詞,自立,*,*,形容詞・アウオ段,基本形,強い,ツヨイ,ツヨイ
激怒	名詞,サ変接続,*,*,*,*,激怒,ゲキド,ゲキド
を	助詞,格助詞,一般,*,*,*,を,ヲ,ヲ
[	名詞,サ変接続,*,*,*,*,*
抑える	動詞,自立,*,*,一段,基本形,抑える,オサエル,オサエル
]。	名詞,サ変接続,*,*,*,*,*
義	名詞,形容動詞語幹,*,*,*,*,義,ギ,ギ
なる	助動詞,*,*,*,文語・ナリ,体言接続,なり,ナル,ナル
者	名詞,非自立,一般,*,*,*,者,モノ,モノ
にとって	助詞,格助詞,連語,*,*,*,にとって,ニトッテ,ニトッテ
公正	名詞,形容動詞語幹,*,*,*,*,公正,コウセイ,コーセイ
を	助詞,格助詞,一般,*,*,*,を,ヲ,ヲ
行なう	動詞,自立,*,*,五段・ワ行促音便,基本形,行なう,オコナウ,オコナウ
こと	名詞,非自立,一般,*,*,*,こと,コト,コト
は	助詞,係助詞,*,*,*,*,は,ハ,ワ
歓び	名詞,一般,*,*,*,*,歓び,ヨロコビ,ヨロコビ
で	助動詞,*,*,*,特殊・ダ,連用形,だ,デ,デ
あり	助動詞,*,*,*,五段・ラ行アル,連用形,ある,アリ,アリ
，	記号,読点,*,*,*,*,，,，,，
有害	名詞,形容動詞語幹,*,*,*,*,有害,ユウガイ,ユーガイ
な	助動詞,*,*,*,特殊・ダ,体言接続,だ,ナ,ナ
こと	名詞,非自立,一般,*,*,*,こと,コト,コト
を	助詞,格助詞,一般,*,*,*,を,ヲ,ヲ
習わし	動詞,自立,*,*,五段・サ行,連用形,習わす,ナラワシ,ナラワシ
に	助詞,格助詞,一般,*,*,*,に,ニ,ニ
する	動詞,自立,*,*,サ変・スル,基本形,する,スル,スル
者	名詞,一般,*,*,*,*,者,モノ,モノ
たち	名詞,接尾,一般,*,*,*,たち,タチ,タチ
に	助詞,格助詞,一般,*,*,*,に,ニ,ニ
は	助詞,係助詞,*,*,*,*,は,ハ,ワ
恐ろしい	形容詞,自立,*,*,形容詞・イ段,基本形,恐ろしい,オソロシイ,オソロシイ
こと	名詞,非自立,一般,*,*,*,こと,コト,コト
が	助詞,格助詞,一般,*,*,*,が,ガ,ガ
[	名詞,サ変接続,*,*,*,*,*
待ち受け	動詞,自立,*,*,一段,連用形,待ち受ける,マチウケ,マチウケ
て	助詞,接続助詞,*,*,*,*,て,テ,テ
]	名詞,サ変接続,*,*,*,*,*
いる	動詞,自立,*,*,一段,基本形,いる,イル,イル
。	記号,句点,*,*,*,*,。,。,。
洞察	名詞,サ変接続,*,*,*,*,洞察,ドウサツ,ドーサツ
の	助詞,連体化,*,*,*,*,の,ノ,ノ
道	名詞,一般,*,*,*,*,道,ミチ,ミチ
から	助詞,格助詞,一般,*,*,*,から,カラ,カラ
さまよい	動詞,自立,*,*,五段・ワ行促音便,連用形,さまよう,サマヨイ,サマヨイ
出る	動詞,自立,*,*,一段,基本形,出る,デル,デル
者	名詞,非自立,一般,*,*,*,者,モノ,モノ
は	助詞,係助詞,*,*,*,*,は,ハ,ワ
，	記号,読点,*,*,*,*,，,，,，
まさしく	副詞,一般,*,*,*,*,まさしく,マサシク,マサシク
死ん	動詞,自立,*,*,五段・ナ行,連用タ接続,死ぬ,シン,シン
だ	助動詞,*,*,*,特殊・タ,基本形,だ,ダ,ダ
無力	名詞,形容動詞語幹,*,*,*,*,無力,ムリョク,ムリョク
な	助動詞,*,*,*,特殊・ダ,体言接続,だ,ナ,ナ
者	名詞,一般,*,*,*,*,者,モノ,モノ
たち	名詞,接尾,一般,*,*,*,たち,タチ,タチ
の	助詞,連体化,*,*,*,*,の,ノ,ノ
会衆	名詞,一般,*,*,*,*,会衆,カイシュウ,カイシュー
の	助詞,連体化,*,*,*,*,の,ノ,ノ
中	名詞,非自立,副詞可能,*,*,*,中,ナカ,ナカ
で	助詞,格助詞,一般,*,*,*,で,デ,デ
休む	動詞,自立,*,*,五段・マ行,基本形,休む,ヤスム,ヤスム
。	記号,句点,*,*,*,*,。,。,。
歓楽	名詞,一般,*,*,*,*,歓楽,カンラク,カンラク
を	助詞,格助詞,一般,*,*,*,を,ヲ,ヲ
愛し	動詞,自立,*,*,五段・サ行,連用形,愛す,アイシ,アイシ
て	助詞,接続助詞,*,*,*,*,て,テ,テ
いる	動詞,非自立,*,*,一段,基本形,いる,イル,イル
者	名詞,非自立,一般,*,*,*,者,モノ,モノ
は	助詞,係助詞,*,*,*,*,は,ハ,ワ
窮乏	名詞,サ変接続,*,*,*,*,窮乏,キュウボウ,キューボー
に	助詞,格助詞,一般,*,*,*,に,ニ,ニ
陥る	動詞,自立,*,*,五段・ラ行,基本形,陥る,オチイル,オチイル
者	名詞,非自立,一般,*,*,*,者,モノ,モノ
と	助詞,格助詞,一般,*,*,*,と,ト,ト
なり	動詞,自立,*,*,五段・ラ行,連用形,なる,ナリ,ナリ
，	記号,読点,*,*,*,*,，,，,，
ぶどう酒	名詞,一般,*,*,*,*,ぶどう酒,ブドウシュ,ブドーシュ
と	助詞,並立助詞,*,*,*,*,と,ト,ト
油	名詞,一般,*,*,*,*,油,アブラ,アブラ
を	助詞,格助詞,一般,*,*,*,を,ヲ,ヲ
愛し	動詞,自立,*,*,五段・サ行,連用形,愛す,アイシ,アイシ
て	助詞,接続助詞,*,*,*,*,て,テ,テ
いる	動詞,非自立,*,*,一段,基本形,いる,イル,イル
者	名詞,非自立,一般,*,*,*,者,モノ,モノ
は	助詞,係助詞,*,*,*,*,は,ハ,ワ
富	名詞,一般,*,*,*,*,富,トミ,トミ
を	助詞,格助詞,一般,*,*,*,を,ヲ,ヲ
得	動詞,自立,*,*,一段,未然形,得る,エ,エ
ない	助動詞,*,*,*,特殊・ナイ,基本形,ない,ナイ,ナイ
。	記号,句点,*,*,*,*,。,。,。
邪悪	名詞,形容動詞語幹,*,*,*,*,邪悪,ジャアク,ジャアク
な	助動詞,*,*,*,特殊・ダ,体言接続,だ,ナ,ナ
者	名詞,非自立,一般,*,*,*,者,モノ,モノ
は	助詞,係助詞,*,*,*,*,は,ハ,ワ
義	名詞,形容動詞語幹,*,*,*,*,義,ギ,ギ
なる	助動詞,*,*,*,文語・ナリ,体言接続,なり,ナル,ナル
者	名詞,非自立,一般,*,*,*,者,モノ,モノ
の	助詞,連体化,*,*,*,*,の,ノ,ノ
ため	名詞,非自立,副詞可能,*,*,*,ため,タメ,タメ
の	助詞,連体化,*,*,*,*,の,ノ,ノ
贖い	動詞,自立,*,*,五段・ワ行促音便,連用形,贖う,アガナイ,アガナイ
で	助動詞,*,*,*,特殊・ダ,連用形,だ,デ,デ
ある	助動詞,*,*,*,五段・ラ行アル,基本形,ある,アル,アル
。	記号,句点,*,*,*,*,。,。,。
不実	名詞,一般,*,*,*,*,不実,フジツ,フジツ
な	助詞,終助詞,*,*,*,*,な,ナ,ナ
行ない	動詞,自立,*,*,五段・ワ行促音便,連用形,行なう,オコナイ,オコナイ
を	助詞,格助詞,一般,*,*,*,を,ヲ,ヲ
し	動詞,自立,*,*,サ変・スル,連用形,する,シ,シ
て	助詞,接続助詞,*,*,*,*,て,テ,テ
いる	動詞,非自立,*,*,一段,基本形,いる,イル,イル
者	名詞,非自立,一般,*,*,*,者,モノ,モノ
は	助詞,係助詞,*,*,*,*,は,ハ,ワ
廉直	名詞,形容動詞語幹,*,*,*,*,廉直,レンチョク,レンチョク
な	助動詞,*,*,*,特殊・ダ,体言接続,だ,ナ,ナ
者	名詞,一般,*,*,*,*,者,モノ,モノ
たち	名詞,接尾,一般,*,*,*,たち,タチ,タチ
の	助詞,連体化,*,*,*,*,の,ノ,ノ
代わり	名詞,一般,*,*,*,*,代わり,カワリ,カワリ
と	助詞,格助詞,一般,*,*,*,と,ト,ト
なる	動詞,自立,*,*,五段・ラ行,基本形,なる,ナル,ナル
。	記号,句点,*,*,*,*,。,。,。
争い	名詞,一般,*,*,*,*,争い,アラソイ,アラソイ
を	助詞,格助詞,一般,*,*,*,を,ヲ,ヲ
好む	動詞,自立,*,*,五段・マ行,基本形,好む,コノム,コノム
妻	名詞,一般,*,*,*,*,妻,ツマ,ツマ
と共に	助詞,格助詞,連語,*,*,*,と共に,トトモニ,トトモニ
い	動詞,自立,*,*,一段,連用形,いる,イ,イ
て	助詞,接続助詞,*,*,*,*,て,テ,テ
いら立つ	動詞,自立,*,*,五段・タ行,基本形,いら立つ,イラダツ,イラダツ
より	助詞,格助詞,一般,*,*,*,より,ヨリ,ヨリ
は	助詞,係助詞,*,*,*,*,は,ハ,ワ
，	記号,読点,*,*,*,*,，,，,，
荒野	名詞,一般,*,*,*,*,荒野,アラノ,アラノ
の	助詞,連体化,*,*,*,*,の,ノ,ノ
地	名詞,一般,*,*,*,*,地,チ,チ
に	助詞,格助詞,一般,*,*,*,に,ニ,ニ
住む	動詞,自立,*,*,五段・マ行,基本形,住む,スム,スム
ほう	名詞,非自立,一般,*,*,*,ほう,ホウ,ホー
が	助詞,格助詞,一般,*,*,*,が,ガ,ガ
良い	形容詞,自立,*,*,形容詞・アウオ段,基本形,良い,ヨイ,ヨイ
。	記号,句点,*,*,*,*,。,。,。
望ましい	形容詞,自立,*,*,形容詞・イ段,基本形,望ましい,ノゾマシイ,ノゾマシイ
宝	名詞,一般,*,*,*,*,宝,タカラ,タカラ
と	助詞,並立助詞,*,*,*,*,と,ト,ト
油	名詞,一般,*,*,*,*,油,アブラ,アブラ
は	助詞,係助詞,*,*,*,*,は,ハ,ワ
賢い	形容詞,自立,*,*,形容詞・アウオ段,基本形,賢い,カシコイ,カシコイ
者	名詞,非自立,一般,*,*,*,者,モノ,モノ
の	助詞,連体化,*,*,*,*,の,ノ,ノ
住まい	名詞,一般,*,*,*,*,住まい,スマイ,スマイ
に	助詞,格助詞,一般,*,*,*,に,ニ,ニ
あり	動詞,自立,*,*,五段・ラ行,連用形,ある,アリ,アリ
，	記号,読点,*,*,*,*,，,，,，
愚鈍	名詞,形容動詞語幹,*,*,*,*,愚鈍,グドン,グドン
な	助動詞,*,*,*,特殊・ダ,体言接続,だ,ナ,ナ
者	名詞,非自立,一般,*,*,*,者,モノ,モノ
は	助詞,係助詞,*,*,*,*,は,ハ,ワ
それ	名詞,代名詞,一般,*,*,*,それ,ソレ,ソレ
を	助詞,格助詞,一般,*,*,*,を,ヲ,ヲ
呑み込む	動詞,自立,*,*,五段・マ行,基本形,呑み込む,ノミコム,ノミコム
。	記号,句点,*,*,*,*,。,。,。
義	名詞,一般,*,*,*,*,義,ギ,ギ
と	助詞,並立助詞,*,*,*,*,と,ト,ト
愛	名詞,一般,*,*,*,*,愛,アイ,アイ
ある	動詞,自立,*,*,五段・ラ行,基本形,ある,アル,アル
親切	名詞,形容動詞語幹,*,*,*,*,親切,シンセツ,シンセツ
と	助詞,並立助詞,*,*,*,*,と,ト,ト
を	助詞,格助詞,一般,*,*,*,を,ヲ,ヲ
追い求め	動詞,自立,*,*,一段,連用形,追い求める,オイモトメ,オイモトメ
て	助詞,接続助詞,*,*,*,*,て,テ,テ
いる	動詞,非自立,*,*,一段,基本形,いる,イル,イル
者	名詞,非自立,一般,*,*,*,者,モノ,モノ
は	助詞,係助詞,*,*,*,*,は,ハ,ワ
，	記号,読点,*,*,*,*,，,，,，
命	名詞,一般,*,*,*,*,命,イノチ,イノチ
，	名詞,数,*,*,*,*,，,，,，
義	名詞,接尾,助数詞,*,*,*,義,ギ,ギ
，	記号,読点,*,*,*,*,，,，,，
そして	接続詞,*,*,*,*,*,そして,ソシテ,ソシテ
栄光	名詞,一般,*,*,*,*,栄光,エイコウ,エイコー
を	助詞,格助詞,一般,*,*,*,を,ヲ,ヲ
見いだす	動詞,自立,*,*,五段・サ行,基本形,見いだす,ミイダス,ミイダス
。	記号,句点,*,*,*,*,。,。,。
賢い	形容詞,自立,*,*,形容詞・アウオ段,基本形,賢い,カシコイ,カシコイ
者	名詞,非自立,一般,*,*,*,者,モノ,モノ
は	助詞,係助詞,*,*,*,*,は,ハ,ワ
力	名詞,一般,*,*,*,*,力,チカラ,チカラ
ある	動詞,自立,*,*,五段・ラ行,基本形,ある,アル,アル
者	名詞,一般,*,*,*,*,者,モノ,モノ
たち	名詞,接尾,一般,*,*,*,たち,タチ,タチ
の	助詞,連体化,*,*,*,*,の,ノ,ノ
都市	名詞,一般,*,*,*,*,都市,トシ,トシ
に	助詞,格助詞,一般,*,*,*,に,ニ,ニ
さえ	助詞,係助詞,*,*,*,*,さえ,サエ,サエ
よじ登っ	動詞,自立,*,*,五段・ラ行,連用タ接続,よじ登る,ヨジノボッ,ヨジノボッ
た	助動詞,*,*,*,特殊・タ,基本形,た,タ,タ
。	記号,句点,*,*,*,*,。,。,。
その	連体詞,*,*,*,*,*,その,ソノ,ソノ
確信	名詞,サ変接続,*,*,*,*,確信,カクシン,カクシン
で	助動詞,*,*,*,特殊・ダ,連用形,だ,デ,デ
ある	助動詞,*,*,*,五段・ラ行アル,基本形,ある,アル,アル
強	形容詞,自立,*,*,形容詞・アウオ段,ガル接続,強い,ツヨ,ツヨ
さ	名詞,接尾,特殊,*,*,*,さ,サ,サ
を	助詞,格助詞,一般,*,*,*,を,ヲ,ヲ
打ち倒す	動詞,自立,*,*,五段・サ行,基本形,打ち倒す,ウチタオス,ウチタオス
ため	名詞,非自立,副詞可能,*,*,*,ため,タメ,タメ
で	助動詞,*,*,*,特殊・ダ,連用形,だ,デ,デ
ある	助動詞,*,*,*,五段・ラ行アル,基本形,ある,アル,アル
。	記号,句点,*,*,*,*,。,。,。
口	名詞,一般,*,*,*,*,口,クチ,クチ
と	助詞,並立助詞,*,*,*,*,と,ト,ト
舌	名詞,一般,*,*,*,*,舌,シタ,シタ
を	助詞,格助詞,一般,*,*,*,を,ヲ,ヲ
守っ	動詞,自立,*,*,五段・ラ行,連用タ接続,守る,マモッ,マモッ
て	助詞,接続助詞,*,*,*,*,て,テ,テ
いる	動詞,非自立,*,*,一段,基本形,いる,イル,イル
者	名詞,非自立,一般,*,*,*,者,モノ,モノ
は	助詞,係助詞,*,*,*,*,は,ハ,ワ
，	記号,読点,*,*,*,*,，,，,，
その	連体詞,*,*,*,*,*,その,ソノ,ソノ
魂	名詞,一般,*,*,*,*,魂,タマシイ,タマシー
を	助詞,格助詞,一般,*,*,*,を,ヲ,ヲ
苦難	名詞,サ変接続,*,*,*,*,苦難,クナン,クナン
から	助詞,格助詞,一般,*,*,*,から,カラ,カラ
守っ	動詞,自立,*,*,五段・ラ行,連用タ接続,守る,マモッ,マモッ
て	助詞,接続助詞,*,*,*,*,て,テ,テ
いる	動詞,非自立,*,*,一段,基本形,いる,イル,イル
。	記号,句点,*,*,*,*,。,。,。
せん越	名詞,形容動詞語幹,*,*,*,*,せん越,センエツ,センエツ
で	助動詞,*,*,*,特殊・ダ,連用形,だ,デ,デ
，	記号,読点,*,*,*,*,，,，,，
うぬぼれ	動詞,自立,*,*,一段,連用形,うぬぼれる,ウヌボレ,ウヌボレ
の	助詞,連体化,*,*,*,*,の,ノ,ノ
強い	形容詞,自立,*,*,形容詞・アウオ段,基本形,強い,ツヨイ,ツヨイ
自慢	名詞,サ変接続,*,*,*,*,自慢,ジマン,ジマン
家	名詞,接尾,一般,*,*,*,家,カ,カ
，	記号,読点,*,*,*,*,，,，,，
それ	名詞,代名詞,一般,*,*,*,それ,ソレ,ソレ
が	助詞,格助詞,一般,*,*,*,が,ガ,ガ
せん越	名詞,形容動詞語幹,*,*,*,*,せん越,センエツ,センエツ
の	助詞,連体化,*,*,*,*,の,ノ,ノ
憤怒	名詞,サ変接続,*,*,*,*,憤怒,フンド,フンド
を	助詞,格助詞,一般,*,*,*,を,ヲ,ヲ
抱い	動詞,自立,*,*,五段・カ行イ音便,連用タ接続,抱く,ダイ,ダイ
て	助詞,接続助詞,*,*,*,*,て,テ,テ
行動	名詞,サ変接続,*,*,*,*,行動,コウドウ,コードー
し	動詞,自立,*,*,サ変・スル,連用形,する,シ,シ
て	助詞,接続助詞,*,*,*,*,て,テ,テ
いる	動詞,非自立,*,*,一段,基本形,いる,イル,イル
者	名詞,非自立,一般,*,*,*,者,モノ,モノ
の	助詞,連体化,*,*,*,*,の,ノ,ノ
名	名詞,一般,*,*,*,*,名,ナ,ナ
で	助動詞,*,*,*,特殊・ダ,連用形,だ,デ,デ
ある	助動詞,*,*,*,五段・ラ行アル,基本形,ある,アル,アル
。	記号,句点,*,*,*,*,。,。,。
怠惰	名詞,形容動詞語幹,*,*,*,*,怠惰,タイダ,タイダ
な	助動詞,*,*,*,特殊・ダ,体言接続,だ,ナ,ナ
者	名詞,非自立,一般,*,*,*,者,モノ,モノ
の	助詞,連体化,*,*,*,*,の,ノ,ノ
渇望	名詞,サ変接続,*,*,*,*,渇望,カツボウ,カツボー
そのもの	名詞,一般,*,*,*,*,そのもの,ソノモノ,ソノモノ
が	助詞,格助詞,一般,*,*,*,が,ガ,ガ
その	連体詞,*,*,*,*,*,その,ソノ,ソノ
人	名詞,一般,*,*,*,*,人,ヒト,ヒト
を	助詞,格助詞,一般,*,*,*,を,ヲ,ヲ
死に	動詞,自立,*,*,五段・ナ行,連用形,死ぬ,シニ,シニ
至ら	動詞,自立,*,*,五段・ラ行,未然形,至る,イタラ,イタラ
せる	動詞,接尾,*,*,一段,基本形,せる,セル,セル
。	記号,句点,*,*,*,*,。,。,。
その	連体詞,*,*,*,*,*,その,ソノ,ソノ
手	名詞,一般,*,*,*,*,手,テ,テ
は	助詞,係助詞,*,*,*,*,は,ハ,ワ
働こ	動詞,自立,*,*,五段・カ行イ音便,未然ウ接続,働く,ハタラコ,ハタラコ
う	助動詞,*,*,*,不変化型,基本形,う,ウ,ウ
と	助詞,格助詞,一般,*,*,*,と,ト,ト
し	動詞,自立,*,*,サ変・スル,未然形,する,シ,シ
なかっ	助動詞,*,*,*,特殊・ナイ,連用タ接続,ない,ナカッ,ナカッ
た	助動詞,*,*,*,特殊・タ,基本形,た,タ,タ
から	助詞,接続助詞,*,*,*,*,から,カラ,カラ
で	助動詞,*,*,*,特殊・ダ,連用形,だ,デ,デ
ある	助動詞,*,*,*,五段・ラ行アル,基本形,ある,アル,アル
。	記号,句点,*,*,*,*,。,。,。
彼	名詞,代名詞,一般,*,*,*,彼,カレ,カレ
は	助詞,係助詞,*,*,*,*,は,ハ,ワ
一	名詞,数,*,*,*,*,一,イチ,イチ
日	名詞,接尾,助数詞,*,*,*,日,ニチ,ニチ
じゅう	名詞,接尾,副詞可能,*,*,*,じゅう,ジュウ,ジュー
切に	副詞,一般,*,*,*,*,切に,セツニ,セツニ
渇望	名詞,サ変接続,*,*,*,*,渇望,カツボウ,カツボー
を	助詞,格助詞,一般,*,*,*,を,ヲ,ヲ
示し	動詞,自立,*,*,五段・サ行,連用形,示す,シメシ,シメシ
た	助動詞,*,*,*,特殊・タ,基本形,た,タ,タ
。	記号,句点,*,*,*,*,。,。,。
しかし	接続詞,*,*,*,*,*,しかし,シカシ,シカシ
，	記号,読点,*,*,*,*,，,，,，
義	名詞,形容動詞語幹,*,*,*,*,義,ギ,ギ
なる	助動詞,*,*,*,文語・ナリ,体言接続,なり,ナル,ナル
者	名詞,非自立,一般,*,*,*,者,モノ,モノ
は	助詞,係助詞,*,*,*,*,は,ハ,ワ
与え	動詞,自立,*,*,一段,連用形,与える,アタエ,アタエ
て	助詞,接続助詞,*,*,*,*,て,テ,テ
，	記号,読点,*,*,*,*,，,，,，
何	名詞,代名詞,一般,*,*,*,何,ナニ,ナニ
も	助詞,係助詞,*,*,*,*,も,モ,モ
差し控え	動詞,自立,*,*,一段,未然形,差し控える,サシヒカエ,サシヒカエ
ない	助動詞,*,*,*,特殊・ナイ,基本形,ない,ナイ,ナイ
。	記号,句点,*,*,*,*,。,。,。
邪悪	名詞,形容動詞語幹,*,*,*,*,邪悪,ジャアク,ジャアク
な	助動詞,*,*,*,特殊・ダ,体言接続,だ,ナ,ナ
者	名詞,一般,*,*,*,*,者,モノ,モノ
たち	名詞,接尾,一般,*,*,*,たち,タチ,タチ
の	助詞,連体化,*,*,*,*,の,ノ,ノ
犠牲	名詞,一般,*,*,*,*,犠牲,ギセイ,ギセイ
は	助詞,係助詞,*,*,*,*,は,ハ,ワ
忌む	動詞,自立,*,*,五段・マ行,基本形,忌む,イム,イム
べき	助動詞,*,*,*,文語・ベシ,体言接続,べし,ベキ,ベキ
もの	名詞,非自立,一般,*,*,*,もの,モノ,モノ
。	記号,句点,*,*,*,*,。,。,。
まして	副詞,一般,*,*,*,*,まして,マシテ,マシテ
，	名詞,数,*,*,*,*,，,，,，
人	名詞,接尾,助数詞,*,*,*,人,ニン,ニン
が	助詞,格助詞,一般,*,*,*,が,ガ,ガ
みだら	名詞,形容動詞語幹,*,*,*,*,みだら,ミダラ,ミダラ
な	助動詞,*,*,*,特殊・ダ,体言接続,だ,ナ,ナ
行	名詞,一般,*,*,*,*,行,クダリ,クダリ
ない	形容詞,自立,*,*,形容詞・アウオ段,基本形,ない,ナイ,ナイ
と共に	助詞,格助詞,連語,*,*,*,と共に,トトモニ,トトモニ
それ	名詞,代名詞,一般,*,*,*,それ,ソレ,ソレ
を	助詞,格助詞,一般,*,*,*,を,ヲ,ヲ
携え	動詞,自立,*,*,一段,連用形,携える,タズサエ,タズサエ
て	助詞,接続助詞,*,*,*,*,て,テ,テ
来る	動詞,非自立,*,*,カ変・来ル,基本形,来る,クル,クル
とき	名詞,非自立,副詞可能,*,*,*,とき,トキ,トキ
に	助詞,格助詞,一般,*,*,*,に,ニ,ニ
は	助詞,係助詞,*,*,*,*,は,ハ,ワ
。	記号,句点,*,*,*,*,。,。,。
うそ	名詞,一般,*,*,*,*,うそ,ウソ,ウソ
を	助詞,格助詞,一般,*,*,*,を,ヲ,ヲ
つく	動詞,自立,*,*,五段・カ行イ音便,基本形,つく,ツク,ツク
証人	名詞,一般,*,*,*,*,証人,ショウニン,ショーニン
は	助詞,係助詞,*,*,*,*,は,ハ,ワ
滅び	動詞,自立,*,*,一段,連用形,滅びる,ホロビ,ホロビ
うせる	動詞,自立,*,*,一段,基本形,うせる,ウセル,ウセル
。	記号,句点,*,*,*,*,。,。,。
しかし	接続詞,*,*,*,*,*,しかし,シカシ,シカシ
，	記号,読点,*,*,*,*,，,，,，
聴い	動詞,自立,*,*,五段・カ行イ音便,連用タ接続,聴く,キイ,キイ
て	助詞,接続助詞,*,*,*,*,て,テ,テ
いる	動詞,非自立,*,*,一段,基本形,いる,イル,イル
者	名詞,非自立,一般,*,*,*,者,モノ,モノ
は	助詞,係助詞,*,*,*,*,は,ハ,ワ
まさに	副詞,一般,*,*,*,*,まさに,マサニ,マサニ
永久	名詞,一般,*,*,*,*,永久,エイキュウ,エイキュー
に	助詞,格助詞,一般,*,*,*,に,ニ,ニ
語る	動詞,自立,*,*,五段・ラ行,基本形,語る,カタル,カタル
。	記号,句点,*,*,*,*,。,。,。
邪悪	名詞,形容動詞語幹,*,*,*,*,邪悪,ジャアク,ジャアク
な	助動詞,*,*,*,特殊・ダ,体言接続,だ,ナ,ナ
者	名詞,非自立,一般,*,*,*,者,モノ,モノ
は	助詞,係助詞,*,*,*,*,は,ハ,ワ
厚顔	名詞,形容動詞語幹,*,*,*,*,厚顔,コウガン,コーガン
に	助詞,副詞化,*,*,*,*,に,ニ,ニ
振る舞っ	動詞,自立,*,*,五段・ワ行促音便,連用タ接続,振る舞う,フルマッ,フルマッ
た	助動詞,*,*,*,特殊・タ,基本形,た,タ,タ
。	記号,句点,*,*,*,*,。,。,。
しかし	接続詞,*,*,*,*,*,しかし,シカシ,シカシ
廉直	名詞,形容動詞語幹,*,*,*,*,廉直,レンチョク,レンチョク
な	助動詞,*,*,*,特殊・ダ,体言接続,だ,ナ,ナ
者	名詞,非自立,一般,*,*,*,者,モノ,モノ
は	助詞,係助詞,*,*,*,*,は,ハ,ワ
自分	名詞,一般,*,*,*,*,自分,ジブン,ジブン
の	助詞,連体化,*,*,*,*,の,ノ,ノ
道	名詞,一般,*,*,*,*,道,ミチ,ミチ
を	助詞,格助詞,一般,*,*,*,を,ヲ,ヲ
堅く	形容詞,自立,*,*,形容詞・アウオ段,連用テ接続,堅い,カタク,カタク
据える	動詞,自立,*,*,一段,基本形,据える,スエル,スエル
者	名詞,非自立,一般,*,*,*,者,モノ,モノ
で	助動詞,*,*,*,特殊・ダ,連用形,だ,デ,デ
ある	助動詞,*,*,*,五段・ラ行アル,基本形,ある,アル,アル
。	記号,句点,*,*,*,*,。,。,。
エホバ	名詞,一般,*,*,*,*,エホバ,エホバ,エホバ
に	助詞,格助詞,一般,*,*,*,に,ニ,ニ
逆らっ	動詞,自立,*,*,五段・ワ行促音便,連用タ接続,逆らう,サカラッ,サカラッ
て	助詞,接続助詞,*,*,*,*,て,テ,テ
は	助詞,係助詞,*,*,*,*,は,ハ,ワ
，	記号,読点,*,*,*,*,，,，,，
知恵	名詞,一般,*,*,*,*,知恵,チエ,チエ
も	助詞,係助詞,*,*,*,*,も,モ,モ
，	記号,読点,*,*,*,*,，,，,，
識別	名詞,サ変接続,*,*,*,*,識別,シキベツ,シキベツ
力	名詞,接尾,一般,*,*,*,力,リョク,リョク
も	助詞,係助詞,*,*,*,*,も,モ,モ
，	記号,読点,*,*,*,*,，,，,，
計り	名詞,一般,*,*,*,*,計り,ハカリ,ハカリ
事	名詞,接尾,一般,*,*,*,事,ゴト,ゴト
も	助詞,係助詞,*,*,*,*,も,モ,モ
あり	動詞,自立,*,*,五段・ラ行,連用形,ある,アリ,アリ
え	動詞,非自立,*,*,一段,未然形,える,エ,エ
ない	助動詞,*,*,*,特殊・ナイ,基本形,ない,ナイ,ナイ
。	記号,句点,*,*,*,*,。,。,。
馬	名詞,一般,*,*,*,*,馬,ウマ,ウマ
は	助詞,係助詞,*,*,*,*,は,ハ,ワ
戦闘	名詞,サ変接続,*,*,*,*,戦闘,セントウ,セントー
の	助詞,連体化,*,*,*,*,の,ノ,ノ
日	名詞,非自立,副詞可能,*,*,*,日,ヒ,ヒ
の	助詞,連体化,*,*,*,*,の,ノ,ノ
ため	名詞,非自立,副詞可能,*,*,*,ため,タメ,タメ
に	助詞,格助詞,一般,*,*,*,に,ニ,ニ
備え	動詞,自立,*,*,一段,未然形,備える,ソナエ,ソナエ
られる	動詞,接尾,*,*,一段,基本形,られる,ラレル,ラレル
もの	名詞,非自立,一般,*,*,*,もの,モノ,モノ
で	助動詞,*,*,*,特殊・ダ,連用形,だ,デ,デ
ある	助動詞,*,*,*,五段・ラ行アル,基本形,ある,アル,アル
。	記号,句点,*,*,*,*,。,。,。
しかし	接続詞,*,*,*,*,*,しかし,シカシ,シカシ
救い	名詞,一般,*,*,*,*,救い,スクイ,スクイ
は	助詞,係助詞,*,*,*,*,は,ハ,ワ
エホバ	名詞,一般,*,*,*,*,エホバ,エホバ,エホバ
に	助詞,格助詞,一般,*,*,*,に,ニ,ニ
よる	動詞,自立,*,*,五段・ラ行,基本形,よる,ヨル,ヨル
。	記号,句点,*,*,*,*,。,。,。
EOS
