王	名詞,固有名詞,人名,姓,*,*,王,オウ,オー
レムエル	名詞,一般,*,*,*,*,*
の	助詞,連体化,*,*,*,*,の,ノ,ノ
言葉	名詞,一般,*,*,*,*,言葉,コトバ,コトバ
。	記号,句点,*,*,*,*,。,。,。
その	連体詞,*,*,*,*,*,その,ソノ,ソノ
母	名詞,一般,*,*,*,*,母,ハハ,ハハ
が	助詞,格助詞,一般,*,*,*,が,ガ,ガ
矯正	名詞,サ変接続,*,*,*,*,矯正,キョウセイ,キョーセイ
の	助詞,連体化,*,*,*,*,の,ノ,ノ
ため	名詞,非自立,副詞可能,*,*,*,ため,タメ,タメ
彼	名詞,代名詞,一般,*,*,*,彼,カレ,カレ
に	助詞,格助詞,一般,*,*,*,に,ニ,ニ
与え	動詞,自立,*,*,一段,連用形,与える,アタエ,アタエ
た	助動詞,*,*,*,特殊・タ,基本形,た,タ,タ
重み	名詞,一般,*,*,*,*,重み,オモミ,オモミ
の	助詞,格助詞,一般,*,*,*,の,ノ,ノ
ある	動詞,自立,*,*,五段・ラ行,基本形,ある,アル,アル
音信	名詞,一般,*,*,*,*,音信,オンシン,オンシン
。	記号,句点,*,*,*,*,。,。,。
わたし	名詞,代名詞,一般,*,*,*,わたし,ワタシ,ワタシ
の	助詞,連体化,*,*,*,*,の,ノ,ノ
子	名詞,一般,*,*,*,*,子,コ,コ
よ	助詞,終助詞,*,*,*,*,よ,ヨ,ヨ
，	記号,読点,*,*,*,*,，,，,，
[	名詞,サ変接続,*,*,*,*,*
わたし	名詞,代名詞,一般,*,*,*,わたし,ワタシ,ワタシ
は	助詞,係助詞,*,*,*,*,は,ハ,ワ
]	名詞,サ変接続,*,*,*,*,*
何	名詞,代名詞,一般,*,*,*,何,ナニ,ナニ
を	助詞,格助詞,一般,*,*,*,を,ヲ,ヲ
[	名詞,サ変接続,*,*,*,*,*
言お	動詞,自立,*,*,五段・ワ行促音便,未然ウ接続,言う,イオ,イオ
う	助動詞,*,*,*,不変化型,基本形,う,ウ,ウ
と	助詞,格助詞,引用,*,*,*,と,ト,ト
し	動詞,自立,*,*,サ変・スル,連用形,する,シ,シ
て	助詞,接続助詞,*,*,*,*,て,テ,テ
いる	動詞,非自立,*,*,一段,基本形,いる,イル,イル
の	名詞,非自立,一般,*,*,*,の,ノ,ノ
か	助詞,副助詞／並立助詞／終助詞,*,*,*,*,か,カ,カ
]。	名詞,サ変接続,*,*,*,*,*
わたし	名詞,代名詞,一般,*,*,*,わたし,ワタシ,ワタシ
の	助詞,連体化,*,*,*,*,の,ノ,ノ
腹	名詞,一般,*,*,*,*,腹,ハラ,ハラ
の	助詞,連体化,*,*,*,*,の,ノ,ノ
子	名詞,一般,*,*,*,*,子,コ,コ
よ	助詞,終助詞,*,*,*,*,よ,ヨ,ヨ
，	記号,読点,*,*,*,*,，,，,，
[	名詞,サ変接続,*,*,*,*,*
わたし	名詞,代名詞,一般,*,*,*,わたし,ワタシ,ワタシ
は	助詞,係助詞,*,*,*,*,は,ハ,ワ
]	名詞,サ変接続,*,*,*,*,*
何	名詞,代名詞,一般,*,*,*,何,ナニ,ナニ
を	助詞,格助詞,一般,*,*,*,を,ヲ,ヲ
[	名詞,サ変接続,*,*,*,*,*
言お	動詞,自立,*,*,五段・ワ行促音便,未然ウ接続,言う,イオ,イオ
う	助動詞,*,*,*,不変化型,基本形,う,ウ,ウ
と	助詞,格助詞,引用,*,*,*,と,ト,ト
し	動詞,自立,*,*,サ変・スル,連用形,する,シ,シ
て	助詞,接続助詞,*,*,*,*,て,テ,テ
いる	動詞,非自立,*,*,一段,基本形,いる,イル,イル
の	名詞,非自立,一般,*,*,*,の,ノ,ノ
か	助詞,副助詞／並立助詞／終助詞,*,*,*,*,か,カ,カ
]。	名詞,サ変接続,*,*,*,*,*
わたし	名詞,代名詞,一般,*,*,*,わたし,ワタシ,ワタシ
の	助詞,連体化,*,*,*,*,の,ノ,ノ
誓約	名詞,サ変接続,*,*,*,*,誓約,セイヤク,セイヤク
の	助詞,連体化,*,*,*,*,の,ノ,ノ
子	名詞,一般,*,*,*,*,子,コ,コ
よ	助詞,終助詞,*,*,*,*,よ,ヨ,ヨ
，	記号,読点,*,*,*,*,，,，,，
[	名詞,サ変接続,*,*,*,*,*
わたし	名詞,代名詞,一般,*,*,*,わたし,ワタシ,ワタシ
は	助詞,係助詞,*,*,*,*,は,ハ,ワ
]	名詞,サ変接続,*,*,*,*,*
何	名詞,代名詞,一般,*,*,*,何,ナニ,ナニ
を	助詞,格助詞,一般,*,*,*,を,ヲ,ヲ
[	名詞,サ変接続,*,*,*,*,*
言お	動詞,自立,*,*,五段・ワ行促音便,未然ウ接続,言う,イオ,イオ
う	助動詞,*,*,*,不変化型,基本形,う,ウ,ウ
と	助詞,格助詞,引用,*,*,*,と,ト,ト
し	動詞,自立,*,*,サ変・スル,連用形,する,シ,シ
て	助詞,接続助詞,*,*,*,*,て,テ,テ
いる	動詞,非自立,*,*,一段,基本形,いる,イル,イル
の	名詞,非自立,一般,*,*,*,の,ノ,ノ
か	助詞,副助詞／並立助詞／終助詞,*,*,*,*,か,カ,カ
]。	名詞,サ変接続,*,*,*,*,*
あなた	名詞,代名詞,一般,*,*,*,あなた,アナタ,アナタ
の	助詞,連体化,*,*,*,*,の,ノ,ノ
活力	名詞,一般,*,*,*,*,活力,カツリョク,カツリョク
を	助詞,格助詞,一般,*,*,*,を,ヲ,ヲ
女	名詞,一般,*,*,*,*,女,オンナ,オンナ
たち	名詞,接尾,一般,*,*,*,たち,タチ,タチ
に	助詞,格助詞,一般,*,*,*,に,ニ,ニ
，	記号,読点,*,*,*,*,，,，,，
また	接続詞,*,*,*,*,*,また,マタ,マタ
あなた	名詞,代名詞,一般,*,*,*,あなた,アナタ,アナタ
の	助詞,連体化,*,*,*,*,の,ノ,ノ
道	名詞,一般,*,*,*,*,道,ミチ,ミチ
を	助詞,格助詞,一般,*,*,*,を,ヲ,ヲ
，	記号,読点,*,*,*,*,，,，,，
王	名詞,一般,*,*,*,*,王,オウ,オー
たち	名詞,接尾,一般,*,*,*,たち,タチ,タチ
を	助詞,格助詞,一般,*,*,*,を,ヲ,ヲ
ぬぐい去る	動詞,自立,*,*,五段・ラ行,基本形,ぬぐい去る,ヌグイサル,ヌグイサル
[	名詞,サ変接続,*,*,*,*,*
も	助詞,係助詞,*,*,*,*,も,モ,モ
の	助詞,連体化,*,*,*,*,の,ノ,ノ
]	名詞,サ変接続,*,*,*,*,*
に	助詞,格助詞,一般,*,*,*,に,ニ,ニ
与え	動詞,自立,*,*,一段,連用形,与える,アタエ,アタエ
て	助詞,接続助詞,*,*,*,*,て,テ,テ
は	助詞,係助詞,*,*,*,*,は,ハ,ワ
なら	動詞,非自立,*,*,五段・ラ行,未然形,なる,ナラ,ナラ
ない	助動詞,*,*,*,特殊・ナイ,基本形,ない,ナイ,ナイ
。	記号,句点,*,*,*,*,。,。,。
レムエル	名詞,一般,*,*,*,*,*
よ	助詞,終助詞,*,*,*,*,よ,ヨ,ヨ
，	記号,読点,*,*,*,*,，,，,，
それ	名詞,代名詞,一般,*,*,*,それ,ソレ,ソレ
は	助詞,係助詞,*,*,*,*,は,ハ,ワ
王	名詞,一般,*,*,*,*,王,オウ,オー
たち	名詞,接尾,一般,*,*,*,たち,タチ,タチ
の	助詞,格助詞,一般,*,*,*,の,ノ,ノ
す	動詞,自立,*,*,サ変・スル,文語基本形,する,ス,ス
べき	助動詞,*,*,*,文語・ベシ,体言接続,べし,ベキ,ベキ
こと	名詞,非自立,一般,*,*,*,こと,コト,コト
で	助動詞,*,*,*,特殊・ダ,連用形,だ,デ,デ
は	助詞,係助詞,*,*,*,*,は,ハ,ワ
ない	助動詞,*,*,*,特殊・ナイ,基本形,ない,ナイ,ナイ
。	記号,句点,*,*,*,*,。,。,。
ぶどう酒	名詞,一般,*,*,*,*,ぶどう酒,ブドウシュ,ブドーシュ
を	助詞,格助詞,一般,*,*,*,を,ヲ,ヲ
飲む	動詞,自立,*,*,五段・マ行,基本形,飲む,ノム,ノム
こと	名詞,非自立,一般,*,*,*,こと,コト,コト
は	助詞,係助詞,*,*,*,*,は,ハ,ワ
王	名詞,一般,*,*,*,*,王,オウ,オー
の	助詞,格助詞,一般,*,*,*,の,ノ,ノ
す	動詞,自立,*,*,サ変・スル,文語基本形,する,ス,ス
べき	助動詞,*,*,*,文語・ベシ,体言接続,べし,ベキ,ベキ
こと	名詞,非自立,一般,*,*,*,こと,コト,コト
で	助動詞,*,*,*,特殊・ダ,連用形,だ,デ,デ
は	助詞,係助詞,*,*,*,*,は,ハ,ワ
ない	助動詞,*,*,*,特殊・ナイ,基本形,ない,ナイ,ナイ
。	記号,句点,*,*,*,*,。,。,。
また	接続詞,*,*,*,*,*,また,マタ,マタ
，	記号,読点,*,*,*,*,，,，,，
「	記号,括弧開,*,*,*,*,「,「,「
酔わ	動詞,自立,*,*,五段・ワ行促音便,未然形,酔う,ヨワ,ヨワ
せる	動詞,接尾,*,*,一段,基本形,せる,セル,セル
酒	名詞,一般,*,*,*,*,酒,サケ,サケ
は	助詞,係助詞,*,*,*,*,は,ハ,ワ
どこ	名詞,代名詞,一般,*,*,*,どこ,ドコ,ドコ
に	助詞,格助詞,一般,*,*,*,に,ニ,ニ
ある	動詞,自立,*,*,五段・ラ行,基本形,ある,アル,アル
の	名詞,非自立,一般,*,*,*,の,ノ,ノ
か	助詞,副助詞／並立助詞／終助詞,*,*,*,*,か,カ,カ
」	記号,括弧閉,*,*,*,*,」,」,」
と	助詞,格助詞,引用,*,*,*,と,ト,ト
は	助詞,係助詞,*,*,*,*,は,ハ,ワ
，	記号,読点,*,*,*,*,，,，,，
高官	名詞,一般,*,*,*,*,高官,コウカン,コーカン
の	助詞,連体化,*,*,*,*,の,ノ,ノ
[	名詞,サ変接続,*,*,*,*,*
言う	動詞,自立,*,*,五段・ワ行促音便,基本形,言う,イウ,イウ
べき	助動詞,*,*,*,文語・ベシ,体言接続,べし,ベキ,ベキ
こと	名詞,非自立,一般,*,*,*,こと,コト,コト
で	助動詞,*,*,*,特殊・ダ,連用形,だ,デ,デ
は	助詞,係助詞,*,*,*,*,は,ハ,ワ
ない	形容詞,自立,*,*,形容詞・アウオ段,基本形,ない,ナイ,ナイ
]。	名詞,サ変接続,*,*,*,*,*
飲ん	動詞,自立,*,*,五段・マ行,連用タ接続,飲む,ノン,ノン
で	助詞,接続助詞,*,*,*,*,で,デ,デ
，	記号,読点,*,*,*,*,，,，,，
布告	名詞,サ変接続,*,*,*,*,布告,フコク,フコク
さ	動詞,自立,*,*,サ変・スル,未然レル接続,する,サ,サ
れ	動詞,接尾,*,*,一段,連用形,れる,レ,レ
た	助動詞,*,*,*,特殊・タ,基本形,た,タ,タ
こと	名詞,非自立,一般,*,*,*,こと,コト,コト
を	助詞,格助詞,一般,*,*,*,を,ヲ,ヲ
忘れ	動詞,自立,*,*,一段,連用形,忘れる,ワスレ,ワスレ
，	記号,読点,*,*,*,*,，,，,，
苦悩	名詞,サ変接続,*,*,*,*,苦悩,クノウ,クノー
の	助詞,連体化,*,*,*,*,の,ノ,ノ
子	名詞,一般,*,*,*,*,子,コ,コ
ら	名詞,接尾,一般,*,*,*,ら,ラ,ラ
の	助詞,連体化,*,*,*,*,の,ノ,ノ
言い分	名詞,一般,*,*,*,*,言い分,イイブン,イーブン
を	助詞,格助詞,一般,*,*,*,を,ヲ,ヲ
曲げる	動詞,自立,*,*,一段,基本形,曲げる,マゲル,マゲル
こと	名詞,非自立,一般,*,*,*,こと,コト,コト
の	助詞,格助詞,一般,*,*,*,の,ノ,ノ
ない	形容詞,自立,*,*,形容詞・アウオ段,基本形,ない,ナイ,ナイ
ため	名詞,非自立,副詞可能,*,*,*,ため,タメ,タメ
で	助動詞,*,*,*,特殊・ダ,連用形,だ,デ,デ
ある	助動詞,*,*,*,五段・ラ行アル,基本形,ある,アル,アル
。	記号,句点,*,*,*,*,。,。,。
あなた	名詞,代名詞,一般,*,*,*,あなた,アナタ,アナタ
方	名詞,接尾,一般,*,*,*,方,カタ,カタ
は	助詞,係助詞,*,*,*,*,は,ハ,ワ
，	記号,読点,*,*,*,*,，,，,，
滅び	動詞,自立,*,*,一段,連用形,滅びる,ホロビ,ホロビ
うせよ	動詞,自立,*,*,一段,未然ウ接続,うせる,ウセヨ,ウセヨ
う	助動詞,*,*,*,不変化型,基本形,う,ウ,ウ
と	助詞,格助詞,引用,*,*,*,と,ト,ト
し	動詞,自立,*,*,サ変・スル,連用形,する,シ,シ
て	助詞,接続助詞,*,*,*,*,て,テ,テ
いる	動詞,非自立,*,*,一段,基本形,いる,イル,イル
者	名詞,非自立,一般,*,*,*,者,モノ,モノ
に	助詞,格助詞,一般,*,*,*,に,ニ,ニ
酔わ	動詞,自立,*,*,五段・ワ行促音便,未然形,酔う,ヨワ,ヨワ
せる	動詞,接尾,*,*,一段,基本形,せる,セル,セル
酒	名詞,一般,*,*,*,*,酒,サケ,サケ
を	助詞,格助詞,一般,*,*,*,を,ヲ,ヲ
，	記号,読点,*,*,*,*,，,，,，
魂	名詞,一般,*,*,*,*,魂,タマシイ,タマシー
の	助詞,格助詞,一般,*,*,*,の,ノ,ノ
苦しん	動詞,自立,*,*,五段・マ行,連用タ接続,苦しむ,クルシン,クルシン
で	助詞,接続助詞,*,*,*,*,で,デ,デ
いる	動詞,非自立,*,*,一段,基本形,いる,イル,イル
者	名詞,一般,*,*,*,*,者,モノ,モノ
たち	名詞,接尾,一般,*,*,*,たち,タチ,タチ
に	助詞,格助詞,一般,*,*,*,に,ニ,ニ
ぶどう酒	名詞,一般,*,*,*,*,ぶどう酒,ブドウシュ,ブドーシュ
を	助詞,格助詞,一般,*,*,*,を,ヲ,ヲ
与えよ	動詞,自立,*,*,一段,命令ｙｏ,与える,アタエヨ,アタエヨ
。	記号,句点,*,*,*,*,。,。,。
人	名詞,一般,*,*,*,*,人,ヒト,ヒト
は	助詞,係助詞,*,*,*,*,は,ハ,ワ
飲ん	動詞,自立,*,*,五段・マ行,連用タ接続,飲む,ノン,ノン
で	助詞,接続助詞,*,*,*,*,で,デ,デ
自分	名詞,一般,*,*,*,*,自分,ジブン,ジブン
の	助詞,連体化,*,*,*,*,の,ノ,ノ
貧し	形容詞,自立,*,*,形容詞・イ段,ガル接続,貧しい,マズシ,マズシ
さ	名詞,接尾,特殊,*,*,*,さ,サ,サ
を	助詞,格助詞,一般,*,*,*,を,ヲ,ヲ
忘れる	動詞,自立,*,*,一段,基本形,忘れる,ワスレル,ワスレル
が	助詞,接続助詞,*,*,*,*,が,ガ,ガ
よい	形容詞,自立,*,*,形容詞・アウオ段,基本形,よい,ヨイ,ヨイ
。	記号,句点,*,*,*,*,。,。,。
もう	副詞,一般,*,*,*,*,もう,モウ,モー
自分	名詞,一般,*,*,*,*,自分,ジブン,ジブン
の	助詞,連体化,*,*,*,*,の,ノ,ノ
難儀	名詞,サ変接続,*,*,*,*,難儀,ナンギ,ナンギ
を	助詞,格助詞,一般,*,*,*,を,ヲ,ヲ
思い出さ	動詞,自立,*,*,五段・サ行,未然形,思い出す,オモイダサ,オモイダサ
ぬ	助動詞,*,*,*,特殊・ヌ,基本形,ぬ,ヌ,ヌ
が	助詞,接続助詞,*,*,*,*,が,ガ,ガ
よい	形容詞,自立,*,*,形容詞・アウオ段,基本形,よい,ヨイ,ヨイ
。	記号,句点,*,*,*,*,。,。,。
口	名詞,一般,*,*,*,*,口,クチ,クチ
の	助詞,格助詞,一般,*,*,*,の,ノ,ノ
きけ	動詞,自立,*,*,一段,未然形,きける,キケ,キケ
ない	助動詞,*,*,*,特殊・ナイ,基本形,ない,ナイ,ナイ
者	名詞,非自立,一般,*,*,*,者,モノ,モノ
の	助詞,連体化,*,*,*,*,の,ノ,ノ
ため	名詞,非自立,副詞可能,*,*,*,ため,タメ,タメ
，	記号,読点,*,*,*,*,，,，,，
すべて	名詞,副詞可能,*,*,*,*,すべて,スベテ,スベテ
去っ	動詞,自立,*,*,五段・ラ行,連用タ接続,去る,サッ,サッ
て	助詞,接続助詞,*,*,*,*,て,テ,テ
行く	動詞,非自立,*,*,五段・カ行促音便,基本形,行く,イク,イク
者	名詞,一般,*,*,*,*,者,モノ,モノ
たち	名詞,接尾,一般,*,*,*,たち,タチ,タチ
の	助詞,連体化,*,*,*,*,の,ノ,ノ
ため	名詞,非自立,副詞可能,*,*,*,ため,タメ,タメ
に	助詞,格助詞,一般,*,*,*,に,ニ,ニ
あなた	名詞,代名詞,一般,*,*,*,あなた,アナタ,アナタ
の	助詞,連体化,*,*,*,*,の,ノ,ノ
口	名詞,一般,*,*,*,*,口,クチ,クチ
を	助詞,格助詞,一般,*,*,*,を,ヲ,ヲ
開け	動詞,自立,*,*,五段・カ行イ音便,命令ｅ,開く,アケ,アケ
。	記号,句点,*,*,*,*,。,。,。
あなた	名詞,代名詞,一般,*,*,*,あなた,アナタ,アナタ
の	助詞,連体化,*,*,*,*,の,ノ,ノ
口	名詞,一般,*,*,*,*,口,クチ,クチ
を	助詞,格助詞,一般,*,*,*,を,ヲ,ヲ
開き	動詞,自立,*,*,五段・カ行イ音便,連用形,開く,ヒラキ,ヒラキ
，	記号,読点,*,*,*,*,，,，,，
正しく	副詞,一般,*,*,*,*,正しく,マサシク,マサシク
裁き	動詞,自立,*,*,五段・カ行イ音便,連用形,裁く,サバキ,サバキ
，	記号,読点,*,*,*,*,，,，,，
苦しん	動詞,自立,*,*,五段・マ行,連用タ接続,苦しむ,クルシン,クルシン
で	助詞,接続助詞,*,*,*,*,で,デ,デ
いる	動詞,非自立,*,*,一段,基本形,いる,イル,イル
者	名詞,非自立,一般,*,*,*,者,モノ,モノ
や	助詞,並立助詞,*,*,*,*,や,ヤ,ヤ
貧しい	形容詞,自立,*,*,形容詞・イ段,基本形,貧しい,マズシイ,マズシイ
者	名詞,非自立,一般,*,*,*,者,モノ,モノ
の	助詞,連体化,*,*,*,*,の,ノ,ノ
言い分	名詞,一般,*,*,*,*,言い分,イイブン,イーブン
を	助詞,格助詞,一般,*,*,*,を,ヲ,ヲ
弁護	名詞,サ変接続,*,*,*,*,弁護,ベンゴ,ベンゴ
せよ	動詞,自立,*,*,サ変・スル,命令ｙｏ,する,セヨ,セヨ
。	記号,句点,*,*,*,*,。,。,。
有能	名詞,形容動詞語幹,*,*,*,*,有能,ユウノウ,ユーノー
な	助動詞,*,*,*,特殊・ダ,体言接続,だ,ナ,ナ
妻	名詞,一般,*,*,*,*,妻,ツマ,ツマ
を	助詞,格助詞,一般,*,*,*,を,ヲ,ヲ
だれ	名詞,代名詞,一般,*,*,*,だれ,ダレ,ダレ
が	助詞,格助詞,一般,*,*,*,が,ガ,ガ
見いだせる	動詞,自立,*,*,一段,基本形,見いだせる,ミイダセル,ミイダセル
だろ	助動詞,*,*,*,特殊・ダ,未然形,だ,ダロ,ダロ
う	助動詞,*,*,*,不変化型,基本形,う,ウ,ウ
か	助詞,副助詞／並立助詞／終助詞,*,*,*,*,か,カ,カ
。	記号,句点,*,*,*,*,。,。,。
その	連体詞,*,*,*,*,*,その,ソノ,ソノ
価	名詞,一般,*,*,*,*,価,アタイ,アタイ
はさん	動詞,自立,*,*,五段・マ行,連用タ接続,はさむ,ハサン,ハサン
ご	接頭詞,名詞接続,*,*,*,*,ご,ゴ,ゴ
より	助詞,格助詞,一般,*,*,*,より,ヨリ,ヨリ
も	助詞,係助詞,*,*,*,*,も,モ,モ
はるか	名詞,形容動詞語幹,*,*,*,*,はるか,ハルカ,ハルカ
に	助詞,副詞化,*,*,*,*,に,ニ,ニ
貴い	形容詞,自立,*,*,形容詞・アウオ段,基本形,貴い,トウトイ,トートイ
。	記号,句点,*,*,*,*,。,。,。
彼女	名詞,代名詞,一般,*,*,*,彼女,カノジョ,カノジョ
を	助詞,格助詞,一般,*,*,*,を,ヲ,ヲ
所有	名詞,サ変接続,*,*,*,*,所有,ショユウ,ショユー
する	動詞,自立,*,*,サ変・スル,基本形,する,スル,スル
者	名詞,非自立,一般,*,*,*,者,モノ,モノ
の	助詞,連体化,*,*,*,*,の,ノ,ノ
心	名詞,一般,*,*,*,*,心,ココロ,ココロ
は	助詞,係助詞,*,*,*,*,は,ハ,ワ
これ	名詞,代名詞,一般,*,*,*,これ,コレ,コレ
に	助詞,格助詞,一般,*,*,*,に,ニ,ニ
信頼	名詞,サ変接続,*,*,*,*,信頼,シンライ,シンライ
を	助詞,格助詞,一般,*,*,*,を,ヲ,ヲ
置い	動詞,自立,*,*,五段・カ行イ音便,連用タ接続,置く,オイ,オイ
た	助動詞,*,*,*,特殊・タ,基本形,た,タ,タ
。	記号,句点,*,*,*,*,。,。,。
そして	接続詞,*,*,*,*,*,そして,ソシテ,ソシテ
，	記号,読点,*,*,*,*,，,，,，
収益	名詞,一般,*,*,*,*,収益,シュウエキ,シューエキ
に	助詞,格助詞,一般,*,*,*,に,ニ,ニ
欠ける	動詞,自立,*,*,一段,基本形,欠ける,カケル,カケル
こと	名詞,非自立,一般,*,*,*,こと,コト,コト
が	助詞,格助詞,一般,*,*,*,が,ガ,ガ
ない	形容詞,自立,*,*,形容詞・アウオ段,基本形,ない,ナイ,ナイ
。	記号,句点,*,*,*,*,。,。,。
彼女	名詞,代名詞,一般,*,*,*,彼女,カノジョ,カノジョ
は	助詞,係助詞,*,*,*,*,は,ハ,ワ
その	連体詞,*,*,*,*,*,その,ソノ,ソノ
命	名詞,一般,*,*,*,*,命,イノチ,イノチ
の	助詞,連体化,*,*,*,*,の,ノ,ノ
日	名詞,非自立,副詞可能,*,*,*,日,ヒ,ヒ
の	助詞,連体化,*,*,*,*,の,ノ,ノ
限り	名詞,非自立,副詞可能,*,*,*,限り,カギリ,カギリ
，	記号,読点,*,*,*,*,，,，,，
悪	名詞,一般,*,*,*,*,悪,アク,アク
で	助詞,格助詞,一般,*,*,*,で,デ,デ
は	助詞,係助詞,*,*,*,*,は,ハ,ワ
なく	助動詞,*,*,*,特殊・ナイ,連用テ接続,ない,ナク,ナク
，	記号,読点,*,*,*,*,，,，,，
善	名詞,一般,*,*,*,*,善,ゼン,ゼン
を	助詞,格助詞,一般,*,*,*,を,ヲ,ヲ
もっ	動詞,自立,*,*,五段・タ行,連用タ接続,もつ,モッ,モッ
て	助詞,接続助詞,*,*,*,*,て,テ,テ
彼	名詞,代名詞,一般,*,*,*,彼,カレ,カレ
に	助詞,格助詞,一般,*,*,*,に,ニ,ニ
報い	動詞,自立,*,*,一段,連用形,報いる,ムクイ,ムクイ
た	助動詞,*,*,*,特殊・タ,基本形,た,タ,タ
。	記号,句点,*,*,*,*,。,。,。
彼女	名詞,代名詞,一般,*,*,*,彼女,カノジョ,カノジョ
は	助詞,係助詞,*,*,*,*,は,ハ,ワ
羊毛	名詞,一般,*,*,*,*,羊毛,ヨウモウ,ヨーモー
と	助詞,並立助詞,*,*,*,*,と,ト,ト
亜麻	名詞,一般,*,*,*,*,亜麻,アマ,アマ
を	助詞,格助詞,一般,*,*,*,を,ヲ,ヲ
求め	動詞,自立,*,*,一段,連用形,求める,モトメ,モトメ
た	助動詞,*,*,*,特殊・タ,基本形,た,タ,タ
。	記号,句点,*,*,*,*,。,。,。
そして	接続詞,*,*,*,*,*,そして,ソシテ,ソシテ
，	記号,読点,*,*,*,*,，,，,，
何	名詞,代名詞,一般,*,*,*,何,ナニ,ナニ
で	助動詞,*,*,*,特殊・ダ,連用形,だ,デ,デ
あれ	助動詞,*,*,*,五段・ラ行アル,命令ｅ,ある,アレ,アレ
その	連体詞,*,*,*,*,*,その,ソノ,ソノ
手	名詞,一般,*,*,*,*,手,テ,テ
の	助詞,連体化,*,*,*,*,の,ノ,ノ
喜び	名詞,一般,*,*,*,*,喜び,ヨロコビ,ヨロコビ
と	助詞,格助詞,一般,*,*,*,と,ト,ト
なる	動詞,自立,*,*,五段・ラ行,基本形,なる,ナル,ナル
こと	名詞,非自立,一般,*,*,*,こと,コト,コト
を	助詞,格助詞,一般,*,*,*,を,ヲ,ヲ
一生懸命	名詞,副詞可能,*,*,*,*,一生懸命,イッショウケンメイ,イッショーケンメイ
に	助詞,格助詞,一般,*,*,*,に,ニ,ニ
行なう	動詞,自立,*,*,五段・ワ行促音便,基本形,行なう,オコナウ,オコナウ
。	記号,句点,*,*,*,*,。,。,。
彼女	名詞,代名詞,一般,*,*,*,彼女,カノジョ,カノジョ
は	助詞,係助詞,*,*,*,*,は,ハ,ワ
商人	名詞,一般,*,*,*,*,商人,ショウニン,ショーニン
の	助詞,連体化,*,*,*,*,の,ノ,ノ
船	名詞,一般,*,*,*,*,船,フネ,フネ
の	助詞,連体化,*,*,*,*,の,ノ,ノ
よう	名詞,非自立,助動詞語幹,*,*,*,よう,ヨウ,ヨー
に	助詞,格助詞,一般,*,*,*,に,ニ,ニ
なっ	動詞,自立,*,*,五段・ラ行,連用タ接続,なる,ナッ,ナッ
た	助動詞,*,*,*,特殊・タ,基本形,た,タ,タ
。	記号,句点,*,*,*,*,。,。,。
はるか	名詞,固有名詞,一般,*,*,*,はるか,ハルカ,ハルカ
遠く	名詞,副詞可能,*,*,*,*,遠く,トオク,トーク
から	助詞,格助詞,一般,*,*,*,から,カラ,カラ
その	連体詞,*,*,*,*,*,その,ソノ,ソノ
食物	名詞,一般,*,*,*,*,食物,ショクモツ,ショクモツ
を	助詞,格助詞,一般,*,*,*,を,ヲ,ヲ
携え	動詞,自立,*,*,一段,連用形,携える,タズサエ,タズサエ
て	助詞,接続助詞,*,*,*,*,て,テ,テ
来る	動詞,非自立,*,*,カ変・来ル,基本形,来る,クル,クル
。	記号,句点,*,*,*,*,。,。,。
彼女	名詞,代名詞,一般,*,*,*,彼女,カノジョ,カノジョ
は	助詞,係助詞,*,*,*,*,は,ハ,ワ
また	接続詞,*,*,*,*,*,また,マタ,マタ
，	記号,読点,*,*,*,*,，,，,，
まだ	副詞,助詞類接続,*,*,*,*,まだ,マダ,マダ
夜	名詞,副詞可能,*,*,*,*,夜,ヨル,ヨル
の	助詞,連体化,*,*,*,*,の,ノ,ノ
うち	名詞,非自立,副詞可能,*,*,*,うち,ウチ,ウチ
に	助詞,格助詞,一般,*,*,*,に,ニ,ニ
起き	動詞,自立,*,*,一段,連用形,起きる,オキ,オキ
，	記号,読点,*,*,*,*,，,，,，
食物	名詞,一般,*,*,*,*,食物,ショクモツ,ショクモツ
を	助詞,格助詞,一般,*,*,*,を,ヲ,ヲ
家	名詞,一般,*,*,*,*,家,イエ,イエ
の	助詞,連体化,*,*,*,*,の,ノ,ノ
者	名詞,非自立,一般,*,*,*,者,モノ,モノ
に	助詞,格助詞,一般,*,*,*,に,ニ,ニ
，	記号,読点,*,*,*,*,，,，,，
定め	動詞,自立,*,*,一段,未然形,定める,サダメ,サダメ
られ	動詞,接尾,*,*,一段,連用形,られる,ラレ,ラレ
た	助動詞,*,*,*,特殊・タ,基本形,た,タ,タ
分	名詞,接尾,一般,*,*,*,分,ブン,ブン
を	助詞,格助詞,一般,*,*,*,を,ヲ,ヲ
若い	形容詞,自立,*,*,形容詞・アウオ段,基本形,若い,ワカイ,ワカイ
女	名詞,一般,*,*,*,*,女,オンナ,オンナ
たち	名詞,接尾,一般,*,*,*,たち,タチ,タチ
に	助詞,格助詞,一般,*,*,*,に,ニ,ニ
与える	動詞,自立,*,*,一段,基本形,与える,アタエル,アタエル
。	記号,句点,*,*,*,*,。,。,。
彼女	名詞,代名詞,一般,*,*,*,彼女,カノジョ,カノジョ
は	助詞,係助詞,*,*,*,*,は,ハ,ワ
畑	名詞,一般,*,*,*,*,畑,ハタケ,ハタケ
について	助詞,格助詞,連語,*,*,*,について,ニツイテ,ニツイテ
考慮	名詞,サ変接続,*,*,*,*,考慮,コウリョ,コーリョ
し	動詞,自立,*,*,サ変・スル,連用形,する,シ,シ
，	記号,読点,*,*,*,*,，,，,，
そして	接続詞,*,*,*,*,*,そして,ソシテ,ソシテ
それ	名詞,代名詞,一般,*,*,*,それ,ソレ,ソレ
を	助詞,格助詞,一般,*,*,*,を,ヲ,ヲ
手	名詞,一般,*,*,*,*,手,テ,テ
に	助詞,格助詞,一般,*,*,*,に,ニ,ニ
入れ	動詞,自立,*,*,一段,連用形,入れる,イレ,イレ
た	助動詞,*,*,*,特殊・タ,基本形,た,タ,タ
。	記号,句点,*,*,*,*,。,。,。
彼女	名詞,代名詞,一般,*,*,*,彼女,カノジョ,カノジョ
は	助詞,係助詞,*,*,*,*,は,ハ,ワ
自分	名詞,一般,*,*,*,*,自分,ジブン,ジブン
の	助詞,連体化,*,*,*,*,の,ノ,ノ
手	名詞,一般,*,*,*,*,手,テ,テ
の	助詞,連体化,*,*,*,*,の,ノ,ノ
実	名詞,一般,*,*,*,*,実,ミ,ミ
から	助詞,格助詞,一般,*,*,*,から,カラ,カラ
ぶどう	名詞,一般,*,*,*,*,ぶどう,ブドウ,ブドー
園	名詞,接尾,一般,*,*,*,園,エン,エン
を	助詞,格助詞,一般,*,*,*,を,ヲ,ヲ
設け	動詞,自立,*,*,一段,連用形,設ける,モウケ,モーケ
た	助動詞,*,*,*,特殊・タ,基本形,た,タ,タ
。	記号,句点,*,*,*,*,。,。,。
彼女	名詞,代名詞,一般,*,*,*,彼女,カノジョ,カノジョ
は	助詞,係助詞,*,*,*,*,は,ハ,ワ
力	名詞,一般,*,*,*,*,力,チカラ,チカラ
を	助詞,格助詞,一般,*,*,*,を,ヲ,ヲ
腰	名詞,一般,*,*,*,*,腰,コシ,コシ
の	助詞,連体化,*,*,*,*,の,ノ,ノ
帯	名詞,一般,*,*,*,*,帯,オビ,オビ
と	助詞,格助詞,一般,*,*,*,と,ト,ト
し	動詞,自立,*,*,サ変・スル,連用形,する,シ,シ
た	助動詞,*,*,*,特殊・タ,基本形,た,タ,タ
。	記号,句点,*,*,*,*,。,。,。
その	連体詞,*,*,*,*,*,その,ソノ,ソノ
腕	名詞,一般,*,*,*,*,腕,ウデ,ウデ
に	助詞,格助詞,一般,*,*,*,に,ニ,ニ
活気	名詞,一般,*,*,*,*,活気,カッキ,カッキ
を	助詞,格助詞,一般,*,*,*,を,ヲ,ヲ
添える	動詞,自立,*,*,一段,基本形,添える,ソエル,ソエル
。	記号,句点,*,*,*,*,。,。,。
彼女	名詞,代名詞,一般,*,*,*,彼女,カノジョ,カノジョ
は	助詞,係助詞,*,*,*,*,は,ハ,ワ
自分	名詞,一般,*,*,*,*,自分,ジブン,ジブン
の	助詞,連体化,*,*,*,*,の,ノ,ノ
取り引き	名詞,サ変接続,*,*,*,*,取り引き,トリヒキ,トリヒキ
が	助詞,格助詞,一般,*,*,*,が,ガ,ガ
良い	形容詞,自立,*,*,形容詞・アウオ段,基本形,良い,ヨイ,ヨイ
こと	名詞,非自立,一般,*,*,*,こと,コト,コト
を	助詞,格助詞,一般,*,*,*,を,ヲ,ヲ
知っ	動詞,自立,*,*,五段・ラ行,連用タ接続,知る,シッ,シッ
た	助動詞,*,*,*,特殊・タ,基本形,た,タ,タ
。	記号,句点,*,*,*,*,。,。,。
その	連体詞,*,*,*,*,*,その,ソノ,ソノ
ともし	動詞,自立,*,*,五段・サ行,連用形,ともす,トモシ,トモシ
び	名詞,一般,*,*,*,*,*
は	助詞,係助詞,*,*,*,*,は,ハ,ワ
夜	名詞,副詞可能,*,*,*,*,夜,ヨル,ヨル
も	助詞,係助詞,*,*,*,*,も,モ,モ
消え	動詞,自立,*,*,一段,未然形,消える,キエ,キエ
ない	助動詞,*,*,*,特殊・ナイ,基本形,ない,ナイ,ナイ
。	記号,句点,*,*,*,*,。,。,。
彼女	名詞,代名詞,一般,*,*,*,彼女,カノジョ,カノジョ
は	助詞,係助詞,*,*,*,*,は,ハ,ワ
手	名詞,一般,*,*,*,*,手,テ,テ
を	助詞,格助詞,一般,*,*,*,を,ヲ,ヲ
糸巻き	名詞,一般,*,*,*,*,糸巻き,イトマキ,イトマキ
棒	名詞,一般,*,*,*,*,棒,ボウ,ボー
に	助詞,格助詞,一般,*,*,*,に,ニ,ニ
差し出し	動詞,自立,*,*,五段・サ行,連用形,差し出す,サシダシ,サシダシ
た	助動詞,*,*,*,特殊・タ,基本形,た,タ,タ
。	記号,句点,*,*,*,*,。,。,。
その	連体詞,*,*,*,*,*,その,ソノ,ソノ
手	名詞,一般,*,*,*,*,手,テ,テ
は	助詞,係助詞,*,*,*,*,は,ハ,ワ
錘	名詞,一般,*,*,*,*,錘,ツム,ツム
を	助詞,格助詞,一般,*,*,*,を,ヲ,ヲ
つかむ	動詞,自立,*,*,五段・マ行,基本形,つかむ,ツカム,ツカム
。	記号,句点,*,*,*,*,。,。,。
彼女	名詞,代名詞,一般,*,*,*,彼女,カノジョ,カノジョ
は	助詞,係助詞,*,*,*,*,は,ハ,ワ
その	連体詞,*,*,*,*,*,その,ソノ,ソノ
たなご	名詞,一般,*,*,*,*,たなご,タナゴ,タナゴ
ころ	名詞,非自立,副詞可能,*,*,*,ころ,コロ,コロ
を	助詞,格助詞,一般,*,*,*,を,ヲ,ヲ
苦しん	動詞,自立,*,*,五段・マ行,連用タ接続,苦しむ,クルシン,クルシン
で	助詞,接続助詞,*,*,*,*,で,デ,デ
いる	動詞,非自立,*,*,一段,基本形,いる,イル,イル
者	名詞,非自立,一般,*,*,*,者,モノ,モノ
に	助詞,格助詞,一般,*,*,*,に,ニ,ニ
差し伸べ	動詞,自立,*,*,一段,連用形,差し伸べる,サシノベ,サシノベ
，	記号,読点,*,*,*,*,，,，,，
その	連体詞,*,*,*,*,*,その,ソノ,ソノ
手	名詞,一般,*,*,*,*,手,テ,テ
を	助詞,格助詞,一般,*,*,*,を,ヲ,ヲ
貧しい	形容詞,自立,*,*,形容詞・イ段,基本形,貧しい,マズシイ,マズシイ
者	名詞,非自立,一般,*,*,*,者,モノ,モノ
に	助詞,格助詞,一般,*,*,*,に,ニ,ニ
差し出し	動詞,自立,*,*,五段・サ行,連用形,差し出す,サシダシ,サシダシ
た	助動詞,*,*,*,特殊・タ,基本形,た,タ,タ
。	記号,句点,*,*,*,*,。,。,。
彼女	名詞,代名詞,一般,*,*,*,彼女,カノジョ,カノジョ
は	助詞,係助詞,*,*,*,*,は,ハ,ワ
家	名詞,一般,*,*,*,*,家,イエ,イエ
の	助詞,連体化,*,*,*,*,の,ノ,ノ
者	名詞,非自立,一般,*,*,*,者,モノ,モノ
の	助詞,連体化,*,*,*,*,の,ノ,ノ
ため	名詞,非自立,副詞可能,*,*,*,ため,タメ,タメ
に	助詞,格助詞,一般,*,*,*,に,ニ,ニ
雪	名詞,一般,*,*,*,*,雪,ユキ,ユキ
を	助詞,格助詞,一般,*,*,*,を,ヲ,ヲ
恐れ	動詞,自立,*,*,一段,未然形,恐れる,オソレ,オソレ
ない	助動詞,*,*,*,特殊・ナイ,基本形,ない,ナイ,ナイ
。	記号,句点,*,*,*,*,。,。,。
その	連体詞,*,*,*,*,*,その,ソノ,ソノ
家	名詞,一般,*,*,*,*,家,イエ,イエ
の	助詞,連体化,*,*,*,*,の,ノ,ノ
者	名詞,非自立,一般,*,*,*,者,モノ,モノ
は	助詞,係助詞,*,*,*,*,は,ハ,ワ
皆	名詞,代名詞,一般,*,*,*,皆,ミナ,ミナ
，	記号,読点,*,*,*,*,，,，,，
重ね	名詞,一般,*,*,*,*,重ね,カサネ,カサネ
の	助詞,連体化,*,*,*,*,の,ノ,ノ
衣	名詞,一般,*,*,*,*,衣,コロモ,コロモ
を	助詞,格助詞,一般,*,*,*,を,ヲ,ヲ
着	動詞,自立,*,*,一段,連用形,着る,キ,キ
て	助詞,接続助詞,*,*,*,*,て,テ,テ
いる	動詞,非自立,*,*,一段,基本形,いる,イル,イル
から	助詞,接続助詞,*,*,*,*,から,カラ,カラ
で	助動詞,*,*,*,特殊・ダ,連用形,だ,デ,デ
ある	助動詞,*,*,*,五段・ラ行アル,基本形,ある,アル,アル
。	記号,句点,*,*,*,*,。,。,。
彼女	名詞,代名詞,一般,*,*,*,彼女,カノジョ,カノジョ
は	助詞,係助詞,*,*,*,*,は,ハ,ワ
自分	名詞,一般,*,*,*,*,自分,ジブン,ジブン
の	助詞,連体化,*,*,*,*,の,ノ,ノ
ため	名詞,非自立,副詞可能,*,*,*,ため,タメ,タメ
に	助詞,格助詞,一般,*,*,*,に,ニ,ニ
上	名詞,一般,*,*,*,*,上,ウエ,ウエ
掛け	名詞,接尾,一般,*,*,*,掛け,カケ,カケ
を	助詞,格助詞,一般,*,*,*,を,ヲ,ヲ
作っ	動詞,自立,*,*,五段・ラ行,連用タ接続,作る,ツクッ,ツクッ
た	助動詞,*,*,*,特殊・タ,基本形,た,タ,タ
。	記号,句点,*,*,*,*,。,。,。
その	連体詞,*,*,*,*,*,その,ソノ,ソノ
衣服	名詞,一般,*,*,*,*,衣服,イフク,イフク
は	助詞,係助詞,*,*,*,*,は,ハ,ワ
亜麻	名詞,一般,*,*,*,*,亜麻,アマ,アマ
と	助詞,並立助詞,*,*,*,*,と,ト,ト
赤	名詞,一般,*,*,*,*,赤,アカ,アカ
紫	名詞,一般,*,*,*,*,紫,ムラサキ,ムラサキ
に	助詞,格助詞,一般,*,*,*,に,ニ,ニ
染め	動詞,自立,*,*,一段,連用形,染める,ソメ,ソメ
た	助動詞,*,*,*,特殊・タ,基本形,た,タ,タ
羊毛	名詞,一般,*,*,*,*,羊毛,ヨウモウ,ヨーモー
で	助詞,格助詞,一般,*,*,*,で,デ,デ
でき	動詞,自立,*,*,一段,連用形,できる,デキ,デキ
て	助詞,接続助詞,*,*,*,*,て,テ,テ
いる	動詞,非自立,*,*,一段,基本形,いる,イル,イル
。	記号,句点,*,*,*,*,。,。,。
彼女	名詞,代名詞,一般,*,*,*,彼女,カノジョ,カノジョ
を	助詞,格助詞,一般,*,*,*,を,ヲ,ヲ
所有	名詞,サ変接続,*,*,*,*,所有,ショユウ,ショユー
する	動詞,自立,*,*,サ変・スル,基本形,する,スル,スル
者	名詞,非自立,一般,*,*,*,者,モノ,モノ
は	助詞,係助詞,*,*,*,*,は,ハ,ワ
門	名詞,一般,*,*,*,*,門,モン,モン
の	助詞,連体化,*,*,*,*,の,ノ,ノ
ところ	名詞,非自立,副詞可能,*,*,*,ところ,トコロ,トコロ
で	助詞,格助詞,一般,*,*,*,で,デ,デ
知ら	動詞,自立,*,*,五段・ラ行,未然形,知る,シラ,シラ
れる	動詞,接尾,*,*,一段,基本形,れる,レル,レル
者	名詞,非自立,一般,*,*,*,者,モノ,モノ
で	助動詞,*,*,*,特殊・ダ,連用形,だ,デ,デ
ある	助動詞,*,*,*,五段・ラ行アル,基本形,ある,アル,アル
。	記号,句点,*,*,*,*,。,。,。
彼	名詞,代名詞,一般,*,*,*,彼,カレ,カレ
が	助詞,格助詞,一般,*,*,*,が,ガ,ガ
土地	名詞,一般,*,*,*,*,土地,トチ,トチ
の	助詞,連体化,*,*,*,*,の,ノ,ノ
年長	名詞,一般,*,*,*,*,年長,ネンチョウ,ネンチョー
者	名詞,接尾,一般,*,*,*,者,シャ,シャ
たち	名詞,接尾,一般,*,*,*,たち,タチ,タチ
と共に	助詞,格助詞,連語,*,*,*,と共に,トトモニ,トトモニ
座る	動詞,自立,*,*,五段・ラ行,基本形,座る,スワル,スワル
とき	名詞,非自立,副詞可能,*,*,*,とき,トキ,トキ
に	助詞,格助詞,一般,*,*,*,に,ニ,ニ
。	記号,句点,*,*,*,*,。,。,。
彼女	名詞,代名詞,一般,*,*,*,彼女,カノジョ,カノジョ
は	助詞,係助詞,*,*,*,*,は,ハ,ワ
下着	名詞,一般,*,*,*,*,下着,シタギ,シタギ
を	助詞,格助詞,一般,*,*,*,を,ヲ,ヲ
も	助詞,係助詞,*,*,*,*,も,モ,モ
作っ	動詞,自立,*,*,五段・ラ行,連用タ接続,作る,ツクッ,ツクッ
て	助詞,接続助詞,*,*,*,*,て,テ,テ
[	名詞,サ変接続,*,*,*,*,*
それ	名詞,代名詞,一般,*,*,*,それ,ソレ,ソレ
を	助詞,格助詞,一般,*,*,*,を,ヲ,ヲ
]	名詞,サ変接続,*,*,*,*,*
売り	動詞,自立,*,*,五段・ラ行,連用形,売る,ウリ,ウリ
，	記号,読点,*,*,*,*,，,，,，
帯	名詞,一般,*,*,*,*,帯,オビ,オビ
を	助詞,格助詞,一般,*,*,*,を,ヲ,ヲ
商い	名詞,サ変接続,*,*,*,*,商い,アキナイ,アキナイ
人	名詞,接尾,一般,*,*,*,人,ジン,ジン
に	助詞,格助詞,一般,*,*,*,に,ニ,ニ
渡し	動詞,自立,*,*,五段・サ行,連用形,渡す,ワタシ,ワタシ
た	助動詞,*,*,*,特殊・タ,基本形,た,タ,タ
。	記号,句点,*,*,*,*,。,。,。
その	連体詞,*,*,*,*,*,その,ソノ,ソノ
衣服	名詞,一般,*,*,*,*,衣服,イフク,イフク
は	助詞,係助詞,*,*,*,*,は,ハ,ワ
力	名詞,一般,*,*,*,*,力,チカラ,チカラ
と	助詞,並立助詞,*,*,*,*,と,ト,ト
光輝	名詞,一般,*,*,*,*,光輝,コウキ,コーキ
で	助動詞,*,*,*,特殊・ダ,連用形,だ,デ,デ
あり	助動詞,*,*,*,五段・ラ行アル,連用形,ある,アリ,アリ
，	記号,読点,*,*,*,*,，,，,，
彼女	名詞,代名詞,一般,*,*,*,彼女,カノジョ,カノジョ
は	助詞,係助詞,*,*,*,*,は,ハ,ワ
後	名詞,接尾,副詞可能,*,*,*,後,ゴ,ゴ
の	助詞,連体化,*,*,*,*,の,ノ,ノ
日	名詞,非自立,副詞可能,*,*,*,日,ヒ,ヒ
を	助詞,格助詞,一般,*,*,*,を,ヲ,ヲ
笑う	動詞,自立,*,*,五段・ワ行促音便,基本形,笑う,ワラウ,ワラウ
。	記号,句点,*,*,*,*,。,。,。
彼女	名詞,代名詞,一般,*,*,*,彼女,カノジョ,カノジョ
は	助詞,係助詞,*,*,*,*,は,ハ,ワ
自分	名詞,一般,*,*,*,*,自分,ジブン,ジブン
の	助詞,連体化,*,*,*,*,の,ノ,ノ
口	名詞,一般,*,*,*,*,口,クチ,クチ
を	助詞,格助詞,一般,*,*,*,を,ヲ,ヲ
知恵	名詞,一般,*,*,*,*,知恵,チエ,チエ
を	助詞,格助詞,一般,*,*,*,を,ヲ,ヲ
もっ	動詞,自立,*,*,五段・タ行,連用タ接続,もつ,モッ,モッ
て	助詞,接続助詞,*,*,*,*,て,テ,テ
開い	動詞,自立,*,*,五段・カ行イ音便,連用タ接続,開く,ヒライ,ヒライ
た	助動詞,*,*,*,特殊・タ,基本形,た,タ,タ
。	記号,句点,*,*,*,*,。,。,。
その	連体詞,*,*,*,*,*,その,ソノ,ソノ
舌	名詞,一般,*,*,*,*,舌,シタ,シタ
に	助詞,格助詞,一般,*,*,*,に,ニ,ニ
は	助詞,係助詞,*,*,*,*,は,ハ,ワ
愛	名詞,一般,*,*,*,*,愛,アイ,アイ
ある	動詞,自立,*,*,五段・ラ行,基本形,ある,アル,アル
親切	名詞,形容動詞語幹,*,*,*,*,親切,シンセツ,シンセツ
の	助詞,連体化,*,*,*,*,の,ノ,ノ
律	名詞,一般,*,*,*,*,律,リツ,リツ
法	名詞,接尾,一般,*,*,*,法,ホウ,ホー
が	助詞,格助詞,一般,*,*,*,が,ガ,ガ
ある	動詞,自立,*,*,五段・ラ行,基本形,ある,アル,アル
。	記号,句点,*,*,*,*,。,。,。
彼女	名詞,代名詞,一般,*,*,*,彼女,カノジョ,カノジョ
は	助詞,係助詞,*,*,*,*,は,ハ,ワ
自分	名詞,一般,*,*,*,*,自分,ジブン,ジブン
の	助詞,連体化,*,*,*,*,の,ノ,ノ
家	名詞,一般,*,*,*,*,家,イエ,イエ
の	助詞,連体化,*,*,*,*,の,ノ,ノ
状態	名詞,一般,*,*,*,*,状態,ジョウタイ,ジョータイ
を	助詞,格助詞,一般,*,*,*,を,ヲ,ヲ
見守っ	動詞,自立,*,*,五段・ラ行,連用タ接続,見守る,ミマモッ,ミマモッ
て	助詞,接続助詞,*,*,*,*,て,テ,テ
おり	動詞,非自立,*,*,五段・ラ行,連用形,おる,オリ,オリ
，	記号,読点,*,*,*,*,，,，,，
怠惰	名詞,形容動詞語幹,*,*,*,*,怠惰,タイダ,タイダ
の	助詞,連体化,*,*,*,*,の,ノ,ノ
パン	名詞,一般,*,*,*,*,パン,パン,パン
を	助詞,格助詞,一般,*,*,*,を,ヲ,ヲ
食べ	動詞,自立,*,*,一段,未然形,食べる,タベ,タベ
ない	助動詞,*,*,*,特殊・ナイ,基本形,ない,ナイ,ナイ
。	記号,句点,*,*,*,*,。,。,。
その	連体詞,*,*,*,*,*,その,ソノ,ソノ
子	名詞,一般,*,*,*,*,子,コ,コ
ら	名詞,接尾,一般,*,*,*,ら,ラ,ラ
は	助詞,係助詞,*,*,*,*,は,ハ,ワ
立ち上がっ	動詞,自立,*,*,五段・ラ行,連用タ接続,立ち上がる,タチアガッ,タチアガッ
て	助詞,接続助詞,*,*,*,*,て,テ,テ
彼女	名詞,代名詞,一般,*,*,*,彼女,カノジョ,カノジョ
を	助詞,格助詞,一般,*,*,*,を,ヲ,ヲ
幸い	名詞,形容動詞語幹,*,*,*,*,幸い,サイワイ,サイワイ
な	助動詞,*,*,*,特殊・ダ,体言接続,だ,ナ,ナ
者	名詞,非自立,一般,*,*,*,者,モノ,モノ
と	助詞,格助詞,引用,*,*,*,と,ト,ト
言っ	動詞,自立,*,*,五段・ワ行促音便,連用タ接続,言う,イッ,イッ
た	助動詞,*,*,*,特殊・タ,基本形,た,タ,タ
。	記号,句点,*,*,*,*,。,。,。
彼女	名詞,代名詞,一般,*,*,*,彼女,カノジョ,カノジョ
を	助詞,格助詞,一般,*,*,*,を,ヲ,ヲ
所有	名詞,サ変接続,*,*,*,*,所有,ショユウ,ショユー
する	動詞,自立,*,*,サ変・スル,基本形,する,スル,スル
者	名詞,非自立,一般,*,*,*,者,モノ,モノ
も	助詞,係助詞,*,*,*,*,も,モ,モ
[	名詞,サ変接続,*,*,*,*,*
立ち上がり	名詞,一般,*,*,*,*,立ち上がり,タチアガリ,タチアガリ
]，	名詞,サ変接続,*,*,*,*,*
これ	名詞,代名詞,一般,*,*,*,これ,コレ,コレ
を	助詞,格助詞,一般,*,*,*,を,ヲ,ヲ
称賛	名詞,サ変接続,*,*,*,*,称賛,ショウサン,ショーサン
する	動詞,自立,*,*,サ変・スル,基本形,する,スル,スル
。	記号,句点,*,*,*,*,。,。,。
有能	名詞,形容動詞語幹,*,*,*,*,有能,ユウノウ,ユーノー
さ	名詞,接尾,特殊,*,*,*,さ,サ,サ
を	助詞,格助詞,一般,*,*,*,を,ヲ,ヲ
示し	動詞,自立,*,*,五段・サ行,連用形,示す,シメシ,シメシ
た	助動詞,*,*,*,特殊・タ,基本形,た,タ,タ
娘	名詞,一般,*,*,*,*,娘,ムスメ,ムスメ
は	助詞,係助詞,*,*,*,*,は,ハ,ワ
多く	名詞,副詞可能,*,*,*,*,多く,オオク,オーク
いる	動詞,自立,*,*,一段,基本形,いる,イル,イル
。	記号,句点,*,*,*,*,。,。,。
しかし	接続詞,*,*,*,*,*,しかし,シカシ,シカシ
あなた	名詞,代名詞,一般,*,*,*,あなた,アナタ,アナタ
は	助詞,係助詞,*,*,*,*,は,ハ,ワ
―	記号,一般,*,*,*,*,―,―,―
あなた	名詞,代名詞,一般,*,*,*,あなた,アナタ,アナタ
は	助詞,係助詞,*,*,*,*,は,ハ,ワ
その	連体詞,*,*,*,*,*,その,ソノ,ソノ
すべて	名詞,副詞可能,*,*,*,*,すべて,スベテ,スベテ
の	助詞,連体化,*,*,*,*,の,ノ,ノ
者	名詞,非自立,一般,*,*,*,者,モノ,モノ
より	助詞,格助詞,一般,*,*,*,より,ヨリ,ヨリ
も	助詞,係助詞,*,*,*,*,も,モ,モ
優れ	動詞,自立,*,*,一段,連用形,優れる,スグレ,スグレ
て	助詞,接続助詞,*,*,*,*,て,テ,テ
いる	動詞,非自立,*,*,一段,基本形,いる,イル,イル
。	記号,句点,*,*,*,*,。,。,。
麗し	形容詞,自立,*,*,形容詞・イ段,ガル接続,麗しい,ウルワシ,ウルワシ
さ	名詞,接尾,特殊,*,*,*,さ,サ,サ
は	助詞,係助詞,*,*,*,*,は,ハ,ワ
偽り	名詞,一般,*,*,*,*,偽り,イツワリ,イツワリ
で	助動詞,*,*,*,特殊・ダ,連用形,だ,デ,デ
ある	助動詞,*,*,*,五段・ラ行アル,基本形,ある,アル,アル
こと	名詞,非自立,一般,*,*,*,こと,コト,コト
が	助詞,格助詞,一般,*,*,*,が,ガ,ガ
あり	動詞,自立,*,*,五段・ラ行,連用形,ある,アリ,アリ
，	記号,読点,*,*,*,*,，,，,，
美し	形容詞,自立,*,*,形容詞・イ段,ガル接続,美しい,ウツクシ,ウツクシ
さ	名詞,接尾,特殊,*,*,*,さ,サ,サ
も	助詞,係助詞,*,*,*,*,も,モ,モ
むなしい	形容詞,自立,*,*,形容詞・イ段,基本形,むなしい,ムナシイ,ムナシイ
もの	名詞,非自立,一般,*,*,*,もの,モノ,モノ
と	助詞,格助詞,一般,*,*,*,と,ト,ト
なる	動詞,自立,*,*,五段・ラ行,基本形,なる,ナル,ナル
こと	名詞,非自立,一般,*,*,*,こと,コト,コト
が	助詞,格助詞,一般,*,*,*,が,ガ,ガ
ある	動詞,自立,*,*,五段・ラ行,基本形,ある,アル,アル
。	記号,句点,*,*,*,*,。,。,。
[	名詞,サ変接続,*,*,*,*,*
しか	助詞,係助詞,*,*,*,*,しか,シカ,シカ
し	動詞,自立,*,*,サ変・スル,連用形,する,シ,シ
，	記号,読点,*,*,*,*,，,，,，
]	名詞,サ変接続,*,*,*,*,*
エホバ	名詞,一般,*,*,*,*,エホバ,エホバ,エホバ
を	助詞,格助詞,一般,*,*,*,を,ヲ,ヲ
恐れる	動詞,自立,*,*,一段,基本形,恐れる,オソレル,オソレル
女	名詞,一般,*,*,*,*,女,オンナ,オンナ
は	助詞,係助詞,*,*,*,*,は,ハ,ワ
自分	名詞,一般,*,*,*,*,自分,ジブン,ジブン
に	助詞,格助詞,一般,*,*,*,に,ニ,ニ
称賛	名詞,サ変接続,*,*,*,*,称賛,ショウサン,ショーサン
を	助詞,格助詞,一般,*,*,*,を,ヲ,ヲ
得る	動詞,自立,*,*,一段,基本形,得る,エル,エル
。	記号,句点,*,*,*,*,。,。,。
彼女	名詞,代名詞,一般,*,*,*,彼女,カノジョ,カノジョ
に	助詞,格助詞,一般,*,*,*,に,ニ,ニ
その	連体詞,*,*,*,*,*,その,ソノ,ソノ
手	名詞,一般,*,*,*,*,手,テ,テ
の	助詞,連体化,*,*,*,*,の,ノ,ノ
実	名詞,一般,*,*,*,*,実,ミ,ミ
を	助詞,格助詞,一般,*,*,*,を,ヲ,ヲ
与えよ	動詞,自立,*,*,一段,命令ｙｏ,与える,アタエヨ,アタエヨ
。	記号,句点,*,*,*,*,。,。,。
その	連体詞,*,*,*,*,*,その,ソノ,ソノ
業	名詞,一般,*,*,*,*,業,ゴウ,ゴー
が	助詞,格助詞,一般,*,*,*,が,ガ,ガ
門	名詞,一般,*,*,*,*,門,モン,モン
の	助詞,連体化,*,*,*,*,の,ノ,ノ
ところ	名詞,非自立,副詞可能,*,*,*,ところ,トコロ,トコロ
で	助詞,格助詞,一般,*,*,*,で,デ,デ
彼女	名詞,代名詞,一般,*,*,*,彼女,カノジョ,カノジョ
を	助詞,格助詞,一般,*,*,*,を,ヲ,ヲ
称賛	名詞,サ変接続,*,*,*,*,称賛,ショウサン,ショーサン
する	動詞,自立,*,*,サ変・スル,基本形,する,スル,スル
もの	名詞,非自立,一般,*,*,*,もの,モノ,モノ
と	助詞,格助詞,一般,*,*,*,と,ト,ト
なる	動詞,自立,*,*,五段・ラ行,基本形,なる,ナル,ナル
よう	名詞,非自立,助動詞語幹,*,*,*,よう,ヨウ,ヨー
に	助詞,格助詞,一般,*,*,*,に,ニ,ニ
。	記号,句点,*,*,*,*,。,。,。
EOS
