次	名詞,一般,*,*,*,*,次,ツギ,ツギ
の	助詞,連体化,*,*,*,*,の,ノ,ノ
日	名詞,非自立,副詞可能,*,*,*,日,ヒ,ヒ
の	助詞,連体化,*,*,*,*,の,ノ,ノ
こと	名詞,非自立,一般,*,*,*,こと,コト,コト
を	助詞,格助詞,一般,*,*,*,を,ヲ,ヲ
誇る	動詞,自立,*,*,五段・ラ行,基本形,誇る,ホコル,ホコル
な	助詞,終助詞,*,*,*,*,な,ナ,ナ
。	記号,句点,*,*,*,*,。,。,。
あなた	名詞,代名詞,一般,*,*,*,あなた,アナタ,アナタ
は	助詞,係助詞,*,*,*,*,は,ハ,ワ
一	名詞,数,*,*,*,*,一,イチ,イチ
日	名詞,接尾,助数詞,*,*,*,日,ニチ,ニチ
が	助詞,格助詞,一般,*,*,*,が,ガ,ガ
何	名詞,代名詞,一般,*,*,*,何,ナニ,ナニ
を	助詞,格助詞,一般,*,*,*,を,ヲ,ヲ
産む	動詞,自立,*,*,五段・マ行,基本形,産む,ウム,ウム
か	助詞,副助詞／並立助詞／終助詞,*,*,*,*,か,カ,カ
を	助詞,格助詞,一般,*,*,*,を,ヲ,ヲ
知ら	動詞,自立,*,*,五段・ラ行,未然形,知る,シラ,シラ
ない	助動詞,*,*,*,特殊・ナイ,基本形,ない,ナイ,ナイ
から	助詞,接続助詞,*,*,*,*,から,カラ,カラ
で	助動詞,*,*,*,特殊・ダ,連用形,だ,デ,デ
ある	助動詞,*,*,*,五段・ラ行アル,基本形,ある,アル,アル
。	記号,句点,*,*,*,*,。,。,。
あなた	名詞,代名詞,一般,*,*,*,あなた,アナタ,アナタ
自身	名詞,一般,*,*,*,*,自身,ジシン,ジシン
の	助詞,連体化,*,*,*,*,の,ノ,ノ
口	名詞,一般,*,*,*,*,口,クチ,クチ
で	助詞,格助詞,一般,*,*,*,で,デ,デ
は	助詞,係助詞,*,*,*,*,は,ハ,ワ
なく	助動詞,*,*,*,特殊・ナイ,連用テ接続,ない,ナク,ナク
，	記号,読点,*,*,*,*,，,，,，
よそ	名詞,代名詞,一般,*,*,*,よそ,ヨソ,ヨソ
の	助詞,連体化,*,*,*,*,の,ノ,ノ
者	名詞,非自立,一般,*,*,*,者,モノ,モノ
が	助詞,格助詞,一般,*,*,*,が,ガ,ガ
あなた	名詞,代名詞,一般,*,*,*,あなた,アナタ,アナタ
を	助詞,格助詞,一般,*,*,*,を,ヲ,ヲ
たたえる	動詞,自立,*,*,一段,基本形,たたえる,タタエル,タタエル
よう	名詞,非自立,助動詞語幹,*,*,*,よう,ヨウ,ヨー
に	助詞,格助詞,一般,*,*,*,に,ニ,ニ
。	記号,句点,*,*,*,*,。,。,。
あなた	名詞,代名詞,一般,*,*,*,あなた,アナタ,アナタ
自身	名詞,一般,*,*,*,*,自身,ジシン,ジシン
の	助詞,連体化,*,*,*,*,の,ノ,ノ
唇	名詞,一般,*,*,*,*,唇,クチビル,クチビル
で	助詞,格助詞,一般,*,*,*,で,デ,デ
は	助詞,係助詞,*,*,*,*,は,ハ,ワ
なく	助動詞,*,*,*,特殊・ナイ,連用テ接続,ない,ナク,ナク
，	記号,読点,*,*,*,*,，,，,，
異国	名詞,一般,*,*,*,*,異国,イコク,イコク
の	助詞,連体化,*,*,*,*,の,ノ,ノ
者	名詞,非自立,一般,*,*,*,者,モノ,モノ
が	助詞,格助詞,一般,*,*,*,が,ガ,ガ
そう	副詞,助詞類接続,*,*,*,*,そう,ソウ,ソー
する	動詞,自立,*,*,サ変・スル,基本形,する,スル,スル
よう	名詞,非自立,助動詞語幹,*,*,*,よう,ヨウ,ヨー
に	助詞,格助詞,一般,*,*,*,に,ニ,ニ
。	記号,句点,*,*,*,*,。,。,。
石	名詞,一般,*,*,*,*,石,イシ,イシ
と	助詞,並立助詞,*,*,*,*,と,ト,ト
砂	名詞,一般,*,*,*,*,砂,スナ,スナ
の	助詞,連体化,*,*,*,*,の,ノ,ノ
荷	名詞,一般,*,*,*,*,荷,ニ,ニ
の	助詞,連体化,*,*,*,*,の,ノ,ノ
重た	形容詞,自立,*,*,形容詞・アウオ段,ガル接続,重たい,オモタ,オモタ
さ	名詞,接尾,特殊,*,*,*,さ,サ,サ
―	記号,一般,*,*,*,*,―,―,―
しかし	接続詞,*,*,*,*,*,しかし,シカシ,シカシ
，	記号,読点,*,*,*,*,，,，,，
愚か	名詞,形容動詞語幹,*,*,*,*,愚か,オロカ,オロカ
な	助動詞,*,*,*,特殊・ダ,体言接続,だ,ナ,ナ
者	名詞,非自立,一般,*,*,*,者,モノ,モノ
による	助詞,格助詞,連語,*,*,*,による,ニヨル,ニヨル
いら立ち	名詞,一般,*,*,*,*,いら立ち,イラダチ,イラダチ
は	助詞,係助詞,*,*,*,*,は,ハ,ワ
その	連体詞,*,*,*,*,*,その,ソノ,ソノ
両者	名詞,一般,*,*,*,*,両者,リョウシャ,リョーシャ
より	助詞,格助詞,一般,*,*,*,より,ヨリ,ヨリ
も	助詞,係助詞,*,*,*,*,も,モ,モ
重い	形容詞,自立,*,*,形容詞・アウオ段,基本形,重い,オモイ,オモイ
。	記号,句点,*,*,*,*,。,。,。
激しい	形容詞,自立,*,*,形容詞・イ段,基本形,激しい,ハゲシイ,ハゲシイ
怒り	名詞,一般,*,*,*,*,怒り,イカリ,イカリ
の	助詞,連体化,*,*,*,*,の,ノ,ノ
残酷	名詞,形容動詞語幹,*,*,*,*,残酷,ザンコク,ザンコク
さ	名詞,接尾,特殊,*,*,*,さ,サ,サ
が	助詞,格助詞,一般,*,*,*,が,ガ,ガ
あり	動詞,自立,*,*,五段・ラ行,連用形,ある,アリ,アリ
，	記号,読点,*,*,*,*,，,，,，
また	接続詞,*,*,*,*,*,また,マタ,マタ
怒り	名詞,一般,*,*,*,*,怒り,イカリ,イカリ
の	助詞,連体化,*,*,*,*,の,ノ,ノ
洪水	名詞,一般,*,*,*,*,洪水,コウズイ,コーズイ
も	助詞,係助詞,*,*,*,*,も,モ,モ
ある	動詞,自立,*,*,五段・ラ行,基本形,ある,アル,アル
。	記号,句点,*,*,*,*,。,。,。
しかし	接続詞,*,*,*,*,*,しかし,シカシ,シカシ
，	記号,読点,*,*,*,*,，,，,，
ねたみ	動詞,自立,*,*,五段・マ行,連用形,ねたむ,ネタミ,ネタミ
の	助詞,連体化,*,*,*,*,の,ノ,ノ
前	名詞,副詞可能,*,*,*,*,前,マエ,マエ
に	助詞,格助詞,一般,*,*,*,に,ニ,ニ
は	助詞,係助詞,*,*,*,*,は,ハ,ワ
だれ	名詞,代名詞,一般,*,*,*,だれ,ダレ,ダレ
が	助詞,格助詞,一般,*,*,*,が,ガ,ガ
立ち	動詞,自立,*,*,五段・タ行,連用形,立つ,タチ,タチ
得よ	動詞,非自立,*,*,一段,未然ウ接続,得る,エヨ,エヨ
う	助動詞,*,*,*,不変化型,基本形,う,ウ,ウ
か	助詞,副助詞／並立助詞／終助詞,*,*,*,*,か,カ,カ
。	記号,句点,*,*,*,*,。,。,。
明らか	名詞,形容動詞語幹,*,*,*,*,明らか,アキラカ,アキラカ
に	助詞,副詞化,*,*,*,*,に,ニ,ニ
なさ	動詞,自立,*,*,五段・サ行,未然形,なす,ナサ,ナサ
れる	動詞,接尾,*,*,一段,基本形,れる,レル,レル
戒め	名詞,一般,*,*,*,*,戒め,イマシメ,イマシメ
は	助詞,係助詞,*,*,*,*,は,ハ,ワ
，	記号,読点,*,*,*,*,，,，,，
隠さ	動詞,自立,*,*,五段・サ行,未然形,隠す,カクサ,カクサ
れ	動詞,接尾,*,*,一段,連用形,れる,レ,レ
て	助詞,接続助詞,*,*,*,*,て,テ,テ
いる	動詞,非自立,*,*,一段,基本形,いる,イル,イル
愛	名詞,一般,*,*,*,*,愛,アイ,アイ
に	助詞,格助詞,一般,*,*,*,に,ニ,ニ
勝る	動詞,自立,*,*,五段・ラ行,基本形,勝る,マサル,マサル
。	記号,句点,*,*,*,*,。,。,。
愛する	動詞,自立,*,*,サ変・−スル,基本形,愛する,アイスル,アイスル
者	名詞,非自立,一般,*,*,*,者,モノ,モノ
の	助詞,格助詞,一般,*,*,*,の,ノ,ノ
負わ	動詞,自立,*,*,五段・ワ行促音便,未然形,負う,オワ,オワ
せる	動詞,接尾,*,*,一段,基本形,せる,セル,セル
傷	名詞,一般,*,*,*,*,傷,キズ,キズ
は	助詞,係助詞,*,*,*,*,は,ハ,ワ
忠実	名詞,形容動詞語幹,*,*,*,*,忠実,チュウジツ,チュージツ
で	助動詞,*,*,*,特殊・ダ,連用形,だ,デ,デ
あり	助動詞,*,*,*,五段・ラ行アル,連用形,ある,アリ,アリ
，	記号,読点,*,*,*,*,，,，,，
憎む	動詞,自立,*,*,五段・マ行,基本形,憎む,ニクム,ニクム
者	名詞,非自立,一般,*,*,*,者,モノ,モノ
の	助詞,連体化,*,*,*,*,の,ノ,ノ
口づけ	名詞,一般,*,*,*,*,口づけ,クチヅケ,クチズケ
は	助詞,係助詞,*,*,*,*,は,ハ,ワ
懇願	名詞,サ変接続,*,*,*,*,懇願,コンガン,コンガン
さ	動詞,自立,*,*,サ変・スル,未然レル接続,する,サ,サ
れる	動詞,接尾,*,*,一段,基本形,れる,レル,レル
べき	助動詞,*,*,*,文語・ベシ,体言接続,べし,ベキ,ベキ
もの	名詞,非自立,一般,*,*,*,もの,モノ,モノ
。	記号,句点,*,*,*,*,。,。,。
満ち足り	動詞,自立,*,*,一段,連用形,満ち足りる,ミチタリ,ミチタリ
て	助詞,接続助詞,*,*,*,*,て,テ,テ
いる	動詞,非自立,*,*,一段,基本形,いる,イル,イル
魂	名詞,一般,*,*,*,*,魂,タマシイ,タマシー
は	助詞,係助詞,*,*,*,*,は,ハ,ワ
蜜	名詞,一般,*,*,*,*,蜜,ミツ,ミツ
ば	助詞,接続助詞,*,*,*,*,ば,バ,バ
ちの	名詞,固有名詞,地域,一般,*,*,ちの,チノ,チノ
巣	名詞,一般,*,*,*,*,巣,ス,ス
の	助詞,連体化,*,*,*,*,の,ノ,ノ
蜜	名詞,一般,*,*,*,*,蜜,ミツ,ミツ
を	助詞,格助詞,一般,*,*,*,を,ヲ,ヲ
踏みつける	動詞,自立,*,*,一段,基本形,踏みつける,フミツケル,フミツケル
が	助詞,接続助詞,*,*,*,*,が,ガ,ガ
，	記号,読点,*,*,*,*,，,，,，
飢え	動詞,自立,*,*,一段,連用形,飢える,ウエ,ウエ
た	助動詞,*,*,*,特殊・タ,基本形,た,タ,タ
魂	名詞,一般,*,*,*,*,魂,タマシイ,タマシー
に	助詞,格助詞,一般,*,*,*,に,ニ,ニ
は	助詞,係助詞,*,*,*,*,は,ハ,ワ
苦い	形容詞,自立,*,*,形容詞・アウオ段,基本形,苦い,ニガイ,ニガイ
もの	名詞,非自立,一般,*,*,*,もの,モノ,モノ
も	助詞,係助詞,*,*,*,*,も,モ,モ
みな	名詞,副詞可能,*,*,*,*,みな,ミナ,ミナ
甘い	形容詞,自立,*,*,形容詞・アウオ段,基本形,甘い,アマイ,アマイ
。	記号,句点,*,*,*,*,。,。,。
自分	名詞,一般,*,*,*,*,自分,ジブン,ジブン
の	助詞,連体化,*,*,*,*,の,ノ,ノ
場所	名詞,一般,*,*,*,*,場所,バショ,バショ
から	助詞,格助詞,一般,*,*,*,から,カラ,カラ
逃げ	動詞,自立,*,*,一段,連用形,逃げる,ニゲ,ニゲ
去る	動詞,自立,*,*,五段・ラ行,基本形,去る,サル,サル
人	名詞,一般,*,*,*,*,人,ヒト,ヒト
は	助詞,係助詞,*,*,*,*,は,ハ,ワ
，	記号,読点,*,*,*,*,，,，,，
自分	名詞,一般,*,*,*,*,自分,ジブン,ジブン
の	助詞,連体化,*,*,*,*,の,ノ,ノ
巣	名詞,一般,*,*,*,*,巣,ス,ス
から	助詞,格助詞,一般,*,*,*,から,カラ,カラ
逃げ	動詞,自立,*,*,一段,連用形,逃げる,ニゲ,ニゲ
去る	動詞,自立,*,*,五段・ラ行,基本形,去る,サル,サル
鳥	名詞,一般,*,*,*,*,鳥,トリ,トリ
の	助詞,連体化,*,*,*,*,の,ノ,ノ
よう	名詞,非自立,助動詞語幹,*,*,*,よう,ヨウ,ヨー
だ	助動詞,*,*,*,特殊・ダ,基本形,だ,ダ,ダ
。	記号,句点,*,*,*,*,。,。,。
油	名詞,一般,*,*,*,*,油,アブラ,アブラ
と	助詞,並立助詞,*,*,*,*,と,ト,ト
香	名詞,一般,*,*,*,*,香,コウ,コー
は	助詞,係助詞,*,*,*,*,は,ハ,ワ
心	名詞,一般,*,*,*,*,心,ココロ,ココロ
を	助詞,格助詞,一般,*,*,*,を,ヲ,ヲ
歓ば	動詞,自立,*,*,五段・バ行,未然形,歓ぶ,ヨロコバ,ヨロコバ
せる	動詞,接尾,*,*,一段,基本形,せる,セル,セル
。	記号,句点,*,*,*,*,。,。,。
魂	名詞,一般,*,*,*,*,魂,タマシイ,タマシー
の	助詞,連体化,*,*,*,*,の,ノ,ノ
助言	名詞,サ変接続,*,*,*,*,助言,ジョゲン,ジョゲン
ゆえ	名詞,接尾,一般,*,*,*,ゆえ,ユエ,ユエ
の	助詞,連体化,*,*,*,*,の,ノ,ノ
友	名詞,一般,*,*,*,*,友,トモ,トモ
の	助詞,連体化,*,*,*,*,の,ノ,ノ
快	形容詞,自立,*,*,形容詞・アウオ段,ガル接続,快い,ココロヨ,ココロヨ
さ	名詞,接尾,特殊,*,*,*,さ,サ,サ
も	助詞,係助詞,*,*,*,*,も,モ,モ
そう	副詞,助詞類接続,*,*,*,*,そう,ソウ,ソー
で	助動詞,*,*,*,特殊・ダ,連用形,だ,デ,デ
ある	助動詞,*,*,*,五段・ラ行アル,基本形,ある,アル,アル
。	記号,句点,*,*,*,*,。,。,。
あなた	名詞,代名詞,一般,*,*,*,あなた,アナタ,アナタ
の	助詞,連体化,*,*,*,*,の,ノ,ノ
友	名詞,一般,*,*,*,*,友,トモ,トモ
，	記号,読点,*,*,*,*,，,，,，
また	接続詞,*,*,*,*,*,また,マタ,マタ
あなた	名詞,代名詞,一般,*,*,*,あなた,アナタ,アナタ
の	助詞,連体化,*,*,*,*,の,ノ,ノ
父	名詞,一般,*,*,*,*,父,チチ,チチ
の	助詞,連体化,*,*,*,*,の,ノ,ノ
友	名詞,一般,*,*,*,*,友,トモ,トモ
を	助詞,格助詞,一般,*,*,*,を,ヲ,ヲ
捨て	動詞,自立,*,*,一段,連用形,捨てる,ステ,ステ
て	助詞,接続助詞,*,*,*,*,て,テ,テ
は	助詞,係助詞,*,*,*,*,は,ハ,ワ
なら	動詞,非自立,*,*,五段・ラ行,未然形,なる,ナラ,ナラ
ない	助動詞,*,*,*,特殊・ナイ,基本形,ない,ナイ,ナイ
。	記号,句点,*,*,*,*,。,。,。
あなた	名詞,代名詞,一般,*,*,*,あなた,アナタ,アナタ
の	助詞,連体化,*,*,*,*,の,ノ,ノ
災難	名詞,一般,*,*,*,*,災難,サイナン,サイナン
の	助詞,連体化,*,*,*,*,の,ノ,ノ
日	名詞,非自立,副詞可能,*,*,*,日,ヒ,ヒ
に	助詞,格助詞,一般,*,*,*,に,ニ,ニ
あなた	名詞,代名詞,一般,*,*,*,あなた,アナタ,アナタ
の	助詞,連体化,*,*,*,*,の,ノ,ノ
兄弟	名詞,一般,*,*,*,*,兄弟,キョウダイ,キョーダイ
の	助詞,連体化,*,*,*,*,の,ノ,ノ
家	名詞,一般,*,*,*,*,家,イエ,イエ
に	助詞,格助詞,一般,*,*,*,に,ニ,ニ
入る	動詞,自立,*,*,五段・ラ行,基本形,入る,ハイル,ハイル
な	助詞,終助詞,*,*,*,*,な,ナ,ナ
。	記号,句点,*,*,*,*,。,。,。
近く	名詞,副詞可能,*,*,*,*,近く,チカク,チカク
に	助詞,格助詞,一般,*,*,*,に,ニ,ニ
いる	動詞,自立,*,*,一段,基本形,いる,イル,イル
隣人	名詞,一般,*,*,*,*,隣人,リンジン,リンジン
は	助詞,係助詞,*,*,*,*,は,ハ,ワ
遠く	名詞,副詞可能,*,*,*,*,遠く,トオク,トーク
に	助詞,格助詞,一般,*,*,*,に,ニ,ニ
いる	動詞,自立,*,*,一段,基本形,いる,イル,イル
兄弟	名詞,一般,*,*,*,*,兄弟,キョウダイ,キョーダイ
に	助詞,格助詞,一般,*,*,*,に,ニ,ニ
勝る	動詞,自立,*,*,五段・ラ行,基本形,勝る,マサル,マサル
。	記号,句点,*,*,*,*,。,。,。
我が	連体詞,*,*,*,*,*,我が,ワガ,ワガ
子	名詞,一般,*,*,*,*,子,コ,コ
よ	助詞,終助詞,*,*,*,*,よ,ヨ,ヨ
，	記号,読点,*,*,*,*,，,，,，
賢く	形容詞,自立,*,*,形容詞・アウオ段,連用テ接続,賢い,カシコク,カシコク
あっ	動詞,自立,*,*,五段・ラ行,連用タ接続,ある,アッ,アッ
て	助詞,接続助詞,*,*,*,*,て,テ,テ
，	記号,読点,*,*,*,*,，,，,，
わたし	名詞,代名詞,一般,*,*,*,わたし,ワタシ,ワタシ
の	助詞,連体化,*,*,*,*,の,ノ,ノ
心	名詞,一般,*,*,*,*,心,ココロ,ココロ
を	助詞,格助詞,一般,*,*,*,を,ヲ,ヲ
歓ば	動詞,自立,*,*,五段・バ行,未然形,歓ぶ,ヨロコバ,ヨロコバ
せ	動詞,接尾,*,*,一段,連用形,せる,セ,セ
よ	助詞,終助詞,*,*,*,*,よ,ヨ,ヨ
。	記号,句点,*,*,*,*,。,。,。
わたし	名詞,代名詞,一般,*,*,*,わたし,ワタシ,ワタシ
を	助詞,格助詞,一般,*,*,*,を,ヲ,ヲ
嘲弄	名詞,サ変接続,*,*,*,*,嘲弄,チョウロウ,チョーロー
し	動詞,自立,*,*,サ変・スル,連用形,する,シ,シ
て	助詞,接続助詞,*,*,*,*,て,テ,テ
いる	動詞,非自立,*,*,一段,基本形,いる,イル,イル
者	名詞,非自立,一般,*,*,*,者,モノ,モノ
に	助詞,格助詞,一般,*,*,*,に,ニ,ニ
わたし	名詞,代名詞,一般,*,*,*,わたし,ワタシ,ワタシ
が	助詞,格助詞,一般,*,*,*,が,ガ,ガ
返答	名詞,サ変接続,*,*,*,*,返答,ヘントウ,ヘントー
する	動詞,自立,*,*,サ変・スル,基本形,する,スル,スル
ため	名詞,非自立,副詞可能,*,*,*,ため,タメ,タメ
で	助動詞,*,*,*,特殊・ダ,連用形,だ,デ,デ
ある	助動詞,*,*,*,五段・ラ行アル,基本形,ある,アル,アル
。	記号,句点,*,*,*,*,。,。,。
災い	名詞,サ変接続,*,*,*,*,災い,ワザワイ,ワザワイ
を	助詞,格助詞,一般,*,*,*,を,ヲ,ヲ
見	動詞,自立,*,*,一段,連用形,見る,ミ,ミ
た	助動詞,*,*,*,特殊・タ,基本形,た,タ,タ
明敏	名詞,形容動詞語幹,*,*,*,*,明敏,メイビン,メイビン
な	助動詞,*,*,*,特殊・ダ,体言接続,だ,ナ,ナ
者	名詞,非自立,一般,*,*,*,者,モノ,モノ
は	助詞,係助詞,*,*,*,*,は,ハ,ワ
身	名詞,一般,*,*,*,*,身,ミ,ミ
を	助詞,格助詞,一般,*,*,*,を,ヲ,ヲ
隠し	動詞,自立,*,*,五段・サ行,連用形,隠す,カクシ,カクシ
た	助動詞,*,*,*,特殊・タ,基本形,た,タ,タ
。	記号,句点,*,*,*,*,。,。,。
進ん	動詞,自立,*,*,五段・マ行,連用タ接続,進む,ススン,ススン
で	助詞,接続助詞,*,*,*,*,で,デ,デ
行っ	動詞,非自立,*,*,五段・カ行促音便,連用タ接続,行く,イッ,イッ
た	助動詞,*,*,*,特殊・タ,基本形,た,タ,タ
経験	名詞,サ変接続,*,*,*,*,経験,ケイケン,ケイケン
の	助詞,格助詞,一般,*,*,*,の,ノ,ノ
ない	形容詞,自立,*,*,形容詞・アウオ段,基本形,ない,ナイ,ナイ
者	名詞,非自立,一般,*,*,*,者,モノ,モノ
は	助詞,係助詞,*,*,*,*,は,ハ,ワ
報い	名詞,一般,*,*,*,*,報い,ムクイ,ムクイ
を	助詞,格助詞,一般,*,*,*,を,ヲ,ヲ
身	名詞,一般,*,*,*,*,身,ミ,ミ
に	助詞,格助詞,一般,*,*,*,に,ニ,ニ
受け	動詞,自立,*,*,一段,連用形,受ける,ウケ,ウケ
た	助動詞,*,*,*,特殊・タ,基本形,た,タ,タ
。	記号,句点,*,*,*,*,。,。,。
人	名詞,一般,*,*,*,*,人,ヒト,ヒト
が	助詞,格助詞,一般,*,*,*,が,ガ,ガ
よそ者	名詞,一般,*,*,*,*,よそ者,ヨソモノ,ヨソモノ
の	助詞,連体化,*,*,*,*,の,ノ,ノ
保証	名詞,サ変接続,*,*,*,*,保証,ホショウ,ホショー
人	名詞,接尾,一般,*,*,*,人,ジン,ジン
と	助詞,格助詞,一般,*,*,*,と,ト,ト
なっ	動詞,自立,*,*,五段・ラ行,連用タ接続,なる,ナッ,ナッ
た	助動詞,*,*,*,特殊・タ,基本形,た,タ,タ
の	名詞,非自立,一般,*,*,*,の,ノ,ノ
で	助動詞,*,*,*,特殊・ダ,連用形,だ,デ,デ
あれ	助動詞,*,*,*,五段・ラ行アル,仮定形,ある,アレ,アレ
ば	助詞,接続助詞,*,*,*,*,ば,バ,バ
，	記号,読点,*,*,*,*,，,，,，
その	連体詞,*,*,*,*,*,その,ソノ,ソノ
衣	名詞,一般,*,*,*,*,衣,コロモ,コロモ
を	助詞,格助詞,一般,*,*,*,を,ヲ,ヲ
取れ	動詞,自立,*,*,五段・ラ行,命令ｅ,取る,トレ,トレ
。	記号,句点,*,*,*,*,。,。,。
それ	名詞,代名詞,一般,*,*,*,それ,ソレ,ソレ
が	助詞,格助詞,一般,*,*,*,が,ガ,ガ
異国	名詞,一般,*,*,*,*,異国,イコク,イコク
の	助詞,連体化,*,*,*,*,の,ノ,ノ
女	名詞,一般,*,*,*,*,女,オンナ,オンナ
の	助詞,連体化,*,*,*,*,の,ノ,ノ
場合	名詞,副詞可能,*,*,*,*,場合,バアイ,バアイ
に	助詞,格助詞,一般,*,*,*,に,ニ,ニ
は	助詞,係助詞,*,*,*,*,は,ハ,ワ
，	記号,読点,*,*,*,*,，,，,，
彼	名詞,代名詞,一般,*,*,*,彼,カレ,カレ
から	助詞,格助詞,一般,*,*,*,から,カラ,カラ
質物	名詞,一般,*,*,*,*,質物,シチモツ,シチモツ
を	助詞,格助詞,一般,*,*,*,を,ヲ,ヲ
取れ	動詞,自立,*,*,五段・ラ行,命令ｅ,取る,トレ,トレ
。	記号,句点,*,*,*,*,。,。,。
朝	名詞,副詞可能,*,*,*,*,朝,アサ,アサ
早くから	副詞,一般,*,*,*,*,早くから,ハヤクカラ,ハヤクカラ
大声	名詞,一般,*,*,*,*,大声,オオゴエ,オーゴエ
を	助詞,格助詞,一般,*,*,*,を,ヲ,ヲ
上げ	動詞,自立,*,*,一段,連用形,上げる,アゲ,アゲ
て	助詞,接続助詞,*,*,*,*,て,テ,テ
仲間	名詞,一般,*,*,*,*,仲間,ナカマ,ナカマ
の	助詞,連体化,*,*,*,*,の,ノ,ノ
者	名詞,非自立,一般,*,*,*,者,モノ,モノ
を	助詞,格助詞,一般,*,*,*,を,ヲ,ヲ
祝福	名詞,サ変接続,*,*,*,*,祝福,シュクフク,シュクフク
し	動詞,自立,*,*,サ変・スル,連用形,する,シ,シ
て	助詞,接続助詞,*,*,*,*,て,テ,テ
いる	動詞,非自立,*,*,一段,基本形,いる,イル,イル
人	名詞,一般,*,*,*,*,人,ヒト,ヒト
，	記号,読点,*,*,*,*,，,，,，
それ	名詞,代名詞,一般,*,*,*,それ,ソレ,ソレ
は	助詞,係助詞,*,*,*,*,は,ハ,ワ
その	連体詞,*,*,*,*,*,その,ソノ,ソノ
人	名詞,一般,*,*,*,*,人,ヒト,ヒト
の	助詞,連体化,*,*,*,*,の,ノ,ノ
呪い	名詞,一般,*,*,*,*,呪い,ノロイ,ノロイ
と	助詞,格助詞,引用,*,*,*,と,ト,ト
みなさ	動詞,自立,*,*,五段・サ行,未然形,みなす,ミナサ,ミナサ
れる	動詞,接尾,*,*,一段,基本形,れる,レル,レル
。	記号,句点,*,*,*,*,。,。,。
雨	名詞,一般,*,*,*,*,雨,アメ,アメ
の	助詞,格助詞,一般,*,*,*,の,ノ,ノ
降りしきる	動詞,自立,*,*,五段・ラ行,基本形,降りしきる,フリシキル,フリシキル
日	名詞,非自立,副詞可能,*,*,*,日,ヒ,ヒ
に	助詞,格助詞,一般,*,*,*,に,ニ,ニ
人	名詞,一般,*,*,*,*,人,ヒト,ヒト
を	助詞,格助詞,一般,*,*,*,を,ヲ,ヲ
追い立てる	動詞,自立,*,*,一段,基本形,追い立てる,オイタテル,オイタテル
雨漏り	名詞,サ変接続,*,*,*,*,雨漏り,アマモリ,アマモリ
の	助詞,格助詞,一般,*,*,*,の,ノ,ノ
する	動詞,自立,*,*,サ変・スル,基本形,する,スル,スル
屋根	名詞,一般,*,*,*,*,屋根,ヤネ,ヤネ
と	助詞,並立助詞,*,*,*,*,と,ト,ト
，	記号,読点,*,*,*,*,，,，,，
争い	名詞,一般,*,*,*,*,争い,アラソイ,アラソイ
を	助詞,格助詞,一般,*,*,*,を,ヲ,ヲ
好む	動詞,自立,*,*,五段・マ行,基本形,好む,コノム,コノム
妻	名詞,一般,*,*,*,*,妻,ツマ,ツマ
と	助詞,並立助詞,*,*,*,*,と,ト,ト
に	助詞,格助詞,一般,*,*,*,に,ニ,ニ
は	助詞,係助詞,*,*,*,*,は,ハ,ワ
，	記号,読点,*,*,*,*,，,，,，
よく	副詞,一般,*,*,*,*,よく,ヨク,ヨク
似	動詞,自立,*,*,一段,連用形,似る,ニ,ニ
た	助動詞,*,*,*,特殊・タ,基本形,た,タ,タ
ところ	名詞,非自立,副詞可能,*,*,*,ところ,トコロ,トコロ
が	助詞,格助詞,一般,*,*,*,が,ガ,ガ
ある	動詞,自立,*,*,五段・ラ行,基本形,ある,アル,アル
。	記号,句点,*,*,*,*,。,。,。
その	連体詞,*,*,*,*,*,その,ソノ,ソノ
女	名詞,一般,*,*,*,*,女,オンナ,オンナ
を	助詞,格助詞,一般,*,*,*,を,ヲ,ヲ
保護	名詞,サ変接続,*,*,*,*,保護,ホゴ,ホゴ
する	動詞,自立,*,*,サ変・スル,基本形,する,スル,スル
者	名詞,非自立,一般,*,*,*,者,モノ,モノ
は	助詞,係助詞,*,*,*,*,は,ハ,ワ
風	名詞,一般,*,*,*,*,風,カゼ,カゼ
を	助詞,格助詞,一般,*,*,*,を,ヲ,ヲ
保護	名詞,サ変接続,*,*,*,*,保護,ホゴ,ホゴ
し	動詞,自立,*,*,サ変・スル,連用形,する,シ,シ
た	助動詞,*,*,*,特殊・タ,基本形,た,タ,タ
こと	名詞,非自立,一般,*,*,*,こと,コト,コト
に	助詞,格助詞,一般,*,*,*,に,ニ,ニ
なり	動詞,自立,*,*,五段・ラ行,連用形,なる,ナリ,ナリ
，	記号,読点,*,*,*,*,，,，,，
その	連体詞,*,*,*,*,*,その,ソノ,ソノ
右手	名詞,一般,*,*,*,*,右手,ミギテ,ミギテ
が	助詞,格助詞,一般,*,*,*,が,ガ,ガ
出会う	動詞,自立,*,*,五段・ワ行促音便,基本形,出会う,デアウ,デアウ
もの	名詞,非自立,一般,*,*,*,もの,モノ,モノ
は	助詞,係助詞,*,*,*,*,は,ハ,ワ
油	名詞,一般,*,*,*,*,油,アブラ,アブラ
で	助動詞,*,*,*,特殊・ダ,連用形,だ,デ,デ
ある	助動詞,*,*,*,五段・ラ行アル,基本形,ある,アル,アル
。	記号,句点,*,*,*,*,。,。,。
鉄	名詞,一般,*,*,*,*,鉄,テツ,テツ
は	助詞,係助詞,*,*,*,*,は,ハ,ワ
まさしく	副詞,一般,*,*,*,*,まさしく,マサシク,マサシク
鉄	名詞,一般,*,*,*,*,鉄,テツ,テツ
によって	助詞,格助詞,連語,*,*,*,によって,ニヨッテ,ニヨッテ
研が	動詞,自立,*,*,五段・ガ行,未然形,研ぐ,トガ,トガ
れる	動詞,接尾,*,*,一段,基本形,れる,レル,レル
。	記号,句点,*,*,*,*,。,。,。
同じ	連体詞,*,*,*,*,*,同じ,オナジ,オナジ
よう	名詞,非自立,助動詞語幹,*,*,*,よう,ヨウ,ヨー
に	助詞,副詞化,*,*,*,*,に,ニ,ニ
，	記号,読点,*,*,*,*,，,，,，
ひとり	名詞,一般,*,*,*,*,ひとり,ヒトリ,ヒトリ
の	助詞,連体化,*,*,*,*,の,ノ,ノ
人	名詞,一般,*,*,*,*,人,ヒト,ヒト
が	助詞,格助詞,一般,*,*,*,が,ガ,ガ
他	名詞,一般,*,*,*,*,他,タ,タ
の	助詞,連体化,*,*,*,*,の,ノ,ノ
人	名詞,一般,*,*,*,*,人,ヒト,ヒト
の	助詞,連体化,*,*,*,*,の,ノ,ノ
顔	名詞,一般,*,*,*,*,顔,カオ,カオ
を	助詞,格助詞,一般,*,*,*,を,ヲ,ヲ
研ぐ	動詞,自立,*,*,五段・ガ行,基本形,研ぐ,トグ,トグ
。	記号,句点,*,*,*,*,。,。,。
いちじく	名詞,一般,*,*,*,*,いちじく,イチジク,イチジク
の	助詞,連体化,*,*,*,*,の,ノ,ノ
木	名詞,一般,*,*,*,*,木,キ,キ
を	助詞,格助詞,一般,*,*,*,を,ヲ,ヲ
安全	名詞,形容動詞語幹,*,*,*,*,安全,アンゼン,アンゼン
に	助詞,格助詞,一般,*,*,*,に,ニ,ニ
守っ	動詞,自立,*,*,五段・ラ行,連用タ接続,守る,マモッ,マモッ
て	助詞,接続助詞,*,*,*,*,て,テ,テ
いる	動詞,非自立,*,*,一段,基本形,いる,イル,イル
者	名詞,非自立,一般,*,*,*,者,モノ,モノ
は	助詞,係助詞,*,*,*,*,は,ハ,ワ
自ら	名詞,副詞可能,*,*,*,*,自ら,ミズカラ,ミズカラ
その	連体詞,*,*,*,*,*,その,ソノ,ソノ
実	名詞,一般,*,*,*,*,実,ミ,ミ
を	助詞,格助詞,一般,*,*,*,を,ヲ,ヲ
食べ	動詞,自立,*,*,一段,連用形,食べる,タベ,タベ
，	記号,読点,*,*,*,*,，,，,，
自分	名詞,一般,*,*,*,*,自分,ジブン,ジブン
の	助詞,連体化,*,*,*,*,の,ノ,ノ
主人	名詞,一般,*,*,*,*,主人,シュジン,シュジン
を	助詞,格助詞,一般,*,*,*,を,ヲ,ヲ
守っ	動詞,自立,*,*,五段・ラ行,連用タ接続,守る,マモッ,マモッ
て	助詞,接続助詞,*,*,*,*,て,テ,テ
いる	動詞,非自立,*,*,一段,基本形,いる,イル,イル
者	名詞,非自立,一般,*,*,*,者,モノ,モノ
は	助詞,係助詞,*,*,*,*,は,ハ,ワ
誉れ	名詞,一般,*,*,*,*,誉れ,ホマレ,ホマレ
を	助詞,格助詞,一般,*,*,*,を,ヲ,ヲ
受ける	動詞,自立,*,*,一段,基本形,受ける,ウケル,ウケル
。	記号,句点,*,*,*,*,。,。,。
水	名詞,一般,*,*,*,*,水,ミズ,ミズ
の	助詞,連体化,*,*,*,*,の,ノ,ノ
中	名詞,非自立,副詞可能,*,*,*,中,ナカ,ナカ
で	助詞,格助詞,一般,*,*,*,で,デ,デ
顔	名詞,一般,*,*,*,*,顔,カオ,カオ
が	助詞,格助詞,一般,*,*,*,が,ガ,ガ
顔	名詞,一般,*,*,*,*,顔,カオ,カオ
に	助詞,格助詞,一般,*,*,*,に,ニ,ニ
対応	名詞,サ変接続,*,*,*,*,対応,タイオウ,タイオー
する	動詞,自立,*,*,サ変・スル,基本形,する,スル,スル
よう	名詞,非自立,助動詞語幹,*,*,*,よう,ヨウ,ヨー
に	助詞,副詞化,*,*,*,*,に,ニ,ニ
，	名詞,数,*,*,*,*,，,，,，
人	名詞,接尾,助数詞,*,*,*,人,ニン,ニン
の	助詞,連体化,*,*,*,*,の,ノ,ノ
心	名詞,一般,*,*,*,*,心,ココロ,ココロ
も	助詞,係助詞,*,*,*,*,も,モ,モ
人	名詞,一般,*,*,*,*,人,ヒト,ヒト
[	名詞,サ変接続,*,*,*,*,*
の	助詞,連体化,*,*,*,*,の,ノ,ノ
心	名詞,一般,*,*,*,*,心,ココロ,ココロ
]	名詞,サ変接続,*,*,*,*,*
に	助詞,格助詞,一般,*,*,*,に,ニ,ニ
[	名詞,サ変接続,*,*,*,*,*
対応	名詞,サ変接続,*,*,*,*,対応,タイオウ,タイオー
する	動詞,自立,*,*,サ変・スル,基本形,する,スル,スル
]。	名詞,サ変接続,*,*,*,*,*
シェオル	名詞,一般,*,*,*,*,*
と	助詞,格助詞,引用,*,*,*,と,ト,ト
滅び	動詞,自立,*,*,五段・バ行,連用形,滅ぶ,ホロビ,ホロビ
[	名詞,サ変接続,*,*,*,*,*
の	助詞,連体化,*,*,*,*,の,ノ,ノ
場所	名詞,一般,*,*,*,*,場所,バショ,バショ
]	名詞,サ変接続,*,*,*,*,*
と	助詞,格助詞,引用,*,*,*,と,ト,ト
は	助詞,係助詞,*,*,*,*,は,ハ,ワ
満ち足りる	動詞,自立,*,*,一段,基本形,満ち足りる,ミチタリル,ミチタリル
こと	名詞,非自立,一般,*,*,*,こと,コト,コト
が	助詞,格助詞,一般,*,*,*,が,ガ,ガ
ない	形容詞,自立,*,*,形容詞・アウオ段,基本形,ない,ナイ,ナイ
。	記号,句点,*,*,*,*,。,。,。
人	名詞,一般,*,*,*,*,人,ヒト,ヒト
の	助詞,連体化,*,*,*,*,の,ノ,ノ
目	名詞,一般,*,*,*,*,目,メ,メ
も	助詞,係助詞,*,*,*,*,も,モ,モ
また	副詞,助詞類接続,*,*,*,*,また,マタ,マタ
満ち足りる	動詞,自立,*,*,一段,基本形,満ち足りる,ミチタリル,ミチタリル
こと	名詞,非自立,一般,*,*,*,こと,コト,コト
が	助詞,格助詞,一般,*,*,*,が,ガ,ガ
ない	形容詞,自立,*,*,形容詞・アウオ段,基本形,ない,ナイ,ナイ
。	記号,句点,*,*,*,*,。,。,。
る	助動詞,*,*,*,文語・リ,体言接続,り,ル,ル
つ	助動詞,*,*,*,下二・タ行,基本形,つ,ツ,ツ
ぼ	動詞,自立,*,*,五段・ラ行,体言接続特殊２,ぼる,ボ,ボ
は	助詞,係助詞,*,*,*,*,は,ハ,ワ
銀	名詞,一般,*,*,*,*,銀,ギン,ギン
の	助詞,連体化,*,*,*,*,の,ノ,ノ
ため	名詞,非自立,副詞可能,*,*,*,ため,タメ,タメ
，	記号,読点,*,*,*,*,，,，,，
炉	名詞,一般,*,*,*,*,炉,ロ,ロ
は	助詞,係助詞,*,*,*,*,は,ハ,ワ
金	名詞,一般,*,*,*,*,金,キン,キン
の	助詞,連体化,*,*,*,*,の,ノ,ノ
ため	名詞,非自立,副詞可能,*,*,*,ため,タメ,タメ
。	記号,句点,*,*,*,*,。,。,。
人	名詞,一般,*,*,*,*,人,ヒト,ヒト
は	助詞,係助詞,*,*,*,*,は,ハ,ワ
その	連体詞,*,*,*,*,*,その,ソノ,ソノ
賛美	名詞,サ変接続,*,*,*,*,賛美,サンビ,サンビ
に	助詞,格助詞,一般,*,*,*,に,ニ,ニ
よる	動詞,自立,*,*,五段・ラ行,基本形,よる,ヨル,ヨル
。	記号,句点,*,*,*,*,。,。,。
たとえ	副詞,一般,*,*,*,*,たとえ,タトエ,タトエ
，	記号,読点,*,*,*,*,，,，,，
愚か	名詞,形容動詞語幹,*,*,*,*,愚か,オロカ,オロカ
な	助動詞,*,*,*,特殊・ダ,体言接続,だ,ナ,ナ
者	名詞,非自立,一般,*,*,*,者,モノ,モノ
を	助詞,格助詞,一般,*,*,*,を,ヲ,ヲ
つき	動詞,自立,*,*,五段・カ行イ音便,連用形,つく,ツキ,ツキ
臼	名詞,一般,*,*,*,*,臼,ウス,ウス
の	助詞,連体化,*,*,*,*,の,ノ,ノ
中	名詞,非自立,副詞可能,*,*,*,中,ナカ,ナカ
で	助詞,格助詞,一般,*,*,*,で,デ,デ
，	記号,読点,*,*,*,*,，,，,，
砕い	動詞,自立,*,*,五段・カ行イ音便,連用タ接続,砕く,クダイ,クダイ
た	助動詞,*,*,*,特殊・タ,基本形,た,タ,タ
穀物	名詞,一般,*,*,*,*,穀物,コクモツ,コクモツ
と	助詞,格助詞,一般,*,*,*,と,ト,ト
一緒	名詞,サ変接続,*,*,*,*,一緒,イッショ,イッショ
に	助詞,格助詞,一般,*,*,*,に,ニ,ニ
き	動詞,自立,*,*,カ変・クル,連用形,くる,キ,キ
ね	助詞,終助詞,*,*,*,*,ね,ネ,ネ
で	助動詞,*,*,*,特殊・ダ,連用形,だ,デ,デ
細かく	形容詞,自立,*,*,形容詞・アウオ段,連用テ接続,細かい,コマカク,コマカク
突き	名詞,一般,*,*,*,*,突き,ツキ,ツキ
砕い	動詞,自立,*,*,五段・カ行イ音便,連用タ接続,砕く,クダイ,クダイ
た	助動詞,*,*,*,特殊・タ,基本形,た,タ,タ
として	助詞,格助詞,連語,*,*,*,として,トシテ,トシテ
も	助詞,係助詞,*,*,*,*,も,モ,モ
，	記号,読点,*,*,*,*,，,，,，
その	連体詞,*,*,*,*,*,その,ソノ,ソノ
愚か	名詞,形容動詞語幹,*,*,*,*,愚か,オロカ,オロカ
さ	名詞,接尾,特殊,*,*,*,さ,サ,サ
は	助詞,係助詞,*,*,*,*,は,ハ,ワ
彼	名詞,代名詞,一般,*,*,*,彼,カレ,カレ
から	助詞,格助詞,一般,*,*,*,から,カラ,カラ
離れ	動詞,自立,*,*,一段,未然形,離れる,ハナレ,ハナレ
ない	助動詞,*,*,*,特殊・ナイ,基本形,ない,ナイ,ナイ
。	記号,句点,*,*,*,*,。,。,。
あなた	名詞,代名詞,一般,*,*,*,あなた,アナタ,アナタ
は	助詞,係助詞,*,*,*,*,は,ハ,ワ
自分	名詞,一般,*,*,*,*,自分,ジブン,ジブン
の	助詞,連体化,*,*,*,*,の,ノ,ノ
羊	名詞,一般,*,*,*,*,羊,ヒツジ,ヒツジ
の	助詞,連体化,*,*,*,*,の,ノ,ノ
群れ	名詞,一般,*,*,*,*,群れ,ムレ,ムレ
の	助詞,連体化,*,*,*,*,の,ノ,ノ
様子	名詞,一般,*,*,*,*,様子,ヨウス,ヨース
を	助詞,格助詞,一般,*,*,*,を,ヲ,ヲ
はっきり	副詞,助詞類接続,*,*,*,*,はっきり,ハッキリ,ハッキリ
知っ	動詞,自立,*,*,五段・ラ行,連用タ接続,知る,シッ,シッ
て	助詞,接続助詞,*,*,*,*,て,テ,テ
おく	動詞,非自立,*,*,五段・カ行イ音便,基本形,おく,オク,オク
べき	助動詞,*,*,*,文語・ベシ,体言接続,べし,ベキ,ベキ
で	助動詞,*,*,*,特殊・ダ,連用形,だ,デ,デ
ある	助動詞,*,*,*,五段・ラ行アル,基本形,ある,アル,アル
。	記号,句点,*,*,*,*,。,。,。
あなた	名詞,代名詞,一般,*,*,*,あなた,アナタ,アナタ
の	助詞,連体化,*,*,*,*,の,ノ,ノ
家畜	名詞,一般,*,*,*,*,家畜,カチク,カチク
の	助詞,連体化,*,*,*,*,の,ノ,ノ
群れ	名詞,一般,*,*,*,*,群れ,ムレ,ムレ
に	助詞,格助詞,一般,*,*,*,に,ニ,ニ
心	名詞,一般,*,*,*,*,心,ココロ,ココロ
を	助詞,格助詞,一般,*,*,*,を,ヲ,ヲ
留め	動詞,自立,*,*,一段,連用形,留める,トメ,トメ
よ	助詞,終助詞,*,*,*,*,よ,ヨ,ヨ
。	記号,句点,*,*,*,*,。,。,。
宝	名詞,一般,*,*,*,*,宝,タカラ,タカラ
は	助詞,係助詞,*,*,*,*,は,ハ,ワ
定め	名詞,一般,*,*,*,*,定め,サダメ,サダメ
の	助詞,格助詞,一般,*,*,*,の,ノ,ノ
ない	形容詞,自立,*,*,形容詞・アウオ段,基本形,ない,ナイ,ナイ
時	名詞,非自立,副詞可能,*,*,*,時,トキ,トキ
に	助詞,格助詞,一般,*,*,*,に,ニ,ニ
至る	動詞,自立,*,*,五段・ラ行,基本形,至る,イタル,イタル
まで	助詞,副助詞,*,*,*,*,まで,マデ,マデ
存続	名詞,サ変接続,*,*,*,*,存続,ソンゾク,ソンゾク
する	動詞,自立,*,*,サ変・スル,基本形,する,スル,スル
わけ	名詞,非自立,一般,*,*,*,わけ,ワケ,ワケ
で	助動詞,*,*,*,特殊・ダ,連用形,だ,デ,デ
は	助詞,係助詞,*,*,*,*,は,ハ,ワ
なく	助動詞,*,*,*,特殊・ナイ,連用テ接続,ない,ナク,ナク
，	記号,読点,*,*,*,*,，,，,，
王冠	名詞,一般,*,*,*,*,王冠,オウカン,オーカン
も	助詞,係助詞,*,*,*,*,も,モ,モ
代々	名詞,副詞可能,*,*,*,*,代々,ダイダイ,ダイダイ
いつ	名詞,代名詞,一般,*,*,*,いつ,イツ,イツ
まで	助詞,副助詞,*,*,*,*,まで,マデ,マデ
も	助詞,係助詞,*,*,*,*,も,モ,モ
存続	名詞,サ変接続,*,*,*,*,存続,ソンゾク,ソンゾク
する	動詞,自立,*,*,サ変・スル,基本形,する,スル,スル
わけ	名詞,非自立,一般,*,*,*,わけ,ワケ,ワケ
で	助動詞,*,*,*,特殊・ダ,連用形,だ,デ,デ
は	助詞,係助詞,*,*,*,*,は,ハ,ワ
ない	形容詞,自立,*,*,形容詞・アウオ段,基本形,ない,ナイ,ナイ
から	助詞,接続助詞,*,*,*,*,から,カラ,カラ
で	助動詞,*,*,*,特殊・ダ,連用形,だ,デ,デ
ある	助動詞,*,*,*,五段・ラ行アル,基本形,ある,アル,アル
。	記号,句点,*,*,*,*,。,。,。
青草	名詞,一般,*,*,*,*,青草,アオクサ,アオクサ
は	助詞,係助詞,*,*,*,*,は,ハ,ワ
去り	動詞,自立,*,*,五段・ラ行,連用形,去る,サリ,サリ
，	記号,読点,*,*,*,*,，,，,，
新しい	形容詞,自立,*,*,形容詞・イ段,基本形,新しい,アタラシイ,アタラシイ
草	名詞,一般,*,*,*,*,草,クサ,クサ
が	助詞,格助詞,一般,*,*,*,が,ガ,ガ
現われ	動詞,自立,*,*,一段,連用形,現われる,アラワレ,アラワレ
，	記号,読点,*,*,*,*,，,，,，
山々	名詞,一般,*,*,*,*,山々,ヤマヤマ,ヤマヤマ
の	助詞,連体化,*,*,*,*,の,ノ,ノ
草本	名詞,一般,*,*,*,*,草本,ソウホン,ソーホン
は	助詞,係助詞,*,*,*,*,は,ハ,ワ
集め	動詞,自立,*,*,一段,未然形,集める,アツメ,アツメ
られ	動詞,接尾,*,*,一段,連用形,られる,ラレ,ラレ
た	助動詞,*,*,*,特殊・タ,基本形,た,タ,タ
。	記号,句点,*,*,*,*,。,。,。
若い	形容詞,自立,*,*,形容詞・アウオ段,基本形,若い,ワカイ,ワカイ
雄	接頭詞,名詞接続,*,*,*,*,雄,オ,オ
羊	名詞,一般,*,*,*,*,羊,ヒツジ,ヒツジ
は	助詞,係助詞,*,*,*,*,は,ハ,ワ
あなた	名詞,代名詞,一般,*,*,*,あなた,アナタ,アナタ
の	助詞,連体化,*,*,*,*,の,ノ,ノ
衣服	名詞,一般,*,*,*,*,衣服,イフク,イフク
の	助詞,連体化,*,*,*,*,の,ノ,ノ
ため	名詞,非自立,副詞可能,*,*,*,ため,タメ,タメ
の	助詞,連体化,*,*,*,*,の,ノ,ノ
もの	名詞,非自立,一般,*,*,*,もの,モノ,モノ
，	記号,読点,*,*,*,*,，,，,，
雄	接頭詞,名詞接続,*,*,*,*,雄,オ,オ
やぎ	名詞,一般,*,*,*,*,やぎ,ヤギ,ヤギ
は	助詞,係助詞,*,*,*,*,は,ハ,ワ
あなた	名詞,代名詞,一般,*,*,*,あなた,アナタ,アナタ
の	助詞,連体化,*,*,*,*,の,ノ,ノ
畑	名詞,一般,*,*,*,*,畑,ハタケ,ハタケ
の	助詞,連体化,*,*,*,*,の,ノ,ノ
代価	名詞,一般,*,*,*,*,代価,ダイカ,ダイカ
で	助動詞,*,*,*,特殊・ダ,連用形,だ,デ,デ
ある	助動詞,*,*,*,五段・ラ行アル,基本形,ある,アル,アル
。	記号,句点,*,*,*,*,。,。,。
そして	接続詞,*,*,*,*,*,そして,ソシテ,ソシテ
，	記号,読点,*,*,*,*,，,，,，
あなた	名詞,代名詞,一般,*,*,*,あなた,アナタ,アナタ
の	助詞,連体化,*,*,*,*,の,ノ,ノ
食物	名詞,一般,*,*,*,*,食物,ショクモツ,ショクモツ
の	助詞,連体化,*,*,*,*,の,ノ,ノ
ため	名詞,非自立,副詞可能,*,*,*,ため,タメ,タメ
，	記号,読点,*,*,*,*,，,，,，
あなた	名詞,代名詞,一般,*,*,*,あなた,アナタ,アナタ
の	助詞,連体化,*,*,*,*,の,ノ,ノ
家	名詞,一般,*,*,*,*,家,イエ,イエ
の	助詞,連体化,*,*,*,*,の,ノ,ノ
者	名詞,非自立,一般,*,*,*,者,モノ,モノ
の	助詞,連体化,*,*,*,*,の,ノ,ノ
食物	名詞,一般,*,*,*,*,食物,ショクモツ,ショクモツ
の	助詞,連体化,*,*,*,*,の,ノ,ノ
ため	名詞,非自立,副詞可能,*,*,*,ため,タメ,タメ
，	記号,読点,*,*,*,*,，,，,，
また	接続詞,*,*,*,*,*,また,マタ,マタ
あなた	名詞,代名詞,一般,*,*,*,あなた,アナタ,アナタ
の	助詞,連体化,*,*,*,*,の,ノ,ノ
娘	名詞,一般,*,*,*,*,娘,ムスメ,ムスメ
たち	名詞,接尾,一般,*,*,*,たち,タチ,タチ
の	助詞,連体化,*,*,*,*,の,ノ,ノ
命	名詞,一般,*,*,*,*,命,イノチ,イノチ
の	助詞,連体化,*,*,*,*,の,ノ,ノ
糧	名詞,一般,*,*,*,*,糧,カテ,カテ
の	助詞,連体化,*,*,*,*,の,ノ,ノ
ため	名詞,非自立,副詞可能,*,*,*,ため,タメ,タメ
に	助詞,格助詞,一般,*,*,*,に,ニ,ニ
も	助詞,係助詞,*,*,*,*,も,モ,モ
十分	名詞,形容動詞語幹,*,*,*,*,十分,ジュウブン,ジューブン
の	助詞,連体化,*,*,*,*,の,ノ,ノ
やぎ	名詞,一般,*,*,*,*,やぎ,ヤギ,ヤギ
の	助詞,連体化,*,*,*,*,の,ノ,ノ
乳	名詞,一般,*,*,*,*,乳,チチ,チチ
が	助詞,格助詞,一般,*,*,*,が,ガ,ガ
ある	動詞,自立,*,*,五段・ラ行,基本形,ある,アル,アル
。	記号,句点,*,*,*,*,。,。,。
EOS
