シオン	名詞,一般,*,*,*,*,シオン,シオン,シオン
よ	助詞,終助詞,*,*,*,*,よ,ヨ,ヨ
，	記号,読点,*,*,*,*,，,，,，
覚めよ	動詞,自立,*,*,一段,命令ｙｏ,覚める,サメヨ,サメヨ
，	記号,読点,*,*,*,*,，,，,，
覚めよ	動詞,自立,*,*,一段,命令ｙｏ,覚める,サメヨ,サメヨ
，	記号,読点,*,*,*,*,，,，,，
あなた	名詞,代名詞,一般,*,*,*,あなた,アナタ,アナタ
の	助詞,連体化,*,*,*,*,の,ノ,ノ
力	名詞,一般,*,*,*,*,力,チカラ,チカラ
を	助詞,格助詞,一般,*,*,*,を,ヲ,ヲ
着よ	動詞,自立,*,*,一段,命令ｙｏ,着る,キヨ,キヨ
！	記号,一般,*,*,*,*,！,！,！
エルサレム	名詞,固有名詞,地域,一般,*,*,エルサレム,エルサレム,エルサレム
，	記号,読点,*,*,*,*,，,，,，
聖なる	連体詞,*,*,*,*,*,聖なる,セイナル,セイナル
都市	名詞,一般,*,*,*,*,都市,トシ,トシ
よ	助詞,終助詞,*,*,*,*,よ,ヨ,ヨ
，	記号,読点,*,*,*,*,，,，,，
あなた	名詞,代名詞,一般,*,*,*,あなた,アナタ,アナタ
の	助詞,連体化,*,*,*,*,の,ノ,ノ
美しい	形容詞,自立,*,*,形容詞・イ段,基本形,美しい,ウツクシイ,ウツクシイ
衣	名詞,一般,*,*,*,*,衣,コロモ,コロモ
を	助詞,格助詞,一般,*,*,*,を,ヲ,ヲ
着よ	動詞,自立,*,*,一段,命令ｙｏ,着る,キヨ,キヨ
！	記号,一般,*,*,*,*,！,！,！
割礼	名詞,一般,*,*,*,*,割礼,カツレイ,カツレイ
を	助詞,格助詞,一般,*,*,*,を,ヲ,ヲ
受け	動詞,自立,*,*,一段,連用形,受ける,ウケ,ウケ
て	助詞,接続助詞,*,*,*,*,て,テ,テ
い	動詞,非自立,*,*,一段,未然形,いる,イ,イ
ない	助動詞,*,*,*,特殊・ナイ,基本形,ない,ナイ,ナイ
汚れ	動詞,自立,*,*,一段,連用形,汚れる,ヨゴレ,ヨゴレ
た	助動詞,*,*,*,特殊・タ,基本形,た,タ,タ
者	名詞,非自立,一般,*,*,*,者,モノ,モノ
は	助詞,係助詞,*,*,*,*,は,ハ,ワ
，	記号,読点,*,*,*,*,，,，,，
もはや	副詞,助詞類接続,*,*,*,*,もはや,モハヤ,モハヤ
再び	副詞,助詞類接続,*,*,*,*,再び,フタタビ,フタタビ
あなた	名詞,代名詞,一般,*,*,*,あなた,アナタ,アナタ
の	助詞,連体化,*,*,*,*,の,ノ,ノ
もと	名詞,非自立,一般,*,*,*,もと,モト,モト
に	助詞,格助詞,一般,*,*,*,に,ニ,ニ
入っ	動詞,自立,*,*,五段・ラ行,連用タ接続,入る,ハイッ,ハイッ
て	助詞,接続助詞,*,*,*,*,て,テ,テ
来	動詞,非自立,*,*,カ変・来ル,未然形,来る,コ,コ
ない	助動詞,*,*,*,特殊・ナイ,基本形,ない,ナイ,ナイ
から	助詞,接続助詞,*,*,*,*,から,カラ,カラ
で	助動詞,*,*,*,特殊・ダ,連用形,だ,デ,デ
ある	助動詞,*,*,*,五段・ラ行アル,基本形,ある,アル,アル
。	記号,句点,*,*,*,*,。,。,。
エルサレム	名詞,固有名詞,地域,一般,*,*,エルサレム,エルサレム,エルサレム
よ	助詞,終助詞,*,*,*,*,よ,ヨ,ヨ
，	記号,読点,*,*,*,*,，,，,，
塵	名詞,一般,*,*,*,*,塵,チリ,チリ
を	助詞,格助詞,一般,*,*,*,を,ヲ,ヲ
払い	動詞,自立,*,*,五段・ワ行促音便,連用形,払う,ハライ,ハライ
落とせ	動詞,自立,*,*,一段,連用形,落とせる,オトセ,オトセ
，	記号,読点,*,*,*,*,，,，,，
立ち上がれ	動詞,自立,*,*,一段,連用形,立ち上がれる,タチアガレ,タチアガレ
，	記号,読点,*,*,*,*,，,，,，
座	名詞,一般,*,*,*,*,座,ザ,ザ
に	助詞,格助詞,一般,*,*,*,に,ニ,ニ
着け	動詞,自立,*,*,五段・カ行イ音便,命令ｅ,着く,ツケ,ツケ
。	記号,句点,*,*,*,*,。,。,。
シオン	名詞,一般,*,*,*,*,シオン,シオン,シオン
の	助詞,連体化,*,*,*,*,の,ノ,ノ
捕らわれ	動詞,自立,*,*,一段,連用形,捕らわれる,トラワレ,トラワレ
の	助詞,連体化,*,*,*,*,の,ノ,ノ
娘	名詞,一般,*,*,*,*,娘,ムスメ,ムスメ
よ	助詞,終助詞,*,*,*,*,よ,ヨ,ヨ
，	記号,読点,*,*,*,*,，,，,，
自分	名詞,一般,*,*,*,*,自分,ジブン,ジブン
の	助詞,連体化,*,*,*,*,の,ノ,ノ
ため	名詞,非自立,副詞可能,*,*,*,ため,タメ,タメ
に	助詞,格助詞,一般,*,*,*,に,ニ,ニ
首	名詞,一般,*,*,*,*,首,クビ,クビ
の	助詞,連体化,*,*,*,*,の,ノ,ノ
縛り	動詞,自立,*,*,五段・ラ行,連用形,縛る,シバリ,シバリ
縄	名詞,一般,*,*,*,*,縄,ナワ,ナワ
を	助詞,格助詞,一般,*,*,*,を,ヲ,ヲ
解け	動詞,自立,*,*,五段・カ行イ音便,命令ｅ,解く,トケ,トケ
。	記号,句点,*,*,*,*,。,。,。
エホバ	名詞,一般,*,*,*,*,エホバ,エホバ,エホバ
は	助詞,係助詞,*,*,*,*,は,ハ,ワ
この	連体詞,*,*,*,*,*,この,コノ,コノ
よう	名詞,非自立,助動詞語幹,*,*,*,よう,ヨウ,ヨー
に	助詞,副詞化,*,*,*,*,に,ニ,ニ
言わ	動詞,自立,*,*,五段・ワ行促音便,未然形,言う,イワ,イワ
れ	動詞,接尾,*,*,一段,連用形,れる,レ,レ
た	助動詞,*,*,*,特殊・タ,基本形,た,タ,タ
から	助詞,接続助詞,*,*,*,*,から,カラ,カラ
で	助動詞,*,*,*,特殊・ダ,連用形,だ,デ,デ
ある	助動詞,*,*,*,五段・ラ行アル,基本形,ある,アル,アル
。	記号,句点,*,*,*,*,。,。,。
「	記号,括弧開,*,*,*,*,「,「,「
あなた	名詞,代名詞,一般,*,*,*,あなた,アナタ,アナタ
方	名詞,接尾,一般,*,*,*,方,カタ,カタ
は	助詞,係助詞,*,*,*,*,は,ハ,ワ
ただ	名詞,一般,*,*,*,*,ただ,タダ,タダ
で	助詞,格助詞,一般,*,*,*,で,デ,デ
売ら	動詞,自立,*,*,五段・ラ行,未然形,売る,ウラ,ウラ
れ	動詞,接尾,*,*,一段,連用形,れる,レ,レ
た	助動詞,*,*,*,特殊・タ,基本形,た,タ,タ
。	記号,句点,*,*,*,*,。,。,。
だから	接続詞,*,*,*,*,*,だから,ダカラ,ダカラ
，	記号,読点,*,*,*,*,，,，,，
あなた	名詞,代名詞,一般,*,*,*,あなた,アナタ,アナタ
方	名詞,接尾,一般,*,*,*,方,カタ,カタ
は	助詞,係助詞,*,*,*,*,は,ハ,ワ
金	名詞,一般,*,*,*,*,金,キン,キン
なし	形容詞,自立,*,*,形容詞・アウオ段,文語基本形,ない,ナシ,ナシ
に	助詞,格助詞,一般,*,*,*,に,ニ,ニ
買い戻さ	動詞,自立,*,*,五段・サ行,未然形,買い戻す,カイモドサ,カイモドサ
れる	動詞,接尾,*,*,一段,基本形,れる,レル,レル
」	記号,括弧閉,*,*,*,*,」,」,」
。	記号,句点,*,*,*,*,。,。,。
主権	名詞,一般,*,*,*,*,主権,シュケン,シュケン
者	名詞,接尾,一般,*,*,*,者,シャ,シャ
なる	助動詞,*,*,*,文語・ナリ,体言接続,なり,ナル,ナル
主	接頭詞,名詞接続,*,*,*,*,主,シュ,シュ
エホバ	名詞,一般,*,*,*,*,エホバ,エホバ,エホバ
は	助詞,係助詞,*,*,*,*,は,ハ,ワ
この	連体詞,*,*,*,*,*,この,コノ,コノ
よう	名詞,非自立,助動詞語幹,*,*,*,よう,ヨウ,ヨー
に	助詞,副詞化,*,*,*,*,に,ニ,ニ
言わ	動詞,自立,*,*,五段・ワ行促音便,未然形,言う,イワ,イワ
れ	動詞,接尾,*,*,一段,連用形,れる,レ,レ
た	助動詞,*,*,*,特殊・タ,基本形,た,タ,タ
から	助詞,接続助詞,*,*,*,*,から,カラ,カラ
で	助動詞,*,*,*,特殊・ダ,連用形,だ,デ,デ
ある	助動詞,*,*,*,五段・ラ行アル,基本形,ある,アル,アル
。	記号,句点,*,*,*,*,。,。,。
「	記号,括弧開,*,*,*,*,「,「,「
わたし	名詞,代名詞,一般,*,*,*,わたし,ワタシ,ワタシ
の	助詞,連体化,*,*,*,*,の,ノ,ノ
民	名詞,一般,*,*,*,*,民,ミン,ミン
は	助詞,係助詞,*,*,*,*,は,ハ,ワ
最初	名詞,一般,*,*,*,*,最初,サイショ,サイショ
エジプト	名詞,固有名詞,地域,国,*,*,エジプト,エジプト,エジプト
に	助詞,格助詞,一般,*,*,*,に,ニ,ニ
下っ	動詞,自立,*,*,五段・ラ行,連用タ接続,下る,クダッ,クダッ
て	助詞,接続助詞,*,*,*,*,て,テ,テ
行っ	動詞,非自立,*,*,五段・カ行促音便,連用タ接続,行く,イッ,イッ
て	助詞,接続助詞,*,*,*,*,て,テ,テ
，	記号,読点,*,*,*,*,，,，,，
そこで	接続詞,*,*,*,*,*,そこで,ソコデ,ソコデ
外国	名詞,一般,*,*,*,*,外国,ガイコク,ガイコク
人	名詞,接尾,一般,*,*,*,人,ジン,ジン
として	助詞,格助詞,連語,*,*,*,として,トシテ,トシテ
とどまっ	動詞,自立,*,*,五段・ラ行,連用タ接続,とどまる,トドマッ,トドマッ
た	助動詞,*,*,*,特殊・タ,基本形,た,タ,タ
。	記号,句点,*,*,*,*,。,。,。
そして	接続詞,*,*,*,*,*,そして,ソシテ,ソシテ
，	記号,読点,*,*,*,*,，,，,，
アッシリア	名詞,一般,*,*,*,*,*
も	助詞,係助詞,*,*,*,*,も,モ,モ
いわ	動詞,自立,*,*,五段・ワ行促音便,未然形,いう,イワ,イワ
れ	動詞,接尾,*,*,一段,未然形,れる,レ,レ
なく	助動詞,*,*,*,特殊・ナイ,連用テ接続,ない,ナク,ナク
彼ら	名詞,代名詞,一般,*,*,*,彼ら,カレラ,カレラ
を	助詞,格助詞,一般,*,*,*,を,ヲ,ヲ
虐げ	動詞,自立,*,*,一段,連用形,虐げる,シイタゲ,シータゲ
た	助動詞,*,*,*,特殊・タ,基本形,た,タ,タ
」	記号,括弧閉,*,*,*,*,」,」,」
。	記号,句点,*,*,*,*,。,。,。
「	記号,括弧開,*,*,*,*,「,「,「
それで	接続詞,*,*,*,*,*,それで,ソレデ,ソレデ
今	名詞,副詞可能,*,*,*,*,今,イマ,イマ
，	記号,読点,*,*,*,*,，,，,，
わたし	名詞,代名詞,一般,*,*,*,わたし,ワタシ,ワタシ
は	助詞,係助詞,*,*,*,*,は,ハ,ワ
ここ	名詞,代名詞,一般,*,*,*,ここ,ココ,ココ
に	助詞,格助詞,一般,*,*,*,に,ニ,ニ
どんな	連体詞,*,*,*,*,*,どんな,ドンナ,ドンナ
関心	名詞,一般,*,*,*,*,関心,カンシン,カンシン
が	助詞,格助詞,一般,*,*,*,が,ガ,ガ
ある	動詞,自立,*,*,五段・ラ行,基本形,ある,アル,アル
の	名詞,非自立,一般,*,*,*,の,ノ,ノ
か	助詞,副助詞／並立助詞／終助詞,*,*,*,*,か,カ,カ
」	記号,括弧閉,*,*,*,*,」,」,」
と	助詞,格助詞,引用,*,*,*,と,ト,ト
，	記号,読点,*,*,*,*,，,，,，
エホバ	名詞,一般,*,*,*,*,エホバ,エホバ,エホバ
は	助詞,係助詞,*,*,*,*,は,ハ,ワ
お告げ	名詞,一般,*,*,*,*,お告げ,オツゲ,オツゲ
に	助詞,格助詞,一般,*,*,*,に,ニ,ニ
なる	動詞,自立,*,*,五段・ラ行,基本形,なる,ナル,ナル
。	記号,句点,*,*,*,*,。,。,。
「	記号,括弧開,*,*,*,*,「,「,「
わたし	名詞,代名詞,一般,*,*,*,わたし,ワタシ,ワタシ
の	助詞,連体化,*,*,*,*,の,ノ,ノ
民	名詞,一般,*,*,*,*,民,ミン,ミン
は	助詞,係助詞,*,*,*,*,は,ハ,ワ
ただ	名詞,一般,*,*,*,*,ただ,タダ,タダ
で	助詞,格助詞,一般,*,*,*,で,デ,デ
取ら	動詞,自立,*,*,五段・ラ行,未然形,取る,トラ,トラ
れ	動詞,接尾,*,*,一段,連用形,れる,レ,レ
た	助動詞,*,*,*,特殊・タ,基本形,た,タ,タ
から	助詞,接続助詞,*,*,*,*,から,カラ,カラ
で	助動詞,*,*,*,特殊・ダ,連用形,だ,デ,デ
ある	助動詞,*,*,*,五段・ラ行アル,基本形,ある,アル,アル
。	記号,句点,*,*,*,*,。,。,。
彼ら	名詞,代名詞,一般,*,*,*,彼ら,カレラ,カレラ
を	助詞,格助詞,一般,*,*,*,を,ヲ,ヲ
支配	名詞,サ変接続,*,*,*,*,支配,シハイ,シハイ
する	動詞,自立,*,*,サ変・スル,基本形,する,スル,スル
者	名詞,一般,*,*,*,*,者,モノ,モノ
たち	名詞,接尾,一般,*,*,*,たち,タチ,タチ
が	助詞,格助詞,一般,*,*,*,が,ガ,ガ
わめき	動詞,自立,*,*,五段・カ行イ音便,連用形,わめく,ワメキ,ワメキ
続け	動詞,非自立,*,*,一段,連用形,続ける,ツヅケ,ツズケ
た	助動詞,*,*,*,特殊・タ,基本形,た,タ,タ
」	記号,括弧閉,*,*,*,*,」,」,」
と	助詞,格助詞,引用,*,*,*,と,ト,ト
，	記号,読点,*,*,*,*,，,，,，
エホバ	名詞,一般,*,*,*,*,エホバ,エホバ,エホバ
は	助詞,係助詞,*,*,*,*,は,ハ,ワ
お告げ	名詞,一般,*,*,*,*,お告げ,オツゲ,オツゲ
に	助詞,格助詞,一般,*,*,*,に,ニ,ニ
なる	動詞,自立,*,*,五段・ラ行,基本形,なる,ナル,ナル
，	記号,読点,*,*,*,*,，,，,，
「	記号,括弧開,*,*,*,*,「,「,「
そして	接続詞,*,*,*,*,*,そして,ソシテ,ソシテ
，	記号,読点,*,*,*,*,，,，,，
わたし	名詞,代名詞,一般,*,*,*,わたし,ワタシ,ワタシ
の	助詞,連体化,*,*,*,*,の,ノ,ノ
名	名詞,一般,*,*,*,*,名,ナ,ナ
は	助詞,係助詞,*,*,*,*,は,ハ,ワ
絶えず	副詞,一般,*,*,*,*,絶えず,タエズ,タエズ
，	記号,読点,*,*,*,*,，,，,，
一	名詞,数,*,*,*,*,一,イチ,イチ
日	名詞,接尾,助数詞,*,*,*,日,ニチ,ニチ
じゅう	名詞,接尾,一般,*,*,*,じゅう,ジュウ,ジュー
不敬	名詞,形容動詞語幹,*,*,*,*,不敬,フケイ,フケイ
な	助動詞,*,*,*,特殊・ダ,体言接続,だ,ナ,ナ
仕方	名詞,ナイ形容詞語幹,*,*,*,*,仕方,シカタ,シカタ
で	助詞,格助詞,一般,*,*,*,で,デ,デ
扱わ	動詞,自立,*,*,五段・ワ行促音便,未然形,扱う,アツカワ,アツカワ
れ	動詞,接尾,*,*,一段,連用形,れる,レ,レ
た	助動詞,*,*,*,特殊・タ,基本形,た,タ,タ
。	記号,句点,*,*,*,*,。,。,。
それ	名詞,代名詞,一般,*,*,*,それ,ソレ,ソレ
ゆえ	名詞,接尾,一般,*,*,*,ゆえ,ユエ,ユエ
に	助詞,格助詞,一般,*,*,*,に,ニ,ニ
，	記号,読点,*,*,*,*,，,，,，
わたし	名詞,代名詞,一般,*,*,*,わたし,ワタシ,ワタシ
の	助詞,連体化,*,*,*,*,の,ノ,ノ
民	名詞,一般,*,*,*,*,民,ミン,ミン
は	助詞,係助詞,*,*,*,*,は,ハ,ワ
まさに	副詞,一般,*,*,*,*,まさに,マサニ,マサニ
それ	名詞,代名詞,一般,*,*,*,それ,ソレ,ソレ
ゆえ	名詞,接尾,一般,*,*,*,ゆえ,ユエ,ユエ
に	助詞,格助詞,一般,*,*,*,に,ニ,ニ
，	記号,読点,*,*,*,*,，,，,，
その	連体詞,*,*,*,*,*,その,ソノ,ソノ
日	名詞,非自立,副詞可能,*,*,*,日,ヒ,ヒ
に	助詞,格助詞,一般,*,*,*,に,ニ,ニ
わたし	名詞,代名詞,一般,*,*,*,わたし,ワタシ,ワタシ
の	助詞,連体化,*,*,*,*,の,ノ,ノ
名	名詞,一般,*,*,*,*,名,ナ,ナ
を	助詞,格助詞,一般,*,*,*,を,ヲ,ヲ
知る	動詞,自立,*,*,五段・ラ行,基本形,知る,シル,シル
で	助動詞,*,*,*,特殊・ダ,連用形,だ,デ,デ
あろ	助動詞,*,*,*,五段・ラ行アル,未然ウ接続,ある,アロ,アロ
う	助動詞,*,*,*,不変化型,基本形,う,ウ,ウ
。	記号,句点,*,*,*,*,。,。,。
話し	動詞,自立,*,*,五段・サ行,連用形,話す,ハナシ,ハナシ
て	助詞,接続助詞,*,*,*,*,て,テ,テ
いる	動詞,非自立,*,*,一段,基本形,いる,イル,イル
の	名詞,非自立,一般,*,*,*,の,ノ,ノ
は	助詞,係助詞,*,*,*,*,は,ハ,ワ
，	記号,読点,*,*,*,*,，,，,，
この	連体詞,*,*,*,*,*,この,コノ,コノ
わたし	名詞,代名詞,一般,*,*,*,わたし,ワタシ,ワタシ
だ	助動詞,*,*,*,特殊・ダ,基本形,だ,ダ,ダ
から	助詞,接続助詞,*,*,*,*,から,カラ,カラ
で	助動詞,*,*,*,特殊・ダ,連用形,だ,デ,デ
ある	助動詞,*,*,*,五段・ラ行アル,基本形,ある,アル,アル
。	記号,句点,*,*,*,*,。,。,。
見よ	動詞,自立,*,*,一段,命令ｙｏ,見る,ミヨ,ミヨ
，	記号,読点,*,*,*,*,，,，,，
それ	名詞,代名詞,一般,*,*,*,それ,ソレ,ソレ
は	助詞,係助詞,*,*,*,*,は,ハ,ワ
わたし	名詞,代名詞,一般,*,*,*,わたし,ワタシ,ワタシ
で	助動詞,*,*,*,特殊・ダ,連用形,だ,デ,デ
ある	助動詞,*,*,*,五段・ラ行アル,基本形,ある,アル,アル
」	記号,括弧閉,*,*,*,*,」,」,」
。	記号,句点,*,*,*,*,。,。,。
良い	形容詞,自立,*,*,形容詞・アウオ段,基本形,良い,ヨイ,ヨイ
たより	名詞,ナイ形容詞語幹,*,*,*,*,たより,タヨリ,タヨリ
を	助詞,格助詞,一般,*,*,*,を,ヲ,ヲ
携え	動詞,自立,*,*,一段,連用形,携える,タズサエ,タズサエ
て	助詞,接続助詞,*,*,*,*,て,テ,テ
来る	動詞,非自立,*,*,カ変・来ル,基本形,来る,クル,クル
者	名詞,非自立,一般,*,*,*,者,モノ,モノ
，	記号,読点,*,*,*,*,，,，,，
平和	名詞,形容動詞語幹,*,*,*,*,平和,ヘイワ,ヘイワ
を	助詞,格助詞,一般,*,*,*,を,ヲ,ヲ
言い	動詞,自立,*,*,五段・ワ行促音便,連用形,言う,イイ,イイ
広める	動詞,自立,*,*,一段,基本形,広める,ヒロメル,ヒロメル
者	名詞,非自立,一般,*,*,*,者,モノ,モノ
，	記号,読点,*,*,*,*,，,，,，
より	副詞,一般,*,*,*,*,より,ヨリ,ヨリ
良い	形容詞,自立,*,*,形容詞・アウオ段,基本形,良い,ヨイ,ヨイ
こと	名詞,非自立,一般,*,*,*,こと,コト,コト
について	助詞,格助詞,連語,*,*,*,について,ニツイテ,ニツイテ
の	助詞,連体化,*,*,*,*,の,ノ,ノ
良い	形容詞,自立,*,*,形容詞・アウオ段,基本形,良い,ヨイ,ヨイ
たより	名詞,ナイ形容詞語幹,*,*,*,*,たより,タヨリ,タヨリ
を	助詞,格助詞,一般,*,*,*,を,ヲ,ヲ
携え	動詞,自立,*,*,一段,連用形,携える,タズサエ,タズサエ
て	助詞,接続助詞,*,*,*,*,て,テ,テ
来る	動詞,非自立,*,*,カ変・来ル,基本形,来る,クル,クル
者	名詞,非自立,一般,*,*,*,者,モノ,モノ
，	記号,読点,*,*,*,*,，,，,，
救い	名詞,一般,*,*,*,*,救い,スクイ,スクイ
を	助詞,格助詞,一般,*,*,*,を,ヲ,ヲ
言い	動詞,自立,*,*,五段・ワ行促音便,連用形,言う,イイ,イイ
広める	動詞,自立,*,*,一段,基本形,広める,ヒロメル,ヒロメル
者	名詞,非自立,一般,*,*,*,者,モノ,モノ
，	記号,読点,*,*,*,*,，,，,，
「	記号,括弧開,*,*,*,*,「,「,「
あなた	名詞,代名詞,一般,*,*,*,あなた,アナタ,アナタ
の	助詞,連体化,*,*,*,*,の,ノ,ノ
神	名詞,一般,*,*,*,*,神,カミ,カミ
は	助詞,係助詞,*,*,*,*,は,ハ,ワ
王	名詞,一般,*,*,*,*,王,オウ,オー
と	助詞,格助詞,一般,*,*,*,と,ト,ト
なっ	動詞,自立,*,*,五段・ラ行,連用タ接続,なる,ナッ,ナッ
た	助動詞,*,*,*,特殊・タ,基本形,た,タ,タ
！	記号,一般,*,*,*,*,！,！,！
」	記号,括弧閉,*,*,*,*,」,」,」
と	助詞,格助詞,引用,*,*,*,と,ト,ト
シオン	名詞,一般,*,*,*,*,シオン,シオン,シオン
に	助詞,格助詞,一般,*,*,*,に,ニ,ニ
言う	動詞,自立,*,*,五段・ワ行促音便,基本形,言う,イウ,イウ
者	名詞,非自立,一般,*,*,*,者,モノ,モノ
の	助詞,連体化,*,*,*,*,の,ノ,ノ
足	名詞,一般,*,*,*,*,足,アシ,アシ
は	助詞,係助詞,*,*,*,*,は,ハ,ワ
，	記号,読点,*,*,*,*,，,，,，
山々	名詞,一般,*,*,*,*,山々,ヤマヤマ,ヤマヤマ
の	助詞,連体化,*,*,*,*,の,ノ,ノ
上	名詞,非自立,副詞可能,*,*,*,上,ウエ,ウエ
に	助詞,格助詞,一般,*,*,*,に,ニ,ニ
あっ	動詞,自立,*,*,五段・ラ行,連用タ接続,ある,アッ,アッ
て	助詞,接続助詞,*,*,*,*,て,テ,テ
何	名詞,代名詞,一般,*,*,*,何,ナニ,ナニ
と	助詞,格助詞,一般,*,*,*,と,ト,ト
麗しい	形容詞,自立,*,*,形容詞・イ段,基本形,麗しい,ウルワシイ,ウルワシイ
の	名詞,非自立,一般,*,*,*,の,ノ,ノ
だろ	助動詞,*,*,*,特殊・ダ,未然形,だ,ダロ,ダロ
う	助動詞,*,*,*,不変化型,基本形,う,ウ,ウ
。	記号,句点,*,*,*,*,。,。,。
聴け	動詞,自立,*,*,一段,連用形,聴ける,キケ,キケ
，	記号,読点,*,*,*,*,，,，,，
あなた	名詞,代名詞,一般,*,*,*,あなた,アナタ,アナタ
の	助詞,連体化,*,*,*,*,の,ノ,ノ
見張り	名詞,一般,*,*,*,*,見張り,ミハリ,ミハリ
の	助詞,連体化,*,*,*,*,の,ノ,ノ
者	名詞,一般,*,*,*,*,者,モノ,モノ
たち	名詞,接尾,一般,*,*,*,たち,タチ,タチ
が	助詞,格助詞,一般,*,*,*,が,ガ,ガ
声	名詞,一般,*,*,*,*,声,コエ,コエ
を	助詞,格助詞,一般,*,*,*,を,ヲ,ヲ
上げ	動詞,自立,*,*,一段,連用形,上げる,アゲ,アゲ
た	助動詞,*,*,*,特殊・タ,基本形,た,タ,タ
。	記号,句点,*,*,*,*,。,。,。
彼ら	名詞,代名詞,一般,*,*,*,彼ら,カレラ,カレラ
は	助詞,係助詞,*,*,*,*,は,ハ,ワ
一斉	名詞,副詞可能,*,*,*,*,一斉,イッセイ,イッセイ
に	助詞,格助詞,一般,*,*,*,に,ニ,ニ
喜び	動詞,自立,*,*,五段・バ行,連用形,喜ぶ,ヨロコビ,ヨロコビ
叫ん	動詞,自立,*,*,五段・バ行,連用タ接続,叫ぶ,サケン,サケン
で	助詞,接続助詞,*,*,*,*,で,デ,デ
いる	動詞,非自立,*,*,一段,基本形,いる,イル,イル
。	記号,句点,*,*,*,*,。,。,。
エホバ	名詞,一般,*,*,*,*,エホバ,エホバ,エホバ
が	助詞,格助詞,一般,*,*,*,が,ガ,ガ
シオン	名詞,一般,*,*,*,*,シオン,シオン,シオン
を	助詞,格助詞,一般,*,*,*,を,ヲ,ヲ
連れ戻す	動詞,自立,*,*,五段・サ行,基本形,連れ戻す,ツレモドス,ツレモドス
とき	名詞,非自立,副詞可能,*,*,*,とき,トキ,トキ
，	記号,読点,*,*,*,*,，,，,，
彼ら	名詞,代名詞,一般,*,*,*,彼ら,カレラ,カレラ
は	助詞,係助詞,*,*,*,*,は,ハ,ワ
目と	名詞,サ変接続,*,*,*,*,目と,モクト,モクト
目	名詞,接尾,一般,*,*,*,目,メ,メ
を	助詞,格助詞,一般,*,*,*,を,ヲ,ヲ
合わせ	動詞,自立,*,*,一段,連用形,合わせる,アワセ,アワセ
て	助詞,接続助詞,*,*,*,*,て,テ,テ
見る	動詞,自立,*,*,一段,基本形,見る,ミル,ミル
こと	名詞,非自立,一般,*,*,*,こと,コト,コト
に	助詞,格助詞,一般,*,*,*,に,ニ,ニ
なる	動詞,自立,*,*,五段・ラ行,基本形,なる,ナル,ナル
から	助詞,接続助詞,*,*,*,*,から,カラ,カラ
で	助動詞,*,*,*,特殊・ダ,連用形,だ,デ,デ
ある	助動詞,*,*,*,五段・ラ行アル,基本形,ある,アル,アル
。	記号,句点,*,*,*,*,。,。,。
エルサレム	名詞,固有名詞,地域,一般,*,*,エルサレム,エルサレム,エルサレム
の	助詞,連体化,*,*,*,*,の,ノ,ノ
荒れ	動詞,自立,*,*,一段,連用形,荒れる,アレ,アレ
廃れ	動詞,自立,*,*,一段,連用形,廃れる,スタレ,スタレ
た	助動詞,*,*,*,特殊・タ,基本形,た,タ,タ
所	名詞,非自立,副詞可能,*,*,*,所,トコロ,トコロ
よ	助詞,終助詞,*,*,*,*,よ,ヨ,ヨ
，	記号,読点,*,*,*,*,，,，,，
快活	名詞,一般,*,*,*,*,快活,カイカツ,カイカツ
に	助詞,格助詞,一般,*,*,*,に,ニ,ニ
なっ	動詞,自立,*,*,五段・ラ行,連用タ接続,なる,ナッ,ナッ
て	助詞,接続助詞,*,*,*,*,て,テ,テ
，	記号,読点,*,*,*,*,，,，,，
一斉	名詞,副詞可能,*,*,*,*,一斉,イッセイ,イッセイ
に	助詞,格助詞,一般,*,*,*,に,ニ,ニ
喜び	動詞,自立,*,*,五段・バ行,連用形,喜ぶ,ヨロコビ,ヨロコビ
叫べ	動詞,自立,*,*,五段・バ行,命令ｅ,叫ぶ,サケベ,サケベ
。	記号,句点,*,*,*,*,。,。,。
エホバ	名詞,一般,*,*,*,*,エホバ,エホバ,エホバ
は	助詞,係助詞,*,*,*,*,は,ハ,ワ
その	連体詞,*,*,*,*,*,その,ソノ,ソノ
民	名詞,一般,*,*,*,*,民,ミン,ミン
を	助詞,格助詞,一般,*,*,*,を,ヲ,ヲ
慰め	動詞,自立,*,*,一段,連用形,慰める,ナグサメ,ナグサメ
，	記号,読点,*,*,*,*,，,，,，
エルサレム	名詞,固有名詞,地域,一般,*,*,エルサレム,エルサレム,エルサレム
を	助詞,格助詞,一般,*,*,*,を,ヲ,ヲ
買い戻さ	動詞,自立,*,*,五段・サ行,未然形,買い戻す,カイモドサ,カイモドサ
れ	動詞,接尾,*,*,一段,連用形,れる,レ,レ
た	助動詞,*,*,*,特殊・タ,基本形,た,タ,タ
から	助詞,接続助詞,*,*,*,*,から,カラ,カラ
で	助動詞,*,*,*,特殊・ダ,連用形,だ,デ,デ
ある	助動詞,*,*,*,五段・ラ行アル,基本形,ある,アル,アル
。	記号,句点,*,*,*,*,。,。,。
エホバ	名詞,一般,*,*,*,*,エホバ,エホバ,エホバ
は	助詞,係助詞,*,*,*,*,は,ハ,ワ
すべて	名詞,副詞可能,*,*,*,*,すべて,スベテ,スベテ
の	助詞,連体化,*,*,*,*,の,ノ,ノ
国	名詞,一般,*,*,*,*,国,クニ,クニ
の	助詞,連体化,*,*,*,*,の,ノ,ノ
民	名詞,一般,*,*,*,*,民,ミン,ミン
の	助詞,連体化,*,*,*,*,の,ノ,ノ
目	名詞,一般,*,*,*,*,目,メ,メ
の	助詞,連体化,*,*,*,*,の,ノ,ノ
前	名詞,副詞可能,*,*,*,*,前,マエ,マエ
に	助詞,格助詞,一般,*,*,*,に,ニ,ニ
その	連体詞,*,*,*,*,*,その,ソノ,ソノ
聖なる	連体詞,*,*,*,*,*,聖なる,セイナル,セイナル
腕	名詞,一般,*,*,*,*,腕,ウデ,ウデ
を	助詞,格助詞,一般,*,*,*,を,ヲ,ヲ
むき出し	名詞,一般,*,*,*,*,むき出し,ムキダシ,ムキダシ
に	助詞,格助詞,一般,*,*,*,に,ニ,ニ
さ	動詞,自立,*,*,サ変・スル,未然レル接続,する,サ,サ
れ	動詞,接尾,*,*,一段,連用形,れる,レ,レ
た	助動詞,*,*,*,特殊・タ,基本形,た,タ,タ
。	記号,句点,*,*,*,*,。,。,。
地	名詞,一般,*,*,*,*,地,チ,チ
の	助詞,連体化,*,*,*,*,の,ノ,ノ
果て	名詞,一般,*,*,*,*,果て,ハテ,ハテ
は	助詞,係助詞,*,*,*,*,は,ハ,ワ
みな	名詞,代名詞,一般,*,*,*,みな,ミナ,ミナ
必ず	副詞,助詞類接続,*,*,*,*,必ず,カナラズ,カナラズ
わたし	名詞,代名詞,一般,*,*,*,わたし,ワタシ,ワタシ
たち	名詞,接尾,一般,*,*,*,たち,タチ,タチ
の	助詞,連体化,*,*,*,*,の,ノ,ノ
神	名詞,一般,*,*,*,*,神,カミ,カミ
の	助詞,連体化,*,*,*,*,の,ノ,ノ
救い	名詞,一般,*,*,*,*,救い,スクイ,スクイ
を	助詞,格助詞,一般,*,*,*,を,ヲ,ヲ
見る	動詞,自立,*,*,一段,基本形,見る,ミル,ミル
。	記号,句点,*,*,*,*,。,。,。
立ち去れ	動詞,自立,*,*,五段・ラ行,命令ｅ,立ち去る,タチサレ,タチサレ
。	記号,句点,*,*,*,*,。,。,。
立ち去れ	動詞,自立,*,*,五段・ラ行,命令ｅ,立ち去る,タチサレ,タチサレ
。	記号,句点,*,*,*,*,。,。,。
そこ	名詞,代名詞,一般,*,*,*,そこ,ソコ,ソコ
から	助詞,格助詞,一般,*,*,*,から,カラ,カラ
出よ	動詞,自立,*,*,一段,命令ｙｏ,出る,デヨ,デヨ
。	記号,句点,*,*,*,*,。,。,。
汚れ	動詞,自立,*,*,一段,連用形,汚れる,ヨゴレ,ヨゴレ
た	助動詞,*,*,*,特殊・タ,基本形,た,タ,タ
もの	名詞,非自立,一般,*,*,*,もの,モノ,モノ
に	助詞,格助詞,一般,*,*,*,に,ニ,ニ
は	助詞,係助詞,*,*,*,*,は,ハ,ワ
何	名詞,代名詞,一般,*,*,*,何,ナニ,ナニ
に	助詞,格助詞,一般,*,*,*,に,ニ,ニ
も	助詞,係助詞,*,*,*,*,も,モ,モ
触れる	動詞,自立,*,*,一段,基本形,触れる,フレル,フレル
な	助詞,終助詞,*,*,*,*,な,ナ,ナ
。	記号,句点,*,*,*,*,。,。,。
エホバ	名詞,一般,*,*,*,*,エホバ,エホバ,エホバ
の	助詞,連体化,*,*,*,*,の,ノ,ノ
器具	名詞,一般,*,*,*,*,器具,キグ,キグ
を	助詞,格助詞,一般,*,*,*,を,ヲ,ヲ
運ん	動詞,自立,*,*,五段・バ行,連用タ接続,運ぶ,ハコン,ハコン
で	助詞,接続助詞,*,*,*,*,で,デ,デ
いる	動詞,非自立,*,*,一段,基本形,いる,イル,イル
者	名詞,一般,*,*,*,*,者,モノ,モノ
たち	名詞,接尾,一般,*,*,*,たち,タチ,タチ
よ	助詞,終助詞,*,*,*,*,よ,ヨ,ヨ
，	記号,読点,*,*,*,*,，,，,，
彼女	名詞,代名詞,一般,*,*,*,彼女,カノジョ,カノジョ
の	助詞,連体化,*,*,*,*,の,ノ,ノ
中	名詞,非自立,副詞可能,*,*,*,中,ナカ,ナカ
から	助詞,格助詞,一般,*,*,*,から,カラ,カラ
出	動詞,自立,*,*,一段,連用形,出る,デ,デ
て	助詞,接続助詞,*,*,*,*,て,テ,テ
，	記号,読点,*,*,*,*,，,，,，
身	名詞,一般,*,*,*,*,身,ミ,ミ
を	助詞,格助詞,一般,*,*,*,を,ヲ,ヲ
清く	形容詞,自立,*,*,形容詞・アウオ段,連用テ接続,清い,キヨク,キヨク
保て	動詞,自立,*,*,五段・タ行,命令ｅ,保つ,タモテ,タモテ
。	記号,句点,*,*,*,*,。,。,。
あなた	名詞,代名詞,一般,*,*,*,あなた,アナタ,アナタ
方	名詞,接尾,一般,*,*,*,方,カタ,カタ
は	助詞,係助詞,*,*,*,*,は,ハ,ワ
恐れ	動詞,自立,*,*,一段,連用形,恐れる,オソレ,オソレ
慌てる	動詞,自立,*,*,一段,基本形,慌てる,アワテル,アワテル
こと	名詞,非自立,一般,*,*,*,こと,コト,コト
なく	形容詞,自立,*,*,形容詞・アウオ段,連用テ接続,ない,ナク,ナク
出	動詞,自立,*,*,一段,連用形,出る,デ,デ
て	助詞,接続助詞,*,*,*,*,て,テ,テ
行き	動詞,非自立,*,*,五段・カ行促音便,連用形,行く,イキ,イキ
，	記号,読点,*,*,*,*,，,，,，
逃げ	動詞,自立,*,*,一段,連用形,逃げる,ニゲ,ニゲ
走る	動詞,自立,*,*,五段・ラ行,基本形,走る,ハシル,ハシル
こと	名詞,非自立,一般,*,*,*,こと,コト,コト
なく	形容詞,自立,*,*,形容詞・アウオ段,連用テ接続,ない,ナク,ナク
行く	動詞,自立,*,*,五段・カ行促音便,基本形,行く,イク,イク
から	助詞,接続助詞,*,*,*,*,から,カラ,カラ
で	助動詞,*,*,*,特殊・ダ,連用形,だ,デ,デ
ある	助動詞,*,*,*,五段・ラ行アル,基本形,ある,アル,アル
。	記号,句点,*,*,*,*,。,。,。
エホバ	名詞,一般,*,*,*,*,エホバ,エホバ,エホバ
は	助詞,係助詞,*,*,*,*,は,ハ,ワ
実に	副詞,一般,*,*,*,*,実に,ジツニ,ジツニ
あなた	名詞,代名詞,一般,*,*,*,あなた,アナタ,アナタ
方	名詞,接尾,一般,*,*,*,方,カタ,カタ
の	助詞,連体化,*,*,*,*,の,ノ,ノ
前	名詞,副詞可能,*,*,*,*,前,マエ,マエ
を	助詞,格助詞,一般,*,*,*,を,ヲ,ヲ
行き	動詞,自立,*,*,五段・カ行促音便,連用形,行く,イキ,イキ
，	記号,読点,*,*,*,*,，,，,，
イスラエル	名詞,固有名詞,地域,国,*,*,イスラエル,イスラエル,イスラエル
の	助詞,連体化,*,*,*,*,の,ノ,ノ
神	名詞,一般,*,*,*,*,神,カミ,カミ
は	助詞,係助詞,*,*,*,*,は,ハ,ワ
あなた	名詞,代名詞,一般,*,*,*,あなた,アナタ,アナタ
方	名詞,接尾,一般,*,*,*,方,カタ,カタ
の	助詞,連体化,*,*,*,*,の,ノ,ノ
後衛	名詞,一般,*,*,*,*,後衛,コウエイ,コーエイ
と	助詞,格助詞,一般,*,*,*,と,ト,ト
なら	動詞,自立,*,*,五段・ラ行,未然形,なる,ナラ,ナラ
れる	動詞,接尾,*,*,一段,基本形,れる,レル,レル
から	助詞,接続助詞,*,*,*,*,から,カラ,カラ
で	助動詞,*,*,*,特殊・ダ,連用形,だ,デ,デ
ある	助動詞,*,*,*,五段・ラ行アル,基本形,ある,アル,アル
。	記号,句点,*,*,*,*,。,。,。
見よ	動詞,自立,*,*,一段,命令ｙｏ,見る,ミヨ,ミヨ
，	記号,読点,*,*,*,*,，,，,，
わたし	名詞,代名詞,一般,*,*,*,わたし,ワタシ,ワタシ
の	助詞,連体化,*,*,*,*,の,ノ,ノ
僕	名詞,代名詞,一般,*,*,*,僕,ボク,ボク
は	助詞,係助詞,*,*,*,*,は,ハ,ワ
洞察	名詞,サ変接続,*,*,*,*,洞察,ドウサツ,ドーサツ
力	名詞,接尾,一般,*,*,*,力,リョク,リョク
をもって	助詞,格助詞,連語,*,*,*,をもって,ヲモッテ,ヲモッテ
行動	名詞,サ変接続,*,*,*,*,行動,コウドウ,コードー
する	動詞,自立,*,*,サ変・スル,基本形,する,スル,スル
。	記号,句点,*,*,*,*,。,。,。
彼	名詞,代名詞,一般,*,*,*,彼,カレ,カレ
は	助詞,係助詞,*,*,*,*,は,ハ,ワ
高い	形容詞,自立,*,*,形容詞・アウオ段,基本形,高い,タカイ,タカイ
地位	名詞,一般,*,*,*,*,地位,チイ,チイ
に	助詞,格助詞,一般,*,*,*,に,ニ,ニ
就き	動詞,自立,*,*,五段・カ行イ音便,連用形,就く,ツキ,ツキ
，	記号,読点,*,*,*,*,，,，,，
必ず	副詞,助詞類接続,*,*,*,*,必ず,カナラズ,カナラズ
上げ	動詞,自立,*,*,一段,未然形,上げる,アゲ,アゲ
られ	動詞,接尾,*,*,一段,連用形,られる,ラレ,ラレ
，	記号,読点,*,*,*,*,，,，,，
大いに	副詞,一般,*,*,*,*,大いに,オオイニ,オーイニ
高め	動詞,自立,*,*,一段,未然形,高める,タカメ,タカメ
られる	動詞,接尾,*,*,一段,基本形,られる,ラレル,ラレル
。	記号,句点,*,*,*,*,。,。,。
多く	名詞,副詞可能,*,*,*,*,多く,オオク,オーク
の	助詞,連体化,*,*,*,*,の,ノ,ノ
者	名詞,非自立,一般,*,*,*,者,モノ,モノ
が	助詞,格助詞,一般,*,*,*,が,ガ,ガ
驚い	動詞,自立,*,*,五段・カ行イ音便,連用タ接続,驚く,オドロイ,オドロイ
て	助詞,接続助詞,*,*,*,*,て,テ,テ
彼	名詞,代名詞,一般,*,*,*,彼,カレ,カレ
を	助詞,格助詞,一般,*,*,*,を,ヲ,ヲ
見つめ	動詞,自立,*,*,一段,連用形,見つめる,ミツメ,ミツメ
た	助動詞,*,*,*,特殊・タ,基本形,た,タ,タ
よう	名詞,非自立,助動詞語幹,*,*,*,よう,ヨウ,ヨー
に	助詞,副詞化,*,*,*,*,に,ニ,ニ
―	記号,一般,*,*,*,*,―,―,―
その	連体詞,*,*,*,*,*,その,ソノ,ソノ
外見	名詞,一般,*,*,*,*,外見,ガイケン,ガイケン
の	助詞,連体化,*,*,*,*,の,ノ,ノ
点	名詞,非自立,一般,*,*,*,点,テン,テン
で	助動詞,*,*,*,特殊・ダ,連用形,だ,デ,デ
は	助詞,係助詞,*,*,*,*,は,ハ,ワ
他	名詞,一般,*,*,*,*,他,タ,タ
の	助詞,連体化,*,*,*,*,の,ノ,ノ
だれ	名詞,代名詞,一般,*,*,*,だれ,ダレ,ダレ
より	助詞,格助詞,一般,*,*,*,より,ヨリ,ヨリ
も	助詞,係助詞,*,*,*,*,も,モ,モ
，	記号,読点,*,*,*,*,，,，,，
その	連体詞,*,*,*,*,*,その,ソノ,ソノ
堂々たる	連体詞,*,*,*,*,*,堂々たる,ドウドウタル,ドードータル
姿	名詞,一般,*,*,*,*,姿,スガタ,スガタ
の	助詞,連体化,*,*,*,*,の,ノ,ノ
点	名詞,非自立,一般,*,*,*,点,テン,テン
で	助動詞,*,*,*,特殊・ダ,連用形,だ,デ,デ
は	助詞,係助詞,*,*,*,*,は,ハ,ワ
人間	名詞,一般,*,*,*,*,人間,ニンゲン,ニンゲン
の	助詞,連体化,*,*,*,*,の,ノ,ノ
子	名詞,一般,*,*,*,*,子,コ,コ
ら	名詞,接尾,一般,*,*,*,ら,ラ,ラ
より	助詞,格助詞,一般,*,*,*,より,ヨリ,ヨリ
も	助詞,係助詞,*,*,*,*,も,モ,モ
はるか	名詞,形容動詞語幹,*,*,*,*,はるか,ハルカ,ハルカ
に	助詞,副詞化,*,*,*,*,に,ニ,ニ
醜い	形容詞,自立,*,*,形容詞・アウオ段,基本形,醜い,ミニクイ,ミニクイ
もの	名詞,非自立,一般,*,*,*,もの,モノ,モノ
と	助詞,格助詞,引用,*,*,*,と,ト,ト
さ	動詞,自立,*,*,サ変・スル,未然レル接続,する,サ,サ
れ	動詞,接尾,*,*,一段,連用形,れる,レ,レ
た	助動詞,*,*,*,特殊・タ,基本形,た,タ,タ
―	記号,一般,*,*,*,*,―,―,―
彼	名詞,代名詞,一般,*,*,*,彼,カレ,カレ
も	助詞,係助詞,*,*,*,*,も,モ,モ
同様	名詞,形容動詞語幹,*,*,*,*,同様,ドウヨウ,ドーヨー
に	助詞,副詞化,*,*,*,*,に,ニ,ニ
多く	名詞,副詞可能,*,*,*,*,多く,オオク,オーク
の	助詞,連体化,*,*,*,*,の,ノ,ノ
国	名詞,一般,*,*,*,*,国,クニ,クニ
の	助詞,連体化,*,*,*,*,の,ノ,ノ
民	名詞,一般,*,*,*,*,民,ミン,ミン
を	助詞,格助詞,一般,*,*,*,を,ヲ,ヲ
驚かす	動詞,自立,*,*,五段・サ行,基本形,驚かす,オドロカス,オドロカス
。	記号,句点,*,*,*,*,。,。,。
彼	名詞,代名詞,一般,*,*,*,彼,カレ,カレ
の	助詞,連体化,*,*,*,*,の,ノ,ノ
こと	名詞,非自立,一般,*,*,*,こと,コト,コト
で	助詞,格助詞,一般,*,*,*,で,デ,デ
王	名詞,一般,*,*,*,*,王,オウ,オー
たち	名詞,接尾,一般,*,*,*,たち,タチ,タチ
は	助詞,係助詞,*,*,*,*,は,ハ,ワ
口	名詞,一般,*,*,*,*,口,クチ,クチ
を	助詞,格助詞,一般,*,*,*,を,ヲ,ヲ
閉ざす	動詞,自立,*,*,五段・サ行,基本形,閉ざす,トザス,トザス
。	記号,句点,*,*,*,*,。,。,。
彼ら	名詞,代名詞,一般,*,*,*,彼ら,カレラ,カレラ
は	助詞,係助詞,*,*,*,*,は,ハ,ワ
自分	名詞,一般,*,*,*,*,自分,ジブン,ジブン
たち	名詞,接尾,一般,*,*,*,たち,タチ,タチ
に	助詞,格助詞,一般,*,*,*,に,ニ,ニ
詳しく	形容詞,自立,*,*,形容詞・イ段,連用テ接続,詳しい,クワシク,クワシク
話さ	動詞,自立,*,*,五段・サ行,未然形,話す,ハナサ,ハナサ
れ	動詞,接尾,*,*,一段,連用形,れる,レ,レ
て	助詞,接続助詞,*,*,*,*,て,テ,テ
い	動詞,非自立,*,*,一段,未然形,いる,イ,イ
なかっ	助動詞,*,*,*,特殊・ナイ,連用タ接続,ない,ナカッ,ナカッ
た	助動詞,*,*,*,特殊・タ,基本形,た,タ,タ
こと	名詞,非自立,一般,*,*,*,こと,コト,コト
を	助詞,格助詞,一般,*,*,*,を,ヲ,ヲ
実際	副詞,助詞類接続,*,*,*,*,実際,ジッサイ,ジッサイ
に	助詞,副詞化,*,*,*,*,に,ニ,ニ
見	動詞,自立,*,*,一段,連用形,見る,ミ,ミ
，	記号,読点,*,*,*,*,，,，,，
自分	名詞,一般,*,*,*,*,自分,ジブン,ジブン
たち	名詞,接尾,一般,*,*,*,たち,タチ,タチ
の	助詞,格助詞,一般,*,*,*,の,ノ,ノ
聞い	動詞,自立,*,*,五段・カ行イ音便,連用タ接続,聞く,キイ,キイ
て	助詞,接続助詞,*,*,*,*,て,テ,テ
い	動詞,非自立,*,*,一段,未然形,いる,イ,イ
なかっ	助動詞,*,*,*,特殊・ナイ,連用タ接続,ない,ナカッ,ナカッ
た	助動詞,*,*,*,特殊・タ,基本形,た,タ,タ
こと	名詞,非自立,一般,*,*,*,こと,コト,コト
を	助詞,格助詞,一般,*,*,*,を,ヲ,ヲ
考慮	名詞,サ変接続,*,*,*,*,考慮,コウリョ,コーリョ
し	動詞,自立,*,*,サ変・スル,未然形,する,シ,シ
なけれ	助動詞,*,*,*,特殊・ナイ,仮定形,ない,ナケレ,ナケレ
ば	助詞,接続助詞,*,*,*,*,ば,バ,バ
なら	動詞,非自立,*,*,五段・ラ行,未然形,なる,ナラ,ナラ
ない	助動詞,*,*,*,特殊・ナイ,基本形,ない,ナイ,ナイ
から	助詞,接続助詞,*,*,*,*,から,カラ,カラ
で	助動詞,*,*,*,特殊・ダ,連用形,だ,デ,デ
ある	助動詞,*,*,*,五段・ラ行アル,基本形,ある,アル,アル
。	記号,句点,*,*,*,*,。,。,。
EOS
