ベル	名詞,一般,*,*,*,*,ベル,ベル,ベル
は	助詞,係助詞,*,*,*,*,は,ハ,ワ
身	名詞,一般,*,*,*,*,身,ミ,ミ
を	助詞,格助詞,一般,*,*,*,を,ヲ,ヲ
かがめ	動詞,自立,*,*,一段,連用形,かがめる,カガメ,カガメ
た	助動詞,*,*,*,特殊・タ,基本形,た,タ,タ
。	記号,句点,*,*,*,*,。,。,。
ネボ	名詞,一般,*,*,*,*,*
は	助詞,係助詞,*,*,*,*,は,ハ,ワ
[	名詞,サ変接続,*,*,*,*,*
体	名詞,接尾,一般,*,*,*,体,タイ,タイ
を	助詞,格助詞,一般,*,*,*,を,ヲ,ヲ
]	名詞,サ変接続,*,*,*,*,*
曲げ	動詞,自立,*,*,一段,連用形,曲げる,マゲ,マゲ
て	助詞,接続助詞,*,*,*,*,て,テ,テ
いる	動詞,非自立,*,*,一段,基本形,いる,イル,イル
。	記号,句点,*,*,*,*,。,。,。
彼ら	名詞,代名詞,一般,*,*,*,彼ら,カレラ,カレラ
の	助詞,連体化,*,*,*,*,の,ノ,ノ
偶像	名詞,一般,*,*,*,*,偶像,グウゾウ,グーゾー
は	助詞,係助詞,*,*,*,*,は,ハ,ワ
野獣	名詞,一般,*,*,*,*,野獣,ヤジュウ,ヤジュー
の	助詞,連体化,*,*,*,*,の,ノ,ノ
ため	名詞,非自立,副詞可能,*,*,*,ため,タメ,タメ
，	記号,読点,*,*,*,*,，,，,，
家畜	名詞,一般,*,*,*,*,家畜,カチク,カチク
の	助詞,連体化,*,*,*,*,の,ノ,ノ
ため	名詞,非自立,副詞可能,*,*,*,ため,タメ,タメ
の	助詞,連体化,*,*,*,*,の,ノ,ノ
もの	名詞,非自立,一般,*,*,*,もの,モノ,モノ
と	助詞,格助詞,一般,*,*,*,と,ト,ト
なり	動詞,自立,*,*,五段・ラ行,連用形,なる,ナリ,ナリ
，	記号,読点,*,*,*,*,，,，,，
彼ら	名詞,代名詞,一般,*,*,*,彼ら,カレラ,カレラ
の	助詞,連体化,*,*,*,*,の,ノ,ノ
荷	名詞,一般,*,*,*,*,荷,ニ,ニ
，	記号,読点,*,*,*,*,，,，,，
荷物	名詞,一般,*,*,*,*,荷物,ニモツ,ニモツ
は	助詞,係助詞,*,*,*,*,は,ハ,ワ
，	記号,読点,*,*,*,*,，,，,，
疲れ	動詞,自立,*,*,一段,連用形,疲れる,ツカレ,ツカレ
た	助動詞,*,*,*,特殊・タ,基本形,た,タ,タ
動物	名詞,一般,*,*,*,*,動物,ドウブツ,ドーブツ
の	助詞,連体化,*,*,*,*,の,ノ,ノ
ため	名詞,非自立,副詞可能,*,*,*,ため,タメ,タメ
の	助詞,連体化,*,*,*,*,の,ノ,ノ
重荷	名詞,一般,*,*,*,*,重荷,オモニ,オモニ
[	名詞,サ変接続,*,*,*,*,*
と	助詞,格助詞,一般,*,*,*,と,ト,ト
なっ	動詞,自立,*,*,五段・ラ行,連用タ接続,なる,ナッ,ナッ
た	助動詞,*,*,*,特殊・タ,基本形,た,タ,タ
]。	名詞,サ変接続,*,*,*,*,*
それら	名詞,代名詞,一般,*,*,*,それら,ソレラ,ソレラ
は	助詞,係助詞,*,*,*,*,は,ハ,ワ
必ず	副詞,助詞類接続,*,*,*,*,必ず,カナラズ,カナラズ
[	名詞,サ変接続,*,*,*,*,*
体	名詞,接尾,一般,*,*,*,体,タイ,タイ
を	助詞,格助詞,一般,*,*,*,を,ヲ,ヲ
]	名詞,サ変接続,*,*,*,*,*
曲げ	動詞,自立,*,*,一段,連用形,曲げる,マゲ,マゲ
，	記号,読点,*,*,*,*,，,，,，
各々	副詞,一般,*,*,*,*,各々,オノオノ,オノオノ
同じ	連体詞,*,*,*,*,*,同じ,オナジ,オナジ
よう	名詞,非自立,助動詞語幹,*,*,*,よう,ヨウ,ヨー
に	助詞,副詞化,*,*,*,*,に,ニ,ニ
身	名詞,一般,*,*,*,*,身,ミ,ミ
を	助詞,格助詞,一般,*,*,*,を,ヲ,ヲ
かがめる	動詞,自立,*,*,一段,基本形,かがめる,カガメル,カガメル
。	記号,句点,*,*,*,*,。,。,。
それら	名詞,代名詞,一般,*,*,*,それら,ソレラ,ソレラ
は	助詞,係助詞,*,*,*,*,は,ハ,ワ
その	連体詞,*,*,*,*,*,その,ソノ,ソノ
重荷	名詞,一般,*,*,*,*,重荷,オモニ,オモニ
を	助詞,格助詞,一般,*,*,*,を,ヲ,ヲ
到底	副詞,一般,*,*,*,*,到底,トウテイ,トーテイ
逃れ	動詞,自立,*,*,一段,未然形,逃れる,ノガレ,ノガレ
させる	動詞,接尾,*,*,一段,基本形,させる,サセル,サセル
こと	名詞,非自立,一般,*,*,*,こと,コト,コト
は	助詞,係助詞,*,*,*,*,は,ハ,ワ
でき	動詞,自立,*,*,一段,未然形,できる,デキ,デキ
ず	助動詞,*,*,*,特殊・ヌ,連用ニ接続,ぬ,ズ,ズ
，	記号,読点,*,*,*,*,，,，,，
彼ら	名詞,代名詞,一般,*,*,*,彼ら,カレラ,カレラ
自身	名詞,一般,*,*,*,*,自身,ジシン,ジシン
の	助詞,連体化,*,*,*,*,の,ノ,ノ
魂	名詞,一般,*,*,*,*,魂,タマシイ,タマシー
は	助詞,係助詞,*,*,*,*,は,ハ,ワ
必ず	副詞,助詞類接続,*,*,*,*,必ず,カナラズ,カナラズ
捕らわれ	動詞,自立,*,*,一段,連用形,捕らわれる,トラワレ,トラワレ
の	助詞,連体化,*,*,*,*,の,ノ,ノ
身	名詞,一般,*,*,*,*,身,ミ,ミ
と	助詞,格助詞,一般,*,*,*,と,ト,ト
なっ	動詞,自立,*,*,五段・ラ行,連用タ接続,なる,ナッ,ナッ
て	助詞,接続助詞,*,*,*,*,て,テ,テ
行く	動詞,非自立,*,*,五段・カ行促音便,基本形,行く,イク,イク
。	記号,句点,*,*,*,*,。,。,。
「	記号,括弧開,*,*,*,*,「,「,「
わたし	名詞,代名詞,一般,*,*,*,わたし,ワタシ,ワタシ
に	助詞,格助詞,一般,*,*,*,に,ニ,ニ
聴け	動詞,自立,*,*,五段・カ行イ音便,命令ｅ,聴く,キケ,キケ
。	記号,句点,*,*,*,*,。,。,。
ヤコブ	名詞,一般,*,*,*,*,*
の	助詞,連体化,*,*,*,*,の,ノ,ノ
家	名詞,一般,*,*,*,*,家,イエ,イエ
よ	助詞,終助詞,*,*,*,*,よ,ヨ,ヨ
，	記号,読点,*,*,*,*,，,，,，
イスラエル	名詞,固有名詞,地域,国,*,*,イスラエル,イスラエル,イスラエル
の	助詞,連体化,*,*,*,*,の,ノ,ノ
家	名詞,一般,*,*,*,*,家,イエ,イエ
の	助詞,格助詞,一般,*,*,*,の,ノ,ノ
残っ	動詞,自立,*,*,五段・ラ行,連用タ接続,残る,ノコッ,ノコッ
た	助動詞,*,*,*,特殊・タ,基本形,た,タ,タ
すべて	名詞,副詞可能,*,*,*,*,すべて,スベテ,スベテ
の	助詞,連体化,*,*,*,*,の,ノ,ノ
者	名詞,非自立,一般,*,*,*,者,モノ,モノ
よ	助詞,終助詞,*,*,*,*,よ,ヨ,ヨ
，	記号,読点,*,*,*,*,，,，,，
腹	名詞,一般,*,*,*,*,腹,ハラ,ハラ
[	名詞,サ変接続,*,*,*,*,*
の	助詞,連体化,*,*,*,*,の,ノ,ノ
時	名詞,非自立,副詞可能,*,*,*,時,トキ,トキ
]	名詞,サ変接続,*,*,*,*,*
から	助詞,格助詞,一般,*,*,*,から,カラ,カラ
[	名詞,サ変接続,*,*,*,*,*
わたし	名詞,代名詞,一般,*,*,*,わたし,ワタシ,ワタシ
に	助詞,格助詞,一般,*,*,*,に,ニ,ニ
]	名詞,サ変接続,*,*,*,*,*
担わ	動詞,自立,*,*,五段・ワ行促音便,未然形,担う,ニナワ,ニナワ
れ	動詞,接尾,*,*,一段,連用形,れる,レ,レ
た	助動詞,*,*,*,特殊・タ,基本形,た,タ,タ
者	名詞,一般,*,*,*,*,者,モノ,モノ
たち	名詞,接尾,一般,*,*,*,たち,タチ,タチ
，	記号,読点,*,*,*,*,，,，,，
胎	名詞,一般,*,*,*,*,*
[	名詞,サ変接続,*,*,*,*,*
の	助詞,連体化,*,*,*,*,の,ノ,ノ
時	名詞,非自立,副詞可能,*,*,*,時,トキ,トキ
]	名詞,サ変接続,*,*,*,*,*
から	助詞,格助詞,一般,*,*,*,から,カラ,カラ
運ば	動詞,自立,*,*,五段・バ行,未然形,運ぶ,ハコバ,ハコバ
れ	動詞,接尾,*,*,一段,連用形,れる,レ,レ
た	助動詞,*,*,*,特殊・タ,基本形,た,タ,タ
者	名詞,一般,*,*,*,*,者,モノ,モノ
たち	名詞,接尾,一般,*,*,*,たち,タチ,タチ
よ	助詞,終助詞,*,*,*,*,よ,ヨ,ヨ
。	記号,句点,*,*,*,*,。,。,。
[	名詞,サ変接続,*,*,*,*,*
人	名詞,接尾,一般,*,*,*,人,ジン,ジン
の	助詞,連体化,*,*,*,*,の,ノ,ノ
]	名詞,サ変接続,*,*,*,*,*
老齢	名詞,一般,*,*,*,*,老齢,ロウレイ,ローレイ
に	助詞,格助詞,一般,*,*,*,に,ニ,ニ
至る	動詞,自立,*,*,五段・ラ行,基本形,至る,イタル,イタル
まで	助詞,副助詞,*,*,*,*,まで,マデ,マデ
も	助詞,係助詞,*,*,*,*,も,モ,モ
わたし	名詞,代名詞,一般,*,*,*,わたし,ワタシ,ワタシ
は	助詞,係助詞,*,*,*,*,は,ハ,ワ
同じ	連体詞,*,*,*,*,*,同じ,オナジ,オナジ
者	名詞,非自立,一般,*,*,*,者,モノ,モノ
で	助動詞,*,*,*,特殊・ダ,連用形,だ,デ,デ
あり	助動詞,*,*,*,五段・ラ行アル,連用形,ある,アリ,アリ
，	記号,読点,*,*,*,*,，,，,，
[	名詞,サ変接続,*,*,*,*,*
人	名詞,接尾,一般,*,*,*,人,ジン,ジン
の	助詞,連体化,*,*,*,*,の,ノ,ノ
]	名詞,サ変接続,*,*,*,*,*
白髪	名詞,一般,*,*,*,*,白髪,ハクハツ,ハクハツ
に	助詞,格助詞,一般,*,*,*,に,ニ,ニ
至る	動詞,自立,*,*,五段・ラ行,基本形,至る,イタル,イタル
まで	助詞,副助詞,*,*,*,*,まで,マデ,マデ
わたし	名詞,代名詞,一般,*,*,*,わたし,ワタシ,ワタシ
が	助詞,格助詞,一般,*,*,*,が,ガ,ガ
負い	動詞,自立,*,*,五段・ワ行促音便,連用形,負う,オイ,オイ
つづける	動詞,非自立,*,*,一段,基本形,つづける,ツヅケル,ツズケル
。	記号,句点,*,*,*,*,。,。,。
わたし	名詞,代名詞,一般,*,*,*,わたし,ワタシ,ワタシ
が	助詞,格助詞,一般,*,*,*,が,ガ,ガ
必ず	副詞,助詞類接続,*,*,*,*,必ず,カナラズ,カナラズ
行動	名詞,サ変接続,*,*,*,*,行動,コウドウ,コードー
する	動詞,自立,*,*,サ変・スル,基本形,する,スル,スル
で	助動詞,*,*,*,特殊・ダ,連用形,だ,デ,デ
あろ	助動詞,*,*,*,五段・ラ行アル,未然ウ接続,ある,アロ,アロ
う	助動詞,*,*,*,不変化型,基本形,う,ウ,ウ
。	記号,句点,*,*,*,*,。,。,。
わたし	名詞,代名詞,一般,*,*,*,わたし,ワタシ,ワタシ
が	助詞,格助詞,一般,*,*,*,が,ガ,ガ
運び	動詞,自立,*,*,五段・バ行,連用形,運ぶ,ハコビ,ハコビ
，	記号,読点,*,*,*,*,，,，,，
わたし	名詞,代名詞,一般,*,*,*,わたし,ワタシ,ワタシ
が	助詞,格助詞,一般,*,*,*,が,ガ,ガ
負っ	動詞,自立,*,*,五段・ワ行促音便,連用タ接続,負う,オッ,オッ
て	助詞,接続助詞,*,*,*,*,て,テ,テ
，	記号,読点,*,*,*,*,，,，,，
逃れ	動詞,自立,*,*,一段,未然形,逃れる,ノガレ,ノガレ
させる	動詞,接尾,*,*,一段,基本形,させる,サセル,サセル
ため	名詞,非自立,副詞可能,*,*,*,ため,タメ,タメ
で	助動詞,*,*,*,特殊・ダ,連用形,だ,デ,デ
ある	助動詞,*,*,*,五段・ラ行アル,基本形,ある,アル,アル
。	記号,句点,*,*,*,*,。,。,。
「	記号,括弧開,*,*,*,*,「,「,「
あなた	名詞,代名詞,一般,*,*,*,あなた,アナタ,アナタ
方	名詞,接尾,一般,*,*,*,方,カタ,カタ
は	助詞,係助詞,*,*,*,*,は,ハ,ワ
わたし	名詞,代名詞,一般,*,*,*,わたし,ワタシ,ワタシ
を	助詞,格助詞,一般,*,*,*,を,ヲ,ヲ
だれ	名詞,代名詞,一般,*,*,*,だれ,ダレ,ダレ
に	助詞,格助詞,一般,*,*,*,に,ニ,ニ
例え	動詞,自立,*,*,一段,連用形,例える,タトエ,タトエ
，	記号,読点,*,*,*,*,，,，,，
[	名詞,サ変接続,*,*,*,*,*
だれ	名詞,代名詞,一般,*,*,*,だれ,ダレ,ダレ
に	助詞,格助詞,一般,*,*,*,に,ニ,ニ
]	名詞,サ変接続,*,*,*,*,*
たぐえ	動詞,自立,*,*,一段,連用形,たぐえる,タグエ,タグエ
，	記号,読点,*,*,*,*,，,，,，
[	名詞,サ変接続,*,*,*,*,*
だれ	名詞,代名詞,一般,*,*,*,だれ,ダレ,ダレ
に	助詞,格助詞,一般,*,*,*,に,ニ,ニ
]	名詞,サ変接続,*,*,*,*,*
比べ	動詞,自立,*,*,一段,連用形,比べる,クラベ,クラベ
て	助詞,接続助詞,*,*,*,*,て,テ,テ
，	記号,読点,*,*,*,*,，,，,，
我々	名詞,代名詞,一般,*,*,*,我々,ワレワレ,ワレワレ
は	助詞,係助詞,*,*,*,*,は,ハ,ワ
互いに	副詞,一般,*,*,*,*,互いに,タガイニ,タガイニ
似	動詞,自立,*,*,一段,連用形,似る,ニ,ニ
て	助詞,接続助詞,*,*,*,*,て,テ,テ
いる	動詞,非自立,*,*,一段,基本形,いる,イル,イル
という	助詞,格助詞,連語,*,*,*,という,トイウ,トユウ
の	名詞,非自立,一般,*,*,*,の,ノ,ノ
か	助詞,副助詞／並立助詞／終助詞,*,*,*,*,か,カ,カ
。	記号,句点,*,*,*,*,。,。,。
金	名詞,一般,*,*,*,*,金,キン,キン
を	助詞,格助詞,一般,*,*,*,を,ヲ,ヲ
財布	名詞,一般,*,*,*,*,財布,サイフ,サイフ
から	助詞,格助詞,一般,*,*,*,から,カラ,カラ
惜しま	動詞,自立,*,*,五段・マ行,未然形,惜しむ,オシマ,オシマ
ず	助動詞,*,*,*,特殊・ヌ,連用ニ接続,ぬ,ズ,ズ
に	助詞,格助詞,一般,*,*,*,に,ニ,ニ
出し	動詞,自立,*,*,五段・サ行,連用形,出す,ダシ,ダシ
て	助詞,接続助詞,*,*,*,*,て,テ,テ
いる	動詞,非自立,*,*,一段,基本形,いる,イル,イル
者	名詞,一般,*,*,*,*,者,モノ,モノ
たち	名詞,接尾,一般,*,*,*,たち,タチ,タチ
が	助詞,格助詞,一般,*,*,*,が,ガ,ガ
おり	動詞,自立,*,*,五段・ラ行,連用形,おる,オリ,オリ
，	記号,読点,*,*,*,*,，,，,，
彼ら	名詞,代名詞,一般,*,*,*,彼ら,カレラ,カレラ
は	助詞,係助詞,*,*,*,*,は,ハ,ワ
はかり	動詞,自立,*,*,五段・ラ行,連用形,はかる,ハカリ,ハカリ
ざおで	名詞,一般,*,*,*,*,*
銀	名詞,一般,*,*,*,*,銀,ギン,ギン
を	助詞,格助詞,一般,*,*,*,を,ヲ,ヲ
量り	動詞,自立,*,*,五段・ラ行,連用形,量る,ハカリ,ハカリ
出す	動詞,非自立,*,*,五段・サ行,基本形,出す,ダス,ダス
。	記号,句点,*,*,*,*,。,。,。
彼ら	名詞,代名詞,一般,*,*,*,彼ら,カレラ,カレラ
は	助詞,係助詞,*,*,*,*,は,ハ,ワ
金属	名詞,一般,*,*,*,*,金属,キンゾク,キンゾク
細工	名詞,接尾,一般,*,*,*,細工,ザイク,ザイク
人	名詞,接尾,一般,*,*,*,人,ジン,ジン
を	助詞,格助詞,一般,*,*,*,を,ヲ,ヲ
雇い	動詞,自立,*,*,五段・ワ行促音便,連用形,雇う,ヤトイ,ヤトイ
，	記号,読点,*,*,*,*,，,，,，
その	連体詞,*,*,*,*,*,その,ソノ,ソノ
者	名詞,非自立,一般,*,*,*,者,モノ,モノ
は	助詞,係助詞,*,*,*,*,は,ハ,ワ
それ	名詞,代名詞,一般,*,*,*,それ,ソレ,ソレ
を	助詞,格助詞,一般,*,*,*,を,ヲ,ヲ
神	名詞,一般,*,*,*,*,神,カミ,カミ
に	助詞,格助詞,一般,*,*,*,に,ニ,ニ
作る	動詞,自立,*,*,五段・ラ行,基本形,作る,ツクル,ツクル
。	記号,句点,*,*,*,*,。,。,。
彼ら	名詞,代名詞,一般,*,*,*,彼ら,カレラ,カレラ
は	助詞,係助詞,*,*,*,*,は,ハ,ワ
平伏	名詞,サ変接続,*,*,*,*,平伏,ヘイフク,ヘイフク
する	動詞,自立,*,*,サ変・スル,基本形,する,スル,スル
。	記号,句点,*,*,*,*,。,。,。
そう	副詞,助詞類接続,*,*,*,*,そう,ソウ,ソー
だ	助動詞,*,*,*,特殊・ダ,基本形,だ,ダ,ダ
，	記号,読点,*,*,*,*,，,，,，
身	名詞,一般,*,*,*,*,身,ミ,ミ
を	助詞,格助詞,一般,*,*,*,を,ヲ,ヲ
かがめる	動詞,自立,*,*,一段,基本形,かがめる,カガメル,カガメル
の	名詞,非自立,一般,*,*,*,の,ノ,ノ
だ	助動詞,*,*,*,特殊・ダ,基本形,だ,ダ,ダ
。	記号,句点,*,*,*,*,。,。,。
彼ら	名詞,代名詞,一般,*,*,*,彼ら,カレラ,カレラ
は	助詞,係助詞,*,*,*,*,は,ハ,ワ
それ	名詞,代名詞,一般,*,*,*,それ,ソレ,ソレ
を	助詞,格助詞,一般,*,*,*,を,ヲ,ヲ
肩	名詞,一般,*,*,*,*,肩,カタ,カタ
に	助詞,格助詞,一般,*,*,*,に,ニ,ニ
載せ	動詞,自立,*,*,一段,連用形,載せる,ノセ,ノセ
て	助詞,接続助詞,*,*,*,*,て,テ,テ
運び	動詞,自立,*,*,五段・バ行,連用形,運ぶ,ハコビ,ハコビ
，	記号,読点,*,*,*,*,，,，,，
それ	名詞,代名詞,一般,*,*,*,それ,ソレ,ソレ
を	助詞,格助詞,一般,*,*,*,を,ヲ,ヲ
負い	動詞,自立,*,*,五段・ワ行促音便,連用形,負う,オイ,オイ
，	記号,読点,*,*,*,*,，,，,，
それ	名詞,代名詞,一般,*,*,*,それ,ソレ,ソレ
が	助詞,格助詞,一般,*,*,*,が,ガ,ガ
動か	動詞,自立,*,*,五段・カ行イ音便,未然形,動く,ウゴカ,ウゴカ
ず	助動詞,*,*,*,特殊・ヌ,連用ニ接続,ぬ,ズ,ズ
に	助詞,格助詞,一般,*,*,*,に,ニ,ニ
立っ	動詞,自立,*,*,五段・タ行,連用タ接続,立つ,タッ,タッ
て	助詞,接続助詞,*,*,*,*,て,テ,テ
いる	動詞,非自立,*,*,一段,基本形,いる,イル,イル
よう	名詞,非自立,助動詞語幹,*,*,*,よう,ヨウ,ヨー
に	助詞,副詞化,*,*,*,*,に,ニ,ニ
その	連体詞,*,*,*,*,*,その,ソノ,ソノ
場所	名詞,一般,*,*,*,*,場所,バショ,バショ
に	助詞,格助詞,一般,*,*,*,に,ニ,ニ
安置	名詞,サ変接続,*,*,*,*,安置,アンチ,アンチ
する	動詞,自立,*,*,サ変・スル,基本形,する,スル,スル
。	記号,句点,*,*,*,*,。,。,。
それ	名詞,代名詞,一般,*,*,*,それ,ソレ,ソレ
は	助詞,係助詞,*,*,*,*,は,ハ,ワ
自分	名詞,一般,*,*,*,*,自分,ジブン,ジブン
の	助詞,格助詞,一般,*,*,*,の,ノ,ノ
立っ	動詞,自立,*,*,五段・タ行,連用タ接続,立つ,タッ,タッ
て	助詞,接続助詞,*,*,*,*,て,テ,テ
いる	動詞,非自立,*,*,一段,基本形,いる,イル,イル
場所	名詞,一般,*,*,*,*,場所,バショ,バショ
から	助詞,格助詞,一般,*,*,*,から,カラ,カラ
離れ	動詞,自立,*,*,一段,連用形,離れる,ハナレ,ハナレ
て	助詞,接続助詞,*,*,*,*,て,テ,テ
行か	動詞,非自立,*,*,五段・カ行促音便,未然形,行く,イカ,イカ
ない	助動詞,*,*,*,特殊・ナイ,基本形,ない,ナイ,ナイ
。	記号,句点,*,*,*,*,。,。,。
人	名詞,一般,*,*,*,*,人,ヒト,ヒト
は	助詞,係助詞,*,*,*,*,は,ハ,ワ
これ	名詞,代名詞,一般,*,*,*,これ,コレ,コレ
に	助詞,格助詞,一般,*,*,*,に,ニ,ニ
向かっ	動詞,自立,*,*,五段・ワ行促音便,連用タ接続,向かう,ムカッ,ムカッ
て	助詞,接続助詞,*,*,*,*,て,テ,テ
叫び	名詞,一般,*,*,*,*,叫び,サケビ,サケビ
さえ	助詞,係助詞,*,*,*,*,さえ,サエ,サエ
する	動詞,自立,*,*,サ変・スル,基本形,する,スル,スル
が	助詞,接続助詞,*,*,*,*,が,ガ,ガ
，	記号,読点,*,*,*,*,，,，,，
それ	名詞,代名詞,一般,*,*,*,それ,ソレ,ソレ
は	助詞,係助詞,*,*,*,*,は,ハ,ワ
答え	動詞,自立,*,*,一段,未然形,答える,コタエ,コタエ
ず	助動詞,*,*,*,特殊・ヌ,連用ニ接続,ぬ,ズ,ズ
，	記号,読点,*,*,*,*,，,，,，
人	名詞,一般,*,*,*,*,人,ヒト,ヒト
を	助詞,格助詞,一般,*,*,*,を,ヲ,ヲ
その	連体詞,*,*,*,*,*,その,ソノ,ソノ
苦難	名詞,サ変接続,*,*,*,*,苦難,クナン,クナン
から	助詞,格助詞,一般,*,*,*,から,カラ,カラ
救う	動詞,自立,*,*,五段・ワ行促音便,基本形,救う,スクウ,スクウ
こと	名詞,非自立,一般,*,*,*,こと,コト,コト
も	助詞,係助詞,*,*,*,*,も,モ,モ
し	動詞,自立,*,*,サ変・スル,未然形,する,シ,シ
ない	助動詞,*,*,*,特殊・ナイ,基本形,ない,ナイ,ナイ
。	記号,句点,*,*,*,*,。,。,。
「	記号,括弧開,*,*,*,*,「,「,「
この	連体詞,*,*,*,*,*,この,コノ,コノ
こと	名詞,非自立,一般,*,*,*,こと,コト,コト
を	助詞,格助詞,一般,*,*,*,を,ヲ,ヲ
思い出せ	動詞,自立,*,*,五段・サ行,命令ｅ,思い出す,オモイダセ,オモイダセ
。	記号,句点,*,*,*,*,。,。,。
あなた	名詞,代名詞,一般,*,*,*,あなた,アナタ,アナタ
方	名詞,接尾,一般,*,*,*,方,カタ,カタ
が	助詞,格助詞,一般,*,*,*,が,ガ,ガ
勇気	名詞,一般,*,*,*,*,勇気,ユウキ,ユーキ
を	助詞,格助詞,一般,*,*,*,を,ヲ,ヲ
奮い起こす	動詞,自立,*,*,五段・サ行,基本形,奮い起こす,フルイオコス,フルイオコス
ため	名詞,非自立,副詞可能,*,*,*,ため,タメ,タメ
で	助動詞,*,*,*,特殊・ダ,連用形,だ,デ,デ
ある	助動詞,*,*,*,五段・ラ行アル,基本形,ある,アル,アル
。	記号,句点,*,*,*,*,。,。,。
違犯	名詞,サ変接続,*,*,*,*,違犯,イハン,イハン
を	助詞,格助詞,一般,*,*,*,を,ヲ,ヲ
おかす	動詞,自立,*,*,五段・サ行,基本形,おかす,オカス,オカス
者	名詞,一般,*,*,*,*,者,モノ,モノ
たち	名詞,接尾,一般,*,*,*,たち,タチ,タチ
よ	助詞,終助詞,*,*,*,*,よ,ヨ,ヨ
，	記号,読点,*,*,*,*,，,，,，
それ	名詞,代名詞,一般,*,*,*,それ,ソレ,ソレ
を	助詞,格助詞,一般,*,*,*,を,ヲ,ヲ
心	名詞,一般,*,*,*,*,心,ココロ,ココロ
に	助詞,格助詞,一般,*,*,*,に,ニ,ニ
留め	動詞,自立,*,*,一段,連用形,留める,トメ,トメ
よ	助詞,終助詞,*,*,*,*,よ,ヨ,ヨ
。	記号,句点,*,*,*,*,。,。,。
昔	名詞,副詞可能,*,*,*,*,昔,ムカシ,ムカシ
の	助詞,連体化,*,*,*,*,の,ノ,ノ
最初	名詞,一般,*,*,*,*,最初,サイショ,サイショ
の	助詞,連体化,*,*,*,*,の,ノ,ノ
こと	名詞,非自立,一般,*,*,*,こと,コト,コト
を	助詞,格助詞,一般,*,*,*,を,ヲ,ヲ
思い出せ	動詞,自立,*,*,五段・サ行,命令ｅ,思い出す,オモイダセ,オモイダセ
。	記号,句点,*,*,*,*,。,。,。
わたし	名詞,代名詞,一般,*,*,*,わたし,ワタシ,ワタシ
は	助詞,係助詞,*,*,*,*,は,ハ,ワ
神	名詞,一般,*,*,*,*,神,カミ,カミ
たる	助動詞,*,*,*,文語・ナリ,体言接続,たり,タル,タル
者	名詞,非自立,一般,*,*,*,者,モノ,モノ
で	助動詞,*,*,*,特殊・ダ,連用形,だ,デ,デ
あり	助動詞,*,*,*,五段・ラ行アル,連用形,ある,アリ,アリ
，	記号,読点,*,*,*,*,，,，,，
ほか	名詞,副詞可能,*,*,*,*,ほか,ホカ,ホカ
に	助詞,格助詞,一般,*,*,*,に,ニ,ニ
神	名詞,一般,*,*,*,*,神,カミ,カミ
も	助詞,係助詞,*,*,*,*,も,モ,モ
わたし	名詞,代名詞,一般,*,*,*,わたし,ワタシ,ワタシ
の	助詞,連体化,*,*,*,*,の,ノ,ノ
よう	名詞,非自立,助動詞語幹,*,*,*,よう,ヨウ,ヨー
な	助動詞,*,*,*,特殊・ダ,体言接続,だ,ナ,ナ
者	名詞,非自立,一般,*,*,*,者,モノ,モノ
も	助詞,係助詞,*,*,*,*,も,モ,モ
い	動詞,自立,*,*,一段,未然形,いる,イ,イ
ない	助動詞,*,*,*,特殊・ナイ,基本形,ない,ナイ,ナイ
こと	名詞,非自立,一般,*,*,*,こと,コト,コト
を	助詞,格助詞,一般,*,*,*,を,ヲ,ヲ
。	記号,句点,*,*,*,*,。,。,。
終わり	動詞,自立,*,*,五段・ラ行,連用形,終わる,オワリ,オワリ
の	助詞,連体化,*,*,*,*,の,ノ,ノ
こと	名詞,非自立,一般,*,*,*,こと,コト,コト
を	助詞,格助詞,一般,*,*,*,を,ヲ,ヲ
初め	名詞,副詞可能,*,*,*,*,初め,ハジメ,ハジメ
から	助詞,格助詞,一般,*,*,*,から,カラ,カラ
，	記号,読点,*,*,*,*,，,，,，
また	接続詞,*,*,*,*,*,また,マタ,マタ
，	記号,読点,*,*,*,*,，,，,，
まだ	副詞,助詞類接続,*,*,*,*,まだ,マダ,マダ
行なわ	動詞,自立,*,*,五段・ワ行促音便,未然形,行なう,オコナワ,オコナワ
れ	動詞,接尾,*,*,一段,連用形,れる,レ,レ
て	助詞,接続助詞,*,*,*,*,て,テ,テ
い	動詞,非自立,*,*,一段,未然形,いる,イ,イ
なかっ	助動詞,*,*,*,特殊・ナイ,連用タ接続,ない,ナカッ,ナカッ
た	助動詞,*,*,*,特殊・タ,基本形,た,タ,タ
こと	名詞,非自立,一般,*,*,*,こと,コト,コト
を	助詞,格助詞,一般,*,*,*,を,ヲ,ヲ
昔	名詞,副詞可能,*,*,*,*,昔,ムカシ,ムカシ
から	助詞,格助詞,一般,*,*,*,から,カラ,カラ
告げる	動詞,自立,*,*,一段,基本形,告げる,ツゲル,ツゲル
者	名詞,非自立,一般,*,*,*,者,モノ,モノ
。	記号,句点,*,*,*,*,。,。,。
『	記号,括弧開,*,*,*,*,『,『,『
わたし	名詞,代名詞,一般,*,*,*,わたし,ワタシ,ワタシ
の	助詞,連体化,*,*,*,*,の,ノ,ノ
計り	名詞,一般,*,*,*,*,計り,ハカリ,ハカリ
事	名詞,接尾,一般,*,*,*,事,ゴト,ゴト
は	助詞,係助詞,*,*,*,*,は,ハ,ワ
立ち	動詞,自立,*,*,五段・タ行,連用形,立つ,タチ,タチ
，	記号,読点,*,*,*,*,，,，,，
わたし	名詞,代名詞,一般,*,*,*,わたし,ワタシ,ワタシ
は	助詞,係助詞,*,*,*,*,は,ハ,ワ
自分	名詞,一般,*,*,*,*,自分,ジブン,ジブン
の	助詞,連体化,*,*,*,*,の,ノ,ノ
喜び	名詞,一般,*,*,*,*,喜び,ヨロコビ,ヨロコビ
と	助詞,格助詞,一般,*,*,*,と,ト,ト
する	動詞,自立,*,*,サ変・スル,基本形,する,スル,スル
こと	名詞,非自立,一般,*,*,*,こと,コト,コト
を	助詞,格助詞,一般,*,*,*,を,ヲ,ヲ
みな	名詞,副詞可能,*,*,*,*,みな,ミナ,ミナ
行なう	動詞,自立,*,*,五段・ワ行促音便,基本形,行なう,オコナウ,オコナウ
』	記号,括弧閉,*,*,*,*,』,』,』
と	助詞,格助詞,引用,*,*,*,と,ト,ト
言う	動詞,自立,*,*,五段・ワ行促音便,基本形,言う,イウ,イウ
者	名詞,非自立,一般,*,*,*,者,モノ,モノ
。	記号,句点,*,*,*,*,。,。,。
猛きん	名詞,一般,*,*,*,*,猛きん,モウキン,モーキン
を	助詞,格助詞,一般,*,*,*,を,ヲ,ヲ
日	名詞,一般,*,*,*,*,日,ヒ,ヒ
の	助詞,格助詞,一般,*,*,*,の,ノ,ノ
昇る	動詞,自立,*,*,五段・ラ行,基本形,昇る,ノボル,ノボル
方	名詞,非自立,一般,*,*,*,方,ホウ,ホー
から	助詞,格助詞,一般,*,*,*,から,カラ,カラ
，	記号,読点,*,*,*,*,，,，,，
わたし	名詞,代名詞,一般,*,*,*,わたし,ワタシ,ワタシ
の	助詞,連体化,*,*,*,*,の,ノ,ノ
計り	名詞,一般,*,*,*,*,計り,ハカリ,ハカリ
事	名詞,接尾,一般,*,*,*,事,ゴト,ゴト
を	助詞,格助詞,一般,*,*,*,を,ヲ,ヲ
遂行	名詞,サ変接続,*,*,*,*,遂行,スイコウ,スイコー
する	動詞,自立,*,*,サ変・スル,基本形,する,スル,スル
人	名詞,一般,*,*,*,*,人,ヒト,ヒト
を	助詞,格助詞,一般,*,*,*,を,ヲ,ヲ
遠い	形容詞,自立,*,*,形容詞・アウオ段,基本形,遠い,トオイ,トーイ
地	名詞,一般,*,*,*,*,地,チ,チ
から	助詞,格助詞,一般,*,*,*,から,カラ,カラ
呼ぶ	動詞,自立,*,*,五段・バ行,基本形,呼ぶ,ヨブ,ヨブ
者	名詞,非自立,一般,*,*,*,者,モノ,モノ
。	記号,句点,*,*,*,*,。,。,。
わたし	名詞,代名詞,一般,*,*,*,わたし,ワタシ,ワタシ
は	助詞,係助詞,*,*,*,*,は,ハ,ワ
[	名詞,サ変接続,*,*,*,*,*
それ	名詞,代名詞,一般,*,*,*,それ,ソレ,ソレ
を	助詞,格助詞,一般,*,*,*,を,ヲ,ヲ
]	名詞,サ変接続,*,*,*,*,*
話し	動詞,自立,*,*,五段・サ行,連用形,話す,ハナシ,ハナシ
た	助動詞,*,*,*,特殊・タ,基本形,た,タ,タ
の	名詞,非自立,一般,*,*,*,の,ノ,ノ
で	助動詞,*,*,*,特殊・ダ,連用形,だ,デ,デ
ある	助動詞,*,*,*,五段・ラ行アル,基本形,ある,アル,アル
。	記号,句点,*,*,*,*,。,。,。
わたし	名詞,代名詞,一般,*,*,*,わたし,ワタシ,ワタシ
は	助詞,係助詞,*,*,*,*,は,ハ,ワ
また	接続詞,*,*,*,*,*,また,マタ,マタ
，	記号,読点,*,*,*,*,，,，,，
それ	名詞,代名詞,一般,*,*,*,それ,ソレ,ソレ
を	助詞,格助詞,一般,*,*,*,を,ヲ,ヲ
もたらす	動詞,自立,*,*,五段・サ行,基本形,もたらす,モタラス,モタラス
で	助動詞,*,*,*,特殊・ダ,連用形,だ,デ,デ
あろ	助動詞,*,*,*,五段・ラ行アル,未然ウ接続,ある,アロ,アロ
う	助動詞,*,*,*,不変化型,基本形,う,ウ,ウ
。	記号,句点,*,*,*,*,。,。,。
わたし	名詞,代名詞,一般,*,*,*,わたし,ワタシ,ワタシ
は	助詞,係助詞,*,*,*,*,は,ハ,ワ
[	名詞,サ変接続,*,*,*,*,*
それ	名詞,代名詞,一般,*,*,*,それ,ソレ,ソレ
を	助詞,格助詞,一般,*,*,*,を,ヲ,ヲ
]	名詞,サ変接続,*,*,*,*,*
形	名詞,接尾,一般,*,*,*,形,ガタ,ガタ
造っ	動詞,自立,*,*,五段・ラ行,連用タ接続,造る,ツクッ,ツクッ
た	助動詞,*,*,*,特殊・タ,基本形,た,タ,タ
の	名詞,非自立,一般,*,*,*,の,ノ,ノ
で	助動詞,*,*,*,特殊・ダ,連用形,だ,デ,デ
あり	助動詞,*,*,*,五段・ラ行アル,連用形,ある,アリ,アリ
，	記号,読点,*,*,*,*,，,，,，
また	接続詞,*,*,*,*,*,また,マタ,マタ
，	記号,読点,*,*,*,*,，,，,，
それ	名詞,代名詞,一般,*,*,*,それ,ソレ,ソレ
を	助詞,格助詞,一般,*,*,*,を,ヲ,ヲ
行なう	動詞,自立,*,*,五段・ワ行促音便,基本形,行なう,オコナウ,オコナウ
で	助動詞,*,*,*,特殊・ダ,連用形,だ,デ,デ
あろ	助動詞,*,*,*,五段・ラ行アル,未然ウ接続,ある,アロ,アロ
う	助動詞,*,*,*,不変化型,基本形,う,ウ,ウ
。	記号,句点,*,*,*,*,。,。,。
「	記号,括弧開,*,*,*,*,「,「,「
心	名詞,一般,*,*,*,*,心,ココロ,ココロ
の	助詞,連体化,*,*,*,*,の,ノ,ノ
強力	名詞,形容動詞語幹,*,*,*,*,強力,キョウリョク,キョーリョク
な	助動詞,*,*,*,特殊・ダ,体言接続,だ,ナ,ナ
者	名詞,一般,*,*,*,*,者,モノ,モノ
たち	名詞,接尾,一般,*,*,*,たち,タチ,タチ
よ	助詞,終助詞,*,*,*,*,よ,ヨ,ヨ
，	記号,読点,*,*,*,*,，,，,，
義	名詞,一般,*,*,*,*,義,ギ,ギ
から	助詞,格助詞,一般,*,*,*,から,カラ,カラ
遠く	形容詞,自立,*,*,形容詞・アウオ段,連用テ接続,遠い,トオク,トーク
離れ	動詞,自立,*,*,一段,連用形,離れる,ハナレ,ハナレ
て	助詞,接続助詞,*,*,*,*,て,テ,テ
いる	動詞,非自立,*,*,一段,基本形,いる,イル,イル
者	名詞,一般,*,*,*,*,者,モノ,モノ
たち	名詞,接尾,一般,*,*,*,たち,タチ,タチ
よ	助詞,終助詞,*,*,*,*,よ,ヨ,ヨ
。	記号,句点,*,*,*,*,。,。,。
わたし	名詞,代名詞,一般,*,*,*,わたし,ワタシ,ワタシ
に	助詞,格助詞,一般,*,*,*,に,ニ,ニ
聴け	動詞,自立,*,*,五段・カ行イ音便,命令ｅ,聴く,キケ,キケ
。	記号,句点,*,*,*,*,。,。,。
わたし	名詞,代名詞,一般,*,*,*,わたし,ワタシ,ワタシ
は	助詞,係助詞,*,*,*,*,は,ハ,ワ
わたし	名詞,代名詞,一般,*,*,*,わたし,ワタシ,ワタシ
の	助詞,連体化,*,*,*,*,の,ノ,ノ
義	名詞,一般,*,*,*,*,義,ギ,ギ
を	助詞,格助詞,一般,*,*,*,を,ヲ,ヲ
近く	名詞,副詞可能,*,*,*,*,近く,チカク,チカク
に	助詞,格助詞,一般,*,*,*,に,ニ,ニ
もたらし	動詞,自立,*,*,五段・サ行,連用形,もたらす,モタラシ,モタラシ
た	助動詞,*,*,*,特殊・タ,基本形,た,タ,タ
。	記号,句点,*,*,*,*,。,。,。
それ	名詞,代名詞,一般,*,*,*,それ,ソレ,ソレ
は	助詞,係助詞,*,*,*,*,は,ハ,ワ
遠く	名詞,副詞可能,*,*,*,*,遠く,トオク,トーク
に	助詞,格助詞,一般,*,*,*,に,ニ,ニ
ある	動詞,自立,*,*,五段・ラ行,基本形,ある,アル,アル
の	名詞,非自立,一般,*,*,*,の,ノ,ノ
で	助動詞,*,*,*,特殊・ダ,連用形,だ,デ,デ
は	助詞,係助詞,*,*,*,*,は,ハ,ワ
ない	助動詞,*,*,*,特殊・ナイ,基本形,ない,ナイ,ナイ
。	記号,句点,*,*,*,*,。,。,。
わたし	名詞,代名詞,一般,*,*,*,わたし,ワタシ,ワタシ
の	助詞,連体化,*,*,*,*,の,ノ,ノ
救い	名詞,一般,*,*,*,*,救い,スクイ,スクイ
は	助詞,係助詞,*,*,*,*,は,ハ,ワ
遅れ	名詞,一般,*,*,*,*,遅れ,オクレ,オクレ
は	助詞,係助詞,*,*,*,*,は,ハ,ワ
し	動詞,自立,*,*,サ変・スル,未然形,する,シ,シ
ない	助動詞,*,*,*,特殊・ナイ,基本形,ない,ナイ,ナイ
。	記号,句点,*,*,*,*,。,。,。
そして	接続詞,*,*,*,*,*,そして,ソシテ,ソシテ
，	記号,読点,*,*,*,*,，,，,，
わたし	名詞,代名詞,一般,*,*,*,わたし,ワタシ,ワタシ
は	助詞,係助詞,*,*,*,*,は,ハ,ワ
シオン	名詞,一般,*,*,*,*,シオン,シオン,シオン
の	助詞,連体化,*,*,*,*,の,ノ,ノ
中	名詞,非自立,副詞可能,*,*,*,中,ナカ,ナカ
に	助詞,格助詞,一般,*,*,*,に,ニ,ニ
救い	名詞,一般,*,*,*,*,救い,スクイ,スクイ
を	助詞,格助詞,一般,*,*,*,を,ヲ,ヲ
，	記号,読点,*,*,*,*,，,，,，
イスラエル	名詞,固有名詞,地域,国,*,*,イスラエル,イスラエル,イスラエル
に	助詞,格助詞,一般,*,*,*,に,ニ,ニ
わたし	名詞,代名詞,一般,*,*,*,わたし,ワタシ,ワタシ
の	助詞,連体化,*,*,*,*,の,ノ,ノ
美	名詞,一般,*,*,*,*,美,ビ,ビ
を	助詞,格助詞,一般,*,*,*,を,ヲ,ヲ
与える	動詞,自立,*,*,一段,基本形,与える,アタエル,アタエル
」	記号,括弧閉,*,*,*,*,」,」,」
。	記号,句点,*,*,*,*,。,。,。
EOS
