アモツ	名詞,一般,*,*,*,*,*
の	助詞,連体化,*,*,*,*,の,ノ,ノ
子	接頭詞,名詞接続,*,*,*,*,子,コ,コ
イザヤ	名詞,一般,*,*,*,*,*
が	助詞,格助詞,一般,*,*,*,が,ガ,ガ
，	記号,読点,*,*,*,*,，,，,，
ユダ	名詞,一般,*,*,*,*,*
の	助詞,連体化,*,*,*,*,の,ノ,ノ
王	名詞,一般,*,*,*,*,王,オウ,オー
ウジヤ	名詞,一般,*,*,*,*,*
，	記号,読点,*,*,*,*,，,，,，
ヨタム	名詞,一般,*,*,*,*,*
，	記号,読点,*,*,*,*,，,，,，
アハズ	名詞,一般,*,*,*,*,*
[	名詞,サ変接続,*,*,*,*,*
および	接続詞,*,*,*,*,*,および,オヨビ,オヨビ
]	名詞,サ変接続,*,*,*,*,*
ヒゼキヤ	名詞,一般,*,*,*,*,*
の	助詞,連体化,*,*,*,*,の,ノ,ノ
時代	名詞,一般,*,*,*,*,時代,ジダイ,ジダイ
に	助詞,格助詞,一般,*,*,*,に,ニ,ニ
，	記号,読点,*,*,*,*,，,，,，
ユダ	名詞,一般,*,*,*,*,*
と	助詞,並立助詞,*,*,*,*,と,ト,ト
エルサレム	名詞,固有名詞,地域,一般,*,*,エルサレム,エルサレム,エルサレム
に関して	助詞,格助詞,連語,*,*,*,に関して,ニカンシテ,ニカンシテ
見	動詞,自立,*,*,一段,連用形,見る,ミ,ミ
た	助動詞,*,*,*,特殊・タ,基本形,た,タ,タ
幻	名詞,一般,*,*,*,*,幻,マボロシ,マボロシ
:	名詞,サ変接続,*,*,*,*,*
天	名詞,一般,*,*,*,*,天,テン,テン
よ	助詞,終助詞,*,*,*,*,よ,ヨ,ヨ
，	記号,読点,*,*,*,*,，,，,，
聞け	動詞,自立,*,*,一段,連用形,聞ける,キケ,キケ
，	記号,読点,*,*,*,*,，,，,，
地	名詞,一般,*,*,*,*,地,チ,チ
よ	助詞,終助詞,*,*,*,*,よ,ヨ,ヨ
，	記号,読点,*,*,*,*,，,，,，
耳	名詞,一般,*,*,*,*,耳,ミミ,ミミ
を	助詞,格助詞,一般,*,*,*,を,ヲ,ヲ
向け	動詞,自立,*,*,一段,連用形,向ける,ムケ,ムケ
よ	助詞,終助詞,*,*,*,*,よ,ヨ,ヨ
。	記号,句点,*,*,*,*,。,。,。
エホバ	名詞,一般,*,*,*,*,エホバ,エホバ,エホバ
ご	接頭詞,名詞接続,*,*,*,*,ご,ゴ,ゴ
自身	名詞,一般,*,*,*,*,自身,ジシン,ジシン
が	助詞,格助詞,一般,*,*,*,が,ガ,ガ
話さ	動詞,自立,*,*,五段・サ行,未然形,話す,ハナサ,ハナサ
れ	動詞,接尾,*,*,一段,連用形,れる,レ,レ
た	助動詞,*,*,*,特殊・タ,基本形,た,タ,タ
から	助詞,接続助詞,*,*,*,*,から,カラ,カラ
で	助動詞,*,*,*,特殊・ダ,連用形,だ,デ,デ
ある	助動詞,*,*,*,五段・ラ行アル,基本形,ある,アル,アル
，	記号,読点,*,*,*,*,，,，,，
「	記号,括弧開,*,*,*,*,「,「,「
わたし	名詞,代名詞,一般,*,*,*,わたし,ワタシ,ワタシ
は	助詞,係助詞,*,*,*,*,は,ハ,ワ
子	名詞,一般,*,*,*,*,子,コ,コ
ら	名詞,接尾,一般,*,*,*,ら,ラ,ラ
を	助詞,格助詞,一般,*,*,*,を,ヲ,ヲ
養い	動詞,自立,*,*,五段・ワ行促音便,連用形,養う,ヤシナイ,ヤシナイ
，	記号,読点,*,*,*,*,，,，,，
そして	接続詞,*,*,*,*,*,そして,ソシテ,ソシテ
育て	動詞,自立,*,*,一段,連用形,育てる,ソダテ,ソダテ
た	助動詞,*,*,*,特殊・タ,基本形,た,タ,タ
。	記号,句点,*,*,*,*,。,。,。
しかし	接続詞,*,*,*,*,*,しかし,シカシ,シカシ
彼ら	名詞,代名詞,一般,*,*,*,彼ら,カレラ,カレラ
は	助詞,係助詞,*,*,*,*,は,ハ,ワ
わたし	名詞,代名詞,一般,*,*,*,わたし,ワタシ,ワタシ
に	助詞,格助詞,一般,*,*,*,に,ニ,ニ
反抗	名詞,サ変接続,*,*,*,*,反抗,ハンコウ,ハンコー
し	動詞,自立,*,*,サ変・スル,連用形,する,シ,シ
た	助動詞,*,*,*,特殊・タ,基本形,た,タ,タ
。	記号,句点,*,*,*,*,。,。,。
牛	名詞,一般,*,*,*,*,牛,ウシ,ウシ
は	助詞,係助詞,*,*,*,*,は,ハ,ワ
その	連体詞,*,*,*,*,*,その,ソノ,ソノ
買い主	名詞,一般,*,*,*,*,買い主,カイヌシ,カイヌシ
を	助詞,格助詞,一般,*,*,*,を,ヲ,ヲ
，	記号,読点,*,*,*,*,，,，,，
ろば	名詞,一般,*,*,*,*,ろば,ロバ,ロバ
は	助詞,係助詞,*,*,*,*,は,ハ,ワ
その	連体詞,*,*,*,*,*,その,ソノ,ソノ
持ち主	名詞,一般,*,*,*,*,持ち主,モチヌシ,モチヌシ
の	助詞,連体化,*,*,*,*,の,ノ,ノ
飼い葉	名詞,一般,*,*,*,*,飼い葉,カイバ,カイバ
おけ	動詞,自立,*,*,一段,連用形,おける,オケ,オケ
を	助詞,格助詞,一般,*,*,*,を,ヲ,ヲ
よく	副詞,一般,*,*,*,*,よく,ヨク,ヨク
知っ	動詞,自立,*,*,五段・ラ行,連用タ接続,知る,シッ,シッ
て	助詞,接続助詞,*,*,*,*,て,テ,テ
いる	動詞,非自立,*,*,一段,基本形,いる,イル,イル
。	記号,句点,*,*,*,*,。,。,。
[	名詞,サ変接続,*,*,*,*,*
しか	助詞,係助詞,*,*,*,*,しか,シカ,シカ
し	動詞,自立,*,*,サ変・スル,連用形,する,シ,シ
，	記号,読点,*,*,*,*,，,，,，
]	名詞,サ変接続,*,*,*,*,*
イスラエル	名詞,固有名詞,地域,国,*,*,イスラエル,イスラエル,イスラエル
は	助詞,係助詞,*,*,*,*,は,ハ,ワ
知ら	動詞,自立,*,*,五段・ラ行,未然形,知る,シラ,シラ
ず	助動詞,*,*,*,特殊・ヌ,連用ニ接続,ぬ,ズ,ズ
，	記号,読点,*,*,*,*,，,，,，
わたし	名詞,代名詞,一般,*,*,*,わたし,ワタシ,ワタシ
の	助詞,連体化,*,*,*,*,の,ノ,ノ
民	名詞,一般,*,*,*,*,民,ミン,ミン
は	助詞,係助詞,*,*,*,*,は,ハ,ワ
理解	名詞,サ変接続,*,*,*,*,理解,リカイ,リカイ
ある	動詞,自立,*,*,五段・ラ行,基本形,ある,アル,アル
振る舞い	名詞,一般,*,*,*,*,振る舞い,フルマイ,フルマイ
を	助詞,格助詞,一般,*,*,*,を,ヲ,ヲ
し	動詞,自立,*,*,サ変・スル,未然形,する,シ,シ
なかっ	助動詞,*,*,*,特殊・ナイ,連用タ接続,ない,ナカッ,ナカッ
た	助動詞,*,*,*,特殊・タ,基本形,た,タ,タ
」	記号,括弧閉,*,*,*,*,」,」,」
。	記号,句点,*,*,*,*,。,。,。
罪深い	形容詞,自立,*,*,形容詞・アウオ段,基本形,罪深い,ツミブカイ,ツミブカイ
国民	名詞,一般,*,*,*,*,国民,コクミン,コクミン
，	記号,読点,*,*,*,*,，,，,，
と	助詞,格助詞,引用,*,*,*,と,ト,ト
が	接続詞,*,*,*,*,*,が,ガ,ガ
に	助詞,格助詞,一般,*,*,*,に,ニ,ニ
重く	形容詞,自立,*,*,形容詞・アウオ段,連用テ接続,重い,オモク,オモク
まとわ	動詞,自立,*,*,五段・ワ行促音便,未然形,まとう,マトワ,マトワ
れ	動詞,接尾,*,*,一段,連用形,れる,レ,レ
た	助動詞,*,*,*,特殊・タ,基本形,た,タ,タ
民	名詞,一般,*,*,*,*,民,ミン,ミン
，	記号,読点,*,*,*,*,，,，,，
悪	名詞,一般,*,*,*,*,悪,アク,アク
を	助詞,格助詞,一般,*,*,*,を,ヲ,ヲ
行なう	動詞,自立,*,*,五段・ワ行促音便,基本形,行なう,オコナウ,オコナウ
胤	名詞,一般,*,*,*,*,胤,タネ,タネ
，	記号,読点,*,*,*,*,，,，,，
破滅	名詞,サ変接続,*,*,*,*,破滅,ハメツ,ハメツ
を	助詞,格助詞,一般,*,*,*,を,ヲ,ヲ
来たす	動詞,自立,*,*,五段・サ行,基本形,来たす,キタス,キタス
子	名詞,一般,*,*,*,*,子,コ,コ
ら	名詞,接尾,一般,*,*,*,ら,ラ,ラ
は	助詞,係助詞,*,*,*,*,は,ハ,ワ
災い	名詞,サ変接続,*,*,*,*,災い,ワザワイ,ワザワイ
だ	助動詞,*,*,*,特殊・ダ,基本形,だ,ダ,ダ
！	記号,一般,*,*,*,*,！,！,！
彼ら	名詞,代名詞,一般,*,*,*,彼ら,カレラ,カレラ
は	助詞,係助詞,*,*,*,*,は,ハ,ワ
エホバ	名詞,一般,*,*,*,*,エホバ,エホバ,エホバ
を	助詞,格助詞,一般,*,*,*,を,ヲ,ヲ
捨て	動詞,自立,*,*,一段,連用形,捨てる,ステ,ステ
，	記号,読点,*,*,*,*,，,，,，
イスラエル	名詞,固有名詞,地域,国,*,*,イスラエル,イスラエル,イスラエル
の	助詞,連体化,*,*,*,*,の,ノ,ノ
聖なる	連体詞,*,*,*,*,*,聖なる,セイナル,セイナル
方	名詞,非自立,一般,*,*,*,方,ホウ,ホー
を	助詞,格助詞,一般,*,*,*,を,ヲ,ヲ
不敬	名詞,形容動詞語幹,*,*,*,*,不敬,フケイ,フケイ
な	助動詞,*,*,*,特殊・ダ,体言接続,だ,ナ,ナ
仕方	名詞,ナイ形容詞語幹,*,*,*,*,仕方,シカタ,シカタ
で	助詞,格助詞,一般,*,*,*,で,デ,デ
扱い	動詞,自立,*,*,五段・ワ行促音便,連用形,扱う,アツカイ,アツカイ
，	記号,読点,*,*,*,*,，,，,，
[	名詞,サ変接続,*,*,*,*,*
その	連体詞,*,*,*,*,*,その,ソノ,ソノ
方	名詞,非自立,一般,*,*,*,方,ホウ,ホー
]	名詞,サ変接続,*,*,*,*,*
に	助詞,格助詞,一般,*,*,*,に,ニ,ニ
背	名詞,一般,*,*,*,*,背,セ,セ
を	助詞,格助詞,一般,*,*,*,を,ヲ,ヲ
向け	動詞,自立,*,*,一段,連用形,向ける,ムケ,ムケ
た	助動詞,*,*,*,特殊・タ,基本形,た,タ,タ
。	記号,句点,*,*,*,*,。,。,。
あなた	名詞,代名詞,一般,*,*,*,あなた,アナタ,アナタ
方	名詞,接尾,一般,*,*,*,方,カタ,カタ
は	助詞,係助詞,*,*,*,*,は,ハ,ワ
なおも	副詞,一般,*,*,*,*,なおも,ナオモ,ナオモ
反抗	名詞,サ変接続,*,*,*,*,反抗,ハンコウ,ハンコー
を	助詞,格助詞,一般,*,*,*,を,ヲ,ヲ
増し	動詞,自立,*,*,五段・サ行,連用形,増す,マシ,マシ
加える	動詞,自立,*,*,一段,基本形,加える,クワエル,クワエル
こと	名詞,非自立,一般,*,*,*,こと,コト,コト
により	助詞,格助詞,連語,*,*,*,により,ニヨリ,ニヨリ
，	記号,読点,*,*,*,*,，,，,，
この	連体詞,*,*,*,*,*,この,コノ,コノ
上	名詞,非自立,副詞可能,*,*,*,上,ウエ,ウエ
ほか	名詞,副詞可能,*,*,*,*,ほか,ホカ,ホカ
の	助詞,連体化,*,*,*,*,の,ノ,ノ
どこ	名詞,代名詞,一般,*,*,*,どこ,ドコ,ドコ
を	助詞,格助詞,一般,*,*,*,を,ヲ,ヲ
打た	動詞,自立,*,*,五段・タ行,未然形,打つ,ウタ,ウタ
れよ	動詞,接尾,*,*,一段,未然ウ接続,れる,レヨ,レヨ
う	助動詞,*,*,*,不変化型,基本形,う,ウ,ウ
と	助詞,格助詞,一般,*,*,*,と,ト,ト
する	動詞,自立,*,*,サ変・スル,基本形,する,スル,スル
の	名詞,非自立,一般,*,*,*,の,ノ,ノ
か	助詞,副助詞／並立助詞／終助詞,*,*,*,*,か,カ,カ
。	記号,句点,*,*,*,*,。,。,。
頭	名詞,一般,*,*,*,*,頭,アタマ,アタマ
は	助詞,係助詞,*,*,*,*,は,ハ,ワ
全体	名詞,副詞可能,*,*,*,*,全体,ゼンタイ,ゼンタイ
が	助詞,格助詞,一般,*,*,*,が,ガ,ガ
病ん	動詞,自立,*,*,五段・マ行,連用タ接続,病む,ヤン,ヤン
で	助詞,接続助詞,*,*,*,*,で,デ,デ
おり	動詞,非自立,*,*,五段・ラ行,連用形,おる,オリ,オリ
，	記号,読点,*,*,*,*,，,，,，
心臓	名詞,一般,*,*,*,*,心臓,シンゾウ,シンゾー
も	助詞,係助詞,*,*,*,*,も,モ,モ
全体	名詞,副詞可能,*,*,*,*,全体,ゼンタイ,ゼンタイ
が	助詞,格助詞,一般,*,*,*,が,ガ,ガ
虚弱	名詞,形容動詞語幹,*,*,*,*,虚弱,キョジャク,キョジャク
に	助詞,格助詞,一般,*,*,*,に,ニ,ニ
なっ	動詞,自立,*,*,五段・ラ行,連用タ接続,なる,ナッ,ナッ
て	助詞,接続助詞,*,*,*,*,て,テ,テ
いる	動詞,非自立,*,*,一段,基本形,いる,イル,イル
。	記号,句点,*,*,*,*,。,。,。
足	名詞,一般,*,*,*,*,足,アシ,アシ
の	助詞,連体化,*,*,*,*,の,ノ,ノ
裏	名詞,一般,*,*,*,*,裏,ウラ,ウラ
から	助詞,格助詞,一般,*,*,*,から,カラ,カラ
頭	名詞,一般,*,*,*,*,頭,アタマ,アタマ
に	助詞,格助詞,一般,*,*,*,に,ニ,ニ
至る	動詞,自立,*,*,五段・ラ行,基本形,至る,イタル,イタル
まで	助詞,副助詞,*,*,*,*,まで,マデ,マデ
，	記号,読点,*,*,*,*,，,，,，
その	連体詞,*,*,*,*,*,その,ソノ,ソノ
うち	名詞,非自立,副詞可能,*,*,*,うち,ウチ,ウチ
に	助詞,格助詞,一般,*,*,*,に,ニ,ニ
健全	名詞,形容動詞語幹,*,*,*,*,健全,ケンゼン,ケンゼン
な	助動詞,*,*,*,特殊・ダ,体言接続,だ,ナ,ナ
ところ	名詞,非自立,副詞可能,*,*,*,ところ,トコロ,トコロ
は	助詞,係助詞,*,*,*,*,は,ハ,ワ
全く	副詞,助詞類接続,*,*,*,*,全く,マッタク,マッタク
ない	形容詞,自立,*,*,形容詞・アウオ段,基本形,ない,ナイ,ナイ
。	記号,句点,*,*,*,*,。,。,。
傷	名詞,一般,*,*,*,*,傷,キズ,キズ
と	助詞,並立助詞,*,*,*,*,と,ト,ト
打ち傷	名詞,一般,*,*,*,*,打ち傷,ウチキズ,ウチキズ
と	助詞,格助詞,一般,*,*,*,と,ト,ト
生々しい	形容詞,自立,*,*,形容詞・イ段,基本形,生々しい,ナマナマシイ,ナマナマシイ
むち	名詞,一般,*,*,*,*,*
の	助詞,連体化,*,*,*,*,の,ノ,ノ
跡	名詞,一般,*,*,*,*,跡,アト,アト
―	記号,一般,*,*,*,*,―,―,―
それら	名詞,代名詞,一般,*,*,*,それら,ソレラ,ソレラ
は	助詞,係助詞,*,*,*,*,は,ハ,ワ
絞り出さ	動詞,自立,*,*,五段・サ行,未然形,絞り出す,シボリダサ,シボリダサ
れ	動詞,接尾,*,*,一段,連用形,れる,レ,レ
た	助動詞,*,*,*,特殊・タ,基本形,た,タ,タ
こと	名詞,非自立,一般,*,*,*,こと,コト,コト
も	助詞,係助詞,*,*,*,*,も,モ,モ
，	記号,読点,*,*,*,*,，,，,，
巻か	動詞,自立,*,*,五段・カ行イ音便,未然形,巻く,マカ,マカ
れ	動詞,接尾,*,*,一段,連用形,れる,レ,レ
た	助動詞,*,*,*,特殊・タ,基本形,た,タ,タ
こと	名詞,非自立,一般,*,*,*,こと,コト,コト
も	助詞,係助詞,*,*,*,*,も,モ,モ
なく	形容詞,自立,*,*,形容詞・アウオ段,連用テ接続,ない,ナク,ナク
，	記号,読点,*,*,*,*,，,，,，
油	名詞,一般,*,*,*,*,油,アブラ,アブラ
で	助詞,格助詞,一般,*,*,*,で,デ,デ
和らげ	動詞,自立,*,*,一段,未然形,和らげる,ヤワラゲ,ヤワラゲ
られ	動詞,接尾,*,*,一段,連用形,られる,ラレ,ラレ
た	助動詞,*,*,*,特殊・タ,基本形,た,タ,タ
こと	名詞,非自立,一般,*,*,*,こと,コト,コト
も	助詞,係助詞,*,*,*,*,も,モ,モ
ない	形容詞,自立,*,*,形容詞・アウオ段,基本形,ない,ナイ,ナイ
。	記号,句点,*,*,*,*,。,。,。
あなた	名詞,代名詞,一般,*,*,*,あなた,アナタ,アナタ
方	名詞,接尾,一般,*,*,*,方,カタ,カタ
の	助詞,連体化,*,*,*,*,の,ノ,ノ
地	名詞,一般,*,*,*,*,地,チ,チ
は	助詞,係助詞,*,*,*,*,は,ハ,ワ
荒廃	名詞,サ変接続,*,*,*,*,荒廃,コウハイ,コーハイ
し	動詞,自立,*,*,サ変・スル,連用形,する,シ,シ
，	記号,読点,*,*,*,*,，,，,，
あなた	名詞,代名詞,一般,*,*,*,あなた,アナタ,アナタ
方	名詞,接尾,一般,*,*,*,方,カタ,カタ
の	助詞,連体化,*,*,*,*,の,ノ,ノ
都市	名詞,一般,*,*,*,*,都市,トシ,トシ
は	助詞,係助詞,*,*,*,*,は,ハ,ワ
火	名詞,一般,*,*,*,*,火,ヒ,ヒ
で	助詞,格助詞,一般,*,*,*,で,デ,デ
焼か	動詞,自立,*,*,五段・カ行イ音便,未然形,焼く,ヤカ,ヤカ
れ	動詞,接尾,*,*,一段,連用形,れる,レ,レ
た	助動詞,*,*,*,特殊・タ,基本形,た,タ,タ
の	名詞,非自立,一般,*,*,*,の,ノ,ノ
だ	助動詞,*,*,*,特殊・ダ,基本形,だ,ダ,ダ
。	記号,句点,*,*,*,*,。,。,。
あなた	名詞,代名詞,一般,*,*,*,あなた,アナタ,アナタ
方	名詞,接尾,一般,*,*,*,方,カタ,カタ
の	助詞,連体化,*,*,*,*,の,ノ,ノ
土地	名詞,一般,*,*,*,*,土地,トチ,トチ
―	記号,一般,*,*,*,*,―,―,―
よそ者	名詞,一般,*,*,*,*,よそ者,ヨソモノ,ヨソモノ
たち	名詞,接尾,一般,*,*,*,たち,タチ,タチ
は	助詞,係助詞,*,*,*,*,は,ハ,ワ
それ	名詞,代名詞,一般,*,*,*,それ,ソレ,ソレ
を	助詞,格助詞,一般,*,*,*,を,ヲ,ヲ
あなた	名詞,代名詞,一般,*,*,*,あなた,アナタ,アナタ
方	名詞,接尾,一般,*,*,*,方,カタ,カタ
の	助詞,連体化,*,*,*,*,の,ノ,ノ
真ん前	名詞,一般,*,*,*,*,真ん前,マンマエ,マンマエ
で	助詞,格助詞,一般,*,*,*,で,デ,デ
食い	動詞,自立,*,*,五段・ワ行促音便,連用形,食う,クイ,クイ
尽くし	動詞,非自立,*,*,五段・サ行,連用形,尽くす,ツクシ,ツクシ
て	助詞,接続助詞,*,*,*,*,て,テ,テ
おり	動詞,非自立,*,*,五段・ラ行,連用形,おる,オリ,オリ
，	記号,読点,*,*,*,*,，,，,，
その	連体詞,*,*,*,*,*,その,ソノ,ソノ
荒廃	名詞,サ変接続,*,*,*,*,荒廃,コウハイ,コーハイ
は	助詞,係助詞,*,*,*,*,は,ハ,ワ
よそ者	名詞,一般,*,*,*,*,よそ者,ヨソモノ,ヨソモノ
たち	名詞,接尾,一般,*,*,*,たち,タチ,タチ
によって	助詞,格助詞,連語,*,*,*,によって,ニヨッテ,ニヨッテ
覆さ	動詞,自立,*,*,五段・サ行,未然形,覆す,クツガエサ,クツガエサ
れ	動詞,接尾,*,*,一段,連用形,れる,レ,レ
た	助動詞,*,*,*,特殊・タ,基本形,た,タ,タ
とき	名詞,非自立,副詞可能,*,*,*,とき,トキ,トキ
の	助詞,連体化,*,*,*,*,の,ノ,ノ
よう	名詞,非自立,助動詞語幹,*,*,*,よう,ヨウ,ヨー
だ	助動詞,*,*,*,特殊・ダ,基本形,だ,ダ,ダ
。	記号,句点,*,*,*,*,。,。,。
そして	接続詞,*,*,*,*,*,そして,ソシテ,ソシテ
，	記号,読点,*,*,*,*,，,，,，
シオン	名詞,一般,*,*,*,*,シオン,シオン,シオン
の	助詞,連体化,*,*,*,*,の,ノ,ノ
娘	名詞,一般,*,*,*,*,娘,ムスメ,ムスメ
は	助詞,係助詞,*,*,*,*,は,ハ,ワ
ぶどう	名詞,一般,*,*,*,*,ぶどう,ブドウ,ブドー
園	名詞,接尾,一般,*,*,*,園,エン,エン
の	助詞,連体化,*,*,*,*,の,ノ,ノ
仮	接頭詞,名詞接続,*,*,*,*,仮,カリ,カリ
小屋	名詞,一般,*,*,*,*,小屋,コヤ,コヤ
の	助詞,連体化,*,*,*,*,の,ノ,ノ
よう	名詞,非自立,助動詞語幹,*,*,*,よう,ヨウ,ヨー
に	助詞,副詞化,*,*,*,*,に,ニ,ニ
，	記号,読点,*,*,*,*,，,，,，
きゅうり	名詞,一般,*,*,*,*,きゅうり,キュウリ,キュウリ
畑	名詞,一般,*,*,*,*,畑,ハタケ,ハタケ
の	助詞,連体化,*,*,*,*,の,ノ,ノ
番小屋	名詞,一般,*,*,*,*,番小屋,バンゴヤ,バンゴヤ
の	助詞,連体化,*,*,*,*,の,ノ,ノ
よう	名詞,非自立,助動詞語幹,*,*,*,よう,ヨウ,ヨー
に	助詞,副詞化,*,*,*,*,に,ニ,ニ
，	記号,読点,*,*,*,*,，,，,，
封じ込め	動詞,自立,*,*,一段,未然形,封じ込める,フウジコメ,フージコメ
られ	動詞,接尾,*,*,一段,連用形,られる,ラレ,ラレ
た	助動詞,*,*,*,特殊・タ,基本形,た,タ,タ
都市	名詞,一般,*,*,*,*,都市,トシ,トシ
の	助詞,連体化,*,*,*,*,の,ノ,ノ
よう	名詞,非自立,助動詞語幹,*,*,*,よう,ヨウ,ヨー
に	助詞,副詞化,*,*,*,*,に,ニ,ニ
取り残さ	動詞,自立,*,*,五段・サ行,未然形,取り残す,トリノコサ,トリノコサ
れ	動詞,接尾,*,*,一段,連用形,れる,レ,レ
た	助動詞,*,*,*,特殊・タ,基本形,た,タ,タ
。	記号,句点,*,*,*,*,。,。,。
もしも	副詞,助詞類接続,*,*,*,*,もしも,モシモ,モシモ
，	記号,読点,*,*,*,*,，,，,，
万	名詞,数,*,*,*,*,万,マン,マン
軍	名詞,接尾,一般,*,*,*,軍,グン,グン
の	助詞,連体化,*,*,*,*,の,ノ,ノ
エホバ	名詞,一般,*,*,*,*,エホバ,エホバ,エホバ
ご	接頭詞,名詞接続,*,*,*,*,ご,ゴ,ゴ
自身	名詞,一般,*,*,*,*,自身,ジシン,ジシン
が	助詞,格助詞,一般,*,*,*,が,ガ,ガ
少し	副詞,助詞類接続,*,*,*,*,少し,スコシ,スコシ
の	助詞,連体化,*,*,*,*,の,ノ,ノ
生存	名詞,サ変接続,*,*,*,*,生存,セイゾン,セイゾン
者	名詞,接尾,一般,*,*,*,者,シャ,シャ
を	助詞,格助詞,一般,*,*,*,を,ヲ,ヲ
わたし	名詞,代名詞,一般,*,*,*,わたし,ワタシ,ワタシ
たち	名詞,接尾,一般,*,*,*,たち,タチ,タチ
の	助詞,連体化,*,*,*,*,の,ノ,ノ
ため	名詞,非自立,副詞可能,*,*,*,ため,タメ,タメ
に	助詞,格助詞,一般,*,*,*,に,ニ,ニ
残し	動詞,自立,*,*,五段・サ行,連用形,残す,ノコシ,ノコシ
て	助詞,接続助詞,*,*,*,*,て,テ,テ
くださら	動詞,非自立,*,*,五段・ラ行特殊,未然形,くださる,クダサラ,クダサラ
なかっ	助動詞,*,*,*,特殊・ナイ,連用タ接続,ない,ナカッ,ナカッ
た	助動詞,*,*,*,特殊・タ,基本形,た,タ,タ
なら	助動詞,*,*,*,特殊・ダ,仮定形,だ,ナラ,ナラ
，	記号,読点,*,*,*,*,，,，,，
わたし	名詞,代名詞,一般,*,*,*,わたし,ワタシ,ワタシ
たち	名詞,接尾,一般,*,*,*,たち,タチ,タチ
は	助詞,係助詞,*,*,*,*,は,ハ,ワ
まさに	副詞,一般,*,*,*,*,まさに,マサニ,マサニ
ソドム	名詞,一般,*,*,*,*,*
の	助詞,連体化,*,*,*,*,の,ノ,ノ
よう	名詞,非自立,助動詞語幹,*,*,*,よう,ヨウ,ヨー
に	助詞,格助詞,一般,*,*,*,に,ニ,ニ
なり	動詞,自立,*,*,五段・ラ行,連用形,なる,ナリ,ナリ
，	記号,読点,*,*,*,*,，,，,，
ゴモラ	名詞,固有名詞,一般,*,*,*,ゴモラ,ゴモラ,ゴモラ
に	助詞,格助詞,一般,*,*,*,に,ニ,ニ
も	助詞,係助詞,*,*,*,*,も,モ,モ
似る	動詞,自立,*,*,一段,基本形,似る,ニル,ニル
もの	名詞,非自立,一般,*,*,*,もの,モノ,モノ
と	助詞,格助詞,一般,*,*,*,と,ト,ト
なっ	動詞,自立,*,*,五段・ラ行,連用タ接続,なる,ナッ,ナッ
た	助動詞,*,*,*,特殊・タ,基本形,た,タ,タ
こと	名詞,非自立,一般,*,*,*,こと,コト,コト
で	助動詞,*,*,*,特殊・ダ,連用形,だ,デ,デ
あろ	助動詞,*,*,*,五段・ラ行アル,未然ウ接続,ある,アロ,アロ
う	助動詞,*,*,*,不変化型,基本形,う,ウ,ウ
。	記号,句点,*,*,*,*,。,。,。
ソドム	名詞,一般,*,*,*,*,*
の	助詞,連体化,*,*,*,*,の,ノ,ノ
命令	名詞,サ変接続,*,*,*,*,命令,メイレイ,メイレイ
者	名詞,接尾,一般,*,*,*,者,シャ,シャ
たち	名詞,接尾,一般,*,*,*,たち,タチ,タチ
よ	助詞,終助詞,*,*,*,*,よ,ヨ,ヨ
，	記号,読点,*,*,*,*,，,，,，
エホバ	名詞,一般,*,*,*,*,エホバ,エホバ,エホバ
の	助詞,連体化,*,*,*,*,の,ノ,ノ
言葉	名詞,一般,*,*,*,*,言葉,コトバ,コトバ
を	助詞,格助詞,一般,*,*,*,を,ヲ,ヲ
聞け	動詞,自立,*,*,五段・カ行イ音便,命令ｅ,聞く,キケ,キケ
。	記号,句点,*,*,*,*,。,。,。
ゴモラ	名詞,固有名詞,一般,*,*,*,ゴモラ,ゴモラ,ゴモラ
の	助詞,連体化,*,*,*,*,の,ノ,ノ
民	名詞,一般,*,*,*,*,民,ミン,ミン
よ	助詞,終助詞,*,*,*,*,よ,ヨ,ヨ
，	記号,読点,*,*,*,*,，,，,，
わたし	名詞,代名詞,一般,*,*,*,わたし,ワタシ,ワタシ
たち	名詞,接尾,一般,*,*,*,たち,タチ,タチ
の	助詞,連体化,*,*,*,*,の,ノ,ノ
神	名詞,一般,*,*,*,*,神,カミ,カミ
の	助詞,連体化,*,*,*,*,の,ノ,ノ
律	名詞,一般,*,*,*,*,律,リツ,リツ
法	名詞,接尾,一般,*,*,*,法,ホウ,ホー
に	助詞,格助詞,一般,*,*,*,に,ニ,ニ
耳	名詞,一般,*,*,*,*,耳,ミミ,ミミ
を	助詞,格助詞,一般,*,*,*,を,ヲ,ヲ
向け	動詞,自立,*,*,一段,連用形,向ける,ムケ,ムケ
よ	助詞,終助詞,*,*,*,*,よ,ヨ,ヨ
。	記号,句点,*,*,*,*,。,。,。
「	記号,括弧開,*,*,*,*,「,「,「
あなた	名詞,代名詞,一般,*,*,*,あなた,アナタ,アナタ
方	名詞,接尾,一般,*,*,*,方,カタ,カタ
の	助詞,連体化,*,*,*,*,の,ノ,ノ
多く	名詞,副詞可能,*,*,*,*,多く,オオク,オーク
の	助詞,連体化,*,*,*,*,の,ノ,ノ
犠牲	名詞,一般,*,*,*,*,犠牲,ギセイ,ギセイ
は	助詞,係助詞,*,*,*,*,は,ハ,ワ
，	記号,読点,*,*,*,*,，,，,，
わたし	名詞,代名詞,一般,*,*,*,わたし,ワタシ,ワタシ
に	助詞,格助詞,一般,*,*,*,に,ニ,ニ
何	名詞,代名詞,一般,*,*,*,何,ナニ,ナニ
の	助詞,連体化,*,*,*,*,の,ノ,ノ
益	名詞,サ変接続,*,*,*,*,益,エキ,エキ
に	助詞,格助詞,一般,*,*,*,に,ニ,ニ
なろ	動詞,自立,*,*,五段・ラ行,未然ウ接続,なる,ナロ,ナロ
う	助動詞,*,*,*,不変化型,基本形,う,ウ,ウ
」	記号,括弧閉,*,*,*,*,」,」,」
と	助詞,格助詞,引用,*,*,*,と,ト,ト
，	記号,読点,*,*,*,*,，,，,，
エホバ	名詞,一般,*,*,*,*,エホバ,エホバ,エホバ
は	助詞,係助詞,*,*,*,*,は,ハ,ワ
言わ	動詞,自立,*,*,五段・ワ行促音便,未然形,言う,イワ,イワ
れる	動詞,接尾,*,*,一段,基本形,れる,レル,レル
。	記号,句点,*,*,*,*,。,。,。
「	記号,括弧開,*,*,*,*,「,「,「
雄	名詞,一般,*,*,*,*,雄,ユウ,ユー
羊	名詞,一般,*,*,*,*,羊,ヒツジ,ヒツジ
の	助詞,連体化,*,*,*,*,の,ノ,ノ
全焼	名詞,サ変接続,*,*,*,*,全焼,ゼンショウ,ゼンショー
燔	名詞,一般,*,*,*,*,*
の	助詞,連体化,*,*,*,*,の,ノ,ノ
捧げ	動詞,自立,*,*,一段,連用形,捧げる,ササゲ,ササゲ
物	名詞,接尾,一般,*,*,*,物,ブツ,ブツ
や	助詞,並立助詞,*,*,*,*,や,ヤ,ヤ
肥え	動詞,自立,*,*,一段,連用形,肥える,コエ,コエ
太ら	動詞,自立,*,*,五段・ラ行,未然形,太る,フトラ,フトラ
せ	動詞,接尾,*,*,一段,連用形,せる,セ,セ
た	助動詞,*,*,*,特殊・タ,基本形,た,タ,タ
動物	名詞,一般,*,*,*,*,動物,ドウブツ,ドーブツ
の	助詞,連体化,*,*,*,*,の,ノ,ノ
脂	名詞,一般,*,*,*,*,脂,アブラ,アブラ
は	助詞,係助詞,*,*,*,*,は,ハ,ワ
もう	副詞,一般,*,*,*,*,もう,モウ,モー
沢山	名詞,一般,*,*,*,*,沢山,タクサン,タクサン
だ	助動詞,*,*,*,特殊・ダ,基本形,だ,ダ,ダ
。	記号,句点,*,*,*,*,。,。,。
わたし	名詞,代名詞,一般,*,*,*,わたし,ワタシ,ワタシ
は	助詞,係助詞,*,*,*,*,は,ハ,ワ
若い	形容詞,自立,*,*,形容詞・アウオ段,基本形,若い,ワカイ,ワカイ
雄	接頭詞,名詞接続,*,*,*,*,雄,オ,オ
牛	名詞,一般,*,*,*,*,牛,ウシ,ウシ
や	助詞,並立助詞,*,*,*,*,や,ヤ,ヤ
雄	名詞,一般,*,*,*,*,雄,ユウ,ユー
の	助詞,連体化,*,*,*,*,の,ノ,ノ
子羊	名詞,一般,*,*,*,*,子羊,コヒツジ,コヒツジ
や	助詞,並立助詞,*,*,*,*,や,ヤ,ヤ
雄	接頭詞,名詞接続,*,*,*,*,雄,オ,オ
やぎ	名詞,一般,*,*,*,*,やぎ,ヤギ,ヤギ
の	助詞,連体化,*,*,*,*,の,ノ,ノ
血	名詞,一般,*,*,*,*,血,チ,チ
を	助詞,格助詞,一般,*,*,*,を,ヲ,ヲ
喜ば	動詞,自立,*,*,五段・バ行,未然形,喜ぶ,ヨロコバ,ヨロコバ
なかっ	助動詞,*,*,*,特殊・ナイ,連用タ接続,ない,ナカッ,ナカッ
た	助動詞,*,*,*,特殊・タ,基本形,た,タ,タ
。	記号,句点,*,*,*,*,。,。,。
あなた	名詞,代名詞,一般,*,*,*,あなた,アナタ,アナタ
方	名詞,接尾,一般,*,*,*,方,カタ,カタ
が	助詞,格助詞,一般,*,*,*,が,ガ,ガ
わたし	名詞,代名詞,一般,*,*,*,わたし,ワタシ,ワタシ
の	助詞,連体化,*,*,*,*,の,ノ,ノ
顔	名詞,一般,*,*,*,*,顔,カオ,カオ
を	助詞,格助詞,一般,*,*,*,を,ヲ,ヲ
見る	動詞,自立,*,*,一段,基本形,見る,ミル,ミル
ため	名詞,非自立,副詞可能,*,*,*,ため,タメ,タメ
に	助詞,格助詞,一般,*,*,*,に,ニ,ニ
次々	副詞,助詞類接続,*,*,*,*,次々,ツギツギ,ツギツギ
と	助詞,副詞化,*,*,*,*,と,ト,ト
入っ	動詞,自立,*,*,五段・ラ行,連用タ接続,入る,ハイッ,ハイッ
て	助詞,接続助詞,*,*,*,*,て,テ,テ
来る	動詞,非自立,*,*,カ変・来ル,基本形,来る,クル,クル
とき	名詞,非自立,副詞可能,*,*,*,とき,トキ,トキ
，	記号,読点,*,*,*,*,，,，,，
あなた	名詞,代名詞,一般,*,*,*,あなた,アナタ,アナタ
方	名詞,接尾,一般,*,*,*,方,カタ,カタ
の	助詞,連体化,*,*,*,*,の,ノ,ノ
手	名詞,一般,*,*,*,*,手,テ,テ
に	助詞,格助詞,一般,*,*,*,に,ニ,ニ
この	連体詞,*,*,*,*,*,この,コノ,コノ
こと	名詞,非自立,一般,*,*,*,こと,コト,コト
を	助詞,格助詞,一般,*,*,*,を,ヲ,ヲ
，	記号,読点,*,*,*,*,，,，,，
わたし	名詞,代名詞,一般,*,*,*,わたし,ワタシ,ワタシ
の	助詞,連体化,*,*,*,*,の,ノ,ノ
中庭	名詞,一般,*,*,*,*,中庭,ナカニワ,ナカニワ
を	助詞,格助詞,一般,*,*,*,を,ヲ,ヲ
踏みにじる	動詞,自立,*,*,五段・ラ行,基本形,踏みにじる,フミニジル,フミニジル
こと	名詞,非自立,一般,*,*,*,こと,コト,コト
を	助詞,格助詞,一般,*,*,*,を,ヲ,ヲ
要求	名詞,サ変接続,*,*,*,*,要求,ヨウキュウ,ヨーキュー
し	動詞,自立,*,*,サ変・スル,連用形,する,シ,シ
た	助動詞,*,*,*,特殊・タ,基本形,た,タ,タ
の	名詞,非自立,一般,*,*,*,の,ノ,ノ
は	助詞,係助詞,*,*,*,*,は,ハ,ワ
だれ	名詞,代名詞,一般,*,*,*,だれ,ダレ,ダレ
か	助詞,副助詞／並立助詞／終助詞,*,*,*,*,か,カ,カ
。	記号,句点,*,*,*,*,。,。,。
無	接頭詞,名詞接続,*,*,*,*,無,ム,ム
価値	名詞,一般,*,*,*,*,価値,カチ,カチ
な	助動詞,*,*,*,特殊・ダ,体言接続,だ,ナ,ナ
穀物	名詞,一般,*,*,*,*,穀物,コクモツ,コクモツ
の	助詞,連体化,*,*,*,*,の,ノ,ノ
捧げ	動詞,自立,*,*,一段,連用形,捧げる,ササゲ,ササゲ
物	名詞,接尾,一般,*,*,*,物,ブツ,ブツ
を	助詞,格助詞,一般,*,*,*,を,ヲ,ヲ
これ	名詞,代名詞,一般,*,*,*,これ,コレ,コレ
以上	名詞,非自立,副詞可能,*,*,*,以上,イジョウ,イジョー
持っ	動詞,自立,*,*,五段・タ行,連用タ接続,持つ,モッ,モッ
て	助詞,接続助詞,*,*,*,*,て,テ,テ
来る	動詞,非自立,*,*,カ変・来ル,基本形,来る,クル,クル
の	名詞,非自立,一般,*,*,*,の,ノ,ノ
は	助詞,係助詞,*,*,*,*,は,ハ,ワ
やめ	動詞,自立,*,*,一段,連用形,やめる,ヤメ,ヤメ
よ	助詞,終助詞,*,*,*,*,よ,ヨ,ヨ
。	記号,句点,*,*,*,*,。,。,。
香	名詞,一般,*,*,*,*,香,コウ,コー
―	記号,一般,*,*,*,*,―,―,―
それ	名詞,代名詞,一般,*,*,*,それ,ソレ,ソレ
は	助詞,係助詞,*,*,*,*,は,ハ,ワ
わたし	名詞,代名詞,一般,*,*,*,わたし,ワタシ,ワタシ
の	助詞,格助詞,一般,*,*,*,の,ノ,ノ
忌む	動詞,自立,*,*,五段・マ行,基本形,忌む,イム,イム
べき	助動詞,*,*,*,文語・ベシ,体言接続,べし,ベキ,ベキ
もの	名詞,非自立,一般,*,*,*,もの,モノ,モノ
で	助動詞,*,*,*,特殊・ダ,連用形,だ,デ,デ
ある	助動詞,*,*,*,五段・ラ行アル,基本形,ある,アル,アル
。	記号,句点,*,*,*,*,。,。,。
新月	名詞,一般,*,*,*,*,新月,シンゲツ,シンゲツ
と	助詞,並立助詞,*,*,*,*,と,ト,ト
安息日	名詞,一般,*,*,*,*,安息日,アンソクビ,アンソクビ
，	記号,読点,*,*,*,*,，,，,，
大会	名詞,一般,*,*,*,*,大会,タイカイ,タイカイ
の	助詞,連体化,*,*,*,*,の,ノ,ノ
召集	名詞,サ変接続,*,*,*,*,召集,ショウシュウ,ショーシュー
―	記号,一般,*,*,*,*,―,―,―
聖	名詞,固有名詞,人名,名,*,*,聖,キヨシ,キヨシ
会	名詞,接尾,一般,*,*,*,会,カイ,カイ
と共に	助詞,格助詞,連語,*,*,*,と共に,トトモニ,トトモニ
怪異	名詞,形容動詞語幹,*,*,*,*,怪異,カイイ,カイイ
な	助動詞,*,*,*,特殊・ダ,体言接続,だ,ナ,ナ
力	名詞,一般,*,*,*,*,力,チカラ,チカラ
[	名詞,サ変接続,*,*,*,*,*
を	助詞,格助詞,一般,*,*,*,を,ヲ,ヲ
借りる	動詞,自立,*,*,一段,基本形,借りる,カリル,カリル
こと	名詞,非自立,一般,*,*,*,こと,コト,コト
]	名詞,サ変接続,*,*,*,*,*
に	助詞,格助詞,一般,*,*,*,に,ニ,ニ
わたし	名詞,代名詞,一般,*,*,*,わたし,ワタシ,ワタシ
は	助詞,係助詞,*,*,*,*,は,ハ,ワ
我慢	名詞,サ変接続,*,*,*,*,我慢,ガマン,ガマン
でき	動詞,自立,*,*,一段,未然形,できる,デキ,デキ
ない	助動詞,*,*,*,特殊・ナイ,基本形,ない,ナイ,ナイ
。	記号,句点,*,*,*,*,。,。,。
わたし	名詞,代名詞,一般,*,*,*,わたし,ワタシ,ワタシ
の	助詞,連体化,*,*,*,*,の,ノ,ノ
魂	名詞,一般,*,*,*,*,魂,タマシイ,タマシー
は	助詞,係助詞,*,*,*,*,は,ハ,ワ
あなた	名詞,代名詞,一般,*,*,*,あなた,アナタ,アナタ
方	名詞,接尾,一般,*,*,*,方,カタ,カタ
の	助詞,連体化,*,*,*,*,の,ノ,ノ
新月	名詞,一般,*,*,*,*,新月,シンゲツ,シンゲツ
と	助詞,並立助詞,*,*,*,*,と,ト,ト
あなた	名詞,代名詞,一般,*,*,*,あなた,アナタ,アナタ
方	名詞,接尾,一般,*,*,*,方,カタ,カタ
の	助詞,連体化,*,*,*,*,の,ノ,ノ
祭り	名詞,一般,*,*,*,*,祭り,マツリ,マツリ
の	助詞,連体化,*,*,*,*,の,ノ,ノ
時節	名詞,一般,*,*,*,*,時節,ジセツ,ジセツ
を	助詞,格助詞,一般,*,*,*,を,ヲ,ヲ
憎ん	動詞,自立,*,*,五段・マ行,連用タ接続,憎む,ニクン,ニクン
だ	助動詞,*,*,*,特殊・タ,基本形,だ,ダ,ダ
。	記号,句点,*,*,*,*,。,。,。
わたし	名詞,代名詞,一般,*,*,*,わたし,ワタシ,ワタシ
にとって	助詞,格助詞,連語,*,*,*,にとって,ニトッテ,ニトッテ
それ	名詞,代名詞,一般,*,*,*,それ,ソレ,ソレ
は	助詞,係助詞,*,*,*,*,は,ハ,ワ
重荷	名詞,一般,*,*,*,*,重荷,オモニ,オモニ
と	助詞,格助詞,一般,*,*,*,と,ト,ト
なっ	動詞,自立,*,*,五段・ラ行,連用タ接続,なる,ナッ,ナッ
た	助動詞,*,*,*,特殊・タ,基本形,た,タ,タ
。	記号,句点,*,*,*,*,。,。,。
わたし	名詞,代名詞,一般,*,*,*,わたし,ワタシ,ワタシ
は	助詞,係助詞,*,*,*,*,は,ハ,ワ
[	名詞,サ変接続,*,*,*,*,*
それ	名詞,代名詞,一般,*,*,*,それ,ソレ,ソレ
を	助詞,格助詞,一般,*,*,*,を,ヲ,ヲ
]	名詞,サ変接続,*,*,*,*,*
負う	動詞,自立,*,*,五段・ワ行促音便,基本形,負う,オウ,オウ
こと	名詞,非自立,一般,*,*,*,こと,コト,コト
に	助詞,格助詞,一般,*,*,*,に,ニ,ニ
飽き	動詞,自立,*,*,一段,連用形,飽きる,アキ,アキ
た	助動詞,*,*,*,特殊・タ,基本形,た,タ,タ
。	記号,句点,*,*,*,*,。,。,。
あなた	名詞,代名詞,一般,*,*,*,あなた,アナタ,アナタ
方	名詞,接尾,一般,*,*,*,方,カタ,カタ
が	助詞,格助詞,一般,*,*,*,が,ガ,ガ
たなご	名詞,一般,*,*,*,*,たなご,タナゴ,タナゴ
ころ	名詞,非自立,副詞可能,*,*,*,ころ,コロ,コロ
を	助詞,格助詞,一般,*,*,*,を,ヲ,ヲ
伸べる	動詞,自立,*,*,一段,基本形,伸べる,ノベル,ノベル
とき	名詞,非自立,副詞可能,*,*,*,とき,トキ,トキ
，	記号,読点,*,*,*,*,，,，,，
わたし	名詞,代名詞,一般,*,*,*,わたし,ワタシ,ワタシ
は	助詞,係助詞,*,*,*,*,は,ハ,ワ
あなた	名詞,代名詞,一般,*,*,*,あなた,アナタ,アナタ
方	名詞,接尾,一般,*,*,*,方,カタ,カタ
から	助詞,格助詞,一般,*,*,*,から,カラ,カラ
目	名詞,一般,*,*,*,*,目,メ,メ
を	助詞,格助詞,一般,*,*,*,を,ヲ,ヲ
隠す	動詞,自立,*,*,五段・サ行,基本形,隠す,カクス,カクス
。	記号,句点,*,*,*,*,。,。,。
たとえ	副詞,一般,*,*,*,*,たとえ,タトエ,タトエ
あなた	名詞,代名詞,一般,*,*,*,あなた,アナタ,アナタ
方	名詞,接尾,一般,*,*,*,方,カタ,カタ
が	助詞,格助詞,一般,*,*,*,が,ガ,ガ
多く	名詞,副詞可能,*,*,*,*,多く,オオク,オーク
の	助詞,連体化,*,*,*,*,の,ノ,ノ
祈り	名詞,一般,*,*,*,*,祈り,イノリ,イノリ
を	助詞,格助詞,一般,*,*,*,を,ヲ,ヲ
しよ	動詞,自立,*,*,サ変・スル,未然ウ接続,する,シヨ,シヨ
う	助動詞,*,*,*,不変化型,基本形,う,ウ,ウ
とも	助詞,接続助詞,*,*,*,*,とも,トモ,トモ
，	記号,読点,*,*,*,*,，,，,，
わたし	名詞,代名詞,一般,*,*,*,わたし,ワタシ,ワタシ
は	助詞,係助詞,*,*,*,*,は,ハ,ワ
聴い	動詞,自立,*,*,五段・カ行イ音便,連用タ接続,聴く,キイ,キイ
て	助詞,接続助詞,*,*,*,*,て,テ,テ
は	助詞,係助詞,*,*,*,*,は,ハ,ワ
い	動詞,自立,*,*,一段,未然形,いる,イ,イ
ない	助動詞,*,*,*,特殊・ナイ,基本形,ない,ナイ,ナイ
。	記号,句点,*,*,*,*,。,。,。
あなた	名詞,代名詞,一般,*,*,*,あなた,アナタ,アナタ
方	名詞,接尾,一般,*,*,*,方,カタ,カタ
の	助詞,連体化,*,*,*,*,の,ノ,ノ
その	連体詞,*,*,*,*,*,その,ソノ,ソノ
手	名詞,一般,*,*,*,*,手,テ,テ
は	助詞,係助詞,*,*,*,*,は,ハ,ワ
流血	名詞,一般,*,*,*,*,流血,リュウケツ,リューケツ
で	助詞,格助詞,一般,*,*,*,で,デ,デ
満ち	動詞,自立,*,*,一段,連用形,満ちる,ミチ,ミチ
て	助詞,接続助詞,*,*,*,*,て,テ,テ
いる	動詞,非自立,*,*,一段,基本形,いる,イル,イル
。	記号,句点,*,*,*,*,。,。,。
身	名詞,一般,*,*,*,*,身,ミ,ミ
を	助詞,格助詞,一般,*,*,*,を,ヲ,ヲ
洗い	動詞,自立,*,*,五段・ワ行促音便,連用形,洗う,アライ,アライ
，	記号,読点,*,*,*,*,，,，,，
身	名詞,一般,*,*,*,*,身,ミ,ミ
を	助詞,格助詞,一般,*,*,*,を,ヲ,ヲ
清め	動詞,自立,*,*,一段,連用形,清める,キヨメ,キヨメ
，	記号,読点,*,*,*,*,，,，,，
わたし	名詞,代名詞,一般,*,*,*,わたし,ワタシ,ワタシ
の	助詞,連体化,*,*,*,*,の,ノ,ノ
目	名詞,一般,*,*,*,*,目,メ,メ
の	助詞,連体化,*,*,*,*,の,ノ,ノ
前	名詞,副詞可能,*,*,*,*,前,マエ,マエ
から	助詞,格助詞,一般,*,*,*,から,カラ,カラ
あなた	名詞,代名詞,一般,*,*,*,あなた,アナタ,アナタ
方	名詞,接尾,一般,*,*,*,方,カタ,カタ
の	助詞,連体化,*,*,*,*,の,ノ,ノ
行ない	動詞,自立,*,*,五段・ワ行促音便,連用形,行なう,オコナイ,オコナイ
の	助詞,連体化,*,*,*,*,の,ノ,ノ
悪	名詞,一般,*,*,*,*,悪,アク,アク
を	助詞,格助詞,一般,*,*,*,を,ヲ,ヲ
除け	動詞,自立,*,*,五段・カ行イ音便,命令ｅ,除く,ノゾケ,ノゾケ
。	記号,句点,*,*,*,*,。,。,。
悪	名詞,一般,*,*,*,*,悪,アク,アク
を	助詞,格助詞,一般,*,*,*,を,ヲ,ヲ
行なう	動詞,自立,*,*,五段・ワ行促音便,基本形,行なう,オコナウ,オコナウ
こと	名詞,非自立,一般,*,*,*,こと,コト,コト
を	助詞,格助詞,一般,*,*,*,を,ヲ,ヲ
やめ	動詞,自立,*,*,一段,連用形,やめる,ヤメ,ヤメ
よ	助詞,終助詞,*,*,*,*,よ,ヨ,ヨ
。	記号,句点,*,*,*,*,。,。,。
善	名詞,一般,*,*,*,*,善,ゼン,ゼン
を	助詞,格助詞,一般,*,*,*,を,ヲ,ヲ
行なう	動詞,自立,*,*,五段・ワ行促音便,基本形,行なう,オコナウ,オコナウ
こと	名詞,非自立,一般,*,*,*,こと,コト,コト
を	助詞,格助詞,一般,*,*,*,を,ヲ,ヲ
学び	動詞,自立,*,*,五段・バ行,連用形,学ぶ,マナビ,マナビ
，	記号,読点,*,*,*,*,，,，,，
公正	名詞,形容動詞語幹,*,*,*,*,公正,コウセイ,コーセイ
を	助詞,格助詞,一般,*,*,*,を,ヲ,ヲ
尋ね	動詞,自立,*,*,一段,連用形,尋ねる,タズネ,タズネ
求め	動詞,自立,*,*,一段,連用形,求める,モトメ,モトメ
，	記号,読点,*,*,*,*,，,，,，
虐げる	動詞,自立,*,*,一段,基本形,虐げる,シイタゲル,シータゲル
者	名詞,非自立,一般,*,*,*,者,モノ,モノ
を	助詞,格助詞,一般,*,*,*,を,ヲ,ヲ
正し	動詞,自立,*,*,五段・サ行,連用形,正す,タダシ,タダシ
，	記号,読点,*,*,*,*,，,，,，
父	名詞,一般,*,*,*,*,父,チチ,チチ
なし	形容詞,自立,*,*,形容詞・アウオ段,文語基本形,ない,ナシ,ナシ
子	名詞,一般,*,*,*,*,子,コ,コ
の	助詞,連体化,*,*,*,*,の,ノ,ノ
ため	名詞,非自立,副詞可能,*,*,*,ため,タメ,タメ
に	助詞,格助詞,一般,*,*,*,に,ニ,ニ
裁き	名詞,一般,*,*,*,*,裁き,サバキ,サバキ
を	助詞,格助詞,一般,*,*,*,を,ヲ,ヲ
行ない	動詞,自立,*,*,五段・ワ行促音便,連用形,行なう,オコナイ,オコナイ
，	記号,読点,*,*,*,*,，,，,，
やもめ	名詞,一般,*,*,*,*,やもめ,ヤモメ,ヤモメ
の	助詞,連体化,*,*,*,*,の,ノ,ノ
言い分	名詞,一般,*,*,*,*,言い分,イイブン,イーブン
を	助詞,格助詞,一般,*,*,*,を,ヲ,ヲ
弁護	名詞,サ変接続,*,*,*,*,弁護,ベンゴ,ベンゴ
せよ	動詞,自立,*,*,サ変・スル,命令ｙｏ,する,セヨ,セヨ
」	記号,括弧閉,*,*,*,*,」,」,」
。	記号,句点,*,*,*,*,。,。,。
「	記号,括弧開,*,*,*,*,「,「,「
さあ	感動詞,*,*,*,*,*,さあ,サア,サー
，	記号,読点,*,*,*,*,，,，,，
来る	動詞,自立,*,*,カ変・来ル,基本形,来る,クル,クル
が	助詞,接続助詞,*,*,*,*,が,ガ,ガ
よい	形容詞,自立,*,*,形容詞・アウオ段,基本形,よい,ヨイ,ヨイ
。	記号,句点,*,*,*,*,。,。,。
わたし	名詞,代名詞,一般,*,*,*,わたし,ワタシ,ワタシ
たち	名詞,接尾,一般,*,*,*,たち,タチ,タチ
の	助詞,連体化,*,*,*,*,の,ノ,ノ
間	名詞,一般,*,*,*,*,間,マ,マ
で	助詞,格助詞,一般,*,*,*,で,デ,デ
事	名詞,一般,*,*,*,*,事,コト,コト
を	助詞,格助詞,一般,*,*,*,を,ヲ,ヲ
正そ	動詞,自立,*,*,五段・サ行,未然ウ接続,正す,タダソ,タダソ
う	助動詞,*,*,*,不変化型,基本形,う,ウ,ウ
」	記号,括弧閉,*,*,*,*,」,」,」
と	助詞,格助詞,引用,*,*,*,と,ト,ト
，	記号,読点,*,*,*,*,，,，,，
エホバ	名詞,一般,*,*,*,*,エホバ,エホバ,エホバ
は	助詞,係助詞,*,*,*,*,は,ハ,ワ
言わ	動詞,自立,*,*,五段・ワ行促音便,未然形,言う,イワ,イワ
れる	動詞,接尾,*,*,一段,基本形,れる,レル,レル
。	記号,句点,*,*,*,*,。,。,。
「	記号,括弧開,*,*,*,*,「,「,「
たとえ	副詞,一般,*,*,*,*,たとえ,タトエ,タトエ
あなた	名詞,代名詞,一般,*,*,*,あなた,アナタ,アナタ
方	名詞,接尾,一般,*,*,*,方,カタ,カタ
の	助詞,連体化,*,*,*,*,の,ノ,ノ
罪	名詞,一般,*,*,*,*,罪,ツミ,ツミ
が	助詞,格助詞,一般,*,*,*,が,ガ,ガ
緋	名詞,一般,*,*,*,*,緋,ヒ,ヒ
の	助詞,連体化,*,*,*,*,の,ノ,ノ
よう	名詞,非自立,助動詞語幹,*,*,*,よう,ヨウ,ヨー
で	助動詞,*,*,*,特殊・ダ,連用形,だ,デ,デ
あっ	助動詞,*,*,*,五段・ラ行アル,連用タ接続,ある,アッ,アッ
て	助詞,接続助詞,*,*,*,*,て,テ,テ
も	助詞,係助詞,*,*,*,*,も,モ,モ
，	記号,読点,*,*,*,*,，,，,，
それ	名詞,代名詞,一般,*,*,*,それ,ソレ,ソレ
は	助詞,係助詞,*,*,*,*,は,ハ,ワ
まさに	副詞,一般,*,*,*,*,まさに,マサニ,マサニ
雪	名詞,一般,*,*,*,*,雪,ユキ,ユキ
の	助詞,連体化,*,*,*,*,の,ノ,ノ
よう	名詞,非自立,助動詞語幹,*,*,*,よう,ヨウ,ヨー
に	助詞,副詞化,*,*,*,*,に,ニ,ニ
白く	形容詞,自立,*,*,形容詞・アウオ段,連用テ接続,白い,シロク,シロク
さ	動詞,自立,*,*,サ変・スル,未然レル接続,する,サ,サ
れ	動詞,接尾,*,*,一段,連用形,れる,レ,レ
，	記号,読点,*,*,*,*,，,，,，
たとえ	副詞,一般,*,*,*,*,たとえ,タトエ,タトエ
紅	名詞,一般,*,*,*,*,紅,ベニ,ベニ
の	助詞,連体化,*,*,*,*,の,ノ,ノ
布	名詞,一般,*,*,*,*,布,ヌノ,ヌノ
の	助詞,連体化,*,*,*,*,の,ノ,ノ
よう	名詞,非自立,助動詞語幹,*,*,*,よう,ヨウ,ヨー
に	助詞,副詞化,*,*,*,*,に,ニ,ニ
赤く	形容詞,自立,*,*,形容詞・アウオ段,連用テ接続,赤い,アカク,アカク
て	助詞,接続助詞,*,*,*,*,て,テ,テ
も	助詞,係助詞,*,*,*,*,も,モ,モ
，	記号,読点,*,*,*,*,，,，,，
まさに	副詞,一般,*,*,*,*,まさに,マサニ,マサニ
羊毛	名詞,一般,*,*,*,*,羊毛,ヨウモウ,ヨーモー
の	助詞,連体化,*,*,*,*,の,ノ,ノ
よう	名詞,非自立,助動詞語幹,*,*,*,よう,ヨウ,ヨー
に	助詞,格助詞,一般,*,*,*,に,ニ,ニ
なる	動詞,自立,*,*,五段・ラ行,基本形,なる,ナル,ナル
。	記号,句点,*,*,*,*,。,。,。
あなた	名詞,代名詞,一般,*,*,*,あなた,アナタ,アナタ
方	名詞,接尾,一般,*,*,*,方,カタ,カタ
が	助詞,格助詞,一般,*,*,*,が,ガ,ガ
その	連体詞,*,*,*,*,*,その,ソノ,ソノ
気	名詞,非自立,一般,*,*,*,気,キ,キ
に	助詞,格助詞,一般,*,*,*,に,ニ,ニ
なり	動詞,自立,*,*,五段・ラ行,連用形,なる,ナリ,ナリ
，	記号,読点,*,*,*,*,，,，,，
本当に	副詞,一般,*,*,*,*,本当に,ホントウニ,ホントーニ
聴く	動詞,自立,*,*,五段・カ行イ音便,基本形,聴く,キク,キク
なら	助動詞,*,*,*,特殊・ダ,仮定形,だ,ナラ,ナラ
，	記号,読点,*,*,*,*,，,，,，
この	連体詞,*,*,*,*,*,この,コノ,コノ
地	名詞,一般,*,*,*,*,地,チ,チ
の	助詞,格助詞,一般,*,*,*,の,ノ,ノ
良い	形容詞,自立,*,*,形容詞・アウオ段,基本形,良い,ヨイ,ヨイ
もの	名詞,非自立,一般,*,*,*,もの,モノ,モノ
を	助詞,格助詞,一般,*,*,*,を,ヲ,ヲ
あなた	名詞,代名詞,一般,*,*,*,あなた,アナタ,アナタ
方	名詞,接尾,一般,*,*,*,方,カタ,カタ
は	助詞,係助詞,*,*,*,*,は,ハ,ワ
食べる	動詞,自立,*,*,一段,基本形,食べる,タベル,タベル
で	助動詞,*,*,*,特殊・ダ,連用形,だ,デ,デ
あろ	助動詞,*,*,*,五段・ラ行アル,未然ウ接続,ある,アロ,アロ
う	助動詞,*,*,*,不変化型,基本形,う,ウ,ウ
。	記号,句点,*,*,*,*,。,。,。
しかし	接続詞,*,*,*,*,*,しかし,シカシ,シカシ
，	記号,読点,*,*,*,*,，,，,，
あなた	名詞,代名詞,一般,*,*,*,あなた,アナタ,アナタ
方	名詞,接尾,一般,*,*,*,方,カタ,カタ
が	助詞,格助詞,一般,*,*,*,が,ガ,ガ
拒み	動詞,自立,*,*,五段・マ行,連用形,拒む,コバミ,コバミ
，	記号,読点,*,*,*,*,，,，,，
実際	副詞,助詞類接続,*,*,*,*,実際,ジッサイ,ジッサイ
に	助詞,副詞化,*,*,*,*,に,ニ,ニ
反抗	名詞,サ変接続,*,*,*,*,反抗,ハンコウ,ハンコー
的	名詞,接尾,形容動詞語幹,*,*,*,的,テキ,テキ
に	助詞,副詞化,*,*,*,*,に,ニ,ニ
なる	動詞,自立,*,*,五段・ラ行,基本形,なる,ナル,ナル
なら	助動詞,*,*,*,特殊・ダ,仮定形,だ,ナラ,ナラ
，	記号,読点,*,*,*,*,，,，,，
あなた	名詞,代名詞,一般,*,*,*,あなた,アナタ,アナタ
方	名詞,接尾,一般,*,*,*,方,カタ,カタ
は	助詞,係助詞,*,*,*,*,は,ハ,ワ
剣	名詞,一般,*,*,*,*,剣,ケン,ケン
で	助詞,格助詞,一般,*,*,*,で,デ,デ
食い	動詞,自立,*,*,五段・ワ行促音便,連用形,食う,クイ,クイ
尽くさ	動詞,自立,*,*,五段・サ行,未然形,尽くす,ツクサ,ツクサ
れる	動詞,接尾,*,*,一段,基本形,れる,レル,レル
。	記号,句点,*,*,*,*,。,。,。
エホバ	名詞,一般,*,*,*,*,エホバ,エホバ,エホバ
の	助詞,連体化,*,*,*,*,の,ノ,ノ
口	名詞,一般,*,*,*,*,口,クチ,クチ
が	助詞,格助詞,一般,*,*,*,が,ガ,ガ
[	名詞,サ変接続,*,*,*,*,*
これ	名詞,代名詞,一般,*,*,*,これ,コレ,コレ
を	助詞,格助詞,一般,*,*,*,を,ヲ,ヲ
]	名詞,サ変接続,*,*,*,*,*
語っ	動詞,自立,*,*,五段・ラ行,連用タ接続,語る,カタッ,カタッ
た	助動詞,*,*,*,特殊・タ,基本形,た,タ,タ
から	助詞,接続助詞,*,*,*,*,から,カラ,カラ
で	助動詞,*,*,*,特殊・ダ,連用形,だ,デ,デ
ある	助動詞,*,*,*,五段・ラ行アル,基本形,ある,アル,アル
」	記号,括弧閉,*,*,*,*,」,」,」
。	記号,句点,*,*,*,*,。,。,。
忠実	名詞,形容動詞語幹,*,*,*,*,忠実,チュウジツ,チュージツ
な	助動詞,*,*,*,特殊・ダ,体言接続,だ,ナ,ナ
町	名詞,一般,*,*,*,*,町,マチ,マチ
が	助詞,格助詞,一般,*,*,*,が,ガ,ガ
何	名詞,代名詞,一般,*,*,*,何,ナニ,ナニ
と	助詞,格助詞,一般,*,*,*,と,ト,ト
売春	名詞,サ変接続,*,*,*,*,売春,バイシュン,バイシュン
婦	名詞,接尾,一般,*,*,*,婦,フ,フ
に	助詞,格助詞,一般,*,*,*,に,ニ,ニ
なっ	動詞,自立,*,*,五段・ラ行,連用タ接続,なる,ナッ,ナッ
て	助詞,接続助詞,*,*,*,*,て,テ,テ
しまう	動詞,非自立,*,*,五段・ワ行促音便,基本形,しまう,シマウ,シマウ
と	助詞,格助詞,引用,*,*,*,と,ト,ト
は	助詞,係助詞,*,*,*,*,は,ハ,ワ
！	記号,一般,*,*,*,*,！,！,！
彼女	名詞,代名詞,一般,*,*,*,彼女,カノジョ,カノジョ
は	助詞,係助詞,*,*,*,*,は,ハ,ワ
公正	名詞,形容動詞語幹,*,*,*,*,公正,コウセイ,コーセイ
で	助動詞,*,*,*,特殊・ダ,連用形,だ,デ,デ
満ち	動詞,自立,*,*,一段,連用形,満ちる,ミチ,ミチ
て	助詞,接続助詞,*,*,*,*,て,テ,テ
い	動詞,非自立,*,*,一段,連用形,いる,イ,イ
た	助動詞,*,*,*,特殊・タ,基本形,た,タ,タ
。	記号,句点,*,*,*,*,。,。,。
そこ	名詞,代名詞,一般,*,*,*,そこ,ソコ,ソコ
に	助詞,格助詞,一般,*,*,*,に,ニ,ニ
は	助詞,係助詞,*,*,*,*,は,ハ,ワ
義	名詞,一般,*,*,*,*,義,ギ,ギ
が	助詞,格助詞,一般,*,*,*,が,ガ,ガ
宿っ	動詞,自立,*,*,五段・ラ行,連用タ接続,宿る,ヤドッ,ヤドッ
て	助詞,接続助詞,*,*,*,*,て,テ,テ
い	動詞,非自立,*,*,一段,連用形,いる,イ,イ
た	助動詞,*,*,*,特殊・タ,基本形,た,タ,タ
の	名詞,非自立,一般,*,*,*,の,ノ,ノ
だ	助動詞,*,*,*,特殊・ダ,基本形,だ,ダ,ダ
。	記号,句点,*,*,*,*,。,。,。
しかし	接続詞,*,*,*,*,*,しかし,シカシ,シカシ
今	名詞,副詞可能,*,*,*,*,今,イマ,イマ
は	助詞,係助詞,*,*,*,*,は,ハ,ワ
，	記号,読点,*,*,*,*,，,，,，
殺人	名詞,一般,*,*,*,*,殺人,サツジン,サツジン
を	助詞,格助詞,一般,*,*,*,を,ヲ,ヲ
する	動詞,自立,*,*,サ変・スル,基本形,する,スル,スル
者	名詞,一般,*,*,*,*,者,モノ,モノ
たち	名詞,接尾,一般,*,*,*,たち,タチ,タチ
が	助詞,格助詞,一般,*,*,*,が,ガ,ガ
。	記号,句点,*,*,*,*,。,。,。
あなた	名詞,代名詞,一般,*,*,*,あなた,アナタ,アナタ
の	助詞,連体化,*,*,*,*,の,ノ,ノ
銀	名詞,一般,*,*,*,*,銀,ギン,ギン
も	助詞,係助詞,*,*,*,*,も,モ,モ
浮き	名詞,一般,*,*,*,*,浮き,ウキ,ウキ
かす	名詞,一般,*,*,*,*,かす,カス,カス
と	助詞,格助詞,一般,*,*,*,と,ト,ト
なっ	動詞,自立,*,*,五段・ラ行,連用タ接続,なる,ナッ,ナッ
た	助動詞,*,*,*,特殊・タ,基本形,た,タ,タ
。	記号,句点,*,*,*,*,。,。,。
あなた	名詞,代名詞,一般,*,*,*,あなた,アナタ,アナタ
の	助詞,連体化,*,*,*,*,の,ノ,ノ
小麦	名詞,一般,*,*,*,*,小麦,コムギ,コムギ
酒	名詞,接尾,一般,*,*,*,酒,シュ,シュ
は	助詞,係助詞,*,*,*,*,は,ハ,ワ
水	名詞,一般,*,*,*,*,水,ミズ,ミズ
で	助詞,格助詞,一般,*,*,*,で,デ,デ
薄め	動詞,自立,*,*,一段,連用形,薄める,ウスメ,ウスメ
て	助詞,接続助詞,*,*,*,*,て,テ,テ
ある	動詞,非自立,*,*,五段・ラ行,基本形,ある,アル,アル
。	記号,句点,*,*,*,*,。,。,。
あなた	名詞,代名詞,一般,*,*,*,あなた,アナタ,アナタ
の	助詞,連体化,*,*,*,*,の,ノ,ノ
君たち	名詞,代名詞,一般,*,*,*,君たち,キミタチ,キミタチ
は	助詞,係助詞,*,*,*,*,は,ハ,ワ
強情	名詞,形容動詞語幹,*,*,*,*,強情,ゴウジョウ,ゴージョー
で	助動詞,*,*,*,特殊・ダ,連用形,だ,デ,デ
，	記号,読点,*,*,*,*,，,，,，
盗人	名詞,一般,*,*,*,*,盗人,ヌスビト,ヌスビト
の	助詞,連体化,*,*,*,*,の,ノ,ノ
仲間	名詞,一般,*,*,*,*,仲間,ナカマ,ナカマ
。	記号,句点,*,*,*,*,。,。,。
その	連体詞,*,*,*,*,*,その,ソノ,ソノ
だれ	名詞,代名詞,一般,*,*,*,だれ,ダレ,ダレ
も	助詞,係助詞,*,*,*,*,も,モ,モ
が	助詞,格助詞,一般,*,*,*,が,ガ,ガ
わいろ	名詞,一般,*,*,*,*,わいろ,ワイロ,ワイロ
を	助詞,格助詞,一般,*,*,*,を,ヲ,ヲ
愛する	動詞,自立,*,*,サ変・−スル,基本形,愛する,アイスル,アイスル
者	名詞,非自立,一般,*,*,*,者,モノ,モノ
，	記号,読点,*,*,*,*,，,，,，
贈り物	名詞,サ変接続,*,*,*,*,贈り物,オクリモノ,オクリモノ
を	助詞,格助詞,一般,*,*,*,を,ヲ,ヲ
追い求める	動詞,自立,*,*,一段,基本形,追い求める,オイモトメル,オイモトメル
者	名詞,非自立,一般,*,*,*,者,モノ,モノ
。	記号,句点,*,*,*,*,。,。,。
彼ら	名詞,代名詞,一般,*,*,*,彼ら,カレラ,カレラ
は	助詞,係助詞,*,*,*,*,は,ハ,ワ
父	名詞,一般,*,*,*,*,父,チチ,チチ
なし	形容詞,自立,*,*,形容詞・アウオ段,文語基本形,ない,ナシ,ナシ
子	名詞,一般,*,*,*,*,子,コ,コ
の	助詞,連体化,*,*,*,*,の,ノ,ノ
ため	名詞,非自立,副詞可能,*,*,*,ため,タメ,タメ
に	助詞,格助詞,一般,*,*,*,に,ニ,ニ
裁き	名詞,一般,*,*,*,*,裁き,サバキ,サバキ
を	助詞,格助詞,一般,*,*,*,を,ヲ,ヲ
行なわ	動詞,自立,*,*,五段・ワ行促音便,未然形,行なう,オコナワ,オコナワ
ず	助動詞,*,*,*,特殊・ヌ,連用ニ接続,ぬ,ズ,ズ
，	記号,読点,*,*,*,*,，,，,，
やもめ	名詞,一般,*,*,*,*,やもめ,ヤモメ,ヤモメ
の	助詞,連体化,*,*,*,*,の,ノ,ノ
訴え	名詞,一般,*,*,*,*,訴え,ウッタエ,ウッタエ
事	名詞,接尾,一般,*,*,*,事,ゴト,ゴト
も	助詞,係助詞,*,*,*,*,も,モ,モ
彼ら	名詞,代名詞,一般,*,*,*,彼ら,カレラ,カレラ
に	助詞,格助詞,一般,*,*,*,に,ニ,ニ
は	助詞,係助詞,*,*,*,*,は,ハ,ワ
受け入れ	動詞,自立,*,*,一段,未然形,受け入れる,ウケイレ,ウケイレ
られ	動詞,接尾,*,*,一段,未然形,られる,ラレ,ラレ
ない	助動詞,*,*,*,特殊・ナイ,基本形,ない,ナイ,ナイ
。	記号,句点,*,*,*,*,。,。,。
それ	名詞,代名詞,一般,*,*,*,それ,ソレ,ソレ
ゆえ	名詞,接尾,一般,*,*,*,ゆえ,ユエ,ユエ
に	助詞,格助詞,一般,*,*,*,に,ニ,ニ
，	記号,読点,*,*,*,*,，,，,，
[	名詞,サ変接続,*,*,*,*,*
ま	フィラー,*,*,*,*,*,ま,マ,マ
こと	名詞,非自立,一般,*,*,*,こと,コト,コト
の	助詞,連体化,*,*,*,*,の,ノ,ノ
]	名詞,サ変接続,*,*,*,*,*
主	名詞,接尾,一般,*,*,*,主,ヌシ,ヌシ
，	名詞,数,*,*,*,*,，,，,，
万	名詞,数,*,*,*,*,万,マン,マン
軍	名詞,接尾,一般,*,*,*,軍,グン,グン
の	助詞,連体化,*,*,*,*,の,ノ,ノ
エホバ	名詞,一般,*,*,*,*,エホバ,エホバ,エホバ
，	記号,読点,*,*,*,*,，,，,，
イスラエル	名詞,固有名詞,地域,国,*,*,イスラエル,イスラエル,イスラエル
の	助詞,連体化,*,*,*,*,の,ノ,ノ
強力	名詞,形容動詞語幹,*,*,*,*,強力,キョウリョク,キョーリョク
な	助動詞,*,*,*,特殊・ダ,体言接続,だ,ナ,ナ
方	名詞,非自立,一般,*,*,*,方,ホウ,ホー
の	助詞,連体化,*,*,*,*,の,ノ,ノ
お告げ	名詞,一般,*,*,*,*,お告げ,オツゲ,オツゲ
は	助詞,係助詞,*,*,*,*,は,ハ,ワ
こう	副詞,助詞類接続,*,*,*,*,こう,コウ,コー
で	助動詞,*,*,*,特殊・ダ,連用形,だ,デ,デ
ある	助動詞,*,*,*,五段・ラ行アル,基本形,ある,アル,アル
。	記号,句点,*,*,*,*,。,。,。
「	記号,括弧開,*,*,*,*,「,「,「
は	助詞,係助詞,*,*,*,*,は,ハ,ワ
はあ	感動詞,*,*,*,*,*,はあ,ハア,ハー
！	記号,一般,*,*,*,*,！,！,！
わたし	名詞,代名詞,一般,*,*,*,わたし,ワタシ,ワタシ
は	助詞,係助詞,*,*,*,*,は,ハ,ワ
わたし	名詞,代名詞,一般,*,*,*,わたし,ワタシ,ワタシ
に	助詞,格助詞,一般,*,*,*,に,ニ,ニ
敵対	名詞,サ変接続,*,*,*,*,敵対,テキタイ,テキタイ
する	動詞,自立,*,*,サ変・スル,基本形,する,スル,スル
者	名詞,一般,*,*,*,*,者,モノ,モノ
たち	名詞,接尾,一般,*,*,*,たち,タチ,タチ
に	助詞,格助詞,一般,*,*,*,に,ニ,ニ
思い	名詞,一般,*,*,*,*,思い,オモイ,オモイ
を	助詞,格助詞,一般,*,*,*,を,ヲ,ヲ
晴らし	動詞,自立,*,*,五段・サ行,連用形,晴らす,ハラシ,ハラシ
，	記号,読点,*,*,*,*,，,，,，
わたし	名詞,代名詞,一般,*,*,*,わたし,ワタシ,ワタシ
に	助詞,格助詞,一般,*,*,*,に,ニ,ニ
敵する	動詞,自立,*,*,サ変・−スル,基本形,敵する,テキスル,テキスル
者	名詞,一般,*,*,*,*,者,モノ,モノ
たち	名詞,接尾,一般,*,*,*,たち,タチ,タチ
に	助詞,格助詞,一般,*,*,*,に,ニ,ニ
復しゅう	名詞,サ変接続,*,*,*,*,復しゅう,フクシュウ,フクシュー
する	動詞,自立,*,*,サ変・スル,基本形,する,スル,スル
。	記号,句点,*,*,*,*,。,。,。
わたし	名詞,代名詞,一般,*,*,*,わたし,ワタシ,ワタシ
は	助詞,係助詞,*,*,*,*,は,ハ,ワ
手	名詞,一般,*,*,*,*,手,テ,テ
を	助詞,格助詞,一般,*,*,*,を,ヲ,ヲ
あなた	名詞,代名詞,一般,*,*,*,あなた,アナタ,アナタ
の	助詞,連体化,*,*,*,*,の,ノ,ノ
上	名詞,非自立,副詞可能,*,*,*,上,ウエ,ウエ
に	助詞,格助詞,一般,*,*,*,に,ニ,ニ
引き戻し	動詞,自立,*,*,五段・サ行,連用形,引き戻す,ヒキモドシ,ヒキモドシ
，	記号,読点,*,*,*,*,，,，,，
灰汁	名詞,一般,*,*,*,*,灰汁,アク,アク
による	助詞,格助詞,連語,*,*,*,による,ニヨル,ニヨル
か	助詞,副助詞／並立助詞／終助詞,*,*,*,*,か,カ,カ
の	助詞,連体化,*,*,*,*,の,ノ,ノ
よう	名詞,非自立,助動詞語幹,*,*,*,よう,ヨウ,ヨー
に	助詞,副詞化,*,*,*,*,に,ニ,ニ
あなた	名詞,代名詞,一般,*,*,*,あなた,アナタ,アナタ
の	助詞,連体化,*,*,*,*,の,ノ,ノ
浮き	名詞,一般,*,*,*,*,浮き,ウキ,ウキ
かす	名詞,一般,*,*,*,*,かす,カス,カス
を	助詞,格助詞,一般,*,*,*,を,ヲ,ヲ
溶かし	動詞,自立,*,*,五段・サ行,連用形,溶かす,トカシ,トカシ
去り	動詞,自立,*,*,五段・ラ行,連用形,去る,サリ,サリ
，	記号,読点,*,*,*,*,，,，,，
あなた	名詞,代名詞,一般,*,*,*,あなた,アナタ,アナタ
の	助詞,連体化,*,*,*,*,の,ノ,ノ
残り	名詞,一般,*,*,*,*,残り,ノコリ,ノコリ
かす	名詞,一般,*,*,*,*,かす,カス,カス
を	助詞,格助詞,一般,*,*,*,を,ヲ,ヲ
ことごとく	副詞,一般,*,*,*,*,ことごとく,コトゴトク,コトゴトク
取り除く	動詞,自立,*,*,五段・カ行イ音便,基本形,取り除く,トリノゾク,トリノゾク
。	記号,句点,*,*,*,*,。,。,。
そして	接続詞,*,*,*,*,*,そして,ソシテ,ソシテ
，	記号,読点,*,*,*,*,，,，,，
最初	名詞,一般,*,*,*,*,最初,サイショ,サイショ
の	助詞,連体化,*,*,*,*,の,ノ,ノ
とき	名詞,非自立,副詞可能,*,*,*,とき,トキ,トキ
と	助詞,格助詞,一般,*,*,*,と,ト,ト
同じ	連体詞,*,*,*,*,*,同じ,オナジ,オナジ
よう	名詞,非自立,助動詞語幹,*,*,*,よう,ヨウ,ヨー
に	助詞,副詞化,*,*,*,*,に,ニ,ニ
あなた	名詞,代名詞,一般,*,*,*,あなた,アナタ,アナタ
の	助詞,連体化,*,*,*,*,の,ノ,ノ
ため	名詞,非自立,副詞可能,*,*,*,ため,タメ,タメ
に	助詞,格助詞,一般,*,*,*,に,ニ,ニ
裁き	動詞,自立,*,*,五段・カ行イ音便,連用形,裁く,サバキ,サバキ
人	名詞,接尾,一般,*,*,*,人,ジン,ジン
たち	名詞,接尾,一般,*,*,*,たち,タチ,タチ
を	助詞,格助詞,一般,*,*,*,を,ヲ,ヲ
，	記号,読点,*,*,*,*,，,，,，
始め	名詞,副詞可能,*,*,*,*,始め,ハジメ,ハジメ
の	助詞,連体化,*,*,*,*,の,ノ,ノ
とき	名詞,非自立,副詞可能,*,*,*,とき,トキ,トキ
と	助詞,格助詞,一般,*,*,*,と,ト,ト
同じ	連体詞,*,*,*,*,*,同じ,オナジ,オナジ
よう	名詞,非自立,助動詞語幹,*,*,*,よう,ヨウ,ヨー
に	助詞,副詞化,*,*,*,*,に,ニ,ニ
あなた	名詞,代名詞,一般,*,*,*,あなた,アナタ,アナタ
の	助詞,連体化,*,*,*,*,の,ノ,ノ
ため	名詞,非自立,副詞可能,*,*,*,ため,タメ,タメ
に	助詞,格助詞,一般,*,*,*,に,ニ,ニ
助言	名詞,サ変接続,*,*,*,*,助言,ジョゲン,ジョゲン
者	名詞,接尾,一般,*,*,*,者,シャ,シャ
たち	名詞,接尾,一般,*,*,*,たち,タチ,タチ
を	助詞,格助詞,一般,*,*,*,を,ヲ,ヲ
連れ戻す	動詞,自立,*,*,五段・サ行,基本形,連れ戻す,ツレモドス,ツレモドス
。	記号,句点,*,*,*,*,。,。,。
その後	名詞,副詞可能,*,*,*,*,その後,ソノゴ,ソノゴ
，	記号,読点,*,*,*,*,，,，,，
あなた	名詞,代名詞,一般,*,*,*,あなた,アナタ,アナタ
は	助詞,係助詞,*,*,*,*,は,ハ,ワ
“	記号,括弧開,*,*,*,*,“,“,“
義	名詞,一般,*,*,*,*,義,ギ,ギ
の	助詞,連体化,*,*,*,*,の,ノ,ノ
都市	名詞,一般,*,*,*,*,都市,トシ,トシ
”	記号,括弧閉,*,*,*,*,”,”,”
，	記号,読点,*,*,*,*,，,，,，
“	記号,括弧開,*,*,*,*,“,“,“
忠実	名詞,形容動詞語幹,*,*,*,*,忠実,チュウジツ,チュージツ
な	助動詞,*,*,*,特殊・ダ,体言接続,だ,ナ,ナ
町	名詞,一般,*,*,*,*,町,マチ,マチ
”	記号,括弧閉,*,*,*,*,”,”,”
と	助詞,格助詞,引用,*,*,*,と,ト,ト
呼ば	動詞,自立,*,*,五段・バ行,未然形,呼ぶ,ヨバ,ヨバ
れる	動詞,接尾,*,*,一段,基本形,れる,レル,レル
で	助動詞,*,*,*,特殊・ダ,連用形,だ,デ,デ
あろ	助動詞,*,*,*,五段・ラ行アル,未然ウ接続,ある,アロ,アロ
う	助動詞,*,*,*,不変化型,基本形,う,ウ,ウ
。	記号,句点,*,*,*,*,。,。,。
シオン	名詞,一般,*,*,*,*,シオン,シオン,シオン
は	助詞,係助詞,*,*,*,*,は,ハ,ワ
公正	名詞,形容動詞語幹,*,*,*,*,公正,コウセイ,コーセイ
を	助詞,格助詞,一般,*,*,*,を,ヲ,ヲ
もっ	動詞,自立,*,*,五段・タ行,連用タ接続,もつ,モッ,モッ
て	助詞,接続助詞,*,*,*,*,て,テ,テ
請け	名詞,一般,*,*,*,*,請け,ウケ,ウケ
戻さ	動詞,自立,*,*,五段・サ行,未然形,戻す,モドサ,モドサ
れ	動詞,接尾,*,*,一段,連用形,れる,レ,レ
，	記号,読点,*,*,*,*,，,，,，
そこ	名詞,代名詞,一般,*,*,*,そこ,ソコ,ソコ
に	助詞,格助詞,一般,*,*,*,に,ニ,ニ
帰る	動詞,自立,*,*,五段・ラ行,基本形,帰る,カエル,カエル
者	名詞,一般,*,*,*,*,者,モノ,モノ
たち	名詞,接尾,一般,*,*,*,たち,タチ,タチ
は	助詞,係助詞,*,*,*,*,は,ハ,ワ
義	名詞,形容動詞語幹,*,*,*,*,義,ギ,ギ
をもって	助詞,格助詞,連語,*,*,*,をもって,ヲモッテ,ヲモッテ
[	名詞,サ変接続,*,*,*,*,*
請け	名詞,一般,*,*,*,*,請け,ウケ,ウケ
戻さ	動詞,自立,*,*,五段・サ行,未然形,戻す,モドサ,モドサ
れる	動詞,接尾,*,*,一段,基本形,れる,レル,レル
]。	名詞,サ変接続,*,*,*,*,*
そして	接続詞,*,*,*,*,*,そして,ソシテ,ソシテ
，	記号,読点,*,*,*,*,，,，,，
反抗	名詞,サ変接続,*,*,*,*,反抗,ハンコウ,ハンコー
する	動詞,自立,*,*,サ変・スル,基本形,する,スル,スル
者	名詞,一般,*,*,*,*,者,モノ,モノ
たち	名詞,接尾,一般,*,*,*,たち,タチ,タチ
と	助詞,並立助詞,*,*,*,*,と,ト,ト
罪深い	形容詞,自立,*,*,形容詞・アウオ段,基本形,罪深い,ツミブカイ,ツミブカイ
者	名詞,接尾,一般,*,*,*,者,シャ,シャ
たち	名詞,接尾,一般,*,*,*,たち,タチ,タチ
と	助詞,格助詞,一般,*,*,*,と,ト,ト
の	助詞,連体化,*,*,*,*,の,ノ,ノ
崩壊	名詞,サ変接続,*,*,*,*,崩壊,ホウカイ,ホーカイ
は	助詞,係助詞,*,*,*,*,は,ハ,ワ
同時に	副詞,一般,*,*,*,*,同時に,ドウジニ,ドージニ
起こり	動詞,自立,*,*,五段・ラ行,連用形,起こる,オコリ,オコリ
，	記号,読点,*,*,*,*,，,，,，
エホバ	名詞,一般,*,*,*,*,エホバ,エホバ,エホバ
を	助詞,格助詞,一般,*,*,*,を,ヲ,ヲ
捨てる	動詞,自立,*,*,一段,基本形,捨てる,ステル,ステル
者	名詞,一般,*,*,*,*,者,モノ,モノ
たち	名詞,接尾,一般,*,*,*,たち,タチ,タチ
は	助詞,係助詞,*,*,*,*,は,ハ,ワ
その	連体詞,*,*,*,*,*,その,ソノ,ソノ
終わり	動詞,自立,*,*,五段・ラ行,連用形,終わる,オワリ,オワリ
を	助詞,格助詞,一般,*,*,*,を,ヲ,ヲ
迎える	動詞,自立,*,*,一段,基本形,迎える,ムカエル,ムカエル
。	記号,句点,*,*,*,*,。,。,。
彼ら	名詞,代名詞,一般,*,*,*,彼ら,カレラ,カレラ
は	助詞,係助詞,*,*,*,*,は,ハ,ワ
あなた	名詞,代名詞,一般,*,*,*,あなた,アナタ,アナタ
方	名詞,接尾,一般,*,*,*,方,カタ,カタ
の	助詞,連体化,*,*,*,*,の,ノ,ノ
欲	名詞,サ変接続,*,*,*,*,欲,ホッ,ホッ
し	動詞,自立,*,*,サ変・スル,連用形,する,シ,シ
た	助動詞,*,*,*,特殊・タ,基本形,た,タ,タ
強大	名詞,形容動詞語幹,*,*,*,*,強大,キョウダイ,キョーダイ
な	助動詞,*,*,*,特殊・ダ,体言接続,だ,ナ,ナ
木々	名詞,一般,*,*,*,*,木々,キギ,キギ
を	助詞,格助詞,一般,*,*,*,を,ヲ,ヲ
恥じ	動詞,自立,*,*,一段,連用形,恥じる,ハジ,ハジ
，	記号,読点,*,*,*,*,，,，,，
あなた	名詞,代名詞,一般,*,*,*,あなた,アナタ,アナタ
方	名詞,接尾,一般,*,*,*,方,カタ,カタ
は	助詞,係助詞,*,*,*,*,は,ハ,ワ
自分	名詞,一般,*,*,*,*,自分,ジブン,ジブン
の	助詞,格助詞,一般,*,*,*,の,ノ,ノ
選ん	動詞,自立,*,*,五段・バ行,連用タ接続,選ぶ,エラン,エラン
だ	助動詞,*,*,*,特殊・タ,基本形,だ,ダ,ダ
園	名詞,一般,*,*,*,*,園,エン,エン
の	助詞,連体化,*,*,*,*,の,ノ,ノ
ため	名詞,非自立,副詞可能,*,*,*,ため,タメ,タメ
に	助詞,格助詞,一般,*,*,*,に,ニ,ニ
恥じ入る	動詞,自立,*,*,五段・ラ行,基本形,恥じ入る,ハジイル,ハジイル
から	助詞,接続助詞,*,*,*,*,から,カラ,カラ
で	助動詞,*,*,*,特殊・ダ,連用形,だ,デ,デ
ある	助動詞,*,*,*,五段・ラ行アル,基本形,ある,アル,アル
。	記号,句点,*,*,*,*,。,。,。
あなた	名詞,代名詞,一般,*,*,*,あなた,アナタ,アナタ
方	名詞,接尾,一般,*,*,*,方,カタ,カタ
は	助詞,係助詞,*,*,*,*,は,ハ,ワ
葉	名詞,一般,*,*,*,*,葉,ハ,ハ
の	助詞,連体化,*,*,*,*,の,ノ,ノ
枯れ	動詞,自立,*,*,一段,連用形,枯れる,カレ,カレ
て	助詞,接続助詞,*,*,*,*,て,テ,テ
ゆく	動詞,非自立,*,*,五段・カ行促音便ユク,基本形,ゆく,ユク,ユク
大木	名詞,一般,*,*,*,*,大木,タイボク,タイボク
の	助詞,連体化,*,*,*,*,の,ノ,ノ
よう	名詞,非自立,助動詞語幹,*,*,*,よう,ヨウ,ヨー
に	助詞,副詞化,*,*,*,*,に,ニ,ニ
，	記号,読点,*,*,*,*,，,，,，
水	名詞,一般,*,*,*,*,水,ミズ,ミズ
の	助詞,格助詞,一般,*,*,*,の,ノ,ノ
ない	形容詞,自立,*,*,形容詞・アウオ段,基本形,ない,ナイ,ナイ
園	名詞,一般,*,*,*,*,園,エン,エン
の	助詞,連体化,*,*,*,*,の,ノ,ノ
よう	名詞,非自立,助動詞語幹,*,*,*,よう,ヨウ,ヨー
に	助詞,格助詞,一般,*,*,*,に,ニ,ニ
なる	動詞,自立,*,*,五段・ラ行,基本形,なる,ナル,ナル
から	助詞,接続助詞,*,*,*,*,から,カラ,カラ
で	助動詞,*,*,*,特殊・ダ,連用形,だ,デ,デ
ある	助動詞,*,*,*,五段・ラ行アル,基本形,ある,アル,アル
。	記号,句点,*,*,*,*,。,。,。
そして	接続詞,*,*,*,*,*,そして,ソシテ,ソシテ
，	記号,読点,*,*,*,*,，,，,，
強壮	名詞,一般,*,*,*,*,強壮,キョウソウ,キョーソー
な	助動詞,*,*,*,特殊・ダ,体言接続,だ,ナ,ナ
者	名詞,非自立,一般,*,*,*,者,モノ,モノ
は	助詞,係助詞,*,*,*,*,は,ハ,ワ
必ず	副詞,助詞類接続,*,*,*,*,必ず,カナラズ,カナラズ
麻	名詞,一般,*,*,*,*,麻,アサ,アサ
くず	名詞,接尾,一般,*,*,*,くず,クズ,クズ
と	助詞,格助詞,一般,*,*,*,と,ト,ト
なり	動詞,自立,*,*,五段・ラ行,連用形,なる,ナリ,ナリ
，	記号,読点,*,*,*,*,，,，,，
その	連体詞,*,*,*,*,*,その,ソノ,ソノ
働き	名詞,一般,*,*,*,*,働き,ハタラキ,ハタラキ
の	助詞,連体化,*,*,*,*,の,ノ,ノ
結果	名詞,副詞可能,*,*,*,*,結果,ケッカ,ケッカ
は	助詞,係助詞,*,*,*,*,は,ハ,ワ
火花	名詞,一般,*,*,*,*,火花,ヒバナ,ヒバナ
[	名詞,サ変接続,*,*,*,*,*
と	助詞,格助詞,一般,*,*,*,と,ト,ト
なる	動詞,自立,*,*,五段・ラ行,基本形,なる,ナル,ナル
]。	名詞,サ変接続,*,*,*,*,*
それ	名詞,代名詞,一般,*,*,*,それ,ソレ,ソレ
は	助詞,係助詞,*,*,*,*,は,ハ,ワ
二つ	名詞,一般,*,*,*,*,二つ,フタツ,フタツ
とも	助詞,副助詞,*,*,*,*,とも,トモ,トモ
必ず	副詞,助詞類接続,*,*,*,*,必ず,カナラズ,カナラズ
同時に	副詞,一般,*,*,*,*,同時に,ドウジニ,ドージニ
炎	名詞,一般,*,*,*,*,炎,ホノオ,ホノオ
と	助詞,格助詞,一般,*,*,*,と,ト,ト
なり	動詞,自立,*,*,五段・ラ行,連用形,なる,ナリ,ナリ
，	記号,読点,*,*,*,*,，,，,，
それ	名詞,代名詞,一般,*,*,*,それ,ソレ,ソレ
を	助詞,格助詞,一般,*,*,*,を,ヲ,ヲ
消す	動詞,自立,*,*,五段・サ行,基本形,消す,ケス,ケス
者	名詞,非自立,一般,*,*,*,者,モノ,モノ
は	助詞,係助詞,*,*,*,*,は,ハ,ワ
だれ	名詞,代名詞,一般,*,*,*,だれ,ダレ,ダレ
も	助詞,係助詞,*,*,*,*,も,モ,モ
い	動詞,自立,*,*,一段,未然形,いる,イ,イ
ない	助動詞,*,*,*,特殊・ナイ,基本形,ない,ナイ,ナイ
」	記号,括弧閉,*,*,*,*,」,」,」
。	記号,句点,*,*,*,*,。,。,。
EOS
