「	記号,括弧開,*,*,*,*,「,「,「
強情	名詞,形容動詞語幹,*,*,*,*,強情,ゴウジョウ,ゴージョー
な	助動詞,*,*,*,特殊・ダ,体言接続,だ,ナ,ナ
子	名詞,一般,*,*,*,*,子,コ,コ
ら	名詞,接尾,一般,*,*,*,ら,ラ,ラ
は	助詞,係助詞,*,*,*,*,は,ハ,ワ
災い	名詞,サ変接続,*,*,*,*,災い,ワザワイ,ワザワイ
だ	助動詞,*,*,*,特殊・ダ,基本形,だ,ダ,ダ
」	記号,括弧閉,*,*,*,*,」,」,」
と	助詞,格助詞,引用,*,*,*,と,ト,ト
，	記号,読点,*,*,*,*,，,，,，
エホバ	名詞,一般,*,*,*,*,エホバ,エホバ,エホバ
は	助詞,係助詞,*,*,*,*,は,ハ,ワ
お告げ	名詞,一般,*,*,*,*,お告げ,オツゲ,オツゲ
に	助詞,格助詞,一般,*,*,*,に,ニ,ニ
なる	動詞,自立,*,*,五段・ラ行,基本形,なる,ナル,ナル
，	記号,読点,*,*,*,*,，,，,，
「	記号,括弧開,*,*,*,*,「,「,「
計り	名詞,一般,*,*,*,*,計り,ハカリ,ハカリ
事	名詞,接尾,一般,*,*,*,事,ゴト,ゴト
を	助詞,格助詞,一般,*,*,*,を,ヲ,ヲ
実行	名詞,サ変接続,*,*,*,*,実行,ジッコウ,ジッコー
に	助詞,格助詞,一般,*,*,*,に,ニ,ニ
移	名詞,固有名詞,地域,一般,*,*,移,ウツリ,ウツリ
[	名詞,サ変接続,*,*,*,*,*
そう	名詞,接尾,助動詞語幹,*,*,*,そう,ソウ,ソー
と	助詞,格助詞,引用,*,*,*,と,ト,ト
する	動詞,自立,*,*,サ変・スル,基本形,する,スル,スル
者	名詞,一般,*,*,*,*,者,モノ,モノ
たち	名詞,接尾,一般,*,*,*,たち,タチ,タチ
は	助詞,係助詞,*,*,*,*,は,ハ,ワ
]。	名詞,サ変接続,*,*,*,*,*
と	助詞,格助詞,引用,*,*,*,と,ト,ト
は	助詞,係助詞,*,*,*,*,は,ハ,ワ
いえ	動詞,自立,*,*,五段・ワ行促音便,命令ｅ,いう,イエ,イエ
，	記号,読点,*,*,*,*,，,，,，
それ	名詞,代名詞,一般,*,*,*,それ,ソレ,ソレ
は	助詞,係助詞,*,*,*,*,は,ハ,ワ
わたし	名詞,代名詞,一般,*,*,*,わたし,ワタシ,ワタシ
から	助詞,格助詞,一般,*,*,*,から,カラ,カラ
の	助詞,連体化,*,*,*,*,の,ノ,ノ
もの	名詞,非自立,一般,*,*,*,もの,モノ,モノ
で	助動詞,*,*,*,特殊・ダ,連用形,だ,デ,デ
は	助詞,係助詞,*,*,*,*,は,ハ,ワ
ない	助動詞,*,*,*,特殊・ナイ,基本形,ない,ナイ,ナイ
。	記号,句点,*,*,*,*,。,。,。
また	接続詞,*,*,*,*,*,また,マタ,マタ
，	記号,読点,*,*,*,*,，,，,，
献酒	名詞,一般,*,*,*,*,*
を	助詞,格助詞,一般,*,*,*,を,ヲ,ヲ
注ぎ	動詞,自立,*,*,五段・ガ行,連用形,注ぐ,ソソギ,ソソギ
出	名詞,接尾,一般,*,*,*,出,デ,デ
[	名詞,サ変接続,*,*,*,*,*
そう	名詞,接尾,助動詞語幹,*,*,*,そう,ソウ,ソー
と	助詞,格助詞,引用,*,*,*,と,ト,ト
する	動詞,自立,*,*,サ変・スル,基本形,する,スル,スル
者	名詞,一般,*,*,*,*,者,モノ,モノ
たち	名詞,接尾,一般,*,*,*,たち,タチ,タチ
は	助詞,係助詞,*,*,*,*,は,ハ,ワ
]。	名詞,サ変接続,*,*,*,*,*
と	助詞,格助詞,引用,*,*,*,と,ト,ト
は	助詞,係助詞,*,*,*,*,は,ハ,ワ
いえ	動詞,自立,*,*,五段・ワ行促音便,命令ｅ,いう,イエ,イエ
，	記号,読点,*,*,*,*,，,，,，
それ	名詞,代名詞,一般,*,*,*,それ,ソレ,ソレ
は	助詞,係助詞,*,*,*,*,は,ハ,ワ
わたし	名詞,代名詞,一般,*,*,*,わたし,ワタシ,ワタシ
の	助詞,連体化,*,*,*,*,の,ノ,ノ
霊	名詞,一般,*,*,*,*,霊,レイ,レイ
を	助詞,格助詞,一般,*,*,*,を,ヲ,ヲ
もっ	動詞,自立,*,*,五段・タ行,連用タ接続,もつ,モッ,モッ
て	助詞,接続助詞,*,*,*,*,て,テ,テ
で	助動詞,*,*,*,特殊・ダ,連用形,だ,デ,デ
は	助詞,係助詞,*,*,*,*,は,ハ,ワ
なく	助動詞,*,*,*,特殊・ナイ,連用テ接続,ない,ナク,ナク
，	記号,読点,*,*,*,*,，,，,，
罪	名詞,一般,*,*,*,*,罪,ツミ,ツミ
に	助詞,格助詞,一般,*,*,*,に,ニ,ニ
罪	名詞,一般,*,*,*,*,罪,ツミ,ツミ
を	助詞,格助詞,一般,*,*,*,を,ヲ,ヲ
加える	動詞,自立,*,*,一段,基本形,加える,クワエル,クワエル
ため	名詞,非自立,副詞可能,*,*,*,ため,タメ,タメ
で	助動詞,*,*,*,特殊・ダ,連用形,だ,デ,デ
ある	助動詞,*,*,*,五段・ラ行アル,基本形,ある,アル,アル
。	記号,句点,*,*,*,*,。,。,。
エジプト	名詞,固有名詞,地域,国,*,*,エジプト,エジプト,エジプト
に	助詞,格助詞,一般,*,*,*,に,ニ,ニ
下っ	動詞,自立,*,*,五段・ラ行,連用タ接続,下る,クダッ,クダッ
て	助詞,接続助詞,*,*,*,*,て,テ,テ
行こ	動詞,非自立,*,*,五段・カ行促音便,未然ウ接続,行く,イコ,イコ
う	助動詞,*,*,*,不変化型,基本形,う,ウ,ウ
と	助詞,格助詞,引用,*,*,*,と,ト,ト
出発	名詞,サ変接続,*,*,*,*,出発,シュッパツ,シュッパツ
し	動詞,自立,*,*,サ変・スル,連用形,する,シ,シ
，	記号,読点,*,*,*,*,，,，,，
わたし	名詞,代名詞,一般,*,*,*,わたし,ワタシ,ワタシ
の	助詞,連体化,*,*,*,*,の,ノ,ノ
口	名詞,一般,*,*,*,*,口,クチ,クチ
に	助詞,格助詞,一般,*,*,*,に,ニ,ニ
問い	動詞,自立,*,*,五段・ワ行促音便,連用形,問う,トイ,トイ
尋ねる	動詞,自立,*,*,一段,基本形,尋ねる,タズネル,タズネル
こと	名詞,非自立,一般,*,*,*,こと,コト,コト
を	助詞,格助詞,一般,*,*,*,を,ヲ,ヲ
し	動詞,自立,*,*,サ変・スル,未然形,する,シ,シ
なかっ	助動詞,*,*,*,特殊・ナイ,連用タ接続,ない,ナカッ,ナカッ
た	助動詞,*,*,*,特殊・タ,基本形,た,タ,タ
者	名詞,一般,*,*,*,*,者,モノ,モノ
たち	名詞,接尾,一般,*,*,*,たち,タチ,タチ
は	助詞,係助詞,*,*,*,*,は,ハ,ワ
災い	名詞,サ変接続,*,*,*,*,災い,ワザワイ,ワザワイ
だ	助動詞,*,*,*,特殊・ダ,基本形,だ,ダ,ダ
！	記号,一般,*,*,*,*,！,！,！
それ	名詞,代名詞,一般,*,*,*,それ,ソレ,ソレ
は	助詞,係助詞,*,*,*,*,は,ハ,ワ
ファ	名詞,一般,*,*,*,*,ファ,ファ,ファ
ラオ	名詞,一般,*,*,*,*,ラオ,ラオ,ラオ
の	助詞,連体化,*,*,*,*,の,ノ,ノ
とりで	名詞,一般,*,*,*,*,とりで,トリデ,トリデ
を	助詞,格助詞,一般,*,*,*,を,ヲ,ヲ
避け	動詞,自立,*,*,一段,連用形,避ける,サケ,サケ
所	名詞,接尾,一般,*,*,*,所,ショ,ショ
と	助詞,格助詞,一般,*,*,*,と,ト,ト
し	動詞,自立,*,*,サ変・スル,連用形,する,シ,シ
，	記号,読点,*,*,*,*,，,，,，
エジプト	名詞,固有名詞,地域,国,*,*,エジプト,エジプト,エジプト
の	助詞,連体化,*,*,*,*,の,ノ,ノ
陰	名詞,一般,*,*,*,*,陰,カゲ,カゲ
を	助詞,格助詞,一般,*,*,*,を,ヲ,ヲ
避難	名詞,サ変接続,*,*,*,*,避難,ヒナン,ヒナン
所	名詞,接尾,一般,*,*,*,所,ショ,ショ
と	助詞,格助詞,一般,*,*,*,と,ト,ト
する	動詞,自立,*,*,サ変・スル,基本形,する,スル,スル
ため	名詞,非自立,副詞可能,*,*,*,ため,タメ,タメ
な	助動詞,*,*,*,特殊・ダ,体言接続,だ,ナ,ナ
の	名詞,非自立,一般,*,*,*,の,ノ,ノ
で	助動詞,*,*,*,特殊・ダ,連用形,だ,デ,デ
ある	助動詞,*,*,*,五段・ラ行アル,基本形,ある,アル,アル
。	記号,句点,*,*,*,*,。,。,。
それで	接続詞,*,*,*,*,*,それで,ソレデ,ソレデ
，	記号,読点,*,*,*,*,，,，,，
ファ	名詞,一般,*,*,*,*,ファ,ファ,ファ
ラオ	名詞,一般,*,*,*,*,ラオ,ラオ,ラオ
の	助詞,連体化,*,*,*,*,の,ノ,ノ
とりで	名詞,一般,*,*,*,*,とりで,トリデ,トリデ
は	助詞,係助詞,*,*,*,*,は,ハ,ワ
必ず	副詞,助詞類接続,*,*,*,*,必ず,カナラズ,カナラズ
あなた	名詞,代名詞,一般,*,*,*,あなた,アナタ,アナタ
方	名詞,接尾,一般,*,*,*,方,カタ,カタ
にとって	助詞,格助詞,連語,*,*,*,にとって,ニトッテ,ニトッテ
恥	名詞,一般,*,*,*,*,恥,ハジ,ハジ
の	助詞,連体化,*,*,*,*,の,ノ,ノ
理由	名詞,一般,*,*,*,*,理由,リユウ,リユー
と	助詞,格助詞,一般,*,*,*,と,ト,ト
なり	動詞,自立,*,*,五段・ラ行,連用形,なる,ナリ,ナリ
，	記号,読点,*,*,*,*,，,，,，
エジプト	名詞,固有名詞,地域,国,*,*,エジプト,エジプト,エジプト
の	助詞,連体化,*,*,*,*,の,ノ,ノ
陰	名詞,一般,*,*,*,*,陰,カゲ,カゲ
に	助詞,格助詞,一般,*,*,*,に,ニ,ニ
ある	動詞,自立,*,*,五段・ラ行,基本形,ある,アル,アル
避難	名詞,サ変接続,*,*,*,*,避難,ヒナン,ヒナン
所	名詞,接尾,一般,*,*,*,所,ショ,ショ
は	助詞,係助詞,*,*,*,*,は,ハ,ワ
辱め	動詞,自立,*,*,一段,連用形,辱める,ハズカシメ,ハズカシメ
の	助詞,連体化,*,*,*,*,の,ノ,ノ
もと	名詞,非自立,一般,*,*,*,もと,モト,モト
と	助詞,格助詞,一般,*,*,*,と,ト,ト
なる	動詞,自立,*,*,五段・ラ行,基本形,なる,ナル,ナル
。	記号,句点,*,*,*,*,。,。,。
彼	名詞,代名詞,一般,*,*,*,彼,カレ,カレ
の	助詞,連体化,*,*,*,*,の,ノ,ノ
君たち	名詞,代名詞,一般,*,*,*,君たち,キミタチ,キミタチ
は	助詞,係助詞,*,*,*,*,は,ハ,ワ
ツォアン	名詞,一般,*,*,*,*,*
に	助詞,格助詞,一般,*,*,*,に,ニ,ニ
いる	動詞,自立,*,*,一段,基本形,いる,イル,イル
こと	名詞,非自立,一般,*,*,*,こと,コト,コト
に	助詞,格助詞,一般,*,*,*,に,ニ,ニ
なっ	動詞,自立,*,*,五段・ラ行,連用タ接続,なる,ナッ,ナッ
た	助動詞,*,*,*,特殊・タ,基本形,た,タ,タ
。	記号,句点,*,*,*,*,。,。,。
その	連体詞,*,*,*,*,*,その,ソノ,ソノ
使節	名詞,一般,*,*,*,*,使節,シセツ,シセツ
は	助詞,係助詞,*,*,*,*,は,ハ,ワ
ハネス	名詞,一般,*,*,*,*,*
に	助詞,格助詞,一般,*,*,*,に,ニ,ニ
着く	動詞,自立,*,*,五段・カ行イ音便,基本形,着く,ツク,ツク
。	記号,句点,*,*,*,*,。,。,。
すべて	名詞,副詞可能,*,*,*,*,すべて,スベテ,スベテ
の	助詞,連体化,*,*,*,*,の,ノ,ノ
者	名詞,非自立,一般,*,*,*,者,モノ,モノ
が	助詞,格助詞,一般,*,*,*,が,ガ,ガ
人	名詞,一般,*,*,*,*,人,ヒト,ヒト
に	助詞,格助詞,一般,*,*,*,に,ニ,ニ
何	名詞,代名詞,一般,*,*,*,何,ナニ,ナニ
の	助詞,連体化,*,*,*,*,の,ノ,ノ
益	名詞,サ変接続,*,*,*,*,益,エキ,エキ
を	助詞,格助詞,一般,*,*,*,を,ヲ,ヲ
も	助詞,係助詞,*,*,*,*,も,モ,モ
もたらさ	動詞,自立,*,*,五段・サ行,未然形,もたらす,モタラサ,モタラサ
ない	助動詞,*,*,*,特殊・ナイ,基本形,ない,ナイ,ナイ
民	名詞,一般,*,*,*,*,民,ミン,ミン
の	助詞,連体化,*,*,*,*,の,ノ,ノ
こと	名詞,非自立,一般,*,*,*,こと,コト,コト
で	助詞,格助詞,一般,*,*,*,で,デ,デ
必ず	副詞,助詞類接続,*,*,*,*,必ず,カナラズ,カナラズ
恥	名詞,一般,*,*,*,*,恥,ハジ,ハジ
を	助詞,格助詞,一般,*,*,*,を,ヲ,ヲ
かく	動詞,自立,*,*,五段・カ行イ音便,基本形,かく,カク,カク
。	記号,句点,*,*,*,*,。,。,。
[	名詞,サ変接続,*,*,*,*,*
その	連体詞,*,*,*,*,*,その,ソノ,ソノ
民	名詞,一般,*,*,*,*,民,ミン,ミン
は	助詞,係助詞,*,*,*,*,は,ハ,ワ
]	名詞,サ変接続,*,*,*,*,*
何	名詞,代名詞,一般,*,*,*,何,ナニ,ナニ
の	助詞,連体化,*,*,*,*,の,ノ,ノ
助け	名詞,一般,*,*,*,*,助け,タスケ,タスケ
に	助詞,格助詞,一般,*,*,*,に,ニ,ニ
も	助詞,係助詞,*,*,*,*,も,モ,モ
なら	動詞,自立,*,*,五段・ラ行,未然形,なる,ナラ,ナラ
ず	助動詞,*,*,*,特殊・ヌ,連用ニ接続,ぬ,ズ,ズ
，	記号,読点,*,*,*,*,，,，,，
何	名詞,代名詞,一般,*,*,*,何,ナニ,ナニ
の	助詞,連体化,*,*,*,*,の,ノ,ノ
益	名詞,サ変接続,*,*,*,*,益,エキ,エキ
を	助詞,格助詞,一般,*,*,*,を,ヲ,ヲ
も	助詞,係助詞,*,*,*,*,も,モ,モ
もたらさ	動詞,自立,*,*,五段・サ行,未然形,もたらす,モタラサ,モタラサ
ず	助動詞,*,*,*,特殊・ヌ,連用ニ接続,ぬ,ズ,ズ
，	記号,読点,*,*,*,*,，,，,，
かえって	副詞,一般,*,*,*,*,かえって,カエッテ,カエッテ
恥	名詞,一般,*,*,*,*,恥,ハジ,ハジ
の	助詞,連体化,*,*,*,*,の,ノ,ノ
理由	名詞,一般,*,*,*,*,理由,リユウ,リユー
，	記号,読点,*,*,*,*,，,，,，
また	副詞,助詞類接続,*,*,*,*,また,マタ,マタ
そしり	動詞,自立,*,*,五段・ラ行,連用形,そしる,ソシリ,ソシリ
の	助詞,連体化,*,*,*,*,の,ノ,ノ
もと	名詞,非自立,一般,*,*,*,もと,モト,モト
と	助詞,格助詞,一般,*,*,*,と,ト,ト
なる	動詞,自立,*,*,五段・ラ行,基本形,なる,ナル,ナル
」	記号,括弧閉,*,*,*,*,」,」,」
。	記号,句点,*,*,*,*,。,。,。
南	名詞,一般,*,*,*,*,南,ミナミ,ミナミ
の	助詞,連体化,*,*,*,*,の,ノ,ノ
獣	名詞,一般,*,*,*,*,獣,シシ,シシ
たち	名詞,接尾,一般,*,*,*,たち,タチ,タチ
に対する	助詞,格助詞,連語,*,*,*,に対する,ニタイスル,ニタイスル
宣告	名詞,サ変接続,*,*,*,*,宣告,センコク,センコク
:	名詞,サ変接続,*,*,*,*,*
苦難	名詞,サ変接続,*,*,*,*,苦難,クナン,クナン
と	助詞,並立助詞,*,*,*,*,と,ト,ト
窮境	名詞,一般,*,*,*,*,窮境,キュウキョウ,キューキョー
，	記号,読点,*,*,*,*,，,，,，
ライオン	名詞,一般,*,*,*,*,ライオン,ライオン,ライオン
や	助詞,並立助詞,*,*,*,*,や,ヤ,ヤ
，	記号,読点,*,*,*,*,，,，,，
うなり	動詞,自立,*,*,五段・ラ行,連用形,うなる,ウナリ,ウナリ
声	名詞,接尾,一般,*,*,*,声,ゴエ,ゴエ
を	助詞,格助詞,一般,*,*,*,を,ヲ,ヲ
上げる	動詞,自立,*,*,一段,基本形,上げる,アゲル,アゲル
ひょう	名詞,一般,*,*,*,*,ひょう,ヒョウ,ヒョウ
，	記号,読点,*,*,*,*,，,，,，
まむし	名詞,一般,*,*,*,*,まむし,マムシ,マムシ
や	助詞,並立助詞,*,*,*,*,や,ヤ,ヤ
火	名詞,一般,*,*,*,*,火,ヒ,ヒ
の	助詞,連体化,*,*,*,*,の,ノ,ノ
よう	名詞,非自立,助動詞語幹,*,*,*,よう,ヨウ,ヨー
な	助動詞,*,*,*,特殊・ダ,体言接続,だ,ナ,ナ
飛ぶ	動詞,自立,*,*,五段・バ行,基本形,飛ぶ,トブ,トブ
へび	名詞,一般,*,*,*,*,へび,ヘビ,ヘビ
の	助詞,連体化,*,*,*,*,の,ノ,ノ
地	名詞,一般,*,*,*,*,地,チ,チ
を	助詞,格助詞,一般,*,*,*,を,ヲ,ヲ
通り	動詞,自立,*,*,五段・ラ行,連用形,通る,トオリ,トーリ
，	記号,読点,*,*,*,*,，,，,，
彼ら	名詞,代名詞,一般,*,*,*,彼ら,カレラ,カレラ
は	助詞,係助詞,*,*,*,*,は,ハ,ワ
その	連体詞,*,*,*,*,*,その,ソノ,ソノ
資産	名詞,一般,*,*,*,*,資産,シサン,シサン
を	助詞,格助詞,一般,*,*,*,を,ヲ,ヲ
成熟	名詞,サ変接続,*,*,*,*,成熟,セイジュク,セイジュク
し	動詞,自立,*,*,サ変・スル,連用形,する,シ,シ
た	助動詞,*,*,*,特殊・タ,基本形,た,タ,タ
ろば	名詞,一般,*,*,*,*,ろば,ロバ,ロバ
の	助詞,連体化,*,*,*,*,の,ノ,ノ
肩	名詞,一般,*,*,*,*,肩,カタ,カタ
に	助詞,格助詞,一般,*,*,*,に,ニ,ニ
載せ	動詞,自立,*,*,一段,連用形,載せる,ノセ,ノセ
，	記号,読点,*,*,*,*,，,，,，
その	連体詞,*,*,*,*,*,その,ソノ,ソノ
貯蔵	名詞,サ変接続,*,*,*,*,貯蔵,チョゾウ,チョゾー
品	名詞,接尾,一般,*,*,*,品,ヒン,ヒン
を	助詞,格助詞,一般,*,*,*,を,ヲ,ヲ
らくだ	名詞,一般,*,*,*,*,らくだ,ラクダ,ラクダ
の	助詞,連体化,*,*,*,*,の,ノ,ノ
こ	名詞,一般,*,*,*,*,こ,コ,コ
ぶ	動詞,自立,*,*,五段・ラ行,体言接続特殊２,ぶる,ブ,ブ
に	助詞,格助詞,一般,*,*,*,に,ニ,ニ
載せ	動詞,自立,*,*,一段,連用形,載せる,ノセ,ノセ
て	助詞,接続助詞,*,*,*,*,て,テ,テ
運ぶ	動詞,自立,*,*,五段・バ行,基本形,運ぶ,ハコブ,ハコブ
。	記号,句点,*,*,*,*,。,。,。
民	名詞,一般,*,*,*,*,民,ミン,ミン
の	助詞,連体化,*,*,*,*,の,ノ,ノ
ため	名詞,非自立,副詞可能,*,*,*,ため,タメ,タメ
に	助詞,格助詞,一般,*,*,*,に,ニ,ニ
それら	名詞,代名詞,一般,*,*,*,それら,ソレラ,ソレラ
は	助詞,係助詞,*,*,*,*,は,ハ,ワ
何	名詞,代名詞,一般,*,*,*,何,ナニ,ナニ
の	助詞,連体化,*,*,*,*,の,ノ,ノ
益	名詞,サ変接続,*,*,*,*,益,エキ,エキ
に	助詞,格助詞,一般,*,*,*,に,ニ,ニ
も	助詞,係助詞,*,*,*,*,も,モ,モ
なら	動詞,自立,*,*,五段・ラ行,未然形,なる,ナラ,ナラ
ない	助動詞,*,*,*,特殊・ナイ,基本形,ない,ナイ,ナイ
。	記号,句点,*,*,*,*,。,。,。
そして	接続詞,*,*,*,*,*,そして,ソシテ,ソシテ
，	記号,読点,*,*,*,*,，,，,，
エジプト	名詞,固有名詞,地域,国,*,*,エジプト,エジプト,エジプト
人	名詞,接尾,一般,*,*,*,人,ジン,ジン
は	助詞,係助詞,*,*,*,*,は,ハ,ワ
ただ	名詞,一般,*,*,*,*,ただ,タダ,タダ
の	助詞,連体化,*,*,*,*,の,ノ,ノ
むなしい	形容詞,自立,*,*,形容詞・イ段,基本形,むなしい,ムナシイ,ムナシイ
物	名詞,非自立,一般,*,*,*,物,モノ,モノ
に	助詞,格助詞,一般,*,*,*,に,ニ,ニ
すぎ	動詞,自立,*,*,一段,未然形,すぎる,スギ,スギ
ず	助動詞,*,*,*,特殊・ヌ,連用ニ接続,ぬ,ズ,ズ
，	記号,読点,*,*,*,*,，,，,，
全く	副詞,助詞類接続,*,*,*,*,全く,マッタク,マッタク
何	名詞,代名詞,一般,*,*,*,何,ナニ,ナニ
の	助詞,連体化,*,*,*,*,の,ノ,ノ
助け	名詞,一般,*,*,*,*,助け,タスケ,タスケ
に	助詞,格助詞,一般,*,*,*,に,ニ,ニ
も	助詞,係助詞,*,*,*,*,も,モ,モ
なら	動詞,自立,*,*,五段・ラ行,未然形,なる,ナラ,ナラ
ない	助動詞,*,*,*,特殊・ナイ,基本形,ない,ナイ,ナイ
。	記号,句点,*,*,*,*,。,。,。
それ	名詞,代名詞,一般,*,*,*,それ,ソレ,ソレ
ゆえ	名詞,接尾,一般,*,*,*,ゆえ,ユエ,ユエ
，	記号,読点,*,*,*,*,，,，,，
わたし	名詞,代名詞,一般,*,*,*,わたし,ワタシ,ワタシ
は	助詞,係助詞,*,*,*,*,は,ハ,ワ
この	連体詞,*,*,*,*,*,この,コノ,コノ
者	名詞,非自立,一般,*,*,*,者,モノ,モノ
を	助詞,格助詞,一般,*,*,*,を,ヲ,ヲ
，	記号,読点,*,*,*,*,，,，,，
「	記号,括弧開,*,*,*,*,「,「,「
ラハブ	名詞,一般,*,*,*,*,*
―	記号,一般,*,*,*,*,―,―,―
彼ら	名詞,代名詞,一般,*,*,*,彼ら,カレラ,カレラ
は	助詞,係助詞,*,*,*,*,は,ハ,ワ
じっと	副詞,一般,*,*,*,*,じっと,ジット,ジット
座る	動詞,自立,*,*,五段・ラ行,基本形,座る,スワル,スワル
ため	名詞,非自立,副詞可能,*,*,*,ため,タメ,タメ
の	助詞,連体化,*,*,*,*,の,ノ,ノ
もの	名詞,非自立,一般,*,*,*,もの,モノ,モノ
」	記号,括弧閉,*,*,*,*,」,」,」
と	助詞,格助詞,引用,*,*,*,と,ト,ト
呼ん	動詞,自立,*,*,五段・バ行,連用タ接続,呼ぶ,ヨン,ヨン
だ	助動詞,*,*,*,特殊・タ,基本形,だ,ダ,ダ
。	記号,句点,*,*,*,*,。,。,。
「	記号,括弧開,*,*,*,*,「,「,「
さあ	感動詞,*,*,*,*,*,さあ,サア,サー
，	記号,読点,*,*,*,*,，,，,，
来	動詞,自立,*,*,カ変・来ル,連用形,来る,キ,キ
て	助詞,接続助詞,*,*,*,*,て,テ,テ
，	記号,読点,*,*,*,*,，,，,，
彼ら	名詞,代名詞,一般,*,*,*,彼ら,カレラ,カレラ
と共に	助詞,格助詞,連語,*,*,*,と共に,トトモニ,トトモニ
それ	名詞,代名詞,一般,*,*,*,それ,ソレ,ソレ
を	助詞,格助詞,一般,*,*,*,を,ヲ,ヲ
書き	動詞,自立,*,*,五段・カ行イ音便,連用形,書く,カキ,カキ
板	名詞,一般,*,*,*,*,板,イタ,イタ
の	助詞,連体化,*,*,*,*,の,ノ,ノ
上	名詞,非自立,副詞可能,*,*,*,上,ウエ,ウエ
に	助詞,格助詞,一般,*,*,*,に,ニ,ニ
書き	動詞,自立,*,*,五段・カ行イ音便,連用形,書く,カキ,カキ
，	記号,読点,*,*,*,*,，,，,，
それ	名詞,代名詞,一般,*,*,*,それ,ソレ,ソレ
を	助詞,格助詞,一般,*,*,*,を,ヲ,ヲ
書物	名詞,一般,*,*,*,*,書物,ショモツ,ショモツ
に	助詞,格助詞,一般,*,*,*,に,ニ,ニ
書き込め	動詞,自立,*,*,一段,連用形,書き込める,カキコメ,カキコメ
。	記号,句点,*,*,*,*,。,。,。
それ	名詞,代名詞,一般,*,*,*,それ,ソレ,ソレ
が	助詞,格助詞,一般,*,*,*,が,ガ,ガ
将来	名詞,副詞可能,*,*,*,*,将来,ショウライ,ショーライ
の	助詞,連体化,*,*,*,*,の,ノ,ノ
日	名詞,非自立,副詞可能,*,*,*,日,ヒ,ヒ
の	助詞,連体化,*,*,*,*,の,ノ,ノ
ため	名詞,非自立,副詞可能,*,*,*,ため,タメ,タメ
の	助詞,連体化,*,*,*,*,の,ノ,ノ
もの	名詞,非自立,一般,*,*,*,もの,モノ,モノ
と	助詞,格助詞,一般,*,*,*,と,ト,ト
なり	動詞,自立,*,*,五段・ラ行,連用形,なる,ナリ,ナリ
，	記号,読点,*,*,*,*,，,，,，
定め	名詞,一般,*,*,*,*,定め,サダメ,サダメ
の	助詞,格助詞,一般,*,*,*,の,ノ,ノ
ない	形容詞,自立,*,*,形容詞・アウオ段,基本形,ない,ナイ,ナイ
時	名詞,非自立,副詞可能,*,*,*,時,トキ,トキ
に	助詞,格助詞,一般,*,*,*,に,ニ,ニ
至る	動詞,自立,*,*,五段・ラ行,基本形,至る,イタル,イタル
まで	助詞,副助詞,*,*,*,*,まで,マデ,マデ
の	助詞,連体化,*,*,*,*,の,ノ,ノ
証し	動詞,自立,*,*,五段・サ行,連用形,証す,アカシ,アカシ
と	助詞,格助詞,一般,*,*,*,と,ト,ト
なる	動詞,自立,*,*,五段・ラ行,基本形,なる,ナル,ナル
ため	名詞,非自立,副詞可能,*,*,*,ため,タメ,タメ
で	助動詞,*,*,*,特殊・ダ,連用形,だ,デ,デ
ある	助動詞,*,*,*,五段・ラ行アル,基本形,ある,アル,アル
。	記号,句点,*,*,*,*,。,。,。
それ	名詞,代名詞,一般,*,*,*,それ,ソレ,ソレ
は	助詞,係助詞,*,*,*,*,は,ハ,ワ
反逆	名詞,サ変接続,*,*,*,*,反逆,ハンギャク,ハンギャク
の	助詞,連体化,*,*,*,*,の,ノ,ノ
民	名詞,一般,*,*,*,*,民,ミン,ミン
，	記号,読点,*,*,*,*,，,，,，
不	接頭詞,名詞接続,*,*,*,*,不,フ,フ
真実	名詞,一般,*,*,*,*,真実,シンジツ,シンジツ
の	助詞,連体化,*,*,*,*,の,ノ,ノ
子	名詞,一般,*,*,*,*,子,コ,コ
ら	名詞,接尾,一般,*,*,*,ら,ラ,ラ
，	記号,読点,*,*,*,*,，,，,，
エホバ	名詞,一般,*,*,*,*,エホバ,エホバ,エホバ
の	助詞,連体化,*,*,*,*,の,ノ,ノ
律	名詞,一般,*,*,*,*,律,リツ,リツ
法	名詞,接尾,一般,*,*,*,法,ホウ,ホー
を	助詞,格助詞,一般,*,*,*,を,ヲ,ヲ
聞こ	動詞,自立,*,*,五段・カ行イ音便,未然ウ接続,聞く,キコ,キコ
う	助動詞,*,*,*,不変化型,基本形,う,ウ,ウ
と	助詞,格助詞,一般,*,*,*,と,ト,ト
し	動詞,自立,*,*,サ変・スル,未然形,する,シ,シ
なかっ	助動詞,*,*,*,特殊・ナイ,連用タ接続,ない,ナカッ,ナカッ
た	助動詞,*,*,*,特殊・タ,基本形,た,タ,タ
子	名詞,一般,*,*,*,*,子,コ,コ
ら	名詞,接尾,一般,*,*,*,ら,ラ,ラ
だ	助動詞,*,*,*,特殊・ダ,基本形,だ,ダ,ダ
から	助詞,接続助詞,*,*,*,*,から,カラ,カラ
で	助動詞,*,*,*,特殊・ダ,連用形,だ,デ,デ
ある	助動詞,*,*,*,五段・ラ行アル,基本形,ある,アル,アル
。	記号,句点,*,*,*,*,。,。,。
彼ら	名詞,代名詞,一般,*,*,*,彼ら,カレラ,カレラ
は	助詞,係助詞,*,*,*,*,は,ハ,ワ
，	記号,読点,*,*,*,*,，,，,，
見る	動詞,自立,*,*,一段,基本形,見る,ミル,ミル
者	名詞,一般,*,*,*,*,者,モノ,モノ
たち	名詞,接尾,一般,*,*,*,たち,タチ,タチ
に	助詞,格助詞,一般,*,*,*,に,ニ,ニ
向かっ	動詞,自立,*,*,五段・ワ行促音便,連用タ接続,向かう,ムカッ,ムカッ
て	助詞,接続助詞,*,*,*,*,て,テ,テ
，	記号,読点,*,*,*,*,，,，,，
『	記号,括弧開,*,*,*,*,『,『,『
あなた	名詞,代名詞,一般,*,*,*,あなた,アナタ,アナタ
方	名詞,接尾,一般,*,*,*,方,カタ,カタ
は	助詞,係助詞,*,*,*,*,は,ハ,ワ
見	動詞,自立,*,*,一段,連用形,見る,ミ,ミ
て	助詞,接続助詞,*,*,*,*,て,テ,テ
は	助詞,係助詞,*,*,*,*,は,ハ,ワ
なら	動詞,非自立,*,*,五段・ラ行,未然形,なる,ナラ,ナラ
ない	助動詞,*,*,*,特殊・ナイ,基本形,ない,ナイ,ナイ
』	記号,括弧閉,*,*,*,*,』,』,』
と	助詞,格助詞,引用,*,*,*,と,ト,ト
言い	動詞,自立,*,*,五段・ワ行促音便,連用形,言う,イイ,イイ
，	記号,読点,*,*,*,*,，,，,，
幻	名詞,一般,*,*,*,*,幻,マボロシ,マボロシ
を	助詞,格助詞,一般,*,*,*,を,ヲ,ヲ
受ける	動詞,自立,*,*,一段,基本形,受ける,ウケル,ウケル
者	名詞,一般,*,*,*,*,者,モノ,モノ
たち	名詞,接尾,一般,*,*,*,たち,タチ,タチ
に	助詞,格助詞,一般,*,*,*,に,ニ,ニ
向かっ	動詞,自立,*,*,五段・ワ行促音便,連用タ接続,向かう,ムカッ,ムカッ
て	助詞,接続助詞,*,*,*,*,て,テ,テ
，	記号,読点,*,*,*,*,，,，,，
『	記号,括弧開,*,*,*,*,『,『,『
あなた	名詞,代名詞,一般,*,*,*,あなた,アナタ,アナタ
方	名詞,接尾,一般,*,*,*,方,カタ,カタ
は	助詞,係助詞,*,*,*,*,は,ハ,ワ
わたし	名詞,代名詞,一般,*,*,*,わたし,ワタシ,ワタシ
たち	名詞,接尾,一般,*,*,*,たち,タチ,タチ
の	助詞,連体化,*,*,*,*,の,ノ,ノ
ため	名詞,非自立,副詞可能,*,*,*,ため,タメ,タメ
に	助詞,格助詞,一般,*,*,*,に,ニ,ニ
正直	名詞,形容動詞語幹,*,*,*,*,正直,ショウジキ,ショージキ
な	助動詞,*,*,*,特殊・ダ,体言接続,だ,ナ,ナ
こと	名詞,非自立,一般,*,*,*,こと,コト,コト
を	助詞,格助詞,一般,*,*,*,を,ヲ,ヲ
幻	名詞,一般,*,*,*,*,幻,マボロシ,マボロシ
で	助詞,格助詞,一般,*,*,*,で,デ,デ
見	動詞,自立,*,*,一段,連用形,見る,ミ,ミ
て	助詞,接続助詞,*,*,*,*,て,テ,テ
は	助詞,係助詞,*,*,*,*,は,ハ,ワ
なら	動詞,非自立,*,*,五段・ラ行,未然形,なる,ナラ,ナラ
ない	助動詞,*,*,*,特殊・ナイ,基本形,ない,ナイ,ナイ
。	記号,句点,*,*,*,*,。,。,。
滑らか	名詞,形容動詞語幹,*,*,*,*,滑らか,ナメラカ,ナメラカ
な	助動詞,*,*,*,特殊・ダ,体言接続,だ,ナ,ナ
こと	名詞,非自立,一般,*,*,*,こと,コト,コト
を	助詞,格助詞,一般,*,*,*,を,ヲ,ヲ
わたし	名詞,代名詞,一般,*,*,*,わたし,ワタシ,ワタシ
たち	名詞,接尾,一般,*,*,*,たち,タチ,タチ
に	助詞,格助詞,一般,*,*,*,に,ニ,ニ
話せ	動詞,自立,*,*,五段・サ行,命令ｅ,話す,ハナセ,ハナセ
。	記号,句点,*,*,*,*,。,。,。
欺き	動詞,自立,*,*,五段・カ行イ音便,連用形,欺く,アザムキ,アザムキ
を	助詞,格助詞,一般,*,*,*,を,ヲ,ヲ
幻	名詞,一般,*,*,*,*,幻,マボロシ,マボロシ
で	助詞,格助詞,一般,*,*,*,で,デ,デ
見よ	動詞,自立,*,*,一段,命令ｙｏ,見る,ミヨ,ミヨ
。	記号,句点,*,*,*,*,。,。,。
道	名詞,一般,*,*,*,*,道,ミチ,ミチ
から	助詞,格助詞,一般,*,*,*,から,カラ,カラ
それ	名詞,代名詞,一般,*,*,*,それ,ソレ,ソレ
，	記号,読点,*,*,*,*,，,，,，
道筋	名詞,一般,*,*,*,*,道筋,ミチスジ,ミチスジ
から	助詞,格助詞,一般,*,*,*,から,カラ,カラ
外れ	動詞,自立,*,*,一段,連用形,外れる,ハズレ,ハズレ
よ	助詞,終助詞,*,*,*,*,よ,ヨ,ヨ
。	記号,句点,*,*,*,*,。,。,。
ただ	接続詞,*,*,*,*,*,ただ,タダ,タダ
我々	名詞,代名詞,一般,*,*,*,我々,ワレワレ,ワレワレ
の	助詞,連体化,*,*,*,*,の,ノ,ノ
ため	名詞,非自立,副詞可能,*,*,*,ため,タメ,タメ
に	助詞,格助詞,一般,*,*,*,に,ニ,ニ
，	記号,読点,*,*,*,*,，,，,，
イスラエル	名詞,固有名詞,地域,国,*,*,イスラエル,イスラエル,イスラエル
の	助詞,連体化,*,*,*,*,の,ノ,ノ
聖なる	連体詞,*,*,*,*,*,聖なる,セイナル,セイナル
方	名詞,非自立,一般,*,*,*,方,ホウ,ホー
を	助詞,格助詞,一般,*,*,*,を,ヲ,ヲ
い	動詞,自立,*,*,一段,未然形,いる,イ,イ
ない	助動詞,*,*,*,特殊・ナイ,基本形,ない,ナイ,ナイ
者	名詞,非自立,一般,*,*,*,者,モノ,モノ
と	助詞,格助詞,一般,*,*,*,と,ト,ト
せよ	動詞,自立,*,*,サ変・スル,命令ｙｏ,する,セヨ,セヨ
』	記号,括弧閉,*,*,*,*,』,』,』
[	名詞,サ変接続,*,*,*,*,*
と	助詞,格助詞,引用,*,*,*,と,ト,ト
言う	動詞,自立,*,*,五段・ワ行促音便,基本形,言う,イウ,イウ
]」。	名詞,サ変接続,*,*,*,*,*
それ	名詞,代名詞,一般,*,*,*,それ,ソレ,ソレ
ゆえ	名詞,接尾,一般,*,*,*,ゆえ,ユエ,ユエ
，	記号,読点,*,*,*,*,，,，,，
イスラエル	名詞,固有名詞,地域,国,*,*,イスラエル,イスラエル,イスラエル
の	助詞,連体化,*,*,*,*,の,ノ,ノ
聖なる	連体詞,*,*,*,*,*,聖なる,セイナル,セイナル
方	名詞,非自立,一般,*,*,*,方,ホウ,ホー
は	助詞,係助詞,*,*,*,*,は,ハ,ワ
こう	副詞,助詞類接続,*,*,*,*,こう,コウ,コー
言わ	動詞,自立,*,*,五段・ワ行促音便,未然形,言う,イワ,イワ
れ	動詞,接尾,*,*,一段,連用形,れる,レ,レ
た	助動詞,*,*,*,特殊・タ,基本形,た,タ,タ
。	記号,句点,*,*,*,*,。,。,。
「	記号,括弧開,*,*,*,*,「,「,「
あなた	名詞,代名詞,一般,*,*,*,あなた,アナタ,アナタ
方	名詞,接尾,一般,*,*,*,方,カタ,カタ
は	助詞,係助詞,*,*,*,*,は,ハ,ワ
この	連体詞,*,*,*,*,*,この,コノ,コノ
言葉	名詞,一般,*,*,*,*,言葉,コトバ,コトバ
を	助詞,格助詞,一般,*,*,*,を,ヲ,ヲ
退け	動詞,自立,*,*,一段,連用形,退ける,シリゾケ,シリゾケ
，	記号,読点,*,*,*,*,，,，,，
だまし取る	動詞,自立,*,*,五段・ラ行,基本形,だまし取る,ダマシトル,ダマシトル
こと	名詞,非自立,一般,*,*,*,こと,コト,コト
と	助詞,格助詞,引用,*,*,*,と,ト,ト
ねじれ	動詞,自立,*,*,一段,連用形,ねじれる,ネジレ,ネジレ
た	助動詞,*,*,*,特殊・タ,基本形,た,タ,タ
こと	名詞,非自立,一般,*,*,*,こと,コト,コト
と	助詞,並立助詞,*,*,*,*,と,ト,ト
に	助詞,格助詞,一般,*,*,*,に,ニ,ニ
依り	動詞,自立,*,*,五段・ラ行,連用形,依る,ヨリ,ヨリ
頼み	名詞,一般,*,*,*,*,頼み,タノミ,タノミ
，	記号,読点,*,*,*,*,，,，,，
それ	名詞,代名詞,一般,*,*,*,それ,ソレ,ソレ
に	助詞,格助詞,一般,*,*,*,に,ニ,ニ
寄り掛かっ	動詞,自立,*,*,五段・ラ行,連用タ接続,寄り掛かる,ヨリカカッ,ヨリカカッ
た	助動詞,*,*,*,特殊・タ,基本形,た,タ,タ
ので	助詞,接続助詞,*,*,*,*,ので,ノデ,ノデ
，	記号,読点,*,*,*,*,，,，,，
それ	名詞,代名詞,一般,*,*,*,それ,ソレ,ソレ
ゆえ	名詞,接尾,一般,*,*,*,ゆえ,ユエ,ユエ
に	助詞,格助詞,一般,*,*,*,に,ニ,ニ
，	記号,読点,*,*,*,*,，,，,，
この	連体詞,*,*,*,*,*,この,コノ,コノ
と	助詞,並立助詞,*,*,*,*,と,ト,ト
が	助詞,格助詞,一般,*,*,*,が,ガ,ガ
は	助詞,係助詞,*,*,*,*,は,ハ,ワ
あなた	名詞,代名詞,一般,*,*,*,あなた,アナタ,アナタ
方	名詞,接尾,一般,*,*,*,方,カタ,カタ
にとって	助詞,格助詞,連語,*,*,*,にとって,ニトッテ,ニトッテ
，	記号,読点,*,*,*,*,，,，,，
今にも	副詞,一般,*,*,*,*,今にも,イマニモ,イマニモ
落ち	動詞,自立,*,*,一段,連用形,落ちる,オチ,オチ
て	助詞,接続助詞,*,*,*,*,て,テ,テ
来る	動詞,非自立,*,*,カ変・来ル,基本形,来る,クル,クル
破片	名詞,一般,*,*,*,*,破片,ハヘン,ハヘン
，	記号,読点,*,*,*,*,，,，,，
高く	形容詞,自立,*,*,形容詞・アウオ段,連用テ接続,高い,タカク,タカク
上げ	動詞,自立,*,*,一段,未然形,上げる,アゲ,アゲ
られ	動詞,接尾,*,*,一段,連用形,られる,ラレ,ラレ
た	助動詞,*,*,*,特殊・タ,基本形,た,タ,タ
城壁	名詞,一般,*,*,*,*,城壁,ジョウヘキ,ジョーヘキ
の	助詞,連体化,*,*,*,*,の,ノ,ノ
中	名詞,非自立,副詞可能,*,*,*,中,ナカ,ナカ
の	助詞,連体化,*,*,*,*,の,ノ,ノ
膨れ	動詞,自立,*,*,一段,連用形,膨れる,フクレ,フクレ
の	助詞,連体化,*,*,*,*,の,ノ,ノ
よう	名詞,非自立,助動詞語幹,*,*,*,よう,ヨウ,ヨー
に	助詞,格助詞,一般,*,*,*,に,ニ,ニ
なり	動詞,自立,*,*,五段・ラ行,連用形,なる,ナリ,ナリ
，	記号,読点,*,*,*,*,，,，,，
その	連体詞,*,*,*,*,*,その,ソノ,ソノ
崩壊	名詞,サ変接続,*,*,*,*,崩壊,ホウカイ,ホーカイ
は	助詞,係助詞,*,*,*,*,は,ハ,ワ
突然	副詞,助詞類接続,*,*,*,*,突然,トツゼン,トツゼン
，	記号,読点,*,*,*,*,，,，,，
たちどころに	副詞,一般,*,*,*,*,たちどころに,タチドコロニ,タチドコロニ
来る	動詞,自立,*,*,カ変・来ル,基本形,来る,クル,クル
かも	助詞,副助詞,*,*,*,*,かも,カモ,カモ
しれ	動詞,自立,*,*,一段,未然形,しれる,シレ,シレ
ない	助動詞,*,*,*,特殊・ナイ,基本形,ない,ナイ,ナイ
。	記号,句点,*,*,*,*,。,。,。
そして	接続詞,*,*,*,*,*,そして,ソシテ,ソシテ
，	名詞,数,*,*,*,*,，,，,，
人	名詞,接尾,助数詞,*,*,*,人,ニン,ニン
は	助詞,係助詞,*,*,*,*,は,ハ,ワ
陶器	名詞,一般,*,*,*,*,陶器,トウキ,トーキ
師	名詞,接尾,一般,*,*,*,師,シ,シ
たち	名詞,接尾,一般,*,*,*,たち,タチ,タチ
の	助詞,連体化,*,*,*,*,の,ノ,ノ
大きな	連体詞,*,*,*,*,*,大きな,オオキナ,オーキナ
かめ	名詞,一般,*,*,*,*,かめ,カメ,カメ
を	助詞,格助詞,一般,*,*,*,を,ヲ,ヲ
壊す	動詞,自立,*,*,五段・サ行,基本形,壊す,コワス,コワス
とき	名詞,非自立,副詞可能,*,*,*,とき,トキ,トキ
の	助詞,連体化,*,*,*,*,の,ノ,ノ
よう	名詞,非自立,助動詞語幹,*,*,*,よう,ヨウ,ヨー
に	助詞,副詞化,*,*,*,*,に,ニ,ニ
，	記号,読点,*,*,*,*,，,，,，
必ず	副詞,助詞類接続,*,*,*,*,必ず,カナラズ,カナラズ
それ	名詞,代名詞,一般,*,*,*,それ,ソレ,ソレ
を	助詞,格助詞,一般,*,*,*,を,ヲ,ヲ
壊し	動詞,自立,*,*,五段・サ行,連用形,壊す,コワシ,コワシ
，	記号,読点,*,*,*,*,，,，,，
[	名詞,サ変接続,*,*,*,*,*
それ	名詞,代名詞,一般,*,*,*,それ,ソレ,ソレ
は	助詞,係助詞,*,*,*,*,は,ハ,ワ
]	名詞,サ変接続,*,*,*,*,*
人	名詞,接尾,一般,*,*,*,人,ジン,ジン
に	助詞,格助詞,一般,*,*,*,に,ニ,ニ
惜しま	動詞,自立,*,*,五段・マ行,未然形,惜しむ,オシマ,オシマ
れ	動詞,接尾,*,*,一段,未然形,れる,レ,レ
ず	助動詞,*,*,*,特殊・ヌ,連用ニ接続,ぬ,ズ,ズ
に	助詞,格助詞,一般,*,*,*,に,ニ,ニ
打ち砕か	動詞,自立,*,*,五段・カ行イ音便,未然形,打ち砕く,ウチクダカ,ウチクダカ
れ	動詞,接尾,*,*,一段,連用形,れる,レ,レ
，	記号,読点,*,*,*,*,，,，,，
その	連体詞,*,*,*,*,*,その,ソノ,ソノ
打ち砕か	動詞,自立,*,*,五段・カ行イ音便,未然形,打ち砕く,ウチクダカ,ウチクダカ
れ	動詞,接尾,*,*,一段,連用形,れる,レ,レ
た	助動詞,*,*,*,特殊・タ,基本形,た,タ,タ
破片	名詞,一般,*,*,*,*,破片,ハヘン,ハヘン
の	助詞,連体化,*,*,*,*,の,ノ,ノ
中	名詞,非自立,副詞可能,*,*,*,中,ナカ,ナカ
に	助詞,格助詞,一般,*,*,*,に,ニ,ニ
は	助詞,係助詞,*,*,*,*,は,ハ,ワ
，	記号,読点,*,*,*,*,，,，,，
炉	名詞,一般,*,*,*,*,炉,ロ,ロ
から	助詞,格助詞,一般,*,*,*,から,カラ,カラ
火	名詞,一般,*,*,*,*,火,ヒ,ヒ
を	助詞,格助詞,一般,*,*,*,を,ヲ,ヲ
かき集める	動詞,自立,*,*,一段,基本形,かき集める,カキアツメル,カキアツメル
ため	名詞,非自立,副詞可能,*,*,*,ため,タメ,タメ
の	助詞,連体化,*,*,*,*,の,ノ,ノ
，	記号,読点,*,*,*,*,，,，,，
あるいは	接続詞,*,*,*,*,*,あるいは,アルイハ,アルイワ
沼沢	名詞,一般,*,*,*,*,沼沢,ショウタク,ショータク
地	名詞,接尾,一般,*,*,*,地,チ,チ
から	助詞,格助詞,一般,*,*,*,から,カラ,カラ
水	名詞,一般,*,*,*,*,水,ミズ,ミズ
を	助詞,格助詞,一般,*,*,*,を,ヲ,ヲ
すくい	動詞,自立,*,*,五段・ワ行促音便,連用形,すくう,スクイ,スクイ
取る	動詞,自立,*,*,五段・ラ行,基本形,取る,トル,トル
ため	名詞,非自立,副詞可能,*,*,*,ため,タメ,タメ
の	助詞,連体化,*,*,*,*,の,ノ,ノ
土器	名詞,一般,*,*,*,*,土器,ドキ,ドキ
の	助詞,連体化,*,*,*,*,の,ノ,ノ
一	名詞,数,*,*,*,*,一,イチ,イチ
かけ	名詞,接尾,助数詞,*,*,*,かけ,カケ,カケ
ら	名詞,接尾,一般,*,*,*,ら,ラ,ラ
も	助詞,係助詞,*,*,*,*,も,モ,モ
見いだせ	動詞,自立,*,*,一段,未然形,見いだせる,ミイダセ,ミイダセ
ない	助動詞,*,*,*,特殊・ナイ,基本形,ない,ナイ,ナイ
で	助動詞,*,*,*,特殊・ダ,連用形,だ,デ,デ
あろ	助動詞,*,*,*,五段・ラ行アル,未然ウ接続,ある,アロ,アロ
う	助動詞,*,*,*,不変化型,基本形,う,ウ,ウ
」	記号,括弧閉,*,*,*,*,」,」,」
。	記号,句点,*,*,*,*,。,。,。
主権	名詞,一般,*,*,*,*,主権,シュケン,シュケン
者	名詞,接尾,一般,*,*,*,者,シャ,シャ
なる	助動詞,*,*,*,文語・ナリ,体言接続,なり,ナル,ナル
主	接頭詞,名詞接続,*,*,*,*,主,シュ,シュ
エホバ	名詞,一般,*,*,*,*,エホバ,エホバ,エホバ
，	記号,読点,*,*,*,*,，,，,，
イスラエル	名詞,固有名詞,地域,国,*,*,イスラエル,イスラエル,イスラエル
の	助詞,連体化,*,*,*,*,の,ノ,ノ
聖なる	連体詞,*,*,*,*,*,聖なる,セイナル,セイナル
方	名詞,非自立,一般,*,*,*,方,ホウ,ホー
は	助詞,係助詞,*,*,*,*,は,ハ,ワ
この	連体詞,*,*,*,*,*,この,コノ,コノ
よう	名詞,非自立,助動詞語幹,*,*,*,よう,ヨウ,ヨー
に	助詞,副詞化,*,*,*,*,に,ニ,ニ
言わ	動詞,自立,*,*,五段・ワ行促音便,未然形,言う,イワ,イワ
れ	動詞,接尾,*,*,一段,連用形,れる,レ,レ
た	助動詞,*,*,*,特殊・タ,基本形,た,タ,タ
から	助詞,接続助詞,*,*,*,*,から,カラ,カラ
で	助動詞,*,*,*,特殊・ダ,連用形,だ,デ,デ
ある	助動詞,*,*,*,五段・ラ行アル,基本形,ある,アル,アル
。	記号,句点,*,*,*,*,。,。,。
「	記号,括弧開,*,*,*,*,「,「,「
帰っ	動詞,自立,*,*,五段・ラ行,連用タ接続,帰る,カエッ,カエッ
て	助詞,接続助詞,*,*,*,*,て,テ,テ
来	動詞,非自立,*,*,カ変・来ル,連用形,来る,キ,キ
て	助詞,接続助詞,*,*,*,*,て,テ,テ
休息	名詞,サ変接続,*,*,*,*,休息,キュウソク,キューソク
する	動詞,自立,*,*,サ変・スル,基本形,する,スル,スル
こと	名詞,非自立,一般,*,*,*,こと,コト,コト
によって	助詞,格助詞,連語,*,*,*,によって,ニヨッテ,ニヨッテ
あなた	名詞,代名詞,一般,*,*,*,あなた,アナタ,アナタ
方	名詞,接尾,一般,*,*,*,方,カタ,カタ
は	助詞,係助詞,*,*,*,*,は,ハ,ワ
救わ	動詞,自立,*,*,五段・ワ行促音便,未然形,救う,スクワ,スクワ
れる	動詞,接尾,*,*,一段,基本形,れる,レル,レル
。	記号,句点,*,*,*,*,。,。,。
あなた	名詞,代名詞,一般,*,*,*,あなた,アナタ,アナタ
方	名詞,接尾,一般,*,*,*,方,カタ,カタ
の	助詞,連体化,*,*,*,*,の,ノ,ノ
力強	形容詞,自立,*,*,形容詞・アウオ段,ガル接続,力強い,チカラヅヨ,チカラズヨ
さ	名詞,接尾,特殊,*,*,*,さ,サ,サ
は	助詞,係助詞,*,*,*,*,は,ハ,ワ
，	記号,読点,*,*,*,*,，,，,，
ただ	接続詞,*,*,*,*,*,ただ,タダ,タダ
かき乱さ	動詞,自立,*,*,五段・サ行,未然形,かき乱す,カキミダサ,カキミダサ
れ	動詞,接尾,*,*,一段,未然形,れる,レ,レ
ない	助動詞,*,*,*,特殊・ナイ,連用デ接続,ない,ナイ,ナイ
で	助詞,接続助詞,*,*,*,*,で,デ,デ
いる	動詞,非自立,*,*,一段,基本形,いる,イル,イル
こと	名詞,非自立,一般,*,*,*,こと,コト,コト
と	助詞,格助詞,引用,*,*,*,と,ト,ト
信頼	名詞,サ変接続,*,*,*,*,信頼,シンライ,シンライ
し	動詞,自立,*,*,サ変・スル,連用形,する,シ,シ
て	助詞,接続助詞,*,*,*,*,て,テ,テ
いる	動詞,非自立,*,*,一段,基本形,いる,イル,イル
こと	名詞,非自立,一般,*,*,*,こと,コト,コト
に	助詞,格助詞,一般,*,*,*,に,ニ,ニ
ある	動詞,自立,*,*,五段・ラ行,基本形,ある,アル,アル
」	記号,括弧閉,*,*,*,*,」,」,」
。	記号,句点,*,*,*,*,。,。,。
しかし	接続詞,*,*,*,*,*,しかし,シカシ,シカシ
，	記号,読点,*,*,*,*,，,，,，
あなた	名詞,代名詞,一般,*,*,*,あなた,アナタ,アナタ
方	名詞,接尾,一般,*,*,*,方,カタ,カタ
は	助詞,係助詞,*,*,*,*,は,ハ,ワ
そう	副詞,助詞類接続,*,*,*,*,そう,ソウ,ソー
しよ	動詞,自立,*,*,サ変・スル,未然ウ接続,する,シヨ,シヨ
う	助動詞,*,*,*,不変化型,基本形,う,ウ,ウ
と	助詞,格助詞,引用,*,*,*,と,ト,ト
は	助詞,係助詞,*,*,*,*,は,ハ,ワ
し	動詞,自立,*,*,サ変・スル,未然形,する,シ,シ
なかっ	助動詞,*,*,*,特殊・ナイ,連用タ接続,ない,ナカッ,ナカッ
た	助動詞,*,*,*,特殊・タ,基本形,た,タ,タ
。	記号,句点,*,*,*,*,。,。,。
そして	接続詞,*,*,*,*,*,そして,ソシテ,ソシテ
，	記号,読点,*,*,*,*,，,，,，
あなた	名詞,代名詞,一般,*,*,*,あなた,アナタ,アナタ
方	名詞,接尾,一般,*,*,*,方,カタ,カタ
は	助詞,係助詞,*,*,*,*,は,ハ,ワ
言っ	動詞,自立,*,*,五段・ワ行促音便,連用タ接続,言う,イッ,イッ
た	助動詞,*,*,*,特殊・タ,基本形,た,タ,タ
，	記号,読点,*,*,*,*,，,，,，
「	記号,括弧開,*,*,*,*,「,「,「
いや	接続詞,*,*,*,*,*,いや,イヤ,イヤ
，	記号,読点,*,*,*,*,，,，,，
我々	名詞,代名詞,一般,*,*,*,我々,ワレワレ,ワレワレ
は	助詞,係助詞,*,*,*,*,は,ハ,ワ
馬	名詞,一般,*,*,*,*,馬,ウマ,ウマ
に	助詞,格助詞,一般,*,*,*,に,ニ,ニ
乗っ	動詞,自立,*,*,五段・ラ行,連用タ接続,乗る,ノッ,ノッ
て	助詞,接続助詞,*,*,*,*,て,テ,テ
逃げる	動詞,自立,*,*,一段,基本形,逃げる,ニゲル,ニゲル
の	名詞,非自立,一般,*,*,*,の,ノ,ノ
だ	助動詞,*,*,*,特殊・ダ,基本形,だ,ダ,ダ
！	記号,一般,*,*,*,*,！,！,！
」	記号,括弧閉,*,*,*,*,」,」,」
と	助詞,格助詞,引用,*,*,*,と,ト,ト
。	記号,句点,*,*,*,*,。,。,。
それ	名詞,代名詞,一般,*,*,*,それ,ソレ,ソレ
ゆえ	名詞,接尾,一般,*,*,*,ゆえ,ユエ,ユエ
に	助詞,格助詞,一般,*,*,*,に,ニ,ニ
，	記号,読点,*,*,*,*,，,，,，
あなた	名詞,代名詞,一般,*,*,*,あなた,アナタ,アナタ
方	名詞,接尾,一般,*,*,*,方,カタ,カタ
は	助詞,係助詞,*,*,*,*,は,ハ,ワ
逃げる	動詞,自立,*,*,一段,基本形,逃げる,ニゲル,ニゲル
で	助動詞,*,*,*,特殊・ダ,連用形,だ,デ,デ
あろ	助動詞,*,*,*,五段・ラ行アル,未然ウ接続,ある,アロ,アロ
う	助動詞,*,*,*,不変化型,基本形,う,ウ,ウ
。	記号,句点,*,*,*,*,。,。,。
「	記号,括弧開,*,*,*,*,「,「,「
そして	接続詞,*,*,*,*,*,そして,ソシテ,ソシテ
，	記号,読点,*,*,*,*,，,，,，
我々	名詞,代名詞,一般,*,*,*,我々,ワレワレ,ワレワレ
は	助詞,係助詞,*,*,*,*,は,ハ,ワ
速い	形容詞,自立,*,*,形容詞・アウオ段,基本形,速い,ハヤイ,ハヤイ
[	名詞,サ変接続,*,*,*,*,*
馬	名詞,接尾,一般,*,*,*,馬,バ,バ
]	名詞,サ変接続,*,*,*,*,*
に	助詞,格助詞,一般,*,*,*,に,ニ,ニ
乗る	動詞,自立,*,*,五段・ラ行,基本形,乗る,ノル,ノル
の	名詞,非自立,一般,*,*,*,の,ノ,ノ
だ	助動詞,*,*,*,特殊・ダ,基本形,だ,ダ,ダ
！	記号,一般,*,*,*,*,！,！,！
」	記号,括弧閉,*,*,*,*,」,」,」
と	助詞,格助詞,引用,*,*,*,と,ト,ト
。	記号,句点,*,*,*,*,。,。,。
それ	名詞,代名詞,一般,*,*,*,それ,ソレ,ソレ
ゆえ	名詞,接尾,一般,*,*,*,ゆえ,ユエ,ユエ
に	助詞,格助詞,一般,*,*,*,に,ニ,ニ
，	記号,読点,*,*,*,*,，,，,，
あなた	名詞,代名詞,一般,*,*,*,あなた,アナタ,アナタ
方	名詞,接尾,一般,*,*,*,方,カタ,カタ
を	助詞,格助詞,一般,*,*,*,を,ヲ,ヲ
追いかける	動詞,自立,*,*,一段,基本形,追いかける,オイカケル,オイカケル
者	名詞,一般,*,*,*,*,者,モノ,モノ
たち	名詞,接尾,一般,*,*,*,たち,タチ,タチ
も	助詞,係助詞,*,*,*,*,も,モ,モ
自分	名詞,一般,*,*,*,*,自分,ジブン,ジブン
が	助詞,格助詞,一般,*,*,*,が,ガ,ガ
速い	形容詞,自立,*,*,形容詞・アウオ段,基本形,速い,ハヤイ,ハヤイ
こと	名詞,非自立,一般,*,*,*,こと,コト,コト
を	助詞,格助詞,一般,*,*,*,を,ヲ,ヲ
示す	動詞,自立,*,*,五段・サ行,基本形,示す,シメス,シメス
で	助動詞,*,*,*,特殊・ダ,連用形,だ,デ,デ
あろ	助動詞,*,*,*,五段・ラ行アル,未然ウ接続,ある,アロ,アロ
う	助動詞,*,*,*,不変化型,基本形,う,ウ,ウ
。	記号,句点,*,*,*,*,。,。,。
一	名詞,数,*,*,*,*,一,イチ,イチ
人	名詞,接尾,助数詞,*,*,*,人,ニン,ニン
の	助詞,連体化,*,*,*,*,の,ノ,ノ
叱責	名詞,サ変接続,*,*,*,*,叱責,シッセキ,シッセキ
の	助詞,連体化,*,*,*,*,の,ノ,ノ
ため	名詞,非自立,副詞可能,*,*,*,ため,タメ,タメ
に	助詞,格助詞,一般,*,*,*,に,ニ,ニ
千	名詞,数,*,*,*,*,千,セン,セン
人	名詞,接尾,助数詞,*,*,*,人,ニン,ニン
が	助詞,格助詞,一般,*,*,*,が,ガ,ガ
おののき	動詞,自立,*,*,五段・カ行イ音便,連用形,おののく,オノノキ,オノノキ
，	記号,読点,*,*,*,*,，,，,，
五	名詞,数,*,*,*,*,五,ゴ,ゴ
人	名詞,接尾,助数詞,*,*,*,人,ニン,ニン
の	助詞,連体化,*,*,*,*,の,ノ,ノ
叱責	名詞,サ変接続,*,*,*,*,叱責,シッセキ,シッセキ
の	助詞,連体化,*,*,*,*,の,ノ,ノ
ため	名詞,非自立,副詞可能,*,*,*,ため,タメ,タメ
に	助詞,格助詞,一般,*,*,*,に,ニ,ニ
あなた	名詞,代名詞,一般,*,*,*,あなた,アナタ,アナタ
方	名詞,接尾,一般,*,*,*,方,カタ,カタ
は	助詞,係助詞,*,*,*,*,は,ハ,ワ
逃げ	動詞,自立,*,*,一段,連用形,逃げる,ニゲ,ニゲ
，	記号,読点,*,*,*,*,，,，,，
ついに	副詞,一般,*,*,*,*,ついに,ツイニ,ツイニ
は	助詞,係助詞,*,*,*,*,は,ハ,ワ
山	名詞,一般,*,*,*,*,山,ヤマ,ヤマ
の	助詞,連体化,*,*,*,*,の,ノ,ノ
頂	名詞,一般,*,*,*,*,頂,イタダキ,イタダキ
の	助詞,連体化,*,*,*,*,の,ノ,ノ
旗	名詞,一般,*,*,*,*,旗,ハタ,ハタ
柱	名詞,接尾,一般,*,*,*,柱,バシラ,バシラ
の	助詞,連体化,*,*,*,*,の,ノ,ノ
よう	名詞,非自立,助動詞語幹,*,*,*,よう,ヨウ,ヨー
に	助詞,副詞化,*,*,*,*,に,ニ,ニ
，	記号,読点,*,*,*,*,，,，,，
丘	名詞,一般,*,*,*,*,丘,オカ,オカ
の	助詞,連体化,*,*,*,*,の,ノ,ノ
上	名詞,非自立,副詞可能,*,*,*,上,ウエ,ウエ
の	助詞,連体化,*,*,*,*,の,ノ,ノ
旗	名詞,一般,*,*,*,*,旗,ハタ,ハタ
じ	助動詞,*,*,*,不変化型,基本形,じ,ジ,ジ
る	助動詞,*,*,*,文語・ル,基本形,る,ル,ル
し	助詞,接続助詞,*,*,*,*,し,シ,シ
の	助詞,連体化,*,*,*,*,の,ノ,ノ
よう	名詞,非自立,助動詞語幹,*,*,*,よう,ヨウ,ヨー
に	助詞,格助詞,一般,*,*,*,に,ニ,ニ
残る	動詞,自立,*,*,五段・ラ行,基本形,残る,ノコル,ノコル
こと	名詞,非自立,一般,*,*,*,こと,コト,コト
に	助詞,格助詞,一般,*,*,*,に,ニ,ニ
なる	動詞,自立,*,*,五段・ラ行,基本形,なる,ナル,ナル
。	記号,句点,*,*,*,*,。,。,。
そして	接続詞,*,*,*,*,*,そして,ソシテ,ソシテ
，	記号,読点,*,*,*,*,，,，,，
それ	名詞,代名詞,一般,*,*,*,それ,ソレ,ソレ
ゆえ	名詞,接尾,一般,*,*,*,ゆえ,ユエ,ユエ
に	助詞,格助詞,一般,*,*,*,に,ニ,ニ
エホバ	名詞,一般,*,*,*,*,エホバ,エホバ,エホバ
は	助詞,係助詞,*,*,*,*,は,ハ,ワ
あなた	名詞,代名詞,一般,*,*,*,あなた,アナタ,アナタ
方	名詞,接尾,一般,*,*,*,方,カタ,カタ
に	助詞,格助詞,一般,*,*,*,に,ニ,ニ
恵み	名詞,一般,*,*,*,*,恵み,メグミ,メグミ
を	助詞,格助詞,一般,*,*,*,を,ヲ,ヲ
示そ	動詞,自立,*,*,五段・サ行,未然ウ接続,示す,シメソ,シメソ
う	助動詞,*,*,*,不変化型,基本形,う,ウ,ウ
と	助詞,格助詞,引用,*,*,*,と,ト,ト
待ち望み	動詞,自立,*,*,五段・マ行,連用形,待ち望む,マチノゾミ,マチノゾミ
，	記号,読点,*,*,*,*,，,，,，
それ	名詞,代名詞,一般,*,*,*,それ,ソレ,ソレ
ゆえ	名詞,接尾,一般,*,*,*,ゆえ,ユエ,ユエ
に	助詞,格助詞,一般,*,*,*,に,ニ,ニ
あなた	名詞,代名詞,一般,*,*,*,あなた,アナタ,アナタ
方	名詞,接尾,一般,*,*,*,方,カタ,カタ
に	助詞,格助詞,一般,*,*,*,に,ニ,ニ
憐れみ	動詞,自立,*,*,五段・マ行,連用形,憐れむ,アワレミ,アワレミ
を	助詞,格助詞,一般,*,*,*,を,ヲ,ヲ
示そ	動詞,自立,*,*,五段・サ行,未然ウ接続,示す,シメソ,シメソ
う	助動詞,*,*,*,不変化型,基本形,う,ウ,ウ
と	助詞,格助詞,一般,*,*,*,と,ト,ト
立ち上がる	動詞,自立,*,*,五段・ラ行,基本形,立ち上がる,タチアガル,タチアガル
。	記号,句点,*,*,*,*,。,。,。
エホバ	名詞,一般,*,*,*,*,エホバ,エホバ,エホバ
は	助詞,係助詞,*,*,*,*,は,ハ,ワ
裁き	名詞,一般,*,*,*,*,裁き,サバキ,サバキ
の	助詞,連体化,*,*,*,*,の,ノ,ノ
神	名詞,一般,*,*,*,*,神,カミ,カミ
だ	助動詞,*,*,*,特殊・ダ,基本形,だ,ダ,ダ
から	助詞,接続助詞,*,*,*,*,から,カラ,カラ
で	助動詞,*,*,*,特殊・ダ,連用形,だ,デ,デ
ある	助動詞,*,*,*,五段・ラ行アル,基本形,ある,アル,アル
。	記号,句点,*,*,*,*,。,。,。
この	連体詞,*,*,*,*,*,この,コノ,コノ
方	名詞,非自立,一般,*,*,*,方,ホウ,ホー
を	助詞,格助詞,一般,*,*,*,を,ヲ,ヲ
待ち望む	動詞,自立,*,*,五段・マ行,基本形,待ち望む,マチノゾム,マチノゾム
者	名詞,非自立,一般,*,*,*,者,モノ,モノ
は	助詞,係助詞,*,*,*,*,は,ハ,ワ
みな	名詞,代名詞,一般,*,*,*,みな,ミナ,ミナ
幸い	名詞,形容動詞語幹,*,*,*,*,幸い,サイワイ,サイワイ
で	助動詞,*,*,*,特殊・ダ,連用形,だ,デ,デ
ある	助動詞,*,*,*,五段・ラ行アル,基本形,ある,アル,アル
。	記号,句点,*,*,*,*,。,。,。
シオン	名詞,一般,*,*,*,*,シオン,シオン,シオン
の	助詞,連体化,*,*,*,*,の,ノ,ノ
民	名詞,一般,*,*,*,*,民,ミン,ミン
が	助詞,格助詞,一般,*,*,*,が,ガ,ガ
エルサレム	名詞,固有名詞,地域,一般,*,*,エルサレム,エルサレム,エルサレム
に	助詞,格助詞,一般,*,*,*,に,ニ,ニ
住む	動詞,自立,*,*,五段・マ行,基本形,住む,スム,スム
とき	名詞,非自立,副詞可能,*,*,*,とき,トキ,トキ
，	記号,読点,*,*,*,*,，,，,，
あなた	名詞,代名詞,一般,*,*,*,あなた,アナタ,アナタ
は	助詞,係助詞,*,*,*,*,は,ハ,ワ
決して	副詞,一般,*,*,*,*,決して,ケッシテ,ケッシテ
泣か	動詞,自立,*,*,五段・カ行イ音便,未然形,泣く,ナカ,ナカ
ない	助動詞,*,*,*,特殊・ナイ,基本形,ない,ナイ,ナイ
で	助動詞,*,*,*,特殊・ダ,連用形,だ,デ,デ
あろ	助動詞,*,*,*,五段・ラ行アル,未然ウ接続,ある,アロ,アロ
う	助動詞,*,*,*,不変化型,基本形,う,ウ,ウ
。	記号,句点,*,*,*,*,。,。,。
[	名詞,サ変接続,*,*,*,*,*
神	名詞,接尾,一般,*,*,*,神,シン,シン
]	名詞,サ変接続,*,*,*,*,*
は	助詞,係助詞,*,*,*,*,は,ハ,ワ
あなた	名詞,代名詞,一般,*,*,*,あなた,アナタ,アナタ
の	助詞,連体化,*,*,*,*,の,ノ,ノ
叫び声	名詞,一般,*,*,*,*,叫び声,サケビゴエ,サケビゴエ
を	助詞,格助詞,一般,*,*,*,を,ヲ,ヲ
[	名詞,サ変接続,*,*,*,*,*
聞い	動詞,自立,*,*,五段・カ行イ音便,連用タ接続,聞く,キイ,キイ
て	助詞,接続助詞,*,*,*,*,て,テ,テ
，	記号,読点,*,*,*,*,，,，,，
]	名詞,サ変接続,*,*,*,*,*
必ず	副詞,助詞類接続,*,*,*,*,必ず,カナラズ,カナラズ
あなた	名詞,代名詞,一般,*,*,*,あなた,アナタ,アナタ
に	助詞,格助詞,一般,*,*,*,に,ニ,ニ
恵み	名詞,一般,*,*,*,*,恵み,メグミ,メグミ
を	助詞,格助詞,一般,*,*,*,を,ヲ,ヲ
示し	動詞,自立,*,*,五段・サ行,連用形,示す,シメシ,シメシ
，	記号,読点,*,*,*,*,，,，,，
それ	名詞,代名詞,一般,*,*,*,それ,ソレ,ソレ
を	助詞,格助詞,一般,*,*,*,を,ヲ,ヲ
聞く	動詞,自立,*,*,五段・カ行イ音便,基本形,聞く,キク,キク
と	助詞,接続助詞,*,*,*,*,と,ト,ト
すぐ	副詞,助詞類接続,*,*,*,*,すぐ,スグ,スグ
に	助詞,副詞化,*,*,*,*,に,ニ,ニ
，	記号,読点,*,*,*,*,，,，,，
あなた	名詞,代名詞,一般,*,*,*,あなた,アナタ,アナタ
に	助詞,格助詞,一般,*,*,*,に,ニ,ニ
実際	副詞,助詞類接続,*,*,*,*,実際,ジッサイ,ジッサイ
に	助詞,副詞化,*,*,*,*,に,ニ,ニ
答え	動詞,自立,*,*,一段,連用形,答える,コタエ,コタエ
て	助詞,接続助詞,*,*,*,*,て,テ,テ
くださる	動詞,非自立,*,*,五段・ラ行特殊,基本形,くださる,クダサル,クダサル
。	記号,句点,*,*,*,*,。,。,。
そして	接続詞,*,*,*,*,*,そして,ソシテ,ソシテ
，	記号,読点,*,*,*,*,，,，,，
エホバ	名詞,一般,*,*,*,*,エホバ,エホバ,エホバ
は	助詞,係助詞,*,*,*,*,は,ハ,ワ
苦難	名詞,サ変接続,*,*,*,*,苦難,クナン,クナン
という	助詞,格助詞,連語,*,*,*,という,トイウ,トユウ
形	名詞,一般,*,*,*,*,形,カタチ,カタチ
の	助詞,連体化,*,*,*,*,の,ノ,ノ
パン	名詞,一般,*,*,*,*,パン,パン,パン
と	助詞,並立助詞,*,*,*,*,と,ト,ト
，	記号,読点,*,*,*,*,，,，,，
虐げ	動詞,自立,*,*,一段,連用形,虐げる,シイタゲ,シータゲ
という	助詞,格助詞,連語,*,*,*,という,トイウ,トユウ
形	名詞,一般,*,*,*,*,形,カタチ,カタチ
の	助詞,連体化,*,*,*,*,の,ノ,ノ
水	名詞,一般,*,*,*,*,水,ミズ,ミズ
を	助詞,格助詞,一般,*,*,*,を,ヲ,ヲ
必ず	副詞,助詞類接続,*,*,*,*,必ず,カナラズ,カナラズ
あなた	名詞,代名詞,一般,*,*,*,あなた,アナタ,アナタ
方	名詞,接尾,一般,*,*,*,方,カタ,カタ
に	助詞,格助詞,一般,*,*,*,に,ニ,ニ
与え	動詞,自立,*,*,一段,未然形,与える,アタエ,アタエ
られる	動詞,接尾,*,*,一段,基本形,られる,ラレル,ラレル
で	助動詞,*,*,*,特殊・ダ,連用形,だ,デ,デ
あろ	助動詞,*,*,*,五段・ラ行アル,未然ウ接続,ある,アロ,アロ
う	助動詞,*,*,*,不変化型,基本形,う,ウ,ウ
。	記号,句点,*,*,*,*,。,。,。
と	助詞,格助詞,引用,*,*,*,と,ト,ト
は	助詞,係助詞,*,*,*,*,は,ハ,ワ
いえ	動詞,自立,*,*,五段・ワ行促音便,命令ｅ,いう,イエ,イエ
，	記号,読点,*,*,*,*,，,，,，
あなた	名詞,代名詞,一般,*,*,*,あなた,アナタ,アナタ
の	助詞,連体化,*,*,*,*,の,ノ,ノ
偉大	名詞,形容動詞語幹,*,*,*,*,偉大,イダイ,イダイ
な	助動詞,*,*,*,特殊・ダ,体言接続,だ,ナ,ナ
教訓	名詞,サ変接続,*,*,*,*,教訓,キョウクン,キョークン
者	名詞,接尾,一般,*,*,*,者,シャ,シャ
は	助詞,係助詞,*,*,*,*,は,ハ,ワ
もはや	副詞,助詞類接続,*,*,*,*,もはや,モハヤ,モハヤ
自分	名詞,一般,*,*,*,*,自分,ジブン,ジブン
を	助詞,格助詞,一般,*,*,*,を,ヲ,ヲ
隠す	動詞,自立,*,*,五段・サ行,基本形,隠す,カクス,カクス
こと	名詞,非自立,一般,*,*,*,こと,コト,コト
は	助詞,係助詞,*,*,*,*,は,ハ,ワ
さ	動詞,自立,*,*,サ変・スル,未然レル接続,する,サ,サ
れ	動詞,接尾,*,*,一段,未然形,れる,レ,レ
ない	助動詞,*,*,*,特殊・ナイ,基本形,ない,ナイ,ナイ
。	記号,句点,*,*,*,*,。,。,。
あなた	名詞,代名詞,一般,*,*,*,あなた,アナタ,アナタ
の	助詞,連体化,*,*,*,*,の,ノ,ノ
目	名詞,一般,*,*,*,*,目,メ,メ
は	助詞,係助詞,*,*,*,*,は,ハ,ワ
必ず	副詞,助詞類接続,*,*,*,*,必ず,カナラズ,カナラズ
あなた	名詞,代名詞,一般,*,*,*,あなた,アナタ,アナタ
の	助詞,連体化,*,*,*,*,の,ノ,ノ
偉大	名詞,形容動詞語幹,*,*,*,*,偉大,イダイ,イダイ
な	助動詞,*,*,*,特殊・ダ,体言接続,だ,ナ,ナ
教訓	名詞,サ変接続,*,*,*,*,教訓,キョウクン,キョークン
者	名詞,接尾,一般,*,*,*,者,シャ,シャ
を	助詞,格助詞,一般,*,*,*,を,ヲ,ヲ
見る	動詞,自立,*,*,一段,基本形,見る,ミル,ミル
[	名詞,サ変接続,*,*,*,*,*
目	名詞,接尾,一般,*,*,*,目,メ,メ
]	名詞,サ変接続,*,*,*,*,*
と	助詞,格助詞,一般,*,*,*,と,ト,ト
なる	動詞,自立,*,*,五段・ラ行,基本形,なる,ナル,ナル
。	記号,句点,*,*,*,*,。,。,。
そして	接続詞,*,*,*,*,*,そして,ソシテ,ソシテ
，	記号,読点,*,*,*,*,，,，,，
あなた	名詞,代名詞,一般,*,*,*,あなた,アナタ,アナタ
方	名詞,接尾,一般,*,*,*,方,カタ,カタ
が	助詞,格助詞,一般,*,*,*,が,ガ,ガ
右	名詞,一般,*,*,*,*,右,ミギ,ミギ
に	助詞,格助詞,一般,*,*,*,に,ニ,ニ
行く	動詞,自立,*,*,五段・カ行促音便,基本形,行く,イク,イク
に	助詞,格助詞,一般,*,*,*,に,ニ,ニ
し	動詞,自立,*,*,サ変・スル,連用形,する,シ,シ
て	助詞,接続助詞,*,*,*,*,て,テ,テ
も	助詞,係助詞,*,*,*,*,も,モ,モ
左	名詞,一般,*,*,*,*,左,ヒダリ,ヒダリ
に	助詞,格助詞,一般,*,*,*,に,ニ,ニ
行く	動詞,自立,*,*,五段・カ行促音便,基本形,行く,イク,イク
に	助詞,格助詞,一般,*,*,*,に,ニ,ニ
し	動詞,自立,*,*,サ変・スル,連用形,する,シ,シ
て	助詞,接続助詞,*,*,*,*,て,テ,テ
も	助詞,係助詞,*,*,*,*,も,モ,モ
，	記号,読点,*,*,*,*,，,，,，
あなた	名詞,代名詞,一般,*,*,*,あなた,アナタ,アナタ
の	助詞,連体化,*,*,*,*,の,ノ,ノ
耳	名詞,一般,*,*,*,*,耳,ミミ,ミミ
は	助詞,係助詞,*,*,*,*,は,ハ,ワ
あなた	名詞,代名詞,一般,*,*,*,あなた,アナタ,アナタ
の	助詞,連体化,*,*,*,*,の,ノ,ノ
後ろ	名詞,一般,*,*,*,*,後ろ,ウシロ,ウシロ
で	助詞,格助詞,一般,*,*,*,で,デ,デ
，	記号,読点,*,*,*,*,，,，,，
「	記号,括弧開,*,*,*,*,「,「,「
これ	名詞,代名詞,一般,*,*,*,これ,コレ,コレ
が	助詞,格助詞,一般,*,*,*,が,ガ,ガ
道	名詞,一般,*,*,*,*,道,ミチ,ミチ
で	助動詞,*,*,*,特殊・ダ,連用形,だ,デ,デ
ある	助動詞,*,*,*,五段・ラ行アル,基本形,ある,アル,アル
。	記号,句点,*,*,*,*,。,。,。
あなた	名詞,代名詞,一般,*,*,*,あなた,アナタ,アナタ
方	名詞,接尾,一般,*,*,*,方,カタ,カタ
は	助詞,係助詞,*,*,*,*,は,ハ,ワ
これ	名詞,代名詞,一般,*,*,*,これ,コレ,コレ
を	助詞,格助詞,一般,*,*,*,を,ヲ,ヲ
歩め	動詞,自立,*,*,五段・マ行,命令ｅ,歩む,アユメ,アユメ
」	記号,括弧閉,*,*,*,*,」,」,」
と	助詞,格助詞,引用,*,*,*,と,ト,ト
言う	動詞,自立,*,*,五段・ワ行促音便,基本形,言う,イウ,イウ
言葉	名詞,一般,*,*,*,*,言葉,コトバ,コトバ
を	助詞,格助詞,一般,*,*,*,を,ヲ,ヲ
聞く	動詞,自立,*,*,五段・カ行イ音便,基本形,聞く,キク,キク
で	助動詞,*,*,*,特殊・ダ,連用形,だ,デ,デ
あろ	助動詞,*,*,*,五段・ラ行アル,未然ウ接続,ある,アロ,アロ
う	助動詞,*,*,*,不変化型,基本形,う,ウ,ウ
。	記号,句点,*,*,*,*,。,。,。
そして	接続詞,*,*,*,*,*,そして,ソシテ,ソシテ
，	記号,読点,*,*,*,*,，,，,，
あなた	名詞,代名詞,一般,*,*,*,あなた,アナタ,アナタ
方	名詞,接尾,一般,*,*,*,方,カタ,カタ
は	助詞,係助詞,*,*,*,*,は,ハ,ワ
，	記号,読点,*,*,*,*,，,，,，
あなた	名詞,代名詞,一般,*,*,*,あなた,アナタ,アナタ
の	助詞,連体化,*,*,*,*,の,ノ,ノ
銀	名詞,一般,*,*,*,*,銀,ギン,ギン
の	助詞,連体化,*,*,*,*,の,ノ,ノ
彫像	名詞,一般,*,*,*,*,彫像,チョウゾウ,チョーゾー
の	助詞,連体化,*,*,*,*,の,ノ,ノ
上張り	名詞,一般,*,*,*,*,上張り,ウワバリ,ウワバリ
や	助詞,並立助詞,*,*,*,*,や,ヤ,ヤ
，	記号,読点,*,*,*,*,，,，,，
金	名詞,一般,*,*,*,*,金,キン,キン
の	助詞,連体化,*,*,*,*,の,ノ,ノ
鋳物	名詞,一般,*,*,*,*,鋳物,イモノ,イモノ
の	助詞,連体化,*,*,*,*,の,ノ,ノ
像	名詞,一般,*,*,*,*,像,ゾウ,ゾー
に	助詞,格助詞,一般,*,*,*,に,ニ,ニ
固着	名詞,サ変接続,*,*,*,*,固着,コチャク,コチャク
し	動詞,自立,*,*,サ変・スル,連用形,する,シ,シ
た	助動詞,*,*,*,特殊・タ,基本形,た,タ,タ
覆い	名詞,一般,*,*,*,*,覆い,オオイ,オーイ
を	助詞,格助詞,一般,*,*,*,を,ヲ,ヲ
汚す	動詞,自立,*,*,五段・サ行,基本形,汚す,ケガス,ケガス
。	記号,句点,*,*,*,*,。,。,。
あなた	名詞,代名詞,一般,*,*,*,あなた,アナタ,アナタ
は	助詞,係助詞,*,*,*,*,は,ハ,ワ
それら	名詞,代名詞,一般,*,*,*,それら,ソレラ,ソレラ
を	助詞,格助詞,一般,*,*,*,を,ヲ,ヲ
散らす	動詞,自立,*,*,五段・サ行,基本形,散らす,チラス,チラス
。	記号,句点,*,*,*,*,。,。,。
月経	名詞,一般,*,*,*,*,月経,ゲッケイ,ゲッケイ
中	名詞,接尾,副詞可能,*,*,*,中,チュウ,チュー
の	助詞,連体化,*,*,*,*,の,ノ,ノ
女	名詞,一般,*,*,*,*,女,オンナ,オンナ
の	助詞,連体化,*,*,*,*,の,ノ,ノ
よう	名詞,非自立,助動詞語幹,*,*,*,よう,ヨウ,ヨー
に	助詞,副詞化,*,*,*,*,に,ニ,ニ
，	記号,読点,*,*,*,*,，,，,，
あなた	名詞,代名詞,一般,*,*,*,あなた,アナタ,アナタ
は	助詞,係助詞,*,*,*,*,は,ハ,ワ
それ	名詞,代名詞,一般,*,*,*,それ,ソレ,ソレ
に	助詞,格助詞,一般,*,*,*,に,ニ,ニ
向かっ	動詞,自立,*,*,五段・ワ行促音便,連用タ接続,向かう,ムカッ,ムカッ
て	助詞,接続助詞,*,*,*,*,て,テ,テ
，	記号,読点,*,*,*,*,，,，,，
「	記号,括弧開,*,*,*,*,「,「,「
ただ	名詞,一般,*,*,*,*,ただ,タダ,タダ
の	助詞,連体化,*,*,*,*,の,ノ,ノ
汚物	名詞,一般,*,*,*,*,汚物,オブツ,オブツ
！	記号,一般,*,*,*,*,！,！,！
」	記号,括弧閉,*,*,*,*,」,」,」
と	助詞,格助詞,引用,*,*,*,と,ト,ト
言う	動詞,自立,*,*,五段・ワ行促音便,基本形,言う,イウ,イウ
で	助動詞,*,*,*,特殊・ダ,連用形,だ,デ,デ
あろ	助動詞,*,*,*,五段・ラ行アル,未然ウ接続,ある,アロ,アロ
う	助動詞,*,*,*,不変化型,基本形,う,ウ,ウ
。	記号,句点,*,*,*,*,。,。,。
そして	接続詞,*,*,*,*,*,そして,ソシテ,ソシテ
，	記号,読点,*,*,*,*,，,，,，
[	名詞,サ変接続,*,*,*,*,*
神	名詞,接尾,一般,*,*,*,神,シン,シン
]	名詞,サ変接続,*,*,*,*,*
は	助詞,係助詞,*,*,*,*,は,ハ,ワ
あなた	名詞,代名詞,一般,*,*,*,あなた,アナタ,アナタ
が	助詞,格助詞,一般,*,*,*,が,ガ,ガ
土地	名詞,一般,*,*,*,*,土地,トチ,トチ
に	助詞,格助詞,一般,*,*,*,に,ニ,ニ
まく	動詞,自立,*,*,五段・カ行イ音便,基本形,まく,マク,マク
その	連体詞,*,*,*,*,*,その,ソノ,ソノ
種	名詞,一般,*,*,*,*,種,タネ,タネ
の	助詞,連体化,*,*,*,*,の,ノ,ノ
ため	名詞,非自立,副詞可能,*,*,*,ため,タメ,タメ
に	助詞,格助詞,一般,*,*,*,に,ニ,ニ
必ず	副詞,助詞類接続,*,*,*,*,必ず,カナラズ,カナラズ
雨	名詞,一般,*,*,*,*,雨,アメ,アメ
を	助詞,格助詞,一般,*,*,*,を,ヲ,ヲ
，	記号,読点,*,*,*,*,，,，,，
また	接続詞,*,*,*,*,*,また,マタ,マタ
その	連体詞,*,*,*,*,*,その,ソノ,ソノ
土地	名詞,一般,*,*,*,*,土地,トチ,トチ
の	助詞,連体化,*,*,*,*,の,ノ,ノ
産物	名詞,一般,*,*,*,*,産物,サンブツ,サンブツ
として	助詞,格助詞,連語,*,*,*,として,トシテ,トシテ
パン	名詞,一般,*,*,*,*,パン,パン,パン
を	助詞,格助詞,一般,*,*,*,を,ヲ,ヲ
与え	動詞,自立,*,*,一段,連用形,与える,アタエ,アタエ
て	助詞,接続助詞,*,*,*,*,て,テ,テ
くだ	名詞,一般,*,*,*,*,くだ,クダ,クダ
さり	動詞,自立,*,*,五段・ラ行,連用形,さる,サリ,サリ
，	記号,読点,*,*,*,*,，,，,，
それ	名詞,代名詞,一般,*,*,*,それ,ソレ,ソレ
は	助詞,係助詞,*,*,*,*,は,ハ,ワ
必ず	副詞,助詞類接続,*,*,*,*,必ず,カナラズ,カナラズ
肥え	動詞,自立,*,*,一段,連用形,肥える,コエ,コエ
て	助詞,接続助詞,*,*,*,*,て,テ,テ
，	記号,読点,*,*,*,*,，,，,，
油	名詞,一般,*,*,*,*,油,アブラ,アブラ
に	助詞,格助詞,一般,*,*,*,に,ニ,ニ
富む	動詞,自立,*,*,五段・マ行,基本形,富む,トム,トム
。	記号,句点,*,*,*,*,。,。,。
その	連体詞,*,*,*,*,*,その,ソノ,ソノ
日	名詞,非自立,副詞可能,*,*,*,日,ヒ,ヒ
，	記号,読点,*,*,*,*,，,，,，
あなた	名詞,代名詞,一般,*,*,*,あなた,アナタ,アナタ
の	助詞,連体化,*,*,*,*,の,ノ,ノ
畜類	名詞,一般,*,*,*,*,畜類,チクルイ,チクルイ
は	助詞,係助詞,*,*,*,*,は,ハ,ワ
広い	形容詞,自立,*,*,形容詞・アウオ段,基本形,広い,ヒロイ,ヒロイ
牧場	名詞,一般,*,*,*,*,牧場,ボクジョウ,ボクジョー
で	助詞,格助詞,一般,*,*,*,で,デ,デ
草	名詞,一般,*,*,*,*,草,クサ,クサ
を	助詞,格助詞,一般,*,*,*,を,ヲ,ヲ
食う	動詞,自立,*,*,五段・ワ行促音便,基本形,食う,クウ,クウ
。	記号,句点,*,*,*,*,。,。,。
また	接続詞,*,*,*,*,*,また,マタ,マタ
，	記号,読点,*,*,*,*,，,，,，
地	名詞,一般,*,*,*,*,地,チ,チ
を	助詞,格助詞,一般,*,*,*,を,ヲ,ヲ
耕作	名詞,サ変接続,*,*,*,*,耕作,コウサク,コーサク
する	動詞,自立,*,*,サ変・スル,基本形,する,スル,スル
牛	名詞,一般,*,*,*,*,牛,ウシ,ウシ
と	助詞,格助詞,一般,*,*,*,と,ト,ト
成熟	名詞,サ変接続,*,*,*,*,成熟,セイジュク,セイジュク
し	動詞,自立,*,*,サ変・スル,連用形,する,シ,シ
た	助動詞,*,*,*,特殊・タ,基本形,た,タ,タ
ろば	名詞,一般,*,*,*,*,ろば,ロバ,ロバ
は	助詞,係助詞,*,*,*,*,は,ハ,ワ
，	記号,読点,*,*,*,*,，,，,，
シャベル	名詞,一般,*,*,*,*,シャベル,シャベル,シャベル
と	助詞,並立助詞,*,*,*,*,と,ト,ト
フォーク	名詞,一般,*,*,*,*,フォーク,フォーク,フォーク
で	助詞,格助詞,一般,*,*,*,で,デ,デ
あおり	動詞,自立,*,*,五段・ラ行,連用形,あおる,アオリ,アオリ
分け	動詞,自立,*,*,一段,未然形,分ける,ワケ,ワケ
られ	動詞,接尾,*,*,一段,連用形,られる,ラレ,ラレ
た	助動詞,*,*,*,特殊・タ,基本形,た,タ,タ
，	記号,読点,*,*,*,*,，,，,，
酸葉	名詞,一般,*,*,*,*,酸葉,スイバ,スイバ
で	助詞,格助詞,一般,*,*,*,で,デ,デ
味付け	名詞,サ変接続,*,*,*,*,味付け,アジツケ,アジツケ
し	動詞,自立,*,*,サ変・スル,連用形,する,シ,シ
た	助動詞,*,*,*,特殊・タ,基本形,た,タ,タ
飼い葉	名詞,一般,*,*,*,*,飼い葉,カイバ,カイバ
を	助詞,格助詞,一般,*,*,*,を,ヲ,ヲ
食べる	動詞,自立,*,*,一段,基本形,食べる,タベル,タベル
。	記号,句点,*,*,*,*,。,。,。
そして	接続詞,*,*,*,*,*,そして,ソシテ,ソシテ
塔	名詞,一般,*,*,*,*,塔,トウ,トー
の	助詞,格助詞,一般,*,*,*,の,ノ,ノ
倒れる	動詞,自立,*,*,一段,基本形,倒れる,タオレル,タオレル
大いなる	連体詞,*,*,*,*,*,大いなる,オオイナル,オーイナル
殺りく	名詞,サ変接続,*,*,*,*,殺りく,サツリク,サツリク
の	助詞,連体化,*,*,*,*,の,ノ,ノ
日	名詞,非自立,副詞可能,*,*,*,日,ヒ,ヒ
に	助詞,格助詞,一般,*,*,*,に,ニ,ニ
，	記号,読点,*,*,*,*,，,，,，
すべて	名詞,副詞可能,*,*,*,*,すべて,スベテ,スベテ
の	助詞,連体化,*,*,*,*,の,ノ,ノ
高い	形容詞,自立,*,*,形容詞・アウオ段,基本形,高い,タカイ,タカイ
山	名詞,一般,*,*,*,*,山,ヤマ,ヤマ
と	助詞,並立助詞,*,*,*,*,と,ト,ト
すべて	名詞,副詞可能,*,*,*,*,すべて,スベテ,スベテ
の	助詞,連体化,*,*,*,*,の,ノ,ノ
高く	形容詞,自立,*,*,形容詞・アウオ段,連用テ接続,高い,タカク,タカク
さ	動詞,自立,*,*,サ変・スル,未然レル接続,する,サ,サ
れ	動詞,接尾,*,*,一段,連用形,れる,レ,レ
た	助動詞,*,*,*,特殊・タ,基本形,た,タ,タ
丘	名詞,一般,*,*,*,*,丘,オカ,オカ
の	助詞,連体化,*,*,*,*,の,ノ,ノ
上	名詞,非自立,副詞可能,*,*,*,上,ウエ,ウエ
に	助詞,格助詞,一般,*,*,*,に,ニ,ニ
は	助詞,係助詞,*,*,*,*,は,ハ,ワ
流水	名詞,一般,*,*,*,*,流水,リュウスイ,リュースイ
，	記号,読点,*,*,*,*,，,，,，
掘り	動詞,自立,*,*,五段・ラ行,連用形,掘る,ホリ,ホリ
割り	名詞,接尾,一般,*,*,*,割り,ワリ,ワリ
が	助詞,格助詞,一般,*,*,*,が,ガ,ガ
必ず	副詞,助詞類接続,*,*,*,*,必ず,カナラズ,カナラズ
生じる	動詞,自立,*,*,一段,基本形,生じる,ショウジル,ショージル
。	記号,句点,*,*,*,*,。,。,。
そして	接続詞,*,*,*,*,*,そして,ソシテ,ソシテ
，	記号,読点,*,*,*,*,，,，,，
エホバ	名詞,一般,*,*,*,*,エホバ,エホバ,エホバ
が	助詞,格助詞,一般,*,*,*,が,ガ,ガ
その	連体詞,*,*,*,*,*,その,ソノ,ソノ
民	名詞,一般,*,*,*,*,民,ミン,ミン
の	助詞,連体化,*,*,*,*,の,ノ,ノ
崩壊	名詞,サ変接続,*,*,*,*,崩壊,ホウカイ,ホーカイ
を	助詞,格助詞,一般,*,*,*,を,ヲ,ヲ
包み	動詞,自立,*,*,五段・マ行,連用形,包む,ツツミ,ツツミ
，	記号,読点,*,*,*,*,，,，,，
ご	接頭詞,名詞接続,*,*,*,*,ご,ゴ,ゴ
自分	名詞,一般,*,*,*,*,自分,ジブン,ジブン
の	助詞,連体化,*,*,*,*,の,ノ,ノ
むち打ち	動詞,自立,*,*,五段・タ行,連用形,むち打つ,ムチウチ,ムチウチ
から	助詞,接続助詞,*,*,*,*,から,カラ,カラ
生じる	動詞,自立,*,*,一段,基本形,生じる,ショウジル,ショージル
重い	形容詞,自立,*,*,形容詞・アウオ段,基本形,重い,オモイ,オモイ
傷	名詞,一般,*,*,*,*,傷,キズ,キズ
を	助詞,格助詞,一般,*,*,*,を,ヲ,ヲ
も	助詞,係助詞,*,*,*,*,も,モ,モ
いやし	動詞,自立,*,*,五段・サ行,連用形,いやす,イヤシ,イヤシ
て	助詞,接続助詞,*,*,*,*,て,テ,テ
くださる	動詞,非自立,*,*,五段・ラ行特殊,基本形,くださる,クダサル,クダサル
日	名詞,非自立,副詞可能,*,*,*,日,ヒ,ヒ
に	助詞,格助詞,一般,*,*,*,に,ニ,ニ
，	記号,読点,*,*,*,*,，,，,，
満月	名詞,一般,*,*,*,*,満月,マンゲツ,マンゲツ
の	助詞,連体化,*,*,*,*,の,ノ,ノ
光	名詞,一般,*,*,*,*,光,ヒカリ,ヒカリ
は	助詞,係助詞,*,*,*,*,は,ハ,ワ
必ず	副詞,助詞類接続,*,*,*,*,必ず,カナラズ,カナラズ
，	記号,読点,*,*,*,*,，,，,，
輝く	動詞,自立,*,*,五段・カ行イ音便,基本形,輝く,カガヤク,カガヤク
[	名詞,サ変接続,*,*,*,*,*
太陽	名詞,一般,*,*,*,*,太陽,タイヨウ,タイヨー
]	名詞,サ変接続,*,*,*,*,*
の	助詞,連体化,*,*,*,*,の,ノ,ノ
光	名詞,一般,*,*,*,*,光,ヒカリ,ヒカリ
の	助詞,連体化,*,*,*,*,の,ノ,ノ
よう	名詞,非自立,助動詞語幹,*,*,*,よう,ヨウ,ヨー
に	助詞,格助詞,一般,*,*,*,に,ニ,ニ
なり	動詞,自立,*,*,五段・ラ行,連用形,なる,ナリ,ナリ
，	記号,読点,*,*,*,*,，,，,，
輝く	動詞,自立,*,*,五段・カ行イ音便,基本形,輝く,カガヤク,カガヤク
[	名詞,サ変接続,*,*,*,*,*
太陽	名詞,一般,*,*,*,*,太陽,タイヨウ,タイヨー
]	名詞,サ変接続,*,*,*,*,*
の	助詞,連体化,*,*,*,*,の,ノ,ノ
光	名詞,一般,*,*,*,*,光,ヒカリ,ヒカリ
も	助詞,係助詞,*,*,*,*,も,モ,モ
その	連体詞,*,*,*,*,*,その,ソノ,ソノ
七	名詞,数,*,*,*,*,七,ナナ,ナナ
倍	名詞,接尾,助数詞,*,*,*,倍,バイ,バイ
と	助詞,格助詞,一般,*,*,*,と,ト,ト
なり	動詞,自立,*,*,五段・ラ行,連用形,なる,ナリ,ナリ
，	記号,読点,*,*,*,*,，,，,，
七つ	名詞,一般,*,*,*,*,七つ,ナナツ,ナナツ
の	助詞,連体化,*,*,*,*,の,ノ,ノ
日	名詞,非自立,副詞可能,*,*,*,日,ヒ,ヒ
の	助詞,連体化,*,*,*,*,の,ノ,ノ
光	名詞,一般,*,*,*,*,光,ヒカリ,ヒカリ
の	助詞,連体化,*,*,*,*,の,ノ,ノ
よう	名詞,非自立,助動詞語幹,*,*,*,よう,ヨウ,ヨー
に	助詞,格助詞,一般,*,*,*,に,ニ,ニ
なる	動詞,自立,*,*,五段・ラ行,基本形,なる,ナル,ナル
。	記号,句点,*,*,*,*,。,。,。
見よ	動詞,自立,*,*,一段,命令ｙｏ,見る,ミヨ,ミヨ
，	記号,読点,*,*,*,*,，,，,，
エホバ	名詞,一般,*,*,*,*,エホバ,エホバ,エホバ
のみ	助詞,副助詞,*,*,*,*,のみ,ノミ,ノミ
名	名詞,一般,*,*,*,*,名,ナ,ナ
は	助詞,係助詞,*,*,*,*,は,ハ,ワ
その	連体詞,*,*,*,*,*,その,ソノ,ソノ
怒り	名詞,一般,*,*,*,*,怒り,イカリ,イカリ
に	助詞,格助詞,一般,*,*,*,に,ニ,ニ
燃え	動詞,自立,*,*,一段,連用形,燃える,モエ,モエ
ながら	助詞,接続助詞,*,*,*,*,ながら,ナガラ,ナガラ
重い	形容詞,自立,*,*,形容詞・アウオ段,基本形,重い,オモイ,オモイ
雲	名詞,一般,*,*,*,*,雲,クモ,クモ
を	助詞,格助詞,一般,*,*,*,を,ヲ,ヲ
伴っ	動詞,自立,*,*,五段・ワ行促音便,連用タ接続,伴う,トモナッ,トモナッ
て	助詞,接続助詞,*,*,*,*,て,テ,テ
遠く	名詞,副詞可能,*,*,*,*,遠く,トオク,トーク
から	助詞,格助詞,一般,*,*,*,から,カラ,カラ
やって来る	動詞,自立,*,*,カ変・来ル,基本形,やって来る,ヤッテクル,ヤッテクル
。	記号,句点,*,*,*,*,。,。,。
その	連体詞,*,*,*,*,*,その,ソノ,ソノ
唇	名詞,一般,*,*,*,*,唇,クチビル,クチビル
，	記号,読点,*,*,*,*,，,，,，
それ	名詞,代名詞,一般,*,*,*,それ,ソレ,ソレ
は	助詞,係助詞,*,*,*,*,は,ハ,ワ
糾弾	名詞,サ変接続,*,*,*,*,糾弾,キュウダン,キューダン
に	助詞,格助詞,一般,*,*,*,に,ニ,ニ
満ち	動詞,自立,*,*,一段,連用形,満ちる,ミチ,ミチ
て	助詞,接続助詞,*,*,*,*,て,テ,テ
おり	動詞,非自立,*,*,五段・ラ行,連用形,おる,オリ,オリ
，	記号,読点,*,*,*,*,，,，,，
その	連体詞,*,*,*,*,*,その,ソノ,ソノ
舌	名詞,一般,*,*,*,*,舌,シタ,シタ
は	助詞,係助詞,*,*,*,*,は,ハ,ワ
むさぼり	動詞,自立,*,*,五段・ラ行,連用形,むさぼる,ムサボリ,ムサボリ
食う	動詞,自立,*,*,五段・ワ行促音便,基本形,食う,クウ,クウ
火	名詞,一般,*,*,*,*,火,ヒ,ヒ
の	助詞,連体化,*,*,*,*,の,ノ,ノ
よう	名詞,非自立,助動詞語幹,*,*,*,よう,ヨウ,ヨー
だ	助動詞,*,*,*,特殊・ダ,基本形,だ,ダ,ダ
。	記号,句点,*,*,*,*,。,。,。
そして	接続詞,*,*,*,*,*,そして,ソシテ,ソシテ
その	連体詞,*,*,*,*,*,その,ソノ,ソノ
霊	名詞,一般,*,*,*,*,霊,レイ,レイ
は	助詞,係助詞,*,*,*,*,は,ハ,ワ
，	記号,読点,*,*,*,*,，,，,，
首	名詞,一般,*,*,*,*,首,クビ,クビ
に	助詞,格助詞,一般,*,*,*,に,ニ,ニ
まで	助詞,副助詞,*,*,*,*,まで,マデ,マデ
も	助詞,係助詞,*,*,*,*,も,モ,モ
達する	動詞,自立,*,*,サ変・−スル,基本形,達する,タッスル,タッスル
みなぎり	動詞,自立,*,*,五段・ラ行,連用形,みなぎる,ミナギリ,ミナギリ
あふれる	動詞,自立,*,*,一段,基本形,あふれる,アフレル,アフレル
奔流	名詞,一般,*,*,*,*,奔流,ホンリュウ,ホンリュー
の	助詞,連体化,*,*,*,*,の,ノ,ノ
よう	名詞,非自立,助動詞語幹,*,*,*,よう,ヨウ,ヨー
で	助動詞,*,*,*,特殊・ダ,連用形,だ,デ,デ
あり	助動詞,*,*,*,五段・ラ行アル,連用形,ある,アリ,アリ
，	記号,読点,*,*,*,*,，,，,，
無	接頭詞,名詞接続,*,*,*,*,無,ム,ム
価値	名詞,一般,*,*,*,*,価値,カチ,カチ
の	助詞,格助詞,一般,*,*,*,の,ノ,ノ
ふるい	形容詞,自立,*,*,形容詞・アウオ段,基本形,ふるい,フルイ,フルイ
で	助詞,終助詞,*,*,*,*,で,デ,デ
諸	接頭詞,名詞接続,*,*,*,*,諸,ショ,ショ
国民	名詞,一般,*,*,*,*,国民,コクミン,コクミン
を	助詞,格助詞,一般,*,*,*,を,ヲ,ヲ
振り	動詞,自立,*,*,五段・ラ行,連用形,振る,フリ,フリ
動かす	動詞,自立,*,*,五段・サ行,基本形,動かす,ウゴカス,ウゴカス
。	記号,句点,*,*,*,*,。,。,。
人	名詞,一般,*,*,*,*,人,ヒト,ヒト
を	助詞,格助詞,一般,*,*,*,を,ヲ,ヲ
さまよわ	動詞,自立,*,*,五段・ワ行促音便,未然形,さまよう,サマヨワ,サマヨワ
せる	動詞,接尾,*,*,一段,基本形,せる,セル,セル
くつ	名詞,一般,*,*,*,*,くつ,クツ,クツ
わが	連体詞,*,*,*,*,*,わが,ワガ,ワガ
もろもろ	名詞,一般,*,*,*,*,もろもろ,モロモロ,モロモロ
の	助詞,連体化,*,*,*,*,の,ノ,ノ
民	名詞,一般,*,*,*,*,民,ミン,ミン
の	助詞,連体化,*,*,*,*,の,ノ,ノ
あご	名詞,一般,*,*,*,*,あご,アゴ,アゴ
に	助詞,格助詞,一般,*,*,*,に,ニ,ニ
ある	動詞,自立,*,*,五段・ラ行,基本形,ある,アル,アル
で	助動詞,*,*,*,特殊・ダ,連用形,だ,デ,デ
あろ	助動詞,*,*,*,五段・ラ行アル,未然ウ接続,ある,アロ,アロ
う	助動詞,*,*,*,不変化型,基本形,う,ウ,ウ
。	記号,句点,*,*,*,*,。,。,。
あなた	名詞,代名詞,一般,*,*,*,あなた,アナタ,アナタ
方	名詞,接尾,一般,*,*,*,方,カタ,カタ
は	助詞,係助詞,*,*,*,*,は,ハ,ワ
，	名詞,数,*,*,*,*,，,，,，
人	名詞,接尾,助数詞,*,*,*,人,ニン,ニン
が	助詞,格助詞,一般,*,*,*,が,ガ,ガ
祭り	名詞,一般,*,*,*,*,祭り,マツリ,マツリ
の	助詞,連体化,*,*,*,*,の,ノ,ノ
ため	名詞,非自立,副詞可能,*,*,*,ため,タメ,タメ
に	助詞,格助詞,一般,*,*,*,に,ニ,ニ
自分	名詞,一般,*,*,*,*,自分,ジブン,ジブン
を	助詞,格助詞,一般,*,*,*,を,ヲ,ヲ
神聖	名詞,形容動詞語幹,*,*,*,*,神聖,シンセイ,シンセイ
な	助動詞,*,*,*,特殊・ダ,体言接続,だ,ナ,ナ
もの	名詞,非自立,一般,*,*,*,もの,モノ,モノ
と	助詞,格助詞,一般,*,*,*,と,ト,ト
する	動詞,自立,*,*,サ変・スル,基本形,する,スル,スル
夜	名詞,副詞可能,*,*,*,*,夜,ヨル,ヨル
の	助詞,連体化,*,*,*,*,の,ノ,ノ
とき	名詞,非自立,副詞可能,*,*,*,とき,トキ,トキ
の	助詞,連体化,*,*,*,*,の,ノ,ノ
[	名詞,サ変接続,*,*,*,*,*
歌	名詞,接尾,一般,*,*,*,歌,カ,カ
]	名詞,サ変接続,*,*,*,*,*
に	助詞,格助詞,一般,*,*,*,に,ニ,ニ
似	動詞,自立,*,*,一段,連用形,似る,ニ,ニ
た	助動詞,*,*,*,特殊・タ,基本形,た,タ,タ
歌	名詞,一般,*,*,*,*,歌,ウタ,ウタ
を	助詞,格助詞,一般,*,*,*,を,ヲ,ヲ
持つ	動詞,自立,*,*,五段・タ行,基本形,持つ,モツ,モツ
よう	名詞,非自立,助動詞語幹,*,*,*,よう,ヨウ,ヨー
に	助詞,格助詞,一般,*,*,*,に,ニ,ニ
なり	動詞,自立,*,*,五段・ラ行,連用形,なる,ナリ,ナリ
，	記号,読点,*,*,*,*,，,，,，
エホバ	名詞,一般,*,*,*,*,エホバ,エホバ,エホバ
の	助詞,連体化,*,*,*,*,の,ノ,ノ
山	名詞,一般,*,*,*,*,山,ヤマ,ヤマ
，	記号,読点,*,*,*,*,，,，,，
イスラエル	名詞,固有名詞,地域,国,*,*,イスラエル,イスラエル,イスラエル
の	助詞,連体化,*,*,*,*,の,ノ,ノ
岩	名詞,一般,*,*,*,*,岩,イワ,イワ
の	助詞,連体化,*,*,*,*,の,ノ,ノ
もと	名詞,非自立,一般,*,*,*,もと,モト,モト
に	助詞,格助詞,一般,*,*,*,に,ニ,ニ
入っ	動詞,自立,*,*,五段・ラ行,連用タ接続,入る,ハイッ,ハイッ
て	助詞,接続助詞,*,*,*,*,て,テ,テ
行く	動詞,非自立,*,*,五段・カ行促音便,基本形,行く,イク,イク
ため	名詞,非自立,副詞可能,*,*,*,ため,タメ,タメ
に	助詞,格助詞,一般,*,*,*,に,ニ,ニ
フルート	名詞,一般,*,*,*,*,フルート,フルート,フルート
を	助詞,格助詞,一般,*,*,*,を,ヲ,ヲ
携え	動詞,自立,*,*,一段,連用形,携える,タズサエ,タズサエ
て	助詞,接続助詞,*,*,*,*,て,テ,テ
歩く	動詞,自立,*,*,五段・カ行イ音便,基本形,歩く,アルク,アルク
者	名詞,非自立,一般,*,*,*,者,モノ,モノ
の	助詞,連体化,*,*,*,*,の,ノ,ノ
[	名詞,サ変接続,*,*,*,*,*
心	名詞,接尾,一般,*,*,*,心,シン,シン
の	助詞,連体化,*,*,*,*,の,ノ,ノ
歓び	名詞,一般,*,*,*,*,歓び,ヨロコビ,ヨロコビ
]	名詞,サ変接続,*,*,*,*,*
に	助詞,格助詞,一般,*,*,*,に,ニ,ニ
似	動詞,自立,*,*,一段,連用形,似る,ニ,ニ
た	助動詞,*,*,*,特殊・タ,基本形,た,タ,タ
心	名詞,一般,*,*,*,*,心,ココロ,ココロ
の	助詞,連体化,*,*,*,*,の,ノ,ノ
歓び	名詞,一般,*,*,*,*,歓び,ヨロコビ,ヨロコビ
を	助詞,格助詞,一般,*,*,*,を,ヲ,ヲ
[	名詞,サ変接続,*,*,*,*,*
持つ	動詞,自立,*,*,五段・タ行,基本形,持つ,モツ,モツ
よう	名詞,非自立,助動詞語幹,*,*,*,よう,ヨウ,ヨー
に	助詞,格助詞,一般,*,*,*,に,ニ,ニ
なる	動詞,自立,*,*,五段・ラ行,基本形,なる,ナル,ナル
]。	名詞,サ変接続,*,*,*,*,*
そして	接続詞,*,*,*,*,*,そして,ソシテ,ソシテ
，	記号,読点,*,*,*,*,，,，,，
エホバ	名詞,一般,*,*,*,*,エホバ,エホバ,エホバ
は	助詞,係助詞,*,*,*,*,は,ハ,ワ
必ず	副詞,助詞類接続,*,*,*,*,必ず,カナラズ,カナラズ
その	連体詞,*,*,*,*,*,その,ソノ,ソノ
声	名詞,一般,*,*,*,*,声,コエ,コエ
の	助詞,連体化,*,*,*,*,の,ノ,ノ
尊厳	名詞,形容動詞語幹,*,*,*,*,尊厳,ソンゲン,ソンゲン
さ	名詞,接尾,特殊,*,*,*,さ,サ,サ
を	助詞,格助詞,一般,*,*,*,を,ヲ,ヲ
聞か	動詞,自立,*,*,五段・カ行イ音便,未然形,聞く,キカ,キカ
せ	動詞,接尾,*,*,一段,連用形,せる,セ,セ
，	記号,読点,*,*,*,*,，,，,，
たける	動詞,自立,*,*,一段,基本形,たける,タケル,タケル
怒り	名詞,一般,*,*,*,*,怒り,イカリ,イカリ
と	助詞,並立助詞,*,*,*,*,と,ト,ト
，	記号,読点,*,*,*,*,，,，,，
むさぼり	動詞,自立,*,*,五段・ラ行,連用形,むさぼる,ムサボリ,ムサボリ
食う	動詞,自立,*,*,五段・ワ行促音便,基本形,食う,クウ,クウ
火	名詞,一般,*,*,*,*,火,ヒ,ヒ
の	助詞,連体化,*,*,*,*,の,ノ,ノ
炎	名詞,一般,*,*,*,*,炎,ホノオ,ホノオ
[	名詞,サ変接続,*,*,*,*,*
と	助詞,並立助詞,*,*,*,*,と,ト,ト
]，	名詞,サ変接続,*,*,*,*,*
突然	副詞,助詞類接続,*,*,*,*,突然,トツゼン,トツゼン
の	助詞,連体化,*,*,*,*,の,ノ,ノ
豪雨	名詞,一般,*,*,*,*,豪雨,ゴウウ,ゴーウ
と	助詞,並立助詞,*,*,*,*,と,ト,ト
，	記号,読点,*,*,*,*,，,，,，
雨	名詞,一般,*,*,*,*,雨,アメ,アメ
あらし	名詞,一般,*,*,*,*,あらし,アラシ,アラシ
と	助詞,並立助詞,*,*,*,*,と,ト,ト
，	記号,読点,*,*,*,*,，,，,，
雹	名詞,一般,*,*,*,*,*
の	助詞,連体化,*,*,*,*,の,ノ,ノ
石	名詞,一般,*,*,*,*,石,イシ,イシ
と	助詞,並立助詞,*,*,*,*,と,ト,ト
を	助詞,格助詞,一般,*,*,*,を,ヲ,ヲ
もっ	動詞,自立,*,*,五段・タ行,連用タ接続,もつ,モッ,モッ
て	助詞,接続助詞,*,*,*,*,て,テ,テ
その	連体詞,*,*,*,*,*,その,ソノ,ソノ
腕	名詞,一般,*,*,*,*,腕,ウデ,ウデ
の	助詞,格助詞,一般,*,*,*,の,ノ,ノ
下る	動詞,自立,*,*,五段・ラ行,基本形,下る,クダル,クダル
の	名詞,非自立,一般,*,*,*,の,ノ,ノ
を	助詞,格助詞,一般,*,*,*,を,ヲ,ヲ
見	動詞,自立,*,*,一段,未然形,見る,ミ,ミ
させる	動詞,接尾,*,*,一段,基本形,させる,サセル,サセル
で	助動詞,*,*,*,特殊・ダ,連用形,だ,デ,デ
あろ	助動詞,*,*,*,五段・ラ行アル,未然ウ接続,ある,アロ,アロ
う	助動詞,*,*,*,不変化型,基本形,う,ウ,ウ
。	記号,句点,*,*,*,*,。,。,。
エホバ	名詞,一般,*,*,*,*,エホバ,エホバ,エホバ
の	助詞,連体化,*,*,*,*,の,ノ,ノ
声	名詞,一般,*,*,*,*,声,コエ,コエ
の	助詞,連体化,*,*,*,*,の,ノ,ノ
ため	名詞,非自立,副詞可能,*,*,*,ため,タメ,タメ
に	助詞,格助詞,一般,*,*,*,に,ニ,ニ
アッシリア	名詞,一般,*,*,*,*,*
は	助詞,係助詞,*,*,*,*,は,ハ,ワ
恐怖	名詞,サ変接続,*,*,*,*,恐怖,キョウフ,キョーフ
に	助詞,格助詞,一般,*,*,*,に,ニ,ニ
打た	動詞,自立,*,*,五段・タ行,未然形,打つ,ウタ,ウタ
れる	動詞,接尾,*,*,一段,基本形,れる,レル,レル
から	助詞,接続助詞,*,*,*,*,から,カラ,カラ
で	助動詞,*,*,*,特殊・ダ,連用形,だ,デ,デ
ある	助動詞,*,*,*,五段・ラ行アル,基本形,ある,アル,アル
。	記号,句点,*,*,*,*,。,。,。
[	名詞,サ変接続,*,*,*,*,*
神	名詞,接尾,一般,*,*,*,神,シン,シン
]	名詞,サ変接続,*,*,*,*,*
は	助詞,係助詞,*,*,*,*,は,ハ,ワ
[	名詞,サ変接続,*,*,*,*,*
それ	名詞,代名詞,一般,*,*,*,それ,ソレ,ソレ
を	助詞,格助詞,一般,*,*,*,を,ヲ,ヲ
]	名詞,サ変接続,*,*,*,*,*
まさに	副詞,一般,*,*,*,*,まさに,マサニ,マサニ
杖	名詞,一般,*,*,*,*,杖,ツエ,ツエ
を	助詞,格助詞,一般,*,*,*,を,ヲ,ヲ
もっ	動詞,自立,*,*,五段・タ行,連用タ接続,もつ,モッ,モッ
て	助詞,接続助詞,*,*,*,*,て,テ,テ
打た	動詞,自立,*,*,五段・タ行,未然形,打つ,ウタ,ウタ
れる	動詞,接尾,*,*,一段,基本形,れる,レル,レル
で	助動詞,*,*,*,特殊・ダ,連用形,だ,デ,デ
あろ	助動詞,*,*,*,五段・ラ行アル,未然ウ接続,ある,アロ,アロ
う	助動詞,*,*,*,不変化型,基本形,う,ウ,ウ
。	記号,句点,*,*,*,*,。,。,。
そして	接続詞,*,*,*,*,*,そして,ソシテ,ソシテ
，	記号,読点,*,*,*,*,，,，,，
エホバ	名詞,一般,*,*,*,*,エホバ,エホバ,エホバ
が	助詞,格助詞,一般,*,*,*,が,ガ,ガ
[	名詞,サ変接続,*,*,*,*,*
アッ	感動詞,*,*,*,*,*,アッ,アッ,アッ
シリア	名詞,固有名詞,地域,国,*,*,シリア,シリア,シリア
]	名詞,サ変接続,*,*,*,*,*
の	助詞,連体化,*,*,*,*,の,ノ,ノ
上	名詞,非自立,副詞可能,*,*,*,上,ウエ,ウエ
に	助詞,格助詞,一般,*,*,*,に,ニ,ニ
ご	接頭詞,名詞接続,*,*,*,*,ご,ゴ,ゴ
自分	名詞,一般,*,*,*,*,自分,ジブン,ジブン
の	助詞,連体化,*,*,*,*,の,ノ,ノ
懲罰	名詞,サ変接続,*,*,*,*,懲罰,チョウバツ,チョーバツ
の	助詞,連体化,*,*,*,*,の,ノ,ノ
棒	名詞,一般,*,*,*,*,棒,ボウ,ボー
を	助詞,格助詞,一般,*,*,*,を,ヲ,ヲ
振り	動詞,自立,*,*,五段・ラ行,連用形,振る,フリ,フリ
下ろす	動詞,自立,*,*,五段・サ行,基本形,下ろす,オロス,オロス
度	名詞,非自立,副詞可能,*,*,*,度,タビ,タビ
に	助詞,格助詞,一般,*,*,*,に,ニ,ニ
，	記号,読点,*,*,*,*,，,，,，
タンバリン	名詞,一般,*,*,*,*,タンバリン,タンバリン,タンバリン
と	助詞,並立助詞,*,*,*,*,と,ト,ト
たて	名詞,一般,*,*,*,*,たて,タテ,タテ
琴	名詞,一般,*,*,*,*,琴,キン,キン
が	助詞,格助詞,一般,*,*,*,が,ガ,ガ
必ず	副詞,助詞類接続,*,*,*,*,必ず,カナラズ,カナラズ
伴う	動詞,自立,*,*,五段・ワ行促音便,基本形,伴う,トモナウ,トモナウ
で	助動詞,*,*,*,特殊・ダ,連用形,だ,デ,デ
あろ	助動詞,*,*,*,五段・ラ行アル,未然ウ接続,ある,アロ,アロ
う	助動詞,*,*,*,不変化型,基本形,う,ウ,ウ
。	記号,句点,*,*,*,*,。,。,。
[	名詞,サ変接続,*,*,*,*,*
神	名詞,接尾,一般,*,*,*,神,シン,シン
]	名詞,サ変接続,*,*,*,*,*
は	助詞,係助詞,*,*,*,*,は,ハ,ワ
振り回す	動詞,自立,*,*,五段・サ行,基本形,振り回す,フリマワス,フリマワス
戦闘	名詞,サ変接続,*,*,*,*,戦闘,セントウ,セントー
を	助詞,格助詞,一般,*,*,*,を,ヲ,ヲ
もっ	動詞,自立,*,*,五段・タ行,連用タ接続,もつ,モッ,モッ
て	助詞,接続助詞,*,*,*,*,て,テ,テ
実際	副詞,助詞類接続,*,*,*,*,実際,ジッサイ,ジッサイ
に	助詞,副詞化,*,*,*,*,に,ニ,ニ
彼ら	名詞,代名詞,一般,*,*,*,彼ら,カレラ,カレラ
と	助詞,格助詞,引用,*,*,*,と,ト,ト
戦わ	動詞,自立,*,*,五段・ワ行促音便,未然形,戦う,タタカワ,タタカワ
れる	動詞,接尾,*,*,一段,基本形,れる,レル,レル
で	助動詞,*,*,*,特殊・ダ,連用形,だ,デ,デ
あろ	助動詞,*,*,*,五段・ラ行アル,未然ウ接続,ある,アロ,アロ
う	助動詞,*,*,*,不変化型,基本形,う,ウ,ウ
。	記号,句点,*,*,*,*,。,。,。
彼	名詞,代名詞,一般,*,*,*,彼,カレ,カレ
の	助詞,連体化,*,*,*,*,の,ノ,ノ
トフェト	名詞,一般,*,*,*,*,*
は	助詞,係助詞,*,*,*,*,は,ハ,ワ
最近	名詞,副詞可能,*,*,*,*,最近,サイキン,サイキン
の	助詞,連体化,*,*,*,*,の,ノ,ノ
時	名詞,非自立,副詞可能,*,*,*,時,トキ,トキ
から	助詞,格助詞,一般,*,*,*,から,カラ,カラ
整え	動詞,自立,*,*,一段,未然形,整える,トトノエ,トトノエ
られ	動詞,接尾,*,*,一段,連用形,られる,ラレ,ラレ
て	助詞,接続助詞,*,*,*,*,て,テ,テ
おり	動詞,非自立,*,*,五段・ラ行,連用形,おる,オリ,オリ
，	記号,読点,*,*,*,*,，,，,，
それ	名詞,代名詞,一般,*,*,*,それ,ソレ,ソレ
は	助詞,係助詞,*,*,*,*,は,ハ,ワ
また	接続詞,*,*,*,*,*,また,マタ,マタ
，	記号,読点,*,*,*,*,，,，,，
王	名詞,固有名詞,人名,姓,*,*,王,オウ,オー
自身	名詞,一般,*,*,*,*,自身,ジシン,ジシン
の	助詞,連体化,*,*,*,*,の,ノ,ノ
ため	名詞,非自立,副詞可能,*,*,*,ため,タメ,タメ
に	助詞,格助詞,一般,*,*,*,に,ニ,ニ
も	助詞,係助詞,*,*,*,*,も,モ,モ
備え	動詞,自立,*,*,一段,未然形,備える,ソナエ,ソナエ
られ	動詞,接尾,*,*,一段,連用形,られる,ラレ,ラレ
て	助詞,接続助詞,*,*,*,*,て,テ,テ
いる	動詞,非自立,*,*,一段,基本形,いる,イル,イル
から	助詞,接続助詞,*,*,*,*,から,カラ,カラ
で	助動詞,*,*,*,特殊・ダ,連用形,だ,デ,デ
ある	助動詞,*,*,*,五段・ラ行アル,基本形,ある,アル,アル
。	記号,句点,*,*,*,*,。,。,。
[	名詞,サ変接続,*,*,*,*,*
神	名詞,接尾,一般,*,*,*,神,シン,シン
]	名詞,サ変接続,*,*,*,*,*
は	助詞,係助詞,*,*,*,*,は,ハ,ワ
その	連体詞,*,*,*,*,*,その,ソノ,ソノ
[	名詞,サ変接続,*,*,*,*,*
まき	名詞,一般,*,*,*,*,まき,マキ,マキ
の	助詞,連体化,*,*,*,*,の,ノ,ノ
]	名詞,サ変接続,*,*,*,*,*
山	名詞,接尾,地域,*,*,*,山,サン,サン
を	助詞,格助詞,一般,*,*,*,を,ヲ,ヲ
深く	形容詞,自立,*,*,形容詞・アウオ段,連用テ接続,深い,フカク,フカク
さ	動詞,自立,*,*,サ変・スル,未然レル接続,する,サ,サ
れ	動詞,接尾,*,*,一段,連用形,れる,レ,レ
た	助動詞,*,*,*,特殊・タ,基本形,た,タ,タ
。	記号,句点,*,*,*,*,。,。,。
火	名詞,一般,*,*,*,*,火,ヒ,ヒ
と	助詞,並立助詞,*,*,*,*,と,ト,ト
まき	名詞,一般,*,*,*,*,まき,マキ,マキ
は	助詞,係助詞,*,*,*,*,は,ハ,ワ
非常	名詞,形容動詞語幹,*,*,*,*,非常,ヒジョウ,ヒジョー
に	助詞,副詞化,*,*,*,*,に,ニ,ニ
多く	形容詞,自立,*,*,形容詞・アウオ段,連用テ接続,多い,オオク,オーク
ある	動詞,自立,*,*,五段・ラ行,基本形,ある,アル,アル
。	記号,句点,*,*,*,*,。,。,。
エホバ	名詞,一般,*,*,*,*,エホバ,エホバ,エホバ
の	助詞,連体化,*,*,*,*,の,ノ,ノ
息	名詞,サ変接続,*,*,*,*,息,イキ,イキ
は	助詞,係助詞,*,*,*,*,は,ハ,ワ
硫黄	名詞,一般,*,*,*,*,硫黄,イオウ,イオー
の	助詞,連体化,*,*,*,*,の,ノ,ノ
奔流	名詞,一般,*,*,*,*,奔流,ホンリュウ,ホンリュー
の	助詞,連体化,*,*,*,*,の,ノ,ノ
よう	名詞,非自立,助動詞語幹,*,*,*,よう,ヨウ,ヨー
に	助詞,副詞化,*,*,*,*,に,ニ,ニ
それ	名詞,代名詞,一般,*,*,*,それ,ソレ,ソレ
に	助詞,格助詞,一般,*,*,*,に,ニ,ニ
向かっ	動詞,自立,*,*,五段・ワ行促音便,連用タ接続,向かう,ムカッ,ムカッ
て	助詞,接続助詞,*,*,*,*,て,テ,テ
燃え	動詞,自立,*,*,一段,連用形,燃える,モエ,モエ
て	助詞,接続助詞,*,*,*,*,て,テ,テ
いる	動詞,非自立,*,*,一段,基本形,いる,イル,イル
。	記号,句点,*,*,*,*,。,。,。
EOS
