一方	接続詞,*,*,*,*,*,一方,イッポウ,イッポー
シリア	名詞,固有名詞,地域,国,*,*,シリア,シリア,シリア
の	助詞,連体化,*,*,*,*,の,ノ,ノ
王	名詞,固有名詞,人名,姓,*,*,王,オウ,オー
ベン	名詞,固有名詞,人名,名,*,*,ベン,ベン,ベン
･	名詞,サ変接続,*,*,*,*,*
ハダド	名詞,一般,*,*,*,*,*
は	助詞,係助詞,*,*,*,*,は,ハ,ワ
，	記号,読点,*,*,*,*,，,，,，
その	連体詞,*,*,*,*,*,その,ソノ,ソノ
全	接頭詞,名詞接続,*,*,*,*,全,ゼン,ゼン
軍勢	名詞,一般,*,*,*,*,軍勢,グンゼイ,グンゼイ
を	助詞,格助詞,一般,*,*,*,を,ヲ,ヲ
集め	動詞,自立,*,*,一段,連用形,集める,アツメ,アツメ
た	助動詞,*,*,*,特殊・タ,基本形,た,タ,タ
。	記号,句点,*,*,*,*,。,。,。
また	接続詞,*,*,*,*,*,また,マタ,マタ
，	記号,読点,*,*,*,*,，,，,，
彼	名詞,代名詞,一般,*,*,*,彼,カレ,カレ
と共に	助詞,格助詞,連語,*,*,*,と共に,トトモニ,トトモニ
三	名詞,数,*,*,*,*,三,サン,サン
十	名詞,数,*,*,*,*,十,ジュウ,ジュー
二	名詞,数,*,*,*,*,二,ニ,ニ
人	名詞,接尾,助数詞,*,*,*,人,ニン,ニン
の	助詞,連体化,*,*,*,*,の,ノ,ノ
王	名詞,一般,*,*,*,*,王,オウ,オー
たち	名詞,接尾,一般,*,*,*,たち,タチ,タチ
と	助詞,並立助詞,*,*,*,*,と,ト,ト
，	記号,読点,*,*,*,*,，,，,，
馬	名詞,一般,*,*,*,*,馬,ウマ,ウマ
と	助詞,並立助詞,*,*,*,*,と,ト,ト
兵	名詞,一般,*,*,*,*,兵,ヘイ,ヘイ
車	名詞,接尾,一般,*,*,*,車,シャ,シャ
と	助詞,格助詞,一般,*,*,*,と,ト,ト
が	助詞,格助詞,一般,*,*,*,が,ガ,ガ
あっ	動詞,自立,*,*,五段・ラ行,連用タ接続,ある,アッ,アッ
た	助動詞,*,*,*,特殊・タ,基本形,た,タ,タ
。	記号,句点,*,*,*,*,。,。,。
そこで	接続詞,*,*,*,*,*,そこで,ソコデ,ソコデ
彼	名詞,代名詞,一般,*,*,*,彼,カレ,カレ
は	助詞,係助詞,*,*,*,*,は,ハ,ワ
上っ	動詞,自立,*,*,五段・ラ行,連用タ接続,上る,ノボッ,ノボッ
て	助詞,接続助詞,*,*,*,*,て,テ,テ
行っ	動詞,非自立,*,*,五段・カ行促音便,連用タ接続,行く,イッ,イッ
て	助詞,接続助詞,*,*,*,*,て,テ,テ
サマリア	名詞,一般,*,*,*,*,*
を	助詞,格助詞,一般,*,*,*,を,ヲ,ヲ
包囲	名詞,サ変接続,*,*,*,*,包囲,ホウイ,ホーイ
し	動詞,自立,*,*,サ変・スル,連用形,する,シ,シ
，	記号,読点,*,*,*,*,，,，,，
これ	名詞,代名詞,一般,*,*,*,これ,コレ,コレ
と	助詞,格助詞,一般,*,*,*,と,ト,ト
戦っ	動詞,自立,*,*,五段・ワ行促音便,連用タ接続,戦う,タタカッ,タタカッ
た	助動詞,*,*,*,特殊・タ,基本形,た,タ,タ
。	記号,句点,*,*,*,*,。,。,。
それから	接続詞,*,*,*,*,*,それから,ソレカラ,ソレカラ
彼	名詞,代名詞,一般,*,*,*,彼,カレ,カレ
は	助詞,係助詞,*,*,*,*,は,ハ,ワ
その	連体詞,*,*,*,*,*,その,ソノ,ソノ
都市	名詞,一般,*,*,*,*,都市,トシ,トシ
に	助詞,格助詞,一般,*,*,*,に,ニ,ニ
いる	動詞,自立,*,*,一段,基本形,いる,イル,イル
イスラエル	名詞,固有名詞,地域,国,*,*,イスラエル,イスラエル,イスラエル
の	助詞,連体化,*,*,*,*,の,ノ,ノ
王	名詞,一般,*,*,*,*,王,オウ,オー
アハブ	名詞,一般,*,*,*,*,*
の	助詞,連体化,*,*,*,*,の,ノ,ノ
もと	名詞,非自立,一般,*,*,*,もと,モト,モト
に	助詞,格助詞,一般,*,*,*,に,ニ,ニ
使者	名詞,一般,*,*,*,*,使者,シシャ,シシャ
たち	名詞,接尾,一般,*,*,*,たち,タチ,タチ
を	助詞,格助詞,一般,*,*,*,を,ヲ,ヲ
遣わし	動詞,自立,*,*,五段・サ行,連用形,遣わす,ツカワシ,ツカワシ
た	助動詞,*,*,*,特殊・タ,基本形,た,タ,タ
。	記号,句点,*,*,*,*,。,。,。
次いで	接続詞,*,*,*,*,*,次いで,ツイデ,ツイデ
彼	名詞,代名詞,一般,*,*,*,彼,カレ,カレ
は	助詞,係助詞,*,*,*,*,は,ハ,ワ
こう	副詞,助詞類接続,*,*,*,*,こう,コウ,コー
言わ	動詞,自立,*,*,五段・ワ行促音便,未然形,言う,イワ,イワ
せ	動詞,接尾,*,*,一段,連用形,せる,セ,セ
た	助動詞,*,*,*,特殊・タ,基本形,た,タ,タ
。	記号,句点,*,*,*,*,。,。,。
「	記号,括弧開,*,*,*,*,「,「,「
ベン	名詞,一般,*,*,*,*,ベン,ベン,ベン
･	名詞,サ変接続,*,*,*,*,*
ハダド	名詞,一般,*,*,*,*,*
は	助詞,係助詞,*,*,*,*,は,ハ,ワ
この	連体詞,*,*,*,*,*,この,コノ,コノ
よう	名詞,非自立,助動詞語幹,*,*,*,よう,ヨウ,ヨー
に	助詞,副詞化,*,*,*,*,に,ニ,ニ
言わ	動詞,自立,*,*,五段・ワ行促音便,未然形,言う,イワ,イワ
れ	動詞,接尾,*,*,一段,連用形,れる,レ,レ
た	助動詞,*,*,*,特殊・タ,基本形,た,タ,タ
。	記号,句点,*,*,*,*,。,。,。
『	記号,括弧開,*,*,*,*,『,『,『
あなた	名詞,代名詞,一般,*,*,*,あなた,アナタ,アナタ
の	助詞,連体化,*,*,*,*,の,ノ,ノ
銀	名詞,一般,*,*,*,*,銀,ギン,ギン
と	助詞,並立助詞,*,*,*,*,と,ト,ト
金	名詞,一般,*,*,*,*,金,キン,キン
は	助詞,係助詞,*,*,*,*,は,ハ,ワ
わたし	名詞,代名詞,一般,*,*,*,わたし,ワタシ,ワタシ
の	助詞,連体化,*,*,*,*,の,ノ,ノ
もの	名詞,非自立,一般,*,*,*,もの,モノ,モノ
で	助動詞,*,*,*,特殊・ダ,連用形,だ,デ,デ
あり	助動詞,*,*,*,五段・ラ行アル,連用形,ある,アリ,アリ
，	記号,読点,*,*,*,*,，,，,，
あなた	名詞,代名詞,一般,*,*,*,あなた,アナタ,アナタ
の	助詞,連体化,*,*,*,*,の,ノ,ノ
妻	名詞,一般,*,*,*,*,妻,ツマ,ツマ
たち	名詞,接尾,一般,*,*,*,たち,タチ,タチ
や	助詞,並立助詞,*,*,*,*,や,ヤ,ヤ
子	名詞,一般,*,*,*,*,子,コ,コ
ら	名詞,接尾,一般,*,*,*,ら,ラ,ラ
，	記号,読点,*,*,*,*,，,，,，
その	連体詞,*,*,*,*,*,その,ソノ,ソノ
最も	副詞,一般,*,*,*,*,最も,モットモ,モットモ
麗しい	形容詞,自立,*,*,形容詞・イ段,基本形,麗しい,ウルワシイ,ウルワシイ
者	名詞,非自立,一般,*,*,*,者,モノ,モノ
も	助詞,係助詞,*,*,*,*,も,モ,モ
わたし	名詞,代名詞,一般,*,*,*,わたし,ワタシ,ワタシ
の	助詞,連体化,*,*,*,*,の,ノ,ノ
もの	名詞,非自立,一般,*,*,*,もの,モノ,モノ
で	助動詞,*,*,*,特殊・ダ,連用形,だ,デ,デ
ある	助動詞,*,*,*,五段・ラ行アル,基本形,ある,アル,アル
』	記号,括弧閉,*,*,*,*,』,』,』
」	記号,括弧閉,*,*,*,*,」,」,」
。	記号,句点,*,*,*,*,。,。,。
これ	名詞,代名詞,一般,*,*,*,これ,コレ,コレ
に対して	助詞,格助詞,連語,*,*,*,に対して,ニタイシテ,ニタイシテ
イスラエル	名詞,固有名詞,地域,国,*,*,イスラエル,イスラエル,イスラエル
の	助詞,連体化,*,*,*,*,の,ノ,ノ
王	名詞,一般,*,*,*,*,王,オウ,オー
は	助詞,係助詞,*,*,*,*,は,ハ,ワ
答え	動詞,自立,*,*,一段,連用形,答える,コタエ,コタエ
て	助詞,接続助詞,*,*,*,*,て,テ,テ
言っ	動詞,自立,*,*,五段・ワ行促音便,連用タ接続,言う,イッ,イッ
た	助動詞,*,*,*,特殊・タ,基本形,た,タ,タ
，	記号,読点,*,*,*,*,，,，,，
「	記号,括弧開,*,*,*,*,「,「,「
王	名詞,一般,*,*,*,*,王,オウ,オー
なる	動詞,自立,*,*,五段・ラ行,基本形,なる,ナル,ナル
我が	連体詞,*,*,*,*,*,我が,ワガ,ワガ
主	名詞,形容動詞語幹,*,*,*,*,主,オモ,オモ
よ	助詞,終助詞,*,*,*,*,よ,ヨ,ヨ
，	記号,読点,*,*,*,*,，,，,，
お	接頭詞,名詞接続,*,*,*,*,お,オ,オ
言葉	名詞,一般,*,*,*,*,言葉,コトバ,コトバ
の	助詞,連体化,*,*,*,*,の,ノ,ノ
通り	名詞,一般,*,*,*,*,通り,トオリ,トーリ
，	記号,読点,*,*,*,*,，,，,，
わたし	名詞,代名詞,一般,*,*,*,わたし,ワタシ,ワタシ
は	助詞,係助詞,*,*,*,*,は,ハ,ワ
，	記号,読点,*,*,*,*,，,，,，
わたし	名詞,代名詞,一般,*,*,*,わたし,ワタシ,ワタシ
に	助詞,格助詞,一般,*,*,*,に,ニ,ニ
属する	動詞,自立,*,*,サ変・−スル,基本形,属する,ゾクスル,ゾクスル
すべて	名詞,副詞可能,*,*,*,*,すべて,スベテ,スベテ
の	助詞,連体化,*,*,*,*,の,ノ,ノ
もの	名詞,非自立,一般,*,*,*,もの,モノ,モノ
と共に	助詞,格助詞,連語,*,*,*,と共に,トトモニ,トトモニ
あなた	名詞,代名詞,一般,*,*,*,あなた,アナタ,アナタ
の	助詞,連体化,*,*,*,*,の,ノ,ノ
もの	名詞,非自立,一般,*,*,*,もの,モノ,モノ
です	助動詞,*,*,*,特殊・デス,基本形,です,デス,デス
」	記号,括弧閉,*,*,*,*,」,」,」
。	記号,句点,*,*,*,*,。,。,。
後	名詞,接尾,副詞可能,*,*,*,後,ゴ,ゴ
に	助詞,格助詞,一般,*,*,*,に,ニ,ニ
，	記号,読点,*,*,*,*,，,，,，
使者	名詞,一般,*,*,*,*,使者,シシャ,シシャ
たち	名詞,接尾,一般,*,*,*,たち,タチ,タチ
は	助詞,係助詞,*,*,*,*,は,ハ,ワ
戻っ	動詞,自立,*,*,五段・ラ行,連用タ接続,戻る,モドッ,モドッ
て	助詞,接続助詞,*,*,*,*,て,テ,テ
来	動詞,非自立,*,*,カ変・来ル,連用形,来る,キ,キ
て	助詞,接続助詞,*,*,*,*,て,テ,テ
言っ	動詞,自立,*,*,五段・ワ行促音便,連用タ接続,言う,イッ,イッ
た	助動詞,*,*,*,特殊・タ,基本形,た,タ,タ
，	記号,読点,*,*,*,*,，,，,，
「	記号,括弧開,*,*,*,*,「,「,「
ベン	名詞,一般,*,*,*,*,ベン,ベン,ベン
･	名詞,サ変接続,*,*,*,*,*
ハダド	名詞,一般,*,*,*,*,*
は	助詞,係助詞,*,*,*,*,は,ハ,ワ
この	連体詞,*,*,*,*,*,この,コノ,コノ
よう	名詞,非自立,助動詞語幹,*,*,*,よう,ヨウ,ヨー
に	助詞,副詞化,*,*,*,*,に,ニ,ニ
言わ	動詞,自立,*,*,五段・ワ行促音便,未然形,言う,イワ,イワ
れ	動詞,接尾,*,*,一段,連用形,れる,レ,レ
た	助動詞,*,*,*,特殊・タ,基本形,た,タ,タ
。	記号,句点,*,*,*,*,。,。,。
『	記号,括弧開,*,*,*,*,『,『,『
わたし	名詞,代名詞,一般,*,*,*,わたし,ワタシ,ワタシ
は	助詞,係助詞,*,*,*,*,は,ハ,ワ
あなた	名詞,代名詞,一般,*,*,*,あなた,アナタ,アナタ
に	助詞,格助詞,一般,*,*,*,に,ニ,ニ
人	名詞,一般,*,*,*,*,人,ヒト,ヒト
を	助詞,格助詞,一般,*,*,*,を,ヲ,ヲ
やっ	動詞,自立,*,*,五段・ラ行,連用タ接続,やる,ヤッ,ヤッ
て	助詞,接続助詞,*,*,*,*,て,テ,テ
言っ	動詞,自立,*,*,五段・ワ行促音便,連用タ接続,言う,イッ,イッ
た	助動詞,*,*,*,特殊・タ,基本形,た,タ,タ
，	記号,読点,*,*,*,*,，,，,，
「	記号,括弧開,*,*,*,*,「,「,「
あなた	名詞,代名詞,一般,*,*,*,あなた,アナタ,アナタ
の	助詞,連体化,*,*,*,*,の,ノ,ノ
銀	名詞,一般,*,*,*,*,銀,ギン,ギン
と	助詞,並立助詞,*,*,*,*,と,ト,ト
金	名詞,固有名詞,人名,姓,*,*,金,キム,キム
，	記号,読点,*,*,*,*,，,，,，
および	接続詞,*,*,*,*,*,および,オヨビ,オヨビ
あなた	名詞,代名詞,一般,*,*,*,あなた,アナタ,アナタ
の	助詞,連体化,*,*,*,*,の,ノ,ノ
妻	名詞,一般,*,*,*,*,妻,ツマ,ツマ
たち	名詞,接尾,一般,*,*,*,たち,タチ,タチ
と	助詞,並立助詞,*,*,*,*,と,ト,ト
子	名詞,一般,*,*,*,*,子,コ,コ
ら	名詞,接尾,一般,*,*,*,ら,ラ,ラ
を	助詞,格助詞,一般,*,*,*,を,ヲ,ヲ
，	記号,読点,*,*,*,*,，,，,，
あなた	名詞,代名詞,一般,*,*,*,あなた,アナタ,アナタ
は	助詞,係助詞,*,*,*,*,は,ハ,ワ
わたし	名詞,代名詞,一般,*,*,*,わたし,ワタシ,ワタシ
に	助詞,格助詞,一般,*,*,*,に,ニ,ニ
与える	動詞,自立,*,*,一段,基本形,与える,アタエル,アタエル
こと	名詞,非自立,一般,*,*,*,こと,コト,コト
に	助詞,格助詞,一般,*,*,*,に,ニ,ニ
なる	動詞,自立,*,*,五段・ラ行,基本形,なる,ナル,ナル
。	記号,句点,*,*,*,*,。,。,。
だが	接続詞,*,*,*,*,*,だが,ダガ,ダガ
，	記号,読点,*,*,*,*,，,，,，
わたし	名詞,代名詞,一般,*,*,*,わたし,ワタシ,ワタシ
は	助詞,係助詞,*,*,*,*,は,ハ,ワ
明日	名詞,副詞可能,*,*,*,*,明日,アシタ,アシタ
の	助詞,連体化,*,*,*,*,の,ノ,ノ
今	名詞,副詞可能,*,*,*,*,今,イマ,イマ
ごろ	名詞,接尾,副詞可能,*,*,*,ごろ,ゴロ,ゴロ
，	記号,読点,*,*,*,*,，,，,，
僕	名詞,代名詞,一般,*,*,*,僕,ボク,ボク
たち	名詞,接尾,一般,*,*,*,たち,タチ,タチ
を	助詞,格助詞,一般,*,*,*,を,ヲ,ヲ
あなた	名詞,代名詞,一般,*,*,*,あなた,アナタ,アナタ
の	助詞,連体化,*,*,*,*,の,ノ,ノ
ところ	名詞,非自立,副詞可能,*,*,*,ところ,トコロ,トコロ
に	助詞,格助詞,一般,*,*,*,に,ニ,ニ
遣わす	動詞,自立,*,*,五段・サ行,基本形,遣わす,ツカワス,ツカワス
で	助動詞,*,*,*,特殊・ダ,連用形,だ,デ,デ
あろ	助動詞,*,*,*,五段・ラ行アル,未然ウ接続,ある,アロ,アロ
う	助動詞,*,*,*,不変化型,基本形,う,ウ,ウ
。	記号,句点,*,*,*,*,。,。,。
彼ら	名詞,代名詞,一般,*,*,*,彼ら,カレラ,カレラ
は	助詞,係助詞,*,*,*,*,は,ハ,ワ
必ず	副詞,助詞類接続,*,*,*,*,必ず,カナラズ,カナラズ
あなた	名詞,代名詞,一般,*,*,*,あなた,アナタ,アナタ
の	助詞,連体化,*,*,*,*,の,ノ,ノ
家	名詞,一般,*,*,*,*,家,イエ,イエ
と	助詞,並立助詞,*,*,*,*,と,ト,ト
，	記号,読点,*,*,*,*,，,，,，
あなた	名詞,代名詞,一般,*,*,*,あなた,アナタ,アナタ
の	助詞,連体化,*,*,*,*,の,ノ,ノ
僕	名詞,代名詞,一般,*,*,*,僕,ボク,ボク
たち	名詞,接尾,一般,*,*,*,たち,タチ,タチ
の	助詞,連体化,*,*,*,*,の,ノ,ノ
家	名詞,一般,*,*,*,*,家,イエ,イエ
と	助詞,並立助詞,*,*,*,*,と,ト,ト
を	助詞,格助詞,一般,*,*,*,を,ヲ,ヲ
注意深く	形容詞,自立,*,*,形容詞・アウオ段,連用テ接続,注意深い,チュウイブカク,チューイブカク
探る	動詞,自立,*,*,五段・ラ行,基本形,探る,サグル,サグル
。	記号,句点,*,*,*,*,。,。,。
そして	接続詞,*,*,*,*,*,そして,ソシテ,ソシテ
必ず	副詞,助詞類接続,*,*,*,*,必ず,カナラズ,カナラズ
，	記号,読点,*,*,*,*,，,，,，
あなた	名詞,代名詞,一般,*,*,*,あなた,アナタ,アナタ
の	助詞,連体化,*,*,*,*,の,ノ,ノ
目	名詞,一般,*,*,*,*,目,メ,メ
に	助詞,格助詞,一般,*,*,*,に,ニ,ニ
望ましい	形容詞,自立,*,*,形容詞・イ段,基本形,望ましい,ノゾマシイ,ノゾマシイ
もの	名詞,非自立,一般,*,*,*,もの,モノ,モノ
を	助詞,格助詞,一般,*,*,*,を,ヲ,ヲ
みな	名詞,副詞可能,*,*,*,*,みな,ミナ,ミナ
，	記号,読点,*,*,*,*,，,，,，
彼ら	名詞,代名詞,一般,*,*,*,彼ら,カレラ,カレラ
は	助詞,係助詞,*,*,*,*,は,ハ,ワ
手	名詞,一般,*,*,*,*,手,テ,テ
に	助詞,格助詞,一般,*,*,*,に,ニ,ニ
入れる	動詞,自立,*,*,一段,基本形,入れる,イレル,イレル
の	名詞,非自立,一般,*,*,*,の,ノ,ノ
で	助動詞,*,*,*,特殊・ダ,連用形,だ,デ,デ
ある	助動詞,*,*,*,五段・ラ行アル,基本形,ある,アル,アル
。	記号,句点,*,*,*,*,。,。,。
彼ら	名詞,代名詞,一般,*,*,*,彼ら,カレラ,カレラ
は	助詞,係助詞,*,*,*,*,は,ハ,ワ
必ず	副詞,助詞類接続,*,*,*,*,必ず,カナラズ,カナラズ
それ	名詞,代名詞,一般,*,*,*,それ,ソレ,ソレ
を	助詞,格助詞,一般,*,*,*,を,ヲ,ヲ
奪い	動詞,自立,*,*,五段・ワ行促音便,連用形,奪う,ウバイ,ウバイ
去る	動詞,自立,*,*,五段・ラ行,基本形,去る,サル,サル
」	記号,括弧閉,*,*,*,*,」,」,」
』	記号,括弧閉,*,*,*,*,』,』,』
」	記号,括弧閉,*,*,*,*,」,」,」
。	記号,句点,*,*,*,*,。,。,。
そこで	接続詞,*,*,*,*,*,そこで,ソコデ,ソコデ
，	記号,読点,*,*,*,*,，,，,，
イスラエル	名詞,固有名詞,地域,国,*,*,イスラエル,イスラエル,イスラエル
の	助詞,連体化,*,*,*,*,の,ノ,ノ
王	名詞,一般,*,*,*,*,王,オウ,オー
は	助詞,係助詞,*,*,*,*,は,ハ,ワ
この	連体詞,*,*,*,*,*,この,コノ,コノ
地	名詞,一般,*,*,*,*,地,チ,チ
の	助詞,連体化,*,*,*,*,の,ノ,ノ
すべて	名詞,副詞可能,*,*,*,*,すべて,スベテ,スベテ
の	助詞,連体化,*,*,*,*,の,ノ,ノ
年長	名詞,一般,*,*,*,*,年長,ネンチョウ,ネンチョー
者	名詞,接尾,一般,*,*,*,者,シャ,シャ
たち	名詞,接尾,一般,*,*,*,たち,タチ,タチ
を	助詞,格助詞,一般,*,*,*,を,ヲ,ヲ
呼ん	動詞,自立,*,*,五段・バ行,連用タ接続,呼ぶ,ヨン,ヨン
で	助詞,接続助詞,*,*,*,*,で,デ,デ
言っ	動詞,自立,*,*,五段・ワ行促音便,連用タ接続,言う,イッ,イッ
た	助動詞,*,*,*,特殊・タ,基本形,た,タ,タ
，	記号,読点,*,*,*,*,，,，,，
「	記号,括弧開,*,*,*,*,「,「,「
どう	副詞,助詞類接続,*,*,*,*,どう,ドウ,ドー
か	助詞,副助詞／並立助詞／終助詞,*,*,*,*,か,カ,カ
，	記号,読点,*,*,*,*,，,，,，
注意	名詞,サ変接続,*,*,*,*,注意,チュウイ,チューイ
し	動詞,自立,*,*,サ変・スル,連用形,する,シ,シ
て	助詞,接続助詞,*,*,*,*,て,テ,テ
，	記号,読点,*,*,*,*,，,，,，
この	連体詞,*,*,*,*,*,この,コノ,コノ
人	名詞,一般,*,*,*,*,人,ヒト,ヒト
が	助詞,格助詞,一般,*,*,*,が,ガ,ガ
災い	名詞,サ変接続,*,*,*,*,災い,ワザワイ,ワザワイ
を	助詞,格助詞,一般,*,*,*,を,ヲ,ヲ
求め	動詞,自立,*,*,一段,連用形,求める,モトメ,モトメ
て	助詞,接続助詞,*,*,*,*,て,テ,テ
いる	動詞,非自立,*,*,一段,基本形,いる,イル,イル
の	名詞,非自立,一般,*,*,*,の,ノ,ノ
を	助詞,格助詞,一般,*,*,*,を,ヲ,ヲ
見	動詞,自立,*,*,一段,連用形,見る,ミ,ミ
て	助詞,接続助詞,*,*,*,*,て,テ,テ
もらい	動詞,非自立,*,*,五段・ワ行促音便,連用形,もらう,モライ,モライ
たい	助動詞,*,*,*,特殊・タイ,基本形,たい,タイ,タイ
。	記号,句点,*,*,*,*,。,。,。
彼	名詞,代名詞,一般,*,*,*,彼,カレ,カレ
は	助詞,係助詞,*,*,*,*,は,ハ,ワ
人	名詞,一般,*,*,*,*,人,ヒト,ヒト
を	助詞,格助詞,一般,*,*,*,を,ヲ,ヲ
よこし	動詞,自立,*,*,五段・サ行,連用形,よこす,ヨコシ,ヨコシ
て	助詞,接続助詞,*,*,*,*,て,テ,テ
，	記号,読点,*,*,*,*,，,，,，
わたし	名詞,代名詞,一般,*,*,*,わたし,ワタシ,ワタシ
の	助詞,連体化,*,*,*,*,の,ノ,ノ
妻	名詞,一般,*,*,*,*,妻,ツマ,ツマ
たち	名詞,接尾,一般,*,*,*,たち,タチ,タチ
や	助詞,並立助詞,*,*,*,*,や,ヤ,ヤ
子	名詞,一般,*,*,*,*,子,コ,コ
ら	名詞,接尾,一般,*,*,*,ら,ラ,ラ
，	記号,読点,*,*,*,*,，,，,，
および	接続詞,*,*,*,*,*,および,オヨビ,オヨビ
わたし	名詞,代名詞,一般,*,*,*,わたし,ワタシ,ワタシ
の	助詞,連体化,*,*,*,*,の,ノ,ノ
銀	名詞,一般,*,*,*,*,銀,ギン,ギン
や	助詞,並立助詞,*,*,*,*,や,ヤ,ヤ
金	名詞,一般,*,*,*,*,金,キン,キン
を	助詞,格助詞,一般,*,*,*,を,ヲ,ヲ
求め	動詞,自立,*,*,一段,連用形,求める,モトメ,モトメ
た	助動詞,*,*,*,特殊・タ,基本形,た,タ,タ
が	助詞,接続助詞,*,*,*,*,が,ガ,ガ
，	記号,読点,*,*,*,*,，,，,，
わたし	名詞,代名詞,一般,*,*,*,わたし,ワタシ,ワタシ
は	助詞,係助詞,*,*,*,*,は,ハ,ワ
それ	名詞,代名詞,一般,*,*,*,それ,ソレ,ソレ
を	助詞,格助詞,一般,*,*,*,を,ヲ,ヲ
彼	名詞,代名詞,一般,*,*,*,彼,カレ,カレ
から	助詞,格助詞,一般,*,*,*,から,カラ,カラ
差し控え	動詞,自立,*,*,一段,未然形,差し控える,サシヒカエ,サシヒカエ
なかっ	助動詞,*,*,*,特殊・ナイ,連用タ接続,ない,ナカッ,ナカッ
た	助動詞,*,*,*,特殊・タ,基本形,た,タ,タ
」	記号,括弧閉,*,*,*,*,」,」,」
。	記号,句点,*,*,*,*,。,。,。
する	動詞,自立,*,*,サ変・スル,基本形,する,スル,スル
と	助詞,接続助詞,*,*,*,*,と,ト,ト
，	記号,読点,*,*,*,*,，,，,，
年長	名詞,一般,*,*,*,*,年長,ネンチョウ,ネンチョー
者	名詞,接尾,一般,*,*,*,者,シャ,シャ
たち	名詞,接尾,一般,*,*,*,たち,タチ,タチ
や	助詞,並立助詞,*,*,*,*,や,ヤ,ヤ
民	名詞,一般,*,*,*,*,民,ミン,ミン
は	助詞,係助詞,*,*,*,*,は,ハ,ワ
みな	名詞,代名詞,一般,*,*,*,みな,ミナ,ミナ
彼	名詞,代名詞,一般,*,*,*,彼,カレ,カレ
に	助詞,格助詞,一般,*,*,*,に,ニ,ニ
言っ	動詞,自立,*,*,五段・ワ行促音便,連用タ接続,言う,イッ,イッ
た	助動詞,*,*,*,特殊・タ,基本形,た,タ,タ
，	記号,読点,*,*,*,*,，,，,，
「	記号,括弧開,*,*,*,*,「,「,「
従っ	動詞,自立,*,*,五段・ワ行促音便,連用タ接続,従う,シタガッ,シタガッ
て	助詞,接続助詞,*,*,*,*,て,テ,テ
は	助詞,係助詞,*,*,*,*,は,ハ,ワ
なり	動詞,非自立,*,*,五段・ラ行,連用形,なる,ナリ,ナリ
ませ	助動詞,*,*,*,特殊・マス,未然形,ます,マセ,マセ
ん	助動詞,*,*,*,不変化型,基本形,ん,ン,ン
。	記号,句点,*,*,*,*,。,。,。
承諾	名詞,サ変接続,*,*,*,*,承諾,ショウダク,ショーダク
す	動詞,自立,*,*,サ変・スル,文語基本形,する,ス,ス
べき	助動詞,*,*,*,文語・ベシ,体言接続,べし,ベキ,ベキ
で	助動詞,*,*,*,特殊・ダ,連用形,だ,デ,デ
は	助詞,係助詞,*,*,*,*,は,ハ,ワ
あり	動詞,自立,*,*,五段・ラ行,連用形,ある,アリ,アリ
ませ	助動詞,*,*,*,特殊・マス,未然形,ます,マセ,マセ
ん	助動詞,*,*,*,不変化型,基本形,ん,ン,ン
」	記号,括弧閉,*,*,*,*,」,」,」
。	記号,句点,*,*,*,*,。,。,。
それで	接続詞,*,*,*,*,*,それで,ソレデ,ソレデ
彼	名詞,代名詞,一般,*,*,*,彼,カレ,カレ
は	助詞,係助詞,*,*,*,*,は,ハ,ワ
ベン	名詞,一般,*,*,*,*,ベン,ベン,ベン
･	名詞,サ変接続,*,*,*,*,*
ハダド	名詞,一般,*,*,*,*,*
の	助詞,連体化,*,*,*,*,の,ノ,ノ
使者	名詞,一般,*,*,*,*,使者,シシャ,シシャ
たち	名詞,接尾,一般,*,*,*,たち,タチ,タチ
に	助詞,格助詞,一般,*,*,*,に,ニ,ニ
言っ	動詞,自立,*,*,五段・ワ行促音便,連用タ接続,言う,イッ,イッ
た	助動詞,*,*,*,特殊・タ,基本形,た,タ,タ
，	記号,読点,*,*,*,*,，,，,，
「	記号,括弧開,*,*,*,*,「,「,「
王	名詞,一般,*,*,*,*,王,オウ,オー
なる	動詞,自立,*,*,五段・ラ行,基本形,なる,ナル,ナル
我が	連体詞,*,*,*,*,*,我が,ワガ,ワガ
主	名詞,形容動詞語幹,*,*,*,*,主,オモ,オモ
に	助詞,副詞化,*,*,*,*,に,ニ,ニ
言っ	動詞,自立,*,*,五段・ワ行促音便,連用タ接続,言う,イッ,イッ
て	助詞,接続助詞,*,*,*,*,て,テ,テ
もらい	動詞,非自立,*,*,五段・ワ行促音便,連用形,もらう,モライ,モライ
たい	助動詞,*,*,*,特殊・タイ,基本形,たい,タイ,タイ
，	記号,読点,*,*,*,*,，,，,，
『	記号,括弧開,*,*,*,*,『,『,『
あなた	名詞,代名詞,一般,*,*,*,あなた,アナタ,アナタ
が	助詞,格助詞,一般,*,*,*,が,ガ,ガ
初め	名詞,副詞可能,*,*,*,*,初め,ハジメ,ハジメ
に	助詞,格助詞,一般,*,*,*,に,ニ,ニ
この	連体詞,*,*,*,*,*,この,コノ,コノ
僕	名詞,代名詞,一般,*,*,*,僕,ボク,ボク
に	助詞,格助詞,一般,*,*,*,に,ニ,ニ
言っ	動詞,自立,*,*,五段・ワ行促音便,連用タ接続,言う,イッ,イッ
て	助詞,接続助詞,*,*,*,*,て,テ,テ
よこさ	動詞,自立,*,*,五段・サ行,未然形,よこす,ヨコサ,ヨコサ
れ	動詞,接尾,*,*,一段,連用形,れる,レ,レ
た	助動詞,*,*,*,特殊・タ,基本形,た,タ,タ
こと	名詞,非自立,一般,*,*,*,こと,コト,コト
は	助詞,係助詞,*,*,*,*,は,ハ,ワ
みな	名詞,副詞可能,*,*,*,*,みな,ミナ,ミナ
致し	動詞,自立,*,*,五段・サ行,連用形,致す,イタシ,イタシ
ます	助動詞,*,*,*,特殊・マス,基本形,ます,マス,マス
が	助詞,接続助詞,*,*,*,*,が,ガ,ガ
，	記号,読点,*,*,*,*,，,，,，
この	連体詞,*,*,*,*,*,この,コノ,コノ
度	名詞,非自立,副詞可能,*,*,*,度,タビ,タビ
の	助詞,連体化,*,*,*,*,の,ノ,ノ
事	名詞,非自立,一般,*,*,*,事,コト,コト
は	助詞,係助詞,*,*,*,*,は,ハ,ワ
行なえ	動詞,自立,*,*,五段・ワ行促音便,命令ｅ,行なう,オコナエ,オコナエ
ませ	助動詞,*,*,*,特殊・マス,未然形,ます,マセ,マセ
ん	助動詞,*,*,*,不変化型,基本形,ん,ン,ン
』	記号,括弧閉,*,*,*,*,』,』,』
」	記号,括弧閉,*,*,*,*,」,」,」
。	記号,句点,*,*,*,*,。,。,。
そこで	接続詞,*,*,*,*,*,そこで,ソコデ,ソコデ
，	記号,読点,*,*,*,*,，,，,，
使者	名詞,一般,*,*,*,*,使者,シシャ,シシャ
たち	名詞,接尾,一般,*,*,*,たち,タチ,タチ
は	助詞,係助詞,*,*,*,*,は,ハ,ワ
去っ	動詞,自立,*,*,五段・ラ行,連用タ接続,去る,サッ,サッ
て	助詞,接続助詞,*,*,*,*,て,テ,テ
行っ	動詞,非自立,*,*,五段・カ行促音便,連用タ接続,行く,イッ,イッ
て	助詞,接続助詞,*,*,*,*,て,テ,テ
，	記号,読点,*,*,*,*,，,，,，
伝言	名詞,サ変接続,*,*,*,*,伝言,デンゴン,デンゴン
を	助詞,格助詞,一般,*,*,*,を,ヲ,ヲ
持ち帰っ	動詞,自立,*,*,五段・ラ行,連用タ接続,持ち帰る,モチカエッ,モチカエッ
た	助動詞,*,*,*,特殊・タ,基本形,た,タ,タ
。	記号,句点,*,*,*,*,。,。,。
さて	接続詞,*,*,*,*,*,さて,サテ,サテ
，	記号,読点,*,*,*,*,，,，,，
ベン	名詞,一般,*,*,*,*,ベン,ベン,ベン
･	名詞,サ変接続,*,*,*,*,*
ハダド	名詞,一般,*,*,*,*,*
は	助詞,係助詞,*,*,*,*,は,ハ,ワ
彼	名詞,代名詞,一般,*,*,*,彼,カレ,カレ
の	助詞,連体化,*,*,*,*,の,ノ,ノ
ところ	名詞,非自立,副詞可能,*,*,*,ところ,トコロ,トコロ
に	助詞,格助詞,一般,*,*,*,に,ニ,ニ
人	名詞,一般,*,*,*,*,人,ヒト,ヒト
を	助詞,格助詞,一般,*,*,*,を,ヲ,ヲ
やっ	動詞,自立,*,*,五段・ラ行,連用タ接続,やる,ヤッ,ヤッ
て	助詞,接続助詞,*,*,*,*,て,テ,テ
言っ	動詞,自立,*,*,五段・ワ行促音便,連用タ接続,言う,イッ,イッ
た	助動詞,*,*,*,特殊・タ,基本形,た,タ,タ
，	記号,読点,*,*,*,*,，,，,，
「	記号,括弧開,*,*,*,*,「,「,「
もし	副詞,一般,*,*,*,*,もし,モシ,モシ
，	記号,読点,*,*,*,*,，,，,，
サマリア	名詞,一般,*,*,*,*,*
の	助詞,連体化,*,*,*,*,の,ノ,ノ
塵	名詞,一般,*,*,*,*,塵,チリ,チリ
が	助詞,格助詞,一般,*,*,*,が,ガ,ガ
わたし	名詞,代名詞,一般,*,*,*,わたし,ワタシ,ワタシ
に従う	助詞,格助詞,連語,*,*,*,に従う,ニシタガウ,ニシタガウ
すべて	名詞,副詞可能,*,*,*,*,すべて,スベテ,スベテ
の	助詞,連体化,*,*,*,*,の,ノ,ノ
民	名詞,一般,*,*,*,*,民,ミン,ミン
の	助詞,連体化,*,*,*,*,の,ノ,ノ
手	名詞,一般,*,*,*,*,手,テ,テ
を	助詞,格助詞,一般,*,*,*,を,ヲ,ヲ
一	名詞,数,*,*,*,*,一,イチ,イチ
杯	名詞,接尾,助数詞,*,*,*,杯,ハイ,ハイ
に	助詞,格助詞,一般,*,*,*,に,ニ,ニ
する	動詞,自立,*,*,サ変・スル,基本形,する,スル,スル
に	助詞,格助詞,一般,*,*,*,に,ニ,ニ
足りる	動詞,自立,*,*,一段,基本形,足りる,タリル,タリル
なら	助動詞,*,*,*,特殊・ダ,仮定形,だ,ナラ,ナラ
，	記号,読点,*,*,*,*,，,，,，
神	名詞,一般,*,*,*,*,神,カミ,カミ
々	記号,一般,*,*,*,*,々,々,々
が	助詞,格助詞,一般,*,*,*,が,ガ,ガ
わたし	名詞,代名詞,一般,*,*,*,わたし,ワタシ,ワタシ
に	助詞,格助詞,一般,*,*,*,に,ニ,ニ
その	連体詞,*,*,*,*,*,その,ソノ,ソノ
よう	名詞,非自立,助動詞語幹,*,*,*,よう,ヨウ,ヨー
に	助詞,副詞化,*,*,*,*,に,ニ,ニ
なさ	動詞,自立,*,*,五段・サ行,未然形,なす,ナサ,ナサ
り	助動詞,*,*,*,文語・リ,基本形,り,リ,リ
，	記号,読点,*,*,*,*,，,，,，
重ね	動詞,自立,*,*,一段,連用形,重ねる,カサネ,カサネ
て	助詞,接続助詞,*,*,*,*,て,テ,テ
その	連体詞,*,*,*,*,*,その,ソノ,ソノ
よう	名詞,非自立,助動詞語幹,*,*,*,よう,ヨウ,ヨー
に	助詞,副詞化,*,*,*,*,に,ニ,ニ
なさる	動詞,自立,*,*,五段・ラ行特殊,基本形,なさる,ナサル,ナサル
よう	名詞,非自立,助動詞語幹,*,*,*,よう,ヨウ,ヨー
に	助詞,副詞化,*,*,*,*,に,ニ,ニ
！	記号,一般,*,*,*,*,！,！,！
」	記号,括弧閉,*,*,*,*,」,」,」
する	動詞,自立,*,*,サ変・スル,基本形,する,スル,スル
と	助詞,接続助詞,*,*,*,*,と,ト,ト
，	記号,読点,*,*,*,*,，,，,，
イスラエル	名詞,固有名詞,地域,国,*,*,イスラエル,イスラエル,イスラエル
の	助詞,連体化,*,*,*,*,の,ノ,ノ
王	名詞,一般,*,*,*,*,王,オウ,オー
は	助詞,係助詞,*,*,*,*,は,ハ,ワ
答え	動詞,自立,*,*,一段,連用形,答える,コタエ,コタエ
て	助詞,接続助詞,*,*,*,*,て,テ,テ
言っ	動詞,自立,*,*,五段・ワ行促音便,連用タ接続,言う,イッ,イッ
た	助動詞,*,*,*,特殊・タ,基本形,た,タ,タ
，	記号,読点,*,*,*,*,，,，,，
「	記号,括弧開,*,*,*,*,「,「,「
あなた	名詞,代名詞,一般,*,*,*,あなた,アナタ,アナタ
方	名詞,接尾,一般,*,*,*,方,カタ,カタ
は	助詞,係助詞,*,*,*,*,は,ハ,ワ
[	名詞,サ変接続,*,*,*,*,*
彼	名詞,代名詞,一般,*,*,*,彼,カレ,カレ
に	助詞,格助詞,一般,*,*,*,に,ニ,ニ
]	名詞,サ変接続,*,*,*,*,*
こう	副詞,助詞類接続,*,*,*,*,こう,コウ,コー
話し	動詞,自立,*,*,五段・サ行,連用形,話す,ハナシ,ハナシ
なさい	動詞,非自立,*,*,五段・ラ行特殊,命令ｉ,なさる,ナサイ,ナサイ
。	記号,句点,*,*,*,*,。,。,。
『[	名詞,サ変接続,*,*,*,*,*
武具	名詞,一般,*,*,*,*,武具,ブグ,ブグ
を	助詞,格助詞,一般,*,*,*,を,ヲ,ヲ
]	名詞,サ変接続,*,*,*,*,*
着ける	動詞,自立,*,*,一段,基本形,着ける,ツケル,ツケル
者	名詞,非自立,一般,*,*,*,者,モノ,モノ
は	助詞,係助詞,*,*,*,*,は,ハ,ワ
，	記号,読点,*,*,*,*,，,，,，
解く	動詞,自立,*,*,五段・カ行イ音便,基本形,解く,トク,トク
者	名詞,非自立,一般,*,*,*,者,モノ,モノ
の	助詞,連体化,*,*,*,*,の,ノ,ノ
よう	名詞,非自立,助動詞語幹,*,*,*,よう,ヨウ,ヨー
に	助詞,副詞化,*,*,*,*,に,ニ,ニ
自分	名詞,一般,*,*,*,*,自分,ジブン,ジブン
の	助詞,連体化,*,*,*,*,の,ノ,ノ
こと	名詞,非自立,一般,*,*,*,こと,コト,コト
を	助詞,格助詞,一般,*,*,*,を,ヲ,ヲ
誇っ	動詞,自立,*,*,五段・ラ行,連用タ接続,誇る,ホコッ,ホコッ
て	助詞,接続助詞,*,*,*,*,て,テ,テ
は	助詞,係助詞,*,*,*,*,は,ハ,ワ
なら	動詞,非自立,*,*,五段・ラ行,未然形,なる,ナラ,ナラ
ない	助動詞,*,*,*,特殊・ナイ,基本形,ない,ナイ,ナイ
』	記号,括弧閉,*,*,*,*,』,』,』
」	記号,括弧閉,*,*,*,*,」,」,」
。	記号,句点,*,*,*,*,。,。,。
そして	接続詞,*,*,*,*,*,そして,ソシテ,ソシテ
，	記号,読点,*,*,*,*,，,，,，
彼	名詞,代名詞,一般,*,*,*,彼,カレ,カレ
は	助詞,係助詞,*,*,*,*,は,ハ,ワ
この	連体詞,*,*,*,*,*,この,コノ,コノ
言葉	名詞,一般,*,*,*,*,言葉,コトバ,コトバ
を	助詞,格助詞,一般,*,*,*,を,ヲ,ヲ
聞く	動詞,自立,*,*,五段・カ行イ音便,基本形,聞く,キク,キク
や	助詞,接続助詞,*,*,*,*,や,ヤ,ヤ
，	記号,読点,*,*,*,*,，,，,，
彼	名詞,代名詞,一般,*,*,*,彼,カレ,カレ
と	助詞,格助詞,一般,*,*,*,と,ト,ト
王	名詞,一般,*,*,*,*,王,オウ,オー
たち	名詞,接尾,一般,*,*,*,たち,タチ,タチ
は	助詞,係助詞,*,*,*,*,は,ハ,ワ
仮	接頭詞,名詞接続,*,*,*,*,仮,カリ,カリ
小屋	名詞,一般,*,*,*,*,小屋,コヤ,コヤ
で	助詞,格助詞,一般,*,*,*,で,デ,デ
飲ん	動詞,自立,*,*,五段・マ行,連用タ接続,飲む,ノン,ノン
で	助詞,接続助詞,*,*,*,*,で,デ,デ
い	動詞,非自立,*,*,一段,連用形,いる,イ,イ
た	助動詞,*,*,*,特殊・タ,基本形,た,タ,タ
が	助詞,接続助詞,*,*,*,*,が,ガ,ガ
，	記号,読点,*,*,*,*,，,，,，
直ちに	副詞,一般,*,*,*,*,直ちに,タダチニ,タダチニ
その	連体詞,*,*,*,*,*,その,ソノ,ソノ
僕	名詞,代名詞,一般,*,*,*,僕,ボク,ボク
たち	名詞,接尾,一般,*,*,*,たち,タチ,タチ
に	助詞,格助詞,一般,*,*,*,に,ニ,ニ
，	記号,読点,*,*,*,*,，,，,，
「	記号,括弧開,*,*,*,*,「,「,「
配置	名詞,サ変接続,*,*,*,*,配置,ハイチ,ハイチ
に	助詞,格助詞,一般,*,*,*,に,ニ,ニ
就け	動詞,自立,*,*,五段・カ行イ音便,命令ｅ,就く,ツケ,ツケ
！	記号,一般,*,*,*,*,！,！,！
」	記号,括弧閉,*,*,*,*,」,」,」
と	助詞,格助詞,引用,*,*,*,と,ト,ト
言っ	動詞,自立,*,*,五段・ワ行促音便,連用タ接続,言う,イッ,イッ
た	助動詞,*,*,*,特殊・タ,基本形,た,タ,タ
。	記号,句点,*,*,*,*,。,。,。
それで	接続詞,*,*,*,*,*,それで,ソレデ,ソレデ
，	記号,読点,*,*,*,*,，,，,，
彼ら	名詞,代名詞,一般,*,*,*,彼ら,カレラ,カレラ
は	助詞,係助詞,*,*,*,*,は,ハ,ワ
この	連体詞,*,*,*,*,*,この,コノ,コノ
都市	名詞,一般,*,*,*,*,都市,トシ,トシ
を	助詞,格助詞,一般,*,*,*,を,ヲ,ヲ
攻める	動詞,自立,*,*,一段,基本形,攻める,セメル,セメル
配置	名詞,サ変接続,*,*,*,*,配置,ハイチ,ハイチ
に	助詞,格助詞,一般,*,*,*,に,ニ,ニ
就き	動詞,自立,*,*,五段・カ行イ音便,連用形,就く,ツキ,ツキ
はじめ	動詞,非自立,*,*,一段,連用形,はじめる,ハジメ,ハジメ
た	助動詞,*,*,*,特殊・タ,基本形,た,タ,タ
。	記号,句点,*,*,*,*,。,。,。
とき	名詞,非自立,副詞可能,*,*,*,とき,トキ,トキ
に	助詞,格助詞,一般,*,*,*,に,ニ,ニ
，	記号,読点,*,*,*,*,，,，,，
見よ	動詞,自立,*,*,一段,命令ｙｏ,見る,ミヨ,ミヨ
，	記号,読点,*,*,*,*,，,，,，
ある	連体詞,*,*,*,*,*,ある,アル,アル
預言	名詞,サ変接続,*,*,*,*,預言,ヨゲン,ヨゲン
者	名詞,接尾,一般,*,*,*,者,シャ,シャ
が	助詞,格助詞,一般,*,*,*,が,ガ,ガ
イスラエル	名詞,固有名詞,地域,国,*,*,イスラエル,イスラエル,イスラエル
の	助詞,連体化,*,*,*,*,の,ノ,ノ
王	名詞,一般,*,*,*,*,王,オウ,オー
アハブ	名詞,一般,*,*,*,*,*
に	助詞,格助詞,一般,*,*,*,に,ニ,ニ
近寄っ	動詞,自立,*,*,五段・ラ行,連用タ接続,近寄る,チカヨッ,チカヨッ
て	助詞,接続助詞,*,*,*,*,て,テ,テ
言っ	動詞,自立,*,*,五段・ワ行促音便,連用タ接続,言う,イッ,イッ
た	助動詞,*,*,*,特殊・タ,基本形,た,タ,タ
，	記号,読点,*,*,*,*,，,，,，
「	記号,括弧開,*,*,*,*,「,「,「
エホバ	名詞,一般,*,*,*,*,エホバ,エホバ,エホバ
は	助詞,係助詞,*,*,*,*,は,ハ,ワ
この	連体詞,*,*,*,*,*,この,コノ,コノ
よう	名詞,非自立,助動詞語幹,*,*,*,よう,ヨウ,ヨー
に	助詞,副詞化,*,*,*,*,に,ニ,ニ
言わ	動詞,自立,*,*,五段・ワ行促音便,未然形,言う,イワ,イワ
れ	動詞,接尾,*,*,一段,連用形,れる,レ,レ
た	助動詞,*,*,*,特殊・タ,基本形,た,タ,タ
。	記号,句点,*,*,*,*,。,。,。
『	記号,括弧開,*,*,*,*,『,『,『
あなた	名詞,代名詞,一般,*,*,*,あなた,アナタ,アナタ
は	助詞,係助詞,*,*,*,*,は,ハ,ワ
この	連体詞,*,*,*,*,*,この,コノ,コノ
大	接頭詞,名詞接続,*,*,*,*,大,ダイ,ダイ
群衆	名詞,一般,*,*,*,*,群衆,グンシュウ,グンシュー
を	助詞,格助詞,一般,*,*,*,を,ヲ,ヲ
みな	名詞,副詞可能,*,*,*,*,みな,ミナ,ミナ
見	動詞,自立,*,*,一段,連用形,見る,ミ,ミ
た	助動詞,*,*,*,特殊・タ,基本形,た,タ,タ
か	助詞,副助詞／並立助詞／終助詞,*,*,*,*,か,カ,カ
。	記号,句点,*,*,*,*,。,。,。
わたし	名詞,代名詞,一般,*,*,*,わたし,ワタシ,ワタシ
は	助詞,係助詞,*,*,*,*,は,ハ,ワ
今日	名詞,副詞可能,*,*,*,*,今日,キョウ,キョー
，	記号,読点,*,*,*,*,，,，,，
これ	名詞,代名詞,一般,*,*,*,これ,コレ,コレ
を	助詞,格助詞,一般,*,*,*,を,ヲ,ヲ
あなた	名詞,代名詞,一般,*,*,*,あなた,アナタ,アナタ
の	助詞,連体化,*,*,*,*,の,ノ,ノ
手	名詞,一般,*,*,*,*,手,テ,テ
に	助詞,格助詞,一般,*,*,*,に,ニ,ニ
渡す	動詞,自立,*,*,五段・サ行,基本形,渡す,ワタス,ワタス
。	記号,句点,*,*,*,*,。,。,。
あなた	名詞,代名詞,一般,*,*,*,あなた,アナタ,アナタ
は	助詞,係助詞,*,*,*,*,は,ハ,ワ
，	記号,読点,*,*,*,*,，,，,，
わたし	名詞,代名詞,一般,*,*,*,わたし,ワタシ,ワタシ
が	助詞,格助詞,一般,*,*,*,が,ガ,ガ
エホバ	名詞,一般,*,*,*,*,エホバ,エホバ,エホバ
で	助動詞,*,*,*,特殊・ダ,連用形,だ,デ,デ
ある	助動詞,*,*,*,五段・ラ行アル,基本形,ある,アル,アル
こと	名詞,非自立,一般,*,*,*,こと,コト,コト
を	助詞,格助詞,一般,*,*,*,を,ヲ,ヲ
確か	名詞,形容動詞語幹,*,*,*,*,確か,タシカ,タシカ
に	助詞,格助詞,一般,*,*,*,に,ニ,ニ
知る	動詞,自立,*,*,五段・ラ行,基本形,知る,シル,シル
で	助動詞,*,*,*,特殊・ダ,連用形,だ,デ,デ
あろ	助動詞,*,*,*,五段・ラ行アル,未然ウ接続,ある,アロ,アロ
う	助動詞,*,*,*,不変化型,基本形,う,ウ,ウ
』	記号,括弧閉,*,*,*,*,』,』,』
」	記号,括弧閉,*,*,*,*,」,」,」
。	記号,句点,*,*,*,*,。,。,。
そこで	接続詞,*,*,*,*,*,そこで,ソコデ,ソコデ
アハブ	名詞,一般,*,*,*,*,*
は	助詞,係助詞,*,*,*,*,は,ハ,ワ
，	記号,読点,*,*,*,*,，,，,，
「	記号,括弧開,*,*,*,*,「,「,「
それ	名詞,代名詞,一般,*,*,*,それ,ソレ,ソレ
は	助詞,係助詞,*,*,*,*,は,ハ,ワ
だれ	名詞,代名詞,一般,*,*,*,だれ,ダレ,ダレ
によって	助詞,格助詞,連語,*,*,*,によって,ニヨッテ,ニヨッテ
でしょ	助動詞,*,*,*,特殊・デス,未然形,です,デショ,デショ
う	助動詞,*,*,*,不変化型,基本形,う,ウ,ウ
か	助詞,副助詞／並立助詞／終助詞,*,*,*,*,か,カ,カ
」	記号,括弧閉,*,*,*,*,」,」,」
と	助詞,格助詞,引用,*,*,*,と,ト,ト
言う	動詞,自立,*,*,五段・ワ行促音便,基本形,言う,イウ,イウ
と	助詞,接続助詞,*,*,*,*,と,ト,ト
，	記号,読点,*,*,*,*,，,，,，
彼	名詞,代名詞,一般,*,*,*,彼,カレ,カレ
は	助詞,係助詞,*,*,*,*,は,ハ,ワ
言っ	動詞,自立,*,*,五段・ワ行促音便,連用タ接続,言う,イッ,イッ
た	助動詞,*,*,*,特殊・タ,基本形,た,タ,タ
，	記号,読点,*,*,*,*,，,，,，
「	記号,括弧開,*,*,*,*,「,「,「
エホバ	名詞,一般,*,*,*,*,エホバ,エホバ,エホバ
は	助詞,係助詞,*,*,*,*,は,ハ,ワ
この	連体詞,*,*,*,*,*,この,コノ,コノ
よう	名詞,非自立,助動詞語幹,*,*,*,よう,ヨウ,ヨー
に	助詞,副詞化,*,*,*,*,に,ニ,ニ
言わ	動詞,自立,*,*,五段・ワ行促音便,未然形,言う,イワ,イワ
れ	動詞,接尾,*,*,一段,連用形,れる,レ,レ
た	助動詞,*,*,*,特殊・タ,基本形,た,タ,タ
。	記号,句点,*,*,*,*,。,。,。
『	記号,括弧開,*,*,*,*,『,『,『
管轄	名詞,サ変接続,*,*,*,*,管轄,カンカツ,カンカツ
地域	名詞,一般,*,*,*,*,地域,チイキ,チイキ
の	助詞,連体化,*,*,*,*,の,ノ,ノ
君たち	名詞,代名詞,一般,*,*,*,君たち,キミタチ,キミタチ
の	助詞,格助詞,一般,*,*,*,の,ノ,ノ
若い	形容詞,自立,*,*,形容詞・アウオ段,基本形,若い,ワカイ,ワカイ
部下	名詞,一般,*,*,*,*,部下,ブカ,ブカ
たち	名詞,接尾,一般,*,*,*,たち,タチ,タチ
によって	助詞,格助詞,連語,*,*,*,によって,ニヨッテ,ニヨッテ
で	助動詞,*,*,*,特殊・ダ,連用形,だ,デ,デ
ある	助動詞,*,*,*,五段・ラ行アル,基本形,ある,アル,アル
』	記号,括弧閉,*,*,*,*,』,』,』
」	記号,括弧閉,*,*,*,*,」,」,」
。	記号,句点,*,*,*,*,。,。,。
最後	名詞,一般,*,*,*,*,最後,サイゴ,サイゴ
に	助詞,格助詞,一般,*,*,*,に,ニ,ニ
，	記号,読点,*,*,*,*,，,，,，
[	名詞,サ変接続,*,*,*,*,*
アハブ	名詞,一般,*,*,*,*,*
]	名詞,サ変接続,*,*,*,*,*
が	助詞,格助詞,一般,*,*,*,が,ガ,ガ
，	記号,読点,*,*,*,*,，,，,，
「	記号,括弧開,*,*,*,*,「,「,「
だれ	名詞,代名詞,一般,*,*,*,だれ,ダレ,ダレ
が	助詞,格助詞,一般,*,*,*,が,ガ,ガ
戦闘	名詞,サ変接続,*,*,*,*,戦闘,セントウ,セントー
を	助詞,格助詞,一般,*,*,*,を,ヲ,ヲ
開始	名詞,サ変接続,*,*,*,*,開始,カイシ,カイシ
する	動詞,自立,*,*,サ変・スル,基本形,する,スル,スル
の	名詞,非自立,一般,*,*,*,の,ノ,ノ
でしょ	助動詞,*,*,*,特殊・デス,未然形,です,デショ,デショ
う	助動詞,*,*,*,不変化型,基本形,う,ウ,ウ
か	助詞,副助詞／並立助詞／終助詞,*,*,*,*,か,カ,カ
」	記号,括弧閉,*,*,*,*,」,」,」
と	助詞,格助詞,引用,*,*,*,と,ト,ト
言う	動詞,自立,*,*,五段・ワ行促音便,基本形,言う,イウ,イウ
と	助詞,接続助詞,*,*,*,*,と,ト,ト
，	記号,読点,*,*,*,*,，,，,，
彼	名詞,代名詞,一般,*,*,*,彼,カレ,カレ
は	助詞,係助詞,*,*,*,*,は,ハ,ワ
，	記号,読点,*,*,*,*,，,，,，
「	記号,括弧開,*,*,*,*,「,「,「
あなた	名詞,代名詞,一般,*,*,*,あなた,アナタ,アナタ
だ	助動詞,*,*,*,特殊・ダ,基本形,だ,ダ,ダ
！	記号,一般,*,*,*,*,！,！,！
」	記号,括弧閉,*,*,*,*,」,」,」
と	助詞,格助詞,引用,*,*,*,と,ト,ト
言っ	動詞,自立,*,*,五段・ワ行促音便,連用タ接続,言う,イッ,イッ
た	助動詞,*,*,*,特殊・タ,基本形,た,タ,タ
。	記号,句点,*,*,*,*,。,。,。
それから	接続詞,*,*,*,*,*,それから,ソレカラ,ソレカラ
[	名詞,サ変接続,*,*,*,*,*
アハブ	名詞,一般,*,*,*,*,*
]	名詞,サ変接続,*,*,*,*,*
は	助詞,係助詞,*,*,*,*,は,ハ,ワ
管轄	名詞,サ変接続,*,*,*,*,管轄,カンカツ,カンカツ
地域	名詞,一般,*,*,*,*,地域,チイキ,チイキ
の	助詞,連体化,*,*,*,*,の,ノ,ノ
君たち	名詞,代名詞,一般,*,*,*,君たち,キミタチ,キミタチ
の	助詞,格助詞,一般,*,*,*,の,ノ,ノ
若い	形容詞,自立,*,*,形容詞・アウオ段,基本形,若い,ワカイ,ワカイ
部下	名詞,一般,*,*,*,*,部下,ブカ,ブカ
の	助詞,連体化,*,*,*,*,の,ノ,ノ
数	名詞,一般,*,*,*,*,数,カズ,カズ
を	助詞,格助詞,一般,*,*,*,を,ヲ,ヲ
調べ	動詞,自立,*,*,一段,連用形,調べる,シラベ,シラベ
て	助詞,接続助詞,*,*,*,*,て,テ,テ
みる	動詞,非自立,*,*,一段,基本形,みる,ミル,ミル
と	助詞,接続助詞,*,*,*,*,と,ト,ト
，	記号,読点,*,*,*,*,，,，,，
それ	名詞,代名詞,一般,*,*,*,それ,ソレ,ソレ
は	助詞,係助詞,*,*,*,*,は,ハ,ワ
二	名詞,数,*,*,*,*,二,ニ,ニ
百	名詞,数,*,*,*,*,百,ヒャク,ヒャク
三	名詞,数,*,*,*,*,三,サン,サン
十	名詞,数,*,*,*,*,十,ジュウ,ジュー
二	名詞,数,*,*,*,*,二,ニ,ニ
人	名詞,接尾,助数詞,*,*,*,人,ニン,ニン
で	助動詞,*,*,*,特殊・ダ,連用形,だ,デ,デ
あっ	助動詞,*,*,*,五段・ラ行アル,連用タ接続,ある,アッ,アッ
た	助動詞,*,*,*,特殊・タ,基本形,た,タ,タ
。	記号,句点,*,*,*,*,。,。,。
その後	名詞,副詞可能,*,*,*,*,その後,ソノゴ,ソノゴ
，	記号,読点,*,*,*,*,，,，,，
民	名詞,一般,*,*,*,*,民,ミン,ミン
全部	名詞,副詞可能,*,*,*,*,全部,ゼンブ,ゼンブ
，	記号,読点,*,*,*,*,，,，,，
すなわち	接続詞,*,*,*,*,*,すなわち,スナワチ,スナワチ
イスラエル	名詞,固有名詞,地域,国,*,*,イスラエル,イスラエル,イスラエル
の	助詞,連体化,*,*,*,*,の,ノ,ノ
子	名詞,一般,*,*,*,*,子,コ,コ
ら	名詞,接尾,一般,*,*,*,ら,ラ,ラ
全部	名詞,副詞可能,*,*,*,*,全部,ゼンブ,ゼンブ
の	助詞,連体化,*,*,*,*,の,ノ,ノ
数	名詞,一般,*,*,*,*,数,カズ,カズ
を	助詞,格助詞,一般,*,*,*,を,ヲ,ヲ
調べ	動詞,自立,*,*,一段,連用形,調べる,シラベ,シラベ
て	助詞,接続助詞,*,*,*,*,て,テ,テ
みる	動詞,非自立,*,*,一段,基本形,みる,ミル,ミル
と	助詞,接続助詞,*,*,*,*,と,ト,ト
，	記号,読点,*,*,*,*,，,，,，
七	名詞,数,*,*,*,*,七,ナナ,ナナ
千	名詞,数,*,*,*,*,千,セン,セン
人	名詞,接尾,助数詞,*,*,*,人,ニン,ニン
で	助動詞,*,*,*,特殊・ダ,連用形,だ,デ,デ
あっ	助動詞,*,*,*,五段・ラ行アル,連用タ接続,ある,アッ,アッ
た	助動詞,*,*,*,特殊・タ,基本形,た,タ,タ
。	記号,句点,*,*,*,*,。,。,。
そして	接続詞,*,*,*,*,*,そして,ソシテ,ソシテ
，	記号,読点,*,*,*,*,，,，,，
彼ら	名詞,代名詞,一般,*,*,*,彼ら,カレラ,カレラ
は	助詞,係助詞,*,*,*,*,は,ハ,ワ
真昼	名詞,副詞可能,*,*,*,*,真昼,マヒル,マヒル
ごろ	名詞,接尾,副詞可能,*,*,*,ごろ,ゴロ,ゴロ
出	動詞,自立,*,*,一段,連用形,出る,デ,デ
て	助詞,接続助詞,*,*,*,*,て,テ,テ
行き	動詞,非自立,*,*,五段・カ行促音便,連用形,行く,イキ,イキ
はじめ	動詞,非自立,*,*,一段,連用形,はじめる,ハジメ,ハジメ
た	助動詞,*,*,*,特殊・タ,基本形,た,タ,タ
が	助詞,接続助詞,*,*,*,*,が,ガ,ガ
，	記号,読点,*,*,*,*,，,，,，
ベン	名詞,一般,*,*,*,*,ベン,ベン,ベン
･	名詞,サ変接続,*,*,*,*,*
ハダド	名詞,一般,*,*,*,*,*
は	助詞,係助詞,*,*,*,*,は,ハ,ワ
，	記号,読点,*,*,*,*,，,，,，
自分	名詞,一般,*,*,*,*,自分,ジブン,ジブン
も	助詞,係助詞,*,*,*,*,も,モ,モ
，	記号,読点,*,*,*,*,，,，,，
王	名詞,一般,*,*,*,*,王,オウ,オー
たち	名詞,接尾,一般,*,*,*,たち,タチ,タチ
，	記号,読点,*,*,*,*,，,，,，
すなわち	接続詞,*,*,*,*,*,すなわち,スナワチ,スナワチ
彼	名詞,代名詞,一般,*,*,*,彼,カレ,カレ
を	助詞,格助詞,一般,*,*,*,を,ヲ,ヲ
助け	動詞,自立,*,*,一段,連用形,助ける,タスケ,タスケ
て	助詞,接続助詞,*,*,*,*,て,テ,テ
い	動詞,非自立,*,*,一段,連用形,いる,イ,イ
た	助動詞,*,*,*,特殊・タ,基本形,た,タ,タ
三	名詞,数,*,*,*,*,三,サン,サン
十	名詞,数,*,*,*,*,十,ジュウ,ジュー
二	名詞,数,*,*,*,*,二,ニ,ニ
人	名詞,接尾,助数詞,*,*,*,人,ニン,ニン
の	助詞,連体化,*,*,*,*,の,ノ,ノ
王	名詞,一般,*,*,*,*,王,オウ,オー
たち	名詞,接尾,一般,*,*,*,たち,タチ,タチ
も	助詞,係助詞,*,*,*,*,も,モ,モ
一緒	名詞,サ変接続,*,*,*,*,一緒,イッショ,イッショ
に	助詞,格助詞,一般,*,*,*,に,ニ,ニ
，	記号,読点,*,*,*,*,，,，,，
仮	接頭詞,名詞接続,*,*,*,*,仮,カリ,カリ
小屋	名詞,一般,*,*,*,*,小屋,コヤ,コヤ
で	助詞,格助詞,一般,*,*,*,で,デ,デ
飲ん	動詞,自立,*,*,五段・マ行,連用タ接続,飲む,ノン,ノン
で	助詞,接続助詞,*,*,*,*,で,デ,デ
酔っ	動詞,自立,*,*,五段・ワ行促音便,連用タ接続,酔う,ヨッ,ヨッ
て	助詞,接続助詞,*,*,*,*,て,テ,テ
い	動詞,非自立,*,*,一段,連用形,いる,イ,イ
た	助動詞,*,*,*,特殊・タ,基本形,た,タ,タ
。	記号,句点,*,*,*,*,。,。,。
管轄	名詞,サ変接続,*,*,*,*,管轄,カンカツ,カンカツ
地域	名詞,一般,*,*,*,*,地域,チイキ,チイキ
の	助詞,連体化,*,*,*,*,の,ノ,ノ
君たち	名詞,代名詞,一般,*,*,*,君たち,キミタチ,キミタチ
の	助詞,格助詞,一般,*,*,*,の,ノ,ノ
若い	形容詞,自立,*,*,形容詞・アウオ段,基本形,若い,ワカイ,ワカイ
部下	名詞,一般,*,*,*,*,部下,ブカ,ブカ
たち	名詞,接尾,一般,*,*,*,たち,タチ,タチ
が	助詞,格助詞,一般,*,*,*,が,ガ,ガ
まず	副詞,一般,*,*,*,*,まず,マズ,マズ
最初	名詞,一般,*,*,*,*,最初,サイショ,サイショ
に	助詞,格助詞,一般,*,*,*,に,ニ,ニ
出	動詞,自立,*,*,一段,連用形,出る,デ,デ
て	助詞,接続助詞,*,*,*,*,て,テ,テ
行く	動詞,非自立,*,*,五段・カ行促音便,基本形,行く,イク,イク
と	助詞,接続助詞,*,*,*,*,と,ト,ト
，	記号,読点,*,*,*,*,，,，,，
ベン	名詞,一般,*,*,*,*,ベン,ベン,ベン
･	名詞,サ変接続,*,*,*,*,*
ハダド	名詞,一般,*,*,*,*,*
は	助詞,係助詞,*,*,*,*,は,ハ,ワ
直ちに	副詞,一般,*,*,*,*,直ちに,タダチニ,タダチニ
人	名詞,一般,*,*,*,*,人,ヒト,ヒト
を	助詞,格助詞,一般,*,*,*,を,ヲ,ヲ
遣わし	動詞,自立,*,*,五段・サ行,連用形,遣わす,ツカワシ,ツカワシ
た	助動詞,*,*,*,特殊・タ,基本形,た,タ,タ
。	記号,句点,*,*,*,*,。,。,。
それら	名詞,代名詞,一般,*,*,*,それら,ソレラ,ソレラ
の	助詞,連体化,*,*,*,*,の,ノ,ノ
者	名詞,非自立,一般,*,*,*,者,モノ,モノ
は	助詞,係助詞,*,*,*,*,は,ハ,ワ
来	動詞,自立,*,*,カ変・来ル,連用形,来る,キ,キ
て	助詞,接続助詞,*,*,*,*,て,テ,テ
，	記号,読点,*,*,*,*,，,，,，
彼	名詞,代名詞,一般,*,*,*,彼,カレ,カレ
に	助詞,格助詞,一般,*,*,*,に,ニ,ニ
告げ	動詞,自立,*,*,一段,連用形,告げる,ツゲ,ツゲ
て	助詞,接続助詞,*,*,*,*,て,テ,テ
言っ	動詞,自立,*,*,五段・ワ行促音便,連用タ接続,言う,イッ,イッ
た	助動詞,*,*,*,特殊・タ,基本形,た,タ,タ
，	記号,読点,*,*,*,*,，,，,，
「	記号,括弧開,*,*,*,*,「,「,「
サマリア	名詞,一般,*,*,*,*,*
から	助詞,格助詞,一般,*,*,*,から,カラ,カラ
人々	名詞,一般,*,*,*,*,人々,ヒトビト,ヒトビト
が	助詞,格助詞,一般,*,*,*,が,ガ,ガ
出	動詞,自立,*,*,一段,連用形,出る,デ,デ
て	助詞,接続助詞,*,*,*,*,て,テ,テ
まいり	動詞,非自立,*,*,五段・ラ行,連用形,まいる,マイリ,マイリ
まし	助動詞,*,*,*,特殊・マス,連用形,ます,マシ,マシ
た	助動詞,*,*,*,特殊・タ,基本形,た,タ,タ
」	記号,括弧閉,*,*,*,*,」,」,」
。	記号,句点,*,*,*,*,。,。,。
そこで	接続詞,*,*,*,*,*,そこで,ソコデ,ソコデ
彼	名詞,代名詞,一般,*,*,*,彼,カレ,カレ
は	助詞,係助詞,*,*,*,*,は,ハ,ワ
言っ	動詞,自立,*,*,五段・ワ行促音便,連用タ接続,言う,イッ,イッ
た	助動詞,*,*,*,特殊・タ,基本形,た,タ,タ
，	記号,読点,*,*,*,*,，,，,，
「	記号,括弧開,*,*,*,*,「,「,「
和平	名詞,一般,*,*,*,*,和平,ワヘイ,ワヘイ
の	助詞,連体化,*,*,*,*,の,ノ,ノ
ため	名詞,非自立,副詞可能,*,*,*,ため,タメ,タメ
に	助詞,格助詞,一般,*,*,*,に,ニ,ニ
出	動詞,自立,*,*,一段,連用形,出る,デ,デ
て	助詞,接続助詞,*,*,*,*,て,テ,テ
来	動詞,非自立,*,*,カ変・来ル,連用形,来る,キ,キ
た	助動詞,*,*,*,特殊・タ,基本形,た,タ,タ
の	名詞,非自立,一般,*,*,*,の,ノ,ノ
で	助動詞,*,*,*,特殊・ダ,連用形,だ,デ,デ
あっ	助動詞,*,*,*,五段・ラ行アル,連用タ接続,ある,アッ,アッ
て	助詞,接続助詞,*,*,*,*,て,テ,テ
も	助詞,係助詞,*,*,*,*,も,モ,モ
，	記号,読点,*,*,*,*,，,，,，
お前	名詞,代名詞,一般,*,*,*,お前,オマエ,オマエ
たち	名詞,接尾,一般,*,*,*,たち,タチ,タチ
は	助詞,係助詞,*,*,*,*,は,ハ,ワ
彼ら	名詞,代名詞,一般,*,*,*,彼ら,カレラ,カレラ
を	助詞,格助詞,一般,*,*,*,を,ヲ,ヲ
生け捕り	名詞,一般,*,*,*,*,生け捕り,イケドリ,イケドリ
に	助詞,格助詞,一般,*,*,*,に,ニ,ニ
し	動詞,自立,*,*,サ変・スル,未然形,する,シ,シ
なけれ	助動詞,*,*,*,特殊・ナイ,仮定形,ない,ナケレ,ナケレ
ば	助詞,接続助詞,*,*,*,*,ば,バ,バ
なら	動詞,非自立,*,*,五段・ラ行,未然形,なる,ナラ,ナラ
ない	助動詞,*,*,*,特殊・ナイ,基本形,ない,ナイ,ナイ
。	記号,句点,*,*,*,*,。,。,。
また	接続詞,*,*,*,*,*,また,マタ,マタ
，	記号,読点,*,*,*,*,，,，,，
戦い	名詞,一般,*,*,*,*,戦い,タタカイ,タタカイ
の	助詞,連体化,*,*,*,*,の,ノ,ノ
ため	名詞,非自立,副詞可能,*,*,*,ため,タメ,タメ
に	助詞,格助詞,一般,*,*,*,に,ニ,ニ
出	動詞,自立,*,*,一段,連用形,出る,デ,デ
て	助詞,接続助詞,*,*,*,*,て,テ,テ
来	動詞,非自立,*,*,カ変・来ル,連用形,来る,キ,キ
た	助動詞,*,*,*,特殊・タ,基本形,た,タ,タ
の	名詞,非自立,一般,*,*,*,の,ノ,ノ
で	助動詞,*,*,*,特殊・ダ,連用形,だ,デ,デ
あっ	助動詞,*,*,*,五段・ラ行アル,連用タ接続,ある,アッ,アッ
て	助詞,接続助詞,*,*,*,*,て,テ,テ
も	助詞,係助詞,*,*,*,*,も,モ,モ
，	記号,読点,*,*,*,*,，,，,，
生き	動詞,自立,*,*,一段,連用形,生きる,イキ,イキ
た	助動詞,*,*,*,特殊・タ,基本形,た,タ,タ
まま	名詞,非自立,副詞可能,*,*,*,まま,ママ,ママ
で	助詞,格助詞,一般,*,*,*,で,デ,デ
彼ら	名詞,代名詞,一般,*,*,*,彼ら,カレラ,カレラ
を	助詞,格助詞,一般,*,*,*,を,ヲ,ヲ
捕らえ	動詞,自立,*,*,一段,未然形,捕らえる,トラエ,トラエ
なけれ	助動詞,*,*,*,特殊・ナイ,仮定形,ない,ナケレ,ナケレ
ば	助詞,接続助詞,*,*,*,*,ば,バ,バ
なら	動詞,非自立,*,*,五段・ラ行,未然形,なる,ナラ,ナラ
ない	助動詞,*,*,*,特殊・ナイ,基本形,ない,ナイ,ナイ
」	記号,括弧閉,*,*,*,*,」,」,」
。	記号,句点,*,*,*,*,。,。,。
そして	接続詞,*,*,*,*,*,そして,ソシテ,ソシテ
，	記号,読点,*,*,*,*,，,，,，
それら	名詞,代名詞,一般,*,*,*,それら,ソレラ,ソレラ
は	助詞,係助詞,*,*,*,*,は,ハ,ワ
その	連体詞,*,*,*,*,*,その,ソノ,ソノ
都市	名詞,一般,*,*,*,*,都市,トシ,トシ
から	助詞,格助詞,一般,*,*,*,から,カラ,カラ
出	動詞,自立,*,*,一段,連用形,出る,デ,デ
て	助詞,接続助詞,*,*,*,*,て,テ,テ
来	動詞,非自立,*,*,カ変・来ル,連用形,来る,キ,キ
た	助動詞,*,*,*,特殊・タ,基本形,た,タ,タ
者	名詞,一般,*,*,*,*,者,モノ,モノ
たち	名詞,接尾,一般,*,*,*,たち,タチ,タチ
，	記号,読点,*,*,*,*,，,，,，
すなわち	接続詞,*,*,*,*,*,すなわち,スナワチ,スナワチ
管轄	名詞,サ変接続,*,*,*,*,管轄,カンカツ,カンカツ
地域	名詞,一般,*,*,*,*,地域,チイキ,チイキ
の	助詞,連体化,*,*,*,*,の,ノ,ノ
君たち	名詞,代名詞,一般,*,*,*,君たち,キミタチ,キミタチ
の	助詞,格助詞,一般,*,*,*,の,ノ,ノ
若い	形容詞,自立,*,*,形容詞・アウオ段,基本形,若い,ワカイ,ワカイ
部下	名詞,一般,*,*,*,*,部下,ブカ,ブカ
たち	名詞,接尾,一般,*,*,*,たち,タチ,タチ
と	助詞,並立助詞,*,*,*,*,と,ト,ト
，	記号,読点,*,*,*,*,，,，,，
その	連体詞,*,*,*,*,*,その,ソノ,ソノ
後ろ	名詞,一般,*,*,*,*,後ろ,ウシロ,ウシロ
に	助詞,格助詞,一般,*,*,*,に,ニ,ニ
い	動詞,自立,*,*,一段,連用形,いる,イ,イ
た	助動詞,*,*,*,特殊・タ,基本形,た,タ,タ
軍勢	名詞,一般,*,*,*,*,軍勢,グンゼイ,グンゼイ
で	助動詞,*,*,*,特殊・ダ,連用形,だ,デ,デ
あっ	助動詞,*,*,*,五段・ラ行アル,連用タ接続,ある,アッ,アッ
た	助動詞,*,*,*,特殊・タ,基本形,た,タ,タ
。	記号,句点,*,*,*,*,。,。,。
そして	接続詞,*,*,*,*,*,そして,ソシテ,ソシテ
彼ら	名詞,代名詞,一般,*,*,*,彼ら,カレラ,カレラ
は	助詞,係助詞,*,*,*,*,は,ハ,ワ
各々	副詞,一般,*,*,*,*,各々,オノオノ,オノオノ
その	連体詞,*,*,*,*,*,その,ソノ,ソノ
相手	名詞,一般,*,*,*,*,相手,アイテ,アイテ
を	助詞,格助詞,一般,*,*,*,を,ヲ,ヲ
討ち	動詞,自立,*,*,五段・タ行,連用形,討つ,ウチ,ウチ
倒し	動詞,自立,*,*,五段・サ行,連用形,倒す,タオシ,タオシ
た	助動詞,*,*,*,特殊・タ,基本形,た,タ,タ
。	記号,句点,*,*,*,*,。,。,。
それで	接続詞,*,*,*,*,*,それで,ソレデ,ソレデ
シリア	名詞,固有名詞,地域,国,*,*,シリア,シリア,シリア
人	名詞,接尾,一般,*,*,*,人,ジン,ジン
は	助詞,係助詞,*,*,*,*,は,ハ,ワ
逃げ	動詞,自立,*,*,一段,連用形,逃げる,ニゲ,ニゲ
去り	動詞,自立,*,*,五段・ラ行,連用形,去る,サリ,サリ
，	記号,読点,*,*,*,*,，,，,，
イスラエル	名詞,固有名詞,地域,国,*,*,イスラエル,イスラエル,イスラエル
は	助詞,係助詞,*,*,*,*,は,ハ,ワ
彼ら	名詞,代名詞,一般,*,*,*,彼ら,カレラ,カレラ
を	助詞,格助詞,一般,*,*,*,を,ヲ,ヲ
追跡	名詞,サ変接続,*,*,*,*,追跡,ツイセキ,ツイセキ
し	動詞,自立,*,*,サ変・スル,連用形,する,シ,シ
て	助詞,接続助詞,*,*,*,*,て,テ,テ
行っ	動詞,非自立,*,*,五段・カ行促音便,連用タ接続,行く,イッ,イッ
た	助動詞,*,*,*,特殊・タ,基本形,た,タ,タ
が	助詞,接続助詞,*,*,*,*,が,ガ,ガ
，	記号,読点,*,*,*,*,，,，,，
ついに	副詞,一般,*,*,*,*,ついに,ツイニ,ツイニ
シリア	名詞,固有名詞,地域,国,*,*,シリア,シリア,シリア
の	助詞,連体化,*,*,*,*,の,ノ,ノ
王	名詞,固有名詞,人名,姓,*,*,王,オウ,オー
ベン	名詞,固有名詞,人名,名,*,*,ベン,ベン,ベン
･	名詞,サ変接続,*,*,*,*,*
ハダド	名詞,一般,*,*,*,*,*
は	助詞,係助詞,*,*,*,*,は,ハ,ワ
馬	名詞,一般,*,*,*,*,馬,ウマ,ウマ
に	助詞,格助詞,一般,*,*,*,に,ニ,ニ
乗っ	動詞,自立,*,*,五段・ラ行,連用タ接続,乗る,ノッ,ノッ
て	助詞,接続助詞,*,*,*,*,て,テ,テ
，	記号,読点,*,*,*,*,，,，,，
騎手	名詞,一般,*,*,*,*,騎手,キシュ,キシュ
たち	名詞,接尾,一般,*,*,*,たち,タチ,タチ
と	助詞,格助詞,一般,*,*,*,と,ト,ト
一緒	名詞,サ変接続,*,*,*,*,一緒,イッショ,イッショ
に	助詞,格助詞,一般,*,*,*,に,ニ,ニ
逃げ	動詞,自立,*,*,一段,連用形,逃げる,ニゲ,ニゲ
た	助動詞,*,*,*,特殊・タ,基本形,た,タ,タ
。	記号,句点,*,*,*,*,。,。,。
しかし	接続詞,*,*,*,*,*,しかし,シカシ,シカシ
，	記号,読点,*,*,*,*,，,，,，
イスラエル	名詞,固有名詞,地域,国,*,*,イスラエル,イスラエル,イスラエル
の	助詞,連体化,*,*,*,*,の,ノ,ノ
王	名詞,一般,*,*,*,*,王,オウ,オー
は	助詞,係助詞,*,*,*,*,は,ハ,ワ
出	動詞,自立,*,*,一段,連用形,出る,デ,デ
て	助詞,接続助詞,*,*,*,*,て,テ,テ
行っ	動詞,非自立,*,*,五段・カ行促音便,連用タ接続,行く,イッ,イッ
て	助詞,接続助詞,*,*,*,*,て,テ,テ
，	記号,読点,*,*,*,*,，,，,，
馬	名詞,一般,*,*,*,*,馬,ウマ,ウマ
と	助詞,並立助詞,*,*,*,*,と,ト,ト
兵	名詞,一般,*,*,*,*,兵,ヘイ,ヘイ
車	名詞,接尾,一般,*,*,*,車,シャ,シャ
を	助詞,格助詞,一般,*,*,*,を,ヲ,ヲ
討ち	動詞,自立,*,*,五段・タ行,連用形,討つ,ウチ,ウチ
倒し	動詞,自立,*,*,五段・サ行,連用形,倒す,タオシ,タオシ
，	記号,読点,*,*,*,*,，,，,，
また	接続詞,*,*,*,*,*,また,マタ,マタ
シリア	名詞,固有名詞,地域,国,*,*,シリア,シリア,シリア
人	名詞,接尾,一般,*,*,*,人,ジン,ジン
を	助詞,格助詞,一般,*,*,*,を,ヲ,ヲ
討ち	動詞,自立,*,*,五段・タ行,連用形,討つ,ウチ,ウチ
倒し	動詞,自立,*,*,五段・サ行,連用形,倒す,タオシ,タオシ
て	助詞,接続助詞,*,*,*,*,て,テ,テ
大いに	副詞,一般,*,*,*,*,大いに,オオイニ,オーイニ
殺し	動詞,自立,*,*,五段・サ行,連用形,殺す,コロシ,コロシ
た	助動詞,*,*,*,特殊・タ,基本形,た,タ,タ
。	記号,句点,*,*,*,*,。,。,。
後	名詞,接尾,副詞可能,*,*,*,後,ゴ,ゴ
に	助詞,格助詞,一般,*,*,*,に,ニ,ニ
，	記号,読点,*,*,*,*,，,，,，
例	名詞,一般,*,*,*,*,例,レイ,レイ
の	助詞,連体化,*,*,*,*,の,ノ,ノ
預言	名詞,サ変接続,*,*,*,*,預言,ヨゲン,ヨゲン
者	名詞,接尾,一般,*,*,*,者,シャ,シャ
が	助詞,格助詞,一般,*,*,*,が,ガ,ガ
イスラエル	名詞,固有名詞,地域,国,*,*,イスラエル,イスラエル,イスラエル
の	助詞,連体化,*,*,*,*,の,ノ,ノ
王	名詞,一般,*,*,*,*,王,オウ,オー
に	助詞,格助詞,一般,*,*,*,に,ニ,ニ
近寄っ	動詞,自立,*,*,五段・ラ行,連用タ接続,近寄る,チカヨッ,チカヨッ
て	助詞,接続助詞,*,*,*,*,て,テ,テ
言っ	動詞,自立,*,*,五段・ワ行促音便,連用タ接続,言う,イッ,イッ
た	助動詞,*,*,*,特殊・タ,基本形,た,タ,タ
，	記号,読点,*,*,*,*,，,，,，
「	記号,括弧開,*,*,*,*,「,「,「
さあ	感動詞,*,*,*,*,*,さあ,サア,サー
，	記号,読点,*,*,*,*,，,，,，
自ら	名詞,副詞可能,*,*,*,*,自ら,ミズカラ,ミズカラ
を	助詞,格助詞,一般,*,*,*,を,ヲ,ヲ
強く	形容詞,自立,*,*,形容詞・アウオ段,連用テ接続,強い,ツヨク,ツヨク
し	動詞,自立,*,*,サ変・スル,連用形,する,シ,シ
，	記号,読点,*,*,*,*,，,，,，
注意	名詞,サ変接続,*,*,*,*,注意,チュウイ,チューイ
し	動詞,自立,*,*,サ変・スル,連用形,する,シ,シ
て	助詞,接続助詞,*,*,*,*,て,テ,テ
，	記号,読点,*,*,*,*,，,，,，
自分	名詞,一般,*,*,*,*,自分,ジブン,ジブン
の	助詞,格助詞,一般,*,*,*,の,ノ,ノ
行なお	動詞,自立,*,*,五段・ワ行促音便,未然ウ接続,行なう,オコナオ,オコナオ
う	助動詞,*,*,*,不変化型,基本形,う,ウ,ウ
と	助詞,格助詞,引用,*,*,*,と,ト,ト
し	動詞,自立,*,*,サ変・スル,連用形,する,シ,シ
て	助詞,接続助詞,*,*,*,*,て,テ,テ
いる	動詞,非自立,*,*,一段,基本形,いる,イル,イル
こと	名詞,非自立,一般,*,*,*,こと,コト,コト
を	助詞,格助詞,一般,*,*,*,を,ヲ,ヲ
わきまえ	動詞,自立,*,*,一段,連用形,わきまえる,ワキマエ,ワキマエ
なさい	動詞,非自立,*,*,五段・ラ行特殊,命令ｉ,なさる,ナサイ,ナサイ
。	記号,句点,*,*,*,*,。,。,。
年	名詞,一般,*,*,*,*,年,トシ,トシ
が	助詞,格助詞,一般,*,*,*,が,ガ,ガ
改まる	動詞,自立,*,*,五段・ラ行,基本形,改まる,アラタマル,アラタマル
ころ	名詞,非自立,副詞可能,*,*,*,ころ,コロ,コロ
，	記号,読点,*,*,*,*,，,，,，
シリア	名詞,固有名詞,地域,国,*,*,シリア,シリア,シリア
の	助詞,連体化,*,*,*,*,の,ノ,ノ
王	名詞,一般,*,*,*,*,王,オウ,オー
が	助詞,格助詞,一般,*,*,*,が,ガ,ガ
あなた	名詞,代名詞,一般,*,*,*,あなた,アナタ,アナタ
を	助詞,格助詞,一般,*,*,*,を,ヲ,ヲ
攻め	名詞,一般,*,*,*,*,攻め,セメ,セメ
に	助詞,格助詞,一般,*,*,*,に,ニ,ニ
上っ	動詞,自立,*,*,五段・ラ行,連用タ接続,上る,ノボッ,ノボッ
て	助詞,接続助詞,*,*,*,*,て,テ,テ
来る	動詞,非自立,*,*,カ変・来ル,基本形,来る,クル,クル
から	助詞,接続助詞,*,*,*,*,から,カラ,カラ
です	助動詞,*,*,*,特殊・デス,基本形,です,デス,デス
」	記号,括弧閉,*,*,*,*,」,」,」
。	記号,句点,*,*,*,*,。,。,。
一方	接続詞,*,*,*,*,*,一方,イッポウ,イッポー
シリア	名詞,固有名詞,地域,国,*,*,シリア,シリア,シリア
の	助詞,連体化,*,*,*,*,の,ノ,ノ
王	名詞,一般,*,*,*,*,王,オウ,オー
の	助詞,連体化,*,*,*,*,の,ノ,ノ
僕	名詞,代名詞,一般,*,*,*,僕,ボク,ボク
たち	名詞,接尾,一般,*,*,*,たち,タチ,タチ
は	助詞,係助詞,*,*,*,*,は,ハ,ワ
，	記号,読点,*,*,*,*,，,，,，
[	名詞,サ変接続,*,*,*,*,*
王	名詞,接尾,一般,*,*,*,王,オウ,オー
]	名詞,サ変接続,*,*,*,*,*
に	助詞,格助詞,一般,*,*,*,に,ニ,ニ
言っ	動詞,自立,*,*,五段・ワ行促音便,連用タ接続,言う,イッ,イッ
た	助動詞,*,*,*,特殊・タ,基本形,た,タ,タ
，	記号,読点,*,*,*,*,，,，,，
「	記号,括弧開,*,*,*,*,「,「,「
彼ら	名詞,代名詞,一般,*,*,*,彼ら,カレラ,カレラ
の	助詞,連体化,*,*,*,*,の,ノ,ノ
神	名詞,一般,*,*,*,*,神,カミ,カミ
は	助詞,係助詞,*,*,*,*,は,ハ,ワ
山の神	名詞,一般,*,*,*,*,山の神,ヤマノカミ,ヤマノカミ
です	助動詞,*,*,*,特殊・デス,基本形,です,デス,デス
。	記号,句点,*,*,*,*,。,。,。
です	助動詞,*,*,*,特殊・デス,基本形,です,デス,デス
から	助詞,接続助詞,*,*,*,*,から,カラ,カラ
，	記号,読点,*,*,*,*,，,，,，
彼ら	名詞,代名詞,一般,*,*,*,彼ら,カレラ,カレラ
は	助詞,係助詞,*,*,*,*,は,ハ,ワ
我々	名詞,代名詞,一般,*,*,*,我々,ワレワレ,ワレワレ
より	助詞,格助詞,一般,*,*,*,より,ヨリ,ヨリ
も	助詞,係助詞,*,*,*,*,も,モ,モ
強かっ	形容詞,自立,*,*,形容詞・アウオ段,連用タ接続,強い,ツヨカッ,ツヨカッ
た	助動詞,*,*,*,特殊・タ,基本形,た,タ,タ
の	名詞,非自立,一般,*,*,*,の,ノ,ノ
です	助動詞,*,*,*,特殊・デス,基本形,です,デス,デス
。	記号,句点,*,*,*,*,。,。,。
それで	接続詞,*,*,*,*,*,それで,ソレデ,ソレデ
逆	名詞,一般,*,*,*,*,逆,ギャク,ギャク
に	助詞,格助詞,一般,*,*,*,に,ニ,ニ
，	記号,読点,*,*,*,*,，,，,，
我々	名詞,代名詞,一般,*,*,*,我々,ワレワレ,ワレワレ
に	助詞,格助詞,一般,*,*,*,に,ニ,ニ
平地	名詞,一般,*,*,*,*,平地,ヒラチ,ヒラチ
で	助詞,格助詞,一般,*,*,*,で,デ,デ
彼ら	名詞,代名詞,一般,*,*,*,彼ら,カレラ,カレラ
と	助詞,格助詞,引用,*,*,*,と,ト,ト
戦わ	動詞,自立,*,*,五段・ワ行促音便,未然形,戦う,タタカワ,タタカワ
せ	動詞,接尾,*,*,一段,連用形,せる,セ,セ
，	記号,読点,*,*,*,*,，,，,，
我々	名詞,代名詞,一般,*,*,*,我々,ワレワレ,ワレワレ
が	助詞,格助詞,一般,*,*,*,が,ガ,ガ
彼ら	名詞,代名詞,一般,*,*,*,彼ら,カレラ,カレラ
より	助詞,格助詞,一般,*,*,*,より,ヨリ,ヨリ
も	助詞,係助詞,*,*,*,*,も,モ,モ
強く	形容詞,自立,*,*,形容詞・アウオ段,連用テ接続,強い,ツヨク,ツヨク
ない	助動詞,*,*,*,特殊・ナイ,基本形,ない,ナイ,ナイ
か	助詞,副助詞／並立助詞／終助詞,*,*,*,*,か,カ,カ
どう	副詞,助詞類接続,*,*,*,*,どう,ドウ,ドー
か	助詞,副助詞／並立助詞／終助詞,*,*,*,*,か,カ,カ
を	助詞,格助詞,一般,*,*,*,を,ヲ,ヲ
[	名詞,サ変接続,*,*,*,*,*
見	動詞,自立,*,*,一段,未然形,見る,ミ,ミ
させ	動詞,接尾,*,*,一段,連用形,させる,サセ,サセ
て	助詞,接続助詞,*,*,*,*,て,テ,テ
]	名詞,サ変接続,*,*,*,*,*
ください	動詞,非自立,*,*,五段・ラ行特殊,命令ｉ,くださる,クダサイ,クダサイ
。	記号,句点,*,*,*,*,。,。,。
それで	接続詞,*,*,*,*,*,それで,ソレデ,ソレデ
，	記号,読点,*,*,*,*,，,，,，
この	連体詞,*,*,*,*,*,この,コノ,コノ
よう	名詞,非自立,助動詞語幹,*,*,*,よう,ヨウ,ヨー
な	助動詞,*,*,*,特殊・ダ,体言接続,だ,ナ,ナ
事	名詞,非自立,一般,*,*,*,事,コト,コト
を	助詞,格助詞,一般,*,*,*,を,ヲ,ヲ
行なっ	動詞,自立,*,*,五段・ワ行促音便,連用タ接続,行なう,オコナッ,オコナッ
て	助詞,接続助詞,*,*,*,*,て,テ,テ
ください	動詞,非自立,*,*,五段・ラ行特殊,命令ｉ,くださる,クダサイ,クダサイ
。	記号,句点,*,*,*,*,。,。,。
王	名詞,一般,*,*,*,*,王,オウ,オー
たち	名詞,接尾,一般,*,*,*,たち,タチ,タチ
を	助詞,格助詞,一般,*,*,*,を,ヲ,ヲ
各々	副詞,一般,*,*,*,*,各々,オノオノ,オノオノ
その	連体詞,*,*,*,*,*,その,ソノ,ソノ
立場	名詞,一般,*,*,*,*,立場,タチバ,タチバ
から	助詞,格助詞,一般,*,*,*,から,カラ,カラ
退け	動詞,自立,*,*,一段,連用形,退ける,シリゾケ,シリゾケ
，	記号,読点,*,*,*,*,，,，,，
彼ら	名詞,代名詞,一般,*,*,*,彼ら,カレラ,カレラ
の	助詞,連体化,*,*,*,*,の,ノ,ノ
代わり	名詞,一般,*,*,*,*,代わり,カワリ,カワリ
に	助詞,格助詞,一般,*,*,*,に,ニ,ニ
総督	名詞,一般,*,*,*,*,総督,ソウトク,ソートク
を	助詞,格助詞,一般,*,*,*,を,ヲ,ヲ
置い	動詞,自立,*,*,五段・カ行イ音便,連用タ接続,置く,オイ,オイ
て	助詞,接続助詞,*,*,*,*,て,テ,テ
ください	動詞,非自立,*,*,五段・ラ行特殊,命令ｉ,くださる,クダサイ,クダサイ
。	記号,句点,*,*,*,*,。,。,。
あなた	名詞,代名詞,一般,*,*,*,あなた,アナタ,アナタ
は	助詞,係助詞,*,*,*,*,は,ハ,ワ
，	記号,読点,*,*,*,*,，,，,，
ご	接頭詞,名詞接続,*,*,*,*,ご,ゴ,ゴ
自分	名詞,一般,*,*,*,*,自分,ジブン,ジブン
の	助詞,連体化,*,*,*,*,の,ノ,ノ
ため	名詞,非自立,副詞可能,*,*,*,ため,タメ,タメ
に	助詞,格助詞,一般,*,*,*,に,ニ,ニ
，	記号,読点,*,*,*,*,，,，,，
あなた	名詞,代名詞,一般,*,*,*,あなた,アナタ,アナタ
の	助詞,連体化,*,*,*,*,の,ノ,ノ
側	名詞,一般,*,*,*,*,側,ガワ,ガワ
から	助詞,格助詞,一般,*,*,*,から,カラ,カラ
倒れ	動詞,自立,*,*,一段,連用形,倒れる,タオレ,タオレ
た	助動詞,*,*,*,特殊・タ,基本形,た,タ,タ
軍勢	名詞,一般,*,*,*,*,軍勢,グンゼイ,グンゼイ
に	助詞,格助詞,一般,*,*,*,に,ニ,ニ
等しい	形容詞,自立,*,*,形容詞・イ段,基本形,等しい,ヒトシイ,ヒトシイ
軍勢	名詞,一般,*,*,*,*,軍勢,グンゼイ,グンゼイ
を	助詞,格助詞,一般,*,*,*,を,ヲ,ヲ
，	記号,読点,*,*,*,*,，,，,，
馬	名詞,一般,*,*,*,*,馬,ウマ,ウマ
に	助詞,格助詞,一般,*,*,*,に,ニ,ニ
は	助詞,係助詞,*,*,*,*,は,ハ,ワ
馬	名詞,一般,*,*,*,*,馬,ウマ,ウマ
，	記号,読点,*,*,*,*,，,，,，
兵	名詞,一般,*,*,*,*,兵,ヘイ,ヘイ
車	名詞,接尾,一般,*,*,*,車,シャ,シャ
に	助詞,格助詞,一般,*,*,*,に,ニ,ニ
は	助詞,係助詞,*,*,*,*,は,ハ,ワ
兵	名詞,一般,*,*,*,*,兵,ヘイ,ヘイ
車	名詞,接尾,一般,*,*,*,車,シャ,シャ
について	助詞,格助詞,連語,*,*,*,について,ニツイテ,ニツイテ
も	助詞,係助詞,*,*,*,*,も,モ,モ
数え	動詞,自立,*,*,一段,未然形,数える,カゾエ,カゾエ
なく	助動詞,*,*,*,特殊・ナイ,連用テ接続,ない,ナク,ナク
て	助詞,接続助詞,*,*,*,*,て,テ,テ
は	助詞,係助詞,*,*,*,*,は,ハ,ワ
なり	動詞,非自立,*,*,五段・ラ行,連用形,なる,ナリ,ナリ
ませ	助動詞,*,*,*,特殊・マス,未然形,ます,マセ,マセ
ん	助動詞,*,*,*,不変化型,基本形,ん,ン,ン
。	記号,句点,*,*,*,*,。,。,。
そして	接続詞,*,*,*,*,*,そして,ソシテ,ソシテ
，	記号,読点,*,*,*,*,，,，,，
我々	名詞,代名詞,一般,*,*,*,我々,ワレワレ,ワレワレ
に	助詞,格助詞,一般,*,*,*,に,ニ,ニ
平地	名詞,一般,*,*,*,*,平地,ヒラチ,ヒラチ
で	助詞,格助詞,一般,*,*,*,で,デ,デ
彼ら	名詞,代名詞,一般,*,*,*,彼ら,カレラ,カレラ
と	助詞,格助詞,引用,*,*,*,と,ト,ト
戦わ	動詞,自立,*,*,五段・ワ行促音便,未然形,戦う,タタカワ,タタカワ
せ	動詞,接尾,*,*,一段,連用形,せる,セ,セ
，	記号,読点,*,*,*,*,，,，,，
我々	名詞,代名詞,一般,*,*,*,我々,ワレワレ,ワレワレ
が	助詞,格助詞,一般,*,*,*,が,ガ,ガ
彼ら	名詞,代名詞,一般,*,*,*,彼ら,カレラ,カレラ
より	助詞,格助詞,一般,*,*,*,より,ヨリ,ヨリ
も	助詞,係助詞,*,*,*,*,も,モ,モ
強く	形容詞,自立,*,*,形容詞・アウオ段,連用テ接続,強い,ツヨク,ツヨク
ない	助動詞,*,*,*,特殊・ナイ,基本形,ない,ナイ,ナイ
か	助詞,副助詞／並立助詞／終助詞,*,*,*,*,か,カ,カ
どう	副詞,助詞類接続,*,*,*,*,どう,ドウ,ドー
か	助詞,副助詞／並立助詞／終助詞,*,*,*,*,か,カ,カ
を	助詞,格助詞,一般,*,*,*,を,ヲ,ヲ
[	名詞,サ変接続,*,*,*,*,*
見	動詞,自立,*,*,一段,未然形,見る,ミ,ミ
させ	動詞,接尾,*,*,一段,連用形,させる,サセ,サセ
て	助詞,接続助詞,*,*,*,*,て,テ,テ
]	名詞,サ変接続,*,*,*,*,*
ください	動詞,非自立,*,*,五段・ラ行特殊,命令ｉ,くださる,クダサイ,クダサイ
」	記号,括弧閉,*,*,*,*,」,」,」
。	記号,句点,*,*,*,*,。,。,。
そこで	接続詞,*,*,*,*,*,そこで,ソコデ,ソコデ
彼	名詞,代名詞,一般,*,*,*,彼,カレ,カレ
は	助詞,係助詞,*,*,*,*,は,ハ,ワ
その	連体詞,*,*,*,*,*,その,ソノ,ソノ
声	名詞,一般,*,*,*,*,声,コエ,コエ
に	助詞,格助詞,一般,*,*,*,に,ニ,ニ
聴き	動詞,自立,*,*,五段・カ行イ音便,連用形,聴く,キキ,キキ
従っ	動詞,自立,*,*,五段・ワ行促音便,連用タ接続,従う,シタガッ,シタガッ
て	助詞,接続助詞,*,*,*,*,て,テ,テ
，	記号,読点,*,*,*,*,，,，,，
その	連体詞,*,*,*,*,*,その,ソノ,ソノ
よう	名詞,非自立,助動詞語幹,*,*,*,よう,ヨウ,ヨー
に	助詞,格助詞,一般,*,*,*,に,ニ,ニ
し	動詞,自立,*,*,サ変・スル,連用形,する,シ,シ
た	助動詞,*,*,*,特殊・タ,基本形,た,タ,タ
。	記号,句点,*,*,*,*,。,。,。
そして	接続詞,*,*,*,*,*,そして,ソシテ,ソシテ
，	名詞,数,*,*,*,*,，,，,，
年	名詞,接尾,助数詞,*,*,*,年,ネン,ネン
が	助詞,格助詞,一般,*,*,*,が,ガ,ガ
改まる	動詞,自立,*,*,五段・ラ行,基本形,改まる,アラタマル,アラタマル
ころ	名詞,非自立,副詞可能,*,*,*,ころ,コロ,コロ
，	記号,読点,*,*,*,*,，,，,，
ベン	名詞,一般,*,*,*,*,ベン,ベン,ベン
･	名詞,サ変接続,*,*,*,*,*
ハダド	名詞,一般,*,*,*,*,*
は	助詞,係助詞,*,*,*,*,は,ハ,ワ
シリア	名詞,固有名詞,地域,国,*,*,シリア,シリア,シリア
人	名詞,接尾,一般,*,*,*,人,ジン,ジン
を	助詞,格助詞,一般,*,*,*,を,ヲ,ヲ
召集	名詞,サ変接続,*,*,*,*,召集,ショウシュウ,ショーシュー
し	動詞,自立,*,*,サ変・スル,連用形,する,シ,シ
，	記号,読点,*,*,*,*,，,，,，
イスラエル	名詞,固有名詞,地域,国,*,*,イスラエル,イスラエル,イスラエル
に対する	助詞,格助詞,連語,*,*,*,に対する,ニタイスル,ニタイスル
戦い	名詞,一般,*,*,*,*,戦い,タタカイ,タタカイ
の	助詞,連体化,*,*,*,*,の,ノ,ノ
ため	名詞,非自立,副詞可能,*,*,*,ため,タメ,タメ
に	助詞,格助詞,一般,*,*,*,に,ニ,ニ
アフェク	名詞,一般,*,*,*,*,*
に	助詞,格助詞,一般,*,*,*,に,ニ,ニ
上っ	動詞,自立,*,*,五段・ラ行,連用タ接続,上る,ノボッ,ノボッ
て	助詞,接続助詞,*,*,*,*,て,テ,テ
来	動詞,非自立,*,*,カ変・来ル,連用形,来る,キ,キ
た	助動詞,*,*,*,特殊・タ,基本形,た,タ,タ
の	名詞,非自立,一般,*,*,*,の,ノ,ノ
で	助動詞,*,*,*,特殊・ダ,連用形,だ,デ,デ
ある	助動詞,*,*,*,五段・ラ行アル,基本形,ある,アル,アル
。	記号,句点,*,*,*,*,。,。,。
一方	接続詞,*,*,*,*,*,一方,イッポウ,イッポー
イスラエル	名詞,固有名詞,地域,国,*,*,イスラエル,イスラエル,イスラエル
の	助詞,連体化,*,*,*,*,の,ノ,ノ
子	名詞,一般,*,*,*,*,子,コ,コ
ら	名詞,接尾,一般,*,*,*,ら,ラ,ラ
も	助詞,係助詞,*,*,*,*,も,モ,モ
召集	名詞,サ変接続,*,*,*,*,召集,ショウシュウ,ショーシュー
さ	動詞,自立,*,*,サ変・スル,未然レル接続,する,サ,サ
れ	動詞,接尾,*,*,一段,連用形,れる,レ,レ
，	記号,読点,*,*,*,*,，,，,，
食糧	名詞,一般,*,*,*,*,食糧,ショクリョウ,ショクリョー
を	助詞,格助詞,一般,*,*,*,を,ヲ,ヲ
供給	名詞,サ変接続,*,*,*,*,供給,キョウキュウ,キョーキュー
さ	動詞,自立,*,*,サ変・スル,未然レル接続,する,サ,サ
れ	動詞,接尾,*,*,一段,連用形,れる,レ,レ
，	記号,読点,*,*,*,*,，,，,，
彼ら	名詞,代名詞,一般,*,*,*,彼ら,カレラ,カレラ
に	助詞,格助詞,一般,*,*,*,に,ニ,ニ
立ち向かう	動詞,自立,*,*,五段・ワ行促音便,基本形,立ち向かう,タチムカウ,タチムカウ
ため	名詞,非自立,副詞可能,*,*,*,ため,タメ,タメ
に	助詞,格助詞,一般,*,*,*,に,ニ,ニ
出	動詞,自立,*,*,一段,連用形,出る,デ,デ
て	助詞,接続助詞,*,*,*,*,て,テ,テ
行き	動詞,非自立,*,*,五段・カ行促音便,連用形,行く,イキ,イキ
はじめ	動詞,非自立,*,*,一段,連用形,はじめる,ハジメ,ハジメ
た	助動詞,*,*,*,特殊・タ,基本形,た,タ,タ
。	記号,句点,*,*,*,*,。,。,。
イスラエル	名詞,固有名詞,地域,国,*,*,イスラエル,イスラエル,イスラエル
の	助詞,連体化,*,*,*,*,の,ノ,ノ
子	名詞,一般,*,*,*,*,子,コ,コ
ら	名詞,接尾,一般,*,*,*,ら,ラ,ラ
は	助詞,係助詞,*,*,*,*,は,ハ,ワ
やぎ	名詞,一般,*,*,*,*,やぎ,ヤギ,ヤギ
の	助詞,連体化,*,*,*,*,の,ノ,ノ
ごく	副詞,一般,*,*,*,*,ごく,ゴク,ゴク
小さな	連体詞,*,*,*,*,*,小さな,チイサナ,チーサナ
二つ	名詞,一般,*,*,*,*,二つ,フタツ,フタツ
の	助詞,連体化,*,*,*,*,の,ノ,ノ
群れ	名詞,一般,*,*,*,*,群れ,ムレ,ムレ
の	助詞,連体化,*,*,*,*,の,ノ,ノ
よう	名詞,非自立,助動詞語幹,*,*,*,よう,ヨウ,ヨー
に	助詞,副詞化,*,*,*,*,に,ニ,ニ
彼ら	名詞,代名詞,一般,*,*,*,彼ら,カレラ,カレラ
の	助詞,連体化,*,*,*,*,の,ノ,ノ
前	名詞,副詞可能,*,*,*,*,前,マエ,マエ
に	助詞,格助詞,一般,*,*,*,に,ニ,ニ
陣取っ	動詞,自立,*,*,五段・ラ行,連用タ接続,陣取る,ジンドッ,ジンドッ
た	助動詞,*,*,*,特殊・タ,基本形,た,タ,タ
が	助詞,接続助詞,*,*,*,*,が,ガ,ガ
，	記号,読点,*,*,*,*,，,，,，
シリア	名詞,固有名詞,地域,国,*,*,シリア,シリア,シリア
人	名詞,接尾,一般,*,*,*,人,ジン,ジン
の	助詞,連体化,*,*,*,*,の,ノ,ノ
方	名詞,非自立,一般,*,*,*,方,ホウ,ホー
は	助詞,係助詞,*,*,*,*,は,ハ,ワ
地	名詞,一般,*,*,*,*,地,チ,チ
を	助詞,格助詞,一般,*,*,*,を,ヲ,ヲ
満たし	動詞,自立,*,*,五段・サ行,連用形,満たす,ミタシ,ミタシ
て	助詞,接続助詞,*,*,*,*,て,テ,テ
い	動詞,非自立,*,*,一段,連用形,いる,イ,イ
た	助動詞,*,*,*,特殊・タ,基本形,た,タ,タ
。	記号,句点,*,*,*,*,。,。,。
する	動詞,自立,*,*,サ変・スル,基本形,する,スル,スル
と	助詞,接続助詞,*,*,*,*,と,ト,ト
，	記号,読点,*,*,*,*,，,，,，
[	名詞,サ変接続,*,*,*,*,*
ま	フィラー,*,*,*,*,*,ま,マ,マ
こと	名詞,非自立,一般,*,*,*,こと,コト,コト
の	助詞,連体化,*,*,*,*,の,ノ,ノ
]	名詞,サ変接続,*,*,*,*,*
神	名詞,接尾,一般,*,*,*,神,シン,シン
の	助詞,連体化,*,*,*,*,の,ノ,ノ
人	名詞,一般,*,*,*,*,人,ヒト,ヒト
が	助詞,格助詞,一般,*,*,*,が,ガ,ガ
近寄っ	動詞,自立,*,*,五段・ラ行,連用タ接続,近寄る,チカヨッ,チカヨッ
て	助詞,接続助詞,*,*,*,*,て,テ,テ
，	記号,読点,*,*,*,*,，,，,，
イスラエル	名詞,固有名詞,地域,国,*,*,イスラエル,イスラエル,イスラエル
の	助詞,連体化,*,*,*,*,の,ノ,ノ
王	名詞,一般,*,*,*,*,王,オウ,オー
に	助詞,格助詞,一般,*,*,*,に,ニ,ニ
言っ	動詞,自立,*,*,五段・ワ行促音便,連用タ接続,言う,イッ,イッ
た	助動詞,*,*,*,特殊・タ,基本形,た,タ,タ
。	記号,句点,*,*,*,*,。,。,。
しかも	接続詞,*,*,*,*,*,しかも,シカモ,シカモ
，	記号,読点,*,*,*,*,，,，,，
こう	副詞,助詞類接続,*,*,*,*,こう,コウ,コー
言っ	動詞,自立,*,*,五段・ワ行促音便,連用タ接続,言う,イッ,イッ
た	助動詞,*,*,*,特殊・タ,基本形,た,タ,タ
，	記号,読点,*,*,*,*,，,，,，
「	記号,括弧開,*,*,*,*,「,「,「
エホバ	名詞,一般,*,*,*,*,エホバ,エホバ,エホバ
は	助詞,係助詞,*,*,*,*,は,ハ,ワ
この	連体詞,*,*,*,*,*,この,コノ,コノ
よう	名詞,非自立,助動詞語幹,*,*,*,よう,ヨウ,ヨー
に	助詞,副詞化,*,*,*,*,に,ニ,ニ
言わ	動詞,自立,*,*,五段・ワ行促音便,未然形,言う,イワ,イワ
れ	動詞,接尾,*,*,一段,連用形,れる,レ,レ
た	助動詞,*,*,*,特殊・タ,基本形,た,タ,タ
。	記号,句点,*,*,*,*,。,。,。
『	記号,括弧開,*,*,*,*,『,『,『
シリア	名詞,固有名詞,地域,国,*,*,シリア,シリア,シリア
人	名詞,接尾,一般,*,*,*,人,ジン,ジン
が	助詞,格助詞,一般,*,*,*,が,ガ,ガ
，	記号,読点,*,*,*,*,，,，,，
「	記号,括弧開,*,*,*,*,「,「,「
エホバ	名詞,一般,*,*,*,*,エホバ,エホバ,エホバ
は	助詞,係助詞,*,*,*,*,は,ハ,ワ
山の神	名詞,一般,*,*,*,*,山の神,ヤマノカミ,ヤマノカミ
で	助動詞,*,*,*,特殊・ダ,連用形,だ,デ,デ
あっ	助動詞,*,*,*,五段・ラ行アル,連用タ接続,ある,アッ,アッ
て	助詞,接続助詞,*,*,*,*,て,テ,テ
，	記号,読点,*,*,*,*,，,，,，
低地	名詞,一般,*,*,*,*,低地,テイチ,テイチ
平原	名詞,一般,*,*,*,*,平原,ヘイゲン,ヘイゲン
の	助詞,連体化,*,*,*,*,の,ノ,ノ
神	名詞,一般,*,*,*,*,神,カミ,カミ
で	助詞,格助詞,一般,*,*,*,で,デ,デ
は	助詞,係助詞,*,*,*,*,は,ハ,ワ
ない	形容詞,自立,*,*,形容詞・アウオ段,基本形,ない,ナイ,ナイ
」	記号,括弧閉,*,*,*,*,」,」,」
と	助詞,格助詞,引用,*,*,*,と,ト,ト
言っ	動詞,自立,*,*,五段・ワ行促音便,連用タ接続,言う,イッ,イッ
て	助詞,接続助詞,*,*,*,*,て,テ,テ
いる	動詞,非自立,*,*,一段,基本形,いる,イル,イル
ので	助詞,接続助詞,*,*,*,*,ので,ノデ,ノデ
，	記号,読点,*,*,*,*,，,，,，
わたし	名詞,代名詞,一般,*,*,*,わたし,ワタシ,ワタシ
は	助詞,係助詞,*,*,*,*,は,ハ,ワ
この	連体詞,*,*,*,*,*,この,コノ,コノ
大	接頭詞,名詞接続,*,*,*,*,大,ダイ,ダイ
群衆	名詞,一般,*,*,*,*,群衆,グンシュウ,グンシュー
を	助詞,格助詞,一般,*,*,*,を,ヲ,ヲ
皆	名詞,代名詞,一般,*,*,*,皆,ミナ,ミナ
あなた	名詞,代名詞,一般,*,*,*,あなた,アナタ,アナタ
の	助詞,連体化,*,*,*,*,の,ノ,ノ
手	名詞,一般,*,*,*,*,手,テ,テ
に	助詞,格助詞,一般,*,*,*,に,ニ,ニ
必ず	副詞,助詞類接続,*,*,*,*,必ず,カナラズ,カナラズ
渡す	動詞,自立,*,*,五段・サ行,基本形,渡す,ワタス,ワタス
。	記号,句点,*,*,*,*,。,。,。
あなた	名詞,代名詞,一般,*,*,*,あなた,アナタ,アナタ
方	名詞,接尾,一般,*,*,*,方,カタ,カタ
は	助詞,係助詞,*,*,*,*,は,ハ,ワ
確か	名詞,形容動詞語幹,*,*,*,*,確か,タシカ,タシカ
に	助詞,副詞化,*,*,*,*,に,ニ,ニ
，	記号,読点,*,*,*,*,，,，,，
わたし	名詞,代名詞,一般,*,*,*,わたし,ワタシ,ワタシ
が	助詞,格助詞,一般,*,*,*,が,ガ,ガ
エホバ	名詞,一般,*,*,*,*,エホバ,エホバ,エホバ
で	助動詞,*,*,*,特殊・ダ,連用形,だ,デ,デ
ある	助動詞,*,*,*,五段・ラ行アル,基本形,ある,アル,アル
こと	名詞,非自立,一般,*,*,*,こと,コト,コト
を	助詞,格助詞,一般,*,*,*,を,ヲ,ヲ
知る	動詞,自立,*,*,五段・ラ行,基本形,知る,シル,シル
で	助動詞,*,*,*,特殊・ダ,連用形,だ,デ,デ
あろ	助動詞,*,*,*,五段・ラ行アル,未然ウ接続,ある,アロ,アロ
う	助動詞,*,*,*,不変化型,基本形,う,ウ,ウ
』	記号,括弧閉,*,*,*,*,』,』,』
」	記号,括弧閉,*,*,*,*,」,」,」
。	記号,句点,*,*,*,*,。,。,。
そして	接続詞,*,*,*,*,*,そして,ソシテ,ソシテ
彼ら	名詞,代名詞,一般,*,*,*,彼ら,カレラ,カレラ
は	助詞,係助詞,*,*,*,*,は,ハ,ワ
，	記号,読点,*,*,*,*,，,，,，
互いに	副詞,一般,*,*,*,*,互いに,タガイニ,タガイニ
向かい合っ	動詞,自立,*,*,五段・ワ行促音便,連用タ接続,向かい合う,ムカイアッ,ムカイアッ
て	助詞,接続助詞,*,*,*,*,て,テ,テ
，	記号,読点,*,*,*,*,，,，,，
七	名詞,数,*,*,*,*,七,ナナ,ナナ
日間	名詞,接尾,助数詞,*,*,*,日間,ニチカン,ニチカン
陣営	名詞,一般,*,*,*,*,陣営,ジンエイ,ジンエイ
を	助詞,格助詞,一般,*,*,*,を,ヲ,ヲ
敷い	動詞,自立,*,*,五段・カ行イ音便,連用タ接続,敷く,シイ,シイ
て	助詞,接続助詞,*,*,*,*,て,テ,テ
い	動詞,非自立,*,*,一段,連用形,いる,イ,イ
た	助動詞,*,*,*,特殊・タ,基本形,た,タ,タ
。	記号,句点,*,*,*,*,。,。,。
そして	接続詞,*,*,*,*,*,そして,ソシテ,ソシテ
，	記号,読点,*,*,*,*,，,，,，
七	名詞,数,*,*,*,*,七,ナナ,ナナ
日	名詞,接尾,助数詞,*,*,*,日,ニチ,ニチ
目	名詞,接尾,一般,*,*,*,目,メ,メ
に	助詞,格助詞,一般,*,*,*,に,ニ,ニ
，	記号,読点,*,*,*,*,，,，,，
戦闘	名詞,サ変接続,*,*,*,*,戦闘,セントウ,セントー
が	助詞,格助詞,一般,*,*,*,が,ガ,ガ
始まり	動詞,自立,*,*,五段・ラ行,連用形,始まる,ハジマリ,ハジマリ
，	記号,読点,*,*,*,*,，,，,，
イスラエル	名詞,固有名詞,地域,国,*,*,イスラエル,イスラエル,イスラエル
の	助詞,連体化,*,*,*,*,の,ノ,ノ
子	名詞,一般,*,*,*,*,子,コ,コ
ら	名詞,接尾,一般,*,*,*,ら,ラ,ラ
は	助詞,係助詞,*,*,*,*,は,ハ,ワ
シリア	名詞,固有名詞,地域,国,*,*,シリア,シリア,シリア
人	名詞,接尾,一般,*,*,*,人,ジン,ジン
を	助詞,格助詞,一般,*,*,*,を,ヲ,ヲ
，	記号,読点,*,*,*,*,，,，,，
すなわち	接続詞,*,*,*,*,*,すなわち,スナワチ,スナワチ
一	名詞,数,*,*,*,*,一,イチ,イチ
日	名詞,接尾,助数詞,*,*,*,日,ニチ,ニチ
の	助詞,連体化,*,*,*,*,の,ノ,ノ
うち	名詞,非自立,副詞可能,*,*,*,うち,ウチ,ウチ
に	助詞,格助詞,一般,*,*,*,に,ニ,ニ
徒歩	名詞,一般,*,*,*,*,徒歩,トホ,トホ
の	助詞,連体化,*,*,*,*,の,ノ,ノ
者	名詞,非自立,一般,*,*,*,者,モノ,モノ
十	名詞,数,*,*,*,*,十,ジュウ,ジュー
万	名詞,数,*,*,*,*,万,マン,マン
人	名詞,接尾,助数詞,*,*,*,人,ニン,ニン
を	助詞,格助詞,一般,*,*,*,を,ヲ,ヲ
討ち	動詞,自立,*,*,五段・タ行,連用形,討つ,ウチ,ウチ
倒し	動詞,自立,*,*,五段・サ行,連用形,倒す,タオシ,タオシ
た	助動詞,*,*,*,特殊・タ,基本形,た,タ,タ
の	名詞,非自立,一般,*,*,*,の,ノ,ノ
で	助動詞,*,*,*,特殊・ダ,連用形,だ,デ,デ
ある	助動詞,*,*,*,五段・ラ行アル,基本形,ある,アル,アル
。	記号,句点,*,*,*,*,。,。,。
そして	接続詞,*,*,*,*,*,そして,ソシテ,ソシテ
，	記号,読点,*,*,*,*,，,，,，
残っ	動詞,自立,*,*,五段・ラ行,連用タ接続,残る,ノコッ,ノコッ
た	助動詞,*,*,*,特殊・タ,基本形,た,タ,タ
者	名詞,一般,*,*,*,*,者,モノ,モノ
たち	名詞,接尾,一般,*,*,*,たち,タチ,タチ
は	助詞,係助詞,*,*,*,*,は,ハ,ワ
アフェク	名詞,一般,*,*,*,*,*
へ	助詞,格助詞,一般,*,*,*,へ,ヘ,エ
，	記号,読点,*,*,*,*,，,，,，
すなわち	接続詞,*,*,*,*,*,すなわち,スナワチ,スナワチ
都市	名詞,一般,*,*,*,*,都市,トシ,トシ
へ	助詞,格助詞,一般,*,*,*,へ,ヘ,エ
逃げ	動詞,自立,*,*,一段,連用形,逃げる,ニゲ,ニゲ
て	助詞,接続助詞,*,*,*,*,て,テ,テ
行っ	動詞,非自立,*,*,五段・カ行促音便,連用タ接続,行く,イッ,イッ
た	助動詞,*,*,*,特殊・タ,基本形,た,タ,タ
が	助詞,接続助詞,*,*,*,*,が,ガ,ガ
，	記号,読点,*,*,*,*,，,，,，
その	連体詞,*,*,*,*,*,その,ソノ,ソノ
城壁	名詞,一般,*,*,*,*,城壁,ジョウヘキ,ジョーヘキ
が	助詞,格助詞,一般,*,*,*,が,ガ,ガ
，	名詞,数,*,*,*,*,，,，,，
二	名詞,数,*,*,*,*,二,ニ,ニ
万	名詞,数,*,*,*,*,万,マン,マン
七	名詞,数,*,*,*,*,七,ナナ,ナナ
千	名詞,数,*,*,*,*,千,セン,セン
人	名詞,接尾,助数詞,*,*,*,人,ニン,ニン
の	助詞,格助詞,一般,*,*,*,の,ノ,ノ
残っ	動詞,自立,*,*,五段・ラ行,連用タ接続,残る,ノコッ,ノコッ
た	助動詞,*,*,*,特殊・タ,基本形,た,タ,タ
者	名詞,一般,*,*,*,*,者,モノ,モノ
たち	名詞,接尾,一般,*,*,*,たち,タチ,タチ
の	助詞,連体化,*,*,*,*,の,ノ,ノ
上	名詞,非自立,副詞可能,*,*,*,上,ウエ,ウエ
に	助詞,格助詞,一般,*,*,*,に,ニ,ニ
倒れ	動詞,自立,*,*,一段,連用形,倒れる,タオレ,タオレ
落ち	動詞,自立,*,*,一段,連用形,落ちる,オチ,オチ
た	助動詞,*,*,*,特殊・タ,基本形,た,タ,タ
。	記号,句点,*,*,*,*,。,。,。
一方	接続詞,*,*,*,*,*,一方,イッポウ,イッポー
ベン	名詞,一般,*,*,*,*,ベン,ベン,ベン
･	名詞,サ変接続,*,*,*,*,*
ハダド	名詞,一般,*,*,*,*,*
は	助詞,係助詞,*,*,*,*,は,ハ,ワ
逃げ	動詞,自立,*,*,一段,連用形,逃げる,ニゲ,ニゲ
て	助詞,接続助詞,*,*,*,*,て,テ,テ
，	記号,読点,*,*,*,*,，,，,，
ついに	副詞,一般,*,*,*,*,ついに,ツイニ,ツイニ
都市	名詞,一般,*,*,*,*,都市,トシ,トシ
に	助詞,格助詞,一般,*,*,*,に,ニ,ニ
入り	動詞,自立,*,*,五段・ラ行,連用形,入る,ハイリ,ハイリ
，	記号,読点,*,*,*,*,，,，,，
一番	名詞,副詞可能,*,*,*,*,一番,イチバン,イチバン
奥	名詞,一般,*,*,*,*,奥,オク,オク
の	助詞,連体化,*,*,*,*,の,ノ,ノ
間	名詞,一般,*,*,*,*,間,マ,マ
に	助詞,格助詞,一般,*,*,*,に,ニ,ニ
入っ	動詞,自立,*,*,五段・ラ行,連用タ接続,入る,ハイッ,ハイッ
た	助動詞,*,*,*,特殊・タ,基本形,た,タ,タ
。	記号,句点,*,*,*,*,。,。,。
それで	接続詞,*,*,*,*,*,それで,ソレデ,ソレデ
，	記号,読点,*,*,*,*,，,，,，
その	連体詞,*,*,*,*,*,その,ソノ,ソノ
僕	名詞,代名詞,一般,*,*,*,僕,ボク,ボク
たち	名詞,接尾,一般,*,*,*,たち,タチ,タチ
は	助詞,係助詞,*,*,*,*,は,ハ,ワ
彼	名詞,代名詞,一般,*,*,*,彼,カレ,カレ
に	助詞,格助詞,一般,*,*,*,に,ニ,ニ
言っ	動詞,自立,*,*,五段・ワ行促音便,連用タ接続,言う,イッ,イッ
た	助動詞,*,*,*,特殊・タ,基本形,た,タ,タ
，	記号,読点,*,*,*,*,，,，,，
「	記号,括弧開,*,*,*,*,「,「,「
さあ	感動詞,*,*,*,*,*,さあ,サア,サー
，	記号,読点,*,*,*,*,，,，,，
お願い	名詞,サ変接続,*,*,*,*,お願い,オネガイ,オネガイ
です	助動詞,*,*,*,特殊・デス,基本形,です,デス,デス
。	記号,句点,*,*,*,*,。,。,。
イスラエル	名詞,固有名詞,地域,国,*,*,イスラエル,イスラエル,イスラエル
の	助詞,連体化,*,*,*,*,の,ノ,ノ
家	名詞,一般,*,*,*,*,家,イエ,イエ
の	助詞,連体化,*,*,*,*,の,ノ,ノ
王	名詞,一般,*,*,*,*,王,オウ,オー
たち	名詞,接尾,一般,*,*,*,たち,タチ,タチ
は	助詞,係助詞,*,*,*,*,は,ハ,ワ
愛	名詞,一般,*,*,*,*,愛,アイ,アイ
ある	動詞,自立,*,*,五段・ラ行,基本形,ある,アル,アル
親切	名詞,形容動詞語幹,*,*,*,*,親切,シンセツ,シンセツ
の	助詞,連体化,*,*,*,*,の,ノ,ノ
王	名詞,一般,*,*,*,*,王,オウ,オー
で	助動詞,*,*,*,特殊・ダ,連用形,だ,デ,デ
ある	助動詞,*,*,*,五段・ラ行アル,基本形,ある,アル,アル
，	記号,読点,*,*,*,*,，,，,，
と	助詞,格助詞,引用,*,*,*,と,ト,ト
聞い	動詞,自立,*,*,五段・カ行イ音便,連用タ接続,聞く,キイ,キイ
て	助詞,接続助詞,*,*,*,*,て,テ,テ
い	動詞,非自立,*,*,一段,連用形,いる,イ,イ
ます	助動詞,*,*,*,特殊・マス,基本形,ます,マス,マス
。	記号,句点,*,*,*,*,。,。,。
どう	副詞,助詞類接続,*,*,*,*,どう,ドウ,ドー
か	助詞,副助詞／並立助詞／終助詞,*,*,*,*,か,カ,カ
，	記号,読点,*,*,*,*,，,，,，
わたし	名詞,代名詞,一般,*,*,*,わたし,ワタシ,ワタシ
たち	名詞,接尾,一般,*,*,*,たち,タチ,タチ
の	助詞,連体化,*,*,*,*,の,ノ,ノ
腰	名詞,一般,*,*,*,*,腰,コシ,コシ
に	助詞,格助詞,一般,*,*,*,に,ニ,ニ
粗布	名詞,一般,*,*,*,*,粗布,ソフ,ソフ
を	助詞,格助詞,一般,*,*,*,を,ヲ,ヲ
まとい	動詞,自立,*,*,五段・ワ行促音便,連用形,まとう,マトイ,マトイ
，	名詞,数,*,*,*,*,，,，,，
首	名詞,接尾,助数詞,*,*,*,首,シュ,シュ
に	助詞,格助詞,一般,*,*,*,に,ニ,ニ
綱	名詞,一般,*,*,*,*,綱,ツナ,ツナ
を	助詞,格助詞,一般,*,*,*,を,ヲ,ヲ
掛け	動詞,自立,*,*,一段,連用形,掛ける,カケ,カケ
て	助詞,接続助詞,*,*,*,*,て,テ,テ
，	記号,読点,*,*,*,*,，,，,，
イスラエル	名詞,固有名詞,地域,国,*,*,イスラエル,イスラエル,イスラエル
の	助詞,連体化,*,*,*,*,の,ノ,ノ
王	名詞,一般,*,*,*,*,王,オウ,オー
の	助詞,連体化,*,*,*,*,の,ノ,ノ
もと	名詞,非自立,一般,*,*,*,もと,モト,モト
に	助詞,格助詞,一般,*,*,*,に,ニ,ニ
出	動詞,自立,*,*,一段,連用形,出る,デ,デ
て	助詞,接続助詞,*,*,*,*,て,テ,テ
行か	動詞,非自立,*,*,五段・カ行促音便,未然形,行く,イカ,イカ
せ	動詞,接尾,*,*,一段,連用形,せる,セ,セ
て	助詞,接続助詞,*,*,*,*,て,テ,テ
ください	動詞,非自立,*,*,五段・ラ行特殊,命令ｉ,くださる,クダサイ,クダサイ
。	記号,句点,*,*,*,*,。,。,。
多分	副詞,一般,*,*,*,*,多分,タブン,タブン
，	記号,読点,*,*,*,*,，,，,，
彼	名詞,代名詞,一般,*,*,*,彼,カレ,カレ
は	助詞,係助詞,*,*,*,*,は,ハ,ワ
あなた	名詞,代名詞,一般,*,*,*,あなた,アナタ,アナタ
の	助詞,連体化,*,*,*,*,の,ノ,ノ
魂	名詞,一般,*,*,*,*,魂,タマシイ,タマシー
を	助詞,格助詞,一般,*,*,*,を,ヲ,ヲ
生かし	動詞,自立,*,*,五段・サ行,連用形,生かす,イカシ,イカシ
て	助詞,接続助詞,*,*,*,*,て,テ,テ
お	感動詞,*,*,*,*,*,お,オ,オ
EOS
かれる	動詞,自立,*,*,一段,基本形,かれる,カレル,カレル
でしょ	助動詞,*,*,*,特殊・デス,未然形,です,デショ,デショ
う	助動詞,*,*,*,不変化型,基本形,う,ウ,ウ
」	記号,括弧閉,*,*,*,*,」,」,」
。	記号,句点,*,*,*,*,。,。,。
そこで	接続詞,*,*,*,*,*,そこで,ソコデ,ソコデ
彼ら	名詞,代名詞,一般,*,*,*,彼ら,カレラ,カレラ
は	助詞,係助詞,*,*,*,*,は,ハ,ワ
粗布	名詞,一般,*,*,*,*,粗布,ソフ,ソフ
を	助詞,格助詞,一般,*,*,*,を,ヲ,ヲ
腰	名詞,一般,*,*,*,*,腰,コシ,コシ
に	助詞,格助詞,一般,*,*,*,に,ニ,ニ
まとい	動詞,自立,*,*,五段・ワ行促音便,連用形,まとう,マトイ,マトイ
，	記号,読点,*,*,*,*,，,，,，
綱	名詞,一般,*,*,*,*,綱,ツナ,ツナ
を	助詞,格助詞,一般,*,*,*,を,ヲ,ヲ
首	名詞,一般,*,*,*,*,首,クビ,クビ
に	助詞,格助詞,一般,*,*,*,に,ニ,ニ
掛け	動詞,自立,*,*,一段,連用形,掛ける,カケ,カケ
て	助詞,接続助詞,*,*,*,*,て,テ,テ
，	記号,読点,*,*,*,*,，,，,，
イスラエル	名詞,固有名詞,地域,国,*,*,イスラエル,イスラエル,イスラエル
の	助詞,連体化,*,*,*,*,の,ノ,ノ
王	名詞,一般,*,*,*,*,王,オウ,オー
の	助詞,連体化,*,*,*,*,の,ノ,ノ
ところ	名詞,非自立,副詞可能,*,*,*,ところ,トコロ,トコロ
に	助詞,格助詞,一般,*,*,*,に,ニ,ニ
来	動詞,自立,*,*,カ変・来ル,連用形,来る,キ,キ
て	助詞,接続助詞,*,*,*,*,て,テ,テ
言っ	動詞,自立,*,*,五段・ワ行促音便,連用タ接続,言う,イッ,イッ
た	助動詞,*,*,*,特殊・タ,基本形,た,タ,タ
，	記号,読点,*,*,*,*,，,，,，
「	記号,括弧開,*,*,*,*,「,「,「
あなた	名詞,代名詞,一般,*,*,*,あなた,アナタ,アナタ
の	助詞,連体化,*,*,*,*,の,ノ,ノ
僕	名詞,代名詞,一般,*,*,*,僕,ボク,ボク
ベン	名詞,一般,*,*,*,*,ベン,ベン,ベン
･	名詞,サ変接続,*,*,*,*,*
ハダド	名詞,一般,*,*,*,*,*
は	助詞,係助詞,*,*,*,*,は,ハ,ワ
，	記号,読点,*,*,*,*,，,，,，
『	記号,括弧開,*,*,*,*,『,『,『
どう	副詞,助詞類接続,*,*,*,*,どう,ドウ,ドー
か	助詞,副助詞／並立助詞／終助詞,*,*,*,*,か,カ,カ
，	記号,読点,*,*,*,*,，,，,，
わたし	名詞,代名詞,一般,*,*,*,わたし,ワタシ,ワタシ
の	助詞,連体化,*,*,*,*,の,ノ,ノ
魂	名詞,一般,*,*,*,*,魂,タマシイ,タマシー
を	助詞,格助詞,一般,*,*,*,を,ヲ,ヲ
生かし	動詞,自立,*,*,五段・サ行,連用形,生かす,イカシ,イカシ
て	助詞,接続助詞,*,*,*,*,て,テ,テ
ください	動詞,非自立,*,*,五段・ラ行特殊,命令ｉ,くださる,クダサイ,クダサイ
』	記号,括弧閉,*,*,*,*,』,』,』
と	助詞,格助詞,引用,*,*,*,と,ト,ト
申し	動詞,自立,*,*,五段・サ行,連用形,申す,モウシ,モーシ
て	助詞,接続助詞,*,*,*,*,て,テ,テ
おり	動詞,非自立,*,*,五段・ラ行,連用形,おる,オリ,オリ
ます	助動詞,*,*,*,特殊・マス,基本形,ます,マス,マス
」	記号,括弧閉,*,*,*,*,」,」,」
。	記号,句点,*,*,*,*,。,。,。
これ	名詞,代名詞,一般,*,*,*,これ,コレ,コレ
に対して	助詞,格助詞,連語,*,*,*,に対して,ニタイシテ,ニタイシテ
[	名詞,サ変接続,*,*,*,*,*
王	名詞,接尾,一般,*,*,*,王,オウ,オー
]	名詞,サ変接続,*,*,*,*,*
は	助詞,係助詞,*,*,*,*,は,ハ,ワ
言っ	動詞,自立,*,*,五段・ワ行促音便,連用タ接続,言う,イッ,イッ
た	助動詞,*,*,*,特殊・タ,基本形,た,タ,タ
，	記号,読点,*,*,*,*,，,，,，
「	記号,括弧開,*,*,*,*,「,「,「
彼	名詞,代名詞,一般,*,*,*,彼,カレ,カレ
は	助詞,係助詞,*,*,*,*,は,ハ,ワ
まだ	副詞,助詞類接続,*,*,*,*,まだ,マダ,マダ
生き	動詞,自立,*,*,一段,連用形,生きる,イキ,イキ
て	助詞,接続助詞,*,*,*,*,て,テ,テ
いる	動詞,非自立,*,*,一段,基本形,いる,イル,イル
の	名詞,非自立,一般,*,*,*,の,ノ,ノ
か	助詞,副助詞／並立助詞／終助詞,*,*,*,*,か,カ,カ
。	記号,句点,*,*,*,*,。,。,。
彼	名詞,代名詞,一般,*,*,*,彼,カレ,カレ
は	助詞,係助詞,*,*,*,*,は,ハ,ワ
わたし	名詞,代名詞,一般,*,*,*,わたし,ワタシ,ワタシ
の	助詞,連体化,*,*,*,*,の,ノ,ノ
兄弟	名詞,一般,*,*,*,*,兄弟,キョウダイ,キョーダイ
だ	助動詞,*,*,*,特殊・ダ,基本形,だ,ダ,ダ
」	記号,括弧閉,*,*,*,*,」,」,」
。	記号,句点,*,*,*,*,。,。,。
それで	接続詞,*,*,*,*,*,それで,ソレデ,ソレデ
，	記号,読点,*,*,*,*,，,，,，
この	連体詞,*,*,*,*,*,この,コノ,コノ
人々	名詞,一般,*,*,*,*,人々,ヒトビト,ヒトビト
は	助詞,係助詞,*,*,*,*,は,ハ,ワ
，	記号,読点,*,*,*,*,，,，,，
それ	名詞,代名詞,一般,*,*,*,それ,ソレ,ソレ
を	助詞,格助詞,一般,*,*,*,を,ヲ,ヲ
兆し	動詞,自立,*,*,五段・サ行,連用形,兆す,キザシ,キザシ
と	助詞,格助詞,引用,*,*,*,と,ト,ト
みなし	動詞,自立,*,*,五段・サ行,連用形,みなす,ミナシ,ミナシ
，	記号,読点,*,*,*,*,，,，,，
すぐ	副詞,助詞類接続,*,*,*,*,すぐ,スグ,スグ
に	助詞,副詞化,*,*,*,*,に,ニ,ニ
それ	名詞,代名詞,一般,*,*,*,それ,ソレ,ソレ
を	助詞,格助詞,一般,*,*,*,を,ヲ,ヲ
彼	名詞,代名詞,一般,*,*,*,彼,カレ,カレ
の	助詞,連体化,*,*,*,*,の,ノ,ノ
自発	名詞,一般,*,*,*,*,自発,ジハツ,ジハツ
的	名詞,接尾,形容動詞語幹,*,*,*,的,テキ,テキ
な	助動詞,*,*,*,特殊・ダ,体言接続,だ,ナ,ナ
決定	名詞,サ変接続,*,*,*,*,決定,ケッテイ,ケッテイ
と	助詞,格助詞,引用,*,*,*,と,ト,ト
解し	動詞,自立,*,*,五段・サ行,連用形,解す,カイシ,カイシ
て	助詞,接続助詞,*,*,*,*,て,テ,テ
，	記号,読点,*,*,*,*,，,，,，
「	記号,括弧開,*,*,*,*,「,「,「
ベン	名詞,一般,*,*,*,*,ベン,ベン,ベン
･	名詞,サ変接続,*,*,*,*,*
ハダド	名詞,一般,*,*,*,*,*
は	助詞,係助詞,*,*,*,*,は,ハ,ワ
あなた	名詞,代名詞,一般,*,*,*,あなた,アナタ,アナタ
の	助詞,連体化,*,*,*,*,の,ノ,ノ
兄弟	名詞,一般,*,*,*,*,兄弟,キョウダイ,キョーダイ
です	助動詞,*,*,*,特殊・デス,基本形,です,デス,デス
」	記号,括弧閉,*,*,*,*,」,」,」
と	助詞,格助詞,引用,*,*,*,と,ト,ト
言っ	動詞,自立,*,*,五段・ワ行促音便,連用タ接続,言う,イッ,イッ
た	助動詞,*,*,*,特殊・タ,基本形,た,タ,タ
。	記号,句点,*,*,*,*,。,。,。
する	動詞,自立,*,*,サ変・スル,基本形,する,スル,スル
と	助詞,接続助詞,*,*,*,*,と,ト,ト
，	記号,読点,*,*,*,*,，,，,，
彼	名詞,代名詞,一般,*,*,*,彼,カレ,カレ
は	助詞,係助詞,*,*,*,*,は,ハ,ワ
，	記号,読点,*,*,*,*,，,，,，
「	記号,括弧開,*,*,*,*,「,「,「
行っ	動詞,自立,*,*,五段・ワ行促音便,連用タ接続,行う,オコナッ,オコナッ
て	助詞,接続助詞,*,*,*,*,て,テ,テ
，	記号,読点,*,*,*,*,，,，,，
彼	名詞,代名詞,一般,*,*,*,彼,カレ,カレ
を	助詞,格助詞,一般,*,*,*,を,ヲ,ヲ
連れ	動詞,自立,*,*,一段,連用形,連れる,ツレ,ツレ
て	助詞,接続助詞,*,*,*,*,て,テ,テ
来	動詞,非自立,*,*,カ変・来ル,連用形,来る,キ,キ
なさい	動詞,非自立,*,*,五段・ラ行特殊,命令ｉ,なさる,ナサイ,ナサイ
」	記号,括弧閉,*,*,*,*,」,」,」
と	助詞,格助詞,引用,*,*,*,と,ト,ト
言っ	動詞,自立,*,*,五段・ワ行促音便,連用タ接続,言う,イッ,イッ
た	助動詞,*,*,*,特殊・タ,基本形,た,タ,タ
。	記号,句点,*,*,*,*,。,。,。
そこで	接続詞,*,*,*,*,*,そこで,ソコデ,ソコデ
，	記号,読点,*,*,*,*,，,，,，
ベン	名詞,一般,*,*,*,*,ベン,ベン,ベン
･	名詞,サ変接続,*,*,*,*,*
ハダド	名詞,一般,*,*,*,*,*
は	助詞,係助詞,*,*,*,*,は,ハ,ワ
王	名詞,一般,*,*,*,*,王,オウ,オー
の	助詞,連体化,*,*,*,*,の,ノ,ノ
ところ	名詞,非自立,副詞可能,*,*,*,ところ,トコロ,トコロ
に	助詞,格助詞,一般,*,*,*,に,ニ,ニ
出	動詞,自立,*,*,一段,連用形,出る,デ,デ
て	助詞,接続助詞,*,*,*,*,て,テ,テ
来	動詞,非自立,*,*,カ変・来ル,連用形,来る,キ,キ
た	助動詞,*,*,*,特殊・タ,基本形,た,タ,タ
。	記号,句点,*,*,*,*,。,。,。
[	名詞,サ変接続,*,*,*,*,*
王	名詞,接尾,一般,*,*,*,王,オウ,オー
]	名詞,サ変接続,*,*,*,*,*
は	助詞,係助詞,*,*,*,*,は,ハ,ワ
直ちに	副詞,一般,*,*,*,*,直ちに,タダチニ,タダチニ
彼	名詞,代名詞,一般,*,*,*,彼,カレ,カレ
を	助詞,格助詞,一般,*,*,*,を,ヲ,ヲ
兵	名詞,一般,*,*,*,*,兵,ヘイ,ヘイ
車	名詞,接尾,一般,*,*,*,車,シャ,シャ
に	助詞,格助詞,一般,*,*,*,に,ニ,ニ
乗せ	動詞,自立,*,*,一段,連用形,乗せる,ノセ,ノセ
た	助動詞,*,*,*,特殊・タ,基本形,た,タ,タ
。	記号,句点,*,*,*,*,。,。,。
さて	接続詞,*,*,*,*,*,さて,サテ,サテ
，	記号,読点,*,*,*,*,，,，,，
[	名詞,サ変接続,*,*,*,*,*
ベン	名詞,一般,*,*,*,*,ベン,ベン,ベン
･	名詞,サ変接続,*,*,*,*,*
ハダド	名詞,一般,*,*,*,*,*
]	名詞,サ変接続,*,*,*,*,*
は	助詞,係助詞,*,*,*,*,は,ハ,ワ
彼	名詞,代名詞,一般,*,*,*,彼,カレ,カレ
に	助詞,格助詞,一般,*,*,*,に,ニ,ニ
言っ	動詞,自立,*,*,五段・ワ行促音便,連用タ接続,言う,イッ,イッ
た	助動詞,*,*,*,特殊・タ,基本形,た,タ,タ
，	記号,読点,*,*,*,*,，,，,，
「	記号,括弧開,*,*,*,*,「,「,「
わたし	名詞,代名詞,一般,*,*,*,わたし,ワタシ,ワタシ
の	助詞,連体化,*,*,*,*,の,ノ,ノ
父	名詞,一般,*,*,*,*,父,チチ,チチ
が	助詞,格助詞,一般,*,*,*,が,ガ,ガ
あなた	名詞,代名詞,一般,*,*,*,あなた,アナタ,アナタ
の	助詞,連体化,*,*,*,*,の,ノ,ノ
父上	名詞,一般,*,*,*,*,父上,チチウエ,チチウエ
から	助詞,格助詞,一般,*,*,*,から,カラ,カラ
奪っ	動詞,自立,*,*,五段・ワ行促音便,連用タ接続,奪う,ウバッ,ウバッ
た	助動詞,*,*,*,特殊・タ,基本形,た,タ,タ
諸	接頭詞,名詞接続,*,*,*,*,諸,ショ,ショ
都市	名詞,一般,*,*,*,*,都市,トシ,トシ
を	助詞,格助詞,一般,*,*,*,を,ヲ,ヲ
お返し	名詞,サ変接続,*,*,*,*,お返し,オカエシ,オカエシ
致し	動詞,非自立,*,*,五段・サ行,連用形,致す,イタシ,イタシ
ます	助動詞,*,*,*,特殊・マス,基本形,ます,マス,マス
。	記号,句点,*,*,*,*,。,。,。
あなた	名詞,代名詞,一般,*,*,*,あなた,アナタ,アナタ
は	助詞,係助詞,*,*,*,*,は,ハ,ワ
，	記号,読点,*,*,*,*,，,，,，
わたし	名詞,代名詞,一般,*,*,*,わたし,ワタシ,ワタシ
の	助詞,連体化,*,*,*,*,の,ノ,ノ
父	名詞,一般,*,*,*,*,父,チチ,チチ
が	助詞,格助詞,一般,*,*,*,が,ガ,ガ
サマリア	名詞,一般,*,*,*,*,*
で	助詞,格助詞,一般,*,*,*,で,デ,デ
指定	名詞,サ変接続,*,*,*,*,指定,シテイ,シテイ
し	動詞,自立,*,*,サ変・スル,連用形,する,シ,シ
た	助動詞,*,*,*,特殊・タ,基本形,た,タ,タ
の	名詞,非自立,一般,*,*,*,の,ノ,ノ
と	助詞,格助詞,引用,*,*,*,と,ト,ト
同様	名詞,形容動詞語幹,*,*,*,*,同様,ドウヨウ,ドーヨー
に	助詞,副詞化,*,*,*,*,に,ニ,ニ
，	記号,読点,*,*,*,*,，,，,，
ダマスカス	名詞,固有名詞,地域,一般,*,*,ダマスカス,ダマスカス,ダマスカス
で	助詞,格助詞,一般,*,*,*,で,デ,デ
ご	接頭詞,名詞接続,*,*,*,*,ご,ゴ,ゴ
自分	名詞,一般,*,*,*,*,自分,ジブン,ジブン
の	助詞,連体化,*,*,*,*,の,ノ,ノ
ため	名詞,非自立,副詞可能,*,*,*,ため,タメ,タメ
に	助詞,格助詞,一般,*,*,*,に,ニ,ニ
街路	名詞,一般,*,*,*,*,街路,ガイロ,ガイロ
を	助詞,格助詞,一般,*,*,*,を,ヲ,ヲ
指定	名詞,サ変接続,*,*,*,*,指定,シテイ,シテイ
する	動詞,自立,*,*,サ変・スル,基本形,する,スル,スル
こと	名詞,非自立,一般,*,*,*,こと,コト,コト
も	助詞,係助詞,*,*,*,*,も,モ,モ
でき	動詞,自立,*,*,一段,連用形,できる,デキ,デキ
ます	助動詞,*,*,*,特殊・マス,基本形,ます,マス,マス
」	記号,括弧閉,*,*,*,*,」,」,」
。	記号,句点,*,*,*,*,。,。,。
とき	名詞,非自立,副詞可能,*,*,*,とき,トキ,トキ
に	助詞,格助詞,一般,*,*,*,に,ニ,ニ
，	記号,読点,*,*,*,*,，,，,，
預言	名詞,サ変接続,*,*,*,*,預言,ヨゲン,ヨゲン
者	名詞,接尾,一般,*,*,*,者,シャ,シャ
の	助詞,連体化,*,*,*,*,の,ノ,ノ
子	名詞,一般,*,*,*,*,子,コ,コ
ら	名詞,接尾,一般,*,*,*,ら,ラ,ラ
の	助詞,格助詞,一般,*,*,*,の,ノ,ノ
ある	動詞,自立,*,*,五段・ラ行,基本形,ある,アル,アル
人	名詞,一般,*,*,*,*,人,ヒト,ヒト
が	助詞,格助詞,一般,*,*,*,が,ガ,ガ
エホバ	名詞,一般,*,*,*,*,エホバ,エホバ,エホバ
の	助詞,連体化,*,*,*,*,の,ノ,ノ
言葉	名詞,一般,*,*,*,*,言葉,コトバ,コトバ
によって	助詞,格助詞,連語,*,*,*,によって,ニヨッテ,ニヨッテ
自分	名詞,一般,*,*,*,*,自分,ジブン,ジブン
の	助詞,連体化,*,*,*,*,の,ノ,ノ
友	名詞,一般,*,*,*,*,友,トモ,トモ
に	助詞,格助詞,一般,*,*,*,に,ニ,ニ
，	記号,読点,*,*,*,*,，,，,，
「	記号,括弧開,*,*,*,*,「,「,「
どう	副詞,助詞類接続,*,*,*,*,どう,ドウ,ドー
か	助詞,副助詞／並立助詞／終助詞,*,*,*,*,か,カ,カ
，	記号,読点,*,*,*,*,，,，,，
わたし	名詞,代名詞,一般,*,*,*,わたし,ワタシ,ワタシ
を	助詞,格助詞,一般,*,*,*,を,ヲ,ヲ
打っ	動詞,自立,*,*,五段・タ行,連用タ接続,打つ,ウッ,ウッ
て	助詞,接続助詞,*,*,*,*,て,テ,テ
くれ	動詞,非自立,*,*,一段・クレル,連用形,くれる,クレ,クレ
」	記号,括弧閉,*,*,*,*,」,」,」
と	助詞,格助詞,引用,*,*,*,と,ト,ト
言っ	動詞,自立,*,*,五段・ワ行促音便,連用タ接続,言う,イッ,イッ
た	助動詞,*,*,*,特殊・タ,基本形,た,タ,タ
。	記号,句点,*,*,*,*,。,。,。
しかし	接続詞,*,*,*,*,*,しかし,シカシ,シカシ
，	記号,読点,*,*,*,*,，,，,，
その	連体詞,*,*,*,*,*,その,ソノ,ソノ
人	名詞,一般,*,*,*,*,人,ヒト,ヒト
は	助詞,係助詞,*,*,*,*,は,ハ,ワ
彼	名詞,代名詞,一般,*,*,*,彼,カレ,カレ
を	助詞,格助詞,一般,*,*,*,を,ヲ,ヲ
打つ	動詞,自立,*,*,五段・タ行,基本形,打つ,ウツ,ウツ
こと	名詞,非自立,一般,*,*,*,こと,コト,コト
を	助詞,格助詞,一般,*,*,*,を,ヲ,ヲ
拒ん	動詞,自立,*,*,五段・マ行,連用タ接続,拒む,コバン,コバン
だ	助動詞,*,*,*,特殊・タ,基本形,だ,ダ,ダ
。	記号,句点,*,*,*,*,。,。,。
それ	名詞,代名詞,一般,*,*,*,それ,ソレ,ソレ
ゆえ	名詞,接尾,一般,*,*,*,ゆえ,ユエ,ユエ
，	記号,読点,*,*,*,*,，,，,，
彼	名詞,代名詞,一般,*,*,*,彼,カレ,カレ
は	助詞,係助詞,*,*,*,*,は,ハ,ワ
その	連体詞,*,*,*,*,*,その,ソノ,ソノ
人	名詞,一般,*,*,*,*,人,ヒト,ヒト
に	助詞,格助詞,一般,*,*,*,に,ニ,ニ
言っ	動詞,自立,*,*,五段・ワ行促音便,連用タ接続,言う,イッ,イッ
た	助動詞,*,*,*,特殊・タ,基本形,た,タ,タ
，	記号,読点,*,*,*,*,，,，,，
「	記号,括弧開,*,*,*,*,「,「,「
あなた	名詞,代名詞,一般,*,*,*,あなた,アナタ,アナタ
は	助詞,係助詞,*,*,*,*,は,ハ,ワ
エホバ	名詞,一般,*,*,*,*,エホバ,エホバ,エホバ
の	助詞,連体化,*,*,*,*,の,ノ,ノ
声	名詞,一般,*,*,*,*,声,コエ,コエ
に	助詞,格助詞,一般,*,*,*,に,ニ,ニ
聴き	動詞,自立,*,*,五段・カ行イ音便,連用形,聴く,キキ,キキ
従わ	動詞,自立,*,*,五段・ワ行促音便,未然形,従う,シタガワ,シタガワ
なかっ	助動詞,*,*,*,特殊・ナイ,連用タ接続,ない,ナカッ,ナカッ
た	助動詞,*,*,*,特殊・タ,基本形,た,タ,タ
ので	助詞,接続助詞,*,*,*,*,ので,ノデ,ノデ
，	記号,読点,*,*,*,*,，,，,，
ご覧	名詞,一般,*,*,*,*,ご覧,ゴラン,ゴラン
なさい	動詞,自立,*,*,五段・ラ行特殊,連用形,なさる,ナサイ,ナサイ
，	記号,読点,*,*,*,*,，,，,，
あなた	名詞,代名詞,一般,*,*,*,あなた,アナタ,アナタ
は	助詞,係助詞,*,*,*,*,は,ハ,ワ
わたし	名詞,代名詞,一般,*,*,*,わたし,ワタシ,ワタシ
の	助詞,連体化,*,*,*,*,の,ノ,ノ
もと	名詞,一般,*,*,*,*,もと,モト,モト
から	助詞,格助詞,一般,*,*,*,から,カラ,カラ
去っ	動詞,自立,*,*,五段・ラ行,連用タ接続,去る,サッ,サッ
て	助詞,接続助詞,*,*,*,*,て,テ,テ
行き	動詞,非自立,*,*,五段・カ行促音便,連用形,行く,イキ,イキ
，	記号,読点,*,*,*,*,，,，,，
ライオン	名詞,一般,*,*,*,*,ライオン,ライオン,ライオン
が	助詞,格助詞,一般,*,*,*,が,ガ,ガ
必ず	副詞,助詞類接続,*,*,*,*,必ず,カナラズ,カナラズ
あなた	名詞,代名詞,一般,*,*,*,あなた,アナタ,アナタ
を	助詞,格助詞,一般,*,*,*,を,ヲ,ヲ
打ち倒す	動詞,自立,*,*,五段・サ行,基本形,打ち倒す,ウチタオス,ウチタオス
でしょ	助動詞,*,*,*,特殊・デス,未然形,です,デショ,デショ
う	助動詞,*,*,*,不変化型,基本形,う,ウ,ウ
」	記号,括弧閉,*,*,*,*,」,」,」
。	記号,句点,*,*,*,*,。,。,。
その後	名詞,副詞可能,*,*,*,*,その後,ソノゴ,ソノゴ
，	記号,読点,*,*,*,*,，,，,，
その	連体詞,*,*,*,*,*,その,ソノ,ソノ
人	名詞,一般,*,*,*,*,人,ヒト,ヒト
は	助詞,係助詞,*,*,*,*,は,ハ,ワ
彼	名詞,代名詞,一般,*,*,*,彼,カレ,カレ
の	助詞,連体化,*,*,*,*,の,ノ,ノ
そば	名詞,一般,*,*,*,*,そば,ソバ,ソバ
から	助詞,格助詞,一般,*,*,*,から,カラ,カラ
去っ	動詞,自立,*,*,五段・ラ行,連用タ接続,去る,サッ,サッ
て	助詞,接続助詞,*,*,*,*,て,テ,テ
行き	動詞,非自立,*,*,五段・カ行促音便,連用形,行く,イキ,イキ
，	記号,読点,*,*,*,*,，,，,，
ライオン	名詞,一般,*,*,*,*,ライオン,ライオン,ライオン
が	助詞,格助詞,一般,*,*,*,が,ガ,ガ
その	連体詞,*,*,*,*,*,その,ソノ,ソノ
人	名詞,一般,*,*,*,*,人,ヒト,ヒト
を	助詞,格助詞,一般,*,*,*,を,ヲ,ヲ
見つけ	動詞,自立,*,*,一段,連用形,見つける,ミツケ,ミツケ
て	助詞,接続助詞,*,*,*,*,て,テ,テ
打ち倒し	動詞,自立,*,*,五段・サ行,連用形,打ち倒す,ウチタオシ,ウチタオシ
た	助動詞,*,*,*,特殊・タ,基本形,た,タ,タ
。	記号,句点,*,*,*,*,。,。,。
次いで	接続詞,*,*,*,*,*,次いで,ツイデ,ツイデ
彼	名詞,代名詞,一般,*,*,*,彼,カレ,カレ
は	助詞,係助詞,*,*,*,*,は,ハ,ワ
もう	副詞,一般,*,*,*,*,もう,モウ,モー
ひとり	名詞,一般,*,*,*,*,ひとり,ヒトリ,ヒトリ
の	助詞,連体化,*,*,*,*,の,ノ,ノ
人	名詞,一般,*,*,*,*,人,ヒト,ヒト
を	助詞,格助詞,一般,*,*,*,を,ヲ,ヲ
見つけ	動詞,自立,*,*,一段,連用形,見つける,ミツケ,ミツケ
て	助詞,接続助詞,*,*,*,*,て,テ,テ
言っ	動詞,自立,*,*,五段・ワ行促音便,連用タ接続,言う,イッ,イッ
た	助動詞,*,*,*,特殊・タ,基本形,た,タ,タ
，	記号,読点,*,*,*,*,，,，,，
「	記号,括弧開,*,*,*,*,「,「,「
どう	副詞,助詞類接続,*,*,*,*,どう,ドウ,ドー
か	助詞,副助詞／並立助詞／終助詞,*,*,*,*,か,カ,カ
，	記号,読点,*,*,*,*,，,，,，
わたし	名詞,代名詞,一般,*,*,*,わたし,ワタシ,ワタシ
を	助詞,格助詞,一般,*,*,*,を,ヲ,ヲ
打っ	動詞,自立,*,*,五段・タ行,連用タ接続,打つ,ウッ,ウッ
て	助詞,接続助詞,*,*,*,*,て,テ,テ
くれ	動詞,非自立,*,*,一段・クレル,連用形,くれる,クレ,クレ
」	記号,括弧閉,*,*,*,*,」,」,」
。	記号,句点,*,*,*,*,。,。,。
それで	接続詞,*,*,*,*,*,それで,ソレデ,ソレデ
，	記号,読点,*,*,*,*,，,，,，
その	連体詞,*,*,*,*,*,その,ソノ,ソノ
人	名詞,一般,*,*,*,*,人,ヒト,ヒト
は	助詞,係助詞,*,*,*,*,は,ハ,ワ
彼	名詞,代名詞,一般,*,*,*,彼,カレ,カレ
を	助詞,格助詞,一般,*,*,*,を,ヲ,ヲ
打ち	動詞,自立,*,*,五段・タ行,連用形,打つ,ウチ,ウチ
，	記号,読点,*,*,*,*,，,，,，
打っ	動詞,自立,*,*,五段・タ行,連用タ接続,打つ,ウッ,ウッ
て	助詞,接続助詞,*,*,*,*,て,テ,テ
傷つけ	動詞,自立,*,*,一段,連用形,傷つける,キズツケ,キズツケ
た	助動詞,*,*,*,特殊・タ,基本形,た,タ,タ
。	記号,句点,*,*,*,*,。,。,。
それから	接続詞,*,*,*,*,*,それから,ソレカラ,ソレカラ
，	記号,読点,*,*,*,*,，,，,，
その	連体詞,*,*,*,*,*,その,ソノ,ソノ
預言	名詞,サ変接続,*,*,*,*,預言,ヨゲン,ヨゲン
者	名詞,接尾,一般,*,*,*,者,シャ,シャ
は	助詞,係助詞,*,*,*,*,は,ハ,ワ
行っ	動詞,自立,*,*,五段・ワ行促音便,連用タ接続,行う,オコナッ,オコナッ
て	助詞,接続助詞,*,*,*,*,て,テ,テ
，	記号,読点,*,*,*,*,，,，,，
道端	名詞,一般,*,*,*,*,道端,ミチバタ,ミチバタ
で	助詞,格助詞,一般,*,*,*,で,デ,デ
王	名詞,一般,*,*,*,*,王,オウ,オー
を	助詞,格助詞,一般,*,*,*,を,ヲ,ヲ
待っ	動詞,自立,*,*,五段・タ行,連用タ接続,待つ,マッ,マッ
て	助詞,接続助詞,*,*,*,*,て,テ,テ
立ち止まり	動詞,自立,*,*,五段・ラ行,連用形,立ち止まる,タチドマリ,タチドマリ
，	記号,読点,*,*,*,*,，,，,，
目	名詞,一般,*,*,*,*,目,メ,メ
の	助詞,連体化,*,*,*,*,の,ノ,ノ
上	名詞,非自立,副詞可能,*,*,*,上,ウエ,ウエ
に	助詞,格助詞,一般,*,*,*,に,ニ,ニ
包帯	名詞,サ変接続,*,*,*,*,包帯,ホウタイ,ホータイ
を	助詞,格助詞,一般,*,*,*,を,ヲ,ヲ
し	動詞,自立,*,*,サ変・スル,連用形,する,シ,シ
て	助詞,接続助詞,*,*,*,*,て,テ,テ
，	記号,読点,*,*,*,*,，,，,，
変装	名詞,サ変接続,*,*,*,*,変装,ヘンソウ,ヘンソー
し	動詞,自立,*,*,サ変・スル,連用形,する,シ,シ
て	助詞,接続助詞,*,*,*,*,て,テ,テ
い	動詞,非自立,*,*,一段,連用形,いる,イ,イ
た	助動詞,*,*,*,特殊・タ,基本形,た,タ,タ
。	記号,句点,*,*,*,*,。,。,。
そして	接続詞,*,*,*,*,*,そして,ソシテ,ソシテ
，	記号,読点,*,*,*,*,，,，,，
王	名詞,固有名詞,人名,姓,*,*,王,オウ,オー
が	助詞,格助詞,一般,*,*,*,が,ガ,ガ
通り過ぎよ	動詞,自立,*,*,一段,未然ウ接続,通り過ぎる,トオリスギヨ,トーリスギヨ
う	助動詞,*,*,*,不変化型,基本形,う,ウ,ウ
と	助詞,格助詞,引用,*,*,*,と,ト,ト
し	動詞,自立,*,*,サ変・スル,連用形,する,シ,シ
た	助動詞,*,*,*,特殊・タ,基本形,た,タ,タ
とき	名詞,非自立,副詞可能,*,*,*,とき,トキ,トキ
，	記号,読点,*,*,*,*,，,，,，
彼	名詞,代名詞,一般,*,*,*,彼,カレ,カレ
は	助詞,係助詞,*,*,*,*,は,ハ,ワ
王	名詞,一般,*,*,*,*,王,オウ,オー
に	助詞,格助詞,一般,*,*,*,に,ニ,ニ
叫ん	動詞,自立,*,*,五段・バ行,連用タ接続,叫ぶ,サケン,サケン
で	助詞,接続助詞,*,*,*,*,で,デ,デ
言っ	動詞,自立,*,*,五段・ワ行促音便,連用タ接続,言う,イッ,イッ
た	助動詞,*,*,*,特殊・タ,基本形,た,タ,タ
の	名詞,非自立,一般,*,*,*,の,ノ,ノ
で	助動詞,*,*,*,特殊・ダ,連用形,だ,デ,デ
ある	助動詞,*,*,*,五段・ラ行アル,基本形,ある,アル,アル
，	記号,読点,*,*,*,*,，,，,，
「	記号,括弧開,*,*,*,*,「,「,「
この	連体詞,*,*,*,*,*,この,コノ,コノ
僕	名詞,代名詞,一般,*,*,*,僕,ボク,ボク
が	助詞,格助詞,一般,*,*,*,が,ガ,ガ
戦い	名詞,一般,*,*,*,*,戦い,タタカイ,タタカイ
の	助詞,連体化,*,*,*,*,の,ノ,ノ
最も	副詞,一般,*,*,*,*,最も,モットモ,モットモ
激しい	形容詞,自立,*,*,形容詞・イ段,基本形,激しい,ハゲシイ,ハゲシイ
ところ	名詞,非自立,副詞可能,*,*,*,ところ,トコロ,トコロ
に	助詞,格助詞,一般,*,*,*,に,ニ,ニ
出	動詞,自立,*,*,一段,連用形,出る,デ,デ
て	助詞,接続助詞,*,*,*,*,て,テ,テ
行き	動詞,非自立,*,*,五段・カ行促音便,連用形,行く,イキ,イキ
ます	助動詞,*,*,*,特殊・マス,基本形,ます,マス,マス
と	助詞,接続助詞,*,*,*,*,と,ト,ト
，	記号,読点,*,*,*,*,，,，,，
ご覧	名詞,一般,*,*,*,*,ご覧,ゴラン,ゴラン
ください	動詞,自立,*,*,五段・ラ行特殊,連用形,くださる,クダサイ,クダサイ
，	記号,読点,*,*,*,*,，,，,，
ひとり	名詞,一般,*,*,*,*,ひとり,ヒトリ,ヒトリ
の	助詞,連体化,*,*,*,*,の,ノ,ノ
人	名詞,一般,*,*,*,*,人,ヒト,ヒト
が	助詞,格助詞,一般,*,*,*,が,ガ,ガ
[	名詞,サ変接続,*,*,*,*,*
戦	名詞,接尾,一般,*,*,*,戦,セン,セン
]	名詞,サ変接続,*,*,*,*,*
列	名詞,一般,*,*,*,*,列,レツ,レツ
を	助詞,格助詞,一般,*,*,*,を,ヲ,ヲ
離れ	動詞,自立,*,*,一段,連用形,離れる,ハナレ,ハナレ
て	助詞,接続助詞,*,*,*,*,て,テ,テ
，	記号,読点,*,*,*,*,，,，,，
ある	連体詞,*,*,*,*,*,ある,アル,アル
人	名詞,一般,*,*,*,*,人,ヒト,ヒト
を	助詞,格助詞,一般,*,*,*,を,ヲ,ヲ
私	名詞,代名詞,一般,*,*,*,私,ワタシ,ワタシ
の	助詞,連体化,*,*,*,*,の,ノ,ノ
ところ	名詞,非自立,副詞可能,*,*,*,ところ,トコロ,トコロ
に	助詞,格助詞,一般,*,*,*,に,ニ,ニ
連れ	動詞,自立,*,*,一段,連用形,連れる,ツレ,ツレ
て	助詞,接続助詞,*,*,*,*,て,テ,テ
来	動詞,非自立,*,*,カ変・来ル,連用形,来る,キ,キ
て	助詞,接続助詞,*,*,*,*,て,テ,テ
，	記号,読点,*,*,*,*,，,，,，
こう	副詞,助詞類接続,*,*,*,*,こう,コウ,コー
言い	動詞,自立,*,*,五段・ワ行促音便,連用形,言う,イイ,イイ
まし	助動詞,*,*,*,特殊・マス,連用形,ます,マシ,マシ
た	助動詞,*,*,*,特殊・タ,基本形,た,タ,タ
。	記号,句点,*,*,*,*,。,。,。
『	記号,括弧開,*,*,*,*,『,『,『
この	連体詞,*,*,*,*,*,この,コノ,コノ
者	名詞,非自立,一般,*,*,*,者,モノ,モノ
を	助詞,格助詞,一般,*,*,*,を,ヲ,ヲ
見張れ	動詞,自立,*,*,五段・ラ行,命令ｅ,見張る,ミハレ,ミハレ
。	記号,句点,*,*,*,*,。,。,。
もしも	副詞,助詞類接続,*,*,*,*,もしも,モシモ,モシモ
この	連体詞,*,*,*,*,*,この,コノ,コノ
者	名詞,非自立,一般,*,*,*,者,モノ,モノ
が	助詞,格助詞,一般,*,*,*,が,ガ,ガ
い	動詞,自立,*,*,一段,未然形,いる,イ,イ
なく	助動詞,*,*,*,特殊・ナイ,連用テ接続,ない,ナク,ナク
なり	動詞,自立,*,*,五段・ラ行,連用形,なる,ナリ,ナリ
で	助動詞,*,*,*,特殊・ダ,連用形,だ,デ,デ
も	助詞,係助詞,*,*,*,*,も,モ,モ
し	動詞,自立,*,*,サ変・スル,連用形,する,シ,シ
たら	助動詞,*,*,*,特殊・タ,仮定形,た,タラ,タラ
，	記号,読点,*,*,*,*,，,，,，
お前	名詞,代名詞,一般,*,*,*,お前,オマエ,オマエ
の	助詞,連体化,*,*,*,*,の,ノ,ノ
魂	名詞,一般,*,*,*,*,魂,タマシイ,タマシー
が	助詞,格助詞,一般,*,*,*,が,ガ,ガ
彼	名詞,代名詞,一般,*,*,*,彼,カレ,カレ
の	助詞,連体化,*,*,*,*,の,ノ,ノ
魂	名詞,一般,*,*,*,*,魂,タマシイ,タマシー
の	助詞,連体化,*,*,*,*,の,ノ,ノ
代わり	名詞,一般,*,*,*,*,代わり,カワリ,カワリ
と	助詞,格助詞,一般,*,*,*,と,ト,ト
なる	動詞,自立,*,*,五段・ラ行,基本形,なる,ナル,ナル
か	助詞,副助詞／並立助詞／終助詞,*,*,*,*,か,カ,カ
，	記号,読点,*,*,*,*,，,，,，
または	接続詞,*,*,*,*,*,または,マタハ,マタワ
銀	名詞,一般,*,*,*,*,銀,ギン,ギン
一	名詞,数,*,*,*,*,一,イチ,イチ
タラント	名詞,一般,*,*,*,*,*
を	助詞,格助詞,一般,*,*,*,を,ヲ,ヲ
お前	名詞,代名詞,一般,*,*,*,お前,オマエ,オマエ
は	助詞,係助詞,*,*,*,*,は,ハ,ワ
量り	動詞,自立,*,*,五段・ラ行,連用形,量る,ハカリ,ハカリ
分ける	動詞,自立,*,*,一段,基本形,分ける,ワケル,ワケル
こと	名詞,非自立,一般,*,*,*,こと,コト,コト
に	助詞,格助詞,一般,*,*,*,に,ニ,ニ
なる	動詞,自立,*,*,五段・ラ行,基本形,なる,ナル,ナル
』	記号,括弧閉,*,*,*,*,』,』,』
。	記号,句点,*,*,*,*,。,。,。
そして	接続詞,*,*,*,*,*,そして,ソシテ,ソシテ
，	記号,読点,*,*,*,*,，,，,，
この	連体詞,*,*,*,*,*,この,コノ,コノ
僕	名詞,代名詞,一般,*,*,*,僕,ボク,ボク
が	助詞,格助詞,一般,*,*,*,が,ガ,ガ
あちこち	名詞,代名詞,一般,*,*,*,あちこち,アチコチ,アチコチ
で	助詞,格助詞,一般,*,*,*,で,デ,デ
活動	名詞,サ変接続,*,*,*,*,活動,カツドウ,カツドー
し	動詞,自立,*,*,サ変・スル,連用形,する,シ,シ
て	助詞,接続助詞,*,*,*,*,て,テ,テ
いる	動詞,非自立,*,*,一段,基本形,いる,イル,イル
うち	名詞,非自立,副詞可能,*,*,*,うち,ウチ,ウチ
に	助詞,格助詞,一般,*,*,*,に,ニ,ニ
，	記号,読点,*,*,*,*,，,，,，
何と	副詞,一般,*,*,*,*,何と,ナント,ナント
，	記号,読点,*,*,*,*,，,，,，
その	連体詞,*,*,*,*,*,その,ソノ,ソノ
者	名詞,非自立,一般,*,*,*,者,モノ,モノ
は	助詞,係助詞,*,*,*,*,は,ハ,ワ
い	動詞,自立,*,*,一段,未然形,いる,イ,イ
なく	助動詞,*,*,*,特殊・ナイ,連用テ接続,ない,ナク,ナク
なっ	動詞,自立,*,*,五段・ラ行,連用タ接続,なる,ナッ,ナッ
て	助詞,接続助詞,*,*,*,*,て,テ,テ
しまっ	動詞,非自立,*,*,五段・ワ行促音便,連用タ接続,しまう,シマッ,シマッ
た	助動詞,*,*,*,特殊・タ,基本形,た,タ,タ
の	名詞,非自立,一般,*,*,*,の,ノ,ノ
です	助動詞,*,*,*,特殊・デス,基本形,です,デス,デス
」	記号,括弧閉,*,*,*,*,」,」,」
。	記号,句点,*,*,*,*,。,。,。
そこで	接続詞,*,*,*,*,*,そこで,ソコデ,ソコデ
イスラエル	名詞,固有名詞,地域,国,*,*,イスラエル,イスラエル,イスラエル
の	助詞,連体化,*,*,*,*,の,ノ,ノ
王	名詞,一般,*,*,*,*,王,オウ,オー
は	助詞,係助詞,*,*,*,*,は,ハ,ワ
彼	名詞,代名詞,一般,*,*,*,彼,カレ,カレ
に	助詞,格助詞,一般,*,*,*,に,ニ,ニ
言っ	動詞,自立,*,*,五段・ワ行促音便,連用タ接続,言う,イッ,イッ
た	助動詞,*,*,*,特殊・タ,基本形,た,タ,タ
，	記号,読点,*,*,*,*,，,，,，
「	記号,括弧開,*,*,*,*,「,「,「
お前	名詞,代名詞,一般,*,*,*,お前,オマエ,オマエ
の	助詞,連体化,*,*,*,*,の,ノ,ノ
裁き	名詞,一般,*,*,*,*,裁き,サバキ,サバキ
は	助詞,係助詞,*,*,*,*,は,ハ,ワ
その	連体詞,*,*,*,*,*,その,ソノ,ソノ
よう	名詞,非自立,助動詞語幹,*,*,*,よう,ヨウ,ヨー
な	助動詞,*,*,*,特殊・ダ,体言接続,だ,ナ,ナ
もの	名詞,非自立,一般,*,*,*,もの,モノ,モノ
だ	助動詞,*,*,*,特殊・ダ,基本形,だ,ダ,ダ
。	記号,句点,*,*,*,*,。,。,。
お前	名詞,代名詞,一般,*,*,*,お前,オマエ,オマエ
が	助詞,格助詞,一般,*,*,*,が,ガ,ガ
決め	動詞,自立,*,*,一段,連用形,決める,キメ,キメ
た	助動詞,*,*,*,特殊・タ,基本形,た,タ,タ
の	名詞,非自立,一般,*,*,*,の,ノ,ノ
だ	助動詞,*,*,*,特殊・ダ,基本形,だ,ダ,ダ
」	記号,括弧閉,*,*,*,*,」,」,」
。	記号,句点,*,*,*,*,。,。,。
すると	接続詞,*,*,*,*,*,すると,スルト,スルト
彼	名詞,代名詞,一般,*,*,*,彼,カレ,カレ
は	助詞,係助詞,*,*,*,*,は,ハ,ワ
急い	動詞,自立,*,*,五段・ガ行,連用タ接続,急ぐ,イソイ,イソイ
で	助詞,接続助詞,*,*,*,*,で,デ,デ
目	名詞,一般,*,*,*,*,目,メ,メ
の	助詞,連体化,*,*,*,*,の,ノ,ノ
上	名詞,非自立,副詞可能,*,*,*,上,ウエ,ウエ
から	助詞,格助詞,一般,*,*,*,から,カラ,カラ
包帯	名詞,サ変接続,*,*,*,*,包帯,ホウタイ,ホータイ
を	助詞,格助詞,一般,*,*,*,を,ヲ,ヲ
取り除い	動詞,自立,*,*,五段・カ行イ音便,連用タ接続,取り除く,トリノゾイ,トリノゾイ
た	助動詞,*,*,*,特殊・タ,基本形,た,タ,タ
ので	助詞,接続助詞,*,*,*,*,ので,ノデ,ノデ
，	記号,読点,*,*,*,*,，,，,，
イスラエル	名詞,固有名詞,地域,国,*,*,イスラエル,イスラエル,イスラエル
の	助詞,連体化,*,*,*,*,の,ノ,ノ
王	名詞,一般,*,*,*,*,王,オウ,オー
は	助詞,係助詞,*,*,*,*,は,ハ,ワ
彼	名詞,代名詞,一般,*,*,*,彼,カレ,カレ
に	助詞,格助詞,一般,*,*,*,に,ニ,ニ
，	記号,読点,*,*,*,*,，,，,，
すなわち	接続詞,*,*,*,*,*,すなわち,スナワチ,スナワチ
彼	名詞,代名詞,一般,*,*,*,彼,カレ,カレ
が	助詞,格助詞,一般,*,*,*,が,ガ,ガ
預言	名詞,サ変接続,*,*,*,*,預言,ヨゲン,ヨゲン
者	名詞,接尾,一般,*,*,*,者,シャ,シャ
の	助詞,連体化,*,*,*,*,の,ノ,ノ
ひとり	名詞,一般,*,*,*,*,ひとり,ヒトリ,ヒトリ
で	助動詞,*,*,*,特殊・ダ,連用形,だ,デ,デ
ある	助動詞,*,*,*,五段・ラ行アル,基本形,ある,アル,アル
こと	名詞,非自立,一般,*,*,*,こと,コト,コト
に	助詞,格助詞,一般,*,*,*,に,ニ,ニ
気づい	動詞,自立,*,*,五段・カ行イ音便,連用タ接続,気づく,キヅイ,キズイ
た	助動詞,*,*,*,特殊・タ,基本形,た,タ,タ
。	記号,句点,*,*,*,*,。,。,。
そこで	接続詞,*,*,*,*,*,そこで,ソコデ,ソコデ
彼	名詞,代名詞,一般,*,*,*,彼,カレ,カレ
は	助詞,係助詞,*,*,*,*,は,ハ,ワ
[	名詞,サ変接続,*,*,*,*,*
王	名詞,接尾,一般,*,*,*,王,オウ,オー
]	名詞,サ変接続,*,*,*,*,*
に	助詞,格助詞,一般,*,*,*,に,ニ,ニ
言っ	動詞,自立,*,*,五段・ワ行促音便,連用タ接続,言う,イッ,イッ
た	助動詞,*,*,*,特殊・タ,基本形,た,タ,タ
，	記号,読点,*,*,*,*,，,，,，
「	記号,括弧開,*,*,*,*,「,「,「
エホバ	名詞,一般,*,*,*,*,エホバ,エホバ,エホバ
は	助詞,係助詞,*,*,*,*,は,ハ,ワ
この	連体詞,*,*,*,*,*,この,コノ,コノ
よう	名詞,非自立,助動詞語幹,*,*,*,よう,ヨウ,ヨー
に	助詞,副詞化,*,*,*,*,に,ニ,ニ
言わ	動詞,自立,*,*,五段・ワ行促音便,未然形,言う,イワ,イワ
れ	動詞,接尾,*,*,一段,連用形,れる,レ,レ
た	助動詞,*,*,*,特殊・タ,基本形,た,タ,タ
。	記号,句点,*,*,*,*,。,。,。
『	記号,括弧開,*,*,*,*,『,『,『
あなた	名詞,代名詞,一般,*,*,*,あなた,アナタ,アナタ
は	助詞,係助詞,*,*,*,*,は,ハ,ワ
，	記号,読点,*,*,*,*,，,，,，
滅	名詞,一般,*,*,*,*,滅,メツ,メツ
びのためにわたしにささげられた	名詞,一般,*,*,*,*,*
人	名詞,接尾,一般,*,*,*,人,ジン,ジン
を	助詞,格助詞,一般,*,*,*,を,ヲ,ヲ
自分	名詞,一般,*,*,*,*,自分,ジブン,ジブン
の	助詞,連体化,*,*,*,*,の,ノ,ノ
手	名詞,一般,*,*,*,*,手,テ,テ
から	助詞,格助詞,一般,*,*,*,から,カラ,カラ
放し	動詞,自立,*,*,五段・サ行,連用形,放す,ハナシ,ハナシ
て	助詞,接続助詞,*,*,*,*,て,テ,テ
行か	動詞,非自立,*,*,五段・カ行促音便,未然形,行く,イカ,イカ
せ	動詞,接尾,*,*,一段,連用形,せる,セ,セ
た	助動詞,*,*,*,特殊・タ,基本形,た,タ,タ
ので	助詞,接続助詞,*,*,*,*,ので,ノデ,ノデ
，	記号,読点,*,*,*,*,，,，,，
あなた	名詞,代名詞,一般,*,*,*,あなた,アナタ,アナタ
の	助詞,連体化,*,*,*,*,の,ノ,ノ
魂	名詞,一般,*,*,*,*,魂,タマシイ,タマシー
は	助詞,係助詞,*,*,*,*,は,ハ,ワ
彼	名詞,代名詞,一般,*,*,*,彼,カレ,カレ
の	助詞,連体化,*,*,*,*,の,ノ,ノ
魂	名詞,一般,*,*,*,*,魂,タマシイ,タマシー
の	助詞,連体化,*,*,*,*,の,ノ,ノ
代わり	名詞,一般,*,*,*,*,代わり,カワリ,カワリ
と	助詞,格助詞,一般,*,*,*,と,ト,ト
なり	動詞,自立,*,*,五段・ラ行,連用形,なる,ナリ,ナリ
，	記号,読点,*,*,*,*,，,，,，
あなた	名詞,代名詞,一般,*,*,*,あなた,アナタ,アナタ
の	助詞,連体化,*,*,*,*,の,ノ,ノ
民	名詞,一般,*,*,*,*,民,ミン,ミン
は	助詞,係助詞,*,*,*,*,は,ハ,ワ
彼	名詞,代名詞,一般,*,*,*,彼,カレ,カレ
の	助詞,連体化,*,*,*,*,の,ノ,ノ
民	名詞,一般,*,*,*,*,民,ミン,ミン
の	助詞,連体化,*,*,*,*,の,ノ,ノ
代わり	名詞,一般,*,*,*,*,代わり,カワリ,カワリ
と	助詞,格助詞,一般,*,*,*,と,ト,ト
なら	動詞,自立,*,*,五段・ラ行,未然形,なる,ナラ,ナラ
なけれ	助動詞,*,*,*,特殊・ナイ,仮定形,ない,ナケレ,ナケレ
ば	助詞,接続助詞,*,*,*,*,ば,バ,バ
なら	動詞,非自立,*,*,五段・ラ行,未然形,なる,ナラ,ナラ
ない	助動詞,*,*,*,特殊・ナイ,基本形,ない,ナイ,ナイ
』	記号,括弧閉,*,*,*,*,』,』,』
」	記号,括弧閉,*,*,*,*,」,」,」
。	記号,句点,*,*,*,*,。,。,。
そこで	接続詞,*,*,*,*,*,そこで,ソコデ,ソコデ
，	記号,読点,*,*,*,*,，,，,，
イスラエル	名詞,固有名詞,地域,国,*,*,イスラエル,イスラエル,イスラエル
の	助詞,連体化,*,*,*,*,の,ノ,ノ
王	名詞,一般,*,*,*,*,王,オウ,オー
は	助詞,係助詞,*,*,*,*,は,ハ,ワ
不	接頭詞,名詞接続,*,*,*,*,不,フ,フ
機嫌	名詞,一般,*,*,*,*,機嫌,キゲン,キゲン
に	助詞,格助詞,一般,*,*,*,に,ニ,ニ
なり	動詞,自立,*,*,五段・ラ行,連用形,なる,ナリ,ナリ
，	記号,読点,*,*,*,*,，,，,，
がっかり	副詞,助詞類接続,*,*,*,*,がっかり,ガッカリ,ガッカリ
し	動詞,自立,*,*,サ変・スル,連用形,する,シ,シ
て	助詞,接続助詞,*,*,*,*,て,テ,テ
，	記号,読点,*,*,*,*,，,，,，
自分	名詞,一般,*,*,*,*,自分,ジブン,ジブン
の	助詞,連体化,*,*,*,*,の,ノ,ノ
家	名詞,一般,*,*,*,*,家,イエ,イエ
に	助詞,格助詞,一般,*,*,*,に,ニ,ニ
向かっ	動詞,自立,*,*,五段・ワ行促音便,連用タ接続,向かう,ムカッ,ムカッ
て	助詞,接続助詞,*,*,*,*,て,テ,テ
去っ	動詞,自立,*,*,五段・ラ行,連用タ接続,去る,サッ,サッ
て	助詞,接続助詞,*,*,*,*,て,テ,テ
行き	動詞,非自立,*,*,五段・カ行促音便,連用形,行く,イキ,イキ
，	記号,読点,*,*,*,*,，,，,，
サマリア	名詞,一般,*,*,*,*,*
に	助詞,格助詞,一般,*,*,*,に,ニ,ニ
着い	動詞,自立,*,*,五段・カ行イ音便,連用タ接続,着く,ツイ,ツイ
た	助動詞,*,*,*,特殊・タ,基本形,た,タ,タ
。	記号,句点,*,*,*,*,。,。,。
EOS
