こうして	接続詞,*,*,*,*,*,こうして,コウシテ,コーシテ
，	記号,読点,*,*,*,*,，,，,，
ソロモン	名詞,固有名詞,地域,国,*,*,ソロモン,ソロモン,ソロモン
王	名詞,接尾,一般,*,*,*,王,オウ,オー
は	助詞,係助詞,*,*,*,*,は,ハ,ワ
引き続き	副詞,一般,*,*,*,*,引き続き,ヒキツヅキ,ヒキツズキ
全	接頭詞,名詞接続,*,*,*,*,全,ゼン,ゼン
イスラエル	名詞,固有名詞,地域,国,*,*,イスラエル,イスラエル,イスラエル
の	助詞,連体化,*,*,*,*,の,ノ,ノ
王	名詞,一般,*,*,*,*,王,オウ,オー
で	助動詞,*,*,*,特殊・ダ,連用形,だ,デ,デ
あっ	助動詞,*,*,*,五段・ラ行アル,連用タ接続,ある,アッ,アッ
た	助動詞,*,*,*,特殊・タ,基本形,た,タ,タ
。	記号,句点,*,*,*,*,。,。,。
そして	接続詞,*,*,*,*,*,そして,ソシテ,ソシテ
，	記号,読点,*,*,*,*,，,，,，
これら	名詞,代名詞,一般,*,*,*,これら,コレラ,コレラ
は	助詞,係助詞,*,*,*,*,は,ハ,ワ
彼	名詞,代名詞,一般,*,*,*,彼,カレ,カレ
が	助詞,格助詞,一般,*,*,*,が,ガ,ガ
持っ	動詞,自立,*,*,五段・タ行,連用タ接続,持つ,モッ,モッ
て	助詞,接続助詞,*,*,*,*,て,テ,テ
い	動詞,非自立,*,*,一段,連用形,いる,イ,イ
た	助動詞,*,*,*,特殊・タ,基本形,た,タ,タ
君	名詞,代名詞,一般,*,*,*,君,キミ,キミ
たち	名詞,接尾,一般,*,*,*,たち,タチ,タチ
で	助動詞,*,*,*,特殊・ダ,連用形,だ,デ,デ
ある	助動詞,*,*,*,五段・ラ行アル,基本形,ある,アル,アル
。	記号,句点,*,*,*,*,。,。,。
すなわち	接続詞,*,*,*,*,*,すなわち,スナワチ,スナワチ
，	記号,読点,*,*,*,*,，,，,，
ザドク	名詞,一般,*,*,*,*,*
の	助詞,連体化,*,*,*,*,の,ノ,ノ
子	接頭詞,名詞接続,*,*,*,*,子,コ,コ
アザリヤ	名詞,一般,*,*,*,*,*
は	助詞,係助詞,*,*,*,*,は,ハ,ワ
祭司	名詞,一般,*,*,*,*,祭司,サイシ,サイシ
。	記号,句点,*,*,*,*,。,。,。
シシャ	名詞,一般,*,*,*,*,*
の	助詞,連体化,*,*,*,*,の,ノ,ノ
子	名詞,一般,*,*,*,*,子,コ,コ
ら	名詞,接尾,一般,*,*,*,ら,ラ,ラ
，	記号,読点,*,*,*,*,，,，,，
エリホレフ	名詞,一般,*,*,*,*,*
と	助詞,並立助詞,*,*,*,*,と,ト,ト
アヒヤ	名詞,一般,*,*,*,*,*
は	助詞,係助詞,*,*,*,*,は,ハ,ワ
書記官	名詞,一般,*,*,*,*,書記官,ショキカン,ショキカン
。	記号,句点,*,*,*,*,。,。,。
アヒルド	名詞,一般,*,*,*,*,*
の	助詞,連体化,*,*,*,*,の,ノ,ノ
子	接頭詞,名詞接続,*,*,*,*,子,コ,コ
エホシャファト	名詞,一般,*,*,*,*,*
は	助詞,係助詞,*,*,*,*,は,ハ,ワ
記録	名詞,サ変接続,*,*,*,*,記録,キロク,キロク
官	名詞,接尾,一般,*,*,*,官,カン,カン
。	記号,句点,*,*,*,*,。,。,。
エホヤダ	名詞,一般,*,*,*,*,*
の	助詞,連体化,*,*,*,*,の,ノ,ノ
子	接頭詞,名詞接続,*,*,*,*,子,コ,コ
ベナヤ	名詞,一般,*,*,*,*,*
は	助詞,係助詞,*,*,*,*,は,ハ,ワ
軍	名詞,一般,*,*,*,*,軍,グン,グン
を	助詞,格助詞,一般,*,*,*,を,ヲ,ヲ
つかさどる	動詞,自立,*,*,五段・ラ行,基本形,つかさどる,ツカサドル,ツカサドル
者	名詞,非自立,一般,*,*,*,者,モノ,モノ
で	助動詞,*,*,*,特殊・ダ,連用形,だ,デ,デ
あり	助動詞,*,*,*,五段・ラ行アル,連用形,ある,アリ,アリ
，	記号,読点,*,*,*,*,，,，,，
ザドク	名詞,一般,*,*,*,*,*
と	助詞,並立助詞,*,*,*,*,と,ト,ト
アビヤタル	名詞,一般,*,*,*,*,*
は	助詞,係助詞,*,*,*,*,は,ハ,ワ
祭司	名詞,一般,*,*,*,*,祭司,サイシ,サイシ
で	助動詞,*,*,*,特殊・ダ,連用形,だ,デ,デ
あっ	助動詞,*,*,*,五段・ラ行アル,連用タ接続,ある,アッ,アッ
た	助動詞,*,*,*,特殊・タ,基本形,た,タ,タ
。	記号,句点,*,*,*,*,。,。,。
ナタ	名詞,固有名詞,一般,*,*,*,ナタ,ナタ,ナタ
ン	名詞,非自立,一般,*,*,*,ン,ン,ン
の	助詞,連体化,*,*,*,*,の,ノ,ノ
子	接頭詞,名詞接続,*,*,*,*,子,コ,コ
アザリヤ	名詞,一般,*,*,*,*,*
は	助詞,係助詞,*,*,*,*,は,ハ,ワ
代官	名詞,一般,*,*,*,*,代官,ダイカン,ダイカン
たち	名詞,接尾,一般,*,*,*,たち,タチ,タチ
を	助詞,格助詞,一般,*,*,*,を,ヲ,ヲ
つかさどる	動詞,自立,*,*,五段・ラ行,基本形,つかさどる,ツカサドル,ツカサドル
者	名詞,非自立,一般,*,*,*,者,モノ,モノ
で	助動詞,*,*,*,特殊・ダ,連用形,だ,デ,デ
あり	助動詞,*,*,*,五段・ラ行アル,連用形,ある,アリ,アリ
，	記号,読点,*,*,*,*,，,，,，
ナタ	名詞,固有名詞,一般,*,*,*,ナタ,ナタ,ナタ
ン	名詞,非自立,一般,*,*,*,ン,ン,ン
の	助詞,連体化,*,*,*,*,の,ノ,ノ
子	接頭詞,名詞接続,*,*,*,*,子,コ,コ
ザブド	名詞,一般,*,*,*,*,*
は	助詞,係助詞,*,*,*,*,は,ハ,ワ
祭司	名詞,一般,*,*,*,*,祭司,サイシ,サイシ
で	助詞,格助詞,一般,*,*,*,で,デ,デ
，	記号,読点,*,*,*,*,，,，,，
王	名詞,一般,*,*,*,*,王,オウ,オー
の	助詞,連体化,*,*,*,*,の,ノ,ノ
友	名詞,一般,*,*,*,*,友,トモ,トモ
で	助動詞,*,*,*,特殊・ダ,連用形,だ,デ,デ
あっ	助動詞,*,*,*,五段・ラ行アル,連用タ接続,ある,アッ,アッ
た	助動詞,*,*,*,特殊・タ,基本形,た,タ,タ
。	記号,句点,*,*,*,*,。,。,。
アヒシャル	名詞,一般,*,*,*,*,*
は	助詞,係助詞,*,*,*,*,は,ハ,ワ
家	名詞,一般,*,*,*,*,家,イエ,イエ
の	助詞,連体化,*,*,*,*,の,ノ,ノ
者	名詞,一般,*,*,*,*,者,モノ,モノ
たち	名詞,接尾,一般,*,*,*,たち,タチ,タチ
を	助詞,格助詞,一般,*,*,*,を,ヲ,ヲ
つかさどる	動詞,自立,*,*,五段・ラ行,基本形,つかさどる,ツカサドル,ツカサドル
者	名詞,非自立,一般,*,*,*,者,モノ,モノ
で	助動詞,*,*,*,特殊・ダ,連用形,だ,デ,デ
，	記号,読点,*,*,*,*,，,，,，
アブダ	名詞,一般,*,*,*,*,*
の	助詞,連体化,*,*,*,*,の,ノ,ノ
子	接頭詞,名詞接続,*,*,*,*,子,コ,コ
アドニラム	名詞,一般,*,*,*,*,*
は	助詞,係助詞,*,*,*,*,は,ハ,ワ
強制	名詞,サ変接続,*,*,*,*,強制,キョウセイ,キョーセイ
労働	名詞,サ変接続,*,*,*,*,労働,ロウドウ,ロードー
に	助詞,格助詞,一般,*,*,*,に,ニ,ニ
徴用	名詞,サ変接続,*,*,*,*,徴用,チョウヨウ,チョーヨー
さ	動詞,自立,*,*,サ変・スル,未然レル接続,する,サ,サ
れ	動詞,接尾,*,*,一段,連用形,れる,レ,レ
た	助動詞,*,*,*,特殊・タ,基本形,た,タ,タ
者	名詞,一般,*,*,*,*,者,モノ,モノ
たち	名詞,接尾,一般,*,*,*,たち,タチ,タチ
を	助詞,格助詞,一般,*,*,*,を,ヲ,ヲ
つかさどる	動詞,自立,*,*,五段・ラ行,基本形,つかさどる,ツカサドル,ツカサドル
者	名詞,非自立,一般,*,*,*,者,モノ,モノ
で	助動詞,*,*,*,特殊・ダ,連用形,だ,デ,デ
あっ	助動詞,*,*,*,五段・ラ行アル,連用タ接続,ある,アッ,アッ
た	助動詞,*,*,*,特殊・タ,基本形,た,タ,タ
。	記号,句点,*,*,*,*,。,。,。
そして	接続詞,*,*,*,*,*,そして,ソシテ,ソシテ
，	記号,読点,*,*,*,*,，,，,，
ソロモン	名詞,固有名詞,地域,国,*,*,ソロモン,ソロモン,ソロモン
は	助詞,係助詞,*,*,*,*,は,ハ,ワ
全	接頭詞,名詞接続,*,*,*,*,全,ゼン,ゼン
イスラエル	名詞,固有名詞,地域,国,*,*,イスラエル,イスラエル,イスラエル
の	助詞,連体化,*,*,*,*,の,ノ,ノ
上	名詞,非自立,副詞可能,*,*,*,上,ウエ,ウエ
に	助詞,格助詞,一般,*,*,*,に,ニ,ニ
十	名詞,数,*,*,*,*,十,ジュウ,ジュー
二	名詞,数,*,*,*,*,二,ニ,ニ
人	名詞,接尾,助数詞,*,*,*,人,ニン,ニン
の	助詞,連体化,*,*,*,*,の,ノ,ノ
代官	名詞,一般,*,*,*,*,代官,ダイカン,ダイカン
を	助詞,格助詞,一般,*,*,*,を,ヲ,ヲ
持っ	動詞,自立,*,*,五段・タ行,連用タ接続,持つ,モッ,モッ
て	助詞,接続助詞,*,*,*,*,て,テ,テ
おり	動詞,非自立,*,*,五段・ラ行,連用形,おる,オリ,オリ
，	記号,読点,*,*,*,*,，,，,，
彼ら	名詞,代名詞,一般,*,*,*,彼ら,カレラ,カレラ
は	助詞,係助詞,*,*,*,*,は,ハ,ワ
王	名詞,一般,*,*,*,*,王,オウ,オー
と	助詞,格助詞,一般,*,*,*,と,ト,ト
その	連体詞,*,*,*,*,*,その,ソノ,ソノ
家	名詞,一般,*,*,*,*,家,イエ,イエ
の	助詞,連体化,*,*,*,*,の,ノ,ノ
者	名詞,一般,*,*,*,*,者,モノ,モノ
たち	名詞,接尾,一般,*,*,*,たち,タチ,タチ
に	助詞,格助詞,一般,*,*,*,に,ニ,ニ
食物	名詞,一般,*,*,*,*,食物,ショクモツ,ショクモツ
を	助詞,格助詞,一般,*,*,*,を,ヲ,ヲ
供給	名詞,サ変接続,*,*,*,*,供給,キョウキュウ,キョーキュー
し	動詞,自立,*,*,サ変・スル,連用形,する,シ,シ
た	助動詞,*,*,*,特殊・タ,基本形,た,タ,タ
。	記号,句点,*,*,*,*,。,。,。
年	名詞,一般,*,*,*,*,年,トシ,トシ
に	助詞,格助詞,一般,*,*,*,に,ニ,ニ
一	名詞,数,*,*,*,*,一,イチ,イチ
か月	名詞,接尾,助数詞,*,*,*,か月,カゲツ,カゲツ
食物	名詞,一般,*,*,*,*,食物,ショクモツ,ショクモツ
を	助詞,格助詞,一般,*,*,*,を,ヲ,ヲ
供給	名詞,サ変接続,*,*,*,*,供給,キョウキュウ,キョーキュー
する	動詞,自立,*,*,サ変・スル,基本形,する,スル,スル
の	名詞,非自立,一般,*,*,*,の,ノ,ノ
が	助詞,格助詞,一般,*,*,*,が,ガ,ガ
各々	名詞,一般,*,*,*,*,各々,オノオノ,オノオノ
の	助詞,連体化,*,*,*,*,の,ノ,ノ
務め	名詞,一般,*,*,*,*,務め,ツトメ,ツトメ
で	助動詞,*,*,*,特殊・ダ,連用形,だ,デ,デ
あっ	助動詞,*,*,*,五段・ラ行アル,連用タ接続,ある,アッ,アッ
た	助動詞,*,*,*,特殊・タ,基本形,た,タ,タ
。	記号,句点,*,*,*,*,。,。,。
そして	接続詞,*,*,*,*,*,そして,ソシテ,ソシテ
，	記号,読点,*,*,*,*,，,，,，
これら	名詞,代名詞,一般,*,*,*,これら,コレラ,コレラ
が	助詞,格助詞,一般,*,*,*,が,ガ,ガ
その	連体詞,*,*,*,*,*,その,ソノ,ソノ
名	名詞,一般,*,*,*,*,名,ナ,ナ
で	助動詞,*,*,*,特殊・ダ,連用形,だ,デ,デ
あっ	助動詞,*,*,*,五段・ラ行アル,連用タ接続,ある,アッ,アッ
た	助動詞,*,*,*,特殊・タ,基本形,た,タ,タ
。	記号,句点,*,*,*,*,。,。,。
すなわち	接続詞,*,*,*,*,*,すなわち,スナワチ,スナワチ
，	記号,読点,*,*,*,*,，,，,，
エフライム	名詞,一般,*,*,*,*,*
の	助詞,連体化,*,*,*,*,の,ノ,ノ
山地	名詞,一般,*,*,*,*,山地,サンチ,サンチ
に	助詞,格助詞,一般,*,*,*,に,ニ,ニ
は	助詞,係助詞,*,*,*,*,は,ハ,ワ
フル	名詞,形容動詞語幹,*,*,*,*,フル,フル,フル
の	助詞,連体化,*,*,*,*,の,ノ,ノ
子	名詞,一般,*,*,*,*,子,コ,コ
。	記号,句点,*,*,*,*,。,。,。
マカツ	名詞,一般,*,*,*,*,*
と	助詞,並立助詞,*,*,*,*,と,ト,ト
，	記号,読点,*,*,*,*,，,，,，
シャアルビム	名詞,一般,*,*,*,*,*
，	記号,読点,*,*,*,*,，,，,，
ベト	名詞,固有名詞,人名,名,*,*,ベト,ベト,ベト
･	名詞,サ変接続,*,*,*,*,*
シェメシュ	名詞,一般,*,*,*,*,*
と	助詞,並立助詞,*,*,*,*,と,ト,ト
エロン	名詞,一般,*,*,*,*,*
･	名詞,サ変接続,*,*,*,*,*
ベト	名詞,固有名詞,人名,名,*,*,ベト,ベト,ベト
･	名詞,サ変接続,*,*,*,*,*
ハナン	名詞,一般,*,*,*,*,*
に	助詞,格助詞,一般,*,*,*,に,ニ,ニ
は	助詞,係助詞,*,*,*,*,は,ハ,ワ
デケル	名詞,一般,*,*,*,*,*
の	助詞,連体化,*,*,*,*,の,ノ,ノ
子	名詞,一般,*,*,*,*,子,コ,コ
。	記号,句点,*,*,*,*,。,。,。
アルボト	名詞,一般,*,*,*,*,*
に	助詞,格助詞,一般,*,*,*,に,ニ,ニ
は	助詞,係助詞,*,*,*,*,は,ハ,ワ
ヘセド	名詞,一般,*,*,*,*,*
の	助詞,連体化,*,*,*,*,の,ノ,ノ
子	名詞,一般,*,*,*,*,子,コ,コ
。	記号,句点,*,*,*,*,。,。,。
（	記号,括弧開,*,*,*,*,（,（,（
彼	名詞,代名詞,一般,*,*,*,彼,カレ,カレ
に	助詞,格助詞,一般,*,*,*,に,ニ,ニ
は	助詞,係助詞,*,*,*,*,は,ハ,ワ
ソコ	名詞,一般,*,*,*,*,*
と	助詞,並立助詞,*,*,*,*,と,ト,ト
ヘフェル	名詞,一般,*,*,*,*,*
の	助詞,連体化,*,*,*,*,の,ノ,ノ
全	接頭詞,名詞接続,*,*,*,*,全,ゼン,ゼン
地	名詞,一般,*,*,*,*,地,チ,チ
が	助詞,格助詞,一般,*,*,*,が,ガ,ガ
任せ	動詞,自立,*,*,一段,未然形,任せる,マカセ,マカセ
られ	動詞,接尾,*,*,一段,連用形,られる,ラレ,ラレ
て	助詞,接続助詞,*,*,*,*,て,テ,テ
い	動詞,非自立,*,*,一段,連用形,いる,イ,イ
た	助動詞,*,*,*,特殊・タ,基本形,た,タ,タ
。	記号,句点,*,*,*,*,。,。,。
）	記号,括弧閉,*,*,*,*,）,）,）
ドル	名詞,一般,*,*,*,*,ドル,ドル,ドル
の	助詞,連体化,*,*,*,*,の,ノ,ノ
全	接頭詞,名詞接続,*,*,*,*,全,ゼン,ゼン
山稜	名詞,一般,*,*,*,*,山稜,サンリョウ,サンリョー
に	助詞,格助詞,一般,*,*,*,に,ニ,ニ
は	助詞,係助詞,*,*,*,*,は,ハ,ワ
アビナダブ	名詞,一般,*,*,*,*,*
の	助詞,連体化,*,*,*,*,の,ノ,ノ
子	名詞,一般,*,*,*,*,子,コ,コ
。	記号,句点,*,*,*,*,。,。,。
（	記号,括弧開,*,*,*,*,（,（,（
ソロモン	名詞,固有名詞,地域,国,*,*,ソロモン,ソロモン,ソロモン
の	助詞,連体化,*,*,*,*,の,ノ,ノ
娘	名詞,一般,*,*,*,*,娘,ムスメ,ムスメ
タファト	名詞,一般,*,*,*,*,*
が	助詞,格助詞,一般,*,*,*,が,ガ,ガ
彼	名詞,代名詞,一般,*,*,*,彼,カレ,カレ
の	助詞,連体化,*,*,*,*,の,ノ,ノ
妻	名詞,一般,*,*,*,*,妻,ツマ,ツマ
と	助詞,格助詞,一般,*,*,*,と,ト,ト
なっ	動詞,自立,*,*,五段・ラ行,連用タ接続,なる,ナッ,ナッ
た	助動詞,*,*,*,特殊・タ,基本形,た,タ,タ
。	記号,句点,*,*,*,*,。,。,。
）	記号,括弧閉,*,*,*,*,）,）,）
タアナク	名詞,固有名詞,組織,*,*,*,*
，	記号,読点,*,*,*,*,，,，,，
メギド	名詞,一般,*,*,*,*,*
，	記号,読点,*,*,*,*,，,，,，
それ	名詞,代名詞,一般,*,*,*,それ,ソレ,ソレ
に	助詞,格助詞,一般,*,*,*,に,ニ,ニ
エズレル	名詞,一般,*,*,*,*,*
の	助詞,連体化,*,*,*,*,の,ノ,ノ
下方	名詞,一般,*,*,*,*,下方,カホウ,カホー
の	助詞,連体化,*,*,*,*,の,ノ,ノ
ツァレタン	名詞,一般,*,*,*,*,*
の	助詞,連体化,*,*,*,*,の,ノ,ノ
傍ら	名詞,一般,*,*,*,*,傍ら,カタワラ,カタワラ
に	助詞,格助詞,一般,*,*,*,に,ニ,ニ
ある	動詞,自立,*,*,五段・ラ行,基本形,ある,アル,アル
ベト	名詞,固有名詞,人名,名,*,*,ベト,ベト,ベト
･	名詞,サ変接続,*,*,*,*,*
シェアン	名詞,一般,*,*,*,*,*
の	助詞,連体化,*,*,*,*,の,ノ,ノ
全土	名詞,一般,*,*,*,*,全土,ゼンド,ゼンド
，	記号,読点,*,*,*,*,，,，,，
ベト	名詞,固有名詞,人名,名,*,*,ベト,ベト,ベト
･	名詞,サ変接続,*,*,*,*,*
シェアン	名詞,一般,*,*,*,*,*
から	助詞,格助詞,一般,*,*,*,から,カラ,カラ
アベル	名詞,固有名詞,人名,姓,*,*,アベル,アベル,アベル
･	名詞,サ変接続,*,*,*,*,*
メホラ	名詞,一般,*,*,*,*,*
，	記号,読点,*,*,*,*,，,，,，
ヨクメアム	名詞,一般,*,*,*,*,*
の	助詞,連体化,*,*,*,*,の,ノ,ノ
地方	名詞,一般,*,*,*,*,地方,チホウ,チホー
まで	助詞,副助詞,*,*,*,*,まで,マデ,マデ
[	名詞,サ変接続,*,*,*,*,*
の	助詞,連体化,*,*,*,*,の,ノ,ノ
地	名詞,一般,*,*,*,*,地,チ,チ
]	名詞,サ変接続,*,*,*,*,*
に	助詞,格助詞,一般,*,*,*,に,ニ,ニ
は	助詞,係助詞,*,*,*,*,は,ハ,ワ
アヒルド	名詞,一般,*,*,*,*,*
の	助詞,連体化,*,*,*,*,の,ノ,ノ
子	接頭詞,名詞接続,*,*,*,*,子,コ,コ
バアナ	名詞,一般,*,*,*,*,*
。	記号,句点,*,*,*,*,。,。,。
ラモト	名詞,一般,*,*,*,*,*
･	名詞,サ変接続,*,*,*,*,*
ギレアデ	名詞,一般,*,*,*,*,*
に	助詞,格助詞,一般,*,*,*,に,ニ,ニ
は	助詞,係助詞,*,*,*,*,は,ハ,ワ
ゲベル	名詞,一般,*,*,*,*,*
の	助詞,連体化,*,*,*,*,の,ノ,ノ
子	名詞,一般,*,*,*,*,子,コ,コ
。	記号,句点,*,*,*,*,。,。,。
（	記号,括弧開,*,*,*,*,（,（,（
彼	名詞,代名詞,一般,*,*,*,彼,カレ,カレ
に	助詞,格助詞,一般,*,*,*,に,ニ,ニ
は	助詞,係助詞,*,*,*,*,は,ハ,ワ
ギレアデ	名詞,一般,*,*,*,*,*
に	助詞,格助詞,一般,*,*,*,に,ニ,ニ
ある	動詞,自立,*,*,五段・ラ行,基本形,ある,アル,アル
，	記号,読点,*,*,*,*,，,，,，
マナセ	名詞,一般,*,*,*,*,*
の	助詞,連体化,*,*,*,*,の,ノ,ノ
子	接頭詞,名詞接続,*,*,*,*,子,コ,コ
ヤイル	名詞,一般,*,*,*,*,*
の	助詞,連体化,*,*,*,*,の,ノ,ノ
天幕	名詞,一般,*,*,*,*,天幕,テンマク,テンマク
の	助詞,連体化,*,*,*,*,の,ノ,ノ
村	名詞,一般,*,*,*,*,村,ムラ,ムラ
々	記号,一般,*,*,*,*,々,々,々
が	助詞,格助詞,一般,*,*,*,が,ガ,ガ
任せ	動詞,自立,*,*,一段,未然形,任せる,マカセ,マカセ
られ	動詞,接尾,*,*,一段,連用形,られる,ラレ,ラレ
て	助詞,接続助詞,*,*,*,*,て,テ,テ
い	動詞,非自立,*,*,一段,連用形,いる,イ,イ
た	助動詞,*,*,*,特殊・タ,基本形,た,タ,タ
。	記号,句点,*,*,*,*,。,。,。
また	接続詞,*,*,*,*,*,また,マタ,マタ
，	記号,読点,*,*,*,*,，,，,，
バシャン	名詞,一般,*,*,*,*,*
に	助詞,格助詞,一般,*,*,*,に,ニ,ニ
ある	動詞,自立,*,*,五段・ラ行,基本形,ある,アル,アル
アルゴブ	名詞,一般,*,*,*,*,*
の	助詞,連体化,*,*,*,*,の,ノ,ノ
地方	名詞,一般,*,*,*,*,地方,チホウ,チホー
，	記号,読点,*,*,*,*,，,，,，
城壁	名詞,一般,*,*,*,*,城壁,ジョウヘキ,ジョーヘキ
と	助詞,並立助詞,*,*,*,*,と,ト,ト
銅	名詞,一般,*,*,*,*,銅,ドウ,ドー
の	助詞,連体化,*,*,*,*,の,ノ,ノ
かんぬき	名詞,一般,*,*,*,*,かんぬき,カンヌキ,カンヌキ
を	助詞,格助詞,一般,*,*,*,を,ヲ,ヲ
備え	動詞,自立,*,*,一段,連用形,備える,ソナエ,ソナエ
た	助動詞,*,*,*,特殊・タ,基本形,た,タ,タ
六	名詞,数,*,*,*,*,六,ロク,ロク
十	名詞,数,*,*,*,*,十,ジュウ,ジュー
の	助詞,連体化,*,*,*,*,の,ノ,ノ
大きな	連体詞,*,*,*,*,*,大きな,オオキナ,オーキナ
都市	名詞,一般,*,*,*,*,都市,トシ,トシ
が	助詞,格助詞,一般,*,*,*,が,ガ,ガ
任せ	動詞,自立,*,*,一段,未然形,任せる,マカセ,マカセ
られ	動詞,接尾,*,*,一段,連用形,られる,ラレ,ラレ
て	助詞,接続助詞,*,*,*,*,て,テ,テ
い	動詞,非自立,*,*,一段,連用形,いる,イ,イ
た	助動詞,*,*,*,特殊・タ,基本形,た,タ,タ
。	記号,句点,*,*,*,*,。,。,。
）	記号,括弧閉,*,*,*,*,）,）,）
マハナイム	名詞,一般,*,*,*,*,*
に	助詞,格助詞,一般,*,*,*,に,ニ,ニ
は	助詞,係助詞,*,*,*,*,は,ハ,ワ
イド	名詞,一般,*,*,*,*,*
の	助詞,連体化,*,*,*,*,の,ノ,ノ
子	接頭詞,名詞接続,*,*,*,*,子,コ,コ
アヒナダブ	名詞,一般,*,*,*,*,*
。	記号,句点,*,*,*,*,。,。,。
ナフタリ	名詞,一般,*,*,*,*,*
に	助詞,格助詞,一般,*,*,*,に,ニ,ニ
は	助詞,係助詞,*,*,*,*,は,ハ,ワ
アヒマアツ	名詞,一般,*,*,*,*,*
。	記号,句点,*,*,*,*,。,。,。
（	記号,括弧開,*,*,*,*,（,（,（
彼	名詞,代名詞,一般,*,*,*,彼,カレ,カレ
も	助詞,係助詞,*,*,*,*,も,モ,モ
また	接続詞,*,*,*,*,*,また,マタ,マタ
，	記号,読点,*,*,*,*,，,，,，
ソロモン	名詞,固有名詞,地域,国,*,*,ソロモン,ソロモン,ソロモン
の	助詞,連体化,*,*,*,*,の,ノ,ノ
娘	名詞,一般,*,*,*,*,娘,ムスメ,ムスメ
バセマト	名詞,一般,*,*,*,*,*
を	助詞,格助詞,一般,*,*,*,を,ヲ,ヲ
妻	名詞,一般,*,*,*,*,妻,ツマ,ツマ
として	助詞,格助詞,連語,*,*,*,として,トシテ,トシテ
めとっ	動詞,自立,*,*,五段・ラ行,連用タ接続,めとる,メトッ,メトッ
た	助動詞,*,*,*,特殊・タ,基本形,た,タ,タ
。	記号,句点,*,*,*,*,。,。,。
）	記号,括弧閉,*,*,*,*,）,）,）
アシェル	名詞,一般,*,*,*,*,*
と	助詞,並立助詞,*,*,*,*,と,ト,ト
ベアロト	名詞,一般,*,*,*,*,*
に	助詞,格助詞,一般,*,*,*,に,ニ,ニ
は	助詞,係助詞,*,*,*,*,は,ハ,ワ
フシャイ	名詞,一般,*,*,*,*,*
の	助詞,連体化,*,*,*,*,の,ノ,ノ
子	接頭詞,名詞接続,*,*,*,*,子,コ,コ
バアナ	名詞,一般,*,*,*,*,*
。	記号,句点,*,*,*,*,。,。,。
イッサカル	名詞,一般,*,*,*,*,*
に	助詞,格助詞,一般,*,*,*,に,ニ,ニ
は	助詞,係助詞,*,*,*,*,は,ハ,ワ
パルアハ	名詞,一般,*,*,*,*,*
の	助詞,連体化,*,*,*,*,の,ノ,ノ
子	接頭詞,名詞接続,*,*,*,*,子,コ,コ
エホシャファト	名詞,一般,*,*,*,*,*
。	記号,句点,*,*,*,*,。,。,。
ベニヤ	名詞,一般,*,*,*,*,ベニヤ,ベニヤ,ベニヤ
ミン	名詞,固有名詞,一般,*,*,*,ミン,ミン,ミン
に	助詞,格助詞,一般,*,*,*,に,ニ,ニ
は	助詞,係助詞,*,*,*,*,は,ハ,ワ
エラ	名詞,一般,*,*,*,*,エラ,エラ,エラ
の	助詞,連体化,*,*,*,*,の,ノ,ノ
子	接頭詞,名詞接続,*,*,*,*,子,コ,コ
シムイ	名詞,一般,*,*,*,*,*
。	記号,句点,*,*,*,*,。,。,。
ギレアデ	名詞,一般,*,*,*,*,*
の	助詞,連体化,*,*,*,*,の,ノ,ノ
地	名詞,一般,*,*,*,*,地,チ,チ
，	記号,読点,*,*,*,*,，,，,，
すなわち	接続詞,*,*,*,*,*,すなわち,スナワチ,スナワチ
アモリ	名詞,一般,*,*,*,*,*
人	名詞,接尾,一般,*,*,*,人,ジン,ジン
の	助詞,連体化,*,*,*,*,の,ノ,ノ
王	名詞,一般,*,*,*,*,王,オウ,オー
シ	名詞,一般,*,*,*,*,シ,シ,シ
ホン	名詞,一般,*,*,*,*,ホン,ホン,ホン
と	助詞,並立助詞,*,*,*,*,と,ト,ト
バシャン	名詞,一般,*,*,*,*,*
の	助詞,連体化,*,*,*,*,の,ノ,ノ
王	名詞,一般,*,*,*,*,王,オウ,オー
オグ	名詞,一般,*,*,*,*,*
の	助詞,連体化,*,*,*,*,の,ノ,ノ
地	名詞,一般,*,*,*,*,地,チ,チ
に	助詞,格助詞,一般,*,*,*,に,ニ,ニ
は	助詞,係助詞,*,*,*,*,は,ハ,ワ
ウリ	名詞,一般,*,*,*,*,ウリ,ウリ,ウリ
の	助詞,連体化,*,*,*,*,の,ノ,ノ
子	接頭詞,名詞接続,*,*,*,*,子,コ,コ
ゲベル	名詞,一般,*,*,*,*,*
。	記号,句点,*,*,*,*,。,。,。
この	連体詞,*,*,*,*,*,この,コノ,コノ
地	名詞,一般,*,*,*,*,地,チ,チ
に	助詞,格助詞,一般,*,*,*,に,ニ,ニ
い	動詞,自立,*,*,一段,連用形,いる,イ,イ
た	助動詞,*,*,*,特殊・タ,基本形,た,タ,タ
[	名詞,サ変接続,*,*,*,*,*
ほか	名詞,副詞可能,*,*,*,*,ほか,ホカ,ホカ
の	助詞,連体化,*,*,*,*,の,ノ,ノ
すべて	名詞,副詞可能,*,*,*,*,すべて,スベテ,スベテ
の	助詞,連体化,*,*,*,*,の,ノ,ノ
代官	名詞,一般,*,*,*,*,代官,ダイカン,ダイカン
の	助詞,連体化,*,*,*,*,の,ノ,ノ
上	名詞,非自立,副詞可能,*,*,*,上,ウエ,ウエ
に	助詞,格助詞,一般,*,*,*,に,ニ,ニ
は	助詞,係助詞,*,*,*,*,は,ハ,ワ
]	名詞,サ変接続,*,*,*,*,*
一	名詞,数,*,*,*,*,一,イチ,イチ
人	名詞,接尾,助数詞,*,*,*,人,ニン,ニン
の	助詞,連体化,*,*,*,*,の,ノ,ノ
代官	名詞,一般,*,*,*,*,代官,ダイカン,ダイカン
が	助詞,格助詞,一般,*,*,*,が,ガ,ガ
い	動詞,自立,*,*,一段,連用形,いる,イ,イ
た	助動詞,*,*,*,特殊・タ,基本形,た,タ,タ
。	記号,句点,*,*,*,*,。,。,。
ユダ	名詞,一般,*,*,*,*,*
と	助詞,並立助詞,*,*,*,*,と,ト,ト
イスラエル	名詞,固有名詞,地域,国,*,*,イスラエル,イスラエル,イスラエル
は	助詞,係助詞,*,*,*,*,は,ハ,ワ
，	記号,読点,*,*,*,*,，,，,，
おびただし	形容詞,自立,*,*,形容詞・イ段,ガル接続,おびただしい,オビタダシ,オビタダシ
さ	名詞,接尾,特殊,*,*,*,さ,サ,サ
の	助詞,連体化,*,*,*,*,の,ノ,ノ
点	名詞,非自立,一般,*,*,*,点,テン,テン
で	助詞,格助詞,一般,*,*,*,で,デ,デ
海辺	名詞,一般,*,*,*,*,海辺,ウミベ,ウミベ
に	助詞,格助詞,一般,*,*,*,に,ニ,ニ
ある	動詞,自立,*,*,五段・ラ行,基本形,ある,アル,アル
砂粒	名詞,一般,*,*,*,*,砂粒,サリュウ,サリュー
の	助詞,連体化,*,*,*,*,の,ノ,ノ
よう	名詞,非自立,助動詞語幹,*,*,*,よう,ヨウ,ヨー
に	助詞,副詞化,*,*,*,*,に,ニ,ニ
多く	形容詞,自立,*,*,形容詞・アウオ段,連用テ接続,多い,オオク,オーク
て	助詞,接続助詞,*,*,*,*,て,テ,テ
，	記号,読点,*,*,*,*,，,，,，
食べ	動詞,自立,*,*,一段,連用形,食べる,タベ,タベ
たり	助詞,並立助詞,*,*,*,*,たり,タリ,タリ
飲ん	動詞,自立,*,*,五段・マ行,連用タ接続,飲む,ノン,ノン
だり	助詞,並立助詞,*,*,*,*,だり,ダリ,ダリ
し	動詞,自立,*,*,サ変・スル,連用形,する,シ,シ
て	助詞,接続助詞,*,*,*,*,て,テ,テ
，	記号,読点,*,*,*,*,，,，,，
歓ん	動詞,自立,*,*,五段・バ行,連用タ接続,歓ぶ,ヨロコン,ヨロコン
で	助詞,接続助詞,*,*,*,*,で,デ,デ
い	動詞,非自立,*,*,一段,連用形,いる,イ,イ
た	助動詞,*,*,*,特殊・タ,基本形,た,タ,タ
。	記号,句点,*,*,*,*,。,。,。
ソロモン	名詞,固有名詞,地域,国,*,*,ソロモン,ソロモン,ソロモン
は	助詞,係助詞,*,*,*,*,は,ハ,ワ
，	記号,読点,*,*,*,*,，,，,，
川	名詞,一般,*,*,*,*,川,カワ,カワ
から	助詞,格助詞,一般,*,*,*,から,カラ,カラ
フィリスティア	名詞,一般,*,*,*,*,*
人	名詞,接尾,一般,*,*,*,人,ジン,ジン
の	助詞,連体化,*,*,*,*,の,ノ,ノ
地	名詞,一般,*,*,*,*,地,チ,チ
，	記号,読点,*,*,*,*,，,，,，
さらに	副詞,助詞類接続,*,*,*,*,さらに,サラニ,サラニ
は	助詞,係助詞,*,*,*,*,は,ハ,ワ
エジプト	名詞,固有名詞,地域,国,*,*,エジプト,エジプト,エジプト
の	助詞,連体化,*,*,*,*,の,ノ,ノ
境界	名詞,一般,*,*,*,*,境界,キョウカイ,キョーカイ
に	助詞,格助詞,一般,*,*,*,に,ニ,ニ
至る	動詞,自立,*,*,五段・ラ行,基本形,至る,イタル,イタル
すべて	名詞,副詞可能,*,*,*,*,すべて,スベテ,スベテ
の	助詞,連体化,*,*,*,*,の,ノ,ノ
王国	名詞,一般,*,*,*,*,王国,オウコク,オーコク
の	助詞,連体化,*,*,*,*,の,ノ,ノ
支配	名詞,サ変接続,*,*,*,*,支配,シハイ,シハイ
者	名詞,接尾,一般,*,*,*,者,シャ,シャ
と	助詞,格助詞,一般,*,*,*,と,ト,ト
なっ	動詞,自立,*,*,五段・ラ行,連用タ接続,なる,ナッ,ナッ
た	助動詞,*,*,*,特殊・タ,基本形,た,タ,タ
。	記号,句点,*,*,*,*,。,。,。
彼ら	名詞,代名詞,一般,*,*,*,彼ら,カレラ,カレラ
は	助詞,係助詞,*,*,*,*,は,ハ,ワ
ソロモン	名詞,固有名詞,地域,国,*,*,ソロモン,ソロモン,ソロモン
の	助詞,連体化,*,*,*,*,の,ノ,ノ
一生	名詞,副詞可能,*,*,*,*,一生,イッショウ,イッショー
の	助詞,連体化,*,*,*,*,の,ノ,ノ
間	名詞,一般,*,*,*,*,間,マ,マ
，	記号,読点,*,*,*,*,，,，,，
贈り物	名詞,サ変接続,*,*,*,*,贈り物,オクリモノ,オクリモノ
を	助詞,格助詞,一般,*,*,*,を,ヲ,ヲ
持っ	動詞,自立,*,*,五段・タ行,連用タ接続,持つ,モッ,モッ
て	助詞,接続助詞,*,*,*,*,て,テ,テ
来	動詞,非自立,*,*,カ変・来ル,連用形,来る,キ,キ
て	助詞,接続助詞,*,*,*,*,て,テ,テ
，	記号,読点,*,*,*,*,，,，,，
彼	名詞,代名詞,一般,*,*,*,彼,カレ,カレ
に	助詞,格助詞,一般,*,*,*,に,ニ,ニ
仕える	動詞,自立,*,*,一段,基本形,仕える,ツカエル,ツカエル
の	名詞,非自立,一般,*,*,*,の,ノ,ノ
で	助動詞,*,*,*,特殊・ダ,連用形,だ,デ,デ
あっ	助動詞,*,*,*,五段・ラ行アル,連用タ接続,ある,アッ,アッ
た	助動詞,*,*,*,特殊・タ,基本形,た,タ,タ
。	記号,句点,*,*,*,*,。,。,。
ところで	接続詞,*,*,*,*,*,ところで,トコロデ,トコロデ
，	記号,読点,*,*,*,*,，,，,，
ソロモン	名詞,固有名詞,地域,国,*,*,ソロモン,ソロモン,ソロモン
の	助詞,連体化,*,*,*,*,の,ノ,ノ
日	名詞,固有名詞,地域,国,*,*,日,ニチ,ニチ
ごと	名詞,接尾,一般,*,*,*,ごと,ゴト,ゴト
の	助詞,連体化,*,*,*,*,の,ノ,ノ
食物	名詞,一般,*,*,*,*,食物,ショクモツ,ショクモツ
は	助詞,係助詞,*,*,*,*,は,ハ,ワ
いつも	副詞,一般,*,*,*,*,いつも,イツモ,イツモ
上等	名詞,一般,*,*,*,*,上等,ジョウトウ,ジョートー
の	助詞,連体化,*,*,*,*,の,ノ,ノ
麦粉	名詞,一般,*,*,*,*,麦粉,ムギコ,ムギコ
三	名詞,数,*,*,*,*,三,サン,サン
十	名詞,数,*,*,*,*,十,ジュウ,ジュー
コル	名詞,一般,*,*,*,*,コル,コル,コル
，	記号,読点,*,*,*,*,，,，,，
麦粉	名詞,一般,*,*,*,*,麦粉,ムギコ,ムギコ
六	名詞,数,*,*,*,*,六,ロク,ロク
十	名詞,数,*,*,*,*,十,ジュウ,ジュー
コル	名詞,一般,*,*,*,*,コル,コル,コル
，	記号,読点,*,*,*,*,，,，,，
肥え	動詞,自立,*,*,一段,連用形,肥える,コエ,コエ
た	助動詞,*,*,*,特殊・タ,基本形,た,タ,タ
牛	名詞,一般,*,*,*,*,牛,ウシ,ウシ
十	名詞,数,*,*,*,*,十,ジュウ,ジュー
頭	名詞,接尾,助数詞,*,*,*,頭,トウ,トー
，	記号,読点,*,*,*,*,，,，,，
放牧	名詞,サ変接続,*,*,*,*,放牧,ホウボク,ホーボク
し	動詞,自立,*,*,サ変・スル,連用形,する,シ,シ
た	助動詞,*,*,*,特殊・タ,基本形,た,タ,タ
牛	名詞,一般,*,*,*,*,牛,ウシ,ウシ
二	名詞,数,*,*,*,*,二,ニ,ニ
十	名詞,数,*,*,*,*,十,ジュウ,ジュー
頭	名詞,接尾,助数詞,*,*,*,頭,トウ,トー
，	記号,読点,*,*,*,*,，,，,，
羊	名詞,一般,*,*,*,*,羊,ヒツジ,ヒツジ
百	名詞,数,*,*,*,*,百,ヒャク,ヒャク
頭	名詞,接尾,助数詞,*,*,*,頭,トウ,トー
，	記号,読点,*,*,*,*,，,，,，
その	連体詞,*,*,*,*,*,その,ソノ,ソノ
ほか	名詞,副詞可能,*,*,*,*,ほか,ホカ,ホカ
幾	名詞,数,*,*,*,*,幾,イク,イク
頭	名詞,接尾,助数詞,*,*,*,頭,トウ,トー
か	助詞,副助詞／並立助詞／終助詞,*,*,*,*,か,カ,カ
の	助詞,連体化,*,*,*,*,の,ノ,ノ
雄	接頭詞,名詞接続,*,*,*,*,雄,オ,オ
鹿	名詞,一般,*,*,*,*,鹿,シカ,シカ
，	記号,読点,*,*,*,*,，,，,，
ガゼル	名詞,一般,*,*,*,*,*
，	記号,読点,*,*,*,*,，,，,，
雄	名詞,一般,*,*,*,*,雄,ユウ,ユー
のろ	動詞,自立,*,*,五段・ラ行,未然ウ接続,のる,ノロ,ノロ
じ	助動詞,*,*,*,不変化型,基本形,じ,ジ,ジ
か	助詞,副助詞／並立助詞／終助詞,*,*,*,*,か,カ,カ
と	助詞,格助詞,引用,*,*,*,と,ト,ト
，	記号,読点,*,*,*,*,，,，,，
肥育	名詞,一般,*,*,*,*,肥育,ヒイク,ヒイク
さ	動詞,自立,*,*,サ変・スル,未然レル接続,する,サ,サ
れ	動詞,接尾,*,*,一段,連用形,れる,レ,レ
た	助動詞,*,*,*,特殊・タ,基本形,た,タ,タ
かっこう	名詞,一般,*,*,*,*,かっこう,カッコウ,カッコー
で	助動詞,*,*,*,特殊・ダ,連用形,だ,デ,デ
あっ	助動詞,*,*,*,五段・ラ行アル,連用タ接続,ある,アッ,アッ
た	助動詞,*,*,*,特殊・タ,基本形,た,タ,タ
。	記号,句点,*,*,*,*,。,。,。
これ	名詞,代名詞,一般,*,*,*,これ,コレ,コレ
は	助詞,係助詞,*,*,*,*,は,ハ,ワ
彼	名詞,代名詞,一般,*,*,*,彼,カレ,カレ
が	助詞,格助詞,一般,*,*,*,が,ガ,ガ
川	名詞,一般,*,*,*,*,川,カワ,カワ
の	助詞,連体化,*,*,*,*,の,ノ,ノ
こちら	名詞,代名詞,一般,*,*,*,こちら,コチラ,コチラ
側	名詞,接尾,一般,*,*,*,側,ガワ,ガワ
，	記号,読点,*,*,*,*,，,，,，
ティフサハ	名詞,一般,*,*,*,*,*
から	助詞,格助詞,一般,*,*,*,から,カラ,カラ
ガザ	名詞,固有名詞,地域,一般,*,*,ガザ,ガザ,ガザ
まで	助詞,副助詞,*,*,*,*,まで,マデ,マデ
の	助詞,連体化,*,*,*,*,の,ノ,ノ
すべて	名詞,副詞可能,*,*,*,*,すべて,スベテ,スベテ
の	助詞,連体化,*,*,*,*,の,ノ,ノ
もの	名詞,非自立,一般,*,*,*,もの,モノ,モノ
，	記号,読点,*,*,*,*,，,，,，
すなわち	接続詞,*,*,*,*,*,すなわち,スナワチ,スナワチ
川	名詞,一般,*,*,*,*,川,カワ,カワ
の	助詞,連体化,*,*,*,*,の,ノ,ノ
こちら	名詞,代名詞,一般,*,*,*,こちら,コチラ,コチラ
側	名詞,接尾,一般,*,*,*,側,ガワ,ガワ
の	助詞,連体化,*,*,*,*,の,ノ,ノ
すべて	名詞,副詞可能,*,*,*,*,すべて,スベテ,スベテ
の	助詞,連体化,*,*,*,*,の,ノ,ノ
王	名詞,一般,*,*,*,*,王,オウ,オー
たち	名詞,接尾,一般,*,*,*,たち,タチ,タチ
を	助詞,格助詞,一般,*,*,*,を,ヲ,ヲ
従え	動詞,自立,*,*,一段,連用形,従える,シタガエ,シタガエ
て	助詞,接続助詞,*,*,*,*,て,テ,テ
い	動詞,非自立,*,*,一段,連用形,いる,イ,イ
た	助動詞,*,*,*,特殊・タ,基本形,た,タ,タ
から	助詞,接続助詞,*,*,*,*,から,カラ,カラ
で	助動詞,*,*,*,特殊・ダ,連用形,だ,デ,デ
ある	助動詞,*,*,*,五段・ラ行アル,基本形,ある,アル,アル
。	記号,句点,*,*,*,*,。,。,。
彼	名詞,代名詞,一般,*,*,*,彼,カレ,カレ
の	助詞,連体化,*,*,*,*,の,ノ,ノ
すべて	名詞,副詞可能,*,*,*,*,すべて,スベテ,スベテ
の	助詞,連体化,*,*,*,*,の,ノ,ノ
地方	名詞,一般,*,*,*,*,地方,チホウ,チホー
で	助詞,格助詞,一般,*,*,*,で,デ,デ
は	助詞,係助詞,*,*,*,*,は,ハ,ワ
，	記号,読点,*,*,*,*,，,，,，
周り	名詞,一般,*,*,*,*,周り,マワリ,マワリ
の	助詞,格助詞,一般,*,*,*,の,ノ,ノ
至る	動詞,自立,*,*,五段・ラ行,基本形,至る,イタル,イタル
所	名詞,非自立,副詞可能,*,*,*,所,トコロ,トコロ
で	助詞,格助詞,一般,*,*,*,で,デ,デ
平安	名詞,一般,*,*,*,*,平安,ヘイアン,ヘイアン
が	助詞,格助詞,一般,*,*,*,が,ガ,ガ
彼	名詞,代名詞,一般,*,*,*,彼,カレ,カレ
の	助詞,連体化,*,*,*,*,の,ノ,ノ
もの	名詞,非自立,一般,*,*,*,もの,モノ,モノ
と	助詞,格助詞,一般,*,*,*,と,ト,ト
なっ	動詞,自立,*,*,五段・ラ行,連用タ接続,なる,ナッ,ナッ
た	助動詞,*,*,*,特殊・タ,基本形,た,タ,タ
の	名詞,非自立,一般,*,*,*,の,ノ,ノ
で	助動詞,*,*,*,特殊・ダ,連用形,だ,デ,デ
ある	助動詞,*,*,*,五段・ラ行アル,基本形,ある,アル,アル
。	記号,句点,*,*,*,*,。,。,。
そして	接続詞,*,*,*,*,*,そして,ソシテ,ソシテ
，	記号,読点,*,*,*,*,，,，,，
ユダ	名詞,一般,*,*,*,*,*
と	助詞,並立助詞,*,*,*,*,と,ト,ト
イスラエル	名詞,固有名詞,地域,国,*,*,イスラエル,イスラエル,イスラエル
は	助詞,係助詞,*,*,*,*,は,ハ,ワ
ソロモン	名詞,固有名詞,地域,国,*,*,ソロモン,ソロモン,ソロモン
の	助詞,連体化,*,*,*,*,の,ノ,ノ
時代	名詞,一般,*,*,*,*,時代,ジダイ,ジダイ
中	名詞,接尾,副詞可能,*,*,*,中,チュウ,チュー
ずっと	副詞,一般,*,*,*,*,ずっと,ズット,ズット
，	記号,読点,*,*,*,*,，,，,，
ダン	名詞,一般,*,*,*,*,ダン,ダン,ダン
から	助詞,格助詞,一般,*,*,*,から,カラ,カラ
ベエル	名詞,一般,*,*,*,*,*
･	名詞,サ変接続,*,*,*,*,*
シェバ	名詞,一般,*,*,*,*,*
に	助詞,格助詞,一般,*,*,*,に,ニ,ニ
至る	動詞,自立,*,*,五段・ラ行,基本形,至る,イタル,イタル
まで	助詞,副助詞,*,*,*,*,まで,マデ,マデ
，	記号,読点,*,*,*,*,，,，,，
皆	名詞,代名詞,一般,*,*,*,皆,ミナ,ミナ
おのおの	副詞,一般,*,*,*,*,おのおの,オノオノ,オノオノ
自分	名詞,一般,*,*,*,*,自分,ジブン,ジブン
の	助詞,連体化,*,*,*,*,の,ノ,ノ
ぶどう	名詞,一般,*,*,*,*,ぶどう,ブドウ,ブドー
の	助詞,連体化,*,*,*,*,の,ノ,ノ
木の下	名詞,一般,*,*,*,*,木の下,コノシタ,コノシタ
や	助詞,並立助詞,*,*,*,*,や,ヤ,ヤ
，	記号,読点,*,*,*,*,，,，,，
いちじく	名詞,一般,*,*,*,*,いちじく,イチジク,イチジク
の	助詞,連体化,*,*,*,*,の,ノ,ノ
木の下	名詞,一般,*,*,*,*,木の下,コノシタ,コノシタ
で	助詞,格助詞,一般,*,*,*,で,デ,デ
安らか	名詞,形容動詞語幹,*,*,*,*,安らか,ヤスラカ,ヤスラカ
に	助詞,副詞化,*,*,*,*,に,ニ,ニ
住ん	動詞,自立,*,*,五段・マ行,連用タ接続,住む,スン,スン
で	助詞,接続助詞,*,*,*,*,で,デ,デ
い	動詞,非自立,*,*,一段,連用形,いる,イ,イ
た	助動詞,*,*,*,特殊・タ,基本形,た,タ,タ
。	記号,句点,*,*,*,*,。,。,。
また	接続詞,*,*,*,*,*,また,マタ,マタ
，	記号,読点,*,*,*,*,，,，,，
ソロモン	名詞,固有名詞,地域,国,*,*,ソロモン,ソロモン,ソロモン
は	助詞,係助詞,*,*,*,*,は,ハ,ワ
兵	名詞,一般,*,*,*,*,兵,ヘイ,ヘイ
車	名詞,接尾,一般,*,*,*,車,シャ,シャ
の	助詞,連体化,*,*,*,*,の,ノ,ノ
ため	名詞,非自立,副詞可能,*,*,*,ため,タメ,タメ
の	助詞,連体化,*,*,*,*,の,ノ,ノ
馬	名詞,一般,*,*,*,*,馬,ウマ,ウマ
の	助詞,連体化,*,*,*,*,の,ノ,ノ
畜舎	名詞,一般,*,*,*,*,畜舎,チクシャ,チクシャ
四	名詞,数,*,*,*,*,四,ヨン,ヨン
万	名詞,数,*,*,*,*,万,マン,マン
，	名詞,数,*,*,*,*,，,，,，
騎手	名詞,一般,*,*,*,*,騎手,キシュ,キシュ
一	名詞,数,*,*,*,*,一,イチ,イチ
万	名詞,数,*,*,*,*,万,マン,マン
二	名詞,数,*,*,*,*,二,ニ,ニ
千	名詞,数,*,*,*,*,千,セン,セン
人	名詞,接尾,助数詞,*,*,*,人,ニン,ニン
を	助詞,格助詞,一般,*,*,*,を,ヲ,ヲ
持つ	動詞,自立,*,*,五段・タ行,基本形,持つ,モツ,モツ
に	助詞,格助詞,一般,*,*,*,に,ニ,ニ
至っ	動詞,自立,*,*,五段・ラ行,連用タ接続,至る,イタッ,イタッ
た	助動詞,*,*,*,特殊・タ,基本形,た,タ,タ
。	記号,句点,*,*,*,*,。,。,。
そして	接続詞,*,*,*,*,*,そして,ソシテ,ソシテ
，	記号,読点,*,*,*,*,，,，,，
それら	名詞,代名詞,一般,*,*,*,それら,ソレラ,ソレラ
代官	名詞,一般,*,*,*,*,代官,ダイカン,ダイカン
たち	名詞,接尾,一般,*,*,*,たち,タチ,タチ
は	助詞,係助詞,*,*,*,*,は,ハ,ワ
，	記号,読点,*,*,*,*,，,，,，
各々	副詞,一般,*,*,*,*,各々,オノオノ,オノオノ
自分	名詞,一般,*,*,*,*,自分,ジブン,ジブン
の	助詞,連体化,*,*,*,*,の,ノ,ノ
月	名詞,一般,*,*,*,*,月,ツキ,ツキ
に	助詞,格助詞,一般,*,*,*,に,ニ,ニ
，	記号,読点,*,*,*,*,，,，,，
ソロモン	名詞,固有名詞,地域,国,*,*,ソロモン,ソロモン,ソロモン
王	名詞,接尾,一般,*,*,*,王,オウ,オー
，	記号,読点,*,*,*,*,，,，,，
および	接続詞,*,*,*,*,*,および,オヨビ,オヨビ
ソロモン	名詞,固有名詞,地域,国,*,*,ソロモン,ソロモン,ソロモン
王	名詞,接尾,一般,*,*,*,王,オウ,オー
の	助詞,連体化,*,*,*,*,の,ノ,ノ
食卓	名詞,一般,*,*,*,*,食卓,ショクタク,ショクタク
に	助詞,格助詞,一般,*,*,*,に,ニ,ニ
近づく	動詞,自立,*,*,五段・カ行イ音便,基本形,近づく,チカヅク,チカズク
すべて	名詞,副詞可能,*,*,*,*,すべて,スベテ,スベテ
の	助詞,連体化,*,*,*,*,の,ノ,ノ
者	名詞,非自立,一般,*,*,*,者,モノ,モノ
に	助詞,格助詞,一般,*,*,*,に,ニ,ニ
食物	名詞,一般,*,*,*,*,食物,ショクモツ,ショクモツ
を	助詞,格助詞,一般,*,*,*,を,ヲ,ヲ
供給	名詞,サ変接続,*,*,*,*,供給,キョウキュウ,キョーキュー
し	動詞,自立,*,*,サ変・スル,連用形,する,シ,シ
た	助動詞,*,*,*,特殊・タ,基本形,た,タ,タ
。	記号,句点,*,*,*,*,。,。,。
何一つ	副詞,一般,*,*,*,*,何一つ,ナニヒトツ,ナニヒトツ
足り	動詞,自立,*,*,一段,未然形,足りる,タリ,タリ
ない	助動詞,*,*,*,特殊・ナイ,基本形,ない,ナイ,ナイ
まま	名詞,非自立,副詞可能,*,*,*,まま,ママ,ママ
に	助詞,格助詞,一般,*,*,*,に,ニ,ニ
し	動詞,自立,*,*,サ変・スル,連用形,する,シ,シ
て	助詞,接続助詞,*,*,*,*,て,テ,テ
は	助詞,係助詞,*,*,*,*,は,ハ,ワ
おか	動詞,自立,*,*,五段・カ行イ音便,未然形,おく,オカ,オカ
なかっ	助動詞,*,*,*,特殊・ナイ,連用タ接続,ない,ナカッ,ナカッ
た	助動詞,*,*,*,特殊・タ,基本形,た,タ,タ
。	記号,句点,*,*,*,*,。,。,。
また	接続詞,*,*,*,*,*,また,マタ,マタ
，	記号,読点,*,*,*,*,，,，,，
各自	名詞,副詞可能,*,*,*,*,各自,カクジ,カクジ
自分	名詞,一般,*,*,*,*,自分,ジブン,ジブン
の	助詞,連体化,*,*,*,*,の,ノ,ノ
任務	名詞,一般,*,*,*,*,任務,ニンム,ニンム
に	助詞,格助詞,一般,*,*,*,に,ニ,ニ
したがっ	動詞,自立,*,*,五段・ワ行促音便,連用タ接続,したがう,シタガッ,シタガッ
て	助詞,接続助詞,*,*,*,*,て,テ,テ
，	記号,読点,*,*,*,*,，,，,，
場所	名詞,一般,*,*,*,*,場所,バショ,バショ
が	助詞,格助詞,一般,*,*,*,が,ガ,ガ
どこ	名詞,代名詞,一般,*,*,*,どこ,ドコ,ドコ
で	助動詞,*,*,*,特殊・ダ,連用形,だ,デ,デ
あれ	助動詞,*,*,*,五段・ラ行アル,命令ｅ,ある,アレ,アレ
，	記号,読点,*,*,*,*,，,，,，
馬	名詞,一般,*,*,*,*,馬,ウマ,ウマ
や	助詞,並立助詞,*,*,*,*,や,ヤ,ヤ
，	記号,読点,*,*,*,*,，,，,，
一連	名詞,一般,*,*,*,*,一連,イチレン,イチレン
の	助詞,連体化,*,*,*,*,の,ノ,ノ
馬	名詞,一般,*,*,*,*,馬,ウマ,ウマ
の	助詞,連体化,*,*,*,*,の,ノ,ノ
ため	名詞,非自立,副詞可能,*,*,*,ため,タメ,タメ
の	助詞,連体化,*,*,*,*,の,ノ,ノ
大麦	名詞,一般,*,*,*,*,大麦,オオムギ,オームギ
と	助詞,並立助詞,*,*,*,*,と,ト,ト
わら	名詞,一般,*,*,*,*,わら,ワラ,ワラ
を	助詞,格助詞,一般,*,*,*,を,ヲ,ヲ
持っ	動詞,自立,*,*,五段・タ行,連用タ接続,持つ,モッ,モッ
て	助詞,接続助詞,*,*,*,*,て,テ,テ
行っ	動詞,非自立,*,*,五段・カ行促音便,連用タ接続,行く,イッ,イッ
た	助動詞,*,*,*,特殊・タ,基本形,た,タ,タ
。	記号,句点,*,*,*,*,。,。,。
そして	接続詞,*,*,*,*,*,そして,ソシテ,ソシテ
，	記号,読点,*,*,*,*,，,，,，
神	名詞,一般,*,*,*,*,神,カミ,カミ
は	助詞,係助詞,*,*,*,*,は,ハ,ワ
ソロモン	名詞,固有名詞,地域,国,*,*,ソロモン,ソロモン,ソロモン
に	助詞,格助詞,一般,*,*,*,に,ニ,ニ
引き続き	副詞,一般,*,*,*,*,引き続き,ヒキツヅキ,ヒキツズキ
非常	名詞,形容動詞語幹,*,*,*,*,非常,ヒジョウ,ヒジョー
に	助詞,副詞化,*,*,*,*,に,ニ,ニ
豊か	名詞,形容動詞語幹,*,*,*,*,豊か,ユタカ,ユタカ
な	助動詞,*,*,*,特殊・ダ,体言接続,だ,ナ,ナ
知恵	名詞,一般,*,*,*,*,知恵,チエ,チエ
と	助詞,格助詞,一般,*,*,*,と,ト,ト
理解	名詞,サ変接続,*,*,*,*,理解,リカイ,リカイ
力	名詞,接尾,一般,*,*,*,力,リョク,リョク
と	助詞,並立助詞,*,*,*,*,と,ト,ト
，	記号,読点,*,*,*,*,，,，,，
海岸	名詞,一般,*,*,*,*,海岸,カイガン,カイガン
に	助詞,格助詞,一般,*,*,*,に,ニ,ニ
ある	動詞,自立,*,*,五段・ラ行,基本形,ある,アル,アル
砂浜	名詞,一般,*,*,*,*,砂浜,スナハマ,スナハマ
の	助詞,連体化,*,*,*,*,の,ノ,ノ
よう	名詞,非自立,助動詞語幹,*,*,*,よう,ヨウ,ヨー
な	助動詞,*,*,*,特殊・ダ,体言接続,だ,ナ,ナ
心	名詞,一般,*,*,*,*,心,ココロ,ココロ
の	助詞,連体化,*,*,*,*,の,ノ,ノ
広	形容詞,自立,*,*,形容詞・アウオ段,ガル接続,広い,ヒロ,ヒロ
さ	名詞,接尾,特殊,*,*,*,さ,サ,サ
を	助詞,格助詞,一般,*,*,*,を,ヲ,ヲ
お	接頭詞,名詞接続,*,*,*,*,お,オ,オ
与え	動詞,自立,*,*,一段,連用形,与える,アタエ,アタエ
に	助詞,格助詞,一般,*,*,*,に,ニ,ニ
なっ	動詞,自立,*,*,五段・ラ行,連用タ接続,なる,ナッ,ナッ
た	助動詞,*,*,*,特殊・タ,基本形,た,タ,タ
。	記号,句点,*,*,*,*,。,。,。
それで	接続詞,*,*,*,*,*,それで,ソレデ,ソレデ
，	記号,読点,*,*,*,*,，,，,，
ソロモン	名詞,固有名詞,地域,国,*,*,ソロモン,ソロモン,ソロモン
の	助詞,連体化,*,*,*,*,の,ノ,ノ
知恵	名詞,一般,*,*,*,*,知恵,チエ,チエ
は	助詞,係助詞,*,*,*,*,は,ハ,ワ
すべて	名詞,副詞可能,*,*,*,*,すべて,スベテ,スベテ
の	助詞,連体化,*,*,*,*,の,ノ,ノ
東洋	名詞,一般,*,*,*,*,東洋,トウヨウ,トーヨー
人	名詞,接尾,一般,*,*,*,人,ジン,ジン
の	助詞,連体化,*,*,*,*,の,ノ,ノ
知恵	名詞,一般,*,*,*,*,知恵,チエ,チエ
と	助詞,並立助詞,*,*,*,*,と,ト,ト
，	記号,読点,*,*,*,*,，,，,，
エジプト	名詞,固有名詞,地域,国,*,*,エジプト,エジプト,エジプト
の	助詞,連体化,*,*,*,*,の,ノ,ノ
すべて	名詞,副詞可能,*,*,*,*,すべて,スベテ,スベテ
の	助詞,連体化,*,*,*,*,の,ノ,ノ
知恵	名詞,一般,*,*,*,*,知恵,チエ,チエ
と	助詞,並立助詞,*,*,*,*,と,ト,ト
に	助詞,格助詞,一般,*,*,*,に,ニ,ニ
勝っ	動詞,自立,*,*,五段・タ行,連用タ接続,勝つ,カッ,カッ
て	助詞,接続助詞,*,*,*,*,て,テ,テ
膨大	名詞,形容動詞語幹,*,*,*,*,膨大,ボウダイ,ボーダイ
で	助動詞,*,*,*,特殊・ダ,連用形,だ,デ,デ
あっ	助動詞,*,*,*,五段・ラ行アル,連用タ接続,ある,アッ,アッ
た	助動詞,*,*,*,特殊・タ,基本形,た,タ,タ
。	記号,句点,*,*,*,*,。,。,。
また	接続詞,*,*,*,*,*,また,マタ,マタ
，	記号,読点,*,*,*,*,，,，,，
彼	名詞,代名詞,一般,*,*,*,彼,カレ,カレ
は	助詞,係助詞,*,*,*,*,は,ハ,ワ
ほか	名詞,副詞可能,*,*,*,*,ほか,ホカ,ホカ
の	助詞,連体化,*,*,*,*,の,ノ,ノ
だれ	名詞,代名詞,一般,*,*,*,だれ,ダレ,ダレ
より	助詞,格助詞,一般,*,*,*,より,ヨリ,ヨリ
も	助詞,係助詞,*,*,*,*,も,モ,モ
，	記号,読点,*,*,*,*,，,，,，
すなわち	接続詞,*,*,*,*,*,すなわち,スナワチ,スナワチ
エズラハ	名詞,一般,*,*,*,*,*
人	名詞,接尾,一般,*,*,*,人,ジン,ジン
エタン	名詞,一般,*,*,*,*,エタン,エタン,エタン
や	助詞,並立助詞,*,*,*,*,や,ヤ,ヤ
，	記号,読点,*,*,*,*,，,，,，
マホル	名詞,一般,*,*,*,*,*
の	助詞,連体化,*,*,*,*,の,ノ,ノ
子	名詞,一般,*,*,*,*,子,コ,コ
ヘ	助詞,格助詞,一般,*,*,*,ヘ,ヘ,エ
マン	名詞,一般,*,*,*,*,マン,マン,マン
，	記号,読点,*,*,*,*,，,，,，
カルコル	名詞,一般,*,*,*,*,*
，	記号,読点,*,*,*,*,，,，,，
ダルダ	名詞,一般,*,*,*,*,*
より	助詞,格助詞,一般,*,*,*,より,ヨリ,ヨリ
も	助詞,係助詞,*,*,*,*,も,モ,モ
賢く	形容詞,自立,*,*,形容詞・アウオ段,連用テ接続,賢い,カシコク,カシコク
，	記号,読点,*,*,*,*,，,，,，
その	連体詞,*,*,*,*,*,その,ソノ,ソノ
名声	名詞,一般,*,*,*,*,名声,メイセイ,メイセイ
は	助詞,係助詞,*,*,*,*,は,ハ,ワ
周囲	名詞,一般,*,*,*,*,周囲,シュウイ,シューイ
の	助詞,連体化,*,*,*,*,の,ノ,ノ
すべて	名詞,副詞可能,*,*,*,*,すべて,スベテ,スベテ
の	助詞,連体化,*,*,*,*,の,ノ,ノ
国々	名詞,一般,*,*,*,*,国々,クニグニ,クニグニ
の	助詞,連体化,*,*,*,*,の,ノ,ノ
民	名詞,一般,*,*,*,*,民,ミン,ミン
に	助詞,格助詞,一般,*,*,*,に,ニ,ニ
及ぶ	動詞,自立,*,*,五段・バ行,基本形,及ぶ,オヨブ,オヨブ
よう	名詞,非自立,助動詞語幹,*,*,*,よう,ヨウ,ヨー
に	助詞,格助詞,一般,*,*,*,に,ニ,ニ
なっ	動詞,自立,*,*,五段・ラ行,連用タ接続,なる,ナッ,ナッ
た	助動詞,*,*,*,特殊・タ,基本形,た,タ,タ
。	記号,句点,*,*,*,*,。,。,。
それ	名詞,代名詞,一般,*,*,*,それ,ソレ,ソレ
に	助詞,格助詞,一般,*,*,*,に,ニ,ニ
，	記号,読点,*,*,*,*,，,，,，
彼	名詞,代名詞,一般,*,*,*,彼,カレ,カレ
は	助詞,係助詞,*,*,*,*,は,ハ,ワ
三	名詞,数,*,*,*,*,三,サン,サン
千	名詞,数,*,*,*,*,千,セン,セン
の	助詞,連体化,*,*,*,*,の,ノ,ノ
箴言	名詞,一般,*,*,*,*,箴言,シンゲン,シンゲン
を	助詞,格助詞,一般,*,*,*,を,ヲ,ヲ
語る	動詞,自立,*,*,五段・ラ行,基本形,語る,カタル,カタル
こと	名詞,非自立,一般,*,*,*,こと,コト,コト
が	助詞,格助詞,一般,*,*,*,が,ガ,ガ
でき	動詞,自立,*,*,一段,連用形,できる,デキ,デキ
，	記号,読点,*,*,*,*,，,，,，
その	連体詞,*,*,*,*,*,その,ソノ,ソノ
歌	名詞,一般,*,*,*,*,歌,ウタ,ウタ
は	助詞,係助詞,*,*,*,*,は,ハ,ワ
一	名詞,数,*,*,*,*,一,イチ,イチ
千	名詞,数,*,*,*,*,千,セン,セン
五	名詞,数,*,*,*,*,五,ゴ,ゴ
首	名詞,接尾,助数詞,*,*,*,首,シュ,シュ
も	助詞,係助詞,*,*,*,*,も,モ,モ
あっ	動詞,自立,*,*,五段・ラ行,連用タ接続,ある,アッ,アッ
た	助動詞,*,*,*,特殊・タ,基本形,た,タ,タ
。	記号,句点,*,*,*,*,。,。,。
また	接続詞,*,*,*,*,*,また,マタ,マタ
，	記号,読点,*,*,*,*,，,，,，
彼	名詞,代名詞,一般,*,*,*,彼,カレ,カレ
は	助詞,係助詞,*,*,*,*,は,ハ,ワ
レバノン	名詞,固有名詞,地域,国,*,*,レバノン,レバノン,レバノン
に	助詞,格助詞,一般,*,*,*,に,ニ,ニ
ある	動詞,自立,*,*,五段・ラ行,基本形,ある,アル,アル
杉	名詞,一般,*,*,*,*,杉,スギ,スギ
から	助詞,格助詞,一般,*,*,*,から,カラ,カラ
，	記号,読点,*,*,*,*,，,，,，
城壁	名詞,一般,*,*,*,*,城壁,ジョウヘキ,ジョーヘキ
に	助詞,格助詞,一般,*,*,*,に,ニ,ニ
生える	動詞,自立,*,*,一段,基本形,生える,ハエル,ハエル
ヒソプ	名詞,一般,*,*,*,*,*
に	助詞,格助詞,一般,*,*,*,に,ニ,ニ
至る	動詞,自立,*,*,五段・ラ行,基本形,至る,イタル,イタル
まで	助詞,副助詞,*,*,*,*,まで,マデ,マデ
木	名詞,一般,*,*,*,*,木,キ,キ
について	助詞,格助詞,連語,*,*,*,について,ニツイテ,ニツイテ
語る	動詞,自立,*,*,五段・ラ行,基本形,語る,カタル,カタル
の	名詞,非自立,一般,*,*,*,の,ノ,ノ
で	助動詞,*,*,*,特殊・ダ,連用形,だ,デ,デ
あっ	助動詞,*,*,*,五段・ラ行アル,連用タ接続,ある,アッ,アッ
た	助動詞,*,*,*,特殊・タ,基本形,た,タ,タ
。	記号,句点,*,*,*,*,。,。,。
さらに	副詞,助詞類接続,*,*,*,*,さらに,サラニ,サラニ
獣	名詞,一般,*,*,*,*,獣,シシ,シシ
や	助詞,並立助詞,*,*,*,*,や,ヤ,ヤ
，	記号,読点,*,*,*,*,，,，,，
飛ぶ	動詞,自立,*,*,五段・バ行,基本形,飛ぶ,トブ,トブ
生き物	名詞,一般,*,*,*,*,生き物,イキモノ,イキモノ
や	助詞,並立助詞,*,*,*,*,や,ヤ,ヤ
，	記号,読点,*,*,*,*,，,，,，
動く	動詞,自立,*,*,五段・カ行イ音便,基本形,動く,ウゴク,ウゴク
もの	名詞,非自立,一般,*,*,*,もの,モノ,モノ
や	助詞,並立助詞,*,*,*,*,や,ヤ,ヤ
，	記号,読点,*,*,*,*,，,，,，
魚	名詞,一般,*,*,*,*,魚,サカナ,サカナ
について	助詞,格助詞,連語,*,*,*,について,ニツイテ,ニツイテ
も	助詞,係助詞,*,*,*,*,も,モ,モ
語る	動詞,自立,*,*,五段・ラ行,基本形,語る,カタル,カタル
の	名詞,非自立,一般,*,*,*,の,ノ,ノ
で	助動詞,*,*,*,特殊・ダ,連用形,だ,デ,デ
あっ	助動詞,*,*,*,五段・ラ行アル,連用タ接続,ある,アッ,アッ
た	助動詞,*,*,*,特殊・タ,基本形,た,タ,タ
。	記号,句点,*,*,*,*,。,。,。
それで	接続詞,*,*,*,*,*,それで,ソレデ,ソレデ
，	記号,読点,*,*,*,*,，,，,，
ソロモン	名詞,固有名詞,地域,国,*,*,ソロモン,ソロモン,ソロモン
の	助詞,連体化,*,*,*,*,の,ノ,ノ
知恵	名詞,一般,*,*,*,*,知恵,チエ,チエ
を	助詞,格助詞,一般,*,*,*,を,ヲ,ヲ
聞く	動詞,自立,*,*,五段・カ行イ音便,基本形,聞く,キク,キク
ため	名詞,非自立,副詞可能,*,*,*,ため,タメ,タメ
，	記号,読点,*,*,*,*,，,，,，
あらゆる	連体詞,*,*,*,*,*,あらゆる,アラユル,アラユル
民	名詞,一般,*,*,*,*,民,ミン,ミン
の	助詞,連体化,*,*,*,*,の,ノ,ノ
うち	名詞,非自立,副詞可能,*,*,*,うち,ウチ,ウチ
から	助詞,格助詞,一般,*,*,*,から,カラ,カラ
，	記号,読点,*,*,*,*,，,，,，
その	連体詞,*,*,*,*,*,その,ソノ,ソノ
知恵	名詞,一般,*,*,*,*,知恵,チエ,チエ
について	助詞,格助詞,連語,*,*,*,について,ニツイテ,ニツイテ
聞い	動詞,自立,*,*,五段・カ行イ音便,連用タ接続,聞く,キイ,キイ
た	助動詞,*,*,*,特殊・タ,基本形,た,タ,タ
地	名詞,一般,*,*,*,*,地,チ,チ
の	助詞,連体化,*,*,*,*,の,ノ,ノ
すべて	名詞,副詞可能,*,*,*,*,すべて,スベテ,スベテ
の	助詞,連体化,*,*,*,*,の,ノ,ノ
王	名詞,一般,*,*,*,*,王,オウ,オー
たち	名詞,接尾,一般,*,*,*,たち,タチ,タチ
の	助詞,連体化,*,*,*,*,の,ノ,ノ
うち	名詞,非自立,副詞可能,*,*,*,うち,ウチ,ウチ
から	助詞,格助詞,一般,*,*,*,から,カラ,カラ
さえ	助詞,係助詞,*,*,*,*,さえ,サエ,サエ
，	記号,読点,*,*,*,*,，,，,，
人々	名詞,一般,*,*,*,*,人々,ヒトビト,ヒトビト
は	助詞,係助詞,*,*,*,*,は,ハ,ワ
来る	動詞,自立,*,*,カ変・来ル,基本形,来る,クル,クル
の	名詞,非自立,一般,*,*,*,の,ノ,ノ
で	助動詞,*,*,*,特殊・ダ,連用形,だ,デ,デ
あっ	助動詞,*,*,*,五段・ラ行アル,連用タ接続,ある,アッ,アッ
た	助動詞,*,*,*,特殊・タ,基本形,た,タ,タ
。	記号,句点,*,*,*,*,。,。,。
EOS
