ユダ	名詞,一般,*,*,*,*,*
の	助詞,連体化,*,*,*,*,の,ノ,ノ
王	名詞,一般,*,*,*,*,王,オウ,オー
アモン	名詞,一般,*,*,*,*,*
の	助詞,連体化,*,*,*,*,の,ノ,ノ
子	接頭詞,名詞接続,*,*,*,*,子,コ,コ
ヨシヤ	名詞,一般,*,*,*,*,*
の	助詞,連体化,*,*,*,*,の,ノ,ノ
時代	名詞,一般,*,*,*,*,時代,ジダイ,ジダイ
に	助詞,格助詞,一般,*,*,*,に,ニ,ニ
，	記号,読点,*,*,*,*,，,，,，
ヒゼキヤ	名詞,一般,*,*,*,*,*
の	助詞,連体化,*,*,*,*,の,ノ,ノ
子	接頭詞,名詞接続,*,*,*,*,子,コ,コ
アマルヤ	名詞,一般,*,*,*,*,*
の	助詞,連体化,*,*,*,*,の,ノ,ノ
子	接頭詞,名詞接続,*,*,*,*,子,コ,コ
ゲダリヤ	名詞,一般,*,*,*,*,*
の	助詞,連体化,*,*,*,*,の,ノ,ノ
子	接頭詞,名詞接続,*,*,*,*,子,コ,コ
クシ	名詞,一般,*,*,*,*,クシ,クシ,クシ
の	助詞,連体化,*,*,*,*,の,ノ,ノ
子	名詞,一般,*,*,*,*,子,コ,コ
で	助動詞,*,*,*,特殊・ダ,連用形,だ,デ,デ
ある	助動詞,*,*,*,五段・ラ行アル,基本形,ある,アル,アル
ゼパニヤ	名詞,一般,*,*,*,*,*
に	助詞,格助詞,一般,*,*,*,に,ニ,ニ
臨ん	動詞,自立,*,*,五段・マ行,連用タ接続,臨む,ノゾン,ノゾン
だ	助動詞,*,*,*,特殊・タ,基本形,だ,ダ,ダ
エホバ	名詞,一般,*,*,*,*,エホバ,エホバ,エホバ
の	助詞,連体化,*,*,*,*,の,ノ,ノ
言葉	名詞,一般,*,*,*,*,言葉,コトバ,コトバ
:「	名詞,サ変接続,*,*,*,*,*
わたし	名詞,代名詞,一般,*,*,*,わたし,ワタシ,ワタシ
は	助詞,係助詞,*,*,*,*,は,ハ,ワ
必ず	副詞,助詞類接続,*,*,*,*,必ず,カナラズ,カナラズ
いっさい	名詞,副詞可能,*,*,*,*,いっさい,イッサイ,イッサイ
の	助詞,連体化,*,*,*,*,の,ノ,ノ
もの	名詞,非自立,一般,*,*,*,もの,モノ,モノ
を	助詞,格助詞,一般,*,*,*,を,ヲ,ヲ
地	名詞,一般,*,*,*,*,地,チ,チ
の	助詞,連体化,*,*,*,*,の,ノ,ノ
表	名詞,一般,*,*,*,*,表,ヒョウ,ヒョー
から	助詞,格助詞,一般,*,*,*,から,カラ,カラ
絶やす	動詞,自立,*,*,五段・サ行,基本形,絶やす,タヤス,タヤス
」	記号,括弧閉,*,*,*,*,」,」,」
と	助詞,格助詞,引用,*,*,*,と,ト,ト
，	記号,読点,*,*,*,*,，,，,，
エホバ	名詞,一般,*,*,*,*,エホバ,エホバ,エホバ
は	助詞,係助詞,*,*,*,*,は,ハ,ワ
お告げ	名詞,一般,*,*,*,*,お告げ,オツゲ,オツゲ
に	助詞,格助詞,一般,*,*,*,に,ニ,ニ
なる	動詞,自立,*,*,五段・ラ行,基本形,なる,ナル,ナル
。	記号,句点,*,*,*,*,。,。,。
「	記号,括弧開,*,*,*,*,「,「,「
わたし	名詞,代名詞,一般,*,*,*,わたし,ワタシ,ワタシ
は	助詞,係助詞,*,*,*,*,は,ハ,ワ
地	名詞,一般,*,*,*,*,地,チ,チ
の	助詞,連体化,*,*,*,*,の,ノ,ノ
人	名詞,一般,*,*,*,*,人,ヒト,ヒト
と	助詞,並立助詞,*,*,*,*,と,ト,ト
獣	名詞,一般,*,*,*,*,獣,シシ,シシ
を	助詞,格助詞,一般,*,*,*,を,ヲ,ヲ
絶やす	動詞,自立,*,*,五段・サ行,基本形,絶やす,タヤス,タヤス
。	記号,句点,*,*,*,*,。,。,。
天	名詞,一般,*,*,*,*,天,テン,テン
の	助詞,格助詞,一般,*,*,*,の,ノ,ノ
飛ぶ	動詞,自立,*,*,五段・バ行,基本形,飛ぶ,トブ,トブ
生き物	名詞,一般,*,*,*,*,生き物,イキモノ,イキモノ
と	助詞,並立助詞,*,*,*,*,と,ト,ト
海	名詞,一般,*,*,*,*,海,ウミ,ウミ
の	助詞,連体化,*,*,*,*,の,ノ,ノ
魚	名詞,一般,*,*,*,*,魚,サカナ,サカナ
を	助詞,格助詞,一般,*,*,*,を,ヲ,ヲ
絶やし	動詞,自立,*,*,五段・サ行,連用形,絶やす,タヤシ,タヤシ
，	記号,読点,*,*,*,*,，,，,，
また	接続詞,*,*,*,*,*,また,マタ,マタ
つまずき	動詞,自立,*,*,五段・カ行イ音便,連用形,つまずく,ツマズキ,ツマズキ
と	助詞,格助詞,引用,*,*,*,と,ト,ト
なる	動詞,自立,*,*,五段・ラ行,基本形,なる,ナル,ナル
もの	名詞,非自立,一般,*,*,*,もの,モノ,モノ
を	助詞,格助詞,一般,*,*,*,を,ヲ,ヲ
邪悪	名詞,形容動詞語幹,*,*,*,*,邪悪,ジャアク,ジャアク
な	助動詞,*,*,*,特殊・ダ,体言接続,だ,ナ,ナ
者	名詞,一般,*,*,*,*,者,モノ,モノ
たち	名詞,接尾,一般,*,*,*,たち,タチ,タチ
と共に	助詞,格助詞,連語,*,*,*,と共に,トトモニ,トトモニ
[	名詞,サ変接続,*,*,*,*,*
絶やす	動詞,自立,*,*,五段・サ行,基本形,絶やす,タヤス,タヤス
]。	名詞,サ変接続,*,*,*,*,*
わたし	名詞,代名詞,一般,*,*,*,わたし,ワタシ,ワタシ
は	助詞,係助詞,*,*,*,*,は,ハ,ワ
人	名詞,一般,*,*,*,*,人,ヒト,ヒト
を	助詞,格助詞,一般,*,*,*,を,ヲ,ヲ
地	名詞,一般,*,*,*,*,地,チ,チ
の	助詞,連体化,*,*,*,*,の,ノ,ノ
表	名詞,一般,*,*,*,*,表,ヒョウ,ヒョー
から	助詞,格助詞,一般,*,*,*,から,カラ,カラ
断ち	動詞,自立,*,*,五段・タ行,連用形,断つ,タチ,タチ
滅ぼす	動詞,自立,*,*,五段・サ行,基本形,滅ぼす,ホロボス,ホロボス
」	記号,括弧閉,*,*,*,*,」,」,」
と	助詞,格助詞,引用,*,*,*,と,ト,ト
，	記号,読点,*,*,*,*,，,，,，
エホバ	名詞,一般,*,*,*,*,エホバ,エホバ,エホバ
は	助詞,係助詞,*,*,*,*,は,ハ,ワ
お告げ	名詞,一般,*,*,*,*,お告げ,オツゲ,オツゲ
に	助詞,格助詞,一般,*,*,*,に,ニ,ニ
なる	動詞,自立,*,*,五段・ラ行,基本形,なる,ナル,ナル
。	記号,句点,*,*,*,*,。,。,。
「	記号,括弧開,*,*,*,*,「,「,「
また	接続詞,*,*,*,*,*,また,マタ,マタ
わたし	名詞,代名詞,一般,*,*,*,わたし,ワタシ,ワタシ
は	助詞,係助詞,*,*,*,*,は,ハ,ワ
，	記号,読点,*,*,*,*,，,，,，
ユダ	名詞,一般,*,*,*,*,*
に対し	助詞,格助詞,連語,*,*,*,に対し,ニタイシ,ニタイシ
，	記号,読点,*,*,*,*,，,，,，
エルサレム	名詞,固有名詞,地域,一般,*,*,エルサレム,エルサレム,エルサレム
の	助詞,連体化,*,*,*,*,の,ノ,ノ
すべて	名詞,副詞可能,*,*,*,*,すべて,スベテ,スベテ
の	助詞,連体化,*,*,*,*,の,ノ,ノ
住民	名詞,一般,*,*,*,*,住民,ジュウミン,ジューミン
に対して	助詞,格助詞,連語,*,*,*,に対して,ニタイシテ,ニタイシテ
わたし	名詞,代名詞,一般,*,*,*,わたし,ワタシ,ワタシ
の	助詞,連体化,*,*,*,*,の,ノ,ノ
手	名詞,一般,*,*,*,*,手,テ,テ
を	助詞,格助詞,一般,*,*,*,を,ヲ,ヲ
伸ばす	動詞,自立,*,*,五段・サ行,基本形,伸ばす,ノバス,ノバス
。	記号,句点,*,*,*,*,。,。,。
そして	接続詞,*,*,*,*,*,そして,ソシテ,ソシテ
，	記号,読点,*,*,*,*,，,，,，
バアル	名詞,一般,*,*,*,*,*
の	助詞,格助詞,一般,*,*,*,の,ノ,ノ
残っ	動詞,自立,*,*,五段・ラ行,連用タ接続,残る,ノコッ,ノコッ
て	助詞,接続助詞,*,*,*,*,て,テ,テ
いる	動詞,非自立,*,*,一段,基本形,いる,イル,イル
者	名詞,非自立,一般,*,*,*,者,モノ,モノ
たち	動詞,自立,*,*,五段・タ行,連用形,たつ,タチ,タチ
，	記号,読点,*,*,*,*,，,，,，
すなわち	接続詞,*,*,*,*,*,すなわち,スナワチ,スナワチ
異国	名詞,一般,*,*,*,*,異国,イコク,イコク
の	助詞,連体化,*,*,*,*,の,ノ,ノ
神	名詞,一般,*,*,*,*,神,カミ,カミ
の	助詞,連体化,*,*,*,*,の,ノ,ノ
祭司	名詞,一般,*,*,*,*,祭司,サイシ,サイシ
たち	名詞,接尾,一般,*,*,*,たち,タチ,タチ
の	助詞,連体化,*,*,*,*,の,ノ,ノ
名	名詞,一般,*,*,*,*,名,ナ,ナ
を	助詞,格助詞,一般,*,*,*,を,ヲ,ヲ
その	連体詞,*,*,*,*,*,その,ソノ,ソノ
祭司	名詞,一般,*,*,*,*,祭司,サイシ,サイシ
たち	名詞,接尾,一般,*,*,*,たち,タチ,タチ
と共に	助詞,格助詞,連語,*,*,*,と共に,トトモニ,トトモニ
この	連体詞,*,*,*,*,*,この,コノ,コノ
場所	名詞,一般,*,*,*,*,場所,バショ,バショ
から	助詞,格助詞,一般,*,*,*,から,カラ,カラ
断ち	動詞,自立,*,*,五段・タ行,連用形,断つ,タチ,タチ
滅ぼす	動詞,自立,*,*,五段・サ行,基本形,滅ぼす,ホロボス,ホロボス
。	記号,句点,*,*,*,*,。,。,。
また	接続詞,*,*,*,*,*,また,マタ,マタ
，	記号,読点,*,*,*,*,，,，,，
屋上	名詞,一般,*,*,*,*,屋上,オクジョウ,オクジョー
で	助詞,格助詞,一般,*,*,*,で,デ,デ
天	名詞,一般,*,*,*,*,天,テン,テン
の	助詞,連体化,*,*,*,*,の,ノ,ノ
衆	名詞,一般,*,*,*,*,衆,シュウ,シュー
群	名詞,接尾,一般,*,*,*,群,グン,グン
に	助詞,格助詞,一般,*,*,*,に,ニ,ニ
身	名詞,一般,*,*,*,*,身,ミ,ミ
を	助詞,格助詞,一般,*,*,*,を,ヲ,ヲ
かがめ	動詞,自立,*,*,一段,連用形,かがめる,カガメ,カガメ
て	助詞,接続助詞,*,*,*,*,て,テ,テ
いる	動詞,非自立,*,*,一段,基本形,いる,イル,イル
者	名詞,非自立,一般,*,*,*,者,モノ,モノ
たち	動詞,自立,*,*,五段・タ行,連用形,たつ,タチ,タチ
，	記号,読点,*,*,*,*,，,，,，
身	名詞,一般,*,*,*,*,身,ミ,ミ
を	助詞,格助詞,一般,*,*,*,を,ヲ,ヲ
かがめ	動詞,自立,*,*,一段,連用形,かがめる,カガメ,カガメ
て	助詞,接続助詞,*,*,*,*,て,テ,テ
エホバ	名詞,一般,*,*,*,*,エホバ,エホバ,エホバ
に	助詞,格助詞,一般,*,*,*,に,ニ,ニ
誓い	動詞,自立,*,*,五段・ワ行促音便,連用形,誓う,チカイ,チカイ
を	助詞,格助詞,一般,*,*,*,を,ヲ,ヲ
立て	動詞,自立,*,*,一段,連用形,立てる,タテ,タテ
，	記号,読点,*,*,*,*,，,，,，
かつ	接続詞,*,*,*,*,*,かつ,カツ,カツ
また	接続詞,*,*,*,*,*,また,マタ,マタ
マル	名詞,一般,*,*,*,*,マル,マル,マル
カム	名詞,一般,*,*,*,*,カム,カム,カム
にかけて	助詞,格助詞,連語,*,*,*,にかけて,ニカケテ,ニカケテ
誓い	動詞,自立,*,*,五段・ワ行促音便,連用形,誓う,チカイ,チカイ
を	助詞,格助詞,一般,*,*,*,を,ヲ,ヲ
立て	動詞,自立,*,*,一段,連用形,立てる,タテ,タテ
て	助詞,接続助詞,*,*,*,*,て,テ,テ
いる	動詞,非自立,*,*,一段,基本形,いる,イル,イル
者	名詞,一般,*,*,*,*,者,モノ,モノ
たち	名詞,接尾,一般,*,*,*,たち,タチ,タチ
を	助詞,格助詞,一般,*,*,*,を,ヲ,ヲ
，	記号,読点,*,*,*,*,，,，,，
さらに	副詞,助詞類接続,*,*,*,*,さらに,サラニ,サラニ
，	記号,読点,*,*,*,*,，,，,，
エホバ	名詞,一般,*,*,*,*,エホバ,エホバ,エホバ
に	助詞,格助詞,一般,*,*,*,に,ニ,ニ
従う	動詞,自立,*,*,五段・ワ行促音便,基本形,従う,シタガウ,シタガウ
こと	名詞,非自立,一般,*,*,*,こと,コト,コト
を	助詞,格助詞,一般,*,*,*,を,ヲ,ヲ
やめ	動詞,自立,*,*,一段,連用形,やめる,ヤメ,ヤメ
て	助詞,接続助詞,*,*,*,*,て,テ,テ
エホバ	名詞,一般,*,*,*,*,エホバ,エホバ,エホバ
を	助詞,格助詞,一般,*,*,*,を,ヲ,ヲ
求め	動詞,自立,*,*,一段,未然形,求める,モトメ,モトメ
ず	助動詞,*,*,*,特殊・ヌ,連用ニ接続,ぬ,ズ,ズ
，	記号,読点,*,*,*,*,，,，,，
これ	名詞,代名詞,一般,*,*,*,これ,コレ,コレ
に	助詞,格助詞,一般,*,*,*,に,ニ,ニ
問い	動詞,自立,*,*,五段・ワ行促音便,連用形,問う,トイ,トイ
尋ねる	動詞,自立,*,*,一段,基本形,尋ねる,タズネル,タズネル
こと	名詞,非自立,一般,*,*,*,こと,コト,コト
を	助詞,格助詞,一般,*,*,*,を,ヲ,ヲ
し	動詞,自立,*,*,サ変・スル,未然形,する,シ,シ
なかっ	助動詞,*,*,*,特殊・ナイ,連用タ接続,ない,ナカッ,ナカッ
た	助動詞,*,*,*,特殊・タ,基本形,た,タ,タ
者	名詞,一般,*,*,*,*,者,モノ,モノ
たち	名詞,接尾,一般,*,*,*,たち,タチ,タチ
を	助詞,格助詞,一般,*,*,*,を,ヲ,ヲ
[	名詞,サ変接続,*,*,*,*,*
断ち	動詞,自立,*,*,五段・タ行,連用形,断つ,タチ,タチ
滅ぼす	動詞,自立,*,*,五段・サ行,基本形,滅ぼす,ホロボス,ホロボス
]」。	名詞,サ変接続,*,*,*,*,*
主権	名詞,一般,*,*,*,*,主権,シュケン,シュケン
者	名詞,接尾,一般,*,*,*,者,シャ,シャ
なる	助動詞,*,*,*,文語・ナリ,体言接続,なり,ナル,ナル
主	接頭詞,名詞接続,*,*,*,*,主,シュ,シュ
エホバ	名詞,一般,*,*,*,*,エホバ,エホバ,エホバ
のみ	助詞,副助詞,*,*,*,*,のみ,ノミ,ノミ
前	名詞,副詞可能,*,*,*,*,前,マエ,マエ
で	助詞,格助詞,一般,*,*,*,で,デ,デ
沈黙	名詞,サ変接続,*,*,*,*,沈黙,チンモク,チンモク
せよ	動詞,自立,*,*,サ変・スル,命令ｙｏ,する,セヨ,セヨ
。	記号,句点,*,*,*,*,。,。,。
エホバ	名詞,一般,*,*,*,*,エホバ,エホバ,エホバ
の	助詞,連体化,*,*,*,*,の,ノ,ノ
日	名詞,非自立,副詞可能,*,*,*,日,ヒ,ヒ
は	助詞,係助詞,*,*,*,*,は,ハ,ワ
近く	名詞,副詞可能,*,*,*,*,近く,チカク,チカク
，	記号,読点,*,*,*,*,，,，,，
エホバ	名詞,一般,*,*,*,*,エホバ,エホバ,エホバ
は	助詞,係助詞,*,*,*,*,は,ハ,ワ
犠牲	名詞,一般,*,*,*,*,犠牲,ギセイ,ギセイ
を	助詞,格助詞,一般,*,*,*,を,ヲ,ヲ
調え	動詞,自立,*,*,一段,未然形,調える,トトノエ,トトノエ
られ	動詞,接尾,*,*,一段,連用形,られる,ラレ,ラレ
た	助動詞,*,*,*,特殊・タ,基本形,た,タ,タ
から	助詞,接続助詞,*,*,*,*,から,カラ,カラ
で	助動詞,*,*,*,特殊・ダ,連用形,だ,デ,デ
ある	助動詞,*,*,*,五段・ラ行アル,基本形,ある,アル,アル
。	記号,句点,*,*,*,*,。,。,。
[	名詞,サ変接続,*,*,*,*,*
神	名詞,接尾,一般,*,*,*,神,シン,シン
]	名詞,サ変接続,*,*,*,*,*
は	助詞,係助詞,*,*,*,*,は,ハ,ワ
，	記号,読点,*,*,*,*,，,，,，
ご	接頭詞,名詞接続,*,*,*,*,ご,ゴ,ゴ
自分	名詞,一般,*,*,*,*,自分,ジブン,ジブン
が	助詞,格助詞,一般,*,*,*,が,ガ,ガ
招い	動詞,自立,*,*,五段・カ行イ音便,連用タ接続,招く,マネイ,マネイ
た	助動詞,*,*,*,特殊・タ,基本形,た,タ,タ
者	名詞,一般,*,*,*,*,者,モノ,モノ
たち	名詞,接尾,一般,*,*,*,たち,タチ,タチ
を	助詞,格助詞,一般,*,*,*,を,ヲ,ヲ
神聖	名詞,形容動詞語幹,*,*,*,*,神聖,シンセイ,シンセイ
に	助詞,格助詞,一般,*,*,*,に,ニ,ニ
さ	動詞,自立,*,*,サ変・スル,未然レル接続,する,サ,サ
れ	動詞,接尾,*,*,一段,連用形,れる,レ,レ
た	助動詞,*,*,*,特殊・タ,基本形,た,タ,タ
。	記号,句点,*,*,*,*,。,。,。
「	記号,括弧開,*,*,*,*,「,「,「
そして	接続詞,*,*,*,*,*,そして,ソシテ,ソシテ
，	記号,読点,*,*,*,*,，,，,，
エホバ	名詞,一般,*,*,*,*,エホバ,エホバ,エホバ
の	助詞,連体化,*,*,*,*,の,ノ,ノ
犠牲	名詞,一般,*,*,*,*,犠牲,ギセイ,ギセイ
の	助詞,連体化,*,*,*,*,の,ノ,ノ
日	名詞,非自立,副詞可能,*,*,*,日,ヒ,ヒ
に	助詞,格助詞,一般,*,*,*,に,ニ,ニ
，	記号,読点,*,*,*,*,，,，,，
わたし	名詞,代名詞,一般,*,*,*,わたし,ワタシ,ワタシ
は	助詞,係助詞,*,*,*,*,は,ハ,ワ
，	記号,読点,*,*,*,*,，,，,，
君たち	名詞,代名詞,一般,*,*,*,君たち,キミタチ,キミタチ
，	記号,読点,*,*,*,*,，,，,，
王	名詞,一般,*,*,*,*,王,オウ,オー
の	助詞,連体化,*,*,*,*,の,ノ,ノ
子	名詞,一般,*,*,*,*,子,コ,コ
たち	名詞,接尾,一般,*,*,*,たち,タチ,タチ
，	記号,読点,*,*,*,*,，,，,，
また	接続詞,*,*,*,*,*,また,マタ,マタ
すべて	名詞,副詞可能,*,*,*,*,すべて,スベテ,スベテ
異国	名詞,一般,*,*,*,*,異国,イコク,イコク
の	助詞,連体化,*,*,*,*,の,ノ,ノ
装い	名詞,一般,*,*,*,*,装い,ヨソオイ,ヨソオイ
を	助詞,格助詞,一般,*,*,*,を,ヲ,ヲ
身	名詞,一般,*,*,*,*,身,ミ,ミ
に	助詞,格助詞,一般,*,*,*,に,ニ,ニ
着け	動詞,自立,*,*,一段,連用形,着ける,ツケ,ツケ
て	助詞,接続助詞,*,*,*,*,て,テ,テ
いる	動詞,非自立,*,*,一段,基本形,いる,イル,イル
者	名詞,非自立,一般,*,*,*,者,モノ,モノ
に	助詞,格助詞,一般,*,*,*,に,ニ,ニ
注意	名詞,サ変接続,*,*,*,*,注意,チュウイ,チューイ
を	助詞,格助詞,一般,*,*,*,を,ヲ,ヲ
向ける	動詞,自立,*,*,一段,基本形,向ける,ムケル,ムケル
こと	名詞,非自立,一般,*,*,*,こと,コト,コト
に	助詞,格助詞,一般,*,*,*,に,ニ,ニ
なる	動詞,自立,*,*,五段・ラ行,基本形,なる,ナル,ナル
。	記号,句点,*,*,*,*,。,。,。
また	接続詞,*,*,*,*,*,また,マタ,マタ
，	記号,読点,*,*,*,*,，,，,，
すべて	名詞,副詞可能,*,*,*,*,すべて,スベテ,スベテ
その	連体詞,*,*,*,*,*,その,ソノ,ソノ
日	名詞,非自立,副詞可能,*,*,*,日,ヒ,ヒ
に	助詞,格助詞,一般,*,*,*,に,ニ,ニ
壇	名詞,一般,*,*,*,*,壇,ダン,ダン
に	助詞,格助詞,一般,*,*,*,に,ニ,ニ
登っ	動詞,自立,*,*,五段・ラ行,連用タ接続,登る,ノボッ,ノボッ
て	助詞,接続助詞,*,*,*,*,て,テ,テ
来る	動詞,非自立,*,*,カ変・来ル,基本形,来る,クル,クル
者	名詞,非自立,一般,*,*,*,者,モノ,モノ
，	記号,読点,*,*,*,*,，,，,，
自分	名詞,一般,*,*,*,*,自分,ジブン,ジブン
の	助詞,連体化,*,*,*,*,の,ノ,ノ
主人	名詞,一般,*,*,*,*,主人,シュジン,シュジン
の	助詞,連体化,*,*,*,*,の,ノ,ノ
家	名詞,一般,*,*,*,*,家,イエ,イエ
を	助詞,格助詞,一般,*,*,*,を,ヲ,ヲ
暴虐	名詞,形容動詞語幹,*,*,*,*,暴虐,ボウギャク,ボーギャク
と	助詞,格助詞,引用,*,*,*,と,ト,ト
欺き	動詞,自立,*,*,五段・カ行イ音便,連用形,欺く,アザムキ,アザムキ
で	助詞,格助詞,一般,*,*,*,で,デ,デ
満たす	動詞,自立,*,*,五段・サ行,基本形,満たす,ミタス,ミタス
者	名詞,一般,*,*,*,*,者,モノ,モノ
たち	名詞,接尾,一般,*,*,*,たち,タチ,タチ
に	助詞,格助詞,一般,*,*,*,に,ニ,ニ
注意	名詞,サ変接続,*,*,*,*,注意,チュウイ,チューイ
を	助詞,格助詞,一般,*,*,*,を,ヲ,ヲ
向ける	動詞,自立,*,*,一段,基本形,向ける,ムケル,ムケル
。	記号,句点,*,*,*,*,。,。,。
また	接続詞,*,*,*,*,*,また,マタ,マタ
，	記号,読点,*,*,*,*,，,，,，
その	連体詞,*,*,*,*,*,その,ソノ,ソノ
日	名詞,非自立,副詞可能,*,*,*,日,ヒ,ヒ
に	助詞,格助詞,一般,*,*,*,に,ニ,ニ
は	助詞,係助詞,*,*,*,*,は,ハ,ワ
これ	名詞,代名詞,一般,*,*,*,これ,コレ,コレ
が	助詞,格助詞,一般,*,*,*,が,ガ,ガ
ある	動詞,自立,*,*,五段・ラ行,基本形,ある,アル,アル
」	記号,括弧閉,*,*,*,*,」,」,」
と	助詞,格助詞,引用,*,*,*,と,ト,ト
，	記号,読点,*,*,*,*,，,，,，
エホバ	名詞,一般,*,*,*,*,エホバ,エホバ,エホバ
は	助詞,係助詞,*,*,*,*,は,ハ,ワ
お告げ	名詞,一般,*,*,*,*,お告げ,オツゲ,オツゲ
に	助詞,格助詞,一般,*,*,*,に,ニ,ニ
なる	動詞,自立,*,*,五段・ラ行,基本形,なる,ナル,ナル
。	記号,句点,*,*,*,*,。,。,。
「	記号,括弧開,*,*,*,*,「,「,「
すなわち	接続詞,*,*,*,*,*,すなわち,スナワチ,スナワチ
，	記号,読点,*,*,*,*,，,，,，
“	記号,括弧開,*,*,*,*,“,“,“
魚	名詞,一般,*,*,*,*,魚,サカナ,サカナ
の	助詞,連体化,*,*,*,*,の,ノ,ノ
門	名詞,一般,*,*,*,*,門,モン,モン
”	記号,括弧閉,*,*,*,*,”,”,”
から	助詞,格助詞,一般,*,*,*,から,カラ,カラ
は	助詞,係助詞,*,*,*,*,は,ハ,ワ
叫び声	名詞,一般,*,*,*,*,叫び声,サケビゴエ,サケビゴエ
，	記号,読点,*,*,*,*,，,，,，
第	接頭詞,数接続,*,*,*,*,第,ダイ,ダイ
二	名詞,数,*,*,*,*,二,ニ,ニ
地区	名詞,一般,*,*,*,*,地区,チク,チク
から	助詞,格助詞,一般,*,*,*,から,カラ,カラ
は	助詞,係助詞,*,*,*,*,は,ハ,ワ
泣きわめく	動詞,自立,*,*,五段・カ行イ音便,基本形,泣きわめく,ナキワメク,ナキワメク
声	名詞,一般,*,*,*,*,声,コエ,コエ
，	記号,読点,*,*,*,*,，,，,，
丘	名詞,一般,*,*,*,*,丘,オカ,オカ
から	助詞,格助詞,一般,*,*,*,から,カラ,カラ
は	助詞,係助詞,*,*,*,*,は,ハ,ワ
物	名詞,一般,*,*,*,*,物,モノ,モノ
の	助詞,連体化,*,*,*,*,の,ノ,ノ
ぶつかり	動詞,自立,*,*,五段・ラ行,連用形,ぶつかる,ブツカリ,ブツカリ
合う	動詞,非自立,*,*,五段・ワ行促音便,基本形,合う,アウ,アウ
音	名詞,一般,*,*,*,*,音,オト,オト
で	助動詞,*,*,*,特殊・ダ,連用形,だ,デ,デ
ある	助動詞,*,*,*,五段・ラ行アル,基本形,ある,アル,アル
。	記号,句点,*,*,*,*,。,。,。
泣きわめけ	動詞,自立,*,*,五段・カ行イ音便,命令ｅ,泣きわめく,ナキワメケ,ナキワメケ
，	記号,読点,*,*,*,*,，,，,，
マクテシュ	名詞,一般,*,*,*,*,*
に	助詞,格助詞,一般,*,*,*,に,ニ,ニ
住む	動詞,自立,*,*,五段・マ行,基本形,住む,スム,スム
者	名詞,一般,*,*,*,*,者,モノ,モノ
たち	名詞,接尾,一般,*,*,*,たち,タチ,タチ
よ	助詞,終助詞,*,*,*,*,よ,ヨ,ヨ
。	記号,句点,*,*,*,*,。,。,。
商い	名詞,サ変接続,*,*,*,*,商い,アキナイ,アキナイ
人	名詞,接尾,一般,*,*,*,人,ジン,ジン
で	助動詞,*,*,*,特殊・ダ,連用形,だ,デ,デ
ある	助動詞,*,*,*,五段・ラ行アル,基本形,ある,アル,アル
その	連体詞,*,*,*,*,*,その,ソノ,ソノ
すべて	名詞,副詞可能,*,*,*,*,すべて,スベテ,スベテ
の	助詞,連体化,*,*,*,*,の,ノ,ノ
民	名詞,一般,*,*,*,*,民,ミン,ミン
は	助詞,係助詞,*,*,*,*,は,ハ,ワ
沈黙	名詞,サ変接続,*,*,*,*,沈黙,チンモク,チンモク
さ	動詞,自立,*,*,サ変・スル,未然レル接続,する,サ,サ
せ	動詞,接尾,*,*,一段,未然形,せる,セ,セ
られ	動詞,接尾,*,*,一段,連用形,られる,ラレ,ラレ
た	助動詞,*,*,*,特殊・タ,基本形,た,タ,タ
から	助詞,接続助詞,*,*,*,*,から,カラ,カラ
で	助動詞,*,*,*,特殊・ダ,連用形,だ,デ,デ
ある	助動詞,*,*,*,五段・ラ行アル,基本形,ある,アル,アル
。	記号,句点,*,*,*,*,。,。,。
銀	名詞,一般,*,*,*,*,銀,ギン,ギン
を	助詞,格助詞,一般,*,*,*,を,ヲ,ヲ
量り	動詞,自立,*,*,五段・ラ行,連用形,量る,ハカリ,ハカリ
出す	動詞,非自立,*,*,五段・サ行,基本形,出す,ダス,ダス
者	名詞,非自立,一般,*,*,*,者,モノ,モノ
は	助詞,係助詞,*,*,*,*,は,ハ,ワ
みな	名詞,代名詞,一般,*,*,*,みな,ミナ,ミナ
断ち	動詞,自立,*,*,五段・タ行,連用形,断つ,タチ,タチ
滅ぼさ	動詞,自立,*,*,五段・サ行,未然形,滅ぼす,ホロボサ,ホロボサ
れ	動詞,接尾,*,*,一段,連用形,れる,レ,レ
た	助動詞,*,*,*,特殊・タ,基本形,た,タ,タ
。	記号,句点,*,*,*,*,。,。,。
「	記号,括弧開,*,*,*,*,「,「,「
また	接続詞,*,*,*,*,*,また,マタ,マタ
その	連体詞,*,*,*,*,*,その,ソノ,ソノ
時	名詞,非自立,副詞可能,*,*,*,時,トキ,トキ
，	記号,読点,*,*,*,*,，,，,，
わたし	名詞,代名詞,一般,*,*,*,わたし,ワタシ,ワタシ
は	助詞,係助詞,*,*,*,*,は,ハ,ワ
ともし	動詞,自立,*,*,五段・サ行,連用形,ともす,トモシ,トモシ
び	名詞,一般,*,*,*,*,*
を	助詞,格助詞,一般,*,*,*,を,ヲ,ヲ
携え	動詞,自立,*,*,一段,連用形,携える,タズサエ,タズサエ
て	助詞,接続助詞,*,*,*,*,て,テ,テ
エルサレム	名詞,固有名詞,地域,一般,*,*,エルサレム,エルサレム,エルサレム
を	助詞,格助詞,一般,*,*,*,を,ヲ,ヲ
くま	名詞,一般,*,*,*,*,くま,クマ,クマ
なく	形容詞,自立,*,*,形容詞・アウオ段,連用テ接続,ない,ナク,ナク
捜す	動詞,自立,*,*,五段・サ行,基本形,捜す,サガス,サガス
こと	名詞,非自立,一般,*,*,*,こと,コト,コト
に	助詞,格助詞,一般,*,*,*,に,ニ,ニ
なる	動詞,自立,*,*,五段・ラ行,基本形,なる,ナル,ナル
。	記号,句点,*,*,*,*,。,。,。
そして	接続詞,*,*,*,*,*,そして,ソシテ,ソシテ
，	記号,読点,*,*,*,*,，,，,，
自分	名詞,一般,*,*,*,*,自分,ジブン,ジブン
の	助詞,連体化,*,*,*,*,の,ノ,ノ
滓	名詞,一般,*,*,*,*,滓,カス,カス
の	助詞,連体化,*,*,*,*,の,ノ,ノ
上	名詞,非自立,副詞可能,*,*,*,上,ウエ,ウエ
で	助詞,格助詞,一般,*,*,*,で,デ,デ
固まっ	動詞,自立,*,*,五段・ラ行,連用タ接続,固まる,カタマッ,カタマッ
て	助詞,接続助詞,*,*,*,*,て,テ,テ
いる	動詞,非自立,*,*,一段,基本形,いる,イル,イル
者	名詞,非自立,一般,*,*,*,者,モノ,モノ
たち	動詞,自立,*,*,五段・タ行,連用形,たつ,タチ,タチ
，	記号,読点,*,*,*,*,，,，,，
その	連体詞,*,*,*,*,*,その,ソノ,ソノ
心	名詞,一般,*,*,*,*,心,ココロ,ココロ
の	助詞,連体化,*,*,*,*,の,ノ,ノ
うち	名詞,非自立,副詞可能,*,*,*,うち,ウチ,ウチ
で	助詞,格助詞,一般,*,*,*,で,デ,デ
，	記号,読点,*,*,*,*,，,，,，
『	記号,括弧開,*,*,*,*,『,『,『
エホバ	名詞,一般,*,*,*,*,エホバ,エホバ,エホバ
は	助詞,係助詞,*,*,*,*,は,ハ,ワ
善い	形容詞,自立,*,*,形容詞・アウオ段,基本形,善い,ヨイ,ヨイ
こと	名詞,非自立,一般,*,*,*,こと,コト,コト
を	助詞,格助詞,一般,*,*,*,を,ヲ,ヲ
し	動詞,自立,*,*,サ変・スル,連用形,する,シ,シ
て	助詞,接続助詞,*,*,*,*,て,テ,テ
くれ	動詞,非自立,*,*,一段・クレル,未然形,くれる,クレ,クレ
ない	助動詞,*,*,*,特殊・ナイ,基本形,ない,ナイ,ナイ
が	助詞,接続助詞,*,*,*,*,が,ガ,ガ
，	記号,読点,*,*,*,*,，,，,，
悪い	形容詞,自立,*,*,形容詞・アウオ段,基本形,悪い,ワルイ,ワルイ
こと	名詞,非自立,一般,*,*,*,こと,コト,コト
を	助詞,格助詞,一般,*,*,*,を,ヲ,ヲ
もたらす	動詞,自立,*,*,五段・サ行,基本形,もたらす,モタラス,モタラス
わけ	名詞,非自立,一般,*,*,*,わけ,ワケ,ワケ
で	助動詞,*,*,*,特殊・ダ,連用形,だ,デ,デ
も	助詞,係助詞,*,*,*,*,も,モ,モ
ない	形容詞,自立,*,*,形容詞・アウオ段,基本形,ない,ナイ,ナイ
』	記号,括弧閉,*,*,*,*,』,』,』
と	助詞,格助詞,引用,*,*,*,と,ト,ト
言っ	動詞,自立,*,*,五段・ワ行促音便,連用タ接続,言う,イッ,イッ
て	助詞,接続助詞,*,*,*,*,て,テ,テ
いる	動詞,非自立,*,*,一段,基本形,いる,イル,イル
者	名詞,一般,*,*,*,*,者,モノ,モノ
たち	名詞,接尾,一般,*,*,*,たち,タチ,タチ
に	助詞,格助詞,一般,*,*,*,に,ニ,ニ
注意	名詞,サ変接続,*,*,*,*,注意,チュウイ,チューイ
を	助詞,格助詞,一般,*,*,*,を,ヲ,ヲ
向ける	動詞,自立,*,*,一段,基本形,向ける,ムケル,ムケル
。	記号,句点,*,*,*,*,。,。,。
そして	接続詞,*,*,*,*,*,そして,ソシテ,ソシテ
，	記号,読点,*,*,*,*,，,，,，
その	連体詞,*,*,*,*,*,その,ソノ,ソノ
者	名詞,一般,*,*,*,*,者,モノ,モノ
たち	名詞,接尾,一般,*,*,*,たち,タチ,タチ
の	助詞,連体化,*,*,*,*,の,ノ,ノ
富	名詞,一般,*,*,*,*,富,トミ,トミ
は	助詞,係助詞,*,*,*,*,は,ハ,ワ
必ず	副詞,助詞類接続,*,*,*,*,必ず,カナラズ,カナラズ
略奪	名詞,サ変接続,*,*,*,*,略奪,リャクダツ,リャクダツ
さ	動詞,自立,*,*,サ変・スル,未然レル接続,する,サ,サ
れ	動詞,接尾,*,*,一段,連用形,れる,レ,レ
，	記号,読点,*,*,*,*,，,，,，
その	連体詞,*,*,*,*,*,その,ソノ,ソノ
家々	名詞,一般,*,*,*,*,家々,イエイエ,イエイエ
は	助詞,係助詞,*,*,*,*,は,ハ,ワ
荒れ果てる	動詞,自立,*,*,一段,基本形,荒れ果てる,アレハテル,アレハテル
こと	名詞,非自立,一般,*,*,*,こと,コト,コト
に	助詞,格助詞,一般,*,*,*,に,ニ,ニ
なる	動詞,自立,*,*,五段・ラ行,基本形,なる,ナル,ナル
。	記号,句点,*,*,*,*,。,。,。
そして	接続詞,*,*,*,*,*,そして,ソシテ,ソシテ
，	記号,読点,*,*,*,*,，,，,，
彼ら	名詞,代名詞,一般,*,*,*,彼ら,カレラ,カレラ
は	助詞,係助詞,*,*,*,*,は,ハ,ワ
家	名詞,一般,*,*,*,*,家,イエ,イエ
を	助詞,格助詞,一般,*,*,*,を,ヲ,ヲ
建て	動詞,自立,*,*,一段,連用形,建てる,タテ,タテ
て	助詞,接続助詞,*,*,*,*,て,テ,テ
も	助詞,係助詞,*,*,*,*,も,モ,モ
そこ	名詞,代名詞,一般,*,*,*,そこ,ソコ,ソコ
に	助詞,格助詞,一般,*,*,*,に,ニ,ニ
住む	動詞,自立,*,*,五段・マ行,基本形,住む,スム,スム
こと	名詞,非自立,一般,*,*,*,こと,コト,コト
は	助詞,係助詞,*,*,*,*,は,ハ,ワ
なく	助動詞,*,*,*,特殊・ナイ,連用テ接続,ない,ナク,ナク
，	記号,読点,*,*,*,*,，,，,，
ぶどう	名詞,一般,*,*,*,*,ぶどう,ブドウ,ブドー
園	名詞,接尾,一般,*,*,*,園,エン,エン
を	助詞,格助詞,一般,*,*,*,を,ヲ,ヲ
設け	動詞,自立,*,*,一段,連用形,設ける,モウケ,モーケ
て	助詞,接続助詞,*,*,*,*,て,テ,テ
も	助詞,係助詞,*,*,*,*,も,モ,モ
その	連体詞,*,*,*,*,*,その,ソノ,ソノ
ぶどう酒	名詞,一般,*,*,*,*,ぶどう酒,ブドウシュ,ブドーシュ
を	助詞,格助詞,一般,*,*,*,を,ヲ,ヲ
飲む	動詞,自立,*,*,五段・マ行,基本形,飲む,ノム,ノム
こと	名詞,非自立,一般,*,*,*,こと,コト,コト
は	助詞,係助詞,*,*,*,*,は,ハ,ワ
ない	助動詞,*,*,*,特殊・ナイ,基本形,ない,ナイ,ナイ
。	記号,句点,*,*,*,*,。,。,。
「	記号,括弧開,*,*,*,*,「,「,「
エホバ	名詞,一般,*,*,*,*,エホバ,エホバ,エホバ
の	助詞,連体化,*,*,*,*,の,ノ,ノ
大いなる	連体詞,*,*,*,*,*,大いなる,オオイナル,オーイナル
日	名詞,非自立,副詞可能,*,*,*,日,ヒ,ヒ
は	助詞,係助詞,*,*,*,*,は,ハ,ワ
近い	形容詞,自立,*,*,形容詞・アウオ段,基本形,近い,チカイ,チカイ
。	記号,句点,*,*,*,*,。,。,。
それ	名詞,代名詞,一般,*,*,*,それ,ソレ,ソレ
は	助詞,係助詞,*,*,*,*,は,ハ,ワ
近い	形容詞,自立,*,*,形容詞・アウオ段,基本形,近い,チカイ,チカイ
。	記号,句点,*,*,*,*,。,。,。
しかも	接続詞,*,*,*,*,*,しかも,シカモ,シカモ
非常	名詞,形容動詞語幹,*,*,*,*,非常,ヒジョウ,ヒジョー
に	助詞,副詞化,*,*,*,*,に,ニ,ニ
急い	動詞,自立,*,*,五段・ガ行,連用タ接続,急ぐ,イソイ,イソイ
で	助詞,接続助詞,*,*,*,*,で,デ,デ
やっ	動詞,非自立,*,*,五段・ラ行,連用タ接続,やる,ヤッ,ヤッ
て	助詞,接続助詞,*,*,*,*,て,テ,テ
来る	動詞,非自立,*,*,カ変・来ル,基本形,来る,クル,クル
。	記号,句点,*,*,*,*,。,。,。
エホバ	名詞,一般,*,*,*,*,エホバ,エホバ,エホバ
の	助詞,連体化,*,*,*,*,の,ノ,ノ
日	名詞,非自立,副詞可能,*,*,*,日,ヒ,ヒ
の	助詞,連体化,*,*,*,*,の,ノ,ノ
響き	名詞,一般,*,*,*,*,響き,ヒビキ,ヒビキ
は	助詞,係助詞,*,*,*,*,は,ハ,ワ
悲痛	名詞,形容動詞語幹,*,*,*,*,悲痛,ヒツウ,ヒツー
で	助動詞,*,*,*,特殊・ダ,連用形,だ,デ,デ
ある	助動詞,*,*,*,五段・ラ行アル,基本形,ある,アル,アル
。	記号,句点,*,*,*,*,。,。,。
そこ	名詞,代名詞,一般,*,*,*,そこ,ソコ,ソコ
で	助詞,格助詞,一般,*,*,*,で,デ,デ
は	助詞,係助詞,*,*,*,*,は,ハ,ワ
，	記号,読点,*,*,*,*,，,，,，
力	名詞,一般,*,*,*,*,力,チカラ,チカラ
ある	動詞,自立,*,*,五段・ラ行,基本形,ある,アル,アル
者	名詞,非自立,一般,*,*,*,者,モノ,モノ
も	助詞,係助詞,*,*,*,*,も,モ,モ
叫び声	名詞,一般,*,*,*,*,叫び声,サケビゴエ,サケビゴエ
を	助詞,格助詞,一般,*,*,*,を,ヲ,ヲ
上げる	動詞,自立,*,*,一段,基本形,上げる,アゲル,アゲル
。	記号,句点,*,*,*,*,。,。,。
その	連体詞,*,*,*,*,*,その,ソノ,ソノ
日	名詞,非自立,副詞可能,*,*,*,日,ヒ,ヒ
は	助詞,係助詞,*,*,*,*,は,ハ,ワ
憤怒	名詞,サ変接続,*,*,*,*,憤怒,フンド,フンド
の	助詞,連体化,*,*,*,*,の,ノ,ノ
日	名詞,非自立,副詞可能,*,*,*,日,ヒ,ヒ
，	記号,読点,*,*,*,*,，,，,，
苦難	名詞,サ変接続,*,*,*,*,苦難,クナン,クナン
と	助詞,並立助詞,*,*,*,*,と,ト,ト
苦もん	名詞,サ変接続,*,*,*,*,苦もん,クモン,クモン
の	助詞,連体化,*,*,*,*,の,ノ,ノ
日	名詞,非自立,副詞可能,*,*,*,日,ヒ,ヒ
，	記号,読点,*,*,*,*,，,，,，
あらし	名詞,一般,*,*,*,*,あらし,アラシ,アラシ
と	助詞,格助詞,一般,*,*,*,と,ト,ト
荒廃	名詞,サ変接続,*,*,*,*,荒廃,コウハイ,コーハイ
の	助詞,連体化,*,*,*,*,の,ノ,ノ
日	名詞,非自立,副詞可能,*,*,*,日,ヒ,ヒ
，	記号,読点,*,*,*,*,，,，,，
闇	名詞,一般,*,*,*,*,闇,ヤミ,ヤミ
と	助詞,並立助詞,*,*,*,*,と,ト,ト
陰うつ	名詞,形容動詞語幹,*,*,*,*,陰うつ,インウツ,インウツ
の	助詞,連体化,*,*,*,*,の,ノ,ノ
日	名詞,非自立,副詞可能,*,*,*,日,ヒ,ヒ
，	記号,読点,*,*,*,*,，,，,，
雲	名詞,一般,*,*,*,*,雲,クモ,クモ
と	助詞,並立助詞,*,*,*,*,と,ト,ト
濃い	形容詞,自立,*,*,形容詞・アウオ段,基本形,濃い,コイ,コイ
暗闇	名詞,一般,*,*,*,*,暗闇,クラヤミ,クラヤミ
の	助詞,連体化,*,*,*,*,の,ノ,ノ
日	名詞,非自立,副詞可能,*,*,*,日,ヒ,ヒ
，	記号,読点,*,*,*,*,，,，,，
角笛	名詞,一般,*,*,*,*,角笛,ツノブエ,ツノブエ
と	助詞,格助詞,一般,*,*,*,と,ト,ト
警報	名詞,サ変接続,*,*,*,*,警報,ケイホウ,ケイホー
の	助詞,連体化,*,*,*,*,の,ノ,ノ
日	名詞,非自立,副詞可能,*,*,*,日,ヒ,ヒ
で	助動詞,*,*,*,特殊・ダ,連用形,だ,デ,デ
あり	助動詞,*,*,*,五段・ラ行アル,連用形,ある,アリ,アリ
，	記号,読点,*,*,*,*,，,，,，
防備	名詞,サ変接続,*,*,*,*,防備,ボウビ,ボービ
の	助詞,格助詞,一般,*,*,*,の,ノ,ノ
施さ	動詞,自立,*,*,五段・サ行,未然形,施す,ホドコサ,ホドコサ
れ	動詞,接尾,*,*,一段,連用形,れる,レ,レ
た	助動詞,*,*,*,特殊・タ,基本形,た,タ,タ
都市	名詞,一般,*,*,*,*,都市,トシ,トシ
を	助詞,格助詞,一般,*,*,*,を,ヲ,ヲ
攻め	動詞,自立,*,*,一段,連用形,攻める,セメ,セメ
，	記号,読点,*,*,*,*,，,，,，
隅	名詞,一般,*,*,*,*,隅,スミ,スミ
の	助詞,格助詞,一般,*,*,*,の,ノ,ノ
高い	形容詞,自立,*,*,形容詞・アウオ段,基本形,高い,タカイ,タカイ
塔	名詞,一般,*,*,*,*,塔,トウ,トー
に	助詞,格助詞,一般,*,*,*,に,ニ,ニ
攻め寄せる	動詞,自立,*,*,一段,基本形,攻め寄せる,セメヨセル,セメヨセル
。	記号,句点,*,*,*,*,。,。,。
こうして	接続詞,*,*,*,*,*,こうして,コウシテ,コーシテ
わたし	名詞,代名詞,一般,*,*,*,わたし,ワタシ,ワタシ
は	助詞,係助詞,*,*,*,*,は,ハ,ワ
人々	名詞,一般,*,*,*,*,人々,ヒトビト,ヒトビト
に	助詞,格助詞,一般,*,*,*,に,ニ,ニ
苦難	名詞,サ変接続,*,*,*,*,苦難,クナン,クナン
を	助詞,格助詞,一般,*,*,*,を,ヲ,ヲ
臨ま	動詞,自立,*,*,五段・マ行,未然形,臨む,ノゾマ,ノゾマ
せる	動詞,接尾,*,*,一段,基本形,せる,セル,セル
。	記号,句点,*,*,*,*,。,。,。
彼ら	名詞,代名詞,一般,*,*,*,彼ら,カレラ,カレラ
は	助詞,係助詞,*,*,*,*,は,ハ,ワ
必ず	副詞,助詞類接続,*,*,*,*,必ず,カナラズ,カナラズ
盲人	名詞,一般,*,*,*,*,盲人,モウジン,モージン
の	助詞,連体化,*,*,*,*,の,ノ,ノ
よう	名詞,非自立,助動詞語幹,*,*,*,よう,ヨウ,ヨー
に	助詞,格助詞,一般,*,*,*,に,ニ,ニ
歩き回る	動詞,自立,*,*,五段・ラ行,基本形,歩き回る,アルキマワル,アルキマワル
で	助動詞,*,*,*,特殊・ダ,連用形,だ,デ,デ
あろ	助動詞,*,*,*,五段・ラ行アル,未然ウ接続,ある,アロ,アロ
う	助動詞,*,*,*,不変化型,基本形,う,ウ,ウ
。	記号,句点,*,*,*,*,。,。,。
エホバ	名詞,一般,*,*,*,*,エホバ,エホバ,エホバ
に対して	助詞,格助詞,連語,*,*,*,に対して,ニタイシテ,ニタイシテ
罪	名詞,一般,*,*,*,*,罪,ツミ,ツミ
を	助詞,格助詞,一般,*,*,*,を,ヲ,ヲ
おかし	動詞,自立,*,*,五段・サ行,連用形,おかす,オカシ,オカシ
た	助動詞,*,*,*,特殊・タ,基本形,た,タ,タ
ため	名詞,非自立,副詞可能,*,*,*,ため,タメ,タメ
で	助動詞,*,*,*,特殊・ダ,連用形,だ,デ,デ
ある	助動詞,*,*,*,五段・ラ行アル,基本形,ある,アル,アル
。	記号,句点,*,*,*,*,。,。,。
そして	接続詞,*,*,*,*,*,そして,ソシテ,ソシテ
，	記号,読点,*,*,*,*,，,，,，
彼ら	名詞,代名詞,一般,*,*,*,彼ら,カレラ,カレラ
の	助詞,連体化,*,*,*,*,の,ノ,ノ
血	名詞,一般,*,*,*,*,血,チ,チ
は	助詞,係助詞,*,*,*,*,は,ハ,ワ
まさに	副詞,一般,*,*,*,*,まさに,マサニ,マサニ
塵	名詞,一般,*,*,*,*,塵,チリ,チリ
の	助詞,連体化,*,*,*,*,の,ノ,ノ
よう	名詞,非自立,助動詞語幹,*,*,*,よう,ヨウ,ヨー
に	助詞,副詞化,*,*,*,*,に,ニ,ニ
，	記号,読点,*,*,*,*,，,，,，
その	連体詞,*,*,*,*,*,その,ソノ,ソノ
はらわ	動詞,自立,*,*,五段・ワ行促音便,未然形,はらう,ハラワ,ハラワ
た	助動詞,*,*,*,特殊・タ,基本形,た,タ,タ
は	助詞,係助詞,*,*,*,*,は,ハ,ワ
糞	名詞,一般,*,*,*,*,糞,クソ,クソ
の	助詞,連体化,*,*,*,*,の,ノ,ノ
よう	名詞,非自立,助動詞語幹,*,*,*,よう,ヨウ,ヨー
に	助詞,副詞化,*,*,*,*,に,ニ,ニ
注ぎ	動詞,自立,*,*,五段・ガ行,連用形,注ぐ,ソソギ,ソソギ
出さ	動詞,自立,*,*,五段・サ行,未然形,出す,ダサ,ダサ
れる	動詞,接尾,*,*,一段,基本形,れる,レル,レル
。	記号,句点,*,*,*,*,。,。,。
その	連体詞,*,*,*,*,*,その,ソノ,ソノ
銀	名詞,一般,*,*,*,*,銀,ギン,ギン
も	助詞,係助詞,*,*,*,*,も,モ,モ
金	名詞,一般,*,*,*,*,金,キン,キン
も	助詞,係助詞,*,*,*,*,も,モ,モ
エホバ	名詞,一般,*,*,*,*,エホバ,エホバ,エホバ
の	助詞,連体化,*,*,*,*,の,ノ,ノ
憤怒	名詞,サ変接続,*,*,*,*,憤怒,フンド,フンド
の	助詞,連体化,*,*,*,*,の,ノ,ノ
日	名詞,非自立,副詞可能,*,*,*,日,ヒ,ヒ
に	助詞,格助詞,一般,*,*,*,に,ニ,ニ
は	助詞,係助詞,*,*,*,*,は,ハ,ワ
彼ら	名詞,代名詞,一般,*,*,*,彼ら,カレラ,カレラ
を	助詞,格助詞,一般,*,*,*,を,ヲ,ヲ
救い出す	動詞,自立,*,*,五段・サ行,基本形,救い出す,スクイダス,スクイダス
こと	名詞,非自立,一般,*,*,*,こと,コト,コト
が	助詞,格助詞,一般,*,*,*,が,ガ,ガ
でき	動詞,自立,*,*,一段,未然形,できる,デキ,デキ
ない	助動詞,*,*,*,特殊・ナイ,基本形,ない,ナイ,ナイ
。	記号,句点,*,*,*,*,。,。,。
[	名詞,サ変接続,*,*,*,*,*
神	名詞,接尾,一般,*,*,*,神,シン,シン
]	名詞,サ変接続,*,*,*,*,*
の	助詞,連体化,*,*,*,*,の,ノ,ノ
熱心	名詞,一般,*,*,*,*,熱心,ネッシン,ネッシン
の	助詞,連体化,*,*,*,*,の,ノ,ノ
火	名詞,一般,*,*,*,*,火,ヒ,ヒ
によって	助詞,格助詞,連語,*,*,*,によって,ニヨッテ,ニヨッテ
全	接頭詞,名詞接続,*,*,*,*,全,ゼン,ゼン
地	名詞,一般,*,*,*,*,地,チ,チ
は	助詞,係助詞,*,*,*,*,は,ハ,ワ
むさぼり	動詞,自立,*,*,五段・ラ行,連用形,むさぼる,ムサボリ,ムサボリ
食わ	動詞,自立,*,*,五段・ワ行促音便,未然形,食う,クワ,クワ
れる	動詞,接尾,*,*,一段,基本形,れる,レル,レル
。	記号,句点,*,*,*,*,。,。,。
[	名詞,サ変接続,*,*,*,*,*
神	名詞,接尾,一般,*,*,*,神,シン,シン
]	名詞,サ変接続,*,*,*,*,*
は	助詞,係助詞,*,*,*,*,は,ハ,ワ
地	名詞,一般,*,*,*,*,地,チ,チ
に	助詞,格助詞,一般,*,*,*,に,ニ,ニ
住む	動詞,自立,*,*,五段・マ行,基本形,住む,スム,スム
すべて	名詞,副詞可能,*,*,*,*,すべて,スベテ,スベテ
の	助詞,連体化,*,*,*,*,の,ノ,ノ
者	名詞,非自立,一般,*,*,*,者,モノ,モノ
の	助詞,格助詞,一般,*,*,*,の,ノ,ノ
滅び	動詞,自立,*,*,一段,連用形,滅びる,ホロビ,ホロビ
，	記号,読点,*,*,*,*,，,，,，
まさに	副詞,一般,*,*,*,*,まさに,マサニ,マサニ
恐る	動詞,自立,*,*,一段,基本形,恐る,オソレル,オソレル
べき	助動詞,*,*,*,文語・ベシ,体言接続,べし,ベキ,ベキ
[	名詞,サ変接続,*,*,*,*,*
絶滅	名詞,サ変接続,*,*,*,*,絶滅,ゼツメツ,ゼツメツ
]	名詞,サ変接続,*,*,*,*,*
を	助詞,格助詞,一般,*,*,*,を,ヲ,ヲ
もたらす	動詞,自立,*,*,五段・サ行,基本形,もたらす,モタラス,モタラス
から	助詞,接続助詞,*,*,*,*,から,カラ,カラ
で	助動詞,*,*,*,特殊・ダ,連用形,だ,デ,デ
ある	助動詞,*,*,*,五段・ラ行アル,基本形,ある,アル,アル
」	記号,括弧閉,*,*,*,*,」,」,」
。	記号,句点,*,*,*,*,。,。,。
EOS
