そして	接続詞,*,*,*,*,*,そして,ソシテ,ソシテ
，	記号,読点,*,*,*,*,，,，,，
これら	名詞,代名詞,一般,*,*,*,これら,コレラ,コレラ
は	助詞,係助詞,*,*,*,*,は,ハ,ワ
シャルテル	名詞,一般,*,*,*,*,*
の	助詞,連体化,*,*,*,*,の,ノ,ノ
子	接頭詞,名詞接続,*,*,*,*,子,コ,コ
ゼルバベル	名詞,一般,*,*,*,*,*
および	接続詞,*,*,*,*,*,および,オヨビ,オヨビ
エシュア	名詞,一般,*,*,*,*,*
と共に	助詞,格助詞,連語,*,*,*,と共に,トトモニ,トトモニ
上っ	動詞,自立,*,*,五段・ラ行,連用タ接続,上る,ノボッ,ノボッ
て	助詞,接続助詞,*,*,*,*,て,テ,テ
来	動詞,非自立,*,*,カ変・来ル,連用形,来る,キ,キ
た	助動詞,*,*,*,特殊・タ,基本形,た,タ,タ
祭司	名詞,一般,*,*,*,*,祭司,サイシ,サイシ
と	助詞,並立助詞,*,*,*,*,と,ト,ト
レビ	名詞,固有名詞,人名,姓,*,*,レビ,レビ,レビ
人	名詞,接尾,一般,*,*,*,人,ジン,ジン
で	助動詞,*,*,*,特殊・ダ,連用形,だ,デ,デ
あっ	助動詞,*,*,*,五段・ラ行アル,連用タ接続,ある,アッ,アッ
た	助動詞,*,*,*,特殊・タ,基本形,た,タ,タ
。	記号,句点,*,*,*,*,。,。,。
すなわち	接続詞,*,*,*,*,*,すなわち,スナワチ,スナワチ
，	記号,読点,*,*,*,*,，,，,，
セラヤ	名詞,一般,*,*,*,*,*
，	記号,読点,*,*,*,*,，,，,，
エレミヤ	名詞,一般,*,*,*,*,*
，	記号,読点,*,*,*,*,，,，,，
エズラ	名詞,一般,*,*,*,*,*
，	記号,読点,*,*,*,*,，,，,，
アマルヤ	名詞,一般,*,*,*,*,*
，	名詞,数,*,*,*,*,，,，,，
マルク	名詞,接尾,助数詞,*,*,*,マルク,マルク,マルク
，	記号,読点,*,*,*,*,，,，,，
ハトシュ	名詞,一般,*,*,*,*,*
，	記号,読点,*,*,*,*,，,，,，
シェカヌヤ	名詞,一般,*,*,*,*,*
，	記号,読点,*,*,*,*,，,，,，
レフム	名詞,一般,*,*,*,*,*
，	記号,読点,*,*,*,*,，,，,，
メレモト	名詞,一般,*,*,*,*,*
，	記号,読点,*,*,*,*,，,，,，
イド	名詞,一般,*,*,*,*,*
，	記号,読点,*,*,*,*,，,，,，
ギネトイ	名詞,一般,*,*,*,*,*
，	記号,読点,*,*,*,*,，,，,，
アビヤ	名詞,一般,*,*,*,*,*
，	記号,読点,*,*,*,*,，,，,，
ミヤミン	名詞,一般,*,*,*,*,*
，	記号,読点,*,*,*,*,，,，,，
マアドヤ	名詞,一般,*,*,*,*,*
，	記号,読点,*,*,*,*,，,，,，
ビルガ	名詞,一般,*,*,*,*,*
，	記号,読点,*,*,*,*,，,，,，
シェマヤ	名詞,一般,*,*,*,*,*
，	記号,読点,*,*,*,*,，,，,，
および	接続詞,*,*,*,*,*,および,オヨビ,オヨビ
ヨヤリブ	名詞,一般,*,*,*,*,*
，	記号,読点,*,*,*,*,，,，,，
エダヤ	名詞,一般,*,*,*,*,*
，	記号,読点,*,*,*,*,，,，,，
サル	名詞,一般,*,*,*,*,サル,サル,サル
，	記号,読点,*,*,*,*,，,，,，
アモク	名詞,一般,*,*,*,*,*
，	記号,読点,*,*,*,*,，,，,，
ヒル	名詞,一般,*,*,*,*,ヒル,ヒル,ヒル
キヤ	名詞,固有名詞,一般,*,*,*,キヤ,キヤ,キヤ
，	記号,読点,*,*,*,*,，,，,，
エダヤ	名詞,一般,*,*,*,*,*
。	記号,句点,*,*,*,*,。,。,。
これら	名詞,代名詞,一般,*,*,*,これら,コレラ,コレラ
は	助詞,係助詞,*,*,*,*,は,ハ,ワ
エシュア	名詞,一般,*,*,*,*,*
の	助詞,連体化,*,*,*,*,の,ノ,ノ
時代	名詞,一般,*,*,*,*,時代,ジダイ,ジダイ
に	助詞,格助詞,一般,*,*,*,に,ニ,ニ
祭司	名詞,一般,*,*,*,*,祭司,サイシ,サイシ
および	接続詞,*,*,*,*,*,および,オヨビ,オヨビ
その	連体詞,*,*,*,*,*,その,ソノ,ソノ
兄弟	名詞,一般,*,*,*,*,兄弟,キョウダイ,キョーダイ
たち	名詞,接尾,一般,*,*,*,たち,タチ,タチ
の	助詞,連体化,*,*,*,*,の,ノ,ノ
頭	名詞,一般,*,*,*,*,頭,アタマ,アタマ
で	助動詞,*,*,*,特殊・ダ,連用形,だ,デ,デ
あっ	助動詞,*,*,*,五段・ラ行アル,連用タ接続,ある,アッ,アッ
た	助動詞,*,*,*,特殊・タ,基本形,た,タ,タ
。	記号,句点,*,*,*,*,。,。,。
そして	接続詞,*,*,*,*,*,そして,ソシテ,ソシテ
レビ	名詞,固有名詞,人名,姓,*,*,レビ,レビ,レビ
人	名詞,接尾,一般,*,*,*,人,ジン,ジン
は	助詞,係助詞,*,*,*,*,は,ハ,ワ
エシュア	名詞,一般,*,*,*,*,*
，	記号,読点,*,*,*,*,，,，,，
ビヌイ	名詞,一般,*,*,*,*,*
，	記号,読点,*,*,*,*,，,，,，
カドミエル	名詞,一般,*,*,*,*,*
，	記号,読点,*,*,*,*,，,，,，
シェレブヤ	名詞,一般,*,*,*,*,*
，	記号,読点,*,*,*,*,，,，,，
ユダ	名詞,一般,*,*,*,*,*
，	記号,読点,*,*,*,*,，,，,，
マタヌヤ	名詞,一般,*,*,*,*,*
で	助詞,格助詞,一般,*,*,*,で,デ,デ
，	記号,読点,*,*,*,*,，,，,，
感謝	名詞,サ変接続,*,*,*,*,感謝,カンシャ,カンシャ
を	助詞,格助詞,一般,*,*,*,を,ヲ,ヲ
ささげる	動詞,自立,*,*,一段,基本形,ささげる,ササゲル,ササゲル
こと	名詞,非自立,一般,*,*,*,こと,コト,コト
を	助詞,格助詞,一般,*,*,*,を,ヲ,ヲ
つかさどっ	動詞,自立,*,*,五段・ラ行,連用タ接続,つかさどる,ツカサドッ,ツカサドッ
た	助動詞,*,*,*,特殊・タ,基本形,た,タ,タ
の	名詞,非自立,一般,*,*,*,の,ノ,ノ
は	助詞,係助詞,*,*,*,*,は,ハ,ワ
，	記号,読点,*,*,*,*,，,，,，
彼	名詞,代名詞,一般,*,*,*,彼,カレ,カレ
と	助詞,格助詞,一般,*,*,*,と,ト,ト
その	連体詞,*,*,*,*,*,その,ソノ,ソノ
兄弟	名詞,一般,*,*,*,*,兄弟,キョウダイ,キョーダイ
たち	名詞,接尾,一般,*,*,*,たち,タチ,タチ
で	助動詞,*,*,*,特殊・ダ,連用形,だ,デ,デ
あっ	助動詞,*,*,*,五段・ラ行アル,連用タ接続,ある,アッ,アッ
た	助動詞,*,*,*,特殊・タ,基本形,た,タ,タ
。	記号,句点,*,*,*,*,。,。,。
また	接続詞,*,*,*,*,*,また,マタ,マタ
，	記号,読点,*,*,*,*,，,，,，
彼ら	名詞,代名詞,一般,*,*,*,彼ら,カレラ,カレラ
の	助詞,連体化,*,*,*,*,の,ノ,ノ
兄弟	名詞,一般,*,*,*,*,兄弟,キョウダイ,キョーダイ
で	助動詞,*,*,*,特殊・ダ,連用形,だ,デ,デ
ある	助動詞,*,*,*,五段・ラ行アル,基本形,ある,アル,アル
バクブクヤ	名詞,一般,*,*,*,*,*
と	助詞,並立助詞,*,*,*,*,と,ト,ト
ウニ	名詞,一般,*,*,*,*,ウニ,ウニ,ウニ
は	助詞,係助詞,*,*,*,*,は,ハ,ワ
彼ら	名詞,代名詞,一般,*,*,*,彼ら,カレラ,カレラ
の	助詞,連体化,*,*,*,*,の,ノ,ノ
向かい側	名詞,一般,*,*,*,*,向かい側,ムカイガワ,ムカイガワ
で	助詞,格助詞,一般,*,*,*,で,デ,デ
見張り	名詞,一般,*,*,*,*,見張り,ミハリ,ミハリ
の	助詞,連体化,*,*,*,*,の,ノ,ノ
務め	名詞,一般,*,*,*,*,務め,ツトメ,ツトメ
に	助詞,格助詞,一般,*,*,*,に,ニ,ニ
当たっ	動詞,自立,*,*,五段・ラ行,連用タ接続,当たる,アタッ,アタッ
た	助動詞,*,*,*,特殊・タ,基本形,た,タ,タ
。	記号,句点,*,*,*,*,。,。,。
エシュア	名詞,一般,*,*,*,*,*
は	助詞,係助詞,*,*,*,*,は,ハ,ワ
，	記号,読点,*,*,*,*,，,，,，
ヨヤキム	名詞,一般,*,*,*,*,*
の	助詞,連体化,*,*,*,*,の,ノ,ノ
父	名詞,一般,*,*,*,*,父,チチ,チチ
と	助詞,格助詞,一般,*,*,*,と,ト,ト
なり	動詞,自立,*,*,五段・ラ行,連用形,なる,ナリ,ナリ
，	記号,読点,*,*,*,*,，,，,，
ヨヤキム	名詞,一般,*,*,*,*,*
は	助詞,係助詞,*,*,*,*,は,ハ,ワ
，	記号,読点,*,*,*,*,，,，,，
エルヤシブ	名詞,一般,*,*,*,*,*
の	助詞,連体化,*,*,*,*,の,ノ,ノ
父	名詞,一般,*,*,*,*,父,チチ,チチ
と	助詞,格助詞,一般,*,*,*,と,ト,ト
なり	動詞,自立,*,*,五段・ラ行,連用形,なる,ナリ,ナリ
，	記号,読点,*,*,*,*,，,，,，
エルヤシブ	名詞,一般,*,*,*,*,*
は	助詞,係助詞,*,*,*,*,は,ハ,ワ
ヨヤダ	名詞,一般,*,*,*,*,*
の	助詞,連体化,*,*,*,*,の,ノ,ノ
[	名詞,サ変接続,*,*,*,*,*
父	名詞,一般,*,*,*,*,父,チチ,チチ
と	助詞,格助詞,一般,*,*,*,と,ト,ト
なっ	動詞,自立,*,*,五段・ラ行,連用タ接続,なる,ナッ,ナッ
た	助動詞,*,*,*,特殊・タ,基本形,た,タ,タ
]。	名詞,サ変接続,*,*,*,*,*
そして	接続詞,*,*,*,*,*,そして,ソシテ,ソシテ
，	記号,読点,*,*,*,*,，,，,，
ヨヤダ	名詞,一般,*,*,*,*,*
は	助詞,係助詞,*,*,*,*,は,ハ,ワ
，	記号,読点,*,*,*,*,，,，,，
ヨナタン	名詞,一般,*,*,*,*,*
の	助詞,連体化,*,*,*,*,の,ノ,ノ
父	名詞,一般,*,*,*,*,父,チチ,チチ
と	助詞,格助詞,一般,*,*,*,と,ト,ト
なり	動詞,自立,*,*,五段・ラ行,連用形,なる,ナリ,ナリ
，	記号,読点,*,*,*,*,，,，,，
ヨナタン	名詞,一般,*,*,*,*,*
は	助詞,係助詞,*,*,*,*,は,ハ,ワ
，	記号,読点,*,*,*,*,，,，,，
ヤドア	名詞,一般,*,*,*,*,*
の	助詞,連体化,*,*,*,*,の,ノ,ノ
父	名詞,一般,*,*,*,*,父,チチ,チチ
と	助詞,格助詞,一般,*,*,*,と,ト,ト
なっ	動詞,自立,*,*,五段・ラ行,連用タ接続,なる,ナッ,ナッ
た	助動詞,*,*,*,特殊・タ,基本形,た,タ,タ
。	記号,句点,*,*,*,*,。,。,。
そして	接続詞,*,*,*,*,*,そして,ソシテ,ソシテ
，	記号,読点,*,*,*,*,，,，,，
ヨヤキム	名詞,一般,*,*,*,*,*
の	助詞,連体化,*,*,*,*,の,ノ,ノ
時代	名詞,一般,*,*,*,*,時代,ジダイ,ジダイ
に	助詞,格助詞,一般,*,*,*,に,ニ,ニ
父方	名詞,一般,*,*,*,*,父方,チチカタ,チチカタ
の	助詞,連体化,*,*,*,*,の,ノ,ノ
家	名詞,一般,*,*,*,*,家,イエ,イエ
の	助詞,連体化,*,*,*,*,の,ノ,ノ
頭	名詞,一般,*,*,*,*,頭,アタマ,アタマ
で	助動詞,*,*,*,特殊・ダ,連用形,だ,デ,デ
ある	助動詞,*,*,*,五段・ラ行アル,基本形,ある,アル,アル
祭司	名詞,一般,*,*,*,*,祭司,サイシ,サイシ
たち	名詞,接尾,一般,*,*,*,たち,タチ,タチ
が	助詞,格助詞,一般,*,*,*,が,ガ,ガ
い	動詞,自立,*,*,一段,連用形,いる,イ,イ
た	助動詞,*,*,*,特殊・タ,基本形,た,タ,タ
。	記号,句点,*,*,*,*,。,。,。
すなわち	接続詞,*,*,*,*,*,すなわち,スナワチ,スナワチ
，	記号,読点,*,*,*,*,，,，,，
セラヤ	名詞,一般,*,*,*,*,*
の	助詞,連体化,*,*,*,*,の,ノ,ノ
者	名詞,非自立,一般,*,*,*,者,モノ,モノ
で	助動詞,*,*,*,特殊・ダ,連用形,だ,デ,デ
は	助詞,係助詞,*,*,*,*,は,ハ,ワ
メラヤ	名詞,一般,*,*,*,*,*
，	記号,読点,*,*,*,*,，,，,，
エレミヤ	名詞,一般,*,*,*,*,*
の	助詞,連体化,*,*,*,*,の,ノ,ノ
者	名詞,非自立,一般,*,*,*,者,モノ,モノ
で	助動詞,*,*,*,特殊・ダ,連用形,だ,デ,デ
は	助詞,係助詞,*,*,*,*,は,ハ,ワ
ハナニヤ	名詞,一般,*,*,*,*,*
，	記号,読点,*,*,*,*,，,，,，
エズラ	名詞,一般,*,*,*,*,*
の	助詞,連体化,*,*,*,*,の,ノ,ノ
者	名詞,非自立,一般,*,*,*,者,モノ,モノ
で	助動詞,*,*,*,特殊・ダ,連用形,だ,デ,デ
は	助詞,係助詞,*,*,*,*,は,ハ,ワ
メシュラム	名詞,一般,*,*,*,*,*
，	記号,読点,*,*,*,*,，,，,，
アマルヤ	名詞,一般,*,*,*,*,*
の	助詞,連体化,*,*,*,*,の,ノ,ノ
者	名詞,非自立,一般,*,*,*,者,モノ,モノ
で	助動詞,*,*,*,特殊・ダ,連用形,だ,デ,デ
は	助詞,係助詞,*,*,*,*,は,ハ,ワ
エホハナン	名詞,一般,*,*,*,*,*
，	記号,読点,*,*,*,*,，,，,，
マルキ	名詞,一般,*,*,*,*,*
の	助詞,連体化,*,*,*,*,の,ノ,ノ
者	名詞,非自立,一般,*,*,*,者,モノ,モノ
で	助動詞,*,*,*,特殊・ダ,連用形,だ,デ,デ
は	助詞,係助詞,*,*,*,*,は,ハ,ワ
ヨナタン	名詞,一般,*,*,*,*,*
，	記号,読点,*,*,*,*,，,，,，
シェバヌヤ	名詞,一般,*,*,*,*,*
の	助詞,連体化,*,*,*,*,の,ノ,ノ
者	名詞,非自立,一般,*,*,*,者,モノ,モノ
で	助動詞,*,*,*,特殊・ダ,連用形,だ,デ,デ
は	助詞,係助詞,*,*,*,*,は,ハ,ワ
ヨセフ	名詞,一般,*,*,*,*,*
，	記号,読点,*,*,*,*,，,，,，
ハリム	名詞,一般,*,*,*,*,*
の	助詞,連体化,*,*,*,*,の,ノ,ノ
者	名詞,非自立,一般,*,*,*,者,モノ,モノ
で	助動詞,*,*,*,特殊・ダ,連用形,だ,デ,デ
は	助詞,係助詞,*,*,*,*,は,ハ,ワ
アドナ	名詞,一般,*,*,*,*,*
，	記号,読点,*,*,*,*,，,，,，
メラヨト	名詞,一般,*,*,*,*,*
の	助詞,連体化,*,*,*,*,の,ノ,ノ
者	名詞,非自立,一般,*,*,*,者,モノ,モノ
で	助動詞,*,*,*,特殊・ダ,連用形,だ,デ,デ
は	助詞,係助詞,*,*,*,*,は,ハ,ワ
ヘル	名詞,一般,*,*,*,*,ヘル,ヘル,ヘル
カイ	名詞,一般,*,*,*,*,カイ,カイ,カイ
，	記号,読点,*,*,*,*,，,，,，
イド	名詞,一般,*,*,*,*,*
の	助詞,連体化,*,*,*,*,の,ノ,ノ
者	名詞,非自立,一般,*,*,*,者,モノ,モノ
で	助動詞,*,*,*,特殊・ダ,連用形,だ,デ,デ
は	助詞,係助詞,*,*,*,*,は,ハ,ワ
ゼカリヤ	名詞,一般,*,*,*,*,*
，	記号,読点,*,*,*,*,，,，,，
ギネトン	名詞,一般,*,*,*,*,*
の	助詞,連体化,*,*,*,*,の,ノ,ノ
者	名詞,非自立,一般,*,*,*,者,モノ,モノ
で	助動詞,*,*,*,特殊・ダ,連用形,だ,デ,デ
は	助詞,係助詞,*,*,*,*,は,ハ,ワ
メシュラム	名詞,一般,*,*,*,*,*
，	記号,読点,*,*,*,*,，,，,，
アビヤ	名詞,一般,*,*,*,*,*
の	助詞,連体化,*,*,*,*,の,ノ,ノ
者	名詞,非自立,一般,*,*,*,者,モノ,モノ
で	助動詞,*,*,*,特殊・ダ,連用形,だ,デ,デ
は	助詞,係助詞,*,*,*,*,は,ハ,ワ
ジクリ	名詞,一般,*,*,*,*,*
，	記号,読点,*,*,*,*,，,，,，
ミヌヤミン	名詞,一般,*,*,*,*,*
の	助詞,連体化,*,*,*,*,の,ノ,ノ
者	名詞,非自立,一般,*,*,*,者,モノ,モノ
で	助動詞,*,*,*,特殊・ダ,連用形,だ,デ,デ
は	助詞,係助詞,*,*,*,*,は,ハ,ワ
――	記号,一般,*,*,*,*,――,――,――
，	記号,読点,*,*,*,*,，,，,，
モアドヤ	名詞,一般,*,*,*,*,*
の	助詞,連体化,*,*,*,*,の,ノ,ノ
者	名詞,非自立,一般,*,*,*,者,モノ,モノ
で	助動詞,*,*,*,特殊・ダ,連用形,だ,デ,デ
は	助詞,係助詞,*,*,*,*,は,ハ,ワ
ピル	名詞,一般,*,*,*,*,ピル,ピル,ピル
タイ	名詞,固有名詞,地域,国,*,*,タイ,タイ,タイ
，	記号,読点,*,*,*,*,，,，,，
ビルガ	名詞,一般,*,*,*,*,*
の	助詞,連体化,*,*,*,*,の,ノ,ノ
者	名詞,非自立,一般,*,*,*,者,モノ,モノ
で	助動詞,*,*,*,特殊・ダ,連用形,だ,デ,デ
は	助詞,係助詞,*,*,*,*,は,ハ,ワ
シャムア	名詞,一般,*,*,*,*,*
，	記号,読点,*,*,*,*,，,，,，
シェマヤ	名詞,一般,*,*,*,*,*
の	助詞,連体化,*,*,*,*,の,ノ,ノ
者	名詞,非自立,一般,*,*,*,者,モノ,モノ
で	助動詞,*,*,*,特殊・ダ,連用形,だ,デ,デ
は	助詞,係助詞,*,*,*,*,は,ハ,ワ
エホナタン	名詞,一般,*,*,*,*,*
，	記号,読点,*,*,*,*,，,，,，
また	接続詞,*,*,*,*,*,また,マタ,マタ
ヨヤリブ	名詞,一般,*,*,*,*,*
の	助詞,連体化,*,*,*,*,の,ノ,ノ
者	名詞,非自立,一般,*,*,*,者,モノ,モノ
で	助動詞,*,*,*,特殊・ダ,連用形,だ,デ,デ
は	助詞,係助詞,*,*,*,*,は,ハ,ワ
マテナイ	名詞,一般,*,*,*,*,*
，	記号,読点,*,*,*,*,，,，,，
エダヤ	名詞,一般,*,*,*,*,*
の	助詞,連体化,*,*,*,*,の,ノ,ノ
者	名詞,非自立,一般,*,*,*,者,モノ,モノ
で	助動詞,*,*,*,特殊・ダ,連用形,だ,デ,デ
は	助詞,係助詞,*,*,*,*,は,ハ,ワ
ウジ	名詞,一般,*,*,*,*,ウジ,ウジ,ウジ
，	記号,読点,*,*,*,*,，,，,，
サライ	名詞,一般,*,*,*,*,*
の	助詞,連体化,*,*,*,*,の,ノ,ノ
者	名詞,非自立,一般,*,*,*,者,モノ,モノ
で	助動詞,*,*,*,特殊・ダ,連用形,だ,デ,デ
は	助詞,係助詞,*,*,*,*,は,ハ,ワ
カライ	名詞,一般,*,*,*,*,*
，	記号,読点,*,*,*,*,，,，,，
アモク	名詞,一般,*,*,*,*,*
の	助詞,連体化,*,*,*,*,の,ノ,ノ
者	名詞,非自立,一般,*,*,*,者,モノ,モノ
で	助動詞,*,*,*,特殊・ダ,連用形,だ,デ,デ
は	助詞,係助詞,*,*,*,*,は,ハ,ワ
エベル	名詞,一般,*,*,*,*,*
，	記号,読点,*,*,*,*,，,，,，
ヒル	名詞,一般,*,*,*,*,ヒル,ヒル,ヒル
キヤ	名詞,固有名詞,一般,*,*,*,キヤ,キヤ,キヤ
の	助詞,連体化,*,*,*,*,の,ノ,ノ
者	名詞,非自立,一般,*,*,*,者,モノ,モノ
で	助動詞,*,*,*,特殊・ダ,連用形,だ,デ,デ
は	助詞,係助詞,*,*,*,*,は,ハ,ワ
ハシャブヤ	名詞,一般,*,*,*,*,*
，	記号,読点,*,*,*,*,，,，,，
エダヤ	名詞,一般,*,*,*,*,*
の	助詞,連体化,*,*,*,*,の,ノ,ノ
者	名詞,非自立,一般,*,*,*,者,モノ,モノ
で	助動詞,*,*,*,特殊・ダ,連用形,だ,デ,デ
は	助詞,係助詞,*,*,*,*,は,ハ,ワ
ネタヌエル	名詞,一般,*,*,*,*,*
で	助動詞,*,*,*,特殊・ダ,連用形,だ,デ,デ
ある	助動詞,*,*,*,五段・ラ行アル,基本形,ある,アル,アル
。	記号,句点,*,*,*,*,。,。,。
エルヤシブ	名詞,一般,*,*,*,*,*
の	助詞,連体化,*,*,*,*,の,ノ,ノ
時代	名詞,一般,*,*,*,*,時代,ジダイ,ジダイ
に	助詞,格助詞,一般,*,*,*,に,ニ,ニ
レビ	名詞,固有名詞,人名,姓,*,*,レビ,レビ,レビ
人	名詞,接尾,一般,*,*,*,人,ジン,ジン
，	記号,読点,*,*,*,*,，,，,，
ヨヤダ	名詞,一般,*,*,*,*,*
，	記号,読点,*,*,*,*,，,，,，
ヨハナン	名詞,一般,*,*,*,*,*
，	記号,読点,*,*,*,*,，,，,，
ヤドア	名詞,一般,*,*,*,*,*
は	助詞,係助詞,*,*,*,*,は,ハ,ワ
父方	名詞,一般,*,*,*,*,父方,チチカタ,チチカタ
の	助詞,連体化,*,*,*,*,の,ノ,ノ
家	名詞,一般,*,*,*,*,家,イエ,イエ
の	助詞,連体化,*,*,*,*,の,ノ,ノ
頭	名詞,一般,*,*,*,*,頭,アタマ,アタマ
として	助詞,格助詞,連語,*,*,*,として,トシテ,トシテ
記録	名詞,サ変接続,*,*,*,*,記録,キロク,キロク
さ	動詞,自立,*,*,サ変・スル,未然レル接続,する,サ,サ
れ	動詞,接尾,*,*,一段,連用形,れる,レ,レ
，	記号,読点,*,*,*,*,，,，,，
また	接続詞,*,*,*,*,*,また,マタ,マタ
祭司	名詞,一般,*,*,*,*,祭司,サイシ,サイシ
たち	名詞,接尾,一般,*,*,*,たち,タチ,タチ
も	助詞,係助詞,*,*,*,*,も,モ,モ
ペルシャ	名詞,固有名詞,地域,一般,*,*,ペルシャ,ペルシャ,ペルシャ
人	名詞,接尾,一般,*,*,*,人,ジン,ジン
ダリウス	名詞,一般,*,*,*,*,*
の	助詞,連体化,*,*,*,*,の,ノ,ノ
王	名詞,一般,*,*,*,*,王,オウ,オー
の	助詞,連体化,*,*,*,*,の,ノ,ノ
統治	名詞,サ変接続,*,*,*,*,統治,トウチ,トーチ
に	助詞,格助詞,一般,*,*,*,に,ニ,ニ
至る	動詞,自立,*,*,五段・ラ行,基本形,至る,イタル,イタル
まで	助詞,副助詞,*,*,*,*,まで,マデ,マデ
[	名詞,サ変接続,*,*,*,*,*
記録	名詞,サ変接続,*,*,*,*,記録,キロク,キロク
さ	動詞,自立,*,*,サ変・スル,未然レル接続,する,サ,サ
れ	動詞,接尾,*,*,一段,連用形,れる,レ,レ
た	助動詞,*,*,*,特殊・タ,基本形,た,タ,タ
]。	名詞,サ変接続,*,*,*,*,*
父方	名詞,一般,*,*,*,*,父方,チチカタ,チチカタ
の	助詞,連体化,*,*,*,*,の,ノ,ノ
家	名詞,一般,*,*,*,*,家,イエ,イエ
の	助詞,連体化,*,*,*,*,の,ノ,ノ
頭	名詞,一般,*,*,*,*,頭,アタマ,アタマ
として	助詞,格助詞,連語,*,*,*,として,トシテ,トシテ
の	助詞,連体化,*,*,*,*,の,ノ,ノ
レビ	名詞,固有名詞,人名,姓,*,*,レビ,レビ,レビ
の	助詞,連体化,*,*,*,*,の,ノ,ノ
子	名詞,一般,*,*,*,*,子,コ,コ
ら	名詞,接尾,一般,*,*,*,ら,ラ,ラ
は	助詞,係助詞,*,*,*,*,は,ハ,ワ
，	記号,読点,*,*,*,*,，,，,，
エルヤシブ	名詞,一般,*,*,*,*,*
の	助詞,連体化,*,*,*,*,の,ノ,ノ
子	接頭詞,名詞接続,*,*,*,*,子,コ,コ
ヨハナン	名詞,一般,*,*,*,*,*
の	助詞,連体化,*,*,*,*,の,ノ,ノ
時代	名詞,一般,*,*,*,*,時代,ジダイ,ジダイ
に	助詞,格助詞,一般,*,*,*,に,ニ,ニ
至る	動詞,自立,*,*,五段・ラ行,基本形,至る,イタル,イタル
まで	助詞,副助詞,*,*,*,*,まで,マデ,マデ
，	記号,読点,*,*,*,*,，,，,，
歴代	名詞,一般,*,*,*,*,歴代,レキダイ,レキダイ
の	助詞,連体化,*,*,*,*,の,ノ,ノ
事績	名詞,一般,*,*,*,*,事績,ジセキ,ジセキ
の	助詞,連体化,*,*,*,*,の,ノ,ノ
書	名詞,一般,*,*,*,*,書,ショ,ショ
に	助詞,格助詞,一般,*,*,*,に,ニ,ニ
記録	名詞,サ変接続,*,*,*,*,記録,キロク,キロク
さ	動詞,自立,*,*,サ変・スル,未然レル接続,する,サ,サ
れ	動詞,接尾,*,*,一段,連用形,れる,レ,レ
た	助動詞,*,*,*,特殊・タ,基本形,た,タ,タ
。	記号,句点,*,*,*,*,。,。,。
そして	接続詞,*,*,*,*,*,そして,ソシテ,ソシテ
，	記号,読点,*,*,*,*,，,，,，
レビ	名詞,固有名詞,人名,姓,*,*,レビ,レビ,レビ
人	名詞,接尾,一般,*,*,*,人,ジン,ジン
の	助詞,連体化,*,*,*,*,の,ノ,ノ
頭	名詞,一般,*,*,*,*,頭,アタマ,アタマ
は	助詞,係助詞,*,*,*,*,は,ハ,ワ
ハシャブヤ	名詞,一般,*,*,*,*,*
，	記号,読点,*,*,*,*,，,，,，
シェレブヤ	名詞,一般,*,*,*,*,*
および	接続詞,*,*,*,*,*,および,オヨビ,オヨビ
カドミエル	名詞,一般,*,*,*,*,*
の	助詞,連体化,*,*,*,*,の,ノ,ノ
子	接頭詞,名詞接続,*,*,*,*,子,コ,コ
エシュア	名詞,一般,*,*,*,*,*
で	助動詞,*,*,*,特殊・ダ,連用形,だ,デ,デ
あり	助動詞,*,*,*,五段・ラ行アル,連用形,ある,アリ,アリ
，	記号,読点,*,*,*,*,，,，,，
彼ら	名詞,代名詞,一般,*,*,*,彼ら,カレラ,カレラ
の	助詞,連体化,*,*,*,*,の,ノ,ノ
兄弟	名詞,一般,*,*,*,*,兄弟,キョウダイ,キョーダイ
たち	名詞,接尾,一般,*,*,*,たち,タチ,タチ
は	助詞,係助詞,*,*,*,*,は,ハ,ワ
その	連体詞,*,*,*,*,*,その,ソノ,ソノ
向かい側	名詞,一般,*,*,*,*,向かい側,ムカイガワ,ムカイガワ
で	助詞,格助詞,一般,*,*,*,で,デ,デ
，	記号,読点,*,*,*,*,，,，,，
守衛	名詞,一般,*,*,*,*,守衛,シュエイ,シュエイ
の	助詞,連体化,*,*,*,*,の,ノ,ノ
分団	名詞,一般,*,*,*,*,分団,ブンダン,ブンダン
と	助詞,並立助詞,*,*,*,*,と,ト,ト
守衛	名詞,一般,*,*,*,*,守衛,シュエイ,シュエイ
の	助詞,連体化,*,*,*,*,の,ノ,ノ
分団	名詞,一般,*,*,*,*,分団,ブンダン,ブンダン
が	助詞,格助詞,一般,*,*,*,が,ガ,ガ
相対	名詞,一般,*,*,*,*,相対,ソウタイ,ソータイ
し	動詞,自立,*,*,サ変・スル,連用形,する,シ,シ
て	助詞,接続助詞,*,*,*,*,て,テ,テ
，	記号,読点,*,*,*,*,，,，,，
[	名詞,サ変接続,*,*,*,*,*
ま	フィラー,*,*,*,*,*,ま,マ,マ
こと	名詞,非自立,一般,*,*,*,こと,コト,コト
の	助詞,連体化,*,*,*,*,の,ノ,ノ
]	名詞,サ変接続,*,*,*,*,*
神	名詞,接尾,一般,*,*,*,神,シン,シン
の	助詞,連体化,*,*,*,*,の,ノ,ノ
人	名詞,一般,*,*,*,*,人,ヒト,ヒト
ダビデ	名詞,一般,*,*,*,*,*
の	助詞,連体化,*,*,*,*,の,ノ,ノ
命令	名詞,サ変接続,*,*,*,*,命令,メイレイ,メイレイ
に	助詞,格助詞,一般,*,*,*,に,ニ,ニ
したがっ	動詞,自立,*,*,五段・ワ行促音便,連用タ接続,したがう,シタガッ,シタガッ
て	助詞,接続助詞,*,*,*,*,て,テ,テ
賛美	名詞,サ変接続,*,*,*,*,賛美,サンビ,サンビ
を	助詞,格助詞,一般,*,*,*,を,ヲ,ヲ
ささげ	動詞,自立,*,*,一段,連用形,ささげる,ササゲ,ササゲ
，	記号,読点,*,*,*,*,，,，,，
感謝	名詞,サ変接続,*,*,*,*,感謝,カンシャ,カンシャ
を	助詞,格助詞,一般,*,*,*,を,ヲ,ヲ
ささげ	動詞,自立,*,*,一段,連用形,ささげる,ササゲ,ササゲ
た	助動詞,*,*,*,特殊・タ,基本形,た,タ,タ
。	記号,句点,*,*,*,*,。,。,。
マタヌヤ	名詞,一般,*,*,*,*,*
と	助詞,並立助詞,*,*,*,*,と,ト,ト
バクブクヤ	名詞,一般,*,*,*,*,*
，	記号,読点,*,*,*,*,，,，,，
オバデヤ	名詞,一般,*,*,*,*,*
，	記号,読点,*,*,*,*,，,，,，
メシュラム	名詞,一般,*,*,*,*,*
，	名詞,数,*,*,*,*,，,，,，
タル	名詞,接尾,助数詞,*,*,*,タル,タル,タル
モン	名詞,固有名詞,一般,*,*,*,モン,モン,モン
，	記号,読点,*,*,*,*,，,，,，
アクブ	名詞,一般,*,*,*,*,*
は	助詞,係助詞,*,*,*,*,は,ハ,ワ
門衛	名詞,一般,*,*,*,*,門衛,モンエイ,モンエイ
，	記号,読点,*,*,*,*,，,，,，
守衛	名詞,一般,*,*,*,*,守衛,シュエイ,シュエイ
の	助詞,連体化,*,*,*,*,の,ノ,ノ
分団	名詞,一般,*,*,*,*,分団,ブンダン,ブンダン
として	助詞,格助詞,連語,*,*,*,として,トシテ,トシテ
，	記号,読点,*,*,*,*,，,，,，
門	名詞,一般,*,*,*,*,門,モン,モン
の	助詞,連体化,*,*,*,*,の,ノ,ノ
倉	名詞,一般,*,*,*,*,倉,クラ,クラ
の	助詞,連体化,*,*,*,*,の,ノ,ノ
そば	名詞,一般,*,*,*,*,そば,ソバ,ソバ
で	助詞,格助詞,一般,*,*,*,で,デ,デ
見張っ	動詞,自立,*,*,五段・ラ行,連用タ接続,見張る,ミハッ,ミハッ
て	助詞,接続助詞,*,*,*,*,て,テ,テ
い	動詞,非自立,*,*,一段,連用形,いる,イ,イ
た	助動詞,*,*,*,特殊・タ,基本形,た,タ,タ
。	記号,句点,*,*,*,*,。,。,。
これら	名詞,代名詞,一般,*,*,*,これら,コレラ,コレラ
の	助詞,連体化,*,*,*,*,の,ノ,ノ
者	名詞,非自立,一般,*,*,*,者,モノ,モノ
は	助詞,係助詞,*,*,*,*,は,ハ,ワ
ヨツァダク	名詞,一般,*,*,*,*,*
の	助詞,連体化,*,*,*,*,の,ノ,ノ
子	接頭詞,名詞接続,*,*,*,*,子,コ,コ
エシュア	名詞,一般,*,*,*,*,*
の	助詞,連体化,*,*,*,*,の,ノ,ノ
子	接頭詞,名詞接続,*,*,*,*,子,コ,コ
ヨヤキム	名詞,一般,*,*,*,*,*
の	助詞,連体化,*,*,*,*,の,ノ,ノ
時代	名詞,一般,*,*,*,*,時代,ジダイ,ジダイ
と	助詞,並立助詞,*,*,*,*,と,ト,ト
，	記号,読点,*,*,*,*,，,，,，
総督	名詞,一般,*,*,*,*,総督,ソウトク,ソートク
ネヘミヤ	名詞,一般,*,*,*,*,*
および	接続詞,*,*,*,*,*,および,オヨビ,オヨビ
写字	名詞,一般,*,*,*,*,写字,シャジ,シャジ
生	名詞,接尾,一般,*,*,*,生,セイ,セイ
で	助動詞,*,*,*,特殊・ダ,連用形,だ,デ,デ
ある	助動詞,*,*,*,五段・ラ行アル,基本形,ある,アル,アル
祭司	名詞,一般,*,*,*,*,祭司,サイシ,サイシ
エズラ	名詞,一般,*,*,*,*,*
の	助詞,連体化,*,*,*,*,の,ノ,ノ
時代	名詞,一般,*,*,*,*,時代,ジダイ,ジダイ
に	助詞,格助詞,一般,*,*,*,に,ニ,ニ
い	動詞,自立,*,*,一段,連用形,いる,イ,イ
た	助動詞,*,*,*,特殊・タ,基本形,た,タ,タ
。	記号,句点,*,*,*,*,。,。,。
とき	名詞,非自立,副詞可能,*,*,*,とき,トキ,トキ
に	助詞,格助詞,一般,*,*,*,に,ニ,ニ
，	記号,読点,*,*,*,*,，,，,，
エルサレム	名詞,固有名詞,地域,一般,*,*,エルサレム,エルサレム,エルサレム
の	助詞,連体化,*,*,*,*,の,ノ,ノ
城壁	名詞,一般,*,*,*,*,城壁,ジョウヘキ,ジョーヘキ
の	助詞,連体化,*,*,*,*,の,ノ,ノ
奉献	名詞,サ変接続,*,*,*,*,奉献,ホウケン,ホーケン
式	名詞,接尾,一般,*,*,*,式,シキ,シキ
に当たって	助詞,格助詞,連語,*,*,*,に当たって,ニアタッテ,ニアタッテ
，	記号,読点,*,*,*,*,，,，,，
彼ら	名詞,代名詞,一般,*,*,*,彼ら,カレラ,カレラ
は	助詞,係助詞,*,*,*,*,は,ハ,ワ
レビ	名詞,固有名詞,人名,姓,*,*,レビ,レビ,レビ
人	名詞,接尾,一般,*,*,*,人,ジン,ジン
を	助詞,格助詞,一般,*,*,*,を,ヲ,ヲ
捜し求め	動詞,自立,*,*,一段,連用形,捜し求める,サガシモトメ,サガシモトメ
，	記号,読点,*,*,*,*,，,，,，
その	連体詞,*,*,*,*,*,その,ソノ,ソノ
すべて	名詞,副詞可能,*,*,*,*,すべて,スベテ,スベテ
の	助詞,連体化,*,*,*,*,の,ノ,ノ
所	名詞,非自立,副詞可能,*,*,*,所,トコロ,トコロ
から	助詞,格助詞,一般,*,*,*,から,カラ,カラ
エルサレム	名詞,固有名詞,地域,一般,*,*,エルサレム,エルサレム,エルサレム
に	助詞,格助詞,一般,*,*,*,に,ニ,ニ
連れ	動詞,自立,*,*,一段,連用形,連れる,ツレ,ツレ
て	助詞,接続助詞,*,*,*,*,て,テ,テ
来	動詞,非自立,*,*,カ変・来ル,連用形,来る,キ,キ
て	助詞,接続助詞,*,*,*,*,て,テ,テ
，	記号,読点,*,*,*,*,，,，,，
感謝	名詞,サ変接続,*,*,*,*,感謝,カンシャ,カンシャ
の	助詞,連体化,*,*,*,*,の,ノ,ノ
ことば	名詞,一般,*,*,*,*,ことば,コトバ,コトバ
と	助詞,並立助詞,*,*,*,*,と,ト,ト
歌	名詞,一般,*,*,*,*,歌,ウタ,ウタ
，	記号,読点,*,*,*,*,，,，,，
シンバル	名詞,一般,*,*,*,*,シンバル,シンバル,シンバル
[	名詞,サ変接続,*,*,*,*,*
および	接続詞,*,*,*,*,*,および,オヨビ,オヨビ
]	名詞,サ変接続,*,*,*,*,*
弦楽器	名詞,一般,*,*,*,*,弦楽器,ゲンガッキ,ゲンガッキ
と	助詞,並立助詞,*,*,*,*,と,ト,ト
たて	名詞,一般,*,*,*,*,たて,タテ,タテ
琴	名詞,一般,*,*,*,*,琴,キン,キン
と	助詞,並立助詞,*,*,*,*,と,ト,ト
を	助詞,格助詞,一般,*,*,*,を,ヲ,ヲ
もっ	動詞,自立,*,*,五段・タ行,連用タ接続,もつ,モッ,モッ
て	助詞,接続助詞,*,*,*,*,て,テ,テ
，	記号,読点,*,*,*,*,，,，,，
歓び	動詞,自立,*,*,五段・バ行,連用形,歓ぶ,ヨロコビ,ヨロコビ
ながら	助詞,接続助詞,*,*,*,*,ながら,ナガラ,ナガラ
奉献	名詞,サ変接続,*,*,*,*,奉献,ホウケン,ホーケン
式	名詞,接尾,一般,*,*,*,式,シキ,シキ
を	助詞,格助詞,一般,*,*,*,を,ヲ,ヲ
行なお	動詞,自立,*,*,五段・ワ行促音便,未然ウ接続,行なう,オコナオ,オコナオ
う	助動詞,*,*,*,不変化型,基本形,う,ウ,ウ
と	助詞,格助詞,引用,*,*,*,と,ト,ト
し	動詞,自立,*,*,サ変・スル,連用形,する,シ,シ
た	助動詞,*,*,*,特殊・タ,基本形,た,タ,タ
。	記号,句点,*,*,*,*,。,。,。
そこ	名詞,代名詞,一般,*,*,*,そこ,ソコ,ソコ
で	助詞,格助詞,一般,*,*,*,で,デ,デ
歌う	動詞,自立,*,*,五段・ワ行促音便,基本形,歌う,ウタウ,ウタウ
たい	名詞,一般,*,*,*,*,たい,タイ,タイ
の	助詞,連体化,*,*,*,*,の,ノ,ノ
子	名詞,一般,*,*,*,*,子,コ,コ
ら	名詞,接尾,一般,*,*,*,ら,ラ,ラ
は	助詞,係助詞,*,*,*,*,は,ハ,ワ
，	記号,読点,*,*,*,*,，,，,，
この	連体詞,*,*,*,*,*,この,コノ,コノ
地域	名詞,一般,*,*,*,*,地域,チイキ,チイキ
から	助詞,格助詞,一般,*,*,*,から,カラ,カラ
，	記号,読点,*,*,*,*,，,，,，
エルサレム	名詞,固有名詞,地域,一般,*,*,エルサレム,エルサレム,エルサレム
の	助詞,連体化,*,*,*,*,の,ノ,ノ
周辺	名詞,一般,*,*,*,*,周辺,シュウヘン,シューヘン
と	助詞,並立助詞,*,*,*,*,と,ト,ト
ネトファ	名詞,一般,*,*,*,*,*
人	名詞,接尾,一般,*,*,*,人,ジン,ジン
の	助詞,連体化,*,*,*,*,の,ノ,ノ
集落	名詞,一般,*,*,*,*,集落,シュウラク,シューラク
から	助詞,格助詞,一般,*,*,*,から,カラ,カラ
，	記号,読点,*,*,*,*,，,，,，
また	接続詞,*,*,*,*,*,また,マタ,マタ
ベト	名詞,固有名詞,人名,名,*,*,ベト,ベト,ベト
･	名詞,サ変接続,*,*,*,*,*
ギルガル	名詞,一般,*,*,*,*,*
や	助詞,並立助詞,*,*,*,*,や,ヤ,ヤ
，	記号,読点,*,*,*,*,，,，,，
ゲバ	名詞,一般,*,*,*,*,ゲバ,ゲバ,ゲバ
と	助詞,並立助詞,*,*,*,*,と,ト,ト
アズマベト	名詞,一般,*,*,*,*,*
の	助詞,連体化,*,*,*,*,の,ノ,ノ
畑地	名詞,一般,*,*,*,*,畑地,ハタチ,ハタチ
から	助詞,格助詞,一般,*,*,*,から,カラ,カラ
集まっ	動詞,自立,*,*,五段・ラ行,連用タ接続,集まる,アツマッ,アツマッ
た	助動詞,*,*,*,特殊・タ,基本形,た,タ,タ
。	記号,句点,*,*,*,*,。,。,。
歌う	動詞,自立,*,*,五段・ワ行促音便,基本形,歌う,ウタウ,ウタウ
たい	名詞,一般,*,*,*,*,たい,タイ,タイ
たち	名詞,接尾,一般,*,*,*,たち,タチ,タチ
が	助詞,格助詞,一般,*,*,*,が,ガ,ガ
エルサレム	名詞,固有名詞,地域,一般,*,*,エルサレム,エルサレム,エルサレム
の	助詞,連体化,*,*,*,*,の,ノ,ノ
周囲	名詞,一般,*,*,*,*,周囲,シュウイ,シューイ
に	助詞,格助詞,一般,*,*,*,に,ニ,ニ
自分	名詞,一般,*,*,*,*,自分,ジブン,ジブン
たち	名詞,接尾,一般,*,*,*,たち,タチ,タチ
の	助詞,連体化,*,*,*,*,の,ノ,ノ
ため	名詞,非自立,副詞可能,*,*,*,ため,タメ,タメ
に	助詞,格助詞,一般,*,*,*,に,ニ,ニ
建て	動詞,自立,*,*,一段,連用形,建てる,タテ,タテ
て	助詞,接続助詞,*,*,*,*,て,テ,テ
い	動詞,非自立,*,*,一段,連用形,いる,イ,イ
た	助動詞,*,*,*,特殊・タ,基本形,た,タ,タ
集落	名詞,一般,*,*,*,*,集落,シュウラク,シューラク
が	助詞,格助詞,一般,*,*,*,が,ガ,ガ
あっ	動詞,自立,*,*,五段・ラ行,連用タ接続,ある,アッ,アッ
た	助動詞,*,*,*,特殊・タ,基本形,た,タ,タ
から	助詞,接続助詞,*,*,*,*,から,カラ,カラ
で	助動詞,*,*,*,特殊・ダ,連用形,だ,デ,デ
ある	助動詞,*,*,*,五段・ラ行アル,基本形,ある,アル,アル
。	記号,句点,*,*,*,*,。,。,。
こうして	接続詞,*,*,*,*,*,こうして,コウシテ,コーシテ
，	記号,読点,*,*,*,*,，,，,，
祭司	名詞,一般,*,*,*,*,祭司,サイシ,サイシ
と	助詞,並立助詞,*,*,*,*,と,ト,ト
レビ	名詞,固有名詞,人名,姓,*,*,レビ,レビ,レビ
人	名詞,接尾,一般,*,*,*,人,ジン,ジン
は	助詞,係助詞,*,*,*,*,は,ハ,ワ
身	名詞,一般,*,*,*,*,身,ミ,ミ
を	助詞,格助詞,一般,*,*,*,を,ヲ,ヲ
清め	動詞,自立,*,*,一段,連用形,清める,キヨメ,キヨメ
，	記号,読点,*,*,*,*,，,，,，
また	接続詞,*,*,*,*,*,また,マタ,マタ
民	名詞,一般,*,*,*,*,民,ミン,ミン
と	助詞,並立助詞,*,*,*,*,と,ト,ト
門	名詞,一般,*,*,*,*,門,モン,モン
と	助詞,並立助詞,*,*,*,*,と,ト,ト
城壁	名詞,一般,*,*,*,*,城壁,ジョウヘキ,ジョーヘキ
と	助詞,並立助詞,*,*,*,*,と,ト,ト
を	助詞,格助詞,一般,*,*,*,を,ヲ,ヲ
清め	動詞,自立,*,*,一段,連用形,清める,キヨメ,キヨメ
た	助動詞,*,*,*,特殊・タ,基本形,た,タ,タ
。	記号,句点,*,*,*,*,。,。,。
そこで	接続詞,*,*,*,*,*,そこで,ソコデ,ソコデ
，	記号,読点,*,*,*,*,，,，,，
わたし	名詞,代名詞,一般,*,*,*,わたし,ワタシ,ワタシ
は	助詞,係助詞,*,*,*,*,は,ハ,ワ
ユダ	名詞,一般,*,*,*,*,*
の	助詞,連体化,*,*,*,*,の,ノ,ノ
君たち	名詞,代名詞,一般,*,*,*,君たち,キミタチ,キミタチ
を	助詞,格助詞,一般,*,*,*,を,ヲ,ヲ
城壁	名詞,一般,*,*,*,*,城壁,ジョウヘキ,ジョーヘキ
の	助詞,連体化,*,*,*,*,の,ノ,ノ
上	名詞,非自立,副詞可能,*,*,*,上,ウエ,ウエ
に	助詞,格助詞,一般,*,*,*,に,ニ,ニ
上ら	動詞,自立,*,*,五段・ラ行,未然形,上る,ノボラ,ノボラ
せ	動詞,接尾,*,*,一段,連用形,せる,セ,セ
た	助動詞,*,*,*,特殊・タ,基本形,た,タ,タ
。	記号,句点,*,*,*,*,。,。,。
さらに	副詞,助詞類接続,*,*,*,*,さらに,サラニ,サラニ
，	記号,読点,*,*,*,*,，,，,，
わたし	名詞,代名詞,一般,*,*,*,わたし,ワタシ,ワタシ
は	助詞,係助詞,*,*,*,*,は,ハ,ワ
二	名詞,数,*,*,*,*,二,ニ,ニ
組	名詞,接尾,助数詞,*,*,*,組,クミ,クミ
の	助詞,連体化,*,*,*,*,の,ノ,ノ
大きな	連体詞,*,*,*,*,*,大きな,オオキナ,オーキナ
感謝	名詞,サ変接続,*,*,*,*,感謝,カンシャ,カンシャ
式	名詞,接尾,一般,*,*,*,式,シキ,シキ
の	助詞,連体化,*,*,*,*,の,ノ,ノ
合唱	名詞,サ変接続,*,*,*,*,合唱,ガッショウ,ガッショー
隊	名詞,接尾,一般,*,*,*,隊,タイ,タイ
と	助詞,格助詞,一般,*,*,*,と,ト,ト
行列	名詞,サ変接続,*,*,*,*,行列,ギョウレツ,ギョーレツ
を	助詞,格助詞,一般,*,*,*,を,ヲ,ヲ
取り決め	動詞,自立,*,*,一段,連用形,取り決める,トリキメ,トリキメ
，	記号,読点,*,*,*,*,，,，,，
[	名詞,サ変接続,*,*,*,*,*
そして	接続詞,*,*,*,*,*,そして,ソシテ,ソシテ
その	連体詞,*,*,*,*,*,その,ソノ,ソノ
一方	名詞,非自立,副詞可能,*,*,*,一方,イッポウ,イッポー
は	助詞,係助詞,*,*,*,*,は,ハ,ワ
]	名詞,サ変接続,*,*,*,*,*
城壁	名詞,一般,*,*,*,*,城壁,ジョウヘキ,ジョーヘキ
の	助詞,連体化,*,*,*,*,の,ノ,ノ
上	名詞,非自立,副詞可能,*,*,*,上,ウエ,ウエ
を	助詞,格助詞,一般,*,*,*,を,ヲ,ヲ
右	名詞,一般,*,*,*,*,右,ミギ,ミギ
の	助詞,連体化,*,*,*,*,の,ノ,ノ
方	名詞,非自立,一般,*,*,*,方,ホウ,ホー
，	記号,読点,*,*,*,*,，,，,，
“	記号,括弧開,*,*,*,*,“,“,“
灰	名詞,一般,*,*,*,*,灰,ハイ,ハイ
の	助詞,連体化,*,*,*,*,の,ノ,ノ
山	名詞,一般,*,*,*,*,山,ヤマ,ヤマ
の	助詞,連体化,*,*,*,*,の,ノ,ノ
門	名詞,一般,*,*,*,*,門,モン,モン
”	記号,括弧閉,*,*,*,*,”,”,”
に	助詞,格助詞,一般,*,*,*,に,ニ,ニ
[	名詞,サ変接続,*,*,*,*,*
進ん	動詞,自立,*,*,五段・マ行,連用タ接続,進む,ススン,ススン
で	助詞,接続助詞,*,*,*,*,で,デ,デ
行っ	動詞,非自立,*,*,五段・カ行促音便,連用タ接続,行く,イッ,イッ
た	助動詞,*,*,*,特殊・タ,基本形,た,タ,タ
]。	名詞,サ変接続,*,*,*,*,*
そして	接続詞,*,*,*,*,*,そして,ソシテ,ソシテ
ホシャヤ	名詞,一般,*,*,*,*,*
と	助詞,並立助詞,*,*,*,*,と,ト,ト
，	記号,読点,*,*,*,*,，,，,，
ユダ	名詞,一般,*,*,*,*,*
の	助詞,連体化,*,*,*,*,の,ノ,ノ
君たち	名詞,代名詞,一般,*,*,*,君たち,キミタチ,キミタチ
の	助詞,連体化,*,*,*,*,の,ノ,ノ
半分	名詞,副詞可能,*,*,*,*,半分,ハンブン,ハンブン
は	助詞,係助詞,*,*,*,*,は,ハ,ワ
彼ら	名詞,代名詞,一般,*,*,*,彼ら,カレラ,カレラ
の	助詞,連体化,*,*,*,*,の,ノ,ノ
後ろ	名詞,一般,*,*,*,*,後ろ,ウシロ,ウシロ
に	助詞,格助詞,一般,*,*,*,に,ニ,ニ
続い	動詞,自立,*,*,五段・カ行イ音便,連用タ接続,続く,ツヅイ,ツズイ
て	助詞,接続助詞,*,*,*,*,て,テ,テ
進み	動詞,自立,*,*,五段・マ行,連用形,進む,ススミ,ススミ
はじめ	動詞,非自立,*,*,一段,連用形,はじめる,ハジメ,ハジメ
，	記号,読点,*,*,*,*,，,，,，
また	接続詞,*,*,*,*,*,また,マタ,マタ
アザリヤ	名詞,一般,*,*,*,*,*
，	記号,読点,*,*,*,*,，,，,，
エズラ	名詞,一般,*,*,*,*,*
と	助詞,並立助詞,*,*,*,*,と,ト,ト
メシュラム	名詞,一般,*,*,*,*,*
，	記号,読点,*,*,*,*,，,，,，
ユダ	名詞,一般,*,*,*,*,*
と	助詞,並立助詞,*,*,*,*,と,ト,ト
ベニヤミン	名詞,一般,*,*,*,*,*
と	助詞,並立助詞,*,*,*,*,と,ト,ト
シェマヤ	名詞,一般,*,*,*,*,*
と	助詞,並立助詞,*,*,*,*,と,ト,ト
エレミヤ	名詞,一般,*,*,*,*,*
も	助詞,係助詞,*,*,*,*,も,モ,モ
[	名詞,サ変接続,*,*,*,*,*
進ん	動詞,自立,*,*,五段・マ行,連用タ接続,進む,ススン,ススン
だ	助動詞,*,*,*,特殊・タ,基本形,だ,ダ,ダ
]。	名詞,サ変接続,*,*,*,*,*
また	接続詞,*,*,*,*,*,また,マタ,マタ
，	記号,読点,*,*,*,*,，,，,，
祭司	名詞,一般,*,*,*,*,祭司,サイシ,サイシ
の	助詞,連体化,*,*,*,*,の,ノ,ノ
子	名詞,一般,*,*,*,*,子,コ,コ
ら	名詞,接尾,一般,*,*,*,ら,ラ,ラ
の	助詞,連体化,*,*,*,*,の,ノ,ノ
者	名詞,非自立,一般,*,*,*,者,モノ,モノ
も	助詞,係助詞,*,*,*,*,も,モ,モ
ラッパ	名詞,一般,*,*,*,*,ラッパ,ラッパ,ラッパ
を	助詞,格助詞,一般,*,*,*,を,ヲ,ヲ
持っ	動詞,自立,*,*,五段・タ行,連用タ接続,持つ,モッ,モッ
て	助詞,接続助詞,*,*,*,*,て,テ,テ
[	名詞,サ変接続,*,*,*,*,*
進ん	動詞,自立,*,*,五段・マ行,連用タ接続,進む,ススン,ススン
だ	助動詞,*,*,*,特殊・タ,基本形,だ,ダ,ダ
]。	名詞,サ変接続,*,*,*,*,*
すなわち	接続詞,*,*,*,*,*,すなわち,スナワチ,スナワチ
，	記号,読点,*,*,*,*,，,，,，
ヨナタン	名詞,一般,*,*,*,*,*
の	助詞,連体化,*,*,*,*,の,ノ,ノ
子	接頭詞,名詞接続,*,*,*,*,子,コ,コ
ゼカリヤ	名詞,一般,*,*,*,*,*
で	助動詞,*,*,*,特殊・ダ,連用形,だ,デ,デ
あっ	助動詞,*,*,*,五段・ラ行アル,連用タ接続,ある,アッ,アッ
た	助動詞,*,*,*,特殊・タ,基本形,た,タ,タ
。	記号,句点,*,*,*,*,。,。,。
[	名詞,サ変接続,*,*,*,*,*
ヨナタン	名詞,一般,*,*,*,*,*
は	助詞,係助詞,*,*,*,*,は,ハ,ワ
]	名詞,サ変接続,*,*,*,*,*
シェマヤ	名詞,一般,*,*,*,*,*
の	助詞,連体化,*,*,*,*,の,ノ,ノ
子	接頭詞,名詞接続,*,*,*,*,子,コ,コ
，[	名詞,サ変接続,*,*,*,*,*
順次	副詞,助詞類接続,*,*,*,*,順次,ジュンジ,ジュンジ
さかのぼっ	動詞,自立,*,*,五段・ラ行,連用タ接続,さかのぼる,サカノボッ,サカノボッ
て	助詞,接続助詞,*,*,*,*,て,テ,テ
]	名詞,サ変接続,*,*,*,*,*
マタヌヤ	名詞,一般,*,*,*,*,*
の	助詞,連体化,*,*,*,*,の,ノ,ノ
子	名詞,一般,*,*,*,*,子,コ,コ
，	記号,読点,*,*,*,*,，,，,，
ミ	名詞,一般,*,*,*,*,ミ,ミ,ミ
カヤ	名詞,一般,*,*,*,*,カヤ,カヤ,カヤ
の	助詞,連体化,*,*,*,*,の,ノ,ノ
子	名詞,一般,*,*,*,*,子,コ,コ
，	記号,読点,*,*,*,*,，,，,，
ザクル	名詞,一般,*,*,*,*,*
の	助詞,連体化,*,*,*,*,の,ノ,ノ
子	名詞,一般,*,*,*,*,子,コ,コ
，	記号,読点,*,*,*,*,，,，,，
アサフ	名詞,一般,*,*,*,*,*
の	助詞,連体化,*,*,*,*,の,ノ,ノ
子	名詞,一般,*,*,*,*,子,コ,コ
で	助動詞,*,*,*,特殊・ダ,連用形,だ,デ,デ
ある	助動詞,*,*,*,五段・ラ行アル,基本形,ある,アル,アル
。	記号,句点,*,*,*,*,。,。,。
また	接続詞,*,*,*,*,*,また,マタ,マタ
，	記号,読点,*,*,*,*,，,，,，
[	名詞,サ変接続,*,*,*,*,*
ゼカリヤ	名詞,一般,*,*,*,*,*
]	名詞,サ変接続,*,*,*,*,*
の	助詞,連体化,*,*,*,*,の,ノ,ノ
兄弟	名詞,一般,*,*,*,*,兄弟,キョウダイ,キョーダイ
たち	名詞,接尾,一般,*,*,*,たち,タチ,タチ
シェマヤ	名詞,一般,*,*,*,*,*
と	助詞,並立助詞,*,*,*,*,と,ト,ト
アザルエル	名詞,一般,*,*,*,*,*
，	記号,読点,*,*,*,*,，,，,，
ミラライ	名詞,一般,*,*,*,*,*
，	記号,読点,*,*,*,*,，,，,，
ギラライ	名詞,一般,*,*,*,*,*
，	記号,読点,*,*,*,*,，,，,，
マアイ	名詞,一般,*,*,*,*,*
，	記号,読点,*,*,*,*,，,，,，
ネタヌエル	名詞,一般,*,*,*,*,*
と	助詞,並立助詞,*,*,*,*,と,ト,ト
ユダ	名詞,一般,*,*,*,*,*
，	記号,読点,*,*,*,*,，,，,，
ハナニ	名詞,一般,*,*,*,*,*
が	助詞,格助詞,一般,*,*,*,が,ガ,ガ
おり	動詞,自立,*,*,五段・ラ行,連用形,おる,オリ,オリ
，	記号,読点,*,*,*,*,，,，,，
[	名詞,サ変接続,*,*,*,*,*
ま	フィラー,*,*,*,*,*,ま,マ,マ
こと	名詞,非自立,一般,*,*,*,こと,コト,コト
の	助詞,連体化,*,*,*,*,の,ノ,ノ
]	名詞,サ変接続,*,*,*,*,*
神	名詞,接尾,一般,*,*,*,神,シン,シン
の	助詞,連体化,*,*,*,*,の,ノ,ノ
人	名詞,一般,*,*,*,*,人,ヒト,ヒト
ダビデ	名詞,一般,*,*,*,*,*
の	助詞,連体化,*,*,*,*,の,ノ,ノ
歌	名詞,一般,*,*,*,*,歌,ウタ,ウタ
の	助詞,連体化,*,*,*,*,の,ノ,ノ
楽器	名詞,一般,*,*,*,*,楽器,ガッキ,ガッキ
を	助詞,格助詞,一般,*,*,*,を,ヲ,ヲ
持っ	動詞,自立,*,*,五段・タ行,連用タ接続,持つ,モッ,モッ
て	助詞,接続助詞,*,*,*,*,て,テ,テ
[	名詞,サ変接続,*,*,*,*,*
進ん	動詞,自立,*,*,五段・マ行,連用タ接続,進む,ススン,ススン
だ	助動詞,*,*,*,特殊・タ,基本形,だ,ダ,ダ
]。	名詞,サ変接続,*,*,*,*,*
写字	名詞,一般,*,*,*,*,写字,シャジ,シャジ
生	名詞,接尾,一般,*,*,*,生,セイ,セイ
エズラ	名詞,一般,*,*,*,*,*
は	助詞,係助詞,*,*,*,*,は,ハ,ワ
彼ら	名詞,代名詞,一般,*,*,*,彼ら,カレラ,カレラ
の	助詞,連体化,*,*,*,*,の,ノ,ノ
先	名詞,一般,*,*,*,*,先,サキ,サキ
に	助詞,格助詞,一般,*,*,*,に,ニ,ニ
[	名詞,サ変接続,*,*,*,*,*
立っ	動詞,自立,*,*,五段・タ行,連用タ接続,立つ,タッ,タッ
た	助動詞,*,*,*,特殊・タ,基本形,た,タ,タ
]。	名詞,サ変接続,*,*,*,*,*
そして	接続詞,*,*,*,*,*,そして,ソシテ,ソシテ
彼ら	名詞,代名詞,一般,*,*,*,彼ら,カレラ,カレラ
は	助詞,係助詞,*,*,*,*,は,ハ,ワ
，	記号,読点,*,*,*,*,，,，,，
“	記号,括弧開,*,*,*,*,“,“,“
泉	名詞,一般,*,*,*,*,泉,イズミ,イズミ
の	助詞,連体化,*,*,*,*,の,ノ,ノ
門	名詞,一般,*,*,*,*,門,モン,モン
”	記号,括弧閉,*,*,*,*,”,”,”
の	助詞,連体化,*,*,*,*,の,ノ,ノ
ところ	名詞,非自立,副詞可能,*,*,*,ところ,トコロ,トコロ
で	助詞,格助詞,一般,*,*,*,で,デ,デ
，	記号,読点,*,*,*,*,，,，,，
前方	名詞,一般,*,*,*,*,前方,ゼンポウ,ゼンポー
へ	助詞,格助詞,一般,*,*,*,へ,ヘ,エ
まっすぐ	副詞,助詞類接続,*,*,*,*,まっすぐ,マッスグ,マッスグ
，	記号,読点,*,*,*,*,，,，,，
城壁	名詞,一般,*,*,*,*,城壁,ジョウヘキ,ジョーヘキ
の	助詞,連体化,*,*,*,*,の,ノ,ノ
坂道	名詞,一般,*,*,*,*,坂道,サカミチ,サカミチ
を	助詞,格助詞,一般,*,*,*,を,ヲ,ヲ
通っ	動詞,自立,*,*,五段・ラ行,連用タ接続,通る,トオッ,トーッ
て	助詞,接続助詞,*,*,*,*,て,テ,テ
“	記号,括弧開,*,*,*,*,“,“,“
ダビデ	名詞,一般,*,*,*,*,*
の	助詞,連体化,*,*,*,*,の,ノ,ノ
都市	名詞,一般,*,*,*,*,都市,トシ,トシ
”	記号,括弧閉,*,*,*,*,”,”,”
の	助詞,連体化,*,*,*,*,の,ノ,ノ
階段	名詞,一般,*,*,*,*,階段,カイダン,カイダン
を	助詞,格助詞,一般,*,*,*,を,ヲ,ヲ
上っ	動詞,自立,*,*,五段・ラ行,連用タ接続,上る,ノボッ,ノボッ
て	助詞,接続助詞,*,*,*,*,て,テ,テ
行き	動詞,非自立,*,*,五段・カ行促音便,連用形,行く,イキ,イキ
，	記号,読点,*,*,*,*,，,，,，
“	記号,括弧開,*,*,*,*,“,“,“
ダビデ	名詞,一般,*,*,*,*,*
の	助詞,連体化,*,*,*,*,の,ノ,ノ
家	名詞,一般,*,*,*,*,家,イエ,イエ
”	記号,括弧閉,*,*,*,*,”,”,”
の	助詞,連体化,*,*,*,*,の,ノ,ノ
上	名詞,非自立,副詞可能,*,*,*,上,ウエ,ウエ
を	助詞,格助詞,一般,*,*,*,を,ヲ,ヲ
通っ	動詞,自立,*,*,五段・ラ行,連用タ接続,通る,トオッ,トーッ
て	助詞,接続助詞,*,*,*,*,て,テ,テ
，	記号,読点,*,*,*,*,，,，,，
東	名詞,一般,*,*,*,*,東,ヒガシ,ヒガシ
の	助詞,連体化,*,*,*,*,の,ノ,ノ
方	名詞,非自立,一般,*,*,*,方,ホウ,ホー
の	助詞,連体化,*,*,*,*,の,ノ,ノ
“	記号,括弧開,*,*,*,*,“,“,“
水	名詞,一般,*,*,*,*,水,ミズ,ミズ
の	助詞,連体化,*,*,*,*,の,ノ,ノ
門	名詞,一般,*,*,*,*,門,モン,モン
”	記号,括弧閉,*,*,*,*,”,”,”
に	助詞,格助詞,一般,*,*,*,に,ニ,ニ
まで	助詞,副助詞,*,*,*,*,まで,マデ,マデ
[	名詞,サ変接続,*,*,*,*,*
進ん	動詞,自立,*,*,五段・マ行,連用タ接続,進む,ススン,ススン
だ	助動詞,*,*,*,特殊・タ,基本形,だ,ダ,ダ
]。	名詞,サ変接続,*,*,*,*,*
そして	接続詞,*,*,*,*,*,そして,ソシテ,ソシテ
，	記号,読点,*,*,*,*,，,，,，
もう	副詞,一般,*,*,*,*,もう,モウ,モー
一方	名詞,副詞可能,*,*,*,*,一方,イッポウ,イッポー
の	助詞,連体化,*,*,*,*,の,ノ,ノ
感謝	名詞,サ変接続,*,*,*,*,感謝,カンシャ,カンシャ
式	名詞,接尾,一般,*,*,*,式,シキ,シキ
の	助詞,連体化,*,*,*,*,の,ノ,ノ
合唱	名詞,サ変接続,*,*,*,*,合唱,ガッショウ,ガッショー
隊	名詞,接尾,一般,*,*,*,隊,タイ,タイ
は	助詞,係助詞,*,*,*,*,は,ハ,ワ
前方	名詞,一般,*,*,*,*,前方,ゼンポウ,ゼンポー
に	助詞,格助詞,一般,*,*,*,に,ニ,ニ
進ん	動詞,自立,*,*,五段・マ行,連用タ接続,進む,ススン,ススン
で	助詞,接続助詞,*,*,*,*,で,デ,デ
おり	動詞,非自立,*,*,五段・ラ行,連用形,おる,オリ,オリ
，	記号,読点,*,*,*,*,，,，,，
わたし	名詞,代名詞,一般,*,*,*,わたし,ワタシ,ワタシ
は	助詞,係助詞,*,*,*,*,は,ハ,ワ
その後	名詞,副詞可能,*,*,*,*,その後,ソノゴ,ソノゴ
に従い	助詞,格助詞,連語,*,*,*,に従い,ニシタガイ,ニシタガイ
，	記号,読点,*,*,*,*,，,，,，
また	接続詞,*,*,*,*,*,また,マタ,マタ
民	名詞,一般,*,*,*,*,民,ミン,ミン
の	助詞,連体化,*,*,*,*,の,ノ,ノ
半分	名詞,副詞可能,*,*,*,*,半分,ハンブン,ハンブン
も	助詞,係助詞,*,*,*,*,も,モ,モ
従っ	動詞,自立,*,*,五段・ワ行促音便,連用タ接続,従う,シタガッ,シタガッ
て	助詞,接続助詞,*,*,*,*,て,テ,テ
，	記号,読点,*,*,*,*,，,，,，
城壁	名詞,一般,*,*,*,*,城壁,ジョウヘキ,ジョーヘキ
の	助詞,連体化,*,*,*,*,の,ノ,ノ
上	名詞,非自立,副詞可能,*,*,*,上,ウエ,ウエ
を	助詞,格助詞,一般,*,*,*,を,ヲ,ヲ
[	名詞,サ変接続,*,*,*,*,*
進み	動詞,自立,*,*,五段・マ行,連用形,進む,ススミ,ススミ
]，“	名詞,サ変接続,*,*,*,*,*
焼き	名詞,接尾,一般,*,*,*,焼き,ヤキ,ヤキ
か	助詞,副助詞／並立助詞／終助詞,*,*,*,*,か,カ,カ
ま	フィラー,*,*,*,*,*,ま,マ,マ
どの	連体詞,*,*,*,*,*,どの,ドノ,ドノ
塔	名詞,一般,*,*,*,*,塔,トウ,トー
”	記号,括弧閉,*,*,*,*,”,”,”
の	助詞,連体化,*,*,*,*,の,ノ,ノ
上	名詞,非自立,副詞可能,*,*,*,上,ウエ,ウエ
を	助詞,格助詞,一般,*,*,*,を,ヲ,ヲ
通り	動詞,自立,*,*,五段・ラ行,連用形,通る,トオリ,トーリ
，	記号,読点,*,*,*,*,，,，,，
“	記号,括弧開,*,*,*,*,“,“,“
広い	形容詞,自立,*,*,形容詞・アウオ段,基本形,広い,ヒロイ,ヒロイ
城壁	名詞,一般,*,*,*,*,城壁,ジョウヘキ,ジョーヘキ
”	記号,括弧閉,*,*,*,*,”,”,”
の	助詞,連体化,*,*,*,*,の,ノ,ノ
ところ	名詞,非自立,副詞可能,*,*,*,ところ,トコロ,トコロ
に	助詞,格助詞,一般,*,*,*,に,ニ,ニ
行き	動詞,自立,*,*,五段・カ行促音便,連用形,行く,イキ,イキ
，	記号,読点,*,*,*,*,，,，,，
“	記号,括弧開,*,*,*,*,“,“,“
エフライム	名詞,一般,*,*,*,*,*
の	助詞,連体化,*,*,*,*,の,ノ,ノ
門	名詞,一般,*,*,*,*,門,モン,モン
”	記号,括弧閉,*,*,*,*,”,”,”
の	助詞,連体化,*,*,*,*,の,ノ,ノ
上	名詞,非自立,副詞可能,*,*,*,上,ウエ,ウエ
を	助詞,格助詞,一般,*,*,*,を,ヲ,ヲ
通り	動詞,自立,*,*,五段・ラ行,連用形,通る,トオリ,トーリ
，	記号,読点,*,*,*,*,，,，,，
“	記号,括弧開,*,*,*,*,“,“,“
旧	接頭詞,名詞接続,*,*,*,*,旧,キュウ,キュー
[	名詞,サ変接続,*,*,*,*,*
市	名詞,接尾,地域,*,*,*,市,シ,シ
]	名詞,サ変接続,*,*,*,*,*
の	助詞,連体化,*,*,*,*,の,ノ,ノ
門	名詞,一般,*,*,*,*,門,モン,モン
”	記号,括弧閉,*,*,*,*,”,”,”
に	助詞,格助詞,一般,*,*,*,に,ニ,ニ
行き	動詞,自立,*,*,五段・カ行促音便,連用形,行く,イキ,イキ
，	記号,読点,*,*,*,*,，,，,，
“	記号,括弧開,*,*,*,*,“,“,“
魚	名詞,一般,*,*,*,*,魚,サカナ,サカナ
の	助詞,連体化,*,*,*,*,の,ノ,ノ
門	名詞,一般,*,*,*,*,門,モン,モン
”	記号,括弧閉,*,*,*,*,”,”,”
と	助詞,格助詞,引用,*,*,*,と,ト,ト
“	記号,括弧開,*,*,*,*,“,“,“
ハナヌエル	名詞,一般,*,*,*,*,*
の	助詞,連体化,*,*,*,*,の,ノ,ノ
塔	名詞,一般,*,*,*,*,塔,トウ,トー
”	記号,括弧閉,*,*,*,*,”,”,”
と	助詞,格助詞,引用,*,*,*,と,ト,ト
“	記号,括弧開,*,*,*,*,“,“,“
メア	名詞,一般,*,*,*,*,*
の	助詞,連体化,*,*,*,*,の,ノ,ノ
塔	名詞,一般,*,*,*,*,塔,トウ,トー
”	記号,括弧閉,*,*,*,*,”,”,”
に	助詞,格助詞,一般,*,*,*,に,ニ,ニ
至り	動詞,自立,*,*,五段・ラ行,連用形,至る,イタリ,イタリ
，	記号,読点,*,*,*,*,，,，,，
“	記号,括弧開,*,*,*,*,“,“,“
羊	名詞,一般,*,*,*,*,羊,ヒツジ,ヒツジ
の	助詞,連体化,*,*,*,*,の,ノ,ノ
門	名詞,一般,*,*,*,*,門,モン,モン
”	記号,括弧閉,*,*,*,*,”,”,”
に	助詞,格助詞,一般,*,*,*,に,ニ,ニ
行っ	動詞,自立,*,*,五段・カ行促音便,連用タ接続,行く,イッ,イッ
た	助動詞,*,*,*,特殊・タ,基本形,た,タ,タ
。	記号,句点,*,*,*,*,。,。,。
そして	接続詞,*,*,*,*,*,そして,ソシテ,ソシテ
彼ら	名詞,代名詞,一般,*,*,*,彼ら,カレラ,カレラ
は	助詞,係助詞,*,*,*,*,は,ハ,ワ
“	記号,括弧開,*,*,*,*,“,“,“
監視	名詞,サ変接続,*,*,*,*,監視,カンシ,カンシ
の	助詞,連体化,*,*,*,*,の,ノ,ノ
門	名詞,一般,*,*,*,*,門,モン,モン
”	記号,括弧閉,*,*,*,*,”,”,”
で	助詞,格助詞,一般,*,*,*,で,デ,デ
立ち止まっ	動詞,自立,*,*,五段・ラ行,連用タ接続,立ち止まる,タチドマッ,タチドマッ
た	助動詞,*,*,*,特殊・タ,基本形,た,タ,タ
。	記号,句点,*,*,*,*,。,。,。
ついに	副詞,一般,*,*,*,*,ついに,ツイニ,ツイニ
二	名詞,数,*,*,*,*,二,ニ,ニ
組	名詞,接尾,助数詞,*,*,*,組,クミ,クミ
の	助詞,連体化,*,*,*,*,の,ノ,ノ
感謝	名詞,サ変接続,*,*,*,*,感謝,カンシャ,カンシャ
式	名詞,接尾,一般,*,*,*,式,シキ,シキ
の	助詞,連体化,*,*,*,*,の,ノ,ノ
合唱	名詞,サ変接続,*,*,*,*,合唱,ガッショウ,ガッショー
隊	名詞,接尾,一般,*,*,*,隊,タイ,タイ
は	助詞,係助詞,*,*,*,*,は,ハ,ワ
[	名詞,サ変接続,*,*,*,*,*
ま	フィラー,*,*,*,*,*,ま,マ,マ
こと	名詞,非自立,一般,*,*,*,こと,コト,コト
の	助詞,連体化,*,*,*,*,の,ノ,ノ
]	名詞,サ変接続,*,*,*,*,*
神	名詞,接尾,一般,*,*,*,神,シン,シン
の	助詞,連体化,*,*,*,*,の,ノ,ノ
家	名詞,一般,*,*,*,*,家,イエ,イエ
で	助詞,格助詞,一般,*,*,*,で,デ,デ
立ち止まり	動詞,自立,*,*,五段・ラ行,連用形,立ち止まる,タチドマリ,タチドマリ
，	記号,読点,*,*,*,*,，,，,，
わたし	名詞,代名詞,一般,*,*,*,わたし,ワタシ,ワタシ
も	助詞,係助詞,*,*,*,*,も,モ,モ
，	記号,読点,*,*,*,*,，,，,，
また	接続詞,*,*,*,*,*,また,マタ,マタ
わたし	名詞,代名詞,一般,*,*,*,わたし,ワタシ,ワタシ
と	助詞,格助詞,一般,*,*,*,と,ト,ト
共に	副詞,一般,*,*,*,*,共に,トモニ,トモニ
い	動詞,自立,*,*,一段,連用形,いる,イ,イ
た	助動詞,*,*,*,特殊・タ,基本形,た,タ,タ
代理	名詞,サ変接続,*,*,*,*,代理,ダイリ,ダイリ
支配	名詞,サ変接続,*,*,*,*,支配,シハイ,シハイ
者	名詞,接尾,一般,*,*,*,者,シャ,シャ
たち	名詞,接尾,一般,*,*,*,たち,タチ,タチ
の	助詞,連体化,*,*,*,*,の,ノ,ノ
半分	名詞,副詞可能,*,*,*,*,半分,ハンブン,ハンブン
も	助詞,係助詞,*,*,*,*,も,モ,モ
，	記号,読点,*,*,*,*,，,，,，
また	接続詞,*,*,*,*,*,また,マタ,マタ
祭司	名詞,一般,*,*,*,*,祭司,サイシ,サイシ
たち	名詞,接尾,一般,*,*,*,たち,タチ,タチ
，	記号,読点,*,*,*,*,，,，,，
エリヤキム	名詞,一般,*,*,*,*,*
，	記号,読点,*,*,*,*,，,，,，
マアセヤ	名詞,一般,*,*,*,*,*
，	記号,読点,*,*,*,*,，,，,，
ミヌヤミン	名詞,一般,*,*,*,*,*
，	記号,読点,*,*,*,*,，,，,，
ミ	名詞,一般,*,*,*,*,ミ,ミ,ミ
カヤ	名詞,一般,*,*,*,*,カヤ,カヤ,カヤ
，	記号,読点,*,*,*,*,，,，,，
エルヨエナイ	名詞,一般,*,*,*,*,*
，	記号,読点,*,*,*,*,，,，,，
ゼカリヤ	名詞,一般,*,*,*,*,*
，	記号,読点,*,*,*,*,，,，,，
ハナニヤ	名詞,一般,*,*,*,*,*
も	助詞,係助詞,*,*,*,*,も,モ,モ
ラッパ	名詞,一般,*,*,*,*,ラッパ,ラッパ,ラッパ
を	助詞,格助詞,一般,*,*,*,を,ヲ,ヲ
持ち	動詞,自立,*,*,五段・タ行,連用形,持つ,モチ,モチ
，	記号,読点,*,*,*,*,，,，,，
また	接続詞,*,*,*,*,*,また,マタ,マタ
マアセヤ	名詞,一般,*,*,*,*,*
と	助詞,並立助詞,*,*,*,*,と,ト,ト
シェマヤ	名詞,一般,*,*,*,*,*
，	記号,読点,*,*,*,*,，,，,，
それ	名詞,代名詞,一般,*,*,*,それ,ソレ,ソレ
に	助詞,格助詞,一般,*,*,*,に,ニ,ニ
エレアザル	名詞,一般,*,*,*,*,*
，	記号,読点,*,*,*,*,，,，,，
ウジ	名詞,一般,*,*,*,*,ウジ,ウジ,ウジ
，	記号,読点,*,*,*,*,，,，,，
エホハナン	名詞,一般,*,*,*,*,*
，	記号,読点,*,*,*,*,，,，,，
マル	名詞,一般,*,*,*,*,マル,マル,マル
キヤ	名詞,固有名詞,一般,*,*,*,キヤ,キヤ,キヤ
，	記号,読点,*,*,*,*,，,，,，
エラム	名詞,一般,*,*,*,*,*
および	接続詞,*,*,*,*,*,および,オヨビ,オヨビ
エゼル	名詞,一般,*,*,*,*,*
も	助詞,係助詞,*,*,*,*,も,モ,モ
[	名詞,サ変接続,*,*,*,*,*
立ち止まっ	動詞,自立,*,*,五段・ラ行,連用タ接続,立ち止まる,タチドマッ,タチドマッ
た	助動詞,*,*,*,特殊・タ,基本形,た,タ,タ
]。	名詞,サ変接続,*,*,*,*,*
そして	接続詞,*,*,*,*,*,そして,ソシテ,ソシテ
，	記号,読点,*,*,*,*,，,，,，
歌う	動詞,自立,*,*,五段・ワ行促音便,基本形,歌う,ウタウ,ウタウ
たい	名詞,一般,*,*,*,*,たい,タイ,タイ
たち	名詞,接尾,一般,*,*,*,たち,タチ,タチ
は	助詞,係助詞,*,*,*,*,は,ハ,ワ
監督	名詞,サ変接続,*,*,*,*,監督,カントク,カントク
イズラフヤ	名詞,一般,*,*,*,*,*
と共に	助詞,格助詞,連語,*,*,*,と共に,トトモニ,トトモニ
その	連体詞,*,*,*,*,*,その,ソノ,ソノ
[	名詞,サ変接続,*,*,*,*,*
声	名詞,接尾,一般,*,*,*,声,ゴエ,ゴエ
]	名詞,サ変接続,*,*,*,*,*
を	助詞,格助詞,一般,*,*,*,を,ヲ,ヲ
聞こえ	動詞,自立,*,*,一段,未然形,聞こえる,キコエ,キコエ
させ	動詞,接尾,*,*,一段,連用形,させる,サセ,サセ
て	助詞,接続助詞,*,*,*,*,て,テ,テ
い	動詞,非自立,*,*,一段,連用形,いる,イ,イ
た	助動詞,*,*,*,特殊・タ,基本形,た,タ,タ
。	記号,句点,*,*,*,*,。,。,。
こうして	接続詞,*,*,*,*,*,こうして,コウシテ,コーシテ
彼ら	名詞,代名詞,一般,*,*,*,彼ら,カレラ,カレラ
は	助詞,係助詞,*,*,*,*,は,ハ,ワ
その	連体詞,*,*,*,*,*,その,ソノ,ソノ
日	名詞,非自立,副詞可能,*,*,*,日,ヒ,ヒ
，	記号,読点,*,*,*,*,，,，,，
大いなる	連体詞,*,*,*,*,*,大いなる,オオイナル,オーイナル
犠牲	名詞,一般,*,*,*,*,犠牲,ギセイ,ギセイ
を	助詞,格助詞,一般,*,*,*,を,ヲ,ヲ
ささげ	動詞,自立,*,*,一段,連用形,ささげる,ササゲ,ササゲ
て	助詞,接続助詞,*,*,*,*,て,テ,テ
歓ん	動詞,自立,*,*,五段・バ行,連用タ接続,歓ぶ,ヨロコン,ヨロコン
だ	助動詞,*,*,*,特殊・タ,基本形,だ,ダ,ダ
。	記号,句点,*,*,*,*,。,。,。
[	名詞,サ変接続,*,*,*,*,*
ま	フィラー,*,*,*,*,*,ま,マ,マ
こと	名詞,非自立,一般,*,*,*,こと,コト,コト
の	助詞,連体化,*,*,*,*,の,ノ,ノ
]	名詞,サ変接続,*,*,*,*,*
神	名詞,接尾,一般,*,*,*,神,シン,シン
が	助詞,格助詞,一般,*,*,*,が,ガ,ガ
，	記号,読点,*,*,*,*,，,，,，
大いなる	連体詞,*,*,*,*,*,大いなる,オオイナル,オーイナル
喜び	名詞,一般,*,*,*,*,喜び,ヨロコビ,ヨロコビ
を	助詞,格助詞,一般,*,*,*,を,ヲ,ヲ
もっ	動詞,自立,*,*,五段・タ行,連用タ接続,もつ,モッ,モッ
て	助詞,接続助詞,*,*,*,*,て,テ,テ
彼ら	名詞,代名詞,一般,*,*,*,彼ら,カレラ,カレラ
を	助詞,格助詞,一般,*,*,*,を,ヲ,ヲ
歓ば	動詞,自立,*,*,五段・バ行,未然形,歓ぶ,ヨロコバ,ヨロコバ
せ	動詞,接尾,*,*,一段,連用形,せる,セ,セ
て	助詞,接続助詞,*,*,*,*,て,テ,テ
くださっ	動詞,非自立,*,*,五段・ラ行特殊,連用タ接続,くださる,クダサッ,クダサッ
た	助動詞,*,*,*,特殊・タ,基本形,た,タ,タ
から	助詞,接続助詞,*,*,*,*,から,カラ,カラ
で	助動詞,*,*,*,特殊・ダ,連用形,だ,デ,デ
ある	助動詞,*,*,*,五段・ラ行アル,基本形,ある,アル,アル
。	記号,句点,*,*,*,*,。,。,。
また	接続詞,*,*,*,*,*,また,マタ,マタ
，	記号,読点,*,*,*,*,，,，,，
女	名詞,一般,*,*,*,*,女,オンナ,オンナ
や	助詞,並立助詞,*,*,*,*,や,ヤ,ヤ
子供	名詞,一般,*,*,*,*,子供,コドモ,コドモ
たち	名詞,接尾,一般,*,*,*,たち,タチ,タチ
も	助詞,係助詞,*,*,*,*,も,モ,モ
歓ん	動詞,自立,*,*,五段・バ行,連用タ接続,歓ぶ,ヨロコン,ヨロコン
だ	助動詞,*,*,*,特殊・タ,基本形,だ,ダ,ダ
ので	助詞,接続助詞,*,*,*,*,ので,ノデ,ノデ
，	記号,読点,*,*,*,*,，,，,，
エルサレム	名詞,固有名詞,地域,一般,*,*,エルサレム,エルサレム,エルサレム
の	助詞,連体化,*,*,*,*,の,ノ,ノ
歓び	名詞,一般,*,*,*,*,歓び,ヨロコビ,ヨロコビ
は	助詞,係助詞,*,*,*,*,は,ハ,ワ
はるか	名詞,形容動詞語幹,*,*,*,*,はるか,ハルカ,ハルカ
遠く	形容詞,自立,*,*,形容詞・アウオ段,連用テ接続,遠い,トオク,トーク
まで	助詞,副助詞,*,*,*,*,まで,マデ,マデ
聞こえ	動詞,自立,*,*,一段,連用形,聞こえる,キコエ,キコエ
た	助動詞,*,*,*,特殊・タ,基本形,た,タ,タ
。	記号,句点,*,*,*,*,。,。,。
さらに	副詞,助詞類接続,*,*,*,*,さらに,サラニ,サラニ
，	記号,読点,*,*,*,*,，,，,，
その	連体詞,*,*,*,*,*,その,ソノ,ソノ
日	名詞,非自立,副詞可能,*,*,*,日,ヒ,ヒ
，	記号,読点,*,*,*,*,，,，,，
貯蔵	名詞,サ変接続,*,*,*,*,貯蔵,チョゾウ,チョゾー
品	名詞,接尾,一般,*,*,*,品,ヒン,ヒン
，	記号,読点,*,*,*,*,，,，,，
寄進	名詞,サ変接続,*,*,*,*,寄進,キシン,キシン
物	名詞,接尾,一般,*,*,*,物,ブツ,ブツ
，	記号,読点,*,*,*,*,，,，,，
初物	名詞,一般,*,*,*,*,初物,ハツモノ,ハツモノ
，	名詞,数,*,*,*,*,，,，,，
十	名詞,数,*,*,*,*,十,ジュウ,ジュー
分の	名詞,接尾,助数詞,*,*,*,分の,ブンノ,ブンノ
一	名詞,数,*,*,*,*,一,イチ,イチ
の	助詞,連体化,*,*,*,*,の,ノ,ノ
ため	名詞,非自立,副詞可能,*,*,*,ため,タメ,タメ
の	助詞,連体化,*,*,*,*,の,ノ,ノ
広間	名詞,一般,*,*,*,*,広間,ヒロマ,ヒロマ
を	助詞,格助詞,一般,*,*,*,を,ヲ,ヲ
つかさどる	動詞,自立,*,*,五段・ラ行,基本形,つかさどる,ツカサドル,ツカサドル
人々	名詞,一般,*,*,*,*,人々,ヒトビト,ヒトビト
が	助詞,格助詞,一般,*,*,*,が,ガ,ガ
任じ	動詞,自立,*,*,一段,未然形,任じる,ニンジ,ニンジ
られ	動詞,接尾,*,*,一段,連用形,られる,ラレ,ラレ
，	記号,読点,*,*,*,*,，,，,，
祭司	名詞,一般,*,*,*,*,祭司,サイシ,サイシ
と	助詞,並立助詞,*,*,*,*,と,ト,ト
レビ	名詞,固有名詞,人名,姓,*,*,レビ,レビ,レビ
人	名詞,接尾,一般,*,*,*,人,ジン,ジン
の	助詞,連体化,*,*,*,*,の,ノ,ノ
ため	名詞,非自立,副詞可能,*,*,*,ため,タメ,タメ
に	助詞,格助詞,一般,*,*,*,に,ニ,ニ
律	名詞,一般,*,*,*,*,律,リツ,リツ
法	名詞,接尾,一般,*,*,*,法,ホウ,ホー
[	名詞,サ変接続,*,*,*,*,*
によって	助詞,格助詞,連語,*,*,*,によって,ニヨッテ,ニヨッテ
要求	名詞,サ変接続,*,*,*,*,要求,ヨウキュウ,ヨーキュー
さ	動詞,自立,*,*,サ変・スル,未然レル接続,する,サ,サ
れ	動詞,接尾,*,*,一段,連用形,れる,レ,レ
た	助動詞,*,*,*,特殊・タ,基本形,た,タ,タ
]	名詞,サ変接続,*,*,*,*,*
分	名詞,接尾,一般,*,*,*,分,ブン,ブン
を	助詞,格助詞,一般,*,*,*,を,ヲ,ヲ
諸	接頭詞,名詞接続,*,*,*,*,諸,ショ,ショ
都市	名詞,一般,*,*,*,*,都市,トシ,トシ
の	助詞,連体化,*,*,*,*,の,ノ,ノ
畑地	名詞,一般,*,*,*,*,畑地,ハタチ,ハタチ
から	助詞,格助詞,一般,*,*,*,から,カラ,カラ
そこ	名詞,代名詞,一般,*,*,*,そこ,ソコ,ソコ
に	助詞,格助詞,一般,*,*,*,に,ニ,ニ
集める	動詞,自立,*,*,一段,基本形,集める,アツメル,アツメル
こと	名詞,非自立,一般,*,*,*,こと,コト,コト
に	助詞,格助詞,一般,*,*,*,に,ニ,ニ
なっ	動詞,自立,*,*,五段・ラ行,連用タ接続,なる,ナッ,ナッ
た	助動詞,*,*,*,特殊・タ,基本形,た,タ,タ
。	記号,句点,*,*,*,*,。,。,。
これ	名詞,代名詞,一般,*,*,*,これ,コレ,コレ
は	助詞,係助詞,*,*,*,*,は,ハ,ワ
ユダ	名詞,一般,*,*,*,*,*
の	助詞,連体化,*,*,*,*,の,ノ,ノ
歓び	名詞,一般,*,*,*,*,歓び,ヨロコビ,ヨロコビ
が	助詞,格助詞,一般,*,*,*,が,ガ,ガ
，	記号,読点,*,*,*,*,，,，,，
仕え	動詞,自立,*,*,一段,連用形,仕える,ツカエ,ツカエ
て	助詞,接続助詞,*,*,*,*,て,テ,テ
いる	動詞,非自立,*,*,一段,基本形,いる,イル,イル
祭司	名詞,一般,*,*,*,*,祭司,サイシ,サイシ
と	助詞,並立助詞,*,*,*,*,と,ト,ト
レビ	名詞,固有名詞,人名,姓,*,*,レビ,レビ,レビ
人	名詞,接尾,一般,*,*,*,人,ジン,ジン
の	助詞,連体化,*,*,*,*,の,ノ,ノ
ため	名詞,非自立,副詞可能,*,*,*,ため,タメ,タメ
だっ	助動詞,*,*,*,特殊・ダ,連用タ接続,だ,ダッ,ダッ
た	助動詞,*,*,*,特殊・タ,基本形,た,タ,タ
から	助詞,接続助詞,*,*,*,*,から,カラ,カラ
で	助動詞,*,*,*,特殊・ダ,連用形,だ,デ,デ
ある	助動詞,*,*,*,五段・ラ行アル,基本形,ある,アル,アル
。	記号,句点,*,*,*,*,。,。,。
そして	接続詞,*,*,*,*,*,そして,ソシテ,ソシテ
彼ら	名詞,代名詞,一般,*,*,*,彼ら,カレラ,カレラ
は	助詞,係助詞,*,*,*,*,は,ハ,ワ
，	記号,読点,*,*,*,*,，,，,，
また	副詞,助詞類接続,*,*,*,*,また,マタ,マタ
歌う	動詞,自立,*,*,五段・ワ行促音便,基本形,歌う,ウタウ,ウタウ
たい	名詞,一般,*,*,*,*,たい,タイ,タイ
や	助詞,並立助詞,*,*,*,*,や,ヤ,ヤ
門衛	名詞,一般,*,*,*,*,門衛,モンエイ,モンエイ
たち	名詞,接尾,一般,*,*,*,たち,タチ,タチ
も	助詞,係助詞,*,*,*,*,も,モ,モ
また	接続詞,*,*,*,*,*,また,マタ,マタ
，	記号,読点,*,*,*,*,，,，,，
ダビデ	名詞,一般,*,*,*,*,*
[	名詞,サ変接続,*,*,*,*,*
と	助詞,並立助詞,*,*,*,*,と,ト,ト
]	名詞,サ変接続,*,*,*,*,*
その子	名詞,固有名詞,人名,名,*,*,その子,ソノコ,ソノコ
ソロモン	名詞,固有名詞,地域,国,*,*,ソロモン,ソロモン,ソロモン
の	助詞,連体化,*,*,*,*,の,ノ,ノ
命令	名詞,サ変接続,*,*,*,*,命令,メイレイ,メイレイ
に	助詞,格助詞,一般,*,*,*,に,ニ,ニ
したがっ	動詞,自立,*,*,五段・ワ行促音便,連用タ接続,したがう,シタガッ,シタガッ
て	助詞,接続助詞,*,*,*,*,て,テ,テ
，	記号,読点,*,*,*,*,，,，,，
彼ら	名詞,代名詞,一般,*,*,*,彼ら,カレラ,カレラ
の	助詞,連体化,*,*,*,*,の,ノ,ノ
神	名詞,一般,*,*,*,*,神,カミ,カミ
へ	助詞,格助詞,一般,*,*,*,へ,ヘ,エ
の	助詞,連体化,*,*,*,*,の,ノ,ノ
務め	名詞,一般,*,*,*,*,務め,ツトメ,ツトメ
と	助詞,並立助詞,*,*,*,*,と,ト,ト
浄	名詞,固有名詞,人名,名,*,*,浄,キヨシ,キヨシ
め	名詞,接尾,一般,*,*,*,め,メ,メ
の	助詞,連体化,*,*,*,*,の,ノ,ノ
務め	名詞,一般,*,*,*,*,務め,ツトメ,ツトメ
に	助詞,格助詞,一般,*,*,*,に,ニ,ニ
当たる	動詞,自立,*,*,五段・ラ行,基本形,当たる,アタル,アタル
よう	名詞,非自立,助動詞語幹,*,*,*,よう,ヨウ,ヨー
に	助詞,格助詞,一般,*,*,*,に,ニ,ニ
なっ	動詞,自立,*,*,五段・ラ行,連用タ接続,なる,ナッ,ナッ
た	助動詞,*,*,*,特殊・タ,基本形,た,タ,タ
。	記号,句点,*,*,*,*,。,。,。
昔	名詞,副詞可能,*,*,*,*,昔,ムカシ,ムカシ
，	記号,読点,*,*,*,*,，,，,，
ダビデ	名詞,一般,*,*,*,*,*
と	助詞,並立助詞,*,*,*,*,と,ト,ト
アサフ	名詞,一般,*,*,*,*,*
の	助詞,連体化,*,*,*,*,の,ノ,ノ
時代	名詞,一般,*,*,*,*,時代,ジダイ,ジダイ
に	助詞,格助詞,一般,*,*,*,に,ニ,ニ
は	助詞,係助詞,*,*,*,*,は,ハ,ワ
歌う	動詞,自立,*,*,五段・ワ行促音便,基本形,歌う,ウタウ,ウタウ
たい	名詞,一般,*,*,*,*,たい,タイ,タイ
たち	名詞,接尾,一般,*,*,*,たち,タチ,タチ
の	助詞,連体化,*,*,*,*,の,ノ,ノ
頭	名詞,一般,*,*,*,*,頭,アタマ,アタマ
が	助詞,格助詞,一般,*,*,*,が,ガ,ガ
おり	動詞,自立,*,*,五段・ラ行,連用形,おる,オリ,オリ
，	記号,読点,*,*,*,*,，,，,，
神	名詞,一般,*,*,*,*,神,カミ,カミ
へ	助詞,格助詞,一般,*,*,*,へ,ヘ,エ
の	助詞,連体化,*,*,*,*,の,ノ,ノ
賛美	名詞,サ変接続,*,*,*,*,賛美,サンビ,サンビ
の	助詞,連体化,*,*,*,*,の,ノ,ノ
歌	名詞,一般,*,*,*,*,歌,ウタ,ウタ
と	助詞,格助詞,一般,*,*,*,と,ト,ト
感謝	名詞,サ変接続,*,*,*,*,感謝,カンシャ,カンシャ
を	助詞,格助詞,一般,*,*,*,を,ヲ,ヲ
ささげる	動詞,自立,*,*,一段,基本形,ささげる,ササゲル,ササゲル
こと	名詞,非自立,一般,*,*,*,こと,コト,コト
が	助詞,格助詞,一般,*,*,*,が,ガ,ガ
なさ	動詞,自立,*,*,五段・サ行,未然形,なす,ナサ,ナサ
れ	動詞,接尾,*,*,一段,連用形,れる,レ,レ
て	助詞,接続助詞,*,*,*,*,て,テ,テ
い	動詞,非自立,*,*,一段,連用形,いる,イ,イ
た	助動詞,*,*,*,特殊・タ,基本形,た,タ,タ
の	名詞,非自立,一般,*,*,*,の,ノ,ノ
で	助動詞,*,*,*,特殊・ダ,連用形,だ,デ,デ
ある	助動詞,*,*,*,五段・ラ行アル,基本形,ある,アル,アル
。	記号,句点,*,*,*,*,。,。,。
そして	接続詞,*,*,*,*,*,そして,ソシテ,ソシテ
，	記号,読点,*,*,*,*,，,，,，
ゼルバベル	名詞,一般,*,*,*,*,*
の	助詞,連体化,*,*,*,*,の,ノ,ノ
時代	名詞,一般,*,*,*,*,時代,ジダイ,ジダイ
と	助詞,並立助詞,*,*,*,*,と,ト,ト
ネヘミヤ	名詞,一般,*,*,*,*,*
の	助詞,連体化,*,*,*,*,の,ノ,ノ
時代	名詞,一般,*,*,*,*,時代,ジダイ,ジダイ
中	名詞,接尾,副詞可能,*,*,*,中,チュウ,チュー
，	記号,読点,*,*,*,*,，,，,，
すべて	名詞,副詞可能,*,*,*,*,すべて,スベテ,スベテ
の	助詞,連体化,*,*,*,*,の,ノ,ノ
イスラエル	名詞,固有名詞,地域,国,*,*,イスラエル,イスラエル,イスラエル
[	名詞,サ変接続,*,*,*,*,*
の	助詞,連体化,*,*,*,*,の,ノ,ノ
人々	名詞,一般,*,*,*,*,人々,ヒトビト,ヒトビト
]	名詞,サ変接続,*,*,*,*,*
は	助詞,係助詞,*,*,*,*,は,ハ,ワ
日	名詞,固有名詞,地域,国,*,*,日,ニチ,ニチ
ごと	名詞,接尾,一般,*,*,*,ごと,ゴト,ゴト
の	助詞,連体化,*,*,*,*,の,ノ,ノ
必要	名詞,形容動詞語幹,*,*,*,*,必要,ヒツヨウ,ヒツヨー
に	助詞,副詞化,*,*,*,*,に,ニ,ニ
したがって	接続詞,*,*,*,*,*,したがって,シタガッテ,シタガッテ
歌う	動詞,自立,*,*,五段・ワ行促音便,基本形,歌う,ウタウ,ウタウ
たい	助動詞,*,*,*,特殊・タイ,基本形,たい,タイ,タイ
と	助詞,格助詞,引用,*,*,*,と,ト,ト
門衛	名詞,一般,*,*,*,*,門衛,モンエイ,モンエイ
の	助詞,連体化,*,*,*,*,の,ノ,ノ
分	名詞,サ変接続,*,*,*,*,分,ブン,ブン
を	助詞,格助詞,一般,*,*,*,を,ヲ,ヲ
与え	動詞,自立,*,*,一段,連用形,与える,アタエ,アタエ
，	記号,読点,*,*,*,*,，,，,，
また	接続詞,*,*,*,*,*,また,マタ,マタ
レビ	名詞,固有名詞,人名,姓,*,*,レビ,レビ,レビ
人	名詞,接尾,一般,*,*,*,人,ジン,ジン
に	助詞,格助詞,一般,*,*,*,に,ニ,ニ
[	名詞,サ変接続,*,*,*,*,*
これ	名詞,代名詞,一般,*,*,*,これ,コレ,コレ
を	助詞,格助詞,一般,*,*,*,を,ヲ,ヲ
]	名詞,サ変接続,*,*,*,*,*
神聖	名詞,形容動詞語幹,*,*,*,*,神聖,シンセイ,シンセイ
な	助動詞,*,*,*,特殊・ダ,体言接続,だ,ナ,ナ
もの	名詞,非自立,一般,*,*,*,もの,モノ,モノ
として	助詞,格助詞,連語,*,*,*,として,トシテ,トシテ
与え	動詞,自立,*,*,一段,連用形,与える,アタエ,アタエ
，	記号,読点,*,*,*,*,，,，,，
レビ	名詞,固有名詞,人名,姓,*,*,レビ,レビ,レビ
人	名詞,接尾,一般,*,*,*,人,ジン,ジン
は	助詞,係助詞,*,*,*,*,は,ハ,ワ
アロン	名詞,一般,*,*,*,*,アロン,アロン,アロン
の	助詞,連体化,*,*,*,*,の,ノ,ノ
子	名詞,一般,*,*,*,*,子,コ,コ
ら	名詞,接尾,一般,*,*,*,ら,ラ,ラ
に	助詞,格助詞,一般,*,*,*,に,ニ,ニ
[	名詞,サ変接続,*,*,*,*,*
これ	名詞,代名詞,一般,*,*,*,これ,コレ,コレ
を	助詞,格助詞,一般,*,*,*,を,ヲ,ヲ
]	名詞,サ変接続,*,*,*,*,*
神聖	名詞,形容動詞語幹,*,*,*,*,神聖,シンセイ,シンセイ
な	助動詞,*,*,*,特殊・ダ,体言接続,だ,ナ,ナ
もの	名詞,非自立,一般,*,*,*,もの,モノ,モノ
として	助詞,格助詞,連語,*,*,*,として,トシテ,トシテ
与え	動詞,自立,*,*,一段,連用形,与える,アタエ,アタエ
て	助詞,接続助詞,*,*,*,*,て,テ,テ
い	動詞,非自立,*,*,一段,連用形,いる,イ,イ
た	助動詞,*,*,*,特殊・タ,基本形,た,タ,タ
。	記号,句点,*,*,*,*,。,。,。
EOS
